using /home/chsu/rvp-workspace/test-64/riscof_work/pmulu.h.beo-01.S/ref/Reference-sail_c_simulator.signature for test-signature output.
tohost located at 0x80002000
Running file ref.elf.
ELF Entry @ 0x80000000
begin_signature: 0x80004110
end_signature: 0x80004460
CSR mstatus <- 0x0000000A00000000 (input: 0x0000000000000000)
mem[X,0x0000000000001000] -> 0x0297
mem[X,0x0000000000001002] -> 0x0000
[0] [M]: 0x0000000000001000 (0x00000297) auipc t0, 0x0
x5 <- 0x0000000000001000

mem[X,0x0000000000001004] -> 0x8593
mem[X,0x0000000000001006] -> 0x0202
[1] [M]: 0x0000000000001004 (0x02028593) addi a1, t0, 0x20
x11 <- 0x0000000000001020

mem[X,0x0000000000001008] -> 0x2573
mem[X,0x000000000000100A] -> 0xF140
[2] [M]: 0x0000000000001008 (0xF1402573) csrrs a0, mhartid, zero
CSR mhartid -> 0x0000000000000000
x10 <- 0x0000000000000000

mem[X,0x000000000000100C] -> 0xB283
mem[X,0x000000000000100E] -> 0x0182
[3] [M]: 0x000000000000100C (0x0182B283) ld t0, 0x18(t0)
mem[R,0x0000000000001018] -> 0x0000000080000000
x5 <- 0x0000000080000000

mem[X,0x0000000000001010] -> 0x8067
mem[X,0x0000000000001012] -> 0x0002
[4] [M]: 0x0000000000001010 (0x00028067) jalr zero, 0x0(t0)

mem[X,0x0000000080000000] -> 0x0837
mem[X,0x0000000080000002] -> 0x7D5C
[5] [M]: 0x0000000080000000 (0x7D5C0837) lui a6, 0x7d5c0
x16 <- 0x000000007D5C0000

mem[X,0x0000000080000004] -> 0x0813
mem[X,0x0000000080000006] -> 0xDDB8
[6] [M]: 0x0000000080000004 (0xDDB80813) addi a6, a6, -0x225
x16 <- 0x000000007D5BFDDB

mem[X,0x0000000080000008] -> 0x1813
mem[X,0x000000008000000A] -> 0x00B8
[7] [M]: 0x0000000080000008 (0x00B81813) slli a6, a6, 0xb
x16 <- 0x000003EADFEED800

mem[X,0x000000008000000C] -> 0x0813
mem[X,0x000000008000000E] -> 0x3EA8
[8] [M]: 0x000000008000000C (0x3EA80813) addi a6, a6, 0x3ea
x16 <- 0x000003EADFEEDBEA

mem[X,0x0000000080000010] -> 0x1813
mem[X,0x0000000080000012] -> 0x00B8
[9] [M]: 0x0000000080000010 (0x00B81813) slli a6, a6, 0xb
x16 <- 0x001F56FF76DF5000

mem[X,0x0000000080000014] -> 0x0813
mem[X,0x0000000080000016] -> 0x6FF8
[10] [M]: 0x0000000080000014 (0x6FF80813) addi a6, a6, 0x6ff
x16 <- 0x001F56FF76DF56FF

mem[X,0x0000000080000018] -> 0x1813
mem[X,0x000000008000001A] -> 0x00A8
[11] [M]: 0x0000000080000018 (0x00A81813) slli a6, a6, 0xa
x16 <- 0x7D5BFDDB7D5BFC00

mem[X,0x000000008000001C] -> 0x0813
mem[X,0x000000008000001E] -> 0x1DB8
[12] [M]: 0x000000008000001C (0x1DB80813) addi a6, a6, 0x1db
x16 <- 0x7D5BFDDB7D5BFDDB

mem[X,0x0000000080000020] -> 0x5893
mem[X,0x0000000080000022] -> 0x0078
[13] [M]: 0x0000000080000020 (0x00785893) srli a7, a6, 0x7
x17 <- 0x00FAB7FBB6FAB7FB

mem[X,0x0000000080000024] -> 0x5793
mem[X,0x0000000080000026] -> 0x0398
[14] [M]: 0x0000000080000024 (0x03985793) srli a5, a6, 0x39
x15 <- 0x000000000000003E

mem[X,0x0000000080000028] -> 0xE8B3
mem[X,0x000000008000002A] -> 0x00F8
[15] [M]: 0x0000000080000028 (0x00F8E8B3) or a7, a7, a5
x17 <- 0x00FAB7FBB6FAB7FF

mem[X,0x000000008000002C] -> 0xD913
mem[X,0x000000008000002E] -> 0x0078
[16] [M]: 0x000000008000002C (0x0078D913) srli s2, a7, 0x7
x18 <- 0x0001F56FF76DF56F

mem[X,0x0000000080000030] -> 0xD793
mem[X,0x0000000080000032] -> 0x0398
[17] [M]: 0x0000000080000030 (0x0398D793) srli a5, a7, 0x39
x15 <- 0x0000000000000000

mem[X,0x0000000080000034] -> 0x6933
mem[X,0x0000000080000036] -> 0x00F9
[18] [M]: 0x0000000080000034 (0x00F96933) or s2, s2, a5
x18 <- 0x0001F56FF76DF56F

mem[X,0x0000000080000038] -> 0x5993
mem[X,0x000000008000003A] -> 0x0079
[19] [M]: 0x0000000080000038 (0x00795993) srli s3, s2, 0x7
x19 <- 0x000003EADFEEDBEA

mem[X,0x000000008000003C] -> 0x5793
mem[X,0x000000008000003E] -> 0x0399
[20] [M]: 0x000000008000003C (0x03995793) srli a5, s2, 0x39
x15 <- 0x0000000000000000

mem[X,0x0000000080000040] -> 0xE9B3
mem[X,0x0000000080000042] -> 0x00F9
[21] [M]: 0x0000000080000040 (0x00F9E9B3) or s3, s3, a5
x19 <- 0x000003EADFEEDBEA

mem[X,0x0000000080000044] -> 0xDA13
mem[X,0x0000000080000046] -> 0x0079
[22] [M]: 0x0000000080000044 (0x0079DA13) srli s4, s3, 0x7
x20 <- 0x00000007D5BFDDB7

mem[X,0x0000000080000048] -> 0xD793
mem[X,0x000000008000004A] -> 0x0399
[23] [M]: 0x0000000080000048 (0x0399D793) srli a5, s3, 0x39
x15 <- 0x0000000000000000

mem[X,0x000000008000004C] -> 0x6A33
mem[X,0x000000008000004E] -> 0x00FA
[24] [M]: 0x000000008000004C (0x00FA6A33) or s4, s4, a5
x20 <- 0x00000007D5BFDDB7

mem[X,0x0000000080000050] -> 0x5A93
mem[X,0x0000000080000052] -> 0x007A
[25] [M]: 0x0000000080000050 (0x007A5A93) srli s5, s4, 0x7
x21 <- 0x000000000FAB7FBB

mem[X,0x0000000080000054] -> 0x5793
mem[X,0x0000000080000056] -> 0x039A
[26] [M]: 0x0000000080000054 (0x039A5793) srli a5, s4, 0x39
x15 <- 0x0000000000000000

mem[X,0x0000000080000058] -> 0xEAB3
mem[X,0x000000008000005A] -> 0x00FA
[27] [M]: 0x0000000080000058 (0x00FAEAB3) or s5, s5, a5
x21 <- 0x000000000FAB7FBB

mem[X,0x000000008000005C] -> 0xDB13
mem[X,0x000000008000005E] -> 0x007A
[28] [M]: 0x000000008000005C (0x007ADB13) srli s6, s5, 0x7
x22 <- 0x00000000001F56FF

mem[X,0x0000000080000060] -> 0xD793
mem[X,0x0000000080000062] -> 0x039A
[29] [M]: 0x0000000080000060 (0x039AD793) srli a5, s5, 0x39
x15 <- 0x0000000000000000

mem[X,0x0000000080000064] -> 0x6B33
mem[X,0x0000000080000066] -> 0x00FB
[30] [M]: 0x0000000080000064 (0x00FB6B33) or s6, s6, a5
x22 <- 0x00000000001F56FF

mem[X,0x0000000080000068] -> 0x5B93
mem[X,0x000000008000006A] -> 0x007B
[31] [M]: 0x0000000080000068 (0x007B5B93) srli s7, s6, 0x7
x23 <- 0x0000000000003EAD

mem[X,0x000000008000006C] -> 0x5793
mem[X,0x000000008000006E] -> 0x039B
[32] [M]: 0x000000008000006C (0x039B5793) srli a5, s6, 0x39
x15 <- 0x0000000000000000

mem[X,0x0000000080000070] -> 0xEBB3
mem[X,0x0000000080000072] -> 0x00FB
[33] [M]: 0x0000000080000070 (0x00FBEBB3) or s7, s7, a5
x23 <- 0x0000000000003EAD

mem[X,0x0000000080000074] -> 0xDC13
mem[X,0x0000000080000076] -> 0x007B
[34] [M]: 0x0000000080000074 (0x007BDC13) srli s8, s7, 0x7
x24 <- 0x000000000000007D

mem[X,0x0000000080000078] -> 0xD793
mem[X,0x000000008000007A] -> 0x039B
[35] [M]: 0x0000000080000078 (0x039BD793) srli a5, s7, 0x39
x15 <- 0x0000000000000000

mem[X,0x000000008000007C] -> 0x6C33
mem[X,0x000000008000007E] -> 0x00FC
[36] [M]: 0x000000008000007C (0x00FC6C33) or s8, s8, a5
x24 <- 0x000000000000007D

mem[X,0x0000000080000080] -> 0x5C93
mem[X,0x0000000080000082] -> 0x007C
[37] [M]: 0x0000000080000080 (0x007C5C93) srli s9, s8, 0x7
x25 <- 0x0000000000000000

mem[X,0x0000000080000084] -> 0x5793
mem[X,0x0000000080000086] -> 0x039C
[38] [M]: 0x0000000080000084 (0x039C5793) srli a5, s8, 0x39
x15 <- 0x0000000000000000

mem[X,0x0000000080000088] -> 0xECB3
mem[X,0x000000008000008A] -> 0x00FC
[39] [M]: 0x0000000080000088 (0x00FCECB3) or s9, s9, a5
x25 <- 0x0000000000000000

mem[X,0x000000008000008C] -> 0xDD13
mem[X,0x000000008000008E] -> 0x007C
[40] [M]: 0x000000008000008C (0x007CDD13) srli s10, s9, 0x7
x26 <- 0x0000000000000000

mem[X,0x0000000080000090] -> 0xD793
mem[X,0x0000000080000092] -> 0x039C
[41] [M]: 0x0000000080000090 (0x039CD793) srli a5, s9, 0x39
x15 <- 0x0000000000000000

mem[X,0x0000000080000094] -> 0x6D33
mem[X,0x0000000080000096] -> 0x00FD
[42] [M]: 0x0000000080000094 (0x00FD6D33) or s10, s10, a5
x26 <- 0x0000000000000000

mem[X,0x0000000080000098] -> 0x5D93
mem[X,0x000000008000009A] -> 0x007D
[43] [M]: 0x0000000080000098 (0x007D5D93) srli s11, s10, 0x7
x27 <- 0x0000000000000000

mem[X,0x000000008000009C] -> 0x5793
mem[X,0x000000008000009E] -> 0x039D
[44] [M]: 0x000000008000009C (0x039D5793) srli a5, s10, 0x39
x15 <- 0x0000000000000000

mem[X,0x00000000800000A0] -> 0xEDB3
mem[X,0x00000000800000A2] -> 0x00FD
[45] [M]: 0x00000000800000A0 (0x00FDEDB3) or s11, s11, a5
x27 <- 0x0000000000000000

mem[X,0x00000000800000A4] -> 0xDE13
mem[X,0x00000000800000A6] -> 0x007D
[46] [M]: 0x00000000800000A4 (0x007DDE13) srli t3, s11, 0x7
x28 <- 0x0000000000000000

mem[X,0x00000000800000A8] -> 0xD793
mem[X,0x00000000800000AA] -> 0x039D
[47] [M]: 0x00000000800000A8 (0x039DD793) srli a5, s11, 0x39
x15 <- 0x0000000000000000

mem[X,0x00000000800000AC] -> 0x6E33
mem[X,0x00000000800000AE] -> 0x00FE
[48] [M]: 0x00000000800000AC (0x00FE6E33) or t3, t3, a5
x28 <- 0x0000000000000000

mem[X,0x00000000800000B0] -> 0x5E93
mem[X,0x00000000800000B2] -> 0x007E
[49] [M]: 0x00000000800000B0 (0x007E5E93) srli t4, t3, 0x7
x29 <- 0x0000000000000000

mem[X,0x00000000800000B4] -> 0x5793
mem[X,0x00000000800000B6] -> 0x039E
[50] [M]: 0x00000000800000B4 (0x039E5793) srli a5, t3, 0x39
x15 <- 0x0000000000000000

mem[X,0x00000000800000B8] -> 0xEEB3
mem[X,0x00000000800000BA] -> 0x00FE
[51] [M]: 0x00000000800000B8 (0x00FEEEB3) or t4, t4, a5
x29 <- 0x0000000000000000

mem[X,0x00000000800000BC] -> 0xDF13
mem[X,0x00000000800000BE] -> 0x007E
[52] [M]: 0x00000000800000BC (0x007EDF13) srli t5, t4, 0x7
x30 <- 0x0000000000000000

mem[X,0x00000000800000C0] -> 0xD793
mem[X,0x00000000800000C2] -> 0x039E
[53] [M]: 0x00000000800000C0 (0x039ED793) srli a5, t4, 0x39
x15 <- 0x0000000000000000

mem[X,0x00000000800000C4] -> 0x6F33
mem[X,0x00000000800000C6] -> 0x00FF
[54] [M]: 0x00000000800000C4 (0x00FF6F33) or t5, t5, a5
x30 <- 0x0000000000000000

mem[X,0x00000000800000C8] -> 0xC0B7
mem[X,0x00000000800000CA] -> 0xFEED
[55] [M]: 0x00000000800000C8 (0xFEEDC0B7) lui ra, -0x1124
x1 <- 0xFFFFFFFFFEEDC000

mem[X,0x00000000800000CC] -> 0x8093
mem[X,0x00000000800000CE] -> 0xEAD0
[56] [M]: 0x00000000800000CC (0xEAD08093) addi ra, ra, -0x153
x1 <- 0xFFFFFFFFFEEDBEAD

mem[X,0x00000000800000D0] -> 0x9093
mem[X,0x00000000800000D2] -> 0x00B0
[57] [M]: 0x00000000800000D0 (0x00B09093) slli ra, ra, 0xb
x1 <- 0xFFFFFFF76DF56800

mem[X,0x00000000800000D4] -> 0x8093
mem[X,0x00000000800000D6] -> 0x7F70
[58] [M]: 0x00000000800000D4 (0x7F708093) addi ra, ra, 0x7f7
x1 <- 0xFFFFFFF76DF56FF7

mem[X,0x00000000800000D8] -> 0x9093
mem[X,0x00000000800000DA] -> 0x00B0
[59] [M]: 0x00000000800000D8 (0x00B09093) slli ra, ra, 0xb
x1 <- 0xFFFFBB6FAB7FB800

mem[X,0x00000000800000DC] -> 0x8093
mem[X,0x00000000800000DE] -> 0x36F0
[60] [M]: 0x00000000800000DC (0x36F08093) addi ra, ra, 0x36f
x1 <- 0xFFFFBB6FAB7FBB6F

mem[X,0x00000000800000E0] -> 0x9093
mem[X,0x00000000800000E2] -> 0x00A0
[61] [M]: 0x00000000800000E0 (0x00A09093) slli ra, ra, 0xa
x1 <- 0xFEEDBEADFEEDBC00

mem[X,0x00000000800000E4] -> 0x8093
mem[X,0x00000000800000E6] -> 0x2AD0
[62] [M]: 0x00000000800000E4 (0x2AD08093) addi ra, ra, 0x2ad
x1 <- 0xFEEDBEADFEEDBEAD

mem[X,0x00000000800000E8] -> 0xD113
mem[X,0x00000000800000EA] -> 0x0070
[63] [M]: 0x00000000800000E8 (0x0070D113) srli sp, ra, 0x7
x2 <- 0x01FDDB7D5BFDDB7D

mem[X,0x00000000800000EC] -> 0xD793
mem[X,0x00000000800000EE] -> 0x0390
[64] [M]: 0x00000000800000EC (0x0390D793) srli a5, ra, 0x39
x15 <- 0x000000000000007F

mem[X,0x00000000800000F0] -> 0x6133
mem[X,0x00000000800000F2] -> 0x00F1
[65] [M]: 0x00000000800000F0 (0x00F16133) or sp, sp, a5
x2 <- 0x01FDDB7D5BFDDB7F

mem[X,0x00000000800000F4] -> 0x5193
mem[X,0x00000000800000F6] -> 0x0071
[66] [M]: 0x00000000800000F4 (0x00715193) srli gp, sp, 0x7
x3 <- 0x0003FBB6FAB7FBB6

mem[X,0x00000000800000F8] -> 0x5793
mem[X,0x00000000800000FA] -> 0x0391
[67] [M]: 0x00000000800000F8 (0x03915793) srli a5, sp, 0x39
x15 <- 0x0000000000000000

mem[X,0x00000000800000FC] -> 0xE1B3
mem[X,0x00000000800000FE] -> 0x00F1
[68] [M]: 0x00000000800000FC (0x00F1E1B3) or gp, gp, a5
x3 <- 0x0003FBB6FAB7FBB6

mem[X,0x0000000080000100] -> 0xD213
mem[X,0x0000000080000102] -> 0x0071
[69] [M]: 0x0000000080000100 (0x0071D213) srli tp, gp, 0x7
x4 <- 0x000007F76DF56FF7

mem[X,0x0000000080000104] -> 0xD793
mem[X,0x0000000080000106] -> 0x0391
[70] [M]: 0x0000000080000104 (0x0391D793) srli a5, gp, 0x39
x15 <- 0x0000000000000000

mem[X,0x0000000080000108] -> 0x6233
mem[X,0x000000008000010A] -> 0x00F2
[71] [M]: 0x0000000080000108 (0x00F26233) or tp, tp, a5
x4 <- 0x000007F76DF56FF7

mem[X,0x000000008000010C] -> 0x5293
mem[X,0x000000008000010E] -> 0x0072
[72] [M]: 0x000000008000010C (0x00725293) srli t0, tp, 0x7
x5 <- 0x0000000FEEDBEADF

mem[X,0x0000000080000110] -> 0x5793
mem[X,0x0000000080000112] -> 0x0392
[73] [M]: 0x0000000080000110 (0x03925793) srli a5, tp, 0x39
x15 <- 0x0000000000000000

mem[X,0x0000000080000114] -> 0xE2B3
mem[X,0x0000000080000116] -> 0x00F2
[74] [M]: 0x0000000080000114 (0x00F2E2B3) or t0, t0, a5
x5 <- 0x0000000FEEDBEADF

mem[X,0x0000000080000118] -> 0xD313
mem[X,0x000000008000011A] -> 0x0072
[75] [M]: 0x0000000080000118 (0x0072D313) srli t1, t0, 0x7
x6 <- 0x000000001FDDB7D5

mem[X,0x000000008000011C] -> 0xD793
mem[X,0x000000008000011E] -> 0x0392
[76] [M]: 0x000000008000011C (0x0392D793) srli a5, t0, 0x39
x15 <- 0x0000000000000000

mem[X,0x0000000080000120] -> 0x6333
mem[X,0x0000000080000122] -> 0x00F3
[77] [M]: 0x0000000080000120 (0x00F36333) or t1, t1, a5
x6 <- 0x000000001FDDB7D5

mem[X,0x0000000080000124] -> 0x5393
mem[X,0x0000000080000126] -> 0x0073
[78] [M]: 0x0000000080000124 (0x00735393) srli t2, t1, 0x7
x7 <- 0x00000000003FBB6F

mem[X,0x0000000080000128] -> 0x5793
mem[X,0x000000008000012A] -> 0x0393
[79] [M]: 0x0000000080000128 (0x03935793) srli a5, t1, 0x39
x15 <- 0x0000000000000000

mem[X,0x000000008000012C] -> 0xE3B3
mem[X,0x000000008000012E] -> 0x00F3
[80] [M]: 0x000000008000012C (0x00F3E3B3) or t2, t2, a5
x7 <- 0x00000000003FBB6F

mem[X,0x0000000080000130] -> 0xD413
mem[X,0x0000000080000132] -> 0x0073
[81] [M]: 0x0000000080000130 (0x0073D413) srli fp, t2, 0x7
x8 <- 0x0000000000007F76

mem[X,0x0000000080000134] -> 0xD793
mem[X,0x0000000080000136] -> 0x0393
[82] [M]: 0x0000000080000134 (0x0393D793) srli a5, t2, 0x39
x15 <- 0x0000000000000000

mem[X,0x0000000080000138] -> 0x6433
mem[X,0x000000008000013A] -> 0x00F4
[83] [M]: 0x0000000080000138 (0x00F46433) or fp, fp, a5
x8 <- 0x0000000000007F76

mem[X,0x000000008000013C] -> 0x5493
mem[X,0x000000008000013E] -> 0x0074
[84] [M]: 0x000000008000013C (0x00745493) srli s1, fp, 0x7
x9 <- 0x00000000000000FE

mem[X,0x0000000080000140] -> 0x5793
mem[X,0x0000000080000142] -> 0x0394
[85] [M]: 0x0000000080000140 (0x03945793) srli a5, fp, 0x39
x15 <- 0x0000000000000000

mem[X,0x0000000080000144] -> 0xE4B3
mem[X,0x0000000080000146] -> 0x00F4
[86] [M]: 0x0000000080000144 (0x00F4E4B3) or s1, s1, a5
x9 <- 0x00000000000000FE

mem[X,0x0000000080000148] -> 0xD513
mem[X,0x000000008000014A] -> 0x0074
[87] [M]: 0x0000000080000148 (0x0074D513) srli a0, s1, 0x7
x10 <- 0x0000000000000001

mem[X,0x000000008000014C] -> 0xD793
mem[X,0x000000008000014E] -> 0x0394
[88] [M]: 0x000000008000014C (0x0394D793) srli a5, s1, 0x39
x15 <- 0x0000000000000000

mem[X,0x0000000080000150] -> 0x6533
mem[X,0x0000000080000152] -> 0x00F5
[89] [M]: 0x0000000080000150 (0x00F56533) or a0, a0, a5
x10 <- 0x0000000000000001

mem[X,0x0000000080000154] -> 0x5593
mem[X,0x0000000080000156] -> 0x0075
[90] [M]: 0x0000000080000154 (0x00755593) srli a1, a0, 0x7
x11 <- 0x0000000000000000

mem[X,0x0000000080000158] -> 0x5793
mem[X,0x000000008000015A] -> 0x0395
[91] [M]: 0x0000000080000158 (0x03955793) srli a5, a0, 0x39
x15 <- 0x0000000000000000

mem[X,0x000000008000015C] -> 0xE5B3
mem[X,0x000000008000015E] -> 0x00F5
[92] [M]: 0x000000008000015C (0x00F5E5B3) or a1, a1, a5
x11 <- 0x0000000000000000

mem[X,0x0000000080000160] -> 0xD613
mem[X,0x0000000080000162] -> 0x0075
[93] [M]: 0x0000000080000160 (0x0075D613) srli a2, a1, 0x7
x12 <- 0x0000000000000000

mem[X,0x0000000080000164] -> 0xD793
mem[X,0x0000000080000166] -> 0x0395
[94] [M]: 0x0000000080000164 (0x0395D793) srli a5, a1, 0x39
x15 <- 0x0000000000000000

mem[X,0x0000000080000168] -> 0x6633
mem[X,0x000000008000016A] -> 0x00F6
[95] [M]: 0x0000000080000168 (0x00F66633) or a2, a2, a5
x12 <- 0x0000000000000000

mem[X,0x000000008000016C] -> 0x5693
mem[X,0x000000008000016E] -> 0x0076
[96] [M]: 0x000000008000016C (0x00765693) srli a3, a2, 0x7
x13 <- 0x0000000000000000

mem[X,0x0000000080000170] -> 0x5793
mem[X,0x0000000080000172] -> 0x0396
[97] [M]: 0x0000000080000170 (0x03965793) srli a5, a2, 0x39
x15 <- 0x0000000000000000

mem[X,0x0000000080000174] -> 0xE6B3
mem[X,0x0000000080000176] -> 0x00F6
[98] [M]: 0x0000000080000174 (0x00F6E6B3) or a3, a3, a5
x13 <- 0x0000000000000000

mem[X,0x0000000080000178] -> 0x0013
mem[X,0x000000008000017A] -> 0x0000
[99] [M]: 0x0000000080000178 (0x00000013) addi zero, zero, 0x0

clint::tick mtime <- 0x0000000000000001
 clint timer pending at mtime 0x0000000000000001
htif::tick 0x0000000000000000
mem[X,0x000000008000017C] -> 0x0013
mem[X,0x000000008000017E] -> 0x0000
[100] [M]: 0x000000008000017C (0x00000013) addi zero, zero, 0x0

mem[X,0x0000000080000180] -> 0x4217
mem[X,0x0000000080000182] -> 0x0000
[101] [M]: 0x0000000080000180 (0x00004217) auipc tp, 0x4
x4 <- 0x0000000080004180

mem[X,0x0000000080000184] -> 0x0213
mem[X,0x0000000080000186] -> 0xF982
[102] [M]: 0x0000000080000184 (0xF9820213) addi tp, tp, -0x68
x4 <- 0x0000000080004118

mem[X,0x0000000080000188] -> 0x0013
mem[X,0x000000008000018A] -> 0x0000
[103] [M]: 0x0000000080000188 (0x00000013) addi zero, zero, 0x0

mem[X,0x000000008000018C] -> 0x0013
mem[X,0x000000008000018E] -> 0x0000
[104] [M]: 0x000000008000018C (0x00000013) addi zero, zero, 0x0

mem[X,0x0000000080000190] -> 0x0013
mem[X,0x0000000080000192] -> 0x0000
[105] [M]: 0x0000000080000190 (0x00000013) addi zero, zero, 0x0

mem[X,0x0000000080000194] -> 0x0013
mem[X,0x0000000080000196] -> 0x0000
[106] [M]: 0x0000000080000194 (0x00000013) addi zero, zero, 0x0

mem[X,0x0000000080000198] -> 0x0013
mem[X,0x000000008000019A] -> 0x0000
[107] [M]: 0x0000000080000198 (0x00000013) addi zero, zero, 0x0

mem[X,0x000000008000019C] -> 0x0013
mem[X,0x000000008000019E] -> 0x0000
[108] [M]: 0x000000008000019C (0x00000013) addi zero, zero, 0x0

mem[X,0x00000000800001A0] -> 0x0CB7
mem[X,0x00000000800001A2] -> 0x0011
[109] [M]: 0x00000000800001A0 (0x00110CB7) lui s9, 0x110
x25 <- 0x0000000000110000

mem[X,0x00000000800001A4] -> 0x8C93
mem[X,0x00000000800001A6] -> 0xFF7C
[110] [M]: 0x00000000800001A4 (0xFF7C8C93) addi s9, s9, -0x9
x25 <- 0x000000000010FFF7

mem[X,0x00000000800001A8] -> 0x9C93
mem[X,0x00000000800001AA] -> 0x00BC
[111] [M]: 0x00000000800001A8 (0x00BC9C93) slli s9, s9, 0xb
x25 <- 0x0000000087FFB800

mem[X,0x00000000800001AC] -> 0x8C93
mem[X,0x00000000800001AE] -> 0x7FFC
[112] [M]: 0x00000000800001AC (0x7FFC8C93) addi s9, s9, 0x7ff
x25 <- 0x0000000087FFBFFF

mem[X,0x00000000800001B0] -> 0x9C93
mem[X,0x00000000800001B2] -> 0x00BC
[113] [M]: 0x00000000800001B0 (0x00BC9C93) slli s9, s9, 0xb
x25 <- 0x0000043FFDFFF800

mem[X,0x00000000800001B4] -> 0x8C93
mem[X,0x00000000800001B6] -> 0x620C
[114] [M]: 0x00000000800001B4 (0x620C8C93) addi s9, s9, 0x620
x25 <- 0x0000043FFDFFFE20

mem[X,0x00000000800001B8] -> 0x9C93
mem[X,0x00000000800001BA] -> 0x00AC
[115] [M]: 0x00000000800001B8 (0x00AC9C93) slli s9, s9, 0xa
x25 <- 0x0010FFF7FFF88000

mem[X,0x00000000800001BC] -> 0x41B7
mem[X,0x00000000800001BE] -> 0x0100
[116] [M]: 0x00000000800001BC (0x010041B7) lui gp, 0x1004
x3 <- 0x0000000001004000

mem[X,0x00000000800001C0] -> 0x8193
mem[X,0x00000000800001C2] -> 0xFFF1
[117] [M]: 0x00000000800001C0 (0xFFF18193) addi gp, gp, -0x1
x3 <- 0x0000000001003FFF

mem[X,0x00000000800001C4] -> 0x9193
mem[X,0x00000000800001C6] -> 0x00B1
[118] [M]: 0x00000000800001C4 (0x00B19193) slli gp, gp, 0xb
x3 <- 0x0000000801FFF800

mem[X,0x00000000800001C8] -> 0x8193
mem[X,0x00000000800001CA] -> 0x1001
[119] [M]: 0x00000000800001C8 (0x10018193) addi gp, gp, 0x100
x3 <- 0x0000000801FFF900

mem[X,0x00000000800001CC] -> 0x9193
mem[X,0x00000000800001CE] -> 0x00B1
[120] [M]: 0x00000000800001CC (0x00B19193) slli gp, gp, 0xb
x3 <- 0x0000400FFFC80000

mem[X,0x00000000800001D0] -> 0x8193
mem[X,0x00000000800001D2] -> 0x03F1
[121] [M]: 0x00000000800001D0 (0x03F18193) addi gp, gp, 0x3f
x3 <- 0x0000400FFFC8003F

mem[X,0x00000000800001D4] -> 0x9193
mem[X,0x00000000800001D6] -> 0x00A1
[122] [M]: 0x00000000800001D4 (0x00A19193) slli gp, gp, 0xa
x3 <- 0x01003FFF2000FC00

mem[X,0x00000000800001D8] -> 0x8193
mem[X,0x00000000800001DA] -> 0x3FC1
[123] [M]: 0x00000000800001D8 (0x3FC18193) addi gp, gp, 0x3fc
x3 <- 0x01003FFF2000FFFC

mem[X,0x00000000800001DC] -> 0x91BB
mem[X,0x00000000800001DE] -> 0xB03C
[124] [M]: 0x00000000800001DC (0xB03C91BB) pmulu.h.beo gp, s9, gp
x3 <- 0x00103CC91F000000

mem[X,0x00000000800001E0] -> 0x3023
mem[X,0x00000000800001E2] -> 0x0032
[125] [M]: 0x00000000800001E0 (0x00323023) sd gp, 0x0(tp)
mem[0x0000000080004118] <- 0x00103CC91F000000

mem[X,0x00000000800001E4] -> 0x0537
mem[X,0x00000000800001E6] -> 0xFFF9
[126] [M]: 0x00000000800001E4 (0xFFF90537) lui a0, -0x70
x10 <- 0xFFFFFFFFFFF90000

mem[X,0x00000000800001E8] -> 0x0513
mem[X,0x00000000800001EA] -> 0xFF85
[127] [M]: 0x00000000800001E8 (0xFF850513) addi a0, a0, -0x8
x10 <- 0xFFFFFFFFFFF8FFF8

mem[X,0x00000000800001EC] -> 0x1513
mem[X,0x00000000800001EE] -> 0x00B5
[128] [M]: 0x00000000800001EC (0x00B51513) slli a0, a0, 0xb
x10 <- 0xFFFFFFFFC7FFC000

mem[X,0x00000000800001F0] -> 0x0513
mem[X,0x00000000800001F2] -> 0x7FF5
[129] [M]: 0x00000000800001F0 (0x7FF50513) addi a0, a0, 0x7ff
x10 <- 0xFFFFFFFFC7FFC7FF

mem[X,0x00000000800001F4] -> 0x1513
mem[X,0x00000000800001F6] -> 0x00B5
[130] [M]: 0x00000000800001F4 (0x00B51513) slli a0, a0, 0xb
x10 <- 0xFFFFFE3FFE3FF800

mem[X,0x00000000800001F8] -> 0x0513
mem[X,0x00000000800001FA] -> 0x6FF5
[131] [M]: 0x00000000800001F8 (0x6FF50513) addi a0, a0, 0x6ff
x10 <- 0xFFFFFE3FFE3FFEFF

mem[X,0x00000000800001FC] -> 0x1513
mem[X,0x00000000800001FE] -> 0x00A5
[132] [M]: 0x00000000800001FC (0x00A51513) slli a0, a0, 0xa
x10 <- 0xFFF8FFF8FFFBFC00

mem[X,0x0000000080000200] -> 0x0513
mem[X,0x0000000080000202] -> 0x3FF5
[133] [M]: 0x0000000080000200 (0x3FF50513) addi a0, a0, 0x3ff
x10 <- 0xFFF8FFF8FFFBFFFF

mem[X,0x0000000080000204] -> 0x0B37
mem[X,0x0000000080000206] -> 0x0081
[134] [M]: 0x0000000080000204 (0x00810B37) lui s6, 0x810
x22 <- 0x0000000000810000

mem[X,0x0000000080000208] -> 0x0B13
mem[X,0x000000008000020A] -> 0xF7FB
[135] [M]: 0x0000000080000208 (0xF7FB0B13) addi s6, s6, -0x81
x22 <- 0x000000000080FF7F

mem[X,0x000000008000020C] -> 0x1B13
mem[X,0x000000008000020E] -> 0x00BB
[136] [M]: 0x000000008000020C (0x00BB1B13) slli s6, s6, 0xb
x22 <- 0x0000000407FBF800

mem[X,0x0000000080000210] -> 0x0B13
mem[X,0x0000000080000212] -> 0x7FFB
[137] [M]: 0x0000000080000210 (0x7FFB0B13) addi s6, s6, 0x7ff
x22 <- 0x0000000407FBFFFF

mem[X,0x0000000080000214] -> 0x1B13
mem[X,0x0000000080000216] -> 0x00BB
[138] [M]: 0x0000000080000214 (0x00BB1B13) slli s6, s6, 0xb
x22 <- 0x0000203FDFFFF800

mem[X,0x0000000080000218] -> 0x0B13
mem[X,0x000000008000021A] -> 0x7FFB
[139] [M]: 0x0000000080000218 (0x7FFB0B13) addi s6, s6, 0x7ff
x22 <- 0x0000203FDFFFFFFF

mem[X,0x000000008000021C] -> 0x1B13
mem[X,0x000000008000021E] -> 0x00AB
[140] [M]: 0x000000008000021C (0x00AB1B13) slli s6, s6, 0xa
x22 <- 0x0080FF7FFFFFFC00

mem[X,0x0000000080000220] -> 0x0B13
mem[X,0x0000000080000222] -> 0x3FFB
[141] [M]: 0x0000000080000220 (0x3FFB0B13) addi s6, s6, 0x3ff
x22 <- 0x0080FF7FFFFFFFFF

mem[X,0x0000000080000224] -> 0x1BBB
mem[X,0x0000000080000226] -> 0xB165
[142] [M]: 0x0000000080000224 (0xB1651BBB) pmulu.h.beo s7, a0, s6
x23 <- 0x0000F708FA05FE01

mem[X,0x0000000080000228] -> 0x3423
mem[X,0x000000008000022A] -> 0x0172
[143] [M]: 0x0000000080000228 (0x01723423) sd s7, 0x8(tp)
mem[0x0000000080004120] <- 0x0000F708FA05FE01

mem[X,0x000000008000022C] -> 0x0D37
mem[X,0x000000008000022E] -> 0x0021
[144] [M]: 0x000000008000022C (0x00210D37) lui s10, 0x210
x26 <- 0x0000000000210000

mem[X,0x0000000080000230] -> 0x0D13
mem[X,0x0000000080000232] -> 0xFF9D
[145] [M]: 0x0000000080000230 (0xFF9D0D13) addi s10, s10, -0x7
x26 <- 0x000000000020FFF9

mem[X,0x0000000080000234] -> 0x1D13
mem[X,0x0000000080000236] -> 0x00BD
[146] [M]: 0x0000000080000234 (0x00BD1D13) slli s10, s10, 0xb
x26 <- 0x0000000107FFC800

mem[X,0x0000000080000238] -> 0x0D13
mem[X,0x000000008000023A] -> 0x002D
[147] [M]: 0x0000000080000238 (0x002D0D13) addi s10, s10, 0x2
x26 <- 0x0000000107FFC802

mem[X,0x000000008000023C] -> 0x1D13
mem[X,0x000000008000023E] -> 0x00BD
[148] [M]: 0x000000008000023C (0x00BD1D13) slli s10, s10, 0xb
x26 <- 0x0000083FFE401000

mem[X,0x0000000080000240] -> 0x0D13
mem[X,0x0000000080000242] -> 0x000D
[149] [M]: 0x0000000080000240 (0x000D0D13) addi s10, s10, 0x0
x26 <- 0x0000083FFE401000

mem[X,0x0000000080000244] -> 0x1D13
mem[X,0x0000000080000246] -> 0x00AD
[150] [M]: 0x0000000080000244 (0x00AD1D13) slli s10, s10, 0xa
x26 <- 0x0020FFF900400000

mem[X,0x0000000080000248] -> 0x05B7
mem[X,0x000000008000024A] -> 0x0006
[151] [M]: 0x0000000080000248 (0x000605B7) lui a1, 0x60
x11 <- 0x0000000000060000

mem[X,0x000000008000024C] -> 0x8593
mem[X,0x000000008000024E] -> 0x0105
[152] [M]: 0x000000008000024C (0x01058593) addi a1, a1, 0x10
x11 <- 0x0000000000060010

mem[X,0x0000000080000250] -> 0x9593
mem[X,0x0000000080000252] -> 0x00B5
[153] [M]: 0x0000000080000250 (0x00B59593) slli a1, a1, 0xb
x11 <- 0x0000000030008000

mem[X,0x0000000080000254] -> 0x8593
mem[X,0x0000000080000256] -> 0x0005
[154] [M]: 0x0000000080000254 (0x00058593) addi a1, a1, 0x0
x11 <- 0x0000000030008000

mem[X,0x0000000080000258] -> 0x9593
mem[X,0x000000008000025A] -> 0x00B5
[155] [M]: 0x0000000080000258 (0x00B59593) slli a1, a1, 0xb
x11 <- 0x0000018004000000

mem[X,0x000000008000025C] -> 0x8593
mem[X,0x000000008000025E] -> 0x0BF5
[156] [M]: 0x000000008000025C (0x0BF58593) addi a1, a1, 0xbf
x11 <- 0x00000180040000BF

mem[X,0x0000000080000260] -> 0x9593
mem[X,0x0000000080000262] -> 0x00A5
[157] [M]: 0x0000000080000260 (0x00A59593) slli a1, a1, 0xa
x11 <- 0x000600100002FC00

mem[X,0x0000000080000264] -> 0x8593
mem[X,0x0000000080000266] -> 0x37F5
[158] [M]: 0x0000000080000264 (0x37F58593) addi a1, a1, 0x37f
x11 <- 0x000600100002FF7F

mem[X,0x0000000080000268] -> 0x1D3B
mem[X,0x000000008000026A] -> 0xB0BD
[159] [M]: 0x0000000080000268 (0xB0BD1D3B) pmulu.h.beo s10, s10, a1
x26 <- 0x0000000000000000

mem[X,0x000000008000026C] -> 0x3823
mem[X,0x000000008000026E] -> 0x01A2
[160] [M]: 0x000000008000026C (0x01A23823) sd s10, 0x10(tp)
mem[0x0000000080004128] <- 0x0000000000000000

mem[X,0x0000000080000270] -> 0x53B7
mem[X,0x0000000080000272] -> 0x0400
[161] [M]: 0x0000000080000270 (0x040053B7) lui t2, 0x4005
x7 <- 0x0000000004005000

mem[X,0x0000000080000274] -> 0x8393
mem[X,0x0000000080000276] -> 0x5553
[162] [M]: 0x0000000080000274 (0x55538393) addi t2, t2, 0x555
x7 <- 0x0000000004005555

mem[X,0x0000000080000278] -> 0x9393
mem[X,0x000000008000027A] -> 0x00B3
[163] [M]: 0x0000000080000278 (0x00B39393) slli t2, t2, 0xb
x7 <- 0x0000002002AAA800

mem[X,0x000000008000027C] -> 0x8393
mem[X,0x000000008000027E] -> 0x7FF3
[164] [M]: 0x000000008000027C (0x7FF38393) addi t2, t2, 0x7ff
x7 <- 0x0000002002AAAFFF

mem[X,0x0000000080000280] -> 0x9393
mem[X,0x0000000080000282] -> 0x00B3
[165] [M]: 0x0000000080000280 (0x00B39393) slli t2, t2, 0xb
x7 <- 0x00010015557FF800

mem[X,0x0000000080000284] -> 0x8393
mem[X,0x0000000080000286] -> 0x6803
[166] [M]: 0x0000000080000284 (0x68038393) addi t2, t2, 0x680
x7 <- 0x00010015557FFE80

mem[X,0x0000000080000288] -> 0x9393
mem[X,0x000000008000028A] -> 0x00A3
[167] [M]: 0x0000000080000288 (0x00A39393) slli t2, t2, 0xa
x7 <- 0x04005555FFFA0000

mem[X,0x000000008000028C] -> 0x8393
mem[X,0x000000008000028E] -> 0x0013
[168] [M]: 0x000000008000028C (0x00138393) addi t2, t2, 0x1
x7 <- 0x04005555FFFA0001

mem[X,0x0000000080000290] -> 0x03B7
mem[X,0x0000000080000292] -> 0x0005
[169] [M]: 0x0000000080000290 (0x000503B7) lui t2, 0x50
x7 <- 0x0000000000050000

mem[X,0x0000000080000294] -> 0x8393
mem[X,0x0000000080000296] -> 0x2003
[170] [M]: 0x0000000080000294 (0x20038393) addi t2, t2, 0x200
x7 <- 0x0000000000050200

mem[X,0x0000000080000298] -> 0x9393
mem[X,0x000000008000029A] -> 0x00B3
[171] [M]: 0x0000000080000298 (0x00B39393) slli t2, t2, 0xb
x7 <- 0x0000000028100000

mem[X,0x000000008000029C] -> 0x8393
mem[X,0x000000008000029E] -> 0x0103
[172] [M]: 0x000000008000029C (0x01038393) addi t2, t2, 0x10
x7 <- 0x0000000028100010

mem[X,0x00000000800002A0] -> 0x9393
mem[X,0x00000000800002A2] -> 0x00B3
[173] [M]: 0x00000000800002A0 (0x00B39393) slli t2, t2, 0xb
x7 <- 0x0000014080008000

mem[X,0x00000000800002A4] -> 0x8393
mem[X,0x00000000800002A6] -> 0x03F3
[174] [M]: 0x00000000800002A4 (0x03F38393) addi t2, t2, 0x3f
x7 <- 0x000001408000803F

mem[X,0x00000000800002A8] -> 0x9393
mem[X,0x00000000800002AA] -> 0x00A3
[175] [M]: 0x00000000800002A8 (0x00A39393) slli t2, t2, 0xa
x7 <- 0x000502000200FC00

mem[X,0x00000000800002AC] -> 0x8393
mem[X,0x00000000800002AE] -> 0x3DF3
[176] [M]: 0x00000000800002AC (0x3DF38393) addi t2, t2, 0x3df
x7 <- 0x000502000200FFDF

mem[X,0x00000000800002B0] -> 0x93BB
mem[X,0x00000000800002B2] -> 0xB073
[177] [M]: 0x00000000800002B0 (0xB07393BB) pmulu.h.beo t2, t2, t2
x7 <- 0x000000000000DE21

mem[X,0x00000000800002B4] -> 0x3C23
mem[X,0x00000000800002B6] -> 0x0072
[178] [M]: 0x00000000800002B4 (0x00723C23) sd t2, 0x18(tp)
mem[0x0000000080004130] <- 0x000000000000DE21

mem[X,0x00000000800002B8] -> 0x0337
mem[X,0x00000000800002BA] -> 0xFF00
[179] [M]: 0x00000000800002B8 (0xFF000337) lui t1, -0x1000
x6 <- 0xFFFFFFFFFF000000

mem[X,0x00000000800002BC] -> 0x0313
mem[X,0x00000000800002BE] -> 0xFFF3
[180] [M]: 0x00000000800002BC (0xFFF30313) addi t1, t1, -0x1
x6 <- 0xFFFFFFFFFEFFFFFF

mem[X,0x00000000800002C0] -> 0x1313
mem[X,0x00000000800002C2] -> 0x00B3
[181] [M]: 0x00000000800002C0 (0x00B31313) slli t1, t1, 0xb
x6 <- 0xFFFFFFF7FFFFF800

mem[X,0x00000000800002C4] -> 0x0313
mem[X,0x00000000800002C6] -> 0x7FE3
[182] [M]: 0x00000000800002C4 (0x7FE30313) addi t1, t1, 0x7fe
x6 <- 0xFFFFFFF7FFFFFFFE

mem[X,0x00000000800002C8] -> 0x1313
mem[X,0x00000000800002CA] -> 0x00B3
[183] [M]: 0x00000000800002C8 (0x00B31313) slli t1, t1, 0xb
x6 <- 0xFFFFBFFFFFFFF000

mem[X,0x00000000800002CC] -> 0x0313
mem[X,0x00000000800002CE] -> 0x7DF3
[184] [M]: 0x00000000800002CC (0x7DF30313) addi t1, t1, 0x7df
x6 <- 0xFFFFBFFFFFFFF7DF

mem[X,0x00000000800002D0] -> 0x1313
mem[X,0x00000000800002D2] -> 0x00A3
[185] [M]: 0x00000000800002D0 (0x00A31313) slli t1, t1, 0xa
x6 <- 0xFEFFFFFFFFDF7C00

mem[X,0x00000000800002D4] -> 0x0313
mem[X,0x00000000800002D6] -> 0x3FF3
[186] [M]: 0x00000000800002D4 (0x3FF30313) addi t1, t1, 0x3ff
x6 <- 0xFEFFFFFFFFDF7FFF

mem[X,0x00000000800002D8] -> 0xC337
mem[X,0x00000000800002DA] -> 0x0800
[187] [M]: 0x00000000800002D8 (0x0800C337) lui t1, 0x800c
x6 <- 0x000000000800C000

mem[X,0x00000000800002DC] -> 0x0313
mem[X,0x00000000800002DE] -> 0xFFF3
[188] [M]: 0x00000000800002DC (0xFFF30313) addi t1, t1, -0x1
x6 <- 0x000000000800BFFF

mem[X,0x00000000800002E0] -> 0x1313
mem[X,0x00000000800002E2] -> 0x00B3
[189] [M]: 0x00000000800002E0 (0x00B31313) slli t1, t1, 0xb
x6 <- 0x0000004005FFF800

mem[X,0x00000000800002E4] -> 0x0313
mem[X,0x00000000800002E6] -> 0x6FF3
[190] [M]: 0x00000000800002E4 (0x6FF30313) addi t1, t1, 0x6ff
x6 <- 0x0000004005FFFEFF

mem[X,0x00000000800002E8] -> 0x1313
mem[X,0x00000000800002EA] -> 0x00B3
[191] [M]: 0x00000000800002E8 (0x00B31313) slli t1, t1, 0xb
x6 <- 0x0002002FFFF7F800

mem[X,0x00000000800002EC] -> 0x0313
mem[X,0x00000000800002EE] -> 0x7C03
[192] [M]: 0x00000000800002EC (0x7C030313) addi t1, t1, 0x7c0
x6 <- 0x0002002FFFF7FFC0

mem[X,0x00000000800002F0] -> 0x1313
mem[X,0x00000000800002F2] -> 0x00A3
[193] [M]: 0x00000000800002F0 (0x00A31313) slli t1, t1, 0xa
x6 <- 0x0800BFFFDFFF0000

mem[X,0x00000000800002F4] -> 0x0313
mem[X,0x00000000800002F6] -> 0x0093
[194] [M]: 0x00000000800002F4 (0x00930313) addi t1, t1, 0x9
x6 <- 0x0800BFFFDFFF0009

mem[X,0x00000000800002F8] -> 0x193B
mem[X,0x00000000800002FA] -> 0xB063
[195] [M]: 0x00000000800002F8 (0xB063193B) pmulu.h.beo s2, t1, t1
x18 <- 0x0000BE41DE210000

mem[X,0x00000000800002FC] -> 0x3023
mem[X,0x00000000800002FE] -> 0x0322
[196] [M]: 0x00000000800002FC (0x03223023) sd s2, 0x20(tp)
mem[0x0000000080004138] <- 0x0000BE41DE210000

mem[X,0x0000000080000300] -> 0xC7B7
mem[X,0x0000000080000302] -> 0xFFF9
[197] [M]: 0x0000000080000300 (0xFFF9C7B7) lui a5, -0x64
x15 <- 0xFFFFFFFFFFF9C000

mem[X,0x0000000080000304] -> 0x8793
mem[X,0x0000000080000306] -> 0x0007
[198] [M]: 0x0000000080000304 (0x00078793) addi a5, a5, 0x0
x15 <- 0xFFFFFFFFFFF9C000

mem[X,0x0000000080000308] -> 0x9793
mem[X,0x000000008000030A] -> 0x00B7
[199] [M]: 0x0000000080000308 (0x00B79793) slli a5, a5, 0xb
x15 <- 0xFFFFFFFFCE000000

clint::tick mtime <- 0x0000000000000002
 clint timer pending at mtime 0x0000000000000002
htif::tick 0x0000000000000000
mem[X,0x000000008000030C] -> 0x8793
mem[X,0x000000008000030E] -> 0x0007
[200] [M]: 0x000000008000030C (0x00078793) addi a5, a5, 0x0
x15 <- 0xFFFFFFFFCE000000

mem[X,0x0000000080000310] -> 0x9793
mem[X,0x0000000080000312] -> 0x00B7
[201] [M]: 0x0000000080000310 (0x00B79793) slli a5, a5, 0xb
x15 <- 0xFFFFFE7000000000

mem[X,0x0000000080000314] -> 0x8793
mem[X,0x0000000080000316] -> 0x0007
[202] [M]: 0x0000000080000314 (0x00078793) addi a5, a5, 0x0
x15 <- 0xFFFFFE7000000000

mem[X,0x0000000080000318] -> 0x9793
mem[X,0x000000008000031A] -> 0x00A7
[203] [M]: 0x0000000080000318 (0x00A79793) slli a5, a5, 0xa
x15 <- 0xFFF9C00000000000

mem[X,0x000000008000031C] -> 0x8793
mem[X,0x000000008000031E] -> 0x0027
[204] [M]: 0x000000008000031C (0x00278793) addi a5, a5, 0x2
x15 <- 0xFFF9C00000000002

mem[X,0x0000000080000320] -> 0x0837
mem[X,0x0000000080000322] -> 0xFF7F
[205] [M]: 0x0000000080000320 (0xFF7F0837) lui a6, -0x810
x16 <- 0xFFFFFFFFFF7F0000

mem[X,0x0000000080000324] -> 0x0813
mem[X,0x0000000080000326] -> 0x0808
[206] [M]: 0x0000000080000324 (0x08080813) addi a6, a6, 0x80
x16 <- 0xFFFFFFFFFF7F0080

mem[X,0x0000000080000328] -> 0x1813
mem[X,0x000000008000032A] -> 0x00B8
[207] [M]: 0x0000000080000328 (0x00B81813) slli a6, a6, 0xb
x16 <- 0xFFFFFFFBF8040000

mem[X,0x000000008000032C] -> 0x0813
mem[X,0x000000008000032E] -> 0x7FB8
[208] [M]: 0x000000008000032C (0x7FB80813) addi a6, a6, 0x7fb
x16 <- 0xFFFFFFFBF80407FB

mem[X,0x0000000080000330] -> 0x1813
mem[X,0x0000000080000332] -> 0x00B8
[209] [M]: 0x0000000080000330 (0x00B81813) slli a6, a6, 0xb
x16 <- 0xFFFFDFC0203FD800

mem[X,0x0000000080000334] -> 0x0813
mem[X,0x0000000080000336] -> 0x7FF8
[210] [M]: 0x0000000080000334 (0x7FF80813) addi a6, a6, 0x7ff
x16 <- 0xFFFFDFC0203FDFFF

mem[X,0x0000000080000338] -> 0x1813
mem[X,0x000000008000033A] -> 0x00A8
[211] [M]: 0x0000000080000338 (0x00A81813) slli a6, a6, 0xa
x16 <- 0xFF7F0080FF7FFC00

mem[X,0x000000008000033C] -> 0x0813
mem[X,0x000000008000033E] -> 0x3F68
[212] [M]: 0x000000008000033C (0x3F680813) addi a6, a6, 0x3f6
x16 <- 0xFF7F0080FF7FFFF6

mem[X,0x0000000080000340] -> 0x9DBB
mem[X,0x0000000080000342] -> 0xB107
[213] [M]: 0x0000000080000340 (0xB1079DBB) pmulu.h.beo s11, a5, a6
x27 <- 0xF8070000000001FE

mem[X,0x0000000080000344] -> 0x3423
mem[X,0x0000000080000346] -> 0x03B2
[214] [M]: 0x0000000080000344 (0x03B23423) sd s11, 0x28(tp)
mem[0x0000000080004140] <- 0xF8070000000001FE

mem[X,0x0000000080000348] -> 0x0437
mem[X,0x000000008000034A] -> 0xE000
[215] [M]: 0x0000000080000348 (0xE0000437) lui fp, -0x20000
x8 <- 0xFFFFFFFFE0000000

mem[X,0x000000008000034C] -> 0x0413
mem[X,0x000000008000034E] -> 0xFF84
[216] [M]: 0x000000008000034C (0xFF840413) addi fp, fp, -0x8
x8 <- 0xFFFFFFFFDFFFFFF8

mem[X,0x0000000080000350] -> 0x1413
mem[X,0x0000000080000352] -> 0x00B4
[217] [M]: 0x0000000080000350 (0x00B41413) slli fp, fp, 0xb
x8 <- 0xFFFFFEFFFFFFC000

mem[X,0x0000000080000354] -> 0x0413
mem[X,0x0000000080000356] -> 0x7FF4
[218] [M]: 0x0000000080000354 (0x7FF40413) addi fp, fp, 0x7ff
x8 <- 0xFFFFFEFFFFFFC7FF

mem[X,0x0000000080000358] -> 0x1413
mem[X,0x000000008000035A] -> 0x00B4
[219] [M]: 0x0000000080000358 (0x00B41413) slli fp, fp, 0xb
x8 <- 0xFFF7FFFFFE3FF800

mem[X,0x000000008000035C] -> 0x0413
mem[X,0x000000008000035E] -> 0x5C04
[220] [M]: 0x000000008000035C (0x5C040413) addi fp, fp, 0x5c0
x8 <- 0xFFF7FFFFFE3FFDC0

mem[X,0x0000000080000360] -> 0x1413
mem[X,0x0000000080000362] -> 0x00A4
[221] [M]: 0x0000000080000360 (0x00A41413) slli fp, fp, 0xa
x8 <- 0xDFFFFFF8FFF70000

mem[X,0x0000000080000364] -> 0x0413
mem[X,0x0000000080000366] -> 0x0044
[222] [M]: 0x0000000080000364 (0x00440413) addi fp, fp, 0x4
x8 <- 0xDFFFFFF8FFF70004

mem[X,0x0000000080000368] -> 0x04B7
mem[X,0x000000008000036A] -> 0xFFC0
[223] [M]: 0x0000000080000368 (0xFFC004B7) lui s1, -0x400
x9 <- 0xFFFFFFFFFFC00000

mem[X,0x000000008000036C] -> 0x8493
mem[X,0x000000008000036E] -> 0xFFA4
[224] [M]: 0x000000008000036C (0xFFA48493) addi s1, s1, -0x6
x9 <- 0xFFFFFFFFFFBFFFFA

mem[X,0x0000000080000370] -> 0x9493
mem[X,0x0000000080000372] -> 0x00B4
[225] [M]: 0x0000000080000370 (0x00B49493) slli s1, s1, 0xb
x9 <- 0xFFFFFFFDFFFFD000

mem[X,0x0000000080000374] -> 0x8493
mem[X,0x0000000080000376] -> 0x7FF4
[226] [M]: 0x0000000080000374 (0x7FF48493) addi s1, s1, 0x7ff
x9 <- 0xFFFFFFFDFFFFD7FF

mem[X,0x0000000080000378] -> 0x9493
mem[X,0x000000008000037A] -> 0x00B4
[227] [M]: 0x0000000080000378 (0x00B49493) slli s1, s1, 0xb
x9 <- 0xFFFFEFFFFEBFF800

mem[X,0x000000008000037C] -> 0x8493
mem[X,0x000000008000037E] -> 0x73F4
[228] [M]: 0x000000008000037C (0x73F48493) addi s1, s1, 0x73f
x9 <- 0xFFFFEFFFFEBFFF3F

mem[X,0x0000000080000380] -> 0x9493
mem[X,0x0000000080000382] -> 0x00A4
[229] [M]: 0x0000000080000380 (0x00A49493) slli s1, s1, 0xa
x9 <- 0xFFBFFFFAFFFCFC00

mem[X,0x0000000080000384] -> 0x8493
mem[X,0x0000000080000386] -> 0x3EF4
[230] [M]: 0x0000000080000384 (0x3EF48493) addi s1, s1, 0x3ef
x9 <- 0xFFBFFFFAFFFCFFEF

mem[X,0x0000000080000388] -> 0x1EBB
mem[X,0x000000008000038A] -> 0xB094
[231] [M]: 0x0000000080000388 (0xB0941EBB) pmulu.h.beo t4, fp, s1
x29 <- 0xFE01F708F60903FC

mem[X,0x000000008000038C] -> 0x3823
mem[X,0x000000008000038E] -> 0x03D2
[232] [M]: 0x000000008000038C (0x03D23823) sd t4, 0x30(tp)
mem[0x0000000080004148] <- 0xFE01F708F60903FC

mem[X,0x0000000080000390] -> 0x0DB7
mem[X,0x0000000080000392] -> 0xF7FF
[233] [M]: 0x0000000080000390 (0xF7FF0DB7) lui s11, -0x8010
x27 <- 0xFFFFFFFFF7FF0000

mem[X,0x0000000080000394] -> 0x8D93
mem[X,0x0000000080000396] -> 0x400D
[234] [M]: 0x0000000080000394 (0x400D8D93) addi s11, s11, 0x400
x27 <- 0xFFFFFFFFF7FF0400

mem[X,0x0000000080000398] -> 0x9D93
mem[X,0x000000008000039A] -> 0x00BD
[235] [M]: 0x0000000080000398 (0x00BD9D93) slli s11, s11, 0xb
x27 <- 0xFFFFFFBFF8200000

mem[X,0x000000008000039C] -> 0x8D93
mem[X,0x000000008000039E] -> 0x7FFD
[236] [M]: 0x000000008000039C (0x7FFD8D93) addi s11, s11, 0x7ff
x27 <- 0xFFFFFFBFF82007FF

mem[X,0x00000000800003A0] -> 0x9D93
mem[X,0x00000000800003A2] -> 0x00BD
[237] [M]: 0x00000000800003A0 (0x00BD9D93) slli s11, s11, 0xb
x27 <- 0xFFFDFFC1003FF800

mem[X,0x00000000800003A4] -> 0x8D93
mem[X,0x00000000800003A6] -> 0x7C0D
[238] [M]: 0x00000000800003A4 (0x7C0D8D93) addi s11, s11, 0x7c0
x27 <- 0xFFFDFFC1003FFFC0

mem[X,0x00000000800003A8] -> 0x9D93
mem[X,0x00000000800003AA] -> 0x00AD
[239] [M]: 0x00000000800003A8 (0x00AD9D93) slli s11, s11, 0xa
x27 <- 0xF7FF0400FFFF0000

mem[X,0x00000000800003AC] -> 0x8D93
mem[X,0x00000000800003AE] -> 0x008D
[240] [M]: 0x00000000800003AC (0x008D8D93) addi s11, s11, 0x8
x27 <- 0xF7FF0400FFFF0008

mem[X,0x00000000800003B0] -> 0x0D37
mem[X,0x00000000800003B2] -> 0x0009
[241] [M]: 0x00000000800003B0 (0x00090D37) lui s10, 0x90
x26 <- 0x0000000000090000

mem[X,0x00000000800003B4] -> 0x0D13
mem[X,0x00000000800003B6] -> 0xFFCD
[242] [M]: 0x00000000800003B4 (0xFFCD0D13) addi s10, s10, -0x4
x26 <- 0x000000000008FFFC

mem[X,0x00000000800003B8] -> 0x1D13
mem[X,0x00000000800003BA] -> 0x00BD
[243] [M]: 0x00000000800003B8 (0x00BD1D13) slli s10, s10, 0xb
x26 <- 0x0000000047FFE000

mem[X,0x00000000800003BC] -> 0x0D13
mem[X,0x00000000800003BE] -> 0x7FED
[244] [M]: 0x00000000800003BC (0x7FED0D13) addi s10, s10, 0x7fe
x26 <- 0x0000000047FFE7FE

mem[X,0x00000000800003C0] -> 0x1D13
mem[X,0x00000000800003C2] -> 0x00BD
[245] [M]: 0x00000000800003C0 (0x00BD1D13) slli s10, s10, 0xb
x26 <- 0x0000023FFF3FF000

mem[X,0x00000000800003C4] -> 0x0D13
mem[X,0x00000000800003C6] -> 0x7FDD
[246] [M]: 0x00000000800003C4 (0x7FDD0D13) addi s10, s10, 0x7fd
x26 <- 0x0000023FFF3FF7FD

mem[X,0x00000000800003C8] -> 0x1D13
mem[X,0x00000000800003CA] -> 0x00AD
[247] [M]: 0x00000000800003C8 (0x00AD1D13) slli s10, s10, 0xa
x26 <- 0x0008FFFCFFDFF400

mem[X,0x00000000800003CC] -> 0x0D13
mem[X,0x00000000800003CE] -> 0x3FFD
[248] [M]: 0x00000000800003CC (0x3FFD0D13) addi s10, s10, 0x3ff
x26 <- 0x0008FFFCFFDFF7FF

mem[X,0x00000000800003D0] -> 0x933B
mem[X,0x00000000800003D2] -> 0xB1AD
[249] [M]: 0x00000000800003D0 (0xB1AD933B) pmulu.h.beo t1, s11, s10
x6 <- 0x00000000FE0107B8

mem[X,0x00000000800003D4] -> 0x3C23
mem[X,0x00000000800003D6] -> 0x0262
[250] [M]: 0x00000000800003D4 (0x02623C23) sd t1, 0x38(tp)
mem[0x0000000080004150] <- 0x00000000FE0107B8

mem[X,0x00000000800003D8] -> 0x0137
mem[X,0x00000000800003DA] -> 0x0200
[251] [M]: 0x00000000800003D8 (0x02000137) lui sp, 0x2000
x2 <- 0x0000000002000000

mem[X,0x00000000800003DC] -> 0x0113
mem[X,0x00000000800003DE] -> 0x0061
[252] [M]: 0x00000000800003DC (0x00610113) addi sp, sp, 0x6
x2 <- 0x0000000002000006

mem[X,0x00000000800003E0] -> 0x1113
mem[X,0x00000000800003E2] -> 0x00B1
[253] [M]: 0x00000000800003E0 (0x00B11113) slli sp, sp, 0xb
x2 <- 0x0000001000003000

mem[X,0x00000000800003E4] -> 0x0113
mem[X,0x00000000800003E6] -> 0x0001
[254] [M]: 0x00000000800003E4 (0x00010113) addi sp, sp, 0x0
x2 <- 0x0000001000003000

mem[X,0x00000000800003E8] -> 0x1113
mem[X,0x00000000800003EA] -> 0x00B1
[255] [M]: 0x00000000800003E8 (0x00B11113) slli sp, sp, 0xb
x2 <- 0x0000800001800000

mem[X,0x00000000800003EC] -> 0x0113
mem[X,0x00000000800003EE] -> 0x1001
[256] [M]: 0x00000000800003EC (0x10010113) addi sp, sp, 0x100
x2 <- 0x0000800001800100

mem[X,0x00000000800003F0] -> 0x1113
mem[X,0x00000000800003F2] -> 0x00A1
[257] [M]: 0x00000000800003F0 (0x00A11113) slli sp, sp, 0xa
x2 <- 0x0200000600040000

mem[X,0x00000000800003F4] -> 0x0113
mem[X,0x00000000800003F6] -> 0x0101
[258] [M]: 0x00000000800003F4 (0x01010113) addi sp, sp, 0x10
x2 <- 0x0200000600040010

mem[X,0x00000000800003F8] -> 0x0BB7
mem[X,0x00000000800003FA] -> 0x0201
[259] [M]: 0x00000000800003F8 (0x02010BB7) lui s7, 0x2010
x23 <- 0x0000000002010000

mem[X,0x00000000800003FC] -> 0x8B93
mem[X,0x00000000800003FE] -> 0xFFEB
[260] [M]: 0x00000000800003FC (0xFFEB8B93) addi s7, s7, -0x2
x23 <- 0x000000000200FFFE

mem[X,0x0000000080000400] -> 0x9B93
mem[X,0x0000000080000402] -> 0x00BB
[261] [M]: 0x0000000080000400 (0x00BB9B93) slli s7, s7, 0xb
x23 <- 0x0000001007FFF000

mem[X,0x0000000080000404] -> 0x8B93
mem[X,0x0000000080000406] -> 0x000B
[262] [M]: 0x0000000080000404 (0x000B8B93) addi s7, s7, 0x0
x23 <- 0x0000001007FFF000

mem[X,0x0000000080000408] -> 0x9B93
mem[X,0x000000008000040A] -> 0x00BB
[263] [M]: 0x0000000080000408 (0x00BB9B93) slli s7, s7, 0xb
x23 <- 0x0000803FFF800000

mem[X,0x000000008000040C] -> 0x8B93
mem[X,0x000000008000040E] -> 0x43FB
[264] [M]: 0x000000008000040C (0x43FB8B93) addi s7, s7, 0x43f
x23 <- 0x0000803FFF80043F

mem[X,0x0000000080000410] -> 0x9B93
mem[X,0x0000000080000412] -> 0x00AB
[265] [M]: 0x0000000080000410 (0x00AB9B93) slli s7, s7, 0xa
x23 <- 0x0200FFFE0010FC00

mem[X,0x0000000080000414] -> 0x8B93
mem[X,0x0000000080000416] -> 0x3FCB
[266] [M]: 0x0000000080000414 (0x3FCB8B93) addi s7, s7, 0x3fc
x23 <- 0x0200FFFE0010FFFC

mem[X,0x0000000080000418] -> 0x1FBB
mem[X,0x000000008000041A] -> 0xB171
[267] [M]: 0x0000000080000418 (0xB1711FBB) pmulu.h.beo t6, sp, s7
x31 <- 0x000005FA00000FF0

mem[X,0x000000008000041C] -> 0x3023
mem[X,0x000000008000041E] -> 0x05F2
[268] [M]: 0x000000008000041C (0x05F23023) sd t6, 0x40(tp)
mem[0x0000000080004158] <- 0x000005FA00000FF0

mem[X,0x0000000080000420] -> 0x0737
mem[X,0x0000000080000422] -> 0xEFFF
[269] [M]: 0x0000000080000420 (0xEFFF0737) lui a4, -0x10010
x14 <- 0xFFFFFFFFEFFF0000

mem[X,0x0000000080000424] -> 0x0713
mem[X,0x0000000080000426] -> 0x4007
[270] [M]: 0x0000000080000424 (0x40070713) addi a4, a4, 0x400
x14 <- 0xFFFFFFFFEFFF0400

mem[X,0x0000000080000428] -> 0x1713
mem[X,0x000000008000042A] -> 0x00B7
[271] [M]: 0x0000000080000428 (0x00B71713) slli a4, a4, 0xb
x14 <- 0xFFFFFF7FF8200000

mem[X,0x000000008000042C] -> 0x0713
mem[X,0x000000008000042E] -> 0x0007
[272] [M]: 0x000000008000042C (0x00070713) addi a4, a4, 0x0
x14 <- 0xFFFFFF7FF8200000

mem[X,0x0000000080000430] -> 0x1713
mem[X,0x0000000080000432] -> 0x00B7
[273] [M]: 0x0000000080000430 (0x00B71713) slli a4, a4, 0xb
x14 <- 0xFFFBFFC100000000

mem[X,0x0000000080000434] -> 0x0713
mem[X,0x0000000080000436] -> 0x1807
[274] [M]: 0x0000000080000434 (0x18070713) addi a4, a4, 0x180
x14 <- 0xFFFBFFC100000180

mem[X,0x0000000080000438] -> 0x1713
mem[X,0x000000008000043A] -> 0x00A7
[275] [M]: 0x0000000080000438 (0x00A71713) slli a4, a4, 0xa
x14 <- 0xEFFF040000060000

mem[X,0x000000008000043C] -> 0x0713
mem[X,0x000000008000043E] -> 0x0207
[276] [M]: 0x000000008000043C (0x02070713) addi a4, a4, 0x20
x14 <- 0xEFFF040000060020

mem[X,0x0000000080000440] -> 0x0537
mem[X,0x0000000080000442] -> 0x3FFF
[277] [M]: 0x0000000080000440 (0x3FFF0537) lui a0, 0x3fff0
x10 <- 0x000000003FFF0000

mem[X,0x0000000080000444] -> 0x0513
mem[X,0x0000000080000446] -> 0x0405
[278] [M]: 0x0000000080000444 (0x04050513) addi a0, a0, 0x40
x10 <- 0x000000003FFF0040

mem[X,0x0000000080000448] -> 0x1513
mem[X,0x000000008000044A] -> 0x00B5
[279] [M]: 0x0000000080000448 (0x00B51513) slli a0, a0, 0xb
x10 <- 0x000001FFF8020000

mem[X,0x000000008000044C] -> 0x0513
mem[X,0x000000008000044E] -> 0x6FF5
[280] [M]: 0x000000008000044C (0x6FF50513) addi a0, a0, 0x6ff
x10 <- 0x000001FFF80206FF

mem[X,0x0000000080000450] -> 0x1513
mem[X,0x0000000080000452] -> 0x00B5
[281] [M]: 0x0000000080000450 (0x00B51513) slli a0, a0, 0xb
x10 <- 0x000FFFC01037F800

mem[X,0x0000000080000454] -> 0x0513
mem[X,0x0000000080000456] -> 0x7FF5
[282] [M]: 0x0000000080000454 (0x7FF50513) addi a0, a0, 0x7ff
x10 <- 0x000FFFC01037FFFF

mem[X,0x0000000080000458] -> 0x1513
mem[X,0x000000008000045A] -> 0x00A5
[283] [M]: 0x0000000080000458 (0x00A51513) slli a0, a0, 0xa
x10 <- 0x3FFF0040DFFFFC00

mem[X,0x000000008000045C] -> 0x0513
mem[X,0x000000008000045E] -> 0x3BF5
[284] [M]: 0x000000008000045C (0x3BF50513) addi a0, a0, 0x3bf
x10 <- 0x3FFF0040DFFFFFBF

mem[X,0x0000000080000460] -> 0x1F3B
mem[X,0x0000000080000462] -> 0xB0A7
[285] [M]: 0x0000000080000460 (0xB0A71F3B) pmulu.h.beo t5, a4, a0
x30 <- 0x3EC10000053A1FE0

mem[X,0x0000000080000464] -> 0x3423
mem[X,0x0000000080000466] -> 0x05E2
[286] [M]: 0x0000000080000464 (0x05E23423) sd t5, 0x48(tp)
mem[0x0000000080004160] <- 0x3EC10000053A1FE0

mem[X,0x0000000080000468] -> 0x0037
mem[X,0x000000008000046A] -> 0x000A
[287] [M]: 0x0000000080000468 (0x000A0037) lui zero, 0xa0

mem[X,0x000000008000046C] -> 0x0013
mem[X,0x000000008000046E] -> 0xDFF0
[288] [M]: 0x000000008000046C (0xDFF00013) addi zero, zero, -0x201

mem[X,0x0000000080000470] -> 0x1013
mem[X,0x0000000080000472] -> 0x00B0
[289] [M]: 0x0000000080000470 (0x00B01013) slli zero, zero, 0xb

mem[X,0x0000000080000474] -> 0x0013
mem[X,0x0000000080000476] -> 0x0000
[290] [M]: 0x0000000080000474 (0x00000013) addi zero, zero, 0x0

mem[X,0x0000000080000478] -> 0x1013
mem[X,0x000000008000047A] -> 0x00B0
[291] [M]: 0x0000000080000478 (0x00B01013) slli zero, zero, 0xb

mem[X,0x000000008000047C] -> 0x0013
mem[X,0x000000008000047E] -> 0x1400
[292] [M]: 0x000000008000047C (0x14000013) addi zero, zero, 0x140

mem[X,0x0000000080000480] -> 0x1013
mem[X,0x0000000080000482] -> 0x00A0
[293] [M]: 0x0000000080000480 (0x00A01013) slli zero, zero, 0xa

mem[X,0x0000000080000484] -> 0x0013
mem[X,0x0000000080000486] -> 0x0400
[294] [M]: 0x0000000080000484 (0x04000013) addi zero, zero, 0x40

mem[X,0x0000000080000488] -> 0x0CB7
mem[X,0x000000008000048A] -> 0x1001
[295] [M]: 0x0000000080000488 (0x10010CB7) lui s9, 0x10010
x25 <- 0x0000000010010000

mem[X,0x000000008000048C] -> 0x8C93
mem[X,0x000000008000048E] -> 0xFFDC
[296] [M]: 0x000000008000048C (0xFFDC8C93) addi s9, s9, -0x3
x25 <- 0x000000001000FFFD

mem[X,0x0000000080000490] -> 0x9C93
mem[X,0x0000000080000492] -> 0x00BC
[297] [M]: 0x0000000080000490 (0x00BC9C93) slli s9, s9, 0xb
x25 <- 0x0000008007FFE800

mem[X,0x0000000080000494] -> 0x8C93
mem[X,0x0000000080000496] -> 0x000C
[298] [M]: 0x0000000080000494 (0x000C8C93) addi s9, s9, 0x0
x25 <- 0x0000008007FFE800

mem[X,0x0000000080000498] -> 0x9C93
mem[X,0x000000008000049A] -> 0x00BC
[299] [M]: 0x0000000080000498 (0x00BC9C93) slli s9, s9, 0xb
x25 <- 0x0004003FFF400000

clint::tick mtime <- 0x0000000000000003
 clint timer pending at mtime 0x0000000000000003
htif::tick 0x0000000000000000
mem[X,0x000000008000049C] -> 0x8C93
mem[X,0x000000008000049E] -> 0x0FFC
[300] [M]: 0x000000008000049C (0x0FFC8C93) addi s9, s9, 0xff
x25 <- 0x0004003FFF4000FF

mem[X,0x00000000800004A0] -> 0x9C93
mem[X,0x00000000800004A2] -> 0x00AC
[301] [M]: 0x00000000800004A0 (0x00AC9C93) slli s9, s9, 0xa
x25 <- 0x1000FFFD0003FC00

mem[X,0x00000000800004A4] -> 0x8C93
mem[X,0x00000000800004A6] -> 0x3F9C
[302] [M]: 0x00000000800004A4 (0x3F9C8C93) addi s9, s9, 0x3f9
x25 <- 0x1000FFFD0003FFF9

mem[X,0x00000000800004A8] -> 0x14BB
mem[X,0x00000000800004AA] -> 0xB190
[303] [M]: 0x00000000800004A8 (0xB19014BB) pmulu.h.beo s1, zero, s9
x9 <- 0x0000000000000000

mem[X,0x00000000800004AC] -> 0x3823
mem[X,0x00000000800004AE] -> 0x0492
[304] [M]: 0x00000000800004AC (0x04923823) sd s1, 0x50(tp)
mem[0x0000000080004168] <- 0x0000000000000000

mem[X,0x00000000800004B0] -> 0x5BB7
mem[X,0x00000000800004B2] -> 0xFFF6
[305] [M]: 0x00000000800004B0 (0xFFF65BB7) lui s7, -0x9b
x23 <- 0xFFFFFFFFFFF65000

mem[X,0x00000000800004B4] -> 0x8B93
mem[X,0x00000000800004B6] -> 0x555B
[306] [M]: 0x00000000800004B4 (0x555B8B93) addi s7, s7, 0x555
x23 <- 0xFFFFFFFFFFF65555

mem[X,0x00000000800004B8] -> 0x9B93
mem[X,0x00000000800004BA] -> 0x00BB
[307] [M]: 0x00000000800004B8 (0x00BB9B93) slli s7, s7, 0xb
x23 <- 0xFFFFFFFFB2AAA800

mem[X,0x00000000800004BC] -> 0x8B93
mem[X,0x00000000800004BE] -> 0x3FFB
[308] [M]: 0x00000000800004BC (0x3FFB8B93) addi s7, s7, 0x3ff
x23 <- 0xFFFFFFFFB2AAABFF

mem[X,0x00000000800004C0] -> 0x9B93
mem[X,0x00000000800004C2] -> 0x00BB
[309] [M]: 0x00000000800004C0 (0x00BB9B93) slli s7, s7, 0xb
x23 <- 0xFFFFFD95555FF800

mem[X,0x00000000800004C4] -> 0x8B93
mem[X,0x00000000800004C6] -> 0x7C0B
[310] [M]: 0x00000000800004C4 (0x7C0B8B93) addi s7, s7, 0x7c0
x23 <- 0xFFFFFD95555FFFC0

mem[X,0x00000000800004C8] -> 0x9B93
mem[X,0x00000000800004CA] -> 0x00AB
[311] [M]: 0x00000000800004C8 (0x00AB9B93) slli s7, s7, 0xa
x23 <- 0xFFF655557FFF0000

mem[X,0x00000000800004CC] -> 0x8B93
mem[X,0x00000000800004CE] -> 0x080B
[312] [M]: 0x00000000800004CC (0x080B8B93) addi s7, s7, 0x80
x23 <- 0xFFF655557FFF0080

mem[X,0x00000000800004D0] -> 0x02B7
mem[X,0x00000000800004D2] -> 0xF800
[313] [M]: 0x00000000800004D0 (0xF80002B7) lui t0, -0x8000
x5 <- 0xFFFFFFFFF8000000

mem[X,0x00000000800004D4] -> 0x8293
mem[X,0x00000000800004D6] -> 0xFF72
[314] [M]: 0x00000000800004D4 (0xFF728293) addi t0, t0, -0x9
x5 <- 0xFFFFFFFFF7FFFFF7

mem[X,0x00000000800004D8] -> 0x9293
mem[X,0x00000000800004DA] -> 0x00B2
[315] [M]: 0x00000000800004D8 (0x00B29293) slli t0, t0, 0xb
x5 <- 0xFFFFFFBFFFFFB800

mem[X,0x00000000800004DC] -> 0x8293
mem[X,0x00000000800004DE] -> 0x0402
[316] [M]: 0x00000000800004DC (0x04028293) addi t0, t0, 0x40
x5 <- 0xFFFFFFBFFFFFB840

mem[X,0x00000000800004E0] -> 0x9293
mem[X,0x00000000800004E2] -> 0x00B2
[317] [M]: 0x00000000800004E0 (0x00B29293) slli t0, t0, 0xb
x5 <- 0xFFFDFFFFFDC20000

mem[X,0x00000000800004E4] -> 0x8293
mem[X,0x00000000800004E6] -> 0x03B2
[318] [M]: 0x00000000800004E4 (0x03B28293) addi t0, t0, 0x3b
x5 <- 0xFFFDFFFFFDC2003B

mem[X,0x00000000800004E8] -> 0x9293
mem[X,0x00000000800004EA] -> 0x00A2
[319] [M]: 0x00000000800004E8 (0x00A29293) slli t0, t0, 0xa
x5 <- 0xF7FFFFF70800EC00

mem[X,0x00000000800004EC] -> 0x8293
mem[X,0x00000000800004EE] -> 0x3FF2
[320] [M]: 0x00000000800004EC (0x3FF28293) addi t0, t0, 0x3ff
x5 <- 0xF7FFFFF70800EFFF

mem[X,0x00000000800004F0] -> 0x97BB
mem[X,0x00000000800004F2] -> 0xB05B
[321] [M]: 0x00000000800004F0 (0xB05B97BB) pmulu.h.beo a5, s7, t0
x15 <- 0xED5A54AB07F87780

mem[X,0x00000000800004F4] -> 0x3C23
mem[X,0x00000000800004F6] -> 0x04F2
[322] [M]: 0x00000000800004F4 (0x04F23C23) sd a5, 0x58(tp)
mem[0x0000000080004170] <- 0xED5A54AB07F87780

mem[X,0x00000000800004F8] -> 0xFA37
mem[X,0x00000000800004FA] -> 0x0005
[323] [M]: 0x00000000800004F8 (0x0005FA37) lui s4, 0x5f
x20 <- 0x000000000005F000

mem[X,0x00000000800004FC] -> 0x0A13
mem[X,0x00000000800004FE] -> 0x7FFA
[324] [M]: 0x00000000800004FC (0x7FFA0A13) addi s4, s4, 0x7ff
x20 <- 0x000000000005F7FF

mem[X,0x0000000080000500] -> 0x1A13
mem[X,0x0000000080000502] -> 0x00BA
[325] [M]: 0x0000000080000500 (0x00BA1A13) slli s4, s4, 0xb
x20 <- 0x000000002FBFF800

mem[X,0x0000000080000504] -> 0x0A13
mem[X,0x0000000080000506] -> 0x010A
[326] [M]: 0x0000000080000504 (0x010A0A13) addi s4, s4, 0x10
x20 <- 0x000000002FBFF810

mem[X,0x0000000080000508] -> 0x1A13
mem[X,0x000000008000050A] -> 0x00BA
[327] [M]: 0x0000000080000508 (0x00BA1A13) slli s4, s4, 0xb
x20 <- 0x0000017DFFC08000

mem[X,0x000000008000050C] -> 0x0A13
mem[X,0x000000008000050E] -> 0x000A
[328] [M]: 0x000000008000050C (0x000A0A13) addi s4, s4, 0x0
x20 <- 0x0000017DFFC08000

mem[X,0x0000000080000510] -> 0x1A13
mem[X,0x0000000080000512] -> 0x00AA
[329] [M]: 0x0000000080000510 (0x00AA1A13) slli s4, s4, 0xa
x20 <- 0x0005F7FF02000000

mem[X,0x0000000080000514] -> 0x0A13
mem[X,0x0000000080000516] -> 0x100A
[330] [M]: 0x0000000080000514 (0x100A0A13) addi s4, s4, 0x100
x20 <- 0x0005F7FF02000100

mem[X,0x0000000080000518] -> 0xB637
mem[X,0x000000008000051A] -> 0x0000
[331] [M]: 0x0000000080000518 (0x0000B637) lui a2, 0xb
x12 <- 0x000000000000B000

mem[X,0x000000008000051C] -> 0x0613
mem[X,0x000000008000051E] -> 0xAAA6
[332] [M]: 0x000000008000051C (0xAAA60613) addi a2, a2, -0x556
x12 <- 0x000000000000AAAA

mem[X,0x0000000080000520] -> 0x1613
mem[X,0x0000000080000522] -> 0x00B6
[333] [M]: 0x0000000080000520 (0x00B61613) slli a2, a2, 0xb
x12 <- 0x0000000005555000

mem[X,0x0000000080000524] -> 0x0613
mem[X,0x0000000080000526] -> 0x7FD6
[334] [M]: 0x0000000080000524 (0x7FD60613) addi a2, a2, 0x7fd
x12 <- 0x00000000055557FD

mem[X,0x0000000080000528] -> 0x1613
mem[X,0x000000008000052A] -> 0x00B6
[335] [M]: 0x0000000080000528 (0x00B61613) slli a2, a2, 0xb
x12 <- 0x0000002AAABFE800

mem[X,0x000000008000052C] -> 0x0613
mem[X,0x000000008000052E] -> 0x7FE6
[336] [M]: 0x000000008000052C (0x7FE60613) addi a2, a2, 0x7fe
x12 <- 0x0000002AAABFEFFE

mem[X,0x0000000080000530] -> 0x1613
mem[X,0x0000000080000532] -> 0x00A6
[337] [M]: 0x0000000080000530 (0x00A61613) slli a2, a2, 0xa
x12 <- 0x0000AAAAFFBFF800

mem[X,0x0000000080000534] -> 0x0613
mem[X,0x0000000080000536] -> 0x3FF6
[338] [M]: 0x0000000080000534 (0x3FF60613) addi a2, a2, 0x3ff
x12 <- 0x0000AAAAFFBFFBFF

mem[X,0x0000000080000538] -> 0x18BB
mem[X,0x000000008000053A] -> 0xB0CA
[339] [M]: 0x0000000080000538 (0xB0CA18BB) pmulu.h.beo a7, s4, a2
x17 <- 0x0000A95600000000

mem[X,0x000000008000053C] -> 0x3023
mem[X,0x000000008000053E] -> 0x0712
[340] [M]: 0x000000008000053C (0x07123023) sd a7, 0x60(tp)
mem[0x0000000080004178] <- 0x0000A95600000000

mem[X,0x0000000080000540] -> 0x06B7
mem[X,0x0000000080000542] -> 0x0005
[341] [M]: 0x0000000080000540 (0x000506B7) lui a3, 0x50
x13 <- 0x0000000000050000

mem[X,0x0000000080000544] -> 0x8693
mem[X,0x0000000080000546] -> 0x0046
[342] [M]: 0x0000000080000544 (0x00468693) addi a3, a3, 0x4
x13 <- 0x0000000000050004

mem[X,0x0000000080000548] -> 0x9693
mem[X,0x000000008000054A] -> 0x00B6
[343] [M]: 0x0000000080000548 (0x00B69693) slli a3, a3, 0xb
x13 <- 0x0000000028002000

mem[X,0x000000008000054C] -> 0x8693
mem[X,0x000000008000054E] -> 0x0406
[344] [M]: 0x000000008000054C (0x04068693) addi a3, a3, 0x40
x13 <- 0x0000000028002040

mem[X,0x0000000080000550] -> 0x9693
mem[X,0x0000000080000552] -> 0x00B6
[345] [M]: 0x0000000080000550 (0x00B69693) slli a3, a3, 0xb
x13 <- 0x0000014001020000

mem[X,0x0000000080000554] -> 0x8693
mem[X,0x0000000080000556] -> 0x0006
[346] [M]: 0x0000000080000554 (0x00068693) addi a3, a3, 0x0
x13 <- 0x0000014001020000

mem[X,0x0000000080000558] -> 0x9693
mem[X,0x000000008000055A] -> 0x00A6
[347] [M]: 0x0000000080000558 (0x00A69693) slli a3, a3, 0xa
x13 <- 0x0005000408000000

mem[X,0x000000008000055C] -> 0x8693
mem[X,0x000000008000055E] -> 0x2006
[348] [M]: 0x000000008000055C (0x20068693) addi a3, a3, 0x200
x13 <- 0x0005000408000200

mem[X,0x0000000080000560] -> 0x0DB7
mem[X,0x0000000080000562] -> 0x0008
[349] [M]: 0x0000000080000560 (0x00080DB7) lui s11, 0x80
x27 <- 0x0000000000080000

mem[X,0x0000000080000564] -> 0x8D93
mem[X,0x0000000080000566] -> 0xFFAD
[350] [M]: 0x0000000080000564 (0xFFAD8D93) addi s11, s11, -0x6
x27 <- 0x000000000007FFFA

mem[X,0x0000000080000568] -> 0x9D93
mem[X,0x000000008000056A] -> 0x00BD
[351] [M]: 0x0000000080000568 (0x00BD9D93) slli s11, s11, 0xb
x27 <- 0x000000003FFFD000

mem[X,0x000000008000056C] -> 0x8D93
mem[X,0x000000008000056E] -> 0x600D
[352] [M]: 0x000000008000056C (0x600D8D93) addi s11, s11, 0x600
x27 <- 0x000000003FFFD600

mem[X,0x0000000080000570] -> 0x9D93
mem[X,0x0000000080000572] -> 0x00BD
[353] [M]: 0x0000000080000570 (0x00BD9D93) slli s11, s11, 0xb
x27 <- 0x000001FFFEB00000

mem[X,0x0000000080000574] -> 0x8D93
mem[X,0x0000000080000576] -> 0x000D
[354] [M]: 0x0000000080000574 (0x000D8D93) addi s11, s11, 0x0
x27 <- 0x000001FFFEB00000

mem[X,0x0000000080000578] -> 0x9D93
mem[X,0x000000008000057A] -> 0x00AD
[355] [M]: 0x0000000080000578 (0x00AD9D93) slli s11, s11, 0xa
x27 <- 0x0007FFFAC0000000

mem[X,0x000000008000057C] -> 0x8D93
mem[X,0x000000008000057E] -> 0x006D
[356] [M]: 0x000000008000057C (0x006D8D93) addi s11, s11, 0x6
x27 <- 0x0007FFFAC0000006

mem[X,0x0000000080000580] -> 0x943B
mem[X,0x0000000080000582] -> 0xB1B6
[357] [M]: 0x0000000080000580 (0xB1B6943B) pmulu.h.beo fp, a3, s11
x8 <- 0x000003FC00000000

mem[X,0x0000000080000584] -> 0x3423
mem[X,0x0000000080000586] -> 0x0682
[358] [M]: 0x0000000080000584 (0x06823423) sd fp, 0x68(tp)
mem[0x0000000080004180] <- 0x000003FC00000000

mem[X,0x0000000080000588] -> 0x8837
mem[X,0x000000008000058A] -> 0x0040
[359] [M]: 0x0000000080000588 (0x00408837) lui a6, 0x408
x16 <- 0x0000000000408000

mem[X,0x000000008000058C] -> 0x0813
mem[X,0x000000008000058E] -> 0xFFF8
[360] [M]: 0x000000008000058C (0xFFF80813) addi a6, a6, -0x1
x16 <- 0x0000000000407FFF

mem[X,0x0000000080000590] -> 0x1813
mem[X,0x0000000080000592] -> 0x00B8
[361] [M]: 0x0000000080000590 (0x00B81813) slli a6, a6, 0xb
x16 <- 0x0000000203FFF800

mem[X,0x0000000080000594] -> 0x0813
mem[X,0x0000000080000596] -> 0x0018
[362] [M]: 0x0000000080000594 (0x00180813) addi a6, a6, 0x1
x16 <- 0x0000000203FFF801

mem[X,0x0000000080000598] -> 0x1813
mem[X,0x000000008000059A] -> 0x00B8
[363] [M]: 0x0000000080000598 (0x00B81813) slli a6, a6, 0xb
x16 <- 0x0000101FFFC00800

mem[X,0x000000008000059C] -> 0x0813
mem[X,0x000000008000059E] -> 0x0018
[364] [M]: 0x000000008000059C (0x00180813) addi a6, a6, 0x1
x16 <- 0x0000101FFFC00801

mem[X,0x00000000800005A0] -> 0x1813
mem[X,0x00000000800005A2] -> 0x00A8
[365] [M]: 0x00000000800005A0 (0x00A81813) slli a6, a6, 0xa
x16 <- 0x00407FFF00200400

mem[X,0x00000000800005A4] -> 0x06B7
mem[X,0x00000000800005A6] -> 0x0101
[366] [M]: 0x00000000800005A4 (0x010106B7) lui a3, 0x1010
x13 <- 0x0000000001010000

mem[X,0x00000000800005A8] -> 0x8693
mem[X,0x00000000800005AA] -> 0xBFF6
[367] [M]: 0x00000000800005A8 (0xBFF68693) addi a3, a3, -0x401
x13 <- 0x000000000100FBFF

mem[X,0x00000000800005AC] -> 0x9693
mem[X,0x00000000800005AE] -> 0x00B6
[368] [M]: 0x00000000800005AC (0x00B69693) slli a3, a3, 0xb
x13 <- 0x0000000807DFF800

mem[X,0x00000000800005B0] -> 0x8693
mem[X,0x00000000800005B2] -> 0x7FF6
[369] [M]: 0x00000000800005B0 (0x7FF68693) addi a3, a3, 0x7ff
x13 <- 0x0000000807DFFFFF

mem[X,0x00000000800005B4] -> 0x9693
mem[X,0x00000000800005B6] -> 0x00B6
[370] [M]: 0x00000000800005B4 (0x00B69693) slli a3, a3, 0xb
x13 <- 0x0000403EFFFFF800

mem[X,0x00000000800005B8] -> 0x8693
mem[X,0x00000000800005BA] -> 0x67F6
[371] [M]: 0x00000000800005B8 (0x67F68693) addi a3, a3, 0x67f
x13 <- 0x0000403EFFFFFE7F

mem[X,0x00000000800005BC] -> 0x9693
mem[X,0x00000000800005BE] -> 0x00A6
[372] [M]: 0x00000000800005BC (0x00A69693) slli a3, a3, 0xa
x13 <- 0x0100FBFFFFF9FC00

mem[X,0x00000000800005C0] -> 0x8693
mem[X,0x00000000800005C2] -> 0x3BF6
[373] [M]: 0x00000000800005C0 (0x3BF68693) addi a3, a3, 0x3bf
x13 <- 0x0100FBFFFFF9FFBF

mem[X,0x00000000800005C4] -> 0x1A3B
mem[X,0x00000000800005C6] -> 0xB0D8
[374] [M]: 0x00000000800005C4 (0xB0D81A3B) pmulu.h.beo s4, a6, a3
x20 <- 0x0040FA051FE00000

mem[X,0x00000000800005C8] -> 0x3823
mem[X,0x00000000800005CA] -> 0x0742
[375] [M]: 0x00000000800005C8 (0x07423823) sd s4, 0x70(tp)
mem[0x0000000080004188] <- 0x0040FA051FE00000

mem[X,0x00000000800005CC] -> 0x1637
mem[X,0x00000000800005CE] -> 0x2000
[376] [M]: 0x00000000800005CC (0x20001637) lui a2, 0x20001
x12 <- 0x0000000020001000

mem[X,0x00000000800005D0] -> 0x0613
mem[X,0x00000000800005D2] -> 0x0006
[377] [M]: 0x00000000800005D0 (0x00060613) addi a2, a2, 0x0
x12 <- 0x0000000020001000

mem[X,0x00000000800005D4] -> 0x1613
mem[X,0x00000000800005D6] -> 0x00B6
[378] [M]: 0x00000000800005D4 (0x00B61613) slli a2, a2, 0xb
x12 <- 0x0000010000800000

mem[X,0x00000000800005D8] -> 0x0613
mem[X,0x00000000800005DA] -> 0x0006
[379] [M]: 0x00000000800005D8 (0x00060613) addi a2, a2, 0x0
x12 <- 0x0000010000800000

mem[X,0x00000000800005DC] -> 0x1613
mem[X,0x00000000800005DE] -> 0x00B6
[380] [M]: 0x00000000800005DC (0x00B61613) slli a2, a2, 0xb
x12 <- 0x0008000400000000

mem[X,0x00000000800005E0] -> 0x0613
mem[X,0x00000000800005E2] -> 0x0426
[381] [M]: 0x00000000800005E0 (0x04260613) addi a2, a2, 0x42
x12 <- 0x0008000400000042

mem[X,0x00000000800005E4] -> 0x1613
mem[X,0x00000000800005E6] -> 0x00A6
[382] [M]: 0x00000000800005E4 (0x00A61613) slli a2, a2, 0xa
x12 <- 0x2000100000010800

mem[X,0x00000000800005E8] -> 0x0FB7
mem[X,0x00000000800005EA] -> 0xFFEF
[383] [M]: 0x00000000800005E8 (0xFFEF0FB7) lui t6, -0x110
x31 <- 0xFFFFFFFFFFEF0000

mem[X,0x00000000800005EC] -> 0x8F93
mem[X,0x00000000800005EE] -> 0x009F
[384] [M]: 0x00000000800005EC (0x009F8F93) addi t6, t6, 0x9
x31 <- 0xFFFFFFFFFFEF0009

mem[X,0x00000000800005F0] -> 0x9F93
mem[X,0x00000000800005F2] -> 0x00BF
[385] [M]: 0x00000000800005F0 (0x00BF9F93) slli t6, t6, 0xb
x31 <- 0xFFFFFFFF78004800

mem[X,0x00000000800005F4] -> 0x8F93
mem[X,0x00000000800005F6] -> 0x000F
[386] [M]: 0x00000000800005F4 (0x000F8F93) addi t6, t6, 0x0
x31 <- 0xFFFFFFFF78004800

mem[X,0x00000000800005F8] -> 0x9F93
mem[X,0x00000000800005FA] -> 0x00BF
[387] [M]: 0x00000000800005F8 (0x00BF9F93) slli t6, t6, 0xb
x31 <- 0xFFFFFBC002400000

mem[X,0x00000000800005FC] -> 0x8F93
mem[X,0x00000000800005FE] -> 0x13FF
[388] [M]: 0x00000000800005FC (0x13FF8F93) addi t6, t6, 0x13f
x31 <- 0xFFFFFBC00240013F

mem[X,0x0000000080000600] -> 0x9F93
mem[X,0x0000000080000602] -> 0x00AF
[389] [M]: 0x0000000080000600 (0x00AF9F93) slli t6, t6, 0xa
x31 <- 0xFFEF00090004FC00

mem[X,0x0000000080000604] -> 0x8F93
mem[X,0x0000000080000606] -> 0x3F8F
[390] [M]: 0x0000000080000604 (0x3F8F8F93) addi t6, t6, 0x3f8
x31 <- 0xFFEF00090004FFF8

mem[X,0x0000000080000608] -> 0x15BB
mem[X,0x000000008000060A] -> 0xB1F6
[391] [M]: 0x0000000080000608 (0xB1F615BB) pmulu.h.beo a1, a2, t6
x11 <- 0x0000000000000000

mem[X,0x000000008000060C] -> 0x3C23
mem[X,0x000000008000060E] -> 0x06B2
[392] [M]: 0x000000008000060C (0x06B23C23) sd a1, 0x78(tp)
mem[0x0000000080004190] <- 0x0000000000000000

mem[X,0x0000000080000610] -> 0x0F37
mem[X,0x0000000080000612] -> 0xFFFB
[393] [M]: 0x0000000080000610 (0xFFFB0F37) lui t5, -0x50
x30 <- 0xFFFFFFFFFFFB0000

mem[X,0x0000000080000614] -> 0x0F13
mem[X,0x0000000080000616] -> 0xFF7F
[394] [M]: 0x0000000080000614 (0xFF7F0F13) addi t5, t5, -0x9
x30 <- 0xFFFFFFFFFFFAFFF7

mem[X,0x0000000080000618] -> 0x1F13
mem[X,0x000000008000061A] -> 0x00BF
[395] [M]: 0x0000000080000618 (0x00BF1F13) slli t5, t5, 0xb
x30 <- 0xFFFFFFFFD7FFB800

mem[X,0x000000008000061C] -> 0x0F13
mem[X,0x000000008000061E] -> 0x7FEF
[396] [M]: 0x000000008000061C (0x7FEF0F13) addi t5, t5, 0x7fe
x30 <- 0xFFFFFFFFD7FFBFFE

mem[X,0x0000000080000620] -> 0x1F13
mem[X,0x0000000080000622] -> 0x00BF
[397] [M]: 0x0000000080000620 (0x00BF1F13) slli t5, t5, 0xb
x30 <- 0xFFFFFEBFFDFFF000

mem[X,0x0000000080000624] -> 0x0F13
mem[X,0x0000000080000626] -> 0x7C4F
[398] [M]: 0x0000000080000624 (0x7C4F0F13) addi t5, t5, 0x7c4
x30 <- 0xFFFFFEBFFDFFF7C4

mem[X,0x0000000080000628] -> 0x1F13
mem[X,0x000000008000062A] -> 0x00AF
[399] [M]: 0x0000000080000628 (0x00AF1F13) slli t5, t5, 0xa
x30 <- 0xFFFAFFF7FFDF1000

clint::tick mtime <- 0x0000000000000004
 clint timer pending at mtime 0x0000000000000004
htif::tick 0x0000000000000000
mem[X,0x000000008000062C] -> 0x0A37
mem[X,0x000000008000062E] -> 0xFFDF
[400] [M]: 0x000000008000062C (0xFFDF0A37) lui s4, -0x210
x20 <- 0xFFFFFFFFFFDF0000

mem[X,0x0000000080000630] -> 0x0A13
mem[X,0x0000000080000632] -> 0x007A
[401] [M]: 0x0000000080000630 (0x007A0A13) addi s4, s4, 0x7
x20 <- 0xFFFFFFFFFFDF0007

mem[X,0x0000000080000634] -> 0x1A13
mem[X,0x0000000080000636] -> 0x00BA
[402] [M]: 0x0000000080000634 (0x00BA1A13) slli s4, s4, 0xb
x20 <- 0xFFFFFFFEF8003800

mem[X,0x0000000080000638] -> 0x0A13
mem[X,0x000000008000063A] -> 0x7FFA
[403] [M]: 0x0000000080000638 (0x7FFA0A13) addi s4, s4, 0x7ff
x20 <- 0xFFFFFFFEF8003FFF

mem[X,0x000000008000063C] -> 0x1A13
mem[X,0x000000008000063E] -> 0x00BA
[404] [M]: 0x000000008000063C (0x00BA1A13) slli s4, s4, 0xb
x20 <- 0xFFFFF7C001FFF800

mem[X,0x0000000080000640] -> 0x0A13
mem[X,0x0000000080000642] -> 0x580A
[405] [M]: 0x0000000080000640 (0x580A0A13) addi s4, s4, 0x580
x20 <- 0xFFFFF7C001FFFD80

mem[X,0x0000000080000644] -> 0x1A13
mem[X,0x0000000080000646] -> 0x00AA
[406] [M]: 0x0000000080000644 (0x00AA1A13) slli s4, s4, 0xa
x20 <- 0xFFDF0007FFF60000

mem[X,0x0000000080000648] -> 0x0A13
mem[X,0x000000008000064A] -> 0x005A
[407] [M]: 0x0000000080000648 (0x005A0A13) addi s4, s4, 0x5
x20 <- 0xFFDF0007FFF60005

mem[X,0x000000008000064C] -> 0x173B
mem[X,0x000000008000064E] -> 0xB14F
[408] [M]: 0x000000008000064C (0xB14F173B) pmulu.h.beo a4, t5, s4
x14 <- 0xF9060000DE210000

mem[X,0x0000000080000650] -> 0x3023
mem[X,0x0000000080000652] -> 0x08E2
[409] [M]: 0x0000000080000650 (0x08E23023) sd a4, 0x80(tp)
mem[0x0000000080004198] <- 0xF9060000DE210000

mem[X,0x0000000080000654] -> 0x0EB7
mem[X,0x0000000080000656] -> 0x0004
[410] [M]: 0x0000000080000654 (0x00040EB7) lui t4, 0x40
x29 <- 0x0000000000040000

mem[X,0x0000000080000658] -> 0x8E93
mem[X,0x000000008000065A] -> 0xBFFE
[411] [M]: 0x0000000080000658 (0xBFFE8E93) addi t4, t4, -0x401
x29 <- 0x000000000003FBFF

mem[X,0x000000008000065C] -> 0x9E93
mem[X,0x000000008000065E] -> 0x00BE
[412] [M]: 0x000000008000065C (0x00BE9E93) slli t4, t4, 0xb
x29 <- 0x000000001FDFF800

mem[X,0x0000000080000660] -> 0x8E93
mem[X,0x0000000080000662] -> 0x7FFE
[413] [M]: 0x0000000080000660 (0x7FFE8E93) addi t4, t4, 0x7ff
x29 <- 0x000000001FDFFFFF

mem[X,0x0000000080000664] -> 0x9E93
mem[X,0x0000000080000666] -> 0x00BE
[414] [M]: 0x0000000080000664 (0x00BE9E93) slli t4, t4, 0xb
x29 <- 0x000000FEFFFFF800

mem[X,0x0000000080000668] -> 0x8E93
mem[X,0x000000008000066A] -> 0x648E
[415] [M]: 0x0000000080000668 (0x648E8E93) addi t4, t4, 0x648
x29 <- 0x000000FEFFFFFE48

mem[X,0x000000008000066C] -> 0x9E93
mem[X,0x000000008000066E] -> 0x00AE
[416] [M]: 0x000000008000066C (0x00AE9E93) slli t4, t4, 0xa
x29 <- 0x0003FBFFFFF92000

mem[X,0x0000000080000670] -> 0x00B7
mem[X,0x0000000080000672] -> 0x0011
[417] [M]: 0x0000000080000670 (0x001100B7) lui ra, 0x110
x1 <- 0x0000000000110000

mem[X,0x0000000080000674] -> 0x8093
mem[X,0x0000000080000676] -> 0xFF90
[418] [M]: 0x0000000080000674 (0xFF908093) addi ra, ra, -0x7
x1 <- 0x000000000010FFF9

mem[X,0x0000000080000678] -> 0x9093
mem[X,0x000000008000067A] -> 0x00B0
[419] [M]: 0x0000000080000678 (0x00B09093) slli ra, ra, 0xb
x1 <- 0x0000000087FFC800

mem[X,0x000000008000067C] -> 0x8093
mem[X,0x000000008000067E] -> 0x7FF0
[420] [M]: 0x000000008000067C (0x7FF08093) addi ra, ra, 0x7ff
x1 <- 0x0000000087FFCFFF

mem[X,0x0000000080000680] -> 0x9093
mem[X,0x0000000080000682] -> 0x00B0
[421] [M]: 0x0000000080000680 (0x00B09093) slli ra, ra, 0xb
x1 <- 0x0000043FFE7FF800

mem[X,0x0000000080000684] -> 0x8093
mem[X,0x0000000080000686] -> 0x7C00
[422] [M]: 0x0000000080000684 (0x7C008093) addi ra, ra, 0x7c0
x1 <- 0x0000043FFE7FFFC0

mem[X,0x0000000080000688] -> 0x9093
mem[X,0x000000008000068A] -> 0x00A0
[423] [M]: 0x0000000080000688 (0x00A09093) slli ra, ra, 0xa
x1 <- 0x0010FFF9FFFF0000

mem[X,0x000000008000068C] -> 0x8093
mem[X,0x000000008000068E] -> 0x0010
[424] [M]: 0x000000008000068C (0x00108093) addi ra, ra, 0x1
x1 <- 0x0010FFF9FFFF0001

mem[X,0x0000000080000690] -> 0x9B3B
mem[X,0x0000000080000692] -> 0xB01E
[425] [M]: 0x0000000080000690 (0xB01E9B3B) pmulu.h.beo s6, t4, ra
x22 <- 0x0000FE01F8070000

mem[X,0x0000000080000694] -> 0x3423
mem[X,0x0000000080000696] -> 0x0962
[426] [M]: 0x0000000080000694 (0x09623423) sd s6, 0x88(tp)
mem[0x00000000800041A0] <- 0x0000FE01F8070000

mem[X,0x0000000080000698] -> 0x0013
mem[X,0x000000008000069A] -> 0x0000
[427] [M]: 0x0000000080000698 (0x00000013) addi zero, zero, 0x0

mem[X,0x000000008000069C] -> 0x0013
mem[X,0x000000008000069E] -> 0x0000
[428] [M]: 0x000000008000069C (0x00000013) addi zero, zero, 0x0

mem[X,0x00000000800006A0] -> 0x4317
mem[X,0x00000000800006A2] -> 0x0000
[429] [M]: 0x00000000800006A0 (0x00004317) auipc t1, 0x4
x6 <- 0x00000000800046A0

mem[X,0x00000000800006A4] -> 0x0313
mem[X,0x00000000800006A6] -> 0xB083
[430] [M]: 0x00000000800006A4 (0xB0830313) addi t1, t1, -0x4f8
x6 <- 0x00000000800041A8

mem[X,0x00000000800006A8] -> 0x0013
mem[X,0x00000000800006AA] -> 0x0000
[431] [M]: 0x00000000800006A8 (0x00000013) addi zero, zero, 0x0

mem[X,0x00000000800006AC] -> 0x0013
mem[X,0x00000000800006AE] -> 0x0000
[432] [M]: 0x00000000800006AC (0x00000013) addi zero, zero, 0x0

mem[X,0x00000000800006B0] -> 0x0013
mem[X,0x00000000800006B2] -> 0x0000
[433] [M]: 0x00000000800006B0 (0x00000013) addi zero, zero, 0x0

mem[X,0x00000000800006B4] -> 0x0013
mem[X,0x00000000800006B6] -> 0x0000
[434] [M]: 0x00000000800006B4 (0x00000013) addi zero, zero, 0x0

mem[X,0x00000000800006B8] -> 0x0013
mem[X,0x00000000800006BA] -> 0x0000
[435] [M]: 0x00000000800006B8 (0x00000013) addi zero, zero, 0x0

mem[X,0x00000000800006BC] -> 0x0013
mem[X,0x00000000800006BE] -> 0x0000
[436] [M]: 0x00000000800006BC (0x00000013) addi zero, zero, 0x0

mem[X,0x00000000800006C0] -> 0x08B7
mem[X,0x00000000800006C2] -> 0xFFBF
[437] [M]: 0x00000000800006C0 (0xFFBF08B7) lui a7, -0x410
x17 <- 0xFFFFFFFFFFBF0000

mem[X,0x00000000800006C4] -> 0x8893
mem[X,0x00000000800006C6] -> 0x0068
[438] [M]: 0x00000000800006C4 (0x00688893) addi a7, a7, 0x6
x17 <- 0xFFFFFFFFFFBF0006

mem[X,0x00000000800006C8] -> 0x9893
mem[X,0x00000000800006CA] -> 0x00B8
[439] [M]: 0x00000000800006C8 (0x00B89893) slli a7, a7, 0xb
x17 <- 0xFFFFFFFDF8003000

mem[X,0x00000000800006CC] -> 0x8893
mem[X,0x00000000800006CE] -> 0x0108
[440] [M]: 0x00000000800006CC (0x01088893) addi a7, a7, 0x10
x17 <- 0xFFFFFFFDF8003010

mem[X,0x00000000800006D0] -> 0x9893
mem[X,0x00000000800006D2] -> 0x00B8
[441] [M]: 0x00000000800006D0 (0x00B89893) slli a7, a7, 0xb
x17 <- 0xFFFFEFC001808000

mem[X,0x00000000800006D4] -> 0x8893
mem[X,0x00000000800006D6] -> 0x0108
[442] [M]: 0x00000000800006D4 (0x01088893) addi a7, a7, 0x10
x17 <- 0xFFFFEFC001808010

mem[X,0x00000000800006D8] -> 0x9893
mem[X,0x00000000800006DA] -> 0x00A8
[443] [M]: 0x00000000800006D8 (0x00A89893) slli a7, a7, 0xa
x17 <- 0xFFBF000602004000

mem[X,0x00000000800006DC] -> 0xF7B7
mem[X,0x00000000800006DE] -> 0x0001
[444] [M]: 0x00000000800006DC (0x0001F7B7) lui a5, 0x1f
x15 <- 0x000000000001F000

mem[X,0x00000000800006E0] -> 0x8793
mem[X,0x00000000800006E2] -> 0x7FF7
[445] [M]: 0x00000000800006E0 (0x7FF78793) addi a5, a5, 0x7ff
x15 <- 0x000000000001F7FF

mem[X,0x00000000800006E4] -> 0x9793
mem[X,0x00000000800006E6] -> 0x00B7
[446] [M]: 0x00000000800006E4 (0x00B79793) slli a5, a5, 0xb
x15 <- 0x000000000FBFF800

mem[X,0x00000000800006E8] -> 0x8793
mem[X,0x00000000800006EA] -> 0x7FF7
[447] [M]: 0x00000000800006E8 (0x7FF78793) addi a5, a5, 0x7ff
x15 <- 0x000000000FBFFFFF

mem[X,0x00000000800006EC] -> 0x9793
mem[X,0x00000000800006EE] -> 0x00B7
[448] [M]: 0x00000000800006EC (0x00B79793) slli a5, a5, 0xb
x15 <- 0x0000007DFFFFF800

mem[X,0x00000000800006F0] -> 0x8793
mem[X,0x00000000800006F2] -> 0x5FF7
[449] [M]: 0x00000000800006F0 (0x5FF78793) addi a5, a5, 0x5ff
x15 <- 0x0000007DFFFFFDFF

mem[X,0x00000000800006F4] -> 0x9793
mem[X,0x00000000800006F6] -> 0x00A7
[450] [M]: 0x00000000800006F4 (0x00A79793) slli a5, a5, 0xa
x15 <- 0x0001F7FFFFF7FC00

mem[X,0x00000000800006F8] -> 0x8793
mem[X,0x00000000800006FA] -> 0x3DF7
[451] [M]: 0x00000000800006F8 (0x3DF78793) addi a5, a5, 0x3df
x15 <- 0x0001F7FFFFF7FFDF

mem[X,0x00000000800006FC] -> 0x953B
mem[X,0x00000000800006FE] -> 0xB0F8
[452] [M]: 0x00000000800006FC (0xB0F8953B) pmulu.h.beo a0, a7, a5
x10 <- 0x000005CA00000000

mem[X,0x0000000080000700] -> 0x3023
mem[X,0x0000000080000702] -> 0x00A3
[453] [M]: 0x0000000080000700 (0x00A33023) sd a0, 0x0(t1)
mem[0x00000000800041A8] <- 0x000005CA00000000

mem[X,0x0000000080000704] -> 0xB237
mem[X,0x0000000080000706] -> 0xFFFB
[454] [M]: 0x0000000080000704 (0xFFFBB237) lui tp, -0x45
x4 <- 0xFFFFFFFFFFFBB000

mem[X,0x0000000080000708] -> 0x0213
mem[X,0x000000008000070A] -> 0xAAA2
[455] [M]: 0x0000000080000708 (0xAAA20213) addi tp, tp, -0x556
x4 <- 0xFFFFFFFFFFFBAAAA

mem[X,0x000000008000070C] -> 0x1213
mem[X,0x000000008000070E] -> 0x00B2
[456] [M]: 0x000000008000070C (0x00B21213) slli tp, tp, 0xb
x4 <- 0xFFFFFFFFDD555000

mem[X,0x0000000080000710] -> 0x0213
mem[X,0x0000000080000712] -> 0x7FF2
[457] [M]: 0x0000000080000710 (0x7FF20213) addi tp, tp, 0x7ff
x4 <- 0xFFFFFFFFDD5557FF

mem[X,0x0000000080000714] -> 0x1213
mem[X,0x0000000080000716] -> 0x00B2
[458] [M]: 0x0000000080000714 (0x00B21213) slli tp, tp, 0xb
x4 <- 0xFFFFFEEAAABFF800

mem[X,0x0000000080000718] -> 0x0213
mem[X,0x000000008000071A] -> 0x6FF2
[459] [M]: 0x0000000080000718 (0x6FF20213) addi tp, tp, 0x6ff
x4 <- 0xFFFFFEEAAABFFEFF

mem[X,0x000000008000071C] -> 0x1213
mem[X,0x000000008000071E] -> 0x00A2
[460] [M]: 0x000000008000071C (0x00A21213) slli tp, tp, 0xa
x4 <- 0xFFFBAAAAFFFBFC00

mem[X,0x0000000080000720] -> 0x0213
mem[X,0x0000000080000722] -> 0x3FE2
[461] [M]: 0x0000000080000720 (0x3FE20213) addi tp, tp, 0x3fe
x4 <- 0xFFFBAAAAFFFBFFFE

mem[X,0x0000000080000724] -> 0x0137
mem[X,0x0000000080000726] -> 0xC001
[462] [M]: 0x0000000080000724 (0xC0010137) lui sp, -0x3fff0
x2 <- 0xFFFFFFFFC0010000

mem[X,0x0000000080000728] -> 0x0113
mem[X,0x000000008000072A] -> 0xFFE1
[463] [M]: 0x0000000080000728 (0xFFE10113) addi sp, sp, -0x2
x2 <- 0xFFFFFFFFC000FFFE

mem[X,0x000000008000072C] -> 0x1113
mem[X,0x000000008000072E] -> 0x00B1
[464] [M]: 0x000000008000072C (0x00B11113) slli sp, sp, 0xb
x2 <- 0xFFFFFE0007FFF000

mem[X,0x0000000080000730] -> 0x0113
mem[X,0x0000000080000732] -> 0x0001
[465] [M]: 0x0000000080000730 (0x00010113) addi sp, sp, 0x0
x2 <- 0xFFFFFE0007FFF000

mem[X,0x0000000080000734] -> 0x1113
mem[X,0x0000000080000736] -> 0x00B1
[466] [M]: 0x0000000080000734 (0x00B11113) slli sp, sp, 0xb
x2 <- 0xFFF0003FFF800000

mem[X,0x0000000080000738] -> 0x0113
mem[X,0x000000008000073A] -> 0x1801
[467] [M]: 0x0000000080000738 (0x18010113) addi sp, sp, 0x180
x2 <- 0xFFF0003FFF800180

mem[X,0x000000008000073C] -> 0x1113
mem[X,0x000000008000073E] -> 0x00A1
[468] [M]: 0x000000008000073C (0x00A11113) slli sp, sp, 0xa
x2 <- 0xC000FFFE00060000

mem[X,0x0000000080000740] -> 0x0113
mem[X,0x0000000080000742] -> 0x0021
[469] [M]: 0x0000000080000740 (0x00210113) addi sp, sp, 0x2
x2 <- 0xC000FFFE00060002

mem[X,0x0000000080000744] -> 0x19BB
mem[X,0x0000000080000746] -> 0xB022
[470] [M]: 0x0000000080000744 (0xB02219BB) pmulu.h.beo s3, tp, sp
x19 <- 0xBC40A95600000000

mem[X,0x0000000080000748] -> 0x3423
mem[X,0x000000008000074A] -> 0x0133
[471] [M]: 0x0000000080000748 (0x01333423) sd s3, 0x8(t1)
mem[0x00000000800041B0] <- 0xBC40A95600000000

mem[X,0x000000008000074C] -> 0xC0B7
mem[X,0x000000008000074E] -> 0x2000
[472] [M]: 0x000000008000074C (0x2000C0B7) lui ra, 0x2000c
x1 <- 0x000000002000C000

mem[X,0x0000000080000750] -> 0x8093
mem[X,0x0000000080000752] -> 0x0000
[473] [M]: 0x0000000080000750 (0x00008093) addi ra, ra, 0x0
x1 <- 0x000000002000C000

mem[X,0x0000000080000754] -> 0x9093
mem[X,0x0000000080000756] -> 0x00B0
[474] [M]: 0x0000000080000754 (0x00B09093) slli ra, ra, 0xb
x1 <- 0x0000010006000000

mem[X,0x0000000080000758] -> 0x8093
mem[X,0x000000008000075A] -> 0x5FF0
[475] [M]: 0x0000000080000758 (0x5FF08093) addi ra, ra, 0x5ff
x1 <- 0x00000100060005FF

mem[X,0x000000008000075C] -> 0x9093
mem[X,0x000000008000075E] -> 0x00B0
[476] [M]: 0x000000008000075C (0x00B09093) slli ra, ra, 0xb
x1 <- 0x00080030002FF800

mem[X,0x0000000080000760] -> 0x8093
mem[X,0x0000000080000762] -> 0x7FF0
[477] [M]: 0x0000000080000760 (0x7FF08093) addi ra, ra, 0x7ff
x1 <- 0x00080030002FFFFF

mem[X,0x0000000080000764] -> 0x9093
mem[X,0x0000000080000766] -> 0x00A0
[478] [M]: 0x0000000080000764 (0x00A09093) slli ra, ra, 0xa
x1 <- 0x2000C000BFFFFC00

mem[X,0x0000000080000768] -> 0x8093
mem[X,0x000000008000076A] -> 0x3FD0
[479] [M]: 0x0000000080000768 (0x3FD08093) addi ra, ra, 0x3fd
x1 <- 0x2000C000BFFFFFFD

mem[X,0x000000008000076C] -> 0x0E37
mem[X,0x000000008000076E] -> 0xFFFC
[480] [M]: 0x000000008000076C (0xFFFC0E37) lui t3, -0x40
x28 <- 0xFFFFFFFFFFFC0000

mem[X,0x0000000080000770] -> 0x0E13
mem[X,0x0000000080000772] -> 0x200E
[481] [M]: 0x0000000080000770 (0x200E0E13) addi t3, t3, 0x200
x28 <- 0xFFFFFFFFFFFC0200

mem[X,0x0000000080000774] -> 0x1E13
mem[X,0x0000000080000776] -> 0x00BE
[482] [M]: 0x0000000080000774 (0x00BE1E13) slli t3, t3, 0xb
x28 <- 0xFFFFFFFFE0100000

mem[X,0x0000000080000778] -> 0x0E13
mem[X,0x000000008000077A] -> 0x7BFE
[483] [M]: 0x0000000080000778 (0x7BFE0E13) addi t3, t3, 0x7bf
x28 <- 0xFFFFFFFFE01007BF

mem[X,0x000000008000077C] -> 0x1E13
mem[X,0x000000008000077E] -> 0x00BE
[484] [M]: 0x000000008000077C (0x00BE1E13) slli t3, t3, 0xb
x28 <- 0xFFFFFF00803DF800

mem[X,0x0000000080000780] -> 0x0E13
mem[X,0x0000000080000782] -> 0x7C0E
[485] [M]: 0x0000000080000780 (0x7C0E0E13) addi t3, t3, 0x7c0
x28 <- 0xFFFFFF00803DFFC0

mem[X,0x0000000080000784] -> 0x1E13
mem[X,0x0000000080000786] -> 0x00AE
[486] [M]: 0x0000000080000784 (0x00AE1E13) slli t3, t3, 0xa
x28 <- 0xFFFC0200F7FF0000

mem[X,0x0000000080000788] -> 0x0E13
mem[X,0x000000008000078A] -> 0x020E
[487] [M]: 0x0000000080000788 (0x020E0E13) addi t3, t3, 0x20
x28 <- 0xFFFC0200F7FF0020

mem[X,0x000000008000078C] -> 0x96BB
mem[X,0x000000008000078E] -> 0xB1C0
[488] [M]: 0x000000008000078C (0xB1C096BB) pmulu.h.beo a3, ra, t3
x13 <- 0x00000000F6090000

mem[X,0x0000000080000790] -> 0x3823
mem[X,0x0000000080000792] -> 0x00D3
[489] [M]: 0x0000000080000790 (0x00D33823) sd a3, 0x10(t1)
mem[0x00000000800041B8] <- 0x00000000F6090000

mem[X,0x0000000080000794] -> 0x0C37
mem[X,0x0000000080000796] -> 0x8000
[490] [M]: 0x0000000080000794 (0x80000C37) lui s8, -0x80000
x24 <- 0xFFFFFFFF80000000

mem[X,0x0000000080000798] -> 0x0C13
mem[X,0x000000008000079A] -> 0x002C
[491] [M]: 0x0000000080000798 (0x002C0C13) addi s8, s8, 0x2
x24 <- 0xFFFFFFFF80000002

mem[X,0x000000008000079C] -> 0x1C13
mem[X,0x000000008000079E] -> 0x00BC
[492] [M]: 0x000000008000079C (0x00BC1C13) slli s8, s8, 0xb
x24 <- 0xFFFFFC0000001000

mem[X,0x00000000800007A0] -> 0x0C13
mem[X,0x00000000800007A2] -> 0x7FBC
[493] [M]: 0x00000000800007A0 (0x7FBC0C13) addi s8, s8, 0x7fb
x24 <- 0xFFFFFC00000017FB

mem[X,0x00000000800007A4] -> 0x1C13
mem[X,0x00000000800007A6] -> 0x00BC
[494] [M]: 0x00000000800007A4 (0x00BC1C13) slli s8, s8, 0xb
x24 <- 0xFFE0000000BFD800

mem[X,0x00000000800007A8] -> 0x0C13
mem[X,0x00000000800007AA] -> 0x7FFC
[495] [M]: 0x00000000800007A8 (0x7FFC0C13) addi s8, s8, 0x7ff
x24 <- 0xFFE0000000BFDFFF

mem[X,0x00000000800007AC] -> 0x1C13
mem[X,0x00000000800007AE] -> 0x00AC
[496] [M]: 0x00000000800007AC (0x00AC1C13) slli s8, s8, 0xa
x24 <- 0x80000002FF7FFC00

mem[X,0x00000000800007B0] -> 0x0C13
mem[X,0x00000000800007B2] -> 0x3FBC
[497] [M]: 0x00000000800007B0 (0x3FBC0C13) addi s8, s8, 0x3fb
x24 <- 0x80000002FF7FFFFB

mem[X,0x00000000800007B4] -> 0x0F37
mem[X,0x00000000800007B6] -> 0xFFF0
[498] [M]: 0x00000000800007B4 (0xFFF00F37) lui t5, -0x100
x30 <- 0xFFFFFFFFFFF00000

mem[X,0x00000000800007B8] -> 0x0F13
mem[X,0x00000000800007BA] -> 0xF7FF
[499] [M]: 0x00000000800007B8 (0xF7FF0F13) addi t5, t5, -0x81
x30 <- 0xFFFFFFFFFFEFFF7F

clint::tick mtime <- 0x0000000000000005
 clint timer pending at mtime 0x0000000000000005
htif::tick 0x0000000000000000
mem[X,0x00000000800007BC] -> 0x1F13
mem[X,0x00000000800007BE] -> 0x00BF
[500] [M]: 0x00000000800007BC (0x00BF1F13) slli t5, t5, 0xb
x30 <- 0xFFFFFFFF7FFBF800

mem[X,0x00000000800007C0] -> 0x0F13
mem[X,0x00000000800007C2] -> 0x020F
[501] [M]: 0x00000000800007C0 (0x020F0F13) addi t5, t5, 0x20
x30 <- 0xFFFFFFFF7FFBF820

mem[X,0x00000000800007C4] -> 0x1F13
mem[X,0x00000000800007C6] -> 0x00BF
[502] [M]: 0x00000000800007C4 (0x00BF1F13) slli t5, t5, 0xb
x30 <- 0xFFFFFBFFDFC10000

mem[X,0x00000000800007C8] -> 0x0F13
mem[X,0x00000000800007CA] -> 0x015F
[503] [M]: 0x00000000800007C8 (0x015F0F13) addi t5, t5, 0x15
x30 <- 0xFFFFFBFFDFC10015

mem[X,0x00000000800007CC] -> 0x1F13
mem[X,0x00000000800007CE] -> 0x00AF
[504] [M]: 0x00000000800007CC (0x00AF1F13) slli t5, t5, 0xa
x30 <- 0xFFEFFF7F04005400

mem[X,0x00000000800007D0] -> 0x0F13
mem[X,0x00000000800007D2] -> 0x155F
[505] [M]: 0x00000000800007D0 (0x155F0F13) addi t5, t5, 0x155
x30 <- 0xFFEFFF7F04005555

mem[X,0x00000000800007D4] -> 0x113B
mem[X,0x00000000800007D6] -> 0xB1EC
[506] [M]: 0x00000000800007D4 (0xB1EC113B) pmulu.h.beo sp, s8, t5
x2 <- 0x000001FE01FC5357

mem[X,0x00000000800007D8] -> 0x3C23
mem[X,0x00000000800007DA] -> 0x0023
[507] [M]: 0x00000000800007D8 (0x00233C23) sd sp, 0x18(t1)
mem[0x00000000800041C0] <- 0x000001FE01FC5357

mem[X,0x00000000800007DC] -> 0x0AB7
mem[X,0x00000000800007DE] -> 0xAAAA
[508] [M]: 0x00000000800007DC (0xAAAA0AB7) lui s5, -0x55560
x21 <- 0xFFFFFFFFAAAA0000

mem[X,0x00000000800007E0] -> 0x8A93
mem[X,0x00000000800007E2] -> 0x200A
[509] [M]: 0x00000000800007E0 (0x200A8A93) addi s5, s5, 0x200
x21 <- 0xFFFFFFFFAAAA0200

mem[X,0x00000000800007E4] -> 0x9A93
mem[X,0x00000000800007E6] -> 0x00BA
[510] [M]: 0x00000000800007E4 (0x00BA9A93) slli s5, s5, 0xb
x21 <- 0xFFFFFD5550100000

mem[X,0x00000000800007E8] -> 0x8A93
mem[X,0x00000000800007EA] -> 0x000A
[511] [M]: 0x00000000800007E8 (0x000A8A93) addi s5, s5, 0x0
x21 <- 0xFFFFFD5550100000

mem[X,0x00000000800007EC] -> 0x9A93
mem[X,0x00000000800007EE] -> 0x00BA
[512] [M]: 0x00000000800007EC (0x00BA9A93) slli s5, s5, 0xb
x21 <- 0xFFEAAA8080000000

mem[X,0x00000000800007F0] -> 0x8A93
mem[X,0x00000000800007F2] -> 0x07FA
[513] [M]: 0x00000000800007F0 (0x07FA8A93) addi s5, s5, 0x7f
x21 <- 0xFFEAAA808000007F

mem[X,0x00000000800007F4] -> 0x9A93
mem[X,0x00000000800007F6] -> 0x00AA
[514] [M]: 0x00000000800007F4 (0x00AA9A93) slli s5, s5, 0xa
x21 <- 0xAAAA02000001FC00

mem[X,0x00000000800007F8] -> 0x8A93
mem[X,0x00000000800007FA] -> 0x3F7A
[515] [M]: 0x00000000800007F8 (0x3F7A8A93) addi s5, s5, 0x3f7
x21 <- 0xAAAA02000001FFF7

mem[X,0x00000000800007FC] -> 0x0037
mem[X,0x00000000800007FE] -> 0x0006
[516] [M]: 0x00000000800007FC (0x00060037) lui zero, 0x60

mem[X,0x0000000080000800] -> 0x0013
mem[X,0x0000000080000802] -> 0xDFF0
[517] [M]: 0x0000000080000800 (0xDFF00013) addi zero, zero, -0x201

mem[X,0x0000000080000804] -> 0x1013
mem[X,0x0000000080000806] -> 0x00B0
[518] [M]: 0x0000000080000804 (0x00B01013) slli zero, zero, 0xb

mem[X,0x0000000080000808] -> 0x0013
mem[X,0x000000008000080A] -> 0x0200
[519] [M]: 0x0000000080000808 (0x02000013) addi zero, zero, 0x20

mem[X,0x000000008000080C] -> 0x1013
mem[X,0x000000008000080E] -> 0x00B0
[520] [M]: 0x000000008000080C (0x00B01013) slli zero, zero, 0xb

mem[X,0x0000000080000810] -> 0x0013
mem[X,0x0000000080000812] -> 0x0000
[521] [M]: 0x0000000080000810 (0x00000013) addi zero, zero, 0x0

mem[X,0x0000000080000814] -> 0x1013
mem[X,0x0000000080000816] -> 0x00A0
[522] [M]: 0x0000000080000814 (0x00A01013) slli zero, zero, 0xa

mem[X,0x0000000080000818] -> 0x0013
mem[X,0x000000008000081A] -> 0x0800
[523] [M]: 0x0000000080000818 (0x08000013) addi zero, zero, 0x80

mem[X,0x000000008000081C] -> 0x92BB
mem[X,0x000000008000081E] -> 0xB00A
[524] [M]: 0x000000008000081C (0xB00A92BB) pmulu.h.beo t0, s5, zero
x5 <- 0x0000000000000000

mem[X,0x0000000080000820] -> 0x3023
mem[X,0x0000000080000822] -> 0x0253
[525] [M]: 0x0000000080000820 (0x02533023) sd t0, 0x20(t1)
mem[0x00000000800041C8] <- 0x0000000000000000

mem[X,0x0000000080000824] -> 0x52B7
mem[X,0x0000000080000826] -> 0xEFFF
[526] [M]: 0x0000000080000824 (0xEFFF52B7) lui t0, -0x1000b
x5 <- 0xFFFFFFFFEFFF5000

mem[X,0x0000000080000828] -> 0x8293
mem[X,0x000000008000082A] -> 0x5552
[527] [M]: 0x0000000080000828 (0x55528293) addi t0, t0, 0x555
x5 <- 0xFFFFFFFFEFFF5555

mem[X,0x000000008000082C] -> 0x9293
mem[X,0x000000008000082E] -> 0x00B2
[528] [M]: 0x000000008000082C (0x00B29293) slli t0, t0, 0xb
x5 <- 0xFFFFFF7FFAAAA800

mem[X,0x0000000080000830] -> 0x8293
mem[X,0x0000000080000832] -> 0x0202
[529] [M]: 0x0000000080000830 (0x02028293) addi t0, t0, 0x20
x5 <- 0xFFFFFF7FFAAAA820

mem[X,0x0000000080000834] -> 0x9293
mem[X,0x0000000080000836] -> 0x00B2
[530] [M]: 0x0000000080000834 (0x00B29293) slli t0, t0, 0xb
x5 <- 0xFFFBFFD555410000

mem[X,0x0000000080000838] -> 0x8293
mem[X,0x000000008000083A] -> 0x03F2
[531] [M]: 0x0000000080000838 (0x03F28293) addi t0, t0, 0x3f
x5 <- 0xFFFBFFD55541003F

mem[X,0x000000008000083C] -> 0x9293
mem[X,0x000000008000083E] -> 0x00A2
[532] [M]: 0x000000008000083C (0x00A29293) slli t0, t0, 0xa
x5 <- 0xEFFF55550400FC00

mem[X,0x0000000080000840] -> 0x8293
mem[X,0x0000000080000842] -> 0x3EF2
[533] [M]: 0x0000000080000840 (0x3EF28293) addi t0, t0, 0x3ef
x5 <- 0xEFFF55550400FFEF

mem[X,0x0000000080000844] -> 0x0937
mem[X,0x0000000080000846] -> 0x0000
[534] [M]: 0x0000000080000844 (0x00000937) lui s2, 0x0
x18 <- 0x0000000000000000

mem[X,0x0000000080000848] -> 0x0913
mem[X,0x000000008000084A] -> 0xEFF9
[535] [M]: 0x0000000080000848 (0xEFF90913) addi s2, s2, -0x101
x18 <- 0xFFFFFFFFFFFFFEFF

mem[X,0x000000008000084C] -> 0x1913
mem[X,0x000000008000084E] -> 0x00B9
[536] [M]: 0x000000008000084C (0x00B91913) slli s2, s2, 0xb
x18 <- 0xFFFFFFFFFFF7F800

mem[X,0x0000000080000850] -> 0x0913
mem[X,0x0000000080000852] -> 0x0009
[537] [M]: 0x0000000080000850 (0x00090913) addi s2, s2, 0x0
x18 <- 0xFFFFFFFFFFF7F800

mem[X,0x0000000080000854] -> 0x1913
mem[X,0x0000000080000856] -> 0x00B9
[538] [M]: 0x0000000080000854 (0x00B91913) slli s2, s2, 0xb
x18 <- 0xFFFFFFFFBFC00000

mem[X,0x0000000080000858] -> 0x0913
mem[X,0x000000008000085A] -> 0x4009
[539] [M]: 0x0000000080000858 (0x40090913) addi s2, s2, 0x400
x18 <- 0xFFFFFFFFBFC00400

mem[X,0x000000008000085C] -> 0x1913
mem[X,0x000000008000085E] -> 0x00A9
[540] [M]: 0x000000008000085C (0x00A91913) slli s2, s2, 0xa
x18 <- 0xFFFFFEFF00100000

mem[X,0x0000000080000860] -> 0x0913
mem[X,0x0000000080000862] -> 0x0059
[541] [M]: 0x0000000080000860 (0x00590913) addi s2, s2, 0x5
x18 <- 0xFFFFFEFF00100005

mem[X,0x0000000080000864] -> 0x903B
mem[X,0x0000000080000866] -> 0xB122
[542] [M]: 0x0000000080000864 (0xB122903B) pmulu.h.beo zero, t0, s2

mem[X,0x0000000080000868] -> 0x3423
mem[X,0x000000008000086A] -> 0x0203
[543] [M]: 0x0000000080000868 (0x02033423) sd zero, 0x28(t1)
mem[0x00000000800041D0] <- 0x0000000000000000

mem[X,0x000000008000086C] -> 0x19B7
mem[X,0x000000008000086E] -> 0x0007
[544] [M]: 0x000000008000086C (0x000719B7) lui s3, 0x71
x19 <- 0x0000000000071000

mem[X,0x0000000080000870] -> 0x8993
mem[X,0x0000000080000872] -> 0x0009
[545] [M]: 0x0000000080000870 (0x00098993) addi s3, s3, 0x0
x19 <- 0x0000000000071000

mem[X,0x0000000080000874] -> 0x9993
mem[X,0x0000000080000876] -> 0x00B9
[546] [M]: 0x0000000080000874 (0x00B99993) slli s3, s3, 0xb
x19 <- 0x0000000038800000

mem[X,0x0000000080000878] -> 0x8993
mem[X,0x000000008000087A] -> 0x6FF9
[547] [M]: 0x0000000080000878 (0x6FF98993) addi s3, s3, 0x6ff
x19 <- 0x00000000388006FF

mem[X,0x000000008000087C] -> 0x9993
mem[X,0x000000008000087E] -> 0x00B9
[548] [M]: 0x000000008000087C (0x00B99993) slli s3, s3, 0xb
x19 <- 0x000001C40037F800

mem[X,0x0000000080000880] -> 0x8993
mem[X,0x0000000080000882] -> 0x7FF9
[549] [M]: 0x0000000080000880 (0x7FF98993) addi s3, s3, 0x7ff
x19 <- 0x000001C40037FFFF

mem[X,0x0000000080000884] -> 0x9993
mem[X,0x0000000080000886] -> 0x00A9
[550] [M]: 0x0000000080000884 (0x00A99993) slli s3, s3, 0xa
x19 <- 0x00071000DFFFFC00

mem[X,0x0000000080000888] -> 0x8993
mem[X,0x000000008000088A] -> 0x3DF9
[551] [M]: 0x0000000080000888 (0x3DF98993) addi s3, s3, 0x3df
x19 <- 0x00071000DFFFFFDF

mem[X,0x000000008000088C] -> 0x0AB7
mem[X,0x000000008000088E] -> 0xFFBF
[552] [M]: 0x000000008000088C (0xFFBF0AB7) lui s5, -0x410
x21 <- 0xFFFFFFFFFFBF0000

mem[X,0x0000000080000890] -> 0x8A93
mem[X,0x0000000080000892] -> 0x003A
[553] [M]: 0x0000000080000890 (0x003A8A93) addi s5, s5, 0x3
x21 <- 0xFFFFFFFFFFBF0003

mem[X,0x0000000080000894] -> 0x9A93
mem[X,0x0000000080000896] -> 0x00BA
[554] [M]: 0x0000000080000894 (0x00BA9A93) slli s5, s5, 0xb
x21 <- 0xFFFFFFFDF8001800

mem[X,0x0000000080000898] -> 0x8A93
mem[X,0x000000008000089A] -> 0x7FFA
[555] [M]: 0x0000000080000898 (0x7FFA8A93) addi s5, s5, 0x7ff
x21 <- 0xFFFFFFFDF8001FFF

mem[X,0x000000008000089C] -> 0x9A93
mem[X,0x000000008000089E] -> 0x00BA
[556] [M]: 0x000000008000089C (0x00BA9A93) slli s5, s5, 0xb
x21 <- 0xFFFFEFC000FFF800

mem[X,0x00000000800008A0] -> 0x8A93
mem[X,0x00000000800008A2] -> 0x700A
[557] [M]: 0x00000000800008A0 (0x700A8A93) addi s5, s5, 0x700
x21 <- 0xFFFFEFC000FFFF00

mem[X,0x00000000800008A4] -> 0x9A93
mem[X,0x00000000800008A6] -> 0x00AA
[558] [M]: 0x00000000800008A4 (0x00AA9A93) slli s5, s5, 0xa
x21 <- 0xFFBF0003FFFC0000

mem[X,0x00000000800008A8] -> 0x8A93
mem[X,0x00000000800008AA] -> 0x007A
[559] [M]: 0x00000000800008A8 (0x007A8A93) addi s5, s5, 0x7
x21 <- 0xFFBF0003FFFC0007

mem[X,0x00000000800008AC] -> 0x9E3B
mem[X,0x00000000800008AE] -> 0xB159
[560] [M]: 0x00000000800008AC (0xB1599E3B) pmulu.h.beo t3, s3, s5
x28 <- 0x06F90000FE010000

mem[X,0x00000000800008B0] -> 0x3823
mem[X,0x00000000800008B2] -> 0x03C3
[561] [M]: 0x00000000800008B0 (0x03C33823) sd t3, 0x30(t1)
mem[0x00000000800041D8] <- 0x06F90000FE010000

mem[X,0x00000000800008B4] -> 0xC1B7
mem[X,0x00000000800008B6] -> 0xFFFC
[562] [M]: 0x00000000800008B4 (0xFFFCC1B7) lui gp, -0x34
x3 <- 0xFFFFFFFFFFFCC000

mem[X,0x00000000800008B8] -> 0x8193
mem[X,0x00000000800008BA] -> 0x0001
[563] [M]: 0x00000000800008B8 (0x00018193) addi gp, gp, 0x0
x3 <- 0xFFFFFFFFFFFCC000

mem[X,0x00000000800008BC] -> 0x9193
mem[X,0x00000000800008BE] -> 0x00B1
[564] [M]: 0x00000000800008BC (0x00B19193) slli gp, gp, 0xb
x3 <- 0xFFFFFFFFE6000000

mem[X,0x00000000800008C0] -> 0x8193
mem[X,0x00000000800008C2] -> 0x0401
[565] [M]: 0x00000000800008C0 (0x04018193) addi gp, gp, 0x40
x3 <- 0xFFFFFFFFE6000040

mem[X,0x00000000800008C4] -> 0x9193
mem[X,0x00000000800008C6] -> 0x00B1
[566] [M]: 0x00000000800008C4 (0x00B19193) slli gp, gp, 0xb
x3 <- 0xFFFFFF3000020000

mem[X,0x00000000800008C8] -> 0x8193
mem[X,0x00000000800008CA] -> 0x03F1
[567] [M]: 0x00000000800008C8 (0x03F18193) addi gp, gp, 0x3f
x3 <- 0xFFFFFF300002003F

mem[X,0x00000000800008CC] -> 0x9193
mem[X,0x00000000800008CE] -> 0x00A1
[568] [M]: 0x00000000800008CC (0x00A19193) slli gp, gp, 0xa
x3 <- 0xFFFCC0000800FC00

mem[X,0x00000000800008D0] -> 0x8193
mem[X,0x00000000800008D2] -> 0x3BF1
[569] [M]: 0x00000000800008D0 (0x3BF18193) addi gp, gp, 0x3bf
x3 <- 0xFFFCC0000800FFBF

mem[X,0x00000000800008D4] -> 0x0237
mem[X,0x00000000800008D6] -> 0x0007
[570] [M]: 0x00000000800008D4 (0x00070237) lui tp, 0x70
x4 <- 0x0000000000070000

mem[X,0x00000000800008D8] -> 0x0213
mem[X,0x00000000800008DA] -> 0x2002
[571] [M]: 0x00000000800008D8 (0x20020213) addi tp, tp, 0x200
x4 <- 0x0000000000070200

mem[X,0x00000000800008DC] -> 0x1213
mem[X,0x00000000800008DE] -> 0x00B2
[572] [M]: 0x00000000800008DC (0x00B21213) slli tp, tp, 0xb
x4 <- 0x0000000038100000

mem[X,0x00000000800008E0] -> 0x0213
mem[X,0x00000000800008E2] -> 0x7FF2
[573] [M]: 0x00000000800008E0 (0x7FF20213) addi tp, tp, 0x7ff
x4 <- 0x00000000381007FF

mem[X,0x00000000800008E4] -> 0x1213
mem[X,0x00000000800008E6] -> 0x00B2
[574] [M]: 0x00000000800008E4 (0x00B21213) slli tp, tp, 0xb
x4 <- 0x000001C0803FF800

mem[X,0x00000000800008E8] -> 0x0213
mem[X,0x00000000800008EA] -> 0x62F2
[575] [M]: 0x00000000800008E8 (0x62F20213) addi tp, tp, 0x62f
x4 <- 0x000001C0803FFE2F

mem[X,0x00000000800008EC] -> 0x1213
mem[X,0x00000000800008EE] -> 0x00A2
[576] [M]: 0x00000000800008EC (0x00A21213) slli tp, tp, 0xa
x4 <- 0x00070200FFF8BC00

mem[X,0x00000000800008F0] -> 0x0213
mem[X,0x00000000800008F2] -> 0x3FF2
[577] [M]: 0x00000000800008F0 (0x3FF20213) addi tp, tp, 0x3ff
x4 <- 0x00070200FFF8BFFF

mem[X,0x00000000800008F4] -> 0x9CBB
mem[X,0x00000000800008F6] -> 0xB041
[578] [M]: 0x00000000800008F4 (0xB0419CBB) pmulu.h.beo s9, gp, tp
x25 <- 0x0000000000008E81

mem[X,0x00000000800008F8] -> 0x3C23
mem[X,0x00000000800008FA] -> 0x0393
[579] [M]: 0x00000000800008F8 (0x03933C23) sd s9, 0x38(t1)
mem[0x00000000800041E0] <- 0x0000000000008E81

mem[X,0x00000000800008FC] -> 0x0B37
mem[X,0x00000000800008FE] -> 0x8001
[580] [M]: 0x00000000800008FC (0x80010B37) lui s6, -0x7fff0
x22 <- 0xFFFFFFFF80010000

mem[X,0x0000000080000900] -> 0x0B13
mem[X,0x0000000080000902] -> 0xFEFB
[581] [M]: 0x0000000080000900 (0xFEFB0B13) addi s6, s6, -0x11
x22 <- 0xFFFFFFFF8000FFEF

mem[X,0x0000000080000904] -> 0x1B13
mem[X,0x0000000080000906] -> 0x00BB
[582] [M]: 0x0000000080000904 (0x00BB1B13) slli s6, s6, 0xb
x22 <- 0xFFFFFC0007FF7800

mem[X,0x0000000080000908] -> 0x0B13
mem[X,0x000000008000090A] -> 0x7F7B
[583] [M]: 0x0000000080000908 (0x7F7B0B13) addi s6, s6, 0x7f7
x22 <- 0xFFFFFC0007FF7FF7

mem[X,0x000000008000090C] -> 0x1B13
mem[X,0x000000008000090E] -> 0x00BB
[584] [M]: 0x000000008000090C (0x00BB1B13) slli s6, s6, 0xb
x22 <- 0xFFE0003FFBFFB800

mem[X,0x0000000080000910] -> 0x0B13
mem[X,0x0000000080000912] -> 0x7FFB
[585] [M]: 0x0000000080000910 (0x7FFB0B13) addi s6, s6, 0x7ff
x22 <- 0xFFE0003FFBFFBFFF

mem[X,0x0000000080000914] -> 0x1B13
mem[X,0x0000000080000916] -> 0x00AB
[586] [M]: 0x0000000080000914 (0x00AB1B13) slli s6, s6, 0xa
x22 <- 0x8000FFEFFEFFFC00

mem[X,0x0000000080000918] -> 0x0B13
mem[X,0x000000008000091A] -> 0x37FB
[587] [M]: 0x0000000080000918 (0x37FB0B13) addi s6, s6, 0x37f
x22 <- 0x8000FFEFFEFFFF7F

mem[X,0x000000008000091C] -> 0x0EB7
mem[X,0x000000008000091E] -> 0x0201
[588] [M]: 0x000000008000091C (0x02010EB7) lui t4, 0x2010
x29 <- 0x0000000002010000

mem[X,0x0000000080000920] -> 0x8E93
mem[X,0x0000000080000922] -> 0xDFFE
[589] [M]: 0x0000000080000920 (0xDFFE8E93) addi t4, t4, -0x201
x29 <- 0x000000000200FDFF

mem[X,0x0000000080000924] -> 0x9E93
mem[X,0x0000000080000926] -> 0x00BE
[590] [M]: 0x0000000080000924 (0x00BE9E93) slli t4, t4, 0xb
x29 <- 0x0000001007EFF800

mem[X,0x0000000080000928] -> 0x8E93
mem[X,0x000000008000092A] -> 0x7FFE
[591] [M]: 0x0000000080000928 (0x7FFE8E93) addi t4, t4, 0x7ff
x29 <- 0x0000001007EFFFFF

mem[X,0x000000008000092C] -> 0x9E93
mem[X,0x000000008000092E] -> 0x00BE
[592] [M]: 0x000000008000092C (0x00BE9E93) slli t4, t4, 0xb
x29 <- 0x0000803F7FFFF800

mem[X,0x0000000080000930] -> 0x8E93
mem[X,0x0000000080000932] -> 0x700E
[593] [M]: 0x0000000080000930 (0x700E8E93) addi t4, t4, 0x700
x29 <- 0x0000803F7FFFFF00

mem[X,0x0000000080000934] -> 0x9E93
mem[X,0x0000000080000936] -> 0x00AE
[594] [M]: 0x0000000080000934 (0x00AE9E93) slli t4, t4, 0xa
x29 <- 0x0200FDFFFFFC0000

mem[X,0x0000000080000938] -> 0x1ABB
mem[X,0x000000008000093A] -> 0xB1DB
[595] [M]: 0x0000000080000938 (0xB1DB1ABB) pmulu.h.beo s5, s6, t4
x21 <- 0x0000EC33FE010000

mem[X,0x000000008000093C] -> 0x3023
mem[X,0x000000008000093E] -> 0x0553
[596] [M]: 0x000000008000093C (0x05533023) sd s5, 0x40(t1)
mem[0x00000000800041E8] <- 0x0000EC33FE010000

mem[X,0x0000000080000940] -> 0x0E37
mem[X,0x0000000080000942] -> 0x0081
[597] [M]: 0x0000000080000940 (0x00810E37) lui t3, 0x810
x28 <- 0x0000000000810000

mem[X,0x0000000080000944] -> 0x0E13
mem[X,0x0000000080000946] -> 0xFEFE
[598] [M]: 0x0000000080000944 (0xFEFE0E13) addi t3, t3, -0x11
x28 <- 0x000000000080FFEF

mem[X,0x0000000080000948] -> 0x1E13
mem[X,0x000000008000094A] -> 0x00BE
[599] [M]: 0x0000000080000948 (0x00BE1E13) slli t3, t3, 0xb
x28 <- 0x0000000407FF7800

clint::tick mtime <- 0x0000000000000006
 clint timer pending at mtime 0x0000000000000006
htif::tick 0x0000000000000000
mem[X,0x000000008000094C] -> 0x0E13
mem[X,0x000000008000094E] -> 0x000E
[600] [M]: 0x000000008000094C (0x000E0E13) addi t3, t3, 0x0
x28 <- 0x0000000407FF7800

mem[X,0x0000000080000950] -> 0x1E13
mem[X,0x0000000080000952] -> 0x00BE
[601] [M]: 0x0000000080000950 (0x00BE1E13) slli t3, t3, 0xb
x28 <- 0x0000203FFBC00000

mem[X,0x0000000080000954] -> 0x0E13
mem[X,0x0000000080000956] -> 0x17FE
[602] [M]: 0x0000000080000954 (0x17FE0E13) addi t3, t3, 0x17f
x28 <- 0x0000203FFBC0017F

mem[X,0x0000000080000958] -> 0x1E13
mem[X,0x000000008000095A] -> 0x00AE
[603] [M]: 0x0000000080000958 (0x00AE1E13) slli t3, t3, 0xa
x28 <- 0x0080FFEF0005FC00

mem[X,0x000000008000095C] -> 0x0E13
mem[X,0x000000008000095E] -> 0x2FFE
[604] [M]: 0x000000008000095C (0x2FFE0E13) addi t3, t3, 0x2ff
x28 <- 0x0080FFEF0005FEFF

mem[X,0x0000000080000960] -> 0x0437
mem[X,0x0000000080000962] -> 0xFFFC
[605] [M]: 0x0000000080000960 (0xFFFC0437) lui fp, -0x40
x8 <- 0xFFFFFFFFFFFC0000

mem[X,0x0000000080000964] -> 0x0413
mem[X,0x0000000080000966] -> 0xFF64
[606] [M]: 0x0000000080000964 (0xFF640413) addi fp, fp, -0xa
x8 <- 0xFFFFFFFFFFFBFFF6

mem[X,0x0000000080000968] -> 0x1413
mem[X,0x000000008000096A] -> 0x00B4
[607] [M]: 0x0000000080000968 (0x00B41413) slli fp, fp, 0xb
x8 <- 0xFFFFFFFFDFFFB000

mem[X,0x000000008000096C] -> 0x0413
mem[X,0x000000008000096E] -> 0x0104
[608] [M]: 0x000000008000096C (0x01040413) addi fp, fp, 0x10
x8 <- 0xFFFFFFFFDFFFB010

mem[X,0x0000000080000970] -> 0x1413
mem[X,0x0000000080000972] -> 0x00B4
[609] [M]: 0x0000000080000970 (0x00B41413) slli fp, fp, 0xb
x8 <- 0xFFFFFEFFFD808000

mem[X,0x0000000080000974] -> 0x0413
mem[X,0x0000000080000976] -> 0x0004
[610] [M]: 0x0000000080000974 (0x00040413) addi fp, fp, 0x0
x8 <- 0xFFFFFEFFFD808000

mem[X,0x0000000080000978] -> 0x1413
mem[X,0x000000008000097A] -> 0x00A4
[611] [M]: 0x0000000080000978 (0x00A41413) slli fp, fp, 0xa
x8 <- 0xFFFBFFF602000000

mem[X,0x000000008000097C] -> 0x0413
mem[X,0x000000008000097E] -> 0x0034
[612] [M]: 0x000000008000097C (0x00340413) addi fp, fp, 0x3
x8 <- 0xFFFBFFF602000003

mem[X,0x0000000080000980] -> 0x10BB
mem[X,0x0000000080000982] -> 0xB08E
[613] [M]: 0x0000000080000980 (0xB08E10BB) pmulu.h.beo ra, t3, fp
x1 <- 0x7F80EE11000A0000

mem[X,0x0000000080000984] -> 0x3423
mem[X,0x0000000080000986] -> 0x0413
[614] [M]: 0x0000000080000984 (0x04133423) sd ra, 0x48(t1)
mem[0x00000000800041F0] <- 0x7F80EE11000A0000

mem[X,0x0000000080000988] -> 0x5FB7
mem[X,0x000000008000098A] -> 0x0001
[615] [M]: 0x0000000080000988 (0x00015FB7) lui t6, 0x15
x31 <- 0x0000000000015000

mem[X,0x000000008000098C] -> 0x8F93
mem[X,0x000000008000098E] -> 0x555F
[616] [M]: 0x000000008000098C (0x555F8F93) addi t6, t6, 0x555
x31 <- 0x0000000000015555

mem[X,0x0000000080000990] -> 0x9F93
mem[X,0x0000000080000992] -> 0x00BF
[617] [M]: 0x0000000080000990 (0x00BF9F93) slli t6, t6, 0xb
x31 <- 0x000000000AAAA800

mem[X,0x0000000080000994] -> 0x8F93
mem[X,0x0000000080000996] -> 0x7DFF
[618] [M]: 0x0000000080000994 (0x7DFF8F93) addi t6, t6, 0x7df
x31 <- 0x000000000AAAAFDF

mem[X,0x0000000080000998] -> 0x9F93
mem[X,0x000000008000099A] -> 0x00BF
[619] [M]: 0x0000000080000998 (0x00BF9F93) slli t6, t6, 0xb
x31 <- 0x00000055557EF800

mem[X,0x000000008000099C] -> 0x8F93
mem[X,0x000000008000099E] -> 0x7FFF
[620] [M]: 0x000000008000099C (0x7FFF8F93) addi t6, t6, 0x7ff
x31 <- 0x00000055557EFFFF

mem[X,0x00000000800009A0] -> 0x9F93
mem[X,0x00000000800009A2] -> 0x00AF
[621] [M]: 0x00000000800009A0 (0x00AF9F93) slli t6, t6, 0xa
x31 <- 0x00015555FBFFFC00

mem[X,0x00000000800009A4] -> 0x8F93
mem[X,0x00000000800009A6] -> 0x1FFF
[622] [M]: 0x00000000800009A4 (0x1FFF8F93) addi t6, t6, 0x1ff
x31 <- 0x00015555FBFFFDFF

mem[X,0x00000000800009A8] -> 0x0737
mem[X,0x00000000800009AA] -> 0xFFF9
[623] [M]: 0x00000000800009A8 (0xFFF90737) lui a4, -0x70
x14 <- 0xFFFFFFFFFFF90000

mem[X,0x00000000800009AC] -> 0x0713
mem[X,0x00000000800009AE] -> 0x0207
[624] [M]: 0x00000000800009AC (0x02070713) addi a4, a4, 0x20
x14 <- 0xFFFFFFFFFFF90020

mem[X,0x00000000800009B0] -> 0x1713
mem[X,0x00000000800009B2] -> 0x00B7
[625] [M]: 0x00000000800009B0 (0x00B71713) slli a4, a4, 0xb
x14 <- 0xFFFFFFFFC8010000

mem[X,0x00000000800009B4] -> 0x0713
mem[X,0x00000000800009B6] -> 0x5557
[626] [M]: 0x00000000800009B4 (0x55570713) addi a4, a4, 0x555
x14 <- 0xFFFFFFFFC8010555

mem[X,0x00000000800009B8] -> 0x1713
mem[X,0x00000000800009BA] -> 0x00B7
[627] [M]: 0x00000000800009B8 (0x00B71713) slli a4, a4, 0xb
x14 <- 0xFFFFFE40082AA800

mem[X,0x00000000800009BC] -> 0x0713
mem[X,0x00000000800009BE] -> 0x2957
[628] [M]: 0x00000000800009BC (0x29570713) addi a4, a4, 0x295
x14 <- 0xFFFFFE40082AAA95

mem[X,0x00000000800009C0] -> 0x1713
mem[X,0x00000000800009C2] -> 0x00A7
[629] [M]: 0x00000000800009C0 (0x00A71713) slli a4, a4, 0xa
x14 <- 0xFFF90020AAAA5400

mem[X,0x00000000800009C4] -> 0x0713
mem[X,0x00000000800009C6] -> 0x1557
[630] [M]: 0x00000000800009C4 (0x15570713) addi a4, a4, 0x155
x14 <- 0xFFF90020AAAA5555

mem[X,0x00000000800009C8] -> 0x923B
mem[X,0x00000000800009CA] -> 0xB0EF
[631] [M]: 0x00000000800009C8 (0xB0EF923B) pmulu.h.beo tp, t6, a4
x4 <- 0x00FF0000A95654AB

mem[X,0x00000000800009CC] -> 0x3823
mem[X,0x00000000800009CE] -> 0x0443
[632] [M]: 0x00000000800009CC (0x04433823) sd tp, 0x50(t1)
mem[0x00000000800041F8] <- 0x00FF0000A95654AB

mem[X,0x00000000800009D0] -> 0x05B7
mem[X,0x00000000800009D2] -> 0x0080
[633] [M]: 0x00000000800009D0 (0x008005B7) lui a1, 0x800
x11 <- 0x0000000000800000

mem[X,0x00000000800009D4] -> 0x8593
mem[X,0x00000000800009D6] -> 0x0105
[634] [M]: 0x00000000800009D4 (0x01058593) addi a1, a1, 0x10
x11 <- 0x0000000000800010

mem[X,0x00000000800009D8] -> 0x9593
mem[X,0x00000000800009DA] -> 0x00B5
[635] [M]: 0x00000000800009D8 (0x00B59593) slli a1, a1, 0xb
x11 <- 0x0000000400008000

mem[X,0x00000000800009DC] -> 0x8593
mem[X,0x00000000800009DE] -> 0x7FE5
[636] [M]: 0x00000000800009DC (0x7FE58593) addi a1, a1, 0x7fe
x11 <- 0x00000004000087FE

mem[X,0x00000000800009E0] -> 0x9593
mem[X,0x00000000800009E2] -> 0x00B5
[637] [M]: 0x00000000800009E0 (0x00B59593) slli a1, a1, 0xb
x11 <- 0x00002000043FF000

mem[X,0x00000000800009E4] -> 0x8593
mem[X,0x00000000800009E6] -> 0x7FE5
[638] [M]: 0x00000000800009E4 (0x7FE58593) addi a1, a1, 0x7fe
x11 <- 0x00002000043FF7FE

mem[X,0x00000000800009E8] -> 0x9593
mem[X,0x00000000800009EA] -> 0x00A5
[639] [M]: 0x00000000800009E8 (0x00A59593) slli a1, a1, 0xa
x11 <- 0x00800010FFDFF800

mem[X,0x00000000800009EC] -> 0x8593
mem[X,0x00000000800009EE] -> 0x3FF5
[640] [M]: 0x00000000800009EC (0x3FF58593) addi a1, a1, 0x3ff
x11 <- 0x00800010FFDFFBFF

mem[X,0x00000000800009F0] -> 0x09B7
mem[X,0x00000000800009F2] -> 0x4000
[641] [M]: 0x00000000800009F0 (0x400009B7) lui s3, 0x40000
x19 <- 0x0000000040000000

mem[X,0x00000000800009F4] -> 0x8993
mem[X,0x00000000800009F6] -> 0xFDF9
[642] [M]: 0x00000000800009F4 (0xFDF98993) addi s3, s3, -0x21
x19 <- 0x000000003FFFFFDF

mem[X,0x00000000800009F8] -> 0x9993
mem[X,0x00000000800009FA] -> 0x00B9
[643] [M]: 0x00000000800009F8 (0x00B99993) slli s3, s3, 0xb
x19 <- 0x000001FFFFFEF800

mem[X,0x00000000800009FC] -> 0x8993
mem[X,0x00000000800009FE] -> 0x0409
[644] [M]: 0x00000000800009FC (0x04098993) addi s3, s3, 0x40
x19 <- 0x000001FFFFFEF840

mem[X,0x0000000080000A00] -> 0x9993
mem[X,0x0000000080000A02] -> 0x00B9
[645] [M]: 0x0000000080000A00 (0x00B99993) slli s3, s3, 0xb
x19 <- 0x000FFFFFF7C20000

mem[X,0x0000000080000A04] -> 0x8993
mem[X,0x0000000080000A06] -> 0x0009
[646] [M]: 0x0000000080000A04 (0x00098993) addi s3, s3, 0x0
x19 <- 0x000FFFFFF7C20000

mem[X,0x0000000080000A08] -> 0x9993
mem[X,0x0000000080000A0A] -> 0x00A9
[647] [M]: 0x0000000080000A08 (0x00A99993) slli s3, s3, 0xa
x19 <- 0x3FFFFFDF08000000

mem[X,0x0000000080000A0C] -> 0x8993
mem[X,0x0000000080000A0E] -> 0x0059
[648] [M]: 0x0000000080000A0C (0x00598993) addi s3, s3, 0x5
x19 <- 0x3FFFFFDF08000005

mem[X,0x0000000080000A10] -> 0x9C3B
mem[X,0x0000000080000A12] -> 0xB135
[649] [M]: 0x0000000080000A10 (0xB1359C3B) pmulu.h.beo s8, a1, s3
x24 <- 0x1F800FF006F80000

mem[X,0x0000000080000A14] -> 0x3C23
mem[X,0x0000000080000A16] -> 0x0583
[650] [M]: 0x0000000080000A14 (0x05833C23) sd s8, 0x58(t1)
mem[0x0000000080004200] <- 0x1F800FF006F80000

mem[X,0x0000000080000A18] -> 0x04B7
mem[X,0x0000000080000A1A] -> 0xFFF8
[651] [M]: 0x0000000080000A18 (0xFFF804B7) lui s1, -0x80
x9 <- 0xFFFFFFFFFFF80000

mem[X,0x0000000080000A1C] -> 0x8493
mem[X,0x0000000080000A1E] -> 0xFFE4
[652] [M]: 0x0000000080000A1C (0xFFE48493) addi s1, s1, -0x2
x9 <- 0xFFFFFFFFFFF7FFFE

mem[X,0x0000000080000A20] -> 0x9493
mem[X,0x0000000080000A22] -> 0x00B4
[653] [M]: 0x0000000080000A20 (0x00B49493) slli s1, s1, 0xb
x9 <- 0xFFFFFFFFBFFFF000

mem[X,0x0000000080000A24] -> 0x8493
mem[X,0x0000000080000A26] -> 0x0004
[654] [M]: 0x0000000080000A24 (0x00048493) addi s1, s1, 0x0
x9 <- 0xFFFFFFFFBFFFF000

mem[X,0x0000000080000A28] -> 0x9493
mem[X,0x0000000080000A2A] -> 0x00B4
[655] [M]: 0x0000000080000A28 (0x00B49493) slli s1, s1, 0xb
x9 <- 0xFFFFFDFFFF800000

mem[X,0x0000000080000A2C] -> 0x8493
mem[X,0x0000000080000A2E] -> 0x23D4
[656] [M]: 0x0000000080000A2C (0x23D48493) addi s1, s1, 0x23d
x9 <- 0xFFFFFDFFFF80023D

mem[X,0x0000000080000A30] -> 0x9493
mem[X,0x0000000080000A32] -> 0x00A4
[657] [M]: 0x0000000080000A30 (0x00A49493) slli s1, s1, 0xa
x9 <- 0xFFF7FFFE0008F400

mem[X,0x0000000080000A34] -> 0x8493
mem[X,0x0000000080000A36] -> 0x3FF4
[658] [M]: 0x0000000080000A34 (0x3FF48493) addi s1, s1, 0x3ff
x9 <- 0xFFF7FFFE0008F7FF

mem[X,0x0000000080000A38] -> 0x0C37
mem[X,0x0000000080000A3A] -> 0x2001
[659] [M]: 0x0000000080000A38 (0x20010C37) lui s8, 0x20010
x24 <- 0x0000000020010000

mem[X,0x0000000080000A3C] -> 0x0C13
mem[X,0x0000000080000A3E] -> 0xFEFC
[660] [M]: 0x0000000080000A3C (0xFEFC0C13) addi s8, s8, -0x11
x24 <- 0x000000002000FFEF

mem[X,0x0000000080000A40] -> 0x1C13
mem[X,0x0000000080000A42] -> 0x00BC
[661] [M]: 0x0000000080000A40 (0x00BC1C13) slli s8, s8, 0xb
x24 <- 0x0000010007FF7800

mem[X,0x0000000080000A44] -> 0x0C13
mem[X,0x0000000080000A46] -> 0x7FFC
[662] [M]: 0x0000000080000A44 (0x7FFC0C13) addi s8, s8, 0x7ff
x24 <- 0x0000010007FF7FFF

mem[X,0x0000000080000A48] -> 0x1C13
mem[X,0x0000000080000A4A] -> 0x00BC
[663] [M]: 0x0000000080000A48 (0x00BC1C13) slli s8, s8, 0xb
x24 <- 0x0008003FFBFFF800

mem[X,0x0000000080000A4C] -> 0x0C13
mem[X,0x0000000080000A4E] -> 0x6D0C
[664] [M]: 0x0000000080000A4C (0x6D0C0C13) addi s8, s8, 0x6d0
x24 <- 0x0008003FFBFFFED0

mem[X,0x0000000080000A50] -> 0x1C13
mem[X,0x0000000080000A52] -> 0x00AC
[665] [M]: 0x0000000080000A50 (0x00AC1C13) slli s8, s8, 0xa
x24 <- 0x2000FFEFFFFB4000

mem[X,0x0000000080000A54] -> 0x983B
mem[X,0x0000000080000A56] -> 0xB184
[666] [M]: 0x0000000080000A54 (0xB184983B) pmulu.h.beo a6, s1, s8
x16 <- 0x1EE0FD0207F83FC0

mem[X,0x0000000080000A58] -> 0x3023
mem[X,0x0000000080000A5A] -> 0x0703
[667] [M]: 0x0000000080000A58 (0x07033023) sd a6, 0x60(t1)
mem[0x0000000080004208] <- 0x1EE0FD0207F83FC0

mem[X,0x0000000080000A5C] -> 0x0937
mem[X,0x0000000080000A5E] -> 0xFC00
[668] [M]: 0x0000000080000A5C (0xFC000937) lui s2, -0x4000
x18 <- 0xFFFFFFFFFC000000

mem[X,0x0000000080000A60] -> 0x0913
mem[X,0x0000000080000A62] -> 0xFF89
[669] [M]: 0x0000000080000A60 (0xFF890913) addi s2, s2, -0x8
x18 <- 0xFFFFFFFFFBFFFFF8

mem[X,0x0000000080000A64] -> 0x1913
mem[X,0x0000000080000A66] -> 0x00B9
[670] [M]: 0x0000000080000A64 (0x00B91913) slli s2, s2, 0xb
x18 <- 0xFFFFFFDFFFFFC000

mem[X,0x0000000080000A68] -> 0x0913
mem[X,0x0000000080000A6A] -> 0x7FF9
[671] [M]: 0x0000000080000A68 (0x7FF90913) addi s2, s2, 0x7ff
x18 <- 0xFFFFFFDFFFFFC7FF

mem[X,0x0000000080000A6C] -> 0x1913
mem[X,0x0000000080000A6E] -> 0x00B9
[672] [M]: 0x0000000080000A6C (0x00B91913) slli s2, s2, 0xb
x18 <- 0xFFFEFFFFFE3FF800

mem[X,0x0000000080000A70] -> 0x0913
mem[X,0x0000000080000A72] -> 0x77B9
[673] [M]: 0x0000000080000A70 (0x77B90913) addi s2, s2, 0x77b
x18 <- 0xFFFEFFFFFE3FFF7B

mem[X,0x0000000080000A74] -> 0x1913
mem[X,0x0000000080000A76] -> 0x00A9
[674] [M]: 0x0000000080000A74 (0x00A91913) slli s2, s2, 0xa
x18 <- 0xFBFFFFF8FFFDEC00

mem[X,0x0000000080000A78] -> 0x0913
mem[X,0x0000000080000A7A] -> 0x3FF9
[675] [M]: 0x0000000080000A78 (0x3FF90913) addi s2, s2, 0x3ff
x18 <- 0xFBFFFFF8FFFDEFFF

mem[X,0x0000000080000A7C] -> 0x08B7
mem[X,0x0000000080000A7E] -> 0xFBFF
[676] [M]: 0x0000000080000A7C (0xFBFF08B7) lui a7, -0x4010
x17 <- 0xFFFFFFFFFBFF0000

mem[X,0x0000000080000A80] -> 0x8893
mem[X,0x0000000080000A82] -> 0x0208
[677] [M]: 0x0000000080000A80 (0x02088893) addi a7, a7, 0x20
x17 <- 0xFFFFFFFFFBFF0020

mem[X,0x0000000080000A84] -> 0x9893
mem[X,0x0000000080000A86] -> 0x00B8
[678] [M]: 0x0000000080000A84 (0x00B89893) slli a7, a7, 0xb
x17 <- 0xFFFFFFDFF8010000

mem[X,0x0000000080000A88] -> 0x8893
mem[X,0x0000000080000A8A] -> 0x4008
[679] [M]: 0x0000000080000A88 (0x40088893) addi a7, a7, 0x400
x17 <- 0xFFFFFFDFF8010400

mem[X,0x0000000080000A8C] -> 0x9893
mem[X,0x0000000080000A8E] -> 0x00B8
[680] [M]: 0x0000000080000A8C (0x00B89893) slli a7, a7, 0xb
x17 <- 0xFFFEFFC008200000

mem[X,0x0000000080000A90] -> 0x8893
mem[X,0x0000000080000A92] -> 0x0008
[681] [M]: 0x0000000080000A90 (0x00088893) addi a7, a7, 0x0
x17 <- 0xFFFEFFC008200000

mem[X,0x0000000080000A94] -> 0x9893
mem[X,0x0000000080000A96] -> 0x00A8
[682] [M]: 0x0000000080000A94 (0x00A89893) slli a7, a7, 0xa
x17 <- 0xFBFF002080000000

mem[X,0x0000000080000A98] -> 0x8893
mem[X,0x0000000080000A9A] -> 0x1008
[683] [M]: 0x0000000080000A98 (0x10088893) addi a7, a7, 0x100
x17 <- 0xFBFF002080000100

mem[X,0x0000000080000A9C] -> 0x163B
mem[X,0x0000000080000A9E] -> 0xB119
[684] [M]: 0x0000000080000A9C (0xB119163B) pmulu.h.beo a2, s2, a7
x12 <- 0xFA0500007E8000FF

mem[X,0x0000000080000AA0] -> 0x3423
mem[X,0x0000000080000AA2] -> 0x06C3
[685] [M]: 0x0000000080000AA0 (0x06C33423) sd a2, 0x68(t1)
mem[0x0000000080004210] <- 0xFA0500007E8000FF

mem[X,0x0000000080000AA4] -> 0x0F37
mem[X,0x0000000080000AA6] -> 0xFC00
[686] [M]: 0x0000000080000AA4 (0xFC000F37) lui t5, -0x4000
x30 <- 0xFFFFFFFFFC000000

mem[X,0x0000000080000AA8] -> 0x0F13
mem[X,0x0000000080000AAA] -> 0xFFDF
[687] [M]: 0x0000000080000AA8 (0xFFDF0F13) addi t5, t5, -0x3
x30 <- 0xFFFFFFFFFBFFFFFD

mem[X,0x0000000080000AAC] -> 0x1F13
mem[X,0x0000000080000AAE] -> 0x00BF
[688] [M]: 0x0000000080000AAC (0x00BF1F13) slli t5, t5, 0xb
x30 <- 0xFFFFFFDFFFFFE800

mem[X,0x0000000080000AB0] -> 0x0F13
mem[X,0x0000000080000AB2] -> 0x7FFF
[689] [M]: 0x0000000080000AB0 (0x7FFF0F13) addi t5, t5, 0x7ff
x30 <- 0xFFFFFFDFFFFFEFFF

mem[X,0x0000000080000AB4] -> 0x1F13
mem[X,0x0000000080000AB6] -> 0x00BF
[690] [M]: 0x0000000080000AB4 (0x00BF1F13) slli t5, t5, 0xb
x30 <- 0xFFFEFFFFFF7FF800

mem[X,0x0000000080000AB8] -> 0x0F13
mem[X,0x0000000080000ABA] -> 0x5B7F
[691] [M]: 0x0000000080000AB8 (0x5B7F0F13) addi t5, t5, 0x5b7
x30 <- 0xFFFEFFFFFF7FFDB7

mem[X,0x0000000080000ABC] -> 0x1F13
mem[X,0x0000000080000ABE] -> 0x00AF
[692] [M]: 0x0000000080000ABC (0x00AF1F13) slli t5, t5, 0xa
x30 <- 0xFBFFFFFDFFF6DC00

mem[X,0x0000000080000AC0] -> 0x0F13
mem[X,0x0000000080000AC2] -> 0x3FFF
[693] [M]: 0x0000000080000AC0 (0x3FFF0F13) addi t5, t5, 0x3ff
x30 <- 0xFBFFFFFDFFF6DFFF

mem[X,0x0000000080000AC4] -> 0x4EB7
mem[X,0x0000000080000AC6] -> 0x0009
[694] [M]: 0x0000000080000AC4 (0x00094EB7) lui t4, 0x94
x29 <- 0x0000000000094000

mem[X,0x0000000080000AC8] -> 0x8E93
mem[X,0x0000000080000ACA] -> 0x000E
[695] [M]: 0x0000000080000AC8 (0x000E8E93) addi t4, t4, 0x0
x29 <- 0x0000000000094000

mem[X,0x0000000080000ACC] -> 0x9E93
mem[X,0x0000000080000ACE] -> 0x00BE
[696] [M]: 0x0000000080000ACC (0x00BE9E93) slli t4, t4, 0xb
x29 <- 0x000000004A000000

mem[X,0x0000000080000AD0] -> 0x8E93
mem[X,0x0000000080000AD2] -> 0x7FFE
[697] [M]: 0x0000000080000AD0 (0x7FFE8E93) addi t4, t4, 0x7ff
x29 <- 0x000000004A0007FF

mem[X,0x0000000080000AD4] -> 0x9E93
mem[X,0x0000000080000AD6] -> 0x00BE
[698] [M]: 0x0000000080000AD4 (0x00BE9E93) slli t4, t4, 0xb
x29 <- 0x00000250003FF800

mem[X,0x0000000080000AD8] -> 0x8E93
mem[X,0x0000000080000ADA] -> 0x73FE
[699] [M]: 0x0000000080000AD8 (0x73FE8E93) addi t4, t4, 0x73f
x29 <- 0x00000250003FFF3F

clint::tick mtime <- 0x0000000000000007
 clint timer pending at mtime 0x0000000000000007
htif::tick 0x0000000000000000
mem[X,0x0000000080000ADC] -> 0x9E93
mem[X,0x0000000080000ADE] -> 0x00AE
[700] [M]: 0x0000000080000ADC (0x00AE9E93) slli t4, t4, 0xa
x29 <- 0x00094000FFFCFC00

mem[X,0x0000000080000AE0] -> 0x8E93
mem[X,0x0000000080000AE2] -> 0x3F9E
[701] [M]: 0x0000000080000AE0 (0x3F9E8E93) addi t4, t4, 0x3f9
x29 <- 0x00094000FFFCFFF9

mem[X,0x0000000080000AE4] -> 0x1FBB
mem[X,0x0000000080000AE6] -> 0xB1DF
[702] [M]: 0x0000000080000AE4 (0xB1DF1FBB) pmulu.h.beo t6, t5, t4
x31 <- 0x00003F40F50AFE01

mem[X,0x0000000080000AE8] -> 0x3823
mem[X,0x0000000080000AEA] -> 0x07F3
[703] [M]: 0x0000000080000AE8 (0x07F33823) sd t6, 0x70(t1)
mem[0x0000000080004218] <- 0x00003F40F50AFE01

mem[X,0x0000000080000AEC] -> 0x0F37
mem[X,0x0000000080000AEE] -> 0x4000
[704] [M]: 0x0000000080000AEC (0x40000F37) lui t5, 0x40000
x30 <- 0x0000000040000000

mem[X,0x0000000080000AF0] -> 0x0F13
mem[X,0x0000000080000AF2] -> 0xFEFF
[705] [M]: 0x0000000080000AF0 (0xFEFF0F13) addi t5, t5, -0x11
x30 <- 0x000000003FFFFFEF

mem[X,0x0000000080000AF4] -> 0x1F13
mem[X,0x0000000080000AF6] -> 0x00BF
[706] [M]: 0x0000000080000AF4 (0x00BF1F13) slli t5, t5, 0xb
x30 <- 0x000001FFFFFF7800

mem[X,0x0000000080000AF8] -> 0x0F13
mem[X,0x0000000080000AFA] -> 0x001F
[707] [M]: 0x0000000080000AF8 (0x001F0F13) addi t5, t5, 0x1
x30 <- 0x000001FFFFFF7801

mem[X,0x0000000080000AFC] -> 0x1F13
mem[X,0x0000000080000AFE] -> 0x00BF
[708] [M]: 0x0000000080000AFC (0x00BF1F13) slli t5, t5, 0xb
x30 <- 0x000FFFFFFBC00800

mem[X,0x0000000080000B00] -> 0x0F13
mem[X,0x0000000080000B02] -> 0x02FF
[709] [M]: 0x0000000080000B00 (0x02FF0F13) addi t5, t5, 0x2f
x30 <- 0x000FFFFFFBC0082F

mem[X,0x0000000080000B04] -> 0x1F13
mem[X,0x0000000080000B06] -> 0x00AF
[710] [M]: 0x0000000080000B04 (0x00AF1F13) slli t5, t5, 0xa
x30 <- 0x3FFFFFEF0020BC00

mem[X,0x0000000080000B08] -> 0x0F13
mem[X,0x0000000080000B0A] -> 0x3FFF
[711] [M]: 0x0000000080000B08 (0x3FFF0F13) addi t5, t5, 0x3ff
x30 <- 0x3FFFFFEF0020BFFF

mem[X,0x0000000080000B0C] -> 0xFEB7
mem[X,0x0000000080000B0E] -> 0x3FFF
[712] [M]: 0x0000000080000B0C (0x3FFFFEB7) lui t4, 0x3ffff
x29 <- 0x000000003FFFF000

mem[X,0x0000000080000B10] -> 0x8E93
mem[X,0x0000000080000B12] -> 0xFFFE
[713] [M]: 0x0000000080000B10 (0xFFFE8E93) addi t4, t4, -0x1
x29 <- 0x000000003FFFEFFF

mem[X,0x0000000080000B14] -> 0x9E93
mem[X,0x0000000080000B16] -> 0x00BE
[714] [M]: 0x0000000080000B14 (0x00BE9E93) slli t4, t4, 0xb
x29 <- 0x000001FFFF7FF800

mem[X,0x0000000080000B18] -> 0x8E93
mem[X,0x0000000080000B1A] -> 0x000E
[715] [M]: 0x0000000080000B18 (0x000E8E93) addi t4, t4, 0x0
x29 <- 0x000001FFFF7FF800

mem[X,0x0000000080000B1C] -> 0x9E93
mem[X,0x0000000080000B1E] -> 0x00BE
[716] [M]: 0x0000000080000B1C (0x00BE9E93) slli t4, t4, 0xb
x29 <- 0x000FFFFBFFC00000

mem[X,0x0000000080000B20] -> 0x8E93
mem[X,0x0000000080000B22] -> 0x080E
[717] [M]: 0x0000000080000B20 (0x080E8E93) addi t4, t4, 0x80
x29 <- 0x000FFFFBFFC00080

mem[X,0x0000000080000B24] -> 0x9E93
mem[X,0x0000000080000B26] -> 0x00AE
[718] [M]: 0x0000000080000B24 (0x00AE9E93) slli t4, t4, 0xa
x29 <- 0x3FFFEFFF00020000

mem[X,0x0000000080000B28] -> 0x8E93
mem[X,0x0000000080000B2A] -> 0x006E
[719] [M]: 0x0000000080000B28 (0x006E8E93) addi t4, t4, 0x6
x29 <- 0x3FFFEFFF00020006

mem[X,0x0000000080000B2C] -> 0x1FBB
mem[X,0x0000000080000B2E] -> 0xB1DF
[720] [M]: 0x0000000080000B2C (0xB1DF1FBB) pmulu.h.beo t6, t5, t4
x31 <- 0x3EC1DF2100000000

mem[X,0x0000000080000B30] -> 0x3C23
mem[X,0x0000000080000B32] -> 0x07F3
[721] [M]: 0x0000000080000B30 (0x07F33C23) sd t6, 0x78(t1)
mem[0x0000000080004220] <- 0x3EC1DF2100000000

mem[X,0x0000000080000B34] -> 0xEF37
mem[X,0x0000000080000B36] -> 0x5555
[722] [M]: 0x0000000080000B34 (0x5555EF37) lui t5, 0x5555e
x30 <- 0x000000005555E000

mem[X,0x0000000080000B38] -> 0x0F13
mem[X,0x0000000080000B3A] -> 0xFFFF
[723] [M]: 0x0000000080000B38 (0xFFFF0F13) addi t5, t5, -0x1
x30 <- 0x000000005555DFFF

mem[X,0x0000000080000B3C] -> 0x1F13
mem[X,0x0000000080000B3E] -> 0x00BF
[724] [M]: 0x0000000080000B3C (0x00BF1F13) slli t5, t5, 0xb
x30 <- 0x000002AAAEFFF800

mem[X,0x0000000080000B40] -> 0x0F13
mem[X,0x0000000080000B42] -> 0x000F
[725] [M]: 0x0000000080000B40 (0x000F0F13) addi t5, t5, 0x0
x30 <- 0x000002AAAEFFF800

mem[X,0x0000000080000B44] -> 0x1F13
mem[X,0x0000000080000B46] -> 0x00BF
[726] [M]: 0x0000000080000B44 (0x00BF1F13) slli t5, t5, 0xb
x30 <- 0x00155577FFC00000

mem[X,0x0000000080000B48] -> 0x0F13
mem[X,0x0000000080000B4A] -> 0x155F
[727] [M]: 0x0000000080000B48 (0x155F0F13) addi t5, t5, 0x155
x30 <- 0x00155577FFC00155

mem[X,0x0000000080000B4C] -> 0x1F13
mem[X,0x0000000080000B4E] -> 0x00AF
[728] [M]: 0x0000000080000B4C (0x00AF1F13) slli t5, t5, 0xa
x30 <- 0x5555DFFF00055400

mem[X,0x0000000080000B50] -> 0x0F13
mem[X,0x0000000080000B52] -> 0x155F
[729] [M]: 0x0000000080000B50 (0x155F0F13) addi t5, t5, 0x155
x30 <- 0x5555DFFF00055555

mem[X,0x0000000080000B54] -> 0x0EB7
mem[X,0x0000000080000B56] -> 0xFFFE
[730] [M]: 0x0000000080000B54 (0xFFFE0EB7) lui t4, -0x20
x29 <- 0xFFFFFFFFFFFE0000

mem[X,0x0000000080000B58] -> 0x8E93
mem[X,0x0000000080000B5A] -> 0x008E
[731] [M]: 0x0000000080000B58 (0x008E8E93) addi t4, t4, 0x8
x29 <- 0xFFFFFFFFFFFE0008

mem[X,0x0000000080000B5C] -> 0x9E93
mem[X,0x0000000080000B5E] -> 0x00BE
[732] [M]: 0x0000000080000B5C (0x00BE9E93) slli t4, t4, 0xb
x29 <- 0xFFFFFFFFF0004000

mem[X,0x0000000080000B60] -> 0x8E93
mem[X,0x0000000080000B62] -> 0x000E
[733] [M]: 0x0000000080000B60 (0x000E8E93) addi t4, t4, 0x0
x29 <- 0xFFFFFFFFF0004000

mem[X,0x0000000080000B64] -> 0x9E93
mem[X,0x0000000080000B66] -> 0x00BE
[734] [M]: 0x0000000080000B64 (0x00BE9E93) slli t4, t4, 0xb
x29 <- 0xFFFFFF8002000000

mem[X,0x0000000080000B68] -> 0x8E93
mem[X,0x0000000080000B6A] -> 0x27FE
[735] [M]: 0x0000000080000B68 (0x27FE8E93) addi t4, t4, 0x27f
x29 <- 0xFFFFFF800200027F

mem[X,0x0000000080000B6C] -> 0x9E93
mem[X,0x0000000080000B6E] -> 0x00AE
[736] [M]: 0x0000000080000B6C (0x00AE9E93) slli t4, t4, 0xa
x29 <- 0xFFFE00080009FC00

mem[X,0x0000000080000B70] -> 0x8E93
mem[X,0x0000000080000B72] -> 0x3F8E
[737] [M]: 0x0000000080000B70 (0x3F8E8E93) addi t4, t4, 0x3f8
x29 <- 0xFFFE00080009FFF8

mem[X,0x0000000080000B74] -> 0x1FBB
mem[X,0x0000000080000B76] -> 0xB1DF
[738] [M]: 0x0000000080000B74 (0xB1DF1FBB) pmulu.h.beo t6, t5, t4
x31 <- 0x54AB0000000054AB

mem[X,0x0000000080000B78] -> 0x3023
mem[X,0x0000000080000B7A] -> 0x09F3
[739] [M]: 0x0000000080000B78 (0x09F33023) sd t6, 0x80(t1)
mem[0x0000000080004228] <- 0x54AB0000000054AB

mem[X,0x0000000080000B7C] -> 0x0F37
mem[X,0x0000000080000B7E] -> 0xFFFF
[740] [M]: 0x0000000080000B7C (0xFFFF0F37) lui t5, -0x10
x30 <- 0xFFFFFFFFFFFF0000

mem[X,0x0000000080000B80] -> 0x0F13
mem[X,0x0000000080000B82] -> 0xF7FF
[741] [M]: 0x0000000080000B80 (0xF7FF0F13) addi t5, t5, -0x81
x30 <- 0xFFFFFFFFFFFEFF7F

mem[X,0x0000000080000B84] -> 0x1F13
mem[X,0x0000000080000B86] -> 0x00BF
[742] [M]: 0x0000000080000B84 (0x00BF1F13) slli t5, t5, 0xb
x30 <- 0xFFFFFFFFF7FBF800

mem[X,0x0000000080000B88] -> 0x0F13
mem[X,0x0000000080000B8A] -> 0x000F
[743] [M]: 0x0000000080000B88 (0x000F0F13) addi t5, t5, 0x0
x30 <- 0xFFFFFFFFF7FBF800

mem[X,0x0000000080000B8C] -> 0x1F13
mem[X,0x0000000080000B8E] -> 0x00BF
[744] [M]: 0x0000000080000B8C (0x00BF1F13) slli t5, t5, 0xb
x30 <- 0xFFFFFFBFDFC00000

mem[X,0x0000000080000B90] -> 0x0F13
mem[X,0x0000000080000B92] -> 0x22AF
[745] [M]: 0x0000000080000B90 (0x22AF0F13) addi t5, t5, 0x22a
x30 <- 0xFFFFFFBFDFC0022A

mem[X,0x0000000080000B94] -> 0x1F13
mem[X,0x0000000080000B96] -> 0x00AF
[746] [M]: 0x0000000080000B94 (0x00AF1F13) slli t5, t5, 0xa
x30 <- 0xFFFEFF7F0008A800

mem[X,0x0000000080000B98] -> 0x0F13
mem[X,0x0000000080000B9A] -> 0x2AAF
[747] [M]: 0x0000000080000B98 (0x2AAF0F13) addi t5, t5, 0x2aa
x30 <- 0xFFFEFF7F0008AAAA

mem[X,0x0000000080000B9C] -> 0x0EB7
mem[X,0x0000000080000B9E] -> 0x0100
[748] [M]: 0x0000000080000B9C (0x01000EB7) lui t4, 0x1000
x29 <- 0x0000000001000000

mem[X,0x0000000080000BA0] -> 0x8E93
mem[X,0x0000000080000BA2] -> 0x200E
[749] [M]: 0x0000000080000BA0 (0x200E8E93) addi t4, t4, 0x200
x29 <- 0x0000000001000200

mem[X,0x0000000080000BA4] -> 0x9E93
mem[X,0x0000000080000BA6] -> 0x00BE
[750] [M]: 0x0000000080000BA4 (0x00BE9E93) slli t4, t4, 0xb
x29 <- 0x0000000800100000

mem[X,0x0000000080000BA8] -> 0x8E93
mem[X,0x0000000080000BAA] -> 0x7FFE
[751] [M]: 0x0000000080000BA8 (0x7FFE8E93) addi t4, t4, 0x7ff
x29 <- 0x00000008001007FF

mem[X,0x0000000080000BAC] -> 0x9E93
mem[X,0x0000000080000BAE] -> 0x00BE
[752] [M]: 0x0000000080000BAC (0x00BE9E93) slli t4, t4, 0xb
x29 <- 0x00004000803FF800

mem[X,0x0000000080000BB0] -> 0x8E93
mem[X,0x0000000080000BB2] -> 0x3C4E
[753] [M]: 0x0000000080000BB0 (0x3C4E8E93) addi t4, t4, 0x3c4
x29 <- 0x00004000803FFBC4

mem[X,0x0000000080000BB4] -> 0x9E93
mem[X,0x0000000080000BB6] -> 0x00AE
[754] [M]: 0x0000000080000BB4 (0x00AE9E93) slli t4, t4, 0xa
x29 <- 0x01000200FFEF1000

mem[X,0x0000000080000BB8] -> 0x1FBB
mem[X,0x0000000080000BBA] -> 0xB1DF
[755] [M]: 0x0000000080000BB8 (0xB1DF1FBB) pmulu.h.beo t6, t5, t4
x31 <- 0x00FE00FE07F80AA0

mem[X,0x0000000080000BBC] -> 0x3423
mem[X,0x0000000080000BBE] -> 0x09F3
[756] [M]: 0x0000000080000BBC (0x09F33423) sd t6, 0x88(t1)
mem[0x0000000080004230] <- 0x00FE00FE07F80AA0

mem[X,0x0000000080000BC0] -> 0xEF37
mem[X,0x0000000080000BC2] -> 0xFFEF
[757] [M]: 0x0000000080000BC0 (0xFFEFEF37) lui t5, -0x102
x30 <- 0xFFFFFFFFFFEFE000

mem[X,0x0000000080000BC4] -> 0x0F13
mem[X,0x0000000080000BC6] -> 0xFFFF
[758] [M]: 0x0000000080000BC4 (0xFFFF0F13) addi t5, t5, -0x1
x30 <- 0xFFFFFFFFFFEFDFFF

mem[X,0x0000000080000BC8] -> 0x1F13
mem[X,0x0000000080000BCA] -> 0x00BF
[759] [M]: 0x0000000080000BC8 (0x00BF1F13) slli t5, t5, 0xb
x30 <- 0xFFFFFFFF7EFFF800

mem[X,0x0000000080000BCC] -> 0x0F13
mem[X,0x0000000080000BCE] -> 0x000F
[760] [M]: 0x0000000080000BCC (0x000F0F13) addi t5, t5, 0x0
x30 <- 0xFFFFFFFF7EFFF800

mem[X,0x0000000080000BD0] -> 0x1F13
mem[X,0x0000000080000BD2] -> 0x00BF
[761] [M]: 0x0000000080000BD0 (0x00BF1F13) slli t5, t5, 0xb
x30 <- 0xFFFFFBF7FFC00000

mem[X,0x0000000080000BD4] -> 0x0F13
mem[X,0x0000000080000BD6] -> 0x13FF
[762] [M]: 0x0000000080000BD4 (0x13FF0F13) addi t5, t5, 0x13f
x30 <- 0xFFFFFBF7FFC0013F

mem[X,0x0000000080000BD8] -> 0x1F13
mem[X,0x0000000080000BDA] -> 0x00AF
[763] [M]: 0x0000000080000BD8 (0x00AF1F13) slli t5, t5, 0xa
x30 <- 0xFFEFDFFF0004FC00

mem[X,0x0000000080000BDC] -> 0x0F13
mem[X,0x0000000080000BDE] -> 0x3BFF
[764] [M]: 0x0000000080000BDC (0x3BFF0F13) addi t5, t5, 0x3bf
x30 <- 0xFFEFDFFF0004FFBF

mem[X,0x0000000080000BE0] -> 0x0EB7
mem[X,0x0000000080000BE2] -> 0x8000
[765] [M]: 0x0000000080000BE0 (0x80000EB7) lui t4, -0x80000
x29 <- 0xFFFFFFFF80000000

mem[X,0x0000000080000BE4] -> 0x8E93
mem[X,0x0000000080000BE6] -> 0xFFAE
[766] [M]: 0x0000000080000BE4 (0xFFAE8E93) addi t4, t4, -0x6
x29 <- 0xFFFFFFFF7FFFFFFA

mem[X,0x0000000080000BE8] -> 0x9E93
mem[X,0x0000000080000BEA] -> 0x00BE
[767] [M]: 0x0000000080000BE8 (0x00BE9E93) slli t4, t4, 0xb
x29 <- 0xFFFFFBFFFFFFD000

mem[X,0x0000000080000BEC] -> 0x8E93
mem[X,0x0000000080000BEE] -> 0x004E
[768] [M]: 0x0000000080000BEC (0x004E8E93) addi t4, t4, 0x4
x29 <- 0xFFFFFBFFFFFFD004

mem[X,0x0000000080000BF0] -> 0x9E93
mem[X,0x0000000080000BF2] -> 0x00BE
[769] [M]: 0x0000000080000BF0 (0x00BE9E93) slli t4, t4, 0xb
x29 <- 0xFFDFFFFFFE802000

mem[X,0x0000000080000BF4] -> 0x8E93
mem[X,0x0000000080000BF6] -> 0x015E
[770] [M]: 0x0000000080000BF4 (0x015E8E93) addi t4, t4, 0x15
x29 <- 0xFFDFFFFFFE802015

mem[X,0x0000000080000BF8] -> 0x9E93
mem[X,0x0000000080000BFA] -> 0x00AE
[771] [M]: 0x0000000080000BF8 (0x00AE9E93) slli t4, t4, 0xa
x29 <- 0x7FFFFFFA00805400

mem[X,0x0000000080000BFC] -> 0x8E93
mem[X,0x0000000080000BFE] -> 0x155E
[772] [M]: 0x0000000080000BFC (0x155E8E93) addi t4, t4, 0x155
x29 <- 0x7FFFFFFA00805555

mem[X,0x0000000080000C00] -> 0x1FBB
mem[X,0x0000000080000C02] -> 0xB1DF
[773] [M]: 0x0000000080000C00 (0xB1DF1FBB) pmulu.h.beo t6, t5, t4
x31 <- 0x7691FE0100003F6B

mem[X,0x0000000080000C04] -> 0x3823
mem[X,0x0000000080000C06] -> 0x09F3
[774] [M]: 0x0000000080000C04 (0x09F33823) sd t6, 0x90(t1)
mem[0x0000000080004238] <- 0x7691FE0100003F6B

mem[X,0x0000000080000C08] -> 0x0F37
mem[X,0x0000000080000C0A] -> 0x0001
[775] [M]: 0x0000000080000C08 (0x00010F37) lui t5, 0x10
x30 <- 0x0000000000010000

mem[X,0x0000000080000C0C] -> 0x0F13
mem[X,0x0000000080000C0E] -> 0x002F
[776] [M]: 0x0000000080000C0C (0x002F0F13) addi t5, t5, 0x2
x30 <- 0x0000000000010002

mem[X,0x0000000080000C10] -> 0x1F13
mem[X,0x0000000080000C12] -> 0x00BF
[777] [M]: 0x0000000080000C10 (0x00BF1F13) slli t5, t5, 0xb
x30 <- 0x0000000008001000

mem[X,0x0000000080000C14] -> 0x0F13
mem[X,0x0000000080000C16] -> 0x7FFF
[778] [M]: 0x0000000080000C14 (0x7FFF0F13) addi t5, t5, 0x7ff
x30 <- 0x00000000080017FF

mem[X,0x0000000080000C18] -> 0x1F13
mem[X,0x0000000080000C1A] -> 0x00BF
[779] [M]: 0x0000000080000C18 (0x00BF1F13) slli t5, t5, 0xb
x30 <- 0x0000004000BFF800

mem[X,0x0000000080000C1C] -> 0x0F13
mem[X,0x0000000080000C1E] -> 0x67FF
[780] [M]: 0x0000000080000C1C (0x67FF0F13) addi t5, t5, 0x67f
x30 <- 0x0000004000BFFE7F

mem[X,0x0000000080000C20] -> 0x1F13
mem[X,0x0000000080000C22] -> 0x00AF
[781] [M]: 0x0000000080000C20 (0x00AF1F13) slli t5, t5, 0xa
x30 <- 0x00010002FFF9FC00

mem[X,0x0000000080000C24] -> 0x0F13
mem[X,0x0000000080000C26] -> 0x3F6F
[782] [M]: 0x0000000080000C24 (0x3F6F0F13) addi t5, t5, 0x3f6
x30 <- 0x00010002FFF9FFF6

mem[X,0x0000000080000C28] -> 0x0EB7
mem[X,0x0000000080000C2A] -> 0x0003
[783] [M]: 0x0000000080000C28 (0x00030EB7) lui t4, 0x30
x29 <- 0x0000000000030000

mem[X,0x0000000080000C2C] -> 0x8E93
mem[X,0x0000000080000C2E] -> 0xFF9E
[784] [M]: 0x0000000080000C2C (0xFF9E8E93) addi t4, t4, -0x7
x29 <- 0x000000000002FFF9

mem[X,0x0000000080000C30] -> 0x9E93
mem[X,0x0000000080000C32] -> 0x00BE
[785] [M]: 0x0000000080000C30 (0x00BE9E93) slli t4, t4, 0xb
x29 <- 0x0000000017FFC800

mem[X,0x0000000080000C34] -> 0x8E93
mem[X,0x0000000080000C36] -> 0x77FE
[786] [M]: 0x0000000080000C34 (0x77FE8E93) addi t4, t4, 0x77f
x29 <- 0x0000000017FFCF7F

mem[X,0x0000000080000C38] -> 0x9E93
mem[X,0x0000000080000C3A] -> 0x00BE
[787] [M]: 0x0000000080000C38 (0x00BE9E93) slli t4, t4, 0xb
x29 <- 0x000000BFFE7BF800

mem[X,0x0000000080000C3C] -> 0x8E93
mem[X,0x0000000080000C3E] -> 0x7C0E
[788] [M]: 0x0000000080000C3C (0x7C0E8E93) addi t4, t4, 0x7c0
x29 <- 0x000000BFFE7BFFC0

mem[X,0x0000000080000C40] -> 0x9E93
mem[X,0x0000000080000C42] -> 0x00AE
[789] [M]: 0x0000000080000C40 (0x00AE9E93) slli t4, t4, 0xa
x29 <- 0x0002FFF9EFFF0000

mem[X,0x0000000080000C44] -> 0x8E93
mem[X,0x0000000080000C46] -> 0x005E
[790] [M]: 0x0000000080000C44 (0x005E8E93) addi t4, t4, 0x5
x29 <- 0x0002FFF9EFFF0005

mem[X,0x0000000080000C48] -> 0x1FBB
mem[X,0x0000000080000C4A] -> 0xB1DF
[791] [M]: 0x0000000080000C48 (0xB1DF1FBB) pmulu.h.beo t6, t5, t4
x31 <- 0x000001FEE8770000

mem[X,0x0000000080000C4C] -> 0x3C23
mem[X,0x0000000080000C4E] -> 0x09F3
[792] [M]: 0x0000000080000C4C (0x09F33C23) sd t6, 0x98(t1)
mem[0x0000000080004240] <- 0x000001FEE8770000

mem[X,0x0000000080000C50] -> 0x0F37
mem[X,0x0000000080000C52] -> 0xFFFD
[793] [M]: 0x0000000080000C50 (0xFFFD0F37) lui t5, -0x30
x30 <- 0xFFFFFFFFFFFD0000

mem[X,0x0000000080000C54] -> 0x0F13
mem[X,0x0000000080000C56] -> 0xFFBF
[794] [M]: 0x0000000080000C54 (0xFFBF0F13) addi t5, t5, -0x5
x30 <- 0xFFFFFFFFFFFCFFFB

mem[X,0x0000000080000C58] -> 0x1F13
mem[X,0x0000000080000C5A] -> 0x00BF
[795] [M]: 0x0000000080000C58 (0x00BF1F13) slli t5, t5, 0xb
x30 <- 0xFFFFFFFFE7FFD800

mem[X,0x0000000080000C5C] -> 0x0F13
mem[X,0x0000000080000C5E] -> 0x1FFF
[796] [M]: 0x0000000080000C5C (0x1FFF0F13) addi t5, t5, 0x1ff
x30 <- 0xFFFFFFFFE7FFD9FF

mem[X,0x0000000080000C60] -> 0x1F13
mem[X,0x0000000080000C62] -> 0x00BF
[797] [M]: 0x0000000080000C60 (0x00BF1F13) slli t5, t5, 0xb
x30 <- 0xFFFFFF3FFECFF800

mem[X,0x0000000080000C64] -> 0x0F13
mem[X,0x0000000080000C66] -> 0x7C0F
[798] [M]: 0x0000000080000C64 (0x7C0F0F13) addi t5, t5, 0x7c0
x30 <- 0xFFFFFF3FFECFFFC0

mem[X,0x0000000080000C68] -> 0x1F13
mem[X,0x0000000080000C6A] -> 0x00AF
[799] [M]: 0x0000000080000C68 (0x00AF1F13) slli t5, t5, 0xa
x30 <- 0xFFFCFFFB3FFF0000

clint::tick mtime <- 0x0000000000000008
 clint timer pending at mtime 0x0000000000000008
htif::tick 0x0000000000000000
mem[X,0x0000000080000C6C] -> 0x0F13
mem[X,0x0000000080000C6E] -> 0x008F
[800] [M]: 0x0000000080000C6C (0x008F0F13) addi t5, t5, 0x8
x30 <- 0xFFFCFFFB3FFF0008

mem[X,0x0000000080000C70] -> 0x0EB7
mem[X,0x0000000080000C72] -> 0x0005
[801] [M]: 0x0000000080000C70 (0x00050EB7) lui t4, 0x50
x29 <- 0x0000000000050000

mem[X,0x0000000080000C74] -> 0x8E93
mem[X,0x0000000080000C76] -> 0xF7FE
[802] [M]: 0x0000000080000C74 (0xF7FE8E93) addi t4, t4, -0x81
x29 <- 0x000000000004FF7F

mem[X,0x0000000080000C78] -> 0x9E93
mem[X,0x0000000080000C7A] -> 0x00BE
[803] [M]: 0x0000000080000C78 (0x00BE9E93) slli t4, t4, 0xb
x29 <- 0x0000000027FBF800

mem[X,0x0000000080000C7C] -> 0x8E93
mem[X,0x0000000080000C7E] -> 0x002E
[804] [M]: 0x0000000080000C7C (0x002E8E93) addi t4, t4, 0x2
x29 <- 0x0000000027FBF802

mem[X,0x0000000080000C80] -> 0x9E93
mem[X,0x0000000080000C82] -> 0x00BE
[805] [M]: 0x0000000080000C80 (0x00BE9E93) slli t4, t4, 0xb
x29 <- 0x0000013FDFC01000

mem[X,0x0000000080000C84] -> 0x8E93
mem[X,0x0000000080000C86] -> 0x037E
[806] [M]: 0x0000000080000C84 (0x037E8E93) addi t4, t4, 0x37
x29 <- 0x0000013FDFC01037

mem[X,0x0000000080000C88] -> 0x9E93
mem[X,0x0000000080000C8A] -> 0x00AE
[807] [M]: 0x0000000080000C88 (0x00AE9E93) slli t4, t4, 0xa
x29 <- 0x0004FF7F0040DC00

mem[X,0x0000000080000C8C] -> 0x8E93
mem[X,0x0000000080000C8E] -> 0x3FFE
[808] [M]: 0x0000000080000C8C (0x3FFE8E93) addi t4, t4, 0x3ff
x29 <- 0x0004FF7F0040DFFF

mem[X,0x0000000080000C90] -> 0x1FBB
mem[X,0x0000000080000C92] -> 0xB1DF
[809] [M]: 0x0000000080000C90 (0xB1DF1FBB) pmulu.h.beo t6, t5, t4
x31 <- 0x0000FA05000006F8

mem[X,0x0000000080000C94] -> 0x3023
mem[X,0x0000000080000C96] -> 0x0BF3
[810] [M]: 0x0000000080000C94 (0x0BF33023) sd t6, 0xa0(t1)
mem[0x0000000080004248] <- 0x0000FA05000006F8

mem[X,0x0000000080000C98] -> 0x0F37
mem[X,0x0000000080000C9A] -> 0x5555
[811] [M]: 0x0000000080000C98 (0x55550F37) lui t5, 0x55550
x30 <- 0x0000000055550000

mem[X,0x0000000080000C9C] -> 0x0F13
mem[X,0x0000000080000C9E] -> 0x010F
[812] [M]: 0x0000000080000C9C (0x010F0F13) addi t5, t5, 0x10
x30 <- 0x0000000055550010

mem[X,0x0000000080000CA0] -> 0x1F13
mem[X,0x0000000080000CA2] -> 0x00BF
[813] [M]: 0x0000000080000CA0 (0x00BF1F13) slli t5, t5, 0xb
x30 <- 0x000002AAA8008000

mem[X,0x0000000080000CA4] -> 0x0F13
mem[X,0x0000000080000CA6] -> 0x000F
[814] [M]: 0x0000000080000CA4 (0x000F0F13) addi t5, t5, 0x0
x30 <- 0x000002AAA8008000

mem[X,0x0000000080000CA8] -> 0x1F13
mem[X,0x0000000080000CAA] -> 0x00BF
[815] [M]: 0x0000000080000CA8 (0x00BF1F13) slli t5, t5, 0xb
x30 <- 0x0015554004000000

mem[X,0x0000000080000CAC] -> 0x0F13
mem[X,0x0000000080000CAE] -> 0x1BFF
[816] [M]: 0x0000000080000CAC (0x1BFF0F13) addi t5, t5, 0x1bf
x30 <- 0x00155540040001BF

mem[X,0x0000000080000CB0] -> 0x1F13
mem[X,0x0000000080000CB2] -> 0x00AF
[817] [M]: 0x0000000080000CB0 (0x00AF1F13) slli t5, t5, 0xa
x30 <- 0x555500100006FC00

mem[X,0x0000000080000CB4] -> 0x0F13
mem[X,0x0000000080000CB6] -> 0x3F6F
[818] [M]: 0x0000000080000CB4 (0x3F6F0F13) addi t5, t5, 0x3f6
x30 <- 0x555500100006FFF6

mem[X,0x0000000080000CB8] -> 0x0EB7
mem[X,0x0000000080000CBA] -> 0x0020
[819] [M]: 0x0000000080000CB8 (0x00200EB7) lui t4, 0x200
x29 <- 0x0000000000200000

mem[X,0x0000000080000CBC] -> 0x8E93
mem[X,0x0000000080000CBE] -> 0x009E
[820] [M]: 0x0000000080000CBC (0x009E8E93) addi t4, t4, 0x9
x29 <- 0x0000000000200009

mem[X,0x0000000080000CC0] -> 0x9E93
mem[X,0x0000000080000CC2] -> 0x00BE
[821] [M]: 0x0000000080000CC0 (0x00BE9E93) slli t4, t4, 0xb
x29 <- 0x0000000100004800

mem[X,0x0000000080000CC4] -> 0x8E93
mem[X,0x0000000080000CC6] -> 0x7FFE
[822] [M]: 0x0000000080000CC4 (0x7FFE8E93) addi t4, t4, 0x7ff
x29 <- 0x0000000100004FFF

mem[X,0x0000000080000CC8] -> 0x9E93
mem[X,0x0000000080000CCA] -> 0x00BE
[823] [M]: 0x0000000080000CC8 (0x00BE9E93) slli t4, t4, 0xb
x29 <- 0x00000800027FF800

mem[X,0x0000000080000CCC] -> 0x8E93
mem[X,0x0000000080000CCE] -> 0x7C0E
[824] [M]: 0x0000000080000CCC (0x7C0E8E93) addi t4, t4, 0x7c0
x29 <- 0x00000800027FFFC0

mem[X,0x0000000080000CD0] -> 0x9E93
mem[X,0x0000000080000CD2] -> 0x00AE
[825] [M]: 0x0000000080000CD0 (0x00AE9E93) slli t4, t4, 0xa
x29 <- 0x00200009FFFF0000

mem[X,0x0000000080000CD4] -> 0x8E93
mem[X,0x0000000080000CD6] -> 0x008E
[826] [M]: 0x0000000080000CD4 (0x008E8E93) addi t4, t4, 0x8
x29 <- 0x00200009FFFF0008

mem[X,0x0000000080000CD8] -> 0x1FBB
mem[X,0x0000000080000CDA] -> 0xB1DF
[827] [M]: 0x0000000080000CD8 (0xB1DF1FBB) pmulu.h.beo t6, t5, t4
x31 <- 0x0000000005FA0000

mem[X,0x0000000080000CDC] -> 0x3423
mem[X,0x0000000080000CDE] -> 0x0BF3
[828] [M]: 0x0000000080000CDC (0x0BF33423) sd t6, 0xa8(t1)
mem[0x0000000080004250] <- 0x0000000005FA0000

mem[X,0x0000000080000CE0] -> 0x4F37
mem[X,0x0000000080000CE2] -> 0xDFFF
[829] [M]: 0x0000000080000CE0 (0xDFFF4F37) lui t5, -0x2000c
x30 <- 0xFFFFFFFFDFFF4000

mem[X,0x0000000080000CE4] -> 0x0F13
mem[X,0x0000000080000CE6] -> 0x000F
[830] [M]: 0x0000000080000CE4 (0x000F0F13) addi t5, t5, 0x0
x30 <- 0xFFFFFFFFDFFF4000

mem[X,0x0000000080000CE8] -> 0x1F13
mem[X,0x0000000080000CEA] -> 0x00BF
[831] [M]: 0x0000000080000CE8 (0x00BF1F13) slli t5, t5, 0xb
x30 <- 0xFFFFFEFFFA000000

mem[X,0x0000000080000CEC] -> 0x0F13
mem[X,0x0000000080000CEE] -> 0x3FFF
[832] [M]: 0x0000000080000CEC (0x3FFF0F13) addi t5, t5, 0x3ff
x30 <- 0xFFFFFEFFFA0003FF

mem[X,0x0000000080000CF0] -> 0x1F13
mem[X,0x0000000080000CF2] -> 0x00BF
[833] [M]: 0x0000000080000CF0 (0x00BF1F13) slli t5, t5, 0xb
x30 <- 0xFFF7FFD0001FF800

mem[X,0x0000000080000CF4] -> 0x0F13
mem[X,0x0000000080000CF6] -> 0x7FFF
[834] [M]: 0x0000000080000CF4 (0x7FFF0F13) addi t5, t5, 0x7ff
x30 <- 0xFFF7FFD0001FFFFF

mem[X,0x0000000080000CF8] -> 0x1F13
mem[X,0x0000000080000CFA] -> 0x00AF
[835] [M]: 0x0000000080000CF8 (0x00AF1F13) slli t5, t5, 0xa
x30 <- 0xDFFF40007FFFFC00

mem[X,0x0000000080000CFC] -> 0x0F13
mem[X,0x0000000080000CFE] -> 0x3F6F
[836] [M]: 0x0000000080000CFC (0x3F6F0F13) addi t5, t5, 0x3f6
x30 <- 0xDFFF40007FFFFFF6

mem[X,0x0000000080000D00] -> 0x0EB7
mem[X,0x0000000080000D02] -> 0x0040
[837] [M]: 0x0000000080000D00 (0x00400EB7) lui t4, 0x400
x29 <- 0x0000000000400000

mem[X,0x0000000080000D04] -> 0x8E93
mem[X,0x0000000080000D06] -> 0x005E
[838] [M]: 0x0000000080000D04 (0x005E8E93) addi t4, t4, 0x5
x29 <- 0x0000000000400005

mem[X,0x0000000080000D08] -> 0x9E93
mem[X,0x0000000080000D0A] -> 0x00BE
[839] [M]: 0x0000000080000D08 (0x00BE9E93) slli t4, t4, 0xb
x29 <- 0x0000000200002800

mem[X,0x0000000080000D0C] -> 0x8E93
mem[X,0x0000000080000D0E] -> 0x7FFE
[840] [M]: 0x0000000080000D0C (0x7FFE8E93) addi t4, t4, 0x7ff
x29 <- 0x0000000200002FFF

mem[X,0x0000000080000D10] -> 0x9E93
mem[X,0x0000000080000D12] -> 0x00BE
[841] [M]: 0x0000000080000D10 (0x00BE9E93) slli t4, t4, 0xb
x29 <- 0x00001000017FF800

mem[X,0x0000000080000D14] -> 0x8E93
mem[X,0x0000000080000D16] -> 0x67FE
[842] [M]: 0x0000000080000D14 (0x67FE8E93) addi t4, t4, 0x67f
x29 <- 0x00001000017FFE7F

mem[X,0x0000000080000D18] -> 0x9E93
mem[X,0x0000000080000D1A] -> 0x00AE
[843] [M]: 0x0000000080000D18 (0x00AE9E93) slli t4, t4, 0xa
x29 <- 0x00400005FFF9FC00

mem[X,0x0000000080000D1C] -> 0x8E93
mem[X,0x0000000080000D1E] -> 0x3DFE
[844] [M]: 0x0000000080000D1C (0x3DFE8E93) addi t4, t4, 0x3df
x29 <- 0x00400005FFF9FFDF

mem[X,0x0000000080000D20] -> 0x1FBB
mem[X,0x0000000080000D22] -> 0xB1DF
[845] [M]: 0x0000000080000D20 (0xB1DF1FBB) pmulu.h.beo t6, t5, t4
x31 <- 0x00000000FE01F50A

mem[X,0x0000000080000D24] -> 0x3823
mem[X,0x0000000080000D26] -> 0x0BF3
[846] [M]: 0x0000000080000D24 (0x0BF33823) sd t6, 0xb0(t1)
mem[0x0000000080004258] <- 0x00000000FE01F50A

mem[X,0x0000000080000D28] -> 0x0F37
mem[X,0x0000000080000D2A] -> 0x0007
[847] [M]: 0x0000000080000D28 (0x00070F37) lui t5, 0x70
x30 <- 0x0000000000070000

mem[X,0x0000000080000D2C] -> 0x0F13
mem[X,0x0000000080000D2E] -> 0x400F
[848] [M]: 0x0000000080000D2C (0x400F0F13) addi t5, t5, 0x400
x30 <- 0x0000000000070400

mem[X,0x0000000080000D30] -> 0x1F13
mem[X,0x0000000080000D32] -> 0x00BF
[849] [M]: 0x0000000080000D30 (0x00BF1F13) slli t5, t5, 0xb
x30 <- 0x0000000038200000

mem[X,0x0000000080000D34] -> 0x0F13
mem[X,0x0000000080000D36] -> 0x000F
[850] [M]: 0x0000000080000D34 (0x000F0F13) addi t5, t5, 0x0
x30 <- 0x0000000038200000

mem[X,0x0000000080000D38] -> 0x1F13
mem[X,0x0000000080000D3A] -> 0x00BF
[851] [M]: 0x0000000080000D38 (0x00BF1F13) slli t5, t5, 0xb
x30 <- 0x000001C100000000

mem[X,0x0000000080000D3C] -> 0x0F13
mem[X,0x0000000080000D3E] -> 0x400F
[852] [M]: 0x0000000080000D3C (0x400F0F13) addi t5, t5, 0x400
x30 <- 0x000001C100000400

mem[X,0x0000000080000D40] -> 0x1F13
mem[X,0x0000000080000D42] -> 0x00AF
[853] [M]: 0x0000000080000D40 (0x00AF1F13) slli t5, t5, 0xa
x30 <- 0x0007040000100000

mem[X,0x0000000080000D44] -> 0x0F13
mem[X,0x0000000080000D46] -> 0x005F
[854] [M]: 0x0000000080000D44 (0x005F0F13) addi t5, t5, 0x5
x30 <- 0x0007040000100005

mem[X,0x0000000080000D48] -> 0x0EB7
mem[X,0x0000000080000D4A] -> 0x0400
[855] [M]: 0x0000000080000D48 (0x04000EB7) lui t4, 0x4000
x29 <- 0x0000000004000000

mem[X,0x0000000080000D4C] -> 0x8E93
mem[X,0x0000000080000D4E] -> 0x400E
[856] [M]: 0x0000000080000D4C (0x400E8E93) addi t4, t4, 0x400
x29 <- 0x0000000004000400

mem[X,0x0000000080000D50] -> 0x9E93
mem[X,0x0000000080000D52] -> 0x00BE
[857] [M]: 0x0000000080000D50 (0x00BE9E93) slli t4, t4, 0xb
x29 <- 0x0000002000200000

mem[X,0x0000000080000D54] -> 0x8E93
mem[X,0x0000000080000D56] -> 0x000E
[858] [M]: 0x0000000080000D54 (0x000E8E93) addi t4, t4, 0x0
x29 <- 0x0000002000200000

mem[X,0x0000000080000D58] -> 0x9E93
mem[X,0x0000000080000D5A] -> 0x00BE
[859] [M]: 0x0000000080000D58 (0x00BE9E93) slli t4, t4, 0xb
x29 <- 0x0001000100000000

mem[X,0x0000000080000D5C] -> 0x8E93
mem[X,0x0000000080000D5E] -> 0x03FE
[860] [M]: 0x0000000080000D5C (0x03FE8E93) addi t4, t4, 0x3f
x29 <- 0x000100010000003F

mem[X,0x0000000080000D60] -> 0x9E93
mem[X,0x0000000080000D62] -> 0x00AE
[861] [M]: 0x0000000080000D60 (0x00AE9E93) slli t4, t4, 0xa
x29 <- 0x040004000000FC00

mem[X,0x0000000080000D64] -> 0x8E93
mem[X,0x0000000080000D66] -> 0x3F8E
[862] [M]: 0x0000000080000D64 (0x3F8E8E93) addi t4, t4, 0x3f8
x29 <- 0x040004000000FFF8

mem[X,0x0000000080000D68] -> 0x1FBB
mem[X,0x0000000080000D6A] -> 0xB1DF
[863] [M]: 0x0000000080000D68 (0xB1DF1FBB) pmulu.h.beo t6, t5, t4
x31 <- 0x001C0000000004FB

mem[X,0x0000000080000D6C] -> 0x3C23
mem[X,0x0000000080000D6E] -> 0x0BF3
[864] [M]: 0x0000000080000D6C (0x0BF33C23) sd t6, 0xb8(t1)
mem[0x0000000080004260] <- 0x001C0000000004FB

mem[X,0x0000000080000D70] -> 0xFF37
mem[X,0x0000000080000D72] -> 0xFFF7
[865] [M]: 0x0000000080000D70 (0xFFF7FF37) lui t5, -0x81
x30 <- 0xFFFFFFFFFFF7F000

mem[X,0x0000000080000D74] -> 0x0F13
mem[X,0x0000000080000D76] -> 0xFFFF
[866] [M]: 0x0000000080000D74 (0xFFFF0F13) addi t5, t5, -0x1
x30 <- 0xFFFFFFFFFFF7EFFF

mem[X,0x0000000080000D78] -> 0x1F13
mem[X,0x0000000080000D7A] -> 0x00BF
[867] [M]: 0x0000000080000D78 (0x00BF1F13) slli t5, t5, 0xb
x30 <- 0xFFFFFFFFBF7FF800

mem[X,0x0000000080000D7C] -> 0x0F13
mem[X,0x0000000080000D7E] -> 0x000F
[868] [M]: 0x0000000080000D7C (0x000F0F13) addi t5, t5, 0x0
x30 <- 0xFFFFFFFFBF7FF800

mem[X,0x0000000080000D80] -> 0x1F13
mem[X,0x0000000080000D82] -> 0x00BF
[869] [M]: 0x0000000080000D80 (0x00BF1F13) slli t5, t5, 0xb
x30 <- 0xFFFFFDFBFFC00000

mem[X,0x0000000080000D84] -> 0x0F13
mem[X,0x0000000080000D86] -> 0x015F
[870] [M]: 0x0000000080000D84 (0x015F0F13) addi t5, t5, 0x15
x30 <- 0xFFFFFDFBFFC00015

mem[X,0x0000000080000D88] -> 0x1F13
mem[X,0x0000000080000D8A] -> 0x00AF
[871] [M]: 0x0000000080000D88 (0x00AF1F13) slli t5, t5, 0xa
x30 <- 0xFFF7EFFF00005400

mem[X,0x0000000080000D8C] -> 0x0F13
mem[X,0x0000000080000D8E] -> 0x155F
[872] [M]: 0x0000000080000D8C (0x155F0F13) addi t5, t5, 0x155
x30 <- 0xFFF7EFFF00005555

mem[X,0x0000000080000D90] -> 0xEEB7
mem[X,0x0000000080000D92] -> 0x4000
[873] [M]: 0x0000000080000D90 (0x4000EEB7) lui t4, 0x4000e
x29 <- 0x000000004000E000

mem[X,0x0000000080000D94] -> 0x8E93
mem[X,0x0000000080000D96] -> 0xFFFE
[874] [M]: 0x0000000080000D94 (0xFFFE8E93) addi t4, t4, -0x1
x29 <- 0x000000004000DFFF

mem[X,0x0000000080000D98] -> 0x9E93
mem[X,0x0000000080000D9A] -> 0x00BE
[875] [M]: 0x0000000080000D98 (0x00BE9E93) slli t4, t4, 0xb
x29 <- 0x0000020006FFF800

mem[X,0x0000000080000D9C] -> 0x8E93
mem[X,0x0000000080000D9E] -> 0x000E
[876] [M]: 0x0000000080000D9C (0x000E8E93) addi t4, t4, 0x0
x29 <- 0x0000020006FFF800

mem[X,0x0000000080000DA0] -> 0x9E93
mem[X,0x0000000080000DA2] -> 0x00BE
[877] [M]: 0x0000000080000DA0 (0x00BE9E93) slli t4, t4, 0xb
x29 <- 0x00100037FFC00000

mem[X,0x0000000080000DA4] -> 0x8E93
mem[X,0x0000000080000DA6] -> 0x07FE
[878] [M]: 0x0000000080000DA4 (0x07FE8E93) addi t4, t4, 0x7f
x29 <- 0x00100037FFC0007F

mem[X,0x0000000080000DA8] -> 0x9E93
mem[X,0x0000000080000DAA] -> 0x00AE
[879] [M]: 0x0000000080000DA8 (0x00AE9E93) slli t4, t4, 0xa
x29 <- 0x4000DFFF0001FC00

mem[X,0x0000000080000DAC] -> 0x8E93
mem[X,0x0000000080000DAE] -> 0x3FBE
[880] [M]: 0x0000000080000DAC (0x3FBE8E93) addi t4, t4, 0x3fb
x29 <- 0x4000DFFF0001FFFB

mem[X,0x0000000080000DB0] -> 0x1FBB
mem[X,0x0000000080000DB2] -> 0xB1DF
[881] [M]: 0x0000000080000DB0 (0xB1DF1FBB) pmulu.h.beo t6, t5, t4
x31 <- 0x3DC0DE21000054AB

mem[X,0x0000000080000DB4] -> 0x3023
mem[X,0x0000000080000DB6] -> 0x0DF3
[882] [M]: 0x0000000080000DB4 (0x0DF33023) sd t6, 0xc0(t1)
mem[0x0000000080004268] <- 0x3DC0DE21000054AB

mem[X,0x0000000080000DB8] -> 0x0F37
mem[X,0x0000000080000DBA] -> 0xF7FF
[883] [M]: 0x0000000080000DB8 (0xF7FF0F37) lui t5, -0x8010
x30 <- 0xFFFFFFFFF7FF0000

mem[X,0x0000000080000DBC] -> 0x0F13
mem[X,0x0000000080000DBE] -> 0x020F
[884] [M]: 0x0000000080000DBC (0x020F0F13) addi t5, t5, 0x20
x30 <- 0xFFFFFFFFF7FF0020

mem[X,0x0000000080000DC0] -> 0x1F13
mem[X,0x0000000080000DC2] -> 0x00BF
[885] [M]: 0x0000000080000DC0 (0x00BF1F13) slli t5, t5, 0xb
x30 <- 0xFFFFFFBFF8010000

mem[X,0x0000000080000DC4] -> 0x0F13
mem[X,0x0000000080000DC6] -> 0x7FFF
[886] [M]: 0x0000000080000DC4 (0x7FFF0F13) addi t5, t5, 0x7ff
x30 <- 0xFFFFFFBFF80107FF

mem[X,0x0000000080000DC8] -> 0x1F13
mem[X,0x0000000080000DCA] -> 0x00BF
[887] [M]: 0x0000000080000DC8 (0x00BF1F13) slli t5, t5, 0xb
x30 <- 0xFFFDFFC0083FF800

mem[X,0x0000000080000DCC] -> 0x0F13
mem[X,0x0000000080000DCE] -> 0x5BFF
[888] [M]: 0x0000000080000DCC (0x5BFF0F13) addi t5, t5, 0x5bf
x30 <- 0xFFFDFFC0083FFDBF

mem[X,0x0000000080000DD0] -> 0x1F13
mem[X,0x0000000080000DD2] -> 0x00AF
[889] [M]: 0x0000000080000DD0 (0x00AF1F13) slli t5, t5, 0xa
x30 <- 0xF7FF0020FFF6FC00

mem[X,0x0000000080000DD4] -> 0x0F13
mem[X,0x0000000080000DD6] -> 0x3BFF
[890] [M]: 0x0000000080000DD4 (0x3BFF0F13) addi t5, t5, 0x3bf
x30 <- 0xF7FF0020FFF6FFBF

mem[X,0x0000000080000DD8] -> 0x0EB7
mem[X,0x0000000080000DDA] -> 0xFFFE
[891] [M]: 0x0000000080000DD8 (0xFFFE0EB7) lui t4, -0x20
x29 <- 0xFFFFFFFFFFFE0000

mem[X,0x0000000080000DDC] -> 0x8E93
mem[X,0x0000000080000DDE] -> 0xFF8E
[892] [M]: 0x0000000080000DDC (0xFF8E8E93) addi t4, t4, -0x8
x29 <- 0xFFFFFFFFFFFDFFF8

mem[X,0x0000000080000DE0] -> 0x9E93
mem[X,0x0000000080000DE2] -> 0x00BE
[893] [M]: 0x0000000080000DE0 (0x00BE9E93) slli t4, t4, 0xb
x29 <- 0xFFFFFFFFEFFFC000

mem[X,0x0000000080000DE4] -> 0x8E93
mem[X,0x0000000080000DE6] -> 0x555E
[894] [M]: 0x0000000080000DE4 (0x555E8E93) addi t4, t4, 0x555
x29 <- 0xFFFFFFFFEFFFC555

mem[X,0x0000000080000DE8] -> 0x9E93
mem[X,0x0000000080000DEA] -> 0x00BE
[895] [M]: 0x0000000080000DE8 (0x00BE9E93) slli t4, t4, 0xb
x29 <- 0xFFFFFF7FFE2AA800

mem[X,0x0000000080000DEC] -> 0x8E93
mem[X,0x0000000080000DEE] -> 0x280E
[896] [M]: 0x0000000080000DEC (0x280E8E93) addi t4, t4, 0x280
x29 <- 0xFFFFFF7FFE2AAA80

mem[X,0x0000000080000DF0] -> 0x9E93
mem[X,0x0000000080000DF2] -> 0x00AE
[897] [M]: 0x0000000080000DF0 (0x00AE9E93) slli t4, t4, 0xa
x29 <- 0xFFFDFFF8AAAA0000

mem[X,0x0000000080000DF4] -> 0x8E93
mem[X,0x0000000080000DF6] -> 0x005E
[898] [M]: 0x0000000080000DF4 (0x005E8E93) addi t4, t4, 0x5
x29 <- 0xFFFDFFF8AAAA0005

mem[X,0x0000000080000DF8] -> 0x1FBB
mem[X,0x0000000080000DFA] -> 0xB1DF
[899] [M]: 0x0000000080000DF8 (0xB1DF1FBB) pmulu.h.beo t6, t5, t4
x31 <- 0xFE011FE0A35C0000

clint::tick mtime <- 0x0000000000000009
 clint timer pending at mtime 0x0000000000000009
htif::tick 0x0000000000000000
mem[X,0x0000000080000DFC] -> 0x3423
mem[X,0x0000000080000DFE] -> 0x0DF3
[900] [M]: 0x0000000080000DFC (0x0DF33423) sd t6, 0xc8(t1)
mem[0x0000000080004270] <- 0xFE011FE0A35C0000

mem[X,0x0000000080000E00] -> 0x0F37
mem[X,0x0000000080000E02] -> 0x0200
[901] [M]: 0x0000000080000E00 (0x02000F37) lui t5, 0x2000
x30 <- 0x0000000002000000

mem[X,0x0000000080000E04] -> 0x0F13
mem[X,0x0000000080000E06] -> 0x002F
[902] [M]: 0x0000000080000E04 (0x002F0F13) addi t5, t5, 0x2
x30 <- 0x0000000002000002

mem[X,0x0000000080000E08] -> 0x1F13
mem[X,0x0000000080000E0A] -> 0x00BF
[903] [M]: 0x0000000080000E08 (0x00BF1F13) slli t5, t5, 0xb
x30 <- 0x0000001000001000

mem[X,0x0000000080000E0C] -> 0x0F13
mem[X,0x0000000080000E0E] -> 0x000F
[904] [M]: 0x0000000080000E0C (0x000F0F13) addi t5, t5, 0x0
x30 <- 0x0000001000001000

mem[X,0x0000000080000E10] -> 0x1F13
mem[X,0x0000000080000E12] -> 0x00BF
[905] [M]: 0x0000000080000E10 (0x00BF1F13) slli t5, t5, 0xb
x30 <- 0x0000800000800000

mem[X,0x0000000080000E14] -> 0x0F13
mem[X,0x0000000080000E16] -> 0x23FF
[906] [M]: 0x0000000080000E14 (0x23FF0F13) addi t5, t5, 0x23f
x30 <- 0x000080000080023F

mem[X,0x0000000080000E18] -> 0x1F13
mem[X,0x0000000080000E1A] -> 0x00AF
[907] [M]: 0x0000000080000E18 (0x00AF1F13) slli t5, t5, 0xa
x30 <- 0x020000020008FC00

mem[X,0x0000000080000E1C] -> 0x0F13
mem[X,0x0000000080000E1E] -> 0x3FAF
[908] [M]: 0x0000000080000E1C (0x3FAF0F13) addi t5, t5, 0x3fa
x30 <- 0x020000020008FFFA

mem[X,0x0000000080000E20] -> 0x0EB7
mem[X,0x0000000080000E22] -> 0xFFF7
[909] [M]: 0x0000000080000E20 (0xFFF70EB7) lui t4, -0x90
x29 <- 0xFFFFFFFFFFF70000

mem[X,0x0000000080000E24] -> 0x8E93
mem[X,0x0000000080000E26] -> 0x080E
[910] [M]: 0x0000000080000E24 (0x080E8E93) addi t4, t4, 0x80
x29 <- 0xFFFFFFFFFFF70080

mem[X,0x0000000080000E28] -> 0x9E93
mem[X,0x0000000080000E2A] -> 0x00BE
[911] [M]: 0x0000000080000E28 (0x00BE9E93) slli t4, t4, 0xb
x29 <- 0xFFFFFFFFB8040000

mem[X,0x0000000080000E2C] -> 0x8E93
mem[X,0x0000000080000E2E] -> 0x000E
[912] [M]: 0x0000000080000E2C (0x000E8E93) addi t4, t4, 0x0
x29 <- 0xFFFFFFFFB8040000

mem[X,0x0000000080000E30] -> 0x9E93
mem[X,0x0000000080000E32] -> 0x00BE
[913] [M]: 0x0000000080000E30 (0x00BE9E93) slli t4, t4, 0xb
x29 <- 0xFFFFFDC020000000

mem[X,0x0000000080000E34] -> 0x8E93
mem[X,0x0000000080000E36] -> 0x240E
[914] [M]: 0x0000000080000E34 (0x240E8E93) addi t4, t4, 0x240
x29 <- 0xFFFFFDC020000240

mem[X,0x0000000080000E38] -> 0x9E93
mem[X,0x0000000080000E3A] -> 0x00AE
[915] [M]: 0x0000000080000E38 (0x00AE9E93) slli t4, t4, 0xa
x29 <- 0xFFF7008000090000

mem[X,0x0000000080000E3C] -> 0x8E93
mem[X,0x0000000080000E3E] -> 0x005E
[916] [M]: 0x0000000080000E3C (0x005E8E93) addi t4, t4, 0x5
x29 <- 0xFFF7008000090005

mem[X,0x0000000080000E40] -> 0x1FBB
mem[X,0x0000000080000E42] -> 0xB1DF
[917] [M]: 0x0000000080000E40 (0xB1DF1FBB) pmulu.h.beo t6, t5, t4
x31 <- 0x0000000000000000

mem[X,0x0000000080000E44] -> 0x3823
mem[X,0x0000000080000E46] -> 0x0DF3
[918] [M]: 0x0000000080000E44 (0x0DF33823) sd t6, 0xd0(t1)
mem[0x0000000080004278] <- 0x0000000000000000

mem[X,0x0000000080000E48] -> 0x2F37
mem[X,0x0000000080000E4A] -> 0xC000
[919] [M]: 0x0000000080000E48 (0xC0002F37) lui t5, -0x3fffe
x30 <- 0xFFFFFFFFC0002000

mem[X,0x0000000080000E4C] -> 0x0F13
mem[X,0x0000000080000E4E] -> 0x000F
[920] [M]: 0x0000000080000E4C (0x000F0F13) addi t5, t5, 0x0
x30 <- 0xFFFFFFFFC0002000

mem[X,0x0000000080000E50] -> 0x1F13
mem[X,0x0000000080000E52] -> 0x00BF
[921] [M]: 0x0000000080000E50 (0x00BF1F13) slli t5, t5, 0xb
x30 <- 0xFFFFFE0001000000

mem[X,0x0000000080000E54] -> 0x0F13
mem[X,0x0000000080000E56] -> 0x7FFF
[922] [M]: 0x0000000080000E54 (0x7FFF0F13) addi t5, t5, 0x7ff
x30 <- 0xFFFFFE00010007FF

mem[X,0x0000000080000E58] -> 0x1F13
mem[X,0x0000000080000E5A] -> 0x00BF
[923] [M]: 0x0000000080000E58 (0x00BF1F13) slli t5, t5, 0xb
x30 <- 0xFFF00008003FF800

mem[X,0x0000000080000E5C] -> 0x0F13
mem[X,0x0000000080000E5E] -> 0x67FF
[924] [M]: 0x0000000080000E5C (0x67FF0F13) addi t5, t5, 0x67f
x30 <- 0xFFF00008003FFE7F

mem[X,0x0000000080000E60] -> 0x1F13
mem[X,0x0000000080000E62] -> 0x00AF
[925] [M]: 0x0000000080000E60 (0x00AF1F13) slli t5, t5, 0xa
x30 <- 0xC0002000FFF9FC00

mem[X,0x0000000080000E64] -> 0x0F13
mem[X,0x0000000080000E66] -> 0x37FF
[926] [M]: 0x0000000080000E64 (0x37FF0F13) addi t5, t5, 0x37f
x30 <- 0xC0002000FFF9FF7F

mem[X,0x0000000080000E68] -> 0x0EB7
mem[X,0x0000000080000E6A] -> 0xFF00
[927] [M]: 0x0000000080000E68 (0xFF000EB7) lui t4, -0x1000
x29 <- 0xFFFFFFFFFF000000

mem[X,0x0000000080000E6C] -> 0x8E93
mem[X,0x0000000080000E6E] -> 0xFFBE
[928] [M]: 0x0000000080000E6C (0xFFBE8E93) addi t4, t4, -0x5
x29 <- 0xFFFFFFFFFEFFFFFB

mem[X,0x0000000080000E70] -> 0x9E93
mem[X,0x0000000080000E72] -> 0x00BE
[929] [M]: 0x0000000080000E70 (0x00BE9E93) slli t4, t4, 0xb
x29 <- 0xFFFFFFF7FFFFD800

mem[X,0x0000000080000E74] -> 0x8E93
mem[X,0x0000000080000E76] -> 0x7FFE
[930] [M]: 0x0000000080000E74 (0x7FFE8E93) addi t4, t4, 0x7ff
x29 <- 0xFFFFFFF7FFFFDFFF

mem[X,0x0000000080000E78] -> 0x9E93
mem[X,0x0000000080000E7A] -> 0x00BE
[931] [M]: 0x0000000080000E78 (0x00BE9E93) slli t4, t4, 0xb
x29 <- 0xFFFFBFFFFEFFF800

mem[X,0x0000000080000E7C] -> 0x8E93
mem[X,0x0000000080000E7E] -> 0x7C0E
[932] [M]: 0x0000000080000E7C (0x7C0E8E93) addi t4, t4, 0x7c0
x29 <- 0xFFFFBFFFFEFFFFC0

mem[X,0x0000000080000E80] -> 0x9E93
mem[X,0x0000000080000E82] -> 0x00AE
[933] [M]: 0x0000000080000E80 (0x00AE9E93) slli t4, t4, 0xa
x29 <- 0xFEFFFFFBFFFF0000

mem[X,0x0000000080000E84] -> 0x8E93
mem[X,0x0000000080000E86] -> 0x001E
[934] [M]: 0x0000000080000E84 (0x001E8E93) addi t4, t4, 0x1
x29 <- 0xFEFFFFFBFFFF0001

mem[X,0x0000000080000E88] -> 0x1FBB
mem[X,0x0000000080000E8A] -> 0xB1DF
[935] [M]: 0x0000000080000E88 (0xB1DF1FBB) pmulu.h.beo t6, t5, t4
x31 <- 0x00000000F8070000

mem[X,0x0000000080000E8C] -> 0x3C23
mem[X,0x0000000080000E8E] -> 0x0DF3
[936] [M]: 0x0000000080000E8C (0x0DF33C23) sd t6, 0xd8(t1)
mem[0x0000000080004280] <- 0x00000000F8070000

mem[X,0x0000000080000E90] -> 0x0F37
mem[X,0x0000000080000E92] -> 0x0100
[937] [M]: 0x0000000080000E90 (0x01000F37) lui t5, 0x1000
x30 <- 0x0000000001000000

mem[X,0x0000000080000E94] -> 0x0F13
mem[X,0x0000000080000E96] -> 0x040F
[938] [M]: 0x0000000080000E94 (0x040F0F13) addi t5, t5, 0x40
x30 <- 0x0000000001000040

mem[X,0x0000000080000E98] -> 0x1F13
mem[X,0x0000000080000E9A] -> 0x00BF
[939] [M]: 0x0000000080000E98 (0x00BF1F13) slli t5, t5, 0xb
x30 <- 0x0000000800020000

mem[X,0x0000000080000E9C] -> 0x0F13
mem[X,0x0000000080000E9E] -> 0x7FFF
[940] [M]: 0x0000000080000E9C (0x7FFF0F13) addi t5, t5, 0x7ff
x30 <- 0x00000008000207FF

mem[X,0x0000000080000EA0] -> 0x1F13
mem[X,0x0000000080000EA2] -> 0x00BF
[941] [M]: 0x0000000080000EA0 (0x00BF1F13) slli t5, t5, 0xb
x30 <- 0x00004000103FF800

mem[X,0x0000000080000EA4] -> 0x0F13
mem[X,0x0000000080000EA6] -> 0x7BFF
[942] [M]: 0x0000000080000EA4 (0x7BFF0F13) addi t5, t5, 0x7bf
x30 <- 0x00004000103FFFBF

mem[X,0x0000000080000EA8] -> 0x1F13
mem[X,0x0000000080000EAA] -> 0x00AF
[943] [M]: 0x0000000080000EA8 (0x00AF1F13) slli t5, t5, 0xa
x30 <- 0x01000040FFFEFC00

mem[X,0x0000000080000EAC] -> 0x0F13
mem[X,0x0000000080000EAE] -> 0x3DFF
[944] [M]: 0x0000000080000EAC (0x3DFF0F13) addi t5, t5, 0x3df
x30 <- 0x01000040FFFEFFDF

mem[X,0x0000000080000EB0] -> 0x0EB7
mem[X,0x0000000080000EB2] -> 0xFDFF
[945] [M]: 0x0000000080000EB0 (0xFDFF0EB7) lui t4, -0x2010
x29 <- 0xFFFFFFFFFDFF0000

mem[X,0x0000000080000EB4] -> 0x8E93
mem[X,0x0000000080000EB6] -> 0x400E
[946] [M]: 0x0000000080000EB4 (0x400E8E93) addi t4, t4, 0x400
x29 <- 0xFFFFFFFFFDFF0400

mem[X,0x0000000080000EB8] -> 0x9E93
mem[X,0x0000000080000EBA] -> 0x00BE
[947] [M]: 0x0000000080000EB8 (0x00BE9E93) slli t4, t4, 0xb
x29 <- 0xFFFFFFEFF8200000

mem[X,0x0000000080000EBC] -> 0x8E93
mem[X,0x0000000080000EBE] -> 0x7BFE
[948] [M]: 0x0000000080000EBC (0x7BFE8E93) addi t4, t4, 0x7bf
x29 <- 0xFFFFFFEFF82007BF

mem[X,0x0000000080000EC0] -> 0x9E93
mem[X,0x0000000080000EC2] -> 0x00BE
[949] [M]: 0x0000000080000EC0 (0x00BE9E93) slli t4, t4, 0xb
x29 <- 0xFFFF7FC1003DF800

mem[X,0x0000000080000EC4] -> 0x8E93
mem[X,0x0000000080000EC6] -> 0x7C0E
[950] [M]: 0x0000000080000EC4 (0x7C0E8E93) addi t4, t4, 0x7c0
x29 <- 0xFFFF7FC1003DFFC0

mem[X,0x0000000080000EC8] -> 0x9E93
mem[X,0x0000000080000ECA] -> 0x00AE
[951] [M]: 0x0000000080000EC8 (0x00AE9E93) slli t4, t4, 0xa
x29 <- 0xFDFF0400F7FF0000

mem[X,0x0000000080000ECC] -> 0x8E93
mem[X,0x0000000080000ECE] -> 0x009E
[952] [M]: 0x0000000080000ECC (0x009E8E93) addi t4, t4, 0x9
x29 <- 0xFDFF0400F7FF0009

mem[X,0x0000000080000ED0] -> 0x1FBB
mem[X,0x0000000080000ED2] -> 0xB1DF
[953] [M]: 0x0000000080000ED0 (0xB1DF1FBB) pmulu.h.beo t6, t5, t4
x31 <- 0x00000100F5120000

mem[X,0x0000000080000ED4] -> 0x3023
mem[X,0x0000000080000ED6] -> 0x0FF3
[954] [M]: 0x0000000080000ED4 (0x0FF33023) sd t6, 0xe0(t1)
mem[0x0000000080004288] <- 0x00000100F5120000

mem[X,0x0000000080000ED8] -> 0x0F37
mem[X,0x0000000080000EDA] -> 0x0009
[955] [M]: 0x0000000080000ED8 (0x00090F37) lui t5, 0x90
x30 <- 0x0000000000090000

mem[X,0x0000000080000EDC] -> 0x0F13
mem[X,0x0000000080000EDE] -> 0x002F
[956] [M]: 0x0000000080000EDC (0x002F0F13) addi t5, t5, 0x2
x30 <- 0x0000000000090002

mem[X,0x0000000080000EE0] -> 0x1F13
mem[X,0x0000000080000EE2] -> 0x00BF
[957] [M]: 0x0000000080000EE0 (0x00BF1F13) slli t5, t5, 0xb
x30 <- 0x0000000048001000

mem[X,0x0000000080000EE4] -> 0x0F13
mem[X,0x0000000080000EE6] -> 0x000F
[958] [M]: 0x0000000080000EE4 (0x000F0F13) addi t5, t5, 0x0
x30 <- 0x0000000048001000

mem[X,0x0000000080000EE8] -> 0x1F13
mem[X,0x0000000080000EEA] -> 0x00BF
[959] [M]: 0x0000000080000EE8 (0x00BF1F13) slli t5, t5, 0xb
x30 <- 0x0000024000800000

mem[X,0x0000000080000EEC] -> 0x0F13
mem[X,0x0000000080000EEE] -> 0x100F
[960] [M]: 0x0000000080000EEC (0x100F0F13) addi t5, t5, 0x100
x30 <- 0x0000024000800100

mem[X,0x0000000080000EF0] -> 0x1F13
mem[X,0x0000000080000EF2] -> 0x00AF
[961] [M]: 0x0000000080000EF0 (0x00AF1F13) slli t5, t5, 0xa
x30 <- 0x0009000200040000

mem[X,0x0000000080000EF4] -> 0x0F13
mem[X,0x0000000080000EF6] -> 0x004F
[962] [M]: 0x0000000080000EF4 (0x004F0F13) addi t5, t5, 0x4
x30 <- 0x0009000200040004

mem[X,0x0000000080000EF8] -> 0x0EB7
mem[X,0x0000000080000EFA] -> 0xF000
[963] [M]: 0x0000000080000EF8 (0xF0000EB7) lui t4, -0x10000
x29 <- 0xFFFFFFFFF0000000

mem[X,0x0000000080000EFC] -> 0x8E93
mem[X,0x0000000080000EFE] -> 0xFFCE
[964] [M]: 0x0000000080000EFC (0xFFCE8E93) addi t4, t4, -0x4
x29 <- 0xFFFFFFFFEFFFFFFC

mem[X,0x0000000080000F00] -> 0x9E93
mem[X,0x0000000080000F02] -> 0x00BE
[965] [M]: 0x0000000080000F00 (0x00BE9E93) slli t4, t4, 0xb
x29 <- 0xFFFFFF7FFFFFE000

mem[X,0x0000000080000F04] -> 0x8E93
mem[X,0x0000000080000F06] -> 0x010E
[966] [M]: 0x0000000080000F04 (0x010E8E93) addi t4, t4, 0x10
x29 <- 0xFFFFFF7FFFFFE010

mem[X,0x0000000080000F08] -> 0x9E93
mem[X,0x0000000080000F0A] -> 0x00BE
[967] [M]: 0x0000000080000F08 (0x00BE9E93) slli t4, t4, 0xb
x29 <- 0xFFFBFFFFFF008000

mem[X,0x0000000080000F0C] -> 0x8E93
mem[X,0x0000000080000F0E] -> 0x010E
[968] [M]: 0x0000000080000F0C (0x010E8E93) addi t4, t4, 0x10
x29 <- 0xFFFBFFFFFF008010

mem[X,0x0000000080000F10] -> 0x9E93
mem[X,0x0000000080000F12] -> 0x00AE
[969] [M]: 0x0000000080000F10 (0x00AE9E93) slli t4, t4, 0xa
x29 <- 0xEFFFFFFC02004000

mem[X,0x0000000080000F14] -> 0x1FBB
mem[X,0x0000000080000F16] -> 0xB1DF
[970] [M]: 0x0000000080000F14 (0xB1DF1FBB) pmulu.h.beo t6, t5, t4
x31 <- 0x086701FE00080100

mem[X,0x0000000080000F18] -> 0x3423
mem[X,0x0000000080000F1A] -> 0x0FF3
[971] [M]: 0x0000000080000F18 (0x0FF33423) sd t6, 0xe8(t1)
mem[0x0000000080004290] <- 0x086701FE00080100

mem[X,0x0000000080000F1C] -> 0x0F37
mem[X,0x0000000080000F1E] -> 0x0001
[972] [M]: 0x0000000080000F1C (0x00010F37) lui t5, 0x10
x30 <- 0x0000000000010000

mem[X,0x0000000080000F20] -> 0x0F13
mem[X,0x0000000080000F22] -> 0x040F
[973] [M]: 0x0000000080000F20 (0x040F0F13) addi t5, t5, 0x40
x30 <- 0x0000000000010040

mem[X,0x0000000080000F24] -> 0x1F13
mem[X,0x0000000080000F26] -> 0x00BF
[974] [M]: 0x0000000080000F24 (0x00BF1F13) slli t5, t5, 0xb
x30 <- 0x0000000008020000

mem[X,0x0000000080000F28] -> 0x0F13
mem[X,0x0000000080000F2A] -> 0x020F
[975] [M]: 0x0000000080000F28 (0x020F0F13) addi t5, t5, 0x20
x30 <- 0x0000000008020020

mem[X,0x0000000080000F2C] -> 0x1F13
mem[X,0x0000000080000F2E] -> 0x00BF
[976] [M]: 0x0000000080000F2C (0x00BF1F13) slli t5, t5, 0xb
x30 <- 0x0000004010010000

mem[X,0x0000000080000F30] -> 0x0F13
mem[X,0x0000000080000F32] -> 0x02AF
[977] [M]: 0x0000000080000F30 (0x02AF0F13) addi t5, t5, 0x2a
x30 <- 0x000000401001002A

mem[X,0x0000000080000F34] -> 0x1F13
mem[X,0x0000000080000F36] -> 0x00AF
[978] [M]: 0x0000000080000F34 (0x00AF1F13) slli t5, t5, 0xa
x30 <- 0x000100400400A800

mem[X,0x0000000080000F38] -> 0x0F13
mem[X,0x0000000080000F3A] -> 0x2AAF
[979] [M]: 0x0000000080000F38 (0x2AAF0F13) addi t5, t5, 0x2aa
x30 <- 0x000100400400AAAA

mem[X,0x0000000080000F3C] -> 0x0EB7
mem[X,0x0000000080000F3E] -> 0xE000
[980] [M]: 0x0000000080000F3C (0xE0000EB7) lui t4, -0x20000
x29 <- 0xFFFFFFFFE0000000

mem[X,0x0000000080000F40] -> 0x8E93
mem[X,0x0000000080000F42] -> 0xFF6E
[981] [M]: 0x0000000080000F40 (0xFF6E8E93) addi t4, t4, -0xa
x29 <- 0xFFFFFFFFDFFFFFF6

mem[X,0x0000000080000F44] -> 0x9E93
mem[X,0x0000000080000F46] -> 0x00BE
[982] [M]: 0x0000000080000F44 (0x00BE9E93) slli t4, t4, 0xb
x29 <- 0xFFFFFEFFFFFFB000

mem[X,0x0000000080000F48] -> 0x8E93
mem[X,0x0000000080000F4A] -> 0x77FE
[983] [M]: 0x0000000080000F48 (0x77FE8E93) addi t4, t4, 0x77f
x29 <- 0xFFFFFEFFFFFFB77F

mem[X,0x0000000080000F4C] -> 0x9E93
mem[X,0x0000000080000F4E] -> 0x00BE
[984] [M]: 0x0000000080000F4C (0x00BE9E93) slli t4, t4, 0xb
x29 <- 0xFFF7FFFFFDBBF800

mem[X,0x0000000080000F50] -> 0x8E93
mem[X,0x0000000080000F52] -> 0x7C0E
[985] [M]: 0x0000000080000F50 (0x7C0E8E93) addi t4, t4, 0x7c0
x29 <- 0xFFF7FFFFFDBBFFC0

mem[X,0x0000000080000F54] -> 0x9E93
mem[X,0x0000000080000F56] -> 0x00AE
[986] [M]: 0x0000000080000F54 (0x00AE9E93) slli t4, t4, 0xa
x29 <- 0xDFFFFFF6EFFF0000

mem[X,0x0000000080000F58] -> 0x8E93
mem[X,0x0000000080000F5A] -> 0x008E
[987] [M]: 0x0000000080000F58 (0x008E8E93) addi t4, t4, 0x8
x29 <- 0xDFFFFFF6EFFF0008

mem[X,0x0000000080000F5C] -> 0x1FBB
mem[X,0x0000000080000F5E] -> 0xB1DF
[988] [M]: 0x0000000080000F5C (0xB1DF1FBB) pmulu.h.beo t6, t5, t4
x31 <- 0x00DF3FC000000000

mem[X,0x0000000080000F60] -> 0x3823
mem[X,0x0000000080000F62] -> 0x0FF3
[989] [M]: 0x0000000080000F60 (0x0FF33823) sd t6, 0xf0(t1)
mem[0x0000000080004298] <- 0x00DF3FC000000000

mem[X,0x0000000080000F64] -> 0x0F37
mem[X,0x0000000080000F66] -> 0x8000
[990] [M]: 0x0000000080000F64 (0x80000F37) lui t5, -0x80000
x30 <- 0xFFFFFFFF80000000

mem[X,0x0000000080000F68] -> 0x0F13
mem[X,0x0000000080000F6A] -> 0x001F
[991] [M]: 0x0000000080000F68 (0x001F0F13) addi t5, t5, 0x1
x30 <- 0xFFFFFFFF80000001

mem[X,0x0000000080000F6C] -> 0x1F13
mem[X,0x0000000080000F6E] -> 0x00BF
[992] [M]: 0x0000000080000F6C (0x00BF1F13) slli t5, t5, 0xb
x30 <- 0xFFFFFC0000000800

mem[X,0x0000000080000F70] -> 0x0F13
mem[X,0x0000000080000F72] -> 0x2AAF
[993] [M]: 0x0000000080000F70 (0x2AAF0F13) addi t5, t5, 0x2aa
x30 <- 0xFFFFFC0000000AAA

mem[X,0x0000000080000F74] -> 0x1F13
mem[X,0x0000000080000F76] -> 0x00BF
[994] [M]: 0x0000000080000F74 (0x00BF1F13) slli t5, t5, 0xb
x30 <- 0xFFE0000000555000

mem[X,0x0000000080000F78] -> 0x0F13
mem[X,0x0000000080000F7A] -> 0x57DF
[995] [M]: 0x0000000080000F78 (0x57DF0F13) addi t5, t5, 0x57d
x30 <- 0xFFE000000055557D

mem[X,0x0000000080000F7C] -> 0x1F13
mem[X,0x0000000080000F7E] -> 0x00AF
[996] [M]: 0x0000000080000F7C (0x00AF1F13) slli t5, t5, 0xa
x30 <- 0x800000015555F400

mem[X,0x0000000080000F80] -> 0x0F13
mem[X,0x0000000080000F82] -> 0x3FFF
[997] [M]: 0x0000000080000F80 (0x3FFF0F13) addi t5, t5, 0x3ff
x30 <- 0x800000015555F7FF

mem[X,0x0000000080000F84] -> 0x0EB7
mem[X,0x0000000080000F86] -> 0xC000
[998] [M]: 0x0000000080000F84 (0xC0000EB7) lui t4, -0x40000
x29 <- 0xFFFFFFFFC0000000

mem[X,0x0000000080000F88] -> 0x8E93
mem[X,0x0000000080000F8A] -> 0xFFDE
[999] [M]: 0x0000000080000F88 (0xFFDE8E93) addi t4, t4, -0x3
x29 <- 0xFFFFFFFFBFFFFFFD

clint::tick mtime <- 0x000000000000000A
 clint timer pending at mtime 0x000000000000000A
htif::tick 0x0000000000000000
mem[X,0x0000000080000F8C] -> 0x9E93
mem[X,0x0000000080000F8E] -> 0x00BE
[1000] [M]: 0x0000000080000F8C (0x00BE9E93) slli t4, t4, 0xb
x29 <- 0xFFFFFDFFFFFFE800

mem[X,0x0000000080000F90] -> 0x8E93
mem[X,0x0000000080000F92] -> 0x000E
[1001] [M]: 0x0000000080000F90 (0x000E8E93) addi t4, t4, 0x0
x29 <- 0xFFFFFDFFFFFFE800

mem[X,0x0000000080000F94] -> 0x9E93
mem[X,0x0000000080000F96] -> 0x00BE
[1002] [M]: 0x0000000080000F94 (0x00BE9E93) slli t4, t4, 0xb
x29 <- 0xFFEFFFFFFF400000

mem[X,0x0000000080000F98] -> 0x8E93
mem[X,0x0000000080000F9A] -> 0x0CFE
[1003] [M]: 0x0000000080000F98 (0x0CFE8E93) addi t4, t4, 0xcf
x29 <- 0xFFEFFFFFFF4000CF

mem[X,0x0000000080000F9C] -> 0x9E93
mem[X,0x0000000080000F9E] -> 0x00AE
[1004] [M]: 0x0000000080000F9C (0x00AE9E93) slli t4, t4, 0xa
x29 <- 0xBFFFFFFD00033C00

mem[X,0x0000000080000FA0] -> 0x8E93
mem[X,0x0000000080000FA2] -> 0x3FFE
[1005] [M]: 0x0000000080000FA0 (0x3FFE8E93) addi t4, t4, 0x3ff
x29 <- 0xBFFFFFFD00033FFF

mem[X,0x0000000080000FA4] -> 0x1FBB
mem[X,0x0000000080000FA6] -> 0xB1DF
[1006] [M]: 0x0000000080000FA4 (0xB1DF1FBB) pmulu.h.beo t6, t5, t4
x31 <- 0x000000FF00003EC1

mem[X,0x0000000080000FA8] -> 0x3C23
mem[X,0x0000000080000FAA] -> 0x0FF3
[1007] [M]: 0x0000000080000FA8 (0x0FF33C23) sd t6, 0xf8(t1)
mem[0x00000000800042A0] <- 0x000000FF00003EC1

mem[X,0x0000000080000FAC] -> 0x0F37
mem[X,0x0000000080000FAE] -> 0xC000
[1008] [M]: 0x0000000080000FAC (0xC0000F37) lui t5, -0x40000
x30 <- 0xFFFFFFFFC0000000

mem[X,0x0000000080000FB0] -> 0x0F13
mem[X,0x0000000080000FB2] -> 0xFFAF
[1009] [M]: 0x0000000080000FB0 (0xFFAF0F13) addi t5, t5, -0x6
x30 <- 0xFFFFFFFFBFFFFFFA

mem[X,0x0000000080000FB4] -> 0x1F13
mem[X,0x0000000080000FB6] -> 0x00BF
[1010] [M]: 0x0000000080000FB4 (0x00BF1F13) slli t5, t5, 0xb
x30 <- 0xFFFFFDFFFFFFD000

mem[X,0x0000000080000FB8] -> 0x0F13
mem[X,0x0000000080000FBA] -> 0x000F
[1011] [M]: 0x0000000080000FB8 (0x000F0F13) addi t5, t5, 0x0
x30 <- 0xFFFFFDFFFFFFD000

mem[X,0x0000000080000FBC] -> 0x1F13
mem[X,0x0000000080000FBE] -> 0x00BF
[1012] [M]: 0x0000000080000FBC (0x00BF1F13) slli t5, t5, 0xb
x30 <- 0xFFEFFFFFFE800000

mem[X,0x0000000080000FC0] -> 0x0F13
mem[X,0x0000000080000FC2] -> 0x002F
[1013] [M]: 0x0000000080000FC0 (0x002F0F13) addi t5, t5, 0x2
x30 <- 0xFFEFFFFFFE800002

mem[X,0x0000000080000FC4] -> 0x1F13
mem[X,0x0000000080000FC6] -> 0x00AF
[1014] [M]: 0x0000000080000FC4 (0x00AF1F13) slli t5, t5, 0xa
x30 <- 0xBFFFFFFA00000800

mem[X,0x0000000080000FC8] -> 0xCEB7
mem[X,0x0000000080000FCA] -> 0x5555
[1015] [M]: 0x0000000080000FC8 (0x5555CEB7) lui t4, 0x5555c
x29 <- 0x000000005555C000

mem[X,0x0000000080000FCC] -> 0x8E93
mem[X,0x0000000080000FCE] -> 0xFFFE
[1016] [M]: 0x0000000080000FCC (0xFFFE8E93) addi t4, t4, -0x1
x29 <- 0x000000005555BFFF

mem[X,0x0000000080000FD0] -> 0x9E93
mem[X,0x0000000080000FD2] -> 0x00BE
[1017] [M]: 0x0000000080000FD0 (0x00BE9E93) slli t4, t4, 0xb
x29 <- 0x000002AAADFFF800

mem[X,0x0000000080000FD4] -> 0x8E93
mem[X,0x0000000080000FD6] -> 0x7FEE
[1018] [M]: 0x0000000080000FD4 (0x7FEE8E93) addi t4, t4, 0x7fe
x29 <- 0x000002AAADFFFFFE

mem[X,0x0000000080000FD8] -> 0x9E93
mem[X,0x0000000080000FDA] -> 0x00BE
[1019] [M]: 0x0000000080000FD8 (0x00BE9E93) slli t4, t4, 0xb
x29 <- 0x0015556FFFFFF000

mem[X,0x0000000080000FDC] -> 0x8E93
mem[X,0x0000000080000FDE] -> 0x7FFE
[1020] [M]: 0x0000000080000FDC (0x7FFE8E93) addi t4, t4, 0x7ff
x29 <- 0x0015556FFFFFF7FF

mem[X,0x0000000080000FE0] -> 0x9E93
mem[X,0x0000000080000FE2] -> 0x00AE
[1021] [M]: 0x0000000080000FE0 (0x00AE9E93) slli t4, t4, 0xa
x29 <- 0x5555BFFFFFDFFC00

mem[X,0x0000000080000FE4] -> 0x8E93
mem[X,0x0000000080000FE6] -> 0x3FBE
[1022] [M]: 0x0000000080000FE4 (0x3FBE8E93) addi t4, t4, 0x3fb
x29 <- 0x5555BFFFFFDFFFFB

mem[X,0x0000000080000FE8] -> 0x1FBB
mem[X,0x0000000080000FEA] -> 0xB1DF
[1023] [M]: 0x0000000080000FE8 (0xB1DF1FBB) pmulu.h.beo t6, t5, t4
x31 <- 0x54ABBA8600000000

mem[X,0x0000000080000FEC] -> 0x3023
mem[X,0x0000000080000FEE] -> 0x11F3
[1024] [M]: 0x0000000080000FEC (0x11F33023) sd t6, 0x100(t1)
mem[0x00000000800042A8] <- 0x54ABBA8600000000

mem[X,0x0000000080000FF0] -> 0x0F37
mem[X,0x0000000080000FF2] -> 0x5556
[1025] [M]: 0x0000000080000FF0 (0x55560F37) lui t5, 0x55560
x30 <- 0x0000000055560000

mem[X,0x0000000080000FF4] -> 0x0F13
mem[X,0x0000000080000FF6] -> 0xFF8F
[1026] [M]: 0x0000000080000FF4 (0xFF8F0F13) addi t5, t5, -0x8
x30 <- 0x000000005555FFF8

mem[X,0x0000000080000FF8] -> 0x1F13
mem[X,0x0000000080000FFA] -> 0x00BF
[1027] [M]: 0x0000000080000FF8 (0x00BF1F13) slli t5, t5, 0xb
x30 <- 0x000002AAAFFFC000

mem[X,0x0000000080000FFC] -> 0x0F13
mem[X,0x0000000080000FFE] -> 0x000F
[1028] [M]: 0x0000000080000FFC (0x000F0F13) addi t5, t5, 0x0
x30 <- 0x000002AAAFFFC000

mem[X,0x0000000080001000] -> 0x1F13
mem[X,0x0000000080001002] -> 0x00BF
[1029] [M]: 0x0000000080001000 (0x00BF1F13) slli t5, t5, 0xb
x30 <- 0x0015557FFE000000

mem[X,0x0000000080001004] -> 0x0F13
mem[X,0x0000000080001006] -> 0x181F
[1030] [M]: 0x0000000080001004 (0x181F0F13) addi t5, t5, 0x181
x30 <- 0x0015557FFE000181

mem[X,0x0000000080001008] -> 0x1F13
mem[X,0x000000008000100A] -> 0x00AF
[1031] [M]: 0x0000000080001008 (0x00AF1F13) slli t5, t5, 0xa
x30 <- 0x5555FFF800060400

mem[X,0x000000008000100C] -> 0x0EB7
mem[X,0x000000008000100E] -> 0xAAAB
[1032] [M]: 0x000000008000100C (0xAAAB0EB7) lui t4, -0x55550
x29 <- 0xFFFFFFFFAAAB0000

mem[X,0x0000000080001010] -> 0x8E93
mem[X,0x0000000080001012] -> 0xEFFE
[1033] [M]: 0x0000000080001010 (0xEFFE8E93) addi t4, t4, -0x101
x29 <- 0xFFFFFFFFAAAAFEFF

mem[X,0x0000000080001014] -> 0x9E93
mem[X,0x0000000080001016] -> 0x00BE
[1034] [M]: 0x0000000080001014 (0x00BE9E93) slli t4, t4, 0xb
x29 <- 0xFFFFFD5557F7F800

mem[X,0x0000000080001018] -> 0x8E93
mem[X,0x000000008000101A] -> 0x000E
[1035] [M]: 0x0000000080001018 (0x000E8E93) addi t4, t4, 0x0
x29 <- 0xFFFFFD5557F7F800

mem[X,0x000000008000101C] -> 0x9E93
mem[X,0x000000008000101E] -> 0x00BE
[1036] [M]: 0x000000008000101C (0x00BE9E93) slli t4, t4, 0xb
x29 <- 0xFFEAAABFBFC00000

mem[X,0x0000000080001020] -> 0x8E93
mem[X,0x0000000080001022] -> 0x23FE
[1037] [M]: 0x0000000080001020 (0x23FE8E93) addi t4, t4, 0x23f
x29 <- 0xFFEAAABFBFC0023F

mem[X,0x0000000080001024] -> 0x9E93
mem[X,0x0000000080001026] -> 0x00AE
[1038] [M]: 0x0000000080001024 (0x00AE9E93) slli t4, t4, 0xa
x29 <- 0xAAAAFEFF0008FC00

mem[X,0x0000000080001028] -> 0x8E93
mem[X,0x000000008000102A] -> 0x3EFE
[1039] [M]: 0x0000000080001028 (0x3EFE8E93) addi t4, t4, 0x3ef
x29 <- 0xAAAAFEFF0008FFEF

mem[X,0x000000008000102C] -> 0x1FBB
mem[X,0x000000008000102E] -> 0xB1DF
[1040] [M]: 0x000000008000102C (0xB1DF1FBB) pmulu.h.beo t6, t5, t4
x31 <- 0x3872F61000000000

mem[X,0x0000000080001030] -> 0x3423
mem[X,0x0000000080001032] -> 0x11F3
[1041] [M]: 0x0000000080001030 (0x11F33423) sd t6, 0x108(t1)
mem[0x00000000800042B0] <- 0x3872F61000000000

mem[X,0x0000000080001034] -> 0x0F37
mem[X,0x0000000080001036] -> 0x0004
[1042] [M]: 0x0000000080001034 (0x00040F37) lui t5, 0x40
x30 <- 0x0000000000040000

mem[X,0x0000000080001038] -> 0x0F13
mem[X,0x000000008000103A] -> 0xF7FF
[1043] [M]: 0x0000000080001038 (0xF7FF0F13) addi t5, t5, -0x81
x30 <- 0x000000000003FF7F

mem[X,0x000000008000103C] -> 0x1F13
mem[X,0x000000008000103E] -> 0x00BF
[1044] [M]: 0x000000008000103C (0x00BF1F13) slli t5, t5, 0xb
x30 <- 0x000000001FFBF800

mem[X,0x0000000080001040] -> 0x0F13
mem[X,0x0000000080001042] -> 0x400F
[1045] [M]: 0x0000000080001040 (0x400F0F13) addi t5, t5, 0x400
x30 <- 0x000000001FFBFC00

mem[X,0x0000000080001044] -> 0x1F13
mem[X,0x0000000080001046] -> 0x00BF
[1046] [M]: 0x0000000080001044 (0x00BF1F13) slli t5, t5, 0xb
x30 <- 0x000000FFDFE00000

mem[X,0x0000000080001048] -> 0x0F13
mem[X,0x000000008000104A] -> 0x030F
[1047] [M]: 0x0000000080001048 (0x030F0F13) addi t5, t5, 0x30
x30 <- 0x000000FFDFE00030

mem[X,0x000000008000104C] -> 0x1F13
mem[X,0x000000008000104E] -> 0x00AF
[1048] [M]: 0x000000008000104C (0x00AF1F13) slli t5, t5, 0xa
x30 <- 0x0003FF7F8000C000

mem[X,0x0000000080001050] -> 0xFEB7
mem[X,0x0000000080001052] -> 0xFBFF
[1049] [M]: 0x0000000080001050 (0xFBFFFEB7) lui t4, -0x4001
x29 <- 0xFFFFFFFFFBFFF000

mem[X,0x0000000080001054] -> 0x8E93
mem[X,0x0000000080001056] -> 0x7FFE
[1050] [M]: 0x0000000080001054 (0x7FFE8E93) addi t4, t4, 0x7ff
x29 <- 0xFFFFFFFFFBFFF7FF

mem[X,0x0000000080001058] -> 0x9E93
mem[X,0x000000008000105A] -> 0x00BE
[1051] [M]: 0x0000000080001058 (0x00BE9E93) slli t4, t4, 0xb
x29 <- 0xFFFFFFDFFFBFF800

mem[X,0x000000008000105C] -> 0x8E93
mem[X,0x000000008000105E] -> 0x001E
[1052] [M]: 0x000000008000105C (0x001E8E93) addi t4, t4, 0x1
x29 <- 0xFFFFFFDFFFBFF801

mem[X,0x0000000080001060] -> 0x9E93
mem[X,0x0000000080001062] -> 0x00BE
[1053] [M]: 0x0000000080001060 (0x00BE9E93) slli t4, t4, 0xb
x29 <- 0xFFFEFFFDFFC00800

mem[X,0x0000000080001064] -> 0x8E93
mem[X,0x0000000080001066] -> 0x03FE
[1054] [M]: 0x0000000080001064 (0x03FE8E93) addi t4, t4, 0x3f
x29 <- 0xFFFEFFFDFFC0083F

mem[X,0x0000000080001068] -> 0x9E93
mem[X,0x000000008000106A] -> 0x00AE
[1055] [M]: 0x0000000080001068 (0x00AE9E93) slli t4, t4, 0xa
x29 <- 0xFBFFF7FF0020FC00

mem[X,0x000000008000106C] -> 0x8E93
mem[X,0x000000008000106E] -> 0x1FFE
[1056] [M]: 0x000000008000106C (0x1FFE8E93) addi t4, t4, 0x1ff
x29 <- 0xFBFFF7FF0020FDFF

mem[X,0x0000000080001070] -> 0x1FBB
mem[X,0x0000000080001072] -> 0xB1DF
[1057] [M]: 0x0000000080001070 (0xB1DF1FBB) pmulu.h.beo t6, t5, t4
x31 <- 0x02F17A8900000000

mem[X,0x0000000080001074] -> 0x3823
mem[X,0x0000000080001076] -> 0x11F3
[1058] [M]: 0x0000000080001074 (0x11F33823) sd t6, 0x110(t1)
mem[0x00000000800042B8] <- 0x02F17A8900000000

mem[X,0x0000000080001078] -> 0x0F37
mem[X,0x000000008000107A] -> 0x0002
[1059] [M]: 0x0000000080001078 (0x00020F37) lui t5, 0x20
x30 <- 0x0000000000020000

mem[X,0x000000008000107C] -> 0x0F13
mem[X,0x000000008000107E] -> 0x080F
[1060] [M]: 0x000000008000107C (0x080F0F13) addi t5, t5, 0x80
x30 <- 0x0000000000020080

mem[X,0x0000000080001080] -> 0x1F13
mem[X,0x0000000080001082] -> 0x00BF
[1061] [M]: 0x0000000080001080 (0x00BF1F13) slli t5, t5, 0xb
x30 <- 0x0000000010040000

mem[X,0x0000000080001084] -> 0x0F13
mem[X,0x0000000080001086] -> 0x000F
[1062] [M]: 0x0000000080001084 (0x000F0F13) addi t5, t5, 0x0
x30 <- 0x0000000010040000

mem[X,0x0000000080001088] -> 0x1F13
mem[X,0x000000008000108A] -> 0x00BF
[1063] [M]: 0x0000000080001088 (0x00BF1F13) slli t5, t5, 0xb
x30 <- 0x0000008020000000

mem[X,0x000000008000108C] -> 0x0F13
mem[X,0x000000008000108E] -> 0x095F
[1064] [M]: 0x000000008000108C (0x095F0F13) addi t5, t5, 0x95
x30 <- 0x0000008020000095

mem[X,0x0000000080001090] -> 0x1F13
mem[X,0x0000000080001092] -> 0x00AF
[1065] [M]: 0x0000000080001090 (0x00AF1F13) slli t5, t5, 0xa
x30 <- 0x0002008000025400

mem[X,0x0000000080001094] -> 0x0F13
mem[X,0x0000000080001096] -> 0x155F
[1066] [M]: 0x0000000080001094 (0x155F0F13) addi t5, t5, 0x155
x30 <- 0x0002008000025555

mem[X,0x0000000080001098] -> 0x0EB7
mem[X,0x000000008000109A] -> 0xF800
[1067] [M]: 0x0000000080001098 (0xF8000EB7) lui t4, -0x8000
x29 <- 0xFFFFFFFFF8000000

mem[X,0x000000008000109C] -> 0x8E93
mem[X,0x000000008000109E] -> 0xF7FE
[1068] [M]: 0x000000008000109C (0xF7FE8E93) addi t4, t4, -0x81
x29 <- 0xFFFFFFFFF7FFFF7F

mem[X,0x00000000800010A0] -> 0x9E93
mem[X,0x00000000800010A2] -> 0x00BE
[1069] [M]: 0x00000000800010A0 (0x00BE9E93) slli t4, t4, 0xb
x29 <- 0xFFFFFFBFFFFBF800

mem[X,0x00000000800010A4] -> 0x8E93
mem[X,0x00000000800010A6] -> 0x7FFE
[1070] [M]: 0x00000000800010A4 (0x7FFE8E93) addi t4, t4, 0x7ff
x29 <- 0xFFFFFFBFFFFBFFFF

mem[X,0x00000000800010A8] -> 0x9E93
mem[X,0x00000000800010AA] -> 0x00BE
[1071] [M]: 0x00000000800010A8 (0x00BE9E93) slli t4, t4, 0xb
x29 <- 0xFFFDFFFFDFFFF800

mem[X,0x00000000800010AC] -> 0x8E93
mem[X,0x00000000800010AE] -> 0x700E
[1072] [M]: 0x00000000800010AC (0x700E8E93) addi t4, t4, 0x700
x29 <- 0xFFFDFFFFDFFFFF00

mem[X,0x00000000800010B0] -> 0x9E93
mem[X,0x00000000800010B2] -> 0x00AE
[1073] [M]: 0x00000000800010B0 (0x00AE9E93) slli t4, t4, 0xa
x29 <- 0xF7FFFF7FFFFC0000

mem[X,0x00000000800010B4] -> 0x8E93
mem[X,0x00000000800010B6] -> 0x008E
[1074] [M]: 0x00000000800010B4 (0x008E8E93) addi t4, t4, 0x8
x29 <- 0xF7FFFF7FFFFC0008

mem[X,0x00000000800010B8] -> 0x1FBB
mem[X,0x00000000800010BA] -> 0xB1DF
[1075] [M]: 0x00000000800010B8 (0xB1DF1FBB) pmulu.h.beo t6, t5, t4
x31 <- 0x01EE7F8001FE0000

mem[X,0x00000000800010BC] -> 0x3C23
mem[X,0x00000000800010BE] -> 0x11F3
[1076] [M]: 0x00000000800010BC (0x11F33C23) sd t6, 0x118(t1)
mem[0x00000000800042C0] <- 0x01EE7F8001FE0000

mem[X,0x00000000800010C0] -> 0x0F37
mem[X,0x00000000800010C2] -> 0x4000
[1077] [M]: 0x00000000800010C0 (0x40000F37) lui t5, 0x40000
x30 <- 0x0000000040000000

mem[X,0x00000000800010C4] -> 0x0F13
mem[X,0x00000000800010C6] -> 0x080F
[1078] [M]: 0x00000000800010C4 (0x080F0F13) addi t5, t5, 0x80
x30 <- 0x0000000040000080

mem[X,0x00000000800010C8] -> 0x1F13
mem[X,0x00000000800010CA] -> 0x00BF
[1079] [M]: 0x00000000800010C8 (0x00BF1F13) slli t5, t5, 0xb
x30 <- 0x0000020000040000

mem[X,0x00000000800010CC] -> 0x0F13
mem[X,0x00000000800010CE] -> 0x7FFF
[1080] [M]: 0x00000000800010CC (0x7FFF0F13) addi t5, t5, 0x7ff
x30 <- 0x00000200000407FF

mem[X,0x00000000800010D0] -> 0x1F13
mem[X,0x00000000800010D2] -> 0x00BF
[1081] [M]: 0x00000000800010D0 (0x00BF1F13) slli t5, t5, 0xb
x30 <- 0x00100000203FF800

mem[X,0x00000000800010D4] -> 0x0F13
mem[X,0x00000000800010D6] -> 0x700F
[1082] [M]: 0x00000000800010D4 (0x700F0F13) addi t5, t5, 0x700
x30 <- 0x00100000203FFF00

mem[X,0x00000000800010D8] -> 0x1F13
mem[X,0x00000000800010DA] -> 0x00AF
[1083] [M]: 0x00000000800010D8 (0x00AF1F13) slli t5, t5, 0xa
x30 <- 0x40000080FFFC0000

mem[X,0x00000000800010DC] -> 0x0F13
mem[X,0x00000000800010DE] -> 0x009F
[1084] [M]: 0x00000000800010DC (0x009F0F13) addi t5, t5, 0x9
x30 <- 0x40000080FFFC0009

mem[X,0x00000000800010E0] -> 0xFEB7
mem[X,0x00000000800010E2] -> 0x5555
[1085] [M]: 0x00000000800010E0 (0x5555FEB7) lui t4, 0x5555f
x29 <- 0x000000005555F000

mem[X,0x00000000800010E4] -> 0x8E93
mem[X,0x00000000800010E6] -> 0x7FFE
[1086] [M]: 0x00000000800010E4 (0x7FFE8E93) addi t4, t4, 0x7ff
x29 <- 0x000000005555F7FF

mem[X,0x00000000800010E8] -> 0x9E93
mem[X,0x00000000800010EA] -> 0x00BE
[1087] [M]: 0x00000000800010E8 (0x00BE9E93) slli t4, t4, 0xb
x29 <- 0x000002AAAFBFF800

mem[X,0x00000000800010EC] -> 0x8E93
mem[X,0x00000000800010EE] -> 0x7FFE
[1088] [M]: 0x00000000800010EC (0x7FFE8E93) addi t4, t4, 0x7ff
x29 <- 0x000002AAAFBFFFFF

mem[X,0x00000000800010F0] -> 0x9E93
mem[X,0x00000000800010F2] -> 0x00BE
[1089] [M]: 0x00000000800010F0 (0x00BE9E93) slli t4, t4, 0xb
x29 <- 0x0015557DFFFFF800

mem[X,0x00000000800010F4] -> 0x8E93
mem[X,0x00000000800010F6] -> 0x700E
[1090] [M]: 0x00000000800010F4 (0x700E8E93) addi t4, t4, 0x700
x29 <- 0x0015557DFFFFFF00

mem[X,0x00000000800010F8] -> 0x9E93
mem[X,0x00000000800010FA] -> 0x00AE
[1091] [M]: 0x00000000800010F8 (0x00AE9E93) slli t4, t4, 0xa
x29 <- 0x5555F7FFFFFC0000

mem[X,0x00000000800010FC] -> 0x8E93
mem[X,0x00000000800010FE] -> 0x009E
[1092] [M]: 0x00000000800010FC (0x009E8E93) addi t4, t4, 0x9
x29 <- 0x5555F7FFFFFC0009

mem[X,0x0000000080001100] -> 0x1FBB
mem[X,0x0000000080001102] -> 0xB1DF
[1093] [M]: 0x0000000080001100 (0xB1DF1FBB) pmulu.h.beo t6, t5, t4
x31 <- 0x00007B80FB040000

mem[X,0x0000000080001104] -> 0x3023
mem[X,0x0000000080001106] -> 0x13F3
[1094] [M]: 0x0000000080001104 (0x13F33023) sd t6, 0x120(t1)
mem[0x00000000800042C8] <- 0x00007B80FB040000

mem[X,0x0000000080001108] -> 0xCF37
mem[X,0x000000008000110A] -> 0xBFFF
[1095] [M]: 0x0000000080001108 (0xBFFFCF37) lui t5, -0x40004
x30 <- 0xFFFFFFFFBFFFC000

mem[X,0x000000008000110C] -> 0x0F13
mem[X,0x000000008000110E] -> 0x000F
[1096] [M]: 0x000000008000110C (0x000F0F13) addi t5, t5, 0x0
x30 <- 0xFFFFFFFFBFFFC000

mem[X,0x0000000080001110] -> 0x1F13
mem[X,0x0000000080001112] -> 0x00BF
[1097] [M]: 0x0000000080001110 (0x00BF1F13) slli t5, t5, 0xb
x30 <- 0xFFFFFDFFFE000000

mem[X,0x0000000080001114] -> 0x0F13
mem[X,0x0000000080001116] -> 0x004F
[1098] [M]: 0x0000000080001114 (0x004F0F13) addi t5, t5, 0x4
x30 <- 0xFFFFFDFFFE000004

mem[X,0x0000000080001118] -> 0x1F13
mem[X,0x000000008000111A] -> 0x00BF
[1099] [M]: 0x0000000080001118 (0x00BF1F13) slli t5, t5, 0xb
x30 <- 0xFFEFFFF000002000

clint::tick mtime <- 0x000000000000000B
 clint timer pending at mtime 0x000000000000000B
htif::tick 0x0000000000000000
mem[X,0x000000008000111C] -> 0x0F13
mem[X,0x000000008000111E] -> 0x03FF
[1100] [M]: 0x000000008000111C (0x03FF0F13) addi t5, t5, 0x3f
x30 <- 0xFFEFFFF00000203F

mem[X,0x0000000080001120] -> 0x1F13
mem[X,0x0000000080001122] -> 0x00AF
[1101] [M]: 0x0000000080001120 (0x00AF1F13) slli t5, t5, 0xa
x30 <- 0xBFFFC0000080FC00

mem[X,0x0000000080001124] -> 0x0F13
mem[X,0x0000000080001126] -> 0x3DFF
[1102] [M]: 0x0000000080001124 (0x3DFF0F13) addi t5, t5, 0x3df
x30 <- 0xBFFFC0000080FFDF

mem[X,0x0000000080001128] -> 0x0EB7
mem[X,0x000000008000112A] -> 0x000A
[1103] [M]: 0x0000000080001128 (0x000A0EB7) lui t4, 0xa0
x29 <- 0x00000000000A0000

mem[X,0x000000008000112C] -> 0x8E93
mem[X,0x000000008000112E] -> 0xFFEE
[1104] [M]: 0x000000008000112C (0xFFEE8E93) addi t4, t4, -0x2
x29 <- 0x000000000009FFFE

mem[X,0x0000000080001130] -> 0x9E93
mem[X,0x0000000080001132] -> 0x00BE
[1105] [M]: 0x0000000080001130 (0x00BE9E93) slli t4, t4, 0xb
x29 <- 0x000000004FFFF000

mem[X,0x0000000080001134] -> 0x8E93
mem[X,0x0000000080001136] -> 0x7FFE
[1106] [M]: 0x0000000080001134 (0x7FFE8E93) addi t4, t4, 0x7ff
x29 <- 0x000000004FFFF7FF

mem[X,0x0000000080001138] -> 0x9E93
mem[X,0x000000008000113A] -> 0x00BE
[1107] [M]: 0x0000000080001138 (0x00BE9E93) slli t4, t4, 0xb
x29 <- 0x0000027FFFBFF800

mem[X,0x000000008000113C] -> 0x8E93
mem[X,0x000000008000113E] -> 0x3C2E
[1108] [M]: 0x000000008000113C (0x3C2E8E93) addi t4, t4, 0x3c2
x29 <- 0x0000027FFFBFFBC2

mem[X,0x0000000080001140] -> 0x9E93
mem[X,0x0000000080001142] -> 0x00AE
[1109] [M]: 0x0000000080001140 (0x00AE9E93) slli t4, t4, 0xa
x29 <- 0x0009FFFEFFEF0800

mem[X,0x0000000080001144] -> 0x1FBB
mem[X,0x0000000080001146] -> 0xB1DF
[1110] [M]: 0x0000000080001144 (0xB1DF1FBB) pmulu.h.beo t6, t5, t4
x31 <- 0x000000007F8006F8

mem[X,0x0000000080001148] -> 0x3423
mem[X,0x000000008000114A] -> 0x13F3
[1111] [M]: 0x0000000080001148 (0x13F33423) sd t6, 0x128(t1)
mem[0x00000000800042D0] <- 0x000000007F8006F8

mem[X,0x000000008000114C] -> 0x0F37
mem[X,0x000000008000114E] -> 0x0021
[1112] [M]: 0x000000008000114C (0x00210F37) lui t5, 0x210
x30 <- 0x0000000000210000

mem[X,0x0000000080001150] -> 0x0F13
mem[X,0x0000000080001152] -> 0xFF7F
[1113] [M]: 0x0000000080001150 (0xFF7F0F13) addi t5, t5, -0x9
x30 <- 0x000000000020FFF7

mem[X,0x0000000080001154] -> 0x1F13
mem[X,0x0000000080001156] -> 0x00BF
[1114] [M]: 0x0000000080001154 (0x00BF1F13) slli t5, t5, 0xb
x30 <- 0x0000000107FFB800

mem[X,0x0000000080001158] -> 0x0F13
mem[X,0x000000008000115A] -> 0x008F
[1115] [M]: 0x0000000080001158 (0x008F0F13) addi t5, t5, 0x8
x30 <- 0x0000000107FFB808

mem[X,0x000000008000115C] -> 0x1F13
mem[X,0x000000008000115E] -> 0x00BF
[1116] [M]: 0x000000008000115C (0x00BF1F13) slli t5, t5, 0xb
x30 <- 0x0000083FFDC04000

mem[X,0x0000000080001160] -> 0x0F13
mem[X,0x0000000080001162] -> 0x03FF
[1117] [M]: 0x0000000080001160 (0x03FF0F13) addi t5, t5, 0x3f
x30 <- 0x0000083FFDC0403F

mem[X,0x0000000080001164] -> 0x1F13
mem[X,0x0000000080001166] -> 0x00AF
[1118] [M]: 0x0000000080001164 (0x00AF1F13) slli t5, t5, 0xa
x30 <- 0x0020FFF70100FC00

mem[X,0x0000000080001168] -> 0x0F13
mem[X,0x000000008000116A] -> 0x37FF
[1119] [M]: 0x0000000080001168 (0x37FF0F13) addi t5, t5, 0x37f
x30 <- 0x0020FFF70100FF7F

mem[X,0x000000008000116C] -> 0x0EB7
mem[X,0x000000008000116E] -> 0xFFC0
[1120] [M]: 0x000000008000116C (0xFFC00EB7) lui t4, -0x400
x29 <- 0xFFFFFFFFFFC00000

mem[X,0x0000000080001170] -> 0x8E93
mem[X,0x0000000080001172] -> 0xFFFE
[1121] [M]: 0x0000000080001170 (0xFFFE8E93) addi t4, t4, -0x1
x29 <- 0xFFFFFFFFFFBFFFFF

mem[X,0x0000000080001174] -> 0x9E93
mem[X,0x0000000080001176] -> 0x00BE
[1122] [M]: 0x0000000080001174 (0x00BE9E93) slli t4, t4, 0xb
x29 <- 0xFFFFFFFDFFFFF800

mem[X,0x0000000080001178] -> 0x8E93
mem[X,0x000000008000117A] -> 0x7FEE
[1123] [M]: 0x0000000080001178 (0x7FEE8E93) addi t4, t4, 0x7fe
x29 <- 0xFFFFFFFDFFFFFFFE

mem[X,0x000000008000117C] -> 0x9E93
mem[X,0x000000008000117E] -> 0x00BE
[1124] [M]: 0x000000008000117C (0x00BE9E93) slli t4, t4, 0xb
x29 <- 0xFFFFEFFFFFFFF000

mem[X,0x0000000080001180] -> 0x8E93
mem[X,0x0000000080001182] -> 0x7CFE
[1125] [M]: 0x0000000080001180 (0x7CFE8E93) addi t4, t4, 0x7cf
x29 <- 0xFFFFEFFFFFFFF7CF

mem[X,0x0000000080001184] -> 0x9E93
mem[X,0x0000000080001186] -> 0x00AE
[1126] [M]: 0x0000000080001184 (0x00AE9E93) slli t4, t4, 0xa
x29 <- 0xFFBFFFFFFFDF3C00

mem[X,0x0000000080001188] -> 0x8E93
mem[X,0x000000008000118A] -> 0x3FFE
[1127] [M]: 0x0000000080001188 (0x3FFE8E93) addi t4, t4, 0x3ff
x29 <- 0xFFBFFFFFFFDF3FFF

mem[X,0x000000008000118C] -> 0x1FBB
mem[X,0x000000008000118E] -> 0xB1DF
[1128] [M]: 0x000000008000118C (0xB1DF1FBB) pmulu.h.beo t6, t5, t4
x31 <- 0x1FE0F60900001F41

mem[X,0x0000000080001190] -> 0x3823
mem[X,0x0000000080001192] -> 0x13F3
[1129] [M]: 0x0000000080001190 (0x13F33823) sd t6, 0x130(t1)
mem[0x00000000800042D8] <- 0x1FE0F60900001F41

mem[X,0x0000000080001194] -> 0x0F37
mem[X,0x0000000080001196] -> 0x0006
[1130] [M]: 0x0000000080001194 (0x00060F37) lui t5, 0x60
x30 <- 0x0000000000060000

mem[X,0x0000000080001198] -> 0x0F13
mem[X,0x000000008000119A] -> 0xEFFF
[1131] [M]: 0x0000000080001198 (0xEFFF0F13) addi t5, t5, -0x101
x30 <- 0x000000000005FEFF

mem[X,0x000000008000119C] -> 0x1F13
mem[X,0x000000008000119E] -> 0x00BF
[1132] [M]: 0x000000008000119C (0x00BF1F13) slli t5, t5, 0xb
x30 <- 0x000000002FF7F800

mem[X,0x00000000800011A0] -> 0x0F13
mem[X,0x00000000800011A2] -> 0x080F
[1133] [M]: 0x00000000800011A0 (0x080F0F13) addi t5, t5, 0x80
x30 <- 0x000000002FF7F880

mem[X,0x00000000800011A4] -> 0x1F13
mem[X,0x00000000800011A6] -> 0x00BF
[1134] [M]: 0x00000000800011A4 (0x00BF1F13) slli t5, t5, 0xb
x30 <- 0x0000017FBFC40000

mem[X,0x00000000800011A8] -> 0x0F13
mem[X,0x00000000800011AA] -> 0x02AF
[1135] [M]: 0x00000000800011A8 (0x02AF0F13) addi t5, t5, 0x2a
x30 <- 0x0000017FBFC4002A

mem[X,0x00000000800011AC] -> 0x1F13
mem[X,0x00000000800011AE] -> 0x00AF
[1136] [M]: 0x00000000800011AC (0x00AF1F13) slli t5, t5, 0xa
x30 <- 0x0005FEFF1000A800

mem[X,0x00000000800011B0] -> 0x0F13
mem[X,0x00000000800011B2] -> 0x2AAF
[1137] [M]: 0x00000000800011B0 (0x2AAF0F13) addi t5, t5, 0x2aa
x30 <- 0x0005FEFF1000AAAA

mem[X,0x00000000800011B4] -> 0x0EB7
mem[X,0x00000000800011B6] -> 0xFC00
[1138] [M]: 0x00000000800011B4 (0xFC000EB7) lui t4, -0x4000
x29 <- 0xFFFFFFFFFC000000

mem[X,0x00000000800011B8] -> 0x8E93
mem[X,0x00000000800011BA] -> 0xEFFE
[1139] [M]: 0x00000000800011B8 (0xEFFE8E93) addi t4, t4, -0x101
x29 <- 0xFFFFFFFFFBFFFEFF

mem[X,0x00000000800011BC] -> 0x9E93
mem[X,0x00000000800011BE] -> 0x00BE
[1140] [M]: 0x00000000800011BC (0x00BE9E93) slli t4, t4, 0xb
x29 <- 0xFFFFFFDFFFF7F800

mem[X,0x00000000800011C0] -> 0x8E93
mem[X,0x00000000800011C2] -> 0x000E
[1141] [M]: 0x00000000800011C0 (0x000E8E93) addi t4, t4, 0x0
x29 <- 0xFFFFFFDFFFF7F800

mem[X,0x00000000800011C4] -> 0x9E93
mem[X,0x00000000800011C6] -> 0x00BE
[1142] [M]: 0x00000000800011C4 (0x00BE9E93) slli t4, t4, 0xb
x29 <- 0xFFFEFFFFBFC00000

mem[X,0x00000000800011C8] -> 0x8E93
mem[X,0x00000000800011CA] -> 0x200E
[1143] [M]: 0x00000000800011C8 (0x200E8E93) addi t4, t4, 0x200
x29 <- 0xFFFEFFFFBFC00200

mem[X,0x00000000800011CC] -> 0x9E93
mem[X,0x00000000800011CE] -> 0x00AE
[1144] [M]: 0x00000000800011CC (0x00AE9E93) slli t4, t4, 0xa
x29 <- 0xFBFFFEFF00080000

mem[X,0x00000000800011D0] -> 0x1FBB
mem[X,0x00000000800011D2] -> 0xB1DF
[1145] [M]: 0x00000000800011D0 (0xB1DF1FBB) pmulu.h.beo t6, t5, t4
x31 <- 0x04E7FD0200000000

mem[X,0x00000000800011D4] -> 0x3C23
mem[X,0x00000000800011D6] -> 0x13F3
[1146] [M]: 0x00000000800011D4 (0x13F33C23) sd t6, 0x138(t1)
mem[0x00000000800042E0] <- 0x04E7FD0200000000

mem[X,0x00000000800011D8] -> 0x0F37
mem[X,0x00000000800011DA] -> 0x0004
[1147] [M]: 0x00000000800011D8 (0x00040F37) lui t5, 0x40
x30 <- 0x0000000000040000

mem[X,0x00000000800011DC] -> 0x0F13
mem[X,0x00000000800011DE] -> 0xFFDF
[1148] [M]: 0x00000000800011DC (0xFFDF0F13) addi t5, t5, -0x3
x30 <- 0x000000000003FFFD

mem[X,0x00000000800011E0] -> 0x1F13
mem[X,0x00000000800011E2] -> 0x00BF
[1149] [M]: 0x00000000800011E0 (0x00BF1F13) slli t5, t5, 0xb
x30 <- 0x000000001FFFE800

mem[X,0x00000000800011E4] -> 0x0F13
mem[X,0x00000000800011E6] -> 0x100F
[1150] [M]: 0x00000000800011E4 (0x100F0F13) addi t5, t5, 0x100
x30 <- 0x000000001FFFE900

mem[X,0x00000000800011E8] -> 0x1F13
mem[X,0x00000000800011EA] -> 0x00BF
[1151] [M]: 0x00000000800011E8 (0x00BF1F13) slli t5, t5, 0xb
x30 <- 0x000000FFFF480000

mem[X,0x00000000800011EC] -> 0x0F13
mem[X,0x00000000800011EE] -> 0x000F
[1152] [M]: 0x00000000800011EC (0x000F0F13) addi t5, t5, 0x0
x30 <- 0x000000FFFF480000

mem[X,0x00000000800011F0] -> 0x1F13
mem[X,0x00000000800011F2] -> 0x00AF
[1153] [M]: 0x00000000800011F0 (0x00AF1F13) slli t5, t5, 0xa
x30 <- 0x0003FFFD20000000

mem[X,0x00000000800011F4] -> 0x0F13
mem[X,0x00000000800011F6] -> 0x002F
[1154] [M]: 0x00000000800011F4 (0x002F0F13) addi t5, t5, 0x2
x30 <- 0x0003FFFD20000002

mem[X,0x00000000800011F8] -> 0x5EB7
mem[X,0x00000000800011FA] -> 0x8000
[1155] [M]: 0x00000000800011F8 (0x80005EB7) lui t4, -0x7fffb
x29 <- 0xFFFFFFFF80005000

mem[X,0x00000000800011FC] -> 0x8E93
mem[X,0x00000000800011FE] -> 0x555E
[1156] [M]: 0x00000000800011FC (0x555E8E93) addi t4, t4, 0x555
x29 <- 0xFFFFFFFF80005555

mem[X,0x0000000080001200] -> 0x9E93
mem[X,0x0000000080001202] -> 0x00BE
[1157] [M]: 0x0000000080001200 (0x00BE9E93) slli t4, t4, 0xb
x29 <- 0xFFFFFC0002AAA800

mem[X,0x0000000080001204] -> 0x8E93
mem[X,0x0000000080001206] -> 0x080E
[1158] [M]: 0x0000000080001204 (0x080E8E93) addi t4, t4, 0x80
x29 <- 0xFFFFFC0002AAA880

mem[X,0x0000000080001208] -> 0x9E93
mem[X,0x000000008000120A] -> 0x00BE
[1159] [M]: 0x0000000080001208 (0x00BE9E93) slli t4, t4, 0xb
x29 <- 0xFFE0001555440000

mem[X,0x000000008000120C] -> 0x8E93
mem[X,0x000000008000120E] -> 0x000E
[1160] [M]: 0x000000008000120C (0x000E8E93) addi t4, t4, 0x0
x29 <- 0xFFE0001555440000

mem[X,0x0000000080001210] -> 0x9E93
mem[X,0x0000000080001212] -> 0x00AE
[1161] [M]: 0x0000000080001210 (0x00AE9E93) slli t4, t4, 0xa
x29 <- 0x8000555510000000

mem[X,0x0000000080001214] -> 0x8E93
mem[X,0x0000000080001216] -> 0x004E
[1162] [M]: 0x0000000080001214 (0x004E8E93) addi t4, t4, 0x4
x29 <- 0x8000555510000004

mem[X,0x0000000080001218] -> 0x1FBB
mem[X,0x000000008000121A] -> 0xB1DF
[1163] [M]: 0x0000000080001218 (0xB1DF1FBB) pmulu.h.beo t6, t5, t4
x31 <- 0x0180540100000000

mem[X,0x000000008000121C] -> 0x3023
mem[X,0x000000008000121E] -> 0x15F3
[1164] [M]: 0x000000008000121C (0x15F33023) sd t6, 0x140(t1)
mem[0x00000000800042E8] <- 0x0180540100000000

mem[X,0x0000000080001220] -> 0x0F37
mem[X,0x0000000080001222] -> 0xFFFD
[1165] [M]: 0x0000000080001220 (0xFFFD0F37) lui t5, -0x30
x30 <- 0xFFFFFFFFFFFD0000

mem[X,0x0000000080001224] -> 0x0F13
mem[X,0x0000000080001226] -> 0x200F
[1166] [M]: 0x0000000080001224 (0x200F0F13) addi t5, t5, 0x200
x30 <- 0xFFFFFFFFFFFD0200

mem[X,0x0000000080001228] -> 0x1F13
mem[X,0x000000008000122A] -> 0x00BF
[1167] [M]: 0x0000000080001228 (0x00BF1F13) slli t5, t5, 0xb
x30 <- 0xFFFFFFFFE8100000

mem[X,0x000000008000122C] -> 0x0F13
mem[X,0x000000008000122E] -> 0x7FFF
[1168] [M]: 0x000000008000122C (0x7FFF0F13) addi t5, t5, 0x7ff
x30 <- 0xFFFFFFFFE81007FF

mem[X,0x0000000080001230] -> 0x1F13
mem[X,0x0000000080001232] -> 0x00BF
[1169] [M]: 0x0000000080001230 (0x00BF1F13) slli t5, t5, 0xb
x30 <- 0xFFFFFF40803FF800

mem[X,0x0000000080001234] -> 0x0F13
mem[X,0x0000000080001236] -> 0x77BF
[1170] [M]: 0x0000000080001234 (0x77BF0F13) addi t5, t5, 0x77b
x30 <- 0xFFFFFF40803FFF7B

mem[X,0x0000000080001238] -> 0x1F13
mem[X,0x000000008000123A] -> 0x00AF
[1171] [M]: 0x0000000080001238 (0x00AF1F13) slli t5, t5, 0xa
x30 <- 0xFFFD0200FFFDEC00

mem[X,0x000000008000123C] -> 0x0F13
mem[X,0x000000008000123E] -> 0x3FFF
[1172] [M]: 0x000000008000123C (0x3FFF0F13) addi t5, t5, 0x3ff
x30 <- 0xFFFD0200FFFDEFFF

mem[X,0x0000000080001240] -> 0xFEB7
mem[X,0x0000000080001242] -> 0xFFF7
[1173] [M]: 0x0000000080001240 (0xFFF7FEB7) lui t4, -0x81
x29 <- 0xFFFFFFFFFFF7F000

mem[X,0x0000000080001244] -> 0x8E93
mem[X,0x0000000080001246] -> 0x7FFE
[1174] [M]: 0x0000000080001244 (0x7FFE8E93) addi t4, t4, 0x7ff
x29 <- 0xFFFFFFFFFFF7F7FF

mem[X,0x0000000080001248] -> 0x9E93
mem[X,0x000000008000124A] -> 0x00BE
[1175] [M]: 0x0000000080001248 (0x00BE9E93) slli t4, t4, 0xb
x29 <- 0xFFFFFFFFBFBFF800

mem[X,0x000000008000124C] -> 0x8E93
mem[X,0x000000008000124E] -> 0x000E
[1176] [M]: 0x000000008000124C (0x000E8E93) addi t4, t4, 0x0
x29 <- 0xFFFFFFFFBFBFF800

mem[X,0x0000000080001250] -> 0x9E93
mem[X,0x0000000080001252] -> 0x00BE
[1177] [M]: 0x0000000080001250 (0x00BE9E93) slli t4, t4, 0xb
x29 <- 0xFFFFFDFDFFC00000

mem[X,0x0000000080001254] -> 0x8E93
mem[X,0x0000000080001256] -> 0x180E
[1178] [M]: 0x0000000080001254 (0x180E8E93) addi t4, t4, 0x180
x29 <- 0xFFFFFDFDFFC00180

mem[X,0x0000000080001258] -> 0x9E93
mem[X,0x000000008000125A] -> 0x00AE
[1179] [M]: 0x0000000080001258 (0x00AE9E93) slli t4, t4, 0xa
x29 <- 0xFFF7F7FF00060000

mem[X,0x000000008000125C] -> 0x8E93
mem[X,0x000000008000125E] -> 0x010E
[1180] [M]: 0x000000008000125C (0x010E8E93) addi t4, t4, 0x10
x29 <- 0xFFF7F7FF00060010

mem[X,0x0000000080001260] -> 0x1FBB
mem[X,0x0000000080001262] -> 0xB1DF
[1181] [M]: 0x0000000080001260 (0xB1DF1FBB) pmulu.h.beo t6, t5, t4
x31 <- 0xFC03000000000000

mem[X,0x0000000080001264] -> 0x3423
mem[X,0x0000000080001266] -> 0x15F3
[1182] [M]: 0x0000000080001264 (0x15F33423) sd t6, 0x148(t1)
mem[0x00000000800042F0] <- 0xFC03000000000000

mem[X,0x0000000080001268] -> 0x2F37
mem[X,0x000000008000126A] -> 0xFFDF
[1183] [M]: 0x0000000080001268 (0xFFDF2F37) lui t5, -0x20e
x30 <- 0xFFFFFFFFFFDF2000

mem[X,0x000000008000126C] -> 0x0F13
mem[X,0x000000008000126E] -> 0x000F
[1184] [M]: 0x000000008000126C (0x000F0F13) addi t5, t5, 0x0
x30 <- 0xFFFFFFFFFFDF2000

mem[X,0x0000000080001270] -> 0x1F13
mem[X,0x0000000080001272] -> 0x00BF
[1185] [M]: 0x0000000080001270 (0x00BF1F13) slli t5, t5, 0xb
x30 <- 0xFFFFFFFEF9000000

mem[X,0x0000000080001274] -> 0x0F13
mem[X,0x0000000080001276] -> 0x7FFF
[1186] [M]: 0x0000000080001274 (0x7FFF0F13) addi t5, t5, 0x7ff
x30 <- 0xFFFFFFFEF90007FF

mem[X,0x0000000080001278] -> 0x1F13
mem[X,0x000000008000127A] -> 0x00BF
[1187] [M]: 0x0000000080001278 (0x00BF1F13) slli t5, t5, 0xb
x30 <- 0xFFFFF7C8003FF800

mem[X,0x000000008000127C] -> 0x0F13
mem[X,0x000000008000127E] -> 0x5B7F
[1188] [M]: 0x000000008000127C (0x5B7F0F13) addi t5, t5, 0x5b7
x30 <- 0xFFFFF7C8003FFDB7

mem[X,0x0000000080001280] -> 0x1F13
mem[X,0x0000000080001282] -> 0x00AF
[1189] [M]: 0x0000000080001280 (0x00AF1F13) slli t5, t5, 0xa
x30 <- 0xFFDF2000FFF6DC00

mem[X,0x0000000080001284] -> 0x0F13
mem[X,0x0000000080001286] -> 0x3FFF
[1190] [M]: 0x0000000080001284 (0x3FFF0F13) addi t5, t5, 0x3ff
x30 <- 0xFFDF2000FFF6DFFF

mem[X,0x0000000080001288] -> 0x0EB7
mem[X,0x000000008000128A] -> 0xC001
[1191] [M]: 0x0000000080001288 (0xC0010EB7) lui t4, -0x3fff0
x29 <- 0xFFFFFFFFC0010000

mem[X,0x000000008000128C] -> 0x8E93
mem[X,0x000000008000128E] -> 0xFFAE
[1192] [M]: 0x000000008000128C (0xFFAE8E93) addi t4, t4, -0x6
x29 <- 0xFFFFFFFFC000FFFA

mem[X,0x0000000080001290] -> 0x9E93
mem[X,0x0000000080001292] -> 0x00BE
[1193] [M]: 0x0000000080001290 (0x00BE9E93) slli t4, t4, 0xb
x29 <- 0xFFFFFE0007FFD000

mem[X,0x0000000080001294] -> 0x8E93
mem[X,0x0000000080001296] -> 0x7EFE
[1194] [M]: 0x0000000080001294 (0x7EFE8E93) addi t4, t4, 0x7ef
x29 <- 0xFFFFFE0007FFD7EF

mem[X,0x0000000080001298] -> 0x9E93
mem[X,0x000000008000129A] -> 0x00BE
[1195] [M]: 0x0000000080001298 (0x00BE9E93) slli t4, t4, 0xb
x29 <- 0xFFF0003FFEBF7800

mem[X,0x000000008000129C] -> 0x8E93
mem[X,0x000000008000129E] -> 0x7C0E
[1196] [M]: 0x000000008000129C (0x7C0E8E93) addi t4, t4, 0x7c0
x29 <- 0xFFF0003FFEBF7FC0

mem[X,0x00000000800012A0] -> 0x9E93
mem[X,0x00000000800012A2] -> 0x00AE
[1197] [M]: 0x00000000800012A0 (0x00AE9E93) slli t4, t4, 0xa
x29 <- 0xC000FFFAFDFF0000

mem[X,0x00000000800012A4] -> 0x8E93
mem[X,0x00000000800012A6] -> 0x001E
[1198] [M]: 0x00000000800012A4 (0x001E8E93) addi t4, t4, 0x1
x29 <- 0xC000FFFAFDFF0001

mem[X,0x00000000800012A8] -> 0x1FBB
mem[X,0x00000000800012AA] -> 0xB1DF
[1199] [M]: 0x00000000800012A8 (0xB1DF1FBB) pmulu.h.beo t6, t5, t4
x31 <- 0xA7400000F31E0000

clint::tick mtime <- 0x000000000000000C
 clint timer pending at mtime 0x000000000000000C
htif::tick 0x0000000000000000
mem[X,0x00000000800012AC] -> 0x3823
mem[X,0x00000000800012AE] -> 0x15F3
[1200] [M]: 0x00000000800012AC (0x15F33823) sd t6, 0x150(t1)
mem[0x00000000800042F8] <- 0xA7400000F31E0000

mem[X,0x00000000800012B0] -> 0xCF37
mem[X,0x00000000800012B2] -> 0xFF7F
[1201] [M]: 0x00000000800012B0 (0xFF7FCF37) lui t5, -0x804
x30 <- 0xFFFFFFFFFF7FC000

mem[X,0x00000000800012B4] -> 0x0F13
mem[X,0x00000000800012B6] -> 0x000F
[1202] [M]: 0x00000000800012B4 (0x000F0F13) addi t5, t5, 0x0
x30 <- 0xFFFFFFFFFF7FC000

mem[X,0x00000000800012B8] -> 0x1F13
mem[X,0x00000000800012BA] -> 0x00BF
[1203] [M]: 0x00000000800012B8 (0x00BF1F13) slli t5, t5, 0xb
x30 <- 0xFFFFFFFBFE000000

mem[X,0x00000000800012BC] -> 0x0F13
mem[X,0x00000000800012BE] -> 0x7FDF
[1204] [M]: 0x00000000800012BC (0x7FDF0F13) addi t5, t5, 0x7fd
x30 <- 0xFFFFFFFBFE0007FD

mem[X,0x00000000800012C0] -> 0x1F13
mem[X,0x00000000800012C2] -> 0x00BF
[1205] [M]: 0x00000000800012C0 (0x00BF1F13) slli t5, t5, 0xb
x30 <- 0xFFFFDFF0003FE800

mem[X,0x00000000800012C4] -> 0x0F13
mem[X,0x00000000800012C6] -> 0x7C2F
[1206] [M]: 0x00000000800012C4 (0x7C2F0F13) addi t5, t5, 0x7c2
x30 <- 0xFFFFDFF0003FEFC2

mem[X,0x00000000800012C8] -> 0x1F13
mem[X,0x00000000800012CA] -> 0x00AF
[1207] [M]: 0x00000000800012C8 (0x00AF1F13) slli t5, t5, 0xa
x30 <- 0xFF7FC000FFBF0800

mem[X,0x00000000800012CC] -> 0x0EB7
mem[X,0x00000000800012CE] -> 0xFFFB
[1208] [M]: 0x00000000800012CC (0xFFFB0EB7) lui t4, -0x50
x29 <- 0xFFFFFFFFFFFB0000

mem[X,0x00000000800012D0] -> 0x8E93
mem[X,0x00000000800012D2] -> 0x040E
[1209] [M]: 0x00000000800012D0 (0x040E8E93) addi t4, t4, 0x40
x29 <- 0xFFFFFFFFFFFB0040

mem[X,0x00000000800012D4] -> 0x9E93
mem[X,0x00000000800012D6] -> 0x00BE
[1210] [M]: 0x00000000800012D4 (0x00BE9E93) slli t4, t4, 0xb
x29 <- 0xFFFFFFFFD8020000

mem[X,0x00000000800012D8] -> 0x8E93
mem[X,0x00000000800012DA] -> 0x7FFE
[1211] [M]: 0x00000000800012D8 (0x7FFE8E93) addi t4, t4, 0x7ff
x29 <- 0xFFFFFFFFD80207FF

mem[X,0x00000000800012DC] -> 0x9E93
mem[X,0x00000000800012DE] -> 0x00BE
[1212] [M]: 0x00000000800012DC (0x00BE9E93) slli t4, t4, 0xb
x29 <- 0xFFFFFEC0103FF800

mem[X,0x00000000800012E0] -> 0x8E93
mem[X,0x00000000800012E2] -> 0x780E
[1213] [M]: 0x00000000800012E0 (0x780E8E93) addi t4, t4, 0x780
x29 <- 0xFFFFFEC0103FFF80

mem[X,0x00000000800012E4] -> 0x9E93
mem[X,0x00000000800012E6] -> 0x00AE
[1214] [M]: 0x00000000800012E4 (0x00AE9E93) slli t4, t4, 0xa
x29 <- 0xFFFB0040FFFE0000

mem[X,0x00000000800012E8] -> 0x8E93
mem[X,0x00000000800012EA] -> 0x020E
[1215] [M]: 0x00000000800012E8 (0x020E8E93) addi t4, t4, 0x20
x29 <- 0xFFFB0040FFFE0020

mem[X,0x00000000800012EC] -> 0x1FBB
mem[X,0x00000000800012EE] -> 0xB1DF
[1216] [M]: 0x00000000800012EC (0xB1DF1FBB) pmulu.h.beo t6, t5, t4
x31 <- 0x7E810000BE410000

mem[X,0x00000000800012F0] -> 0x3C23
mem[X,0x00000000800012F2] -> 0x15F3
[1217] [M]: 0x00000000800012F0 (0x15F33C23) sd t6, 0x158(t1)
mem[0x0000000080004300] <- 0x7E810000BE410000

mem[X,0x00000000800012F4] -> 0x0F37
mem[X,0x00000000800012F6] -> 0xFDFF
[1218] [M]: 0x00000000800012F4 (0xFDFF0F37) lui t5, -0x2010
x30 <- 0xFFFFFFFFFDFF0000

mem[X,0x00000000800012F8] -> 0x0F13
mem[X,0x00000000800012FA] -> 0x007F
[1219] [M]: 0x00000000800012F8 (0x007F0F13) addi t5, t5, 0x7
x30 <- 0xFFFFFFFFFDFF0007

mem[X,0x00000000800012FC] -> 0x1F13
mem[X,0x00000000800012FE] -> 0x00BF
[1220] [M]: 0x00000000800012FC (0x00BF1F13) slli t5, t5, 0xb
x30 <- 0xFFFFFFEFF8003800

mem[X,0x0000000080001300] -> 0x0F13
mem[X,0x0000000080001302] -> 0x000F
[1221] [M]: 0x0000000080001300 (0x000F0F13) addi t5, t5, 0x0
x30 <- 0xFFFFFFEFF8003800

mem[X,0x0000000080001304] -> 0x1F13
mem[X,0x0000000080001306] -> 0x00BF
[1222] [M]: 0x0000000080001304 (0x00BF1F13) slli t5, t5, 0xb
x30 <- 0xFFFF7FC001C00000

mem[X,0x0000000080001308] -> 0x0F13
mem[X,0x000000008000130A] -> 0x43FF
[1223] [M]: 0x0000000080001308 (0x43FF0F13) addi t5, t5, 0x43f
x30 <- 0xFFFF7FC001C0043F

mem[X,0x000000008000130C] -> 0x1F13
mem[X,0x000000008000130E] -> 0x00AF
[1224] [M]: 0x000000008000130C (0x00AF1F13) slli t5, t5, 0xa
x30 <- 0xFDFF00070010FC00

mem[X,0x0000000080001310] -> 0x0F13
mem[X,0x0000000080001312] -> 0x3F7F
[1225] [M]: 0x0000000080001310 (0x3F7F0F13) addi t5, t5, 0x3f7
x30 <- 0xFDFF00070010FFF7

mem[X,0x0000000080001314] -> 0xEEB7
mem[X,0x0000000080001316] -> 0xFFDF
[1226] [M]: 0x0000000080001314 (0xFFDFEEB7) lui t4, -0x202
x29 <- 0xFFFFFFFFFFDFE000

mem[X,0x0000000080001318] -> 0x8E93
mem[X,0x000000008000131A] -> 0xFFFE
[1227] [M]: 0x0000000080001318 (0xFFFE8E93) addi t4, t4, -0x1
x29 <- 0xFFFFFFFFFFDFDFFF

mem[X,0x000000008000131C] -> 0x9E93
mem[X,0x000000008000131E] -> 0x00BE
[1228] [M]: 0x000000008000131C (0x00BE9E93) slli t4, t4, 0xb
x29 <- 0xFFFFFFFEFEFFF800

mem[X,0x0000000080001320] -> 0x8E93
mem[X,0x0000000080001322] -> 0x7FFE
[1229] [M]: 0x0000000080001320 (0x7FFE8E93) addi t4, t4, 0x7ff
x29 <- 0xFFFFFFFEFEFFFFFF

mem[X,0x0000000080001324] -> 0x9E93
mem[X,0x0000000080001326] -> 0x00BE
[1230] [M]: 0x0000000080001324 (0x00BE9E93) slli t4, t4, 0xb
x29 <- 0xFFFFF7F7FFFFF800

mem[X,0x0000000080001328] -> 0x8E93
mem[X,0x000000008000132A] -> 0x6C1E
[1231] [M]: 0x0000000080001328 (0x6C1E8E93) addi t4, t4, 0x6c1
x29 <- 0xFFFFF7F7FFFFFEC1

mem[X,0x000000008000132C] -> 0x9E93
mem[X,0x000000008000132E] -> 0x00AE
[1232] [M]: 0x000000008000132C (0x00AE9E93) slli t4, t4, 0xa
x29 <- 0xFFDFDFFFFFFB0400

mem[X,0x0000000080001330] -> 0x1FBB
mem[X,0x0000000080001332] -> 0xB1DF
[1233] [M]: 0x0000000080001330 (0xB1DF1FBB) pmulu.h.beo t6, t5, t4
x31 <- 0xFE0106190FF003DC

mem[X,0x0000000080001334] -> 0x3023
mem[X,0x0000000080001336] -> 0x17F3
[1234] [M]: 0x0000000080001334 (0x17F33023) sd t6, 0x160(t1)
mem[0x0000000080004308] <- 0xFE0106190FF003DC

mem[X,0x0000000080001338] -> 0x8F37
mem[X,0x000000008000133A] -> 0xDFFF
[1235] [M]: 0x0000000080001338 (0xDFFF8F37) lui t5, -0x20008
x30 <- 0xFFFFFFFFDFFF8000

mem[X,0x000000008000133C] -> 0x0F13
mem[X,0x000000008000133E] -> 0xFFFF
[1236] [M]: 0x000000008000133C (0xFFFF0F13) addi t5, t5, -0x1
x30 <- 0xFFFFFFFFDFFF7FFF

mem[X,0x0000000080001340] -> 0x1F13
mem[X,0x0000000080001342] -> 0x00BF
[1237] [M]: 0x0000000080001340 (0x00BF1F13) slli t5, t5, 0xb
x30 <- 0xFFFFFEFFFBFFF800

mem[X,0x0000000080001344] -> 0x0F13
mem[X,0x0000000080001346] -> 0x010F
[1238] [M]: 0x0000000080001344 (0x010F0F13) addi t5, t5, 0x10
x30 <- 0xFFFFFEFFFBFFF810

mem[X,0x0000000080001348] -> 0x1F13
mem[X,0x000000008000134A] -> 0x00BF
[1239] [M]: 0x0000000080001348 (0x00BF1F13) slli t5, t5, 0xb
x30 <- 0xFFF7FFDFFFC08000

mem[X,0x000000008000134C] -> 0x0F13
mem[X,0x000000008000134E] -> 0x03FF
[1240] [M]: 0x000000008000134C (0x03FF0F13) addi t5, t5, 0x3f
x30 <- 0xFFF7FFDFFFC0803F

mem[X,0x0000000080001350] -> 0x1F13
mem[X,0x0000000080001352] -> 0x00AF
[1241] [M]: 0x0000000080001350 (0x00AF1F13) slli t5, t5, 0xa
x30 <- 0xDFFF7FFF0200FC00

mem[X,0x0000000080001354] -> 0x0F13
mem[X,0x0000000080001356] -> 0x3FFF
[1242] [M]: 0x0000000080001354 (0x3FFF0F13) addi t5, t5, 0x3ff
x30 <- 0xDFFF7FFF0200FFFF

mem[X,0x0000000080001358] -> 0x8EB7
mem[X,0x000000008000135A] -> 0x0006
[1243] [M]: 0x0000000080001358 (0x00068EB7) lui t4, 0x68
x29 <- 0x0000000000068000

mem[X,0x000000008000135C] -> 0x8E93
mem[X,0x000000008000135E] -> 0xFFFE
[1244] [M]: 0x000000008000135C (0xFFFE8E93) addi t4, t4, -0x1
x29 <- 0x0000000000067FFF

mem[X,0x0000000080001360] -> 0x9E93
mem[X,0x0000000080001362] -> 0x00BE
[1245] [M]: 0x0000000080001360 (0x00BE9E93) slli t4, t4, 0xb
x29 <- 0x0000000033FFF800

mem[X,0x0000000080001364] -> 0x8E93
mem[X,0x0000000080001366] -> 0x000E
[1246] [M]: 0x0000000080001364 (0x000E8E93) addi t4, t4, 0x0
x29 <- 0x0000000033FFF800

mem[X,0x0000000080001368] -> 0x9E93
mem[X,0x000000008000136A] -> 0x00BE
[1247] [M]: 0x0000000080001368 (0x00BE9E93) slli t4, t4, 0xb
x29 <- 0x0000019FFFC00000

mem[X,0x000000008000136C] -> 0x8E93
mem[X,0x000000008000136E] -> 0x220E
[1248] [M]: 0x000000008000136C (0x220E8E93) addi t4, t4, 0x220
x29 <- 0x0000019FFFC00220

mem[X,0x0000000080001370] -> 0x9E93
mem[X,0x0000000080001372] -> 0x00AE
[1249] [M]: 0x0000000080001370 (0x00AE9E93) slli t4, t4, 0xa
x29 <- 0x00067FFF00088000

mem[X,0x0000000080001374] -> 0x1FBB
mem[X,0x0000000080001376] -> 0xB1DF
[1250] [M]: 0x0000000080001374 (0xB1DF1FBB) pmulu.h.beo t6, t5, t4
x31 <- 0x00007E8100007F80

mem[X,0x0000000080001378] -> 0x3423
mem[X,0x000000008000137A] -> 0x17F3
[1251] [M]: 0x0000000080001378 (0x17F33423) sd t6, 0x168(t1)
mem[0x0000000080004310] <- 0x00007E8100007F80

mem[X,0x000000008000137C] -> 0x0F37
mem[X,0x000000008000137E] -> 0x000A
[1252] [M]: 0x000000008000137C (0x000A0F37) lui t5, 0xa0
x30 <- 0x00000000000A0000

mem[X,0x0000000080001380] -> 0x0F13
mem[X,0x0000000080001382] -> 0xF7FF
[1253] [M]: 0x0000000080001380 (0xF7FF0F13) addi t5, t5, -0x81
x30 <- 0x000000000009FF7F

mem[X,0x0000000080001384] -> 0x1F13
mem[X,0x0000000080001386] -> 0x00BF
[1254] [M]: 0x0000000080001384 (0x00BF1F13) slli t5, t5, 0xb
x30 <- 0x000000004FFBF800

mem[X,0x0000000080001388] -> 0x0F13
mem[X,0x000000008000138A] -> 0x3FFF
[1255] [M]: 0x0000000080001388 (0x3FFF0F13) addi t5, t5, 0x3ff
x30 <- 0x000000004FFBFBFF

mem[X,0x000000008000138C] -> 0x1F13
mem[X,0x000000008000138E] -> 0x00BF
[1256] [M]: 0x000000008000138C (0x00BF1F13) slli t5, t5, 0xb
x30 <- 0x0000027FDFDFF800

mem[X,0x0000000080001390] -> 0x0F13
mem[X,0x0000000080001392] -> 0x7C0F
[1257] [M]: 0x0000000080001390 (0x7C0F0F13) addi t5, t5, 0x7c0
x30 <- 0x0000027FDFDFFFC0

mem[X,0x0000000080001394] -> 0x1F13
mem[X,0x0000000080001396] -> 0x00AF
[1258] [M]: 0x0000000080001394 (0x00AF1F13) slli t5, t5, 0xa
x30 <- 0x0009FF7F7FFF0000

mem[X,0x0000000080001398] -> 0x0F13
mem[X,0x000000008000139A] -> 0x002F
[1259] [M]: 0x0000000080001398 (0x002F0F13) addi t5, t5, 0x2
x30 <- 0x0009FF7F7FFF0002

mem[X,0x000000008000139C] -> 0x0EB7
mem[X,0x000000008000139E] -> 0x1001
[1260] [M]: 0x000000008000139C (0x10010EB7) lui t4, 0x10010
x29 <- 0x0000000010010000

mem[X,0x00000000800013A0] -> 0x8E93
mem[X,0x00000000800013A2] -> 0xDFFE
[1261] [M]: 0x00000000800013A0 (0xDFFE8E93) addi t4, t4, -0x201
x29 <- 0x000000001000FDFF

mem[X,0x00000000800013A4] -> 0x9E93
mem[X,0x00000000800013A6] -> 0x00BE
[1262] [M]: 0x00000000800013A4 (0x00BE9E93) slli t4, t4, 0xb
x29 <- 0x0000008007EFF800

mem[X,0x00000000800013A8] -> 0x8E93
mem[X,0x00000000800013AA] -> 0x7FFE
[1263] [M]: 0x00000000800013A8 (0x7FFE8E93) addi t4, t4, 0x7ff
x29 <- 0x0000008007EFFFFF

mem[X,0x00000000800013AC] -> 0x9E93
mem[X,0x00000000800013AE] -> 0x00BE
[1264] [M]: 0x00000000800013AC (0x00BE9E93) slli t4, t4, 0xb
x29 <- 0x0004003F7FFFF800

mem[X,0x00000000800013B0] -> 0x8E93
mem[X,0x00000000800013B2] -> 0x65FE
[1265] [M]: 0x00000000800013B0 (0x65FE8E93) addi t4, t4, 0x65f
x29 <- 0x0004003F7FFFFE5F

mem[X,0x00000000800013B4] -> 0x9E93
mem[X,0x00000000800013B6] -> 0x00AE
[1266] [M]: 0x00000000800013B4 (0x00AE9E93) slli t4, t4, 0xa
x29 <- 0x1000FDFFFFF97C00

mem[X,0x00000000800013B8] -> 0x8E93
mem[X,0x00000000800013BA] -> 0x3FFE
[1267] [M]: 0x00000000800013B8 (0x3FFE8E93) addi t4, t4, 0x3ff
x29 <- 0x1000FDFFFFF97FFF

mem[X,0x00000000800013BC] -> 0x1FBB
mem[X,0x00000000800013BE] -> 0xB1DF
[1268] [M]: 0x00000000800013BC (0xB1DF1FBB) pmulu.h.beo t6, t5, t4
x31 <- 0x00907D83FE0100FE

mem[X,0x00000000800013C0] -> 0x3823
mem[X,0x00000000800013C2] -> 0x17F3
[1269] [M]: 0x00000000800013C0 (0x17F33823) sd t6, 0x170(t1)
mem[0x0000000080004318] <- 0x00907D83FE0100FE

mem[X,0x00000000800013C4] -> 0xBF37
mem[X,0x00000000800013C6] -> 0x0000
[1270] [M]: 0x00000000800013C4 (0x0000BF37) lui t5, 0xb
x30 <- 0x000000000000B000

mem[X,0x00000000800013C8] -> 0x0F13
mem[X,0x00000000800013CA] -> 0xAAAF
[1271] [M]: 0x00000000800013C8 (0xAAAF0F13) addi t5, t5, -0x556
x30 <- 0x000000000000AAAA

mem[X,0x00000000800013CC] -> 0x1F13
mem[X,0x00000000800013CE] -> 0x00BF
[1272] [M]: 0x00000000800013CC (0x00BF1F13) slli t5, t5, 0xb
x30 <- 0x0000000005555000

mem[X,0x00000000800013D0] -> 0x0F13
mem[X,0x00000000800013D2] -> 0x000F
[1273] [M]: 0x00000000800013D0 (0x000F0F13) addi t5, t5, 0x0
x30 <- 0x0000000005555000

mem[X,0x00000000800013D4] -> 0x1F13
mem[X,0x00000000800013D6] -> 0x00BF
[1274] [M]: 0x00000000800013D4 (0x00BF1F13) slli t5, t5, 0xb
x30 <- 0x0000002AAA800000

mem[X,0x00000000800013D8] -> 0x0F13
mem[X,0x00000000800013DA] -> 0x0C0F
[1275] [M]: 0x00000000800013D8 (0x0C0F0F13) addi t5, t5, 0xc0
x30 <- 0x0000002AAA8000C0

mem[X,0x00000000800013DC] -> 0x1F13
mem[X,0x00000000800013DE] -> 0x00AF
[1276] [M]: 0x00000000800013DC (0x00AF1F13) slli t5, t5, 0xa
x30 <- 0x0000AAAA00030000

mem[X,0x00000000800013E0] -> 0x0F13
mem[X,0x00000000800013E2] -> 0x002F
[1277] [M]: 0x00000000800013E0 (0x002F0F13) addi t5, t5, 0x2
x30 <- 0x0000AAAA00030002

mem[X,0x00000000800013E4] -> 0x8EB7
mem[X,0x00000000800013E6] -> 0x0000
[1278] [M]: 0x00000000800013E4 (0x00008EB7) lui t4, 0x8
x29 <- 0x0000000000008000

mem[X,0x00000000800013E8] -> 0x8E93
mem[X,0x00000000800013EA] -> 0x000E
[1279] [M]: 0x00000000800013E8 (0x000E8E93) addi t4, t4, 0x0
x29 <- 0x0000000000008000

mem[X,0x00000000800013EC] -> 0x9E93
mem[X,0x00000000800013EE] -> 0x00BE
[1280] [M]: 0x00000000800013EC (0x00BE9E93) slli t4, t4, 0xb
x29 <- 0x0000000004000000

mem[X,0x00000000800013F0] -> 0x8E93
mem[X,0x00000000800013F2] -> 0x000E
[1281] [M]: 0x00000000800013F0 (0x000E8E93) addi t4, t4, 0x0
x29 <- 0x0000000004000000

mem[X,0x00000000800013F4] -> 0x9E93
mem[X,0x00000000800013F6] -> 0x00BE
[1282] [M]: 0x00000000800013F4 (0x00BE9E93) slli t4, t4, 0xb
x29 <- 0x0000002000000000

mem[X,0x00000000800013F8] -> 0x8E93
mem[X,0x00000000800013FA] -> 0x000E
[1283] [M]: 0x00000000800013F8 (0x000E8E93) addi t4, t4, 0x0
x29 <- 0x0000002000000000

mem[X,0x00000000800013FC] -> 0x9E93
mem[X,0x00000000800013FE] -> 0x00AE
[1284] [M]: 0x00000000800013FC (0x00AE9E93) slli t4, t4, 0xa
x29 <- 0x0000800000000000

mem[X,0x0000000080001400] -> 0x8E93
mem[X,0x0000000080001402] -> 0x040E
[1285] [M]: 0x0000000080001400 (0x040E8E93) addi t4, t4, 0x40
x29 <- 0x0000800000000040

mem[X,0x0000000080001404] -> 0x1FBB
mem[X,0x0000000080001406] -> 0xB1DF
[1286] [M]: 0x0000000080001404 (0xB1DF1FBB) pmulu.h.beo t6, t5, t4
x31 <- 0x0000550000000000

mem[X,0x0000000080001408] -> 0x3C23
mem[X,0x000000008000140A] -> 0x17F3
[1287] [M]: 0x0000000080001408 (0x17F33C23) sd t6, 0x178(t1)
mem[0x0000000080004320] <- 0x0000550000000000

mem[X,0x000000008000140C] -> 0x8F37
mem[X,0x000000008000140E] -> 0xFFDF
[1288] [M]: 0x000000008000140C (0xFFDF8F37) lui t5, -0x208
x30 <- 0xFFFFFFFFFFDF8000

mem[X,0x0000000080001410] -> 0x0F13
mem[X,0x0000000080001412] -> 0xFFFF
[1289] [M]: 0x0000000080001410 (0xFFFF0F13) addi t5, t5, -0x1
x30 <- 0xFFFFFFFFFFDF7FFF

mem[X,0x0000000080001414] -> 0x1F13
mem[X,0x0000000080001416] -> 0x00BF
[1290] [M]: 0x0000000080001414 (0x00BF1F13) slli t5, t5, 0xb
x30 <- 0xFFFFFFFEFBFFF800

mem[X,0x0000000080001418] -> 0x0F13
mem[X,0x000000008000141A] -> 0x7FFF
[1291] [M]: 0x0000000080001418 (0x7FFF0F13) addi t5, t5, 0x7ff
x30 <- 0xFFFFFFFEFBFFFFFF

mem[X,0x000000008000141C] -> 0x1F13
mem[X,0x000000008000141E] -> 0x00BF
[1292] [M]: 0x000000008000141C (0x00BF1F13) slli t5, t5, 0xb
x30 <- 0xFFFFF7DFFFFFF800

mem[X,0x0000000080001420] -> 0x0F13
mem[X,0x0000000080001422] -> 0x780F
[1293] [M]: 0x0000000080001420 (0x780F0F13) addi t5, t5, 0x780
x30 <- 0xFFFFF7DFFFFFFF80

mem[X,0x0000000080001424] -> 0x1F13
mem[X,0x0000000080001426] -> 0x00AF
[1294] [M]: 0x0000000080001424 (0x00AF1F13) slli t5, t5, 0xa
x30 <- 0xFFDF7FFFFFFE0000

mem[X,0x0000000080001428] -> 0x0F13
mem[X,0x000000008000142A] -> 0x002F
[1295] [M]: 0x0000000080001428 (0x002F0F13) addi t5, t5, 0x2
x30 <- 0xFFDF7FFFFFFE0002

mem[X,0x000000008000142C] -> 0x0EB7
mem[X,0x000000008000142E] -> 0x0006
[1296] [M]: 0x000000008000142C (0x00060EB7) lui t4, 0x60
x29 <- 0x0000000000060000

mem[X,0x0000000080001430] -> 0x8E93
mem[X,0x0000000080001432] -> 0xEFFE
[1297] [M]: 0x0000000080001430 (0xEFFE8E93) addi t4, t4, -0x101
x29 <- 0x000000000005FEFF

mem[X,0x0000000080001434] -> 0x9E93
mem[X,0x0000000080001436] -> 0x00BE
[1298] [M]: 0x0000000080001434 (0x00BE9E93) slli t4, t4, 0xb
x29 <- 0x000000002FF7F800

mem[X,0x0000000080001438] -> 0x8E93
mem[X,0x000000008000143A] -> 0x000E
[1299] [M]: 0x0000000080001438 (0x000E8E93) addi t4, t4, 0x0
x29 <- 0x000000002FF7F800

clint::tick mtime <- 0x000000000000000D
 clint timer pending at mtime 0x000000000000000D
htif::tick 0x0000000000000000
mem[X,0x000000008000143C] -> 0x9E93
mem[X,0x000000008000143E] -> 0x00BE
[1300] [M]: 0x000000008000143C (0x00BE9E93) slli t4, t4, 0xb
x29 <- 0x0000017FBFC00000

mem[X,0x0000000080001440] -> 0x8E93
mem[X,0x0000000080001442] -> 0x140E
[1301] [M]: 0x0000000080001440 (0x140E8E93) addi t4, t4, 0x140
x29 <- 0x0000017FBFC00140

mem[X,0x0000000080001444] -> 0x9E93
mem[X,0x0000000080001446] -> 0x00AE
[1302] [M]: 0x0000000080001444 (0x00AE9E93) slli t4, t4, 0xa
x29 <- 0x0005FEFF00050000

mem[X,0x0000000080001448] -> 0x8E93
mem[X,0x000000008000144A] -> 0x200E
[1303] [M]: 0x0000000080001448 (0x200E8E93) addi t4, t4, 0x200
x29 <- 0x0005FEFF00050200

mem[X,0x000000008000144C] -> 0x1FBB
mem[X,0x000000008000144E] -> 0xB1DF
[1304] [M]: 0x000000008000144C (0xB1DF1FBB) pmulu.h.beo t6, t5, t4
x31 <- 0x0000FD0200000004

mem[X,0x0000000080001450] -> 0x3023
mem[X,0x0000000080001452] -> 0x19F3
[1305] [M]: 0x0000000080001450 (0x19F33023) sd t6, 0x180(t1)
mem[0x0000000080004328] <- 0x0000FD0200000004

mem[X,0x0000000080001454] -> 0x1F37
mem[X,0x0000000080001456] -> 0xFFF6
[1306] [M]: 0x0000000080001454 (0xFFF61F37) lui t5, -0x9f
x30 <- 0xFFFFFFFFFFF61000

mem[X,0x0000000080001458] -> 0x0F13
mem[X,0x000000008000145A] -> 0x800F
[1307] [M]: 0x0000000080001458 (0x800F0F13) addi t5, t5, -0x800
x30 <- 0xFFFFFFFFFFF60800

mem[X,0x000000008000145C] -> 0x1F13
mem[X,0x000000008000145E] -> 0x00BF
[1308] [M]: 0x000000008000145C (0x00BF1F13) slli t5, t5, 0xb
x30 <- 0xFFFFFFFFB0400000

mem[X,0x0000000080001460] -> 0x0F13
mem[X,0x0000000080001462] -> 0x7FEF
[1309] [M]: 0x0000000080001460 (0x7FEF0F13) addi t5, t5, 0x7fe
x30 <- 0xFFFFFFFFB04007FE

mem[X,0x0000000080001464] -> 0x1F13
mem[X,0x0000000080001466] -> 0x00BF
[1310] [M]: 0x0000000080001464 (0x00BF1F13) slli t5, t5, 0xb
x30 <- 0xFFFFFD82003FF000

mem[X,0x0000000080001468] -> 0x0F13
mem[X,0x000000008000146A] -> 0x7FFF
[1311] [M]: 0x0000000080001468 (0x7FFF0F13) addi t5, t5, 0x7ff
x30 <- 0xFFFFFD82003FF7FF

mem[X,0x000000008000146C] -> 0x1F13
mem[X,0x000000008000146E] -> 0x00AF
[1312] [M]: 0x000000008000146C (0x00AF1F13) slli t5, t5, 0xa
x30 <- 0xFFF60800FFDFFC00

mem[X,0x0000000080001470] -> 0x0F13
mem[X,0x0000000080001472] -> 0x3FBF
[1313] [M]: 0x0000000080001470 (0x3FBF0F13) addi t5, t5, 0x3fb
x30 <- 0xFFF60800FFDFFFFB

mem[X,0x0000000080001474] -> 0x0EB7
mem[X,0x0000000080001476] -> 0x0007
[1314] [M]: 0x0000000080001474 (0x00070EB7) lui t4, 0x70
x29 <- 0x0000000000070000

mem[X,0x0000000080001478] -> 0x8E93
mem[X,0x000000008000147A] -> 0x400E
[1315] [M]: 0x0000000080001478 (0x400E8E93) addi t4, t4, 0x400
x29 <- 0x0000000000070400

mem[X,0x000000008000147C] -> 0x9E93
mem[X,0x000000008000147E] -> 0x00BE
[1316] [M]: 0x000000008000147C (0x00BE9E93) slli t4, t4, 0xb
x29 <- 0x0000000038200000

mem[X,0x0000000080001480] -> 0x8E93
mem[X,0x0000000080001482] -> 0x000E
[1317] [M]: 0x0000000080001480 (0x000E8E93) addi t4, t4, 0x0
x29 <- 0x0000000038200000

mem[X,0x0000000080001484] -> 0x9E93
mem[X,0x0000000080001486] -> 0x00BE
[1318] [M]: 0x0000000080001484 (0x00BE9E93) slli t4, t4, 0xb
x29 <- 0x000001C100000000

mem[X,0x0000000080001488] -> 0x8E93
mem[X,0x000000008000148A] -> 0x008E
[1319] [M]: 0x0000000080001488 (0x008E8E93) addi t4, t4, 0x8
x29 <- 0x000001C100000008

mem[X,0x000000008000148C] -> 0x9E93
mem[X,0x000000008000148E] -> 0x00AE
[1320] [M]: 0x000000008000148C (0x00AE9E93) slli t4, t4, 0xa
x29 <- 0x0007040000002000

mem[X,0x0000000080001490] -> 0x1FBB
mem[X,0x0000000080001492] -> 0xB1DF
[1321] [M]: 0x0000000080001490 (0xB1DF1FBB) pmulu.h.beo t6, t5, t4
x31 <- 0x0000000000001F60

mem[X,0x0000000080001494] -> 0x3423
mem[X,0x0000000080001496] -> 0x19F3
[1322] [M]: 0x0000000080001494 (0x19F33423) sd t6, 0x188(t1)
mem[0x0000000080004330] <- 0x0000000000001F60

mem[X,0x0000000080001498] -> 0x0F37
mem[X,0x000000008000149A] -> 0xFFFD
[1323] [M]: 0x0000000080001498 (0xFFFD0F37) lui t5, -0x30
x30 <- 0xFFFFFFFFFFFD0000

mem[X,0x000000008000149C] -> 0x0F13
mem[X,0x000000008000149E] -> 0x010F
[1324] [M]: 0x000000008000149C (0x010F0F13) addi t5, t5, 0x10
x30 <- 0xFFFFFFFFFFFD0010

mem[X,0x00000000800014A0] -> 0x1F13
mem[X,0x00000000800014A2] -> 0x00BF
[1325] [M]: 0x00000000800014A0 (0x00BF1F13) slli t5, t5, 0xb
x30 <- 0xFFFFFFFFE8008000

mem[X,0x00000000800014A4] -> 0x0F13
mem[X,0x00000000800014A6] -> 0x040F
[1326] [M]: 0x00000000800014A4 (0x040F0F13) addi t5, t5, 0x40
x30 <- 0xFFFFFFFFE8008040

mem[X,0x00000000800014A8] -> 0x1F13
mem[X,0x00000000800014AA] -> 0x00BF
[1327] [M]: 0x00000000800014A8 (0x00BF1F13) slli t5, t5, 0xb
x30 <- 0xFFFFFF4004020000

mem[X,0x00000000800014AC] -> 0x0F13
mem[X,0x00000000800014AE] -> 0x03FF
[1328] [M]: 0x00000000800014AC (0x03FF0F13) addi t5, t5, 0x3f
x30 <- 0xFFFFFF400402003F

mem[X,0x00000000800014B0] -> 0x1F13
mem[X,0x00000000800014B2] -> 0x00AF
[1329] [M]: 0x00000000800014B0 (0x00AF1F13) slli t5, t5, 0xa
x30 <- 0xFFFD00100800FC00

mem[X,0x00000000800014B4] -> 0x0F13
mem[X,0x00000000800014B6] -> 0x3F6F
[1330] [M]: 0x00000000800014B4 (0x3F6F0F13) addi t5, t5, 0x3f6
x30 <- 0xFFFD00100800FFF6

mem[X,0x00000000800014B8] -> 0xCEB7
mem[X,0x00000000800014BA] -> 0x0200
[1331] [M]: 0x00000000800014B8 (0x0200CEB7) lui t4, 0x200c
x29 <- 0x000000000200C000

mem[X,0x00000000800014BC] -> 0x8E93
mem[X,0x00000000800014BE] -> 0x000E
[1332] [M]: 0x00000000800014BC (0x000E8E93) addi t4, t4, 0x0
x29 <- 0x000000000200C000

mem[X,0x00000000800014C0] -> 0x9E93
mem[X,0x00000000800014C2] -> 0x00BE
[1333] [M]: 0x00000000800014C0 (0x00BE9E93) slli t4, t4, 0xb
x29 <- 0x0000001006000000

mem[X,0x00000000800014C4] -> 0x8E93
mem[X,0x00000000800014C6] -> 0x001E
[1334] [M]: 0x00000000800014C4 (0x001E8E93) addi t4, t4, 0x1
x29 <- 0x0000001006000001

mem[X,0x00000000800014C8] -> 0x9E93
mem[X,0x00000000800014CA] -> 0x00BE
[1335] [M]: 0x00000000800014C8 (0x00BE9E93) slli t4, t4, 0xb
x29 <- 0x0000803000000800

mem[X,0x00000000800014CC] -> 0x8E93
mem[X,0x00000000800014CE] -> 0x03FE
[1336] [M]: 0x00000000800014CC (0x03FE8E93) addi t4, t4, 0x3f
x29 <- 0x000080300000083F

mem[X,0x00000000800014D0] -> 0x9E93
mem[X,0x00000000800014D2] -> 0x00AE
[1337] [M]: 0x00000000800014D0 (0x00AE9E93) slli t4, t4, 0xa
x29 <- 0x0200C0000020FC00

mem[X,0x00000000800014D4] -> 0x8E93
mem[X,0x00000000800014D6] -> 0x3FEE
[1338] [M]: 0x00000000800014D4 (0x3FEE8E93) addi t4, t4, 0x3fe
x29 <- 0x0200C0000020FFFE

mem[X,0x00000000800014D8] -> 0x1FBB
mem[X,0x00000000800014DA] -> 0xB1DF
[1339] [M]: 0x00000000800014D8 (0xB1DF1FBB) pmulu.h.beo t6, t5, t4
x31 <- 0x01FA0C000000F50A

mem[X,0x00000000800014DC] -> 0x3823
mem[X,0x00000000800014DE] -> 0x19F3
[1340] [M]: 0x00000000800014DC (0x19F33823) sd t6, 0x190(t1)
mem[0x0000000080004338] <- 0x01FA0C000000F50A

mem[X,0x00000000800014E0] -> 0x0F37
mem[X,0x00000000800014E2] -> 0x0000
[1341] [M]: 0x00000000800014E0 (0x00000F37) lui t5, 0x0
x30 <- 0x0000000000000000

mem[X,0x00000000800014E4] -> 0x0F13
mem[X,0x00000000800014E6] -> 0xFDFF
[1342] [M]: 0x00000000800014E4 (0xFDFF0F13) addi t5, t5, -0x21
x30 <- 0xFFFFFFFFFFFFFFDF

mem[X,0x00000000800014E8] -> 0x1F13
mem[X,0x00000000800014EA] -> 0x00BF
[1343] [M]: 0x00000000800014E8 (0x00BF1F13) slli t5, t5, 0xb
x30 <- 0xFFFFFFFFFFFEF800

mem[X,0x00000000800014EC] -> 0x0F13
mem[X,0x00000000800014EE] -> 0x3FFF
[1344] [M]: 0x00000000800014EC (0x3FFF0F13) addi t5, t5, 0x3ff
x30 <- 0xFFFFFFFFFFFEFBFF

mem[X,0x00000000800014F0] -> 0x1F13
mem[X,0x00000000800014F2] -> 0x00BF
[1345] [M]: 0x00000000800014F0 (0x00BF1F13) slli t5, t5, 0xb
x30 <- 0xFFFFFFFFF7DFF800

mem[X,0x00000000800014F4] -> 0x0F13
mem[X,0x00000000800014F6] -> 0x7F7F
[1346] [M]: 0x00000000800014F4 (0x7F7F0F13) addi t5, t5, 0x7f7
x30 <- 0xFFFFFFFFF7DFFFF7

mem[X,0x00000000800014F8] -> 0x1F13
mem[X,0x00000000800014FA] -> 0x00AF
[1347] [M]: 0x00000000800014F8 (0x00AF1F13) slli t5, t5, 0xa
x30 <- 0xFFFFFFDF7FFFDC00

mem[X,0x00000000800014FC] -> 0x0F13
mem[X,0x00000000800014FE] -> 0x3FFF
[1348] [M]: 0x00000000800014FC (0x3FFF0F13) addi t5, t5, 0x3ff
x30 <- 0xFFFFFFDF7FFFDFFF

mem[X,0x0000000080001500] -> 0x0EB7
mem[X,0x0000000080001502] -> 0x0008
[1349] [M]: 0x0000000080001500 (0x00080EB7) lui t4, 0x80
x29 <- 0x0000000000080000

mem[X,0x0000000080001504] -> 0x8E93
mem[X,0x0000000080001506] -> 0xDFFE
[1350] [M]: 0x0000000080001504 (0xDFFE8E93) addi t4, t4, -0x201
x29 <- 0x000000000007FDFF

mem[X,0x0000000080001508] -> 0x9E93
mem[X,0x000000008000150A] -> 0x00BE
[1351] [M]: 0x0000000080001508 (0x00BE9E93) slli t4, t4, 0xb
x29 <- 0x000000003FEFF800

mem[X,0x000000008000150C] -> 0x8E93
mem[X,0x000000008000150E] -> 0x000E
[1352] [M]: 0x000000008000150C (0x000E8E93) addi t4, t4, 0x0
x29 <- 0x000000003FEFF800

mem[X,0x0000000080001510] -> 0x9E93
mem[X,0x0000000080001512] -> 0x00BE
[1353] [M]: 0x0000000080001510 (0x00BE9E93) slli t4, t4, 0xb
x29 <- 0x000001FF7FC00000

mem[X,0x0000000080001514] -> 0x8E93
mem[X,0x0000000080001516] -> 0x0BFE
[1354] [M]: 0x0000000080001514 (0x0BFE8E93) addi t4, t4, 0xbf
x29 <- 0x000001FF7FC000BF

mem[X,0x0000000080001518] -> 0x9E93
mem[X,0x000000008000151A] -> 0x00AE
[1355] [M]: 0x0000000080001518 (0x00AE9E93) slli t4, t4, 0xa
x29 <- 0x0007FDFF0002FC00

mem[X,0x000000008000151C] -> 0x8E93
mem[X,0x000000008000151E] -> 0x3FDE
[1356] [M]: 0x000000008000151C (0x3FDE8E93) addi t4, t4, 0x3fd
x29 <- 0x0007FDFF0002FFFD

mem[X,0x0000000080001520] -> 0x1FBB
mem[X,0x0000000080001522] -> 0xB1DF
[1357] [M]: 0x0000000080001520 (0xB1DF1FBB) pmulu.h.beo t6, t5, t4
x31 <- 0x0000DC630000FE01

mem[X,0x0000000080001524] -> 0x3C23
mem[X,0x0000000080001526] -> 0x19F3
[1358] [M]: 0x0000000080001524 (0x19F33C23) sd t6, 0x198(t1)
mem[0x0000000080004340] <- 0x0000DC630000FE01

mem[X,0x0000000080001528] -> 0x0F37
mem[X,0x000000008000152A] -> 0xFFEF
[1359] [M]: 0x0000000080001528 (0xFFEF0F37) lui t5, -0x110
x30 <- 0xFFFFFFFFFFEF0000

mem[X,0x000000008000152C] -> 0x0F13
mem[X,0x000000008000152E] -> 0x400F
[1360] [M]: 0x000000008000152C (0x400F0F13) addi t5, t5, 0x400
x30 <- 0xFFFFFFFFFFEF0400

mem[X,0x0000000080001530] -> 0x1F13
mem[X,0x0000000080001532] -> 0x00BF
[1361] [M]: 0x0000000080001530 (0x00BF1F13) slli t5, t5, 0xb
x30 <- 0xFFFFFFFF78200000

mem[X,0x0000000080001534] -> 0x0F13
mem[X,0x0000000080001536] -> 0x000F
[1362] [M]: 0x0000000080001534 (0x000F0F13) addi t5, t5, 0x0
x30 <- 0xFFFFFFFF78200000

mem[X,0x0000000080001538] -> 0x1F13
mem[X,0x000000008000153A] -> 0x00BF
[1363] [M]: 0x0000000080001538 (0x00BF1F13) slli t5, t5, 0xb
x30 <- 0xFFFFFBC100000000

mem[X,0x000000008000153C] -> 0x0F13
mem[X,0x000000008000153E] -> 0x240F
[1364] [M]: 0x000000008000153C (0x240F0F13) addi t5, t5, 0x240
x30 <- 0xFFFFFBC100000240

mem[X,0x0000000080001540] -> 0x1F13
mem[X,0x0000000080001542] -> 0x00AF
[1365] [M]: 0x0000000080001540 (0x00AF1F13) slli t5, t5, 0xa
x30 <- 0xFFEF040000090000

mem[X,0x0000000080001544] -> 0x0EB7
mem[X,0x0000000080001546] -> 0xAAAA
[1366] [M]: 0x0000000080001544 (0xAAAA0EB7) lui t4, -0x55560
x29 <- 0xFFFFFFFFAAAA0000

mem[X,0x0000000080001548] -> 0x8E93
mem[X,0x000000008000154A] -> 0x002E
[1367] [M]: 0x0000000080001548 (0x002E8E93) addi t4, t4, 0x2
x29 <- 0xFFFFFFFFAAAA0002

mem[X,0x000000008000154C] -> 0x9E93
mem[X,0x000000008000154E] -> 0x00BE
[1368] [M]: 0x000000008000154C (0x00BE9E93) slli t4, t4, 0xb
x29 <- 0xFFFFFD5550001000

mem[X,0x0000000080001550] -> 0x8E93
mem[X,0x0000000080001552] -> 0x100E
[1369] [M]: 0x0000000080001550 (0x100E8E93) addi t4, t4, 0x100
x29 <- 0xFFFFFD5550001100

mem[X,0x0000000080001554] -> 0x9E93
mem[X,0x0000000080001556] -> 0x00BE
[1370] [M]: 0x0000000080001554 (0x00BE9E93) slli t4, t4, 0xb
x29 <- 0xFFEAAA8000880000

mem[X,0x0000000080001558] -> 0x8E93
mem[X,0x000000008000155A] -> 0x03FE
[1371] [M]: 0x0000000080001558 (0x03FE8E93) addi t4, t4, 0x3f
x29 <- 0xFFEAAA800088003F

mem[X,0x000000008000155C] -> 0x9E93
mem[X,0x000000008000155E] -> 0x00AE
[1372] [M]: 0x000000008000155C (0x00AE9E93) slli t4, t4, 0xa
x29 <- 0xAAAA00022000FC00

mem[X,0x0000000080001560] -> 0x8E93
mem[X,0x0000000080001562] -> 0x3F7E
[1373] [M]: 0x0000000080001560 (0x3F7E8E93) addi t4, t4, 0x3f7
x29 <- 0xAAAA00022000FFF7

mem[X,0x0000000080001564] -> 0x1FBB
mem[X,0x0000000080001566] -> 0xB1DF
[1374] [M]: 0x0000000080001564 (0xB1DF1FBB) pmulu.h.beo t6, t5, t4
x31 <- 0x9EB6000001200000

mem[X,0x0000000080001568] -> 0x3023
mem[X,0x000000008000156A] -> 0x1BF3
[1375] [M]: 0x0000000080001568 (0x1BF33023) sd t6, 0x1a0(t1)
mem[0x0000000080004348] <- 0x9EB6000001200000

mem[X,0x000000008000156C] -> 0x0F37
mem[X,0x000000008000156E] -> 0xFFFB
[1376] [M]: 0x000000008000156C (0xFFFB0F37) lui t5, -0x50
x30 <- 0xFFFFFFFFFFFB0000

mem[X,0x0000000080001570] -> 0x0F13
mem[X,0x0000000080001572] -> 0xFFBF
[1377] [M]: 0x0000000080001570 (0xFFBF0F13) addi t5, t5, -0x5
x30 <- 0xFFFFFFFFFFFAFFFB

mem[X,0x0000000080001574] -> 0x1F13
mem[X,0x0000000080001576] -> 0x00BF
[1378] [M]: 0x0000000080001574 (0x00BF1F13) slli t5, t5, 0xb
x30 <- 0xFFFFFFFFD7FFD800

mem[X,0x0000000080001578] -> 0x0F13
mem[X,0x000000008000157A] -> 0x7EFF
[1379] [M]: 0x0000000080001578 (0x7EFF0F13) addi t5, t5, 0x7ef
x30 <- 0xFFFFFFFFD7FFDFEF

mem[X,0x000000008000157C] -> 0x1F13
mem[X,0x000000008000157E] -> 0x00BF
[1380] [M]: 0x000000008000157C (0x00BF1F13) slli t5, t5, 0xb
x30 <- 0xFFFFFEBFFEFF7800

mem[X,0x0000000080001580] -> 0x0F13
mem[X,0x0000000080001582] -> 0x7C0F
[1381] [M]: 0x0000000080001580 (0x7C0F0F13) addi t5, t5, 0x7c0
x30 <- 0xFFFFFEBFFEFF7FC0

mem[X,0x0000000080001584] -> 0x1F13
mem[X,0x0000000080001586] -> 0x00AF
[1382] [M]: 0x0000000080001584 (0x00AF1F13) slli t5, t5, 0xa
x30 <- 0xFFFAFFFBFDFF0000

mem[X,0x0000000080001588] -> 0x0F13
mem[X,0x000000008000158A] -> 0x020F
[1383] [M]: 0x0000000080001588 (0x020F0F13) addi t5, t5, 0x20
x30 <- 0xFFFAFFFBFDFF0020

mem[X,0x000000008000158C] -> 0x0EB7
mem[X,0x000000008000158E] -> 0x0801
[1384] [M]: 0x000000008000158C (0x08010EB7) lui t4, 0x8010
x29 <- 0x0000000008010000

mem[X,0x0000000080001590] -> 0x8E93
mem[X,0x0000000080001592] -> 0xFDFE
[1385] [M]: 0x0000000080001590 (0xFDFE8E93) addi t4, t4, -0x21
x29 <- 0x000000000800FFDF

mem[X,0x0000000080001594] -> 0x9E93
mem[X,0x0000000080001596] -> 0x00BE
[1386] [M]: 0x0000000080001594 (0x00BE9E93) slli t4, t4, 0xb
x29 <- 0x0000004007FEF800

mem[X,0x0000000080001598] -> 0x8E93
mem[X,0x000000008000159A] -> 0x000E
[1387] [M]: 0x0000000080001598 (0x000E8E93) addi t4, t4, 0x0
x29 <- 0x0000004007FEF800

mem[X,0x000000008000159C] -> 0x9E93
mem[X,0x000000008000159E] -> 0x00BE
[1388] [M]: 0x000000008000159C (0x00BE9E93) slli t4, t4, 0xb
x29 <- 0x0002003FF7C00000

mem[X,0x00000000800015A0] -> 0x8E93
mem[X,0x00000000800015A2] -> 0x13FE
[1389] [M]: 0x00000000800015A0 (0x13FE8E93) addi t4, t4, 0x13f
x29 <- 0x0002003FF7C0013F

mem[X,0x00000000800015A4] -> 0x9E93
mem[X,0x00000000800015A6] -> 0x00AE
[1390] [M]: 0x00000000800015A4 (0x00AE9E93) slli t4, t4, 0xa
x29 <- 0x0800FFDF0004FC00

mem[X,0x00000000800015A8] -> 0x8E93
mem[X,0x00000000800015AA] -> 0x2FFE
[1391] [M]: 0x00000000800015A8 (0x2FFE8E93) addi t4, t4, 0x2ff
x29 <- 0x0800FFDF0004FEFF

mem[X,0x00000000800015AC] -> 0x1FBB
mem[X,0x00000000800015AE] -> 0xB1DF
[1392] [M]: 0x00000000800015AC (0xB1DF1FBB) pmulu.h.beo t6, t5, t4
x31 <- 0x07D0FA0500001FC0

mem[X,0x00000000800015B0] -> 0x3423
mem[X,0x00000000800015B2] -> 0x1BF3
[1393] [M]: 0x00000000800015B0 (0x1BF33423) sd t6, 0x1a8(t1)
mem[0x0000000080004350] <- 0x07D0FA0500001FC0

mem[X,0x00000000800015B4] -> 0x0F37
mem[X,0x00000000800015B6] -> 0x0201
[1394] [M]: 0x00000000800015B4 (0x02010F37) lui t5, 0x2010
x30 <- 0x0000000002010000

mem[X,0x00000000800015B8] -> 0x0F13
mem[X,0x00000000800015BA] -> 0xFFDF
[1395] [M]: 0x00000000800015B8 (0xFFDF0F13) addi t5, t5, -0x3
x30 <- 0x000000000200FFFD

mem[X,0x00000000800015BC] -> 0x1F13
mem[X,0x00000000800015BE] -> 0x00BF
[1396] [M]: 0x00000000800015BC (0x00BF1F13) slli t5, t5, 0xb
x30 <- 0x0000001007FFE800

mem[X,0x00000000800015C0] -> 0x0F13
mem[X,0x00000000800015C2] -> 0x7FFF
[1397] [M]: 0x00000000800015C0 (0x7FFF0F13) addi t5, t5, 0x7ff
x30 <- 0x0000001007FFEFFF

mem[X,0x00000000800015C4] -> 0x1F13
mem[X,0x00000000800015C6] -> 0x00BF
[1398] [M]: 0x00000000800015C4 (0x00BF1F13) slli t5, t5, 0xb
x30 <- 0x0000803FFF7FF800

mem[X,0x00000000800015C8] -> 0x0F13
mem[X,0x00000000800015CA] -> 0x3E0F
[1399] [M]: 0x00000000800015C8 (0x3E0F0F13) addi t5, t5, 0x3e0
x30 <- 0x0000803FFF7FFBE0

clint::tick mtime <- 0x000000000000000E
 clint timer pending at mtime 0x000000000000000E
htif::tick 0x0000000000000000
mem[X,0x00000000800015CC] -> 0x1F13
mem[X,0x00000000800015CE] -> 0x00AF
[1400] [M]: 0x00000000800015CC (0x00AF1F13) slli t5, t5, 0xa
x30 <- 0x0200FFFDFFEF8000

mem[X,0x00000000800015D0] -> 0x0EB7
mem[X,0x00000000800015D2] -> 0x0001
[1401] [M]: 0x00000000800015D0 (0x00010EB7) lui t4, 0x10
x29 <- 0x0000000000010000

mem[X,0x00000000800015D4] -> 0x8E93
mem[X,0x00000000800015D6] -> 0xFDFE
[1402] [M]: 0x00000000800015D4 (0xFDFE8E93) addi t4, t4, -0x21
x29 <- 0x000000000000FFDF

mem[X,0x00000000800015D8] -> 0x9E93
mem[X,0x00000000800015DA] -> 0x00BE
[1403] [M]: 0x00000000800015D8 (0x00BE9E93) slli t4, t4, 0xb
x29 <- 0x0000000007FEF800

mem[X,0x00000000800015DC] -> 0x8E93
mem[X,0x00000000800015DE] -> 0x020E
[1404] [M]: 0x00000000800015DC (0x020E8E93) addi t4, t4, 0x20
x29 <- 0x0000000007FEF820

mem[X,0x00000000800015E0] -> 0x9E93
mem[X,0x00000000800015E2] -> 0x00BE
[1405] [M]: 0x00000000800015E0 (0x00BE9E93) slli t4, t4, 0xb
x29 <- 0x0000003FF7C10000

mem[X,0x00000000800015E4] -> 0x8E93
mem[X,0x00000000800015E6] -> 0x02AE
[1406] [M]: 0x00000000800015E4 (0x02AE8E93) addi t4, t4, 0x2a
x29 <- 0x0000003FF7C1002A

mem[X,0x00000000800015E8] -> 0x9E93
mem[X,0x00000000800015EA] -> 0x00AE
[1407] [M]: 0x00000000800015E8 (0x00AE9E93) slli t4, t4, 0xa
x29 <- 0x0000FFDF0400A800

mem[X,0x00000000800015EC] -> 0x8E93
mem[X,0x00000000800015EE] -> 0x2AAE
[1408] [M]: 0x00000000800015EC (0x2AAE8E93) addi t4, t4, 0x2aa
x29 <- 0x0000FFDF0400AAAA

mem[X,0x00000000800015F0] -> 0x1FBB
mem[X,0x00000000800015F2] -> 0xB1DF
[1409] [M]: 0x00000000800015F0 (0xB1DF1FBB) pmulu.h.beo t6, t5, t4
x31 <- 0x0000FC0303BC0000

mem[X,0x00000000800015F4] -> 0x3823
mem[X,0x00000000800015F6] -> 0x1BF3
[1410] [M]: 0x00000000800015F4 (0x1BF33823) sd t6, 0x1b0(t1)
mem[0x0000000080004358] <- 0x0000FC0303BC0000

mem[X,0x00000000800015F8] -> 0x0F37
mem[X,0x00000000800015FA] -> 0xFDFF
[1411] [M]: 0x00000000800015F8 (0xFDFF0F37) lui t5, -0x2010
x30 <- 0xFFFFFFFFFDFF0000

mem[X,0x00000000800015FC] -> 0x0F13
mem[X,0x00000000800015FE] -> 0x010F
[1412] [M]: 0x00000000800015FC (0x010F0F13) addi t5, t5, 0x10
x30 <- 0xFFFFFFFFFDFF0010

mem[X,0x0000000080001600] -> 0x1F13
mem[X,0x0000000080001602] -> 0x00BF
[1413] [M]: 0x0000000080001600 (0x00BF1F13) slli t5, t5, 0xb
x30 <- 0xFFFFFFEFF8008000

mem[X,0x0000000080001604] -> 0x0F13
mem[X,0x0000000080001606] -> 0x200F
[1414] [M]: 0x0000000080001604 (0x200F0F13) addi t5, t5, 0x200
x30 <- 0xFFFFFFEFF8008200

mem[X,0x0000000080001608] -> 0x1F13
mem[X,0x000000008000160A] -> 0x00BF
[1415] [M]: 0x0000000080001608 (0x00BF1F13) slli t5, t5, 0xb
x30 <- 0xFFFF7FC004100000

mem[X,0x000000008000160C] -> 0x0F13
mem[X,0x000000008000160E] -> 0x020F
[1416] [M]: 0x000000008000160C (0x020F0F13) addi t5, t5, 0x20
x30 <- 0xFFFF7FC004100020

mem[X,0x0000000080001610] -> 0x1F13
mem[X,0x0000000080001612] -> 0x00AF
[1417] [M]: 0x0000000080001610 (0x00AF1F13) slli t5, t5, 0xa
x30 <- 0xFDFF001040008000

mem[X,0x0000000080001614] -> 0xFEB7
mem[X,0x0000000080001616] -> 0xFDFF
[1418] [M]: 0x0000000080001614 (0xFDFFFEB7) lui t4, -0x2001
x29 <- 0xFFFFFFFFFDFFF000

mem[X,0x0000000080001618] -> 0x8E93
mem[X,0x000000008000161A] -> 0xFFFE
[1419] [M]: 0x0000000080001618 (0xFFFE8E93) addi t4, t4, -0x1
x29 <- 0xFFFFFFFFFDFFEFFF

mem[X,0x000000008000161C] -> 0x9E93
mem[X,0x000000008000161E] -> 0x00BE
[1420] [M]: 0x000000008000161C (0x00BE9E93) slli t4, t4, 0xb
x29 <- 0xFFFFFFEFFF7FF800

mem[X,0x0000000080001620] -> 0x8E93
mem[X,0x0000000080001622] -> 0x000E
[1421] [M]: 0x0000000080001620 (0x000E8E93) addi t4, t4, 0x0
x29 <- 0xFFFFFFEFFF7FF800

mem[X,0x0000000080001624] -> 0x9E93
mem[X,0x0000000080001626] -> 0x00BE
[1422] [M]: 0x0000000080001624 (0x00BE9E93) slli t4, t4, 0xb
x29 <- 0xFFFF7FFBFFC00000

mem[X,0x0000000080001628] -> 0x8E93
mem[X,0x000000008000162A] -> 0x000E
[1423] [M]: 0x0000000080001628 (0x000E8E93) addi t4, t4, 0x0
x29 <- 0xFFFF7FFBFFC00000

mem[X,0x000000008000162C] -> 0x9E93
mem[X,0x000000008000162E] -> 0x00AE
[1424] [M]: 0x000000008000162C (0x00AE9E93) slli t4, t4, 0xa
x29 <- 0xFDFFEFFF00000000

mem[X,0x0000000080001630] -> 0x8E93
mem[X,0x0000000080001632] -> 0x080E
[1425] [M]: 0x0000000080001630 (0x080E8E93) addi t4, t4, 0x80
x29 <- 0xFDFFEFFF00000080

mem[X,0x0000000080001634] -> 0x1FBB
mem[X,0x0000000080001636] -> 0xB1DF
[1426] [M]: 0x0000000080001634 (0xB1DF1FBB) pmulu.h.beo t6, t5, t4
x31 <- 0xFC030EF000000000

mem[X,0x0000000080001638] -> 0x3C23
mem[X,0x000000008000163A] -> 0x1BF3
[1427] [M]: 0x0000000080001638 (0x1BF33C23) sd t6, 0x1b8(t1)
mem[0x0000000080004360] <- 0xFC030EF000000000

mem[X,0x000000008000163C] -> 0xEF37
mem[X,0x000000008000163E] -> 0x1000
[1428] [M]: 0x000000008000163C (0x1000EF37) lui t5, 0x1000e
x30 <- 0x000000001000E000

mem[X,0x0000000080001640] -> 0x0F13
mem[X,0x0000000080001642] -> 0xFFFF
[1429] [M]: 0x0000000080001640 (0xFFFF0F13) addi t5, t5, -0x1
x30 <- 0x000000001000DFFF

mem[X,0x0000000080001644] -> 0x1F13
mem[X,0x0000000080001646] -> 0x00BF
[1430] [M]: 0x0000000080001644 (0x00BF1F13) slli t5, t5, 0xb
x30 <- 0x0000008006FFF800

mem[X,0x0000000080001648] -> 0x0F13
mem[X,0x000000008000164A] -> 0x100F
[1431] [M]: 0x0000000080001648 (0x100F0F13) addi t5, t5, 0x100
x30 <- 0x0000008006FFF900

mem[X,0x000000008000164C] -> 0x1F13
mem[X,0x000000008000164E] -> 0x00BF
[1432] [M]: 0x000000008000164C (0x00BF1F13) slli t5, t5, 0xb
x30 <- 0x00040037FFC80000

mem[X,0x0000000080001650] -> 0x0F13
mem[X,0x0000000080001652] -> 0x03FF
[1433] [M]: 0x0000000080001650 (0x03FF0F13) addi t5, t5, 0x3f
x30 <- 0x00040037FFC8003F

mem[X,0x0000000080001654] -> 0x1F13
mem[X,0x0000000080001656] -> 0x00AF
[1434] [M]: 0x0000000080001654 (0x00AF1F13) slli t5, t5, 0xa
x30 <- 0x1000DFFF2000FC00

mem[X,0x0000000080001658] -> 0x0F13
mem[X,0x000000008000165A] -> 0x3BFF
[1435] [M]: 0x0000000080001658 (0x3BFF0F13) addi t5, t5, 0x3bf
x30 <- 0x1000DFFF2000FFBF

mem[X,0x000000008000165C] -> 0x0EB7
mem[X,0x000000008000165E] -> 0xFFE0
[1436] [M]: 0x000000008000165C (0xFFE00EB7) lui t4, -0x200
x29 <- 0xFFFFFFFFFFE00000

mem[X,0x0000000080001660] -> 0x8E93
mem[X,0x0000000080001662] -> 0xFDFE
[1437] [M]: 0x0000000080001660 (0xFDFE8E93) addi t4, t4, -0x21
x29 <- 0xFFFFFFFFFFDFFFDF

mem[X,0x0000000080001664] -> 0x9E93
mem[X,0x0000000080001666] -> 0x00BE
[1438] [M]: 0x0000000080001664 (0x00BE9E93) slli t4, t4, 0xb
x29 <- 0xFFFFFFFEFFFEF800

mem[X,0x0000000080001668] -> 0x8E93
mem[X,0x000000008000166A] -> 0x008E
[1439] [M]: 0x0000000080001668 (0x008E8E93) addi t4, t4, 0x8
x29 <- 0xFFFFFFFEFFFEF808

mem[X,0x000000008000166C] -> 0x9E93
mem[X,0x000000008000166E] -> 0x00BE
[1440] [M]: 0x000000008000166C (0x00BE9E93) slli t4, t4, 0xb
x29 <- 0xFFFFF7FFF7C04000

mem[X,0x0000000080001670] -> 0x8E93
mem[X,0x0000000080001672] -> 0x03FE
[1441] [M]: 0x0000000080001670 (0x03FE8E93) addi t4, t4, 0x3f
x29 <- 0xFFFFF7FFF7C0403F

mem[X,0x0000000080001674] -> 0x9E93
mem[X,0x0000000080001676] -> 0x00AE
[1442] [M]: 0x0000000080001674 (0x00AE9E93) slli t4, t4, 0xa
x29 <- 0xFFDFFFDF0100FC00

mem[X,0x0000000080001678] -> 0x8E93
mem[X,0x000000008000167A] -> 0x3DFE
[1443] [M]: 0x0000000080001678 (0x3DFE8E93) addi t4, t4, 0x3df
x29 <- 0xFFDFFFDF0100FFDF

mem[X,0x000000008000167C] -> 0x1FBB
mem[X,0x000000008000167E] -> 0xB1DF
[1444] [M]: 0x000000008000167C (0xB1DF1FBB) pmulu.h.beo t6, t5, t4
x31 <- 0x0000FE010000BE41

mem[X,0x0000000080001680] -> 0x3023
mem[X,0x0000000080001682] -> 0x1DF3
[1445] [M]: 0x0000000080001680 (0x1DF33023) sd t6, 0x1c0(t1)
mem[0x0000000080004368] <- 0x0000FE010000BE41

mem[X,0x0000000080001684] -> 0x0F37
mem[X,0x0000000080001686] -> 0x0005
[1446] [M]: 0x0000000080001684 (0x00050F37) lui t5, 0x50
x30 <- 0x0000000000050000

mem[X,0x0000000080001688] -> 0x0F13
mem[X,0x000000008000168A] -> 0x007F
[1447] [M]: 0x0000000080001688 (0x007F0F13) addi t5, t5, 0x7
x30 <- 0x0000000000050007

mem[X,0x000000008000168C] -> 0x1F13
mem[X,0x000000008000168E] -> 0x00BF
[1448] [M]: 0x000000008000168C (0x00BF1F13) slli t5, t5, 0xb
x30 <- 0x0000000028003800

mem[X,0x0000000080001690] -> 0x0F13
mem[X,0x0000000080001692] -> 0x7BFF
[1449] [M]: 0x0000000080001690 (0x7BFF0F13) addi t5, t5, 0x7bf
x30 <- 0x0000000028003FBF

mem[X,0x0000000080001694] -> 0x1F13
mem[X,0x0000000080001696] -> 0x00BF
[1450] [M]: 0x0000000080001694 (0x00BF1F13) slli t5, t5, 0xb
x30 <- 0x0000014001FDF800

mem[X,0x0000000080001698] -> 0x0F13
mem[X,0x000000008000169A] -> 0x7C0F
[1451] [M]: 0x0000000080001698 (0x7C0F0F13) addi t5, t5, 0x7c0
x30 <- 0x0000014001FDFFC0

mem[X,0x000000008000169C] -> 0x1F13
mem[X,0x000000008000169E] -> 0x00AF
[1452] [M]: 0x000000008000169C (0x00AF1F13) slli t5, t5, 0xa
x30 <- 0x00050007F7FF0000

mem[X,0x00000000800016A0] -> 0x0EB7
mem[X,0x00000000800016A2] -> 0x7FFF
[1453] [M]: 0x00000000800016A0 (0x7FFF0EB7) lui t4, 0x7fff0
x29 <- 0x000000007FFF0000

mem[X,0x00000000800016A4] -> 0x8E93
mem[X,0x00000000800016A6] -> 0x001E
[1454] [M]: 0x00000000800016A4 (0x001E8E93) addi t4, t4, 0x1
x29 <- 0x000000007FFF0001

mem[X,0x00000000800016A8] -> 0x9E93
mem[X,0x00000000800016AA] -> 0x00BE
[1455] [M]: 0x00000000800016A8 (0x00BE9E93) slli t4, t4, 0xb
x29 <- 0x000003FFF8000800

mem[X,0x00000000800016AC] -> 0x8E93
mem[X,0x00000000800016AE] -> 0x7FFE
[1456] [M]: 0x00000000800016AC (0x7FFE8E93) addi t4, t4, 0x7ff
x29 <- 0x000003FFF8000FFF

mem[X,0x00000000800016B0] -> 0x9E93
mem[X,0x00000000800016B2] -> 0x00BE
[1457] [M]: 0x00000000800016B0 (0x00BE9E93) slli t4, t4, 0xb
x29 <- 0x001FFFC0007FF800

mem[X,0x00000000800016B4] -> 0x8E93
mem[X,0x00000000800016B6] -> 0x6C0E
[1458] [M]: 0x00000000800016B4 (0x6C0E8E93) addi t4, t4, 0x6c0
x29 <- 0x001FFFC0007FFEC0

mem[X,0x00000000800016B8] -> 0x9E93
mem[X,0x00000000800016BA] -> 0x00AE
[1459] [M]: 0x00000000800016B8 (0x00AE9E93) slli t4, t4, 0xa
x29 <- 0x7FFF0001FFFB0000

mem[X,0x00000000800016BC] -> 0x8E93
mem[X,0x00000000800016BE] -> 0x002E
[1460] [M]: 0x00000000800016BC (0x002E8E93) addi t4, t4, 0x2
x29 <- 0x7FFF0001FFFB0002

mem[X,0x00000000800016C0] -> 0x1FBB
mem[X,0x00000000800016C2] -> 0xB1DF
[1461] [M]: 0x00000000800016C0 (0xB1DF1FBB) pmulu.h.beo t6, t5, t4
x31 <- 0x027B0000FE010000

mem[X,0x00000000800016C4] -> 0x3423
mem[X,0x00000000800016C6] -> 0x1DF3
[1462] [M]: 0x00000000800016C4 (0x1DF33423) sd t6, 0x1c8(t1)
mem[0x0000000080004370] <- 0x027B0000FE010000

mem[X,0x00000000800016C8] -> 0x0F37
mem[X,0x00000000800016CA] -> 0xFE00
[1463] [M]: 0x00000000800016C8 (0xFE000F37) lui t5, -0x2000
x30 <- 0xFFFFFFFFFE000000

mem[X,0x00000000800016CC] -> 0x0F13
mem[X,0x00000000800016CE] -> 0xFFBF
[1464] [M]: 0x00000000800016CC (0xFFBF0F13) addi t5, t5, -0x5
x30 <- 0xFFFFFFFFFDFFFFFB

mem[X,0x00000000800016D0] -> 0x1F13
mem[X,0x00000000800016D2] -> 0x00BF
[1465] [M]: 0x00000000800016D0 (0x00BF1F13) slli t5, t5, 0xb
x30 <- 0xFFFFFFEFFFFFD800

mem[X,0x00000000800016D4] -> 0x0F13
mem[X,0x00000000800016D6] -> 0x77FF
[1466] [M]: 0x00000000800016D4 (0x77FF0F13) addi t5, t5, 0x77f
x30 <- 0xFFFFFFEFFFFFDF7F

mem[X,0x00000000800016D8] -> 0x1F13
mem[X,0x00000000800016DA] -> 0x00BF
[1467] [M]: 0x00000000800016D8 (0x00BF1F13) slli t5, t5, 0xb
x30 <- 0xFFFF7FFFFEFBF800

mem[X,0x00000000800016DC] -> 0x0F13
mem[X,0x00000000800016DE] -> 0x7C0F
[1468] [M]: 0x00000000800016DC (0x7C0F0F13) addi t5, t5, 0x7c0
x30 <- 0xFFFF7FFFFEFBFFC0

mem[X,0x00000000800016E0] -> 0x1F13
mem[X,0x00000000800016E2] -> 0x00AF
[1469] [M]: 0x00000000800016E0 (0x00AF1F13) slli t5, t5, 0xa
x30 <- 0xFDFFFFFBEFFF0000

mem[X,0x00000000800016E4] -> 0x0F13
mem[X,0x00000000800016E6] -> 0x040F
[1470] [M]: 0x00000000800016E4 (0x040F0F13) addi t5, t5, 0x40
x30 <- 0xFDFFFFFBEFFF0040

mem[X,0x00000000800016E8] -> 0x0EB7
mem[X,0x00000000800016EA] -> 0xFFFF
[1471] [M]: 0x00000000800016E8 (0xFFFF0EB7) lui t4, -0x10
x29 <- 0xFFFFFFFFFFFF0000

mem[X,0x00000000800016EC] -> 0x8E93
mem[X,0x00000000800016EE] -> 0x002E
[1472] [M]: 0x00000000800016EC (0x002E8E93) addi t4, t4, 0x2
x29 <- 0xFFFFFFFFFFFF0002

mem[X,0x00000000800016F0] -> 0x9E93
mem[X,0x00000000800016F2] -> 0x00BE
[1473] [M]: 0x00000000800016F0 (0x00BE9E93) slli t4, t4, 0xb
x29 <- 0xFFFFFFFFF8001000

mem[X,0x00000000800016F4] -> 0x8E93
mem[X,0x00000000800016F6] -> 0x1FFE
[1474] [M]: 0x00000000800016F4 (0x1FFE8E93) addi t4, t4, 0x1ff
x29 <- 0xFFFFFFFFF80011FF

mem[X,0x00000000800016F8] -> 0x9E93
mem[X,0x00000000800016FA] -> 0x00BE
[1475] [M]: 0x00000000800016F8 (0x00BE9E93) slli t4, t4, 0xb
x29 <- 0xFFFFFFC0008FF800

mem[X,0x00000000800016FC] -> 0x8E93
mem[X,0x00000000800016FE] -> 0x7C0E
[1476] [M]: 0x00000000800016FC (0x7C0E8E93) addi t4, t4, 0x7c0
x29 <- 0xFFFFFFC0008FFFC0

mem[X,0x0000000080001700] -> 0x9E93
mem[X,0x0000000080001702] -> 0x00AE
[1477] [M]: 0x0000000080001700 (0x00AE9E93) slli t4, t4, 0xa
x29 <- 0xFFFF00023FFF0000

mem[X,0x0000000080001704] -> 0x8E93
mem[X,0x0000000080001706] -> 0x004E
[1478] [M]: 0x0000000080001704 (0x004E8E93) addi t4, t4, 0x4
x29 <- 0xFFFF00023FFF0004

mem[X,0x0000000080001708] -> 0x1FBB
mem[X,0x000000008000170A] -> 0xB1DF
[1479] [M]: 0x0000000080001708 (0xB1DF1FBB) pmulu.h.beo t6, t5, t4
x31 <- 0xFE0100003EC10000

mem[X,0x000000008000170C] -> 0x3823
mem[X,0x000000008000170E] -> 0x1DF3
[1480] [M]: 0x000000008000170C (0x1DF33823) sd t6, 0x1d0(t1)
mem[0x0000000080004378] <- 0xFE0100003EC10000

mem[X,0x0000000080001710] -> 0x0F37
mem[X,0x0000000080001712] -> 0x8000
[1481] [M]: 0x0000000080001710 (0x80000F37) lui t5, -0x80000
x30 <- 0xFFFFFFFF80000000

mem[X,0x0000000080001714] -> 0x0F13
mem[X,0x0000000080001716] -> 0x007F
[1482] [M]: 0x0000000080001714 (0x007F0F13) addi t5, t5, 0x7
x30 <- 0xFFFFFFFF80000007

mem[X,0x0000000080001718] -> 0x1F13
mem[X,0x000000008000171A] -> 0x00BF
[1483] [M]: 0x0000000080001718 (0x00BF1F13) slli t5, t5, 0xb
x30 <- 0xFFFFFC0000003800

mem[X,0x000000008000171C] -> 0x0F13
mem[X,0x000000008000171E] -> 0x3FFF
[1484] [M]: 0x000000008000171C (0x3FFF0F13) addi t5, t5, 0x3ff
x30 <- 0xFFFFFC0000003BFF

mem[X,0x0000000080001720] -> 0x1F13
mem[X,0x0000000080001722] -> 0x00BF
[1485] [M]: 0x0000000080001720 (0x00BF1F13) slli t5, t5, 0xb
x30 <- 0xFFE0000001DFF800

mem[X,0x0000000080001724] -> 0x0F13
mem[X,0x0000000080001726] -> 0x7C4F
[1486] [M]: 0x0000000080001724 (0x7C4F0F13) addi t5, t5, 0x7c4
x30 <- 0xFFE0000001DFFFC4

mem[X,0x0000000080001728] -> 0x1F13
mem[X,0x000000008000172A] -> 0x00AF
[1487] [M]: 0x0000000080001728 (0x00AF1F13) slli t5, t5, 0xa
x30 <- 0x800000077FFF1000

mem[X,0x000000008000172C] -> 0x1EB7
mem[X,0x000000008000172E] -> 0xFFFD
[1488] [M]: 0x000000008000172C (0xFFFD1EB7) lui t4, -0x2f
x29 <- 0xFFFFFFFFFFFD1000

mem[X,0x0000000080001730] -> 0x8E93
mem[X,0x0000000080001732] -> 0x800E
[1489] [M]: 0x0000000080001730 (0x800E8E93) addi t4, t4, -0x800
x29 <- 0xFFFFFFFFFFFD0800

mem[X,0x0000000080001734] -> 0x9E93
mem[X,0x0000000080001736] -> 0x00BE
[1490] [M]: 0x0000000080001734 (0x00BE9E93) slli t4, t4, 0xb
x29 <- 0xFFFFFFFFE8400000

mem[X,0x0000000080001738] -> 0x8E93
mem[X,0x000000008000173A] -> 0x200E
[1491] [M]: 0x0000000080001738 (0x200E8E93) addi t4, t4, 0x200
x29 <- 0xFFFFFFFFE8400200

mem[X,0x000000008000173C] -> 0x9E93
mem[X,0x000000008000173E] -> 0x00BE
[1492] [M]: 0x000000008000173C (0x00BE9E93) slli t4, t4, 0xb
x29 <- 0xFFFFFF4200100000

mem[X,0x0000000080001740] -> 0x8E93
mem[X,0x0000000080001742] -> 0x03FE
[1493] [M]: 0x0000000080001740 (0x03FE8E93) addi t4, t4, 0x3f
x29 <- 0xFFFFFF420010003F

mem[X,0x0000000080001744] -> 0x9E93
mem[X,0x0000000080001746] -> 0x00AE
[1494] [M]: 0x0000000080001744 (0x00AE9E93) slli t4, t4, 0xa
x29 <- 0xFFFD08004000FC00

mem[X,0x0000000080001748] -> 0x8E93
mem[X,0x000000008000174A] -> 0x3DFE
[1495] [M]: 0x0000000080001748 (0x3DFE8E93) addi t4, t4, 0x3df
x29 <- 0xFFFD08004000FFDF

mem[X,0x000000008000174C] -> 0x1FBB
mem[X,0x000000008000174E] -> 0xB1DF
[1496] [M]: 0x000000008000174C (0xB1DF1FBB) pmulu.h.beo t6, t5, t4
x31 <- 0x000000383FC00000

mem[X,0x0000000080001750] -> 0x3C23
mem[X,0x0000000080001752] -> 0x1DF3
[1497] [M]: 0x0000000080001750 (0x1DF33C23) sd t6, 0x1d8(t1)
mem[0x0000000080004380] <- 0x000000383FC00000

mem[X,0x0000000080001754] -> 0x0F37
mem[X,0x0000000080001756] -> 0xFFFB
[1498] [M]: 0x0000000080001754 (0xFFFB0F37) lui t5, -0x50
x30 <- 0xFFFFFFFFFFFB0000

mem[X,0x0000000080001758] -> 0x0F13
mem[X,0x000000008000175A] -> 0x007F
[1499] [M]: 0x0000000080001758 (0x007F0F13) addi t5, t5, 0x7
x30 <- 0xFFFFFFFFFFFB0007

clint::tick mtime <- 0x000000000000000F
 clint timer pending at mtime 0x000000000000000F
htif::tick 0x0000000000000000
mem[X,0x000000008000175C] -> 0x1F13
mem[X,0x000000008000175E] -> 0x00BF
[1500] [M]: 0x000000008000175C (0x00BF1F13) slli t5, t5, 0xb
x30 <- 0xFFFFFFFFD8003800

mem[X,0x0000000080001760] -> 0x0F13
mem[X,0x0000000080001762] -> 0x555F
[1501] [M]: 0x0000000080001760 (0x555F0F13) addi t5, t5, 0x555
x30 <- 0xFFFFFFFFD8003D55

mem[X,0x0000000080001764] -> 0x1F13
mem[X,0x0000000080001766] -> 0x00BF
[1502] [M]: 0x0000000080001764 (0x00BF1F13) slli t5, t5, 0xb
x30 <- 0xFFFFFEC001EAA800

mem[X,0x0000000080001768] -> 0x0F13
mem[X,0x000000008000176A] -> 0x2B7F
[1503] [M]: 0x0000000080001768 (0x2B7F0F13) addi t5, t5, 0x2b7
x30 <- 0xFFFFFEC001EAAAB7

mem[X,0x000000008000176C] -> 0x1F13
mem[X,0x000000008000176E] -> 0x00AF
[1504] [M]: 0x000000008000176C (0x00AF1F13) slli t5, t5, 0xa
x30 <- 0xFFFB0007AAAADC00

mem[X,0x0000000080001770] -> 0x0F13
mem[X,0x0000000080001772] -> 0x3FFF
[1505] [M]: 0x0000000080001770 (0x3FFF0F13) addi t5, t5, 0x3ff
x30 <- 0xFFFB0007AAAADFFF

mem[X,0x0000000080001774] -> 0x0EB7
mem[X,0x0000000080001776] -> 0x5555
[1506] [M]: 0x0000000080001774 (0x55550EB7) lui t4, 0x55550
x29 <- 0x0000000055550000

mem[X,0x0000000080001778] -> 0x8E93
mem[X,0x000000008000177A] -> 0x002E
[1507] [M]: 0x0000000080001778 (0x002E8E93) addi t4, t4, 0x2
x29 <- 0x0000000055550002

mem[X,0x000000008000177C] -> 0x9E93
mem[X,0x000000008000177E] -> 0x00BE
[1508] [M]: 0x000000008000177C (0x00BE9E93) slli t4, t4, 0xb
x29 <- 0x000002AAA8001000

mem[X,0x0000000080001780] -> 0x8E93
mem[X,0x0000000080001782] -> 0x7DFE
[1509] [M]: 0x0000000080001780 (0x7DFE8E93) addi t4, t4, 0x7df
x29 <- 0x000002AAA80017DF

mem[X,0x0000000080001784] -> 0x9E93
mem[X,0x0000000080001786] -> 0x00BE
[1510] [M]: 0x0000000080001784 (0x00BE9E93) slli t4, t4, 0xb
x29 <- 0x0015554000BEF800

mem[X,0x0000000080001788] -> 0x8E93
mem[X,0x000000008000178A] -> 0x7C0E
[1511] [M]: 0x0000000080001788 (0x7C0E8E93) addi t4, t4, 0x7c0
x29 <- 0x0015554000BEFFC0

mem[X,0x000000008000178C] -> 0x9E93
mem[X,0x000000008000178E] -> 0x00AE
[1512] [M]: 0x000000008000178C (0x00AE9E93) slli t4, t4, 0xa
x29 <- 0x55550002FBFF0000

mem[X,0x0000000080001790] -> 0x8E93
mem[X,0x0000000080001792] -> 0x010E
[1513] [M]: 0x0000000080001790 (0x010E8E93) addi t4, t4, 0x10
x29 <- 0x55550002FBFF0010

mem[X,0x0000000080001794] -> 0x1FBB
mem[X,0x0000000080001796] -> 0xB1DF
[1514] [M]: 0x0000000080001794 (0xB1DF1FBB) pmulu.h.beo t6, t5, t4
x31 <- 0x53570000A6AE0000

mem[X,0x0000000080001798] -> 0x3023
mem[X,0x000000008000179A] -> 0x1FF3
[1515] [M]: 0x0000000080001798 (0x1FF33023) sd t6, 0x1e0(t1)
mem[0x0000000080004388] <- 0x53570000A6AE0000

mem[X,0x000000008000179C] -> 0x8F37
mem[X,0x000000008000179E] -> 0xFFFB
[1516] [M]: 0x000000008000179C (0xFFFB8F37) lui t5, -0x48
x30 <- 0xFFFFFFFFFFFB8000

mem[X,0x00000000800017A0] -> 0x0F13
mem[X,0x00000000800017A2] -> 0x000F
[1517] [M]: 0x00000000800017A0 (0x000F0F13) addi t5, t5, 0x0
x30 <- 0xFFFFFFFFFFFB8000

mem[X,0x00000000800017A4] -> 0x1F13
mem[X,0x00000000800017A6] -> 0x00BF
[1518] [M]: 0x00000000800017A4 (0x00BF1F13) slli t5, t5, 0xb
x30 <- 0xFFFFFFFFDC000000

mem[X,0x00000000800017A8] -> 0x0F13
mem[X,0x00000000800017AA] -> 0x080F
[1519] [M]: 0x00000000800017A8 (0x080F0F13) addi t5, t5, 0x80
x30 <- 0xFFFFFFFFDC000080

mem[X,0x00000000800017AC] -> 0x1F13
mem[X,0x00000000800017AE] -> 0x00BF
[1520] [M]: 0x00000000800017AC (0x00BF1F13) slli t5, t5, 0xb
x30 <- 0xFFFFFEE000040000

mem[X,0x00000000800017B0] -> 0x0F13
mem[X,0x00000000800017B2] -> 0x000F
[1521] [M]: 0x00000000800017B0 (0x000F0F13) addi t5, t5, 0x0
x30 <- 0xFFFFFEE000040000

mem[X,0x00000000800017B4] -> 0x1F13
mem[X,0x00000000800017B6] -> 0x00AF
[1522] [M]: 0x00000000800017B4 (0x00AF1F13) slli t5, t5, 0xa
x30 <- 0xFFFB800010000000

mem[X,0x00000000800017B8] -> 0x0F13
mem[X,0x00000000800017BA] -> 0x004F
[1523] [M]: 0x00000000800017B8 (0x004F0F13) addi t5, t5, 0x4
x30 <- 0xFFFB800010000004

mem[X,0x00000000800017BC] -> 0x0EB7
mem[X,0x00000000800017BE] -> 0x3FFF
[1524] [M]: 0x00000000800017BC (0x3FFF0EB7) lui t4, 0x3fff0
x29 <- 0x000000003FFF0000

mem[X,0x00000000800017C0] -> 0x8E93
mem[X,0x00000000800017C2] -> 0x007E
[1525] [M]: 0x00000000800017C0 (0x007E8E93) addi t4, t4, 0x7
x29 <- 0x000000003FFF0007

mem[X,0x00000000800017C4] -> 0x9E93
mem[X,0x00000000800017C6] -> 0x00BE
[1526] [M]: 0x00000000800017C4 (0x00BE9E93) slli t4, t4, 0xb
x29 <- 0x000001FFF8003800

mem[X,0x00000000800017C8] -> 0x8E93
mem[X,0x00000000800017CA] -> 0x010E
[1527] [M]: 0x00000000800017C8 (0x010E8E93) addi t4, t4, 0x10
x29 <- 0x000001FFF8003810

mem[X,0x00000000800017CC] -> 0x9E93
mem[X,0x00000000800017CE] -> 0x00BE
[1528] [M]: 0x00000000800017CC (0x00BE9E93) slli t4, t4, 0xb
x29 <- 0x000FFFC001C08000

mem[X,0x00000000800017D0] -> 0x8E93
mem[X,0x00000000800017D2] -> 0x01FE
[1529] [M]: 0x00000000800017D0 (0x01FE8E93) addi t4, t4, 0x1f
x29 <- 0x000FFFC001C0801F

mem[X,0x00000000800017D4] -> 0x9E93
mem[X,0x00000000800017D6] -> 0x00AE
[1530] [M]: 0x00000000800017D4 (0x00AE9E93) slli t4, t4, 0xa
x29 <- 0x3FFF000702007C00

mem[X,0x00000000800017D8] -> 0x8E93
mem[X,0x00000000800017DA] -> 0x3FFE
[1531] [M]: 0x00000000800017D8 (0x3FFE8E93) addi t4, t4, 0x3ff
x29 <- 0x3FFF000702007FFF

mem[X,0x00000000800017DC] -> 0x1FBB
mem[X,0x00000000800017DE] -> 0xB1DF
[1532] [M]: 0x00000000800017DC (0xB1DF1FBB) pmulu.h.beo t6, t5, t4
x31 <- 0x3DC50000000001FC

mem[X,0x00000000800017E0] -> 0x3423
mem[X,0x00000000800017E2] -> 0x1FF3
[1533] [M]: 0x00000000800017E0 (0x1FF33423) sd t6, 0x1e8(t1)
mem[0x0000000080004390] <- 0x3DC50000000001FC

mem[X,0x00000000800017E4] -> 0x2F37
mem[X,0x00000000800017E6] -> 0x0007
[1534] [M]: 0x00000000800017E4 (0x00072F37) lui t5, 0x72
x30 <- 0x0000000000072000

mem[X,0x00000000800017E8] -> 0x0F13
mem[X,0x00000000800017EA] -> 0x000F
[1535] [M]: 0x00000000800017E8 (0x000F0F13) addi t5, t5, 0x0
x30 <- 0x0000000000072000

mem[X,0x00000000800017EC] -> 0x1F13
mem[X,0x00000000800017EE] -> 0x00BF
[1536] [M]: 0x00000000800017EC (0x00BF1F13) slli t5, t5, 0xb
x30 <- 0x0000000039000000

mem[X,0x00000000800017F0] -> 0x0F13
mem[X,0x00000000800017F2] -> 0x200F
[1537] [M]: 0x00000000800017F0 (0x200F0F13) addi t5, t5, 0x200
x30 <- 0x0000000039000200

mem[X,0x00000000800017F4] -> 0x1F13
mem[X,0x00000000800017F6] -> 0x00BF
[1538] [M]: 0x00000000800017F4 (0x00BF1F13) slli t5, t5, 0xb
x30 <- 0x000001C800100000

mem[X,0x00000000800017F8] -> 0x0F13
mem[X,0x00000000800017FA] -> 0x037F
[1539] [M]: 0x00000000800017F8 (0x037F0F13) addi t5, t5, 0x37
x30 <- 0x000001C800100037

mem[X,0x00000000800017FC] -> 0x1F13
mem[X,0x00000000800017FE] -> 0x00AF
[1540] [M]: 0x00000000800017FC (0x00AF1F13) slli t5, t5, 0xa
x30 <- 0x000720004000DC00

mem[X,0x0000000080001800] -> 0x0F13
mem[X,0x0000000080001802] -> 0x3FFF
[1541] [M]: 0x0000000080001800 (0x3FFF0F13) addi t5, t5, 0x3ff
x30 <- 0x000720004000DFFF

mem[X,0x0000000080001804] -> 0x0EB7
mem[X,0x0000000080001806] -> 0x0006
[1542] [M]: 0x0000000080001804 (0x00060EB7) lui t4, 0x60
x29 <- 0x0000000000060000

mem[X,0x0000000080001808] -> 0x8E93
mem[X,0x000000008000180A] -> 0xBFFE
[1543] [M]: 0x0000000080001808 (0xBFFE8E93) addi t4, t4, -0x401
x29 <- 0x000000000005FBFF

mem[X,0x000000008000180C] -> 0x9E93
mem[X,0x000000008000180E] -> 0x00BE
[1544] [M]: 0x000000008000180C (0x00BE9E93) slli t4, t4, 0xb
x29 <- 0x000000002FDFF800

mem[X,0x0000000080001810] -> 0x8E93
mem[X,0x0000000080001812] -> 0x7FFE
[1545] [M]: 0x0000000080001810 (0x7FFE8E93) addi t4, t4, 0x7ff
x29 <- 0x000000002FDFFFFF

mem[X,0x0000000080001814] -> 0x9E93
mem[X,0x0000000080001816] -> 0x00BE
[1546] [M]: 0x0000000080001814 (0x00BE9E93) slli t4, t4, 0xb
x29 <- 0x0000017EFFFFF800

mem[X,0x0000000080001818] -> 0x8E93
mem[X,0x000000008000181A] -> 0x77FE
[1547] [M]: 0x0000000080001818 (0x77FE8E93) addi t4, t4, 0x77f
x29 <- 0x0000017EFFFFFF7F

mem[X,0x000000008000181C] -> 0x9E93
mem[X,0x000000008000181E] -> 0x00AE
[1548] [M]: 0x000000008000181C (0x00AE9E93) slli t4, t4, 0xa
x29 <- 0x0005FBFFFFFDFC00

mem[X,0x0000000080001820] -> 0x8E93
mem[X,0x0000000080001822] -> 0x3F7E
[1549] [M]: 0x0000000080001820 (0x3F7E8E93) addi t4, t4, 0x3f7
x29 <- 0x0005FBFFFFFDFFF7

mem[X,0x0000000080001824] -> 0x1FBB
mem[X,0x0000000080001826] -> 0xB1DF
[1550] [M]: 0x0000000080001824 (0xB1DF1FBB) pmulu.h.beo t6, t5, t4
x31 <- 0x000000000000FE01

mem[X,0x0000000080001828] -> 0x3823
mem[X,0x000000008000182A] -> 0x1FF3
[1551] [M]: 0x0000000080001828 (0x1FF33823) sd t6, 0x1f0(t1)
mem[0x0000000080004398] <- 0x000000000000FE01

mem[X,0x000000008000182C] -> 0x0F37
mem[X,0x000000008000182E] -> 0x0003
[1552] [M]: 0x000000008000182C (0x00030F37) lui t5, 0x30
x30 <- 0x0000000000030000

mem[X,0x0000000080001830] -> 0x0F13
mem[X,0x0000000080001832] -> 0x000F
[1553] [M]: 0x0000000080001830 (0x000F0F13) addi t5, t5, 0x0
x30 <- 0x0000000000030000

mem[X,0x0000000080001834] -> 0x1F13
mem[X,0x0000000080001836] -> 0x00BF
[1554] [M]: 0x0000000080001834 (0x00BF1F13) slli t5, t5, 0xb
x30 <- 0x0000000018000000

mem[X,0x0000000080001838] -> 0x0F13
mem[X,0x000000008000183A] -> 0x7BFF
[1555] [M]: 0x0000000080001838 (0x7BFF0F13) addi t5, t5, 0x7bf
x30 <- 0x00000000180007BF

mem[X,0x000000008000183C] -> 0x1F13
mem[X,0x000000008000183E] -> 0x00BF
[1556] [M]: 0x000000008000183C (0x00BF1F13) slli t5, t5, 0xb
x30 <- 0x000000C0003DF800

mem[X,0x0000000080001840] -> 0x0F13
mem[X,0x0000000080001842] -> 0x7FFF
[1557] [M]: 0x0000000080001840 (0x7FFF0F13) addi t5, t5, 0x7ff
x30 <- 0x000000C0003DFFFF

mem[X,0x0000000080001844] -> 0x1F13
mem[X,0x0000000080001846] -> 0x00AF
[1558] [M]: 0x0000000080001844 (0x00AF1F13) slli t5, t5, 0xa
x30 <- 0x00030000F7FFFC00

mem[X,0x0000000080001848] -> 0x0F13
mem[X,0x000000008000184A] -> 0x3FDF
[1559] [M]: 0x0000000080001848 (0x3FDF0F13) addi t5, t5, 0x3fd
x30 <- 0x00030000F7FFFFFD

mem[X,0x000000008000184C] -> 0x0EB7
mem[X,0x000000008000184E] -> 0x4000
[1560] [M]: 0x000000008000184C (0x40000EB7) lui t4, 0x40000
x29 <- 0x0000000040000000

mem[X,0x0000000080001850] -> 0x8E93
mem[X,0x0000000080001852] -> 0x100E
[1561] [M]: 0x0000000080001850 (0x100E8E93) addi t4, t4, 0x100
x29 <- 0x0000000040000100

mem[X,0x0000000080001854] -> 0x9E93
mem[X,0x0000000080001856] -> 0x00BE
[1562] [M]: 0x0000000080001854 (0x00BE9E93) slli t4, t4, 0xb
x29 <- 0x0000020000080000

mem[X,0x0000000080001858] -> 0x8E93
mem[X,0x000000008000185A] -> 0x000E
[1563] [M]: 0x0000000080001858 (0x000E8E93) addi t4, t4, 0x0
x29 <- 0x0000020000080000

mem[X,0x000000008000185C] -> 0x9E93
mem[X,0x000000008000185E] -> 0x00BE
[1564] [M]: 0x000000008000185C (0x00BE9E93) slli t4, t4, 0xb
x29 <- 0x0010000040000000

mem[X,0x0000000080001860] -> 0x8E93
mem[X,0x0000000080001862] -> 0x400E
[1565] [M]: 0x0000000080001860 (0x400E8E93) addi t4, t4, 0x400
x29 <- 0x0010000040000400

mem[X,0x0000000080001864] -> 0x9E93
mem[X,0x0000000080001866] -> 0x00AE
[1566] [M]: 0x0000000080001864 (0x00AE9E93) slli t4, t4, 0xa
x29 <- 0x4000010000100000

mem[X,0x0000000080001868] -> 0x8E93
mem[X,0x000000008000186A] -> 0x020E
[1567] [M]: 0x0000000080001868 (0x020E8E93) addi t4, t4, 0x20
x29 <- 0x4000010000100020

mem[X,0x000000008000186C] -> 0x1FBB
mem[X,0x000000008000186E] -> 0xB1DF
[1568] [M]: 0x000000008000186C (0xB1DF1FBB) pmulu.h.beo t6, t5, t4
x31 <- 0x00C0000000000000

mem[X,0x0000000080001870] -> 0x3C23
mem[X,0x0000000080001872] -> 0x1FF3
[1569] [M]: 0x0000000080001870 (0x1FF33C23) sd t6, 0x1f8(t1)
mem[0x00000000800043A0] <- 0x00C0000000000000

mem[X,0x0000000080001874] -> 0x0F37
mem[X,0x0000000080001876] -> 0xFFDF
[1570] [M]: 0x0000000080001874 (0xFFDF0F37) lui t5, -0x210
x30 <- 0xFFFFFFFFFFDF0000

mem[X,0x0000000080001878] -> 0x0F13
mem[X,0x000000008000187A] -> 0x008F
[1571] [M]: 0x0000000080001878 (0x008F0F13) addi t5, t5, 0x8
x30 <- 0xFFFFFFFFFFDF0008

mem[X,0x000000008000187C] -> 0x1F13
mem[X,0x000000008000187E] -> 0x00BF
[1572] [M]: 0x000000008000187C (0x00BF1F13) slli t5, t5, 0xb
x30 <- 0xFFFFFFFEF8004000

mem[X,0x0000000080001880] -> 0x0F13
mem[X,0x0000000080001882] -> 0x7FFF
[1573] [M]: 0x0000000080001880 (0x7FFF0F13) addi t5, t5, 0x7ff
x30 <- 0xFFFFFFFEF80047FF

mem[X,0x0000000080001884] -> 0x1F13
mem[X,0x0000000080001886] -> 0x00BF
[1574] [M]: 0x0000000080001884 (0x00BF1F13) slli t5, t5, 0xb
x30 <- 0xFFFFF7C0023FF800

mem[X,0x0000000080001888] -> 0x0F13
mem[X,0x000000008000188A] -> 0x6BFF
[1575] [M]: 0x0000000080001888 (0x6BFF0F13) addi t5, t5, 0x6bf
x30 <- 0xFFFFF7C0023FFEBF

mem[X,0x000000008000188C] -> 0x1F13
mem[X,0x000000008000188E] -> 0x00AF
[1576] [M]: 0x000000008000188C (0x00AF1F13) slli t5, t5, 0xa
x30 <- 0xFFDF0008FFFAFC00

mem[X,0x0000000080001890] -> 0x0F13
mem[X,0x0000000080001892] -> 0x3F9F
[1577] [M]: 0x0000000080001890 (0x3F9F0F13) addi t5, t5, 0x3f9
x30 <- 0xFFDF0008FFFAFFF9

mem[X,0x0000000080001894] -> 0x8EB7
mem[X,0x0000000080001896] -> 0xFFF6
[1578] [M]: 0x0000000080001894 (0xFFF68EB7) lui t4, -0x98
x29 <- 0xFFFFFFFFFFF68000

mem[X,0x0000000080001898] -> 0x8E93
mem[X,0x000000008000189A] -> 0x000E
[1579] [M]: 0x0000000080001898 (0x000E8E93) addi t4, t4, 0x0
x29 <- 0xFFFFFFFFFFF68000

mem[X,0x000000008000189C] -> 0x9E93
mem[X,0x000000008000189E] -> 0x00BE
[1580] [M]: 0x000000008000189C (0x00BE9E93) slli t4, t4, 0xb
x29 <- 0xFFFFFFFFB4000000

mem[X,0x00000000800018A0] -> 0x8E93
mem[X,0x00000000800018A2] -> 0x000E
[1581] [M]: 0x00000000800018A0 (0x000E8E93) addi t4, t4, 0x0
x29 <- 0xFFFFFFFFB4000000

mem[X,0x00000000800018A4] -> 0x9E93
mem[X,0x00000000800018A6] -> 0x00BE
[1582] [M]: 0x00000000800018A4 (0x00BE9E93) slli t4, t4, 0xb
x29 <- 0xFFFFFDA000000000

mem[X,0x00000000800018A8] -> 0x8E93
mem[X,0x00000000800018AA] -> 0x240E
[1583] [M]: 0x00000000800018A8 (0x240E8E93) addi t4, t4, 0x240
x29 <- 0xFFFFFDA000000240

mem[X,0x00000000800018AC] -> 0x9E93
mem[X,0x00000000800018AE] -> 0x00AE
[1584] [M]: 0x00000000800018AC (0x00AE9E93) slli t4, t4, 0xa
x29 <- 0xFFF6800000090000

mem[X,0x00000000800018B0] -> 0x8E93
mem[X,0x00000000800018B2] -> 0x200E
[1585] [M]: 0x00000000800018B0 (0x200E8E93) addi t4, t4, 0x200
x29 <- 0xFFF6800000090200

mem[X,0x00000000800018B4] -> 0x1FBB
mem[X,0x00000000800018B6] -> 0xB1DF
[1586] [M]: 0x00000000800018B4 (0xB1DF1FBB) pmulu.h.beo t6, t5, t4
x31 <- 0xDE210400000001F2

mem[X,0x00000000800018B8] -> 0x3023
mem[X,0x00000000800018BA] -> 0x21F3
[1587] [M]: 0x00000000800018B8 (0x21F33023) sd t6, 0x200(t1)
mem[0x00000000800043A8] <- 0xDE210400000001F2

mem[X,0x00000000800018BC] -> 0x0F37
mem[X,0x00000000800018BE] -> 0x8000
[1588] [M]: 0x00000000800018BC (0x80000F37) lui t5, -0x80000
x30 <- 0xFFFFFFFF80000000

mem[X,0x00000000800018C0] -> 0x0F13
mem[X,0x00000000800018C2] -> 0x004F
[1589] [M]: 0x00000000800018C0 (0x004F0F13) addi t5, t5, 0x4
x30 <- 0xFFFFFFFF80000004

mem[X,0x00000000800018C4] -> 0x1F13
mem[X,0x00000000800018C6] -> 0x00BF
[1590] [M]: 0x00000000800018C4 (0x00BF1F13) slli t5, t5, 0xb
x30 <- 0xFFFFFC0000002000

mem[X,0x00000000800018C8] -> 0x0F13
mem[X,0x00000000800018CA] -> 0x400F
[1591] [M]: 0x00000000800018C8 (0x400F0F13) addi t5, t5, 0x400
x30 <- 0xFFFFFC0000002400

mem[X,0x00000000800018CC] -> 0x1F13
mem[X,0x00000000800018CE] -> 0x00BF
[1592] [M]: 0x00000000800018CC (0x00BF1F13) slli t5, t5, 0xb
x30 <- 0xFFE0000001200000

mem[X,0x00000000800018D0] -> 0x0F13
mem[X,0x00000000800018D2] -> 0x03FF
[1593] [M]: 0x00000000800018D0 (0x03FF0F13) addi t5, t5, 0x3f
x30 <- 0xFFE000000120003F

mem[X,0x00000000800018D4] -> 0x1F13
mem[X,0x00000000800018D6] -> 0x00AF
[1594] [M]: 0x00000000800018D4 (0x00AF1F13) slli t5, t5, 0xa
x30 <- 0x800000048000FC00

mem[X,0x00000000800018D8] -> 0x0F13
mem[X,0x00000000800018DA] -> 0x3F9F
[1595] [M]: 0x00000000800018D8 (0x3F9F0F13) addi t5, t5, 0x3f9
x30 <- 0x800000048000FFF9

mem[X,0x00000000800018DC] -> 0x4EB7
mem[X,0x00000000800018DE] -> 0x0010
[1596] [M]: 0x00000000800018DC (0x00104EB7) lui t4, 0x104
x29 <- 0x0000000000104000

mem[X,0x00000000800018E0] -> 0x8E93
mem[X,0x00000000800018E2] -> 0xFFFE
[1597] [M]: 0x00000000800018E0 (0xFFFE8E93) addi t4, t4, -0x1
x29 <- 0x0000000000103FFF

mem[X,0x00000000800018E4] -> 0x9E93
mem[X,0x00000000800018E6] -> 0x00BE
[1598] [M]: 0x00000000800018E4 (0x00BE9E93) slli t4, t4, 0xb
x29 <- 0x0000000081FFF800

mem[X,0x00000000800018E8] -> 0x8E93
mem[X,0x00000000800018EA] -> 0x7F7E
[1599] [M]: 0x00000000800018E8 (0x7F7E8E93) addi t4, t4, 0x7f7
x29 <- 0x0000000081FFFFF7

clint::tick mtime <- 0x0000000000000010
 clint timer pending at mtime 0x0000000000000010
htif::tick 0x0000000000000000
mem[X,0x00000000800018EC] -> 0x9E93
mem[X,0x00000000800018EE] -> 0x00BE
[1600] [M]: 0x00000000800018EC (0x00BE9E93) slli t4, t4, 0xb
x29 <- 0x0000040FFFFFB800

mem[X,0x00000000800018F0] -> 0x8E93
mem[X,0x00000000800018F2] -> 0x7FFE
[1601] [M]: 0x00000000800018F0 (0x7FFE8E93) addi t4, t4, 0x7ff
x29 <- 0x0000040FFFFFBFFF

mem[X,0x00000000800018F4] -> 0x9E93
mem[X,0x00000000800018F6] -> 0x00AE
[1602] [M]: 0x00000000800018F4 (0x00AE9E93) slli t4, t4, 0xa
x29 <- 0x00103FFFFEFFFC00

mem[X,0x00000000800018F8] -> 0x8E93
mem[X,0x00000000800018FA] -> 0x3FAE
[1603] [M]: 0x00000000800018F8 (0x3FAE8E93) addi t4, t4, 0x3fa
x29 <- 0x00103FFFFEFFFFFA

mem[X,0x00000000800018FC] -> 0x1FBB
mem[X,0x00000000800018FE] -> 0xB1DF
[1604] [M]: 0x00000000800018FC (0xB1DF1FBB) pmulu.h.beo t6, t5, t4
x31 <- 0x000000FC0000F807

mem[X,0x0000000080001900] -> 0x3423
mem[X,0x0000000080001902] -> 0x21F3
[1605] [M]: 0x0000000080001900 (0x21F33423) sd t6, 0x208(t1)
mem[0x00000000800043B0] <- 0x000000FC0000F807

mem[X,0x0000000080001904] -> 0x0F37
mem[X,0x0000000080001906] -> 0x0007
[1606] [M]: 0x0000000080001904 (0x00070F37) lui t5, 0x70
x30 <- 0x0000000000070000

mem[X,0x0000000080001908] -> 0x0F13
mem[X,0x000000008000190A] -> 0xFBFF
[1607] [M]: 0x0000000080001908 (0xFBFF0F13) addi t5, t5, -0x41
x30 <- 0x000000000006FFBF

mem[X,0x000000008000190C] -> 0x1F13
mem[X,0x000000008000190E] -> 0x00BF
[1608] [M]: 0x000000008000190C (0x00BF1F13) slli t5, t5, 0xb
x30 <- 0x0000000037FDF800

mem[X,0x0000000080001910] -> 0x0F13
mem[X,0x0000000080001912] -> 0x7FFF
[1609] [M]: 0x0000000080001910 (0x7FFF0F13) addi t5, t5, 0x7ff
x30 <- 0x0000000037FDFFFF

mem[X,0x0000000080001914] -> 0x1F13
mem[X,0x0000000080001916] -> 0x00BF
[1610] [M]: 0x0000000080001914 (0x00BF1F13) slli t5, t5, 0xb
x30 <- 0x000001BFEFFFF800

mem[X,0x0000000080001918] -> 0x0F13
mem[X,0x000000008000191A] -> 0x5BDF
[1611] [M]: 0x0000000080001918 (0x5BDF0F13) addi t5, t5, 0x5bd
x30 <- 0x000001BFEFFFFDBD

mem[X,0x000000008000191C] -> 0x1F13
mem[X,0x000000008000191E] -> 0x00AF
[1612] [M]: 0x000000008000191C (0x00AF1F13) slli t5, t5, 0xa
x30 <- 0x0006FFBFFFF6F400

mem[X,0x0000000080001920] -> 0x0F13
mem[X,0x0000000080001922] -> 0x3FFF
[1613] [M]: 0x0000000080001920 (0x3FFF0F13) addi t5, t5, 0x3ff
x30 <- 0x0006FFBFFFF6F7FF

mem[X,0x0000000080001924] -> 0x5EB7
mem[X,0x0000000080001926] -> 0xFFFC
[1614] [M]: 0x0000000080001924 (0xFFFC5EB7) lui t4, -0x3b
x29 <- 0xFFFFFFFFFFFC5000

mem[X,0x0000000080001928] -> 0x8E93
mem[X,0x000000008000192A] -> 0x555E
[1615] [M]: 0x0000000080001928 (0x555E8E93) addi t4, t4, 0x555
x29 <- 0xFFFFFFFFFFFC5555

mem[X,0x000000008000192C] -> 0x9E93
mem[X,0x000000008000192E] -> 0x00BE
[1616] [M]: 0x000000008000192C (0x00BE9E93) slli t4, t4, 0xb
x29 <- 0xFFFFFFFFE2AAA800

mem[X,0x0000000080001930] -> 0x8E93
mem[X,0x0000000080001932] -> 0x080E
[1617] [M]: 0x0000000080001930 (0x080E8E93) addi t4, t4, 0x80
x29 <- 0xFFFFFFFFE2AAA880

mem[X,0x0000000080001934] -> 0x9E93
mem[X,0x0000000080001936] -> 0x00BE
[1618] [M]: 0x0000000080001934 (0x00BE9E93) slli t4, t4, 0xb
x29 <- 0xFFFFFF1555440000

mem[X,0x0000000080001938] -> 0x8E93
mem[X,0x000000008000193A] -> 0x03FE
[1619] [M]: 0x0000000080001938 (0x03FE8E93) addi t4, t4, 0x3f
x29 <- 0xFFFFFF155544003F

mem[X,0x000000008000193C] -> 0x9E93
mem[X,0x000000008000193E] -> 0x00AE
[1620] [M]: 0x000000008000193C (0x00AE9E93) slli t4, t4, 0xa
x29 <- 0xFFFC55551000FC00

mem[X,0x0000000080001940] -> 0x8E93
mem[X,0x0000000080001942] -> 0x3FEE
[1621] [M]: 0x0000000080001940 (0x3FEE8E93) addi t4, t4, 0x3fe
x29 <- 0xFFFC55551000FFFE

mem[X,0x0000000080001944] -> 0x1FBB
mem[X,0x0000000080001946] -> 0xB1DF
[1622] [M]: 0x0000000080001944 (0xB1DF1FBB) pmulu.h.beo t6, t5, t4
x31 <- 0x05FA3F6B0F60FE01

mem[X,0x0000000080001948] -> 0x3823
mem[X,0x000000008000194A] -> 0x21F3
[1623] [M]: 0x0000000080001948 (0x21F33823) sd t6, 0x210(t1)
mem[0x00000000800043B8] <- 0x05FA3F6B0F60FE01

mem[X,0x000000008000194C] -> 0x0F37
mem[X,0x000000008000194E] -> 0x0009
[1624] [M]: 0x000000008000194C (0x00090F37) lui t5, 0x90
x30 <- 0x0000000000090000

mem[X,0x0000000080001950] -> 0x0F13
mem[X,0x0000000080001952] -> 0x080F
[1625] [M]: 0x0000000080001950 (0x080F0F13) addi t5, t5, 0x80
x30 <- 0x0000000000090080

mem[X,0x0000000080001954] -> 0x1F13
mem[X,0x0000000080001956] -> 0x00BF
[1626] [M]: 0x0000000080001954 (0x00BF1F13) slli t5, t5, 0xb
x30 <- 0x0000000048040000

mem[X,0x0000000080001958] -> 0x0F13
mem[X,0x000000008000195A] -> 0x000F
[1627] [M]: 0x0000000080001958 (0x000F0F13) addi t5, t5, 0x0
x30 <- 0x0000000048040000

mem[X,0x000000008000195C] -> 0x1F13
mem[X,0x000000008000195E] -> 0x00BF
[1628] [M]: 0x000000008000195C (0x00BF1F13) slli t5, t5, 0xb
x30 <- 0x0000024020000000

mem[X,0x0000000080001960] -> 0x0F13
mem[X,0x0000000080001962] -> 0x13FF
[1629] [M]: 0x0000000080001960 (0x13FF0F13) addi t5, t5, 0x13f
x30 <- 0x000002402000013F

mem[X,0x0000000080001964] -> 0x1F13
mem[X,0x0000000080001966] -> 0x00AF
[1630] [M]: 0x0000000080001964 (0x00AF1F13) slli t5, t5, 0xa
x30 <- 0x000900800004FC00

mem[X,0x0000000080001968] -> 0x0F13
mem[X,0x000000008000196A] -> 0x37FF
[1631] [M]: 0x0000000080001968 (0x37FF0F13) addi t5, t5, 0x37f
x30 <- 0x000900800004FF7F

mem[X,0x000000008000196C] -> 0x1EB7
mem[X,0x000000008000196E] -> 0xFFEF
[1632] [M]: 0x000000008000196C (0xFFEF1EB7) lui t4, -0x10f
x29 <- 0xFFFFFFFFFFEF1000

mem[X,0x0000000080001970] -> 0x8E93
mem[X,0x0000000080001972] -> 0x000E
[1633] [M]: 0x0000000080001970 (0x000E8E93) addi t4, t4, 0x0
x29 <- 0xFFFFFFFFFFEF1000

mem[X,0x0000000080001974] -> 0x9E93
mem[X,0x0000000080001976] -> 0x00BE
[1634] [M]: 0x0000000080001974 (0x00BE9E93) slli t4, t4, 0xb
x29 <- 0xFFFFFFFF78800000

mem[X,0x0000000080001978] -> 0x8E93
mem[X,0x000000008000197A] -> 0x008E
[1635] [M]: 0x0000000080001978 (0x008E8E93) addi t4, t4, 0x8
x29 <- 0xFFFFFFFF78800008

mem[X,0x000000008000197C] -> 0x9E93
mem[X,0x000000008000197E] -> 0x00BE
[1636] [M]: 0x000000008000197C (0x00BE9E93) slli t4, t4, 0xb
x29 <- 0xFFFFFBC400004000

mem[X,0x0000000080001980] -> 0x8E93
mem[X,0x0000000080001982] -> 0x03FE
[1637] [M]: 0x0000000080001980 (0x03FE8E93) addi t4, t4, 0x3f
x29 <- 0xFFFFFBC40000403F

mem[X,0x0000000080001984] -> 0x9E93
mem[X,0x0000000080001986] -> 0x00AE
[1638] [M]: 0x0000000080001984 (0x00AE9E93) slli t4, t4, 0xa
x29 <- 0xFFEF10000100FC00

mem[X,0x0000000080001988] -> 0x8E93
mem[X,0x000000008000198A] -> 0x37FE
[1639] [M]: 0x0000000080001988 (0x37FE8E93) addi t4, t4, 0x37f
x29 <- 0xFFEF10000100FF7F

mem[X,0x000000008000198C] -> 0x1FBB
mem[X,0x000000008000198E] -> 0xB1DF
[1640] [M]: 0x000000008000198C (0xB1DF1FBB) pmulu.h.beo t6, t5, t4
x31 <- 0x08F7080000047E81

mem[X,0x0000000080001990] -> 0x3C23
mem[X,0x0000000080001992] -> 0x21F3
[1641] [M]: 0x0000000080001990 (0x21F33C23) sd t6, 0x218(t1)
mem[0x00000000800043C0] <- 0x08F7080000047E81

mem[X,0x0000000080001994] -> 0xCF37
mem[X,0x0000000080001996] -> 0xFFF7
[1642] [M]: 0x0000000080001994 (0xFFF7CF37) lui t5, -0x84
x30 <- 0xFFFFFFFFFFF7C000

mem[X,0x0000000080001998] -> 0x0F13
mem[X,0x000000008000199A] -> 0xFFFF
[1643] [M]: 0x0000000080001998 (0xFFFF0F13) addi t5, t5, -0x1
x30 <- 0xFFFFFFFFFFF7BFFF

mem[X,0x000000008000199C] -> 0x1F13
mem[X,0x000000008000199E] -> 0x00BF
[1644] [M]: 0x000000008000199C (0x00BF1F13) slli t5, t5, 0xb
x30 <- 0xFFFFFFFFBDFFF800

mem[X,0x00000000800019A0] -> 0x0F13
mem[X,0x00000000800019A2] -> 0x000F
[1645] [M]: 0x00000000800019A0 (0x000F0F13) addi t5, t5, 0x0
x30 <- 0xFFFFFFFFBDFFF800

mem[X,0x00000000800019A4] -> 0x1F13
mem[X,0x00000000800019A6] -> 0x00BF
[1646] [M]: 0x00000000800019A4 (0x00BF1F13) slli t5, t5, 0xb
x30 <- 0xFFFFFDEFFFC00000

mem[X,0x00000000800019A8] -> 0x0F13
mem[X,0x00000000800019AA] -> 0x140F
[1647] [M]: 0x00000000800019A8 (0x140F0F13) addi t5, t5, 0x140
x30 <- 0xFFFFFDEFFFC00140

mem[X,0x00000000800019AC] -> 0x1F13
mem[X,0x00000000800019AE] -> 0x00AF
[1648] [M]: 0x00000000800019AC (0x00AF1F13) slli t5, t5, 0xa
x30 <- 0xFFF7BFFF00050000

mem[X,0x00000000800019B0] -> 0x0F13
mem[X,0x00000000800019B2] -> 0x007F
[1649] [M]: 0x00000000800019B0 (0x007F0F13) addi t5, t5, 0x7
x30 <- 0xFFF7BFFF00050007

mem[X,0x00000000800019B4] -> 0x0EB7
mem[X,0x00000000800019B6] -> 0x2000
[1650] [M]: 0x00000000800019B4 (0x20000EB7) lui t4, 0x20000
x29 <- 0x0000000020000000

mem[X,0x00000000800019B8] -> 0x8E93
mem[X,0x00000000800019BA] -> 0x006E
[1651] [M]: 0x00000000800019B8 (0x006E8E93) addi t4, t4, 0x6
x29 <- 0x0000000020000006

mem[X,0x00000000800019BC] -> 0x9E93
mem[X,0x00000000800019BE] -> 0x00BE
[1652] [M]: 0x00000000800019BC (0x00BE9E93) slli t4, t4, 0xb
x29 <- 0x0000010000003000

mem[X,0x00000000800019C0] -> 0x8E93
mem[X,0x00000000800019C2] -> 0x100E
[1653] [M]: 0x00000000800019C0 (0x100E8E93) addi t4, t4, 0x100
x29 <- 0x0000010000003100

mem[X,0x00000000800019C4] -> 0x9E93
mem[X,0x00000000800019C6] -> 0x00BE
[1654] [M]: 0x00000000800019C4 (0x00BE9E93) slli t4, t4, 0xb
x29 <- 0x0008000001880000

mem[X,0x00000000800019C8] -> 0x8E93
mem[X,0x00000000800019CA] -> 0x02FE
[1655] [M]: 0x00000000800019C8 (0x02FE8E93) addi t4, t4, 0x2f
x29 <- 0x000800000188002F

mem[X,0x00000000800019CC] -> 0x9E93
mem[X,0x00000000800019CE] -> 0x00AE
[1656] [M]: 0x00000000800019CC (0x00AE9E93) slli t4, t4, 0xa
x29 <- 0x200000062000BC00

mem[X,0x00000000800019D0] -> 0x8E93
mem[X,0x00000000800019D2] -> 0x3FFE
[1657] [M]: 0x00000000800019D0 (0x3FFE8E93) addi t4, t4, 0x3ff
x29 <- 0x200000062000BFFF

mem[X,0x00000000800019D4] -> 0x1FBB
mem[X,0x00000000800019D6] -> 0xB1DF
[1658] [M]: 0x00000000800019D4 (0xB1DF1FBB) pmulu.h.beo t6, t5, t4
x31 <- 0x1EE0000000A00539

mem[X,0x00000000800019D8] -> 0x3023
mem[X,0x00000000800019DA] -> 0x23F3
[1659] [M]: 0x00000000800019D8 (0x23F33023) sd t6, 0x220(t1)
mem[0x00000000800043C8] <- 0x1EE0000000A00539

mem[X,0x00000000800019DC] -> 0x0F37
mem[X,0x00000000800019DE] -> 0xFF00
[1660] [M]: 0x00000000800019DC (0xFF000F37) lui t5, -0x1000
x30 <- 0xFFFFFFFFFF000000

mem[X,0x00000000800019E0] -> 0x0F13
mem[X,0x00000000800019E2] -> 0xFFDF
[1661] [M]: 0x00000000800019E0 (0xFFDF0F13) addi t5, t5, -0x3
x30 <- 0xFFFFFFFFFEFFFFFD

mem[X,0x00000000800019E4] -> 0x1F13
mem[X,0x00000000800019E6] -> 0x00BF
[1662] [M]: 0x00000000800019E4 (0x00BF1F13) slli t5, t5, 0xb
x30 <- 0xFFFFFFF7FFFFE800

mem[X,0x00000000800019E8] -> 0x0F13
mem[X,0x00000000800019EA] -> 0x008F
[1663] [M]: 0x00000000800019E8 (0x008F0F13) addi t5, t5, 0x8
x30 <- 0xFFFFFFF7FFFFE808

mem[X,0x00000000800019EC] -> 0x1F13
mem[X,0x00000000800019EE] -> 0x00BF
[1664] [M]: 0x00000000800019EC (0x00BF1F13) slli t5, t5, 0xb
x30 <- 0xFFFFBFFFFF404000

mem[X,0x00000000800019F0] -> 0x0F13
mem[X,0x00000000800019F2] -> 0x000F
[1665] [M]: 0x00000000800019F0 (0x000F0F13) addi t5, t5, 0x0
x30 <- 0xFFFFBFFFFF404000

mem[X,0x00000000800019F4] -> 0x1F13
mem[X,0x00000000800019F6] -> 0x00AF
[1666] [M]: 0x00000000800019F4 (0x00AF1F13) slli t5, t5, 0xa
x30 <- 0xFEFFFFFD01000000

mem[X,0x00000000800019F8] -> 0x0F13
mem[X,0x00000000800019FA] -> 0x006F
[1667] [M]: 0x00000000800019F8 (0x006F0F13) addi t5, t5, 0x6
x30 <- 0xFEFFFFFD01000006

mem[X,0x00000000800019FC] -> 0x2EB7
mem[X,0x00000000800019FE] -> 0xFFEF
[1668] [M]: 0x00000000800019FC (0xFFEF2EB7) lui t4, -0x10e
x29 <- 0xFFFFFFFFFFEF2000

mem[X,0x0000000080001A00] -> 0x8E93
mem[X,0x0000000080001A02] -> 0x000E
[1669] [M]: 0x0000000080001A00 (0x000E8E93) addi t4, t4, 0x0
x29 <- 0xFFFFFFFFFFEF2000

mem[X,0x0000000080001A04] -> 0x9E93
mem[X,0x0000000080001A06] -> 0x00BE
[1670] [M]: 0x0000000080001A04 (0x00BE9E93) slli t4, t4, 0xb
x29 <- 0xFFFFFFFF79000000

mem[X,0x0000000080001A08] -> 0x8E93
mem[X,0x0000000080001A0A] -> 0x555E
[1671] [M]: 0x0000000080001A08 (0x555E8E93) addi t4, t4, 0x555
x29 <- 0xFFFFFFFF79000555

mem[X,0x0000000080001A0C] -> 0x9E93
mem[X,0x0000000080001A0E] -> 0x00BE
[1672] [M]: 0x0000000080001A0C (0x00BE9E93) slli t4, t4, 0xb
x29 <- 0xFFFFFBC8002AA800

mem[X,0x0000000080001A10] -> 0x8E93
mem[X,0x0000000080001A12] -> 0x280E
[1673] [M]: 0x0000000080001A10 (0x280E8E93) addi t4, t4, 0x280
x29 <- 0xFFFFFBC8002AAA80

mem[X,0x0000000080001A14] -> 0x9E93
mem[X,0x0000000080001A16] -> 0x00AE
[1674] [M]: 0x0000000080001A14 (0x00AE9E93) slli t4, t4, 0xa
x29 <- 0xFFEF2000AAAA0000

mem[X,0x0000000080001A18] -> 0x8E93
mem[X,0x0000000080001A1A] -> 0x001E
[1675] [M]: 0x0000000080001A18 (0x001E8E93) addi t4, t4, 0x1
x29 <- 0xFFEF2000AAAA0001

mem[X,0x0000000080001A1C] -> 0x1FBB
mem[X,0x0000000080001A1E] -> 0xB1DF
[1676] [M]: 0x0000000080001A1C (0xB1DF1FBB) pmulu.h.beo t6, t5, t4
x31 <- 0xFE011FA000000000

mem[X,0x0000000080001A20] -> 0x3423
mem[X,0x0000000080001A22] -> 0x23F3
[1677] [M]: 0x0000000080001A20 (0x23F33423) sd t6, 0x228(t1)
mem[0x00000000800043D0] <- 0xFE011FA000000000

mem[X,0x0000000080001A24] -> 0xEF37
mem[X,0x0000000080001A26] -> 0x7FFF
[1678] [M]: 0x0000000080001A24 (0x7FFFEF37) lui t5, 0x7fffe
x30 <- 0x000000007FFFE000

mem[X,0x0000000080001A28] -> 0x0F13
mem[X,0x0000000080001A2A] -> 0xFFFF
[1679] [M]: 0x0000000080001A28 (0xFFFF0F13) addi t5, t5, -0x1
x30 <- 0x000000007FFFDFFF

mem[X,0x0000000080001A2C] -> 0x1F13
mem[X,0x0000000080001A2E] -> 0x00BF
[1680] [M]: 0x0000000080001A2C (0x00BF1F13) slli t5, t5, 0xb
x30 <- 0x000003FFFEFFF800

mem[X,0x0000000080001A30] -> 0x0F13
mem[X,0x0000000080001A32] -> 0x7FFF
[1681] [M]: 0x0000000080001A30 (0x7FFF0F13) addi t5, t5, 0x7ff
x30 <- 0x000003FFFEFFFFFF

mem[X,0x0000000080001A34] -> 0x1F13
mem[X,0x0000000080001A36] -> 0x00BF
[1682] [M]: 0x0000000080001A34 (0x00BF1F13) slli t5, t5, 0xb
x30 <- 0x001FFFF7FFFFF800

mem[X,0x0000000080001A38] -> 0x0F13
mem[X,0x0000000080001A3A] -> 0x580F
[1683] [M]: 0x0000000080001A38 (0x580F0F13) addi t5, t5, 0x580
x30 <- 0x001FFFF7FFFFFD80

mem[X,0x0000000080001A3C] -> 0x1F13
mem[X,0x0000000080001A3E] -> 0x00AF
[1684] [M]: 0x0000000080001A3C (0x00AF1F13) slli t5, t5, 0xa
x30 <- 0x7FFFDFFFFFF60000

mem[X,0x0000000080001A40] -> 0x0F13
mem[X,0x0000000080001A42] -> 0x080F
[1685] [M]: 0x0000000080001A40 (0x080F0F13) addi t5, t5, 0x80
x30 <- 0x7FFFDFFFFFF60080

mem[X,0x0000000080001A44] -> 0x0EB7
mem[X,0x0000000080001A46] -> 0xFDFF
[1686] [M]: 0x0000000080001A44 (0xFDFF0EB7) lui t4, -0x2010
x29 <- 0xFFFFFFFFFDFF0000

mem[X,0x0000000080001A48] -> 0x8E93
mem[X,0x0000000080001A4A] -> 0x007E
[1687] [M]: 0x0000000080001A48 (0x007E8E93) addi t4, t4, 0x7
x29 <- 0xFFFFFFFFFDFF0007

mem[X,0x0000000080001A4C] -> 0x9E93
mem[X,0x0000000080001A4E] -> 0x00BE
[1688] [M]: 0x0000000080001A4C (0x00BE9E93) slli t4, t4, 0xb
x29 <- 0xFFFFFFEFF8003800

mem[X,0x0000000080001A50] -> 0x8E93
mem[X,0x0000000080001A52] -> 0x001E
[1689] [M]: 0x0000000080001A50 (0x001E8E93) addi t4, t4, 0x1
x29 <- 0xFFFFFFEFF8003801

mem[X,0x0000000080001A54] -> 0x9E93
mem[X,0x0000000080001A56] -> 0x00BE
[1690] [M]: 0x0000000080001A54 (0x00BE9E93) slli t4, t4, 0xb
x29 <- 0xFFFF7FC001C00800

mem[X,0x0000000080001A58] -> 0x8E93
mem[X,0x0000000080001A5A] -> 0x03FE
[1691] [M]: 0x0000000080001A58 (0x03FE8E93) addi t4, t4, 0x3f
x29 <- 0xFFFF7FC001C0083F

mem[X,0x0000000080001A5C] -> 0x9E93
mem[X,0x0000000080001A5E] -> 0x00AE
[1692] [M]: 0x0000000080001A5C (0x00AE9E93) slli t4, t4, 0xa
x29 <- 0xFDFF00070020FC00

mem[X,0x0000000080001A60] -> 0x8E93
mem[X,0x0000000080001A62] -> 0x2FFE
[1693] [M]: 0x0000000080001A60 (0x2FFE8E93) addi t4, t4, 0x2ff
x29 <- 0xFDFF00070020FEFF

mem[X,0x0000000080001A64] -> 0x1FBB
mem[X,0x0000000080001A66] -> 0xB1DF
[1694] [M]: 0x0000000080001A64 (0xB1DF1FBB) pmulu.h.beo t6, t5, t4
x31 <- 0xFC03000000007F00

mem[X,0x0000000080001A68] -> 0x3823
mem[X,0x0000000080001A6A] -> 0x23F3
[1695] [M]: 0x0000000080001A68 (0x23F33823) sd t6, 0x230(t1)
mem[0x00000000800043D8] <- 0xFC03000000007F00

mem[X,0x0000000080001A6C] -> 0x0F37
mem[X,0x0000000080001A6E] -> 0xDFFF
[1696] [M]: 0x0000000080001A6C (0xDFFF0F37) lui t5, -0x20010
x30 <- 0xFFFFFFFFDFFF0000

mem[X,0x0000000080001A70] -> 0x0F13
mem[X,0x0000000080001A72] -> 0x004F
[1697] [M]: 0x0000000080001A70 (0x004F0F13) addi t5, t5, 0x4
x30 <- 0xFFFFFFFFDFFF0004

mem[X,0x0000000080001A74] -> 0x1F13
mem[X,0x0000000080001A76] -> 0x00BF
[1698] [M]: 0x0000000080001A74 (0x00BF1F13) slli t5, t5, 0xb
x30 <- 0xFFFFFEFFF8002000

mem[X,0x0000000080001A78] -> 0x0F13
mem[X,0x0000000080001A7A] -> 0x000F
[1699] [M]: 0x0000000080001A78 (0x000F0F13) addi t5, t5, 0x0
x30 <- 0xFFFFFEFFF8002000

clint::tick mtime <- 0x0000000000000011
 clint timer pending at mtime 0x0000000000000011
htif::tick 0x0000000000000000
mem[X,0x0000000080001A7C] -> 0x1F13
mem[X,0x0000000080001A7E] -> 0x00BF
[1700] [M]: 0x0000000080001A7C (0x00BF1F13) slli t5, t5, 0xb
x30 <- 0xFFF7FFC001000000

mem[X,0x0000000080001A80] -> 0x0F13
mem[X,0x0000000080001A82] -> 0x115F
[1701] [M]: 0x0000000080001A80 (0x115F0F13) addi t5, t5, 0x115
x30 <- 0xFFF7FFC001000115

mem[X,0x0000000080001A84] -> 0x1F13
mem[X,0x0000000080001A86] -> 0x00AF
[1702] [M]: 0x0000000080001A84 (0x00AF1F13) slli t5, t5, 0xa
x30 <- 0xDFFF000400045400

mem[X,0x0000000080001A88] -> 0x0F13
mem[X,0x0000000080001A8A] -> 0x155F
[1703] [M]: 0x0000000080001A88 (0x155F0F13) addi t5, t5, 0x155
x30 <- 0xDFFF000400045555

mem[X,0x0000000080001A8C] -> 0x0EB7
mem[X,0x0000000080001A8E] -> 0x0006
[1704] [M]: 0x0000000080001A8C (0x00060EB7) lui t4, 0x60
x29 <- 0x0000000000060000

mem[X,0x0000000080001A90] -> 0x8E93
mem[X,0x0000000080001A92] -> 0xFBFE
[1705] [M]: 0x0000000080001A90 (0xFBFE8E93) addi t4, t4, -0x41
x29 <- 0x000000000005FFBF

mem[X,0x0000000080001A94] -> 0x9E93
mem[X,0x0000000080001A96] -> 0x00BE
[1706] [M]: 0x0000000080001A94 (0x00BE9E93) slli t4, t4, 0xb
x29 <- 0x000000002FFDF800

mem[X,0x0000000080001A98] -> 0x8E93
mem[X,0x0000000080001A9A] -> 0x7FEE
[1707] [M]: 0x0000000080001A98 (0x7FEE8E93) addi t4, t4, 0x7fe
x29 <- 0x000000002FFDFFFE

mem[X,0x0000000080001A9C] -> 0x9E93
mem[X,0x0000000080001A9E] -> 0x00BE
[1708] [M]: 0x0000000080001A9C (0x00BE9E93) slli t4, t4, 0xb
x29 <- 0x0000017FEFFFF000

mem[X,0x0000000080001AA0] -> 0x8E93
mem[X,0x0000000080001AA2] -> 0x7C8E
[1709] [M]: 0x0000000080001AA0 (0x7C8E8E93) addi t4, t4, 0x7c8
x29 <- 0x0000017FEFFFF7C8

mem[X,0x0000000080001AA4] -> 0x9E93
mem[X,0x0000000080001AA6] -> 0x00AE
[1710] [M]: 0x0000000080001AA4 (0x00AE9E93) slli t4, t4, 0xa
x29 <- 0x0005FFBFFFDF2000

mem[X,0x0000000080001AA8] -> 0x1FBB
mem[X,0x0000000080001AAA] -> 0xB1DF
[1711] [M]: 0x0000000080001AA8 (0xB1DF1FBB) pmulu.h.beo t6, t5, t4
x31 <- 0x000003FC03FC0AA0

mem[X,0x0000000080001AAC] -> 0x3C23
mem[X,0x0000000080001AAE] -> 0x23F3
[1712] [M]: 0x0000000080001AAC (0x23F33C23) sd t6, 0x238(t1)
mem[0x00000000800043E0] <- 0x000003FC03FC0AA0

mem[X,0x0000000080001AB0] -> 0x0F37
mem[X,0x0000000080001AB2] -> 0x0005
[1713] [M]: 0x0000000080001AB0 (0x00050F37) lui t5, 0x50
x30 <- 0x0000000000050000

mem[X,0x0000000080001AB4] -> 0x0F13
mem[X,0x0000000080001AB6] -> 0xFFCF
[1714] [M]: 0x0000000080001AB4 (0xFFCF0F13) addi t5, t5, -0x4
x30 <- 0x000000000004FFFC

mem[X,0x0000000080001AB8] -> 0x1F13
mem[X,0x0000000080001ABA] -> 0x00BF
[1715] [M]: 0x0000000080001AB8 (0x00BF1F13) slli t5, t5, 0xb
x30 <- 0x0000000027FFE000

mem[X,0x0000000080001ABC] -> 0x0F13
mem[X,0x0000000080001ABE] -> 0x7FFF
[1716] [M]: 0x0000000080001ABC (0x7FFF0F13) addi t5, t5, 0x7ff
x30 <- 0x0000000027FFE7FF

mem[X,0x0000000080001AC0] -> 0x1F13
mem[X,0x0000000080001AC2] -> 0x00BF
[1717] [M]: 0x0000000080001AC0 (0x00BF1F13) slli t5, t5, 0xb
x30 <- 0x0000013FFF3FF800

mem[X,0x0000000080001AC4] -> 0x0F13
mem[X,0x0000000080001AC6] -> 0x737F
[1718] [M]: 0x0000000080001AC4 (0x737F0F13) addi t5, t5, 0x737
x30 <- 0x0000013FFF3FFF37

mem[X,0x0000000080001AC8] -> 0x1F13
mem[X,0x0000000080001ACA] -> 0x00AF
[1719] [M]: 0x0000000080001AC8 (0x00AF1F13) slli t5, t5, 0xa
x30 <- 0x0004FFFCFFFCDC00

mem[X,0x0000000080001ACC] -> 0x0F13
mem[X,0x0000000080001ACE] -> 0x3FFF
[1720] [M]: 0x0000000080001ACC (0x3FFF0F13) addi t5, t5, 0x3ff
x30 <- 0x0004FFFCFFFCDFFF

mem[X,0x0000000080001AD0] -> 0x0EB7
mem[X,0x0000000080001AD2] -> 0x0800
[1721] [M]: 0x0000000080001AD0 (0x08000EB7) lui t4, 0x8000
x29 <- 0x0000000008000000

mem[X,0x0000000080001AD4] -> 0x8E93
mem[X,0x0000000080001AD6] -> 0x080E
[1722] [M]: 0x0000000080001AD4 (0x080E8E93) addi t4, t4, 0x80
x29 <- 0x0000000008000080

mem[X,0x0000000080001AD8] -> 0x9E93
mem[X,0x0000000080001ADA] -> 0x00BE
[1723] [M]: 0x0000000080001AD8 (0x00BE9E93) slli t4, t4, 0xb
x29 <- 0x0000004000040000

mem[X,0x0000000080001ADC] -> 0x8E93
mem[X,0x0000000080001ADE] -> 0x000E
[1724] [M]: 0x0000000080001ADC (0x000E8E93) addi t4, t4, 0x0
x29 <- 0x0000004000040000

mem[X,0x0000000080001AE0] -> 0x9E93
mem[X,0x0000000080001AE2] -> 0x00BE
[1725] [M]: 0x0000000080001AE0 (0x00BE9E93) slli t4, t4, 0xb
x29 <- 0x0002000020000000

mem[X,0x0000000080001AE4] -> 0x8E93
mem[X,0x0000000080001AE6] -> 0x141E
[1726] [M]: 0x0000000080001AE4 (0x141E8E93) addi t4, t4, 0x141
x29 <- 0x0002000020000141

mem[X,0x0000000080001AE8] -> 0x9E93
mem[X,0x0000000080001AEA] -> 0x00AE
[1727] [M]: 0x0000000080001AE8 (0x00AE9E93) slli t4, t4, 0xa
x29 <- 0x0800008000050400

mem[X,0x0000000080001AEC] -> 0x1FBB
mem[X,0x0000000080001AEE] -> 0xB1DF
[1728] [M]: 0x0000000080001AEC (0xB1DF1FBB) pmulu.h.beo t6, t5, t4
x31 <- 0x00200000000003FC

mem[X,0x0000000080001AF0] -> 0x3023
mem[X,0x0000000080001AF2] -> 0x25F3
[1729] [M]: 0x0000000080001AF0 (0x25F33023) sd t6, 0x240(t1)
mem[0x00000000800043E8] <- 0x00200000000003FC

mem[X,0x0000000080001AF4] -> 0x0F37
mem[X,0x0000000080001AF6] -> 0x0009
[1730] [M]: 0x0000000080001AF4 (0x00090F37) lui t5, 0x90
x30 <- 0x0000000000090000

mem[X,0x0000000080001AF8] -> 0x0F13
mem[X,0x0000000080001AFA] -> 0xFEFF
[1731] [M]: 0x0000000080001AF8 (0xFEFF0F13) addi t5, t5, -0x11
x30 <- 0x000000000008FFEF

mem[X,0x0000000080001AFC] -> 0x1F13
mem[X,0x0000000080001AFE] -> 0x00BF
[1732] [M]: 0x0000000080001AFC (0x00BF1F13) slli t5, t5, 0xb
x30 <- 0x0000000047FF7800

mem[X,0x0000000080001B00] -> 0x0F13
mem[X,0x0000000080001B02] -> 0x7FFF
[1733] [M]: 0x0000000080001B00 (0x7FFF0F13) addi t5, t5, 0x7ff
x30 <- 0x0000000047FF7FFF

mem[X,0x0000000080001B04] -> 0x1F13
mem[X,0x0000000080001B06] -> 0x00BF
[1734] [M]: 0x0000000080001B04 (0x00BF1F13) slli t5, t5, 0xb
x30 <- 0x0000023FFBFFF800

mem[X,0x0000000080001B08] -> 0x0F13
mem[X,0x0000000080001B0A] -> 0x782F
[1735] [M]: 0x0000000080001B08 (0x782F0F13) addi t5, t5, 0x782
x30 <- 0x0000023FFBFFFF82

mem[X,0x0000000080001B0C] -> 0x1F13
mem[X,0x0000000080001B0E] -> 0x00AF
[1736] [M]: 0x0000000080001B0C (0x00AF1F13) slli t5, t5, 0xa
x30 <- 0x0008FFEFFFFE0800

mem[X,0x0000000080001B10] -> 0x0EB7
mem[X,0x0000000080001B12] -> 0x0040
[1737] [M]: 0x0000000080001B10 (0x00400EB7) lui t4, 0x400
x29 <- 0x0000000000400000

mem[X,0x0000000080001B14] -> 0x8E93
mem[X,0x0000000080001B16] -> 0x007E
[1738] [M]: 0x0000000080001B14 (0x007E8E93) addi t4, t4, 0x7
x29 <- 0x0000000000400007

mem[X,0x0000000080001B18] -> 0x9E93
mem[X,0x0000000080001B1A] -> 0x00BE
[1739] [M]: 0x0000000080001B18 (0x00BE9E93) slli t4, t4, 0xb
x29 <- 0x0000000200003800

mem[X,0x0000000080001B1C] -> 0x8E93
mem[X,0x0000000080001B1E] -> 0x7FFE
[1740] [M]: 0x0000000080001B1C (0x7FFE8E93) addi t4, t4, 0x7ff
x29 <- 0x0000000200003FFF

mem[X,0x0000000080001B20] -> 0x9E93
mem[X,0x0000000080001B22] -> 0x00BE
[1741] [M]: 0x0000000080001B20 (0x00BE9E93) slli t4, t4, 0xb
x29 <- 0x0000100001FFF800

mem[X,0x0000000080001B24] -> 0x8E93
mem[X,0x0000000080001B26] -> 0x6BFE
[1742] [M]: 0x0000000080001B24 (0x6BFE8E93) addi t4, t4, 0x6bf
x29 <- 0x0000100001FFFEBF

mem[X,0x0000000080001B28] -> 0x9E93
mem[X,0x0000000080001B2A] -> 0x00AE
[1743] [M]: 0x0000000080001B28 (0x00AE9E93) slli t4, t4, 0xa
x29 <- 0x00400007FFFAFC00

mem[X,0x0000000080001B2C] -> 0x8E93
mem[X,0x0000000080001B2E] -> 0x3F7E
[1744] [M]: 0x0000000080001B2C (0x3F7E8E93) addi t4, t4, 0x3f7
x29 <- 0x00400007FFFAFFF7

mem[X,0x0000000080001B30] -> 0x1FBB
mem[X,0x0000000080001B32] -> 0xB1DF
[1745] [M]: 0x0000000080001B30 (0xB1DF1FBB) pmulu.h.beo t6, t5, t4
x31 <- 0x00000000FD020000

mem[X,0x0000000080001B34] -> 0x3423
mem[X,0x0000000080001B36] -> 0x25F3
[1746] [M]: 0x0000000080001B34 (0x25F33423) sd t6, 0x248(t1)
mem[0x00000000800043F0] <- 0x00000000FD020000

mem[X,0x0000000080001B38] -> 0x0F37
mem[X,0x0000000080001B3A] -> 0xDFFF
[1747] [M]: 0x0000000080001B38 (0xDFFF0F37) lui t5, -0x20010
x30 <- 0xFFFFFFFFDFFF0000

mem[X,0x0000000080001B3C] -> 0x0F13
mem[X,0x0000000080001B3E] -> 0x100F
[1748] [M]: 0x0000000080001B3C (0x100F0F13) addi t5, t5, 0x100
x30 <- 0xFFFFFFFFDFFF0100

mem[X,0x0000000080001B40] -> 0x1F13
mem[X,0x0000000080001B42] -> 0x00BF
[1749] [M]: 0x0000000080001B40 (0x00BF1F13) slli t5, t5, 0xb
x30 <- 0xFFFFFEFFF8080000

mem[X,0x0000000080001B44] -> 0x0F13
mem[X,0x0000000080001B46] -> 0x7FFF
[1750] [M]: 0x0000000080001B44 (0x7FFF0F13) addi t5, t5, 0x7ff
x30 <- 0xFFFFFEFFF80807FF

mem[X,0x0000000080001B48] -> 0x1F13
mem[X,0x0000000080001B4A] -> 0x00BF
[1751] [M]: 0x0000000080001B48 (0x00BF1F13) slli t5, t5, 0xb
x30 <- 0xFFF7FFC0403FF800

mem[X,0x0000000080001B4C] -> 0x0F13
mem[X,0x0000000080001B4E] -> 0x3C0F
[1752] [M]: 0x0000000080001B4C (0x3C0F0F13) addi t5, t5, 0x3c0
x30 <- 0xFFF7FFC0403FFBC0

mem[X,0x0000000080001B50] -> 0x1F13
mem[X,0x0000000080001B52] -> 0x00AF
[1753] [M]: 0x0000000080001B50 (0x00AF1F13) slli t5, t5, 0xa
x30 <- 0xDFFF0100FFEF0000

mem[X,0x0000000080001B54] -> 0x0F13
mem[X,0x0000000080001B56] -> 0x009F
[1754] [M]: 0x0000000080001B54 (0x009F0F13) addi t5, t5, 0x9
x30 <- 0xDFFF0100FFEF0009

mem[X,0x0000000080001B58] -> 0x0EB7
mem[X,0x0000000080001B5A] -> 0xFFDF
[1755] [M]: 0x0000000080001B58 (0xFFDF0EB7) lui t4, -0x210
x29 <- 0xFFFFFFFFFFDF0000

mem[X,0x0000000080001B5C] -> 0x8E93
mem[X,0x0000000080001B5E] -> 0x007E
[1756] [M]: 0x0000000080001B5C (0x007E8E93) addi t4, t4, 0x7
x29 <- 0xFFFFFFFFFFDF0007

mem[X,0x0000000080001B60] -> 0x9E93
mem[X,0x0000000080001B62] -> 0x00BE
[1757] [M]: 0x0000000080001B60 (0x00BE9E93) slli t4, t4, 0xb
x29 <- 0xFFFFFFFEF8003800

mem[X,0x0000000080001B64] -> 0x8E93
mem[X,0x0000000080001B66] -> 0x7FFE
[1758] [M]: 0x0000000080001B64 (0x7FFE8E93) addi t4, t4, 0x7ff
x29 <- 0xFFFFFFFEF8003FFF

mem[X,0x0000000080001B68] -> 0x9E93
mem[X,0x0000000080001B6A] -> 0x00BE
[1759] [M]: 0x0000000080001B68 (0x00BE9E93) slli t4, t4, 0xb
x29 <- 0xFFFFF7C001FFF800

mem[X,0x0000000080001B6C] -> 0x8E93
mem[X,0x0000000080001B6E] -> 0x5B0E
[1760] [M]: 0x0000000080001B6C (0x5B0E8E93) addi t4, t4, 0x5b0
x29 <- 0xFFFFF7C001FFFDB0

mem[X,0x0000000080001B70] -> 0x9E93
mem[X,0x0000000080001B72] -> 0x00AE
[1761] [M]: 0x0000000080001B70 (0x00AE9E93) slli t4, t4, 0xa
x29 <- 0xFFDF0007FFF6C000

mem[X,0x0000000080001B74] -> 0x1FBB
mem[X,0x0000000080001B76] -> 0xB1DF
[1762] [M]: 0x0000000080001B74 (0xB1DF1FBB) pmulu.h.beo t6, t5, t4
x31 <- 0xFE010000EE1106C0

mem[X,0x0000000080001B78] -> 0x3823
mem[X,0x0000000080001B7A] -> 0x25F3
[1763] [M]: 0x0000000080001B78 (0x25F33823) sd t6, 0x250(t1)
mem[0x00000000800043F8] <- 0xFE010000EE1106C0

mem[X,0x0000000080001B7C] -> 0x0F37
mem[X,0x0000000080001B7E] -> 0xFFF9
[1764] [M]: 0x0000000080001B7C (0xFFF90F37) lui t5, -0x70
x30 <- 0xFFFFFFFFFFF90000

mem[X,0x0000000080001B80] -> 0x0F13
mem[X,0x0000000080001B82] -> 0x002F
[1765] [M]: 0x0000000080001B80 (0x002F0F13) addi t5, t5, 0x2
x30 <- 0xFFFFFFFFFFF90002

mem[X,0x0000000080001B84] -> 0x1F13
mem[X,0x0000000080001B86] -> 0x00BF
[1766] [M]: 0x0000000080001B84 (0x00BF1F13) slli t5, t5, 0xb
x30 <- 0xFFFFFFFFC8001000

mem[X,0x0000000080001B88] -> 0x0F13
mem[X,0x0000000080001B8A] -> 0x7FFF
[1767] [M]: 0x0000000080001B88 (0x7FFF0F13) addi t5, t5, 0x7ff
x30 <- 0xFFFFFFFFC80017FF

mem[X,0x0000000080001B8C] -> 0x1F13
mem[X,0x0000000080001B8E] -> 0x00BF
[1768] [M]: 0x0000000080001B8C (0x00BF1F13) slli t5, t5, 0xb
x30 <- 0xFFFFFE4000BFF800

mem[X,0x0000000080001B90] -> 0x0F13
mem[X,0x0000000080001B92] -> 0x581F
[1769] [M]: 0x0000000080001B90 (0x581F0F13) addi t5, t5, 0x581
x30 <- 0xFFFFFE4000BFFD81

mem[X,0x0000000080001B94] -> 0x1F13
mem[X,0x0000000080001B96] -> 0x00AF
[1770] [M]: 0x0000000080001B94 (0x00AF1F13) slli t5, t5, 0xa
x30 <- 0xFFF90002FFF60400

mem[X,0x0000000080001B98] -> 0x0EB7
mem[X,0x0000000080001B9A] -> 0xFFF0
[1771] [M]: 0x0000000080001B98 (0xFFF00EB7) lui t4, -0x100
x29 <- 0xFFFFFFFFFFF00000

mem[X,0x0000000080001B9C] -> 0x8E93
mem[X,0x0000000080001B9E] -> 0xFBFE
[1772] [M]: 0x0000000080001B9C (0xFBFE8E93) addi t4, t4, -0x41
x29 <- 0xFFFFFFFFFFEFFFBF

mem[X,0x0000000080001BA0] -> 0x9E93
mem[X,0x0000000080001BA2] -> 0x00BE
[1773] [M]: 0x0000000080001BA0 (0x00BE9E93) slli t4, t4, 0xb
x29 <- 0xFFFFFFFF7FFDF800

mem[X,0x0000000080001BA4] -> 0x8E93
mem[X,0x0000000080001BA6] -> 0x5FFE
[1774] [M]: 0x0000000080001BA4 (0x5FFE8E93) addi t4, t4, 0x5ff
x29 <- 0xFFFFFFFF7FFDFDFF

mem[X,0x0000000080001BA8] -> 0x9E93
mem[X,0x0000000080001BAA] -> 0x00BE
[1775] [M]: 0x0000000080001BA8 (0x00BE9E93) slli t4, t4, 0xb
x29 <- 0xFFFFFBFFEFEFF800

mem[X,0x0000000080001BAC] -> 0x8E93
mem[X,0x0000000080001BAE] -> 0x7C0E
[1776] [M]: 0x0000000080001BAC (0x7C0E8E93) addi t4, t4, 0x7c0
x29 <- 0xFFFFFBFFEFEFFFC0

mem[X,0x0000000080001BB0] -> 0x9E93
mem[X,0x0000000080001BB2] -> 0x00AE
[1777] [M]: 0x0000000080001BB0 (0x00AE9E93) slli t4, t4, 0xa
x29 <- 0xFFEFFFBFBFFF0000

mem[X,0x0000000080001BB4] -> 0x8E93
mem[X,0x0000000080001BB6] -> 0x007E
[1778] [M]: 0x0000000080001BB4 (0x007E8E93) addi t4, t4, 0x7
x29 <- 0xFFEFFFBFBFFF0007

mem[X,0x0000000080001BB8] -> 0x1FBB
mem[X,0x0000000080001BBA] -> 0xB1DF
[1779] [M]: 0x0000000080001BB8 (0xB1DF1FBB) pmulu.h.beo t6, t5, t4
x31 <- 0xF80701FEB78A0000

mem[X,0x0000000080001BBC] -> 0x3C23
mem[X,0x0000000080001BBE] -> 0x25F3
[1780] [M]: 0x0000000080001BBC (0x25F33C23) sd t6, 0x258(t1)
mem[0x0000000080004400] <- 0xF80701FEB78A0000

mem[X,0x0000000080001BC0] -> 0x0F37
mem[X,0x0000000080001BC2] -> 0xC001
[1781] [M]: 0x0000000080001BC0 (0xC0010F37) lui t5, -0x3fff0
x30 <- 0xFFFFFFFFC0010000

mem[X,0x0000000080001BC4] -> 0x0F13
mem[X,0x0000000080001BC6] -> 0xFF6F
[1782] [M]: 0x0000000080001BC4 (0xFF6F0F13) addi t5, t5, -0xa
x30 <- 0xFFFFFFFFC000FFF6

mem[X,0x0000000080001BC8] -> 0x1F13
mem[X,0x0000000080001BCA] -> 0x00BF
[1783] [M]: 0x0000000080001BC8 (0x00BF1F13) slli t5, t5, 0xb
x30 <- 0xFFFFFE0007FFB000

mem[X,0x0000000080001BCC] -> 0x0F13
mem[X,0x0000000080001BCE] -> 0x1FFF
[1784] [M]: 0x0000000080001BCC (0x1FFF0F13) addi t5, t5, 0x1ff
x30 <- 0xFFFFFE0007FFB1FF

mem[X,0x0000000080001BD0] -> 0x1F13
mem[X,0x0000000080001BD2] -> 0x00BF
[1785] [M]: 0x0000000080001BD0 (0x00BF1F13) slli t5, t5, 0xb
x30 <- 0xFFF0003FFD8FF800

mem[X,0x0000000080001BD4] -> 0x0F13
mem[X,0x0000000080001BD6] -> 0x7FEF
[1786] [M]: 0x0000000080001BD4 (0x7FEF0F13) addi t5, t5, 0x7fe
x30 <- 0xFFF0003FFD8FFFFE

mem[X,0x0000000080001BD8] -> 0x1F13
mem[X,0x0000000080001BDA] -> 0x00AF
[1787] [M]: 0x0000000080001BD8 (0x00AF1F13) slli t5, t5, 0xa
x30 <- 0xC000FFF63FFFF800

mem[X,0x0000000080001BDC] -> 0x0F13
mem[X,0x0000000080001BDE] -> 0x3FFF
[1788] [M]: 0x0000000080001BDC (0x3FFF0F13) addi t5, t5, 0x3ff
x30 <- 0xC000FFF63FFFFBFF

mem[X,0x0000000080001BE0] -> 0x0EB7
mem[X,0x0000000080001BE2] -> 0x0002
[1789] [M]: 0x0000000080001BE0 (0x00020EB7) lui t4, 0x20
x29 <- 0x0000000000020000

mem[X,0x0000000080001BE4] -> 0x8E93
mem[X,0x0000000080001BE6] -> 0x002E
[1790] [M]: 0x0000000080001BE4 (0x002E8E93) addi t4, t4, 0x2
x29 <- 0x0000000000020002

mem[X,0x0000000080001BE8] -> 0x9E93
mem[X,0x0000000080001BEA] -> 0x00BE
[1791] [M]: 0x0000000080001BE8 (0x00BE9E93) slli t4, t4, 0xb
x29 <- 0x0000000010001000

mem[X,0x0000000080001BEC] -> 0x8E93
mem[X,0x0000000080001BEE] -> 0x2AAE
[1792] [M]: 0x0000000080001BEC (0x2AAE8E93) addi t4, t4, 0x2aa
x29 <- 0x00000000100012AA

mem[X,0x0000000080001BF0] -> 0x9E93
mem[X,0x0000000080001BF2] -> 0x00BE
[1793] [M]: 0x0000000080001BF0 (0x00BE9E93) slli t4, t4, 0xb
x29 <- 0x0000008000955000

mem[X,0x0000000080001BF4] -> 0x8E93
mem[X,0x0000000080001BF6] -> 0x54FE
[1794] [M]: 0x0000000080001BF4 (0x54FE8E93) addi t4, t4, 0x54f
x29 <- 0x000000800095554F

mem[X,0x0000000080001BF8] -> 0x9E93
mem[X,0x0000000080001BFA] -> 0x00AE
[1795] [M]: 0x0000000080001BF8 (0x00AE9E93) slli t4, t4, 0xa
x29 <- 0x0002000255553C00

mem[X,0x0000000080001BFC] -> 0x8E93
mem[X,0x0000000080001BFE] -> 0x3FFE
[1796] [M]: 0x0000000080001BFC (0x3FFE8E93) addi t4, t4, 0x3ff
x29 <- 0x0002000255553FFF

mem[X,0x0000000080001C00] -> 0x1FBB
mem[X,0x0000000080001C02] -> 0xB1DF
[1797] [M]: 0x0000000080001C00 (0xB1DF1FBB) pmulu.h.beo t6, t5, t4
x31 <- 0x0000000054AB3EC1

mem[X,0x0000000080001C04] -> 0x3023
mem[X,0x0000000080001C06] -> 0x27F3
[1798] [M]: 0x0000000080001C04 (0x27F33023) sd t6, 0x260(t1)
mem[0x0000000080004408] <- 0x0000000054AB3EC1

mem[X,0x0000000080001C08] -> 0x0F37
mem[X,0x0000000080001C0A] -> 0x8001
[1799] [M]: 0x0000000080001C08 (0x80010F37) lui t5, -0x7fff0
x30 <- 0xFFFFFFFF80010000

clint::tick mtime <- 0x0000000000000012
 clint timer pending at mtime 0x0000000000000012
htif::tick 0x0000000000000000
mem[X,0x0000000080001C0C] -> 0x0F13
mem[X,0x0000000080001C0E] -> 0xFFDF
[1800] [M]: 0x0000000080001C0C (0xFFDF0F13) addi t5, t5, -0x3
x30 <- 0xFFFFFFFF8000FFFD

mem[X,0x0000000080001C10] -> 0x1F13
mem[X,0x0000000080001C12] -> 0x00BF
[1801] [M]: 0x0000000080001C10 (0x00BF1F13) slli t5, t5, 0xb
x30 <- 0xFFFFFC0007FFE800

mem[X,0x0000000080001C14] -> 0x0F13
mem[X,0x0000000080001C16] -> 0x000F
[1802] [M]: 0x0000000080001C14 (0x000F0F13) addi t5, t5, 0x0
x30 <- 0xFFFFFC0007FFE800

mem[X,0x0000000080001C18] -> 0x1F13
mem[X,0x0000000080001C1A] -> 0x00BF
[1803] [M]: 0x0000000080001C18 (0x00BF1F13) slli t5, t5, 0xb
x30 <- 0xFFE0003FFF400000

mem[X,0x0000000080001C1C] -> 0x0F13
mem[X,0x0000000080001C1E] -> 0x01FF
[1804] [M]: 0x0000000080001C1C (0x01FF0F13) addi t5, t5, 0x1f
x30 <- 0xFFE0003FFF40001F

mem[X,0x0000000080001C20] -> 0x1F13
mem[X,0x0000000080001C22] -> 0x00AF
[1805] [M]: 0x0000000080001C20 (0x00AF1F13) slli t5, t5, 0xa
x30 <- 0x8000FFFD00007C00

mem[X,0x0000000080001C24] -> 0x0F13
mem[X,0x0000000080001C26] -> 0x3FFF
[1806] [M]: 0x0000000080001C24 (0x3FFF0F13) addi t5, t5, 0x3ff
x30 <- 0x8000FFFD00007FFF

mem[X,0x0000000080001C28] -> 0x0EB7
mem[X,0x0000000080001C2A] -> 0x0002
[1807] [M]: 0x0000000080001C28 (0x00020EB7) lui t4, 0x20
x29 <- 0x0000000000020000

mem[X,0x0000000080001C2C] -> 0x8E93
mem[X,0x0000000080001C2E] -> 0xFDFE
[1808] [M]: 0x0000000080001C2C (0xFDFE8E93) addi t4, t4, -0x21
x29 <- 0x000000000001FFDF

mem[X,0x0000000080001C30] -> 0x9E93
mem[X,0x0000000080001C32] -> 0x00BE
[1809] [M]: 0x0000000080001C30 (0x00BE9E93) slli t4, t4, 0xb
x29 <- 0x000000000FFEF800

mem[X,0x0000000080001C34] -> 0x8E93
mem[X,0x0000000080001C36] -> 0x3FFE
[1810] [M]: 0x0000000080001C34 (0x3FFE8E93) addi t4, t4, 0x3ff
x29 <- 0x000000000FFEFBFF

mem[X,0x0000000080001C38] -> 0x9E93
mem[X,0x0000000080001C3A] -> 0x00BE
[1811] [M]: 0x0000000080001C38 (0x00BE9E93) slli t4, t4, 0xb
x29 <- 0x0000007FF7DFF800

mem[X,0x0000000080001C3C] -> 0x8E93
mem[X,0x0000000080001C3E] -> 0x7FFE
[1812] [M]: 0x0000000080001C3C (0x7FFE8E93) addi t4, t4, 0x7ff
x29 <- 0x0000007FF7DFFFFF

mem[X,0x0000000080001C40] -> 0x9E93
mem[X,0x0000000080001C42] -> 0x00AE
[1813] [M]: 0x0000000080001C40 (0x00AE9E93) slli t4, t4, 0xa
x29 <- 0x0001FFDF7FFFFC00

mem[X,0x0000000080001C44] -> 0x8E93
mem[X,0x0000000080001C46] -> 0x3FAE
[1814] [M]: 0x0000000080001C44 (0x3FAE8E93) addi t4, t4, 0x3fa
x29 <- 0x0001FFDF7FFFFFFA

mem[X,0x0000000080001C48] -> 0x1FBB
mem[X,0x0000000080001C4A] -> 0xB1DF
[1815] [M]: 0x0000000080001C48 (0xB1DF1FBB) pmulu.h.beo t6, t5, t4
x31 <- 0x0000FC030000FE01

mem[X,0x0000000080001C4C] -> 0x3423
mem[X,0x0000000080001C4E] -> 0x27F3
[1816] [M]: 0x0000000080001C4C (0x27F33423) sd t6, 0x268(t1)
mem[0x0000000080004410] <- 0x0000FC030000FE01

mem[X,0x0000000080001C50] -> 0xBF37
mem[X,0x0000000080001C52] -> 0x0008
[1817] [M]: 0x0000000080001C50 (0x0008BF37) lui t5, 0x8b
x30 <- 0x000000000008B000

mem[X,0x0000000080001C54] -> 0x0F13
mem[X,0x0000000080001C56] -> 0xAAAF
[1818] [M]: 0x0000000080001C54 (0xAAAF0F13) addi t5, t5, -0x556
x30 <- 0x000000000008AAAA

mem[X,0x0000000080001C58] -> 0x1F13
mem[X,0x0000000080001C5A] -> 0x00BF
[1819] [M]: 0x0000000080001C58 (0x00BF1F13) slli t5, t5, 0xb
x30 <- 0x0000000045555000

mem[X,0x0000000080001C5C] -> 0x0F13
mem[X,0x0000000080001C5E] -> 0x000F
[1820] [M]: 0x0000000080001C5C (0x000F0F13) addi t5, t5, 0x0
x30 <- 0x0000000045555000

mem[X,0x0000000080001C60] -> 0x1F13
mem[X,0x0000000080001C62] -> 0x00BF
[1821] [M]: 0x0000000080001C60 (0x00BF1F13) slli t5, t5, 0xb
x30 <- 0x0000022AAA800000

mem[X,0x0000000080001C64] -> 0x0F13
mem[X,0x0000000080001C66] -> 0x1FFF
[1822] [M]: 0x0000000080001C64 (0x1FFF0F13) addi t5, t5, 0x1ff
x30 <- 0x0000022AAA8001FF

mem[X,0x0000000080001C68] -> 0x1F13
mem[X,0x0000000080001C6A] -> 0x00AF
[1823] [M]: 0x0000000080001C68 (0x00AF1F13) slli t5, t5, 0xa
x30 <- 0x0008AAAA0007FC00

mem[X,0x0000000080001C6C] -> 0x0F13
mem[X,0x0000000080001C6E] -> 0x1FFF
[1824] [M]: 0x0000000080001C6C (0x1FFF0F13) addi t5, t5, 0x1ff
x30 <- 0x0008AAAA0007FDFF

mem[X,0x0000000080001C70] -> 0x0EB7
mem[X,0x0000000080001C72] -> 0xFFFE
[1825] [M]: 0x0000000080001C70 (0xFFFE0EB7) lui t4, -0x20
x29 <- 0xFFFFFFFFFFFE0000

mem[X,0x0000000080001C74] -> 0x8E93
mem[X,0x0000000080001C76] -> 0x000E
[1826] [M]: 0x0000000080001C74 (0x000E8E93) addi t4, t4, 0x0
x29 <- 0xFFFFFFFFFFFE0000

mem[X,0x0000000080001C78] -> 0x9E93
mem[X,0x0000000080001C7A] -> 0x00BE
[1827] [M]: 0x0000000080001C78 (0x00BE9E93) slli t4, t4, 0xb
x29 <- 0xFFFFFFFFF0000000

mem[X,0x0000000080001C7C] -> 0x8E93
mem[X,0x0000000080001C7E] -> 0x000E
[1828] [M]: 0x0000000080001C7C (0x000E8E93) addi t4, t4, 0x0
x29 <- 0xFFFFFFFFF0000000

mem[X,0x0000000080001C80] -> 0x9E93
mem[X,0x0000000080001C82] -> 0x00BE
[1829] [M]: 0x0000000080001C80 (0x00BE9E93) slli t4, t4, 0xb
x29 <- 0xFFFFFF8000000000

mem[X,0x0000000080001C84] -> 0x8E93
mem[X,0x0000000080001C86] -> 0x1FFE
[1830] [M]: 0x0000000080001C84 (0x1FFE8E93) addi t4, t4, 0x1ff
x29 <- 0xFFFFFF80000001FF

mem[X,0x0000000080001C88] -> 0x9E93
mem[X,0x0000000080001C8A] -> 0x00AE
[1831] [M]: 0x0000000080001C88 (0x00AE9E93) slli t4, t4, 0xa
x29 <- 0xFFFE00000007FC00

mem[X,0x0000000080001C8C] -> 0x8E93
mem[X,0x0000000080001C8E] -> 0x3FBE
[1832] [M]: 0x0000000080001C8C (0x3FBE8E93) addi t4, t4, 0x3fb
x29 <- 0xFFFE00000007FFFB

mem[X,0x0000000080001C90] -> 0x1FBB
mem[X,0x0000000080001C92] -> 0xB1DF
[1833] [M]: 0x0000000080001C90 (0xB1DF1FBB) pmulu.h.beo t6, t5, t4
x31 <- 0x07F800000000FE01

mem[X,0x0000000080001C94] -> 0x3823
mem[X,0x0000000080001C96] -> 0x27F3
[1834] [M]: 0x0000000080001C94 (0x27F33823) sd t6, 0x270(t1)
mem[0x0000000080004418] <- 0x07F800000000FE01

mem[X,0x0000000080001C98] -> 0x0F37
mem[X,0x0000000080001C9A] -> 0x0801
[1835] [M]: 0x0000000080001C98 (0x08010F37) lui t5, 0x8010
x30 <- 0x0000000008010000

mem[X,0x0000000080001C9C] -> 0x0F13
mem[X,0x0000000080001C9E] -> 0xFEFF
[1836] [M]: 0x0000000080001C9C (0xFEFF0F13) addi t5, t5, -0x11
x30 <- 0x000000000800FFEF

mem[X,0x0000000080001CA0] -> 0x1F13
mem[X,0x0000000080001CA2] -> 0x00BF
[1837] [M]: 0x0000000080001CA0 (0x00BF1F13) slli t5, t5, 0xb
x30 <- 0x0000004007FF7800

mem[X,0x0000000080001CA4] -> 0x0F13
mem[X,0x0000000080001CA6] -> 0x7FEF
[1838] [M]: 0x0000000080001CA4 (0x7FEF0F13) addi t5, t5, 0x7fe
x30 <- 0x0000004007FF7FFE

mem[X,0x0000000080001CA8] -> 0x1F13
mem[X,0x0000000080001CAA] -> 0x00BF
[1839] [M]: 0x0000000080001CA8 (0x00BF1F13) slli t5, t5, 0xb
x30 <- 0x0002003FFBFFF000

mem[X,0x0000000080001CAC] -> 0x0F13
mem[X,0x0000000080001CAE] -> 0x7C0F
[1840] [M]: 0x0000000080001CAC (0x7C0F0F13) addi t5, t5, 0x7c0
x30 <- 0x0002003FFBFFF7C0

mem[X,0x0000000080001CB0] -> 0x1F13
mem[X,0x0000000080001CB2] -> 0x00AF
[1841] [M]: 0x0000000080001CB0 (0x00AF1F13) slli t5, t5, 0xa
x30 <- 0x0800FFEFFFDF0000

mem[X,0x0000000080001CB4] -> 0x0F13
mem[X,0x0000000080001CB6] -> 0x002F
[1842] [M]: 0x0000000080001CB4 (0x002F0F13) addi t5, t5, 0x2
x30 <- 0x0800FFEFFFDF0002

mem[X,0x0000000080001CB8] -> 0x8EB7
mem[X,0x0000000080001CBA] -> 0xFFFA
[1843] [M]: 0x0000000080001CB8 (0xFFFA8EB7) lui t4, -0x58
x29 <- 0xFFFFFFFFFFFA8000

mem[X,0x0000000080001CBC] -> 0x8E93
mem[X,0x0000000080001CBE] -> 0x000E
[1844] [M]: 0x0000000080001CBC (0x000E8E93) addi t4, t4, 0x0
x29 <- 0xFFFFFFFFFFFA8000

mem[X,0x0000000080001CC0] -> 0x9E93
mem[X,0x0000000080001CC2] -> 0x00BE
[1845] [M]: 0x0000000080001CC0 (0x00BE9E93) slli t4, t4, 0xb
x29 <- 0xFFFFFFFFD4000000

mem[X,0x0000000080001CC4] -> 0x8E93
mem[X,0x0000000080001CC6] -> 0x1FFE
[1846] [M]: 0x0000000080001CC4 (0x1FFE8E93) addi t4, t4, 0x1ff
x29 <- 0xFFFFFFFFD40001FF

mem[X,0x0000000080001CC8] -> 0x9E93
mem[X,0x0000000080001CCA] -> 0x00BE
[1847] [M]: 0x0000000080001CC8 (0x00BE9E93) slli t4, t4, 0xb
x29 <- 0xFFFFFEA0000FF800

mem[X,0x0000000080001CCC] -> 0x8E93
mem[X,0x0000000080001CCE] -> 0x7FFE
[1848] [M]: 0x0000000080001CCC (0x7FFE8E93) addi t4, t4, 0x7ff
x29 <- 0xFFFFFEA0000FFFFF

mem[X,0x0000000080001CD0] -> 0x9E93
mem[X,0x0000000080001CD2] -> 0x00AE
[1849] [M]: 0x0000000080001CD0 (0x00AE9E93) slli t4, t4, 0xa
x29 <- 0xFFFA80003FFFFC00

mem[X,0x0000000080001CD4] -> 0x8E93
mem[X,0x0000000080001CD6] -> 0x2FFE
[1850] [M]: 0x0000000080001CD4 (0x2FFE8E93) addi t4, t4, 0x2ff
x29 <- 0xFFFA80003FFFFEFF

mem[X,0x0000000080001CD8] -> 0x1FBB
mem[X,0x0000000080001CDA] -> 0xB1DF
[1851] [M]: 0x0000000080001CD8 (0xB1DF1FBB) pmulu.h.beo t6, t5, t4
x31 <- 0x0000778036E101FC

mem[X,0x0000000080001CDC] -> 0x3C23
mem[X,0x0000000080001CDE] -> 0x27F3
[1852] [M]: 0x0000000080001CDC (0x27F33C23) sd t6, 0x278(t1)
mem[0x0000000080004420] <- 0x0000778036E101FC

mem[X,0x0000000080001CE0] -> 0x0F37
mem[X,0x0000000080001CE2] -> 0xFFFD
[1853] [M]: 0x0000000080001CE0 (0xFFFD0F37) lui t5, -0x30
x30 <- 0xFFFFFFFFFFFD0000

mem[X,0x0000000080001CE4] -> 0x0F13
mem[X,0x0000000080001CE6] -> 0x000F
[1854] [M]: 0x0000000080001CE4 (0x000F0F13) addi t5, t5, 0x0
x30 <- 0xFFFFFFFFFFFD0000

mem[X,0x0000000080001CE8] -> 0x1F13
mem[X,0x0000000080001CEA] -> 0x00BF
[1855] [M]: 0x0000000080001CE8 (0x00BF1F13) slli t5, t5, 0xb
x30 <- 0xFFFFFFFFE8000000

mem[X,0x0000000080001CEC] -> 0x0F13
mem[X,0x0000000080001CEE] -> 0x7F7F
[1856] [M]: 0x0000000080001CEC (0x7F7F0F13) addi t5, t5, 0x7f7
x30 <- 0xFFFFFFFFE80007F7

mem[X,0x0000000080001CF0] -> 0x1F13
mem[X,0x0000000080001CF2] -> 0x00BF
[1857] [M]: 0x0000000080001CF0 (0x00BF1F13) slli t5, t5, 0xb
x30 <- 0xFFFFFF40003FB800

mem[X,0x0000000080001CF4] -> 0x0F13
mem[X,0x0000000080001CF6] -> 0x7D5F
[1858] [M]: 0x0000000080001CF4 (0x7D5F0F13) addi t5, t5, 0x7d5
x30 <- 0xFFFFFF40003FBFD5

mem[X,0x0000000080001CF8] -> 0x1F13
mem[X,0x0000000080001CFA] -> 0x00AF
[1859] [M]: 0x0000000080001CF8 (0x00AF1F13) slli t5, t5, 0xa
x30 <- 0xFFFD0000FEFF5400

mem[X,0x0000000080001CFC] -> 0x0F13
mem[X,0x0000000080001CFE] -> 0x155F
[1860] [M]: 0x0000000080001CFC (0x155F0F13) addi t5, t5, 0x155
x30 <- 0xFFFD0000FEFF5555

mem[X,0x0000000080001D00] -> 0x0EB7
mem[X,0x0000000080001D02] -> 0x0020
[1861] [M]: 0x0000000080001D00 (0x00200EB7) lui t4, 0x200
x29 <- 0x0000000000200000

mem[X,0x0000000080001D04] -> 0x8E93
mem[X,0x0000000080001D06] -> 0x004E
[1862] [M]: 0x0000000080001D04 (0x004E8E93) addi t4, t4, 0x4
x29 <- 0x0000000000200004

mem[X,0x0000000080001D08] -> 0x9E93
mem[X,0x0000000080001D0A] -> 0x00BE
[1863] [M]: 0x0000000080001D08 (0x00BE9E93) slli t4, t4, 0xb
x29 <- 0x0000000100002000

mem[X,0x0000000080001D0C] -> 0x8E93
mem[X,0x0000000080001D0E] -> 0x040E
[1864] [M]: 0x0000000080001D0C (0x040E8E93) addi t4, t4, 0x40
x29 <- 0x0000000100002040

mem[X,0x0000000080001D10] -> 0x9E93
mem[X,0x0000000080001D12] -> 0x00BE
[1865] [M]: 0x0000000080001D10 (0x00BE9E93) slli t4, t4, 0xb
x29 <- 0x0000080001020000

mem[X,0x0000000080001D14] -> 0x8E93
mem[X,0x0000000080001D16] -> 0x03FE
[1866] [M]: 0x0000000080001D14 (0x03FE8E93) addi t4, t4, 0x3f
x29 <- 0x000008000102003F

mem[X,0x0000000080001D18] -> 0x9E93
mem[X,0x0000000080001D1A] -> 0x00AE
[1867] [M]: 0x0000000080001D18 (0x00AE9E93) slli t4, t4, 0xa
x29 <- 0x002000040800FC00

mem[X,0x0000000080001D1C] -> 0x8E93
mem[X,0x0000000080001D1E] -> 0x3F8E
[1868] [M]: 0x0000000080001D1C (0x3F8E8E93) addi t4, t4, 0x3f8
x29 <- 0x002000040800FFF8

mem[X,0x0000000080001D20] -> 0x1FBB
mem[X,0x0000000080001D22] -> 0xB1DF
[1869] [M]: 0x0000000080001D20 (0xB1DF1FBB) pmulu.h.beo t6, t5, t4
x31 <- 0x0000000007F854AB

mem[X,0x0000000080001D24] -> 0x3023
mem[X,0x0000000080001D26] -> 0x29F3
[1870] [M]: 0x0000000080001D24 (0x29F33023) sd t6, 0x280(t1)
mem[0x0000000080004428] <- 0x0000000007F854AB

mem[X,0x0000000080001D28] -> 0x5F37
mem[X,0x0000000080001D2A] -> 0x0400
[1871] [M]: 0x0000000080001D28 (0x04005F37) lui t5, 0x4005
x30 <- 0x0000000004005000

mem[X,0x0000000080001D2C] -> 0x0F13
mem[X,0x0000000080001D2E] -> 0x555F
[1872] [M]: 0x0000000080001D2C (0x555F0F13) addi t5, t5, 0x555
x30 <- 0x0000000004005555

mem[X,0x0000000080001D30] -> 0x1F13
mem[X,0x0000000080001D32] -> 0x00BF
[1873] [M]: 0x0000000080001D30 (0x00BF1F13) slli t5, t5, 0xb
x30 <- 0x0000002002AAA800

mem[X,0x0000000080001D34] -> 0x0F13
mem[X,0x0000000080001D36] -> 0x7FFF
[1874] [M]: 0x0000000080001D34 (0x7FFF0F13) addi t5, t5, 0x7ff
x30 <- 0x0000002002AAAFFF

mem[X,0x0000000080001D38] -> 0x1F13
mem[X,0x0000000080001D3A] -> 0x00BF
[1875] [M]: 0x0000000080001D38 (0x00BF1F13) slli t5, t5, 0xb
x30 <- 0x00010015557FF800

mem[X,0x0000000080001D3C] -> 0x0F13
mem[X,0x0000000080001D3E] -> 0x680F
[1876] [M]: 0x0000000080001D3C (0x680F0F13) addi t5, t5, 0x680
x30 <- 0x00010015557FFE80

mem[X,0x0000000080001D40] -> 0x1F13
mem[X,0x0000000080001D42] -> 0x00AF
[1877] [M]: 0x0000000080001D40 (0x00AF1F13) slli t5, t5, 0xa
x30 <- 0x04005555FFFA0000

mem[X,0x0000000080001D44] -> 0x0F13
mem[X,0x0000000080001D46] -> 0x001F
[1878] [M]: 0x0000000080001D44 (0x001F0F13) addi t5, t5, 0x1
x30 <- 0x04005555FFFA0001

mem[X,0x0000000080001D48] -> 0x0EB7
mem[X,0x0000000080001D4A] -> 0x0005
[1879] [M]: 0x0000000080001D48 (0x00050EB7) lui t4, 0x50
x29 <- 0x0000000000050000

mem[X,0x0000000080001D4C] -> 0x8E93
mem[X,0x0000000080001D4E] -> 0x200E
[1880] [M]: 0x0000000080001D4C (0x200E8E93) addi t4, t4, 0x200
x29 <- 0x0000000000050200

mem[X,0x0000000080001D50] -> 0x9E93
mem[X,0x0000000080001D52] -> 0x00BE
[1881] [M]: 0x0000000080001D50 (0x00BE9E93) slli t4, t4, 0xb
x29 <- 0x0000000028100000

mem[X,0x0000000080001D54] -> 0x8E93
mem[X,0x0000000080001D56] -> 0x010E
[1882] [M]: 0x0000000080001D54 (0x010E8E93) addi t4, t4, 0x10
x29 <- 0x0000000028100010

mem[X,0x0000000080001D58] -> 0x9E93
mem[X,0x0000000080001D5A] -> 0x00BE
[1883] [M]: 0x0000000080001D58 (0x00BE9E93) slli t4, t4, 0xb
x29 <- 0x0000014080008000

mem[X,0x0000000080001D5C] -> 0x8E93
mem[X,0x0000000080001D5E] -> 0x03FE
[1884] [M]: 0x0000000080001D5C (0x03FE8E93) addi t4, t4, 0x3f
x29 <- 0x000001408000803F

mem[X,0x0000000080001D60] -> 0x9E93
mem[X,0x0000000080001D62] -> 0x00AE
[1885] [M]: 0x0000000080001D60 (0x00AE9E93) slli t4, t4, 0xa
x29 <- 0x000502000200FC00

mem[X,0x0000000080001D64] -> 0x8E93
mem[X,0x0000000080001D66] -> 0x3DFE
[1886] [M]: 0x0000000080001D64 (0x3DFE8E93) addi t4, t4, 0x3df
x29 <- 0x000502000200FFDF

mem[X,0x0000000080001D68] -> 0x1FBB
mem[X,0x0000000080001D6A] -> 0xB1DF
[1887] [M]: 0x0000000080001D68 (0xB1DF1FBB) pmulu.h.beo t6, t5, t4
x31 <- 0x000000AA01F400FF

mem[X,0x0000000080001D6C] -> 0x3423
mem[X,0x0000000080001D6E] -> 0x29F3
[1888] [M]: 0x0000000080001D6C (0x29F33423) sd t6, 0x288(t1)
mem[0x0000000080004430] <- 0x000000AA01F400FF

mem[X,0x0000000080001D70] -> 0x0F37
mem[X,0x0000000080001D72] -> 0xFF00
[1889] [M]: 0x0000000080001D70 (0xFF000F37) lui t5, -0x1000
x30 <- 0xFFFFFFFFFF000000

mem[X,0x0000000080001D74] -> 0x0F13
mem[X,0x0000000080001D76] -> 0xFFFF
[1890] [M]: 0x0000000080001D74 (0xFFFF0F13) addi t5, t5, -0x1
x30 <- 0xFFFFFFFFFEFFFFFF

mem[X,0x0000000080001D78] -> 0x1F13
mem[X,0x0000000080001D7A] -> 0x00BF
[1891] [M]: 0x0000000080001D78 (0x00BF1F13) slli t5, t5, 0xb
x30 <- 0xFFFFFFF7FFFFF800

mem[X,0x0000000080001D7C] -> 0x0F13
mem[X,0x0000000080001D7E] -> 0x7FEF
[1892] [M]: 0x0000000080001D7C (0x7FEF0F13) addi t5, t5, 0x7fe
x30 <- 0xFFFFFFF7FFFFFFFE

mem[X,0x0000000080001D80] -> 0x1F13
mem[X,0x0000000080001D82] -> 0x00BF
[1893] [M]: 0x0000000080001D80 (0x00BF1F13) slli t5, t5, 0xb
x30 <- 0xFFFFBFFFFFFFF000

mem[X,0x0000000080001D84] -> 0x0F13
mem[X,0x0000000080001D86] -> 0x7DFF
[1894] [M]: 0x0000000080001D84 (0x7DFF0F13) addi t5, t5, 0x7df
x30 <- 0xFFFFBFFFFFFFF7DF

mem[X,0x0000000080001D88] -> 0x1F13
mem[X,0x0000000080001D8A] -> 0x00AF
[1895] [M]: 0x0000000080001D88 (0x00AF1F13) slli t5, t5, 0xa
x30 <- 0xFEFFFFFFFFDF7C00

mem[X,0x0000000080001D8C] -> 0x0F13
mem[X,0x0000000080001D8E] -> 0x3FFF
[1896] [M]: 0x0000000080001D8C (0x3FFF0F13) addi t5, t5, 0x3ff
x30 <- 0xFEFFFFFFFFDF7FFF

mem[X,0x0000000080001D90] -> 0xCEB7
mem[X,0x0000000080001D92] -> 0x0800
[1897] [M]: 0x0000000080001D90 (0x0800CEB7) lui t4, 0x800c
x29 <- 0x000000000800C000

mem[X,0x0000000080001D94] -> 0x8E93
mem[X,0x0000000080001D96] -> 0xFFFE
[1898] [M]: 0x0000000080001D94 (0xFFFE8E93) addi t4, t4, -0x1
x29 <- 0x000000000800BFFF

mem[X,0x0000000080001D98] -> 0x9E93
mem[X,0x0000000080001D9A] -> 0x00BE
[1899] [M]: 0x0000000080001D98 (0x00BE9E93) slli t4, t4, 0xb
x29 <- 0x0000004005FFF800

clint::tick mtime <- 0x0000000000000013
 clint timer pending at mtime 0x0000000000000013
htif::tick 0x0000000000000000
mem[X,0x0000000080001D9C] -> 0x8E93
mem[X,0x0000000080001D9E] -> 0x6FFE
[1900] [M]: 0x0000000080001D9C (0x6FFE8E93) addi t4, t4, 0x6ff
x29 <- 0x0000004005FFFEFF

mem[X,0x0000000080001DA0] -> 0x9E93
mem[X,0x0000000080001DA2] -> 0x00BE
[1901] [M]: 0x0000000080001DA0 (0x00BE9E93) slli t4, t4, 0xb
x29 <- 0x0002002FFFF7F800

mem[X,0x0000000080001DA4] -> 0x8E93
mem[X,0x0000000080001DA6] -> 0x7C0E
[1902] [M]: 0x0000000080001DA4 (0x7C0E8E93) addi t4, t4, 0x7c0
x29 <- 0x0002002FFFF7FFC0

mem[X,0x0000000080001DA8] -> 0x9E93
mem[X,0x0000000080001DAA] -> 0x00AE
[1903] [M]: 0x0000000080001DA8 (0x00AE9E93) slli t4, t4, 0xa
x29 <- 0x0800BFFFDFFF0000

mem[X,0x0000000080001DAC] -> 0x8E93
mem[X,0x0000000080001DAE] -> 0x009E
[1904] [M]: 0x0000000080001DAC (0x009E8E93) addi t4, t4, 0x9
x29 <- 0x0800BFFFDFFF0009

mem[X,0x0000000080001DB0] -> 0x1FBB
mem[X,0x0000000080001DB2] -> 0xB1DF
[1905] [M]: 0x0000000080001DB0 (0xB1DF1FBB) pmulu.h.beo t6, t5, t4
x31 <- 0x07F8BE41C2410000

mem[X,0x0000000080001DB4] -> 0x3823
mem[X,0x0000000080001DB6] -> 0x29F3
[1906] [M]: 0x0000000080001DB4 (0x29F33823) sd t6, 0x290(t1)
mem[0x0000000080004438] <- 0x07F8BE41C2410000

mem[X,0x0000000080001DB8] -> 0x0F37
mem[X,0x0000000080001DBA] -> 0x000A
[1907] [M]: 0x0000000080001DB8 (0x000A0F37) lui t5, 0xa0
x30 <- 0x00000000000A0000

mem[X,0x0000000080001DBC] -> 0x0F13
mem[X,0x0000000080001DBE] -> 0xDFFF
[1908] [M]: 0x0000000080001DBC (0xDFFF0F13) addi t5, t5, -0x201
x30 <- 0x000000000009FDFF

mem[X,0x0000000080001DC0] -> 0x1F13
mem[X,0x0000000080001DC2] -> 0x00BF
[1909] [M]: 0x0000000080001DC0 (0x00BF1F13) slli t5, t5, 0xb
x30 <- 0x000000004FEFF800

mem[X,0x0000000080001DC4] -> 0x0F13
mem[X,0x0000000080001DC6] -> 0x000F
[1910] [M]: 0x0000000080001DC4 (0x000F0F13) addi t5, t5, 0x0
x30 <- 0x000000004FEFF800

mem[X,0x0000000080001DC8] -> 0x1F13
mem[X,0x0000000080001DCA] -> 0x00BF
[1911] [M]: 0x0000000080001DC8 (0x00BF1F13) slli t5, t5, 0xb
x30 <- 0x0000027F7FC00000

mem[X,0x0000000080001DCC] -> 0x0F13
mem[X,0x0000000080001DCE] -> 0x140F
[1912] [M]: 0x0000000080001DCC (0x140F0F13) addi t5, t5, 0x140
x30 <- 0x0000027F7FC00140

mem[X,0x0000000080001DD0] -> 0x1F13
mem[X,0x0000000080001DD2] -> 0x00AF
[1913] [M]: 0x0000000080001DD0 (0x00AF1F13) slli t5, t5, 0xa
x30 <- 0x0009FDFF00050000

mem[X,0x0000000080001DD4] -> 0x0F13
mem[X,0x0000000080001DD6] -> 0x040F
[1914] [M]: 0x0000000080001DD4 (0x040F0F13) addi t5, t5, 0x40
x30 <- 0x0009FDFF00050040

mem[X,0x0000000080001DD8] -> 0x0EB7
mem[X,0x0000000080001DDA] -> 0x1001
[1915] [M]: 0x0000000080001DD8 (0x10010EB7) lui t4, 0x10010
x29 <- 0x0000000010010000

mem[X,0x0000000080001DDC] -> 0x8E93
mem[X,0x0000000080001DDE] -> 0xFFDE
[1916] [M]: 0x0000000080001DDC (0xFFDE8E93) addi t4, t4, -0x3
x29 <- 0x000000001000FFFD

mem[X,0x0000000080001DE0] -> 0x9E93
mem[X,0x0000000080001DE2] -> 0x00BE
[1917] [M]: 0x0000000080001DE0 (0x00BE9E93) slli t4, t4, 0xb
x29 <- 0x0000008007FFE800

mem[X,0x0000000080001DE4] -> 0x8E93
mem[X,0x0000000080001DE6] -> 0x000E
[1918] [M]: 0x0000000080001DE4 (0x000E8E93) addi t4, t4, 0x0
x29 <- 0x0000008007FFE800

mem[X,0x0000000080001DE8] -> 0x9E93
mem[X,0x0000000080001DEA] -> 0x00BE
[1919] [M]: 0x0000000080001DE8 (0x00BE9E93) slli t4, t4, 0xb
x29 <- 0x0004003FFF400000

mem[X,0x0000000080001DEC] -> 0x8E93
mem[X,0x0000000080001DEE] -> 0x0FFE
[1920] [M]: 0x0000000080001DEC (0x0FFE8E93) addi t4, t4, 0xff
x29 <- 0x0004003FFF4000FF

mem[X,0x0000000080001DF0] -> 0x9E93
mem[X,0x0000000080001DF2] -> 0x00AE
[1921] [M]: 0x0000000080001DF0 (0x00AE9E93) slli t4, t4, 0xa
x29 <- 0x1000FFFD0003FC00

mem[X,0x0000000080001DF4] -> 0x8E93
mem[X,0x0000000080001DF6] -> 0x3F9E
[1922] [M]: 0x0000000080001DF4 (0x3F9E8E93) addi t4, t4, 0x3f9
x29 <- 0x1000FFFD0003FFF9

mem[X,0x0000000080001DF8] -> 0x1FBB
mem[X,0x0000000080001DFA] -> 0xB1DF
[1923] [M]: 0x0000000080001DF8 (0xB1DF1FBB) pmulu.h.beo t6, t5, t4
x31 <- 0x0090FE0100003FC0

mem[X,0x0000000080001DFC] -> 0x3C23
mem[X,0x0000000080001DFE] -> 0x29F3
[1924] [M]: 0x0000000080001DFC (0x29F33C23) sd t6, 0x298(t1)
mem[0x0000000080004440] <- 0x0090FE0100003FC0

mem[X,0x0000000080001E00] -> 0x0F37
mem[X,0x0000000080001E02] -> 0xAAAA
[1925] [M]: 0x0000000080001E00 (0xAAAA0F37) lui t5, -0x55560
x30 <- 0xFFFFFFFFAAAA0000

mem[X,0x0000000080001E04] -> 0x0F13
mem[X,0x0000000080001E06] -> 0x200F
[1926] [M]: 0x0000000080001E04 (0x200F0F13) addi t5, t5, 0x200
x30 <- 0xFFFFFFFFAAAA0200

mem[X,0x0000000080001E08] -> 0x1F13
mem[X,0x0000000080001E0A] -> 0x00BF
[1927] [M]: 0x0000000080001E08 (0x00BF1F13) slli t5, t5, 0xb
x30 <- 0xFFFFFD5550100000

mem[X,0x0000000080001E0C] -> 0x0F13
mem[X,0x0000000080001E0E] -> 0x000F
[1928] [M]: 0x0000000080001E0C (0x000F0F13) addi t5, t5, 0x0
x30 <- 0xFFFFFD5550100000

mem[X,0x0000000080001E10] -> 0x1F13
mem[X,0x0000000080001E12] -> 0x00BF
[1929] [M]: 0x0000000080001E10 (0x00BF1F13) slli t5, t5, 0xb
x30 <- 0xFFEAAA8080000000

mem[X,0x0000000080001E14] -> 0x0F13
mem[X,0x0000000080001E16] -> 0x07FF
[1930] [M]: 0x0000000080001E14 (0x07FF0F13) addi t5, t5, 0x7f
x30 <- 0xFFEAAA808000007F

mem[X,0x0000000080001E18] -> 0x1F13
mem[X,0x0000000080001E1A] -> 0x00AF
[1931] [M]: 0x0000000080001E18 (0x00AF1F13) slli t5, t5, 0xa
x30 <- 0xAAAA02000001FC00

mem[X,0x0000000080001E1C] -> 0x0F13
mem[X,0x0000000080001E1E] -> 0x3F7F
[1932] [M]: 0x0000000080001E1C (0x3F7F0F13) addi t5, t5, 0x3f7
x30 <- 0xAAAA02000001FFF7

mem[X,0x0000000080001E20] -> 0x0EB7
mem[X,0x0000000080001E22] -> 0x0006
[1933] [M]: 0x0000000080001E20 (0x00060EB7) lui t4, 0x60
x29 <- 0x0000000000060000

mem[X,0x0000000080001E24] -> 0x8E93
mem[X,0x0000000080001E26] -> 0xDFFE
[1934] [M]: 0x0000000080001E24 (0xDFFE8E93) addi t4, t4, -0x201
x29 <- 0x000000000005FDFF

mem[X,0x0000000080001E28] -> 0x9E93
mem[X,0x0000000080001E2A] -> 0x00BE
[1935] [M]: 0x0000000080001E28 (0x00BE9E93) slli t4, t4, 0xb
x29 <- 0x000000002FEFF800

mem[X,0x0000000080001E2C] -> 0x8E93
mem[X,0x0000000080001E2E] -> 0x020E
[1936] [M]: 0x0000000080001E2C (0x020E8E93) addi t4, t4, 0x20
x29 <- 0x000000002FEFF820

mem[X,0x0000000080001E30] -> 0x9E93
mem[X,0x0000000080001E32] -> 0x00BE
[1937] [M]: 0x0000000080001E30 (0x00BE9E93) slli t4, t4, 0xb
x29 <- 0x0000017F7FC10000

mem[X,0x0000000080001E34] -> 0x8E93
mem[X,0x0000000080001E36] -> 0x000E
[1938] [M]: 0x0000000080001E34 (0x000E8E93) addi t4, t4, 0x0
x29 <- 0x0000017F7FC10000

mem[X,0x0000000080001E38] -> 0x9E93
mem[X,0x0000000080001E3A] -> 0x00AE
[1939] [M]: 0x0000000080001E38 (0x00AE9E93) slli t4, t4, 0xa
x29 <- 0x0005FDFF04000000

mem[X,0x0000000080001E3C] -> 0x8E93
mem[X,0x0000000080001E3E] -> 0x080E
[1940] [M]: 0x0000000080001E3C (0x080E8E93) addi t4, t4, 0x80
x29 <- 0x0005FDFF04000080

mem[X,0x0000000080001E40] -> 0x1FBB
mem[X,0x0000000080001E42] -> 0xB1DF
[1941] [M]: 0x0000000080001E40 (0xB1DF1FBB) pmulu.h.beo t6, t5, t4
x31 <- 0x0000000000040000

mem[X,0x0000000080001E44] -> 0x3023
mem[X,0x0000000080001E46] -> 0x2BF3
[1942] [M]: 0x0000000080001E44 (0x2BF33023) sd t6, 0x2a0(t1)
mem[0x0000000080004448] <- 0x0000000000040000

mem[X,0x0000000080001E48] -> 0x5F37
mem[X,0x0000000080001E4A] -> 0xEFFF
[1943] [M]: 0x0000000080001E48 (0xEFFF5F37) lui t5, -0x1000b
x30 <- 0xFFFFFFFFEFFF5000

mem[X,0x0000000080001E4C] -> 0x0F13
mem[X,0x0000000080001E4E] -> 0x555F
[1944] [M]: 0x0000000080001E4C (0x555F0F13) addi t5, t5, 0x555
x30 <- 0xFFFFFFFFEFFF5555

mem[X,0x0000000080001E50] -> 0x1F13
mem[X,0x0000000080001E52] -> 0x00BF
[1945] [M]: 0x0000000080001E50 (0x00BF1F13) slli t5, t5, 0xb
x30 <- 0xFFFFFF7FFAAAA800

mem[X,0x0000000080001E54] -> 0x0F13
mem[X,0x0000000080001E56] -> 0x020F
[1946] [M]: 0x0000000080001E54 (0x020F0F13) addi t5, t5, 0x20
x30 <- 0xFFFFFF7FFAAAA820

mem[X,0x0000000080001E58] -> 0x1F13
mem[X,0x0000000080001E5A] -> 0x00BF
[1947] [M]: 0x0000000080001E58 (0x00BF1F13) slli t5, t5, 0xb
x30 <- 0xFFFBFFD555410000

mem[X,0x0000000080001E5C] -> 0x0F13
mem[X,0x0000000080001E5E] -> 0x03FF
[1948] [M]: 0x0000000080001E5C (0x03FF0F13) addi t5, t5, 0x3f
x30 <- 0xFFFBFFD55541003F

mem[X,0x0000000080001E60] -> 0x1F13
mem[X,0x0000000080001E62] -> 0x00AF
[1949] [M]: 0x0000000080001E60 (0x00AF1F13) slli t5, t5, 0xa
x30 <- 0xEFFF55550400FC00

mem[X,0x0000000080001E64] -> 0x0F13
mem[X,0x0000000080001E66] -> 0x3EFF
[1950] [M]: 0x0000000080001E64 (0x3EFF0F13) addi t5, t5, 0x3ef
x30 <- 0xEFFF55550400FFEF

mem[X,0x0000000080001E68] -> 0x0EB7
mem[X,0x0000000080001E6A] -> 0x0000
[1951] [M]: 0x0000000080001E68 (0x00000EB7) lui t4, 0x0
x29 <- 0x0000000000000000

mem[X,0x0000000080001E6C] -> 0x8E93
mem[X,0x0000000080001E6E] -> 0xEFFE
[1952] [M]: 0x0000000080001E6C (0xEFFE8E93) addi t4, t4, -0x101
x29 <- 0xFFFFFFFFFFFFFEFF

mem[X,0x0000000080001E70] -> 0x9E93
mem[X,0x0000000080001E72] -> 0x00BE
[1953] [M]: 0x0000000080001E70 (0x00BE9E93) slli t4, t4, 0xb
x29 <- 0xFFFFFFFFFFF7F800

mem[X,0x0000000080001E74] -> 0x8E93
mem[X,0x0000000080001E76] -> 0x000E
[1954] [M]: 0x0000000080001E74 (0x000E8E93) addi t4, t4, 0x0
x29 <- 0xFFFFFFFFFFF7F800

mem[X,0x0000000080001E78] -> 0x9E93
mem[X,0x0000000080001E7A] -> 0x00BE
[1955] [M]: 0x0000000080001E78 (0x00BE9E93) slli t4, t4, 0xb
x29 <- 0xFFFFFFFFBFC00000

mem[X,0x0000000080001E7C] -> 0x8E93
mem[X,0x0000000080001E7E] -> 0x400E
[1956] [M]: 0x0000000080001E7C (0x400E8E93) addi t4, t4, 0x400
x29 <- 0xFFFFFFFFBFC00400

mem[X,0x0000000080001E80] -> 0x9E93
mem[X,0x0000000080001E82] -> 0x00AE
[1957] [M]: 0x0000000080001E80 (0x00AE9E93) slli t4, t4, 0xa
x29 <- 0xFFFFFEFF00100000

mem[X,0x0000000080001E84] -> 0x8E93
mem[X,0x0000000080001E86] -> 0x005E
[1958] [M]: 0x0000000080001E84 (0x005E8E93) addi t4, t4, 0x5
x29 <- 0xFFFFFEFF00100005

mem[X,0x0000000080001E88] -> 0x1FBB
mem[X,0x0000000080001E8A] -> 0xB1DF
[1959] [M]: 0x0000000080001E88 (0xB1DF1FBB) pmulu.h.beo t6, t5, t4
x31 <- 0xFE01545600000000

mem[X,0x0000000080001E8C] -> 0x3423
mem[X,0x0000000080001E8E] -> 0x2BF3
[1960] [M]: 0x0000000080001E8C (0x2BF33423) sd t6, 0x2a8(t1)
mem[0x0000000080004450] <- 0xFE01545600000000

mem[X,0x0000000080001E90] -> 0x006F
mem[X,0x0000000080001E92] -> 0x0380
[1961] [M]: 0x0000000080001E90 (0x0380006F) jal zero, 0x38

mem[X,0x0000000080001EC8] -> 0x0093
mem[X,0x0000000080001ECA] -> 0x0010
[1962] [M]: 0x0000000080001EC8 (0x00100093) addi ra, zero, 0x1
x1 <- 0x0000000000000001

mem[X,0x0000000080001ECC] -> 0x0F17
mem[X,0x0000000080001ECE] -> 0x0000
[1963] [M]: 0x0000000080001ECC (0x00000F17) auipc t5, 0x0
x30 <- 0x0000000080001ECC

mem[X,0x0000000080001ED0] -> 0x2A23
mem[X,0x0000000080001ED2] -> 0x121F
[1964] [M]: 0x0000000080001ED0 (0x121F2A23) sw ra, 0x134(t5)
htif[0x0000000080002000] <- 0x00000001

mem[X,0x0000000080001ED4] -> 0xF06F
mem[X,0x0000000080001ED6] -> 0xFF9F
[1965] [M]: 0x0000000080001ED4 (0xFF9FF06F) jal zero, -0x8

mem[X,0x0000000080001ECC] -> 0x0F17
mem[X,0x0000000080001ECE] -> 0x0000
[1966] [M]: 0x0000000080001ECC (0x00000F17) auipc t5, 0x0
x30 <- 0x0000000080001ECC

mem[X,0x0000000080001ED0] -> 0x2A23
mem[X,0x0000000080001ED2] -> 0x121F
[1967] [M]: 0x0000000080001ED0 (0x121F2A23) sw ra, 0x134(t5)
htif[0x0000000080002000] <- 0x00000001

mem[X,0x0000000080001ED4] -> 0xF06F
mem[X,0x0000000080001ED6] -> 0xFF9F
[1968] [M]: 0x0000000080001ED4 (0xFF9FF06F) jal zero, -0x8

mem[X,0x0000000080001ECC] -> 0x0F17
mem[X,0x0000000080001ECE] -> 0x0000
[1969] [M]: 0x0000000080001ECC (0x00000F17) auipc t5, 0x0
x30 <- 0x0000000080001ECC

mem[X,0x0000000080001ED0] -> 0x2A23
mem[X,0x0000000080001ED2] -> 0x121F
[1970] [M]: 0x0000000080001ED0 (0x121F2A23) sw ra, 0x134(t5)
htif[0x0000000080002000] <- 0x00000001
htif-syscall-proxy cmd: 0x000000000001

SUCCESS
