using /home/chsu/rvp-workspace/test-64/riscof_work/pmhaccsu.h.be-01.S/ref/Reference-sail_c_simulator.signature for test-signature output.
tohost located at 0x80002000
Running file ref.elf.
ELF Entry @ 0x80000000
begin_signature: 0x80004110
end_signature: 0x80004420
CSR mstatus <- 0x0000000A00000000 (input: 0x0000000000000000)
mem[X,0x0000000000001000] -> 0x0297
mem[X,0x0000000000001002] -> 0x0000
[0] [M]: 0x0000000000001000 (0x00000297) auipc t0, 0x0
x5 <- 0x0000000000001000

mem[X,0x0000000000001004] -> 0x8593
mem[X,0x0000000000001006] -> 0x0202
[1] [M]: 0x0000000000001004 (0x02028593) addi a1, t0, 0x20
x11 <- 0x0000000000001020

mem[X,0x0000000000001008] -> 0x2573
mem[X,0x000000000000100A] -> 0xF140
[2] [M]: 0x0000000000001008 (0xF1402573) csrrs a0, mhartid, zero
CSR mhartid -> 0x0000000000000000
x10 <- 0x0000000000000000

mem[X,0x000000000000100C] -> 0xB283
mem[X,0x000000000000100E] -> 0x0182
[3] [M]: 0x000000000000100C (0x0182B283) ld t0, 0x18(t0)
mem[R,0x0000000000001018] -> 0x0000000080000000
x5 <- 0x0000000080000000

mem[X,0x0000000000001010] -> 0x8067
mem[X,0x0000000000001012] -> 0x0002
[4] [M]: 0x0000000000001010 (0x00028067) jalr zero, 0x0(t0)

mem[X,0x0000000080000000] -> 0x0837
mem[X,0x0000000080000002] -> 0x7D5C
[5] [M]: 0x0000000080000000 (0x7D5C0837) lui a6, 0x7d5c0
x16 <- 0x000000007D5C0000

mem[X,0x0000000080000004] -> 0x0813
mem[X,0x0000000080000006] -> 0xDDB8
[6] [M]: 0x0000000080000004 (0xDDB80813) addi a6, a6, -0x225
x16 <- 0x000000007D5BFDDB

mem[X,0x0000000080000008] -> 0x1813
mem[X,0x000000008000000A] -> 0x00B8
[7] [M]: 0x0000000080000008 (0x00B81813) slli a6, a6, 0xb
x16 <- 0x000003EADFEED800

mem[X,0x000000008000000C] -> 0x0813
mem[X,0x000000008000000E] -> 0x3EA8
[8] [M]: 0x000000008000000C (0x3EA80813) addi a6, a6, 0x3ea
x16 <- 0x000003EADFEEDBEA

mem[X,0x0000000080000010] -> 0x1813
mem[X,0x0000000080000012] -> 0x00B8
[9] [M]: 0x0000000080000010 (0x00B81813) slli a6, a6, 0xb
x16 <- 0x001F56FF76DF5000

mem[X,0x0000000080000014] -> 0x0813
mem[X,0x0000000080000016] -> 0x6FF8
[10] [M]: 0x0000000080000014 (0x6FF80813) addi a6, a6, 0x6ff
x16 <- 0x001F56FF76DF56FF

mem[X,0x0000000080000018] -> 0x1813
mem[X,0x000000008000001A] -> 0x00A8
[11] [M]: 0x0000000080000018 (0x00A81813) slli a6, a6, 0xa
x16 <- 0x7D5BFDDB7D5BFC00

mem[X,0x000000008000001C] -> 0x0813
mem[X,0x000000008000001E] -> 0x1DB8
[12] [M]: 0x000000008000001C (0x1DB80813) addi a6, a6, 0x1db
x16 <- 0x7D5BFDDB7D5BFDDB

mem[X,0x0000000080000020] -> 0x5893
mem[X,0x0000000080000022] -> 0x0078
[13] [M]: 0x0000000080000020 (0x00785893) srli a7, a6, 0x7
x17 <- 0x00FAB7FBB6FAB7FB

mem[X,0x0000000080000024] -> 0x5793
mem[X,0x0000000080000026] -> 0x0398
[14] [M]: 0x0000000080000024 (0x03985793) srli a5, a6, 0x39
x15 <- 0x000000000000003E

mem[X,0x0000000080000028] -> 0xE8B3
mem[X,0x000000008000002A] -> 0x00F8
[15] [M]: 0x0000000080000028 (0x00F8E8B3) or a7, a7, a5
x17 <- 0x00FAB7FBB6FAB7FF

mem[X,0x000000008000002C] -> 0xD913
mem[X,0x000000008000002E] -> 0x0078
[16] [M]: 0x000000008000002C (0x0078D913) srli s2, a7, 0x7
x18 <- 0x0001F56FF76DF56F

mem[X,0x0000000080000030] -> 0xD793
mem[X,0x0000000080000032] -> 0x0398
[17] [M]: 0x0000000080000030 (0x0398D793) srli a5, a7, 0x39
x15 <- 0x0000000000000000

mem[X,0x0000000080000034] -> 0x6933
mem[X,0x0000000080000036] -> 0x00F9
[18] [M]: 0x0000000080000034 (0x00F96933) or s2, s2, a5
x18 <- 0x0001F56FF76DF56F

mem[X,0x0000000080000038] -> 0x5993
mem[X,0x000000008000003A] -> 0x0079
[19] [M]: 0x0000000080000038 (0x00795993) srli s3, s2, 0x7
x19 <- 0x000003EADFEEDBEA

mem[X,0x000000008000003C] -> 0x5793
mem[X,0x000000008000003E] -> 0x0399
[20] [M]: 0x000000008000003C (0x03995793) srli a5, s2, 0x39
x15 <- 0x0000000000000000

mem[X,0x0000000080000040] -> 0xE9B3
mem[X,0x0000000080000042] -> 0x00F9
[21] [M]: 0x0000000080000040 (0x00F9E9B3) or s3, s3, a5
x19 <- 0x000003EADFEEDBEA

mem[X,0x0000000080000044] -> 0xDA13
mem[X,0x0000000080000046] -> 0x0079
[22] [M]: 0x0000000080000044 (0x0079DA13) srli s4, s3, 0x7
x20 <- 0x00000007D5BFDDB7

mem[X,0x0000000080000048] -> 0xD793
mem[X,0x000000008000004A] -> 0x0399
[23] [M]: 0x0000000080000048 (0x0399D793) srli a5, s3, 0x39
x15 <- 0x0000000000000000

mem[X,0x000000008000004C] -> 0x6A33
mem[X,0x000000008000004E] -> 0x00FA
[24] [M]: 0x000000008000004C (0x00FA6A33) or s4, s4, a5
x20 <- 0x00000007D5BFDDB7

mem[X,0x0000000080000050] -> 0x5A93
mem[X,0x0000000080000052] -> 0x007A
[25] [M]: 0x0000000080000050 (0x007A5A93) srli s5, s4, 0x7
x21 <- 0x000000000FAB7FBB

mem[X,0x0000000080000054] -> 0x5793
mem[X,0x0000000080000056] -> 0x039A
[26] [M]: 0x0000000080000054 (0x039A5793) srli a5, s4, 0x39
x15 <- 0x0000000000000000

mem[X,0x0000000080000058] -> 0xEAB3
mem[X,0x000000008000005A] -> 0x00FA
[27] [M]: 0x0000000080000058 (0x00FAEAB3) or s5, s5, a5
x21 <- 0x000000000FAB7FBB

mem[X,0x000000008000005C] -> 0xDB13
mem[X,0x000000008000005E] -> 0x007A
[28] [M]: 0x000000008000005C (0x007ADB13) srli s6, s5, 0x7
x22 <- 0x00000000001F56FF

mem[X,0x0000000080000060] -> 0xD793
mem[X,0x0000000080000062] -> 0x039A
[29] [M]: 0x0000000080000060 (0x039AD793) srli a5, s5, 0x39
x15 <- 0x0000000000000000

mem[X,0x0000000080000064] -> 0x6B33
mem[X,0x0000000080000066] -> 0x00FB
[30] [M]: 0x0000000080000064 (0x00FB6B33) or s6, s6, a5
x22 <- 0x00000000001F56FF

mem[X,0x0000000080000068] -> 0x5B93
mem[X,0x000000008000006A] -> 0x007B
[31] [M]: 0x0000000080000068 (0x007B5B93) srli s7, s6, 0x7
x23 <- 0x0000000000003EAD

mem[X,0x000000008000006C] -> 0x5793
mem[X,0x000000008000006E] -> 0x039B
[32] [M]: 0x000000008000006C (0x039B5793) srli a5, s6, 0x39
x15 <- 0x0000000000000000

mem[X,0x0000000080000070] -> 0xEBB3
mem[X,0x0000000080000072] -> 0x00FB
[33] [M]: 0x0000000080000070 (0x00FBEBB3) or s7, s7, a5
x23 <- 0x0000000000003EAD

mem[X,0x0000000080000074] -> 0xDC13
mem[X,0x0000000080000076] -> 0x007B
[34] [M]: 0x0000000080000074 (0x007BDC13) srli s8, s7, 0x7
x24 <- 0x000000000000007D

mem[X,0x0000000080000078] -> 0xD793
mem[X,0x000000008000007A] -> 0x039B
[35] [M]: 0x0000000080000078 (0x039BD793) srli a5, s7, 0x39
x15 <- 0x0000000000000000

mem[X,0x000000008000007C] -> 0x6C33
mem[X,0x000000008000007E] -> 0x00FC
[36] [M]: 0x000000008000007C (0x00FC6C33) or s8, s8, a5
x24 <- 0x000000000000007D

mem[X,0x0000000080000080] -> 0x5C93
mem[X,0x0000000080000082] -> 0x007C
[37] [M]: 0x0000000080000080 (0x007C5C93) srli s9, s8, 0x7
x25 <- 0x0000000000000000

mem[X,0x0000000080000084] -> 0x5793
mem[X,0x0000000080000086] -> 0x039C
[38] [M]: 0x0000000080000084 (0x039C5793) srli a5, s8, 0x39
x15 <- 0x0000000000000000

mem[X,0x0000000080000088] -> 0xECB3
mem[X,0x000000008000008A] -> 0x00FC
[39] [M]: 0x0000000080000088 (0x00FCECB3) or s9, s9, a5
x25 <- 0x0000000000000000

mem[X,0x000000008000008C] -> 0xDD13
mem[X,0x000000008000008E] -> 0x007C
[40] [M]: 0x000000008000008C (0x007CDD13) srli s10, s9, 0x7
x26 <- 0x0000000000000000

mem[X,0x0000000080000090] -> 0xD793
mem[X,0x0000000080000092] -> 0x039C
[41] [M]: 0x0000000080000090 (0x039CD793) srli a5, s9, 0x39
x15 <- 0x0000000000000000

mem[X,0x0000000080000094] -> 0x6D33
mem[X,0x0000000080000096] -> 0x00FD
[42] [M]: 0x0000000080000094 (0x00FD6D33) or s10, s10, a5
x26 <- 0x0000000000000000

mem[X,0x0000000080000098] -> 0x5D93
mem[X,0x000000008000009A] -> 0x007D
[43] [M]: 0x0000000080000098 (0x007D5D93) srli s11, s10, 0x7
x27 <- 0x0000000000000000

mem[X,0x000000008000009C] -> 0x5793
mem[X,0x000000008000009E] -> 0x039D
[44] [M]: 0x000000008000009C (0x039D5793) srli a5, s10, 0x39
x15 <- 0x0000000000000000

mem[X,0x00000000800000A0] -> 0xEDB3
mem[X,0x00000000800000A2] -> 0x00FD
[45] [M]: 0x00000000800000A0 (0x00FDEDB3) or s11, s11, a5
x27 <- 0x0000000000000000

mem[X,0x00000000800000A4] -> 0xDE13
mem[X,0x00000000800000A6] -> 0x007D
[46] [M]: 0x00000000800000A4 (0x007DDE13) srli t3, s11, 0x7
x28 <- 0x0000000000000000

mem[X,0x00000000800000A8] -> 0xD793
mem[X,0x00000000800000AA] -> 0x039D
[47] [M]: 0x00000000800000A8 (0x039DD793) srli a5, s11, 0x39
x15 <- 0x0000000000000000

mem[X,0x00000000800000AC] -> 0x6E33
mem[X,0x00000000800000AE] -> 0x00FE
[48] [M]: 0x00000000800000AC (0x00FE6E33) or t3, t3, a5
x28 <- 0x0000000000000000

mem[X,0x00000000800000B0] -> 0x5E93
mem[X,0x00000000800000B2] -> 0x007E
[49] [M]: 0x00000000800000B0 (0x007E5E93) srli t4, t3, 0x7
x29 <- 0x0000000000000000

mem[X,0x00000000800000B4] -> 0x5793
mem[X,0x00000000800000B6] -> 0x039E
[50] [M]: 0x00000000800000B4 (0x039E5793) srli a5, t3, 0x39
x15 <- 0x0000000000000000

mem[X,0x00000000800000B8] -> 0xEEB3
mem[X,0x00000000800000BA] -> 0x00FE
[51] [M]: 0x00000000800000B8 (0x00FEEEB3) or t4, t4, a5
x29 <- 0x0000000000000000

mem[X,0x00000000800000BC] -> 0xDF13
mem[X,0x00000000800000BE] -> 0x007E
[52] [M]: 0x00000000800000BC (0x007EDF13) srli t5, t4, 0x7
x30 <- 0x0000000000000000

mem[X,0x00000000800000C0] -> 0xD793
mem[X,0x00000000800000C2] -> 0x039E
[53] [M]: 0x00000000800000C0 (0x039ED793) srli a5, t4, 0x39
x15 <- 0x0000000000000000

mem[X,0x00000000800000C4] -> 0x6F33
mem[X,0x00000000800000C6] -> 0x00FF
[54] [M]: 0x00000000800000C4 (0x00FF6F33) or t5, t5, a5
x30 <- 0x0000000000000000

mem[X,0x00000000800000C8] -> 0xC0B7
mem[X,0x00000000800000CA] -> 0xFEED
[55] [M]: 0x00000000800000C8 (0xFEEDC0B7) lui ra, -0x1124
x1 <- 0xFFFFFFFFFEEDC000

mem[X,0x00000000800000CC] -> 0x8093
mem[X,0x00000000800000CE] -> 0xEAD0
[56] [M]: 0x00000000800000CC (0xEAD08093) addi ra, ra, -0x153
x1 <- 0xFFFFFFFFFEEDBEAD

mem[X,0x00000000800000D0] -> 0x9093
mem[X,0x00000000800000D2] -> 0x00B0
[57] [M]: 0x00000000800000D0 (0x00B09093) slli ra, ra, 0xb
x1 <- 0xFFFFFFF76DF56800

mem[X,0x00000000800000D4] -> 0x8093
mem[X,0x00000000800000D6] -> 0x7F70
[58] [M]: 0x00000000800000D4 (0x7F708093) addi ra, ra, 0x7f7
x1 <- 0xFFFFFFF76DF56FF7

mem[X,0x00000000800000D8] -> 0x9093
mem[X,0x00000000800000DA] -> 0x00B0
[59] [M]: 0x00000000800000D8 (0x00B09093) slli ra, ra, 0xb
x1 <- 0xFFFFBB6FAB7FB800

mem[X,0x00000000800000DC] -> 0x8093
mem[X,0x00000000800000DE] -> 0x36F0
[60] [M]: 0x00000000800000DC (0x36F08093) addi ra, ra, 0x36f
x1 <- 0xFFFFBB6FAB7FBB6F

mem[X,0x00000000800000E0] -> 0x9093
mem[X,0x00000000800000E2] -> 0x00A0
[61] [M]: 0x00000000800000E0 (0x00A09093) slli ra, ra, 0xa
x1 <- 0xFEEDBEADFEEDBC00

mem[X,0x00000000800000E4] -> 0x8093
mem[X,0x00000000800000E6] -> 0x2AD0
[62] [M]: 0x00000000800000E4 (0x2AD08093) addi ra, ra, 0x2ad
x1 <- 0xFEEDBEADFEEDBEAD

mem[X,0x00000000800000E8] -> 0xD113
mem[X,0x00000000800000EA] -> 0x0070
[63] [M]: 0x00000000800000E8 (0x0070D113) srli sp, ra, 0x7
x2 <- 0x01FDDB7D5BFDDB7D

mem[X,0x00000000800000EC] -> 0xD793
mem[X,0x00000000800000EE] -> 0x0390
[64] [M]: 0x00000000800000EC (0x0390D793) srli a5, ra, 0x39
x15 <- 0x000000000000007F

mem[X,0x00000000800000F0] -> 0x6133
mem[X,0x00000000800000F2] -> 0x00F1
[65] [M]: 0x00000000800000F0 (0x00F16133) or sp, sp, a5
x2 <- 0x01FDDB7D5BFDDB7F

mem[X,0x00000000800000F4] -> 0x5193
mem[X,0x00000000800000F6] -> 0x0071
[66] [M]: 0x00000000800000F4 (0x00715193) srli gp, sp, 0x7
x3 <- 0x0003FBB6FAB7FBB6

mem[X,0x00000000800000F8] -> 0x5793
mem[X,0x00000000800000FA] -> 0x0391
[67] [M]: 0x00000000800000F8 (0x03915793) srli a5, sp, 0x39
x15 <- 0x0000000000000000

mem[X,0x00000000800000FC] -> 0xE1B3
mem[X,0x00000000800000FE] -> 0x00F1
[68] [M]: 0x00000000800000FC (0x00F1E1B3) or gp, gp, a5
x3 <- 0x0003FBB6FAB7FBB6

mem[X,0x0000000080000100] -> 0xD213
mem[X,0x0000000080000102] -> 0x0071
[69] [M]: 0x0000000080000100 (0x0071D213) srli tp, gp, 0x7
x4 <- 0x000007F76DF56FF7

mem[X,0x0000000080000104] -> 0xD793
mem[X,0x0000000080000106] -> 0x0391
[70] [M]: 0x0000000080000104 (0x0391D793) srli a5, gp, 0x39
x15 <- 0x0000000000000000

mem[X,0x0000000080000108] -> 0x6233
mem[X,0x000000008000010A] -> 0x00F2
[71] [M]: 0x0000000080000108 (0x00F26233) or tp, tp, a5
x4 <- 0x000007F76DF56FF7

mem[X,0x000000008000010C] -> 0x5293
mem[X,0x000000008000010E] -> 0x0072
[72] [M]: 0x000000008000010C (0x00725293) srli t0, tp, 0x7
x5 <- 0x0000000FEEDBEADF

mem[X,0x0000000080000110] -> 0x5793
mem[X,0x0000000080000112] -> 0x0392
[73] [M]: 0x0000000080000110 (0x03925793) srli a5, tp, 0x39
x15 <- 0x0000000000000000

mem[X,0x0000000080000114] -> 0xE2B3
mem[X,0x0000000080000116] -> 0x00F2
[74] [M]: 0x0000000080000114 (0x00F2E2B3) or t0, t0, a5
x5 <- 0x0000000FEEDBEADF

mem[X,0x0000000080000118] -> 0xD313
mem[X,0x000000008000011A] -> 0x0072
[75] [M]: 0x0000000080000118 (0x0072D313) srli t1, t0, 0x7
x6 <- 0x000000001FDDB7D5

mem[X,0x000000008000011C] -> 0xD793
mem[X,0x000000008000011E] -> 0x0392
[76] [M]: 0x000000008000011C (0x0392D793) srli a5, t0, 0x39
x15 <- 0x0000000000000000

mem[X,0x0000000080000120] -> 0x6333
mem[X,0x0000000080000122] -> 0x00F3
[77] [M]: 0x0000000080000120 (0x00F36333) or t1, t1, a5
x6 <- 0x000000001FDDB7D5

mem[X,0x0000000080000124] -> 0x5393
mem[X,0x0000000080000126] -> 0x0073
[78] [M]: 0x0000000080000124 (0x00735393) srli t2, t1, 0x7
x7 <- 0x00000000003FBB6F

mem[X,0x0000000080000128] -> 0x5793
mem[X,0x000000008000012A] -> 0x0393
[79] [M]: 0x0000000080000128 (0x03935793) srli a5, t1, 0x39
x15 <- 0x0000000000000000

mem[X,0x000000008000012C] -> 0xE3B3
mem[X,0x000000008000012E] -> 0x00F3
[80] [M]: 0x000000008000012C (0x00F3E3B3) or t2, t2, a5
x7 <- 0x00000000003FBB6F

mem[X,0x0000000080000130] -> 0xD413
mem[X,0x0000000080000132] -> 0x0073
[81] [M]: 0x0000000080000130 (0x0073D413) srli fp, t2, 0x7
x8 <- 0x0000000000007F76

mem[X,0x0000000080000134] -> 0xD793
mem[X,0x0000000080000136] -> 0x0393
[82] [M]: 0x0000000080000134 (0x0393D793) srli a5, t2, 0x39
x15 <- 0x0000000000000000

mem[X,0x0000000080000138] -> 0x6433
mem[X,0x000000008000013A] -> 0x00F4
[83] [M]: 0x0000000080000138 (0x00F46433) or fp, fp, a5
x8 <- 0x0000000000007F76

mem[X,0x000000008000013C] -> 0x5493
mem[X,0x000000008000013E] -> 0x0074
[84] [M]: 0x000000008000013C (0x00745493) srli s1, fp, 0x7
x9 <- 0x00000000000000FE

mem[X,0x0000000080000140] -> 0x5793
mem[X,0x0000000080000142] -> 0x0394
[85] [M]: 0x0000000080000140 (0x03945793) srli a5, fp, 0x39
x15 <- 0x0000000000000000

mem[X,0x0000000080000144] -> 0xE4B3
mem[X,0x0000000080000146] -> 0x00F4
[86] [M]: 0x0000000080000144 (0x00F4E4B3) or s1, s1, a5
x9 <- 0x00000000000000FE

mem[X,0x0000000080000148] -> 0xD513
mem[X,0x000000008000014A] -> 0x0074
[87] [M]: 0x0000000080000148 (0x0074D513) srli a0, s1, 0x7
x10 <- 0x0000000000000001

mem[X,0x000000008000014C] -> 0xD793
mem[X,0x000000008000014E] -> 0x0394
[88] [M]: 0x000000008000014C (0x0394D793) srli a5, s1, 0x39
x15 <- 0x0000000000000000

mem[X,0x0000000080000150] -> 0x6533
mem[X,0x0000000080000152] -> 0x00F5
[89] [M]: 0x0000000080000150 (0x00F56533) or a0, a0, a5
x10 <- 0x0000000000000001

mem[X,0x0000000080000154] -> 0x5593
mem[X,0x0000000080000156] -> 0x0075
[90] [M]: 0x0000000080000154 (0x00755593) srli a1, a0, 0x7
x11 <- 0x0000000000000000

mem[X,0x0000000080000158] -> 0x5793
mem[X,0x000000008000015A] -> 0x0395
[91] [M]: 0x0000000080000158 (0x03955793) srli a5, a0, 0x39
x15 <- 0x0000000000000000

mem[X,0x000000008000015C] -> 0xE5B3
mem[X,0x000000008000015E] -> 0x00F5
[92] [M]: 0x000000008000015C (0x00F5E5B3) or a1, a1, a5
x11 <- 0x0000000000000000

mem[X,0x0000000080000160] -> 0xD613
mem[X,0x0000000080000162] -> 0x0075
[93] [M]: 0x0000000080000160 (0x0075D613) srli a2, a1, 0x7
x12 <- 0x0000000000000000

mem[X,0x0000000080000164] -> 0xD793
mem[X,0x0000000080000166] -> 0x0395
[94] [M]: 0x0000000080000164 (0x0395D793) srli a5, a1, 0x39
x15 <- 0x0000000000000000

mem[X,0x0000000080000168] -> 0x6633
mem[X,0x000000008000016A] -> 0x00F6
[95] [M]: 0x0000000080000168 (0x00F66633) or a2, a2, a5
x12 <- 0x0000000000000000

mem[X,0x000000008000016C] -> 0x5693
mem[X,0x000000008000016E] -> 0x0076
[96] [M]: 0x000000008000016C (0x00765693) srli a3, a2, 0x7
x13 <- 0x0000000000000000

mem[X,0x0000000080000170] -> 0x5793
mem[X,0x0000000080000172] -> 0x0396
[97] [M]: 0x0000000080000170 (0x03965793) srli a5, a2, 0x39
x15 <- 0x0000000000000000

mem[X,0x0000000080000174] -> 0xE6B3
mem[X,0x0000000080000176] -> 0x00F6
[98] [M]: 0x0000000080000174 (0x00F6E6B3) or a3, a3, a5
x13 <- 0x0000000000000000

mem[X,0x0000000080000178] -> 0x0013
mem[X,0x000000008000017A] -> 0x0000
[99] [M]: 0x0000000080000178 (0x00000013) addi zero, zero, 0x0

clint::tick mtime <- 0x0000000000000001
 clint timer pending at mtime 0x0000000000000001
htif::tick 0x0000000000000000
mem[X,0x000000008000017C] -> 0x0013
mem[X,0x000000008000017E] -> 0x0000
[100] [M]: 0x000000008000017C (0x00000013) addi zero, zero, 0x0

mem[X,0x0000000080000180] -> 0x4497
mem[X,0x0000000080000182] -> 0x0000
[101] [M]: 0x0000000080000180 (0x00004497) auipc s1, 0x4
x9 <- 0x0000000080004180

mem[X,0x0000000080000184] -> 0x8493
mem[X,0x0000000080000186] -> 0xF984
[102] [M]: 0x0000000080000184 (0xF9848493) addi s1, s1, -0x68
x9 <- 0x0000000080004118

mem[X,0x0000000080000188] -> 0x0013
mem[X,0x000000008000018A] -> 0x0000
[103] [M]: 0x0000000080000188 (0x00000013) addi zero, zero, 0x0

mem[X,0x000000008000018C] -> 0x0013
mem[X,0x000000008000018E] -> 0x0000
[104] [M]: 0x000000008000018C (0x00000013) addi zero, zero, 0x0

mem[X,0x0000000080000190] -> 0x0013
mem[X,0x0000000080000192] -> 0x0000
[105] [M]: 0x0000000080000190 (0x00000013) addi zero, zero, 0x0

mem[X,0x0000000080000194] -> 0x0013
mem[X,0x0000000080000196] -> 0x0000
[106] [M]: 0x0000000080000194 (0x00000013) addi zero, zero, 0x0

mem[X,0x0000000080000198] -> 0x0013
mem[X,0x000000008000019A] -> 0x0000
[107] [M]: 0x0000000080000198 (0x00000013) addi zero, zero, 0x0

mem[X,0x000000008000019C] -> 0x0013
mem[X,0x000000008000019E] -> 0x0000
[108] [M]: 0x000000008000019C (0x00000013) addi zero, zero, 0x0

mem[X,0x00000000800001A0] -> 0xC337
mem[X,0x00000000800001A2] -> 0x0000
[109] [M]: 0x00000000800001A0 (0x0000C337) lui t1, 0xc
x6 <- 0x000000000000C000

mem[X,0x00000000800001A4] -> 0x0313
mem[X,0x00000000800001A6] -> 0xFFF3
[110] [M]: 0x00000000800001A4 (0xFFF30313) addi t1, t1, -0x1
x6 <- 0x000000000000BFFF

mem[X,0x00000000800001A8] -> 0x1313
mem[X,0x00000000800001AA] -> 0x00B3
[111] [M]: 0x00000000800001A8 (0x00B31313) slli t1, t1, 0xb
x6 <- 0x0000000005FFF800

mem[X,0x00000000800001AC] -> 0x0313
mem[X,0x00000000800001AE] -> 0x7FD3
[112] [M]: 0x00000000800001AC (0x7FD30313) addi t1, t1, 0x7fd
x6 <- 0x0000000005FFFFFD

mem[X,0x00000000800001B0] -> 0x1313
mem[X,0x00000000800001B2] -> 0x00B3
[113] [M]: 0x00000000800001B0 (0x00B31313) slli t1, t1, 0xb
x6 <- 0x0000002FFFFFE800

mem[X,0x00000000800001B4] -> 0x0313
mem[X,0x00000000800001B6] -> 0x7E03
[114] [M]: 0x00000000800001B4 (0x7E030313) addi t1, t1, 0x7e0
x6 <- 0x0000002FFFFFEFE0

mem[X,0x00000000800001B8] -> 0x1313
mem[X,0x00000000800001BA] -> 0x00A3
[115] [M]: 0x00000000800001B8 (0x00A31313) slli t1, t1, 0xa
x6 <- 0x0000BFFFFFBF8000

mem[X,0x00000000800001BC] -> 0xCE37
mem[X,0x00000000800001BE] -> 0x0400
[116] [M]: 0x00000000800001BC (0x0400CE37) lui t3, 0x400c
x28 <- 0x000000000400C000

mem[X,0x00000000800001C0] -> 0x0E13
mem[X,0x00000000800001C2] -> 0xFFFE
[117] [M]: 0x00000000800001C0 (0xFFFE0E13) addi t3, t3, -0x1
x28 <- 0x000000000400BFFF

mem[X,0x00000000800001C4] -> 0x1E13
mem[X,0x00000000800001C6] -> 0x00BE
[118] [M]: 0x00000000800001C4 (0x00BE1E13) slli t3, t3, 0xb
x28 <- 0x0000002005FFF800

mem[X,0x00000000800001C8] -> 0x0E13
mem[X,0x00000000800001CA] -> 0x008E
[119] [M]: 0x00000000800001C8 (0x008E0E13) addi t3, t3, 0x8
x28 <- 0x0000002005FFF808

mem[X,0x00000000800001CC] -> 0x1E13
mem[X,0x00000000800001CE] -> 0x00BE
[120] [M]: 0x00000000800001CC (0x00BE1E13) slli t3, t3, 0xb
x28 <- 0x0001002FFFC04000

mem[X,0x00000000800001D0] -> 0x0E13
mem[X,0x00000000800001D2] -> 0x037E
[121] [M]: 0x00000000800001D0 (0x037E0E13) addi t3, t3, 0x37
x28 <- 0x0001002FFFC04037

mem[X,0x00000000800001D4] -> 0x1E13
mem[X,0x00000000800001D6] -> 0x00AE
[122] [M]: 0x00000000800001D4 (0x00AE1E13) slli t3, t3, 0xa
x28 <- 0x0400BFFF0100DC00

mem[X,0x00000000800001D8] -> 0x0E13
mem[X,0x00000000800001DA] -> 0x3FFE
[123] [M]: 0x00000000800001D8 (0x3FFE0E13) addi t3, t3, 0x3ff
x28 <- 0x0400BFFF0100DFFF

mem[X,0x00000000800001DC] -> 0x7E3B
mem[X,0x00000000800001DE] -> 0xADC3
[124] [M]: 0x00000000800001DC (0xADC37E3B) pmhaccsu.h.be t3, t1, t3
x28 <- 0x0400C0BE0100E07E

mem[X,0x00000000800001E0] -> 0xB023
mem[X,0x00000000800001E2] -> 0x01C4
[125] [M]: 0x00000000800001E0 (0x01C4B023) sd t3, 0x0(s1)
mem[0x0000000080004118] <- 0x0400C0BE0100E07E

mem[X,0x00000000800001E4] -> 0x06B7
mem[X,0x00000000800001E6] -> 0x0081
[126] [M]: 0x00000000800001E4 (0x008106B7) lui a3, 0x810
x13 <- 0x0000000000810000

mem[X,0x00000000800001E8] -> 0x8693
mem[X,0x00000000800001EA] -> 0xFFA6
[127] [M]: 0x00000000800001E8 (0xFFA68693) addi a3, a3, -0x6
x13 <- 0x000000000080FFFA

mem[X,0x00000000800001EC] -> 0x9693
mem[X,0x00000000800001EE] -> 0x00B6
[128] [M]: 0x00000000800001EC (0x00B69693) slli a3, a3, 0xb
x13 <- 0x0000000407FFD000

mem[X,0x00000000800001F0] -> 0x8693
mem[X,0x00000000800001F2] -> 0x5FF6
[129] [M]: 0x00000000800001F0 (0x5FF68693) addi a3, a3, 0x5ff
x13 <- 0x0000000407FFD5FF

mem[X,0x00000000800001F4] -> 0x9693
mem[X,0x00000000800001F6] -> 0x00B6
[130] [M]: 0x00000000800001F4 (0x00B69693) slli a3, a3, 0xb
x13 <- 0x0000203FFEAFF800

mem[X,0x00000000800001F8] -> 0x8693
mem[X,0x00000000800001FA] -> 0x7FF6
[131] [M]: 0x00000000800001F8 (0x7FF68693) addi a3, a3, 0x7ff
x13 <- 0x0000203FFEAFFFFF

mem[X,0x00000000800001FC] -> 0x9693
mem[X,0x00000000800001FE] -> 0x00A6
[132] [M]: 0x00000000800001FC (0x00A69693) slli a3, a3, 0xa
x13 <- 0x0080FFFABFFFFC00

mem[X,0x0000000080000200] -> 0x8693
mem[X,0x0000000080000202] -> 0x3FF6
[133] [M]: 0x0000000080000200 (0x3FF68693) addi a3, a3, 0x3ff
x13 <- 0x0080FFFABFFFFFFF

mem[X,0x0000000080000204] -> 0x06B7
mem[X,0x0000000080000206] -> 0x1000
[134] [M]: 0x0000000080000204 (0x100006B7) lui a3, 0x10000
x13 <- 0x0000000010000000

mem[X,0x0000000080000208] -> 0x8693
mem[X,0x000000008000020A] -> 0x0046
[135] [M]: 0x0000000080000208 (0x00468693) addi a3, a3, 0x4
x13 <- 0x0000000010000004

mem[X,0x000000008000020C] -> 0x9693
mem[X,0x000000008000020E] -> 0x00B6
[136] [M]: 0x000000008000020C (0x00B69693) slli a3, a3, 0xb
x13 <- 0x0000008000002000

mem[X,0x0000000080000210] -> 0x8693
mem[X,0x0000000080000212] -> 0x77F6
[137] [M]: 0x0000000080000210 (0x77F68693) addi a3, a3, 0x77f
x13 <- 0x000000800000277F

mem[X,0x0000000080000214] -> 0x9693
mem[X,0x0000000080000216] -> 0x00B6
[138] [M]: 0x0000000080000214 (0x00B69693) slli a3, a3, 0xb
x13 <- 0x00040000013BF800

mem[X,0x0000000080000218] -> 0x8693
mem[X,0x000000008000021A] -> 0x7C06
[139] [M]: 0x0000000080000218 (0x7C068693) addi a3, a3, 0x7c0
x13 <- 0x00040000013BFFC0

mem[X,0x000000008000021C] -> 0x9693
mem[X,0x000000008000021E] -> 0x00A6
[140] [M]: 0x000000008000021C (0x00A69693) slli a3, a3, 0xa
x13 <- 0x10000004EFFF0000

mem[X,0x0000000080000220] -> 0x8693
mem[X,0x0000000080000222] -> 0x0106
[141] [M]: 0x0000000080000220 (0x01068693) addi a3, a3, 0x10
x13 <- 0x10000004EFFF0010

mem[X,0x0000000080000224] -> 0xF9BB
mem[X,0x0000000080000226] -> 0xACD6
[142] [M]: 0x0000000080000224 (0xACD6F9BB) pmhaccsu.h.be s3, a3, a3
x19 <- 0x000003EAE0DDDBEA

mem[X,0x0000000080000228] -> 0xB423
mem[X,0x000000008000022A] -> 0x0134
[143] [M]: 0x0000000080000228 (0x0134B423) sd s3, 0x8(s1)
mem[0x0000000080004120] <- 0x000003EAE0DDDBEA

mem[X,0x000000008000022C] -> 0xFB37
mem[X,0x000000008000022E] -> 0x0004
[144] [M]: 0x000000008000022C (0x0004FB37) lui s6, 0x4f
x22 <- 0x000000000004F000

mem[X,0x0000000080000230] -> 0x0B13
mem[X,0x0000000080000232] -> 0x7FFB
[145] [M]: 0x0000000080000230 (0x7FFB0B13) addi s6, s6, 0x7ff
x22 <- 0x000000000004F7FF

mem[X,0x0000000080000234] -> 0x1B13
mem[X,0x0000000080000236] -> 0x00BB
[146] [M]: 0x0000000080000234 (0x00BB1B13) slli s6, s6, 0xb
x22 <- 0x0000000027BFF800

mem[X,0x0000000080000238] -> 0x0B13
mem[X,0x000000008000023A] -> 0x5FFB
[147] [M]: 0x0000000080000238 (0x5FFB0B13) addi s6, s6, 0x5ff
x22 <- 0x0000000027BFFDFF

mem[X,0x000000008000023C] -> 0x1B13
mem[X,0x000000008000023E] -> 0x00BB
[148] [M]: 0x000000008000023C (0x00BB1B13) slli s6, s6, 0xb
x22 <- 0x0000013DFFEFF800

mem[X,0x0000000080000240] -> 0x0B13
mem[X,0x0000000080000242] -> 0x7C0B
[149] [M]: 0x0000000080000240 (0x7C0B0B13) addi s6, s6, 0x7c0
x22 <- 0x0000013DFFEFFFC0

mem[X,0x0000000080000244] -> 0x1B13
mem[X,0x0000000080000246] -> 0x00AB
[150] [M]: 0x0000000080000244 (0x00AB1B13) slli s6, s6, 0xa
x22 <- 0x0004F7FFBFFF0000

mem[X,0x0000000080000248] -> 0x0B37
mem[X,0x000000008000024A] -> 0xFF00
[151] [M]: 0x0000000080000248 (0xFF000B37) lui s6, -0x1000
x22 <- 0xFFFFFFFFFF000000

mem[X,0x000000008000024C] -> 0x0B13
mem[X,0x000000008000024E] -> 0xEFFB
[152] [M]: 0x000000008000024C (0xEFFB0B13) addi s6, s6, -0x101
x22 <- 0xFFFFFFFFFEFFFEFF

mem[X,0x0000000080000250] -> 0x1B13
mem[X,0x0000000080000252] -> 0x00BB
[153] [M]: 0x0000000080000250 (0x00BB1B13) slli s6, s6, 0xb
x22 <- 0xFFFFFFF7FFF7F800

mem[X,0x0000000080000254] -> 0x0B13
mem[X,0x0000000080000256] -> 0x7FFB
[154] [M]: 0x0000000080000254 (0x7FFB0B13) addi s6, s6, 0x7ff
x22 <- 0xFFFFFFF7FFF7FFFF

mem[X,0x0000000080000258] -> 0x1B13
mem[X,0x000000008000025A] -> 0x00BB
[155] [M]: 0x0000000080000258 (0x00BB1B13) slli s6, s6, 0xb
x22 <- 0xFFFFBFFFBFFFF800

mem[X,0x000000008000025C] -> 0x0B13
mem[X,0x000000008000025E] -> 0x680B
[156] [M]: 0x000000008000025C (0x680B0B13) addi s6, s6, 0x680
x22 <- 0xFFFFBFFFBFFFFE80

mem[X,0x0000000080000260] -> 0x1B13
mem[X,0x0000000080000262] -> 0x00AB
[157] [M]: 0x0000000080000260 (0x00AB1B13) slli s6, s6, 0xa
x22 <- 0xFEFFFEFFFFFA0000

mem[X,0x0000000080000264] -> 0x0B13
mem[X,0x0000000080000266] -> 0x020B
[158] [M]: 0x0000000080000264 (0x020B0B13) addi s6, s6, 0x20
x22 <- 0xFEFFFEFFFFFA0020

mem[X,0x0000000080000268] -> 0x7B3B
mem[X,0x000000008000026A] -> 0xAD6B
[159] [M]: 0x0000000080000268 (0xAD6B7B3B) pmhaccsu.h.be s6, s6, s6
x22 <- 0xFFFDFFFD00F30020

mem[X,0x000000008000026C] -> 0xB823
mem[X,0x000000008000026E] -> 0x0164
[160] [M]: 0x000000008000026C (0x0164B823) sd s6, 0x10(s1)
mem[0x0000000080004128] <- 0xFFFDFFFD00F30020

mem[X,0x0000000080000270] -> 0x0D37
mem[X,0x0000000080000272] -> 0xF800
[161] [M]: 0x0000000080000270 (0xF8000D37) lui s10, -0x8000
x26 <- 0xFFFFFFFFF8000000

mem[X,0x0000000080000274] -> 0x0D13
mem[X,0x0000000080000276] -> 0xFBFD
[162] [M]: 0x0000000080000274 (0xFBFD0D13) addi s10, s10, -0x41
x26 <- 0xFFFFFFFFF7FFFFBF

mem[X,0x0000000080000278] -> 0x1D13
mem[X,0x000000008000027A] -> 0x00BD
[163] [M]: 0x0000000080000278 (0x00BD1D13) slli s10, s10, 0xb
x26 <- 0xFFFFFFBFFFFDF800

mem[X,0x000000008000027C] -> 0x0D13
mem[X,0x000000008000027E] -> 0x7FFD
[164] [M]: 0x000000008000027C (0x7FFD0D13) addi s10, s10, 0x7ff
x26 <- 0xFFFFFFBFFFFDFFFF

mem[X,0x0000000080000280] -> 0x1D13
mem[X,0x0000000080000282] -> 0x00BD
[165] [M]: 0x0000000080000280 (0x00BD1D13) slli s10, s10, 0xb
x26 <- 0xFFFDFFFFEFFFF800

mem[X,0x0000000080000284] -> 0x0D13
mem[X,0x0000000080000286] -> 0x600D
[166] [M]: 0x0000000080000284 (0x600D0D13) addi s10, s10, 0x600
x26 <- 0xFFFDFFFFEFFFFE00

mem[X,0x0000000080000288] -> 0x1D13
mem[X,0x000000008000028A] -> 0x00AD
[167] [M]: 0x0000000080000288 (0x00AD1D13) slli s10, s10, 0xa
x26 <- 0xF7FFFFBFFFF80000

mem[X,0x000000008000028C] -> 0x0D13
mem[X,0x000000008000028E] -> 0x001D
[168] [M]: 0x000000008000028C (0x001D0D13) addi s10, s10, 0x1
x26 <- 0xF7FFFFBFFFF80001

mem[X,0x0000000080000290] -> 0x0EB7
mem[X,0x0000000080000292] -> 0xFFFE
[169] [M]: 0x0000000080000290 (0xFFFE0EB7) lui t4, -0x20
x29 <- 0xFFFFFFFFFFFE0000

mem[X,0x0000000080000294] -> 0x8E93
mem[X,0x0000000080000296] -> 0xFFFE
[170] [M]: 0x0000000080000294 (0xFFFE8E93) addi t4, t4, -0x1
x29 <- 0xFFFFFFFFFFFDFFFF

mem[X,0x0000000080000298] -> 0x9E93
mem[X,0x000000008000029A] -> 0x00BE
[171] [M]: 0x0000000080000298 (0x00BE9E93) slli t4, t4, 0xb
x29 <- 0xFFFFFFFFEFFFF800

mem[X,0x000000008000029C] -> 0x8E93
mem[X,0x000000008000029E] -> 0x020E
[172] [M]: 0x000000008000029C (0x020E8E93) addi t4, t4, 0x20
x29 <- 0xFFFFFFFFEFFFF820

mem[X,0x00000000800002A0] -> 0x9E93
mem[X,0x00000000800002A2] -> 0x00BE
[173] [M]: 0x00000000800002A0 (0x00BE9E93) slli t4, t4, 0xb
x29 <- 0xFFFFFF7FFFC10000

mem[X,0x00000000800002A4] -> 0x8E93
mem[X,0x00000000800002A6] -> 0x020E
[174] [M]: 0x00000000800002A4 (0x020E8E93) addi t4, t4, 0x20
x29 <- 0xFFFFFF7FFFC10020

mem[X,0x00000000800002A8] -> 0x9E93
mem[X,0x00000000800002AA] -> 0x00AE
[175] [M]: 0x00000000800002A8 (0x00AE9E93) slli t4, t4, 0xa
x29 <- 0xFFFDFFFF04008000

mem[X,0x00000000800002AC] -> 0x7D3B
mem[X,0x00000000800002AE] -> 0xADDD
[176] [M]: 0x00000000800002AC (0xADDD7D3B) pmhaccsu.h.be s10, s10, t4
x26 <- 0xF8F400BDFFF80001

mem[X,0x00000000800002B0] -> 0xBC23
mem[X,0x00000000800002B2] -> 0x01A4
[177] [M]: 0x00000000800002B0 (0x01A4BC23) sd s10, 0x18(s1)
mem[0x0000000080004130] <- 0xF8F400BDFFF80001

mem[X,0x00000000800002B4] -> 0x00B7
mem[X,0x00000000800002B6] -> 0xFFFD
[178] [M]: 0x00000000800002B4 (0xFFFD00B7) lui ra, -0x30
x1 <- 0xFFFFFFFFFFFD0000

mem[X,0x00000000800002B8] -> 0x8093
mem[X,0x00000000800002BA] -> 0xFFF0
[179] [M]: 0x00000000800002B8 (0xFFF08093) addi ra, ra, -0x1
x1 <- 0xFFFFFFFFFFFCFFFF

mem[X,0x00000000800002BC] -> 0x9093
mem[X,0x00000000800002BE] -> 0x00B0
[180] [M]: 0x00000000800002BC (0x00B09093) slli ra, ra, 0xb
x1 <- 0xFFFFFFFFE7FFF800

mem[X,0x00000000800002C0] -> 0x8093
mem[X,0x00000000800002C2] -> 0x7FB0
[181] [M]: 0x00000000800002C0 (0x7FB08093) addi ra, ra, 0x7fb
x1 <- 0xFFFFFFFFE7FFFFFB

mem[X,0x00000000800002C4] -> 0x9093
mem[X,0x00000000800002C6] -> 0x00B0
[182] [M]: 0x00000000800002C4 (0x00B09093) slli ra, ra, 0xb
x1 <- 0xFFFFFF3FFFFFD800

mem[X,0x00000000800002C8] -> 0x8093
mem[X,0x00000000800002CA] -> 0x7DF0
[183] [M]: 0x00000000800002C8 (0x7DF08093) addi ra, ra, 0x7df
x1 <- 0xFFFFFF3FFFFFDFDF

mem[X,0x00000000800002CC] -> 0x9093
mem[X,0x00000000800002CE] -> 0x00A0
[184] [M]: 0x00000000800002CC (0x00A09093) slli ra, ra, 0xa
x1 <- 0xFFFCFFFFFF7F7C00

mem[X,0x00000000800002D0] -> 0x8093
mem[X,0x00000000800002D2] -> 0x3FF0
[185] [M]: 0x00000000800002D0 (0x3FF08093) addi ra, ra, 0x3ff
x1 <- 0xFFFCFFFFFF7F7FFF

mem[X,0x00000000800002D4] -> 0x0C37
mem[X,0x00000000800002D6] -> 0x8000
[186] [M]: 0x00000000800002D4 (0x80000C37) lui s8, -0x80000
x24 <- 0xFFFFFFFF80000000

mem[X,0x00000000800002D8] -> 0x0C13
mem[X,0x00000000800002DA] -> 0xFF9C
[187] [M]: 0x00000000800002D8 (0xFF9C0C13) addi s8, s8, -0x7
x24 <- 0xFFFFFFFF7FFFFFF9

mem[X,0x00000000800002DC] -> 0x1C13
mem[X,0x00000000800002DE] -> 0x00BC
[188] [M]: 0x00000000800002DC (0x00BC1C13) slli s8, s8, 0xb
x24 <- 0xFFFFFBFFFFFFC800

mem[X,0x00000000800002E0] -> 0x0C13
mem[X,0x00000000800002E2] -> 0x001C
[189] [M]: 0x00000000800002E0 (0x001C0C13) addi s8, s8, 0x1
x24 <- 0xFFFFFBFFFFFFC801

mem[X,0x00000000800002E4] -> 0x1C13
mem[X,0x00000000800002E6] -> 0x00BC
[190] [M]: 0x00000000800002E4 (0x00BC1C13) slli s8, s8, 0xb
x24 <- 0xFFDFFFFFFE400800

mem[X,0x00000000800002E8] -> 0x0C13
mem[X,0x00000000800002EA] -> 0x000C
[191] [M]: 0x00000000800002E8 (0x000C0C13) addi s8, s8, 0x0
x24 <- 0xFFDFFFFFFE400800

mem[X,0x00000000800002EC] -> 0x1C13
mem[X,0x00000000800002EE] -> 0x00AC
[192] [M]: 0x00000000800002EC (0x00AC1C13) slli s8, s8, 0xa
x24 <- 0x7FFFFFF900200000

mem[X,0x00000000800002F0] -> 0x0C13
mem[X,0x00000000800002F2] -> 0x200C
[193] [M]: 0x00000000800002F0 (0x200C0C13) addi s8, s8, 0x200
x24 <- 0x7FFFFFF900200200

mem[X,0x00000000800002F4] -> 0xF2BB
mem[X,0x00000000800002F6] -> 0xAD80
[194] [M]: 0x00000000800002F4 (0xAD80F2BB) pmhaccsu.h.be t0, ra, s8
x5 <- 0x00FE0107EEFAEADF

mem[X,0x00000000800002F8] -> 0xB023
mem[X,0x00000000800002FA] -> 0x0254
[195] [M]: 0x00000000800002F8 (0x0254B023) sd t0, 0x20(s1)
mem[0x0000000080004138] <- 0x00FE0107EEFAEADF

mem[X,0x00000000800002FC] -> 0x0637
mem[X,0x00000000800002FE] -> 0x7FFF
[196] [M]: 0x00000000800002FC (0x7FFF0637) lui a2, 0x7fff0
x12 <- 0x000000007FFF0000

mem[X,0x0000000080000300] -> 0x0613
mem[X,0x0000000080000302] -> 0x0206
[197] [M]: 0x0000000080000300 (0x02060613) addi a2, a2, 0x20
x12 <- 0x000000007FFF0020

mem[X,0x0000000080000304] -> 0x1613
mem[X,0x0000000080000306] -> 0x00B6
[198] [M]: 0x0000000080000304 (0x00B61613) slli a2, a2, 0xb
x12 <- 0x000003FFF8010000

mem[X,0x0000000080000308] -> 0x0613
mem[X,0x000000008000030A] -> 0x7FF6
[199] [M]: 0x0000000080000308 (0x7FF60613) addi a2, a2, 0x7ff
x12 <- 0x000003FFF80107FF

clint::tick mtime <- 0x0000000000000002
 clint timer pending at mtime 0x0000000000000002
htif::tick 0x0000000000000000
mem[X,0x000000008000030C] -> 0x1613
mem[X,0x000000008000030E] -> 0x00B6
[200] [M]: 0x000000008000030C (0x00B61613) slli a2, a2, 0xb
x12 <- 0x001FFFC0083FF800

mem[X,0x0000000080000310] -> 0x0613
mem[X,0x0000000080000312] -> 0x7406
[201] [M]: 0x0000000080000310 (0x74060613) addi a2, a2, 0x740
x12 <- 0x001FFFC0083FFF40

mem[X,0x0000000080000314] -> 0x1613
mem[X,0x0000000080000316] -> 0x00A6
[202] [M]: 0x0000000080000314 (0x00A61613) slli a2, a2, 0xa
x12 <- 0x7FFF0020FFFD0000

mem[X,0x0000000080000318] -> 0x0613
mem[X,0x000000008000031A] -> 0x0026
[203] [M]: 0x0000000080000318 (0x00260613) addi a2, a2, 0x2
x12 <- 0x7FFF0020FFFD0002

mem[X,0x000000008000031C] -> 0x0FB7
mem[X,0x000000008000031E] -> 0x0400
[204] [M]: 0x000000008000031C (0x04000FB7) lui t6, 0x4000
x31 <- 0x0000000004000000

mem[X,0x0000000080000320] -> 0x8F93
mem[X,0x0000000080000322] -> 0x200F
[205] [M]: 0x0000000080000320 (0x200F8F93) addi t6, t6, 0x200
x31 <- 0x0000000004000200

mem[X,0x0000000080000324] -> 0x9F93
mem[X,0x0000000080000326] -> 0x00BF
[206] [M]: 0x0000000080000324 (0x00BF9F93) slli t6, t6, 0xb
x31 <- 0x0000002000100000

mem[X,0x0000000080000328] -> 0x8F93
mem[X,0x000000008000032A] -> 0x080F
[207] [M]: 0x0000000080000328 (0x080F8F93) addi t6, t6, 0x80
x31 <- 0x0000002000100080

mem[X,0x000000008000032C] -> 0x9F93
mem[X,0x000000008000032E] -> 0x00BF
[208] [M]: 0x000000008000032C (0x00BF9F93) slli t6, t6, 0xb
x31 <- 0x0001000080040000

mem[X,0x0000000080000330] -> 0x8F93
mem[X,0x0000000080000332] -> 0x000F
[209] [M]: 0x0000000080000330 (0x000F8F93) addi t6, t6, 0x0
x31 <- 0x0001000080040000

mem[X,0x0000000080000334] -> 0x9F93
mem[X,0x0000000080000336] -> 0x00AF
[210] [M]: 0x0000000080000334 (0x00AF9F93) slli t6, t6, 0xa
x31 <- 0x0400020010000000

mem[X,0x0000000080000338] -> 0x8F93
mem[X,0x000000008000033A] -> 0x006F
[211] [M]: 0x0000000080000338 (0x006F8F93) addi t6, t6, 0x6
x31 <- 0x0400020010000006

mem[X,0x000000008000033C] -> 0x793B
mem[X,0x000000008000033E] -> 0xADF6
[212] [M]: 0x000000008000033C (0xADF6793B) pmhaccsu.h.be s2, a2, t6
x18 <- 0x0001F56FF76DF56F

mem[X,0x0000000080000340] -> 0xB423
mem[X,0x0000000080000342] -> 0x0324
[213] [M]: 0x0000000080000340 (0x0324B423) sd s2, 0x28(s1)
mem[0x0000000080004140] <- 0x0001F56FF76DF56F

mem[X,0x0000000080000344] -> 0x5737
mem[X,0x0000000080000346] -> 0x0800
[214] [M]: 0x0000000080000344 (0x08005737) lui a4, 0x8005
x14 <- 0x0000000008005000

mem[X,0x0000000080000348] -> 0x0713
mem[X,0x000000008000034A] -> 0x5557
[215] [M]: 0x0000000080000348 (0x55570713) addi a4, a4, 0x555
x14 <- 0x0000000008005555

mem[X,0x000000008000034C] -> 0x1713
mem[X,0x000000008000034E] -> 0x00B7
[216] [M]: 0x000000008000034C (0x00B71713) slli a4, a4, 0xb
x14 <- 0x0000004002AAA800

mem[X,0x0000000080000350] -> 0x0713
mem[X,0x0000000080000352] -> 0x0207
[217] [M]: 0x0000000080000350 (0x02070713) addi a4, a4, 0x20
x14 <- 0x0000004002AAA820

mem[X,0x0000000080000354] -> 0x1713
mem[X,0x0000000080000356] -> 0x00B7
[218] [M]: 0x0000000080000354 (0x00B71713) slli a4, a4, 0xb
x14 <- 0x0002001555410000

mem[X,0x0000000080000358] -> 0x0713
mem[X,0x000000008000035A] -> 0x0007
[219] [M]: 0x0000000080000358 (0x00070713) addi a4, a4, 0x0
x14 <- 0x0002001555410000

mem[X,0x000000008000035C] -> 0x1713
mem[X,0x000000008000035E] -> 0x00A7
[220] [M]: 0x000000008000035C (0x00A71713) slli a4, a4, 0xa
x14 <- 0x0800555504000000

mem[X,0x0000000080000360] -> 0x0713
mem[X,0x0000000080000362] -> 0x0047
[221] [M]: 0x0000000080000360 (0x00470713) addi a4, a4, 0x4
x14 <- 0x0800555504000004

mem[X,0x0000000080000364] -> 0x0337
mem[X,0x0000000080000366] -> 0x0003
[222] [M]: 0x0000000080000364 (0x00030337) lui t1, 0x30
x6 <- 0x0000000000030000

mem[X,0x0000000080000368] -> 0x0313
mem[X,0x000000008000036A] -> 0xDFF3
[223] [M]: 0x0000000080000368 (0xDFF30313) addi t1, t1, -0x201
x6 <- 0x000000000002FDFF

mem[X,0x000000008000036C] -> 0x1313
mem[X,0x000000008000036E] -> 0x00B3
[224] [M]: 0x000000008000036C (0x00B31313) slli t1, t1, 0xb
x6 <- 0x0000000017EFF800

mem[X,0x0000000080000370] -> 0x0313
mem[X,0x0000000080000372] -> 0x77F3
[225] [M]: 0x0000000080000370 (0x77F30313) addi t1, t1, 0x77f
x6 <- 0x0000000017EFFF7F

mem[X,0x0000000080000374] -> 0x1313
mem[X,0x0000000080000376] -> 0x00B3
[226] [M]: 0x0000000080000374 (0x00B31313) slli t1, t1, 0xb
x6 <- 0x000000BF7FFBF800

mem[X,0x0000000080000378] -> 0x0313
mem[X,0x000000008000037A] -> 0x7F73
[227] [M]: 0x0000000080000378 (0x7F730313) addi t1, t1, 0x7f7
x6 <- 0x000000BF7FFBFFF7

mem[X,0x000000008000037C] -> 0x1313
mem[X,0x000000008000037E] -> 0x00A3
[228] [M]: 0x000000008000037C (0x00A31313) slli t1, t1, 0xa
x6 <- 0x0002FDFFEFFFDC00

mem[X,0x0000000080000380] -> 0x0313
mem[X,0x0000000080000382] -> 0x3FF3
[229] [M]: 0x0000000080000380 (0x3FF30313) addi t1, t1, 0x3ff
x6 <- 0x0002FDFFEFFFDFFF

mem[X,0x0000000080000384] -> 0x783B
mem[X,0x0000000080000386] -> 0xAC67
[230] [M]: 0x0000000080000384 (0xAC67783B) pmhaccsu.h.be a6, a4, t1
x16 <- 0x7D5BFE2F7D5EFDDB

mem[X,0x0000000080000388] -> 0xB823
mem[X,0x000000008000038A] -> 0x0304
[231] [M]: 0x0000000080000388 (0x0304B823) sd a6, 0x30(s1)
mem[0x0000000080004148] <- 0x7D5BFE2F7D5EFDDB

mem[X,0x000000008000038C] -> 0x07B7
mem[X,0x000000008000038E] -> 0xFFFC
[232] [M]: 0x000000008000038C (0xFFFC07B7) lui a5, -0x40
x15 <- 0xFFFFFFFFFFFC0000

mem[X,0x0000000080000390] -> 0x8793
mem[X,0x0000000080000392] -> 0xFEF7
[233] [M]: 0x0000000080000390 (0xFEF78793) addi a5, a5, -0x11
x15 <- 0xFFFFFFFFFFFBFFEF

mem[X,0x0000000080000394] -> 0x9793
mem[X,0x0000000080000396] -> 0x00B7
[234] [M]: 0x0000000080000394 (0x00B79793) slli a5, a5, 0xb
x15 <- 0xFFFFFFFFDFFF7800

mem[X,0x0000000080000398] -> 0x8793
mem[X,0x000000008000039A] -> 0x2007
[235] [M]: 0x0000000080000398 (0x20078793) addi a5, a5, 0x200
x15 <- 0xFFFFFFFFDFFF7A00

mem[X,0x000000008000039C] -> 0x9793
mem[X,0x000000008000039E] -> 0x00B7
[236] [M]: 0x000000008000039C (0x00B79793) slli a5, a5, 0xb
x15 <- 0xFFFFFEFFFBD00000

mem[X,0x00000000800003A0] -> 0x8793
mem[X,0x00000000800003A2] -> 0x0007
[237] [M]: 0x00000000800003A0 (0x00078793) addi a5, a5, 0x0
x15 <- 0xFFFFFEFFFBD00000

mem[X,0x00000000800003A4] -> 0x9793
mem[X,0x00000000800003A6] -> 0x00A7
[238] [M]: 0x00000000800003A4 (0x00A79793) slli a5, a5, 0xa
x15 <- 0xFFFBFFEF40000000

mem[X,0x00000000800003A8] -> 0x8793
mem[X,0x00000000800003AA] -> 0x0087
[239] [M]: 0x00000000800003A8 (0x00878793) addi a5, a5, 0x8
x15 <- 0xFFFBFFEF40000008

mem[X,0x00000000800003AC] -> 0x0837
mem[X,0x00000000800003AE] -> 0x0011
[240] [M]: 0x00000000800003AC (0x00110837) lui a6, 0x110
x16 <- 0x0000000000110000

mem[X,0x00000000800003B0] -> 0x0813
mem[X,0x00000000800003B2] -> 0xFF88
[241] [M]: 0x00000000800003B0 (0xFF880813) addi a6, a6, -0x8
x16 <- 0x000000000010FFF8

mem[X,0x00000000800003B4] -> 0x1813
mem[X,0x00000000800003B6] -> 0x00B8
[242] [M]: 0x00000000800003B4 (0x00B81813) slli a6, a6, 0xb
x16 <- 0x0000000087FFC000

mem[X,0x00000000800003B8] -> 0x0813
mem[X,0x00000000800003BA] -> 0x7FF8
[243] [M]: 0x00000000800003B8 (0x7FF80813) addi a6, a6, 0x7ff
x16 <- 0x0000000087FFC7FF

mem[X,0x00000000800003BC] -> 0x1813
mem[X,0x00000000800003BE] -> 0x00B8
[244] [M]: 0x00000000800003BC (0x00B81813) slli a6, a6, 0xb
x16 <- 0x0000043FFE3FF800

mem[X,0x00000000800003C0] -> 0x0813
mem[X,0x00000000800003C2] -> 0x6DF8
[245] [M]: 0x00000000800003C0 (0x6DF80813) addi a6, a6, 0x6df
x16 <- 0x0000043FFE3FFEDF

mem[X,0x00000000800003C4] -> 0x1813
mem[X,0x00000000800003C6] -> 0x00A8
[246] [M]: 0x00000000800003C4 (0x00A81813) slli a6, a6, 0xa
x16 <- 0x0010FFF8FFFB7C00

mem[X,0x00000000800003C8] -> 0x0813
mem[X,0x00000000800003CA] -> 0x3FF8
[247] [M]: 0x00000000800003C8 (0x3FF80813) addi a6, a6, 0x3ff
x16 <- 0x0010FFF8FFFB7FFF

mem[X,0x00000000800003CC] -> 0xF5BB
mem[X,0x00000000800003CE] -> 0xAD07
[248] [M]: 0x00000000800003CC (0xAD07F5BB) pmhaccsu.h.be a1, a5, a6
x11 <- 0x000F00F7003E0000

mem[X,0x00000000800003D0] -> 0xBC23
mem[X,0x00000000800003D2] -> 0x02B4
[249] [M]: 0x00000000800003D0 (0x02B4BC23) sd a1, 0x38(s1)
mem[0x0000000080004150] <- 0x000F00F7003E0000

mem[X,0x00000000800003D4] -> 0x0C37
mem[X,0x00000000800003D6] -> 0x0007
[250] [M]: 0x00000000800003D4 (0x00070C37) lui s8, 0x70
x24 <- 0x0000000000070000

mem[X,0x00000000800003D8] -> 0x0C13
mem[X,0x00000000800003DA] -> 0x020C
[251] [M]: 0x00000000800003D8 (0x020C0C13) addi s8, s8, 0x20
x24 <- 0x0000000000070020

mem[X,0x00000000800003DC] -> 0x1C13
mem[X,0x00000000800003DE] -> 0x00BC
[252] [M]: 0x00000000800003DC (0x00BC1C13) slli s8, s8, 0xb
x24 <- 0x0000000038010000

mem[X,0x00000000800003E0] -> 0x0C13
mem[X,0x00000000800003E2] -> 0x2AAC
[253] [M]: 0x00000000800003E0 (0x2AAC0C13) addi s8, s8, 0x2aa
x24 <- 0x00000000380102AA

mem[X,0x00000000800003E4] -> 0x1C13
mem[X,0x00000000800003E6] -> 0x00BC
[254] [M]: 0x00000000800003E4 (0x00BC1C13) slli s8, s8, 0xb
x24 <- 0x000001C008155000

mem[X,0x00000000800003E8] -> 0x0C13
mem[X,0x00000000800003EA] -> 0x540C
[255] [M]: 0x00000000800003E8 (0x540C0C13) addi s8, s8, 0x540
x24 <- 0x000001C008155540

mem[X,0x00000000800003EC] -> 0x1C13
mem[X,0x00000000800003EE] -> 0x00AC
[256] [M]: 0x00000000800003EC (0x00AC1C13) slli s8, s8, 0xa
x24 <- 0x0007002055550000

mem[X,0x00000000800003F0] -> 0x0C13
mem[X,0x00000000800003F2] -> 0x010C
[257] [M]: 0x00000000800003F0 (0x010C0C13) addi s8, s8, 0x10
x24 <- 0x0007002055550010

mem[X,0x00000000800003F4] -> 0x12B7
mem[X,0x00000000800003F6] -> 0xFFFB
[258] [M]: 0x00000000800003F4 (0xFFFB12B7) lui t0, -0x4f
x5 <- 0xFFFFFFFFFFFB1000

mem[X,0x00000000800003F8] -> 0x8293
mem[X,0x00000000800003FA] -> 0x0002
[259] [M]: 0x00000000800003F8 (0x00028293) addi t0, t0, 0x0
x5 <- 0xFFFFFFFFFFFB1000

mem[X,0x00000000800003FC] -> 0x9293
mem[X,0x00000000800003FE] -> 0x00B2
[260] [M]: 0x00000000800003FC (0x00B29293) slli t0, t0, 0xb
x5 <- 0xFFFFFFFFD8800000

mem[X,0x0000000080000400] -> 0x8293
mem[X,0x0000000080000402] -> 0x5552
[261] [M]: 0x0000000080000400 (0x55528293) addi t0, t0, 0x555
x5 <- 0xFFFFFFFFD8800555

mem[X,0x0000000080000404] -> 0x9293
mem[X,0x0000000080000406] -> 0x00B2
[262] [M]: 0x0000000080000404 (0x00B29293) slli t0, t0, 0xb
x5 <- 0xFFFFFEC4002AA800

mem[X,0x0000000080000408] -> 0x8293
mem[X,0x000000008000040A] -> 0x2BF2
[263] [M]: 0x0000000080000408 (0x2BF28293) addi t0, t0, 0x2bf
x5 <- 0xFFFFFEC4002AAABF

mem[X,0x000000008000040C] -> 0x9293
mem[X,0x000000008000040E] -> 0x00A2
[264] [M]: 0x000000008000040C (0x00A29293) slli t0, t0, 0xa
x5 <- 0xFFFB1000AAAAFC00

mem[X,0x0000000080000410] -> 0x8293
mem[X,0x0000000080000412] -> 0x3BF2
[265] [M]: 0x0000000080000410 (0x3BF28293) addi t0, t0, 0x3bf
x5 <- 0xFFFB1000AAAAFFBF

mem[X,0x0000000080000414] -> 0x7A3B
mem[X,0x0000000080000416] -> 0xAC5C
[266] [M]: 0x0000000080000414 (0xAC5C7A3B) pmhaccsu.h.be s4, s8, t0
x20 <- 0x00000007D5F7DDB7

mem[X,0x0000000080000418] -> 0xB023
mem[X,0x000000008000041A] -> 0x0544
[267] [M]: 0x0000000080000418 (0x0544B023) sd s4, 0x40(s1)
mem[0x0000000080004158] <- 0x00000007D5F7DDB7

mem[X,0x000000008000041C] -> 0x81B7
mem[X,0x000000008000041E] -> 0x5555
[268] [M]: 0x000000008000041C (0x555581B7) lui gp, 0x55558
x3 <- 0x0000000055558000

mem[X,0x0000000080000420] -> 0x8193
mem[X,0x0000000080000422] -> 0xFFF1
[269] [M]: 0x0000000080000420 (0xFFF18193) addi gp, gp, -0x1
x3 <- 0x0000000055557FFF

mem[X,0x0000000080000424] -> 0x9193
mem[X,0x0000000080000426] -> 0x00B1
[270] [M]: 0x0000000080000424 (0x00B19193) slli gp, gp, 0xb
x3 <- 0x000002AAABFFF800

mem[X,0x0000000080000428] -> 0x8193
mem[X,0x000000008000042A] -> 0x7FF1
[271] [M]: 0x0000000080000428 (0x7FF18193) addi gp, gp, 0x7ff
x3 <- 0x000002AAABFFFFFF

mem[X,0x000000008000042C] -> 0x9193
mem[X,0x000000008000042E] -> 0x00B1
[272] [M]: 0x000000008000042C (0x00B19193) slli gp, gp, 0xb
x3 <- 0x0015555FFFFFF800

mem[X,0x0000000080000430] -> 0x8193
mem[X,0x0000000080000432] -> 0x3C01
[273] [M]: 0x0000000080000430 (0x3C018193) addi gp, gp, 0x3c0
x3 <- 0x0015555FFFFFFBC0

mem[X,0x0000000080000434] -> 0x9193
mem[X,0x0000000080000436] -> 0x00A1
[274] [M]: 0x0000000080000434 (0x00A19193) slli gp, gp, 0xa
x3 <- 0x55557FFFFFEF0000

mem[X,0x0000000080000438] -> 0x8193
mem[X,0x000000008000043A] -> 0x0201
[275] [M]: 0x0000000080000438 (0x02018193) addi gp, gp, 0x20
x3 <- 0x55557FFFFFEF0020

mem[X,0x000000008000043C] -> 0x8937
mem[X,0x000000008000043E] -> 0x0008
[276] [M]: 0x000000008000043C (0x00088937) lui s2, 0x88
x18 <- 0x0000000000088000

mem[X,0x0000000080000440] -> 0x0913
mem[X,0x0000000080000442] -> 0xFFF9
[277] [M]: 0x0000000080000440 (0xFFF90913) addi s2, s2, -0x1
x18 <- 0x0000000000087FFF

mem[X,0x0000000080000444] -> 0x1913
mem[X,0x0000000080000446] -> 0x00B9
[278] [M]: 0x0000000080000444 (0x00B91913) slli s2, s2, 0xb
x18 <- 0x0000000043FFF800

mem[X,0x0000000080000448] -> 0x0913
mem[X,0x000000008000044A] -> 0x7BF9
[279] [M]: 0x0000000080000448 (0x7BF90913) addi s2, s2, 0x7bf
x18 <- 0x0000000043FFFFBF

mem[X,0x000000008000044C] -> 0x1913
mem[X,0x000000008000044E] -> 0x00B9
[280] [M]: 0x000000008000044C (0x00B91913) slli s2, s2, 0xb
x18 <- 0x0000021FFFFDF800

mem[X,0x0000000080000450] -> 0x0913
mem[X,0x0000000080000452] -> 0x7C09
[281] [M]: 0x0000000080000450 (0x7C090913) addi s2, s2, 0x7c0
x18 <- 0x0000021FFFFDFFC0

mem[X,0x0000000080000454] -> 0x1913
mem[X,0x0000000080000456] -> 0x00A9
[282] [M]: 0x0000000080000454 (0x00A91913) slli s2, s2, 0xa
x18 <- 0x00087FFFF7FF0000

mem[X,0x0000000080000458] -> 0x0913
mem[X,0x000000008000045A] -> 0x0409
[283] [M]: 0x0000000080000458 (0x04090913) addi s2, s2, 0x40
x18 <- 0x00087FFFF7FF0040

mem[X,0x000000008000045C] -> 0xF23B
mem[X,0x000000008000045E] -> 0xAD21
[284] [M]: 0x000000008000045C (0xAD21F23B) pmhaccsu.h.be tp, gp, s2
x4 <- 0x000208766EF36FF7

mem[X,0x0000000080000460] -> 0xB423
mem[X,0x0000000080000462] -> 0x0444
[285] [M]: 0x0000000080000460 (0x0444B423) sd tp, 0x48(s1)
mem[0x0000000080004160] <- 0x000208766EF36FF7

mem[X,0x0000000080000464] -> 0x0237
mem[X,0x0000000080000466] -> 0x0003
[286] [M]: 0x0000000080000464 (0x00030237) lui tp, 0x30
x4 <- 0x0000000000030000

mem[X,0x0000000080000468] -> 0x0213
mem[X,0x000000008000046A] -> 0x0082
[287] [M]: 0x0000000080000468 (0x00820213) addi tp, tp, 0x8
x4 <- 0x0000000000030008

mem[X,0x000000008000046C] -> 0x1213
mem[X,0x000000008000046E] -> 0x00B2
[288] [M]: 0x000000008000046C (0x00B21213) slli tp, tp, 0xb
x4 <- 0x0000000018004000

mem[X,0x0000000080000470] -> 0x0213
mem[X,0x0000000080000472] -> 0x0002
[289] [M]: 0x0000000080000470 (0x00020213) addi tp, tp, 0x0
x4 <- 0x0000000018004000

mem[X,0x0000000080000474] -> 0x1213
mem[X,0x0000000080000476] -> 0x00B2
[290] [M]: 0x0000000080000474 (0x00B21213) slli tp, tp, 0xb
x4 <- 0x000000C002000000

mem[X,0x0000000080000478] -> 0x0213
mem[X,0x000000008000047A] -> 0x1802
[291] [M]: 0x0000000080000478 (0x18020213) addi tp, tp, 0x180
x4 <- 0x000000C002000180

mem[X,0x000000008000047C] -> 0x1213
mem[X,0x000000008000047E] -> 0x00A2
[292] [M]: 0x000000008000047C (0x00A21213) slli tp, tp, 0xa
x4 <- 0x0003000800060000

mem[X,0x0000000080000480] -> 0x0213
mem[X,0x0000000080000482] -> 0x0402
[293] [M]: 0x0000000080000480 (0x04020213) addi tp, tp, 0x40
x4 <- 0x0003000800060040

mem[X,0x0000000080000484] -> 0x0A37
mem[X,0x0000000080000486] -> 0xFFBF
[294] [M]: 0x0000000080000484 (0xFFBF0A37) lui s4, -0x410
x20 <- 0xFFFFFFFFFFBF0000

mem[X,0x0000000080000488] -> 0x0A13
mem[X,0x000000008000048A] -> 0x200A
[295] [M]: 0x0000000080000488 (0x200A0A13) addi s4, s4, 0x200
x20 <- 0xFFFFFFFFFFBF0200

mem[X,0x000000008000048C] -> 0x1A13
mem[X,0x000000008000048E] -> 0x00BA
[296] [M]: 0x000000008000048C (0x00BA1A13) slli s4, s4, 0xb
x20 <- 0xFFFFFFFDF8100000

mem[X,0x0000000080000490] -> 0x0A13
mem[X,0x0000000080000492] -> 0x7FFA
[297] [M]: 0x0000000080000490 (0x7FFA0A13) addi s4, s4, 0x7ff
x20 <- 0xFFFFFFFDF81007FF

mem[X,0x0000000080000494] -> 0x1A13
mem[X,0x0000000080000496] -> 0x00BA
[298] [M]: 0x0000000080000494 (0x00BA1A13) slli s4, s4, 0xb
x20 <- 0xFFFFEFC0803FF800

mem[X,0x0000000080000498] -> 0x0A13
mem[X,0x000000008000049A] -> 0x6BFA
[299] [M]: 0x0000000080000498 (0x6BFA0A13) addi s4, s4, 0x6bf
x20 <- 0xFFFFEFC0803FFEBF

clint::tick mtime <- 0x0000000000000003
 clint timer pending at mtime 0x0000000000000003
htif::tick 0x0000000000000000
mem[X,0x000000008000049C] -> 0x1A13
mem[X,0x000000008000049E] -> 0x00AA
[300] [M]: 0x000000008000049C (0x00AA1A13) slli s4, s4, 0xa
x20 <- 0xFFBF0200FFFAFC00

mem[X,0x00000000800004A0] -> 0x0A13
mem[X,0x00000000800004A2] -> 0x37FA
[301] [M]: 0x00000000800004A0 (0x37FA0A13) addi s4, s4, 0x37f
x20 <- 0xFFBF0200FFFAFF7F

mem[X,0x00000000800004A4] -> 0x7F3B
mem[X,0x00000000800004A6] -> 0xAD42
[302] [M]: 0x00000000800004A4 (0xAD427F3B) pmhaccsu.h.be t5, tp, s4
x30 <- 0x0000000000000000

mem[X,0x00000000800004A8] -> 0xB823
mem[X,0x00000000800004AA] -> 0x05E4
[303] [M]: 0x00000000800004A8 (0x05E4B823) sd t5, 0x50(s1)
mem[0x0000000080004168] <- 0x0000000000000000

mem[X,0x00000000800004AC] -> 0x02B7
mem[X,0x00000000800004AE] -> 0x0200
[304] [M]: 0x00000000800004AC (0x020002B7) lui t0, 0x2000
x5 <- 0x0000000002000000

mem[X,0x00000000800004B0] -> 0x8293
mem[X,0x00000000800004B2] -> 0x0092
[305] [M]: 0x00000000800004B0 (0x00928293) addi t0, t0, 0x9
x5 <- 0x0000000002000009

mem[X,0x00000000800004B4] -> 0x9293
mem[X,0x00000000800004B6] -> 0x00B2
[306] [M]: 0x00000000800004B4 (0x00B29293) slli t0, t0, 0xb
x5 <- 0x0000001000004800

mem[X,0x00000000800004B8] -> 0x8293
mem[X,0x00000000800004BA] -> 0x7FF2
[307] [M]: 0x00000000800004B8 (0x7FF28293) addi t0, t0, 0x7ff
x5 <- 0x0000001000004FFF

mem[X,0x00000000800004BC] -> 0x9293
mem[X,0x00000000800004BE] -> 0x00B2
[308] [M]: 0x00000000800004BC (0x00B29293) slli t0, t0, 0xb
x5 <- 0x00008000027FF800

mem[X,0x00000000800004C0] -> 0x8293
mem[X,0x00000000800004C2] -> 0x5802
[309] [M]: 0x00000000800004C0 (0x58028293) addi t0, t0, 0x580
x5 <- 0x00008000027FFD80

mem[X,0x00000000800004C4] -> 0x9293
mem[X,0x00000000800004C6] -> 0x00A2
[310] [M]: 0x00000000800004C4 (0x00A29293) slli t0, t0, 0xa
x5 <- 0x02000009FFF60000

mem[X,0x00000000800004C8] -> 0x8293
mem[X,0x00000000800004CA] -> 0x0802
[311] [M]: 0x00000000800004C8 (0x08028293) addi t0, t0, 0x80
x5 <- 0x02000009FFF60080

mem[X,0x00000000800004CC] -> 0x0537
mem[X,0x00000000800004CE] -> 0xFEFF
[312] [M]: 0x00000000800004CC (0xFEFF0537) lui a0, -0x1010
x10 <- 0xFFFFFFFFFEFF0000

mem[X,0x00000000800004D0] -> 0x0513
mem[X,0x00000000800004D2] -> 0x0105
[313] [M]: 0x00000000800004D0 (0x01050513) addi a0, a0, 0x10
x10 <- 0xFFFFFFFFFEFF0010

mem[X,0x00000000800004D4] -> 0x1513
mem[X,0x00000000800004D6] -> 0x00B5
[314] [M]: 0x00000000800004D4 (0x00B51513) slli a0, a0, 0xb
x10 <- 0xFFFFFFF7F8008000

mem[X,0x00000000800004D8] -> 0x0513
mem[X,0x00000000800004DA] -> 0x7FF5
[315] [M]: 0x00000000800004D8 (0x7FF50513) addi a0, a0, 0x7ff
x10 <- 0xFFFFFFF7F80087FF

mem[X,0x00000000800004DC] -> 0x1513
mem[X,0x00000000800004DE] -> 0x00B5
[316] [M]: 0x00000000800004DC (0x00B51513) slli a0, a0, 0xb
x10 <- 0xFFFFBFC0043FF800

mem[X,0x00000000800004E0] -> 0x0513
mem[X,0x00000000800004E2] -> 0x76A5
[317] [M]: 0x00000000800004E0 (0x76A50513) addi a0, a0, 0x76a
x10 <- 0xFFFFBFC0043FFF6A

mem[X,0x00000000800004E4] -> 0x1513
mem[X,0x00000000800004E6] -> 0x00A5
[318] [M]: 0x00000000800004E4 (0x00A51513) slli a0, a0, 0xa
x10 <- 0xFEFF0010FFFDA800

mem[X,0x00000000800004E8] -> 0x0513
mem[X,0x00000000800004EA] -> 0x2AA5
[319] [M]: 0x00000000800004E8 (0x2AA50513) addi a0, a0, 0x2aa
x10 <- 0xFEFF0010FFFDAAAA

mem[X,0x00000000800004EC] -> 0xF63B
mem[X,0x00000000800004EE] -> 0xACA2
[320] [M]: 0x00000000800004EC (0xACA2F63B) pmhaccsu.h.be a2, t0, a0
x12 <- 0x8000002000F90002

mem[X,0x00000000800004F0] -> 0xBC23
mem[X,0x00000000800004F2] -> 0x04C4
[321] [M]: 0x00000000800004F0 (0x04C4BC23) sd a2, 0x58(s1)
mem[0x0000000080004170] <- 0x8000002000F90002

mem[X,0x00000000800004F4] -> 0x03B7
mem[X,0x00000000800004F6] -> 0x0700
[322] [M]: 0x00000000800004F4 (0x070003B7) lui t2, 0x7000
x7 <- 0x0000000007000000

mem[X,0x00000000800004F8] -> 0x8393
mem[X,0x00000000800004FA] -> 0x5013
[323] [M]: 0x00000000800004F8 (0x50138393) addi t2, t2, 0x501
x7 <- 0x0000000007000501

mem[X,0x00000000800004FC] -> 0x9393
mem[X,0x00000000800004FE] -> 0x0083
[324] [M]: 0x00000000800004FC (0x00839393) slli t2, t2, 0x8
x7 <- 0x0000000700050100

mem[X,0x0000000080000500] -> 0x0037
mem[X,0x0000000080000502] -> 0x0006
[325] [M]: 0x0000000080000500 (0x00060037) lui zero, 0x60

mem[X,0x0000000080000504] -> 0x0013
mem[X,0x0000000080000506] -> 0xEFF0
[326] [M]: 0x0000000080000504 (0xEFF00013) addi zero, zero, -0x101

mem[X,0x0000000080000508] -> 0x1013
mem[X,0x000000008000050A] -> 0x00B0
[327] [M]: 0x0000000080000508 (0x00B01013) slli zero, zero, 0xb

mem[X,0x000000008000050C] -> 0x0013
mem[X,0x000000008000050E] -> 0x0000
[328] [M]: 0x000000008000050C (0x00000013) addi zero, zero, 0x0

mem[X,0x0000000080000510] -> 0x1013
mem[X,0x0000000080000512] -> 0x00B0
[329] [M]: 0x0000000080000510 (0x00B01013) slli zero, zero, 0xb

mem[X,0x0000000080000514] -> 0x0013
mem[X,0x0000000080000516] -> 0x1400
[330] [M]: 0x0000000080000514 (0x14000013) addi zero, zero, 0x140

mem[X,0x0000000080000518] -> 0x1013
mem[X,0x000000008000051A] -> 0x00A0
[331] [M]: 0x0000000080000518 (0x00A01013) slli zero, zero, 0xa

mem[X,0x000000008000051C] -> 0x0013
mem[X,0x000000008000051E] -> 0x0090
[332] [M]: 0x000000008000051C (0x00900013) addi zero, zero, 0x9

mem[X,0x0000000080000520] -> 0xF43B
mem[X,0x0000000080000522] -> 0xAC03
[333] [M]: 0x0000000080000520 (0xAC03F43B) pmhaccsu.h.be fp, t2, zero
x8 <- 0x0000000000007F76

mem[X,0x0000000080000524] -> 0xB023
mem[X,0x0000000080000526] -> 0x0684
[334] [M]: 0x0000000080000524 (0x0684B023) sd fp, 0x60(s1)
mem[0x0000000080004178] <- 0x0000000000007F76

mem[X,0x0000000080000528] -> 0x0137
mem[X,0x000000008000052A] -> 0xFFFC
[335] [M]: 0x0000000080000528 (0xFFFC0137) lui sp, -0x40
x2 <- 0xFFFFFFFFFFFC0000

mem[X,0x000000008000052C] -> 0x0113
mem[X,0x000000008000052E] -> 0x0011
[336] [M]: 0x000000008000052C (0x00110113) addi sp, sp, 0x1
x2 <- 0xFFFFFFFFFFFC0001

mem[X,0x0000000080000530] -> 0x1113
mem[X,0x0000000080000532] -> 0x00B1
[337] [M]: 0x0000000080000530 (0x00B11113) slli sp, sp, 0xb
x2 <- 0xFFFFFFFFE0000800

mem[X,0x0000000080000534] -> 0x0113
mem[X,0x0000000080000536] -> 0x7FF1
[338] [M]: 0x0000000080000534 (0x7FF10113) addi sp, sp, 0x7ff
x2 <- 0xFFFFFFFFE0000FFF

mem[X,0x0000000080000538] -> 0x1113
mem[X,0x000000008000053A] -> 0x00B1
[339] [M]: 0x0000000080000538 (0x00B11113) slli sp, sp, 0xb
x2 <- 0xFFFFFF00007FF800

mem[X,0x000000008000053C] -> 0x0113
mem[X,0x000000008000053E] -> 0x7001
[340] [M]: 0x000000008000053C (0x70010113) addi sp, sp, 0x700
x2 <- 0xFFFFFF00007FFF00

mem[X,0x0000000080000540] -> 0x1113
mem[X,0x0000000080000542] -> 0x00A1
[341] [M]: 0x0000000080000540 (0x00A11113) slli sp, sp, 0xa
x2 <- 0xFFFC0001FFFC0000

mem[X,0x0000000080000544] -> 0x0113
mem[X,0x0000000080000546] -> 0x2001
[342] [M]: 0x0000000080000544 (0x20010113) addi sp, sp, 0x200
x2 <- 0xFFFC0001FFFC0200

mem[X,0x0000000080000548] -> 0x08B7
mem[X,0x000000008000054A] -> 0x0080
[343] [M]: 0x0000000080000548 (0x008008B7) lui a7, 0x800
x17 <- 0x0000000000800000

mem[X,0x000000008000054C] -> 0x8893
mem[X,0x000000008000054E] -> 0x0038
[344] [M]: 0x000000008000054C (0x00388893) addi a7, a7, 0x3
x17 <- 0x0000000000800003

mem[X,0x0000000080000550] -> 0x9893
mem[X,0x0000000080000552] -> 0x00B8
[345] [M]: 0x0000000080000550 (0x00B89893) slli a7, a7, 0xb
x17 <- 0x0000000400001800

mem[X,0x0000000080000554] -> 0x8893
mem[X,0x0000000080000556] -> 0x7FF8
[346] [M]: 0x0000000080000554 (0x7FF88893) addi a7, a7, 0x7ff
x17 <- 0x0000000400001FFF

mem[X,0x0000000080000558] -> 0x9893
mem[X,0x000000008000055A] -> 0x00B8
[347] [M]: 0x0000000080000558 (0x00B89893) slli a7, a7, 0xb
x17 <- 0x0000200000FFF800

mem[X,0x000000008000055C] -> 0x8893
mem[X,0x000000008000055E] -> 0x7808
[348] [M]: 0x000000008000055C (0x78088893) addi a7, a7, 0x780
x17 <- 0x0000200000FFFF80

mem[X,0x0000000080000560] -> 0x9893
mem[X,0x0000000080000562] -> 0x00A8
[349] [M]: 0x0000000080000560 (0x00A89893) slli a7, a7, 0xa
x17 <- 0x00800003FFFE0000

mem[X,0x0000000080000564] -> 0x8893
mem[X,0x0000000080000566] -> 0x2008
[350] [M]: 0x0000000080000564 (0x20088893) addi a7, a7, 0x200
x17 <- 0x00800003FFFE0200

mem[X,0x0000000080000568] -> 0x7BBB
mem[X,0x000000008000056A] -> 0xAD11
[351] [M]: 0x0000000080000568 (0xAD117BBB) pmhaccsu.h.be s7, sp, a7
x23 <- 0x007F000000FD3EAD

mem[X,0x000000008000056C] -> 0xB423
mem[X,0x000000008000056E] -> 0x0774
[352] [M]: 0x000000008000056C (0x0774B423) sd s7, 0x68(s1)
mem[0x0000000080004180] <- 0x007F000000FD3EAD

mem[X,0x0000000080000570] -> 0x0013
mem[X,0x0000000080000572] -> 0x0000
[353] [M]: 0x0000000080000570 (0x00000013) addi zero, zero, 0x0

mem[X,0x0000000080000574] -> 0x0013
mem[X,0x0000000080000576] -> 0x0000
[354] [M]: 0x0000000080000574 (0x00000013) addi zero, zero, 0x0

mem[X,0x0000000080000578] -> 0x0013
mem[X,0x000000008000057A] -> 0x0000
[355] [M]: 0x0000000080000578 (0x00000013) addi zero, zero, 0x0

mem[X,0x000000008000057C] -> 0x0013
mem[X,0x000000008000057E] -> 0x0000
[356] [M]: 0x000000008000057C (0x00000013) addi zero, zero, 0x0

mem[X,0x0000000080000580] -> 0x4297
mem[X,0x0000000080000582] -> 0x0000
[357] [M]: 0x0000000080000580 (0x00004297) auipc t0, 0x4
x5 <- 0x0000000080004580

mem[X,0x0000000080000584] -> 0x8293
mem[X,0x0000000080000586] -> 0xC082
[358] [M]: 0x0000000080000584 (0xC0828293) addi t0, t0, -0x3f8
x5 <- 0x0000000080004188

mem[X,0x0000000080000588] -> 0x0013
mem[X,0x000000008000058A] -> 0x0000
[359] [M]: 0x0000000080000588 (0x00000013) addi zero, zero, 0x0

mem[X,0x000000008000058C] -> 0x0013
mem[X,0x000000008000058E] -> 0x0000
[360] [M]: 0x000000008000058C (0x00000013) addi zero, zero, 0x0

mem[X,0x0000000080000590] -> 0x0013
mem[X,0x0000000080000592] -> 0x0000
[361] [M]: 0x0000000080000590 (0x00000013) addi zero, zero, 0x0

mem[X,0x0000000080000594] -> 0x0013
mem[X,0x0000000080000596] -> 0x0000
[362] [M]: 0x0000000080000594 (0x00000013) addi zero, zero, 0x0

mem[X,0x0000000080000598] -> 0x0013
mem[X,0x000000008000059A] -> 0x0000
[363] [M]: 0x0000000080000598 (0x00000013) addi zero, zero, 0x0

mem[X,0x000000008000059C] -> 0x0013
mem[X,0x000000008000059E] -> 0x0000
[364] [M]: 0x000000008000059C (0x00000013) addi zero, zero, 0x0

mem[X,0x00000000800005A0] -> 0x15B7
mem[X,0x00000000800005A2] -> 0x0003
[365] [M]: 0x00000000800005A0 (0x000315B7) lui a1, 0x31
x11 <- 0x0000000000031000

mem[X,0x00000000800005A4] -> 0x8593
mem[X,0x00000000800005A6] -> 0x0005
[366] [M]: 0x00000000800005A4 (0x00058593) addi a1, a1, 0x0
x11 <- 0x0000000000031000

mem[X,0x00000000800005A8] -> 0x9593
mem[X,0x00000000800005AA] -> 0x00B5
[367] [M]: 0x00000000800005A8 (0x00B59593) slli a1, a1, 0xb
x11 <- 0x0000000018800000

mem[X,0x00000000800005AC] -> 0x8593
mem[X,0x00000000800005AE] -> 0x0005
[368] [M]: 0x00000000800005AC (0x00058593) addi a1, a1, 0x0
x11 <- 0x0000000018800000

mem[X,0x00000000800005B0] -> 0x9593
mem[X,0x00000000800005B2] -> 0x00B5
[369] [M]: 0x00000000800005B0 (0x00B59593) slli a1, a1, 0xb
x11 <- 0x000000C400000000

mem[X,0x00000000800005B4] -> 0x8593
mem[X,0x00000000800005B6] -> 0x1815
[370] [M]: 0x00000000800005B4 (0x18158593) addi a1, a1, 0x181
x11 <- 0x000000C400000181

mem[X,0x00000000800005B8] -> 0x9593
mem[X,0x00000000800005BA] -> 0x00A5
[371] [M]: 0x00000000800005B8 (0x00A59593) slli a1, a1, 0xa
x11 <- 0x0003100000060400

mem[X,0x00000000800005BC] -> 0x0437
mem[X,0x00000000800005BE] -> 0xC000
[372] [M]: 0x00000000800005BC (0xC0000437) lui fp, -0x40000
x8 <- 0xFFFFFFFFC0000000

mem[X,0x00000000800005C0] -> 0x0413
mem[X,0x00000000800005C2] -> 0xBFF4
[373] [M]: 0x00000000800005C0 (0xBFF40413) addi fp, fp, -0x401
x8 <- 0xFFFFFFFFBFFFFBFF

mem[X,0x00000000800005C4] -> 0x1413
mem[X,0x00000000800005C6] -> 0x00B4
[374] [M]: 0x00000000800005C4 (0x00B41413) slli fp, fp, 0xb
x8 <- 0xFFFFFDFFFFDFF800

mem[X,0x00000000800005C8] -> 0x0413
mem[X,0x00000000800005CA] -> 0x7FD4
[375] [M]: 0x00000000800005C8 (0x7FD40413) addi fp, fp, 0x7fd
x8 <- 0xFFFFFDFFFFDFFFFD

mem[X,0x00000000800005CC] -> 0x1413
mem[X,0x00000000800005CE] -> 0x00B4
[376] [M]: 0x00000000800005CC (0x00B41413) slli fp, fp, 0xb
x8 <- 0xFFEFFFFEFFFFE800

mem[X,0x00000000800005D0] -> 0x0413
mem[X,0x00000000800005D2] -> 0x7D04
[377] [M]: 0x00000000800005D0 (0x7D040413) addi fp, fp, 0x7d0
x8 <- 0xFFEFFFFEFFFFEFD0

mem[X,0x00000000800005D4] -> 0x1413
mem[X,0x00000000800005D6] -> 0x00A4
[378] [M]: 0x00000000800005D4 (0x00A41413) slli fp, fp, 0xa
x8 <- 0xBFFFFBFFFFBF4000

mem[X,0x00000000800005D8] -> 0xF1BB
mem[X,0x00000000800005DA] -> 0xAC85
[379] [M]: 0x00000000800005D8 (0xAC85F1BB) pmhaccsu.h.be gp, a1, fp
x3 <- 0x5555800EFFEF0020

mem[X,0x00000000800005DC] -> 0xB023
mem[X,0x00000000800005DE] -> 0x0032
[380] [M]: 0x00000000800005DC (0x0032B023) sd gp, 0x0(t0)
mem[0x0000000080004188] <- 0x5555800EFFEF0020

mem[X,0x00000000800005E0] -> 0x0BB7
mem[X,0x00000000800005E2] -> 0x0011
[381] [M]: 0x00000000800005E0 (0x00110BB7) lui s7, 0x110
x23 <- 0x0000000000110000

mem[X,0x00000000800005E4] -> 0x8B93
mem[X,0x00000000800005E6] -> 0xFBFB
[382] [M]: 0x00000000800005E4 (0xFBFB8B93) addi s7, s7, -0x41
x23 <- 0x000000000010FFBF

mem[X,0x00000000800005E8] -> 0x9B93
mem[X,0x00000000800005EA] -> 0x00BB
[383] [M]: 0x00000000800005E8 (0x00BB9B93) slli s7, s7, 0xb
x23 <- 0x0000000087FDF800

mem[X,0x00000000800005EC] -> 0x8B93
mem[X,0x00000000800005EE] -> 0x040B
[384] [M]: 0x00000000800005EC (0x040B8B93) addi s7, s7, 0x40
x23 <- 0x0000000087FDF840

mem[X,0x00000000800005F0] -> 0x9B93
mem[X,0x00000000800005F2] -> 0x00BB
[385] [M]: 0x00000000800005F0 (0x00BB9B93) slli s7, s7, 0xb
x23 <- 0x0000043FEFC20000

mem[X,0x00000000800005F4] -> 0x8B93
mem[X,0x00000000800005F6] -> 0x002B
[386] [M]: 0x00000000800005F4 (0x002B8B93) addi s7, s7, 0x2
x23 <- 0x0000043FEFC20002

mem[X,0x00000000800005F8] -> 0x9B93
mem[X,0x00000000800005FA] -> 0x00AB
[387] [M]: 0x00000000800005F8 (0x00AB9B93) slli s7, s7, 0xa
x23 <- 0x0010FFBF08000800

mem[X,0x00000000800005FC] -> 0x17B7
mem[X,0x00000000800005FE] -> 0xFFF8
[388] [M]: 0x00000000800005FC (0xFFF817B7) lui a5, -0x7f
x15 <- 0xFFFFFFFFFFF81000

mem[X,0x0000000080000600] -> 0x8793
mem[X,0x0000000080000602] -> 0x8007
[389] [M]: 0x0000000080000600 (0x80078793) addi a5, a5, -0x800
x15 <- 0xFFFFFFFFFFF80800

mem[X,0x0000000080000604] -> 0x9793
mem[X,0x0000000080000606] -> 0x00B7
[390] [M]: 0x0000000080000604 (0x00B79793) slli a5, a5, 0xb
x15 <- 0xFFFFFFFFC0400000

mem[X,0x0000000080000608] -> 0x8793
mem[X,0x000000008000060A] -> 0x0007
[391] [M]: 0x0000000080000608 (0x00078793) addi a5, a5, 0x0
x15 <- 0xFFFFFFFFC0400000

mem[X,0x000000008000060C] -> 0x9793
mem[X,0x000000008000060E] -> 0x00B7
[392] [M]: 0x000000008000060C (0x00B79793) slli a5, a5, 0xb
x15 <- 0xFFFFFE0200000000

mem[X,0x0000000080000610] -> 0x8793
mem[X,0x0000000080000612] -> 0x17F7
[393] [M]: 0x0000000080000610 (0x17F78793) addi a5, a5, 0x17f
x15 <- 0xFFFFFE020000017F

mem[X,0x0000000080000614] -> 0x9793
mem[X,0x0000000080000616] -> 0x00A7
[394] [M]: 0x0000000080000614 (0x00A79793) slli a5, a5, 0xa
x15 <- 0xFFF808000005FC00

mem[X,0x0000000080000618] -> 0x8793
mem[X,0x000000008000061A] -> 0x3FC7
[395] [M]: 0x0000000080000618 (0x3FC78793) addi a5, a5, 0x3fc
x15 <- 0xFFF808000005FFFC

mem[X,0x000000008000061C] -> 0xFFBB
mem[X,0x000000008000061E] -> 0xACFB
[396] [M]: 0x000000008000061C (0xACFBFFBB) pmhaccsu.h.be t6, s7, a5
x31 <- 0x040002001000000D

mem[X,0x0000000080000620] -> 0xB423
mem[X,0x0000000080000622] -> 0x01F2
[397] [M]: 0x0000000080000620 (0x01F2B423) sd t6, 0x8(t0)
mem[0x0000000080004190] <- 0x040002001000000D

mem[X,0x0000000080000624] -> 0x1437
mem[X,0x0000000080000626] -> 0xFFF8
[398] [M]: 0x0000000080000624 (0xFFF81437) lui fp, -0x7f
x8 <- 0xFFFFFFFFFFF81000

mem[X,0x0000000080000628] -> 0x0413
mem[X,0x000000008000062A] -> 0x0004
[399] [M]: 0x0000000080000628 (0x00040413) addi fp, fp, 0x0
x8 <- 0xFFFFFFFFFFF81000

clint::tick mtime <- 0x0000000000000004
 clint timer pending at mtime 0x0000000000000004
htif::tick 0x0000000000000000
mem[X,0x000000008000062C] -> 0x1413
mem[X,0x000000008000062E] -> 0x00B4
[400] [M]: 0x000000008000062C (0x00B41413) slli fp, fp, 0xb
x8 <- 0xFFFFFFFFC0800000

mem[X,0x0000000080000630] -> 0x0413
mem[X,0x0000000080000632] -> 0x0004
[401] [M]: 0x0000000080000630 (0x00040413) addi fp, fp, 0x0
x8 <- 0xFFFFFFFFC0800000

mem[X,0x0000000080000634] -> 0x1413
mem[X,0x0000000080000636] -> 0x00B4
[402] [M]: 0x0000000080000634 (0x00B41413) slli fp, fp, 0xb
x8 <- 0xFFFFFE0400000000

mem[X,0x0000000080000638] -> 0x0413
mem[X,0x000000008000063A] -> 0x4044
[403] [M]: 0x0000000080000638 (0x40440413) addi fp, fp, 0x404
x8 <- 0xFFFFFE0400000404

mem[X,0x000000008000063C] -> 0x1413
mem[X,0x000000008000063E] -> 0x00A4
[404] [M]: 0x000000008000063C (0x00A41413) slli fp, fp, 0xa
x8 <- 0xFFF8100000101000

mem[X,0x0000000080000640] -> 0x0237
mem[X,0x0000000080000642] -> 0x0200
[405] [M]: 0x0000000080000640 (0x02000237) lui tp, 0x2000
x4 <- 0x0000000002000000

mem[X,0x0000000080000644] -> 0x0213
mem[X,0x0000000080000646] -> 0x0202
[406] [M]: 0x0000000080000644 (0x02020213) addi tp, tp, 0x20
x4 <- 0x0000000002000020

mem[X,0x0000000080000648] -> 0x1213
mem[X,0x000000008000064A] -> 0x00B2
[407] [M]: 0x0000000080000648 (0x00B21213) slli tp, tp, 0xb
x4 <- 0x0000001000010000

mem[X,0x000000008000064C] -> 0x0213
mem[X,0x000000008000064E] -> 0x7FF2
[408] [M]: 0x000000008000064C (0x7FF20213) addi tp, tp, 0x7ff
x4 <- 0x00000010000107FF

mem[X,0x0000000080000650] -> 0x1213
mem[X,0x0000000080000652] -> 0x00B2
[409] [M]: 0x0000000080000650 (0x00B21213) slli tp, tp, 0xb
x4 <- 0x00008000083FF800

mem[X,0x0000000080000654] -> 0x0213
mem[X,0x0000000080000656] -> 0x6402
[410] [M]: 0x0000000080000654 (0x64020213) addi tp, tp, 0x640
x4 <- 0x00008000083FFE40

mem[X,0x0000000080000658] -> 0x1213
mem[X,0x000000008000065A] -> 0x00A2
[411] [M]: 0x0000000080000658 (0x00A21213) slli tp, tp, 0xa
x4 <- 0x02000020FFF90000

mem[X,0x000000008000065C] -> 0x0213
mem[X,0x000000008000065E] -> 0x0082
[412] [M]: 0x000000008000065C (0x00820213) addi tp, tp, 0x8
x4 <- 0x02000020FFF90008

mem[X,0x0000000080000660] -> 0x7EBB
mem[X,0x0000000080000662] -> 0xAC44
[413] [M]: 0x0000000080000660 (0xAC447EBB) pmhaccsu.h.be t4, fp, tp
x29 <- 0xFFFD000104008000

mem[X,0x0000000080000664] -> 0xB823
mem[X,0x0000000080000666] -> 0x01D2
[414] [M]: 0x0000000080000664 (0x01D2B823) sd t4, 0x10(t0)
mem[0x0000000080004198] <- 0xFFFD000104008000

mem[X,0x0000000080000668] -> 0x09B7
mem[X,0x000000008000066A] -> 0xFFEF
[415] [M]: 0x0000000080000668 (0xFFEF09B7) lui s3, -0x110
x19 <- 0xFFFFFFFFFFEF0000

mem[X,0x000000008000066C] -> 0x8993
mem[X,0x000000008000066E] -> 0x1009
[416] [M]: 0x000000008000066C (0x10098993) addi s3, s3, 0x100
x19 <- 0xFFFFFFFFFFEF0100

mem[X,0x0000000080000670] -> 0x9993
mem[X,0x0000000080000672] -> 0x00B9
[417] [M]: 0x0000000080000670 (0x00B99993) slli s3, s3, 0xb
x19 <- 0xFFFFFFFF78080000

mem[X,0x0000000080000674] -> 0x8993
mem[X,0x0000000080000676] -> 0x7FF9
[418] [M]: 0x0000000080000674 (0x7FF98993) addi s3, s3, 0x7ff
x19 <- 0xFFFFFFFF780807FF

mem[X,0x0000000080000678] -> 0x9993
mem[X,0x000000008000067A] -> 0x00B9
[419] [M]: 0x0000000080000678 (0x00B99993) slli s3, s3, 0xb
x19 <- 0xFFFFFBC0403FF800

mem[X,0x000000008000067C] -> 0x8993
mem[X,0x000000008000067E] -> 0x7889
[420] [M]: 0x000000008000067C (0x78898993) addi s3, s3, 0x788
x19 <- 0xFFFFFBC0403FFF88

mem[X,0x0000000080000680] -> 0x9993
mem[X,0x0000000080000682] -> 0x00A9
[421] [M]: 0x0000000080000680 (0x00A99993) slli s3, s3, 0xa
x19 <- 0xFFEF0100FFFE2000

mem[X,0x0000000080000684] -> 0x03B7
mem[X,0x0000000080000686] -> 0xF800
[422] [M]: 0x0000000080000684 (0xF80003B7) lui t2, -0x8000
x7 <- 0xFFFFFFFFF8000000

mem[X,0x0000000080000688] -> 0x8393
mem[X,0x000000008000068A] -> 0xFF93
[423] [M]: 0x0000000080000688 (0xFF938393) addi t2, t2, -0x7
x7 <- 0xFFFFFFFFF7FFFFF9

mem[X,0x000000008000068C] -> 0x9393
mem[X,0x000000008000068E] -> 0x00B3
[424] [M]: 0x000000008000068C (0x00B39393) slli t2, t2, 0xb
x7 <- 0xFFFFFFBFFFFFC800

mem[X,0x0000000080000690] -> 0x8393
mem[X,0x0000000080000692] -> 0x0003
[425] [M]: 0x0000000080000690 (0x00038393) addi t2, t2, 0x0
x7 <- 0xFFFFFFBFFFFFC800

mem[X,0x0000000080000694] -> 0x9393
mem[X,0x0000000080000696] -> 0x00B3
[426] [M]: 0x0000000080000694 (0x00B39393) slli t2, t2, 0xb
x7 <- 0xFFFDFFFFFE400000

mem[X,0x0000000080000698] -> 0x8393
mem[X,0x000000008000069A] -> 0x0C03
[427] [M]: 0x0000000080000698 (0x0C038393) addi t2, t2, 0xc0
x7 <- 0xFFFDFFFFFE4000C0

mem[X,0x000000008000069C] -> 0x9393
mem[X,0x000000008000069E] -> 0x00A3
[428] [M]: 0x000000008000069C (0x00A39393) slli t2, t2, 0xa
x7 <- 0xF7FFFFF900030000

mem[X,0x00000000800006A0] -> 0x8393
mem[X,0x00000000800006A2] -> 0x0013
[429] [M]: 0x00000000800006A0 (0x00138393) addi t2, t2, 0x1
x7 <- 0xF7FFFFF900030001

mem[X,0x00000000800006A4] -> 0xFDBB
mem[X,0x00000000800006A6] -> 0xAC79
[430] [M]: 0x00000000800006A4 (0xAC79FDBB) pmhaccsu.h.be s11, s3, t2
x27 <- 0x00FE000000020000

mem[X,0x00000000800006A8] -> 0xBC23
mem[X,0x00000000800006AA] -> 0x01B2
[431] [M]: 0x00000000800006A8 (0x01B2BC23) sd s11, 0x18(t0)
mem[0x00000000800041A0] <- 0x00FE000000020000

mem[X,0x00000000800006AC] -> 0x1EB7
mem[X,0x00000000800006AE] -> 0xFFEF
[432] [M]: 0x00000000800006AC (0xFFEF1EB7) lui t4, -0x10f
x29 <- 0xFFFFFFFFFFEF1000

mem[X,0x00000000800006B0] -> 0x8E93
mem[X,0x00000000800006B2] -> 0x800E
[433] [M]: 0x00000000800006B0 (0x800E8E93) addi t4, t4, -0x800
x29 <- 0xFFFFFFFFFFEF0800

mem[X,0x00000000800006B4] -> 0x9E93
mem[X,0x00000000800006B6] -> 0x00BE
[434] [M]: 0x00000000800006B4 (0x00BE9E93) slli t4, t4, 0xb
x29 <- 0xFFFFFFFF78400000

mem[X,0x00000000800006B8] -> 0x8E93
mem[X,0x00000000800006BA] -> 0x000E
[435] [M]: 0x00000000800006B8 (0x000E8E93) addi t4, t4, 0x0
x29 <- 0xFFFFFFFF78400000

mem[X,0x00000000800006BC] -> 0x9E93
mem[X,0x00000000800006BE] -> 0x00BE
[436] [M]: 0x00000000800006BC (0x00BE9E93) slli t4, t4, 0xb
x29 <- 0xFFFFFBC200000000

mem[X,0x00000000800006C0] -> 0x8E93
mem[X,0x00000000800006C2] -> 0x190E
[437] [M]: 0x00000000800006C0 (0x190E8E93) addi t4, t4, 0x190
x29 <- 0xFFFFFBC200000190

mem[X,0x00000000800006C4] -> 0x9E93
mem[X,0x00000000800006C6] -> 0x00AE
[438] [M]: 0x00000000800006C4 (0x00AE9E93) slli t4, t4, 0xa
x29 <- 0xFFEF080000064000

mem[X,0x00000000800006C8] -> 0x1737
mem[X,0x00000000800006CA] -> 0x8000
[439] [M]: 0x00000000800006C8 (0x80001737) lui a4, -0x7ffff
x14 <- 0xFFFFFFFF80001000

mem[X,0x00000000800006CC] -> 0x0713
mem[X,0x00000000800006CE] -> 0x8007
[440] [M]: 0x00000000800006CC (0x80070713) addi a4, a4, -0x800
x14 <- 0xFFFFFFFF80000800

mem[X,0x00000000800006D0] -> 0x1713
mem[X,0x00000000800006D2] -> 0x00B7
[441] [M]: 0x00000000800006D0 (0x00B71713) slli a4, a4, 0xb
x14 <- 0xFFFFFC0000400000

mem[X,0x00000000800006D4] -> 0x0713
mem[X,0x00000000800006D6] -> 0x1FF7
[442] [M]: 0x00000000800006D4 (0x1FF70713) addi a4, a4, 0x1ff
x14 <- 0xFFFFFC00004001FF

mem[X,0x00000000800006D8] -> 0x1713
mem[X,0x00000000800006DA] -> 0x00B7
[443] [M]: 0x00000000800006D8 (0x00B71713) slli a4, a4, 0xb
x14 <- 0xFFE00002000FF800

mem[X,0x00000000800006DC] -> 0x0713
mem[X,0x00000000800006DE] -> 0x7C27
[444] [M]: 0x00000000800006DC (0x7C270713) addi a4, a4, 0x7c2
x14 <- 0xFFE00002000FFFC2

mem[X,0x00000000800006E0] -> 0x1713
mem[X,0x00000000800006E2] -> 0x00A7
[445] [M]: 0x00000000800006E0 (0x00A71713) slli a4, a4, 0xa
x14 <- 0x800008003FFF0800

mem[X,0x00000000800006E4] -> 0xF4BB
mem[X,0x00000000800006E6] -> 0xACEE
[446] [M]: 0x00000000800006E4 (0xACEEF4BB) pmhaccsu.h.be s1, t4, a4
x9 <- 0x0000000080004118

mem[X,0x00000000800006E8] -> 0xB023
mem[X,0x00000000800006EA] -> 0x0292
[447] [M]: 0x00000000800006E8 (0x0292B023) sd s1, 0x20(t0)
mem[0x00000000800041A8] <- 0x0000000080004118

mem[X,0x00000000800006EC] -> 0x0CB7
mem[X,0x00000000800006EE] -> 0x0006
[448] [M]: 0x00000000800006EC (0x00060CB7) lui s9, 0x60
x25 <- 0x0000000000060000

mem[X,0x00000000800006F0] -> 0x8C93
mem[X,0x00000000800006F2] -> 0x005C
[449] [M]: 0x00000000800006F0 (0x005C8C93) addi s9, s9, 0x5
x25 <- 0x0000000000060005

mem[X,0x00000000800006F4] -> 0x9C93
mem[X,0x00000000800006F6] -> 0x00BC
[450] [M]: 0x00000000800006F4 (0x00BC9C93) slli s9, s9, 0xb
x25 <- 0x0000000030002800

mem[X,0x00000000800006F8] -> 0x8C93
mem[X,0x00000000800006FA] -> 0x000C
[451] [M]: 0x00000000800006F8 (0x000C8C93) addi s9, s9, 0x0
x25 <- 0x0000000030002800

mem[X,0x00000000800006FC] -> 0x9C93
mem[X,0x00000000800006FE] -> 0x00BC
[452] [M]: 0x00000000800006FC (0x00BC9C93) slli s9, s9, 0xb
x25 <- 0x0000018001400000

mem[X,0x0000000080000700] -> 0x8C93
mem[X,0x0000000080000702] -> 0x1BFC
[453] [M]: 0x0000000080000700 (0x1BFC8C93) addi s9, s9, 0x1bf
x25 <- 0x00000180014001BF

mem[X,0x0000000080000704] -> 0x9C93
mem[X,0x0000000080000706] -> 0x00AC
[454] [M]: 0x0000000080000704 (0x00AC9C93) slli s9, s9, 0xa
x25 <- 0x000600050006FC00

mem[X,0x0000000080000708] -> 0x8C93
mem[X,0x000000008000070A] -> 0x3FEC
[455] [M]: 0x0000000080000708 (0x3FEC8C93) addi s9, s9, 0x3fe
x25 <- 0x000600050006FFFE

mem[X,0x000000008000070C] -> 0x00B7
mem[X,0x000000008000070E] -> 0xFF7F
[456] [M]: 0x000000008000070C (0xFF7F00B7) lui ra, -0x810
x1 <- 0xFFFFFFFFFF7F0000

mem[X,0x0000000080000710] -> 0x8093
mem[X,0x0000000080000712] -> 0x0800
[457] [M]: 0x0000000080000710 (0x08008093) addi ra, ra, 0x80
x1 <- 0xFFFFFFFFFF7F0080

mem[X,0x0000000080000714] -> 0x9093
mem[X,0x0000000080000716] -> 0x00B0
[458] [M]: 0x0000000080000714 (0x00B09093) slli ra, ra, 0xb
x1 <- 0xFFFFFFFBF8040000

mem[X,0x0000000080000718] -> 0x8093
mem[X,0x000000008000071A] -> 0x7FF0
[459] [M]: 0x0000000080000718 (0x7FF08093) addi ra, ra, 0x7ff
x1 <- 0xFFFFFFFBF80407FF

mem[X,0x000000008000071C] -> 0x9093
mem[X,0x000000008000071E] -> 0x00B0
[460] [M]: 0x000000008000071C (0x00B09093) slli ra, ra, 0xb
x1 <- 0xFFFFDFC0203FF800

mem[X,0x0000000080000720] -> 0x8093
mem[X,0x0000000080000722] -> 0x6800
[461] [M]: 0x0000000080000720 (0x68008093) addi ra, ra, 0x680
x1 <- 0xFFFFDFC0203FFE80

mem[X,0x0000000080000724] -> 0x9093
mem[X,0x0000000080000726] -> 0x00A0
[462] [M]: 0x0000000080000724 (0x00A09093) slli ra, ra, 0xa
x1 <- 0xFF7F0080FFFA0000

mem[X,0x0000000080000728] -> 0x8093
mem[X,0x000000008000072A] -> 0x0080
[463] [M]: 0x0000000080000728 (0x00808093) addi ra, ra, 0x8
x1 <- 0xFF7F0080FFFA0008

mem[X,0x000000008000072C] -> 0xF7BB
mem[X,0x000000008000072E] -> 0xAC1C
[464] [M]: 0x000000008000072C (0xAC1CF7BB) pmhaccsu.h.be a5, s9, ra
x15 <- 0xFFF8080000050003

mem[X,0x0000000080000730] -> 0xB423
mem[X,0x0000000080000732] -> 0x02F2
[465] [M]: 0x0000000080000730 (0x02F2B423) sd a5, 0x28(t0)
mem[0x00000000800041B0] <- 0xFFF8080000050003

mem[X,0x0000000080000734] -> 0x1037
mem[X,0x0000000080000736] -> 0x0002
[466] [M]: 0x0000000080000734 (0x00021037) lui zero, 0x21

mem[X,0x0000000080000738] -> 0x0013
mem[X,0x000000008000073A] -> 0x0000
[467] [M]: 0x0000000080000738 (0x00000013) addi zero, zero, 0x0

mem[X,0x000000008000073C] -> 0x1013
mem[X,0x000000008000073E] -> 0x00B0
[468] [M]: 0x000000008000073C (0x00B01013) slli zero, zero, 0xb

mem[X,0x0000000080000740] -> 0x0013
mem[X,0x0000000080000742] -> 0x77F0
[469] [M]: 0x0000000080000740 (0x77F00013) addi zero, zero, 0x77f

mem[X,0x0000000080000744] -> 0x1013
mem[X,0x0000000080000746] -> 0x00B0
[470] [M]: 0x0000000080000744 (0x00B01013) slli zero, zero, 0xb

mem[X,0x0000000080000748] -> 0x0013
mem[X,0x000000008000074A] -> 0x7FF0
[471] [M]: 0x0000000080000748 (0x7FF00013) addi zero, zero, 0x7ff

mem[X,0x000000008000074C] -> 0x1013
mem[X,0x000000008000074E] -> 0x00A0
[472] [M]: 0x000000008000074C (0x00A01013) slli zero, zero, 0xa

mem[X,0x0000000080000750] -> 0x0013
mem[X,0x0000000080000752] -> 0x3FD0
[473] [M]: 0x0000000080000750 (0x3FD00013) addi zero, zero, 0x3fd

mem[X,0x0000000080000754] -> 0x0637
mem[X,0x0000000080000756] -> 0xFFBF
[474] [M]: 0x0000000080000754 (0xFFBF0637) lui a2, -0x410
x12 <- 0xFFFFFFFFFFBF0000

mem[X,0x0000000080000758] -> 0x0613
mem[X,0x000000008000075A] -> 0x0086
[475] [M]: 0x0000000080000758 (0x00860613) addi a2, a2, 0x8
x12 <- 0xFFFFFFFFFFBF0008

mem[X,0x000000008000075C] -> 0x1613
mem[X,0x000000008000075E] -> 0x00B6
[476] [M]: 0x000000008000075C (0x00B61613) slli a2, a2, 0xb
x12 <- 0xFFFFFFFDF8004000

mem[X,0x0000000080000760] -> 0x0613
mem[X,0x0000000080000762] -> 0x0106
[477] [M]: 0x0000000080000760 (0x01060613) addi a2, a2, 0x10
x12 <- 0xFFFFFFFDF8004010

mem[X,0x0000000080000764] -> 0x1613
mem[X,0x0000000080000766] -> 0x00B6
[478] [M]: 0x0000000080000764 (0x00B61613) slli a2, a2, 0xb
x12 <- 0xFFFFEFC002008000

mem[X,0x0000000080000768] -> 0x0613
mem[X,0x000000008000076A] -> 0x0006
[479] [M]: 0x0000000080000768 (0x00060613) addi a2, a2, 0x0
x12 <- 0xFFFFEFC002008000

mem[X,0x000000008000076C] -> 0x1613
mem[X,0x000000008000076E] -> 0x00A6
[480] [M]: 0x000000008000076C (0x00A61613) slli a2, a2, 0xa
x12 <- 0xFFBF000802000000

mem[X,0x0000000080000770] -> 0x0613
mem[X,0x0000000080000772] -> 0x0096
[481] [M]: 0x0000000080000770 (0x00960613) addi a2, a2, 0x9
x12 <- 0xFFBF000802000009

mem[X,0x0000000080000774] -> 0x733B
mem[X,0x0000000080000776] -> 0xACC0
[482] [M]: 0x0000000080000774 (0xACC0733B) pmhaccsu.h.be t1, zero, a2
x6 <- 0x0002FDFFEFFFDFFF

mem[X,0x0000000080000778] -> 0xB823
mem[X,0x000000008000077A] -> 0x0262
[483] [M]: 0x0000000080000778 (0x0262B823) sd t1, 0x30(t0)
mem[0x00000000800041B8] <- 0x0002FDFFEFFFDFFF

mem[X,0x000000008000077C] -> 0x0A37
mem[X,0x000000008000077E] -> 0xE000
[484] [M]: 0x000000008000077C (0xE0000A37) lui s4, -0x20000
x20 <- 0xFFFFFFFFE0000000

mem[X,0x0000000080000780] -> 0x0A13
mem[X,0x0000000080000782] -> 0xEFFA
[485] [M]: 0x0000000080000780 (0xEFFA0A13) addi s4, s4, -0x101
x20 <- 0xFFFFFFFFDFFFFEFF

mem[X,0x0000000080000784] -> 0x1A13
mem[X,0x0000000080000786] -> 0x00BA
[486] [M]: 0x0000000080000784 (0x00BA1A13) slli s4, s4, 0xb
x20 <- 0xFFFFFEFFFFF7F800

mem[X,0x0000000080000788] -> 0x0A13
mem[X,0x000000008000078A] -> 0x7FFA
[487] [M]: 0x0000000080000788 (0x7FFA0A13) addi s4, s4, 0x7ff
x20 <- 0xFFFFFEFFFFF7FFFF

mem[X,0x000000008000078C] -> 0x1A13
mem[X,0x000000008000078E] -> 0x00BA
[488] [M]: 0x000000008000078C (0x00BA1A13) slli s4, s4, 0xb
x20 <- 0xFFF7FFFFBFFFF800

mem[X,0x0000000080000790] -> 0x0A13
mem[X,0x0000000080000792] -> 0x7FFA
[489] [M]: 0x0000000080000790 (0x7FFA0A13) addi s4, s4, 0x7ff
x20 <- 0xFFF7FFFFBFFFFFFF

mem[X,0x0000000080000794] -> 0x1A13
mem[X,0x0000000080000796] -> 0x00AA
[490] [M]: 0x0000000080000794 (0x00AA1A13) slli s4, s4, 0xa
x20 <- 0xDFFFFEFFFFFFFC00

mem[X,0x0000000080000798] -> 0x0A13
mem[X,0x000000008000079A] -> 0x3FBA
[491] [M]: 0x0000000080000798 (0x3FBA0A13) addi s4, s4, 0x3fb
x20 <- 0xDFFFFEFFFFFFFFFB

mem[X,0x000000008000079C] -> 0x4AB7
mem[X,0x000000008000079E] -> 0xFFEF
[492] [M]: 0x000000008000079C (0xFFEF4AB7) lui s5, -0x10c
x21 <- 0xFFFFFFFFFFEF4000

mem[X,0x00000000800007A0] -> 0x8A93
mem[X,0x00000000800007A2] -> 0xFFFA
[493] [M]: 0x00000000800007A0 (0xFFFA8A93) addi s5, s5, -0x1
x21 <- 0xFFFFFFFFFFEF3FFF

mem[X,0x00000000800007A4] -> 0x9A93
mem[X,0x00000000800007A6] -> 0x00BA
[494] [M]: 0x00000000800007A4 (0x00BA9A93) slli s5, s5, 0xb
x21 <- 0xFFFFFFFF79FFF800

mem[X,0x00000000800007A8] -> 0x8A93
mem[X,0x00000000800007AA] -> 0x200A
[495] [M]: 0x00000000800007A8 (0x200A8A93) addi s5, s5, 0x200
x21 <- 0xFFFFFFFF79FFFA00

mem[X,0x00000000800007AC] -> 0x9A93
mem[X,0x00000000800007AE] -> 0x00BA
[496] [M]: 0x00000000800007AC (0x00BA9A93) slli s5, s5, 0xb
x21 <- 0xFFFFFBCFFFD00000

mem[X,0x00000000800007B0] -> 0x8A93
mem[X,0x00000000800007B2] -> 0x000A
[497] [M]: 0x00000000800007B0 (0x000A8A93) addi s5, s5, 0x0
x21 <- 0xFFFFFBCFFFD00000

mem[X,0x00000000800007B4] -> 0x9A93
mem[X,0x00000000800007B6] -> 0x00AA
[498] [M]: 0x00000000800007B4 (0x00AA9A93) slli s5, s5, 0xa
x21 <- 0xFFEF3FFF40000000

mem[X,0x00000000800007B8] -> 0x8A93
mem[X,0x00000000800007BA] -> 0x007A
[499] [M]: 0x00000000800007B8 (0x007A8A93) addi s5, s5, 0x7
x21 <- 0xFFEF3FFF40000007

clint::tick mtime <- 0x0000000000000005
 clint timer pending at mtime 0x0000000000000005
htif::tick 0x0000000000000000
mem[X,0x00000000800007BC] -> 0x78BB
mem[X,0x00000000800007BE] -> 0xAD5A
[500] [M]: 0x00000000800007BC (0xAD5A78BB) pmhaccsu.h.be a7, s4, s5
x17 <- 0x01510101FFFE0206

mem[X,0x00000000800007C0] -> 0xBC23
mem[X,0x00000000800007C2] -> 0x0312
[501] [M]: 0x00000000800007C0 (0x0312BC23) sd a7, 0x38(t0)
mem[0x00000000800041C0] <- 0x01510101FFFE0206

mem[X,0x00000000800007C4] -> 0x0AB7
mem[X,0x00000000800007C6] -> 0x0001
[502] [M]: 0x00000000800007C4 (0x00010AB7) lui s5, 0x10
x21 <- 0x0000000000010000

mem[X,0x00000000800007C8] -> 0x8A93
mem[X,0x00000000800007CA] -> 0x400A
[503] [M]: 0x00000000800007C8 (0x400A8A93) addi s5, s5, 0x400
x21 <- 0x0000000000010400

mem[X,0x00000000800007CC] -> 0x9A93
mem[X,0x00000000800007CE] -> 0x00BA
[504] [M]: 0x00000000800007CC (0x00BA9A93) slli s5, s5, 0xb
x21 <- 0x0000000008200000

mem[X,0x00000000800007D0] -> 0x8A93
mem[X,0x00000000800007D2] -> 0x7FDA
[505] [M]: 0x00000000800007D0 (0x7FDA8A93) addi s5, s5, 0x7fd
x21 <- 0x00000000082007FD

mem[X,0x00000000800007D4] -> 0x9A93
mem[X,0x00000000800007D6] -> 0x00BA
[506] [M]: 0x00000000800007D4 (0x00BA9A93) slli s5, s5, 0xb
x21 <- 0x00000041003FE800

mem[X,0x00000000800007D8] -> 0x8A93
mem[X,0x00000000800007DA] -> 0x7FFA
[507] [M]: 0x00000000800007D8 (0x7FFA8A93) addi s5, s5, 0x7ff
x21 <- 0x00000041003FEFFF

mem[X,0x00000000800007DC] -> 0x9A93
mem[X,0x00000000800007DE] -> 0x00AA
[508] [M]: 0x00000000800007DC (0x00AA9A93) slli s5, s5, 0xa
x21 <- 0x00010400FFBFFC00

mem[X,0x00000000800007E0] -> 0x8A93
mem[X,0x00000000800007E2] -> 0x3F7A
[509] [M]: 0x00000000800007E0 (0x3F7A8A93) addi s5, s5, 0x3f7
x21 <- 0x00010400FFBFFFF7

mem[X,0x00000000800007E4] -> 0x09B7
mem[X,0x00000000800007E6] -> 0x0009
[510] [M]: 0x00000000800007E4 (0x000909B7) lui s3, 0x90
x19 <- 0x0000000000090000

mem[X,0x00000000800007E8] -> 0x8993
mem[X,0x00000000800007EA] -> 0x0209
[511] [M]: 0x00000000800007E8 (0x02098993) addi s3, s3, 0x20
x19 <- 0x0000000000090020

mem[X,0x00000000800007EC] -> 0x9993
mem[X,0x00000000800007EE] -> 0x00B9
[512] [M]: 0x00000000800007EC (0x00B99993) slli s3, s3, 0xb
x19 <- 0x0000000048010000

mem[X,0x00000000800007F0] -> 0x8993
mem[X,0x00000000800007F2] -> 0x0009
[513] [M]: 0x00000000800007F0 (0x00098993) addi s3, s3, 0x0
x19 <- 0x0000000048010000

mem[X,0x00000000800007F4] -> 0x9993
mem[X,0x00000000800007F6] -> 0x00B9
[514] [M]: 0x00000000800007F4 (0x00B99993) slli s3, s3, 0xb
x19 <- 0x0000024008000000

mem[X,0x00000000800007F8] -> 0x8993
mem[X,0x00000000800007FA] -> 0x1FF9
[515] [M]: 0x00000000800007F8 (0x1FF98993) addi s3, s3, 0x1ff
x19 <- 0x00000240080001FF

mem[X,0x00000000800007FC] -> 0x9993
mem[X,0x00000000800007FE] -> 0x00A9
[516] [M]: 0x00000000800007FC (0x00A99993) slli s3, s3, 0xa
x19 <- 0x000900200007FC00

mem[X,0x0000000080000800] -> 0x8993
mem[X,0x0000000080000802] -> 0x3F99
[517] [M]: 0x0000000080000800 (0x3F998993) addi s3, s3, 0x3f9
x19 <- 0x000900200007FFF9

mem[X,0x0000000080000804] -> 0xFC3B
mem[X,0x0000000080000806] -> 0xAD3A
[518] [M]: 0x0000000080000804 (0xAD3AFC3B) pmhaccsu.h.be s8, s5, s3
x24 <- 0x00070020555B0108

mem[X,0x0000000080000808] -> 0xB023
mem[X,0x000000008000080A] -> 0x0582
[519] [M]: 0x0000000080000808 (0x0582B023) sd s8, 0x40(t0)
mem[0x00000000800041C8] <- 0x00070020555B0108

mem[X,0x000000008000080C] -> 0xCF37
mem[X,0x000000008000080E] -> 0xFFF7
[520] [M]: 0x000000008000080C (0xFFF7CF37) lui t5, -0x84
x30 <- 0xFFFFFFFFFFF7C000

mem[X,0x0000000080000810] -> 0x0F13
mem[X,0x0000000080000812] -> 0x000F
[521] [M]: 0x0000000080000810 (0x000F0F13) addi t5, t5, 0x0
x30 <- 0xFFFFFFFFFFF7C000

mem[X,0x0000000080000814] -> 0x1F13
mem[X,0x0000000080000816] -> 0x00BF
[522] [M]: 0x0000000080000814 (0x00BF1F13) slli t5, t5, 0xb
x30 <- 0xFFFFFFFFBE000000

mem[X,0x0000000080000818] -> 0x0F13
mem[X,0x000000008000081A] -> 0x040F
[523] [M]: 0x0000000080000818 (0x040F0F13) addi t5, t5, 0x40
x30 <- 0xFFFFFFFFBE000040

mem[X,0x000000008000081C] -> 0x1F13
mem[X,0x000000008000081E] -> 0x00BF
[524] [M]: 0x000000008000081C (0x00BF1F13) slli t5, t5, 0xb
x30 <- 0xFFFFFDF000020000

mem[X,0x0000000080000820] -> 0x0F13
mem[X,0x0000000080000822] -> 0x03FF
[525] [M]: 0x0000000080000820 (0x03FF0F13) addi t5, t5, 0x3f
x30 <- 0xFFFFFDF00002003F

mem[X,0x0000000080000824] -> 0x1F13
mem[X,0x0000000080000826] -> 0x00AF
[526] [M]: 0x0000000080000824 (0x00AF1F13) slli t5, t5, 0xa
x30 <- 0xFFF7C0000800FC00

mem[X,0x0000000080000828] -> 0x0F13
mem[X,0x000000008000082A] -> 0x3EFF
[527] [M]: 0x0000000080000828 (0x3EFF0F13) addi t5, t5, 0x3ef
x30 <- 0xFFF7C0000800FFEF

mem[X,0x000000008000082C] -> 0x05B7
mem[X,0x000000008000082E] -> 0x0001
[528] [M]: 0x000000008000082C (0x000105B7) lui a1, 0x10
x11 <- 0x0000000000010000

mem[X,0x0000000080000830] -> 0x8593
mem[X,0x0000000080000832] -> 0x0085
[529] [M]: 0x0000000080000830 (0x00858593) addi a1, a1, 0x8
x11 <- 0x0000000000010008

mem[X,0x0000000080000834] -> 0x9593
mem[X,0x0000000080000836] -> 0x00B5
[530] [M]: 0x0000000080000834 (0x00B59593) slli a1, a1, 0xb
x11 <- 0x0000000008004000

mem[X,0x0000000080000838] -> 0x8593
mem[X,0x000000008000083A] -> 0x7FE5
[531] [M]: 0x0000000080000838 (0x7FE58593) addi a1, a1, 0x7fe
x11 <- 0x00000000080047FE

mem[X,0x000000008000083C] -> 0x9593
mem[X,0x000000008000083E] -> 0x00B5
[532] [M]: 0x000000008000083C (0x00B59593) slli a1, a1, 0xb
x11 <- 0x00000040023FF000

mem[X,0x0000000080000840] -> 0x8593
mem[X,0x0000000080000842] -> 0x7FF5
[533] [M]: 0x0000000080000840 (0x7FF58593) addi a1, a1, 0x7ff
x11 <- 0x00000040023FF7FF

mem[X,0x0000000080000844] -> 0x9593
mem[X,0x0000000080000846] -> 0x00A5
[534] [M]: 0x0000000080000844 (0x00A59593) slli a1, a1, 0xa
x11 <- 0x00010008FFDFFC00

mem[X,0x0000000080000848] -> 0x8593
mem[X,0x000000008000084A] -> 0x37F5
[535] [M]: 0x0000000080000848 (0x37F58593) addi a1, a1, 0x37f
x11 <- 0x00010008FFDFFF7F

mem[X,0x000000008000084C] -> 0x713B
mem[X,0x000000008000084E] -> 0xACBF
[536] [M]: 0x000000008000084C (0xACBF713B) pmhaccsu.h.be sp, t5, a1
x2 <- 0xFFFC00070002027E

mem[X,0x0000000080000850] -> 0xB423
mem[X,0x0000000080000852] -> 0x0422
[537] [M]: 0x0000000080000850 (0x0422B423) sd sp, 0x48(t0)
mem[0x00000000800041D0] <- 0xFFFC00070002027E

mem[X,0x0000000080000854] -> 0xB937
mem[X,0x0000000080000856] -> 0x0040
[538] [M]: 0x0000000080000854 (0x0040B937) lui s2, 0x40b
x18 <- 0x000000000040B000

mem[X,0x0000000080000858] -> 0x0913
mem[X,0x000000008000085A] -> 0xAAA9
[539] [M]: 0x0000000080000858 (0xAAA90913) addi s2, s2, -0x556
x18 <- 0x000000000040AAAA

mem[X,0x000000008000085C] -> 0x1913
mem[X,0x000000008000085E] -> 0x00B9
[540] [M]: 0x000000008000085C (0x00B91913) slli s2, s2, 0xb
x18 <- 0x0000000205555000

mem[X,0x0000000080000860] -> 0x0913
mem[X,0x0000000080000862] -> 0x77F9
[541] [M]: 0x0000000080000860 (0x77F90913) addi s2, s2, 0x77f
x18 <- 0x000000020555577F

mem[X,0x0000000080000864] -> 0x1913
mem[X,0x0000000080000866] -> 0x00B9
[542] [M]: 0x0000000080000864 (0x00B91913) slli s2, s2, 0xb
x18 <- 0x0000102AAABBF800

mem[X,0x0000000080000868] -> 0x0913
mem[X,0x000000008000086A] -> 0x7FF9
[543] [M]: 0x0000000080000868 (0x7FF90913) addi s2, s2, 0x7ff
x18 <- 0x0000102AAABBFFFF

mem[X,0x000000008000086C] -> 0x1913
mem[X,0x000000008000086E] -> 0x00A9
[544] [M]: 0x000000008000086C (0x00A91913) slli s2, s2, 0xa
x18 <- 0x0040AAAAEFFFFC00

mem[X,0x0000000080000870] -> 0x0913
mem[X,0x0000000080000872] -> 0x3DF9
[545] [M]: 0x0000000080000870 (0x3DF90913) addi s2, s2, 0x3df
x18 <- 0x0040AAAAEFFFFFDF

mem[X,0x0000000080000874] -> 0x0F37
mem[X,0x0000000080000876] -> 0xFFFB
[546] [M]: 0x0000000080000874 (0xFFFB0F37) lui t5, -0x50
x30 <- 0xFFFFFFFFFFFB0000

mem[X,0x0000000080000878] -> 0x0F13
mem[X,0x000000008000087A] -> 0xFFDF
[547] [M]: 0x0000000080000878 (0xFFDF0F13) addi t5, t5, -0x3
x30 <- 0xFFFFFFFFFFFAFFFD

mem[X,0x000000008000087C] -> 0x1F13
mem[X,0x000000008000087E] -> 0x00BF
[548] [M]: 0x000000008000087C (0x00BF1F13) slli t5, t5, 0xb
x30 <- 0xFFFFFFFFD7FFE800

mem[X,0x0000000080000880] -> 0x0F13
mem[X,0x0000000080000882] -> 0x7FFF
[549] [M]: 0x0000000080000880 (0x7FFF0F13) addi t5, t5, 0x7ff
x30 <- 0xFFFFFFFFD7FFEFFF

mem[X,0x0000000080000884] -> 0x1F13
mem[X,0x0000000080000886] -> 0x00BF
[550] [M]: 0x0000000080000884 (0x00BF1F13) slli t5, t5, 0xb
x30 <- 0xFFFFFEBFFF7FF800

mem[X,0x0000000080000888] -> 0x0F13
mem[X,0x000000008000088A] -> 0x640F
[551] [M]: 0x0000000080000888 (0x640F0F13) addi t5, t5, 0x640
x30 <- 0xFFFFFEBFFF7FFE40

mem[X,0x000000008000088C] -> 0x1F13
mem[X,0x000000008000088E] -> 0x00AF
[552] [M]: 0x000000008000088C (0x00AF1F13) slli t5, t5, 0xa
x30 <- 0xFFFAFFFDFFF90000

mem[X,0x0000000080000890] -> 0x0F13
mem[X,0x0000000080000892] -> 0x008F
[553] [M]: 0x0000000080000890 (0x008F0F13) addi t5, t5, 0x8
x30 <- 0xFFFAFFFDFFF90008

mem[X,0x0000000080000894] -> 0x753B
mem[X,0x0000000080000896] -> 0xADE9
[554] [M]: 0x0000000080000894 (0xADE9753B) pmhaccsu.h.be a0, s2, t5
x10 <- 0xFEFF00B800E6AAB1

mem[X,0x0000000080000898] -> 0xB823
mem[X,0x000000008000089A] -> 0x04A2
[555] [M]: 0x0000000080000898 (0x04A2B823) sd a0, 0x50(t0)
mem[0x00000000800041D8] <- 0xFEFF00B800E6AAB1

mem[X,0x000000008000089C] -> 0x0FB7
mem[X,0x000000008000089E] -> 0x0201
[556] [M]: 0x000000008000089C (0x02010FB7) lui t6, 0x2010
x31 <- 0x0000000002010000

mem[X,0x00000000800008A0] -> 0x8F93
mem[X,0x00000000800008A2] -> 0xDFFF
[557] [M]: 0x00000000800008A0 (0xDFFF8F93) addi t6, t6, -0x201
x31 <- 0x000000000200FDFF

mem[X,0x00000000800008A4] -> 0x9F93
mem[X,0x00000000800008A6] -> 0x00BF
[558] [M]: 0x00000000800008A4 (0x00BF9F93) slli t6, t6, 0xb
x31 <- 0x0000001007EFF800

mem[X,0x00000000800008A8] -> 0x8F93
mem[X,0x00000000800008AA] -> 0x2AAF
[559] [M]: 0x00000000800008A8 (0x2AAF8F93) addi t6, t6, 0x2aa
x31 <- 0x0000001007EFFAAA

mem[X,0x00000000800008AC] -> 0x9F93
mem[X,0x00000000800008AE] -> 0x00BF
[560] [M]: 0x00000000800008AC (0x00BF9F93) slli t6, t6, 0xb
x31 <- 0x0000803F7FD55000

mem[X,0x00000000800008B0] -> 0x8F93
mem[X,0x00000000800008B2] -> 0x57FF
[561] [M]: 0x00000000800008B0 (0x57FF8F93) addi t6, t6, 0x57f
x31 <- 0x0000803F7FD5557F

mem[X,0x00000000800008B4] -> 0x9F93
mem[X,0x00000000800008B6] -> 0x00AF
[562] [M]: 0x00000000800008B4 (0x00AF9F93) slli t6, t6, 0xa
x31 <- 0x0200FDFF5555FC00

mem[X,0x00000000800008B8] -> 0x8F93
mem[X,0x00000000800008BA] -> 0x3BFF
[563] [M]: 0x00000000800008B8 (0x3BFF8F93) addi t6, t6, 0x3bf
x31 <- 0x0200FDFF5555FFBF

mem[X,0x00000000800008BC] -> 0x0DB7
mem[X,0x00000000800008BE] -> 0x0005
[564] [M]: 0x00000000800008BC (0x00050DB7) lui s11, 0x50
x27 <- 0x0000000000050000

mem[X,0x00000000800008C0] -> 0x8D93
mem[X,0x00000000800008C2] -> 0x020D
[565] [M]: 0x00000000800008C0 (0x020D8D93) addi s11, s11, 0x20
x27 <- 0x0000000000050020

mem[X,0x00000000800008C4] -> 0x9D93
mem[X,0x00000000800008C6] -> 0x00BD
[566] [M]: 0x00000000800008C4 (0x00BD9D93) slli s11, s11, 0xb
x27 <- 0x0000000028010000

mem[X,0x00000000800008C8] -> 0x8D93
mem[X,0x00000000800008CA] -> 0x200D
[567] [M]: 0x00000000800008C8 (0x200D8D93) addi s11, s11, 0x200
x27 <- 0x0000000028010200

mem[X,0x00000000800008CC] -> 0x9D93
mem[X,0x00000000800008CE] -> 0x00BD
[568] [M]: 0x00000000800008CC (0x00BD9D93) slli s11, s11, 0xb
x27 <- 0x0000014008100000

mem[X,0x00000000800008D0] -> 0x8D93
mem[X,0x00000000800008D2] -> 0x03FD
[569] [M]: 0x00000000800008D0 (0x03FD8D93) addi s11, s11, 0x3f
x27 <- 0x000001400810003F

mem[X,0x00000000800008D4] -> 0x9D93
mem[X,0x00000000800008D6] -> 0x00AD
[570] [M]: 0x00000000800008D4 (0x00AD9D93) slli s11, s11, 0xa
x27 <- 0x000500204000FC00

mem[X,0x00000000800008D8] -> 0x8D93
mem[X,0x00000000800008DA] -> 0x1FFD
[571] [M]: 0x00000000800008D8 (0x1FFD8D93) addi s11, s11, 0x1ff
x27 <- 0x000500204000FDFF

mem[X,0x00000000800008DC] -> 0xF73B
mem[X,0x00000000800008DE] -> 0xADBF
[572] [M]: 0x00000000800008DC (0xADBFF73B) pmhaccsu.h.be a4, t6, s11
x14 <- 0x8000081F3FFF08FE

mem[X,0x00000000800008E0] -> 0xBC23
mem[X,0x00000000800008E2] -> 0x04E2
[573] [M]: 0x00000000800008E0 (0x04E2BC23) sd a4, 0x58(t0)
mem[0x00000000800041E0] <- 0x8000081F3FFF08FE

mem[X,0x00000000800008E4] -> 0x04B7
mem[X,0x00000000800008E6] -> 0x000A
[574] [M]: 0x00000000800008E4 (0x000A04B7) lui s1, 0xa0
x9 <- 0x00000000000A0000

mem[X,0x00000000800008E8] -> 0x8493
mem[X,0x00000000800008EA] -> 0xFFD4
[575] [M]: 0x00000000800008E8 (0xFFD48493) addi s1, s1, -0x3
x9 <- 0x000000000009FFFD

mem[X,0x00000000800008EC] -> 0x9493
mem[X,0x00000000800008EE] -> 0x00B4
[576] [M]: 0x00000000800008EC (0x00B49493) slli s1, s1, 0xb
x9 <- 0x000000004FFFE800

mem[X,0x00000000800008F0] -> 0x8493
mem[X,0x00000000800008F2] -> 0x3FF4
[577] [M]: 0x00000000800008F0 (0x3FF48493) addi s1, s1, 0x3ff
x9 <- 0x000000004FFFEBFF

mem[X,0x00000000800008F4] -> 0x9493
mem[X,0x00000000800008F6] -> 0x00B4
[578] [M]: 0x00000000800008F4 (0x00B49493) slli s1, s1, 0xb
x9 <- 0x0000027FFF5FF800

mem[X,0x00000000800008F8] -> 0x8493
mem[X,0x00000000800008FA] -> 0x7FF4
[579] [M]: 0x00000000800008F8 (0x7FF48493) addi s1, s1, 0x7ff
x9 <- 0x0000027FFF5FFFFF

mem[X,0x00000000800008FC] -> 0x9493
mem[X,0x00000000800008FE] -> 0x00A4
[580] [M]: 0x00000000800008FC (0x00A49493) slli s1, s1, 0xa
x9 <- 0x0009FFFD7FFFFC00

mem[X,0x0000000080000900] -> 0x8493
mem[X,0x0000000080000902] -> 0x37F4
[581] [M]: 0x0000000080000900 (0x37F48493) addi s1, s1, 0x37f
x9 <- 0x0009FFFD7FFFFF7F

mem[X,0x0000000080000904] -> 0x0CB7
mem[X,0x0000000080000906] -> 0x0010
[582] [M]: 0x0000000080000904 (0x00100CB7) lui s9, 0x100
x25 <- 0x0000000000100000

mem[X,0x0000000080000908] -> 0x8C93
mem[X,0x000000008000090A] -> 0x001C
[583] [M]: 0x0000000080000908 (0x001C8C93) addi s9, s9, 0x1
x25 <- 0x0000000000100001

mem[X,0x000000008000090C] -> 0x9C93
mem[X,0x000000008000090E] -> 0x00BC
[584] [M]: 0x000000008000090C (0x00BC9C93) slli s9, s9, 0xb
x25 <- 0x0000000080000800

mem[X,0x0000000080000910] -> 0x8C93
mem[X,0x0000000080000912] -> 0x000C
[585] [M]: 0x0000000080000910 (0x000C8C93) addi s9, s9, 0x0
x25 <- 0x0000000080000800

mem[X,0x0000000080000914] -> 0x9C93
mem[X,0x0000000080000916] -> 0x00BC
[586] [M]: 0x0000000080000914 (0x00BC9C93) slli s9, s9, 0xb
x25 <- 0x0000040000400000

mem[X,0x0000000080000918] -> 0x8C93
mem[X,0x000000008000091A] -> 0x400C
[587] [M]: 0x0000000080000918 (0x400C8C93) addi s9, s9, 0x400
x25 <- 0x0000040000400400

mem[X,0x000000008000091C] -> 0x9C93
mem[X,0x000000008000091E] -> 0x00AC
[588] [M]: 0x000000008000091C (0x00AC9C93) slli s9, s9, 0xa
x25 <- 0x0010000100100000

mem[X,0x0000000080000920] -> 0x8C93
mem[X,0x0000000080000922] -> 0x100C
[589] [M]: 0x0000000080000920 (0x100C8C93) addi s9, s9, 0x100
x25 <- 0x0010000100100100

mem[X,0x0000000080000924] -> 0xFABB
mem[X,0x0000000080000926] -> 0xAD94
[590] [M]: 0x0000000080000924 (0xAD94FABB) pmhaccsu.h.be s5, s1, s9
x21 <- 0x00010400FFC6FFF7

mem[X,0x0000000080000928] -> 0xB023
mem[X,0x000000008000092A] -> 0x0752
[591] [M]: 0x0000000080000928 (0x0752B023) sd s5, 0x60(t0)
mem[0x00000000800041E8] <- 0x00010400FFC6FFF7

mem[X,0x000000008000092C] -> 0x08B7
mem[X,0x000000008000092E] -> 0x0006
[592] [M]: 0x000000008000092C (0x000608B7) lui a7, 0x60
x17 <- 0x0000000000060000

mem[X,0x0000000080000930] -> 0x8893
mem[X,0x0000000080000932] -> 0x0038
[593] [M]: 0x0000000080000930 (0x00388893) addi a7, a7, 0x3
x17 <- 0x0000000000060003

mem[X,0x0000000080000934] -> 0x9893
mem[X,0x0000000080000936] -> 0x00B8
[594] [M]: 0x0000000080000934 (0x00B89893) slli a7, a7, 0xb
x17 <- 0x0000000030001800

mem[X,0x0000000080000938] -> 0x8893
mem[X,0x000000008000093A] -> 0x7FF8
[595] [M]: 0x0000000080000938 (0x7FF88893) addi a7, a7, 0x7ff
x17 <- 0x0000000030001FFF

mem[X,0x000000008000093C] -> 0x9893
mem[X,0x000000008000093E] -> 0x00B8
[596] [M]: 0x000000008000093C (0x00B89893) slli a7, a7, 0xb
x17 <- 0x0000018000FFF800

mem[X,0x0000000080000940] -> 0x8893
mem[X,0x0000000080000942] -> 0x6BF8
[597] [M]: 0x0000000080000940 (0x6BF88893) addi a7, a7, 0x6bf
x17 <- 0x0000018000FFFEBF

mem[X,0x0000000080000944] -> 0x9893
mem[X,0x0000000080000946] -> 0x00A8
[598] [M]: 0x0000000080000944 (0x00A89893) slli a7, a7, 0xa
x17 <- 0x00060003FFFAFC00

mem[X,0x0000000080000948] -> 0x8893
mem[X,0x000000008000094A] -> 0x2FF8
[599] [M]: 0x0000000080000948 (0x2FF88893) addi a7, a7, 0x2ff
x17 <- 0x00060003FFFAFEFF

clint::tick mtime <- 0x0000000000000006
 clint timer pending at mtime 0x0000000000000006
htif::tick 0x0000000000000000
mem[X,0x000000008000094C] -> 0xCD37
mem[X,0x000000008000094E] -> 0xC000
[600] [M]: 0x000000008000094C (0xC000CD37) lui s10, -0x3fff4
x26 <- 0xFFFFFFFFC000C000

mem[X,0x0000000080000950] -> 0x0D13
mem[X,0x0000000080000952] -> 0xFFFD
[601] [M]: 0x0000000080000950 (0xFFFD0D13) addi s10, s10, -0x1
x26 <- 0xFFFFFFFFC000BFFF

mem[X,0x0000000080000954] -> 0x1D13
mem[X,0x0000000080000956] -> 0x00BD
[602] [M]: 0x0000000080000954 (0x00BD1D13) slli s10, s10, 0xb
x26 <- 0xFFFFFE0005FFF800

mem[X,0x0000000080000958] -> 0x0D13
mem[X,0x000000008000095A] -> 0x001D
[603] [M]: 0x0000000080000958 (0x001D0D13) addi s10, s10, 0x1
x26 <- 0xFFFFFE0005FFF801

mem[X,0x000000008000095C] -> 0x1D13
mem[X,0x000000008000095E] -> 0x00BD
[604] [M]: 0x000000008000095C (0x00BD1D13) slli s10, s10, 0xb
x26 <- 0xFFF0002FFFC00800

mem[X,0x0000000080000960] -> 0x0D13
mem[X,0x0000000080000962] -> 0x015D
[605] [M]: 0x0000000080000960 (0x015D0D13) addi s10, s10, 0x15
x26 <- 0xFFF0002FFFC00815

mem[X,0x0000000080000964] -> 0x1D13
mem[X,0x0000000080000966] -> 0x00AD
[606] [M]: 0x0000000080000964 (0x00AD1D13) slli s10, s10, 0xa
x26 <- 0xC000BFFF00205400

mem[X,0x0000000080000968] -> 0x0D13
mem[X,0x000000008000096A] -> 0x155D
[607] [M]: 0x0000000080000968 (0x155D0D13) addi s10, s10, 0x155
x26 <- 0xC000BFFF00205555

mem[X,0x000000008000096C] -> 0xF3BB
mem[X,0x000000008000096E] -> 0xADA8
[608] [M]: 0x000000008000096C (0xADA8F3BB) pmhaccsu.h.be t2, a7, s10
x7 <- 0xF7FFFFF900220055

mem[X,0x0000000080000970] -> 0xB423
mem[X,0x0000000080000972] -> 0x0672
[609] [M]: 0x0000000080000970 (0x0672B423) sd t2, 0x68(t0)
mem[0x00000000800041F0] <- 0xF7FFFFF900220055

mem[X,0x0000000080000974] -> 0x0013
mem[X,0x0000000080000976] -> 0x0000
[610] [M]: 0x0000000080000974 (0x00000013) addi zero, zero, 0x0

mem[X,0x0000000080000978] -> 0x0013
mem[X,0x000000008000097A] -> 0x0000
[611] [M]: 0x0000000080000978 (0x00000013) addi zero, zero, 0x0

mem[X,0x000000008000097C] -> 0x0013
mem[X,0x000000008000097E] -> 0x0000
[612] [M]: 0x000000008000097C (0x00000013) addi zero, zero, 0x0

mem[X,0x0000000080000980] -> 0x4217
mem[X,0x0000000080000982] -> 0x0000
[613] [M]: 0x0000000080000980 (0x00004217) auipc tp, 0x4
x4 <- 0x0000000080004980

mem[X,0x0000000080000984] -> 0x0213
mem[X,0x0000000080000986] -> 0x8782
[614] [M]: 0x0000000080000984 (0x87820213) addi tp, tp, -0x788
x4 <- 0x00000000800041F8

mem[X,0x0000000080000988] -> 0x0013
mem[X,0x000000008000098A] -> 0x0000
[615] [M]: 0x0000000080000988 (0x00000013) addi zero, zero, 0x0

mem[X,0x000000008000098C] -> 0x0013
mem[X,0x000000008000098E] -> 0x0000
[616] [M]: 0x000000008000098C (0x00000013) addi zero, zero, 0x0

mem[X,0x0000000080000990] -> 0x0013
mem[X,0x0000000080000992] -> 0x0000
[617] [M]: 0x0000000080000990 (0x00000013) addi zero, zero, 0x0

mem[X,0x0000000080000994] -> 0x0013
mem[X,0x0000000080000996] -> 0x0000
[618] [M]: 0x0000000080000994 (0x00000013) addi zero, zero, 0x0

mem[X,0x0000000080000998] -> 0x0013
mem[X,0x000000008000099A] -> 0x0000
[619] [M]: 0x0000000080000998 (0x00000013) addi zero, zero, 0x0

mem[X,0x000000008000099C] -> 0x0013
mem[X,0x000000008000099E] -> 0x0000
[620] [M]: 0x000000008000099C (0x00000013) addi zero, zero, 0x0

mem[X,0x00000000800009A0] -> 0x0837
mem[X,0x00000000800009A2] -> 0x0000
[621] [M]: 0x00000000800009A0 (0x00000837) lui a6, 0x0
x16 <- 0x0000000000000000

mem[X,0x00000000800009A4] -> 0x0813
mem[X,0x00000000800009A6] -> 0x0408
[622] [M]: 0x00000000800009A4 (0x04080813) addi a6, a6, 0x40
x16 <- 0x0000000000000040

mem[X,0x00000000800009A8] -> 0x1813
mem[X,0x00000000800009AA] -> 0x00B8
[623] [M]: 0x00000000800009A8 (0x00B81813) slli a6, a6, 0xb
x16 <- 0x0000000000020000

mem[X,0x00000000800009AC] -> 0x0813
mem[X,0x00000000800009AE] -> 0x0008
[624] [M]: 0x00000000800009AC (0x00080813) addi a6, a6, 0x0
x16 <- 0x0000000000020000

mem[X,0x00000000800009B0] -> 0x1813
mem[X,0x00000000800009B2] -> 0x00B8
[625] [M]: 0x00000000800009B0 (0x00B81813) slli a6, a6, 0xb
x16 <- 0x0000000010000000

mem[X,0x00000000800009B4] -> 0x0813
mem[X,0x00000000800009B6] -> 0x13F8
[626] [M]: 0x00000000800009B4 (0x13F80813) addi a6, a6, 0x13f
x16 <- 0x000000001000013F

mem[X,0x00000000800009B8] -> 0x1813
mem[X,0x00000000800009BA] -> 0x00A8
[627] [M]: 0x00000000800009B8 (0x00A81813) slli a6, a6, 0xa
x16 <- 0x000000400004FC00

mem[X,0x00000000800009BC] -> 0x0813
mem[X,0x00000000800009BE] -> 0x1FF8
[628] [M]: 0x00000000800009BC (0x1FF80813) addi a6, a6, 0x1ff
x16 <- 0x000000400004FDFF

mem[X,0x00000000800009C0] -> 0x0BB7
mem[X,0x00000000800009C2] -> 0xFF80
[629] [M]: 0x00000000800009C0 (0xFF800BB7) lui s7, -0x800
x23 <- 0xFFFFFFFFFF800000

mem[X,0x00000000800009C4] -> 0x8B93
mem[X,0x00000000800009C6] -> 0xFF7B
[630] [M]: 0x00000000800009C4 (0xFF7B8B93) addi s7, s7, -0x9
x23 <- 0xFFFFFFFFFF7FFFF7

mem[X,0x00000000800009C8] -> 0x9B93
mem[X,0x00000000800009CA] -> 0x00BB
[631] [M]: 0x00000000800009C8 (0x00BB9B93) slli s7, s7, 0xb
x23 <- 0xFFFFFFFBFFFFB800

mem[X,0x00000000800009CC] -> 0x8B93
mem[X,0x00000000800009CE] -> 0x77FB
[632] [M]: 0x00000000800009CC (0x77FB8B93) addi s7, s7, 0x77f
x23 <- 0xFFFFFFFBFFFFBF7F

mem[X,0x00000000800009D0] -> 0x9B93
mem[X,0x00000000800009D2] -> 0x00BB
[633] [M]: 0x00000000800009D0 (0x00BB9B93) slli s7, s7, 0xb
x23 <- 0xFFFFDFFFFDFBF800

mem[X,0x00000000800009D4] -> 0x8B93
mem[X,0x00000000800009D6] -> 0x7FFB
[634] [M]: 0x00000000800009D4 (0x7FFB8B93) addi s7, s7, 0x7ff
x23 <- 0xFFFFDFFFFDFBFFFF

mem[X,0x00000000800009D8] -> 0x9B93
mem[X,0x00000000800009DA] -> 0x00AB
[635] [M]: 0x00000000800009D8 (0x00AB9B93) slli s7, s7, 0xa
x23 <- 0xFF7FFFF7EFFFFC00

mem[X,0x00000000800009DC] -> 0x8B93
mem[X,0x00000000800009DE] -> 0x3FBB
[636] [M]: 0x00000000800009DC (0x3FBB8B93) addi s7, s7, 0x3fb
x23 <- 0xFF7FFFF7EFFFFFFB

mem[X,0x00000000800009E0] -> 0x70BB
mem[X,0x00000000800009E2] -> 0xAD78
[637] [M]: 0x00000000800009E0 (0xAD7870BB) pmhaccsu.h.be ra, a6, s7
x1 <- 0xFF7F0080FFFA0101

mem[X,0x00000000800009E4] -> 0x3023
mem[X,0x00000000800009E6] -> 0x0012
[638] [M]: 0x00000000800009E4 (0x00123023) sd ra, 0x0(tp)
mem[0x00000000800041F8] <- 0xFF7F0080FFFA0101

mem[X,0x00000000800009E8] -> 0x0DB7
mem[X,0x00000000800009EA] -> 0x4000
[639] [M]: 0x00000000800009E8 (0x40000DB7) lui s11, 0x40000
x27 <- 0x0000000040000000

mem[X,0x00000000800009EC] -> 0x8D93
mem[X,0x00000000800009EE] -> 0x005D
[640] [M]: 0x00000000800009EC (0x005D8D93) addi s11, s11, 0x5
x27 <- 0x0000000040000005

mem[X,0x00000000800009F0] -> 0x9D93
mem[X,0x00000000800009F2] -> 0x00BD
[641] [M]: 0x00000000800009F0 (0x00BD9D93) slli s11, s11, 0xb
x27 <- 0x0000020000002800

mem[X,0x00000000800009F4] -> 0x8D93
mem[X,0x00000000800009F6] -> 0x000D
[642] [M]: 0x00000000800009F4 (0x000D8D93) addi s11, s11, 0x0
x27 <- 0x0000020000002800

mem[X,0x00000000800009F8] -> 0x9D93
mem[X,0x00000000800009FA] -> 0x00BD
[643] [M]: 0x00000000800009F8 (0x00BD9D93) slli s11, s11, 0xb
x27 <- 0x0010000001400000

mem[X,0x00000000800009FC] -> 0x8D93
mem[X,0x00000000800009FE] -> 0x07ED
[644] [M]: 0x00000000800009FC (0x07ED8D93) addi s11, s11, 0x7e
x27 <- 0x001000000140007E

mem[X,0x0000000080000A00] -> 0x9D93
mem[X,0x0000000080000A02] -> 0x00AD
[645] [M]: 0x0000000080000A00 (0x00AD9D93) slli s11, s11, 0xa
x27 <- 0x400000050001F800

mem[X,0x0000000080000A04] -> 0x8D93
mem[X,0x0000000080000A06] -> 0x3FFD
[646] [M]: 0x0000000080000A04 (0x3FFD8D93) addi s11, s11, 0x3ff
x27 <- 0x400000050001FBFF

mem[X,0x0000000080000A08] -> 0xC4B7
mem[X,0x0000000080000A0A] -> 0x0400
[647] [M]: 0x0000000080000A08 (0x0400C4B7) lui s1, 0x400c
x9 <- 0x000000000400C000

mem[X,0x0000000080000A0C] -> 0x8493
mem[X,0x0000000080000A0E] -> 0x0004
[648] [M]: 0x0000000080000A0C (0x00048493) addi s1, s1, 0x0
x9 <- 0x000000000400C000

mem[X,0x0000000080000A10] -> 0x9493
mem[X,0x0000000080000A12] -> 0x00B4
[649] [M]: 0x0000000080000A10 (0x00B49493) slli s1, s1, 0xb
x9 <- 0x0000002006000000

mem[X,0x0000000080000A14] -> 0x8493
mem[X,0x0000000080000A16] -> 0x5FF4
[650] [M]: 0x0000000080000A14 (0x5FF48493) addi s1, s1, 0x5ff
x9 <- 0x00000020060005FF

mem[X,0x0000000080000A18] -> 0x9493
mem[X,0x0000000080000A1A] -> 0x00B4
[651] [M]: 0x0000000080000A18 (0x00B49493) slli s1, s1, 0xb
x9 <- 0x00010030002FF800

mem[X,0x0000000080000A1C] -> 0x8493
mem[X,0x0000000080000A1E] -> 0x7C04
[652] [M]: 0x0000000080000A1C (0x7C048493) addi s1, s1, 0x7c0
x9 <- 0x00010030002FFFC0

mem[X,0x0000000080000A20] -> 0x9493
mem[X,0x0000000080000A22] -> 0x00A4
[653] [M]: 0x0000000080000A20 (0x00A49493) slli s1, s1, 0xa
x9 <- 0x0400C000BFFF0000

mem[X,0x0000000080000A24] -> 0xFCBB
mem[X,0x0000000080000A26] -> 0xAC9D
[654] [M]: 0x0000000080000A24 (0xAC9DFCBB) pmhaccsu.h.be s9, s11, s1
x25 <- 0x0010000100100100

mem[X,0x0000000080000A28] -> 0x3423
mem[X,0x0000000080000A2A] -> 0x0192
[655] [M]: 0x0000000080000A28 (0x01923423) sd s9, 0x8(tp)
mem[0x0000000080004200] <- 0x0010000100100100

mem[X,0x0000000080000A2C] -> 0x0537
mem[X,0x0000000080000A2E] -> 0x0004
[656] [M]: 0x0000000080000A2C (0x00040537) lui a0, 0x40
x10 <- 0x0000000000040000

mem[X,0x0000000080000A30] -> 0x0513
mem[X,0x0000000080000A32] -> 0xFDF5
[657] [M]: 0x0000000080000A30 (0xFDF50513) addi a0, a0, -0x21
x10 <- 0x000000000003FFDF

mem[X,0x0000000080000A34] -> 0x1513
mem[X,0x0000000080000A36] -> 0x00B5
[658] [M]: 0x0000000080000A34 (0x00B51513) slli a0, a0, 0xb
x10 <- 0x000000001FFEF800

mem[X,0x0000000080000A38] -> 0x0513
mem[X,0x0000000080000A3A] -> 0x7FE5
[659] [M]: 0x0000000080000A38 (0x7FE50513) addi a0, a0, 0x7fe
x10 <- 0x000000001FFEFFFE

mem[X,0x0000000080000A3C] -> 0x1513
mem[X,0x0000000080000A3E] -> 0x00B5
[660] [M]: 0x0000000080000A3C (0x00B51513) slli a0, a0, 0xb
x10 <- 0x000000FFF7FFF000

mem[X,0x0000000080000A40] -> 0x0513
mem[X,0x0000000080000A42] -> 0x7FD5
[661] [M]: 0x0000000080000A40 (0x7FD50513) addi a0, a0, 0x7fd
x10 <- 0x000000FFF7FFF7FD

mem[X,0x0000000080000A44] -> 0x1513
mem[X,0x0000000080000A46] -> 0x00A5
[662] [M]: 0x0000000080000A44 (0x00A51513) slli a0, a0, 0xa
x10 <- 0x0003FFDFFFDFF400

mem[X,0x0000000080000A48] -> 0x0513
mem[X,0x0000000080000A4A] -> 0x3FF5
[663] [M]: 0x0000000080000A48 (0x3FF50513) addi a0, a0, 0x3ff
x10 <- 0x0003FFDFFFDFF7FF

mem[X,0x0000000080000A4C] -> 0x01B7
mem[X,0x0000000080000A4E] -> 0x0800
[664] [M]: 0x0000000080000A4C (0x080001B7) lui gp, 0x8000
x3 <- 0x0000000008000000

mem[X,0x0000000080000A50] -> 0x8193
mem[X,0x0000000080000A52] -> 0x0061
[665] [M]: 0x0000000080000A50 (0x00618193) addi gp, gp, 0x6
x3 <- 0x0000000008000006

mem[X,0x0000000080000A54] -> 0x9193
mem[X,0x0000000080000A56] -> 0x00B1
[666] [M]: 0x0000000080000A54 (0x00B19193) slli gp, gp, 0xb
x3 <- 0x0000004000003000

mem[X,0x0000000080000A58] -> 0x8193
mem[X,0x0000000080000A5A] -> 0x7FB1
[667] [M]: 0x0000000080000A58 (0x7FB18193) addi gp, gp, 0x7fb
x3 <- 0x00000040000037FB

mem[X,0x0000000080000A5C] -> 0x9193
mem[X,0x0000000080000A5E] -> 0x00B1
[668] [M]: 0x0000000080000A5C (0x00B19193) slli gp, gp, 0xb
x3 <- 0x0002000001BFD800

mem[X,0x0000000080000A60] -> 0x8193
mem[X,0x0000000080000A62] -> 0x7C81
[669] [M]: 0x0000000080000A60 (0x7C818193) addi gp, gp, 0x7c8
x3 <- 0x0002000001BFDFC8

mem[X,0x0000000080000A64] -> 0x9193
mem[X,0x0000000080000A66] -> 0x00A1
[670] [M]: 0x0000000080000A64 (0x00A19193) slli gp, gp, 0xa
x3 <- 0x08000006FF7F2000

mem[X,0x0000000080000A68] -> 0x76BB
mem[X,0x0000000080000A6A] -> 0xAC35
[671] [M]: 0x0000000080000A68 (0xAC3576BB) pmhaccsu.h.be a3, a0, gp
x13 <- 0x10000009F07D0010

mem[X,0x0000000080000A6C] -> 0x3823
mem[X,0x0000000080000A6E] -> 0x00D2
[672] [M]: 0x0000000080000A6C (0x00D23823) sd a3, 0x10(tp)
mem[0x0000000080004208] <- 0x10000009F07D0010

mem[X,0x0000000080000A70] -> 0x0E37
mem[X,0x0000000080000A72] -> 0xFFF9
[673] [M]: 0x0000000080000A70 (0xFFF90E37) lui t3, -0x70
x28 <- 0xFFFFFFFFFFF90000

mem[X,0x0000000080000A74] -> 0x0E13
mem[X,0x0000000080000A76] -> 0x004E
[674] [M]: 0x0000000080000A74 (0x004E0E13) addi t3, t3, 0x4
x28 <- 0xFFFFFFFFFFF90004

mem[X,0x0000000080000A78] -> 0x1E13
mem[X,0x0000000080000A7A] -> 0x00BE
[675] [M]: 0x0000000080000A78 (0x00BE1E13) slli t3, t3, 0xb
x28 <- 0xFFFFFFFFC8002000

mem[X,0x0000000080000A7C] -> 0x0E13
mem[X,0x0000000080000A7E] -> 0x3FFE
[676] [M]: 0x0000000080000A7C (0x3FFE0E13) addi t3, t3, 0x3ff
x28 <- 0xFFFFFFFFC80023FF

mem[X,0x0000000080000A80] -> 0x1E13
mem[X,0x0000000080000A82] -> 0x00BE
[677] [M]: 0x0000000080000A80 (0x00BE1E13) slli t3, t3, 0xb
x28 <- 0xFFFFFE40011FF800

mem[X,0x0000000080000A84] -> 0x0E13
mem[X,0x0000000080000A86] -> 0x7FBE
[678] [M]: 0x0000000080000A84 (0x7FBE0E13) addi t3, t3, 0x7fb
x28 <- 0xFFFFFE40011FFFFB

mem[X,0x0000000080000A88] -> 0x1E13
mem[X,0x0000000080000A8A] -> 0x00AE
[679] [M]: 0x0000000080000A88 (0x00AE1E13) slli t3, t3, 0xa
x28 <- 0xFFF900047FFFEC00

mem[X,0x0000000080000A8C] -> 0x0E13
mem[X,0x0000000080000A8E] -> 0x3FFE
[680] [M]: 0x0000000080000A8C (0x3FFE0E13) addi t3, t3, 0x3ff
x28 <- 0xFFF900047FFFEFFF

mem[X,0x0000000080000A90] -> 0x0137
mem[X,0x0000000080000A92] -> 0xFFFA
[681] [M]: 0x0000000080000A90 (0xFFFA0137) lui sp, -0x60
x2 <- 0xFFFFFFFFFFFA0000

mem[X,0x0000000080000A94] -> 0x0113
mem[X,0x0000000080000A96] -> 0x2001
[682] [M]: 0x0000000080000A94 (0x20010113) addi sp, sp, 0x200
x2 <- 0xFFFFFFFFFFFA0200

mem[X,0x0000000080000A98] -> 0x1113
mem[X,0x0000000080000A9A] -> 0x00B1
[683] [M]: 0x0000000080000A98 (0x00B11113) slli sp, sp, 0xb
x2 <- 0xFFFFFFFFD0100000

mem[X,0x0000000080000A9C] -> 0x0113
mem[X,0x0000000080000A9E] -> 0x0001
[684] [M]: 0x0000000080000A9C (0x00010113) addi sp, sp, 0x0
x2 <- 0xFFFFFFFFD0100000

mem[X,0x0000000080000AA0] -> 0x1113
mem[X,0x0000000080000AA2] -> 0x00B1
[685] [M]: 0x0000000080000AA0 (0x00B11113) slli sp, sp, 0xb
x2 <- 0xFFFFFE8080000000

mem[X,0x0000000080000AA4] -> 0x0113
mem[X,0x0000000080000AA6] -> 0x0FF1
[686] [M]: 0x0000000080000AA4 (0x0FF10113) addi sp, sp, 0xff
x2 <- 0xFFFFFE80800000FF

mem[X,0x0000000080000AA8] -> 0x1113
mem[X,0x0000000080000AAA] -> 0x00A1
[687] [M]: 0x0000000080000AA8 (0x00A11113) slli sp, sp, 0xa
x2 <- 0xFFFA02000003FC00

mem[X,0x0000000080000AAC] -> 0x0113
mem[X,0x0000000080000AAE] -> 0x3FB1
[688] [M]: 0x0000000080000AAC (0x3FB10113) addi sp, sp, 0x3fb
x2 <- 0xFFFA02000003FFFB

mem[X,0x0000000080000AB0] -> 0x703B
mem[X,0x0000000080000AB2] -> 0xAC2E
[689] [M]: 0x0000000080000AB0 (0xAC2E703B) pmhaccsu.h.be zero, t3, sp

mem[X,0x0000000080000AB4] -> 0x3C23
mem[X,0x0000000080000AB6] -> 0x0002
[690] [M]: 0x0000000080000AB4 (0x00023C23) sd zero, 0x18(tp)
mem[0x0000000080004210] <- 0x0000000000000000

mem[X,0x0000000080000AB8] -> 0x0F37
mem[X,0x0000000080000ABA] -> 0x2001
[691] [M]: 0x0000000080000AB8 (0x20010F37) lui t5, 0x20010
x30 <- 0x0000000020010000

mem[X,0x0000000080000ABC] -> 0x0F13
mem[X,0x0000000080000ABE] -> 0xFF9F
[692] [M]: 0x0000000080000ABC (0xFF9F0F13) addi t5, t5, -0x7
x30 <- 0x000000002000FFF9

mem[X,0x0000000080000AC0] -> 0x1F13
mem[X,0x0000000080000AC2] -> 0x00BF
[693] [M]: 0x0000000080000AC0 (0x00BF1F13) slli t5, t5, 0xb
x30 <- 0x0000010007FFC800

mem[X,0x0000000080000AC4] -> 0x0F13
mem[X,0x0000000080000AC6] -> 0x7FDF
[694] [M]: 0x0000000080000AC4 (0x7FDF0F13) addi t5, t5, 0x7fd
x30 <- 0x0000010007FFCFFD

mem[X,0x0000000080000AC8] -> 0x1F13
mem[X,0x0000000080000ACA] -> 0x00BF
[695] [M]: 0x0000000080000AC8 (0x00BF1F13) slli t5, t5, 0xb
x30 <- 0x0008003FFE7FE800

mem[X,0x0000000080000ACC] -> 0x0F13
mem[X,0x0000000080000ACE] -> 0x7F7F
[696] [M]: 0x0000000080000ACC (0x7F7F0F13) addi t5, t5, 0x7f7
x30 <- 0x0008003FFE7FEFF7

mem[X,0x0000000080000AD0] -> 0x1F13
mem[X,0x0000000080000AD2] -> 0x00AF
[697] [M]: 0x0000000080000AD0 (0x00AF1F13) slli t5, t5, 0xa
x30 <- 0x2000FFF9FFBFDC00

mem[X,0x0000000080000AD4] -> 0x0F13
mem[X,0x0000000080000AD6] -> 0x3FFF
[698] [M]: 0x0000000080000AD4 (0x3FFF0F13) addi t5, t5, 0x3ff
x30 <- 0x2000FFF9FFBFDFFF

mem[X,0x0000000080000AD8] -> 0x0EB7
mem[X,0x0000000080000ADA] -> 0x0401
[699] [M]: 0x0000000080000AD8 (0x04010EB7) lui t4, 0x4010
x29 <- 0x0000000004010000

clint::tick mtime <- 0x0000000000000007
 clint timer pending at mtime 0x0000000000000007
htif::tick 0x0000000000000000
mem[X,0x0000000080000ADC] -> 0x8E93
mem[X,0x0000000080000ADE] -> 0xFF8E
[700] [M]: 0x0000000080000ADC (0xFF8E8E93) addi t4, t4, -0x8
x29 <- 0x000000000400FFF8

mem[X,0x0000000080000AE0] -> 0x9E93
mem[X,0x0000000080000AE2] -> 0x00BE
[701] [M]: 0x0000000080000AE0 (0x00BE9E93) slli t4, t4, 0xb
x29 <- 0x0000002007FFC000

mem[X,0x0000000080000AE4] -> 0x8E93
mem[X,0x0000000080000AE6] -> 0x7FDE
[702] [M]: 0x0000000080000AE4 (0x7FDE8E93) addi t4, t4, 0x7fd
x29 <- 0x0000002007FFC7FD

mem[X,0x0000000080000AE8] -> 0x9E93
mem[X,0x0000000080000AEA] -> 0x00BE
[703] [M]: 0x0000000080000AE8 (0x00BE9E93) slli t4, t4, 0xb
x29 <- 0x0001003FFE3FE800

mem[X,0x0000000080000AEC] -> 0x8E93
mem[X,0x0000000080000AEE] -> 0x7DFE
[704] [M]: 0x0000000080000AEC (0x7DFE8E93) addi t4, t4, 0x7df
x29 <- 0x0001003FFE3FEFDF

mem[X,0x0000000080000AF0] -> 0x9E93
mem[X,0x0000000080000AF2] -> 0x00AE
[705] [M]: 0x0000000080000AF0 (0x00AE9E93) slli t4, t4, 0xa
x29 <- 0x0400FFF8FFBF7C00

mem[X,0x0000000080000AF4] -> 0x8E93
mem[X,0x0000000080000AF6] -> 0x3FFE
[706] [M]: 0x0000000080000AF4 (0x3FFE8E93) addi t4, t4, 0x3ff
x29 <- 0x0400FFF8FFBF7FFF

mem[X,0x0000000080000AF8] -> 0x7FBB
mem[X,0x0000000080000AFA] -> 0xADDF
[707] [M]: 0x0000000080000AF8 (0xADDF7FBB) pmhaccsu.h.be t6, t5, t4
x31 <- 0x0200FEF65613009E

mem[X,0x0000000080000AFC] -> 0x3023
mem[X,0x0000000080000AFE] -> 0x03F2
[708] [M]: 0x0000000080000AFC (0x03F23023) sd t6, 0x20(tp)
mem[0x0000000080004218] <- 0x0200FEF65613009E

mem[X,0x0000000080000B00] -> 0x0F37
mem[X,0x0000000080000B02] -> 0xFFF7
[709] [M]: 0x0000000080000B00 (0xFFF70F37) lui t5, -0x90
x30 <- 0xFFFFFFFFFFF70000

mem[X,0x0000000080000B04] -> 0x0F13
mem[X,0x0000000080000B06] -> 0x008F
[710] [M]: 0x0000000080000B04 (0x008F0F13) addi t5, t5, 0x8
x30 <- 0xFFFFFFFFFFF70008

mem[X,0x0000000080000B08] -> 0x1F13
mem[X,0x0000000080000B0A] -> 0x00BF
[711] [M]: 0x0000000080000B08 (0x00BF1F13) slli t5, t5, 0xb
x30 <- 0xFFFFFFFFB8004000

mem[X,0x0000000080000B0C] -> 0x0F13
mem[X,0x0000000080000B0E] -> 0x7FFF
[712] [M]: 0x0000000080000B0C (0x7FFF0F13) addi t5, t5, 0x7ff
x30 <- 0xFFFFFFFFB80047FF

mem[X,0x0000000080000B10] -> 0x1F13
mem[X,0x0000000080000B12] -> 0x00BF
[713] [M]: 0x0000000080000B10 (0x00BF1F13) slli t5, t5, 0xb
x30 <- 0xFFFFFDC0023FF800

mem[X,0x0000000080000B14] -> 0x0F13
mem[X,0x0000000080000B16] -> 0x7EFF
[714] [M]: 0x0000000080000B14 (0x7EFF0F13) addi t5, t5, 0x7ef
x30 <- 0xFFFFFDC0023FFFEF

mem[X,0x0000000080000B18] -> 0x1F13
mem[X,0x0000000080000B1A] -> 0x00AF
[715] [M]: 0x0000000080000B18 (0x00AF1F13) slli t5, t5, 0xa
x30 <- 0xFFF70008FFFFBC00

mem[X,0x0000000080000B1C] -> 0x0F13
mem[X,0x0000000080000B1E] -> 0x3FFF
[716] [M]: 0x0000000080000B1C (0x3FFF0F13) addi t5, t5, 0x3ff
x30 <- 0xFFF70008FFFFBFFF

mem[X,0x0000000080000B20] -> 0x0EB7
mem[X,0x0000000080000B22] -> 0x1000
[717] [M]: 0x0000000080000B20 (0x10000EB7) lui t4, 0x10000
x29 <- 0x0000000010000000

mem[X,0x0000000080000B24] -> 0x8E93
mem[X,0x0000000080000B26] -> 0x009E
[718] [M]: 0x0000000080000B24 (0x009E8E93) addi t4, t4, 0x9
x29 <- 0x0000000010000009

mem[X,0x0000000080000B28] -> 0x9E93
mem[X,0x0000000080000B2A] -> 0x00BE
[719] [M]: 0x0000000080000B28 (0x00BE9E93) slli t4, t4, 0xb
x29 <- 0x0000008000004800

mem[X,0x0000000080000B2C] -> 0x8E93
mem[X,0x0000000080000B2E] -> 0x000E
[720] [M]: 0x0000000080000B2C (0x000E8E93) addi t4, t4, 0x0
x29 <- 0x0000008000004800

mem[X,0x0000000080000B30] -> 0x9E93
mem[X,0x0000000080000B32] -> 0x00BE
[721] [M]: 0x0000000080000B30 (0x00BE9E93) slli t4, t4, 0xb
x29 <- 0x0004000002400000

mem[X,0x0000000080000B34] -> 0x8E93
mem[X,0x0000000080000B36] -> 0x100E
[722] [M]: 0x0000000080000B34 (0x100E8E93) addi t4, t4, 0x100
x29 <- 0x0004000002400100

mem[X,0x0000000080000B38] -> 0x9E93
mem[X,0x0000000080000B3A] -> 0x00AE
[723] [M]: 0x0000000080000B38 (0x00AE9E93) slli t4, t4, 0xa
x29 <- 0x1000000900040000

mem[X,0x0000000080000B3C] -> 0x8E93
mem[X,0x0000000080000B3E] -> 0x004E
[724] [M]: 0x0000000080000B3C (0x004E8E93) addi t4, t4, 0x4
x29 <- 0x1000000900040004

mem[X,0x0000000080000B40] -> 0x7FBB
mem[X,0x0000000080000B42] -> 0xADDF
[725] [M]: 0x0000000080000B40 (0xADDF7FBB) pmhaccsu.h.be t6, t5, t4
x31 <- 0x0200FEF6561600A0

mem[X,0x0000000080000B44] -> 0x3423
mem[X,0x0000000080000B46] -> 0x03F2
[726] [M]: 0x0000000080000B44 (0x03F23423) sd t6, 0x28(tp)
mem[0x0000000080004220] <- 0x0200FEF6561600A0

mem[X,0x0000000080000B48] -> 0x0F37
mem[X,0x0000000080000B4A] -> 0x0009
[727] [M]: 0x0000000080000B48 (0x00090F37) lui t5, 0x90
x30 <- 0x0000000000090000

mem[X,0x0000000080000B4C] -> 0x0F13
mem[X,0x0000000080000B4E] -> 0x008F
[728] [M]: 0x0000000080000B4C (0x008F0F13) addi t5, t5, 0x8
x30 <- 0x0000000000090008

mem[X,0x0000000080000B50] -> 0x1F13
mem[X,0x0000000080000B52] -> 0x00BF
[729] [M]: 0x0000000080000B50 (0x00BF1F13) slli t5, t5, 0xb
x30 <- 0x0000000048004000

mem[X,0x0000000080000B54] -> 0x0F13
mem[X,0x0000000080000B56] -> 0x1FFF
[730] [M]: 0x0000000080000B54 (0x1FFF0F13) addi t5, t5, 0x1ff
x30 <- 0x00000000480041FF

mem[X,0x0000000080000B58] -> 0x1F13
mem[X,0x0000000080000B5A] -> 0x00BF
[731] [M]: 0x0000000080000B58 (0x00BF1F13) slli t5, t5, 0xb
x30 <- 0x00000240020FF800

mem[X,0x0000000080000B5C] -> 0x0F13
mem[X,0x0000000080000B5E] -> 0x7E0F
[732] [M]: 0x0000000080000B5C (0x7E0F0F13) addi t5, t5, 0x7e0
x30 <- 0x00000240020FFFE0

mem[X,0x0000000080000B60] -> 0x1F13
mem[X,0x0000000080000B62] -> 0x00AF
[733] [M]: 0x0000000080000B60 (0x00AF1F13) slli t5, t5, 0xa
x30 <- 0x000900083FFF8000

mem[X,0x0000000080000B64] -> 0x0EB7
mem[X,0x0000000080000B66] -> 0x0004
[734] [M]: 0x0000000080000B64 (0x00040EB7) lui t4, 0x40
x29 <- 0x0000000000040000

mem[X,0x0000000080000B68] -> 0x8E93
mem[X,0x0000000080000B6A] -> 0x009E
[735] [M]: 0x0000000080000B68 (0x009E8E93) addi t4, t4, 0x9
x29 <- 0x0000000000040009

mem[X,0x0000000080000B6C] -> 0x9E93
mem[X,0x0000000080000B6E] -> 0x00BE
[736] [M]: 0x0000000080000B6C (0x00BE9E93) slli t4, t4, 0xb
x29 <- 0x0000000020004800

mem[X,0x0000000080000B70] -> 0x8E93
mem[X,0x0000000080000B72] -> 0x400E
[737] [M]: 0x0000000080000B70 (0x400E8E93) addi t4, t4, 0x400
x29 <- 0x0000000020004C00

mem[X,0x0000000080000B74] -> 0x9E93
mem[X,0x0000000080000B76] -> 0x00BE
[738] [M]: 0x0000000080000B74 (0x00BE9E93) slli t4, t4, 0xb
x29 <- 0x0000010002600000

mem[X,0x0000000080000B78] -> 0x8E93
mem[X,0x0000000080000B7A] -> 0x03BE
[739] [M]: 0x0000000080000B78 (0x03BE8E93) addi t4, t4, 0x3b
x29 <- 0x000001000260003B

mem[X,0x0000000080000B7C] -> 0x9E93
mem[X,0x0000000080000B7E] -> 0x00AE
[740] [M]: 0x0000000080000B7C (0x00AE9E93) slli t4, t4, 0xa
x29 <- 0x000400098000EC00

mem[X,0x0000000080000B80] -> 0x8E93
mem[X,0x0000000080000B82] -> 0x3FFE
[741] [M]: 0x0000000080000B80 (0x3FFE8E93) addi t4, t4, 0x3ff
x29 <- 0x000400098000EFFF

mem[X,0x0000000080000B84] -> 0x7FBB
mem[X,0x0000000080000B86] -> 0xADDF
[742] [M]: 0x0000000080000B84 (0xADDF7FBB) pmhaccsu.h.be t6, t5, t4
x31 <- 0x0200FEF65616011F

mem[X,0x0000000080000B88] -> 0x3823
mem[X,0x0000000080000B8A] -> 0x03F2
[743] [M]: 0x0000000080000B88 (0x03F23823) sd t6, 0x30(tp)
mem[0x0000000080004228] <- 0x0200FEF65616011F

mem[X,0x0000000080000B8C] -> 0x0F37
mem[X,0x0000000080000B8E] -> 0xFFFC
[744] [M]: 0x0000000080000B8C (0xFFFC0F37) lui t5, -0x40
x30 <- 0xFFFFFFFFFFFC0000

mem[X,0x0000000080000B90] -> 0x0F13
mem[X,0x0000000080000B92] -> 0xBFFF
[745] [M]: 0x0000000080000B90 (0xBFFF0F13) addi t5, t5, -0x401
x30 <- 0xFFFFFFFFFFFBFBFF

mem[X,0x0000000080000B94] -> 0x1F13
mem[X,0x0000000080000B96] -> 0x00BF
[746] [M]: 0x0000000080000B94 (0x00BF1F13) slli t5, t5, 0xb
x30 <- 0xFFFFFFFFDFDFF800

mem[X,0x0000000080000B98] -> 0x0F13
mem[X,0x0000000080000B9A] -> 0x7FFF
[747] [M]: 0x0000000080000B98 (0x7FFF0F13) addi t5, t5, 0x7ff
x30 <- 0xFFFFFFFFDFDFFFFF

mem[X,0x0000000080000B9C] -> 0x1F13
mem[X,0x0000000080000B9E] -> 0x00BF
[748] [M]: 0x0000000080000B9C (0x00BF1F13) slli t5, t5, 0xb
x30 <- 0xFFFFFEFEFFFFF800

mem[X,0x0000000080000BA0] -> 0x0F13
mem[X,0x0000000080000BA2] -> 0x640F
[749] [M]: 0x0000000080000BA0 (0x640F0F13) addi t5, t5, 0x640
x30 <- 0xFFFFFEFEFFFFFE40

mem[X,0x0000000080000BA4] -> 0x1F13
mem[X,0x0000000080000BA6] -> 0x00AF
[750] [M]: 0x0000000080000BA4 (0x00AF1F13) slli t5, t5, 0xa
x30 <- 0xFFFBFBFFFFF90000

mem[X,0x0000000080000BA8] -> 0x0F13
mem[X,0x0000000080000BAA] -> 0x005F
[751] [M]: 0x0000000080000BA8 (0x005F0F13) addi t5, t5, 0x5
x30 <- 0xFFFBFBFFFFF90005

mem[X,0x0000000080000BAC] -> 0xFEB7
mem[X,0x0000000080000BAE] -> 0x0020
[752] [M]: 0x0000000080000BAC (0x0020FEB7) lui t4, 0x20f
x29 <- 0x000000000020F000

mem[X,0x0000000080000BB0] -> 0x8E93
mem[X,0x0000000080000BB2] -> 0x7FFE
[753] [M]: 0x0000000080000BB0 (0x7FFE8E93) addi t4, t4, 0x7ff
x29 <- 0x000000000020F7FF

mem[X,0x0000000080000BB4] -> 0x9E93
mem[X,0x0000000080000BB6] -> 0x00BE
[754] [M]: 0x0000000080000BB4 (0x00BE9E93) slli t4, t4, 0xb
x29 <- 0x0000000107BFF800

mem[X,0x0000000080000BB8] -> 0x8E93
mem[X,0x0000000080000BBA] -> 0x000E
[755] [M]: 0x0000000080000BB8 (0x000E8E93) addi t4, t4, 0x0
x29 <- 0x0000000107BFF800

mem[X,0x0000000080000BBC] -> 0x9E93
mem[X,0x0000000080000BBE] -> 0x00BE
[756] [M]: 0x0000000080000BBC (0x00BE9E93) slli t4, t4, 0xb
x29 <- 0x0000083DFFC00000

mem[X,0x0000000080000BC0] -> 0x8E93
mem[X,0x0000000080000BC2] -> 0x07FE
[757] [M]: 0x0000000080000BC0 (0x07FE8E93) addi t4, t4, 0x7f
x29 <- 0x0000083DFFC0007F

mem[X,0x0000000080000BC4] -> 0x9E93
mem[X,0x0000000080000BC6] -> 0x00AE
[758] [M]: 0x0000000080000BC4 (0x00AE9E93) slli t4, t4, 0xa
x29 <- 0x0020F7FF0001FC00

mem[X,0x0000000080000BC8] -> 0x8E93
mem[X,0x0000000080000BCA] -> 0x3FEE
[759] [M]: 0x0000000080000BC8 (0x3FEE8E93) addi t4, t4, 0x3fe
x29 <- 0x0020F7FF0001FFFE

mem[X,0x0000000080000BCC] -> 0x7FBB
mem[X,0x0000000080000BCE] -> 0xADDF
[760] [M]: 0x0000000080000BCC (0xADDF7FBB) pmhaccsu.h.be t6, t5, t4
x31 <- 0x021FFFF15616011F

mem[X,0x0000000080000BD0] -> 0x3C23
mem[X,0x0000000080000BD2] -> 0x03F2
[761] [M]: 0x0000000080000BD0 (0x03F23C23) sd t6, 0x38(tp)
mem[0x0000000080004230] <- 0x021FFFF15616011F

mem[X,0x0000000080000BD4] -> 0x0F37
mem[X,0x0000000080000BD6] -> 0xFF80
[762] [M]: 0x0000000080000BD4 (0xFF800F37) lui t5, -0x800
x30 <- 0xFFFFFFFFFF800000

mem[X,0x0000000080000BD8] -> 0x0F13
mem[X,0x0000000080000BDA] -> 0xFFCF
[763] [M]: 0x0000000080000BD8 (0xFFCF0F13) addi t5, t5, -0x4
x30 <- 0xFFFFFFFFFF7FFFFC

mem[X,0x0000000080000BDC] -> 0x1F13
mem[X,0x0000000080000BDE] -> 0x00BF
[764] [M]: 0x0000000080000BDC (0x00BF1F13) slli t5, t5, 0xb
x30 <- 0xFFFFFFFBFFFFE000

mem[X,0x0000000080000BE0] -> 0x0F13
mem[X,0x0000000080000BE2] -> 0x7FDF
[765] [M]: 0x0000000080000BE0 (0x7FDF0F13) addi t5, t5, 0x7fd
x30 <- 0xFFFFFFFBFFFFE7FD

mem[X,0x0000000080000BE4] -> 0x1F13
mem[X,0x0000000080000BE6] -> 0x00BF
[766] [M]: 0x0000000080000BE4 (0x00BF1F13) slli t5, t5, 0xb
x30 <- 0xFFFFDFFFFF3FE800

mem[X,0x0000000080000BE8] -> 0x0F13
mem[X,0x0000000080000BEA] -> 0x7C0F
[767] [M]: 0x0000000080000BE8 (0x7C0F0F13) addi t5, t5, 0x7c0
x30 <- 0xFFFFDFFFFF3FEFC0

mem[X,0x0000000080000BEC] -> 0x1F13
mem[X,0x0000000080000BEE] -> 0x00AF
[768] [M]: 0x0000000080000BEC (0x00AF1F13) slli t5, t5, 0xa
x30 <- 0xFF7FFFFCFFBF0000

mem[X,0x0000000080000BF0] -> 0x0F13
mem[X,0x0000000080000BF2] -> 0x040F
[769] [M]: 0x0000000080000BF0 (0x040F0F13) addi t5, t5, 0x40
x30 <- 0xFF7FFFFCFFBF0040

mem[X,0x0000000080000BF4] -> 0x4EB7
mem[X,0x0000000080000BF6] -> 0x0040
[770] [M]: 0x0000000080000BF4 (0x00404EB7) lui t4, 0x404
x29 <- 0x0000000000404000

mem[X,0x0000000080000BF8] -> 0x8E93
mem[X,0x0000000080000BFA] -> 0xFFFE
[771] [M]: 0x0000000080000BF8 (0xFFFE8E93) addi t4, t4, -0x1
x29 <- 0x0000000000403FFF

mem[X,0x0000000080000BFC] -> 0x9E93
mem[X,0x0000000080000BFE] -> 0x00BE
[772] [M]: 0x0000000080000BFC (0x00BE9E93) slli t4, t4, 0xb
x29 <- 0x0000000201FFF800

mem[X,0x0000000080000C00] -> 0x8E93
mem[X,0x0000000080000C02] -> 0x7F7E
[773] [M]: 0x0000000080000C00 (0x7F7E8E93) addi t4, t4, 0x7f7
x29 <- 0x0000000201FFFFF7

mem[X,0x0000000080000C04] -> 0x9E93
mem[X,0x0000000080000C06] -> 0x00BE
[774] [M]: 0x0000000080000C04 (0x00BE9E93) slli t4, t4, 0xb
x29 <- 0x0000100FFFFFB800

mem[X,0x0000000080000C08] -> 0x8E93
mem[X,0x0000000080000C0A] -> 0x7C8E
[775] [M]: 0x0000000080000C08 (0x7C8E8E93) addi t4, t4, 0x7c8
x29 <- 0x0000100FFFFFBFC8

mem[X,0x0000000080000C0C] -> 0x9E93
mem[X,0x0000000080000C0E] -> 0x00AE
[776] [M]: 0x0000000080000C0C (0x00AE9E93) slli t4, t4, 0xa
x29 <- 0x00403FFFFEFF2000

mem[X,0x0000000080000C10] -> 0x7FBB
mem[X,0x0000000080000C12] -> 0xADDF
[777] [M]: 0x0000000080000C10 (0xADDF7FBB) pmhaccsu.h.be t6, t5, t4
x31 <- 0x025E00EF5714011F

mem[X,0x0000000080000C14] -> 0x3023
mem[X,0x0000000080000C16] -> 0x05F2
[778] [M]: 0x0000000080000C14 (0x05F23023) sd t6, 0x40(tp)
mem[0x0000000080004238] <- 0x025E00EF5714011F

mem[X,0x0000000080000C18] -> 0x1F37
mem[X,0x0000000080000C1A] -> 0x0009
[779] [M]: 0x0000000080000C18 (0x00091F37) lui t5, 0x91
x30 <- 0x0000000000091000

mem[X,0x0000000080000C1C] -> 0x0F13
mem[X,0x0000000080000C1E] -> 0x000F
[780] [M]: 0x0000000080000C1C (0x000F0F13) addi t5, t5, 0x0
x30 <- 0x0000000000091000

mem[X,0x0000000080000C20] -> 0x1F13
mem[X,0x0000000080000C22] -> 0x00BF
[781] [M]: 0x0000000080000C20 (0x00BF1F13) slli t5, t5, 0xb
x30 <- 0x0000000048800000

mem[X,0x0000000080000C24] -> 0x0F13
mem[X,0x0000000080000C26] -> 0x000F
[782] [M]: 0x0000000080000C24 (0x000F0F13) addi t5, t5, 0x0
x30 <- 0x0000000048800000

mem[X,0x0000000080000C28] -> 0x1F13
mem[X,0x0000000080000C2A] -> 0x00BF
[783] [M]: 0x0000000080000C28 (0x00BF1F13) slli t5, t5, 0xb
x30 <- 0x0000024400000000

mem[X,0x0000000080000C2C] -> 0x0F13
mem[X,0x0000000080000C2E] -> 0x1EAF
[784] [M]: 0x0000000080000C2C (0x1EAF0F13) addi t5, t5, 0x1ea
x30 <- 0x00000244000001EA

mem[X,0x0000000080000C30] -> 0x1F13
mem[X,0x0000000080000C32] -> 0x00AF
[785] [M]: 0x0000000080000C30 (0x00AF1F13) slli t5, t5, 0xa
x30 <- 0x000910000007A800

mem[X,0x0000000080000C34] -> 0x0F13
mem[X,0x0000000080000C36] -> 0x2AAF
[786] [M]: 0x0000000080000C34 (0x2AAF0F13) addi t5, t5, 0x2aa
x30 <- 0x000910000007AAAA

mem[X,0x0000000080000C38] -> 0x2EB7
mem[X,0x0000000080000C3A] -> 0x0100
[787] [M]: 0x0000000080000C38 (0x01002EB7) lui t4, 0x1002
x29 <- 0x0000000001002000

mem[X,0x0000000080000C3C] -> 0x8E93
mem[X,0x0000000080000C3E] -> 0x000E
[788] [M]: 0x0000000080000C3C (0x000E8E93) addi t4, t4, 0x0
x29 <- 0x0000000001002000

mem[X,0x0000000080000C40] -> 0x9E93
mem[X,0x0000000080000C42] -> 0x00BE
[789] [M]: 0x0000000080000C40 (0x00BE9E93) slli t4, t4, 0xb
x29 <- 0x0000000801000000

mem[X,0x0000000080000C44] -> 0x8E93
mem[X,0x0000000080000C46] -> 0x7FFE
[790] [M]: 0x0000000080000C44 (0x7FFE8E93) addi t4, t4, 0x7ff
x29 <- 0x00000008010007FF

mem[X,0x0000000080000C48] -> 0x9E93
mem[X,0x0000000080000C4A] -> 0x00BE
[791] [M]: 0x0000000080000C48 (0x00BE9E93) slli t4, t4, 0xb
x29 <- 0x00004008003FF800

mem[X,0x0000000080000C4C] -> 0x8E93
mem[X,0x0000000080000C4E] -> 0x6BFE
[792] [M]: 0x0000000080000C4C (0x6BFE8E93) addi t4, t4, 0x6bf
x29 <- 0x00004008003FFEBF

mem[X,0x0000000080000C50] -> 0x9E93
mem[X,0x0000000080000C52] -> 0x00AE
[793] [M]: 0x0000000080000C50 (0x00AE9E93) slli t4, t4, 0xa
x29 <- 0x01002000FFFAFC00

mem[X,0x0000000080000C54] -> 0x8E93
mem[X,0x0000000080000C56] -> 0x3FEE
[794] [M]: 0x0000000080000C54 (0x3FEE8E93) addi t4, t4, 0x3fe
x29 <- 0x01002000FFFAFFFE

mem[X,0x0000000080000C58] -> 0x7FBB
mem[X,0x0000000080000C5A] -> 0xADDF
[795] [M]: 0x0000000080000C58 (0xADDF7FBB) pmhaccsu.h.be t6, t5, t4
x31 <- 0x025E00EF571401C8

mem[X,0x0000000080000C5C] -> 0x3423
mem[X,0x0000000080000C5E] -> 0x05F2
[796] [M]: 0x0000000080000C5C (0x05F23423) sd t6, 0x48(tp)
mem[0x0000000080004240] <- 0x025E00EF571401C8

mem[X,0x0000000080000C60] -> 0x0F37
mem[X,0x0000000080000C62] -> 0x1001
[797] [M]: 0x0000000080000C60 (0x10010F37) lui t5, 0x10010
x30 <- 0x0000000010010000

mem[X,0x0000000080000C64] -> 0x0F13
mem[X,0x0000000080000C66] -> 0xFFAF
[798] [M]: 0x0000000080000C64 (0xFFAF0F13) addi t5, t5, -0x6
x30 <- 0x000000001000FFFA

mem[X,0x0000000080000C68] -> 0x1F13
mem[X,0x0000000080000C6A] -> 0x00BF
[799] [M]: 0x0000000080000C68 (0x00BF1F13) slli t5, t5, 0xb
x30 <- 0x0000008007FFD000

clint::tick mtime <- 0x0000000000000008
 clint timer pending at mtime 0x0000000000000008
htif::tick 0x0000000000000000
mem[X,0x0000000080000C6C] -> 0x0F13
mem[X,0x0000000080000C6E] -> 0x7FFF
[800] [M]: 0x0000000080000C6C (0x7FFF0F13) addi t5, t5, 0x7ff
x30 <- 0x0000008007FFD7FF

mem[X,0x0000000080000C70] -> 0x1F13
mem[X,0x0000000080000C72] -> 0x00BF
[801] [M]: 0x0000000080000C70 (0x00BF1F13) slli t5, t5, 0xb
x30 <- 0x0004003FFEBFF800

mem[X,0x0000000080000C74] -> 0x0F13
mem[X,0x0000000080000C76] -> 0x5BFF
[802] [M]: 0x0000000080000C74 (0x5BFF0F13) addi t5, t5, 0x5bf
x30 <- 0x0004003FFEBFFDBF

mem[X,0x0000000080000C78] -> 0x1F13
mem[X,0x0000000080000C7A] -> 0x00AF
[803] [M]: 0x0000000080000C78 (0x00AF1F13) slli t5, t5, 0xa
x30 <- 0x1000FFFAFFF6FC00

mem[X,0x0000000080000C7C] -> 0x0F13
mem[X,0x0000000080000C7E] -> 0x3FAF
[804] [M]: 0x0000000080000C7C (0x3FAF0F13) addi t5, t5, 0x3fa
x30 <- 0x1000FFFAFFF6FFFA

mem[X,0x0000000080000C80] -> 0x8EB7
mem[X,0x0000000080000C82] -> 0x2000
[805] [M]: 0x0000000080000C80 (0x20008EB7) lui t4, 0x20008
x29 <- 0x0000000020008000

mem[X,0x0000000080000C84] -> 0x8E93
mem[X,0x0000000080000C86] -> 0x000E
[806] [M]: 0x0000000080000C84 (0x000E8E93) addi t4, t4, 0x0
x29 <- 0x0000000020008000

mem[X,0x0000000080000C88] -> 0x9E93
mem[X,0x0000000080000C8A] -> 0x00BE
[807] [M]: 0x0000000080000C88 (0x00BE9E93) slli t4, t4, 0xb
x29 <- 0x0000010004000000

mem[X,0x0000000080000C8C] -> 0x8E93
mem[X,0x0000000080000C8E] -> 0x1FFE
[808] [M]: 0x0000000080000C8C (0x1FFE8E93) addi t4, t4, 0x1ff
x29 <- 0x00000100040001FF

mem[X,0x0000000080000C90] -> 0x9E93
mem[X,0x0000000080000C92] -> 0x00BE
[809] [M]: 0x0000000080000C90 (0x00BE9E93) slli t4, t4, 0xb
x29 <- 0x00080020000FF800

mem[X,0x0000000080000C94] -> 0x8E93
mem[X,0x0000000080000C96] -> 0x7C1E
[810] [M]: 0x0000000080000C94 (0x7C1E8E93) addi t4, t4, 0x7c1
x29 <- 0x00080020000FFFC1

mem[X,0x0000000080000C98] -> 0x9E93
mem[X,0x0000000080000C9A] -> 0x00AE
[811] [M]: 0x0000000080000C98 (0x00AE9E93) slli t4, t4, 0xa
x29 <- 0x200080003FFF0400

mem[X,0x0000000080000C9C] -> 0x7FBB
mem[X,0x0000000080000C9E] -> 0xADDF
[812] [M]: 0x0000000080000C9C (0xADDF7FBB) pmhaccsu.h.be t6, t5, t4
x31 <- 0x025E00EF581201C8

mem[X,0x0000000080000CA0] -> 0x3823
mem[X,0x0000000080000CA2] -> 0x05F2
[813] [M]: 0x0000000080000CA0 (0x05F23823) sd t6, 0x50(tp)
mem[0x0000000080004248] <- 0x025E00EF581201C8

mem[X,0x0000000080000CA4] -> 0x0F37
mem[X,0x0000000080000CA6] -> 0x0001
[814] [M]: 0x0000000080000CA4 (0x00010F37) lui t5, 0x10
x30 <- 0x0000000000010000

mem[X,0x0000000080000CA8] -> 0x0F13
mem[X,0x0000000080000CAA] -> 0xFBFF
[815] [M]: 0x0000000080000CA8 (0xFBFF0F13) addi t5, t5, -0x41
x30 <- 0x000000000000FFBF

mem[X,0x0000000080000CAC] -> 0x1F13
mem[X,0x0000000080000CAE] -> 0x00BF
[816] [M]: 0x0000000080000CAC (0x00BF1F13) slli t5, t5, 0xb
x30 <- 0x0000000007FDF800

mem[X,0x0000000080000CB0] -> 0x0F13
mem[X,0x0000000080000CB2] -> 0x7FEF
[817] [M]: 0x0000000080000CB0 (0x7FEF0F13) addi t5, t5, 0x7fe
x30 <- 0x0000000007FDFFFE

mem[X,0x0000000080000CB4] -> 0x1F13
mem[X,0x0000000080000CB6] -> 0x00BF
[818] [M]: 0x0000000080000CB4 (0x00BF1F13) slli t5, t5, 0xb
x30 <- 0x0000003FEFFFF000

mem[X,0x0000000080000CB8] -> 0x0F13
mem[X,0x0000000080000CBA] -> 0x7CFF
[819] [M]: 0x0000000080000CB8 (0x7CFF0F13) addi t5, t5, 0x7cf
x30 <- 0x0000003FEFFFF7CF

mem[X,0x0000000080000CBC] -> 0x1F13
mem[X,0x0000000080000CBE] -> 0x00AF
[820] [M]: 0x0000000080000CBC (0x00AF1F13) slli t5, t5, 0xa
x30 <- 0x0000FFBFFFDF3C00

mem[X,0x0000000080000CC0] -> 0x0F13
mem[X,0x0000000080000CC2] -> 0x3FFF
[821] [M]: 0x0000000080000CC0 (0x3FFF0F13) addi t5, t5, 0x3ff
x30 <- 0x0000FFBFFFDF3FFF

mem[X,0x0000000080000CC4] -> 0x0EB7
mem[X,0x0000000080000CC6] -> 0x4000
[822] [M]: 0x0000000080000CC4 (0x40000EB7) lui t4, 0x40000
x29 <- 0x0000000040000000

mem[X,0x0000000080000CC8] -> 0x8E93
mem[X,0x0000000080000CCA] -> 0x040E
[823] [M]: 0x0000000080000CC8 (0x040E8E93) addi t4, t4, 0x40
x29 <- 0x0000000040000040

mem[X,0x0000000080000CCC] -> 0x9E93
mem[X,0x0000000080000CCE] -> 0x00BE
[824] [M]: 0x0000000080000CCC (0x00BE9E93) slli t4, t4, 0xb
x29 <- 0x0000020000020000

mem[X,0x0000000080000CD0] -> 0x8E93
mem[X,0x0000000080000CD2] -> 0x400E
[825] [M]: 0x0000000080000CD0 (0x400E8E93) addi t4, t4, 0x400
x29 <- 0x0000020000020400

mem[X,0x0000000080000CD4] -> 0x9E93
mem[X,0x0000000080000CD6] -> 0x00BE
[826] [M]: 0x0000000080000CD4 (0x00BE9E93) slli t4, t4, 0xb
x29 <- 0x0010000010200000

mem[X,0x0000000080000CD8] -> 0x8E93
mem[X,0x0000000080000CDA] -> 0x000E
[827] [M]: 0x0000000080000CD8 (0x000E8E93) addi t4, t4, 0x0
x29 <- 0x0010000010200000

mem[X,0x0000000080000CDC] -> 0x9E93
mem[X,0x0000000080000CDE] -> 0x00AE
[828] [M]: 0x0000000080000CDC (0x00AE9E93) slli t4, t4, 0xa
x29 <- 0x4000004080000000

mem[X,0x0000000080000CE0] -> 0x8E93
mem[X,0x0000000080000CE2] -> 0x010E
[829] [M]: 0x0000000080000CE0 (0x010E8E93) addi t4, t4, 0x10
x29 <- 0x4000004080000010

mem[X,0x0000000080000CE4] -> 0x7FBB
mem[X,0x0000000080000CE6] -> 0xADDF
[830] [M]: 0x0000000080000CE4 (0xADDF7FBB) pmhaccsu.h.be t6, t5, t4
x31 <- 0x025E012E581201CB

mem[X,0x0000000080000CE8] -> 0x3C23
mem[X,0x0000000080000CEA] -> 0x05F2
[831] [M]: 0x0000000080000CE8 (0x05F23C23) sd t6, 0x58(tp)
mem[0x0000000080004250] <- 0x025E012E581201CB

mem[X,0x0000000080000CEC] -> 0x2F37
mem[X,0x0000000080000CEE] -> 0x7FFF
[832] [M]: 0x0000000080000CEC (0x7FFF2F37) lui t5, 0x7fff2
x30 <- 0x000000007FFF2000

mem[X,0x0000000080000CF0] -> 0x0F13
mem[X,0x0000000080000CF2] -> 0x000F
[833] [M]: 0x0000000080000CF0 (0x000F0F13) addi t5, t5, 0x0
x30 <- 0x000000007FFF2000

mem[X,0x0000000080000CF4] -> 0x1F13
mem[X,0x0000000080000CF6] -> 0x00BF
[834] [M]: 0x0000000080000CF4 (0x00BF1F13) slli t5, t5, 0xb
x30 <- 0x000003FFF9000000

mem[X,0x0000000080000CF8] -> 0x0F13
mem[X,0x0000000080000CFA] -> 0x7FFF
[835] [M]: 0x0000000080000CF8 (0x7FFF0F13) addi t5, t5, 0x7ff
x30 <- 0x000003FFF90007FF

mem[X,0x0000000080000CFC] -> 0x1F13
mem[X,0x0000000080000CFE] -> 0x00BF
[836] [M]: 0x0000000080000CFC (0x00BF1F13) slli t5, t5, 0xb
x30 <- 0x001FFFC8003FF800

mem[X,0x0000000080000D00] -> 0x0F13
mem[X,0x0000000080000D02] -> 0x5FFF
[837] [M]: 0x0000000080000D00 (0x5FFF0F13) addi t5, t5, 0x5ff
x30 <- 0x001FFFC8003FFDFF

mem[X,0x0000000080000D04] -> 0x1F13
mem[X,0x0000000080000D06] -> 0x00AF
[838] [M]: 0x0000000080000D04 (0x00AF1F13) slli t5, t5, 0xa
x30 <- 0x7FFF2000FFF7FC00

mem[X,0x0000000080000D08] -> 0x0F13
mem[X,0x0000000080000D0A] -> 0x3F9F
[839] [M]: 0x0000000080000D08 (0x3F9F0F13) addi t5, t5, 0x3f9
x30 <- 0x7FFF2000FFF7FFF9

mem[X,0x0000000080000D0C] -> 0xFEB7
mem[X,0x0000000080000D0E] -> 0xFFFE
[840] [M]: 0x0000000080000D0C (0xFFFEFEB7) lui t4, -0x11
x29 <- 0xFFFFFFFFFFFEF000

mem[X,0x0000000080000D10] -> 0x8E93
mem[X,0x0000000080000D12] -> 0x7FFE
[841] [M]: 0x0000000080000D10 (0x7FFE8E93) addi t4, t4, 0x7ff
x29 <- 0xFFFFFFFFFFFEF7FF

mem[X,0x0000000080000D14] -> 0x9E93
mem[X,0x0000000080000D16] -> 0x00BE
[842] [M]: 0x0000000080000D14 (0x00BE9E93) slli t4, t4, 0xb
x29 <- 0xFFFFFFFFF7BFF800

mem[X,0x0000000080000D18] -> 0x8E93
mem[X,0x0000000080000D1A] -> 0x000E
[843] [M]: 0x0000000080000D18 (0x000E8E93) addi t4, t4, 0x0
x29 <- 0xFFFFFFFFF7BFF800

mem[X,0x0000000080000D1C] -> 0x9E93
mem[X,0x0000000080000D1E] -> 0x00BE
[844] [M]: 0x0000000080000D1C (0x00BE9E93) slli t4, t4, 0xb
x29 <- 0xFFFFFFBDFFC00000

mem[X,0x0000000080000D20] -> 0x8E93
mem[X,0x0000000080000D22] -> 0x144E
[845] [M]: 0x0000000080000D20 (0x144E8E93) addi t4, t4, 0x144
x29 <- 0xFFFFFFBDFFC00144

mem[X,0x0000000080000D24] -> 0x9E93
mem[X,0x0000000080000D26] -> 0x00AE
[846] [M]: 0x0000000080000D24 (0x00AE9E93) slli t4, t4, 0xa
x29 <- 0xFFFEF7FF00051000

mem[X,0x0000000080000D28] -> 0x7FBB
mem[X,0x0000000080000D2A] -> 0xADDF
[847] [M]: 0x0000000080000D28 (0xADDF7FBB) pmhaccsu.h.be t6, t5, t4
x31 <- 0x02DC014D581601CB

mem[X,0x0000000080000D2C] -> 0x3023
mem[X,0x0000000080000D2E] -> 0x07F2
[848] [M]: 0x0000000080000D2C (0x07F23023) sd t6, 0x60(tp)
mem[0x0000000080004258] <- 0x02DC014D581601CB

mem[X,0x0000000080000D30] -> 0x0F37
mem[X,0x0000000080000D32] -> 0xFFF8
[849] [M]: 0x0000000080000D30 (0xFFF80F37) lui t5, -0x80
x30 <- 0xFFFFFFFFFFF80000

mem[X,0x0000000080000D34] -> 0x0F13
mem[X,0x0000000080000D36] -> 0x003F
[850] [M]: 0x0000000080000D34 (0x003F0F13) addi t5, t5, 0x3
x30 <- 0xFFFFFFFFFFF80003

mem[X,0x0000000080000D38] -> 0x1F13
mem[X,0x0000000080000D3A] -> 0x00BF
[851] [M]: 0x0000000080000D38 (0x00BF1F13) slli t5, t5, 0xb
x30 <- 0xFFFFFFFFC0001800

mem[X,0x0000000080000D3C] -> 0x0F13
mem[X,0x0000000080000D3E] -> 0x010F
[852] [M]: 0x0000000080000D3C (0x010F0F13) addi t5, t5, 0x10
x30 <- 0xFFFFFFFFC0001810

mem[X,0x0000000080000D40] -> 0x1F13
mem[X,0x0000000080000D42] -> 0x00BF
[853] [M]: 0x0000000080000D40 (0x00BF1F13) slli t5, t5, 0xb
x30 <- 0xFFFFFE0000C08000

mem[X,0x0000000080000D44] -> 0x0F13
mem[X,0x0000000080000D46] -> 0x03FF
[854] [M]: 0x0000000080000D44 (0x03FF0F13) addi t5, t5, 0x3f
x30 <- 0xFFFFFE0000C0803F

mem[X,0x0000000080000D48] -> 0x1F13
mem[X,0x0000000080000D4A] -> 0x00AF
[855] [M]: 0x0000000080000D48 (0x00AF1F13) slli t5, t5, 0xa
x30 <- 0xFFF800030200FC00

mem[X,0x0000000080000D4C] -> 0x0F13
mem[X,0x0000000080000D4E] -> 0x3F6F
[856] [M]: 0x0000000080000D4C (0x3F6F0F13) addi t5, t5, 0x3f6
x30 <- 0xFFF800030200FFF6

mem[X,0x0000000080000D50] -> 0x0EB7
mem[X,0x0000000080000D52] -> 0xFFF8
[857] [M]: 0x0000000080000D50 (0xFFF80EB7) lui t4, -0x80
x29 <- 0xFFFFFFFFFFF80000

mem[X,0x0000000080000D54] -> 0x8E93
mem[X,0x0000000080000D56] -> 0xFFDE
[858] [M]: 0x0000000080000D54 (0xFFDE8E93) addi t4, t4, -0x3
x29 <- 0xFFFFFFFFFFF7FFFD

mem[X,0x0000000080000D58] -> 0x9E93
mem[X,0x0000000080000D5A] -> 0x00BE
[859] [M]: 0x0000000080000D58 (0x00BE9E93) slli t4, t4, 0xb
x29 <- 0xFFFFFFFFBFFFE800

mem[X,0x0000000080000D5C] -> 0x8E93
mem[X,0x0000000080000D5E] -> 0x000E
[860] [M]: 0x0000000080000D5C (0x000E8E93) addi t4, t4, 0x0
x29 <- 0xFFFFFFFFBFFFE800

mem[X,0x0000000080000D60] -> 0x9E93
mem[X,0x0000000080000D62] -> 0x00BE
[861] [M]: 0x0000000080000D60 (0x00BE9E93) slli t4, t4, 0xb
x29 <- 0xFFFFFDFFFF400000

mem[X,0x0000000080000D64] -> 0x8E93
mem[X,0x0000000080000D66] -> 0x0BFE
[862] [M]: 0x0000000080000D64 (0x0BFE8E93) addi t4, t4, 0xbf
x29 <- 0xFFFFFDFFFF4000BF

mem[X,0x0000000080000D68] -> 0x9E93
mem[X,0x0000000080000D6A] -> 0x00AE
[863] [M]: 0x0000000080000D68 (0x00AE9E93) slli t4, t4, 0xa
x29 <- 0xFFF7FFFD0002FC00

mem[X,0x0000000080000D6C] -> 0x8E93
mem[X,0x0000000080000D6E] -> 0x3F9E
[864] [M]: 0x0000000080000D6C (0x3F9E8E93) addi t4, t4, 0x3f9
x29 <- 0xFFF7FFFD0002FFF9

mem[X,0x0000000080000D70] -> 0x7FBB
mem[X,0x0000000080000D72] -> 0xADDF
[865] [M]: 0x0000000080000D70 (0xADDF7FBB) pmhaccsu.h.be t6, t5, t4
x31 <- 0x03D2014D581602C3

mem[X,0x0000000080000D74] -> 0x3423
mem[X,0x0000000080000D76] -> 0x07F2
[866] [M]: 0x0000000080000D74 (0x07F23423) sd t6, 0x68(tp)
mem[0x0000000080004260] <- 0x03D2014D581602C3

mem[X,0x0000000080000D78] -> 0x0F37
mem[X,0x0000000080000D7A] -> 0xFBFF
[867] [M]: 0x0000000080000D78 (0xFBFF0F37) lui t5, -0x4010
x30 <- 0xFFFFFFFFFBFF0000

mem[X,0x0000000080000D7C] -> 0x0F13
mem[X,0x0000000080000D7E] -> 0x003F
[868] [M]: 0x0000000080000D7C (0x003F0F13) addi t5, t5, 0x3
x30 <- 0xFFFFFFFFFBFF0003

mem[X,0x0000000080000D80] -> 0x1F13
mem[X,0x0000000080000D82] -> 0x00BF
[869] [M]: 0x0000000080000D80 (0x00BF1F13) slli t5, t5, 0xb
x30 <- 0xFFFFFFDFF8001800

mem[X,0x0000000080000D84] -> 0x0F13
mem[X,0x0000000080000D86] -> 0x7FFF
[870] [M]: 0x0000000080000D84 (0x7FFF0F13) addi t5, t5, 0x7ff
x30 <- 0xFFFFFFDFF8001FFF

mem[X,0x0000000080000D88] -> 0x1F13
mem[X,0x0000000080000D8A] -> 0x00BF
[871] [M]: 0x0000000080000D88 (0x00BF1F13) slli t5, t5, 0xb
x30 <- 0xFFFEFFC000FFF800

mem[X,0x0000000080000D8C] -> 0x0F13
mem[X,0x0000000080000D8E] -> 0x6C1F
[872] [M]: 0x0000000080000D8C (0x6C1F0F13) addi t5, t5, 0x6c1
x30 <- 0xFFFEFFC000FFFEC1

mem[X,0x0000000080000D90] -> 0x1F13
mem[X,0x0000000080000D92] -> 0x00AF
[873] [M]: 0x0000000080000D90 (0x00AF1F13) slli t5, t5, 0xa
x30 <- 0xFBFF0003FFFB0400

mem[X,0x0000000080000D94] -> 0x0EB7
mem[X,0x0000000080000D96] -> 0xFFDF
[874] [M]: 0x0000000080000D94 (0xFFDF0EB7) lui t4, -0x210
x29 <- 0xFFFFFFFFFFDF0000

mem[X,0x0000000080000D98] -> 0x8E93
mem[X,0x0000000080000D9A] -> 0x000E
[875] [M]: 0x0000000080000D98 (0x000E8E93) addi t4, t4, 0x0
x29 <- 0xFFFFFFFFFFDF0000

mem[X,0x0000000080000D9C] -> 0x9E93
mem[X,0x0000000080000D9E] -> 0x00BE
[876] [M]: 0x0000000080000D9C (0x00BE9E93) slli t4, t4, 0xb
x29 <- 0xFFFFFFFEF8000000

mem[X,0x0000000080000DA0] -> 0x8E93
mem[X,0x0000000080000DA2] -> 0x7BFE
[877] [M]: 0x0000000080000DA0 (0x7BFE8E93) addi t4, t4, 0x7bf
x29 <- 0xFFFFFFFEF80007BF

mem[X,0x0000000080000DA4] -> 0x9E93
mem[X,0x0000000080000DA6] -> 0x00BE
[878] [M]: 0x0000000080000DA4 (0x00BE9E93) slli t4, t4, 0xb
x29 <- 0xFFFFF7C0003DF800

mem[X,0x0000000080000DA8] -> 0x8E93
mem[X,0x0000000080000DAA] -> 0x7FEE
[879] [M]: 0x0000000080000DA8 (0x7FEE8E93) addi t4, t4, 0x7fe
x29 <- 0xFFFFF7C0003DFFFE

mem[X,0x0000000080000DAC] -> 0x9E93
mem[X,0x0000000080000DAE] -> 0x00AE
[880] [M]: 0x0000000080000DAC (0x00AE9E93) slli t4, t4, 0xa
x29 <- 0xFFDF0000F7FFF800

mem[X,0x0000000080000DB0] -> 0x8E93
mem[X,0x0000000080000DB2] -> 0x3FFE
[881] [M]: 0x0000000080000DB0 (0x3FFE8E93) addi t4, t4, 0x3ff
x29 <- 0xFFDF0000F7FFFBFF

mem[X,0x0000000080000DB4] -> 0x7FBB
mem[X,0x0000000080000DB6] -> 0xADDF
[882] [M]: 0x0000000080000DB4 (0xADDF7FBB) pmhaccsu.h.be t6, t5, t4
x31 <- 0x04AD014D591402C6

mem[X,0x0000000080000DB8] -> 0x3823
mem[X,0x0000000080000DBA] -> 0x07F2
[883] [M]: 0x0000000080000DB8 (0x07F23823) sd t6, 0x70(tp)
mem[0x0000000080004268] <- 0x04AD014D591402C6

mem[X,0x0000000080000DBC] -> 0x0F37
mem[X,0x0000000080000DBE] -> 0x0006
[884] [M]: 0x0000000080000DBC (0x00060F37) lui t5, 0x60
x30 <- 0x0000000000060000

mem[X,0x0000000080000DC0] -> 0x0F13
mem[X,0x0000000080000DC2] -> 0xFDFF
[885] [M]: 0x0000000080000DC0 (0xFDFF0F13) addi t5, t5, -0x21
x30 <- 0x000000000005FFDF

mem[X,0x0000000080000DC4] -> 0x1F13
mem[X,0x0000000080000DC6] -> 0x00BF
[886] [M]: 0x0000000080000DC4 (0x00BF1F13) slli t5, t5, 0xb
x30 <- 0x000000002FFEF800

mem[X,0x0000000080000DC8] -> 0x0F13
mem[X,0x0000000080000DCA] -> 0x77FF
[887] [M]: 0x0000000080000DC8 (0x77FF0F13) addi t5, t5, 0x77f
x30 <- 0x000000002FFEFF7F

mem[X,0x0000000080000DCC] -> 0x1F13
mem[X,0x0000000080000DCE] -> 0x00BF
[888] [M]: 0x0000000080000DCC (0x00BF1F13) slli t5, t5, 0xb
x30 <- 0x0000017FF7FBF800

mem[X,0x0000000080000DD0] -> 0x0F13
mem[X,0x0000000080000DD2] -> 0x7FDF
[889] [M]: 0x0000000080000DD0 (0x7FDF0F13) addi t5, t5, 0x7fd
x30 <- 0x0000017FF7FBFFFD

mem[X,0x0000000080000DD4] -> 0x1F13
mem[X,0x0000000080000DD6] -> 0x00AF
[890] [M]: 0x0000000080000DD4 (0x00AF1F13) slli t5, t5, 0xa
x30 <- 0x0005FFDFEFFFF400

mem[X,0x0000000080000DD8] -> 0x0F13
mem[X,0x0000000080000DDA] -> 0x3FFF
[891] [M]: 0x0000000080000DD8 (0x3FFF0F13) addi t5, t5, 0x3ff
x30 <- 0x0005FFDFEFFFF7FF

mem[X,0x0000000080000DDC] -> 0x0EB7
mem[X,0x0000000080000DDE] -> 0xFDFF
[892] [M]: 0x0000000080000DDC (0xFDFF0EB7) lui t4, -0x2010
x29 <- 0xFFFFFFFFFDFF0000

mem[X,0x0000000080000DE0] -> 0x8E93
mem[X,0x0000000080000DE2] -> 0x040E
[893] [M]: 0x0000000080000DE0 (0x040E8E93) addi t4, t4, 0x40
x29 <- 0xFFFFFFFFFDFF0040

mem[X,0x0000000080000DE4] -> 0x9E93
mem[X,0x0000000080000DE6] -> 0x00BE
[894] [M]: 0x0000000080000DE4 (0x00BE9E93) slli t4, t4, 0xb
x29 <- 0xFFFFFFEFF8020000

mem[X,0x0000000080000DE8] -> 0x8E93
mem[X,0x0000000080000DEA] -> 0x6FFE
[895] [M]: 0x0000000080000DE8 (0x6FFE8E93) addi t4, t4, 0x6ff
x29 <- 0xFFFFFFEFF80206FF

mem[X,0x0000000080000DEC] -> 0x9E93
mem[X,0x0000000080000DEE] -> 0x00BE
[896] [M]: 0x0000000080000DEC (0x00BE9E93) slli t4, t4, 0xb
x29 <- 0xFFFF7FC01037F800

mem[X,0x0000000080000DF0] -> 0x8E93
mem[X,0x0000000080000DF2] -> 0x7C2E
[897] [M]: 0x0000000080000DF0 (0x7C2E8E93) addi t4, t4, 0x7c2
x29 <- 0xFFFF7FC01037FFC2

mem[X,0x0000000080000DF4] -> 0x9E93
mem[X,0x0000000080000DF6] -> 0x00AE
[898] [M]: 0x0000000080000DF4 (0x00AE9E93) slli t4, t4, 0xa
x29 <- 0xFDFF0040DFFF0800

mem[X,0x0000000080000DF8] -> 0x7FBB
mem[X,0x0000000080000DFA] -> 0xADDF
[899] [M]: 0x0000000080000DF8 (0xADDF7FBB) pmhaccsu.h.be t6, t5, t4
x31 <- 0x04AD018C5A0302C6

clint::tick mtime <- 0x0000000000000009
 clint timer pending at mtime 0x0000000000000009
htif::tick 0x0000000000000000
mem[X,0x0000000080000DFC] -> 0x3C23
mem[X,0x0000000080000DFE] -> 0x07F2
[900] [M]: 0x0000000080000DFC (0x07F23C23) sd t6, 0x78(tp)
mem[0x0000000080004270] <- 0x04AD018C5A0302C6

mem[X,0x0000000080000E00] -> 0x0F37
mem[X,0x0000000080000E02] -> 0xEFFF
[901] [M]: 0x0000000080000E00 (0xEFFF0F37) lui t5, -0x10010
x30 <- 0xFFFFFFFFEFFF0000

mem[X,0x0000000080000E04] -> 0x0F13
mem[X,0x0000000080000E06] -> 0x007F
[902] [M]: 0x0000000080000E04 (0x007F0F13) addi t5, t5, 0x7
x30 <- 0xFFFFFFFFEFFF0007

mem[X,0x0000000080000E08] -> 0x1F13
mem[X,0x0000000080000E0A] -> 0x00BF
[903] [M]: 0x0000000080000E08 (0x00BF1F13) slli t5, t5, 0xb
x30 <- 0xFFFFFF7FF8003800

mem[X,0x0000000080000E0C] -> 0x0F13
mem[X,0x0000000080000E0E] -> 0x001F
[904] [M]: 0x0000000080000E0C (0x001F0F13) addi t5, t5, 0x1
x30 <- 0xFFFFFF7FF8003801

mem[X,0x0000000080000E10] -> 0x1F13
mem[X,0x0000000080000E12] -> 0x00BF
[905] [M]: 0x0000000080000E10 (0x00BF1F13) slli t5, t5, 0xb
x30 <- 0xFFFBFFC001C00800

mem[X,0x0000000080000E14] -> 0x0F13
mem[X,0x0000000080000E16] -> 0x000F
[906] [M]: 0x0000000080000E14 (0x000F0F13) addi t5, t5, 0x0
x30 <- 0xFFFBFFC001C00800

mem[X,0x0000000080000E18] -> 0x1F13
mem[X,0x0000000080000E1A] -> 0x00AF
[907] [M]: 0x0000000080000E18 (0x00AF1F13) slli t5, t5, 0xa
x30 <- 0xEFFF000700200000

mem[X,0x0000000080000E1C] -> 0x0F13
mem[X,0x0000000080000E1E] -> 0x009F
[908] [M]: 0x0000000080000E1C (0x009F0F13) addi t5, t5, 0x9
x30 <- 0xEFFF000700200009

mem[X,0x0000000080000E20] -> 0x0EB7
mem[X,0x0000000080000E22] -> 0xFBFF
[909] [M]: 0x0000000080000E20 (0xFBFF0EB7) lui t4, -0x4010
x29 <- 0xFFFFFFFFFBFF0000

mem[X,0x0000000080000E24] -> 0x8E93
mem[X,0x0000000080000E26] -> 0x000E
[910] [M]: 0x0000000080000E24 (0x000E8E93) addi t4, t4, 0x0
x29 <- 0xFFFFFFFFFBFF0000

mem[X,0x0000000080000E28] -> 0x9E93
mem[X,0x0000000080000E2A] -> 0x00BE
[911] [M]: 0x0000000080000E28 (0x00BE9E93) slli t4, t4, 0xb
x29 <- 0xFFFFFFDFF8000000

mem[X,0x0000000080000E2C] -> 0x8E93
mem[X,0x0000000080000E2E] -> 0x020E
[912] [M]: 0x0000000080000E2C (0x020E8E93) addi t4, t4, 0x20
x29 <- 0xFFFFFFDFF8000020

mem[X,0x0000000080000E30] -> 0x9E93
mem[X,0x0000000080000E32] -> 0x00BE
[913] [M]: 0x0000000080000E30 (0x00BE9E93) slli t4, t4, 0xb
x29 <- 0xFFFEFFC000010000

mem[X,0x0000000080000E34] -> 0x8E93
mem[X,0x0000000080000E36] -> 0x000E
[914] [M]: 0x0000000080000E34 (0x000E8E93) addi t4, t4, 0x0
x29 <- 0xFFFEFFC000010000

mem[X,0x0000000080000E38] -> 0x9E93
mem[X,0x0000000080000E3A] -> 0x00AE
[915] [M]: 0x0000000080000E38 (0x00AE9E93) slli t4, t4, 0xa
x29 <- 0xFBFF000004000000

mem[X,0x0000000080000E3C] -> 0x8E93
mem[X,0x0000000080000E3E] -> 0x009E
[916] [M]: 0x0000000080000E3C (0x009E8E93) addi t4, t4, 0x9
x29 <- 0xFBFF000004000009

mem[X,0x0000000080000E40] -> 0x7FBB
mem[X,0x0000000080000E42] -> 0xADDF
[917] [M]: 0x0000000080000E40 (0xADDF7FBB) pmhaccsu.h.be t6, t5, t4
x31 <- 0x059C018C5A0302C6

mem[X,0x0000000080000E44] -> 0x3023
mem[X,0x0000000080000E46] -> 0x09F2
[918] [M]: 0x0000000080000E44 (0x09F23023) sd t6, 0x80(tp)
mem[0x0000000080004278] <- 0x059C018C5A0302C6

mem[X,0x0000000080000E48] -> 0x2F37
mem[X,0x0000000080000E4A] -> 0x0006
[919] [M]: 0x0000000080000E48 (0x00062F37) lui t5, 0x62
x30 <- 0x0000000000062000

mem[X,0x0000000080000E4C] -> 0x0F13
mem[X,0x0000000080000E4E] -> 0x000F
[920] [M]: 0x0000000080000E4C (0x000F0F13) addi t5, t5, 0x0
x30 <- 0x0000000000062000

mem[X,0x0000000080000E50] -> 0x1F13
mem[X,0x0000000080000E52] -> 0x00BF
[921] [M]: 0x0000000080000E50 (0x00BF1F13) slli t5, t5, 0xb
x30 <- 0x0000000031000000

mem[X,0x0000000080000E54] -> 0x0F13
mem[X,0x0000000080000E56] -> 0x100F
[922] [M]: 0x0000000080000E54 (0x100F0F13) addi t5, t5, 0x100
x30 <- 0x0000000031000100

mem[X,0x0000000080000E58] -> 0x1F13
mem[X,0x0000000080000E5A] -> 0x00BF
[923] [M]: 0x0000000080000E58 (0x00BF1F13) slli t5, t5, 0xb
x30 <- 0x0000018800080000

mem[X,0x0000000080000E5C] -> 0x0F13
mem[X,0x0000000080000E5E] -> 0x02AF
[924] [M]: 0x0000000080000E5C (0x02AF0F13) addi t5, t5, 0x2a
x30 <- 0x000001880008002A

mem[X,0x0000000080000E60] -> 0x1F13
mem[X,0x0000000080000E62] -> 0x00AF
[925] [M]: 0x0000000080000E60 (0x00AF1F13) slli t5, t5, 0xa
x30 <- 0x000620002000A800

mem[X,0x0000000080000E64] -> 0x0F13
mem[X,0x0000000080000E66] -> 0x2AAF
[926] [M]: 0x0000000080000E64 (0x2AAF0F13) addi t5, t5, 0x2aa
x30 <- 0x000620002000AAAA

mem[X,0x0000000080000E68] -> 0x0EB7
mem[X,0x0000000080000E6A] -> 0xF000
[927] [M]: 0x0000000080000E68 (0xF0000EB7) lui t4, -0x10000
x29 <- 0xFFFFFFFFF0000000

mem[X,0x0000000080000E6C] -> 0x8E93
mem[X,0x0000000080000E6E] -> 0xBFFE
[928] [M]: 0x0000000080000E6C (0xBFFE8E93) addi t4, t4, -0x401
x29 <- 0xFFFFFFFFEFFFFBFF

mem[X,0x0000000080000E70] -> 0x9E93
mem[X,0x0000000080000E72] -> 0x00BE
[929] [M]: 0x0000000080000E70 (0x00BE9E93) slli t4, t4, 0xb
x29 <- 0xFFFFFF7FFFDFF800

mem[X,0x0000000080000E74] -> 0x8E93
mem[X,0x0000000080000E76] -> 0x000E
[930] [M]: 0x0000000080000E74 (0x000E8E93) addi t4, t4, 0x0
x29 <- 0xFFFFFF7FFFDFF800

mem[X,0x0000000080000E78] -> 0x9E93
mem[X,0x0000000080000E7A] -> 0x00BE
[931] [M]: 0x0000000080000E78 (0x00BE9E93) slli t4, t4, 0xb
x29 <- 0xFFFBFFFEFFC00000

mem[X,0x0000000080000E7C] -> 0x8E93
mem[X,0x0000000080000E7E] -> 0x0C0E
[932] [M]: 0x0000000080000E7C (0x0C0E8E93) addi t4, t4, 0xc0
x29 <- 0xFFFBFFFEFFC000C0

mem[X,0x0000000080000E80] -> 0x9E93
mem[X,0x0000000080000E82] -> 0x00AE
[933] [M]: 0x0000000080000E80 (0x00AE9E93) slli t4, t4, 0xa
x29 <- 0xEFFFFBFF00030000

mem[X,0x0000000080000E84] -> 0x8E93
mem[X,0x0000000080000E86] -> 0x008E
[934] [M]: 0x0000000080000E84 (0x008E8E93) addi t4, t4, 0x8
x29 <- 0xEFFFFBFF00030008

mem[X,0x0000000080000E88] -> 0x7FBB
mem[X,0x0000000080000E8A] -> 0xADDF
[935] [M]: 0x0000000080000E88 (0xADDF7FBB) pmhaccsu.h.be t6, t5, t4
x31 <- 0x059C01AB5A0302CB

mem[X,0x0000000080000E8C] -> 0x3423
mem[X,0x0000000080000E8E] -> 0x09F2
[936] [M]: 0x0000000080000E8C (0x09F23423) sd t6, 0x88(tp)
mem[0x0000000080004280] <- 0x059C01AB5A0302CB

mem[X,0x0000000080000E90] -> 0x2F37
mem[X,0x0000000080000E92] -> 0xAAAA
[937] [M]: 0x0000000080000E90 (0xAAAA2F37) lui t5, -0x5555e
x30 <- 0xFFFFFFFFAAAA2000

mem[X,0x0000000080000E94] -> 0x0F13
mem[X,0x0000000080000E96] -> 0x000F
[938] [M]: 0x0000000080000E94 (0x000F0F13) addi t5, t5, 0x0
x30 <- 0xFFFFFFFFAAAA2000

mem[X,0x0000000080000E98] -> 0x1F13
mem[X,0x0000000080000E9A] -> 0x00BF
[939] [M]: 0x0000000080000E98 (0x00BF1F13) slli t5, t5, 0xb
x30 <- 0xFFFFFD5551000000

mem[X,0x0000000080000E9C] -> 0x0F13
mem[X,0x0000000080000E9E] -> 0x7FFF
[940] [M]: 0x0000000080000E9C (0x7FFF0F13) addi t5, t5, 0x7ff
x30 <- 0xFFFFFD55510007FF

mem[X,0x0000000080000EA0] -> 0x1F13
mem[X,0x0000000080000EA2] -> 0x00BF
[941] [M]: 0x0000000080000EA0 (0x00BF1F13) slli t5, t5, 0xb
x30 <- 0xFFEAAA88003FF800

mem[X,0x0000000080000EA4] -> 0x0F13
mem[X,0x0000000080000EA6] -> 0x580F
[942] [M]: 0x0000000080000EA4 (0x580F0F13) addi t5, t5, 0x580
x30 <- 0xFFEAAA88003FFD80

mem[X,0x0000000080000EA8] -> 0x1F13
mem[X,0x0000000080000EAA] -> 0x00AF
[943] [M]: 0x0000000080000EA8 (0x00AF1F13) slli t5, t5, 0xa
x30 <- 0xAAAA2000FFF60000

mem[X,0x0000000080000EAC] -> 0x0F13
mem[X,0x0000000080000EAE] -> 0x004F
[944] [M]: 0x0000000080000EAC (0x004F0F13) addi t5, t5, 0x4
x30 <- 0xAAAA2000FFF60004

mem[X,0x0000000080000EB0] -> 0xEEB7
mem[X,0x0000000080000EB2] -> 0xDFFF
[945] [M]: 0x0000000080000EB0 (0xDFFFEEB7) lui t4, -0x20002
x29 <- 0xFFFFFFFFDFFFE000

mem[X,0x0000000080000EB4] -> 0x8E93
mem[X,0x0000000080000EB6] -> 0xFFFE
[946] [M]: 0x0000000080000EB4 (0xFFFE8E93) addi t4, t4, -0x1
x29 <- 0xFFFFFFFFDFFFDFFF

mem[X,0x0000000080000EB8] -> 0x9E93
mem[X,0x0000000080000EBA] -> 0x00BE
[947] [M]: 0x0000000080000EB8 (0x00BE9E93) slli t4, t4, 0xb
x29 <- 0xFFFFFEFFFEFFF800

mem[X,0x0000000080000EBC] -> 0x8E93
mem[X,0x0000000080000EBE] -> 0x000E
[948] [M]: 0x0000000080000EBC (0x000E8E93) addi t4, t4, 0x0
x29 <- 0xFFFFFEFFFEFFF800

mem[X,0x0000000080000EC0] -> 0x9E93
mem[X,0x0000000080000EC2] -> 0x00BE
[949] [M]: 0x0000000080000EC0 (0x00BE9E93) slli t4, t4, 0xb
x29 <- 0xFFF7FFF7FFC00000

mem[X,0x0000000080000EC4] -> 0x8E93
mem[X,0x0000000080000EC6] -> 0x16FE
[950] [M]: 0x0000000080000EC4 (0x16FE8E93) addi t4, t4, 0x16f
x29 <- 0xFFF7FFF7FFC0016F

mem[X,0x0000000080000EC8] -> 0x9E93
mem[X,0x0000000080000ECA] -> 0x00AE
[951] [M]: 0x0000000080000EC8 (0x00AE9E93) slli t4, t4, 0xa
x29 <- 0xDFFFDFFF0005BC00

mem[X,0x0000000080000ECC] -> 0x8E93
mem[X,0x0000000080000ECE] -> 0x3FFE
[952] [M]: 0x0000000080000ECC (0x3FFE8E93) addi t4, t4, 0x3ff
x29 <- 0xDFFFDFFF0005BFFF

mem[X,0x0000000080000ED0] -> 0x7FBB
mem[X,0x0000000080000ED2] -> 0xADDF
[953] [M]: 0x0000000080000ED0 (0xADDF7FBB) pmhaccsu.h.be t6, t5, t4
x31 <- 0x064501CA5A0702CB

mem[X,0x0000000080000ED4] -> 0x3823
mem[X,0x0000000080000ED6] -> 0x09F2
[954] [M]: 0x0000000080000ED4 (0x09F23823) sd t6, 0x90(tp)
mem[0x0000000080004288] <- 0x064501CA5A0702CB

mem[X,0x0000000080000ED8] -> 0x0F37
mem[X,0x0000000080000EDA] -> 0x0101
[955] [M]: 0x0000000080000ED8 (0x01010F37) lui t5, 0x1010
x30 <- 0x0000000001010000

mem[X,0x0000000080000EDC] -> 0x0F13
mem[X,0x0000000080000EDE] -> 0xFFEF
[956] [M]: 0x0000000080000EDC (0xFFEF0F13) addi t5, t5, -0x2
x30 <- 0x000000000100FFFE

mem[X,0x0000000080000EE0] -> 0x1F13
mem[X,0x0000000080000EE2] -> 0x00BF
[957] [M]: 0x0000000080000EE0 (0x00BF1F13) slli t5, t5, 0xb
x30 <- 0x0000000807FFF000

mem[X,0x0000000080000EE4] -> 0x0F13
mem[X,0x0000000080000EE6] -> 0x7FFF
[958] [M]: 0x0000000080000EE4 (0x7FFF0F13) addi t5, t5, 0x7ff
x30 <- 0x0000000807FFF7FF

mem[X,0x0000000080000EE8] -> 0x1F13
mem[X,0x0000000080000EEA] -> 0x00BF
[959] [M]: 0x0000000080000EE8 (0x00BF1F13) slli t5, t5, 0xb
x30 <- 0x0000403FFFBFF800

mem[X,0x0000000080000EEC] -> 0x0F13
mem[X,0x0000000080000EEE] -> 0x637F
[960] [M]: 0x0000000080000EEC (0x637F0F13) addi t5, t5, 0x637
x30 <- 0x0000403FFFBFFE37

mem[X,0x0000000080000EF0] -> 0x1F13
mem[X,0x0000000080000EF2] -> 0x00AF
[961] [M]: 0x0000000080000EF0 (0x00AF1F13) slli t5, t5, 0xa
x30 <- 0x0100FFFEFFF8DC00

mem[X,0x0000000080000EF4] -> 0x0F13
mem[X,0x0000000080000EF6] -> 0x3FFF
[962] [M]: 0x0000000080000EF4 (0x3FFF0F13) addi t5, t5, 0x3ff
x30 <- 0x0100FFFEFFF8DFFF

mem[X,0x0000000080000EF8] -> 0x0EB7
mem[X,0x0000000080000EFA] -> 0x5556
[963] [M]: 0x0000000080000EF8 (0x55560EB7) lui t4, 0x55560
x29 <- 0x0000000055560000

mem[X,0x0000000080000EFC] -> 0x8E93
mem[X,0x0000000080000EFE] -> 0xBFFE
[964] [M]: 0x0000000080000EFC (0xBFFE8E93) addi t4, t4, -0x401
x29 <- 0x000000005555FBFF

mem[X,0x0000000080000F00] -> 0x9E93
mem[X,0x0000000080000F02] -> 0x00BE
[965] [M]: 0x0000000080000F00 (0x00BE9E93) slli t4, t4, 0xb
x29 <- 0x000002AAAFDFF800

mem[X,0x0000000080000F04] -> 0x8E93
mem[X,0x0000000080000F06] -> 0x7FEE
[966] [M]: 0x0000000080000F04 (0x7FEE8E93) addi t4, t4, 0x7fe
x29 <- 0x000002AAAFDFFFFE

mem[X,0x0000000080000F08] -> 0x9E93
mem[X,0x0000000080000F0A] -> 0x00BE
[967] [M]: 0x0000000080000F08 (0x00BE9E93) slli t4, t4, 0xb
x29 <- 0x0015557EFFFFF000

mem[X,0x0000000080000F0C] -> 0x8E93
mem[X,0x0000000080000F0E] -> 0x7FFE
[968] [M]: 0x0000000080000F0C (0x7FFE8E93) addi t4, t4, 0x7ff
x29 <- 0x0015557EFFFFF7FF

mem[X,0x0000000080000F10] -> 0x9E93
mem[X,0x0000000080000F12] -> 0x00AE
[969] [M]: 0x0000000080000F10 (0x00AE9E93) slli t4, t4, 0xa
x29 <- 0x5555FBFFFFDFFC00

mem[X,0x0000000080000F14] -> 0x8E93
mem[X,0x0000000080000F16] -> 0x3F9E
[970] [M]: 0x0000000080000F14 (0x3F9E8E93) addi t4, t4, 0x3f9
x29 <- 0x5555FBFFFFDFFFF9

mem[X,0x0000000080000F18] -> 0x7FBB
mem[X,0x0000000080000F1A] -> 0xADDF
[971] [M]: 0x0000000080000F18 (0xADDF7FBB) pmhaccsu.h.be t6, t5, t4
x31 <- 0x064502C85AE503A4

mem[X,0x0000000080000F1C] -> 0x3C23
mem[X,0x0000000080000F1E] -> 0x09F2
[972] [M]: 0x0000000080000F1C (0x09F23C23) sd t6, 0x98(tp)
mem[0x0000000080004290] <- 0x064502C85AE503A4

mem[X,0x0000000080000F20] -> 0x0F37
mem[X,0x0000000080000F22] -> 0x0201
[973] [M]: 0x0000000080000F20 (0x02010F37) lui t5, 0x2010
x30 <- 0x0000000002010000

mem[X,0x0000000080000F24] -> 0x0F13
mem[X,0x0000000080000F26] -> 0xFFBF
[974] [M]: 0x0000000080000F24 (0xFFBF0F13) addi t5, t5, -0x5
x30 <- 0x000000000200FFFB

mem[X,0x0000000080000F28] -> 0x1F13
mem[X,0x0000000080000F2A] -> 0x00BF
[975] [M]: 0x0000000080000F28 (0x00BF1F13) slli t5, t5, 0xb
x30 <- 0x0000001007FFD800

mem[X,0x0000000080000F2C] -> 0x0F13
mem[X,0x0000000080000F2E] -> 0x002F
[976] [M]: 0x0000000080000F2C (0x002F0F13) addi t5, t5, 0x2
x30 <- 0x0000001007FFD802

mem[X,0x0000000080000F30] -> 0x1F13
mem[X,0x0000000080000F32] -> 0x00BF
[977] [M]: 0x0000000080000F30 (0x00BF1F13) slli t5, t5, 0xb
x30 <- 0x0000803FFEC01000

mem[X,0x0000000080000F34] -> 0x0F13
mem[X,0x0000000080000F36] -> 0x008F
[978] [M]: 0x0000000080000F34 (0x008F0F13) addi t5, t5, 0x8
x30 <- 0x0000803FFEC01008

mem[X,0x0000000080000F38] -> 0x1F13
mem[X,0x0000000080000F3A] -> 0x00AF
[979] [M]: 0x0000000080000F38 (0x00AF1F13) slli t5, t5, 0xa
x30 <- 0x0200FFFB00402000

mem[X,0x0000000080000F3C] -> 0x0EB7
mem[X,0x0000000080000F3E] -> 0xAAAB
[980] [M]: 0x0000000080000F3C (0xAAAB0EB7) lui t4, -0x55550
x29 <- 0xFFFFFFFFAAAB0000

mem[X,0x0000000080000F40] -> 0x8E93
mem[X,0x0000000080000F42] -> 0xFBFE
[981] [M]: 0x0000000080000F40 (0xFBFE8E93) addi t4, t4, -0x41
x29 <- 0xFFFFFFFFAAAAFFBF

mem[X,0x0000000080000F44] -> 0x9E93
mem[X,0x0000000080000F46] -> 0x00BE
[982] [M]: 0x0000000080000F44 (0x00BE9E93) slli t4, t4, 0xb
x29 <- 0xFFFFFD5557FDF800

mem[X,0x0000000080000F48] -> 0x8E93
mem[X,0x0000000080000F4A] -> 0x000E
[983] [M]: 0x0000000080000F48 (0x000E8E93) addi t4, t4, 0x0
x29 <- 0xFFFFFD5557FDF800

mem[X,0x0000000080000F4C] -> 0x9E93
mem[X,0x0000000080000F4E] -> 0x00BE
[984] [M]: 0x0000000080000F4C (0x00BE9E93) slli t4, t4, 0xb
x29 <- 0xFFEAAABFEFC00000

mem[X,0x0000000080000F50] -> 0x8E93
mem[X,0x0000000080000F52] -> 0x000E
[985] [M]: 0x0000000080000F50 (0x000E8E93) addi t4, t4, 0x0
x29 <- 0xFFEAAABFEFC00000

mem[X,0x0000000080000F54] -> 0x9E93
mem[X,0x0000000080000F56] -> 0x00AE
[986] [M]: 0x0000000080000F54 (0x00AE9E93) slli t4, t4, 0xa
x29 <- 0xAAAAFFBF00000000

mem[X,0x0000000080000F58] -> 0x8E93
mem[X,0x0000000080000F5A] -> 0x100E
[987] [M]: 0x0000000080000F58 (0x100E8E93) addi t4, t4, 0x100
x29 <- 0xAAAAFFBF00000100

mem[X,0x0000000080000F5C] -> 0x7FBB
mem[X,0x0000000080000F5E] -> 0xADDF
[988] [M]: 0x0000000080000F5C (0xADDF7FBB) pmhaccsu.h.be t6, t5, t4
x31 <- 0x064603865AE503A4

mem[X,0x0000000080000F60] -> 0x3023
mem[X,0x0000000080000F62] -> 0x0BF2
[989] [M]: 0x0000000080000F60 (0x0BF23023) sd t6, 0xa0(tp)
mem[0x0000000080004298] <- 0x064603865AE503A4

mem[X,0x0000000080000F64] -> 0x0F37
mem[X,0x0000000080000F66] -> 0xFFFB
[990] [M]: 0x0000000080000F64 (0xFFFB0F37) lui t5, -0x50
x30 <- 0xFFFFFFFFFFFB0000

mem[X,0x0000000080000F68] -> 0x0F13
mem[X,0x0000000080000F6A] -> 0x000F
[991] [M]: 0x0000000080000F68 (0x000F0F13) addi t5, t5, 0x0
x30 <- 0xFFFFFFFFFFFB0000

mem[X,0x0000000080000F6C] -> 0x1F13
mem[X,0x0000000080000F6E] -> 0x00BF
[992] [M]: 0x0000000080000F6C (0x00BF1F13) slli t5, t5, 0xb
x30 <- 0xFFFFFFFFD8000000

mem[X,0x0000000080000F70] -> 0x0F13
mem[X,0x0000000080000F72] -> 0x77FF
[993] [M]: 0x0000000080000F70 (0x77FF0F13) addi t5, t5, 0x77f
x30 <- 0xFFFFFFFFD800077F

mem[X,0x0000000080000F74] -> 0x1F13
mem[X,0x0000000080000F76] -> 0x00BF
[994] [M]: 0x0000000080000F74 (0x00BF1F13) slli t5, t5, 0xb
x30 <- 0xFFFFFEC0003BF800

mem[X,0x0000000080000F78] -> 0x0F13
mem[X,0x0000000080000F7A] -> 0x7D5F
[995] [M]: 0x0000000080000F78 (0x7D5F0F13) addi t5, t5, 0x7d5
x30 <- 0xFFFFFEC0003BFFD5

mem[X,0x0000000080000F7C] -> 0x1F13
mem[X,0x0000000080000F7E] -> 0x00AF
[996] [M]: 0x0000000080000F7C (0x00AF1F13) slli t5, t5, 0xa
x30 <- 0xFFFB0000EFFF5400

mem[X,0x0000000080000F80] -> 0x0F13
mem[X,0x0000000080000F82] -> 0x155F
[997] [M]: 0x0000000080000F80 (0x155F0F13) addi t5, t5, 0x155
x30 <- 0xFFFB0000EFFF5555

mem[X,0x0000000080000F84] -> 0x0EB7
mem[X,0x0000000080000F86] -> 0x0041
[998] [M]: 0x0000000080000F84 (0x00410EB7) lui t4, 0x410
x29 <- 0x0000000000410000

mem[X,0x0000000080000F88] -> 0x8E93
mem[X,0x0000000080000F8A] -> 0xFFFE
[999] [M]: 0x0000000080000F88 (0xFFFE8E93) addi t4, t4, -0x1
x29 <- 0x000000000040FFFF

clint::tick mtime <- 0x000000000000000A
 clint timer pending at mtime 0x000000000000000A
htif::tick 0x0000000000000000
mem[X,0x0000000080000F8C] -> 0x9E93
mem[X,0x0000000080000F8E] -> 0x00BE
[1000] [M]: 0x0000000080000F8C (0x00BE9E93) slli t4, t4, 0xb
x29 <- 0x0000000207FFF800

mem[X,0x0000000080000F90] -> 0x8E93
mem[X,0x0000000080000F92] -> 0x000E
[1001] [M]: 0x0000000080000F90 (0x000E8E93) addi t4, t4, 0x0
x29 <- 0x0000000207FFF800

mem[X,0x0000000080000F94] -> 0x9E93
mem[X,0x0000000080000F96] -> 0x00BE
[1002] [M]: 0x0000000080000F94 (0x00BE9E93) slli t4, t4, 0xb
x29 <- 0x0000103FFFC00000

mem[X,0x0000000080000F98] -> 0x8E93
mem[X,0x0000000080000F9A] -> 0x23FE
[1003] [M]: 0x0000000080000F98 (0x23FE8E93) addi t4, t4, 0x23f
x29 <- 0x0000103FFFC0023F

mem[X,0x0000000080000F9C] -> 0x9E93
mem[X,0x0000000080000F9E] -> 0x00AE
[1004] [M]: 0x0000000080000F9C (0x00AE9E93) slli t4, t4, 0xa
x29 <- 0x0040FFFF0008FC00

mem[X,0x0000000080000FA0] -> 0x8E93
mem[X,0x0000000080000FA2] -> 0x2FFE
[1005] [M]: 0x0000000080000FA0 (0x2FFE8E93) addi t4, t4, 0x2ff
x29 <- 0x0040FFFF0008FEFF

mem[X,0x0000000080000FA4] -> 0x7FBB
mem[X,0x0000000080000FA6] -> 0xADDF
[1006] [M]: 0x0000000080000FA4 (0xADDF7FBB) pmhaccsu.h.be t6, t5, t4
x31 <- 0x068503865AEC03F8

mem[X,0x0000000080000FA8] -> 0x3423
mem[X,0x0000000080000FAA] -> 0x0BF2
[1007] [M]: 0x0000000080000FA8 (0x0BF23423) sd t6, 0xa8(tp)
mem[0x00000000800042A0] <- 0x068503865AEC03F8

mem[X,0x0000000080000FAC] -> 0x0F37
mem[X,0x0000000080000FAE] -> 0x0003
[1008] [M]: 0x0000000080000FAC (0x00030F37) lui t5, 0x30
x30 <- 0x0000000000030000

mem[X,0x0000000080000FB0] -> 0x0F13
mem[X,0x0000000080000FB2] -> 0x000F
[1009] [M]: 0x0000000080000FB0 (0x000F0F13) addi t5, t5, 0x0
x30 <- 0x0000000000030000

mem[X,0x0000000080000FB4] -> 0x1F13
mem[X,0x0000000080000FB6] -> 0x00BF
[1010] [M]: 0x0000000080000FB4 (0x00BF1F13) slli t5, t5, 0xb
x30 <- 0x0000000018000000

mem[X,0x0000000080000FB8] -> 0x0F13
mem[X,0x0000000080000FBA] -> 0x400F
[1011] [M]: 0x0000000080000FB8 (0x400F0F13) addi t5, t5, 0x400
x30 <- 0x0000000018000400

mem[X,0x0000000080000FBC] -> 0x1F13
mem[X,0x0000000080000FBE] -> 0x00BF
[1012] [M]: 0x0000000080000FBC (0x00BF1F13) slli t5, t5, 0xb
x30 <- 0x000000C000200000

mem[X,0x0000000080000FC0] -> 0x0F13
mem[X,0x0000000080000FC2] -> 0x02AF
[1013] [M]: 0x0000000080000FC0 (0x02AF0F13) addi t5, t5, 0x2a
x30 <- 0x000000C00020002A

mem[X,0x0000000080000FC4] -> 0x1F13
mem[X,0x0000000080000FC6] -> 0x00AF
[1014] [M]: 0x0000000080000FC4 (0x00AF1F13) slli t5, t5, 0xa
x30 <- 0x000300008000A800

mem[X,0x0000000080000FC8] -> 0x0F13
mem[X,0x0000000080000FCA] -> 0x2AAF
[1015] [M]: 0x0000000080000FC8 (0x2AAF0F13) addi t5, t5, 0x2aa
x30 <- 0x000300008000AAAA

mem[X,0x0000000080000FCC] -> 0x0EB7
mem[X,0x0000000080000FCE] -> 0x0003
[1016] [M]: 0x0000000080000FCC (0x00030EB7) lui t4, 0x30
x29 <- 0x0000000000030000

mem[X,0x0000000080000FD0] -> 0x8E93
mem[X,0x0000000080000FD2] -> 0x000E
[1017] [M]: 0x0000000080000FD0 (0x000E8E93) addi t4, t4, 0x0
x29 <- 0x0000000000030000

mem[X,0x0000000080000FD4] -> 0x9E93
mem[X,0x0000000080000FD6] -> 0x00BE
[1018] [M]: 0x0000000080000FD4 (0x00BE9E93) slli t4, t4, 0xb
x29 <- 0x0000000018000000

mem[X,0x0000000080000FD8] -> 0x8E93
mem[X,0x0000000080000FDA] -> 0x100E
[1019] [M]: 0x0000000080000FD8 (0x100E8E93) addi t4, t4, 0x100
x29 <- 0x0000000018000100

mem[X,0x0000000080000FDC] -> 0x9E93
mem[X,0x0000000080000FDE] -> 0x00BE
[1020] [M]: 0x0000000080000FDC (0x00BE9E93) slli t4, t4, 0xb
x29 <- 0x000000C000080000

mem[X,0x0000000080000FE0] -> 0x8E93
mem[X,0x0000000080000FE2] -> 0x03FE
[1021] [M]: 0x0000000080000FE0 (0x03FE8E93) addi t4, t4, 0x3f
x29 <- 0x000000C00008003F

mem[X,0x0000000080000FE4] -> 0x9E93
mem[X,0x0000000080000FE6] -> 0x00AE
[1022] [M]: 0x0000000080000FE4 (0x00AE9E93) slli t4, t4, 0xa
x29 <- 0x000300002000FC00

mem[X,0x0000000080000FE8] -> 0x8E93
mem[X,0x0000000080000FEA] -> 0x3DFE
[1023] [M]: 0x0000000080000FE8 (0x3DFE8E93) addi t4, t4, 0x3df
x29 <- 0x000300002000FFDF

mem[X,0x0000000080000FEC] -> 0x7FBB
mem[X,0x0000000080000FEE] -> 0xADDF
[1024] [M]: 0x0000000080000FEC (0xADDF7FBB) pmhaccsu.h.be t6, t5, t4
x31 <- 0x068503865AEC048C

mem[X,0x0000000080000FF0] -> 0x3823
mem[X,0x0000000080000FF2] -> 0x0BF2
[1025] [M]: 0x0000000080000FF0 (0x0BF23823) sd t6, 0xb0(tp)
mem[0x00000000800042A8] <- 0x068503865AEC048C

mem[X,0x0000000080000FF4] -> 0x0F37
mem[X,0x0000000080000FF6] -> 0xFE00
[1026] [M]: 0x0000000080000FF4 (0xFE000F37) lui t5, -0x2000
x30 <- 0xFFFFFFFFFE000000

mem[X,0x0000000080000FF8] -> 0x0F13
mem[X,0x0000000080000FFA] -> 0xFDFF
[1027] [M]: 0x0000000080000FF8 (0xFDFF0F13) addi t5, t5, -0x21
x30 <- 0xFFFFFFFFFDFFFFDF

mem[X,0x0000000080000FFC] -> 0x1F13
mem[X,0x0000000080000FFE] -> 0x00BF
[1028] [M]: 0x0000000080000FFC (0x00BF1F13) slli t5, t5, 0xb
x30 <- 0xFFFFFFEFFFFEF800

mem[X,0x0000000080001000] -> 0x0F13
mem[X,0x0000000080001002] -> 0x000F
[1029] [M]: 0x0000000080001000 (0x000F0F13) addi t5, t5, 0x0
x30 <- 0xFFFFFFEFFFFEF800

mem[X,0x0000000080001004] -> 0x1F13
mem[X,0x0000000080001006] -> 0x00BF
[1030] [M]: 0x0000000080001004 (0x00BF1F13) slli t5, t5, 0xb
x30 <- 0xFFFF7FFFF7C00000

mem[X,0x0000000080001008] -> 0x0F13
mem[X,0x000000008000100A] -> 0x03FF
[1031] [M]: 0x0000000080001008 (0x03FF0F13) addi t5, t5, 0x3f
x30 <- 0xFFFF7FFFF7C0003F

mem[X,0x000000008000100C] -> 0x1F13
mem[X,0x000000008000100E] -> 0x00AF
[1032] [M]: 0x000000008000100C (0x00AF1F13) slli t5, t5, 0xa
x30 <- 0xFDFFFFDF0000FC00

mem[X,0x0000000080001010] -> 0x0F13
mem[X,0x0000000080001012] -> 0x3BFF
[1033] [M]: 0x0000000080001010 (0x3BFF0F13) addi t5, t5, 0x3bf
x30 <- 0xFDFFFFDF0000FFBF

mem[X,0x0000000080001014] -> 0x8EB7
mem[X,0x0000000080001016] -> 0x1000
[1034] [M]: 0x0000000080001014 (0x10008EB7) lui t4, 0x10008
x29 <- 0x0000000010008000

mem[X,0x0000000080001018] -> 0x8E93
mem[X,0x000000008000101A] -> 0x000E
[1035] [M]: 0x0000000080001018 (0x000E8E93) addi t4, t4, 0x0
x29 <- 0x0000000010008000

mem[X,0x000000008000101C] -> 0x9E93
mem[X,0x000000008000101E] -> 0x00BE
[1036] [M]: 0x000000008000101C (0x00BE9E93) slli t4, t4, 0xb
x29 <- 0x0000008004000000

mem[X,0x0000000080001020] -> 0x8E93
mem[X,0x0000000080001022] -> 0x000E
[1037] [M]: 0x0000000080001020 (0x000E8E93) addi t4, t4, 0x0
x29 <- 0x0000008004000000

mem[X,0x0000000080001024] -> 0x9E93
mem[X,0x0000000080001026] -> 0x00BE
[1038] [M]: 0x0000000080001024 (0x00BE9E93) slli t4, t4, 0xb
x29 <- 0x0004002000000000

mem[X,0x0000000080001028] -> 0x8E93
mem[X,0x000000008000102A] -> 0x040E
[1039] [M]: 0x0000000080001028 (0x040E8E93) addi t4, t4, 0x40
x29 <- 0x0004002000000040

mem[X,0x000000008000102C] -> 0x9E93
mem[X,0x000000008000102E] -> 0x00AE
[1040] [M]: 0x000000008000102C (0x00AE9E93) slli t4, t4, 0xa
x29 <- 0x1000800000010000

mem[X,0x0000000080001030] -> 0x8E93
mem[X,0x0000000080001032] -> 0x006E
[1041] [M]: 0x0000000080001030 (0x006E8E93) addi t4, t4, 0x6
x29 <- 0x1000800000010006

mem[X,0x0000000080001034] -> 0x7FBB
mem[X,0x0000000080001036] -> 0xADDF
[1042] [M]: 0x0000000080001034 (0xADDF7FBB) pmhaccsu.h.be t6, t5, t4
x31 <- 0x068503865AEC0491

mem[X,0x0000000080001038] -> 0x3C23
mem[X,0x000000008000103A] -> 0x0BF2
[1043] [M]: 0x0000000080001038 (0x0BF23C23) sd t6, 0xb8(tp)
mem[0x00000000800042B0] <- 0x068503865AEC0491

mem[X,0x000000008000103C] -> 0x0F37
mem[X,0x000000008000103E] -> 0xFFFA
[1044] [M]: 0x000000008000103C (0xFFFA0F37) lui t5, -0x60
x30 <- 0xFFFFFFFFFFFA0000

mem[X,0x0000000080001040] -> 0x0F13
mem[X,0x0000000080001042] -> 0x007F
[1045] [M]: 0x0000000080001040 (0x007F0F13) addi t5, t5, 0x7
x30 <- 0xFFFFFFFFFFFA0007

mem[X,0x0000000080001044] -> 0x1F13
mem[X,0x0000000080001046] -> 0x00BF
[1046] [M]: 0x0000000080001044 (0x00BF1F13) slli t5, t5, 0xb
x30 <- 0xFFFFFFFFD0003800

mem[X,0x0000000080001048] -> 0x0F13
mem[X,0x000000008000104A] -> 0x000F
[1047] [M]: 0x0000000080001048 (0x000F0F13) addi t5, t5, 0x0
x30 <- 0xFFFFFFFFD0003800

mem[X,0x000000008000104C] -> 0x1F13
mem[X,0x000000008000104E] -> 0x00BF
[1048] [M]: 0x000000008000104C (0x00BF1F13) slli t5, t5, 0xb
x30 <- 0xFFFFFE8001C00000

mem[X,0x0000000080001050] -> 0x0F13
mem[X,0x0000000080001052] -> 0x088F
[1049] [M]: 0x0000000080001050 (0x088F0F13) addi t5, t5, 0x88
x30 <- 0xFFFFFE8001C00088

mem[X,0x0000000080001054] -> 0x1F13
mem[X,0x0000000080001056] -> 0x00AF
[1050] [M]: 0x0000000080001054 (0x00AF1F13) slli t5, t5, 0xa
x30 <- 0xFFFA000700022000

mem[X,0x0000000080001058] -> 0x0EB7
mem[X,0x000000008000105A] -> 0x0008
[1051] [M]: 0x0000000080001058 (0x00080EB7) lui t4, 0x80
x29 <- 0x0000000000080000

mem[X,0x000000008000105C] -> 0x8E93
mem[X,0x000000008000105E] -> 0xFF7E
[1052] [M]: 0x000000008000105C (0xFF7E8E93) addi t4, t4, -0x9
x29 <- 0x000000000007FFF7

mem[X,0x0000000080001060] -> 0x9E93
mem[X,0x0000000080001062] -> 0x00BE
[1053] [M]: 0x0000000080001060 (0x00BE9E93) slli t4, t4, 0xb
x29 <- 0x000000003FFFB800

mem[X,0x0000000080001064] -> 0x8E93
mem[X,0x0000000080001066] -> 0x77FE
[1054] [M]: 0x0000000080001064 (0x77FE8E93) addi t4, t4, 0x77f
x29 <- 0x000000003FFFBF7F

mem[X,0x0000000080001068] -> 0x9E93
mem[X,0x000000008000106A] -> 0x00BE
[1055] [M]: 0x0000000080001068 (0x00BE9E93) slli t4, t4, 0xb
x29 <- 0x000001FFFDFBF800

mem[X,0x000000008000106C] -> 0x8E93
mem[X,0x000000008000106E] -> 0x7C1E
[1056] [M]: 0x000000008000106C (0x7C1E8E93) addi t4, t4, 0x7c1
x29 <- 0x000001FFFDFBFFC1

mem[X,0x0000000080001070] -> 0x9E93
mem[X,0x0000000080001072] -> 0x00AE
[1057] [M]: 0x0000000080001070 (0x00AE9E93) slli t4, t4, 0xa
x29 <- 0x0007FFF7EFFF0400

mem[X,0x0000000080001074] -> 0x7FBB
mem[X,0x0000000080001076] -> 0xADDF
[1058] [M]: 0x0000000080001074 (0xADDF7FBB) pmhaccsu.h.be t6, t5, t4
x31 <- 0x068B03865AEC0491

mem[X,0x0000000080001078] -> 0x3023
mem[X,0x000000008000107A] -> 0x0DF2
[1059] [M]: 0x0000000080001078 (0x0DF23023) sd t6, 0xc0(tp)
mem[0x00000000800042B8] <- 0x068B03865AEC0491

mem[X,0x000000008000107C] -> 0x0F37
mem[X,0x000000008000107E] -> 0xFFFD
[1060] [M]: 0x000000008000107C (0xFFFD0F37) lui t5, -0x30
x30 <- 0xFFFFFFFFFFFD0000

mem[X,0x0000000080001080] -> 0x0F13
mem[X,0x0000000080001082] -> 0x080F
[1061] [M]: 0x0000000080001080 (0x080F0F13) addi t5, t5, 0x80
x30 <- 0xFFFFFFFFFFFD0080

mem[X,0x0000000080001084] -> 0x1F13
mem[X,0x0000000080001086] -> 0x00BF
[1062] [M]: 0x0000000080001084 (0x00BF1F13) slli t5, t5, 0xb
x30 <- 0xFFFFFFFFE8040000

mem[X,0x0000000080001088] -> 0x0F13
mem[X,0x000000008000108A] -> 0x2AAF
[1063] [M]: 0x0000000080001088 (0x2AAF0F13) addi t5, t5, 0x2aa
x30 <- 0xFFFFFFFFE80402AA

mem[X,0x000000008000108C] -> 0x1F13
mem[X,0x000000008000108E] -> 0x00BF
[1064] [M]: 0x000000008000108C (0x00BF1F13) slli t5, t5, 0xb
x30 <- 0xFFFFFF4020155000

mem[X,0x0000000080001090] -> 0x0F13
mem[X,0x0000000080001092] -> 0x540F
[1065] [M]: 0x0000000080001090 (0x540F0F13) addi t5, t5, 0x540
x30 <- 0xFFFFFF4020155540

mem[X,0x0000000080001094] -> 0x1F13
mem[X,0x0000000080001096] -> 0x00AF
[1066] [M]: 0x0000000080001094 (0x00AF1F13) slli t5, t5, 0xa
x30 <- 0xFFFD008055550000

mem[X,0x0000000080001098] -> 0x0F13
mem[X,0x000000008000109A] -> 0x040F
[1067] [M]: 0x0000000080001098 (0x040F0F13) addi t5, t5, 0x40
x30 <- 0xFFFD008055550040

mem[X,0x000000008000109C] -> 0x0EB7
mem[X,0x000000008000109E] -> 0xFFF9
[1068] [M]: 0x000000008000109C (0xFFF90EB7) lui t4, -0x70
x29 <- 0xFFFFFFFFFFF90000

mem[X,0x00000000800010A0] -> 0x8E93
mem[X,0x00000000800010A2] -> 0x010E
[1069] [M]: 0x00000000800010A0 (0x010E8E93) addi t4, t4, 0x10
x29 <- 0xFFFFFFFFFFF90010

mem[X,0x00000000800010A4] -> 0x9E93
mem[X,0x00000000800010A6] -> 0x00BE
[1070] [M]: 0x00000000800010A4 (0x00BE9E93) slli t4, t4, 0xb
x29 <- 0xFFFFFFFFC8008000

mem[X,0x00000000800010A8] -> 0x8E93
mem[X,0x00000000800010AA] -> 0x7FFE
[1071] [M]: 0x00000000800010A8 (0x7FFE8E93) addi t4, t4, 0x7ff
x29 <- 0xFFFFFFFFC80087FF

mem[X,0x00000000800010AC] -> 0x9E93
mem[X,0x00000000800010AE] -> 0x00BE
[1072] [M]: 0x00000000800010AC (0x00BE9E93) slli t4, t4, 0xb
x29 <- 0xFFFFFE40043FF800

mem[X,0x00000000800010B0] -> 0x8E93
mem[X,0x00000000800010B2] -> 0x702E
[1073] [M]: 0x00000000800010B0 (0x702E8E93) addi t4, t4, 0x702
x29 <- 0xFFFFFE40043FFF02

mem[X,0x00000000800010B4] -> 0x9E93
mem[X,0x00000000800010B6] -> 0x00AE
[1074] [M]: 0x00000000800010B4 (0x00AE9E93) slli t4, t4, 0xa
x29 <- 0xFFF90010FFFC0800

mem[X,0x00000000800010B8] -> 0x7FBB
mem[X,0x00000000800010BA] -> 0xADDF
[1075] [M]: 0x00000000800010B8 (0xADDF7FBB) pmhaccsu.h.be t6, t5, t4
x31 <- 0x078303865B3F0491

mem[X,0x00000000800010BC] -> 0x3423
mem[X,0x00000000800010BE] -> 0x0DF2
[1076] [M]: 0x00000000800010BC (0x0DF23423) sd t6, 0xc8(tp)
mem[0x00000000800042C0] <- 0x078303865B3F0491

mem[X,0x00000000800010C0] -> 0x2F37
mem[X,0x00000000800010C2] -> 0xFFDF
[1077] [M]: 0x00000000800010C0 (0xFFDF2F37) lui t5, -0x20e
x30 <- 0xFFFFFFFFFFDF2000

mem[X,0x00000000800010C4] -> 0x0F13
mem[X,0x00000000800010C6] -> 0x000F
[1078] [M]: 0x00000000800010C4 (0x000F0F13) addi t5, t5, 0x0
x30 <- 0xFFFFFFFFFFDF2000

mem[X,0x00000000800010C8] -> 0x1F13
mem[X,0x00000000800010CA] -> 0x00BF
[1079] [M]: 0x00000000800010C8 (0x00BF1F13) slli t5, t5, 0xb
x30 <- 0xFFFFFFFEF9000000

mem[X,0x00000000800010CC] -> 0x0F13
mem[X,0x00000000800010CE] -> 0x002F
[1080] [M]: 0x00000000800010CC (0x002F0F13) addi t5, t5, 0x2
x30 <- 0xFFFFFFFEF9000002

mem[X,0x00000000800010D0] -> 0x1F13
mem[X,0x00000000800010D2] -> 0x00BF
[1081] [M]: 0x00000000800010D0 (0x00BF1F13) slli t5, t5, 0xb
x30 <- 0xFFFFF7C800001000

mem[X,0x00000000800010D4] -> 0x0F13
mem[X,0x00000000800010D6] -> 0x030F
[1082] [M]: 0x00000000800010D4 (0x030F0F13) addi t5, t5, 0x30
x30 <- 0xFFFFF7C800001030

mem[X,0x00000000800010D8] -> 0x1F13
mem[X,0x00000000800010DA] -> 0x00AF
[1083] [M]: 0x00000000800010D8 (0x00AF1F13) slli t5, t5, 0xa
x30 <- 0xFFDF20000040C000

mem[X,0x00000000800010DC] -> 0x0EB7
mem[X,0x00000000800010DE] -> 0x0010
[1084] [M]: 0x00000000800010DC (0x00100EB7) lui t4, 0x100
x29 <- 0x0000000000100000

mem[X,0x00000000800010E0] -> 0x8E93
mem[X,0x00000000800010E2] -> 0x040E
[1085] [M]: 0x00000000800010E0 (0x040E8E93) addi t4, t4, 0x40
x29 <- 0x0000000000100040

mem[X,0x00000000800010E4] -> 0x9E93
mem[X,0x00000000800010E6] -> 0x00BE
[1086] [M]: 0x00000000800010E4 (0x00BE9E93) slli t4, t4, 0xb
x29 <- 0x0000000080020000

mem[X,0x00000000800010E8] -> 0x8E93
mem[X,0x00000000800010EA] -> 0x000E
[1087] [M]: 0x00000000800010E8 (0x000E8E93) addi t4, t4, 0x0
x29 <- 0x0000000080020000

mem[X,0x00000000800010EC] -> 0x9E93
mem[X,0x00000000800010EE] -> 0x00BE
[1088] [M]: 0x00000000800010EC (0x00BE9E93) slli t4, t4, 0xb
x29 <- 0x0000040010000000

mem[X,0x00000000800010F0] -> 0x8E93
mem[X,0x00000000800010F2] -> 0x240E
[1089] [M]: 0x00000000800010F0 (0x240E8E93) addi t4, t4, 0x240
x29 <- 0x0000040010000240

mem[X,0x00000000800010F4] -> 0x9E93
mem[X,0x00000000800010F6] -> 0x00AE
[1090] [M]: 0x00000000800010F4 (0x00AE9E93) slli t4, t4, 0xa
x29 <- 0x0010004000090000

mem[X,0x00000000800010F8] -> 0x8E93
mem[X,0x00000000800010FA] -> 0x009E
[1091] [M]: 0x00000000800010F8 (0x009E8E93) addi t4, t4, 0x9
x29 <- 0x0010004000090009

mem[X,0x00000000800010FC] -> 0x7FBB
mem[X,0x00000000800010FE] -> 0xADDF
[1092] [M]: 0x00000000800010FC (0xADDF7FBB) pmhaccsu.h.be t6, t5, t4
x31 <- 0x0792038E5B3F0497

mem[X,0x0000000080001100] -> 0x3823
mem[X,0x0000000080001102] -> 0x0DF2
[1093] [M]: 0x0000000080001100 (0x0DF23823) sd t6, 0xd0(tp)
mem[0x00000000800042C8] <- 0x0792038E5B3F0497

mem[X,0x0000000080001104] -> 0xFF37
mem[X,0x0000000080001106] -> 0xFFBF
[1094] [M]: 0x0000000080001104 (0xFFBFFF37) lui t5, -0x401
x30 <- 0xFFFFFFFFFFBFF000

mem[X,0x0000000080001108] -> 0x0F13
mem[X,0x000000008000110A] -> 0xFFFF
[1095] [M]: 0x0000000080001108 (0xFFFF0F13) addi t5, t5, -0x1
x30 <- 0xFFFFFFFFFFBFEFFF

mem[X,0x000000008000110C] -> 0x1F13
mem[X,0x000000008000110E] -> 0x00BF
[1096] [M]: 0x000000008000110C (0x00BF1F13) slli t5, t5, 0xb
x30 <- 0xFFFFFFFDFF7FF800

mem[X,0x0000000080001110] -> 0x0F13
mem[X,0x0000000080001112] -> 0x008F
[1097] [M]: 0x0000000080001110 (0x008F0F13) addi t5, t5, 0x8
x30 <- 0xFFFFFFFDFF7FF808

mem[X,0x0000000080001114] -> 0x1F13
mem[X,0x0000000080001116] -> 0x00BF
[1098] [M]: 0x0000000080001114 (0x00BF1F13) slli t5, t5, 0xb
x30 <- 0xFFFFEFFBFFC04000

mem[X,0x0000000080001118] -> 0x0F13
mem[X,0x000000008000111A] -> 0x000F
[1099] [M]: 0x0000000080001118 (0x000F0F13) addi t5, t5, 0x0
x30 <- 0xFFFFEFFBFFC04000

clint::tick mtime <- 0x000000000000000B
 clint timer pending at mtime 0x000000000000000B
htif::tick 0x0000000000000000
mem[X,0x000000008000111C] -> 0x1F13
mem[X,0x000000008000111E] -> 0x00AF
[1100] [M]: 0x000000008000111C (0x00AF1F13) slli t5, t5, 0xa
x30 <- 0xFFBFEFFF01000000

mem[X,0x0000000080001120] -> 0x0F13
mem[X,0x0000000080001122] -> 0x200F
[1101] [M]: 0x0000000080001120 (0x200F0F13) addi t5, t5, 0x200
x30 <- 0xFFBFEFFF01000200

mem[X,0x0000000080001124] -> 0x0EB7
mem[X,0x0000000080001126] -> 0xFC00
[1102] [M]: 0x0000000080001124 (0xFC000EB7) lui t4, -0x4000
x29 <- 0xFFFFFFFFFC000000

mem[X,0x0000000080001128] -> 0x8E93
mem[X,0x000000008000112A] -> 0xBFFE
[1103] [M]: 0x0000000080001128 (0xBFFE8E93) addi t4, t4, -0x401
x29 <- 0xFFFFFFFFFBFFFBFF

mem[X,0x000000008000112C] -> 0x9E93
mem[X,0x000000008000112E] -> 0x00BE
[1104] [M]: 0x000000008000112C (0x00BE9E93) slli t4, t4, 0xb
x29 <- 0xFFFFFFDFFFDFF800

mem[X,0x0000000080001130] -> 0x8E93
mem[X,0x0000000080001132] -> 0x100E
[1105] [M]: 0x0000000080001130 (0x100E8E93) addi t4, t4, 0x100
x29 <- 0xFFFFFFDFFFDFF900

mem[X,0x0000000080001134] -> 0x9E93
mem[X,0x0000000080001136] -> 0x00BE
[1106] [M]: 0x0000000080001134 (0x00BE9E93) slli t4, t4, 0xb
x29 <- 0xFFFEFFFEFFC80000

mem[X,0x0000000080001138] -> 0x8E93
mem[X,0x000000008000113A] -> 0x000E
[1107] [M]: 0x0000000080001138 (0x000E8E93) addi t4, t4, 0x0
x29 <- 0xFFFEFFFEFFC80000

mem[X,0x000000008000113C] -> 0x9E93
mem[X,0x000000008000113E] -> 0x00AE
[1108] [M]: 0x000000008000113C (0x00AE9E93) slli t4, t4, 0xa
x29 <- 0xFBFFFBFF20000000

mem[X,0x0000000080001140] -> 0x8E93
mem[X,0x0000000080001142] -> 0x007E
[1109] [M]: 0x0000000080001140 (0x007E8E93) addi t4, t4, 0x7
x29 <- 0xFBFFFBFF20000007

mem[X,0x0000000080001144] -> 0x7FBB
mem[X,0x0000000080001146] -> 0xADDF
[1110] [M]: 0x0000000080001144 (0xADDF7FBB) pmhaccsu.h.be t6, t5, t4
x31 <- 0x0890047D5B3F0497

mem[X,0x0000000080001148] -> 0x3C23
mem[X,0x000000008000114A] -> 0x0DF2
[1111] [M]: 0x0000000080001148 (0x0DF23C23) sd t6, 0xd8(tp)
mem[0x00000000800042D0] <- 0x0890047D5B3F0497

mem[X,0x000000008000114C] -> 0x0F37
mem[X,0x000000008000114E] -> 0xFF00
[1112] [M]: 0x000000008000114C (0xFF000F37) lui t5, -0x1000
x30 <- 0xFFFFFFFFFF000000

mem[X,0x0000000080001150] -> 0x0F13
mem[X,0x0000000080001152] -> 0xFF7F
[1113] [M]: 0x0000000080001150 (0xFF7F0F13) addi t5, t5, -0x9
x30 <- 0xFFFFFFFFFEFFFFF7

mem[X,0x0000000080001154] -> 0x1F13
mem[X,0x0000000080001156] -> 0x00BF
[1114] [M]: 0x0000000080001154 (0x00BF1F13) slli t5, t5, 0xb
x30 <- 0xFFFFFFF7FFFFB800

mem[X,0x0000000080001158] -> 0x0F13
mem[X,0x000000008000115A] -> 0x600F
[1115] [M]: 0x0000000080001158 (0x600F0F13) addi t5, t5, 0x600
x30 <- 0xFFFFFFF7FFFFBE00

mem[X,0x000000008000115C] -> 0x1F13
mem[X,0x000000008000115E] -> 0x00BF
[1116] [M]: 0x000000008000115C (0x00BF1F13) slli t5, t5, 0xb
x30 <- 0xFFFFBFFFFDF00000

mem[X,0x0000000080001160] -> 0x0F13
mem[X,0x0000000080001162] -> 0x01FF
[1117] [M]: 0x0000000080001160 (0x01FF0F13) addi t5, t5, 0x1f
x30 <- 0xFFFFBFFFFDF0001F

mem[X,0x0000000080001164] -> 0x1F13
mem[X,0x0000000080001166] -> 0x00AF
[1118] [M]: 0x0000000080001164 (0x00AF1F13) slli t5, t5, 0xa
x30 <- 0xFEFFFFF7C0007C00

mem[X,0x0000000080001168] -> 0x0F13
mem[X,0x000000008000116A] -> 0x3FFF
[1119] [M]: 0x0000000080001168 (0x3FFF0F13) addi t5, t5, 0x3ff
x30 <- 0xFEFFFFF7C0007FFF

mem[X,0x000000008000116C] -> 0x0EB7
mem[X,0x000000008000116E] -> 0xAAAA
[1120] [M]: 0x000000008000116C (0xAAAA0EB7) lui t4, -0x55560
x29 <- 0xFFFFFFFFAAAA0000

mem[X,0x0000000080001170] -> 0x8E93
mem[X,0x0000000080001172] -> 0x001E
[1121] [M]: 0x0000000080001170 (0x001E8E93) addi t4, t4, 0x1
x29 <- 0xFFFFFFFFAAAA0001

mem[X,0x0000000080001174] -> 0x9E93
mem[X,0x0000000080001176] -> 0x00BE
[1122] [M]: 0x0000000080001174 (0x00BE9E93) slli t4, t4, 0xb
x29 <- 0xFFFFFD5550000800

mem[X,0x0000000080001178] -> 0x8E93
mem[X,0x000000008000117A] -> 0x000E
[1123] [M]: 0x0000000080001178 (0x000E8E93) addi t4, t4, 0x0
x29 <- 0xFFFFFD5550000800

mem[X,0x000000008000117C] -> 0x9E93
mem[X,0x000000008000117E] -> 0x00BE
[1124] [M]: 0x000000008000117C (0x00BE9E93) slli t4, t4, 0xb
x29 <- 0xFFEAAA8000400000

mem[X,0x0000000080001180] -> 0x8E93
mem[X,0x0000000080001182] -> 0x17FE
[1125] [M]: 0x0000000080001180 (0x17FE8E93) addi t4, t4, 0x17f
x29 <- 0xFFEAAA800040017F

mem[X,0x0000000080001184] -> 0x9E93
mem[X,0x0000000080001186] -> 0x00AE
[1126] [M]: 0x0000000080001184 (0x00AE9E93) slli t4, t4, 0xa
x29 <- 0xAAAA00010005FC00

mem[X,0x0000000080001188] -> 0x8E93
mem[X,0x000000008000118A] -> 0x37FE
[1127] [M]: 0x0000000080001188 (0x37FE8E93) addi t4, t4, 0x37f
x29 <- 0xAAAA00010005FF7F

mem[X,0x000000008000118C] -> 0x7FBB
mem[X,0x000000008000118E] -> 0xADDF
[1128] [M]: 0x000000008000118C (0xADDF7FBB) pmhaccsu.h.be t6, t5, t4
x31 <- 0x0939047D5B4204D6

mem[X,0x0000000080001190] -> 0x3023
mem[X,0x0000000080001192] -> 0x0FF2
[1129] [M]: 0x0000000080001190 (0x0FF23023) sd t6, 0xe0(tp)
mem[0x00000000800042D8] <- 0x0939047D5B4204D6

mem[X,0x0000000080001194] -> 0x0F37
mem[X,0x0000000080001196] -> 0xBFFF
[1130] [M]: 0x0000000080001194 (0xBFFF0F37) lui t5, -0x40010
x30 <- 0xFFFFFFFFBFFF0000

mem[X,0x0000000080001198] -> 0x0F13
mem[X,0x000000008000119A] -> 0x007F
[1131] [M]: 0x0000000080001198 (0x007F0F13) addi t5, t5, 0x7
x30 <- 0xFFFFFFFFBFFF0007

mem[X,0x000000008000119C] -> 0x1F13
mem[X,0x000000008000119E] -> 0x00BF
[1132] [M]: 0x000000008000119C (0x00BF1F13) slli t5, t5, 0xb
x30 <- 0xFFFFFDFFF8003800

mem[X,0x00000000800011A0] -> 0x0F13
mem[X,0x00000000800011A2] -> 0x000F
[1133] [M]: 0x00000000800011A0 (0x000F0F13) addi t5, t5, 0x0
x30 <- 0xFFFFFDFFF8003800

mem[X,0x00000000800011A4] -> 0x1F13
mem[X,0x00000000800011A6] -> 0x00BF
[1134] [M]: 0x00000000800011A4 (0x00BF1F13) slli t5, t5, 0xb
x30 <- 0xFFEFFFC001C00000

mem[X,0x00000000800011A8] -> 0x0F13
mem[X,0x00000000800011AA] -> 0x140F
[1135] [M]: 0x00000000800011A8 (0x140F0F13) addi t5, t5, 0x140
x30 <- 0xFFEFFFC001C00140

mem[X,0x00000000800011AC] -> 0x1F13
mem[X,0x00000000800011AE] -> 0x00AF
[1136] [M]: 0x00000000800011AC (0x00AF1F13) slli t5, t5, 0xa
x30 <- 0xBFFF000700050000

mem[X,0x00000000800011B0] -> 0x0F13
mem[X,0x00000000800011B2] -> 0x200F
[1137] [M]: 0x00000000800011B0 (0x200F0F13) addi t5, t5, 0x200
x30 <- 0xBFFF000700050200

mem[X,0x00000000800011B4] -> 0xCEB7
mem[X,0x00000000800011B6] -> 0x0004
[1138] [M]: 0x00000000800011B4 (0x0004CEB7) lui t4, 0x4c
x29 <- 0x000000000004C000

mem[X,0x00000000800011B8] -> 0x8E93
mem[X,0x00000000800011BA] -> 0x000E
[1139] [M]: 0x00000000800011B8 (0x000E8E93) addi t4, t4, 0x0
x29 <- 0x000000000004C000

mem[X,0x00000000800011BC] -> 0x9E93
mem[X,0x00000000800011BE] -> 0x00BE
[1140] [M]: 0x00000000800011BC (0x00BE9E93) slli t4, t4, 0xb
x29 <- 0x0000000026000000

mem[X,0x00000000800011C0] -> 0x8E93
mem[X,0x00000000800011C2] -> 0x7FFE
[1141] [M]: 0x00000000800011C0 (0x7FFE8E93) addi t4, t4, 0x7ff
x29 <- 0x00000000260007FF

mem[X,0x00000000800011C4] -> 0x9E93
mem[X,0x00000000800011C6] -> 0x00BE
[1142] [M]: 0x00000000800011C4 (0x00BE9E93) slli t4, t4, 0xb
x29 <- 0x00000130003FF800

mem[X,0x00000000800011C8] -> 0x8E93
mem[X,0x00000000800011CA] -> 0x600E
[1143] [M]: 0x00000000800011C8 (0x600E8E93) addi t4, t4, 0x600
x29 <- 0x00000130003FFE00

mem[X,0x00000000800011CC] -> 0x9E93
mem[X,0x00000000800011CE] -> 0x00AE
[1144] [M]: 0x00000000800011CC (0x00AE9E93) slli t4, t4, 0xa
x29 <- 0x0004C000FFF80000

mem[X,0x00000000800011D0] -> 0x8E93
mem[X,0x00000000800011D2] -> 0x010E
[1145] [M]: 0x00000000800011D0 (0x010E8E93) addi t4, t4, 0x10
x29 <- 0x0004C000FFF80010

mem[X,0x00000000800011D4] -> 0x7FBB
mem[X,0x00000000800011D6] -> 0xADDF
[1146] [M]: 0x00000000800011D4 (0xADDF7FBB) pmhaccsu.h.be t6, t5, t4
x31 <- 0x093B047D5B4204D6

mem[X,0x00000000800011D8] -> 0x3423
mem[X,0x00000000800011DA] -> 0x0FF2
[1147] [M]: 0x00000000800011D8 (0x0FF23423) sd t6, 0xe8(tp)
mem[0x00000000800042E0] <- 0x093B047D5B4204D6

mem[X,0x00000000800011DC] -> 0x0F37
mem[X,0x00000000800011DE] -> 0xFFFA
[1148] [M]: 0x00000000800011DC (0xFFFA0F37) lui t5, -0x60
x30 <- 0xFFFFFFFFFFFA0000

mem[X,0x00000000800011E0] -> 0x0F13
mem[X,0x00000000800011E2] -> 0x005F
[1149] [M]: 0x00000000800011E0 (0x005F0F13) addi t5, t5, 0x5
x30 <- 0xFFFFFFFFFFFA0005

mem[X,0x00000000800011E4] -> 0x1F13
mem[X,0x00000000800011E6] -> 0x00BF
[1150] [M]: 0x00000000800011E4 (0x00BF1F13) slli t5, t5, 0xb
x30 <- 0xFFFFFFFFD0002800

mem[X,0x00000000800011E8] -> 0x0F13
mem[X,0x00000000800011EA] -> 0x001F
[1151] [M]: 0x00000000800011E8 (0x001F0F13) addi t5, t5, 0x1
x30 <- 0xFFFFFFFFD0002801

mem[X,0x00000000800011EC] -> 0x1F13
mem[X,0x00000000800011EE] -> 0x00BF
[1152] [M]: 0x00000000800011EC (0x00BF1F13) slli t5, t5, 0xb
x30 <- 0xFFFFFE8001400800

mem[X,0x00000000800011F0] -> 0x0F13
mem[X,0x00000000800011F2] -> 0x03FF
[1153] [M]: 0x00000000800011F0 (0x03FF0F13) addi t5, t5, 0x3f
x30 <- 0xFFFFFE800140083F

mem[X,0x00000000800011F4] -> 0x1F13
mem[X,0x00000000800011F6] -> 0x00AF
[1154] [M]: 0x00000000800011F4 (0x00AF1F13) slli t5, t5, 0xa
x30 <- 0xFFFA00050020FC00

mem[X,0x00000000800011F8] -> 0x0F13
mem[X,0x00000000800011FA] -> 0x3F9F
[1155] [M]: 0x00000000800011F8 (0x3F9F0F13) addi t5, t5, 0x3f9
x30 <- 0xFFFA00050020FFF9

mem[X,0x00000000800011FC] -> 0x8EB7
mem[X,0x00000000800011FE] -> 0xFFEF
[1156] [M]: 0x00000000800011FC (0xFFEF8EB7) lui t4, -0x108
x29 <- 0xFFFFFFFFFFEF8000

mem[X,0x0000000080001200] -> 0x8E93
mem[X,0x0000000080001202] -> 0x000E
[1157] [M]: 0x0000000080001200 (0x000E8E93) addi t4, t4, 0x0
x29 <- 0xFFFFFFFFFFEF8000

mem[X,0x0000000080001204] -> 0x9E93
mem[X,0x0000000080001206] -> 0x00BE
[1158] [M]: 0x0000000080001204 (0x00BE9E93) slli t4, t4, 0xb
x29 <- 0xFFFFFFFF7C000000

mem[X,0x0000000080001208] -> 0x8E93
mem[X,0x000000008000120A] -> 0x000E
[1159] [M]: 0x0000000080001208 (0x000E8E93) addi t4, t4, 0x0
x29 <- 0xFFFFFFFF7C000000

mem[X,0x000000008000120C] -> 0x9E93
mem[X,0x000000008000120E] -> 0x00BE
[1160] [M]: 0x000000008000120C (0x00BE9E93) slli t4, t4, 0xb
x29 <- 0xFFFFFBE000000000

mem[X,0x0000000080001210] -> 0x8E93
mem[X,0x0000000080001212] -> 0x43FE
[1161] [M]: 0x0000000080001210 (0x43FE8E93) addi t4, t4, 0x43f
x29 <- 0xFFFFFBE00000043F

mem[X,0x0000000080001214] -> 0x9E93
mem[X,0x0000000080001216] -> 0x00AE
[1162] [M]: 0x0000000080001214 (0x00AE9E93) slli t4, t4, 0xa
x29 <- 0xFFEF80000010FC00

mem[X,0x0000000080001218] -> 0x8E93
mem[X,0x000000008000121A] -> 0x3FFE
[1163] [M]: 0x0000000080001218 (0x3FFE8E93) addi t4, t4, 0x3ff
x29 <- 0xFFEF80000010FFFF

mem[X,0x000000008000121C] -> 0x7FBB
mem[X,0x000000008000121E] -> 0xADDF
[1164] [M]: 0x000000008000121C (0xADDF7FBB) pmhaccsu.h.be t6, t5, t4
x31 <- 0x0A29047D5B4205D4

mem[X,0x0000000080001220] -> 0x3823
mem[X,0x0000000080001222] -> 0x0FF2
[1165] [M]: 0x0000000080001220 (0x0FF23823) sd t6, 0xf0(tp)
mem[0x00000000800042E8] <- 0x0A29047D5B4205D4

mem[X,0x0000000080001224] -> 0x0F37
mem[X,0x0000000080001226] -> 0x0006
[1166] [M]: 0x0000000080001224 (0x00060F37) lui t5, 0x60
x30 <- 0x0000000000060000

mem[X,0x0000000080001228] -> 0x0F13
mem[X,0x000000008000122A] -> 0xFBFF
[1167] [M]: 0x0000000080001228 (0xFBFF0F13) addi t5, t5, -0x41
x30 <- 0x000000000005FFBF

mem[X,0x000000008000122C] -> 0x1F13
mem[X,0x000000008000122E] -> 0x00BF
[1168] [M]: 0x000000008000122C (0x00BF1F13) slli t5, t5, 0xb
x30 <- 0x000000002FFDF800

mem[X,0x0000000080001230] -> 0x0F13
mem[X,0x0000000080001232] -> 0x002F
[1169] [M]: 0x0000000080001230 (0x002F0F13) addi t5, t5, 0x2
x30 <- 0x000000002FFDF802

mem[X,0x0000000080001234] -> 0x1F13
mem[X,0x0000000080001236] -> 0x00BF
[1170] [M]: 0x0000000080001234 (0x00BF1F13) slli t5, t5, 0xb
x30 <- 0x0000017FEFC01000

mem[X,0x0000000080001238] -> 0x0F13
mem[X,0x000000008000123A] -> 0x004F
[1171] [M]: 0x0000000080001238 (0x004F0F13) addi t5, t5, 0x4
x30 <- 0x0000017FEFC01004

mem[X,0x000000008000123C] -> 0x1F13
mem[X,0x000000008000123E] -> 0x00AF
[1172] [M]: 0x000000008000123C (0x00AF1F13) slli t5, t5, 0xa
x30 <- 0x0005FFBF00401000

mem[X,0x0000000080001240] -> 0x0EB7
mem[X,0x0000000080001242] -> 0xFF7F
[1173] [M]: 0x0000000080001240 (0xFF7F0EB7) lui t4, -0x810
x29 <- 0xFFFFFFFFFF7F0000

mem[X,0x0000000080001244] -> 0x8E93
mem[X,0x0000000080001246] -> 0x003E
[1174] [M]: 0x0000000080001244 (0x003E8E93) addi t4, t4, 0x3
x29 <- 0xFFFFFFFFFF7F0003

mem[X,0x0000000080001248] -> 0x9E93
mem[X,0x000000008000124A] -> 0x00BE
[1175] [M]: 0x0000000080001248 (0x00BE9E93) slli t4, t4, 0xb
x29 <- 0xFFFFFFFBF8001800

mem[X,0x000000008000124C] -> 0x8E93
mem[X,0x000000008000124E] -> 0x000E
[1176] [M]: 0x000000008000124C (0x000E8E93) addi t4, t4, 0x0
x29 <- 0xFFFFFFFBF8001800

mem[X,0x0000000080001250] -> 0x9E93
mem[X,0x0000000080001252] -> 0x00BE
[1177] [M]: 0x0000000080001250 (0x00BE9E93) slli t4, t4, 0xb
x29 <- 0xFFFFDFC000C00000

mem[X,0x0000000080001254] -> 0x8E93
mem[X,0x0000000080001256] -> 0x140E
[1178] [M]: 0x0000000080001254 (0x140E8E93) addi t4, t4, 0x140
x29 <- 0xFFFFDFC000C00140

mem[X,0x0000000080001258] -> 0x9E93
mem[X,0x000000008000125A] -> 0x00AE
[1179] [M]: 0x0000000080001258 (0x00AE9E93) slli t4, t4, 0xa
x29 <- 0xFF7F000300050000

mem[X,0x000000008000125C] -> 0x8E93
mem[X,0x000000008000125E] -> 0x002E
[1180] [M]: 0x000000008000125C (0x002E8E93) addi t4, t4, 0x2
x29 <- 0xFF7F000300050002

mem[X,0x0000000080001260] -> 0x7FBB
mem[X,0x0000000080001262] -> 0xADDF
[1181] [M]: 0x0000000080001260 (0xADDF7FBB) pmhaccsu.h.be t6, t5, t4
x31 <- 0x0A29047F5B4205D4

mem[X,0x0000000080001264] -> 0x3C23
mem[X,0x0000000080001266] -> 0x0FF2
[1182] [M]: 0x0000000080001264 (0x0FF23C23) sd t6, 0xf8(tp)
mem[0x00000000800042F0] <- 0x0A29047F5B4205D4

mem[X,0x0000000080001268] -> 0x0F37
mem[X,0x000000008000126A] -> 0xFFC0
[1183] [M]: 0x0000000080001268 (0xFFC00F37) lui t5, -0x400
x30 <- 0xFFFFFFFFFFC00000

mem[X,0x000000008000126C] -> 0x0F13
mem[X,0x000000008000126E] -> 0xDFFF
[1184] [M]: 0x000000008000126C (0xDFFF0F13) addi t5, t5, -0x201
x30 <- 0xFFFFFFFFFFBFFDFF

mem[X,0x0000000080001270] -> 0x1F13
mem[X,0x0000000080001272] -> 0x00BF
[1185] [M]: 0x0000000080001270 (0x00BF1F13) slli t5, t5, 0xb
x30 <- 0xFFFFFFFDFFEFF800

mem[X,0x0000000080001274] -> 0x0F13
mem[X,0x0000000080001276] -> 0x7BFF
[1186] [M]: 0x0000000080001274 (0x7BFF0F13) addi t5, t5, 0x7bf
x30 <- 0xFFFFFFFDFFEFFFBF

mem[X,0x0000000080001278] -> 0x1F13
mem[X,0x000000008000127A] -> 0x00BF
[1187] [M]: 0x0000000080001278 (0x00BF1F13) slli t5, t5, 0xb
x30 <- 0xFFFFEFFF7FFDF800

mem[X,0x000000008000127C] -> 0x0F13
mem[X,0x000000008000127E] -> 0x7C0F
[1188] [M]: 0x000000008000127C (0x7C0F0F13) addi t5, t5, 0x7c0
x30 <- 0xFFFFEFFF7FFDFFC0

mem[X,0x0000000080001280] -> 0x1F13
mem[X,0x0000000080001282] -> 0x00AF
[1189] [M]: 0x0000000080001280 (0x00AF1F13) slli t5, t5, 0xa
x30 <- 0xFFBFFDFFF7FF0000

mem[X,0x0000000080001284] -> 0x0F13
mem[X,0x0000000080001286] -> 0x200F
[1190] [M]: 0x0000000080001284 (0x200F0F13) addi t5, t5, 0x200
x30 <- 0xFFBFFDFFF7FF0200

mem[X,0x0000000080001288] -> 0xFEB7
mem[X,0x000000008000128A] -> 0xEFFF
[1191] [M]: 0x0000000080001288 (0xEFFFFEB7) lui t4, -0x10001
x29 <- 0xFFFFFFFFEFFFF000

mem[X,0x000000008000128C] -> 0x8E93
mem[X,0x000000008000128E] -> 0xFFFE
[1192] [M]: 0x000000008000128C (0xFFFE8E93) addi t4, t4, -0x1
x29 <- 0xFFFFFFFFEFFFEFFF

mem[X,0x0000000080001290] -> 0x9E93
mem[X,0x0000000080001292] -> 0x00BE
[1193] [M]: 0x0000000080001290 (0x00BE9E93) slli t4, t4, 0xb
x29 <- 0xFFFFFF7FFF7FF800

mem[X,0x0000000080001294] -> 0x8E93
mem[X,0x0000000080001296] -> 0x000E
[1194] [M]: 0x0000000080001294 (0x000E8E93) addi t4, t4, 0x0
x29 <- 0xFFFFFF7FFF7FF800

mem[X,0x0000000080001298] -> 0x9E93
mem[X,0x000000008000129A] -> 0x00BE
[1195] [M]: 0x0000000080001298 (0x00BE9E93) slli t4, t4, 0xb
x29 <- 0xFFFBFFFBFFC00000

mem[X,0x000000008000129C] -> 0x8E93
mem[X,0x000000008000129E] -> 0x000E
[1196] [M]: 0x000000008000129C (0x000E8E93) addi t4, t4, 0x0
x29 <- 0xFFFBFFFBFFC00000

mem[X,0x00000000800012A0] -> 0x9E93
mem[X,0x00000000800012A2] -> 0x00AE
[1197] [M]: 0x00000000800012A0 (0x00AE9E93) slli t4, t4, 0xa
x29 <- 0xEFFFEFFF00000000

mem[X,0x00000000800012A4] -> 0x8E93
mem[X,0x00000000800012A6] -> 0x080E
[1198] [M]: 0x00000000800012A4 (0x080E8E93) addi t4, t4, 0x80
x29 <- 0xEFFFEFFF00000080

mem[X,0x00000000800012A8] -> 0x7FBB
mem[X,0x00000000800012AA] -> 0xADDF
[1199] [M]: 0x00000000800012A8 (0xADDF7FBB) pmhaccsu.h.be t6, t5, t4
x31 <- 0x0B27057C5B4205D5

clint::tick mtime <- 0x000000000000000C
 clint timer pending at mtime 0x000000000000000C
htif::tick 0x0000000000000000
mem[X,0x00000000800012AC] -> 0x3023
mem[X,0x00000000800012AE] -> 0x11F2
[1200] [M]: 0x00000000800012AC (0x11F23023) sd t6, 0x100(tp)
mem[0x00000000800042F8] <- 0x0B27057C5B4205D5

mem[X,0x00000000800012B0] -> 0x0F37
mem[X,0x00000000800012B2] -> 0xFFF9
[1201] [M]: 0x00000000800012B0 (0xFFF90F37) lui t5, -0x70
x30 <- 0xFFFFFFFFFFF90000

mem[X,0x00000000800012B4] -> 0x0F13
mem[X,0x00000000800012B6] -> 0xBFFF
[1202] [M]: 0x00000000800012B4 (0xBFFF0F13) addi t5, t5, -0x401
x30 <- 0xFFFFFFFFFFF8FBFF

mem[X,0x00000000800012B8] -> 0x1F13
mem[X,0x00000000800012BA] -> 0x00BF
[1203] [M]: 0x00000000800012B8 (0x00BF1F13) slli t5, t5, 0xb
x30 <- 0xFFFFFFFFC7DFF800

mem[X,0x00000000800012BC] -> 0x0F13
mem[X,0x00000000800012BE] -> 0x7FFF
[1204] [M]: 0x00000000800012BC (0x7FFF0F13) addi t5, t5, 0x7ff
x30 <- 0xFFFFFFFFC7DFFFFF

mem[X,0x00000000800012C0] -> 0x1F13
mem[X,0x00000000800012C2] -> 0x00BF
[1205] [M]: 0x00000000800012C0 (0x00BF1F13) slli t5, t5, 0xb
x30 <- 0xFFFFFE3EFFFFF800

mem[X,0x00000000800012C4] -> 0x0F13
mem[X,0x00000000800012C6] -> 0x708F
[1206] [M]: 0x00000000800012C4 (0x708F0F13) addi t5, t5, 0x708
x30 <- 0xFFFFFE3EFFFFFF08

mem[X,0x00000000800012C8] -> 0x1F13
mem[X,0x00000000800012CA] -> 0x00AF
[1207] [M]: 0x00000000800012C8 (0x00AF1F13) slli t5, t5, 0xa
x30 <- 0xFFF8FBFFFFFC2000

mem[X,0x00000000800012CC] -> 0x4EB7
mem[X,0x00000000800012CE] -> 0xFFF9
[1208] [M]: 0x00000000800012CC (0xFFF94EB7) lui t4, -0x6c
x29 <- 0xFFFFFFFFFFF94000

mem[X,0x00000000800012D0] -> 0x8E93
mem[X,0x00000000800012D2] -> 0xFFFE
[1209] [M]: 0x00000000800012D0 (0xFFFE8E93) addi t4, t4, -0x1
x29 <- 0xFFFFFFFFFFF93FFF

mem[X,0x00000000800012D4] -> 0x9E93
mem[X,0x00000000800012D6] -> 0x00BE
[1210] [M]: 0x00000000800012D4 (0x00BE9E93) slli t4, t4, 0xb
x29 <- 0xFFFFFFFFC9FFF800

mem[X,0x00000000800012D8] -> 0x8E93
mem[X,0x00000000800012DA] -> 0x040E
[1211] [M]: 0x00000000800012D8 (0x040E8E93) addi t4, t4, 0x40
x29 <- 0xFFFFFFFFC9FFF840

mem[X,0x00000000800012DC] -> 0x9E93
mem[X,0x00000000800012DE] -> 0x00BE
[1212] [M]: 0x00000000800012DC (0x00BE9E93) slli t4, t4, 0xb
x29 <- 0xFFFFFE4FFFC20000

mem[X,0x00000000800012E0] -> 0x8E93
mem[X,0x00000000800012E2] -> 0x03FE
[1213] [M]: 0x00000000800012E0 (0x03FE8E93) addi t4, t4, 0x3f
x29 <- 0xFFFFFE4FFFC2003F

mem[X,0x00000000800012E4] -> 0x9E93
mem[X,0x00000000800012E6] -> 0x00AE
[1214] [M]: 0x00000000800012E4 (0x00AE9E93) slli t4, t4, 0xa
x29 <- 0xFFF93FFF0800FC00

mem[X,0x00000000800012E8] -> 0x8E93
mem[X,0x00000000800012EA] -> 0x3FDE
[1215] [M]: 0x00000000800012E8 (0x3FDE8E93) addi t4, t4, 0x3fd
x29 <- 0xFFF93FFF0800FFFD

mem[X,0x00000000800012EC] -> 0x7FBB
mem[X,0x00000000800012EE] -> 0xADDF
[1216] [M]: 0x00000000800012EC (0xADDF7FBB) pmhaccsu.h.be t6, t5, t4
x31 <- 0x0C1F06775B4205F4

mem[X,0x00000000800012F0] -> 0x3423
mem[X,0x00000000800012F2] -> 0x11F2
[1217] [M]: 0x00000000800012F0 (0x11F23423) sd t6, 0x108(tp)
mem[0x0000000080004300] <- 0x0C1F06775B4205F4

mem[X,0x00000000800012F4] -> 0x0F37
mem[X,0x00000000800012F6] -> 0xF7FF
[1218] [M]: 0x00000000800012F4 (0xF7FF0F37) lui t5, -0x8010
x30 <- 0xFFFFFFFFF7FF0000

mem[X,0x00000000800012F8] -> 0x0F13
mem[X,0x00000000800012FA] -> 0x020F
[1219] [M]: 0x00000000800012F8 (0x020F0F13) addi t5, t5, 0x20
x30 <- 0xFFFFFFFFF7FF0020

mem[X,0x00000000800012FC] -> 0x1F13
mem[X,0x00000000800012FE] -> 0x00BF
[1220] [M]: 0x00000000800012FC (0x00BF1F13) slli t5, t5, 0xb
x30 <- 0xFFFFFFBFF8010000

mem[X,0x0000000080001300] -> 0x0F13
mem[X,0x0000000080001302] -> 0x7EFF
[1221] [M]: 0x0000000080001300 (0x7EFF0F13) addi t5, t5, 0x7ef
x30 <- 0xFFFFFFBFF80107EF

mem[X,0x0000000080001304] -> 0x1F13
mem[X,0x0000000080001306] -> 0x00BF
[1222] [M]: 0x0000000080001304 (0x00BF1F13) slli t5, t5, 0xb
x30 <- 0xFFFDFFC0083F7800

mem[X,0x0000000080001308] -> 0x0F13
mem[X,0x000000008000130A] -> 0x7DFF
[1223] [M]: 0x0000000080001308 (0x7DFF0F13) addi t5, t5, 0x7df
x30 <- 0xFFFDFFC0083F7FDF

mem[X,0x000000008000130C] -> 0x1F13
mem[X,0x000000008000130E] -> 0x00AF
[1224] [M]: 0x000000008000130C (0x00AF1F13) slli t5, t5, 0xa
x30 <- 0xF7FF0020FDFF7C00

mem[X,0x0000000080001310] -> 0x0F13
mem[X,0x0000000080001312] -> 0x3FFF
[1225] [M]: 0x0000000080001310 (0x3FFF0F13) addi t5, t5, 0x3ff
x30 <- 0xF7FF0020FDFF7FFF

mem[X,0x0000000080001314] -> 0x0EB7
mem[X,0x0000000080001316] -> 0xBFFF
[1226] [M]: 0x0000000080001314 (0xBFFF0EB7) lui t4, -0x40010
x29 <- 0xFFFFFFFFBFFF0000

mem[X,0x0000000080001318] -> 0x8E93
mem[X,0x000000008000131A] -> 0x001E
[1227] [M]: 0x0000000080001318 (0x001E8E93) addi t4, t4, 0x1
x29 <- 0xFFFFFFFFBFFF0001

mem[X,0x000000008000131C] -> 0x9E93
mem[X,0x000000008000131E] -> 0x00BE
[1228] [M]: 0x000000008000131C (0x00BE9E93) slli t4, t4, 0xb
x29 <- 0xFFFFFDFFF8000800

mem[X,0x0000000080001320] -> 0x8E93
mem[X,0x0000000080001322] -> 0x7FFE
[1229] [M]: 0x0000000080001320 (0x7FFE8E93) addi t4, t4, 0x7ff
x29 <- 0xFFFFFDFFF8000FFF

mem[X,0x0000000080001324] -> 0x9E93
mem[X,0x0000000080001326] -> 0x00BE
[1230] [M]: 0x0000000080001324 (0x00BE9E93) slli t4, t4, 0xb
x29 <- 0xFFEFFFC0007FF800

mem[X,0x0000000080001328] -> 0x8E93
mem[X,0x000000008000132A] -> 0x7FFE
[1231] [M]: 0x0000000080001328 (0x7FFE8E93) addi t4, t4, 0x7ff
x29 <- 0xFFEFFFC0007FFFFF

mem[X,0x000000008000132C] -> 0x9E93
mem[X,0x000000008000132E] -> 0x00AE
[1232] [M]: 0x000000008000132C (0x00AE9E93) slli t4, t4, 0xa
x29 <- 0xBFFF0001FFFFFC00

mem[X,0x0000000080001330] -> 0x8E93
mem[X,0x0000000080001332] -> 0x3F7E
[1233] [M]: 0x0000000080001330 (0x3F7E8E93) addi t4, t4, 0x3f7
x29 <- 0xBFFF0001FFFFFFF7

mem[X,0x0000000080001334] -> 0x7FBB
mem[X,0x0000000080001336] -> 0xADDF
[1234] [M]: 0x0000000080001334 (0xADDF7FBB) pmhaccsu.h.be t6, t5, t4
x31 <- 0x0D1606775C3F066F

mem[X,0x0000000080001338] -> 0x3823
mem[X,0x000000008000133A] -> 0x11F2
[1235] [M]: 0x0000000080001338 (0x11F23823) sd t6, 0x110(tp)
mem[0x0000000080004308] <- 0x0D1606775C3F066F

mem[X,0x000000008000133C] -> 0x0F37
mem[X,0x000000008000133E] -> 0x4001
[1236] [M]: 0x000000008000133C (0x40010F37) lui t5, 0x40010
x30 <- 0x0000000040010000

mem[X,0x0000000080001340] -> 0x0F13
mem[X,0x0000000080001342] -> 0xFFDF
[1237] [M]: 0x0000000080001340 (0xFFDF0F13) addi t5, t5, -0x3
x30 <- 0x000000004000FFFD

mem[X,0x0000000080001344] -> 0x1F13
mem[X,0x0000000080001346] -> 0x00BF
[1238] [M]: 0x0000000080001344 (0x00BF1F13) slli t5, t5, 0xb
x30 <- 0x0000020007FFE800

mem[X,0x0000000080001348] -> 0x0F13
mem[X,0x000000008000134A] -> 0x7DFF
[1239] [M]: 0x0000000080001348 (0x7DFF0F13) addi t5, t5, 0x7df
x30 <- 0x0000020007FFEFDF

mem[X,0x000000008000134C] -> 0x1F13
mem[X,0x000000008000134E] -> 0x00BF
[1240] [M]: 0x000000008000134C (0x00BF1F13) slli t5, t5, 0xb
x30 <- 0x0010003FFF7EF800

mem[X,0x0000000080001350] -> 0x0F13
mem[X,0x0000000080001352] -> 0x7FFF
[1241] [M]: 0x0000000080001350 (0x7FFF0F13) addi t5, t5, 0x7ff
x30 <- 0x0010003FFF7EFFFF

mem[X,0x0000000080001354] -> 0x1F13
mem[X,0x0000000080001356] -> 0x00AF
[1242] [M]: 0x0000000080001354 (0x00AF1F13) slli t5, t5, 0xa
x30 <- 0x4000FFFDFBFFFC00

mem[X,0x0000000080001358] -> 0x0F13
mem[X,0x000000008000135A] -> 0x37FF
[1243] [M]: 0x0000000080001358 (0x37FF0F13) addi t5, t5, 0x37f
x30 <- 0x4000FFFDFBFFFF7F

mem[X,0x000000008000135C] -> 0x0EB7
mem[X,0x000000008000135E] -> 0x0002
[1244] [M]: 0x000000008000135C (0x00020EB7) lui t4, 0x20
x29 <- 0x0000000000020000

mem[X,0x0000000080001360] -> 0x8E93
mem[X,0x0000000080001362] -> 0xFFAE
[1245] [M]: 0x0000000080001360 (0xFFAE8E93) addi t4, t4, -0x6
x29 <- 0x000000000001FFFA

mem[X,0x0000000080001364] -> 0x9E93
mem[X,0x0000000080001366] -> 0x00BE
[1246] [M]: 0x0000000080001364 (0x00BE9E93) slli t4, t4, 0xb
x29 <- 0x000000000FFFD000

mem[X,0x0000000080001368] -> 0x8E93
mem[X,0x000000008000136A] -> 0x7FBE
[1247] [M]: 0x0000000080001368 (0x7FBE8E93) addi t4, t4, 0x7fb
x29 <- 0x000000000FFFD7FB

mem[X,0x000000008000136C] -> 0x9E93
mem[X,0x000000008000136E] -> 0x00BE
[1248] [M]: 0x000000008000136C (0x00BE9E93) slli t4, t4, 0xb
x29 <- 0x0000007FFEBFD800

mem[X,0x0000000080001370] -> 0x8E93
mem[X,0x0000000080001372] -> 0x7FFE
[1249] [M]: 0x0000000080001370 (0x7FFE8E93) addi t4, t4, 0x7ff
x29 <- 0x0000007FFEBFDFFF

mem[X,0x0000000080001374] -> 0x9E93
mem[X,0x0000000080001376] -> 0x00AE
[1250] [M]: 0x0000000080001374 (0x00AE9E93) slli t4, t4, 0xa
x29 <- 0x0001FFFAFF7FFC00

mem[X,0x0000000080001378] -> 0x8E93
mem[X,0x000000008000137A] -> 0x3EFE
[1251] [M]: 0x0000000080001378 (0x3EFE8E93) addi t4, t4, 0x3ef
x29 <- 0x0001FFFAFF7FFFEF

mem[X,0x000000008000137C] -> 0x7FBB
mem[X,0x000000008000137E] -> 0xADDF
[1252] [M]: 0x000000008000137C (0xADDF7FBB) pmhaccsu.h.be t6, t5, t4
x31 <- 0x0D1607705CBC075D

mem[X,0x0000000080001380] -> 0x3C23
mem[X,0x0000000080001382] -> 0x11F2
[1253] [M]: 0x0000000080001380 (0x11F23C23) sd t6, 0x118(tp)
mem[0x0000000080004310] <- 0x0D1607705CBC075D

mem[X,0x0000000080001384] -> 0x0F37
mem[X,0x0000000080001386] -> 0x0000
[1254] [M]: 0x0000000080001384 (0x00000F37) lui t5, 0x0
x30 <- 0x0000000000000000

mem[X,0x0000000080001388] -> 0x0F13
mem[X,0x000000008000138A] -> 0xFFAF
[1255] [M]: 0x0000000080001388 (0xFFAF0F13) addi t5, t5, -0x6
x30 <- 0xFFFFFFFFFFFFFFFA

mem[X,0x000000008000138C] -> 0x1F13
mem[X,0x000000008000138E] -> 0x00BF
[1256] [M]: 0x000000008000138C (0x00BF1F13) slli t5, t5, 0xb
x30 <- 0xFFFFFFFFFFFFD000

mem[X,0x0000000080001390] -> 0x0F13
mem[X,0x0000000080001392] -> 0x000F
[1257] [M]: 0x0000000080001390 (0x000F0F13) addi t5, t5, 0x0
x30 <- 0xFFFFFFFFFFFFD000

mem[X,0x0000000080001394] -> 0x1F13
mem[X,0x0000000080001396] -> 0x00BF
[1258] [M]: 0x0000000080001394 (0x00BF1F13) slli t5, t5, 0xb
x30 <- 0xFFFFFFFFFE800000

mem[X,0x0000000080001398] -> 0x0F13
mem[X,0x000000008000139A] -> 0x200F
[1259] [M]: 0x0000000080001398 (0x200F0F13) addi t5, t5, 0x200
x30 <- 0xFFFFFFFFFE800200

mem[X,0x000000008000139C] -> 0x1F13
mem[X,0x000000008000139E] -> 0x00AF
[1260] [M]: 0x000000008000139C (0x00AF1F13) slli t5, t5, 0xa
x30 <- 0xFFFFFFFA00080000

mem[X,0x00000000800013A0] -> 0x0F13
mem[X,0x00000000800013A2] -> 0x040F
[1261] [M]: 0x00000000800013A0 (0x040F0F13) addi t5, t5, 0x40
x30 <- 0xFFFFFFFA00080040

mem[X,0x00000000800013A4] -> 0x0EB7
mem[X,0x00000000800013A6] -> 0x5555
[1262] [M]: 0x00000000800013A4 (0x55550EB7) lui t4, 0x55550
x29 <- 0x0000000055550000

mem[X,0x00000000800013A8] -> 0x8E93
mem[X,0x00000000800013AA] -> 0x400E
[1263] [M]: 0x00000000800013A8 (0x400E8E93) addi t4, t4, 0x400
x29 <- 0x0000000055550400

mem[X,0x00000000800013AC] -> 0x9E93
mem[X,0x00000000800013AE] -> 0x00BE
[1264] [M]: 0x00000000800013AC (0x00BE9E93) slli t4, t4, 0xb
x29 <- 0x000002AAA8200000

mem[X,0x00000000800013B0] -> 0x8E93
mem[X,0x00000000800013B2] -> 0x000E
[1265] [M]: 0x00000000800013B0 (0x000E8E93) addi t4, t4, 0x0
x29 <- 0x000002AAA8200000

mem[X,0x00000000800013B4] -> 0x9E93
mem[X,0x00000000800013B6] -> 0x00BE
[1266] [M]: 0x00000000800013B4 (0x00BE9E93) slli t4, t4, 0xb
x29 <- 0x0015554100000000

mem[X,0x00000000800013B8] -> 0x8E93
mem[X,0x00000000800013BA] -> 0x1F7E
[1267] [M]: 0x00000000800013B8 (0x1F7E8E93) addi t4, t4, 0x1f7
x29 <- 0x00155541000001F7

mem[X,0x00000000800013BC] -> 0x9E93
mem[X,0x00000000800013BE] -> 0x00AE
[1268] [M]: 0x00000000800013BC (0x00AE9E93) slli t4, t4, 0xa
x29 <- 0x555504000007DC00

mem[X,0x00000000800013C0] -> 0x8E93
mem[X,0x00000000800013C2] -> 0x3FFE
[1269] [M]: 0x00000000800013C0 (0x3FFE8E93) addi t4, t4, 0x3ff
x29 <- 0x555504000007DFFF

mem[X,0x00000000800013C4] -> 0x7FBB
mem[X,0x00000000800013C6] -> 0xADDF
[1270] [M]: 0x00000000800013C4 (0xADDF7FBB) pmhaccsu.h.be t6, t5, t4
x31 <- 0x0D6A07705CBC075D

mem[X,0x00000000800013C8] -> 0x3023
mem[X,0x00000000800013CA] -> 0x13F2
[1271] [M]: 0x00000000800013C8 (0x13F23023) sd t6, 0x120(tp)
mem[0x0000000080004318] <- 0x0D6A07705CBC075D

mem[X,0x00000000800013CC] -> 0xFF37
mem[X,0x00000000800013CE] -> 0xFFFD
[1272] [M]: 0x00000000800013CC (0xFFFDFF37) lui t5, -0x21
x30 <- 0xFFFFFFFFFFFDF000

mem[X,0x00000000800013D0] -> 0x0F13
mem[X,0x00000000800013D2] -> 0xFFFF
[1273] [M]: 0x00000000800013D0 (0xFFFF0F13) addi t5, t5, -0x1
x30 <- 0xFFFFFFFFFFFDEFFF

mem[X,0x00000000800013D4] -> 0x1F13
mem[X,0x00000000800013D6] -> 0x00BF
[1274] [M]: 0x00000000800013D4 (0x00BF1F13) slli t5, t5, 0xb
x30 <- 0xFFFFFFFFEF7FF800

mem[X,0x00000000800013D8] -> 0x0F13
mem[X,0x00000000800013DA] -> 0x7DFF
[1275] [M]: 0x00000000800013D8 (0x7DFF0F13) addi t5, t5, 0x7df
x30 <- 0xFFFFFFFFEF7FFFDF

mem[X,0x00000000800013DC] -> 0x1F13
mem[X,0x00000000800013DE] -> 0x00BF
[1276] [M]: 0x00000000800013DC (0x00BF1F13) slli t5, t5, 0xb
x30 <- 0xFFFFFF7BFFFEF800

mem[X,0x00000000800013E0] -> 0x0F13
mem[X,0x00000000800013E2] -> 0x7D0F
[1277] [M]: 0x00000000800013E0 (0x7D0F0F13) addi t5, t5, 0x7d0
x30 <- 0xFFFFFF7BFFFEFFD0

mem[X,0x00000000800013E4] -> 0x1F13
mem[X,0x00000000800013E6] -> 0x00AF
[1278] [M]: 0x00000000800013E4 (0x00AF1F13) slli t5, t5, 0xa
x30 <- 0xFFFDEFFFFBFF4000

mem[X,0x00000000800013E8] -> 0x0EB7
mem[X,0x00000000800013EA] -> 0x0005
[1279] [M]: 0x00000000800013E8 (0x00050EB7) lui t4, 0x50
x29 <- 0x0000000000050000

mem[X,0x00000000800013EC] -> 0x8E93
mem[X,0x00000000800013EE] -> 0x100E
[1280] [M]: 0x00000000800013EC (0x100E8E93) addi t4, t4, 0x100
x29 <- 0x0000000000050100

mem[X,0x00000000800013F0] -> 0x9E93
mem[X,0x00000000800013F2] -> 0x00BE
[1281] [M]: 0x00000000800013F0 (0x00BE9E93) slli t4, t4, 0xb
x29 <- 0x0000000028080000

mem[X,0x00000000800013F4] -> 0x8E93
mem[X,0x00000000800013F6] -> 0x7FEE
[1282] [M]: 0x00000000800013F4 (0x7FEE8E93) addi t4, t4, 0x7fe
x29 <- 0x00000000280807FE

mem[X,0x00000000800013F8] -> 0x9E93
mem[X,0x00000000800013FA] -> 0x00BE
[1283] [M]: 0x00000000800013F8 (0x00BE9E93) slli t4, t4, 0xb
x29 <- 0x00000140403FF000

mem[X,0x00000000800013FC] -> 0x8E93
mem[X,0x00000000800013FE] -> 0x7FDE
[1284] [M]: 0x00000000800013FC (0x7FDE8E93) addi t4, t4, 0x7fd
x29 <- 0x00000140403FF7FD

mem[X,0x0000000080001400] -> 0x9E93
mem[X,0x0000000080001402] -> 0x00AE
[1285] [M]: 0x0000000080001400 (0x00AE9E93) slli t4, t4, 0xa
x29 <- 0x00050100FFDFF400

mem[X,0x0000000080001404] -> 0x8E93
mem[X,0x0000000080001406] -> 0x3FFE
[1286] [M]: 0x0000000080001404 (0x3FFE8E93) addi t4, t4, 0x3ff
x29 <- 0x00050100FFDFF7FF

mem[X,0x0000000080001408] -> 0x7FBB
mem[X,0x000000008000140A] -> 0xADDF
[1287] [M]: 0x0000000080001408 (0xADDF7FBB) pmhaccsu.h.be t6, t5, t4
x31 <- 0x0D6E07705D97079C

mem[X,0x000000008000140C] -> 0x3423
mem[X,0x000000008000140E] -> 0x13F2
[1288] [M]: 0x000000008000140C (0x13F23423) sd t6, 0x128(tp)
mem[0x0000000080004320] <- 0x0D6E07705D97079C

mem[X,0x0000000080001410] -> 0x0F37
mem[X,0x0000000080001412] -> 0xC000
[1289] [M]: 0x0000000080001410 (0xC0000F37) lui t5, -0x40000
x30 <- 0xFFFFFFFFC0000000

mem[X,0x0000000080001414] -> 0x0F13
mem[X,0x0000000080001416] -> 0xFF8F
[1290] [M]: 0x0000000080001414 (0xFF8F0F13) addi t5, t5, -0x8
x30 <- 0xFFFFFFFFBFFFFFF8

mem[X,0x0000000080001418] -> 0x1F13
mem[X,0x000000008000141A] -> 0x00BF
[1291] [M]: 0x0000000080001418 (0x00BF1F13) slli t5, t5, 0xb
x30 <- 0xFFFFFDFFFFFFC000

mem[X,0x000000008000141C] -> 0x0F13
mem[X,0x000000008000141E] -> 0x004F
[1292] [M]: 0x000000008000141C (0x004F0F13) addi t5, t5, 0x4
x30 <- 0xFFFFFDFFFFFFC004

mem[X,0x0000000080001420] -> 0x1F13
mem[X,0x0000000080001422] -> 0x00BF
[1293] [M]: 0x0000000080001420 (0x00BF1F13) slli t5, t5, 0xb
x30 <- 0xFFEFFFFFFE002000

mem[X,0x0000000080001424] -> 0x0F13
mem[X,0x0000000080001426] -> 0x001F
[1294] [M]: 0x0000000080001424 (0x001F0F13) addi t5, t5, 0x1
x30 <- 0xFFEFFFFFFE002001

mem[X,0x0000000080001428] -> 0x1F13
mem[X,0x000000008000142A] -> 0x00AF
[1295] [M]: 0x0000000080001428 (0x00AF1F13) slli t5, t5, 0xa
x30 <- 0xBFFFFFF800800400

mem[X,0x000000008000142C] -> 0x0EB7
mem[X,0x000000008000142E] -> 0xFFF6
[1296] [M]: 0x000000008000142C (0xFFF60EB7) lui t4, -0xa0
x29 <- 0xFFFFFFFFFFF60000

mem[X,0x0000000080001430] -> 0x8E93
mem[X,0x0000000080001432] -> 0x020E
[1297] [M]: 0x0000000080001430 (0x020E8E93) addi t4, t4, 0x20
x29 <- 0xFFFFFFFFFFF60020

mem[X,0x0000000080001434] -> 0x9E93
mem[X,0x0000000080001436] -> 0x00BE
[1298] [M]: 0x0000000080001434 (0x00BE9E93) slli t4, t4, 0xb
x29 <- 0xFFFFFFFFB0010000

mem[X,0x0000000080001438] -> 0x8E93
mem[X,0x000000008000143A] -> 0x002E
[1299] [M]: 0x0000000080001438 (0x002E8E93) addi t4, t4, 0x2
x29 <- 0xFFFFFFFFB0010002

clint::tick mtime <- 0x000000000000000D
 clint timer pending at mtime 0x000000000000000D
htif::tick 0x0000000000000000
mem[X,0x000000008000143C] -> 0x9E93
mem[X,0x000000008000143E] -> 0x00BE
[1300] [M]: 0x000000008000143C (0x00BE9E93) slli t4, t4, 0xb
x29 <- 0xFFFFFD8008001000

mem[X,0x0000000080001440] -> 0x8E93
mem[X,0x0000000080001442] -> 0x03FE
[1301] [M]: 0x0000000080001440 (0x03FE8E93) addi t4, t4, 0x3f
x29 <- 0xFFFFFD800800103F

mem[X,0x0000000080001444] -> 0x9E93
mem[X,0x0000000080001446] -> 0x00AE
[1302] [M]: 0x0000000080001444 (0x00AE9E93) slli t4, t4, 0xa
x29 <- 0xFFF600200040FC00

mem[X,0x0000000080001448] -> 0x8E93
mem[X,0x000000008000144A] -> 0x3DFE
[1303] [M]: 0x0000000080001448 (0x3DFE8E93) addi t4, t4, 0x3df
x29 <- 0xFFF600200040FFDF

mem[X,0x000000008000144C] -> 0x7FBB
mem[X,0x000000008000144E] -> 0xADDF
[1304] [M]: 0x000000008000144C (0xADDF7FBB) pmhaccsu.h.be t6, t5, t4
x31 <- 0x0E26078F5D97079F

mem[X,0x0000000080001450] -> 0x3823
mem[X,0x0000000080001452] -> 0x13F2
[1305] [M]: 0x0000000080001450 (0x13F23823) sd t6, 0x130(tp)
mem[0x0000000080004328] <- 0x0E26078F5D97079F

mem[X,0x0000000080001454] -> 0x0F37
mem[X,0x0000000080001456] -> 0x0081
[1306] [M]: 0x0000000080001454 (0x00810F37) lui t5, 0x810
x30 <- 0x0000000000810000

mem[X,0x0000000080001458] -> 0x0F13
mem[X,0x000000008000145A] -> 0xFFBF
[1307] [M]: 0x0000000080001458 (0xFFBF0F13) addi t5, t5, -0x5
x30 <- 0x000000000080FFFB

mem[X,0x000000008000145C] -> 0x1F13
mem[X,0x000000008000145E] -> 0x00BF
[1308] [M]: 0x000000008000145C (0x00BF1F13) slli t5, t5, 0xb
x30 <- 0x0000000407FFD800

mem[X,0x0000000080001460] -> 0x0F13
mem[X,0x0000000080001462] -> 0x080F
[1309] [M]: 0x0000000080001460 (0x080F0F13) addi t5, t5, 0x80
x30 <- 0x0000000407FFD880

mem[X,0x0000000080001464] -> 0x1F13
mem[X,0x0000000080001466] -> 0x00BF
[1310] [M]: 0x0000000080001464 (0x00BF1F13) slli t5, t5, 0xb
x30 <- 0x0000203FFEC40000

mem[X,0x0000000080001468] -> 0x0F13
mem[X,0x000000008000146A] -> 0x03FF
[1311] [M]: 0x0000000080001468 (0x03FF0F13) addi t5, t5, 0x3f
x30 <- 0x0000203FFEC4003F

mem[X,0x000000008000146C] -> 0x1F13
mem[X,0x000000008000146E] -> 0x00AF
[1312] [M]: 0x000000008000146C (0x00AF1F13) slli t5, t5, 0xa
x30 <- 0x0080FFFB1000FC00

mem[X,0x0000000080001470] -> 0x0F13
mem[X,0x0000000080001472] -> 0x3F6F
[1313] [M]: 0x0000000080001470 (0x3F6F0F13) addi t5, t5, 0x3f6
x30 <- 0x0080FFFB1000FFF6

mem[X,0x0000000080001474] -> 0x0EB7
mem[X,0x0000000080001476] -> 0x0002
[1314] [M]: 0x0000000080001474 (0x00020EB7) lui t4, 0x20
x29 <- 0x0000000000020000

mem[X,0x0000000080001478] -> 0x8E93
mem[X,0x000000008000147A] -> 0xFEFE
[1315] [M]: 0x0000000080001478 (0xFEFE8E93) addi t4, t4, -0x11
x29 <- 0x000000000001FFEF

mem[X,0x000000008000147C] -> 0x9E93
mem[X,0x000000008000147E] -> 0x00BE
[1316] [M]: 0x000000008000147C (0x00BE9E93) slli t4, t4, 0xb
x29 <- 0x000000000FFF7800

mem[X,0x0000000080001480] -> 0x8E93
mem[X,0x0000000080001482] -> 0x000E
[1317] [M]: 0x0000000080001480 (0x000E8E93) addi t4, t4, 0x0
x29 <- 0x000000000FFF7800

mem[X,0x0000000080001484] -> 0x9E93
mem[X,0x0000000080001486] -> 0x00BE
[1318] [M]: 0x0000000080001484 (0x00BE9E93) slli t4, t4, 0xb
x29 <- 0x0000007FFBC00000

mem[X,0x0000000080001488] -> 0x8E93
mem[X,0x000000008000148A] -> 0x0EAE
[1319] [M]: 0x0000000080001488 (0x0EAE8E93) addi t4, t4, 0xea
x29 <- 0x0000007FFBC000EA

mem[X,0x000000008000148C] -> 0x9E93
mem[X,0x000000008000148E] -> 0x00AE
[1320] [M]: 0x000000008000148C (0x00AE9E93) slli t4, t4, 0xa
x29 <- 0x0001FFEF0003A800

mem[X,0x0000000080001490] -> 0x8E93
mem[X,0x0000000080001492] -> 0x2AAE
[1321] [M]: 0x0000000080001490 (0x2AAE8E93) addi t4, t4, 0x2aa
x29 <- 0x0001FFEF0003AAAA

mem[X,0x0000000080001494] -> 0x7FBB
mem[X,0x0000000080001496] -> 0xADDF
[1322] [M]: 0x0000000080001494 (0xADDF7FBB) pmhaccsu.h.be t6, t5, t4
x31 <- 0x0E26087D5D970848

mem[X,0x0000000080001498] -> 0x3C23
mem[X,0x000000008000149A] -> 0x13F2
[1323] [M]: 0x0000000080001498 (0x13F23C23) sd t6, 0x138(tp)
mem[0x0000000080004330] <- 0x0E26087D5D970848

mem[X,0x000000008000149C] -> 0x0F37
mem[X,0x000000008000149E] -> 0xFFF6
[1324] [M]: 0x000000008000149C (0xFFF60F37) lui t5, -0xa0
x30 <- 0xFFFFFFFFFFF60000

mem[X,0x00000000800014A0] -> 0x0F13
mem[X,0x00000000800014A2] -> 0x006F
[1325] [M]: 0x00000000800014A0 (0x006F0F13) addi t5, t5, 0x6
x30 <- 0xFFFFFFFFFFF60006

mem[X,0x00000000800014A4] -> 0x1F13
mem[X,0x00000000800014A6] -> 0x00BF
[1326] [M]: 0x00000000800014A4 (0x00BF1F13) slli t5, t5, 0xb
x30 <- 0xFFFFFFFFB0003000

mem[X,0x00000000800014A8] -> 0x0F13
mem[X,0x00000000800014AA] -> 0x000F
[1327] [M]: 0x00000000800014A8 (0x000F0F13) addi t5, t5, 0x0
x30 <- 0xFFFFFFFFB0003000

mem[X,0x00000000800014AC] -> 0x1F13
mem[X,0x00000000800014AE] -> 0x00BF
[1328] [M]: 0x00000000800014AC (0x00BF1F13) slli t5, t5, 0xb
x30 <- 0xFFFFFD8001800000

mem[X,0x00000000800014B0] -> 0x0F13
mem[X,0x00000000800014B2] -> 0x07BF
[1329] [M]: 0x00000000800014B0 (0x07BF0F13) addi t5, t5, 0x7b
x30 <- 0xFFFFFD800180007B

mem[X,0x00000000800014B4] -> 0x1F13
mem[X,0x00000000800014B6] -> 0x00AF
[1330] [M]: 0x00000000800014B4 (0x00AF1F13) slli t5, t5, 0xa
x30 <- 0xFFF600060001EC00

mem[X,0x00000000800014B8] -> 0x0F13
mem[X,0x00000000800014BA] -> 0x3FFF
[1331] [M]: 0x00000000800014B8 (0x3FFF0F13) addi t5, t5, 0x3ff
x30 <- 0xFFF600060001EFFF

mem[X,0x00000000800014BC] -> 0x5EB7
mem[X,0x00000000800014BE] -> 0x0002
[1332] [M]: 0x00000000800014BC (0x00025EB7) lui t4, 0x25
x29 <- 0x0000000000025000

mem[X,0x00000000800014C0] -> 0x8E93
mem[X,0x00000000800014C2] -> 0x555E
[1333] [M]: 0x00000000800014C0 (0x555E8E93) addi t4, t4, 0x555
x29 <- 0x0000000000025555

mem[X,0x00000000800014C4] -> 0x9E93
mem[X,0x00000000800014C6] -> 0x00BE
[1334] [M]: 0x00000000800014C4 (0x00BE9E93) slli t4, t4, 0xb
x29 <- 0x0000000012AAA800

mem[X,0x00000000800014C8] -> 0x8E93
mem[X,0x00000000800014CA] -> 0x3FFE
[1335] [M]: 0x00000000800014C8 (0x3FFE8E93) addi t4, t4, 0x3ff
x29 <- 0x0000000012AAABFF

mem[X,0x00000000800014CC] -> 0x9E93
mem[X,0x00000000800014CE] -> 0x00BE
[1336] [M]: 0x00000000800014CC (0x00BE9E93) slli t4, t4, 0xb
x29 <- 0x00000095555FF800

mem[X,0x00000000800014D0] -> 0x8E93
mem[X,0x00000000800014D2] -> 0x7F0E
[1337] [M]: 0x00000000800014D0 (0x7F0E8E93) addi t4, t4, 0x7f0
x29 <- 0x00000095555FFFF0

mem[X,0x00000000800014D4] -> 0x9E93
mem[X,0x00000000800014D6] -> 0x00AE
[1338] [M]: 0x00000000800014D4 (0x00AE9E93) slli t4, t4, 0xa
x29 <- 0x000255557FFFC000

mem[X,0x00000000800014D8] -> 0x7FBB
mem[X,0x00000000800014DA] -> 0xADDF
[1339] [M]: 0x00000000800014D8 (0xADDF7FBB) pmhaccsu.h.be t6, t5, t4
x31 <- 0x0E27087D5D970848

mem[X,0x00000000800014DC] -> 0x3023
mem[X,0x00000000800014DE] -> 0x15F2
[1340] [M]: 0x00000000800014DC (0x15F23023) sd t6, 0x140(tp)
mem[0x0000000080004338] <- 0x0E27087D5D970848

mem[X,0x00000000800014E0] -> 0x0F37
mem[X,0x00000000800014E2] -> 0x0002
[1341] [M]: 0x00000000800014E0 (0x00020F37) lui t5, 0x20
x30 <- 0x0000000000020000

mem[X,0x00000000800014E4] -> 0x0F13
mem[X,0x00000000800014E6] -> 0x003F
[1342] [M]: 0x00000000800014E4 (0x003F0F13) addi t5, t5, 0x3
x30 <- 0x0000000000020003

mem[X,0x00000000800014E8] -> 0x1F13
mem[X,0x00000000800014EA] -> 0x00BF
[1343] [M]: 0x00000000800014E8 (0x00BF1F13) slli t5, t5, 0xb
x30 <- 0x0000000010001800

mem[X,0x00000000800014EC] -> 0x0F13
mem[X,0x00000000800014EE] -> 0x7DFF
[1344] [M]: 0x00000000800014EC (0x7DFF0F13) addi t5, t5, 0x7df
x30 <- 0x0000000010001FDF

mem[X,0x00000000800014F0] -> 0x1F13
mem[X,0x00000000800014F2] -> 0x00BF
[1345] [M]: 0x00000000800014F0 (0x00BF1F13) slli t5, t5, 0xb
x30 <- 0x0000008000FEF800

mem[X,0x00000000800014F4] -> 0x0F13
mem[X,0x00000000800014F6] -> 0x7C0F
[1346] [M]: 0x00000000800014F4 (0x7C0F0F13) addi t5, t5, 0x7c0
x30 <- 0x0000008000FEFFC0

mem[X,0x00000000800014F8] -> 0x1F13
mem[X,0x00000000800014FA] -> 0x00AF
[1347] [M]: 0x00000000800014F8 (0x00AF1F13) slli t5, t5, 0xa
x30 <- 0x00020003FBFF0000

mem[X,0x00000000800014FC] -> 0x0F13
mem[X,0x00000000800014FE] -> 0x020F
[1348] [M]: 0x00000000800014FC (0x020F0F13) addi t5, t5, 0x20
x30 <- 0x00020003FBFF0020

mem[X,0x0000000080001500] -> 0x0EB7
mem[X,0x0000000080001502] -> 0x0100
[1349] [M]: 0x0000000080001500 (0x01000EB7) lui t4, 0x1000
x29 <- 0x0000000001000000

mem[X,0x0000000080001504] -> 0x8E93
mem[X,0x0000000080001506] -> 0x000E
[1350] [M]: 0x0000000080001504 (0x000E8E93) addi t4, t4, 0x0
x29 <- 0x0000000001000000

mem[X,0x0000000080001508] -> 0x9E93
mem[X,0x000000008000150A] -> 0x00BE
[1351] [M]: 0x0000000080001508 (0x00BE9E93) slli t4, t4, 0xb
x29 <- 0x0000000800000000

mem[X,0x000000008000150C] -> 0x8E93
mem[X,0x000000008000150E] -> 0x004E
[1352] [M]: 0x000000008000150C (0x004E8E93) addi t4, t4, 0x4
x29 <- 0x0000000800000004

mem[X,0x0000000080001510] -> 0x9E93
mem[X,0x0000000080001512] -> 0x00BE
[1353] [M]: 0x0000000080001510 (0x00BE9E93) slli t4, t4, 0xb
x29 <- 0x0000400000002000

mem[X,0x0000000080001514] -> 0x8E93
mem[X,0x0000000080001516] -> 0x03FE
[1354] [M]: 0x0000000080001514 (0x03FE8E93) addi t4, t4, 0x3f
x29 <- 0x000040000000203F

mem[X,0x0000000080001518] -> 0x9E93
mem[X,0x000000008000151A] -> 0x00AE
[1355] [M]: 0x0000000080001518 (0x00AE9E93) slli t4, t4, 0xa
x29 <- 0x010000000080FC00

mem[X,0x000000008000151C] -> 0x8E93
mem[X,0x000000008000151E] -> 0x3FAE
[1356] [M]: 0x000000008000151C (0x3FAE8E93) addi t4, t4, 0x3fa
x29 <- 0x010000000080FFFA

mem[X,0x0000000080001520] -> 0x7FBB
mem[X,0x0000000080001522] -> 0xADDF
[1357] [M]: 0x0000000080001520 (0xADDF7FBB) pmhaccsu.h.be t6, t5, t4
x31 <- 0x0E27087D5E140848

mem[X,0x0000000080001524] -> 0x3423
mem[X,0x0000000080001526] -> 0x15F2
[1358] [M]: 0x0000000080001524 (0x15F23423) sd t6, 0x148(tp)
mem[0x0000000080004340] <- 0x0E27087D5E140848

mem[X,0x0000000080001528] -> 0x0F37
mem[X,0x000000008000152A] -> 0x1000
[1359] [M]: 0x0000000080001528 (0x10000F37) lui t5, 0x10000
x30 <- 0x0000000010000000

mem[X,0x000000008000152C] -> 0x0F13
mem[X,0x000000008000152E] -> 0x007F
[1360] [M]: 0x000000008000152C (0x007F0F13) addi t5, t5, 0x7
x30 <- 0x0000000010000007

mem[X,0x0000000080001530] -> 0x1F13
mem[X,0x0000000080001532] -> 0x00BF
[1361] [M]: 0x0000000080001530 (0x00BF1F13) slli t5, t5, 0xb
x30 <- 0x0000008000003800

mem[X,0x0000000080001534] -> 0x0F13
mem[X,0x0000000080001536] -> 0x6FFF
[1362] [M]: 0x0000000080001534 (0x6FFF0F13) addi t5, t5, 0x6ff
x30 <- 0x0000008000003EFF

mem[X,0x0000000080001538] -> 0x1F13
mem[X,0x000000008000153A] -> 0x00BF
[1363] [M]: 0x0000000080001538 (0x00BF1F13) slli t5, t5, 0xb
x30 <- 0x0004000001F7F800

mem[X,0x000000008000153C] -> 0x0F13
mem[X,0x000000008000153E] -> 0x7C4F
[1364] [M]: 0x000000008000153C (0x7C4F0F13) addi t5, t5, 0x7c4
x30 <- 0x0004000001F7FFC4

mem[X,0x0000000080001540] -> 0x1F13
mem[X,0x0000000080001542] -> 0x00AF
[1365] [M]: 0x0000000080001540 (0x00AF1F13) slli t5, t5, 0xa
x30 <- 0x10000007DFFF1000

mem[X,0x0000000080001544] -> 0x0EB7
mem[X,0x0000000080001546] -> 0xFC00
[1366] [M]: 0x0000000080001544 (0xFC000EB7) lui t4, -0x4000
x29 <- 0xFFFFFFFFFC000000

mem[X,0x0000000080001548] -> 0x8E93
mem[X,0x000000008000154A] -> 0xFFAE
[1367] [M]: 0x0000000080001548 (0xFFAE8E93) addi t4, t4, -0x6
x29 <- 0xFFFFFFFFFBFFFFFA

mem[X,0x000000008000154C] -> 0x9E93
mem[X,0x000000008000154E] -> 0x00BE
[1368] [M]: 0x000000008000154C (0x00BE9E93) slli t4, t4, 0xb
x29 <- 0xFFFFFFDFFFFFD000

mem[X,0x0000000080001550] -> 0x8E93
mem[X,0x0000000080001552] -> 0x040E
[1369] [M]: 0x0000000080001550 (0x040E8E93) addi t4, t4, 0x40
x29 <- 0xFFFFFFDFFFFFD040

mem[X,0x0000000080001554] -> 0x9E93
mem[X,0x0000000080001556] -> 0x00BE
[1370] [M]: 0x0000000080001554 (0x00BE9E93) slli t4, t4, 0xb
x29 <- 0xFFFEFFFFFE820000

mem[X,0x0000000080001558] -> 0x8E93
mem[X,0x000000008000155A] -> 0x037E
[1371] [M]: 0x0000000080001558 (0x037E8E93) addi t4, t4, 0x37
x29 <- 0xFFFEFFFFFE820037

mem[X,0x000000008000155C] -> 0x9E93
mem[X,0x000000008000155E] -> 0x00AE
[1372] [M]: 0x000000008000155C (0x00AE9E93) slli t4, t4, 0xa
x29 <- 0xFBFFFFFA0800DC00

mem[X,0x0000000080001560] -> 0x8E93
mem[X,0x0000000080001562] -> 0x3FFE
[1373] [M]: 0x0000000080001560 (0x3FFE8E93) addi t4, t4, 0x3ff
x29 <- 0xFBFFFFFA0800DFFF

mem[X,0x0000000080001564] -> 0x7FBB
mem[X,0x0000000080001566] -> 0xADDF
[1374] [M]: 0x0000000080001564 (0xADDF7FBB) pmhaccsu.h.be t6, t5, t4
x31 <- 0x0E36087D5E140857

mem[X,0x0000000080001568] -> 0x3823
mem[X,0x000000008000156A] -> 0x15F2
[1375] [M]: 0x0000000080001568 (0x15F23823) sd t6, 0x150(tp)
mem[0x0000000080004348] <- 0x0E36087D5E140857

mem[X,0x000000008000156C] -> 0x0F37
mem[X,0x000000008000156E] -> 0x0008
[1376] [M]: 0x000000008000156C (0x00080F37) lui t5, 0x80
x30 <- 0x0000000000080000

mem[X,0x0000000080001570] -> 0x0F13
mem[X,0x0000000080001572] -> 0xFEFF
[1377] [M]: 0x0000000080001570 (0xFEFF0F13) addi t5, t5, -0x11
x30 <- 0x000000000007FFEF

mem[X,0x0000000080001574] -> 0x1F13
mem[X,0x0000000080001576] -> 0x00BF
[1378] [M]: 0x0000000080001574 (0x00BF1F13) slli t5, t5, 0xb
x30 <- 0x000000003FFF7800

mem[X,0x0000000080001578] -> 0x0F13
mem[X,0x000000008000157A] -> 0x555F
[1379] [M]: 0x0000000080001578 (0x555F0F13) addi t5, t5, 0x555
x30 <- 0x000000003FFF7D55

mem[X,0x000000008000157C] -> 0x1F13
mem[X,0x000000008000157E] -> 0x00BF
[1380] [M]: 0x000000008000157C (0x00BF1F13) slli t5, t5, 0xb
x30 <- 0x000001FFFBEAA800

mem[X,0x0000000080001580] -> 0x0F13
mem[X,0x0000000080001582] -> 0x2BFF
[1381] [M]: 0x0000000080001580 (0x2BFF0F13) addi t5, t5, 0x2bf
x30 <- 0x000001FFFBEAAABF

mem[X,0x0000000080001584] -> 0x1F13
mem[X,0x0000000080001586] -> 0x00AF
[1382] [M]: 0x0000000080001584 (0x00AF1F13) slli t5, t5, 0xa
x30 <- 0x0007FFEFAAAAFC00

mem[X,0x0000000080001588] -> 0x0F13
mem[X,0x000000008000158A] -> 0x3BFF
[1383] [M]: 0x0000000080001588 (0x3BFF0F13) addi t5, t5, 0x3bf
x30 <- 0x0007FFEFAAAAFFBF

mem[X,0x000000008000158C] -> 0x0EB7
mem[X,0x000000008000158E] -> 0x3FFF
[1384] [M]: 0x000000008000158C (0x3FFF0EB7) lui t4, 0x3fff0
x29 <- 0x000000003FFF0000

mem[X,0x0000000080001590] -> 0x8E93
mem[X,0x0000000080001592] -> 0x009E
[1385] [M]: 0x0000000080001590 (0x009E8E93) addi t4, t4, 0x9
x29 <- 0x000000003FFF0009

mem[X,0x0000000080001594] -> 0x9E93
mem[X,0x0000000080001596] -> 0x00BE
[1386] [M]: 0x0000000080001594 (0x00BE9E93) slli t4, t4, 0xb
x29 <- 0x000001FFF8004800

mem[X,0x0000000080001598] -> 0x8E93
mem[X,0x000000008000159A] -> 0x7FFE
[1387] [M]: 0x0000000080001598 (0x7FFE8E93) addi t4, t4, 0x7ff
x29 <- 0x000001FFF8004FFF

mem[X,0x000000008000159C] -> 0x9E93
mem[X,0x000000008000159E] -> 0x00BE
[1388] [M]: 0x000000008000159C (0x00BE9E93) slli t4, t4, 0xb
x29 <- 0x000FFFC0027FF800

mem[X,0x00000000800015A0] -> 0x8E93
mem[X,0x00000000800015A2] -> 0x59FE
[1389] [M]: 0x00000000800015A0 (0x59FE8E93) addi t4, t4, 0x59f
x29 <- 0x000FFFC0027FFD9F

mem[X,0x00000000800015A4] -> 0x9E93
mem[X,0x00000000800015A6] -> 0x00AE
[1390] [M]: 0x00000000800015A4 (0x00AE9E93) slli t4, t4, 0xa
x29 <- 0x3FFF0009FFF67C00

mem[X,0x00000000800015A8] -> 0x8E93
mem[X,0x00000000800015AA] -> 0x3FFE
[1391] [M]: 0x00000000800015A8 (0x3FFE8E93) addi t4, t4, 0x3ff
x29 <- 0x3FFF0009FFF67FFF

mem[X,0x00000000800015AC] -> 0x7FBB
mem[X,0x00000000800015AE] -> 0xADDF
[1392] [M]: 0x00000000800015AC (0xADDF7FBB) pmhaccsu.h.be t6, t5, t4
x31 <- 0x0E3608855EB70955

mem[X,0x00000000800015B0] -> 0x3C23
mem[X,0x00000000800015B2] -> 0x15F2
[1393] [M]: 0x00000000800015B0 (0x15F23C23) sd t6, 0x158(tp)
mem[0x0000000080004350] <- 0x0E3608855EB70955

mem[X,0x00000000800015B4] -> 0x8F37
mem[X,0x00000000800015B6] -> 0xFFF7
[1394] [M]: 0x00000000800015B4 (0xFFF78F37) lui t5, -0x88
x30 <- 0xFFFFFFFFFFF78000

mem[X,0x00000000800015B8] -> 0x0F13
mem[X,0x00000000800015BA] -> 0x000F
[1395] [M]: 0x00000000800015B8 (0x000F0F13) addi t5, t5, 0x0
x30 <- 0xFFFFFFFFFFF78000

mem[X,0x00000000800015BC] -> 0x1F13
mem[X,0x00000000800015BE] -> 0x00BF
[1396] [M]: 0x00000000800015BC (0x00BF1F13) slli t5, t5, 0xb
x30 <- 0xFFFFFFFFBC000000

mem[X,0x00000000800015C0] -> 0x0F13
mem[X,0x00000000800015C2] -> 0x000F
[1397] [M]: 0x00000000800015C0 (0x000F0F13) addi t5, t5, 0x0
x30 <- 0xFFFFFFFFBC000000

mem[X,0x00000000800015C4] -> 0x1F13
mem[X,0x00000000800015C6] -> 0x00BF
[1398] [M]: 0x00000000800015C4 (0x00BF1F13) slli t5, t5, 0xb
x30 <- 0xFFFFFDE000000000

mem[X,0x00000000800015C8] -> 0x0F13
mem[X,0x00000000800015CA] -> 0x100F
[1399] [M]: 0x00000000800015C8 (0x100F0F13) addi t5, t5, 0x100
x30 <- 0xFFFFFDE000000100

clint::tick mtime <- 0x000000000000000E
 clint timer pending at mtime 0x000000000000000E
htif::tick 0x0000000000000000
mem[X,0x00000000800015CC] -> 0x1F13
mem[X,0x00000000800015CE] -> 0x00AF
[1400] [M]: 0x00000000800015CC (0x00AF1F13) slli t5, t5, 0xa
x30 <- 0xFFF7800000040000

mem[X,0x00000000800015D0] -> 0x0F13
mem[X,0x00000000800015D2] -> 0x007F
[1401] [M]: 0x00000000800015D0 (0x007F0F13) addi t5, t5, 0x7
x30 <- 0xFFF7800000040007

mem[X,0x00000000800015D4] -> 0x8EB7
mem[X,0x00000000800015D6] -> 0x0004
[1402] [M]: 0x00000000800015D4 (0x00048EB7) lui t4, 0x48
x29 <- 0x0000000000048000

mem[X,0x00000000800015D8] -> 0x8E93
mem[X,0x00000000800015DA] -> 0xFFFE
[1403] [M]: 0x00000000800015D8 (0xFFFE8E93) addi t4, t4, -0x1
x29 <- 0x0000000000047FFF

mem[X,0x00000000800015DC] -> 0x9E93
mem[X,0x00000000800015DE] -> 0x00BE
[1404] [M]: 0x00000000800015DC (0x00BE9E93) slli t4, t4, 0xb
x29 <- 0x0000000023FFF800

mem[X,0x00000000800015E0] -> 0x8E93
mem[X,0x00000000800015E2] -> 0x000E
[1405] [M]: 0x00000000800015E0 (0x000E8E93) addi t4, t4, 0x0
x29 <- 0x0000000023FFF800

mem[X,0x00000000800015E4] -> 0x9E93
mem[X,0x00000000800015E6] -> 0x00BE
[1406] [M]: 0x00000000800015E4 (0x00BE9E93) slli t4, t4, 0xb
x29 <- 0x0000011FFFC00000

mem[X,0x00000000800015E8] -> 0x8E93
mem[X,0x00000000800015EA] -> 0x1C0E
[1407] [M]: 0x00000000800015E8 (0x1C0E8E93) addi t4, t4, 0x1c0
x29 <- 0x0000011FFFC001C0

mem[X,0x00000000800015EC] -> 0x9E93
mem[X,0x00000000800015EE] -> 0x00AE
[1408] [M]: 0x00000000800015EC (0x00AE9E93) slli t4, t4, 0xa
x29 <- 0x00047FFF00070000

mem[X,0x00000000800015F0] -> 0x8E93
mem[X,0x00000000800015F2] -> 0x001E
[1409] [M]: 0x00000000800015F0 (0x001E8E93) addi t4, t4, 0x1
x29 <- 0x00047FFF00070001

mem[X,0x00000000800015F4] -> 0x7FBB
mem[X,0x00000000800015F6] -> 0xADDF
[1410] [M]: 0x00000000800015F4 (0xADDF7FBB) pmhaccsu.h.be t6, t5, t4
x31 <- 0x0E3909045EB70955

mem[X,0x00000000800015F8] -> 0x3023
mem[X,0x00000000800015FA] -> 0x17F2
[1411] [M]: 0x00000000800015F8 (0x17F23023) sd t6, 0x160(tp)
mem[0x0000000080004358] <- 0x0E3909045EB70955

mem[X,0x00000000800015FC] -> 0x1F37
mem[X,0x00000000800015FE] -> 0x0008
[1412] [M]: 0x00000000800015FC (0x00081F37) lui t5, 0x81
x30 <- 0x0000000000081000

mem[X,0x0000000080001600] -> 0x0F13
mem[X,0x0000000080001602] -> 0x800F
[1413] [M]: 0x0000000080001600 (0x800F0F13) addi t5, t5, -0x800
x30 <- 0x0000000000080800

mem[X,0x0000000080001604] -> 0x1F13
mem[X,0x0000000080001606] -> 0x00BF
[1414] [M]: 0x0000000080001604 (0x00BF1F13) slli t5, t5, 0xb
x30 <- 0x0000000040400000

mem[X,0x0000000080001608] -> 0x0F13
mem[X,0x000000008000160A] -> 0x000F
[1415] [M]: 0x0000000080001608 (0x000F0F13) addi t5, t5, 0x0
x30 <- 0x0000000040400000

mem[X,0x000000008000160C] -> 0x1F13
mem[X,0x000000008000160E] -> 0x00BF
[1416] [M]: 0x000000008000160C (0x00BF1F13) slli t5, t5, 0xb
x30 <- 0x0000020200000000

mem[X,0x0000000080001610] -> 0x0F13
mem[X,0x0000000080001612] -> 0x23FF
[1417] [M]: 0x0000000080001610 (0x23FF0F13) addi t5, t5, 0x23f
x30 <- 0x000002020000023F

mem[X,0x0000000080001614] -> 0x1F13
mem[X,0x0000000080001616] -> 0x00AF
[1418] [M]: 0x0000000080001614 (0x00AF1F13) slli t5, t5, 0xa
x30 <- 0x000808000008FC00

mem[X,0x0000000080001618] -> 0x0F13
mem[X,0x000000008000161A] -> 0x3FAF
[1419] [M]: 0x0000000080001618 (0x3FAF0F13) addi t5, t5, 0x3fa
x30 <- 0x000808000008FFFA

mem[X,0x000000008000161C] -> 0x0EB7
mem[X,0x000000008000161E] -> 0x0001
[1420] [M]: 0x000000008000161C (0x00010EB7) lui t4, 0x10
x29 <- 0x0000000000010000

mem[X,0x0000000080001620] -> 0x8E93
mem[X,0x0000000080001622] -> 0x000E
[1421] [M]: 0x0000000080001620 (0x000E8E93) addi t4, t4, 0x0
x29 <- 0x0000000000010000

mem[X,0x0000000080001624] -> 0x9E93
mem[X,0x0000000080001626] -> 0x00BE
[1422] [M]: 0x0000000080001624 (0x00BE9E93) slli t4, t4, 0xb
x29 <- 0x0000000008000000

mem[X,0x0000000080001628] -> 0x8E93
mem[X,0x000000008000162A] -> 0x7FFE
[1423] [M]: 0x0000000080001628 (0x7FFE8E93) addi t4, t4, 0x7ff
x29 <- 0x00000000080007FF

mem[X,0x000000008000162C] -> 0x9E93
mem[X,0x000000008000162E] -> 0x00BE
[1424] [M]: 0x000000008000162C (0x00BE9E93) slli t4, t4, 0xb
x29 <- 0x00000040003FF800

mem[X,0x0000000080001630] -> 0x8E93
mem[X,0x0000000080001632] -> 0x5C4E
[1425] [M]: 0x0000000080001630 (0x5C4E8E93) addi t4, t4, 0x5c4
x29 <- 0x00000040003FFDC4

mem[X,0x0000000080001634] -> 0x9E93
mem[X,0x0000000080001636] -> 0x00AE
[1426] [M]: 0x0000000080001634 (0x00AE9E93) slli t4, t4, 0xa
x29 <- 0x00010000FFF71000

mem[X,0x0000000080001638] -> 0x7FBB
mem[X,0x000000008000163A] -> 0xADDF
[1427] [M]: 0x0000000080001638 (0xADDF7FBB) pmhaccsu.h.be t6, t5, t4
x31 <- 0x0E3909045EB70955

mem[X,0x000000008000163C] -> 0x3423
mem[X,0x000000008000163E] -> 0x17F2
[1428] [M]: 0x000000008000163C (0x17F23423) sd t6, 0x168(tp)
mem[0x0000000080004360] <- 0x0E3909045EB70955

mem[X,0x0000000080001640] -> 0x0F37
mem[X,0x0000000080001642] -> 0x0004
[1429] [M]: 0x0000000080001640 (0x00040F37) lui t5, 0x40
x30 <- 0x0000000000040000

mem[X,0x0000000080001644] -> 0x0F13
mem[X,0x0000000080001646] -> 0xFFDF
[1430] [M]: 0x0000000080001644 (0xFFDF0F13) addi t5, t5, -0x3
x30 <- 0x000000000003FFFD

mem[X,0x0000000080001648] -> 0x1F13
mem[X,0x000000008000164A] -> 0x00BF
[1431] [M]: 0x0000000080001648 (0x00BF1F13) slli t5, t5, 0xb
x30 <- 0x000000001FFFE800

mem[X,0x000000008000164C] -> 0x0F13
mem[X,0x000000008000164E] -> 0x7F7F
[1432] [M]: 0x000000008000164C (0x7F7F0F13) addi t5, t5, 0x7f7
x30 <- 0x000000001FFFEFF7

mem[X,0x0000000080001650] -> 0x1F13
mem[X,0x0000000080001652] -> 0x00BF
[1433] [M]: 0x0000000080001650 (0x00BF1F13) slli t5, t5, 0xb
x30 <- 0x000000FFFF7FB800

mem[X,0x0000000080001654] -> 0x0F13
mem[X,0x0000000080001656] -> 0x7C0F
[1434] [M]: 0x0000000080001654 (0x7C0F0F13) addi t5, t5, 0x7c0
x30 <- 0x000000FFFF7FBFC0

mem[X,0x0000000080001658] -> 0x1F13
mem[X,0x000000008000165A] -> 0x00AF
[1435] [M]: 0x0000000080001658 (0x00AF1F13) slli t5, t5, 0xa
x30 <- 0x0003FFFDFEFF0000

mem[X,0x000000008000165C] -> 0x0F13
mem[X,0x000000008000165E] -> 0x100F
[1436] [M]: 0x000000008000165C (0x100F0F13) addi t5, t5, 0x100
x30 <- 0x0003FFFDFEFF0100

mem[X,0x0000000080001660] -> 0x4EB7
mem[X,0x0000000080001662] -> 0xFFF6
[1437] [M]: 0x0000000080001660 (0xFFF64EB7) lui t4, -0x9c
x29 <- 0xFFFFFFFFFFF64000

mem[X,0x0000000080001664] -> 0x8E93
mem[X,0x0000000080001666] -> 0x000E
[1438] [M]: 0x0000000080001664 (0x000E8E93) addi t4, t4, 0x0
x29 <- 0xFFFFFFFFFFF64000

mem[X,0x0000000080001668] -> 0x9E93
mem[X,0x000000008000166A] -> 0x00BE
[1439] [M]: 0x0000000080001668 (0x00BE9E93) slli t4, t4, 0xb
x29 <- 0xFFFFFFFFB2000000

mem[X,0x000000008000166C] -> 0x8E93
mem[X,0x000000008000166E] -> 0x7FFE
[1440] [M]: 0x000000008000166C (0x7FFE8E93) addi t4, t4, 0x7ff
x29 <- 0xFFFFFFFFB20007FF

mem[X,0x0000000080001670] -> 0x9E93
mem[X,0x0000000080001672] -> 0x00BE
[1441] [M]: 0x0000000080001670 (0x00BE9E93) slli t4, t4, 0xb
x29 <- 0xFFFFFD90003FF800

mem[X,0x0000000080001674] -> 0x8E93
mem[X,0x0000000080001676] -> 0x3C0E
[1442] [M]: 0x0000000080001674 (0x3C0E8E93) addi t4, t4, 0x3c0
x29 <- 0xFFFFFD90003FFBC0

mem[X,0x0000000080001678] -> 0x9E93
mem[X,0x000000008000167A] -> 0x00AE
[1443] [M]: 0x0000000080001678 (0x00AE9E93) slli t4, t4, 0xa
x29 <- 0xFFF64000FFEF0000

mem[X,0x000000008000167C] -> 0x8E93
mem[X,0x000000008000167E] -> 0x001E
[1444] [M]: 0x000000008000167C (0x001E8E93) addi t4, t4, 0x1
x29 <- 0xFFF64000FFEF0001

mem[X,0x0000000080001680] -> 0x7FBB
mem[X,0x0000000080001682] -> 0xADDF
[1445] [M]: 0x0000000080001680 (0xADDF7FBB) pmhaccsu.h.be t6, t5, t4
x31 <- 0x0E3909045FA50955

mem[X,0x0000000080001684] -> 0x3823
mem[X,0x0000000080001686] -> 0x17F2
[1446] [M]: 0x0000000080001684 (0x17F23823) sd t6, 0x170(tp)
mem[0x0000000080004368] <- 0x0E3909045FA50955

mem[X,0x0000000080001688] -> 0x0F37
mem[X,0x000000008000168A] -> 0x0020
[1447] [M]: 0x0000000080001688 (0x00200F37) lui t5, 0x200
x30 <- 0x0000000000200000

mem[X,0x000000008000168C] -> 0x0F13
mem[X,0x000000008000168E] -> 0x002F
[1448] [M]: 0x000000008000168C (0x002F0F13) addi t5, t5, 0x2
x30 <- 0x0000000000200002

mem[X,0x0000000080001690] -> 0x1F13
mem[X,0x0000000080001692] -> 0x00BF
[1449] [M]: 0x0000000080001690 (0x00BF1F13) slli t5, t5, 0xb
x30 <- 0x0000000100001000

mem[X,0x0000000080001694] -> 0x0F13
mem[X,0x0000000080001696] -> 0x040F
[1450] [M]: 0x0000000080001694 (0x040F0F13) addi t5, t5, 0x40
x30 <- 0x0000000100001040

mem[X,0x0000000080001698] -> 0x1F13
mem[X,0x000000008000169A] -> 0x00BF
[1451] [M]: 0x0000000080001698 (0x00BF1F13) slli t5, t5, 0xb
x30 <- 0x0000080000820000

mem[X,0x000000008000169C] -> 0x0F13
mem[X,0x000000008000169E] -> 0x03FF
[1452] [M]: 0x000000008000169C (0x03FF0F13) addi t5, t5, 0x3f
x30 <- 0x000008000082003F

mem[X,0x00000000800016A0] -> 0x1F13
mem[X,0x00000000800016A2] -> 0x00AF
[1453] [M]: 0x00000000800016A0 (0x00AF1F13) slli t5, t5, 0xa
x30 <- 0x002000020800FC00

mem[X,0x00000000800016A4] -> 0x0F13
mem[X,0x00000000800016A6] -> 0x3FBF
[1454] [M]: 0x00000000800016A4 (0x3FBF0F13) addi t5, t5, 0x3fb
x30 <- 0x002000020800FFFB

mem[X,0x00000000800016A8] -> 0x2EB7
mem[X,0x00000000800016AA] -> 0xFFFA
[1455] [M]: 0x00000000800016A8 (0xFFFA2EB7) lui t4, -0x5e
x29 <- 0xFFFFFFFFFFFA2000

mem[X,0x00000000800016AC] -> 0x8E93
mem[X,0x00000000800016AE] -> 0x000E
[1456] [M]: 0x00000000800016AC (0x000E8E93) addi t4, t4, 0x0
x29 <- 0xFFFFFFFFFFFA2000

mem[X,0x00000000800016B0] -> 0x9E93
mem[X,0x00000000800016B2] -> 0x00BE
[1457] [M]: 0x00000000800016B0 (0x00BE9E93) slli t4, t4, 0xb
x29 <- 0xFFFFFFFFD1000000

mem[X,0x00000000800016B4] -> 0x8E93
mem[X,0x00000000800016B6] -> 0x7FFE
[1458] [M]: 0x00000000800016B4 (0x7FFE8E93) addi t4, t4, 0x7ff
x29 <- 0xFFFFFFFFD10007FF

mem[X,0x00000000800016B8] -> 0x9E93
mem[X,0x00000000800016BA] -> 0x00BE
[1459] [M]: 0x00000000800016B8 (0x00BE9E93) slli t4, t4, 0xb
x29 <- 0xFFFFFE88003FF800

mem[X,0x00000000800016BC] -> 0x8E93
mem[X,0x00000000800016BE] -> 0x700E
[1460] [M]: 0x00000000800016BC (0x700E8E93) addi t4, t4, 0x700
x29 <- 0xFFFFFE88003FFF00

mem[X,0x00000000800016C0] -> 0x9E93
mem[X,0x00000000800016C2] -> 0x00AE
[1461] [M]: 0x00000000800016C0 (0x00AE9E93) slli t4, t4, 0xa
x29 <- 0xFFFA2000FFFC0000

mem[X,0x00000000800016C4] -> 0x8E93
mem[X,0x00000000800016C6] -> 0x007E
[1462] [M]: 0x00000000800016C4 (0x007E8E93) addi t4, t4, 0x7
x29 <- 0xFFFA2000FFFC0007

mem[X,0x00000000800016C8] -> 0x7FBB
mem[X,0x00000000800016CA] -> 0xADDF
[1463] [M]: 0x00000000800016C8 (0xADDF7FBB) pmhaccsu.h.be t6, t5, t4
x31 <- 0x0E3909045FAC095B

mem[X,0x00000000800016CC] -> 0x3C23
mem[X,0x00000000800016CE] -> 0x17F2
[1464] [M]: 0x00000000800016CC (0x17F23C23) sd t6, 0x178(tp)
mem[0x0000000080004370] <- 0x0E3909045FAC095B

mem[X,0x00000000800016D0] -> 0x0F37
mem[X,0x00000000800016D2] -> 0x0000
[1465] [M]: 0x00000000800016D0 (0x00000F37) lui t5, 0x0
x30 <- 0x0000000000000000

mem[X,0x00000000800016D4] -> 0x0F13
mem[X,0x00000000800016D6] -> 0x010F
[1466] [M]: 0x00000000800016D4 (0x010F0F13) addi t5, t5, 0x10
x30 <- 0x0000000000000010

mem[X,0x00000000800016D8] -> 0x1F13
mem[X,0x00000000800016DA] -> 0x00BF
[1467] [M]: 0x00000000800016D8 (0x00BF1F13) slli t5, t5, 0xb
x30 <- 0x0000000000008000

mem[X,0x00000000800016DC] -> 0x0F13
mem[X,0x00000000800016DE] -> 0x400F
[1468] [M]: 0x00000000800016DC (0x400F0F13) addi t5, t5, 0x400
x30 <- 0x0000000000008400

mem[X,0x00000000800016E0] -> 0x1F13
mem[X,0x00000000800016E2] -> 0x00BF
[1469] [M]: 0x00000000800016E0 (0x00BF1F13) slli t5, t5, 0xb
x30 <- 0x0000000004200000

mem[X,0x00000000800016E4] -> 0x0F13
mem[X,0x00000000800016E6] -> 0x03FF
[1470] [M]: 0x00000000800016E4 (0x03FF0F13) addi t5, t5, 0x3f
x30 <- 0x000000000420003F

mem[X,0x00000000800016E8] -> 0x1F13
mem[X,0x00000000800016EA] -> 0x00AF
[1471] [M]: 0x00000000800016E8 (0x00AF1F13) slli t5, t5, 0xa
x30 <- 0x000000108000FC00

mem[X,0x00000000800016EC] -> 0x0F13
mem[X,0x00000000800016EE] -> 0x1FFF
[1472] [M]: 0x00000000800016EC (0x1FFF0F13) addi t5, t5, 0x1ff
x30 <- 0x000000108000FDFF

mem[X,0x00000000800016F0] -> 0xCEB7
mem[X,0x00000000800016F2] -> 0xFFF8
[1473] [M]: 0x00000000800016F0 (0xFFF8CEB7) lui t4, -0x74
x29 <- 0xFFFFFFFFFFF8C000

mem[X,0x00000000800016F4] -> 0x8E93
mem[X,0x00000000800016F6] -> 0x000E
[1474] [M]: 0x00000000800016F4 (0x000E8E93) addi t4, t4, 0x0
x29 <- 0xFFFFFFFFFFF8C000

mem[X,0x00000000800016F8] -> 0x9E93
mem[X,0x00000000800016FA] -> 0x00BE
[1475] [M]: 0x00000000800016F8 (0x00BE9E93) slli t4, t4, 0xb
x29 <- 0xFFFFFFFFC6000000

mem[X,0x00000000800016FC] -> 0x8E93
mem[X,0x00000000800016FE] -> 0x7FFE
[1476] [M]: 0x00000000800016FC (0x7FFE8E93) addi t4, t4, 0x7ff
x29 <- 0xFFFFFFFFC60007FF

mem[X,0x0000000080001700] -> 0x9E93
mem[X,0x0000000080001702] -> 0x00BE
[1477] [M]: 0x0000000080001700 (0x00BE9E93) slli t4, t4, 0xb
x29 <- 0xFFFFFE30003FF800

mem[X,0x0000000080001704] -> 0x8E93
mem[X,0x0000000080001706] -> 0x740E
[1478] [M]: 0x0000000080001704 (0x740E8E93) addi t4, t4, 0x740
x29 <- 0xFFFFFE30003FFF40

mem[X,0x0000000080001708] -> 0x9E93
mem[X,0x000000008000170A] -> 0x00AE
[1479] [M]: 0x0000000080001708 (0x00AE9E93) slli t4, t4, 0xa
x29 <- 0xFFF8C000FFFD0000

mem[X,0x000000008000170C] -> 0x8E93
mem[X,0x000000008000170E] -> 0x010E
[1480] [M]: 0x000000008000170C (0x010E8E93) addi t4, t4, 0x10
x29 <- 0xFFF8C000FFFD0010

mem[X,0x0000000080001710] -> 0x7FBB
mem[X,0x0000000080001712] -> 0xADDF
[1481] [M]: 0x0000000080001710 (0xADDF7FBB) pmhaccsu.h.be t6, t5, t4
x31 <- 0x0E390904602A096A

mem[X,0x0000000080001714] -> 0x3023
mem[X,0x0000000080001716] -> 0x19F2
[1482] [M]: 0x0000000080001714 (0x19F23023) sd t6, 0x180(tp)
mem[0x0000000080004378] <- 0x0E390904602A096A

mem[X,0x0000000080001718] -> 0x0F37
mem[X,0x000000008000171A] -> 0xFFFD
[1483] [M]: 0x0000000080001718 (0xFFFD0F37) lui t5, -0x30
x30 <- 0xFFFFFFFFFFFD0000

mem[X,0x000000008000171C] -> 0x0F13
mem[X,0x000000008000171E] -> 0xFF6F
[1484] [M]: 0x000000008000171C (0xFF6F0F13) addi t5, t5, -0xa
x30 <- 0xFFFFFFFFFFFCFFF6

mem[X,0x0000000080001720] -> 0x1F13
mem[X,0x0000000080001722] -> 0x00BF
[1485] [M]: 0x0000000080001720 (0x00BF1F13) slli t5, t5, 0xb
x30 <- 0xFFFFFFFFE7FFB000

mem[X,0x0000000080001724] -> 0x0F13
mem[X,0x0000000080001726] -> 0x7DFF
[1486] [M]: 0x0000000080001724 (0x7DFF0F13) addi t5, t5, 0x7df
x30 <- 0xFFFFFFFFE7FFB7DF

mem[X,0x0000000080001728] -> 0x1F13
mem[X,0x000000008000172A] -> 0x00BF
[1487] [M]: 0x0000000080001728 (0x00BF1F13) slli t5, t5, 0xb
x30 <- 0xFFFFFF3FFDBEF800

mem[X,0x000000008000172C] -> 0x0F13
mem[X,0x000000008000172E] -> 0x7C0F
[1488] [M]: 0x000000008000172C (0x7C0F0F13) addi t5, t5, 0x7c0
x30 <- 0xFFFFFF3FFDBEFFC0

mem[X,0x0000000080001730] -> 0x1F13
mem[X,0x0000000080001732] -> 0x00AF
[1489] [M]: 0x0000000080001730 (0x00AF1F13) slli t5, t5, 0xa
x30 <- 0xFFFCFFF6FBFF0000

mem[X,0x0000000080001734] -> 0x0F13
mem[X,0x0000000080001736] -> 0x007F
[1490] [M]: 0x0000000080001734 (0x007F0F13) addi t5, t5, 0x7
x30 <- 0xFFFCFFF6FBFF0007

mem[X,0x0000000080001738] -> 0x0EB7
mem[X,0x000000008000173A] -> 0xE000
[1491] [M]: 0x0000000080001738 (0xE0000EB7) lui t4, -0x20000
x29 <- 0xFFFFFFFFE0000000

mem[X,0x000000008000173C] -> 0x8E93
mem[X,0x000000008000173E] -> 0xEFFE
[1492] [M]: 0x000000008000173C (0xEFFE8E93) addi t4, t4, -0x101
x29 <- 0xFFFFFFFFDFFFFEFF

mem[X,0x0000000080001740] -> 0x9E93
mem[X,0x0000000080001742] -> 0x00BE
[1493] [M]: 0x0000000080001740 (0x00BE9E93) slli t4, t4, 0xb
x29 <- 0xFFFFFEFFFFF7F800

mem[X,0x0000000080001744] -> 0x8E93
mem[X,0x0000000080001746] -> 0x7EFE
[1494] [M]: 0x0000000080001744 (0x7EFE8E93) addi t4, t4, 0x7ef
x29 <- 0xFFFFFEFFFFF7FFEF

mem[X,0x0000000080001748] -> 0x9E93
mem[X,0x000000008000174A] -> 0x00BE
[1495] [M]: 0x0000000080001748 (0x00BE9E93) slli t4, t4, 0xb
x29 <- 0xFFF7FFFFBFFF7800

mem[X,0x000000008000174C] -> 0x8E93
mem[X,0x000000008000174E] -> 0x7FBE
[1496] [M]: 0x000000008000174C (0x7FBE8E93) addi t4, t4, 0x7fb
x29 <- 0xFFF7FFFFBFFF7FFB

mem[X,0x0000000080001750] -> 0x9E93
mem[X,0x0000000080001752] -> 0x00AE
[1497] [M]: 0x0000000080001750 (0x00AE9E93) slli t4, t4, 0xa
x29 <- 0xDFFFFEFFFDFFEC00

mem[X,0x0000000080001754] -> 0x8E93
mem[X,0x0000000080001756] -> 0x3FFE
[1498] [M]: 0x0000000080001754 (0x3FFE8E93) addi t4, t4, 0x3ff
x29 <- 0xDFFFFEFFFDFFEFFF

mem[X,0x0000000080001758] -> 0x7FBB
mem[X,0x000000008000175A] -> 0xADDF
[1499] [M]: 0x0000000080001758 (0xADDF7FBB) pmhaccsu.h.be t6, t5, t4
x31 <- 0x0F370A026125096A

clint::tick mtime <- 0x000000000000000F
 clint timer pending at mtime 0x000000000000000F
htif::tick 0x0000000000000000
mem[X,0x000000008000175C] -> 0x3423
mem[X,0x000000008000175E] -> 0x19F2
[1500] [M]: 0x000000008000175C (0x19F23423) sd t6, 0x188(tp)
mem[0x0000000080004380] <- 0x0F370A026125096A

mem[X,0x0000000080001760] -> 0x8F37
mem[X,0x0000000080001762] -> 0xFFFE
[1501] [M]: 0x0000000080001760 (0xFFFE8F37) lui t5, -0x18
x30 <- 0xFFFFFFFFFFFE8000

mem[X,0x0000000080001764] -> 0x0F13
mem[X,0x0000000080001766] -> 0x000F
[1502] [M]: 0x0000000080001764 (0x000F0F13) addi t5, t5, 0x0
x30 <- 0xFFFFFFFFFFFE8000

mem[X,0x0000000080001768] -> 0x1F13
mem[X,0x000000008000176A] -> 0x00BF
[1503] [M]: 0x0000000080001768 (0x00BF1F13) slli t5, t5, 0xb
x30 <- 0xFFFFFFFFF4000000

mem[X,0x000000008000176C] -> 0x0F13
mem[X,0x000000008000176E] -> 0x004F
[1504] [M]: 0x000000008000176C (0x004F0F13) addi t5, t5, 0x4
x30 <- 0xFFFFFFFFF4000004

mem[X,0x0000000080001770] -> 0x1F13
mem[X,0x0000000080001772] -> 0x00BF
[1505] [M]: 0x0000000080001770 (0x00BF1F13) slli t5, t5, 0xb
x30 <- 0xFFFFFFA000002000

mem[X,0x0000000080001774] -> 0x0F13
mem[X,0x0000000080001776] -> 0x037F
[1506] [M]: 0x0000000080001774 (0x037F0F13) addi t5, t5, 0x37
x30 <- 0xFFFFFFA000002037

mem[X,0x0000000080001778] -> 0x1F13
mem[X,0x000000008000177A] -> 0x00AF
[1507] [M]: 0x0000000080001778 (0x00AF1F13) slli t5, t5, 0xa
x30 <- 0xFFFE80000080DC00

mem[X,0x000000008000177C] -> 0x0F13
mem[X,0x000000008000177E] -> 0x3FFF
[1508] [M]: 0x000000008000177C (0x3FFF0F13) addi t5, t5, 0x3ff
x30 <- 0xFFFE80000080DFFF

mem[X,0x0000000080001780] -> 0x0EB7
mem[X,0x0000000080001782] -> 0xFBFF
[1509] [M]: 0x0000000080001780 (0xFBFF0EB7) lui t4, -0x4010
x29 <- 0xFFFFFFFFFBFF0000

mem[X,0x0000000080001784] -> 0x8E93
mem[X,0x0000000080001786] -> 0x040E
[1510] [M]: 0x0000000080001784 (0x040E8E93) addi t4, t4, 0x40
x29 <- 0xFFFFFFFFFBFF0040

mem[X,0x0000000080001788] -> 0x9E93
mem[X,0x000000008000178A] -> 0x00BE
[1511] [M]: 0x0000000080001788 (0x00BE9E93) slli t4, t4, 0xb
x29 <- 0xFFFFFFDFF8020000

mem[X,0x000000008000178C] -> 0x8E93
mem[X,0x000000008000178E] -> 0x7DFE
[1512] [M]: 0x000000008000178C (0x7DFE8E93) addi t4, t4, 0x7df
x29 <- 0xFFFFFFDFF80207DF

mem[X,0x0000000080001790] -> 0x9E93
mem[X,0x0000000080001792] -> 0x00BE
[1513] [M]: 0x0000000080001790 (0x00BE9E93) slli t4, t4, 0xb
x29 <- 0xFFFEFFC0103EF800

mem[X,0x0000000080001794] -> 0x8E93
mem[X,0x0000000080001796] -> 0x7C0E
[1514] [M]: 0x0000000080001794 (0x7C0E8E93) addi t4, t4, 0x7c0
x29 <- 0xFFFEFFC0103EFFC0

mem[X,0x0000000080001798] -> 0x9E93
mem[X,0x000000008000179A] -> 0x00AE
[1515] [M]: 0x0000000080001798 (0x00AE9E93) slli t4, t4, 0xa
x29 <- 0xFBFF0040FBFF0000

mem[X,0x000000008000179C] -> 0x8E93
mem[X,0x000000008000179E] -> 0x040E
[1516] [M]: 0x000000008000179C (0x040E8E93) addi t4, t4, 0x40
x29 <- 0xFBFF0040FBFF0040

mem[X,0x00000000800017A0] -> 0x7FBB
mem[X,0x00000000800017A2] -> 0xADDF
[1517] [M]: 0x00000000800017A0 (0xADDF7FBB) pmhaccsu.h.be t6, t5, t4
x31 <- 0x10350A22612509A1

mem[X,0x00000000800017A4] -> 0x3823
mem[X,0x00000000800017A6] -> 0x19F2
[1518] [M]: 0x00000000800017A4 (0x19F23823) sd t6, 0x190(tp)
mem[0x0000000080004388] <- 0x10350A22612509A1

mem[X,0x00000000800017A8] -> 0x0F37
mem[X,0x00000000800017AA] -> 0xFFF7
[1519] [M]: 0x00000000800017A8 (0xFFF70F37) lui t5, -0x90
x30 <- 0xFFFFFFFFFFF70000

mem[X,0x00000000800017AC] -> 0x0F13
mem[X,0x00000000800017AE] -> 0x200F
[1520] [M]: 0x00000000800017AC (0x200F0F13) addi t5, t5, 0x200
x30 <- 0xFFFFFFFFFFF70200

mem[X,0x00000000800017B0] -> 0x1F13
mem[X,0x00000000800017B2] -> 0x00BF
[1521] [M]: 0x00000000800017B0 (0x00BF1F13) slli t5, t5, 0xb
x30 <- 0xFFFFFFFFB8100000

mem[X,0x00000000800017B4] -> 0x0F13
mem[X,0x00000000800017B6] -> 0x000F
[1522] [M]: 0x00000000800017B4 (0x000F0F13) addi t5, t5, 0x0
x30 <- 0xFFFFFFFFB8100000

mem[X,0x00000000800017B8] -> 0x1F13
mem[X,0x00000000800017BA] -> 0x00BF
[1523] [M]: 0x00000000800017B8 (0x00BF1F13) slli t5, t5, 0xb
x30 <- 0xFFFFFDC080000000

mem[X,0x00000000800017BC] -> 0x0F13
mem[X,0x00000000800017BE] -> 0x16AF
[1524] [M]: 0x00000000800017BC (0x16AF0F13) addi t5, t5, 0x16a
x30 <- 0xFFFFFDC08000016A

mem[X,0x00000000800017C0] -> 0x1F13
mem[X,0x00000000800017C2] -> 0x00AF
[1525] [M]: 0x00000000800017C0 (0x00AF1F13) slli t5, t5, 0xa
x30 <- 0xFFF702000005A800

mem[X,0x00000000800017C4] -> 0x0F13
mem[X,0x00000000800017C6] -> 0x2AAF
[1526] [M]: 0x00000000800017C4 (0x2AAF0F13) addi t5, t5, 0x2aa
x30 <- 0xFFF702000005AAAA

mem[X,0x00000000800017C8] -> 0x0EB7
mem[X,0x00000000800017CA] -> 0xFFF8
[1527] [M]: 0x00000000800017C8 (0xFFF80EB7) lui t4, -0x80
x29 <- 0xFFFFFFFFFFF80000

mem[X,0x00000000800017CC] -> 0x8E93
mem[X,0x00000000800017CE] -> 0x000E
[1528] [M]: 0x00000000800017CC (0x000E8E93) addi t4, t4, 0x0
x29 <- 0xFFFFFFFFFFF80000

mem[X,0x00000000800017D0] -> 0x9E93
mem[X,0x00000000800017D2] -> 0x00BE
[1529] [M]: 0x00000000800017D0 (0x00BE9E93) slli t4, t4, 0xb
x29 <- 0xFFFFFFFFC0000000

mem[X,0x00000000800017D4] -> 0x8E93
mem[X,0x00000000800017D6] -> 0x7FFE
[1530] [M]: 0x00000000800017D4 (0x7FFE8E93) addi t4, t4, 0x7ff
x29 <- 0xFFFFFFFFC00007FF

mem[X,0x00000000800017D8] -> 0x9E93
mem[X,0x00000000800017DA] -> 0x00BE
[1531] [M]: 0x00000000800017D8 (0x00BE9E93) slli t4, t4, 0xb
x29 <- 0xFFFFFE00003FF800

mem[X,0x00000000800017DC] -> 0x8E93
mem[X,0x00000000800017DE] -> 0x700E
[1532] [M]: 0x00000000800017DC (0x700E8E93) addi t4, t4, 0x700
x29 <- 0xFFFFFE00003FFF00

mem[X,0x00000000800017E0] -> 0x9E93
mem[X,0x00000000800017E2] -> 0x00AE
[1533] [M]: 0x00000000800017E0 (0x00AE9E93) slli t4, t4, 0xa
x29 <- 0xFFF80000FFFC0000

mem[X,0x00000000800017E4] -> 0x8E93
mem[X,0x00000000800017E6] -> 0x003E
[1534] [M]: 0x00000000800017E4 (0x003E8E93) addi t4, t4, 0x3
x29 <- 0xFFF80000FFFC0003

mem[X,0x00000000800017E8] -> 0x7FBB
mem[X,0x00000000800017EA] -> 0xADDF
[1535] [M]: 0x00000000800017E8 (0xADDF7FBB) pmhaccsu.h.be t6, t5, t4
x31 <- 0x112C0A22612509A2

mem[X,0x00000000800017EC] -> 0x3C23
mem[X,0x00000000800017EE] -> 0x19F2
[1536] [M]: 0x00000000800017EC (0x19F23C23) sd t6, 0x198(tp)
mem[0x0000000080004390] <- 0x112C0A22612509A2

mem[X,0x00000000800017F0] -> 0x0F37
mem[X,0x00000000800017F2] -> 0x8001
[1537] [M]: 0x00000000800017F0 (0x80010F37) lui t5, -0x7fff0
x30 <- 0xFFFFFFFF80010000

mem[X,0x00000000800017F4] -> 0x0F13
mem[X,0x00000000800017F6] -> 0xF7FF
[1538] [M]: 0x00000000800017F4 (0xF7FF0F13) addi t5, t5, -0x81
x30 <- 0xFFFFFFFF8000FF7F

mem[X,0x00000000800017F8] -> 0x1F13
mem[X,0x00000000800017FA] -> 0x00BF
[1539] [M]: 0x00000000800017F8 (0x00BF1F13) slli t5, t5, 0xb
x30 <- 0xFFFFFC0007FBF800

mem[X,0x00000000800017FC] -> 0x0F13
mem[X,0x00000000800017FE] -> 0x004F
[1540] [M]: 0x00000000800017FC (0x004F0F13) addi t5, t5, 0x4
x30 <- 0xFFFFFC0007FBF804

mem[X,0x0000000080001800] -> 0x1F13
mem[X,0x0000000080001802] -> 0x00BF
[1541] [M]: 0x0000000080001800 (0x00BF1F13) slli t5, t5, 0xb
x30 <- 0xFFE0003FDFC02000

mem[X,0x0000000080001804] -> 0x0F13
mem[X,0x0000000080001806] -> 0x000F
[1542] [M]: 0x0000000080001804 (0x000F0F13) addi t5, t5, 0x0
x30 <- 0xFFE0003FDFC02000

mem[X,0x0000000080001808] -> 0x1F13
mem[X,0x000000008000180A] -> 0x00AF
[1543] [M]: 0x0000000080001808 (0x00AF1F13) slli t5, t5, 0xa
x30 <- 0x8000FF7F00800000

mem[X,0x000000008000180C] -> 0x0F13
mem[X,0x000000008000180E] -> 0x040F
[1544] [M]: 0x000000008000180C (0x040F0F13) addi t5, t5, 0x40
x30 <- 0x8000FF7F00800040

mem[X,0x0000000080001810] -> 0x0EB7
mem[X,0x0000000080001812] -> 0xFFFF
[1545] [M]: 0x0000000080001810 (0xFFFF0EB7) lui t4, -0x10
x29 <- 0xFFFFFFFFFFFF0000

mem[X,0x0000000080001814] -> 0x8E93
mem[X,0x0000000080001816] -> 0xFEFE
[1546] [M]: 0x0000000080001814 (0xFEFE8E93) addi t4, t4, -0x11
x29 <- 0xFFFFFFFFFFFEFFEF

mem[X,0x0000000080001818] -> 0x9E93
mem[X,0x000000008000181A] -> 0x00BE
[1547] [M]: 0x0000000080001818 (0x00BE9E93) slli t4, t4, 0xb
x29 <- 0xFFFFFFFFF7FF7800

mem[X,0x000000008000181C] -> 0x8E93
mem[X,0x000000008000181E] -> 0x7FBE
[1548] [M]: 0x000000008000181C (0x7FBE8E93) addi t4, t4, 0x7fb
x29 <- 0xFFFFFFFFF7FF7FFB

mem[X,0x0000000080001820] -> 0x9E93
mem[X,0x0000000080001822] -> 0x00BE
[1549] [M]: 0x0000000080001820 (0x00BE9E93) slli t4, t4, 0xb
x29 <- 0xFFFFFFBFFBFFD800

mem[X,0x0000000080001824] -> 0x8E93
mem[X,0x0000000080001826] -> 0x7FFE
[1550] [M]: 0x0000000080001824 (0x7FFE8E93) addi t4, t4, 0x7ff
x29 <- 0xFFFFFFBFFBFFDFFF

mem[X,0x0000000080001828] -> 0x9E93
mem[X,0x000000008000182A] -> 0x00AE
[1551] [M]: 0x0000000080001828 (0x00AE9E93) slli t4, t4, 0xa
x29 <- 0xFFFEFFEFFF7FFC00

mem[X,0x000000008000182C] -> 0x8E93
mem[X,0x000000008000182E] -> 0x2FFE
[1552] [M]: 0x000000008000182C (0x2FFE8E93) addi t4, t4, 0x2ff
x29 <- 0xFFFEFFEFFF7FFEFF

mem[X,0x0000000080001830] -> 0x7FBB
mem[X,0x0000000080001832] -> 0xADDF
[1553] [M]: 0x0000000080001830 (0xADDF7FBB) pmhaccsu.h.be t6, t5, t4
x31 <- 0x11AB0B10612509A2

mem[X,0x0000000080001834] -> 0x3023
mem[X,0x0000000080001836] -> 0x1BF2
[1554] [M]: 0x0000000080001834 (0x1BF23023) sd t6, 0x1a0(tp)
mem[0x0000000080004398] <- 0x11AB0B10612509A2

mem[X,0x0000000080001838] -> 0x4F37
mem[X,0x000000008000183A] -> 0xFFFA
[1555] [M]: 0x0000000080001838 (0xFFFA4F37) lui t5, -0x5c
x30 <- 0xFFFFFFFFFFFA4000

mem[X,0x000000008000183C] -> 0x0F13
mem[X,0x000000008000183E] -> 0x000F
[1556] [M]: 0x000000008000183C (0x000F0F13) addi t5, t5, 0x0
x30 <- 0xFFFFFFFFFFFA4000

mem[X,0x0000000080001840] -> 0x1F13
mem[X,0x0000000080001842] -> 0x00BF
[1557] [M]: 0x0000000080001840 (0x00BF1F13) slli t5, t5, 0xb
x30 <- 0xFFFFFFFFD2000000

mem[X,0x0000000080001844] -> 0x0F13
mem[X,0x0000000080001846] -> 0x002F
[1558] [M]: 0x0000000080001844 (0x002F0F13) addi t5, t5, 0x2
x30 <- 0xFFFFFFFFD2000002

mem[X,0x0000000080001848] -> 0x1F13
mem[X,0x000000008000184A] -> 0x00BF
[1559] [M]: 0x0000000080001848 (0x00BF1F13) slli t5, t5, 0xb
x30 <- 0xFFFFFE9000001000

mem[X,0x000000008000184C] -> 0x0F13
mem[X,0x000000008000184E] -> 0x000F
[1560] [M]: 0x000000008000184C (0x000F0F13) addi t5, t5, 0x0
x30 <- 0xFFFFFE9000001000

mem[X,0x0000000080001850] -> 0x1F13
mem[X,0x0000000080001852] -> 0x00AF
[1561] [M]: 0x0000000080001850 (0x00AF1F13) slli t5, t5, 0xa
x30 <- 0xFFFA400000400000

mem[X,0x0000000080001854] -> 0x0F13
mem[X,0x0000000080001856] -> 0x001F
[1562] [M]: 0x0000000080001854 (0x001F0F13) addi t5, t5, 0x1
x30 <- 0xFFFA400000400001

mem[X,0x0000000080001858] -> 0x5EB7
mem[X,0x000000008000185A] -> 0xDFFF
[1563] [M]: 0x0000000080001858 (0xDFFF5EB7) lui t4, -0x2000b
x29 <- 0xFFFFFFFFDFFF5000

mem[X,0x000000008000185C] -> 0x8E93
mem[X,0x000000008000185E] -> 0x555E
[1564] [M]: 0x000000008000185C (0x555E8E93) addi t4, t4, 0x555
x29 <- 0xFFFFFFFFDFFF5555

mem[X,0x0000000080001860] -> 0x9E93
mem[X,0x0000000080001862] -> 0x00BE
[1565] [M]: 0x0000000080001860 (0x00BE9E93) slli t4, t4, 0xb
x29 <- 0xFFFFFEFFFAAAA800

mem[X,0x0000000080001864] -> 0x8E93
mem[X,0x0000000080001866] -> 0x000E
[1566] [M]: 0x0000000080001864 (0x000E8E93) addi t4, t4, 0x0
x29 <- 0xFFFFFEFFFAAAA800

mem[X,0x0000000080001868] -> 0x9E93
mem[X,0x000000008000186A] -> 0x00BE
[1567] [M]: 0x0000000080001868 (0x00BE9E93) slli t4, t4, 0xb
x29 <- 0xFFF7FFD555400000

mem[X,0x000000008000186C] -> 0x8E93
mem[X,0x000000008000186E] -> 0x0DFE
[1568] [M]: 0x000000008000186C (0x0DFE8E93) addi t4, t4, 0xdf
x29 <- 0xFFF7FFD5554000DF

mem[X,0x0000000080001870] -> 0x9E93
mem[X,0x0000000080001872] -> 0x00AE
[1569] [M]: 0x0000000080001870 (0x00AE9E93) slli t4, t4, 0xa
x29 <- 0xDFFF555500037C00

mem[X,0x0000000080001874] -> 0x8E93
mem[X,0x0000000080001876] -> 0x3FFE
[1570] [M]: 0x0000000080001874 (0x3FFE8E93) addi t4, t4, 0x3ff
x29 <- 0xDFFF555500037FFF

mem[X,0x0000000080001878] -> 0x7FBB
mem[X,0x000000008000187A] -> 0xADDF
[1571] [M]: 0x0000000080001878 (0xADDF7FBB) pmhaccsu.h.be t6, t5, t4
x31 <- 0x12A90B25612509A2

mem[X,0x000000008000187C] -> 0x3423
mem[X,0x000000008000187E] -> 0x1BF2
[1572] [M]: 0x000000008000187C (0x1BF23423) sd t6, 0x1a8(tp)
mem[0x00000000800043A0] <- 0x12A90B25612509A2

mem[X,0x0000000080001880] -> 0xEF37
mem[X,0x0000000080001882] -> 0x0001
[1573] [M]: 0x0000000080001880 (0x0001EF37) lui t5, 0x1e
x30 <- 0x000000000001E000

mem[X,0x0000000080001884] -> 0x0F13
mem[X,0x0000000080001886] -> 0xFFFF
[1574] [M]: 0x0000000080001884 (0xFFFF0F13) addi t5, t5, -0x1
x30 <- 0x000000000001DFFF

mem[X,0x0000000080001888] -> 0x1F13
mem[X,0x000000008000188A] -> 0x00BF
[1575] [M]: 0x0000000080001888 (0x00BF1F13) slli t5, t5, 0xb
x30 <- 0x000000000EFFF800

mem[X,0x000000008000188C] -> 0x0F13
mem[X,0x000000008000188E] -> 0x080F
[1576] [M]: 0x000000008000188C (0x080F0F13) addi t5, t5, 0x80
x30 <- 0x000000000EFFF880

mem[X,0x0000000080001890] -> 0x1F13
mem[X,0x0000000080001892] -> 0x00BF
[1577] [M]: 0x0000000080001890 (0x00BF1F13) slli t5, t5, 0xb
x30 <- 0x00000077FFC40000

mem[X,0x0000000080001894] -> 0x0F13
mem[X,0x0000000080001896] -> 0x001F
[1578] [M]: 0x0000000080001894 (0x001F0F13) addi t5, t5, 0x1
x30 <- 0x00000077FFC40001

mem[X,0x0000000080001898] -> 0x1F13
mem[X,0x000000008000189A] -> 0x00AF
[1579] [M]: 0x0000000080001898 (0x00AF1F13) slli t5, t5, 0xa
x30 <- 0x0001DFFF10000400

mem[X,0x000000008000189C] -> 0x0EB7
mem[X,0x000000008000189E] -> 0x0007
[1580] [M]: 0x000000008000189C (0x00070EB7) lui t4, 0x70
x29 <- 0x0000000000070000

mem[X,0x00000000800018A0] -> 0x8E93
mem[X,0x00000000800018A2] -> 0x009E
[1581] [M]: 0x00000000800018A0 (0x009E8E93) addi t4, t4, 0x9
x29 <- 0x0000000000070009

mem[X,0x00000000800018A4] -> 0x9E93
mem[X,0x00000000800018A6] -> 0x00BE
[1582] [M]: 0x00000000800018A4 (0x00BE9E93) slli t4, t4, 0xb
x29 <- 0x0000000038004800

mem[X,0x00000000800018A8] -> 0x8E93
mem[X,0x00000000800018AA] -> 0x040E
[1583] [M]: 0x00000000800018A8 (0x040E8E93) addi t4, t4, 0x40
x29 <- 0x0000000038004840

mem[X,0x00000000800018AC] -> 0x9E93
mem[X,0x00000000800018AE] -> 0x00BE
[1584] [M]: 0x00000000800018AC (0x00BE9E93) slli t4, t4, 0xb
x29 <- 0x000001C002420000

mem[X,0x00000000800018B0] -> 0x8E93
mem[X,0x00000000800018B2] -> 0x030E
[1585] [M]: 0x00000000800018B0 (0x030E8E93) addi t4, t4, 0x30
x29 <- 0x000001C002420030

mem[X,0x00000000800018B4] -> 0x9E93
mem[X,0x00000000800018B6] -> 0x00AE
[1586] [M]: 0x00000000800018B4 (0x00AE9E93) slli t4, t4, 0xa
x29 <- 0x000700090800C000

mem[X,0x00000000800018B8] -> 0x7FBB
mem[X,0x00000000800018BA] -> 0xADDF
[1587] [M]: 0x00000000800018B8 (0xADDF7FBB) pmhaccsu.h.be t6, t5, t4
x31 <- 0x12A90B2C612509A2

mem[X,0x00000000800018BC] -> 0x3823
mem[X,0x00000000800018BE] -> 0x1BF2
[1588] [M]: 0x00000000800018BC (0x1BF23823) sd t6, 0x1b0(tp)
mem[0x00000000800043A8] <- 0x12A90B2C612509A2

mem[X,0x00000000800018C0] -> 0x0F37
mem[X,0x00000000800018C2] -> 0xFFF0
[1589] [M]: 0x00000000800018C0 (0xFFF00F37) lui t5, -0x100
x30 <- 0xFFFFFFFFFFF00000

mem[X,0x00000000800018C4] -> 0x0F13
mem[X,0x00000000800018C6] -> 0xFEFF
[1590] [M]: 0x00000000800018C4 (0xFEFF0F13) addi t5, t5, -0x11
x30 <- 0xFFFFFFFFFFEFFFEF

mem[X,0x00000000800018C8] -> 0x1F13
mem[X,0x00000000800018CA] -> 0x00BF
[1591] [M]: 0x00000000800018C8 (0x00BF1F13) slli t5, t5, 0xb
x30 <- 0xFFFFFFFF7FFF7800

mem[X,0x00000000800018CC] -> 0x0F13
mem[X,0x00000000800018CE] -> 0x040F
[1592] [M]: 0x00000000800018CC (0x040F0F13) addi t5, t5, 0x40
x30 <- 0xFFFFFFFF7FFF7840

mem[X,0x00000000800018D0] -> 0x1F13
mem[X,0x00000000800018D2] -> 0x00BF
[1593] [M]: 0x00000000800018D0 (0x00BF1F13) slli t5, t5, 0xb
x30 <- 0xFFFFFBFFFBC20000

mem[X,0x00000000800018D4] -> 0x0F13
mem[X,0x00000000800018D6] -> 0x03FF
[1594] [M]: 0x00000000800018D4 (0x03FF0F13) addi t5, t5, 0x3f
x30 <- 0xFFFFFBFFFBC2003F

mem[X,0x00000000800018D8] -> 0x1F13
mem[X,0x00000000800018DA] -> 0x00AF
[1595] [M]: 0x00000000800018D8 (0x00AF1F13) slli t5, t5, 0xa
x30 <- 0xFFEFFFEF0800FC00

mem[X,0x00000000800018DC] -> 0x0F13
mem[X,0x00000000800018DE] -> 0x3FFF
[1596] [M]: 0x00000000800018DC (0x3FFF0F13) addi t5, t5, 0x3ff
x30 <- 0xFFEFFFEF0800FFFF

mem[X,0x00000000800018E0] -> 0x0EB7
mem[X,0x00000000800018E2] -> 0xFC00
[1597] [M]: 0x00000000800018E0 (0xFC000EB7) lui t4, -0x4000
x29 <- 0xFFFFFFFFFC000000

mem[X,0x00000000800018E4] -> 0x8E93
mem[X,0x00000000800018E6] -> 0xFFEE
[1598] [M]: 0x00000000800018E4 (0xFFEE8E93) addi t4, t4, -0x2
x29 <- 0xFFFFFFFFFBFFFFFE

mem[X,0x00000000800018E8] -> 0x9E93
mem[X,0x00000000800018EA] -> 0x00BE
[1599] [M]: 0x00000000800018E8 (0x00BE9E93) slli t4, t4, 0xb
x29 <- 0xFFFFFFDFFFFFF000

clint::tick mtime <- 0x0000000000000010
 clint timer pending at mtime 0x0000000000000010
htif::tick 0x0000000000000000
mem[X,0x00000000800018EC] -> 0x8E93
mem[X,0x00000000800018EE] -> 0x020E
[1600] [M]: 0x00000000800018EC (0x020E8E93) addi t4, t4, 0x20
x29 <- 0xFFFFFFDFFFFFF020

mem[X,0x00000000800018F0] -> 0x9E93
mem[X,0x00000000800018F2] -> 0x00BE
[1601] [M]: 0x00000000800018F0 (0x00BE9E93) slli t4, t4, 0xb
x29 <- 0xFFFEFFFFFF810000

mem[X,0x00000000800018F4] -> 0x8E93
mem[X,0x00000000800018F6] -> 0x03DE
[1602] [M]: 0x00000000800018F4 (0x03DE8E93) addi t4, t4, 0x3d
x29 <- 0xFFFEFFFFFF81003D

mem[X,0x00000000800018F8] -> 0x9E93
mem[X,0x00000000800018FA] -> 0x00AE
[1603] [M]: 0x00000000800018F8 (0x00AE9E93) slli t4, t4, 0xa
x29 <- 0xFBFFFFFE0400F400

mem[X,0x00000000800018FC] -> 0x8E93
mem[X,0x00000000800018FE] -> 0x3FFE
[1604] [M]: 0x00000000800018FC (0x3FFE8E93) addi t4, t4, 0x3ff
x29 <- 0xFBFFFFFE0400F7FF

mem[X,0x0000000080001900] -> 0x7FBB
mem[X,0x0000000080001902] -> 0xADDF
[1605] [M]: 0x0000000080001900 (0xADDF7FBB) pmhaccsu.h.be t6, t5, t4
x31 <- 0x13A70C2961250AA0

mem[X,0x0000000080001904] -> 0x3C23
mem[X,0x0000000080001906] -> 0x1BF2
[1606] [M]: 0x0000000080001904 (0x1BF23C23) sd t6, 0x1b8(tp)
mem[0x00000000800043B0] <- 0x13A70C2961250AA0

mem[X,0x0000000080001908] -> 0x8F37
mem[X,0x000000008000190A] -> 0x0005
[1607] [M]: 0x0000000080001908 (0x00058F37) lui t5, 0x58
x30 <- 0x0000000000058000

mem[X,0x000000008000190C] -> 0x0F13
mem[X,0x000000008000190E] -> 0xFFFF
[1608] [M]: 0x000000008000190C (0xFFFF0F13) addi t5, t5, -0x1
x30 <- 0x0000000000057FFF

mem[X,0x0000000080001910] -> 0x1F13
mem[X,0x0000000080001912] -> 0x00BF
[1609] [M]: 0x0000000080001910 (0x00BF1F13) slli t5, t5, 0xb
x30 <- 0x000000002BFFF800

mem[X,0x0000000080001914] -> 0x0F13
mem[X,0x0000000080001916] -> 0x000F
[1610] [M]: 0x0000000080001914 (0x000F0F13) addi t5, t5, 0x0
x30 <- 0x000000002BFFF800

mem[X,0x0000000080001918] -> 0x1F13
mem[X,0x000000008000191A] -> 0x00BF
[1611] [M]: 0x0000000080001918 (0x00BF1F13) slli t5, t5, 0xb
x30 <- 0x0000015FFFC00000

mem[X,0x000000008000191C] -> 0x0F13
mem[X,0x000000008000191E] -> 0x000F
[1612] [M]: 0x000000008000191C (0x000F0F13) addi t5, t5, 0x0
x30 <- 0x0000015FFFC00000

mem[X,0x0000000080001920] -> 0x1F13
mem[X,0x0000000080001922] -> 0x00AF
[1613] [M]: 0x0000000080001920 (0x00AF1F13) slli t5, t5, 0xa
x30 <- 0x00057FFF00000000

mem[X,0x0000000080001924] -> 0x0F13
mem[X,0x0000000080001926] -> 0x040F
[1614] [M]: 0x0000000080001924 (0x040F0F13) addi t5, t5, 0x40
x30 <- 0x00057FFF00000040

mem[X,0x0000000080001928] -> 0x0EB7
mem[X,0x000000008000192A] -> 0xFE00
[1615] [M]: 0x0000000080001928 (0xFE000EB7) lui t4, -0x2000
x29 <- 0xFFFFFFFFFE000000

mem[X,0x000000008000192C] -> 0x8E93
mem[X,0x000000008000192E] -> 0xFFBE
[1616] [M]: 0x000000008000192C (0xFFBE8E93) addi t4, t4, -0x5
x29 <- 0xFFFFFFFFFDFFFFFB

mem[X,0x0000000080001930] -> 0x9E93
mem[X,0x0000000080001932] -> 0x00BE
[1617] [M]: 0x0000000080001930 (0x00BE9E93) slli t4, t4, 0xb
x29 <- 0xFFFFFFEFFFFFD800

mem[X,0x0000000080001934] -> 0x8E93
mem[X,0x0000000080001936] -> 0x001E
[1618] [M]: 0x0000000080001934 (0x001E8E93) addi t4, t4, 0x1
x29 <- 0xFFFFFFEFFFFFD801

mem[X,0x0000000080001938] -> 0x9E93
mem[X,0x000000008000193A] -> 0x00BE
[1619] [M]: 0x0000000080001938 (0x00BE9E93) slli t4, t4, 0xb
x29 <- 0xFFFF7FFFFEC00800

mem[X,0x000000008000193C] -> 0x8E93
mem[X,0x000000008000193E] -> 0x00FE
[1620] [M]: 0x000000008000193C (0x00FE8E93) addi t4, t4, 0xf
x29 <- 0xFFFF7FFFFEC0080F

mem[X,0x0000000080001940] -> 0x9E93
mem[X,0x0000000080001942] -> 0x00AE
[1621] [M]: 0x0000000080001940 (0x00AE9E93) slli t4, t4, 0xa
x29 <- 0xFDFFFFFB00203C00

mem[X,0x0000000080001944] -> 0x8E93
mem[X,0x0000000080001946] -> 0x3FFE
[1622] [M]: 0x0000000080001944 (0x3FFE8E93) addi t4, t4, 0x3ff
x29 <- 0xFDFFFFFB00203FFF

mem[X,0x0000000080001948] -> 0x7FBB
mem[X,0x000000008000194A] -> 0xADDF
[1623] [M]: 0x0000000080001948 (0xADDF7FBB) pmhaccsu.h.be t6, t5, t4
x31 <- 0x13A70CA661250AA0

mem[X,0x000000008000194C] -> 0x3023
mem[X,0x000000008000194E] -> 0x1DF2
[1624] [M]: 0x000000008000194C (0x1DF23023) sd t6, 0x1c0(tp)
mem[0x00000000800043B8] <- 0x13A70CA661250AA0

mem[X,0x0000000080001950] -> 0x8F37
mem[X,0x0000000080001952] -> 0xFFFD
[1625] [M]: 0x0000000080001950 (0xFFFD8F37) lui t5, -0x28
x30 <- 0xFFFFFFFFFFFD8000

mem[X,0x0000000080001954] -> 0x0F13
mem[X,0x0000000080001956] -> 0x000F
[1626] [M]: 0x0000000080001954 (0x000F0F13) addi t5, t5, 0x0
x30 <- 0xFFFFFFFFFFFD8000

mem[X,0x0000000080001958] -> 0x1F13
mem[X,0x000000008000195A] -> 0x00BF
[1627] [M]: 0x0000000080001958 (0x00BF1F13) slli t5, t5, 0xb
x30 <- 0xFFFFFFFFEC000000

mem[X,0x000000008000195C] -> 0x0F13
mem[X,0x000000008000195E] -> 0x7FFF
[1628] [M]: 0x000000008000195C (0x7FFF0F13) addi t5, t5, 0x7ff
x30 <- 0xFFFFFFFFEC0007FF

mem[X,0x0000000080001960] -> 0x1F13
mem[X,0x0000000080001962] -> 0x00BF
[1629] [M]: 0x0000000080001960 (0x00BF1F13) slli t5, t5, 0xb
x30 <- 0xFFFFFF60003FF800

mem[X,0x0000000080001964] -> 0x0F13
mem[X,0x0000000080001966] -> 0x3C0F
[1630] [M]: 0x0000000080001964 (0x3C0F0F13) addi t5, t5, 0x3c0
x30 <- 0xFFFFFF60003FFBC0

mem[X,0x0000000080001968] -> 0x1F13
mem[X,0x000000008000196A] -> 0x00AF
[1631] [M]: 0x0000000080001968 (0x00AF1F13) slli t5, t5, 0xa
x30 <- 0xFFFD8000FFEF0000

mem[X,0x000000008000196C] -> 0x0F13
mem[X,0x000000008000196E] -> 0x004F
[1632] [M]: 0x000000008000196C (0x004F0F13) addi t5, t5, 0x4
x30 <- 0xFFFD8000FFEF0004

mem[X,0x0000000080001970] -> 0x0EB7
mem[X,0x0000000080001972] -> 0x8000
[1633] [M]: 0x0000000080001970 (0x80000EB7) lui t4, -0x80000
x29 <- 0xFFFFFFFF80000000

mem[X,0x0000000080001974] -> 0x8E93
mem[X,0x0000000080001976] -> 0xFDFE
[1634] [M]: 0x0000000080001974 (0xFDFE8E93) addi t4, t4, -0x21
x29 <- 0xFFFFFFFF7FFFFFDF

mem[X,0x0000000080001978] -> 0x9E93
mem[X,0x000000008000197A] -> 0x00BE
[1635] [M]: 0x0000000080001978 (0x00BE9E93) slli t4, t4, 0xb
x29 <- 0xFFFFFBFFFFFEF800

mem[X,0x000000008000197C] -> 0x8E93
mem[X,0x000000008000197E] -> 0x7FFE
[1636] [M]: 0x000000008000197C (0x7FFE8E93) addi t4, t4, 0x7ff
x29 <- 0xFFFFFBFFFFFEFFFF

mem[X,0x0000000080001980] -> 0x9E93
mem[X,0x0000000080001982] -> 0x00BE
[1637] [M]: 0x0000000080001980 (0x00BE9E93) slli t4, t4, 0xb
x29 <- 0xFFDFFFFFF7FFF800

mem[X,0x0000000080001984] -> 0x8E93
mem[X,0x0000000080001986] -> 0x7D0E
[1638] [M]: 0x0000000080001984 (0x7D0E8E93) addi t4, t4, 0x7d0
x29 <- 0xFFDFFFFFF7FFFFD0

mem[X,0x0000000080001988] -> 0x9E93
mem[X,0x000000008000198A] -> 0x00AE
[1639] [M]: 0x0000000080001988 (0x00AE9E93) slli t4, t4, 0xa
x29 <- 0x7FFFFFDFFFFF4000

mem[X,0x000000008000198C] -> 0x7FBB
mem[X,0x000000008000198E] -> 0xADDF
[1640] [M]: 0x000000008000198C (0xADDF7FBB) pmhaccsu.h.be t6, t5, t4
x31 <- 0x14A50D1562230AA0

mem[X,0x0000000080001990] -> 0x3423
mem[X,0x0000000080001992] -> 0x1DF2
[1641] [M]: 0x0000000080001990 (0x1DF23423) sd t6, 0x1c8(tp)
mem[0x00000000800043C0] <- 0x14A50D1562230AA0

mem[X,0x0000000080001994] -> 0x4F37
mem[X,0x0000000080001996] -> 0x0005
[1642] [M]: 0x0000000080001994 (0x00054F37) lui t5, 0x54
x30 <- 0x0000000000054000

mem[X,0x0000000080001998] -> 0x0F13
mem[X,0x000000008000199A] -> 0x000F
[1643] [M]: 0x0000000080001998 (0x000F0F13) addi t5, t5, 0x0
x30 <- 0x0000000000054000

mem[X,0x000000008000199C] -> 0x1F13
mem[X,0x000000008000199E] -> 0x00BF
[1644] [M]: 0x000000008000199C (0x00BF1F13) slli t5, t5, 0xb
x30 <- 0x000000002A000000

mem[X,0x00000000800019A0] -> 0x0F13
mem[X,0x00000000800019A2] -> 0x000F
[1645] [M]: 0x00000000800019A0 (0x000F0F13) addi t5, t5, 0x0
x30 <- 0x000000002A000000

mem[X,0x00000000800019A4] -> 0x1F13
mem[X,0x00000000800019A6] -> 0x00BF
[1646] [M]: 0x00000000800019A4 (0x00BF1F13) slli t5, t5, 0xb
x30 <- 0x0000015000000000

mem[X,0x00000000800019A8] -> 0x0F13
mem[X,0x00000000800019AA] -> 0x430F
[1647] [M]: 0x00000000800019A8 (0x430F0F13) addi t5, t5, 0x430
x30 <- 0x0000015000000430

mem[X,0x00000000800019AC] -> 0x1F13
mem[X,0x00000000800019AE] -> 0x00AF
[1648] [M]: 0x00000000800019AC (0x00AF1F13) slli t5, t5, 0xa
x30 <- 0x000540000010C000

mem[X,0x00000000800019B0] -> 0x0EB7
mem[X,0x00000000800019B2] -> 0x0201
[1649] [M]: 0x00000000800019B0 (0x02010EB7) lui t4, 0x2010
x29 <- 0x0000000002010000

mem[X,0x00000000800019B4] -> 0x8E93
mem[X,0x00000000800019B6] -> 0xF7FE
[1650] [M]: 0x00000000800019B4 (0xF7FE8E93) addi t4, t4, -0x81
x29 <- 0x000000000200FF7F

mem[X,0x00000000800019B8] -> 0x9E93
mem[X,0x00000000800019BA] -> 0x00BE
[1651] [M]: 0x00000000800019B8 (0x00BE9E93) slli t4, t4, 0xb
x29 <- 0x0000001007FBF800

mem[X,0x00000000800019BC] -> 0x8E93
mem[X,0x00000000800019BE] -> 0x7FFE
[1652] [M]: 0x00000000800019BC (0x7FFE8E93) addi t4, t4, 0x7ff
x29 <- 0x0000001007FBFFFF

mem[X,0x00000000800019C0] -> 0x9E93
mem[X,0x00000000800019C2] -> 0x00BE
[1653] [M]: 0x00000000800019C0 (0x00BE9E93) slli t4, t4, 0xb
x29 <- 0x0000803FDFFFF800

mem[X,0x00000000800019C4] -> 0x8E93
mem[X,0x00000000800019C6] -> 0x7C0E
[1654] [M]: 0x00000000800019C4 (0x7C0E8E93) addi t4, t4, 0x7c0
x29 <- 0x0000803FDFFFFFC0

mem[X,0x00000000800019C8] -> 0x9E93
mem[X,0x00000000800019CA] -> 0x00AE
[1655] [M]: 0x00000000800019C8 (0x00AE9E93) slli t4, t4, 0xa
x29 <- 0x0200FF7FFFFF0000

mem[X,0x00000000800019CC] -> 0x8E93
mem[X,0x00000000800019CE] -> 0x006E
[1656] [M]: 0x00000000800019CC (0x006E8E93) addi t4, t4, 0x6
x29 <- 0x0200FF7FFFFF0006

mem[X,0x00000000800019D0] -> 0x7FBB
mem[X,0x00000000800019D2] -> 0xADDF
[1657] [M]: 0x00000000800019D0 (0xADDF7FBB) pmhaccsu.h.be t6, t5, t4
x31 <- 0x14A50D3462230AA4

mem[X,0x00000000800019D4] -> 0x3823
mem[X,0x00000000800019D6] -> 0x1DF2
[1658] [M]: 0x00000000800019D4 (0x1DF23823) sd t6, 0x1d0(tp)
mem[0x00000000800043C8] <- 0x14A50D3462230AA4

mem[X,0x00000000800019D8] -> 0x0F37
mem[X,0x00000000800019DA] -> 0x0002
[1659] [M]: 0x00000000800019D8 (0x00020F37) lui t5, 0x20
x30 <- 0x0000000000020000

mem[X,0x00000000800019DC] -> 0x0F13
mem[X,0x00000000800019DE] -> 0x010F
[1660] [M]: 0x00000000800019DC (0x010F0F13) addi t5, t5, 0x10
x30 <- 0x0000000000020010

mem[X,0x00000000800019E0] -> 0x1F13
mem[X,0x00000000800019E2] -> 0x00BF
[1661] [M]: 0x00000000800019E0 (0x00BF1F13) slli t5, t5, 0xb
x30 <- 0x0000000010008000

mem[X,0x00000000800019E4] -> 0x0F13
mem[X,0x00000000800019E6] -> 0x5FFF
[1662] [M]: 0x00000000800019E4 (0x5FFF0F13) addi t5, t5, 0x5ff
x30 <- 0x00000000100085FF

mem[X,0x00000000800019E8] -> 0x1F13
mem[X,0x00000000800019EA] -> 0x00BF
[1663] [M]: 0x00000000800019E8 (0x00BF1F13) slli t5, t5, 0xb
x30 <- 0x00000080042FF800

mem[X,0x00000000800019EC] -> 0x0F13
mem[X,0x00000000800019EE] -> 0x7C0F
[1664] [M]: 0x00000000800019EC (0x7C0F0F13) addi t5, t5, 0x7c0
x30 <- 0x00000080042FFFC0

mem[X,0x00000000800019F0] -> 0x1F13
mem[X,0x00000000800019F2] -> 0x00AF
[1665] [M]: 0x00000000800019F0 (0x00AF1F13) slli t5, t5, 0xa
x30 <- 0x00020010BFFF0000

mem[X,0x00000000800019F4] -> 0x0F13
mem[X,0x00000000800019F6] -> 0x005F
[1666] [M]: 0x00000000800019F4 (0x005F0F13) addi t5, t5, 0x5
x30 <- 0x00020010BFFF0005

mem[X,0x00000000800019F8] -> 0x0EB7
mem[X,0x00000000800019FA] -> 0xFFDF
[1667] [M]: 0x00000000800019F8 (0xFFDF0EB7) lui t4, -0x210
x29 <- 0xFFFFFFFFFFDF0000

mem[X,0x00000000800019FC] -> 0x8E93
mem[X,0x00000000800019FE] -> 0x400E
[1668] [M]: 0x00000000800019FC (0x400E8E93) addi t4, t4, 0x400
x29 <- 0xFFFFFFFFFFDF0400

mem[X,0x0000000080001A00] -> 0x9E93
mem[X,0x0000000080001A02] -> 0x00BE
[1669] [M]: 0x0000000080001A00 (0x00BE9E93) slli t4, t4, 0xb
x29 <- 0xFFFFFFFEF8200000

mem[X,0x0000000080001A04] -> 0x8E93
mem[X,0x0000000080001A06] -> 0x2AAE
[1670] [M]: 0x0000000080001A04 (0x2AAE8E93) addi t4, t4, 0x2aa
x29 <- 0xFFFFFFFEF82002AA

mem[X,0x0000000080001A08] -> 0x9E93
mem[X,0x0000000080001A0A] -> 0x00BE
[1671] [M]: 0x0000000080001A08 (0x00BE9E93) slli t4, t4, 0xb
x29 <- 0xFFFFF7C100155000

mem[X,0x0000000080001A0C] -> 0x8E93
mem[X,0x0000000080001A0E] -> 0x540E
[1672] [M]: 0x0000000080001A0C (0x540E8E93) addi t4, t4, 0x540
x29 <- 0xFFFFF7C100155540

mem[X,0x0000000080001A10] -> 0x9E93
mem[X,0x0000000080001A12] -> 0x00AE
[1673] [M]: 0x0000000080001A10 (0x00AE9E93) slli t4, t4, 0xa
x29 <- 0xFFDF040055550000

mem[X,0x0000000080001A14] -> 0x8E93
mem[X,0x0000000080001A16] -> 0x006E
[1674] [M]: 0x0000000080001A14 (0x006E8E93) addi t4, t4, 0x6
x29 <- 0xFFDF040055550006

mem[X,0x0000000080001A18] -> 0x7FBB
mem[X,0x0000000080001A1A] -> 0xADDF
[1675] [M]: 0x0000000080001A18 (0xADDF7FBB) pmhaccsu.h.be t6, t5, t4
x31 <- 0x14A50D3462620AA4

mem[X,0x0000000080001A1C] -> 0x3C23
mem[X,0x0000000080001A1E] -> 0x1DF2
[1676] [M]: 0x0000000080001A1C (0x1DF23C23) sd t6, 0x1d8(tp)
mem[0x00000000800043D0] <- 0x14A50D3462620AA4

mem[X,0x0000000080001A20] -> 0x0F37
mem[X,0x0000000080001A22] -> 0xAAAA
[1677] [M]: 0x0000000080001A20 (0xAAAA0F37) lui t5, -0x55560
x30 <- 0xFFFFFFFFAAAA0000

mem[X,0x0000000080001A24] -> 0x0F13
mem[X,0x0000000080001A26] -> 0x005F
[1678] [M]: 0x0000000080001A24 (0x005F0F13) addi t5, t5, 0x5
x30 <- 0xFFFFFFFFAAAA0005

mem[X,0x0000000080001A28] -> 0x1F13
mem[X,0x0000000080001A2A] -> 0x00BF
[1679] [M]: 0x0000000080001A28 (0x00BF1F13) slli t5, t5, 0xb
x30 <- 0xFFFFFD5550002800

mem[X,0x0000000080001A2C] -> 0x0F13
mem[X,0x0000000080001A2E] -> 0x7FDF
[1680] [M]: 0x0000000080001A2C (0x7FDF0F13) addi t5, t5, 0x7fd
x30 <- 0xFFFFFD5550002FFD

mem[X,0x0000000080001A30] -> 0x1F13
mem[X,0x0000000080001A32] -> 0x00BF
[1681] [M]: 0x0000000080001A30 (0x00BF1F13) slli t5, t5, 0xb
x30 <- 0xFFEAAA80017FE800

mem[X,0x0000000080001A34] -> 0x0F13
mem[X,0x0000000080001A36] -> 0x7C0F
[1682] [M]: 0x0000000080001A34 (0x7C0F0F13) addi t5, t5, 0x7c0
x30 <- 0xFFEAAA80017FEFC0

mem[X,0x0000000080001A38] -> 0x1F13
mem[X,0x0000000080001A3A] -> 0x00AF
[1683] [M]: 0x0000000080001A38 (0x00AF1F13) slli t5, t5, 0xa
x30 <- 0xAAAA0005FFBF0000

mem[X,0x0000000080001A3C] -> 0x0F13
mem[X,0x0000000080001A3E] -> 0x002F
[1684] [M]: 0x0000000080001A3C (0x002F0F13) addi t5, t5, 0x2
x30 <- 0xAAAA0005FFBF0002

mem[X,0x0000000080001A40] -> 0x0EB7
mem[X,0x0000000080001A42] -> 0x0000
[1685] [M]: 0x0000000080001A40 (0x00000EB7) lui t4, 0x0
x29 <- 0x0000000000000000

mem[X,0x0000000080001A44] -> 0x8E93
mem[X,0x0000000080001A46] -> 0xFFAE
[1686] [M]: 0x0000000080001A44 (0xFFAE8E93) addi t4, t4, -0x6
x29 <- 0xFFFFFFFFFFFFFFFA

mem[X,0x0000000080001A48] -> 0x9E93
mem[X,0x0000000080001A4A] -> 0x00BE
[1687] [M]: 0x0000000080001A48 (0x00BE9E93) slli t4, t4, 0xb
x29 <- 0xFFFFFFFFFFFFD000

mem[X,0x0000000080001A4C] -> 0x8E93
mem[X,0x0000000080001A4E] -> 0x7F7E
[1688] [M]: 0x0000000080001A4C (0x7F7E8E93) addi t4, t4, 0x7f7
x29 <- 0xFFFFFFFFFFFFD7F7

mem[X,0x0000000080001A50] -> 0x9E93
mem[X,0x0000000080001A52] -> 0x00BE
[1689] [M]: 0x0000000080001A50 (0x00BE9E93) slli t4, t4, 0xb
x29 <- 0xFFFFFFFFFEBFB800

mem[X,0x0000000080001A54] -> 0x8E93
mem[X,0x0000000080001A56] -> 0x7F0E
[1690] [M]: 0x0000000080001A54 (0x7F0E8E93) addi t4, t4, 0x7f0
x29 <- 0xFFFFFFFFFEBFBFF0

mem[X,0x0000000080001A58] -> 0x9E93
mem[X,0x0000000080001A5A] -> 0x00AE
[1691] [M]: 0x0000000080001A58 (0x00AE9E93) slli t4, t4, 0xa
x29 <- 0xFFFFFFFAFEFFC000

mem[X,0x0000000080001A5C] -> 0x7FBB
mem[X,0x0000000080001A5E] -> 0xADDF
[1692] [M]: 0x0000000080001A5C (0xADDF7FBB) pmhaccsu.h.be t6, t5, t4
x31 <- 0x154E0D3463600AA4

mem[X,0x0000000080001A60] -> 0x3023
mem[X,0x0000000080001A62] -> 0x1FF2
[1693] [M]: 0x0000000080001A60 (0x1FF23023) sd t6, 0x1e0(tp)
mem[0x00000000800043D8] <- 0x154E0D3463600AA4

mem[X,0x0000000080001A64] -> 0x1F37
mem[X,0x0000000080001A66] -> 0x0400
[1694] [M]: 0x0000000080001A64 (0x04001F37) lui t5, 0x4001
x30 <- 0x0000000004001000

mem[X,0x0000000080001A68] -> 0x0F13
mem[X,0x0000000080001A6A] -> 0x800F
[1695] [M]: 0x0000000080001A68 (0x800F0F13) addi t5, t5, -0x800
x30 <- 0x0000000004000800

mem[X,0x0000000080001A6C] -> 0x1F13
mem[X,0x0000000080001A6E] -> 0x00BF
[1696] [M]: 0x0000000080001A6C (0x00BF1F13) slli t5, t5, 0xb
x30 <- 0x0000002000400000

mem[X,0x0000000080001A70] -> 0x0F13
mem[X,0x0000000080001A72] -> 0x002F
[1697] [M]: 0x0000000080001A70 (0x002F0F13) addi t5, t5, 0x2
x30 <- 0x0000002000400002

mem[X,0x0000000080001A74] -> 0x1F13
mem[X,0x0000000080001A76] -> 0x00BF
[1698] [M]: 0x0000000080001A74 (0x00BF1F13) slli t5, t5, 0xb
x30 <- 0x0001000200001000

mem[X,0x0000000080001A78] -> 0x0F13
mem[X,0x0000000080001A7A] -> 0x010F
[1699] [M]: 0x0000000080001A78 (0x010F0F13) addi t5, t5, 0x10
x30 <- 0x0001000200001010

clint::tick mtime <- 0x0000000000000011
 clint timer pending at mtime 0x0000000000000011
htif::tick 0x0000000000000000
mem[X,0x0000000080001A7C] -> 0x1F13
mem[X,0x0000000080001A7E] -> 0x00AF
[1700] [M]: 0x0000000080001A7C (0x00AF1F13) slli t5, t5, 0xa
x30 <- 0x0400080000404000

mem[X,0x0000000080001A80] -> 0x0EB7
mem[X,0x0000000080001A82] -> 0x0006
[1701] [M]: 0x0000000080001A80 (0x00060EB7) lui t4, 0x60
x29 <- 0x0000000000060000

mem[X,0x0000000080001A84] -> 0x8E93
mem[X,0x0000000080001A86] -> 0x009E
[1702] [M]: 0x0000000080001A84 (0x009E8E93) addi t4, t4, 0x9
x29 <- 0x0000000000060009

mem[X,0x0000000080001A88] -> 0x9E93
mem[X,0x0000000080001A8A] -> 0x00BE
[1703] [M]: 0x0000000080001A88 (0x00BE9E93) slli t4, t4, 0xb
x29 <- 0x0000000030004800

mem[X,0x0000000080001A8C] -> 0x8E93
mem[X,0x0000000080001A8E] -> 0x5FFE
[1704] [M]: 0x0000000080001A8C (0x5FFE8E93) addi t4, t4, 0x5ff
x29 <- 0x0000000030004DFF

mem[X,0x0000000080001A90] -> 0x9E93
mem[X,0x0000000080001A92] -> 0x00BE
[1705] [M]: 0x0000000080001A90 (0x00BE9E93) slli t4, t4, 0xb
x29 <- 0x00000180026FF800

mem[X,0x0000000080001A94] -> 0x8E93
mem[X,0x0000000080001A96] -> 0x7FFE
[1706] [M]: 0x0000000080001A94 (0x7FFE8E93) addi t4, t4, 0x7ff
x29 <- 0x00000180026FFFFF

mem[X,0x0000000080001A98] -> 0x9E93
mem[X,0x0000000080001A9A] -> 0x00AE
[1707] [M]: 0x0000000080001A98 (0x00AE9E93) slli t4, t4, 0xa
x29 <- 0x00060009BFFFFC00

mem[X,0x0000000080001A9C] -> 0x8E93
mem[X,0x0000000080001A9E] -> 0x3F7E
[1708] [M]: 0x0000000080001A9C (0x3F7E8E93) addi t4, t4, 0x3f7
x29 <- 0x00060009BFFFFFF7

mem[X,0x0000000080001AA0] -> 0x7FBB
mem[X,0x0000000080001AA2] -> 0xADDF
[1709] [M]: 0x0000000080001AA0 (0xADDF7FBB) pmhaccsu.h.be t6, t5, t4
x31 <- 0x154E0D3463600AE1

mem[X,0x0000000080001AA4] -> 0x3423
mem[X,0x0000000080001AA6] -> 0x1FF2
[1710] [M]: 0x0000000080001AA4 (0x1FF23423) sd t6, 0x1e8(tp)
mem[0x00000000800043E0] <- 0x154E0D3463600AE1

mem[X,0x0000000080001AA8] -> 0x0F37
mem[X,0x0000000080001AAA] -> 0xEFFF
[1711] [M]: 0x0000000080001AA8 (0xEFFF0F37) lui t5, -0x10010
x30 <- 0xFFFFFFFFEFFF0000

mem[X,0x0000000080001AAC] -> 0x0F13
mem[X,0x0000000080001AAE] -> 0x003F
[1712] [M]: 0x0000000080001AAC (0x003F0F13) addi t5, t5, 0x3
x30 <- 0xFFFFFFFFEFFF0003

mem[X,0x0000000080001AB0] -> 0x1F13
mem[X,0x0000000080001AB2] -> 0x00BF
[1713] [M]: 0x0000000080001AB0 (0x00BF1F13) slli t5, t5, 0xb
x30 <- 0xFFFFFF7FF8001800

mem[X,0x0000000080001AB4] -> 0x0F13
mem[X,0x0000000080001AB6] -> 0x7FFF
[1714] [M]: 0x0000000080001AB4 (0x7FFF0F13) addi t5, t5, 0x7ff
x30 <- 0xFFFFFF7FF8001FFF

mem[X,0x0000000080001AB8] -> 0x1F13
mem[X,0x0000000080001ABA] -> 0x00BF
[1715] [M]: 0x0000000080001AB8 (0x00BF1F13) slli t5, t5, 0xb
x30 <- 0xFFFBFFC000FFF800

mem[X,0x0000000080001ABC] -> 0x0F13
mem[X,0x0000000080001ABE] -> 0x59FF
[1716] [M]: 0x0000000080001ABC (0x59FF0F13) addi t5, t5, 0x59f
x30 <- 0xFFFBFFC000FFFD9F

mem[X,0x0000000080001AC0] -> 0x1F13
mem[X,0x0000000080001AC2] -> 0x00AF
[1717] [M]: 0x0000000080001AC0 (0x00AF1F13) slli t5, t5, 0xa
x30 <- 0xEFFF0003FFF67C00

mem[X,0x0000000080001AC4] -> 0x0F13
mem[X,0x0000000080001AC6] -> 0x3FFF
[1718] [M]: 0x0000000080001AC4 (0x3FFF0F13) addi t5, t5, 0x3ff
x30 <- 0xEFFF0003FFF67FFF

mem[X,0x0000000080001AC8] -> 0xBEB7
mem[X,0x0000000080001ACA] -> 0xFBFF
[1719] [M]: 0x0000000080001AC8 (0xFBFFBEB7) lui t4, -0x4005
x29 <- 0xFFFFFFFFFBFFB000

mem[X,0x0000000080001ACC] -> 0x8E93
mem[X,0x0000000080001ACE] -> 0xAAAE
[1720] [M]: 0x0000000080001ACC (0xAAAE8E93) addi t4, t4, -0x556
x29 <- 0xFFFFFFFFFBFFAAAA

mem[X,0x0000000080001AD0] -> 0x9E93
mem[X,0x0000000080001AD2] -> 0x00BE
[1721] [M]: 0x0000000080001AD0 (0x00BE9E93) slli t4, t4, 0xb
x29 <- 0xFFFFFFDFFD555000

mem[X,0x0000000080001AD4] -> 0x8E93
mem[X,0x0000000080001AD6] -> 0x001E
[1722] [M]: 0x0000000080001AD4 (0x001E8E93) addi t4, t4, 0x1
x29 <- 0xFFFFFFDFFD555001

mem[X,0x0000000080001AD8] -> 0x9E93
mem[X,0x0000000080001ADA] -> 0x00BE
[1723] [M]: 0x0000000080001AD8 (0x00BE9E93) slli t4, t4, 0xb
x29 <- 0xFFFEFFEAAA800800

mem[X,0x0000000080001ADC] -> 0x8E93
mem[X,0x0000000080001ADE] -> 0x000E
[1724] [M]: 0x0000000080001ADC (0x000E8E93) addi t4, t4, 0x0
x29 <- 0xFFFEFFEAAA800800

mem[X,0x0000000080001AE0] -> 0x9E93
mem[X,0x0000000080001AE2] -> 0x00AE
[1725] [M]: 0x0000000080001AE0 (0x00AE9E93) slli t4, t4, 0xa
x29 <- 0xFBFFAAAA00200000

mem[X,0x0000000080001AE4] -> 0x8E93
mem[X,0x0000000080001AE6] -> 0x007E
[1726] [M]: 0x0000000080001AE4 (0x007E8E93) addi t4, t4, 0x7
x29 <- 0xFBFFAAAA00200007

mem[X,0x0000000080001AE8] -> 0x7FBB
mem[X,0x0000000080001AEA] -> 0xADDF
[1727] [M]: 0x0000000080001AE8 (0xADDF7FBB) pmhaccsu.h.be t6, t5, t4
x31 <- 0x163D0D34637F0AE4

mem[X,0x0000000080001AEC] -> 0x3823
mem[X,0x0000000080001AEE] -> 0x1FF2
[1728] [M]: 0x0000000080001AEC (0x1FF23823) sd t6, 0x1f0(tp)
mem[0x00000000800043E8] <- 0x163D0D34637F0AE4

mem[X,0x0000000080001AF0] -> 0x0F37
mem[X,0x0000000080001AF2] -> 0x3FFF
[1729] [M]: 0x0000000080001AF0 (0x3FFF0F37) lui t5, 0x3fff0
x30 <- 0x000000003FFF0000

mem[X,0x0000000080001AF4] -> 0x0F13
mem[X,0x0000000080001AF6] -> 0x004F
[1730] [M]: 0x0000000080001AF4 (0x004F0F13) addi t5, t5, 0x4
x30 <- 0x000000003FFF0004

mem[X,0x0000000080001AF8] -> 0x1F13
mem[X,0x0000000080001AFA] -> 0x00BF
[1731] [M]: 0x0000000080001AF8 (0x00BF1F13) slli t5, t5, 0xb
x30 <- 0x000001FFF8002000

mem[X,0x0000000080001AFC] -> 0x0F13
mem[X,0x0000000080001AFE] -> 0x6FFF
[1732] [M]: 0x0000000080001AFC (0x6FFF0F13) addi t5, t5, 0x6ff
x30 <- 0x000001FFF80026FF

mem[X,0x0000000080001B00] -> 0x1F13
mem[X,0x0000000080001B02] -> 0x00BF
[1733] [M]: 0x0000000080001B00 (0x00BF1F13) slli t5, t5, 0xb
x30 <- 0x000FFFC00137F800

mem[X,0x0000000080001B04] -> 0x0F13
mem[X,0x0000000080001B06] -> 0x7C1F
[1734] [M]: 0x0000000080001B04 (0x7C1F0F13) addi t5, t5, 0x7c1
x30 <- 0x000FFFC00137FFC1

mem[X,0x0000000080001B08] -> 0x1F13
mem[X,0x0000000080001B0A] -> 0x00AF
[1735] [M]: 0x0000000080001B08 (0x00AF1F13) slli t5, t5, 0xa
x30 <- 0x3FFF0004DFFF0400

mem[X,0x0000000080001B0C] -> 0x0EB7
mem[X,0x0000000080001B0E] -> 0x0010
[1736] [M]: 0x0000000080001B0C (0x00100EB7) lui t4, 0x100
x29 <- 0x0000000000100000

mem[X,0x0000000080001B10] -> 0x8E93
mem[X,0x0000000080001B12] -> 0x002E
[1737] [M]: 0x0000000080001B10 (0x002E8E93) addi t4, t4, 0x2
x29 <- 0x0000000000100002

mem[X,0x0000000080001B14] -> 0x9E93
mem[X,0x0000000080001B16] -> 0x00BE
[1738] [M]: 0x0000000080001B14 (0x00BE9E93) slli t4, t4, 0xb
x29 <- 0x0000000080001000

mem[X,0x0000000080001B18] -> 0x8E93
mem[X,0x0000000080001B1A] -> 0x7BFE
[1739] [M]: 0x0000000080001B18 (0x7BFE8E93) addi t4, t4, 0x7bf
x29 <- 0x00000000800017BF

mem[X,0x0000000080001B1C] -> 0x9E93
mem[X,0x0000000080001B1E] -> 0x00BE
[1740] [M]: 0x0000000080001B1C (0x00BE9E93) slli t4, t4, 0xb
x29 <- 0x0000040000BDF800

mem[X,0x0000000080001B20] -> 0x8E93
mem[X,0x0000000080001B22] -> 0x7FFE
[1741] [M]: 0x0000000080001B20 (0x7FFE8E93) addi t4, t4, 0x7ff
x29 <- 0x0000040000BDFFFF

mem[X,0x0000000080001B24] -> 0x9E93
mem[X,0x0000000080001B26] -> 0x00AE
[1742] [M]: 0x0000000080001B24 (0x00AE9E93) slli t4, t4, 0xa
x29 <- 0x00100002F7FFFC00

mem[X,0x0000000080001B28] -> 0x8E93
mem[X,0x0000000080001B2A] -> 0x3BFE
[1743] [M]: 0x0000000080001B28 (0x3BFE8E93) addi t4, t4, 0x3bf
x29 <- 0x00100002F7FFFFBF

mem[X,0x0000000080001B2C] -> 0x7FBB
mem[X,0x0000000080001B2E] -> 0xADDF
[1744] [M]: 0x0000000080001B2C (0xADDF7FBB) pmhaccsu.h.be t6, t5, t4
x31 <- 0x16400D34645E0AE6

mem[X,0x0000000080001B30] -> 0x3C23
mem[X,0x0000000080001B32] -> 0x1FF2
[1745] [M]: 0x0000000080001B30 (0x1FF23C23) sd t6, 0x1f8(tp)
mem[0x00000000800043F0] <- 0x16400D34645E0AE6

mem[X,0x0000000080001B34] -> 0x0F37
mem[X,0x0000000080001B36] -> 0x0080
[1746] [M]: 0x0000000080001B34 (0x00800F37) lui t5, 0x800
x30 <- 0x0000000000800000

mem[X,0x0000000080001B38] -> 0x0F13
mem[X,0x0000000080001B3A] -> 0x002F
[1747] [M]: 0x0000000080001B38 (0x002F0F13) addi t5, t5, 0x2
x30 <- 0x0000000000800002

mem[X,0x0000000080001B3C] -> 0x1F13
mem[X,0x0000000080001B3E] -> 0x00BF
[1748] [M]: 0x0000000080001B3C (0x00BF1F13) slli t5, t5, 0xb
x30 <- 0x0000000400001000

mem[X,0x0000000080001B40] -> 0x0F13
mem[X,0x0000000080001B42] -> 0x7FFF
[1749] [M]: 0x0000000080001B40 (0x7FFF0F13) addi t5, t5, 0x7ff
x30 <- 0x00000004000017FF

mem[X,0x0000000080001B44] -> 0x1F13
mem[X,0x0000000080001B46] -> 0x00BF
[1750] [M]: 0x0000000080001B44 (0x00BF1F13) slli t5, t5, 0xb
x30 <- 0x0000200000BFF800

mem[X,0x0000000080001B48] -> 0x0F13
mem[X,0x0000000080001B4A] -> 0x740F
[1751] [M]: 0x0000000080001B48 (0x740F0F13) addi t5, t5, 0x740
x30 <- 0x0000200000BFFF40

mem[X,0x0000000080001B4C] -> 0x1F13
mem[X,0x0000000080001B4E] -> 0x00AF
[1752] [M]: 0x0000000080001B4C (0x00AF1F13) slli t5, t5, 0xa
x30 <- 0x00800002FFFD0000

mem[X,0x0000000080001B50] -> 0x0F13
mem[X,0x0000000080001B52] -> 0x100F
[1753] [M]: 0x0000000080001B50 (0x100F0F13) addi t5, t5, 0x100
x30 <- 0x00800002FFFD0100

mem[X,0x0000000080001B54] -> 0x0EB7
mem[X,0x0000000080001B56] -> 0x0001
[1754] [M]: 0x0000000080001B54 (0x00010EB7) lui t4, 0x10
x29 <- 0x0000000000010000

mem[X,0x0000000080001B58] -> 0x8E93
mem[X,0x0000000080001B5A] -> 0xEFFE
[1755] [M]: 0x0000000080001B58 (0xEFFE8E93) addi t4, t4, -0x101
x29 <- 0x000000000000FEFF

mem[X,0x0000000080001B5C] -> 0x9E93
mem[X,0x0000000080001B5E] -> 0x00BE
[1756] [M]: 0x0000000080001B5C (0x00BE9E93) slli t4, t4, 0xb
x29 <- 0x0000000007F7F800

mem[X,0x0000000080001B60] -> 0x8E93
mem[X,0x0000000080001B62] -> 0x7FFE
[1757] [M]: 0x0000000080001B60 (0x7FFE8E93) addi t4, t4, 0x7ff
x29 <- 0x0000000007F7FFFF

mem[X,0x0000000080001B64] -> 0x9E93
mem[X,0x0000000080001B66] -> 0x00BE
[1758] [M]: 0x0000000080001B64 (0x00BE9E93) slli t4, t4, 0xb
x29 <- 0x0000003FBFFFF800

mem[X,0x0000000080001B68] -> 0x8E93
mem[X,0x0000000080001B6A] -> 0x6B7E
[1759] [M]: 0x0000000080001B68 (0x6B7E8E93) addi t4, t4, 0x6b7
x29 <- 0x0000003FBFFFFEB7

mem[X,0x0000000080001B6C] -> 0x9E93
mem[X,0x0000000080001B6E] -> 0x00AE
[1760] [M]: 0x0000000080001B6C (0x00AE9E93) slli t4, t4, 0xa
x29 <- 0x0000FEFFFFFADC00

mem[X,0x0000000080001B70] -> 0x8E93
mem[X,0x0000000080001B72] -> 0x3FFE
[1761] [M]: 0x0000000080001B70 (0x3FFE8E93) addi t4, t4, 0x3ff
x29 <- 0x0000FEFFFFFADFFF

mem[X,0x0000000080001B74] -> 0x7FBB
mem[X,0x0000000080001B76] -> 0xADDF
[1762] [M]: 0x0000000080001B74 (0xADDF7FBB) pmhaccsu.h.be t6, t5, t4
x31 <- 0x16400D3465570AE6

mem[X,0x0000000080001B78] -> 0x3023
mem[X,0x0000000080001B7A] -> 0x21F2
[1763] [M]: 0x0000000080001B78 (0x21F23023) sd t6, 0x200(tp)
mem[0x00000000800043F8] <- 0x16400D3465570AE6

mem[X,0x0000000080001B7C] -> 0x0F37
mem[X,0x0000000080001B7E] -> 0x0081
[1764] [M]: 0x0000000080001B7C (0x00810F37) lui t5, 0x810
x30 <- 0x0000000000810000

mem[X,0x0000000080001B80] -> 0x0F13
mem[X,0x0000000080001B82] -> 0xFFAF
[1765] [M]: 0x0000000080001B80 (0xFFAF0F13) addi t5, t5, -0x6
x30 <- 0x000000000080FFFA

mem[X,0x0000000080001B84] -> 0x1F13
mem[X,0x0000000080001B86] -> 0x00BF
[1766] [M]: 0x0000000080001B84 (0x00BF1F13) slli t5, t5, 0xb
x30 <- 0x0000000407FFD000

mem[X,0x0000000080001B88] -> 0x0F13
mem[X,0x0000000080001B8A] -> 0x5FFF
[1767] [M]: 0x0000000080001B88 (0x5FFF0F13) addi t5, t5, 0x5ff
x30 <- 0x0000000407FFD5FF

mem[X,0x0000000080001B8C] -> 0x1F13
mem[X,0x0000000080001B8E] -> 0x00BF
[1768] [M]: 0x0000000080001B8C (0x00BF1F13) slli t5, t5, 0xb
x30 <- 0x0000203FFEAFF800

mem[X,0x0000000080001B90] -> 0x0F13
mem[X,0x0000000080001B92] -> 0x7FFF
[1769] [M]: 0x0000000080001B90 (0x7FFF0F13) addi t5, t5, 0x7ff
x30 <- 0x0000203FFEAFFFFF

mem[X,0x0000000080001B94] -> 0x1F13
mem[X,0x0000000080001B96] -> 0x00AF
[1770] [M]: 0x0000000080001B94 (0x00AF1F13) slli t5, t5, 0xa
x30 <- 0x0080FFFABFFFFC00

mem[X,0x0000000080001B98] -> 0x0F13
mem[X,0x0000000080001B9A] -> 0x3FFF
[1771] [M]: 0x0000000080001B98 (0x3FFF0F13) addi t5, t5, 0x3ff
x30 <- 0x0080FFFABFFFFFFF

mem[X,0x0000000080001B9C] -> 0x0EB7
mem[X,0x0000000080001B9E] -> 0x1000
[1772] [M]: 0x0000000080001B9C (0x10000EB7) lui t4, 0x10000
x29 <- 0x0000000010000000

mem[X,0x0000000080001BA0] -> 0x8E93
mem[X,0x0000000080001BA2] -> 0x004E
[1773] [M]: 0x0000000080001BA0 (0x004E8E93) addi t4, t4, 0x4
x29 <- 0x0000000010000004

mem[X,0x0000000080001BA4] -> 0x9E93
mem[X,0x0000000080001BA6] -> 0x00BE
[1774] [M]: 0x0000000080001BA4 (0x00BE9E93) slli t4, t4, 0xb
x29 <- 0x0000008000002000

mem[X,0x0000000080001BA8] -> 0x8E93
mem[X,0x0000000080001BAA] -> 0x77FE
[1775] [M]: 0x0000000080001BA8 (0x77FE8E93) addi t4, t4, 0x77f
x29 <- 0x000000800000277F

mem[X,0x0000000080001BAC] -> 0x9E93
mem[X,0x0000000080001BAE] -> 0x00BE
[1776] [M]: 0x0000000080001BAC (0x00BE9E93) slli t4, t4, 0xb
x29 <- 0x00040000013BF800

mem[X,0x0000000080001BB0] -> 0x8E93
mem[X,0x0000000080001BB2] -> 0x7C0E
[1777] [M]: 0x0000000080001BB0 (0x7C0E8E93) addi t4, t4, 0x7c0
x29 <- 0x00040000013BFFC0

mem[X,0x0000000080001BB4] -> 0x9E93
mem[X,0x0000000080001BB6] -> 0x00AE
[1778] [M]: 0x0000000080001BB4 (0x00AE9E93) slli t4, t4, 0xa
x29 <- 0x10000004EFFF0000

mem[X,0x0000000080001BB8] -> 0x8E93
mem[X,0x0000000080001BBA] -> 0x010E
[1779] [M]: 0x0000000080001BB8 (0x010E8E93) addi t4, t4, 0x10
x29 <- 0x10000004EFFF0010

mem[X,0x0000000080001BBC] -> 0x7FBB
mem[X,0x0000000080001BBE] -> 0xADDF
[1780] [M]: 0x0000000080001BBC (0xADDF7FBB) pmhaccsu.h.be t6, t5, t4
x31 <- 0x16400D3766160AF5

mem[X,0x0000000080001BC0] -> 0x3423
mem[X,0x0000000080001BC2] -> 0x21F2
[1781] [M]: 0x0000000080001BC0 (0x21F23423) sd t6, 0x208(tp)
mem[0x0000000080004400] <- 0x16400D3766160AF5

mem[X,0x0000000080001BC4] -> 0xFF37
mem[X,0x0000000080001BC6] -> 0x0004
[1782] [M]: 0x0000000080001BC4 (0x0004FF37) lui t5, 0x4f
x30 <- 0x000000000004F000

mem[X,0x0000000080001BC8] -> 0x0F13
mem[X,0x0000000080001BCA] -> 0x7FFF
[1783] [M]: 0x0000000080001BC8 (0x7FFF0F13) addi t5, t5, 0x7ff
x30 <- 0x000000000004F7FF

mem[X,0x0000000080001BCC] -> 0x1F13
mem[X,0x0000000080001BCE] -> 0x00BF
[1784] [M]: 0x0000000080001BCC (0x00BF1F13) slli t5, t5, 0xb
x30 <- 0x0000000027BFF800

mem[X,0x0000000080001BD0] -> 0x0F13
mem[X,0x0000000080001BD2] -> 0x5FFF
[1785] [M]: 0x0000000080001BD0 (0x5FFF0F13) addi t5, t5, 0x5ff
x30 <- 0x0000000027BFFDFF

mem[X,0x0000000080001BD4] -> 0x1F13
mem[X,0x0000000080001BD6] -> 0x00BF
[1786] [M]: 0x0000000080001BD4 (0x00BF1F13) slli t5, t5, 0xb
x30 <- 0x0000013DFFEFF800

mem[X,0x0000000080001BD8] -> 0x0F13
mem[X,0x0000000080001BDA] -> 0x7C0F
[1787] [M]: 0x0000000080001BD8 (0x7C0F0F13) addi t5, t5, 0x7c0
x30 <- 0x0000013DFFEFFFC0

mem[X,0x0000000080001BDC] -> 0x1F13
mem[X,0x0000000080001BDE] -> 0x00AF
[1788] [M]: 0x0000000080001BDC (0x00AF1F13) slli t5, t5, 0xa
x30 <- 0x0004F7FFBFFF0000

mem[X,0x0000000080001BE0] -> 0x0EB7
mem[X,0x0000000080001BE2] -> 0xFF00
[1789] [M]: 0x0000000080001BE0 (0xFF000EB7) lui t4, -0x1000
x29 <- 0xFFFFFFFFFF000000

mem[X,0x0000000080001BE4] -> 0x8E93
mem[X,0x0000000080001BE6] -> 0xEFFE
[1790] [M]: 0x0000000080001BE4 (0xEFFE8E93) addi t4, t4, -0x101
x29 <- 0xFFFFFFFFFEFFFEFF

mem[X,0x0000000080001BE8] -> 0x9E93
mem[X,0x0000000080001BEA] -> 0x00BE
[1791] [M]: 0x0000000080001BE8 (0x00BE9E93) slli t4, t4, 0xb
x29 <- 0xFFFFFFF7FFF7F800

mem[X,0x0000000080001BEC] -> 0x8E93
mem[X,0x0000000080001BEE] -> 0x7FFE
[1792] [M]: 0x0000000080001BEC (0x7FFE8E93) addi t4, t4, 0x7ff
x29 <- 0xFFFFFFF7FFF7FFFF

mem[X,0x0000000080001BF0] -> 0x9E93
mem[X,0x0000000080001BF2] -> 0x00BE
[1793] [M]: 0x0000000080001BF0 (0x00BE9E93) slli t4, t4, 0xb
x29 <- 0xFFFFBFFFBFFFF800

mem[X,0x0000000080001BF4] -> 0x8E93
mem[X,0x0000000080001BF6] -> 0x680E
[1794] [M]: 0x0000000080001BF4 (0x680E8E93) addi t4, t4, 0x680
x29 <- 0xFFFFBFFFBFFFFE80

mem[X,0x0000000080001BF8] -> 0x9E93
mem[X,0x0000000080001BFA] -> 0x00AE
[1795] [M]: 0x0000000080001BF8 (0x00AE9E93) slli t4, t4, 0xa
x29 <- 0xFEFFFEFFFFFA0000

mem[X,0x0000000080001BFC] -> 0x8E93
mem[X,0x0000000080001BFE] -> 0x020E
[1796] [M]: 0x0000000080001BFC (0x020E8E93) addi t4, t4, 0x20
x29 <- 0xFEFFFEFFFFFA0020

mem[X,0x0000000080001C00] -> 0x7FBB
mem[X,0x0000000080001C02] -> 0xADDF
[1797] [M]: 0x0000000080001C00 (0xADDF7FBB) pmhaccsu.h.be t6, t5, t4
x31 <- 0x16400E2E66D10AF5

mem[X,0x0000000080001C04] -> 0x3823
mem[X,0x0000000080001C06] -> 0x21F2
[1798] [M]: 0x0000000080001C04 (0x21F23823) sd t6, 0x210(tp)
mem[0x0000000080004408] <- 0x16400E2E66D10AF5

mem[X,0x0000000080001C08] -> 0x1F37
mem[X,0x0000000080001C0A] -> 0x0002
[1799] [M]: 0x0000000080001C08 (0x00021F37) lui t5, 0x21
x30 <- 0x0000000000021000

clint::tick mtime <- 0x0000000000000012
 clint timer pending at mtime 0x0000000000000012
htif::tick 0x0000000000000000
mem[X,0x0000000080001C0C] -> 0x0F13
mem[X,0x0000000080001C0E] -> 0x000F
[1800] [M]: 0x0000000080001C0C (0x000F0F13) addi t5, t5, 0x0
x30 <- 0x0000000000021000

mem[X,0x0000000080001C10] -> 0x1F13
mem[X,0x0000000080001C12] -> 0x00BF
[1801] [M]: 0x0000000080001C10 (0x00BF1F13) slli t5, t5, 0xb
x30 <- 0x0000000010800000

mem[X,0x0000000080001C14] -> 0x0F13
mem[X,0x0000000080001C16] -> 0x77FF
[1802] [M]: 0x0000000080001C14 (0x77FF0F13) addi t5, t5, 0x77f
x30 <- 0x000000001080077F

mem[X,0x0000000080001C18] -> 0x1F13
mem[X,0x0000000080001C1A] -> 0x00BF
[1803] [M]: 0x0000000080001C18 (0x00BF1F13) slli t5, t5, 0xb
x30 <- 0x00000084003BF800

mem[X,0x0000000080001C1C] -> 0x0F13
mem[X,0x0000000080001C1E] -> 0x7FFF
[1804] [M]: 0x0000000080001C1C (0x7FFF0F13) addi t5, t5, 0x7ff
x30 <- 0x00000084003BFFFF

mem[X,0x0000000080001C20] -> 0x1F13
mem[X,0x0000000080001C22] -> 0x00AF
[1805] [M]: 0x0000000080001C20 (0x00AF1F13) slli t5, t5, 0xa
x30 <- 0x00021000EFFFFC00

mem[X,0x0000000080001C24] -> 0x0F13
mem[X,0x0000000080001C26] -> 0x3FDF
[1806] [M]: 0x0000000080001C24 (0x3FDF0F13) addi t5, t5, 0x3fd
x30 <- 0x00021000EFFFFFFD

mem[X,0x0000000080001C28] -> 0x0EB7
mem[X,0x0000000080001C2A] -> 0xFFBF
[1807] [M]: 0x0000000080001C28 (0xFFBF0EB7) lui t4, -0x410
x29 <- 0xFFFFFFFFFFBF0000

mem[X,0x0000000080001C2C] -> 0x8E93
mem[X,0x0000000080001C2E] -> 0x008E
[1808] [M]: 0x0000000080001C2C (0x008E8E93) addi t4, t4, 0x8
x29 <- 0xFFFFFFFFFFBF0008

mem[X,0x0000000080001C30] -> 0x9E93
mem[X,0x0000000080001C32] -> 0x00BE
[1809] [M]: 0x0000000080001C30 (0x00BE9E93) slli t4, t4, 0xb
x29 <- 0xFFFFFFFDF8004000

mem[X,0x0000000080001C34] -> 0x8E93
mem[X,0x0000000080001C36] -> 0x010E
[1810] [M]: 0x0000000080001C34 (0x010E8E93) addi t4, t4, 0x10
x29 <- 0xFFFFFFFDF8004010

mem[X,0x0000000080001C38] -> 0x9E93
mem[X,0x0000000080001C3A] -> 0x00BE
[1811] [M]: 0x0000000080001C38 (0x00BE9E93) slli t4, t4, 0xb
x29 <- 0xFFFFEFC002008000

mem[X,0x0000000080001C3C] -> 0x8E93
mem[X,0x0000000080001C3E] -> 0x000E
[1812] [M]: 0x0000000080001C3C (0x000E8E93) addi t4, t4, 0x0
x29 <- 0xFFFFEFC002008000

mem[X,0x0000000080001C40] -> 0x9E93
mem[X,0x0000000080001C42] -> 0x00AE
[1813] [M]: 0x0000000080001C40 (0x00AE9E93) slli t4, t4, 0xa
x29 <- 0xFFBF000802000000

mem[X,0x0000000080001C44] -> 0x8E93
mem[X,0x0000000080001C46] -> 0x009E
[1814] [M]: 0x0000000080001C44 (0x009E8E93) addi t4, t4, 0x9
x29 <- 0xFFBF000802000009

mem[X,0x0000000080001C48] -> 0x7FBB
mem[X,0x0000000080001C4A] -> 0xADDF
[1815] [M]: 0x0000000080001C48 (0xADDF7FBB) pmhaccsu.h.be t6, t5, t4
x31 <- 0x16400E2E66D10AFD

mem[X,0x0000000080001C4C] -> 0x3C23
mem[X,0x0000000080001C4E] -> 0x21F2
[1816] [M]: 0x0000000080001C4C (0x21F23C23) sd t6, 0x218(tp)
mem[0x0000000080004410] <- 0x16400E2E66D10AFD

mem[X,0x0000000080001C50] -> 0x006F
mem[X,0x0000000080001C52] -> 0x0380
[1817] [M]: 0x0000000080001C50 (0x0380006F) jal zero, 0x38

mem[X,0x0000000080001C88] -> 0x0093
mem[X,0x0000000080001C8A] -> 0x0010
[1818] [M]: 0x0000000080001C88 (0x00100093) addi ra, zero, 0x1
x1 <- 0x0000000000000001

mem[X,0x0000000080001C8C] -> 0x0F17
mem[X,0x0000000080001C8E] -> 0x0000
[1819] [M]: 0x0000000080001C8C (0x00000F17) auipc t5, 0x0
x30 <- 0x0000000080001C8C

mem[X,0x0000000080001C90] -> 0x2A23
mem[X,0x0000000080001C92] -> 0x361F
[1820] [M]: 0x0000000080001C90 (0x361F2A23) sw ra, 0x374(t5)
htif[0x0000000080002000] <- 0x00000001

mem[X,0x0000000080001C94] -> 0xF06F
mem[X,0x0000000080001C96] -> 0xFF9F
[1821] [M]: 0x0000000080001C94 (0xFF9FF06F) jal zero, -0x8

mem[X,0x0000000080001C8C] -> 0x0F17
mem[X,0x0000000080001C8E] -> 0x0000
[1822] [M]: 0x0000000080001C8C (0x00000F17) auipc t5, 0x0
x30 <- 0x0000000080001C8C

mem[X,0x0000000080001C90] -> 0x2A23
mem[X,0x0000000080001C92] -> 0x361F
[1823] [M]: 0x0000000080001C90 (0x361F2A23) sw ra, 0x374(t5)
htif[0x0000000080002000] <- 0x00000001

mem[X,0x0000000080001C94] -> 0xF06F
mem[X,0x0000000080001C96] -> 0xFF9F
[1824] [M]: 0x0000000080001C94 (0xFF9FF06F) jal zero, -0x8

mem[X,0x0000000080001C8C] -> 0x0F17
mem[X,0x0000000080001C8E] -> 0x0000
[1825] [M]: 0x0000000080001C8C (0x00000F17) auipc t5, 0x0
x30 <- 0x0000000080001C8C

mem[X,0x0000000080001C90] -> 0x2A23
mem[X,0x0000000080001C92] -> 0x361F
[1826] [M]: 0x0000000080001C90 (0x361F2A23) sw ra, 0x374(t5)
htif[0x0000000080002000] <- 0x00000001
htif-syscall-proxy cmd: 0x000000000001

SUCCESS
