using /home/chsu/rvp-workspace/test-example/riscof_work/padd.h.h0-01.S/ref/Reference-sail_c_simulator.signature for test-signature output.
tohost located at 0x80001000
Running file ref.elf.
ELF Entry @ 0x80000000
begin_signature: 0x80003110
end_signature: 0x80003260
CSR mstatus <- 0x00000000 (input: 0x00000000)
mem[X,0x00001000] -> 0x0297
mem[X,0x00001002] -> 0x0000
[0] [M]: 0x00001000 (0x00000297) auipc t0, 0x0
x5 <- 0x00001000

mem[X,0x00001004] -> 0x8593
mem[X,0x00001006] -> 0x0202
[1] [M]: 0x00001004 (0x02028593) addi a1, t0, 0x20
x11 <- 0x00001020

mem[X,0x00001008] -> 0x2573
mem[X,0x0000100A] -> 0xF140
[2] [M]: 0x00001008 (0xF1402573) csrrs a0, mhartid, zero
CSR mhartid -> 0x00000000
x10 <- 0x00000000

mem[X,0x0000100C] -> 0xA283
mem[X,0x0000100E] -> 0x0182
[3] [M]: 0x0000100C (0x0182A283) lw t0, 0x18(t0)
mem[R,0x00001018] -> 0x80000000
x5 <- 0x80000000

mem[X,0x00001010] -> 0x8067
mem[X,0x00001012] -> 0x0002
[4] [M]: 0x00001010 (0x00028067) jalr zero, 0x0(t0)

mem[X,0x80000000] -> 0x0837
mem[X,0x80000002] -> 0x7D5C
[5] [M]: 0x80000000 (0x7D5C0837) lui a6, 0x7d5c0
x16 <- 0x7D5C0000

mem[X,0x80000004] -> 0x0813
mem[X,0x80000006] -> 0xDDB8
[6] [M]: 0x80000004 (0xDDB80813) addi a6, a6, -0x225
x16 <- 0x7D5BFDDB

mem[X,0x80000008] -> 0x5893
mem[X,0x8000000A] -> 0x0078
[7] [M]: 0x80000008 (0x00785893) srli a7, a6, 0x7
x17 <- 0x00FAB7FB

mem[X,0x8000000C] -> 0x5793
mem[X,0x8000000E] -> 0x0198
[8] [M]: 0x8000000C (0x01985793) srli a5, a6, 0x19
x15 <- 0x0000003E

mem[X,0x80000010] -> 0xE8B3
mem[X,0x80000012] -> 0x00F8
[9] [M]: 0x80000010 (0x00F8E8B3) or a7, a7, a5
x17 <- 0x00FAB7FF

mem[X,0x80000014] -> 0xD913
mem[X,0x80000016] -> 0x0078
[10] [M]: 0x80000014 (0x0078D913) srli s2, a7, 0x7
x18 <- 0x0001F56F

mem[X,0x80000018] -> 0xD793
mem[X,0x8000001A] -> 0x0198
[11] [M]: 0x80000018 (0x0198D793) srli a5, a7, 0x19
x15 <- 0x00000000

mem[X,0x8000001C] -> 0x6933
mem[X,0x8000001E] -> 0x00F9
[12] [M]: 0x8000001C (0x00F96933) or s2, s2, a5
x18 <- 0x0001F56F

mem[X,0x80000020] -> 0x5993
mem[X,0x80000022] -> 0x0079
[13] [M]: 0x80000020 (0x00795993) srli s3, s2, 0x7
x19 <- 0x000003EA

mem[X,0x80000024] -> 0x5793
mem[X,0x80000026] -> 0x0199
[14] [M]: 0x80000024 (0x01995793) srli a5, s2, 0x19
x15 <- 0x00000000

mem[X,0x80000028] -> 0xE9B3
mem[X,0x8000002A] -> 0x00F9
[15] [M]: 0x80000028 (0x00F9E9B3) or s3, s3, a5
x19 <- 0x000003EA

mem[X,0x8000002C] -> 0xDA13
mem[X,0x8000002E] -> 0x0079
[16] [M]: 0x8000002C (0x0079DA13) srli s4, s3, 0x7
x20 <- 0x00000007

mem[X,0x80000030] -> 0xD793
mem[X,0x80000032] -> 0x0199
[17] [M]: 0x80000030 (0x0199D793) srli a5, s3, 0x19
x15 <- 0x00000000

mem[X,0x80000034] -> 0x6A33
mem[X,0x80000036] -> 0x00FA
[18] [M]: 0x80000034 (0x00FA6A33) or s4, s4, a5
x20 <- 0x00000007

mem[X,0x80000038] -> 0x5A93
mem[X,0x8000003A] -> 0x007A
[19] [M]: 0x80000038 (0x007A5A93) srli s5, s4, 0x7
x21 <- 0x00000000

mem[X,0x8000003C] -> 0x5793
mem[X,0x8000003E] -> 0x019A
[20] [M]: 0x8000003C (0x019A5793) srli a5, s4, 0x19
x15 <- 0x00000000

mem[X,0x80000040] -> 0xEAB3
mem[X,0x80000042] -> 0x00FA
[21] [M]: 0x80000040 (0x00FAEAB3) or s5, s5, a5
x21 <- 0x00000000

mem[X,0x80000044] -> 0xDB13
mem[X,0x80000046] -> 0x007A
[22] [M]: 0x80000044 (0x007ADB13) srli s6, s5, 0x7
x22 <- 0x00000000

mem[X,0x80000048] -> 0xD793
mem[X,0x8000004A] -> 0x019A
[23] [M]: 0x80000048 (0x019AD793) srli a5, s5, 0x19
x15 <- 0x00000000

mem[X,0x8000004C] -> 0x6B33
mem[X,0x8000004E] -> 0x00FB
[24] [M]: 0x8000004C (0x00FB6B33) or s6, s6, a5
x22 <- 0x00000000

mem[X,0x80000050] -> 0x5B93
mem[X,0x80000052] -> 0x007B
[25] [M]: 0x80000050 (0x007B5B93) srli s7, s6, 0x7
x23 <- 0x00000000

mem[X,0x80000054] -> 0x5793
mem[X,0x80000056] -> 0x019B
[26] [M]: 0x80000054 (0x019B5793) srli a5, s6, 0x19
x15 <- 0x00000000

mem[X,0x80000058] -> 0xEBB3
mem[X,0x8000005A] -> 0x00FB
[27] [M]: 0x80000058 (0x00FBEBB3) or s7, s7, a5
x23 <- 0x00000000

mem[X,0x8000005C] -> 0xDC13
mem[X,0x8000005E] -> 0x007B
[28] [M]: 0x8000005C (0x007BDC13) srli s8, s7, 0x7
x24 <- 0x00000000

mem[X,0x80000060] -> 0xD793
mem[X,0x80000062] -> 0x019B
[29] [M]: 0x80000060 (0x019BD793) srli a5, s7, 0x19
x15 <- 0x00000000

mem[X,0x80000064] -> 0x6C33
mem[X,0x80000066] -> 0x00FC
[30] [M]: 0x80000064 (0x00FC6C33) or s8, s8, a5
x24 <- 0x00000000

mem[X,0x80000068] -> 0x5C93
mem[X,0x8000006A] -> 0x007C
[31] [M]: 0x80000068 (0x007C5C93) srli s9, s8, 0x7
x25 <- 0x00000000

mem[X,0x8000006C] -> 0x5793
mem[X,0x8000006E] -> 0x019C
[32] [M]: 0x8000006C (0x019C5793) srli a5, s8, 0x19
x15 <- 0x00000000

mem[X,0x80000070] -> 0xECB3
mem[X,0x80000072] -> 0x00FC
[33] [M]: 0x80000070 (0x00FCECB3) or s9, s9, a5
x25 <- 0x00000000

mem[X,0x80000074] -> 0xDD13
mem[X,0x80000076] -> 0x007C
[34] [M]: 0x80000074 (0x007CDD13) srli s10, s9, 0x7
x26 <- 0x00000000

mem[X,0x80000078] -> 0xD793
mem[X,0x8000007A] -> 0x019C
[35] [M]: 0x80000078 (0x019CD793) srli a5, s9, 0x19
x15 <- 0x00000000

mem[X,0x8000007C] -> 0x6D33
mem[X,0x8000007E] -> 0x00FD
[36] [M]: 0x8000007C (0x00FD6D33) or s10, s10, a5
x26 <- 0x00000000

mem[X,0x80000080] -> 0x5D93
mem[X,0x80000082] -> 0x007D
[37] [M]: 0x80000080 (0x007D5D93) srli s11, s10, 0x7
x27 <- 0x00000000

mem[X,0x80000084] -> 0x5793
mem[X,0x80000086] -> 0x019D
[38] [M]: 0x80000084 (0x019D5793) srli a5, s10, 0x19
x15 <- 0x00000000

mem[X,0x80000088] -> 0xEDB3
mem[X,0x8000008A] -> 0x00FD
[39] [M]: 0x80000088 (0x00FDEDB3) or s11, s11, a5
x27 <- 0x00000000

mem[X,0x8000008C] -> 0xDE13
mem[X,0x8000008E] -> 0x007D
[40] [M]: 0x8000008C (0x007DDE13) srli t3, s11, 0x7
x28 <- 0x00000000

mem[X,0x80000090] -> 0xD793
mem[X,0x80000092] -> 0x019D
[41] [M]: 0x80000090 (0x019DD793) srli a5, s11, 0x19
x15 <- 0x00000000

mem[X,0x80000094] -> 0x6E33
mem[X,0x80000096] -> 0x00FE
[42] [M]: 0x80000094 (0x00FE6E33) or t3, t3, a5
x28 <- 0x00000000

mem[X,0x80000098] -> 0x5E93
mem[X,0x8000009A] -> 0x007E
[43] [M]: 0x80000098 (0x007E5E93) srli t4, t3, 0x7
x29 <- 0x00000000

mem[X,0x8000009C] -> 0x5793
mem[X,0x8000009E] -> 0x019E
[44] [M]: 0x8000009C (0x019E5793) srli a5, t3, 0x19
x15 <- 0x00000000

mem[X,0x800000A0] -> 0xEEB3
mem[X,0x800000A2] -> 0x00FE
[45] [M]: 0x800000A0 (0x00FEEEB3) or t4, t4, a5
x29 <- 0x00000000

mem[X,0x800000A4] -> 0xDF13
mem[X,0x800000A6] -> 0x007E
[46] [M]: 0x800000A4 (0x007EDF13) srli t5, t4, 0x7
x30 <- 0x00000000

mem[X,0x800000A8] -> 0xD793
mem[X,0x800000AA] -> 0x019E
[47] [M]: 0x800000A8 (0x019ED793) srli a5, t4, 0x19
x15 <- 0x00000000

mem[X,0x800000AC] -> 0x6F33
mem[X,0x800000AE] -> 0x00FF
[48] [M]: 0x800000AC (0x00FF6F33) or t5, t5, a5
x30 <- 0x00000000

mem[X,0x800000B0] -> 0xC0B7
mem[X,0x800000B2] -> 0xFEED
[49] [M]: 0x800000B0 (0xFEEDC0B7) lui ra, -0x1124
x1 <- 0xFEEDC000

mem[X,0x800000B4] -> 0x8093
mem[X,0x800000B6] -> 0xEAD0
[50] [M]: 0x800000B4 (0xEAD08093) addi ra, ra, -0x153
x1 <- 0xFEEDBEAD

mem[X,0x800000B8] -> 0xD113
mem[X,0x800000BA] -> 0x0070
[51] [M]: 0x800000B8 (0x0070D113) srli sp, ra, 0x7
x2 <- 0x01FDDB7D

mem[X,0x800000BC] -> 0xD793
mem[X,0x800000BE] -> 0x0190
[52] [M]: 0x800000BC (0x0190D793) srli a5, ra, 0x19
x15 <- 0x0000007F

mem[X,0x800000C0] -> 0x6133
mem[X,0x800000C2] -> 0x00F1
[53] [M]: 0x800000C0 (0x00F16133) or sp, sp, a5
x2 <- 0x01FDDB7F

mem[X,0x800000C4] -> 0x5193
mem[X,0x800000C6] -> 0x0071
[54] [M]: 0x800000C4 (0x00715193) srli gp, sp, 0x7
x3 <- 0x0003FBB6

mem[X,0x800000C8] -> 0x5793
mem[X,0x800000CA] -> 0x0191
[55] [M]: 0x800000C8 (0x01915793) srli a5, sp, 0x19
x15 <- 0x00000000

mem[X,0x800000CC] -> 0xE1B3
mem[X,0x800000CE] -> 0x00F1
[56] [M]: 0x800000CC (0x00F1E1B3) or gp, gp, a5
x3 <- 0x0003FBB6

mem[X,0x800000D0] -> 0xD213
mem[X,0x800000D2] -> 0x0071
[57] [M]: 0x800000D0 (0x0071D213) srli tp, gp, 0x7
x4 <- 0x000007F7

mem[X,0x800000D4] -> 0xD793
mem[X,0x800000D6] -> 0x0191
[58] [M]: 0x800000D4 (0x0191D793) srli a5, gp, 0x19
x15 <- 0x00000000

mem[X,0x800000D8] -> 0x6233
mem[X,0x800000DA] -> 0x00F2
[59] [M]: 0x800000D8 (0x00F26233) or tp, tp, a5
x4 <- 0x000007F7

mem[X,0x800000DC] -> 0x5293
mem[X,0x800000DE] -> 0x0072
[60] [M]: 0x800000DC (0x00725293) srli t0, tp, 0x7
x5 <- 0x0000000F

mem[X,0x800000E0] -> 0x5793
mem[X,0x800000E2] -> 0x0192
[61] [M]: 0x800000E0 (0x01925793) srli a5, tp, 0x19
x15 <- 0x00000000

mem[X,0x800000E4] -> 0xE2B3
mem[X,0x800000E6] -> 0x00F2
[62] [M]: 0x800000E4 (0x00F2E2B3) or t0, t0, a5
x5 <- 0x0000000F

mem[X,0x800000E8] -> 0xD313
mem[X,0x800000EA] -> 0x0072
[63] [M]: 0x800000E8 (0x0072D313) srli t1, t0, 0x7
x6 <- 0x00000000

mem[X,0x800000EC] -> 0xD793
mem[X,0x800000EE] -> 0x0192
[64] [M]: 0x800000EC (0x0192D793) srli a5, t0, 0x19
x15 <- 0x00000000

mem[X,0x800000F0] -> 0x6333
mem[X,0x800000F2] -> 0x00F3
[65] [M]: 0x800000F0 (0x00F36333) or t1, t1, a5
x6 <- 0x00000000

mem[X,0x800000F4] -> 0x5393
mem[X,0x800000F6] -> 0x0073
[66] [M]: 0x800000F4 (0x00735393) srli t2, t1, 0x7
x7 <- 0x00000000

mem[X,0x800000F8] -> 0x5793
mem[X,0x800000FA] -> 0x0193
[67] [M]: 0x800000F8 (0x01935793) srli a5, t1, 0x19
x15 <- 0x00000000

mem[X,0x800000FC] -> 0xE3B3
mem[X,0x800000FE] -> 0x00F3
[68] [M]: 0x800000FC (0x00F3E3B3) or t2, t2, a5
x7 <- 0x00000000

mem[X,0x80000100] -> 0xD413
mem[X,0x80000102] -> 0x0073
[69] [M]: 0x80000100 (0x0073D413) srli fp, t2, 0x7
x8 <- 0x00000000

mem[X,0x80000104] -> 0xD793
mem[X,0x80000106] -> 0x0193
[70] [M]: 0x80000104 (0x0193D793) srli a5, t2, 0x19
x15 <- 0x00000000

mem[X,0x80000108] -> 0x6433
mem[X,0x8000010A] -> 0x00F4
[71] [M]: 0x80000108 (0x00F46433) or fp, fp, a5
x8 <- 0x00000000

mem[X,0x8000010C] -> 0x5493
mem[X,0x8000010E] -> 0x0074
[72] [M]: 0x8000010C (0x00745493) srli s1, fp, 0x7
x9 <- 0x00000000

mem[X,0x80000110] -> 0x5793
mem[X,0x80000112] -> 0x0194
[73] [M]: 0x80000110 (0x01945793) srli a5, fp, 0x19
x15 <- 0x00000000

mem[X,0x80000114] -> 0xE4B3
mem[X,0x80000116] -> 0x00F4
[74] [M]: 0x80000114 (0x00F4E4B3) or s1, s1, a5
x9 <- 0x00000000

mem[X,0x80000118] -> 0xD513
mem[X,0x8000011A] -> 0x0074
[75] [M]: 0x80000118 (0x0074D513) srli a0, s1, 0x7
x10 <- 0x00000000

mem[X,0x8000011C] -> 0xD793
mem[X,0x8000011E] -> 0x0194
[76] [M]: 0x8000011C (0x0194D793) srli a5, s1, 0x19
x15 <- 0x00000000

mem[X,0x80000120] -> 0x6533
mem[X,0x80000122] -> 0x00F5
[77] [M]: 0x80000120 (0x00F56533) or a0, a0, a5
x10 <- 0x00000000

mem[X,0x80000124] -> 0x5593
mem[X,0x80000126] -> 0x0075
[78] [M]: 0x80000124 (0x00755593) srli a1, a0, 0x7
x11 <- 0x00000000

mem[X,0x80000128] -> 0x5793
mem[X,0x8000012A] -> 0x0195
[79] [M]: 0x80000128 (0x01955793) srli a5, a0, 0x19
x15 <- 0x00000000

mem[X,0x8000012C] -> 0xE5B3
mem[X,0x8000012E] -> 0x00F5
[80] [M]: 0x8000012C (0x00F5E5B3) or a1, a1, a5
x11 <- 0x00000000

mem[X,0x80000130] -> 0xD613
mem[X,0x80000132] -> 0x0075
[81] [M]: 0x80000130 (0x0075D613) srli a2, a1, 0x7
x12 <- 0x00000000

mem[X,0x80000134] -> 0xD793
mem[X,0x80000136] -> 0x0195
[82] [M]: 0x80000134 (0x0195D793) srli a5, a1, 0x19
x15 <- 0x00000000

mem[X,0x80000138] -> 0x6633
mem[X,0x8000013A] -> 0x00F6
[83] [M]: 0x80000138 (0x00F66633) or a2, a2, a5
x12 <- 0x00000000

mem[X,0x8000013C] -> 0x5693
mem[X,0x8000013E] -> 0x0076
[84] [M]: 0x8000013C (0x00765693) srli a3, a2, 0x7
x13 <- 0x00000000

mem[X,0x80000140] -> 0x5793
mem[X,0x80000142] -> 0x0196
[85] [M]: 0x80000140 (0x01965793) srli a5, a2, 0x19
x15 <- 0x00000000

mem[X,0x80000144] -> 0xE6B3
mem[X,0x80000146] -> 0x00F6
[86] [M]: 0x80000144 (0x00F6E6B3) or a3, a3, a5
x13 <- 0x00000000

mem[X,0x80000148] -> 0x0013
mem[X,0x8000014A] -> 0x0000
[87] [M]: 0x80000148 (0x00000013) addi zero, zero, 0x0

mem[X,0x8000014C] -> 0x0013
mem[X,0x8000014E] -> 0x0000
[88] [M]: 0x8000014C (0x00000013) addi zero, zero, 0x0

mem[X,0x80000150] -> 0x0013
mem[X,0x80000152] -> 0x0000
[89] [M]: 0x80000150 (0x00000013) addi zero, zero, 0x0

mem[X,0x80000154] -> 0x0013
mem[X,0x80000156] -> 0x0000
[90] [M]: 0x80000154 (0x00000013) addi zero, zero, 0x0

mem[X,0x80000158] -> 0x0013
mem[X,0x8000015A] -> 0x0000
[91] [M]: 0x80000158 (0x00000013) addi zero, zero, 0x0

mem[X,0x8000015C] -> 0x0013
mem[X,0x8000015E] -> 0x0000
[92] [M]: 0x8000015C (0x00000013) addi zero, zero, 0x0

mem[X,0x80000160] -> 0x3317
mem[X,0x80000162] -> 0x0000
[93] [M]: 0x80000160 (0x00003317) auipc t1, 0x3
x6 <- 0x80003160

mem[X,0x80000164] -> 0x0313
mem[X,0x80000166] -> 0xFB43
[94] [M]: 0x80000164 (0xFB430313) addi t1, t1, -0x4c
x6 <- 0x80003114

mem[X,0x80000168] -> 0x0013
mem[X,0x8000016A] -> 0x0000
[95] [M]: 0x80000168 (0x00000013) addi zero, zero, 0x0

mem[X,0x8000016C] -> 0x0013
mem[X,0x8000016E] -> 0x0000
[96] [M]: 0x8000016C (0x00000013) addi zero, zero, 0x0

mem[X,0x80000170] -> 0x0013
mem[X,0x80000172] -> 0x0000
[97] [M]: 0x80000170 (0x00000013) addi zero, zero, 0x0

mem[X,0x80000174] -> 0x0013
mem[X,0x80000176] -> 0x0000
[98] [M]: 0x80000174 (0x00000013) addi zero, zero, 0x0

mem[X,0x80000178] -> 0x0013
mem[X,0x8000017A] -> 0x0000
[99] [M]: 0x80000178 (0x00000013) addi zero, zero, 0x0

clint::tick mtime <- 0x0000000000000001
 clint timer pending at mtime 0x0000000000000001
htif::tick 0x0000000000000000
mem[X,0x8000017C] -> 0x0013
mem[X,0x8000017E] -> 0x0000
[100] [M]: 0x8000017C (0x00000013) addi zero, zero, 0x0

mem[X,0x80000180] -> 0x8137
mem[X,0x80000182] -> 0xFFFD
[101] [M]: 0x80000180 (0xFFFD8137) lui sp, -0x28
x2 <- 0xFFFD8000

mem[X,0x80000184] -> 0x0937
mem[X,0x80000186] -> 0xFFF0
[102] [M]: 0x80000184 (0xFFF00937) lui s2, -0x100
x18 <- 0xFFF00000

mem[X,0x80000188] -> 0x0913
mem[X,0x8000018A] -> 0xFBF9
[103] [M]: 0x80000188 (0xFBF90913) addi s2, s2, -0x41
x18 <- 0xFFEFFFBF

mem[X,0x8000018C] -> 0x2E9B
mem[X,0x8000018E] -> 0x9921
[104] [M]: 0x8000018C (0x99212E9B) padd.h.h0 t4, sp, s2
x29 <- 0xFFEC7FBF

mem[X,0x80000190] -> 0x2023
mem[X,0x80000192] -> 0x01D3
[105] [M]: 0x80000190 (0x01D32023) sw t4, 0x0(t1)
mem[0x80003114] <- 0xFFEC7FBF

mem[X,0x80000194] -> 0x04B7
mem[X,0x80000196] -> 0xFFC0
[106] [M]: 0x80000194 (0xFFC004B7) lui s1, -0x400
x9 <- 0xFFC00000

mem[X,0x80000198] -> 0x8493
mem[X,0x8000019A] -> 0xFFF4
[107] [M]: 0x80000198 (0xFFF48493) addi s1, s1, -0x1
x9 <- 0xFFBFFFFF

mem[X,0x8000019C] -> 0x04B7
mem[X,0x8000019E] -> 0x7FFF
[108] [M]: 0x8000019C (0x7FFF04B7) lui s1, 0x7fff0
x9 <- 0x7FFF0000

mem[X,0x800001A0] -> 0x8493
mem[X,0x800001A2] -> 0x2004
[109] [M]: 0x800001A0 (0x20048493) addi s1, s1, 0x200
x9 <- 0x7FFF0200

mem[X,0x800001A4] -> 0xA49B
mem[X,0x800001A6] -> 0x9894
[110] [M]: 0x800001A4 (0x9894A49B) padd.h.h0 s1, s1, s1
x9 <- 0xFFFE0400

mem[X,0x800001A8] -> 0x2223
mem[X,0x800001AA] -> 0x0093
[111] [M]: 0x800001A8 (0x00932223) sw s1, 0x4(t1)
mem[0x80003118] <- 0xFFFE0400

mem[X,0x800001AC] -> 0x0437
mem[X,0x800001AE] -> 0xFFBF
[112] [M]: 0x800001AC (0xFFBF0437) lui fp, -0x410
x8 <- 0xFFBF0000

mem[X,0x800001B0] -> 0x02B7
mem[X,0x800001B2] -> 0xFF00
[113] [M]: 0x800001B0 (0xFF0002B7) lui t0, -0x1000
x5 <- 0xFF000000

mem[X,0x800001B4] -> 0x8293
mem[X,0x800001B6] -> 0xFFB2
[114] [M]: 0x800001B4 (0xFFB28293) addi t0, t0, -0x5
x5 <- 0xFEFFFFFB

mem[X,0x800001B8] -> 0x229B
mem[X,0x800001BA] -> 0x9854
[115] [M]: 0x800001B8 (0x9854229B) padd.h.h0 t0, fp, t0
x5 <- 0xFEBEFFFB

mem[X,0x800001BC] -> 0x2423
mem[X,0x800001BE] -> 0x0053
[116] [M]: 0x800001BC (0x00532423) sw t0, 0x8(t1)
mem[0x8000311C] <- 0xFEBEFFFB

mem[X,0x800001C0] -> 0x01B7
mem[X,0x800001C2] -> 0x3FFF
[117] [M]: 0x800001C0 (0x3FFF01B7) lui gp, 0x3fff0
x3 <- 0x3FFF0000

mem[X,0x800001C4] -> 0x8193
mem[X,0x800001C6] -> 0x0011
[118] [M]: 0x800001C4 (0x00118193) addi gp, gp, 0x1
x3 <- 0x3FFF0001

mem[X,0x800001C8] -> 0xC1B7
mem[X,0x800001CA] -> 0x0400
[119] [M]: 0x800001C8 (0x0400C1B7) lui gp, 0x400c
x3 <- 0x0400C000

mem[X,0x800001CC] -> 0xA89B
mem[X,0x800001CE] -> 0x9831
[120] [M]: 0x800001CC (0x9831A89B) padd.h.h0 a7, gp, gp
x17 <- 0x08008000

mem[X,0x800001D0] -> 0x2623
mem[X,0x800001D2] -> 0x0113
[121] [M]: 0x800001D0 (0x01132623) sw a7, 0xc(t1)
mem[0x80003120] <- 0x08008000

mem[X,0x800001D4] -> 0x8737
mem[X,0x800001D6] -> 0xFFBF
[122] [M]: 0x800001D4 (0xFFBF8737) lui a4, -0x408
x14 <- 0xFFBF8000

mem[X,0x800001D8] -> 0x0713
mem[X,0x800001DA] -> 0xFFF7
[123] [M]: 0x800001D8 (0xFFF70713) addi a4, a4, -0x1
x14 <- 0xFFBF7FFF

mem[X,0x800001DC] -> 0x0AB7
mem[X,0x800001DE] -> 0xFFFA
[124] [M]: 0x800001DC (0xFFFA0AB7) lui s5, -0x60
x21 <- 0xFFFA0000

mem[X,0x800001E0] -> 0x8A93
mem[X,0x800001E2] -> 0xFFBA
[125] [M]: 0x800001E0 (0xFFBA8A93) addi s5, s5, -0x5
x21 <- 0xFFF9FFFB

mem[X,0x800001E4] -> 0x271B
mem[X,0x800001E6] -> 0x9957
[126] [M]: 0x800001E4 (0x9957271B) padd.h.h0 a4, a4, s5
x14 <- 0xFFB87FFA

mem[X,0x800001E8] -> 0x2823
mem[X,0x800001EA] -> 0x00E3
[127] [M]: 0x800001E8 (0x00E32823) sw a4, 0x10(t1)
mem[0x80003124] <- 0xFFB87FFA

mem[X,0x800001EC] -> 0x0DB7
mem[X,0x800001EE] -> 0x0009
[128] [M]: 0x800001EC (0x00090DB7) lui s11, 0x90
x27 <- 0x00090000

mem[X,0x800001F0] -> 0x8D93
mem[X,0x800001F2] -> 0x002D
[129] [M]: 0x800001F0 (0x002D8D93) addi s11, s11, 0x2
x27 <- 0x00090002

mem[X,0x800001F4] -> 0x0437
mem[X,0x800001F6] -> 0xFFFA
[130] [M]: 0x800001F4 (0xFFFA0437) lui fp, -0x60
x8 <- 0xFFFA0000

mem[X,0x800001F8] -> 0x0413
mem[X,0x800001FA] -> 0x0404
[131] [M]: 0x800001F8 (0x04040413) addi fp, fp, 0x40
x8 <- 0xFFFA0040

mem[X,0x800001FC] -> 0xA19B
mem[X,0x800001FE] -> 0x988D
[132] [M]: 0x800001FC (0x988DA19B) padd.h.h0 gp, s11, fp
x3 <- 0x00030042

mem[X,0x80000200] -> 0x2A23
mem[X,0x80000202] -> 0x0033
[133] [M]: 0x80000200 (0x00332A23) sw gp, 0x14(t1)
mem[0x80003128] <- 0x00030042

mem[X,0x80000204] -> 0x08B7
mem[X,0x80000206] -> 0xFFDF
[134] [M]: 0x80000204 (0xFFDF08B7) lui a7, -0x210
x17 <- 0xFFDF0000

mem[X,0x80000208] -> 0x8893
mem[X,0x8000020A] -> 0x0048
[135] [M]: 0x80000208 (0x00488893) addi a7, a7, 0x4
x17 <- 0xFFDF0004

mem[X,0x8000020C] -> 0x4A37
mem[X,0x8000020E] -> 0x2000
[136] [M]: 0x8000020C (0x20004A37) lui s4, 0x20004
x20 <- 0x20004000

mem[X,0x80000210] -> 0xAD9B
mem[X,0x80000212] -> 0x9948
[137] [M]: 0x80000210 (0x9948AD9B) padd.h.h0 s11, a7, s4
x27 <- 0x1FDF4004

mem[X,0x80000214] -> 0x2C23
mem[X,0x80000216] -> 0x01B3
[138] [M]: 0x80000214 (0x01B32C23) sw s11, 0x18(t1)
mem[0x8000312C] <- 0x1FDF4004

mem[X,0x80000218] -> 0x0FB7
mem[X,0x8000021A] -> 0xFFF6
[139] [M]: 0x80000218 (0xFFF60FB7) lui t6, -0xa0
x31 <- 0xFFF60000

mem[X,0x8000021C] -> 0x8F93
mem[X,0x8000021E] -> 0x008F
[140] [M]: 0x8000021C (0x008F8F93) addi t6, t6, 0x8
x31 <- 0xFFF60008

mem[X,0x80000220] -> 0x0137
mem[X,0x80000222] -> 0x0008
[141] [M]: 0x80000220 (0x00080137) lui sp, 0x80
x2 <- 0x00080000

mem[X,0x80000224] -> 0x0113
mem[X,0x80000226] -> 0xFF61
[142] [M]: 0x80000224 (0xFF610113) addi sp, sp, -0xa
x2 <- 0x0007FFF6

mem[X,0x80000228] -> 0xAE1B
mem[X,0x8000022A] -> 0x982F
[143] [M]: 0x80000228 (0x982FAE1B) padd.h.h0 t3, t6, sp
x28 <- 0xFFFDFFFE

mem[X,0x8000022C] -> 0x2E23
mem[X,0x8000022E] -> 0x01C3
[144] [M]: 0x8000022C (0x01C32E23) sw t3, 0x1c(t1)
mem[0x80003130] <- 0xFFFDFFFE

mem[X,0x80000230] -> 0x05B7
mem[X,0x80000232] -> 0xFFBF
[145] [M]: 0x80000230 (0xFFBF05B7) lui a1, -0x410
x11 <- 0xFFBF0000

mem[X,0x80000234] -> 0x8593
mem[X,0x80000236] -> 0x0105
[146] [M]: 0x80000234 (0x01058593) addi a1, a1, 0x10
x11 <- 0xFFBF0010

mem[X,0x80000238] -> 0x0EB7
mem[X,0x8000023A] -> 0xF7FF
[147] [M]: 0x80000238 (0xF7FF0EB7) lui t4, -0x8010
x29 <- 0xF7FF0000

mem[X,0x8000023C] -> 0x8E93
mem[X,0x8000023E] -> 0x007E
[148] [M]: 0x8000023C (0x007E8E93) addi t4, t4, 0x7
x29 <- 0xF7FF0007

mem[X,0x80000240] -> 0xAF1B
mem[X,0x80000242] -> 0x99D5
[149] [M]: 0x80000240 (0x99D5AF1B) padd.h.h0 t5, a1, t4
x30 <- 0xF7BE0017

mem[X,0x80000244] -> 0x2023
mem[X,0x80000246] -> 0x03E3
[150] [M]: 0x80000244 (0x03E32023) sw t5, 0x20(t1)
mem[0x80003134] <- 0xF7BE0017

mem[X,0x80000248] -> 0x03B7
mem[X,0x8000024A] -> 0x2000
[151] [M]: 0x80000248 (0x200003B7) lui t2, 0x20000
x7 <- 0x20000000

mem[X,0x8000024C] -> 0x8393
mem[X,0x8000024E] -> 0x0203
[152] [M]: 0x8000024C (0x02038393) addi t2, t2, 0x20
x7 <- 0x20000020

mem[X,0x80000250] -> 0xE9B7
mem[X,0x80000252] -> 0xFFF7
[153] [M]: 0x80000250 (0xFFF7E9B7) lui s3, -0x82
x19 <- 0xFFF7E000

mem[X,0x80000254] -> 0x8993
mem[X,0x80000256] -> 0xFFF9
[154] [M]: 0x80000254 (0xFFF98993) addi s3, s3, -0x1
x19 <- 0xFFF7DFFF

mem[X,0x80000258] -> 0xA51B
mem[X,0x8000025A] -> 0x9933
[155] [M]: 0x80000258 (0x9933A51B) padd.h.h0 a0, t2, s3
x10 <- 0x1FF7E01F

mem[X,0x8000025C] -> 0x2223
mem[X,0x8000025E] -> 0x02A3
[156] [M]: 0x8000025C (0x02A32223) sw a0, 0x24(t1)
mem[0x80003138] <- 0x1FF7E01F

mem[X,0x80000260] -> 0x00B7
mem[X,0x80000262] -> 0x0080
[157] [M]: 0x80000260 (0x008000B7) lui ra, 0x800
x1 <- 0x00800000

mem[X,0x80000264] -> 0x8093
mem[X,0x80000266] -> 0x0400
[158] [M]: 0x80000264 (0x04008093) addi ra, ra, 0x40
x1 <- 0x00800040

mem[X,0x80000268] -> 0xF037
mem[X,0x8000026A] -> 0x0400
[159] [M]: 0x80000268 (0x0400F037) lui zero, 0x400f

mem[X,0x8000026C] -> 0x0013
mem[X,0x8000026E] -> 0xFFF0
[160] [M]: 0x8000026C (0xFFF00013) addi zero, zero, -0x1

mem[X,0x80000270] -> 0xAA9B
mem[X,0x80000272] -> 0x9800
[161] [M]: 0x80000270 (0x9800AA9B) padd.h.h0 s5, ra, zero
x21 <- 0x00800040

mem[X,0x80000274] -> 0x2423
mem[X,0x80000276] -> 0x0353
[162] [M]: 0x80000274 (0x03532423) sw s5, 0x28(t1)
mem[0x8000313C] <- 0x00800040

mem[X,0x80000278] -> 0x0EB7
mem[X,0x8000027A] -> 0xBFFF
[163] [M]: 0x80000278 (0xBFFF0EB7) lui t4, -0x40010
x29 <- 0xBFFF0000

mem[X,0x8000027C] -> 0x8E93
mem[X,0x8000027E] -> 0x080E
[164] [M]: 0x8000027C (0x080E8E93) addi t4, t4, 0x80
x29 <- 0xBFFF0080

mem[X,0x80000280] -> 0x20B7
mem[X,0x80000282] -> 0x0004
[165] [M]: 0x80000280 (0x000420B7) lui ra, 0x42
x1 <- 0x00042000

mem[X,0x80000284] -> 0xA69B
mem[X,0x80000286] -> 0x981E
[166] [M]: 0x80000284 (0x981EA69B) padd.h.h0 a3, t4, ra
x13 <- 0xC0032080

mem[X,0x80000288] -> 0x2623
mem[X,0x8000028A] -> 0x02D3
[167] [M]: 0x80000288 (0x02D32623) sw a3, 0x2c(t1)
mem[0x80003140] <- 0xC0032080

mem[X,0x8000028C] -> 0x02B7
mem[X,0x8000028E] -> 0x0005
[168] [M]: 0x8000028C (0x000502B7) lui t0, 0x50
x5 <- 0x00050000

mem[X,0x80000290] -> 0x8293
mem[X,0x80000292] -> 0x1002
[169] [M]: 0x80000290 (0x10028293) addi t0, t0, 0x100
x5 <- 0x00050100

mem[X,0x80000294] -> 0x0E37
mem[X,0x80000296] -> 0x0007
[170] [M]: 0x80000294 (0x00070E37) lui t3, 0x70
x28 <- 0x00070000

mem[X,0x80000298] -> 0x0E13
mem[X,0x8000029A] -> 0xFBFE
[171] [M]: 0x80000298 (0xFBFE0E13) addi t3, t3, -0x41
x28 <- 0x0006FFBF

mem[X,0x8000029C] -> 0xA11B
mem[X,0x8000029E] -> 0x99C2
[172] [M]: 0x8000029C (0x99C2A11B) padd.h.h0 sp, t0, t3
x2 <- 0x000B00BF

mem[X,0x800002A0] -> 0x2823
mem[X,0x800002A2] -> 0x0223
[173] [M]: 0x800002A0 (0x02232823) sw sp, 0x30(t1)
mem[0x80003144] <- 0x000B00BF

mem[X,0x800002A4] -> 0x0237
mem[X,0x800002A6] -> 0x0800
[174] [M]: 0x800002A4 (0x08000237) lui tp, 0x8000
x4 <- 0x08000000

mem[X,0x800002A8] -> 0x0213
mem[X,0x800002AA] -> 0x2002
[175] [M]: 0x800002A8 (0x20020213) addi tp, tp, 0x200
x4 <- 0x08000200

mem[X,0x800002AC] -> 0x4837
mem[X,0x800002AE] -> 0xFFBF
[176] [M]: 0x800002AC (0xFFBF4837) lui a6, -0x40c
x16 <- 0xFFBF4000

mem[X,0x800002B0] -> 0x0813
mem[X,0x800002B2] -> 0xFFF8
[177] [M]: 0x800002B0 (0xFFF80813) addi a6, a6, -0x1
x16 <- 0xFFBF3FFF

mem[X,0x800002B4] -> 0x2C9B
mem[X,0x800002B6] -> 0x9902
[178] [M]: 0x800002B4 (0x99022C9B) padd.h.h0 s9, tp, a6
x25 <- 0x07BF41FF

mem[X,0x800002B8] -> 0x2A23
mem[X,0x800002BA] -> 0x0393
[179] [M]: 0x800002B8 (0x03932A23) sw s9, 0x34(t1)
mem[0x80003148] <- 0x07BF41FF

mem[X,0x800002BC] -> 0x0E37
mem[X,0x800002BE] -> 0x0004
[180] [M]: 0x800002BC (0x00040E37) lui t3, 0x40
x28 <- 0x00040000

mem[X,0x800002C0] -> 0x0E13
mem[X,0x800002C2] -> 0x400E
[181] [M]: 0x800002C0 (0x400E0E13) addi t3, t3, 0x400
x28 <- 0x00040400

mem[X,0x800002C4] -> 0x0237
mem[X,0x800002C6] -> 0x0007
[182] [M]: 0x800002C4 (0x00070237) lui tp, 0x70
x4 <- 0x00070000

mem[X,0x800002C8] -> 0x0213
mem[X,0x800002CA] -> 0xFFE2
[183] [M]: 0x800002C8 (0xFFE20213) addi tp, tp, -0x2
x4 <- 0x0006FFFE

mem[X,0x800002CC] -> 0x209B
mem[X,0x800002CE] -> 0x984E
[184] [M]: 0x800002CC (0x984E209B) padd.h.h0 ra, t3, tp
x1 <- 0x000A03FE

mem[X,0x800002D0] -> 0x2C23
mem[X,0x800002D2] -> 0x0213
[185] [M]: 0x800002D0 (0x02132C23) sw ra, 0x38(t1)
mem[0x8000314C] <- 0x000A03FE

mem[X,0x800002D4] -> 0x1AB7
mem[X,0x800002D6] -> 0xFFBF
[186] [M]: 0x800002D4 (0xFFBF1AB7) lui s5, -0x40f
x21 <- 0xFFBF1000

mem[X,0x800002D8] -> 0x8A93
mem[X,0x800002DA] -> 0x800A
[187] [M]: 0x800002D8 (0x800A8A93) addi s5, s5, -0x800
x21 <- 0xFFBF0800

mem[X,0x800002DC] -> 0x0537
mem[X,0x800002DE] -> 0x4000
[188] [M]: 0x800002DC (0x40000537) lui a0, 0x40000
x10 <- 0x40000000

mem[X,0x800002E0] -> 0x0513
mem[X,0x800002E2] -> 0x4005
[189] [M]: 0x800002E0 (0x40050513) addi a0, a0, 0x400
x10 <- 0x40000400

mem[X,0x800002E4] -> 0xA41B
mem[X,0x800002E6] -> 0x98AA
[190] [M]: 0x800002E4 (0x98AAA41B) padd.h.h0 fp, s5, a0
x8 <- 0x3FBF0C00

mem[X,0x800002E8] -> 0x2E23
mem[X,0x800002EA] -> 0x0283
[191] [M]: 0x800002E8 (0x02832E23) sw fp, 0x3c(t1)
mem[0x80003150] <- 0x3FBF0C00

mem[X,0x800002EC] -> 0x1A37
mem[X,0x800002EE] -> 0x0100
[192] [M]: 0x800002EC (0x01001A37) lui s4, 0x1001
x20 <- 0x01001000

mem[X,0x800002F0] -> 0x0D37
mem[X,0x800002F2] -> 0xFFFF
[193] [M]: 0x800002F0 (0xFFFF0D37) lui s10, -0x10
x26 <- 0xFFFF0000

mem[X,0x800002F4] -> 0x0D13
mem[X,0x800002F6] -> 0xFBFD
[194] [M]: 0x800002F4 (0xFBFD0D13) addi s10, s10, -0x41
x26 <- 0xFFFEFFBF

mem[X,0x800002F8] -> 0x2C1B
mem[X,0x800002FA] -> 0x99AA
[195] [M]: 0x800002F8 (0x99AA2C1B) padd.h.h0 s8, s4, s10
x24 <- 0x00FE0FBF

mem[X,0x800002FC] -> 0x2023
mem[X,0x800002FE] -> 0x0583
[196] [M]: 0x800002FC (0x05832023) sw s8, 0x40(t1)
mem[0x80003154] <- 0x00FE0FBF

mem[X,0x80000300] -> 0x3097
mem[X,0x80000302] -> 0x0000
[197] [M]: 0x80000300 (0x00003097) auipc ra, 0x3
x1 <- 0x80003300

mem[X,0x80000304] -> 0x8093
mem[X,0x80000306] -> 0xE580
[198] [M]: 0x80000304 (0xE5808093) addi ra, ra, -0x1a8
x1 <- 0x80003158

mem[X,0x80000308] -> 0x0013
mem[X,0x8000030A] -> 0x0000
[199] [M]: 0x80000308 (0x00000013) addi zero, zero, 0x0

clint::tick mtime <- 0x0000000000000002
 clint timer pending at mtime 0x0000000000000002
htif::tick 0x0000000000000000
mem[X,0x8000030C] -> 0x0013
mem[X,0x8000030E] -> 0x0000
[200] [M]: 0x8000030C (0x00000013) addi zero, zero, 0x0

mem[X,0x80000310] -> 0x0013
mem[X,0x80000312] -> 0x0000
[201] [M]: 0x80000310 (0x00000013) addi zero, zero, 0x0

mem[X,0x80000314] -> 0x0013
mem[X,0x80000316] -> 0x0000
[202] [M]: 0x80000314 (0x00000013) addi zero, zero, 0x0

mem[X,0x80000318] -> 0x0013
mem[X,0x8000031A] -> 0x0000
[203] [M]: 0x80000318 (0x00000013) addi zero, zero, 0x0

mem[X,0x8000031C] -> 0x0013
mem[X,0x8000031E] -> 0x0000
[204] [M]: 0x8000031C (0x00000013) addi zero, zero, 0x0

mem[X,0x80000320] -> 0x2837
mem[X,0x80000322] -> 0x0001
[205] [M]: 0x80000320 (0x00012837) lui a6, 0x12
x16 <- 0x00012000

mem[X,0x80000324] -> 0x0B37
mem[X,0x80000326] -> 0xFBFF
[206] [M]: 0x80000324 (0xFBFF0B37) lui s6, -0x4010
x22 <- 0xFBFF0000

mem[X,0x80000328] -> 0x0B13
mem[X,0x8000032A] -> 0x002B
[207] [M]: 0x80000328 (0x002B0B13) addi s6, s6, 0x2
x22 <- 0xFBFF0002

mem[X,0x8000032C] -> 0x291B
mem[X,0x8000032E] -> 0x9968
[208] [M]: 0x8000032C (0x9968291B) padd.h.h0 s2, a6, s6
x18 <- 0xFC002002

mem[X,0x80000330] -> 0xA023
mem[X,0x80000332] -> 0x0120
[209] [M]: 0x80000330 (0x0120A023) sw s2, 0x0(ra)
mem[0x80003158] <- 0xFC002002

mem[X,0x80000334] -> 0x4037
mem[X,0x80000336] -> 0x0003
[210] [M]: 0x80000334 (0x00034037) lui zero, 0x34

mem[X,0x80000338] -> 0x08B7
mem[X,0x8000033A] -> 0x0007
[211] [M]: 0x80000338 (0x000708B7) lui a7, 0x70
x17 <- 0x00070000

mem[X,0x8000033C] -> 0x8893
mem[X,0x8000033E] -> 0x0068
[212] [M]: 0x8000033C (0x00688893) addi a7, a7, 0x6
x17 <- 0x00070006

mem[X,0x80000340] -> 0x221B
mem[X,0x80000342] -> 0x9910
[213] [M]: 0x80000340 (0x9910221B) padd.h.h0 tp, zero, a7
x4 <- 0x00070006

mem[X,0x80000344] -> 0xA223
mem[X,0x80000346] -> 0x0040
[214] [M]: 0x80000344 (0x0040A223) sw tp, 0x4(ra)
mem[0x8000315C] <- 0x00070006

mem[X,0x80000348] -> 0x06B7
mem[X,0x8000034A] -> 0xFF00
[215] [M]: 0x80000348 (0xFF0006B7) lui a3, -0x1000
x13 <- 0xFF000000

mem[X,0x8000034C] -> 0x8693
mem[X,0x8000034E] -> 0xFFE6
[216] [M]: 0x8000034C (0xFFE68693) addi a3, a3, -0x2
x13 <- 0xFEFFFFFE

mem[X,0x80000350] -> 0x2337
mem[X,0x80000352] -> 0xFFDF
[217] [M]: 0x80000350 (0xFFDF2337) lui t1, -0x20e
x6 <- 0xFFDF2000

mem[X,0x80000354] -> 0xAD1B
mem[X,0x80000356] -> 0x9866
[218] [M]: 0x80000354 (0x9866AD1B) padd.h.h0 s10, a3, t1
x26 <- 0xFEDE1FFE

mem[X,0x80000358] -> 0xA423
mem[X,0x8000035A] -> 0x01A0
[219] [M]: 0x80000358 (0x01A0A423) sw s10, 0x8(ra)
mem[0x80003160] <- 0xFEDE1FFE

mem[X,0x8000035C] -> 0x09B7
mem[X,0x8000035E] -> 0xFFFD
[220] [M]: 0x8000035C (0xFFFD09B7) lui s3, -0x30
x19 <- 0xFFFD0000

mem[X,0x80000360] -> 0x8993
mem[X,0x80000362] -> 0xFFD9
[221] [M]: 0x80000360 (0xFFD98993) addi s3, s3, -0x3
x19 <- 0xFFFCFFFD

mem[X,0x80000364] -> 0x05B7
mem[X,0x80000366] -> 0xFFFE
[222] [M]: 0x80000364 (0xFFFE05B7) lui a1, -0x20
x11 <- 0xFFFE0000

mem[X,0x80000368] -> 0x8593
mem[X,0x8000036A] -> 0x0205
[223] [M]: 0x80000368 (0x02058593) addi a1, a1, 0x20
x11 <- 0xFFFE0020

mem[X,0x8000036C] -> 0xA81B
mem[X,0x8000036E] -> 0x98B9
[224] [M]: 0x8000036C (0x98B9A81B) padd.h.h0 a6, s3, a1
x16 <- 0xFFFA001D

mem[X,0x80000370] -> 0xA623
mem[X,0x80000372] -> 0x0100
[225] [M]: 0x80000370 (0x0100A623) sw a6, 0xc(ra)
mem[0x80003164] <- 0xFFFA001D

mem[X,0x80000374] -> 0x0BB7
mem[X,0x80000376] -> 0xF800
[226] [M]: 0x80000374 (0xF8000BB7) lui s7, -0x8000
x23 <- 0xF8000000

mem[X,0x80000378] -> 0x8B93
mem[X,0x8000037A] -> 0xFFBB
[227] [M]: 0x80000378 (0xFFBB8B93) addi s7, s7, -0x5
x23 <- 0xF7FFFFFB

mem[X,0x8000037C] -> 0x0C37
mem[X,0x8000037E] -> 0x0007
[228] [M]: 0x8000037C (0x00070C37) lui s8, 0x70
x24 <- 0x00070000

mem[X,0x80000380] -> 0x0C13
mem[X,0x80000382] -> 0xFDFC
[229] [M]: 0x80000380 (0xFDFC0C13) addi s8, s8, -0x21
x24 <- 0x0006FFDF

mem[X,0x80000384] -> 0xA01B
mem[X,0x80000386] -> 0x998B
[230] [M]: 0x80000384 (0x998BA01B) padd.h.h0 zero, s7, s8

mem[X,0x80000388] -> 0xA823
mem[X,0x8000038A] -> 0x0000
[231] [M]: 0x80000388 (0x0000A823) sw zero, 0x10(ra)
mem[0x80003168] <- 0x00000000

mem[X,0x8000038C] -> 0x0F37
mem[X,0x8000038E] -> 0xAAAB
[232] [M]: 0x8000038C (0xAAAB0F37) lui t5, -0x55550
x30 <- 0xAAAB0000

mem[X,0x80000390] -> 0x0F13
mem[X,0x80000392] -> 0xFF7F
[233] [M]: 0x80000390 (0xFF7F0F13) addi t5, t5, -0x9
x30 <- 0xAAAAFFF7

mem[X,0x80000394] -> 0x0DB7
mem[X,0x80000396] -> 0xFEFF
[234] [M]: 0x80000394 (0xFEFF0DB7) lui s11, -0x1010
x27 <- 0xFEFF0000

mem[X,0x80000398] -> 0x8D93
mem[X,0x8000039A] -> 0x005D
[235] [M]: 0x80000398 (0x005D8D93) addi s11, s11, 0x5
x27 <- 0xFEFF0005

mem[X,0x8000039C] -> 0x279B
mem[X,0x8000039E] -> 0x99BF
[236] [M]: 0x8000039C (0x99BF279B) padd.h.h0 a5, t5, s11
x15 <- 0xA9A9FFFC

mem[X,0x800003A0] -> 0xAA23
mem[X,0x800003A2] -> 0x00F0
[237] [M]: 0x800003A0 (0x00F0AA23) sw a5, 0x14(ra)
mem[0x8000316C] <- 0xA9A9FFFC

mem[X,0x800003A4] -> 0x0537
mem[X,0x800003A6] -> 0x0005
[238] [M]: 0x800003A4 (0x00050537) lui a0, 0x50
x10 <- 0x00050000

mem[X,0x800003A8] -> 0x0513
mem[X,0x800003AA] -> 0xFEF5
[239] [M]: 0x800003A8 (0xFEF50513) addi a0, a0, -0x11
x10 <- 0x0004FFEF

mem[X,0x800003AC] -> 0x0CB7
mem[X,0x800003AE] -> 0x0008
[240] [M]: 0x800003AC (0x00080CB7) lui s9, 0x80
x25 <- 0x00080000

mem[X,0x800003B0] -> 0x8C93
mem[X,0x800003B2] -> 0x200C
[241] [M]: 0x800003B0 (0x200C8C93) addi s9, s9, 0x200
x25 <- 0x00080200

mem[X,0x800003B4] -> 0x231B
mem[X,0x800003B6] -> 0x9995
[242] [M]: 0x800003B4 (0x9995231B) padd.h.h0 t1, a0, s9
x6 <- 0x000C01EF

mem[X,0x800003B8] -> 0xAC23
mem[X,0x800003BA] -> 0x0060
[243] [M]: 0x800003B8 (0x0060AC23) sw t1, 0x18(ra)
mem[0x80003170] <- 0x000C01EF

mem[X,0x800003BC] -> 0x0B37
mem[X,0x800003BE] -> 0x4000
[244] [M]: 0x800003BC (0x40000B37) lui s6, 0x40000
x22 <- 0x40000000

mem[X,0x800003C0] -> 0x0B13
mem[X,0x800003C2] -> 0xFDFB
[245] [M]: 0x800003C0 (0xFDFB0B13) addi s6, s6, -0x21
x22 <- 0x3FFFFFDF

mem[X,0x800003C4] -> 0xB6B7
mem[X,0x800003C6] -> 0x0020
[246] [M]: 0x800003C4 (0x0020B6B7) lui a3, 0x20b
x13 <- 0x0020B000

mem[X,0x800003C8] -> 0x8693
mem[X,0x800003CA] -> 0xAAA6
[247] [M]: 0x800003C8 (0xAAA68693) addi a3, a3, -0x556
x13 <- 0x0020AAAA

mem[X,0x800003CC] -> 0x259B
mem[X,0x800003CE] -> 0x98DB
[248] [M]: 0x800003CC (0x98DB259B) padd.h.h0 a1, s6, a3
x11 <- 0x401FAA89

mem[X,0x800003D0] -> 0xAE23
mem[X,0x800003D2] -> 0x00B0
[249] [M]: 0x800003D0 (0x00B0AE23) sw a1, 0x1c(ra)
mem[0x80003174] <- 0x401FAA89

mem[X,0x800003D4] -> 0x0D37
mem[X,0x800003D6] -> 0x0021
[250] [M]: 0x800003D4 (0x00210D37) lui s10, 0x210
x26 <- 0x00210000

mem[X,0x800003D8] -> 0x0D13
mem[X,0x800003DA] -> 0xFBFD
[251] [M]: 0x800003D8 (0xFBFD0D13) addi s10, s10, -0x41
x26 <- 0x0020FFBF

mem[X,0x800003DC] -> 0x0BB7
mem[X,0x800003DE] -> 0x1000
[252] [M]: 0x800003DC (0x10000BB7) lui s7, 0x10000
x23 <- 0x10000000

mem[X,0x800003E0] -> 0x8B93
mem[X,0x800003E2] -> 0x006B
[253] [M]: 0x800003E0 (0x006B8B93) addi s7, s7, 0x6
x23 <- 0x10000006

mem[X,0x800003E4] -> 0x299B
mem[X,0x800003E6] -> 0x997D
[254] [M]: 0x800003E4 (0x997D299B) padd.h.h0 s3, s10, s7
x19 <- 0x1020FFC5

mem[X,0x800003E8] -> 0xA023
mem[X,0x800003EA] -> 0x0330
[255] [M]: 0x800003E8 (0x0330A023) sw s3, 0x20(ra)
mem[0x80003178] <- 0x1020FFC5

mem[X,0x800003EC] -> 0x0937
mem[X,0x800003EE] -> 0x5556
[256] [M]: 0x800003EC (0x55560937) lui s2, 0x55560
x18 <- 0x55560000

mem[X,0x800003F0] -> 0x0913
mem[X,0x800003F2] -> 0xF7F9
[257] [M]: 0x800003F0 (0xF7F90913) addi s2, s2, -0x81
x18 <- 0x5555FF7F

mem[X,0x800003F4] -> 0x8737
mem[X,0x800003F6] -> 0x0200
[258] [M]: 0x800003F4 (0x02008737) lui a4, 0x2008
x14 <- 0x02008000

mem[X,0x800003F8] -> 0x2A1B
mem[X,0x800003FA] -> 0x98E9
[259] [M]: 0x800003F8 (0x98E92A1B) padd.h.h0 s4, s2, a4
x20 <- 0x57557F7F

mem[X,0x800003FC] -> 0xA223
mem[X,0x800003FE] -> 0x0340
[260] [M]: 0x800003FC (0x0340A223) sw s4, 0x24(ra)
mem[0x8000317C] <- 0x57557F7F

mem[X,0x80000400] -> 0x0313
mem[X,0x80000402] -> 0xEFF0
[261] [M]: 0x80000400 (0xEFF00313) addi t1, zero, -0x101
x6 <- 0xFFFFFEFF

mem[X,0x80000404] -> 0x0FB7
mem[X,0x80000406] -> 0xFDFF
[262] [M]: 0x80000404 (0xFDFF0FB7) lui t6, -0x2010
x31 <- 0xFDFF0000

mem[X,0x80000408] -> 0x2B9B
mem[X,0x8000040A] -> 0x99F3
[263] [M]: 0x80000408 (0x99F32B9B) padd.h.h0 s7, t1, t6
x23 <- 0xFDFEFEFF

mem[X,0x8000040C] -> 0xA423
mem[X,0x8000040E] -> 0x0370
[264] [M]: 0x8000040C (0x0370A423) sw s7, 0x28(ra)
mem[0x80003180] <- 0xFDFEFEFF

mem[X,0x80000410] -> 0x0C37
mem[X,0x80000412] -> 0xFFF7
[265] [M]: 0x80000410 (0xFFF70C37) lui s8, -0x90
x24 <- 0xFFF70000

mem[X,0x80000414] -> 0x0C13
mem[X,0x80000416] -> 0xDFFC
[266] [M]: 0x80000414 (0xDFFC0C13) addi s8, s8, -0x201
x24 <- 0xFFF6FDFF

mem[X,0x80000418] -> 0x03B7
mem[X,0x8000041A] -> 0x0001
[267] [M]: 0x80000418 (0x000103B7) lui t2, 0x10
x7 <- 0x00010000

mem[X,0x8000041C] -> 0x8393
mem[X,0x8000041E] -> 0x2003
[268] [M]: 0x8000041C (0x20038393) addi t2, t2, 0x200
x7 <- 0x00010200

mem[X,0x80000420] -> 0x2B1B
mem[X,0x80000422] -> 0x987C
[269] [M]: 0x80000420 (0x987C2B1B) padd.h.h0 s6, s8, t2
x22 <- 0xFFF7FFFF

mem[X,0x80000424] -> 0xA623
mem[X,0x80000426] -> 0x0360
[270] [M]: 0x80000424 (0x0360A623) sw s6, 0x2c(ra)
mem[0x80003184] <- 0xFFF7FFFF

mem[X,0x80000428] -> 0x0CB7
mem[X,0x8000042A] -> 0x0201
[271] [M]: 0x80000428 (0x02010CB7) lui s9, 0x2010
x25 <- 0x02010000

mem[X,0x8000042C] -> 0x8C93
mem[X,0x8000042E] -> 0xBFFC
[272] [M]: 0x8000042C (0xBFFC8C93) addi s9, s9, -0x401
x25 <- 0x0200FBFF

mem[X,0x80000430] -> 0x0637
mem[X,0x80000432] -> 0xFE00
[273] [M]: 0x80000430 (0xFE000637) lui a2, -0x2000
x12 <- 0xFE000000

mem[X,0x80000434] -> 0x0613
mem[X,0x80000436] -> 0xFFA6
[274] [M]: 0x80000434 (0xFFA60613) addi a2, a2, -0x6
x12 <- 0xFDFFFFFA

mem[X,0x80000438] -> 0xA39B
mem[X,0x8000043A] -> 0x98CC
[275] [M]: 0x80000438 (0x98CCA39B) padd.h.h0 t2, s9, a2
x7 <- 0xFFFFFBF9

mem[X,0x8000043C] -> 0xA823
mem[X,0x8000043E] -> 0x0270
[276] [M]: 0x8000043C (0x0270A823) sw t2, 0x30(ra)
mem[0x80003188] <- 0xFFFFFBF9

mem[X,0x80000440] -> 0xF637
mem[X,0x80000442] -> 0xFFFB
[277] [M]: 0x80000440 (0xFFFBF637) lui a2, -0x41
x12 <- 0xFFFBF000

mem[X,0x80000444] -> 0x0613
mem[X,0x80000446] -> 0x7FF6
[278] [M]: 0x80000444 (0x7FF60613) addi a2, a2, 0x7ff
x12 <- 0xFFFBF7FF

mem[X,0x80000448] -> 0x07B7
mem[X,0x8000044A] -> 0x0021
[279] [M]: 0x80000448 (0x002107B7) lui a5, 0x210
x15 <- 0x00210000

mem[X,0x8000044C] -> 0x8793
mem[X,0x8000044E] -> 0xBFF7
[280] [M]: 0x8000044C (0xBFF78793) addi a5, a5, -0x401
x15 <- 0x0020FBFF

mem[X,0x80000450] -> 0x2F9B
mem[X,0x80000452] -> 0x98F6
[281] [M]: 0x80000450 (0x98F62F9B) padd.h.h0 t6, a2, a5
x31 <- 0x001BF3FE

mem[X,0x80000454] -> 0xAA23
mem[X,0x80000456] -> 0x03F0
[282] [M]: 0x80000454 (0x03F0AA23) sw t6, 0x34(ra)
mem[0x8000318C] <- 0x001BF3FE

mem[X,0x80000458] -> 0x07B7
mem[X,0x8000045A] -> 0x5556
[283] [M]: 0x80000458 (0x555607B7) lui a5, 0x55560
x15 <- 0x55560000

mem[X,0x8000045C] -> 0x8793
mem[X,0x8000045E] -> 0xFDF7
[284] [M]: 0x8000045C (0xFDF78793) addi a5, a5, -0x21
x15 <- 0x5555FFDF

mem[X,0x80000460] -> 0x0F37
mem[X,0x80000462] -> 0xFFFD
[285] [M]: 0x80000460 (0xFFFD0F37) lui t5, -0x30
x30 <- 0xFFFD0000

mem[X,0x80000464] -> 0x0F13
mem[X,0x80000466] -> 0x100F
[286] [M]: 0x80000464 (0x100F0F13) addi t5, t5, 0x100
x30 <- 0xFFFD0100

mem[X,0x80000468] -> 0xA61B
mem[X,0x8000046A] -> 0x99E7
[287] [M]: 0x80000468 (0x99E7A61B) padd.h.h0 a2, a5, t5
x12 <- 0x555200DF

mem[X,0x8000046C] -> 0xAC23
mem[X,0x8000046E] -> 0x02C0
[288] [M]: 0x8000046C (0x02C0AC23) sw a2, 0x38(ra)
mem[0x80003190] <- 0x555200DF

mem[X,0x80000470] -> 0x0F37
mem[X,0x80000472] -> 0x0001
[289] [M]: 0x80000470 (0x00010F37) lui t5, 0x10
x30 <- 0x00010000

mem[X,0x80000474] -> 0x0F13
mem[X,0x80000476] -> 0x006F
[290] [M]: 0x80000474 (0x006F0F13) addi t5, t5, 0x6
x30 <- 0x00010006

mem[X,0x80000478] -> 0x0EB7
mem[X,0x8000047A] -> 0xFFFB
[291] [M]: 0x80000478 (0xFFFB0EB7) lui t4, -0x50
x29 <- 0xFFFB0000

mem[X,0x8000047C] -> 0x8E93
mem[X,0x8000047E] -> 0x006E
[292] [M]: 0x8000047C (0x006E8E93) addi t4, t4, 0x6
x29 <- 0xFFFB0006

mem[X,0x80000480] -> 0x2F9B
mem[X,0x80000482] -> 0x99DF
[293] [M]: 0x80000480 (0x99DF2F9B) padd.h.h0 t6, t5, t4
x31 <- 0xFFFC000C

mem[X,0x80000484] -> 0xAE23
mem[X,0x80000486] -> 0x03F0
[294] [M]: 0x80000484 (0x03F0AE23) sw t6, 0x3c(ra)
mem[0x80003194] <- 0xFFFC000C

mem[X,0x80000488] -> 0x0F37
mem[X,0x8000048A] -> 0x0006
[295] [M]: 0x80000488 (0x00060F37) lui t5, 0x60
x30 <- 0x00060000

mem[X,0x8000048C] -> 0x0F13
mem[X,0x8000048E] -> 0x200F
[296] [M]: 0x8000048C (0x200F0F13) addi t5, t5, 0x200
x30 <- 0x00060200

mem[X,0x80000490] -> 0x0EB7
mem[X,0x80000492] -> 0xFF80
[297] [M]: 0x80000490 (0xFF800EB7) lui t4, -0x800
x29 <- 0xFF800000

mem[X,0x80000494] -> 0x8E93
mem[X,0x80000496] -> 0xFF9E
[298] [M]: 0x80000494 (0xFF9E8E93) addi t4, t4, -0x7
x29 <- 0xFF7FFFF9

mem[X,0x80000498] -> 0x2F9B
mem[X,0x8000049A] -> 0x99DF
[299] [M]: 0x80000498 (0x99DF2F9B) padd.h.h0 t6, t5, t4
x31 <- 0xFF8501F9

clint::tick mtime <- 0x0000000000000003
 clint timer pending at mtime 0x0000000000000003
htif::tick 0x0000000000000000
mem[X,0x8000049C] -> 0xA023
mem[X,0x8000049E] -> 0x05F0
[300] [M]: 0x8000049C (0x05F0A023) sw t6, 0x40(ra)
mem[0x80003198] <- 0xFF8501F9

mem[X,0x800004A0] -> 0x0F37
mem[X,0x800004A2] -> 0x0009
[301] [M]: 0x800004A0 (0x00090F37) lui t5, 0x90
x30 <- 0x00090000

mem[X,0x800004A4] -> 0x0F13
mem[X,0x800004A6] -> 0xFFDF
[302] [M]: 0x800004A4 (0xFFDF0F13) addi t5, t5, -0x3
x30 <- 0x0008FFFD

mem[X,0x800004A8] -> 0x1EB7
mem[X,0x800004AA] -> 0xEFFF
[303] [M]: 0x800004A8 (0xEFFF1EB7) lui t4, -0x1000f
x29 <- 0xEFFF1000

mem[X,0x800004AC] -> 0x8E93
mem[X,0x800004AE] -> 0x800E
[304] [M]: 0x800004AC (0x800E8E93) addi t4, t4, -0x800
x29 <- 0xEFFF0800

mem[X,0x800004B0] -> 0x2F9B
mem[X,0x800004B2] -> 0x99DF
[305] [M]: 0x800004B0 (0x99DF2F9B) padd.h.h0 t6, t5, t4
x31 <- 0xF00707FD

mem[X,0x800004B4] -> 0xA223
mem[X,0x800004B6] -> 0x05F0
[306] [M]: 0x800004B4 (0x05F0A223) sw t6, 0x44(ra)
mem[0x8000319C] <- 0xF00707FD

mem[X,0x800004B8] -> 0x0F13
mem[X,0x800004BA] -> 0x0030
[307] [M]: 0x800004B8 (0x00300F13) addi t5, zero, 0x3
x30 <- 0x00000003

mem[X,0x800004BC] -> 0x0EB7
mem[X,0x800004BE] -> 0xDFFF
[308] [M]: 0x800004BC (0xDFFF0EB7) lui t4, -0x20010
x29 <- 0xDFFF0000

mem[X,0x800004C0] -> 0x8E93
mem[X,0x800004C2] -> 0x200E
[309] [M]: 0x800004C0 (0x200E8E93) addi t4, t4, 0x200
x29 <- 0xDFFF0200

mem[X,0x800004C4] -> 0x2F9B
mem[X,0x800004C6] -> 0x99DF
[310] [M]: 0x800004C4 (0x99DF2F9B) padd.h.h0 t6, t5, t4
x31 <- 0xDFFF0203

mem[X,0x800004C8] -> 0xA423
mem[X,0x800004CA] -> 0x05F0
[311] [M]: 0x800004C8 (0x05F0A423) sw t6, 0x48(ra)
mem[0x800031A0] <- 0xDFFF0203

mem[X,0x800004CC] -> 0x0F37
mem[X,0x800004CE] -> 0x1001
[312] [M]: 0x800004CC (0x10010F37) lui t5, 0x10010
x30 <- 0x10010000

mem[X,0x800004D0] -> 0x0F13
mem[X,0x800004D2] -> 0xFF8F
[313] [M]: 0x800004D0 (0xFF8F0F13) addi t5, t5, -0x8
x30 <- 0x1000FFF8

mem[X,0x800004D4] -> 0x0EB7
mem[X,0x800004D6] -> 0xBFFF
[314] [M]: 0x800004D4 (0xBFFF0EB7) lui t4, -0x40010
x29 <- 0xBFFF0000

mem[X,0x800004D8] -> 0x8E93
mem[X,0x800004DA] -> 0x006E
[315] [M]: 0x800004D8 (0x006E8E93) addi t4, t4, 0x6
x29 <- 0xBFFF0006

mem[X,0x800004DC] -> 0x2F9B
mem[X,0x800004DE] -> 0x99DF
[316] [M]: 0x800004DC (0x99DF2F9B) padd.h.h0 t6, t5, t4
x31 <- 0xCFFFFFFE

mem[X,0x800004E0] -> 0xA623
mem[X,0x800004E2] -> 0x05F0
[317] [M]: 0x800004E0 (0x05F0A623) sw t6, 0x4c(ra)
mem[0x800031A4] <- 0xCFFFFFFE

mem[X,0x800004E4] -> 0x0F37
mem[X,0x800004E6] -> 0x0021
[318] [M]: 0x800004E4 (0x00210F37) lui t5, 0x210
x30 <- 0x00210000

mem[X,0x800004E8] -> 0x0F13
mem[X,0x800004EA] -> 0xFF6F
[319] [M]: 0x800004E8 (0xFF6F0F13) addi t5, t5, -0xa
x30 <- 0x0020FFF6

mem[X,0x800004EC] -> 0x0EB7
mem[X,0x800004EE] -> 0x5556
[320] [M]: 0x800004EC (0x55560EB7) lui t4, 0x55560
x29 <- 0x55560000

mem[X,0x800004F0] -> 0x8E93
mem[X,0x800004F2] -> 0xEFFE
[321] [M]: 0x800004F0 (0xEFFE8E93) addi t4, t4, -0x101
x29 <- 0x5555FEFF

mem[X,0x800004F4] -> 0x2F9B
mem[X,0x800004F6] -> 0x99DF
[322] [M]: 0x800004F4 (0x99DF2F9B) padd.h.h0 t6, t5, t4
x31 <- 0x5575FEF5

mem[X,0x800004F8] -> 0xA823
mem[X,0x800004FA] -> 0x05F0
[323] [M]: 0x800004F8 (0x05F0A823) sw t6, 0x50(ra)
mem[0x800031A8] <- 0x5575FEF5

mem[X,0x800004FC] -> 0x0F37
mem[X,0x800004FE] -> 0x5556
[324] [M]: 0x800004FC (0x55560F37) lui t5, 0x55560
x30 <- 0x55560000

mem[X,0x80000500] -> 0x0F13
mem[X,0x80000502] -> 0xFFDF
[325] [M]: 0x80000500 (0xFFDF0F13) addi t5, t5, -0x3
x30 <- 0x5555FFFD

mem[X,0x80000504] -> 0x0EB7
mem[X,0x80000506] -> 0xAAAA
[326] [M]: 0x80000504 (0xAAAA0EB7) lui t4, -0x55560
x29 <- 0xAAAA0000

mem[X,0x80000508] -> 0x8E93
mem[X,0x8000050A] -> 0x002E
[327] [M]: 0x80000508 (0x002E8E93) addi t4, t4, 0x2
x29 <- 0xAAAA0002

mem[X,0x8000050C] -> 0x2F9B
mem[X,0x8000050E] -> 0x99DF
[328] [M]: 0x8000050C (0x99DF2F9B) padd.h.h0 t6, t5, t4
x31 <- 0xFFFFFFFF

mem[X,0x80000510] -> 0xAA23
mem[X,0x80000512] -> 0x05F0
[329] [M]: 0x80000510 (0x05F0AA23) sw t6, 0x54(ra)
mem[0x800031AC] <- 0xFFFFFFFF

mem[X,0x80000514] -> 0x4F37
mem[X,0x80000516] -> 0xFFF9
[330] [M]: 0x80000514 (0xFFF94F37) lui t5, -0x6c
x30 <- 0xFFF94000

mem[X,0x80000518] -> 0x0EB7
mem[X,0x8000051A] -> 0xFFF9
[331] [M]: 0x80000518 (0xFFF90EB7) lui t4, -0x70
x29 <- 0xFFF90000

mem[X,0x8000051C] -> 0x8E93
mem[X,0x8000051E] -> 0x006E
[332] [M]: 0x8000051C (0x006E8E93) addi t4, t4, 0x6
x29 <- 0xFFF90006

mem[X,0x80000520] -> 0x2F9B
mem[X,0x80000522] -> 0x99DF
[333] [M]: 0x80000520 (0x99DF2F9B) padd.h.h0 t6, t5, t4
x31 <- 0xFFF24006

mem[X,0x80000524] -> 0xAC23
mem[X,0x80000526] -> 0x05F0
[334] [M]: 0x80000524 (0x05F0AC23) sw t6, 0x58(ra)
mem[0x800031B0] <- 0xFFF24006

mem[X,0x80000528] -> 0xFF37
mem[X,0x8000052A] -> 0xFFFE
[335] [M]: 0x80000528 (0xFFFEFF37) lui t5, -0x11
x30 <- 0xFFFEF000

mem[X,0x8000052C] -> 0x0F13
mem[X,0x8000052E] -> 0xFFFF
[336] [M]: 0x8000052C (0xFFFF0F13) addi t5, t5, -0x1
x30 <- 0xFFFEEFFF

mem[X,0x80000530] -> 0x0EB7
mem[X,0x80000532] -> 0xFFFD
[337] [M]: 0x80000530 (0xFFFD0EB7) lui t4, -0x30
x29 <- 0xFFFD0000

mem[X,0x80000534] -> 0x8E93
mem[X,0x80000536] -> 0x003E
[338] [M]: 0x80000534 (0x003E8E93) addi t4, t4, 0x3
x29 <- 0xFFFD0003

mem[X,0x80000538] -> 0x2F9B
mem[X,0x8000053A] -> 0x99DF
[339] [M]: 0x80000538 (0x99DF2F9B) padd.h.h0 t6, t5, t4
x31 <- 0xFFFBF002

mem[X,0x8000053C] -> 0xAE23
mem[X,0x8000053E] -> 0x05F0
[340] [M]: 0x8000053C (0x05F0AE23) sw t6, 0x5c(ra)
mem[0x800031B4] <- 0xFFFBF002

mem[X,0x80000540] -> 0xEF37
mem[X,0x80000542] -> 0xFEFF
[341] [M]: 0x80000540 (0xFEFFEF37) lui t5, -0x1002
x30 <- 0xFEFFE000

mem[X,0x80000544] -> 0x0F13
mem[X,0x80000546] -> 0xFFFF
[342] [M]: 0x80000544 (0xFFFF0F13) addi t5, t5, -0x1
x30 <- 0xFEFFDFFF

mem[X,0x80000548] -> 0x0EB7
mem[X,0x8000054A] -> 0xFFFB
[343] [M]: 0x80000548 (0xFFFB0EB7) lui t4, -0x50
x29 <- 0xFFFB0000

mem[X,0x8000054C] -> 0x8E93
mem[X,0x8000054E] -> 0x400E
[344] [M]: 0x8000054C (0x400E8E93) addi t4, t4, 0x400
x29 <- 0xFFFB0400

mem[X,0x80000550] -> 0x2F9B
mem[X,0x80000552] -> 0x99DF
[345] [M]: 0x80000550 (0x99DF2F9B) padd.h.h0 t6, t5, t4
x31 <- 0xFEFAE3FF

mem[X,0x80000554] -> 0xA023
mem[X,0x80000556] -> 0x07F0
[346] [M]: 0x80000554 (0x07F0A023) sw t6, 0x60(ra)
mem[0x800031B8] <- 0xFEFAE3FF

mem[X,0x80000558] -> 0xCF37
mem[X,0x8000055A] -> 0x0040
[347] [M]: 0x80000558 (0x0040CF37) lui t5, 0x40c
x30 <- 0x0040C000

mem[X,0x8000055C] -> 0x0F13
mem[X,0x8000055E] -> 0xFFFF
[348] [M]: 0x8000055C (0xFFFF0F13) addi t5, t5, -0x1
x30 <- 0x0040BFFF

mem[X,0x80000560] -> 0x0EB7
mem[X,0x80000562] -> 0x0004
[349] [M]: 0x80000560 (0x00040EB7) lui t4, 0x40
x29 <- 0x00040000

mem[X,0x80000564] -> 0x8E93
mem[X,0x80000566] -> 0xF7FE
[350] [M]: 0x80000564 (0xF7FE8E93) addi t4, t4, -0x81
x29 <- 0x0003FF7F

mem[X,0x80000568] -> 0x2F9B
mem[X,0x8000056A] -> 0x99DF
[351] [M]: 0x80000568 (0x99DF2F9B) padd.h.h0 t6, t5, t4
x31 <- 0x0043BF7E

mem[X,0x8000056C] -> 0xA223
mem[X,0x8000056E] -> 0x07F0
[352] [M]: 0x8000056C (0x07F0A223) sw t6, 0x64(ra)
mem[0x800031BC] <- 0x0043BF7E

mem[X,0x80000570] -> 0x5F37
mem[X,0x80000572] -> 0xFF7F
[353] [M]: 0x80000570 (0xFF7F5F37) lui t5, -0x80b
x30 <- 0xFF7F5000

mem[X,0x80000574] -> 0x0F13
mem[X,0x80000576] -> 0x555F
[354] [M]: 0x80000574 (0x555F0F13) addi t5, t5, 0x555
x30 <- 0xFF7F5555

mem[X,0x80000578] -> 0xCEB7
mem[X,0x8000057A] -> 0xFFFF
[355] [M]: 0x80000578 (0xFFFFCEB7) lui t4, -0x4
x29 <- 0xFFFFC000

mem[X,0x8000057C] -> 0x2F9B
mem[X,0x8000057E] -> 0x99DF
[356] [M]: 0x8000057C (0x99DF2F9B) padd.h.h0 t6, t5, t4
x31 <- 0xFF7E1555

mem[X,0x80000580] -> 0xA423
mem[X,0x80000582] -> 0x07F0
[357] [M]: 0x80000580 (0x07F0A423) sw t6, 0x68(ra)
mem[0x800031C0] <- 0xFF7E1555

mem[X,0x80000584] -> 0xBF37
mem[X,0x80000586] -> 0xBFFF
[358] [M]: 0x80000584 (0xBFFFBF37) lui t5, -0x40005
x30 <- 0xBFFFB000

mem[X,0x80000588] -> 0x0F13
mem[X,0x8000058A] -> 0xAAAF
[359] [M]: 0x80000588 (0xAAAF0F13) addi t5, t5, -0x556
x30 <- 0xBFFFAAAA

mem[X,0x8000058C] -> 0xFEB7
mem[X,0x8000058E] -> 0x0007
[360] [M]: 0x8000058C (0x0007FEB7) lui t4, 0x7f
x29 <- 0x0007F000

mem[X,0x80000590] -> 0x8E93
mem[X,0x80000592] -> 0x7FFE
[361] [M]: 0x80000590 (0x7FFE8E93) addi t4, t4, 0x7ff
x29 <- 0x0007F7FF

mem[X,0x80000594] -> 0x2F9B
mem[X,0x80000596] -> 0x99DF
[362] [M]: 0x80000594 (0x99DF2F9B) padd.h.h0 t6, t5, t4
x31 <- 0xC006A2A9

mem[X,0x80000598] -> 0xA623
mem[X,0x8000059A] -> 0x07F0
[363] [M]: 0x80000598 (0x07F0A623) sw t6, 0x6c(ra)
mem[0x800031C4] <- 0xC006A2A9

mem[X,0x8000059C] -> 0x0F37
mem[X,0x8000059E] -> 0x8001
[364] [M]: 0x8000059C (0x80010F37) lui t5, -0x7fff0
x30 <- 0x80010000

mem[X,0x800005A0] -> 0x0F13
mem[X,0x800005A2] -> 0xF7FF
[365] [M]: 0x800005A0 (0xF7FF0F13) addi t5, t5, -0x81
x30 <- 0x8000FF7F

mem[X,0x800005A4] -> 0x0EB7
mem[X,0x800005A6] -> 0xFFFC
[366] [M]: 0x800005A4 (0xFFFC0EB7) lui t4, -0x40
x29 <- 0xFFFC0000

mem[X,0x800005A8] -> 0x8E93
mem[X,0x800005AA] -> 0x002E
[367] [M]: 0x800005A8 (0x002E8E93) addi t4, t4, 0x2
x29 <- 0xFFFC0002

mem[X,0x800005AC] -> 0x2F9B
mem[X,0x800005AE] -> 0x99DF
[368] [M]: 0x800005AC (0x99DF2F9B) padd.h.h0 t6, t5, t4
x31 <- 0x7FFCFF81

mem[X,0x800005B0] -> 0xA823
mem[X,0x800005B2] -> 0x07F0
[369] [M]: 0x800005B0 (0x07F0A823) sw t6, 0x70(ra)
mem[0x800031C8] <- 0x7FFCFF81

mem[X,0x800005B4] -> 0xFF37
mem[X,0x800005B6] -> 0x7FFF
[370] [M]: 0x800005B4 (0x7FFFFF37) lui t5, 0x7ffff
x30 <- 0x7FFFF000

mem[X,0x800005B8] -> 0x0F13
mem[X,0x800005BA] -> 0x7FFF
[371] [M]: 0x800005B8 (0x7FFF0F13) addi t5, t5, 0x7ff
x30 <- 0x7FFFF7FF

mem[X,0x800005BC] -> 0x0EB7
mem[X,0x800005BE] -> 0xFFF6
[372] [M]: 0x800005BC (0xFFF60EB7) lui t4, -0xa0
x29 <- 0xFFF60000

mem[X,0x800005C0] -> 0x8E93
mem[X,0x800005C2] -> 0x400E
[373] [M]: 0x800005C0 (0x400E8E93) addi t4, t4, 0x400
x29 <- 0xFFF60400

mem[X,0x800005C4] -> 0x2F9B
mem[X,0x800005C6] -> 0x99DF
[374] [M]: 0x800005C4 (0x99DF2F9B) padd.h.h0 t6, t5, t4
x31 <- 0x7FF5FBFF

mem[X,0x800005C8] -> 0xAA23
mem[X,0x800005CA] -> 0x07F0
[375] [M]: 0x800005C8 (0x07F0AA23) sw t6, 0x74(ra)
mem[0x800031CC] <- 0x7FF5FBFF

mem[X,0x800005CC] -> 0x4F37
mem[X,0x800005CE] -> 0x0002
[376] [M]: 0x800005CC (0x00024F37) lui t5, 0x24
x30 <- 0x00024000

mem[X,0x800005D0] -> 0x0F13
mem[X,0x800005D2] -> 0xFFFF
[377] [M]: 0x800005D0 (0xFFFF0F13) addi t5, t5, -0x1
x30 <- 0x00023FFF

mem[X,0x800005D4] -> 0xEEB7
mem[X,0x800005D6] -> 0x0008
[378] [M]: 0x800005D4 (0x0008EEB7) lui t4, 0x8e
x29 <- 0x0008E000

mem[X,0x800005D8] -> 0x8E93
mem[X,0x800005DA] -> 0xFFFE
[379] [M]: 0x800005D8 (0xFFFE8E93) addi t4, t4, -0x1
x29 <- 0x0008DFFF

mem[X,0x800005DC] -> 0x2F9B
mem[X,0x800005DE] -> 0x99DF
[380] [M]: 0x800005DC (0x99DF2F9B) padd.h.h0 t6, t5, t4
x31 <- 0x000A1FFE

mem[X,0x800005E0] -> 0xAC23
mem[X,0x800005E2] -> 0x07F0
[381] [M]: 0x800005E0 (0x07F0AC23) sw t6, 0x78(ra)
mem[0x800031D0] <- 0x000A1FFE

mem[X,0x800005E4] -> 0x0F37
mem[X,0x800005E6] -> 0xFDFF
[382] [M]: 0x800005E4 (0xFDFF0F37) lui t5, -0x2010
x30 <- 0xFDFF0000

mem[X,0x800005E8] -> 0x0F13
mem[X,0x800005EA] -> 0x040F
[383] [M]: 0x800005E8 (0x040F0F13) addi t5, t5, 0x40
x30 <- 0xFDFF0040

mem[X,0x800005EC] -> 0x8EB7
mem[X,0x800005EE] -> 0x0080
[384] [M]: 0x800005EC (0x00808EB7) lui t4, 0x808
x29 <- 0x00808000

mem[X,0x800005F0] -> 0x2F9B
mem[X,0x800005F2] -> 0x99DF
[385] [M]: 0x800005F0 (0x99DF2F9B) padd.h.h0 t6, t5, t4
x31 <- 0xFE7F8040

mem[X,0x800005F4] -> 0xAE23
mem[X,0x800005F6] -> 0x07F0
[386] [M]: 0x800005F4 (0x07F0AE23) sw t6, 0x7c(ra)
mem[0x800031D4] <- 0xFE7F8040

mem[X,0x800005F8] -> 0x0F37
mem[X,0x800005FA] -> 0xFC00
[387] [M]: 0x800005F8 (0xFC000F37) lui t5, -0x4000
x30 <- 0xFC000000

mem[X,0x800005FC] -> 0x0F13
mem[X,0x800005FE] -> 0xBFFF
[388] [M]: 0x800005FC (0xBFFF0F13) addi t5, t5, -0x401
x30 <- 0xFBFFFBFF

mem[X,0x80000600] -> 0x8EB7
mem[X,0x80000602] -> 0xFFFF
[389] [M]: 0x80000600 (0xFFFF8EB7) lui t4, -0x8
x29 <- 0xFFFF8000

mem[X,0x80000604] -> 0x2F9B
mem[X,0x80000606] -> 0x99DF
[390] [M]: 0x80000604 (0x99DF2F9B) padd.h.h0 t6, t5, t4
x31 <- 0xFBFE7BFF

mem[X,0x80000608] -> 0xA023
mem[X,0x8000060A] -> 0x09F0
[391] [M]: 0x80000608 (0x09F0A023) sw t6, 0x80(ra)
mem[0x800031D8] <- 0xFBFE7BFF

mem[X,0x8000060C] -> 0x0F37
mem[X,0x8000060E] -> 0xF000
[392] [M]: 0x8000060C (0xF0000F37) lui t5, -0x10000
x30 <- 0xF0000000

mem[X,0x80000610] -> 0x0F13
mem[X,0x80000612] -> 0xBFFF
[393] [M]: 0x80000610 (0xBFFF0F13) addi t5, t5, -0x401
x30 <- 0xEFFFFBFF

mem[X,0x80000614] -> 0x0EB7
mem[X,0x80000616] -> 0x0003
[394] [M]: 0x80000614 (0x00030EB7) lui t4, 0x30
x29 <- 0x00030000

mem[X,0x80000618] -> 0x8E93
mem[X,0x8000061A] -> 0xFDFE
[395] [M]: 0x80000618 (0xFDFE8E93) addi t4, t4, -0x21
x29 <- 0x0002FFDF

mem[X,0x8000061C] -> 0x2F9B
mem[X,0x8000061E] -> 0x99DF
[396] [M]: 0x8000061C (0x99DF2F9B) padd.h.h0 t6, t5, t4
x31 <- 0xF001FBDE

mem[X,0x80000620] -> 0xA223
mem[X,0x80000622] -> 0x09F0
[397] [M]: 0x80000620 (0x09F0A223) sw t6, 0x84(ra)
mem[0x800031DC] <- 0xF001FBDE

mem[X,0x80000624] -> 0x0F37
mem[X,0x80000626] -> 0xDFFF
[398] [M]: 0x80000624 (0xDFFF0F37) lui t5, -0x20010
x30 <- 0xDFFF0000

mem[X,0x80000628] -> 0x0F13
mem[X,0x8000062A] -> 0x008F
[399] [M]: 0x80000628 (0x008F0F13) addi t5, t5, 0x8
x30 <- 0xDFFF0008

clint::tick mtime <- 0x0000000000000004
 clint timer pending at mtime 0x0000000000000004
htif::tick 0x0000000000000000
mem[X,0x8000062C] -> 0xFEB7
mem[X,0x8000062E] -> 0xEFFF
[400] [M]: 0x8000062C (0xEFFFFEB7) lui t4, -0x10001
x29 <- 0xEFFFF000

mem[X,0x80000630] -> 0x8E93
mem[X,0x80000632] -> 0x7FFE
[401] [M]: 0x80000630 (0x7FFE8E93) addi t4, t4, 0x7ff
x29 <- 0xEFFFF7FF

mem[X,0x80000634] -> 0x2F9B
mem[X,0x80000636] -> 0x99DF
[402] [M]: 0x80000634 (0x99DF2F9B) padd.h.h0 t6, t5, t4
x31 <- 0xCFFEF807

mem[X,0x80000638] -> 0xA423
mem[X,0x8000063A] -> 0x09F0
[403] [M]: 0x80000638 (0x09F0A423) sw t6, 0x88(ra)
mem[0x800031E0] <- 0xCFFEF807

mem[X,0x8000063C] -> 0x0F37
mem[X,0x8000063E] -> 0xFFF6
[404] [M]: 0x8000063C (0xFFF60F37) lui t5, -0xa0
x30 <- 0xFFF60000

mem[X,0x80000640] -> 0x0F13
mem[X,0x80000642] -> 0x080F
[405] [M]: 0x80000640 (0x080F0F13) addi t5, t5, 0x80
x30 <- 0xFFF60080

mem[X,0x80000644] -> 0x0EB7
mem[X,0x80000646] -> 0x0005
[406] [M]: 0x80000644 (0x00050EB7) lui t4, 0x50
x29 <- 0x00050000

mem[X,0x80000648] -> 0x8E93
mem[X,0x8000064A] -> 0xFFFE
[407] [M]: 0x80000648 (0xFFFE8E93) addi t4, t4, -0x1
x29 <- 0x0004FFFF

mem[X,0x8000064C] -> 0x2F9B
mem[X,0x8000064E] -> 0x99DF
[408] [M]: 0x8000064C (0x99DF2F9B) padd.h.h0 t6, t5, t4
x31 <- 0xFFFA007F

mem[X,0x80000650] -> 0xA623
mem[X,0x80000652] -> 0x09F0
[409] [M]: 0x80000650 (0x09F0A623) sw t6, 0x8c(ra)
mem[0x800031E4] <- 0xFFFA007F

mem[X,0x80000654] -> 0x0F13
mem[X,0x80000656] -> 0xFDF0
[410] [M]: 0x80000654 (0xFDF00F13) addi t5, zero, -0x21
x30 <- 0xFFFFFFDF

mem[X,0x80000658] -> 0x0EB7
mem[X,0x8000065A] -> 0xFFF8
[411] [M]: 0x80000658 (0xFFF80EB7) lui t4, -0x80
x29 <- 0xFFF80000

mem[X,0x8000065C] -> 0x8E93
mem[X,0x8000065E] -> 0x001E
[412] [M]: 0x8000065C (0x001E8E93) addi t4, t4, 0x1
x29 <- 0xFFF80001

mem[X,0x80000660] -> 0x2F9B
mem[X,0x80000662] -> 0x99DF
[413] [M]: 0x80000660 (0x99DF2F9B) padd.h.h0 t6, t5, t4
x31 <- 0xFFF7FFE0

mem[X,0x80000664] -> 0xA823
mem[X,0x80000666] -> 0x09F0
[414] [M]: 0x80000664 (0x09F0A823) sw t6, 0x90(ra)
mem[0x800031E8] <- 0xFFF7FFE0

mem[X,0x80000668] -> 0x0F37
mem[X,0x8000066A] -> 0x8000
[415] [M]: 0x80000668 (0x80000F37) lui t5, -0x80000
x30 <- 0x80000000

mem[X,0x8000066C] -> 0x0F13
mem[X,0x8000066E] -> 0x007F
[416] [M]: 0x8000066C (0x007F0F13) addi t5, t5, 0x7
x30 <- 0x80000007

mem[X,0x80000670] -> 0x8EB7
mem[X,0x80000672] -> 0x5555
[417] [M]: 0x80000670 (0x55558EB7) lui t4, 0x55558
x29 <- 0x55558000

mem[X,0x80000674] -> 0x8E93
mem[X,0x80000676] -> 0xFFFE
[418] [M]: 0x80000674 (0xFFFE8E93) addi t4, t4, -0x1
x29 <- 0x55557FFF

mem[X,0x80000678] -> 0x2F9B
mem[X,0x8000067A] -> 0x99DF
[419] [M]: 0x80000678 (0x99DF2F9B) padd.h.h0 t6, t5, t4
x31 <- 0xD5558006

mem[X,0x8000067C] -> 0xAA23
mem[X,0x8000067E] -> 0x09F0
[420] [M]: 0x8000067C (0x09F0AA23) sw t6, 0x94(ra)
mem[0x800031EC] <- 0xD5558006

mem[X,0x80000680] -> 0x0F37
mem[X,0x80000682] -> 0x0006
[421] [M]: 0x80000680 (0x00060F37) lui t5, 0x60
x30 <- 0x00060000

mem[X,0x80000684] -> 0x0F13
mem[X,0x80000686] -> 0x005F
[422] [M]: 0x80000684 (0x005F0F13) addi t5, t5, 0x5
x30 <- 0x00060005

mem[X,0x80000688] -> 0x0EB7
mem[X,0x8000068A] -> 0x0200
[423] [M]: 0x80000688 (0x02000EB7) lui t4, 0x2000
x29 <- 0x02000000

mem[X,0x8000068C] -> 0x8E93
mem[X,0x8000068E] -> 0x004E
[424] [M]: 0x8000068C (0x004E8E93) addi t4, t4, 0x4
x29 <- 0x02000004

mem[X,0x80000690] -> 0x2F9B
mem[X,0x80000692] -> 0x99DF
[425] [M]: 0x80000690 (0x99DF2F9B) padd.h.h0 t6, t5, t4
x31 <- 0x02060009

mem[X,0x80000694] -> 0xAC23
mem[X,0x80000696] -> 0x09F0
[426] [M]: 0x80000694 (0x09F0AC23) sw t6, 0x98(ra)
mem[0x800031F0] <- 0x02060009

mem[X,0x80000698] -> 0x0F37
mem[X,0x8000069A] -> 0xFF80
[427] [M]: 0x80000698 (0xFF800F37) lui t5, -0x800
x30 <- 0xFF800000

mem[X,0x8000069C] -> 0x0F13
mem[X,0x8000069E] -> 0xFFCF
[428] [M]: 0x8000069C (0xFFCF0F13) addi t5, t5, -0x4
x30 <- 0xFF7FFFFC

mem[X,0x800006A0] -> 0x0EB7
mem[X,0x800006A2] -> 0xFFFA
[429] [M]: 0x800006A0 (0xFFFA0EB7) lui t4, -0x60
x29 <- 0xFFFA0000

mem[X,0x800006A4] -> 0x8E93
mem[X,0x800006A6] -> 0x008E
[430] [M]: 0x800006A4 (0x008E8E93) addi t4, t4, 0x8
x29 <- 0xFFFA0008

mem[X,0x800006A8] -> 0x2F9B
mem[X,0x800006AA] -> 0x99DF
[431] [M]: 0x800006A8 (0x99DF2F9B) padd.h.h0 t6, t5, t4
x31 <- 0xFF790004

mem[X,0x800006AC] -> 0xAE23
mem[X,0x800006AE] -> 0x09F0
[432] [M]: 0x800006AC (0x09F0AE23) sw t6, 0x9c(ra)
mem[0x800031F4] <- 0xFF790004

mem[X,0x800006B0] -> 0xBF37
mem[X,0x800006B2] -> 0xFFDF
[433] [M]: 0x800006B0 (0xFFDFBF37) lui t5, -0x205
x30 <- 0xFFDFB000

mem[X,0x800006B4] -> 0x0F13
mem[X,0x800006B6] -> 0xAAAF
[434] [M]: 0x800006B4 (0xAAAF0F13) addi t5, t5, -0x556
x30 <- 0xFFDFAAAA

mem[X,0x800006B8] -> 0x0EB7
mem[X,0x800006BA] -> 0xFFBF
[435] [M]: 0x800006B8 (0xFFBF0EB7) lui t4, -0x410
x29 <- 0xFFBF0000

mem[X,0x800006BC] -> 0x8E93
mem[X,0x800006BE] -> 0x010E
[436] [M]: 0x800006BC (0x010E8E93) addi t4, t4, 0x10
x29 <- 0xFFBF0010

mem[X,0x800006C0] -> 0x2F9B
mem[X,0x800006C2] -> 0x99DF
[437] [M]: 0x800006C0 (0x99DF2F9B) padd.h.h0 t6, t5, t4
x31 <- 0xFF9EAABA

mem[X,0x800006C4] -> 0xA023
mem[X,0x800006C6] -> 0x0BF0
[438] [M]: 0x800006C4 (0x0BF0A023) sw t6, 0xa0(ra)
mem[0x800031F8] <- 0xFF9EAABA

mem[X,0x800006C8] -> 0x0F37
mem[X,0x800006CA] -> 0x0400
[439] [M]: 0x800006C8 (0x04000F37) lui t5, 0x4000
x30 <- 0x04000000

mem[X,0x800006CC] -> 0x0F13
mem[X,0x800006CE] -> 0x080F
[440] [M]: 0x800006CC (0x080F0F13) addi t5, t5, 0x80
x30 <- 0x04000080

mem[X,0x800006D0] -> 0x0EB7
mem[X,0x800006D2] -> 0x0006
[441] [M]: 0x800006D0 (0x00060EB7) lui t4, 0x60
x29 <- 0x00060000

mem[X,0x800006D4] -> 0x8E93
mem[X,0x800006D6] -> 0x080E
[442] [M]: 0x800006D4 (0x080E8E93) addi t4, t4, 0x80
x29 <- 0x00060080

mem[X,0x800006D8] -> 0x2F9B
mem[X,0x800006DA] -> 0x99DF
[443] [M]: 0x800006D8 (0x99DF2F9B) padd.h.h0 t6, t5, t4
x31 <- 0x04060100

mem[X,0x800006DC] -> 0xA223
mem[X,0x800006DE] -> 0x0BF0
[444] [M]: 0x800006DC (0x0BF0A223) sw t6, 0xa4(ra)
mem[0x800031FC] <- 0x04060100

mem[X,0x800006E0] -> 0x0F37
mem[X,0x800006E2] -> 0xFFFF
[445] [M]: 0x800006E0 (0xFFFF0F37) lui t5, -0x10
x30 <- 0xFFFF0000

mem[X,0x800006E4] -> 0x0F13
mem[X,0x800006E6] -> 0xDFFF
[446] [M]: 0x800006E4 (0xDFFF0F13) addi t5, t5, -0x201
x30 <- 0xFFFEFDFF

mem[X,0x800006E8] -> 0x1EB7
mem[X,0x800006EA] -> 0x0000
[447] [M]: 0x800006E8 (0x00001EB7) lui t4, 0x1
x29 <- 0x00001000

mem[X,0x800006EC] -> 0x2F9B
mem[X,0x800006EE] -> 0x99DF
[448] [M]: 0x800006EC (0x99DF2F9B) padd.h.h0 t6, t5, t4
x31 <- 0xFFFE0DFF

mem[X,0x800006F0] -> 0xA423
mem[X,0x800006F2] -> 0x0BF0
[449] [M]: 0x800006F0 (0x0BF0A423) sw t6, 0xa8(ra)
mem[0x80003200] <- 0xFFFE0DFF

mem[X,0x800006F4] -> 0x0F37
mem[X,0x800006F6] -> 0x1000
[450] [M]: 0x800006F4 (0x10000F37) lui t5, 0x10000
x30 <- 0x10000000

mem[X,0x800006F8] -> 0x0F13
mem[X,0x800006FA] -> 0x100F
[451] [M]: 0x800006F8 (0x100F0F13) addi t5, t5, 0x100
x30 <- 0x10000100

mem[X,0x800006FC] -> 0x0EB7
mem[X,0x800006FE] -> 0x0006
[452] [M]: 0x800006FC (0x00060EB7) lui t4, 0x60
x29 <- 0x00060000

mem[X,0x80000700] -> 0x8E93
mem[X,0x80000702] -> 0xFFDE
[453] [M]: 0x80000700 (0xFFDE8E93) addi t4, t4, -0x3
x29 <- 0x0005FFFD

mem[X,0x80000704] -> 0x2F9B
mem[X,0x80000706] -> 0x99DF
[454] [M]: 0x80000704 (0x99DF2F9B) padd.h.h0 t6, t5, t4
x31 <- 0x100500FD

mem[X,0x80000708] -> 0xA623
mem[X,0x8000070A] -> 0x0BF0
[455] [M]: 0x80000708 (0x0BF0A623) sw t6, 0xac(ra)
mem[0x80003204] <- 0x100500FD

mem[X,0x8000070C] -> 0xEF37
mem[X,0x8000070E] -> 0xFF7F
[456] [M]: 0x8000070C (0xFF7FEF37) lui t5, -0x802
x30 <- 0xFF7FE000

mem[X,0x80000710] -> 0x0F13
mem[X,0x80000712] -> 0xFFFF
[457] [M]: 0x80000710 (0xFFFF0F13) addi t5, t5, -0x1
x30 <- 0xFF7FDFFF

mem[X,0x80000714] -> 0x0EB7
mem[X,0x80000716] -> 0x2001
[458] [M]: 0x80000714 (0x20010EB7) lui t4, 0x20010
x29 <- 0x20010000

mem[X,0x80000718] -> 0x8E93
mem[X,0x8000071A] -> 0xDFFE
[459] [M]: 0x80000718 (0xDFFE8E93) addi t4, t4, -0x201
x29 <- 0x2000FDFF

mem[X,0x8000071C] -> 0x2F9B
mem[X,0x8000071E] -> 0x99DF
[460] [M]: 0x8000071C (0x99DF2F9B) padd.h.h0 t6, t5, t4
x31 <- 0x1F7FDDFE

mem[X,0x80000720] -> 0xA823
mem[X,0x80000722] -> 0x0BF0
[461] [M]: 0x80000720 (0x0BF0A823) sw t6, 0xb0(ra)
mem[0x80003208] <- 0x1F7FDDFE

mem[X,0x80000724] -> 0x0F13
mem[X,0x80000726] -> 0xFFB0
[462] [M]: 0x80000724 (0xFFB00F13) addi t5, zero, -0x5
x30 <- 0xFFFFFFFB

mem[X,0x80000728] -> 0xCEB7
mem[X,0x8000072A] -> 0x0002
[463] [M]: 0x80000728 (0x0002CEB7) lui t4, 0x2c
x29 <- 0x0002C000

mem[X,0x8000072C] -> 0x8E93
mem[X,0x8000072E] -> 0xFFFE
[464] [M]: 0x8000072C (0xFFFE8E93) addi t4, t4, -0x1
x29 <- 0x0002BFFF

mem[X,0x80000730] -> 0x2F9B
mem[X,0x80000732] -> 0x99DF
[465] [M]: 0x80000730 (0x99DF2F9B) padd.h.h0 t6, t5, t4
x31 <- 0x0001BFFA

mem[X,0x80000734] -> 0xAA23
mem[X,0x80000736] -> 0x0BF0
[466] [M]: 0x80000734 (0x0BF0AA23) sw t6, 0xb4(ra)
mem[0x8000320C] <- 0x0001BFFA

mem[X,0x80000738] -> 0x0F37
mem[X,0x8000073A] -> 0xFFF0
[467] [M]: 0x80000738 (0xFFF00F37) lui t5, -0x100
x30 <- 0xFFF00000

mem[X,0x8000073C] -> 0x0F13
mem[X,0x8000073E] -> 0xFDFF
[468] [M]: 0x8000073C (0xFDFF0F13) addi t5, t5, -0x21
x30 <- 0xFFEFFFDF

mem[X,0x80000740] -> 0x0EB7
mem[X,0x80000742] -> 0xFBFF
[469] [M]: 0x80000740 (0xFBFF0EB7) lui t4, -0x4010
x29 <- 0xFBFF0000

mem[X,0x80000744] -> 0x8E93
mem[X,0x80000746] -> 0x400E
[470] [M]: 0x80000744 (0x400E8E93) addi t4, t4, 0x400
x29 <- 0xFBFF0400

mem[X,0x80000748] -> 0x2F9B
mem[X,0x8000074A] -> 0x99DF
[471] [M]: 0x80000748 (0x99DF2F9B) padd.h.h0 t6, t5, t4
x31 <- 0xFBEE03DF

mem[X,0x8000074C] -> 0xAC23
mem[X,0x8000074E] -> 0x0BF0
[472] [M]: 0x8000074C (0x0BF0AC23) sw t6, 0xb8(ra)
mem[0x80003210] <- 0xFBEE03DF

mem[X,0x80000750] -> 0x0F37
mem[X,0x80000752] -> 0x8001
[473] [M]: 0x80000750 (0x80010F37) lui t5, -0x7fff0
x30 <- 0x80010000

mem[X,0x80000754] -> 0x0F13
mem[X,0x80000756] -> 0xFF8F
[474] [M]: 0x80000754 (0xFF8F0F13) addi t5, t5, -0x8
x30 <- 0x8000FFF8

mem[X,0x80000758] -> 0x5EB7
mem[X,0x8000075A] -> 0x0006
[475] [M]: 0x80000758 (0x00065EB7) lui t4, 0x65
x29 <- 0x00065000

mem[X,0x8000075C] -> 0x8E93
mem[X,0x8000075E] -> 0x555E
[476] [M]: 0x8000075C (0x555E8E93) addi t4, t4, 0x555
x29 <- 0x00065555

mem[X,0x80000760] -> 0x2F9B
mem[X,0x80000762] -> 0x99DF
[477] [M]: 0x80000760 (0x99DF2F9B) padd.h.h0 t6, t5, t4
x31 <- 0x8006554D

mem[X,0x80000764] -> 0xAE23
mem[X,0x80000766] -> 0x0BF0
[478] [M]: 0x80000764 (0x0BF0AE23) sw t6, 0xbc(ra)
mem[0x80003214] <- 0x8006554D

mem[X,0x80000768] -> 0x0F37
mem[X,0x8000076A] -> 0x0011
[479] [M]: 0x80000768 (0x00110F37) lui t5, 0x110
x30 <- 0x00110000

mem[X,0x8000076C] -> 0x0F13
mem[X,0x8000076E] -> 0xFF6F
[480] [M]: 0x8000076C (0xFF6F0F13) addi t5, t5, -0xa
x30 <- 0x0010FFF6

mem[X,0x80000770] -> 0x0EB7
mem[X,0x80000772] -> 0xFFF8
[481] [M]: 0x80000770 (0xFFF80EB7) lui t4, -0x80
x29 <- 0xFFF80000

mem[X,0x80000774] -> 0x8E93
mem[X,0x80000776] -> 0x400E
[482] [M]: 0x80000774 (0x400E8E93) addi t4, t4, 0x400
x29 <- 0xFFF80400

mem[X,0x80000778] -> 0x2F9B
mem[X,0x8000077A] -> 0x99DF
[483] [M]: 0x80000778 (0x99DF2F9B) padd.h.h0 t6, t5, t4
x31 <- 0x000803F6

mem[X,0x8000077C] -> 0xA023
mem[X,0x8000077E] -> 0x0DF0
[484] [M]: 0x8000077C (0x0DF0A023) sw t6, 0xc0(ra)
mem[0x80003218] <- 0x000803F6

mem[X,0x80000780] -> 0x0F37
mem[X,0x80000782] -> 0x3FFF
[485] [M]: 0x80000780 (0x3FFF0F37) lui t5, 0x3fff0
x30 <- 0x3FFF0000

mem[X,0x80000784] -> 0x0F13
mem[X,0x80000786] -> 0x006F
[486] [M]: 0x80000784 (0x006F0F13) addi t5, t5, 0x6
x30 <- 0x3FFF0006

mem[X,0x80000788] -> 0x0EB7
mem[X,0x8000078A] -> 0x8001
[487] [M]: 0x80000788 (0x80010EB7) lui t4, -0x7fff0
x29 <- 0x80010000

mem[X,0x8000078C] -> 0x8E93
mem[X,0x8000078E] -> 0xFFBE
[488] [M]: 0x8000078C (0xFFBE8E93) addi t4, t4, -0x5
x29 <- 0x8000FFFB

mem[X,0x80000790] -> 0x2F9B
mem[X,0x80000792] -> 0x99DF
[489] [M]: 0x80000790 (0x99DF2F9B) padd.h.h0 t6, t5, t4
x31 <- 0xBFFF0001

mem[X,0x80000794] -> 0xA223
mem[X,0x80000796] -> 0x0DF0
[490] [M]: 0x80000794 (0x0DF0A223) sw t6, 0xc4(ra)
mem[0x8000321C] <- 0xBFFF0001

mem[X,0x80000798] -> 0x0F37
mem[X,0x8000079A] -> 0xC000
[491] [M]: 0x80000798 (0xC0000F37) lui t5, -0x40000
x30 <- 0xC0000000

mem[X,0x8000079C] -> 0x0F13
mem[X,0x8000079E] -> 0x080F
[492] [M]: 0x8000079C (0x080F0F13) addi t5, t5, 0x80
x30 <- 0xC0000080

mem[X,0x800007A0] -> 0x0EB7
mem[X,0x800007A2] -> 0x0010
[493] [M]: 0x800007A0 (0x00100EB7) lui t4, 0x100
x29 <- 0x00100000

mem[X,0x800007A4] -> 0x8E93
mem[X,0x800007A6] -> 0x005E
[494] [M]: 0x800007A4 (0x005E8E93) addi t4, t4, 0x5
x29 <- 0x00100005

mem[X,0x800007A8] -> 0x2F9B
mem[X,0x800007AA] -> 0x99DF
[495] [M]: 0x800007A8 (0x99DF2F9B) padd.h.h0 t6, t5, t4
x31 <- 0xC0100085

mem[X,0x800007AC] -> 0xA423
mem[X,0x800007AE] -> 0x0DF0
[496] [M]: 0x800007AC (0x0DF0A423) sw t6, 0xc8(ra)
mem[0x80003220] <- 0xC0100085

mem[X,0x800007B0] -> 0xCF37
mem[X,0x800007B2] -> 0x4000
[497] [M]: 0x800007B0 (0x4000CF37) lui t5, 0x4000c
x30 <- 0x4000C000

mem[X,0x800007B4] -> 0x0EB7
mem[X,0x800007B6] -> 0x3FFF
[498] [M]: 0x800007B4 (0x3FFF0EB7) lui t4, 0x3fff0
x29 <- 0x3FFF0000

mem[X,0x800007B8] -> 0x8E93
mem[X,0x800007BA] -> 0x010E
[499] [M]: 0x800007B8 (0x010E8E93) addi t4, t4, 0x10
x29 <- 0x3FFF0010

clint::tick mtime <- 0x0000000000000005
 clint timer pending at mtime 0x0000000000000005
htif::tick 0x0000000000000000
mem[X,0x800007BC] -> 0x2F9B
mem[X,0x800007BE] -> 0x99DF
[500] [M]: 0x800007BC (0x99DF2F9B) padd.h.h0 t6, t5, t4
x31 <- 0x7FFFC010

mem[X,0x800007C0] -> 0xA623
mem[X,0x800007C2] -> 0x0DF0
[501] [M]: 0x800007C0 (0x0DF0A623) sw t6, 0xcc(ra)
mem[0x80003224] <- 0x7FFFC010

mem[X,0x800007C4] -> 0x0F37
mem[X,0x800007C6] -> 0x0005
[502] [M]: 0x800007C4 (0x00050F37) lui t5, 0x50
x30 <- 0x00050000

mem[X,0x800007C8] -> 0x0F13
mem[X,0x800007CA] -> 0x100F
[503] [M]: 0x800007C8 (0x100F0F13) addi t5, t5, 0x100
x30 <- 0x00050100

mem[X,0x800007CC] -> 0x0EB7
mem[X,0x800007CE] -> 0x0040
[504] [M]: 0x800007CC (0x00400EB7) lui t4, 0x400
x29 <- 0x00400000

mem[X,0x800007D0] -> 0x8E93
mem[X,0x800007D2] -> 0x004E
[505] [M]: 0x800007D0 (0x004E8E93) addi t4, t4, 0x4
x29 <- 0x00400004

mem[X,0x800007D4] -> 0x2F9B
mem[X,0x800007D6] -> 0x99DF
[506] [M]: 0x800007D4 (0x99DF2F9B) padd.h.h0 t6, t5, t4
x31 <- 0x00450104

mem[X,0x800007D8] -> 0xA823
mem[X,0x800007DA] -> 0x0DF0
[507] [M]: 0x800007D8 (0x0DF0A823) sw t6, 0xd0(ra)
mem[0x80003228] <- 0x00450104

mem[X,0x800007DC] -> 0x0F37
mem[X,0x800007DE] -> 0x0400
[508] [M]: 0x800007DC (0x04000F37) lui t5, 0x4000
x30 <- 0x04000000

mem[X,0x800007E0] -> 0x0F13
mem[X,0x800007E2] -> 0x007F
[509] [M]: 0x800007E0 (0x007F0F13) addi t5, t5, 0x7
x30 <- 0x04000007

mem[X,0x800007E4] -> 0xBEB7
mem[X,0x800007E6] -> 0x0100
[510] [M]: 0x800007E4 (0x0100BEB7) lui t4, 0x100b
x29 <- 0x0100B000

mem[X,0x800007E8] -> 0x8E93
mem[X,0x800007EA] -> 0xAAAE
[511] [M]: 0x800007E8 (0xAAAE8E93) addi t4, t4, -0x556
x29 <- 0x0100AAAA

mem[X,0x800007EC] -> 0x2F9B
mem[X,0x800007EE] -> 0x99DF
[512] [M]: 0x800007EC (0x99DF2F9B) padd.h.h0 t6, t5, t4
x31 <- 0x0500AAB1

mem[X,0x800007F0] -> 0xAA23
mem[X,0x800007F2] -> 0x0DF0
[513] [M]: 0x800007F0 (0x0DF0AA23) sw t6, 0xd4(ra)
mem[0x8000322C] <- 0x0500AAB1

mem[X,0x800007F4] -> 0xCF37
mem[X,0x800007F6] -> 0xFFF7
[514] [M]: 0x800007F4 (0xFFF7CF37) lui t5, -0x84
x30 <- 0xFFF7C000

mem[X,0x800007F8] -> 0x0EB7
mem[X,0x800007FA] -> 0xEFFF
[515] [M]: 0x800007F8 (0xEFFF0EB7) lui t4, -0x10010
x29 <- 0xEFFF0000

mem[X,0x800007FC] -> 0x8E93
mem[X,0x800007FE] -> 0x007E
[516] [M]: 0x800007FC (0x007E8E93) addi t4, t4, 0x7
x29 <- 0xEFFF0007

mem[X,0x80000800] -> 0x2F9B
mem[X,0x80000802] -> 0x99DF
[517] [M]: 0x80000800 (0x99DF2F9B) padd.h.h0 t6, t5, t4
x31 <- 0xEFF6C007

mem[X,0x80000804] -> 0xAC23
mem[X,0x80000806] -> 0x0DF0
[518] [M]: 0x80000804 (0x0DF0AC23) sw t6, 0xd8(ra)
mem[0x80003230] <- 0xEFF6C007

mem[X,0x80000808] -> 0x0F37
mem[X,0x8000080A] -> 0x4000
[519] [M]: 0x80000808 (0x40000F37) lui t5, 0x40000
x30 <- 0x40000000

mem[X,0x8000080C] -> 0x0F13
mem[X,0x8000080E] -> 0x007F
[520] [M]: 0x8000080C (0x007F0F13) addi t5, t5, 0x7
x30 <- 0x40000007

mem[X,0x80000810] -> 0x0EB7
mem[X,0x80000812] -> 0x0801
[521] [M]: 0x80000810 (0x08010EB7) lui t4, 0x8010
x29 <- 0x08010000

mem[X,0x80000814] -> 0x8E93
mem[X,0x80000816] -> 0xFFBE
[522] [M]: 0x80000814 (0xFFBE8E93) addi t4, t4, -0x5
x29 <- 0x0800FFFB

mem[X,0x80000818] -> 0x2F9B
mem[X,0x8000081A] -> 0x99DF
[523] [M]: 0x80000818 (0x99DF2F9B) padd.h.h0 t6, t5, t4
x31 <- 0x48000002

mem[X,0x8000081C] -> 0xAE23
mem[X,0x8000081E] -> 0x0DF0
[524] [M]: 0x8000081C (0x0DF0AE23) sw t6, 0xdc(ra)
mem[0x80003234] <- 0x48000002

mem[X,0x80000820] -> 0x0F37
mem[X,0x80000822] -> 0x0080
[525] [M]: 0x80000820 (0x00800F37) lui t5, 0x800
x30 <- 0x00800000

mem[X,0x80000824] -> 0x0F13
mem[X,0x80000826] -> 0x080F
[526] [M]: 0x80000824 (0x080F0F13) addi t5, t5, 0x80
x30 <- 0x00800080

mem[X,0x80000828] -> 0x0EB7
mem[X,0x8000082A] -> 0x0006
[527] [M]: 0x80000828 (0x00060EB7) lui t4, 0x60
x29 <- 0x00060000

mem[X,0x8000082C] -> 0x8E93
mem[X,0x8000082E] -> 0xFF7E
[528] [M]: 0x8000082C (0xFF7E8E93) addi t4, t4, -0x9
x29 <- 0x0005FFF7

mem[X,0x80000830] -> 0x2F9B
mem[X,0x80000832] -> 0x99DF
[529] [M]: 0x80000830 (0x99DF2F9B) padd.h.h0 t6, t5, t4
x31 <- 0x00850077

mem[X,0x80000834] -> 0xA023
mem[X,0x80000836] -> 0x0FF0
[530] [M]: 0x80000834 (0x0FF0A023) sw t6, 0xe0(ra)
mem[0x80003238] <- 0x00850077

mem[X,0x80000838] -> 0x0F13
mem[X,0x8000083A] -> 0x0090
[531] [M]: 0x80000838 (0x00900F13) addi t5, zero, 0x9
x30 <- 0x00000009

mem[X,0x8000083C] -> 0x0EB7
mem[X,0x8000083E] -> 0xFFF9
[532] [M]: 0x8000083C (0xFFF90EB7) lui t4, -0x70
x29 <- 0xFFF90000

mem[X,0x80000840] -> 0x8E93
mem[X,0x80000842] -> 0xFEFE
[533] [M]: 0x80000840 (0xFEFE8E93) addi t4, t4, -0x11
x29 <- 0xFFF8FFEF

mem[X,0x80000844] -> 0x2F9B
mem[X,0x80000846] -> 0x99DF
[534] [M]: 0x80000844 (0x99DF2F9B) padd.h.h0 t6, t5, t4
x31 <- 0xFFF8FFF8

mem[X,0x80000848] -> 0xA223
mem[X,0x8000084A] -> 0x0FF0
[535] [M]: 0x80000848 (0x0FF0A223) sw t6, 0xe4(ra)
mem[0x8000323C] <- 0xFFF8FFF8

mem[X,0x8000084C] -> 0x0F37
mem[X,0x8000084E] -> 0xFFC0
[536] [M]: 0x8000084C (0xFFC00F37) lui t5, -0x400
x30 <- 0xFFC00000

mem[X,0x80000850] -> 0x0F13
mem[X,0x80000852] -> 0xFFFF
[537] [M]: 0x80000850 (0xFFFF0F13) addi t5, t5, -0x1
x30 <- 0xFFBFFFFF

mem[X,0x80000854] -> 0x0EB7
mem[X,0x80000856] -> 0x7FFF
[538] [M]: 0x80000854 (0x7FFF0EB7) lui t4, 0x7fff0
x29 <- 0x7FFF0000

mem[X,0x80000858] -> 0x8E93
mem[X,0x8000085A] -> 0x200E
[539] [M]: 0x80000858 (0x200E8E93) addi t4, t4, 0x200
x29 <- 0x7FFF0200

mem[X,0x8000085C] -> 0x2F9B
mem[X,0x8000085E] -> 0x99DF
[540] [M]: 0x8000085C (0x99DF2F9B) padd.h.h0 t6, t5, t4
x31 <- 0x7FBE01FF

mem[X,0x80000860] -> 0xA423
mem[X,0x80000862] -> 0x0FF0
[541] [M]: 0x80000860 (0x0FF0A423) sw t6, 0xe8(ra)
mem[0x80003240] <- 0x7FBE01FF

mem[X,0x80000864] -> 0x0F37
mem[X,0x80000866] -> 0x3FFF
[542] [M]: 0x80000864 (0x3FFF0F37) lui t5, 0x3fff0
x30 <- 0x3FFF0000

mem[X,0x80000868] -> 0x0F13
mem[X,0x8000086A] -> 0x001F
[543] [M]: 0x80000868 (0x001F0F13) addi t5, t5, 0x1
x30 <- 0x3FFF0001

mem[X,0x8000086C] -> 0xCEB7
mem[X,0x8000086E] -> 0x0400
[544] [M]: 0x8000086C (0x0400CEB7) lui t4, 0x400c
x29 <- 0x0400C000

mem[X,0x80000870] -> 0x2F9B
mem[X,0x80000872] -> 0x99DF
[545] [M]: 0x80000870 (0x99DF2F9B) padd.h.h0 t6, t5, t4
x31 <- 0x43FFC001

mem[X,0x80000874] -> 0xA623
mem[X,0x80000876] -> 0x0FF0
[546] [M]: 0x80000874 (0x0FF0A623) sw t6, 0xec(ra)
mem[0x80003244] <- 0x43FFC001

mem[X,0x80000878] -> 0x0F37
mem[X,0x8000087A] -> 0x0080
[547] [M]: 0x80000878 (0x00800F37) lui t5, 0x800
x30 <- 0x00800000

mem[X,0x8000087C] -> 0x0F13
mem[X,0x8000087E] -> 0x040F
[548] [M]: 0x8000087C (0x040F0F13) addi t5, t5, 0x40
x30 <- 0x00800040

mem[X,0x80000880] -> 0xFEB7
mem[X,0x80000882] -> 0x0400
[549] [M]: 0x80000880 (0x0400FEB7) lui t4, 0x400f
x29 <- 0x0400F000

mem[X,0x80000884] -> 0x8E93
mem[X,0x80000886] -> 0xFFFE
[550] [M]: 0x80000884 (0xFFFE8E93) addi t4, t4, -0x1
x29 <- 0x0400EFFF

mem[X,0x80000888] -> 0x2F9B
mem[X,0x8000088A] -> 0x99DF
[551] [M]: 0x80000888 (0x99DF2F9B) padd.h.h0 t6, t5, t4
x31 <- 0x0480F03F

mem[X,0x8000088C] -> 0xA823
mem[X,0x8000088E] -> 0x0FF0
[552] [M]: 0x8000088C (0x0FF0A823) sw t6, 0xf0(ra)
mem[0x80003248] <- 0x0480F03F

mem[X,0x80000890] -> 0x0F37
mem[X,0x80000892] -> 0xF800
[553] [M]: 0x80000890 (0xF8000F37) lui t5, -0x8000
x30 <- 0xF8000000

mem[X,0x80000894] -> 0x0F13
mem[X,0x80000896] -> 0xFFBF
[554] [M]: 0x80000894 (0xFFBF0F13) addi t5, t5, -0x5
x30 <- 0xF7FFFFFB

mem[X,0x80000898] -> 0x0EB7
mem[X,0x8000089A] -> 0x0007
[555] [M]: 0x80000898 (0x00070EB7) lui t4, 0x70
x29 <- 0x00070000

mem[X,0x8000089C] -> 0x8E93
mem[X,0x8000089E] -> 0xFDFE
[556] [M]: 0x8000089C (0xFDFE8E93) addi t4, t4, -0x21
x29 <- 0x0006FFDF

mem[X,0x800008A0] -> 0x2F9B
mem[X,0x800008A2] -> 0x99DF
[557] [M]: 0x800008A0 (0x99DF2F9B) padd.h.h0 t6, t5, t4
x31 <- 0xF805FFDA

mem[X,0x800008A4] -> 0xAA23
mem[X,0x800008A6] -> 0x0FF0
[558] [M]: 0x800008A4 (0x0FF0AA23) sw t6, 0xf4(ra)
mem[0x8000324C] <- 0xF805FFDA

mem[X,0x800008A8] -> 0x006F
mem[X,0x800008AA] -> 0x0200
[559] [M]: 0x800008A8 (0x0200006F) jal zero, 0x20

mem[X,0x800008C8] -> 0x0093
mem[X,0x800008CA] -> 0x0010
[560] [M]: 0x800008C8 (0x00100093) addi ra, zero, 0x1
x1 <- 0x00000001

mem[X,0x800008CC] -> 0x0F17
mem[X,0x800008CE] -> 0x0000
[561] [M]: 0x800008CC (0x00000F17) auipc t5, 0x0
x30 <- 0x800008CC

mem[X,0x800008D0] -> 0x2A23
mem[X,0x800008D2] -> 0x721F
[562] [M]: 0x800008D0 (0x721F2A23) sw ra, 0x734(t5)
htif[0x80001000] <- 0x00000001

mem[X,0x800008D4] -> 0xF06F
mem[X,0x800008D6] -> 0xFF9F
[563] [M]: 0x800008D4 (0xFF9FF06F) jal zero, -0x8

mem[X,0x800008CC] -> 0x0F17
mem[X,0x800008CE] -> 0x0000
[564] [M]: 0x800008CC (0x00000F17) auipc t5, 0x0
x30 <- 0x800008CC

mem[X,0x800008D0] -> 0x2A23
mem[X,0x800008D2] -> 0x721F
[565] [M]: 0x800008D0 (0x721F2A23) sw ra, 0x734(t5)
htif[0x80001000] <- 0x00000001

mem[X,0x800008D4] -> 0xF06F
mem[X,0x800008D6] -> 0xFF9F
[566] [M]: 0x800008D4 (0xFF9FF06F) jal zero, -0x8

mem[X,0x800008CC] -> 0x0F17
mem[X,0x800008CE] -> 0x0000
[567] [M]: 0x800008CC (0x00000F17) auipc t5, 0x0
x30 <- 0x800008CC

mem[X,0x800008D0] -> 0x2A23
mem[X,0x800008D2] -> 0x721F
[568] [M]: 0x800008D0 (0x721F2A23) sw ra, 0x734(t5)
htif[0x80001000] <- 0x00000001
htif-syscall-proxy cmd: 0x000000000001

SUCCESS
