using /home/chsu/rvp-workspace/test-64/riscof_work/pmhaccu.h-01.S/ref/Reference-sail_c_simulator.signature for test-signature output.
tohost located at 0x80002000
Running file ref.elf.
ELF Entry @ 0x80000000
begin_signature: 0x80004110
end_signature: 0x80004460
CSR mstatus <- 0x0000000A00000000 (input: 0x0000000000000000)
mem[X,0x0000000000001000] -> 0x0297
mem[X,0x0000000000001002] -> 0x0000
[0] [M]: 0x0000000000001000 (0x00000297) auipc t0, 0x0
x5 <- 0x0000000000001000

mem[X,0x0000000000001004] -> 0x8593
mem[X,0x0000000000001006] -> 0x0202
[1] [M]: 0x0000000000001004 (0x02028593) addi a1, t0, 0x20
x11 <- 0x0000000000001020

mem[X,0x0000000000001008] -> 0x2573
mem[X,0x000000000000100A] -> 0xF140
[2] [M]: 0x0000000000001008 (0xF1402573) csrrs a0, mhartid, zero
CSR mhartid -> 0x0000000000000000
x10 <- 0x0000000000000000

mem[X,0x000000000000100C] -> 0xB283
mem[X,0x000000000000100E] -> 0x0182
[3] [M]: 0x000000000000100C (0x0182B283) ld t0, 0x18(t0)
mem[R,0x0000000000001018] -> 0x0000000080000000
x5 <- 0x0000000080000000

mem[X,0x0000000000001010] -> 0x8067
mem[X,0x0000000000001012] -> 0x0002
[4] [M]: 0x0000000000001010 (0x00028067) jalr zero, 0x0(t0)

mem[X,0x0000000080000000] -> 0x0837
mem[X,0x0000000080000002] -> 0x7D5C
[5] [M]: 0x0000000080000000 (0x7D5C0837) lui a6, 0x7d5c0
x16 <- 0x000000007D5C0000

mem[X,0x0000000080000004] -> 0x0813
mem[X,0x0000000080000006] -> 0xDDB8
[6] [M]: 0x0000000080000004 (0xDDB80813) addi a6, a6, -0x225
x16 <- 0x000000007D5BFDDB

mem[X,0x0000000080000008] -> 0x1813
mem[X,0x000000008000000A] -> 0x00B8
[7] [M]: 0x0000000080000008 (0x00B81813) slli a6, a6, 0xb
x16 <- 0x000003EADFEED800

mem[X,0x000000008000000C] -> 0x0813
mem[X,0x000000008000000E] -> 0x3EA8
[8] [M]: 0x000000008000000C (0x3EA80813) addi a6, a6, 0x3ea
x16 <- 0x000003EADFEEDBEA

mem[X,0x0000000080000010] -> 0x1813
mem[X,0x0000000080000012] -> 0x00B8
[9] [M]: 0x0000000080000010 (0x00B81813) slli a6, a6, 0xb
x16 <- 0x001F56FF76DF5000

mem[X,0x0000000080000014] -> 0x0813
mem[X,0x0000000080000016] -> 0x6FF8
[10] [M]: 0x0000000080000014 (0x6FF80813) addi a6, a6, 0x6ff
x16 <- 0x001F56FF76DF56FF

mem[X,0x0000000080000018] -> 0x1813
mem[X,0x000000008000001A] -> 0x00A8
[11] [M]: 0x0000000080000018 (0x00A81813) slli a6, a6, 0xa
x16 <- 0x7D5BFDDB7D5BFC00

mem[X,0x000000008000001C] -> 0x0813
mem[X,0x000000008000001E] -> 0x1DB8
[12] [M]: 0x000000008000001C (0x1DB80813) addi a6, a6, 0x1db
x16 <- 0x7D5BFDDB7D5BFDDB

mem[X,0x0000000080000020] -> 0x5893
mem[X,0x0000000080000022] -> 0x0078
[13] [M]: 0x0000000080000020 (0x00785893) srli a7, a6, 0x7
x17 <- 0x00FAB7FBB6FAB7FB

mem[X,0x0000000080000024] -> 0x5793
mem[X,0x0000000080000026] -> 0x0398
[14] [M]: 0x0000000080000024 (0x03985793) srli a5, a6, 0x39
x15 <- 0x000000000000003E

mem[X,0x0000000080000028] -> 0xE8B3
mem[X,0x000000008000002A] -> 0x00F8
[15] [M]: 0x0000000080000028 (0x00F8E8B3) or a7, a7, a5
x17 <- 0x00FAB7FBB6FAB7FF

mem[X,0x000000008000002C] -> 0xD913
mem[X,0x000000008000002E] -> 0x0078
[16] [M]: 0x000000008000002C (0x0078D913) srli s2, a7, 0x7
x18 <- 0x0001F56FF76DF56F

mem[X,0x0000000080000030] -> 0xD793
mem[X,0x0000000080000032] -> 0x0398
[17] [M]: 0x0000000080000030 (0x0398D793) srli a5, a7, 0x39
x15 <- 0x0000000000000000

mem[X,0x0000000080000034] -> 0x6933
mem[X,0x0000000080000036] -> 0x00F9
[18] [M]: 0x0000000080000034 (0x00F96933) or s2, s2, a5
x18 <- 0x0001F56FF76DF56F

mem[X,0x0000000080000038] -> 0x5993
mem[X,0x000000008000003A] -> 0x0079
[19] [M]: 0x0000000080000038 (0x00795993) srli s3, s2, 0x7
x19 <- 0x000003EADFEEDBEA

mem[X,0x000000008000003C] -> 0x5793
mem[X,0x000000008000003E] -> 0x0399
[20] [M]: 0x000000008000003C (0x03995793) srli a5, s2, 0x39
x15 <- 0x0000000000000000

mem[X,0x0000000080000040] -> 0xE9B3
mem[X,0x0000000080000042] -> 0x00F9
[21] [M]: 0x0000000080000040 (0x00F9E9B3) or s3, s3, a5
x19 <- 0x000003EADFEEDBEA

mem[X,0x0000000080000044] -> 0xDA13
mem[X,0x0000000080000046] -> 0x0079
[22] [M]: 0x0000000080000044 (0x0079DA13) srli s4, s3, 0x7
x20 <- 0x00000007D5BFDDB7

mem[X,0x0000000080000048] -> 0xD793
mem[X,0x000000008000004A] -> 0x0399
[23] [M]: 0x0000000080000048 (0x0399D793) srli a5, s3, 0x39
x15 <- 0x0000000000000000

mem[X,0x000000008000004C] -> 0x6A33
mem[X,0x000000008000004E] -> 0x00FA
[24] [M]: 0x000000008000004C (0x00FA6A33) or s4, s4, a5
x20 <- 0x00000007D5BFDDB7

mem[X,0x0000000080000050] -> 0x5A93
mem[X,0x0000000080000052] -> 0x007A
[25] [M]: 0x0000000080000050 (0x007A5A93) srli s5, s4, 0x7
x21 <- 0x000000000FAB7FBB

mem[X,0x0000000080000054] -> 0x5793
mem[X,0x0000000080000056] -> 0x039A
[26] [M]: 0x0000000080000054 (0x039A5793) srli a5, s4, 0x39
x15 <- 0x0000000000000000

mem[X,0x0000000080000058] -> 0xEAB3
mem[X,0x000000008000005A] -> 0x00FA
[27] [M]: 0x0000000080000058 (0x00FAEAB3) or s5, s5, a5
x21 <- 0x000000000FAB7FBB

mem[X,0x000000008000005C] -> 0xDB13
mem[X,0x000000008000005E] -> 0x007A
[28] [M]: 0x000000008000005C (0x007ADB13) srli s6, s5, 0x7
x22 <- 0x00000000001F56FF

mem[X,0x0000000080000060] -> 0xD793
mem[X,0x0000000080000062] -> 0x039A
[29] [M]: 0x0000000080000060 (0x039AD793) srli a5, s5, 0x39
x15 <- 0x0000000000000000

mem[X,0x0000000080000064] -> 0x6B33
mem[X,0x0000000080000066] -> 0x00FB
[30] [M]: 0x0000000080000064 (0x00FB6B33) or s6, s6, a5
x22 <- 0x00000000001F56FF

mem[X,0x0000000080000068] -> 0x5B93
mem[X,0x000000008000006A] -> 0x007B
[31] [M]: 0x0000000080000068 (0x007B5B93) srli s7, s6, 0x7
x23 <- 0x0000000000003EAD

mem[X,0x000000008000006C] -> 0x5793
mem[X,0x000000008000006E] -> 0x039B
[32] [M]: 0x000000008000006C (0x039B5793) srli a5, s6, 0x39
x15 <- 0x0000000000000000

mem[X,0x0000000080000070] -> 0xEBB3
mem[X,0x0000000080000072] -> 0x00FB
[33] [M]: 0x0000000080000070 (0x00FBEBB3) or s7, s7, a5
x23 <- 0x0000000000003EAD

mem[X,0x0000000080000074] -> 0xDC13
mem[X,0x0000000080000076] -> 0x007B
[34] [M]: 0x0000000080000074 (0x007BDC13) srli s8, s7, 0x7
x24 <- 0x000000000000007D

mem[X,0x0000000080000078] -> 0xD793
mem[X,0x000000008000007A] -> 0x039B
[35] [M]: 0x0000000080000078 (0x039BD793) srli a5, s7, 0x39
x15 <- 0x0000000000000000

mem[X,0x000000008000007C] -> 0x6C33
mem[X,0x000000008000007E] -> 0x00FC
[36] [M]: 0x000000008000007C (0x00FC6C33) or s8, s8, a5
x24 <- 0x000000000000007D

mem[X,0x0000000080000080] -> 0x5C93
mem[X,0x0000000080000082] -> 0x007C
[37] [M]: 0x0000000080000080 (0x007C5C93) srli s9, s8, 0x7
x25 <- 0x0000000000000000

mem[X,0x0000000080000084] -> 0x5793
mem[X,0x0000000080000086] -> 0x039C
[38] [M]: 0x0000000080000084 (0x039C5793) srli a5, s8, 0x39
x15 <- 0x0000000000000000

mem[X,0x0000000080000088] -> 0xECB3
mem[X,0x000000008000008A] -> 0x00FC
[39] [M]: 0x0000000080000088 (0x00FCECB3) or s9, s9, a5
x25 <- 0x0000000000000000

mem[X,0x000000008000008C] -> 0xDD13
mem[X,0x000000008000008E] -> 0x007C
[40] [M]: 0x000000008000008C (0x007CDD13) srli s10, s9, 0x7
x26 <- 0x0000000000000000

mem[X,0x0000000080000090] -> 0xD793
mem[X,0x0000000080000092] -> 0x039C
[41] [M]: 0x0000000080000090 (0x039CD793) srli a5, s9, 0x39
x15 <- 0x0000000000000000

mem[X,0x0000000080000094] -> 0x6D33
mem[X,0x0000000080000096] -> 0x00FD
[42] [M]: 0x0000000080000094 (0x00FD6D33) or s10, s10, a5
x26 <- 0x0000000000000000

mem[X,0x0000000080000098] -> 0x5D93
mem[X,0x000000008000009A] -> 0x007D
[43] [M]: 0x0000000080000098 (0x007D5D93) srli s11, s10, 0x7
x27 <- 0x0000000000000000

mem[X,0x000000008000009C] -> 0x5793
mem[X,0x000000008000009E] -> 0x039D
[44] [M]: 0x000000008000009C (0x039D5793) srli a5, s10, 0x39
x15 <- 0x0000000000000000

mem[X,0x00000000800000A0] -> 0xEDB3
mem[X,0x00000000800000A2] -> 0x00FD
[45] [M]: 0x00000000800000A0 (0x00FDEDB3) or s11, s11, a5
x27 <- 0x0000000000000000

mem[X,0x00000000800000A4] -> 0xDE13
mem[X,0x00000000800000A6] -> 0x007D
[46] [M]: 0x00000000800000A4 (0x007DDE13) srli t3, s11, 0x7
x28 <- 0x0000000000000000

mem[X,0x00000000800000A8] -> 0xD793
mem[X,0x00000000800000AA] -> 0x039D
[47] [M]: 0x00000000800000A8 (0x039DD793) srli a5, s11, 0x39
x15 <- 0x0000000000000000

mem[X,0x00000000800000AC] -> 0x6E33
mem[X,0x00000000800000AE] -> 0x00FE
[48] [M]: 0x00000000800000AC (0x00FE6E33) or t3, t3, a5
x28 <- 0x0000000000000000

mem[X,0x00000000800000B0] -> 0x5E93
mem[X,0x00000000800000B2] -> 0x007E
[49] [M]: 0x00000000800000B0 (0x007E5E93) srli t4, t3, 0x7
x29 <- 0x0000000000000000

mem[X,0x00000000800000B4] -> 0x5793
mem[X,0x00000000800000B6] -> 0x039E
[50] [M]: 0x00000000800000B4 (0x039E5793) srli a5, t3, 0x39
x15 <- 0x0000000000000000

mem[X,0x00000000800000B8] -> 0xEEB3
mem[X,0x00000000800000BA] -> 0x00FE
[51] [M]: 0x00000000800000B8 (0x00FEEEB3) or t4, t4, a5
x29 <- 0x0000000000000000

mem[X,0x00000000800000BC] -> 0xDF13
mem[X,0x00000000800000BE] -> 0x007E
[52] [M]: 0x00000000800000BC (0x007EDF13) srli t5, t4, 0x7
x30 <- 0x0000000000000000

mem[X,0x00000000800000C0] -> 0xD793
mem[X,0x00000000800000C2] -> 0x039E
[53] [M]: 0x00000000800000C0 (0x039ED793) srli a5, t4, 0x39
x15 <- 0x0000000000000000

mem[X,0x00000000800000C4] -> 0x6F33
mem[X,0x00000000800000C6] -> 0x00FF
[54] [M]: 0x00000000800000C4 (0x00FF6F33) or t5, t5, a5
x30 <- 0x0000000000000000

mem[X,0x00000000800000C8] -> 0xC0B7
mem[X,0x00000000800000CA] -> 0xFEED
[55] [M]: 0x00000000800000C8 (0xFEEDC0B7) lui ra, -0x1124
x1 <- 0xFFFFFFFFFEEDC000

mem[X,0x00000000800000CC] -> 0x8093
mem[X,0x00000000800000CE] -> 0xEAD0
[56] [M]: 0x00000000800000CC (0xEAD08093) addi ra, ra, -0x153
x1 <- 0xFFFFFFFFFEEDBEAD

mem[X,0x00000000800000D0] -> 0x9093
mem[X,0x00000000800000D2] -> 0x00B0
[57] [M]: 0x00000000800000D0 (0x00B09093) slli ra, ra, 0xb
x1 <- 0xFFFFFFF76DF56800

mem[X,0x00000000800000D4] -> 0x8093
mem[X,0x00000000800000D6] -> 0x7F70
[58] [M]: 0x00000000800000D4 (0x7F708093) addi ra, ra, 0x7f7
x1 <- 0xFFFFFFF76DF56FF7

mem[X,0x00000000800000D8] -> 0x9093
mem[X,0x00000000800000DA] -> 0x00B0
[59] [M]: 0x00000000800000D8 (0x00B09093) slli ra, ra, 0xb
x1 <- 0xFFFFBB6FAB7FB800

mem[X,0x00000000800000DC] -> 0x8093
mem[X,0x00000000800000DE] -> 0x36F0
[60] [M]: 0x00000000800000DC (0x36F08093) addi ra, ra, 0x36f
x1 <- 0xFFFFBB6FAB7FBB6F

mem[X,0x00000000800000E0] -> 0x9093
mem[X,0x00000000800000E2] -> 0x00A0
[61] [M]: 0x00000000800000E0 (0x00A09093) slli ra, ra, 0xa
x1 <- 0xFEEDBEADFEEDBC00

mem[X,0x00000000800000E4] -> 0x8093
mem[X,0x00000000800000E6] -> 0x2AD0
[62] [M]: 0x00000000800000E4 (0x2AD08093) addi ra, ra, 0x2ad
x1 <- 0xFEEDBEADFEEDBEAD

mem[X,0x00000000800000E8] -> 0xD113
mem[X,0x00000000800000EA] -> 0x0070
[63] [M]: 0x00000000800000E8 (0x0070D113) srli sp, ra, 0x7
x2 <- 0x01FDDB7D5BFDDB7D

mem[X,0x00000000800000EC] -> 0xD793
mem[X,0x00000000800000EE] -> 0x0390
[64] [M]: 0x00000000800000EC (0x0390D793) srli a5, ra, 0x39
x15 <- 0x000000000000007F

mem[X,0x00000000800000F0] -> 0x6133
mem[X,0x00000000800000F2] -> 0x00F1
[65] [M]: 0x00000000800000F0 (0x00F16133) or sp, sp, a5
x2 <- 0x01FDDB7D5BFDDB7F

mem[X,0x00000000800000F4] -> 0x5193
mem[X,0x00000000800000F6] -> 0x0071
[66] [M]: 0x00000000800000F4 (0x00715193) srli gp, sp, 0x7
x3 <- 0x0003FBB6FAB7FBB6

mem[X,0x00000000800000F8] -> 0x5793
mem[X,0x00000000800000FA] -> 0x0391
[67] [M]: 0x00000000800000F8 (0x03915793) srli a5, sp, 0x39
x15 <- 0x0000000000000000

mem[X,0x00000000800000FC] -> 0xE1B3
mem[X,0x00000000800000FE] -> 0x00F1
[68] [M]: 0x00000000800000FC (0x00F1E1B3) or gp, gp, a5
x3 <- 0x0003FBB6FAB7FBB6

mem[X,0x0000000080000100] -> 0xD213
mem[X,0x0000000080000102] -> 0x0071
[69] [M]: 0x0000000080000100 (0x0071D213) srli tp, gp, 0x7
x4 <- 0x000007F76DF56FF7

mem[X,0x0000000080000104] -> 0xD793
mem[X,0x0000000080000106] -> 0x0391
[70] [M]: 0x0000000080000104 (0x0391D793) srli a5, gp, 0x39
x15 <- 0x0000000000000000

mem[X,0x0000000080000108] -> 0x6233
mem[X,0x000000008000010A] -> 0x00F2
[71] [M]: 0x0000000080000108 (0x00F26233) or tp, tp, a5
x4 <- 0x000007F76DF56FF7

mem[X,0x000000008000010C] -> 0x5293
mem[X,0x000000008000010E] -> 0x0072
[72] [M]: 0x000000008000010C (0x00725293) srli t0, tp, 0x7
x5 <- 0x0000000FEEDBEADF

mem[X,0x0000000080000110] -> 0x5793
mem[X,0x0000000080000112] -> 0x0392
[73] [M]: 0x0000000080000110 (0x03925793) srli a5, tp, 0x39
x15 <- 0x0000000000000000

mem[X,0x0000000080000114] -> 0xE2B3
mem[X,0x0000000080000116] -> 0x00F2
[74] [M]: 0x0000000080000114 (0x00F2E2B3) or t0, t0, a5
x5 <- 0x0000000FEEDBEADF

mem[X,0x0000000080000118] -> 0xD313
mem[X,0x000000008000011A] -> 0x0072
[75] [M]: 0x0000000080000118 (0x0072D313) srli t1, t0, 0x7
x6 <- 0x000000001FDDB7D5

mem[X,0x000000008000011C] -> 0xD793
mem[X,0x000000008000011E] -> 0x0392
[76] [M]: 0x000000008000011C (0x0392D793) srli a5, t0, 0x39
x15 <- 0x0000000000000000

mem[X,0x0000000080000120] -> 0x6333
mem[X,0x0000000080000122] -> 0x00F3
[77] [M]: 0x0000000080000120 (0x00F36333) or t1, t1, a5
x6 <- 0x000000001FDDB7D5

mem[X,0x0000000080000124] -> 0x5393
mem[X,0x0000000080000126] -> 0x0073
[78] [M]: 0x0000000080000124 (0x00735393) srli t2, t1, 0x7
x7 <- 0x00000000003FBB6F

mem[X,0x0000000080000128] -> 0x5793
mem[X,0x000000008000012A] -> 0x0393
[79] [M]: 0x0000000080000128 (0x03935793) srli a5, t1, 0x39
x15 <- 0x0000000000000000

mem[X,0x000000008000012C] -> 0xE3B3
mem[X,0x000000008000012E] -> 0x00F3
[80] [M]: 0x000000008000012C (0x00F3E3B3) or t2, t2, a5
x7 <- 0x00000000003FBB6F

mem[X,0x0000000080000130] -> 0xD413
mem[X,0x0000000080000132] -> 0x0073
[81] [M]: 0x0000000080000130 (0x0073D413) srli fp, t2, 0x7
x8 <- 0x0000000000007F76

mem[X,0x0000000080000134] -> 0xD793
mem[X,0x0000000080000136] -> 0x0393
[82] [M]: 0x0000000080000134 (0x0393D793) srli a5, t2, 0x39
x15 <- 0x0000000000000000

mem[X,0x0000000080000138] -> 0x6433
mem[X,0x000000008000013A] -> 0x00F4
[83] [M]: 0x0000000080000138 (0x00F46433) or fp, fp, a5
x8 <- 0x0000000000007F76

mem[X,0x000000008000013C] -> 0x5493
mem[X,0x000000008000013E] -> 0x0074
[84] [M]: 0x000000008000013C (0x00745493) srli s1, fp, 0x7
x9 <- 0x00000000000000FE

mem[X,0x0000000080000140] -> 0x5793
mem[X,0x0000000080000142] -> 0x0394
[85] [M]: 0x0000000080000140 (0x03945793) srli a5, fp, 0x39
x15 <- 0x0000000000000000

mem[X,0x0000000080000144] -> 0xE4B3
mem[X,0x0000000080000146] -> 0x00F4
[86] [M]: 0x0000000080000144 (0x00F4E4B3) or s1, s1, a5
x9 <- 0x00000000000000FE

mem[X,0x0000000080000148] -> 0xD513
mem[X,0x000000008000014A] -> 0x0074
[87] [M]: 0x0000000080000148 (0x0074D513) srli a0, s1, 0x7
x10 <- 0x0000000000000001

mem[X,0x000000008000014C] -> 0xD793
mem[X,0x000000008000014E] -> 0x0394
[88] [M]: 0x000000008000014C (0x0394D793) srli a5, s1, 0x39
x15 <- 0x0000000000000000

mem[X,0x0000000080000150] -> 0x6533
mem[X,0x0000000080000152] -> 0x00F5
[89] [M]: 0x0000000080000150 (0x00F56533) or a0, a0, a5
x10 <- 0x0000000000000001

mem[X,0x0000000080000154] -> 0x5593
mem[X,0x0000000080000156] -> 0x0075
[90] [M]: 0x0000000080000154 (0x00755593) srli a1, a0, 0x7
x11 <- 0x0000000000000000

mem[X,0x0000000080000158] -> 0x5793
mem[X,0x000000008000015A] -> 0x0395
[91] [M]: 0x0000000080000158 (0x03955793) srli a5, a0, 0x39
x15 <- 0x0000000000000000

mem[X,0x000000008000015C] -> 0xE5B3
mem[X,0x000000008000015E] -> 0x00F5
[92] [M]: 0x000000008000015C (0x00F5E5B3) or a1, a1, a5
x11 <- 0x0000000000000000

mem[X,0x0000000080000160] -> 0xD613
mem[X,0x0000000080000162] -> 0x0075
[93] [M]: 0x0000000080000160 (0x0075D613) srli a2, a1, 0x7
x12 <- 0x0000000000000000

mem[X,0x0000000080000164] -> 0xD793
mem[X,0x0000000080000166] -> 0x0395
[94] [M]: 0x0000000080000164 (0x0395D793) srli a5, a1, 0x39
x15 <- 0x0000000000000000

mem[X,0x0000000080000168] -> 0x6633
mem[X,0x000000008000016A] -> 0x00F6
[95] [M]: 0x0000000080000168 (0x00F66633) or a2, a2, a5
x12 <- 0x0000000000000000

mem[X,0x000000008000016C] -> 0x5693
mem[X,0x000000008000016E] -> 0x0076
[96] [M]: 0x000000008000016C (0x00765693) srli a3, a2, 0x7
x13 <- 0x0000000000000000

mem[X,0x0000000080000170] -> 0x5793
mem[X,0x0000000080000172] -> 0x0396
[97] [M]: 0x0000000080000170 (0x03965793) srli a5, a2, 0x39
x15 <- 0x0000000000000000

mem[X,0x0000000080000174] -> 0xE6B3
mem[X,0x0000000080000176] -> 0x00F6
[98] [M]: 0x0000000080000174 (0x00F6E6B3) or a3, a3, a5
x13 <- 0x0000000000000000

mem[X,0x0000000080000178] -> 0x0013
mem[X,0x000000008000017A] -> 0x0000
[99] [M]: 0x0000000080000178 (0x00000013) addi zero, zero, 0x0

clint::tick mtime <- 0x0000000000000001
 clint timer pending at mtime 0x0000000000000001
htif::tick 0x0000000000000000
mem[X,0x000000008000017C] -> 0x0013
mem[X,0x000000008000017E] -> 0x0000
[100] [M]: 0x000000008000017C (0x00000013) addi zero, zero, 0x0

mem[X,0x0000000080000180] -> 0x4697
mem[X,0x0000000080000182] -> 0x0000
[101] [M]: 0x0000000080000180 (0x00004697) auipc a3, 0x4
x13 <- 0x0000000080004180

mem[X,0x0000000080000184] -> 0x8693
mem[X,0x0000000080000186] -> 0xF986
[102] [M]: 0x0000000080000184 (0xF9868693) addi a3, a3, -0x68
x13 <- 0x0000000080004118

mem[X,0x0000000080000188] -> 0x0013
mem[X,0x000000008000018A] -> 0x0000
[103] [M]: 0x0000000080000188 (0x00000013) addi zero, zero, 0x0

mem[X,0x000000008000018C] -> 0x0013
mem[X,0x000000008000018E] -> 0x0000
[104] [M]: 0x000000008000018C (0x00000013) addi zero, zero, 0x0

mem[X,0x0000000080000190] -> 0x0013
mem[X,0x0000000080000192] -> 0x0000
[105] [M]: 0x0000000080000190 (0x00000013) addi zero, zero, 0x0

mem[X,0x0000000080000194] -> 0x0013
mem[X,0x0000000080000196] -> 0x0000
[106] [M]: 0x0000000080000194 (0x00000013) addi zero, zero, 0x0

mem[X,0x0000000080000198] -> 0x0013
mem[X,0x000000008000019A] -> 0x0000
[107] [M]: 0x0000000080000198 (0x00000013) addi zero, zero, 0x0

mem[X,0x000000008000019C] -> 0x0013
mem[X,0x000000008000019E] -> 0x0000
[108] [M]: 0x000000008000019C (0x00000013) addi zero, zero, 0x0

mem[X,0x00000000800001A0] -> 0xF5B7
mem[X,0x00000000800001A2] -> 0x0200
[109] [M]: 0x00000000800001A0 (0x0200F5B7) lui a1, 0x200f
x11 <- 0x000000000200F000

mem[X,0x00000000800001A4] -> 0x8593
mem[X,0x00000000800001A6] -> 0x7FF5
[110] [M]: 0x00000000800001A4 (0x7FF58593) addi a1, a1, 0x7ff
x11 <- 0x000000000200F7FF

mem[X,0x00000000800001A8] -> 0x9593
mem[X,0x00000000800001AA] -> 0x00B5
[111] [M]: 0x00000000800001A8 (0x00B59593) slli a1, a1, 0xb
x11 <- 0x0000001007BFF800

mem[X,0x00000000800001AC] -> 0x8593
mem[X,0x00000000800001AE] -> 0x7FF5
[112] [M]: 0x00000000800001AC (0x7FF58593) addi a1, a1, 0x7ff
x11 <- 0x0000001007BFFFFF

mem[X,0x00000000800001B0] -> 0x9593
mem[X,0x00000000800001B2] -> 0x00B5
[113] [M]: 0x00000000800001B0 (0x00B59593) slli a1, a1, 0xb
x11 <- 0x0000803DFFFFF800

mem[X,0x00000000800001B4] -> 0x8593
mem[X,0x00000000800001B6] -> 0x7E05
[114] [M]: 0x00000000800001B4 (0x7E058593) addi a1, a1, 0x7e0
x11 <- 0x0000803DFFFFFFE0

mem[X,0x00000000800001B8] -> 0x9593
mem[X,0x00000000800001BA] -> 0x00A5
[115] [M]: 0x00000000800001B8 (0x00A59593) slli a1, a1, 0xa
x11 <- 0x0200F7FFFFFF8000

mem[X,0x00000000800001BC] -> 0x01B7
mem[X,0x00000000800001BE] -> 0xFFFB
[116] [M]: 0x00000000800001BC (0xFFFB01B7) lui gp, -0x50
x3 <- 0xFFFFFFFFFFFB0000

mem[X,0x00000000800001C0] -> 0x8193
mem[X,0x00000000800001C2] -> 0x0001
[117] [M]: 0x00000000800001C0 (0x00018193) addi gp, gp, 0x0
x3 <- 0xFFFFFFFFFFFB0000

mem[X,0x00000000800001C4] -> 0x9193
mem[X,0x00000000800001C6] -> 0x00B1
[118] [M]: 0x00000000800001C4 (0x00B19193) slli gp, gp, 0xb
x3 <- 0xFFFFFFFFD8000000

mem[X,0x00000000800001C8] -> 0x8193
mem[X,0x00000000800001CA] -> 0x7FF1
[119] [M]: 0x00000000800001C8 (0x7FF18193) addi gp, gp, 0x7ff
x3 <- 0xFFFFFFFFD80007FF

mem[X,0x00000000800001CC] -> 0x9193
mem[X,0x00000000800001CE] -> 0x00B1
[120] [M]: 0x00000000800001CC (0x00B19193) slli gp, gp, 0xb
x3 <- 0xFFFFFEC0003FF800

mem[X,0x00000000800001D0] -> 0x8193
mem[X,0x00000000800001D2] -> 0x5BF1
[121] [M]: 0x00000000800001D0 (0x5BF18193) addi gp, gp, 0x5bf
x3 <- 0xFFFFFEC0003FFDBF

mem[X,0x00000000800001D4] -> 0x9193
mem[X,0x00000000800001D6] -> 0x00A1
[122] [M]: 0x00000000800001D4 (0x00A19193) slli gp, gp, 0xa
x3 <- 0xFFFB0000FFF6FC00

mem[X,0x00000000800001D8] -> 0x8193
mem[X,0x00000000800001DA] -> 0x3FB1
[123] [M]: 0x00000000800001D8 (0x3FB18193) addi gp, gp, 0x3fb
x3 <- 0xFFFB0000FFF6FFFB

mem[X,0x00000000800001DC] -> 0xF1BB
mem[X,0x00000000800001DE] -> 0x9835
[124] [M]: 0x00000000800001DC (0x9835F1BB) pmhaccu.h gp, a1, gp
x3 <- 0x01FA0000FFEB7FF8

mem[X,0x00000000800001E0] -> 0xB023
mem[X,0x00000000800001E2] -> 0x0036
[125] [M]: 0x00000000800001E0 (0x0036B023) sd gp, 0x0(a3)
mem[0x0000000080004118] <- 0x01FA0000FFEB7FF8

mem[X,0x00000000800001E4] -> 0x0EB7
mem[X,0x00000000800001E6] -> 0x3FFF
[126] [M]: 0x00000000800001E4 (0x3FFF0EB7) lui t4, 0x3fff0
x29 <- 0x000000003FFF0000

mem[X,0x00000000800001E8] -> 0x8E93
mem[X,0x00000000800001EA] -> 0x040E
[127] [M]: 0x00000000800001E8 (0x040E8E93) addi t4, t4, 0x40
x29 <- 0x000000003FFF0040

mem[X,0x00000000800001EC] -> 0x9E93
mem[X,0x00000000800001EE] -> 0x00BE
[128] [M]: 0x00000000800001EC (0x00BE9E93) slli t4, t4, 0xb
x29 <- 0x000001FFF8020000

mem[X,0x00000000800001F0] -> 0x8E93
mem[X,0x00000000800001F2] -> 0x7DFE
[129] [M]: 0x00000000800001F0 (0x7DFE8E93) addi t4, t4, 0x7df
x29 <- 0x000001FFF80207DF

mem[X,0x00000000800001F4] -> 0x9E93
mem[X,0x00000000800001F6] -> 0x00BE
[130] [M]: 0x00000000800001F4 (0x00BE9E93) slli t4, t4, 0xb
x29 <- 0x000FFFC0103EF800

mem[X,0x00000000800001F8] -> 0x8E93
mem[X,0x00000000800001FA] -> 0x7FFE
[131] [M]: 0x00000000800001F8 (0x7FFE8E93) addi t4, t4, 0x7ff
x29 <- 0x000FFFC0103EFFFF

mem[X,0x00000000800001FC] -> 0x9E93
mem[X,0x00000000800001FE] -> 0x00AE
[132] [M]: 0x00000000800001FC (0x00AE9E93) slli t4, t4, 0xa
x29 <- 0x3FFF0040FBFFFC00

mem[X,0x0000000080000200] -> 0x8E93
mem[X,0x0000000080000202] -> 0x3FFE
[133] [M]: 0x0000000080000200 (0x3FFE8E93) addi t4, t4, 0x3ff
x29 <- 0x3FFF0040FBFFFFFF

mem[X,0x0000000080000204] -> 0x0EB7
mem[X,0x0000000080000206] -> 0xE000
[134] [M]: 0x0000000080000204 (0xE0000EB7) lui t4, -0x20000
x29 <- 0xFFFFFFFFE0000000

mem[X,0x0000000080000208] -> 0x8E93
mem[X,0x000000008000020A] -> 0xF7FE
[135] [M]: 0x0000000080000208 (0xF7FE8E93) addi t4, t4, -0x81
x29 <- 0xFFFFFFFFDFFFFF7F

mem[X,0x000000008000020C] -> 0x9E93
mem[X,0x000000008000020E] -> 0x00BE
[136] [M]: 0x000000008000020C (0x00BE9E93) slli t4, t4, 0xb
x29 <- 0xFFFFFEFFFFFBF800

mem[X,0x0000000080000210] -> 0x8E93
mem[X,0x0000000080000212] -> 0x000E
[137] [M]: 0x0000000080000210 (0x000E8E93) addi t4, t4, 0x0
x29 <- 0xFFFFFEFFFFFBF800

mem[X,0x0000000080000214] -> 0x9E93
mem[X,0x0000000080000216] -> 0x00BE
[138] [M]: 0x0000000080000214 (0x00BE9E93) slli t4, t4, 0xb
x29 <- 0xFFF7FFFFDFC00000

mem[X,0x0000000080000218] -> 0x8E93
mem[X,0x000000008000021A] -> 0x250E
[139] [M]: 0x0000000080000218 (0x250E8E93) addi t4, t4, 0x250
x29 <- 0xFFF7FFFFDFC00250

mem[X,0x000000008000021C] -> 0x9E93
mem[X,0x000000008000021E] -> 0x00AE
[140] [M]: 0x000000008000021C (0x00AE9E93) slli t4, t4, 0xa
x29 <- 0xDFFFFF7F00094000

mem[X,0x0000000080000220] -> 0xF83B
mem[X,0x0000000080000222] -> 0x99DE
[141] [M]: 0x0000000080000220 (0x99DEF83B) pmhaccu.h a6, t4, t4
x16 <- 0x4159FCD97D5B0DDB

mem[X,0x0000000080000224] -> 0xB423
mem[X,0x0000000080000226] -> 0x0106
[142] [M]: 0x0000000080000224 (0x0106B423) sd a6, 0x8(a3)
mem[0x0000000080004120] <- 0x4159FCD97D5B0DDB

mem[X,0x0000000080000228] -> 0x5A37
mem[X,0x000000008000022A] -> 0x0080
[143] [M]: 0x0000000080000228 (0x00805A37) lui s4, 0x805
x20 <- 0x0000000000805000

mem[X,0x000000008000022C] -> 0x0A13
mem[X,0x000000008000022E] -> 0x555A
[144] [M]: 0x000000008000022C (0x555A0A13) addi s4, s4, 0x555
x20 <- 0x0000000000805555

mem[X,0x0000000080000230] -> 0x1A13
mem[X,0x0000000080000232] -> 0x00BA
[145] [M]: 0x0000000080000230 (0x00BA1A13) slli s4, s4, 0xb
x20 <- 0x0000000402AAA800

mem[X,0x0000000080000234] -> 0x0A13
mem[X,0x0000000080000236] -> 0x7FFA
[146] [M]: 0x0000000080000234 (0x7FFA0A13) addi s4, s4, 0x7ff
x20 <- 0x0000000402AAAFFF

mem[X,0x0000000080000238] -> 0x1A13
mem[X,0x000000008000023A] -> 0x00BA
[147] [M]: 0x0000000080000238 (0x00BA1A13) slli s4, s4, 0xb
x20 <- 0x00002015557FF800

mem[X,0x000000008000023C] -> 0x0A13
mem[X,0x000000008000023E] -> 0x780A
[148] [M]: 0x000000008000023C (0x780A0A13) addi s4, s4, 0x780
x20 <- 0x00002015557FFF80

mem[X,0x0000000080000240] -> 0x1A13
mem[X,0x0000000080000242] -> 0x00AA
[149] [M]: 0x0000000080000240 (0x00AA1A13) slli s4, s4, 0xa
x20 <- 0x00805555FFFE0000

mem[X,0x0000000080000244] -> 0x0A37
mem[X,0x0000000080000246] -> 0x0020
[150] [M]: 0x0000000080000244 (0x00200A37) lui s4, 0x200
x20 <- 0x0000000000200000

mem[X,0x0000000080000248] -> 0x0A13
mem[X,0x000000008000024A] -> 0x010A
[151] [M]: 0x0000000080000248 (0x010A0A13) addi s4, s4, 0x10
x20 <- 0x0000000000200010

mem[X,0x000000008000024C] -> 0x1A13
mem[X,0x000000008000024E] -> 0x00BA
[152] [M]: 0x000000008000024C (0x00BA1A13) slli s4, s4, 0xb
x20 <- 0x0000000100008000

mem[X,0x0000000080000250] -> 0x0A13
mem[X,0x0000000080000252] -> 0x77FA
[153] [M]: 0x0000000080000250 (0x77FA0A13) addi s4, s4, 0x77f
x20 <- 0x000000010000877F

mem[X,0x0000000080000254] -> 0x1A13
mem[X,0x0000000080000256] -> 0x00BA
[154] [M]: 0x0000000080000254 (0x00BA1A13) slli s4, s4, 0xb
x20 <- 0x00000800043BF800

mem[X,0x0000000080000258] -> 0x0A13
mem[X,0x000000008000025A] -> 0x7FFA
[155] [M]: 0x0000000080000258 (0x7FFA0A13) addi s4, s4, 0x7ff
x20 <- 0x00000800043BFFFF

mem[X,0x000000008000025C] -> 0x1A13
mem[X,0x000000008000025E] -> 0x00AA
[156] [M]: 0x000000008000025C (0x00AA1A13) slli s4, s4, 0xa
x20 <- 0x00200010EFFFFC00

mem[X,0x0000000080000260] -> 0x0A13
mem[X,0x0000000080000262] -> 0x3FFA
[157] [M]: 0x0000000080000260 (0x3FFA0A13) addi s4, s4, 0x3ff
x20 <- 0x00200010EFFFFFFF

mem[X,0x0000000080000264] -> 0x7A3B
mem[X,0x0000000080000266] -> 0x994A
[158] [M]: 0x0000000080000264 (0x994A7A3B) pmhaccu.h s4, s4, s4
x20 <- 0x00200010D0FDFFFD

mem[X,0x0000000080000268] -> 0xB823
mem[X,0x000000008000026A] -> 0x0146
[159] [M]: 0x0000000080000268 (0x0146B823) sd s4, 0x10(a3)
mem[0x0000000080004128] <- 0x00200010D0FDFFFD

mem[X,0x000000008000026C] -> 0x0137
mem[X,0x000000008000026E] -> 0xFEFF
[160] [M]: 0x000000008000026C (0xFEFF0137) lui sp, -0x1010
x2 <- 0xFFFFFFFFFEFF0000

mem[X,0x0000000080000270] -> 0x0113
mem[X,0x0000000080000272] -> 0x2001
[161] [M]: 0x0000000080000270 (0x20010113) addi sp, sp, 0x200
x2 <- 0xFFFFFFFFFEFF0200

mem[X,0x0000000080000274] -> 0x1113
mem[X,0x0000000080000276] -> 0x00B1
[162] [M]: 0x0000000080000274 (0x00B11113) slli sp, sp, 0xb
x2 <- 0xFFFFFFF7F8100000

mem[X,0x0000000080000278] -> 0x0113
mem[X,0x000000008000027A] -> 0x2AA1
[163] [M]: 0x0000000080000278 (0x2AA10113) addi sp, sp, 0x2aa
x2 <- 0xFFFFFFF7F81002AA

mem[X,0x000000008000027C] -> 0x1113
mem[X,0x000000008000027E] -> 0x00B1
[164] [M]: 0x000000008000027C (0x00B11113) slli sp, sp, 0xb
x2 <- 0xFFFFBFC080155000

mem[X,0x0000000080000280] -> 0x0113
mem[X,0x0000000080000282] -> 0x5401
[165] [M]: 0x0000000080000280 (0x54010113) addi sp, sp, 0x540
x2 <- 0xFFFFBFC080155540

mem[X,0x0000000080000284] -> 0x1113
mem[X,0x0000000080000286] -> 0x00A1
[166] [M]: 0x0000000080000284 (0x00A11113) slli sp, sp, 0xa
x2 <- 0xFEFF020055550000

mem[X,0x0000000080000288] -> 0x0113
mem[X,0x000000008000028A] -> 0x0011
[167] [M]: 0x0000000080000288 (0x00110113) addi sp, sp, 0x1
x2 <- 0xFEFF020055550001

mem[X,0x000000008000028C] -> 0xFCB7
mem[X,0x000000008000028E] -> 0x0400
[168] [M]: 0x000000008000028C (0x0400FCB7) lui s9, 0x400f
x25 <- 0x000000000400F000

mem[X,0x0000000080000290] -> 0x8C93
mem[X,0x0000000080000292] -> 0xFFFC
[169] [M]: 0x0000000080000290 (0xFFFC8C93) addi s9, s9, -0x1
x25 <- 0x000000000400EFFF

mem[X,0x0000000080000294] -> 0x9C93
mem[X,0x0000000080000296] -> 0x00BC
[170] [M]: 0x0000000080000294 (0x00BC9C93) slli s9, s9, 0xb
x25 <- 0x00000020077FF800

mem[X,0x0000000080000298] -> 0x8C93
mem[X,0x000000008000029A] -> 0x000C
[171] [M]: 0x0000000080000298 (0x000C8C93) addi s9, s9, 0x0
x25 <- 0x00000020077FF800

mem[X,0x000000008000029C] -> 0x9C93
mem[X,0x000000008000029E] -> 0x00BC
[172] [M]: 0x000000008000029C (0x00BC9C93) slli s9, s9, 0xb
x25 <- 0x0001003BFFC00000

mem[X,0x00000000800002A0] -> 0x8C93
mem[X,0x00000000800002A2] -> 0x400C
[173] [M]: 0x00000000800002A0 (0x400C8C93) addi s9, s9, 0x400
x25 <- 0x0001003BFFC00400

mem[X,0x00000000800002A4] -> 0x9C93
mem[X,0x00000000800002A6] -> 0x00AC
[174] [M]: 0x00000000800002A4 (0x00AC9C93) slli s9, s9, 0xa
x25 <- 0x0400EFFF00100000

mem[X,0x00000000800002A8] -> 0x8C93
mem[X,0x00000000800002AA] -> 0x100C
[175] [M]: 0x00000000800002A8 (0x100C8C93) addi s9, s9, 0x100
x25 <- 0x0400EFFF00100100

mem[X,0x00000000800002AC] -> 0x713B
mem[X,0x00000000800002AE] -> 0x9991
[176] [M]: 0x00000000800002AC (0x9991713B) pmhaccu.h sp, sp, s9
x2 <- 0x02FA03DF555A0001

mem[X,0x00000000800002B0] -> 0xBC23
mem[X,0x00000000800002B2] -> 0x0026
[177] [M]: 0x00000000800002B0 (0x0026BC23) sd sp, 0x18(a3)
mem[0x0000000080004130] <- 0x02FA03DF555A0001

mem[X,0x00000000800002B4] -> 0x0237
mem[X,0x00000000800002B6] -> 0x0006
[178] [M]: 0x00000000800002B4 (0x00060237) lui tp, 0x60
x4 <- 0x0000000000060000

mem[X,0x00000000800002B8] -> 0x0213
mem[X,0x00000000800002BA] -> 0xDFF2
[179] [M]: 0x00000000800002B8 (0xDFF20213) addi tp, tp, -0x201
x4 <- 0x000000000005FDFF

mem[X,0x00000000800002BC] -> 0x1213
mem[X,0x00000000800002BE] -> 0x00B2
[180] [M]: 0x00000000800002BC (0x00B21213) slli tp, tp, 0xb
x4 <- 0x000000002FEFF800

mem[X,0x00000000800002C0] -> 0x0213
mem[X,0x00000000800002C2] -> 0x0202
[181] [M]: 0x00000000800002C0 (0x02020213) addi tp, tp, 0x20
x4 <- 0x000000002FEFF820

mem[X,0x00000000800002C4] -> 0x1213
mem[X,0x00000000800002C6] -> 0x00B2
[182] [M]: 0x00000000800002C4 (0x00B21213) slli tp, tp, 0xb
x4 <- 0x0000017F7FC10000

mem[X,0x00000000800002C8] -> 0x0213
mem[X,0x00000000800002CA] -> 0x01F2
[183] [M]: 0x00000000800002C8 (0x01F20213) addi tp, tp, 0x1f
x4 <- 0x0000017F7FC1001F

mem[X,0x00000000800002CC] -> 0x1213
mem[X,0x00000000800002CE] -> 0x00A2
[184] [M]: 0x00000000800002CC (0x00A21213) slli tp, tp, 0xa
x4 <- 0x0005FDFF04007C00

mem[X,0x00000000800002D0] -> 0x0213
mem[X,0x00000000800002D2] -> 0x3FF2
[185] [M]: 0x00000000800002D0 (0x3FF20213) addi tp, tp, 0x3ff
x4 <- 0x0005FDFF04007FFF

mem[X,0x00000000800002D4] -> 0xB537
mem[X,0x00000000800002D6] -> 0x0200
[186] [M]: 0x00000000800002D4 (0x0200B537) lui a0, 0x200b
x10 <- 0x000000000200B000

mem[X,0x00000000800002D8] -> 0x0513
mem[X,0x00000000800002DA] -> 0xAAA5
[187] [M]: 0x00000000800002D8 (0xAAA50513) addi a0, a0, -0x556
x10 <- 0x000000000200AAAA

mem[X,0x00000000800002DC] -> 0x1513
mem[X,0x00000000800002DE] -> 0x00B5
[188] [M]: 0x00000000800002DC (0x00B51513) slli a0, a0, 0xb
x10 <- 0x0000001005555000

mem[X,0x00000000800002E0] -> 0x0513
mem[X,0x00000000800002E2] -> 0x0005
[189] [M]: 0x00000000800002E0 (0x00050513) addi a0, a0, 0x0
x10 <- 0x0000001005555000

mem[X,0x00000000800002E4] -> 0x1513
mem[X,0x00000000800002E6] -> 0x00B5
[190] [M]: 0x00000000800002E4 (0x00B51513) slli a0, a0, 0xb
x10 <- 0x0000802AAA800000

mem[X,0x00000000800002E8] -> 0x0513
mem[X,0x00000000800002EA] -> 0x2005
[191] [M]: 0x00000000800002E8 (0x20050513) addi a0, a0, 0x200
x10 <- 0x0000802AAA800200

mem[X,0x00000000800002EC] -> 0x1513
mem[X,0x00000000800002EE] -> 0x00A5
[192] [M]: 0x00000000800002EC (0x00A51513) slli a0, a0, 0xa
x10 <- 0x0200AAAA00080000

mem[X,0x00000000800002F0] -> 0x763B
mem[X,0x00000000800002F2] -> 0x98A2
[193] [M]: 0x00000000800002F0 (0x98A2763B) pmhaccu.h a2, tp, a0
x12 <- 0x0000A95400000000

mem[X,0x00000000800002F4] -> 0xB023
mem[X,0x00000000800002F6] -> 0x02C6
[194] [M]: 0x00000000800002F4 (0x02C6B023) sd a2, 0x20(a3)
mem[0x0000000080004138] <- 0x0000A95400000000

mem[X,0x00000000800002F8] -> 0x09B7
mem[X,0x00000000800002FA] -> 0xFBFF
[195] [M]: 0x00000000800002F8 (0xFBFF09B7) lui s3, -0x4010
x19 <- 0xFFFFFFFFFBFF0000

mem[X,0x00000000800002FC] -> 0x8993
mem[X,0x00000000800002FE] -> 0x0009
[196] [M]: 0x00000000800002FC (0x00098993) addi s3, s3, 0x0
x19 <- 0xFFFFFFFFFBFF0000

mem[X,0x0000000080000300] -> 0x9993
mem[X,0x0000000080000302] -> 0x00B9
[197] [M]: 0x0000000080000300 (0x00B99993) slli s3, s3, 0xb
x19 <- 0xFFFFFFDFF8000000

mem[X,0x0000000080000304] -> 0x8993
mem[X,0x0000000080000306] -> 0x7FF9
[198] [M]: 0x0000000080000304 (0x7FF98993) addi s3, s3, 0x7ff
x19 <- 0xFFFFFFDFF80007FF

mem[X,0x0000000080000308] -> 0x9993
mem[X,0x000000008000030A] -> 0x00B9
[199] [M]: 0x0000000080000308 (0x00B99993) slli s3, s3, 0xb
x19 <- 0xFFFEFFC0003FF800

clint::tick mtime <- 0x0000000000000002
 clint timer pending at mtime 0x0000000000000002
htif::tick 0x0000000000000000
mem[X,0x000000008000030C] -> 0x8993
mem[X,0x000000008000030E] -> 0x6409
[200] [M]: 0x000000008000030C (0x64098993) addi s3, s3, 0x640
x19 <- 0xFFFEFFC0003FFE40

mem[X,0x0000000080000310] -> 0x9993
mem[X,0x0000000080000312] -> 0x00A9
[201] [M]: 0x0000000080000310 (0x00A99993) slli s3, s3, 0xa
x19 <- 0xFBFF0000FFF90000

mem[X,0x0000000080000314] -> 0x8993
mem[X,0x0000000080000316] -> 0x0029
[202] [M]: 0x0000000080000314 (0x00298993) addi s3, s3, 0x2
x19 <- 0xFBFF0000FFF90002

mem[X,0x0000000080000318] -> 0xBDB7
mem[X,0x000000008000031A] -> 0x0100
[203] [M]: 0x0000000080000318 (0x0100BDB7) lui s11, 0x100b
x27 <- 0x000000000100B000

mem[X,0x000000008000031C] -> 0x8D93
mem[X,0x000000008000031E] -> 0xAAAD
[204] [M]: 0x000000008000031C (0xAAAD8D93) addi s11, s11, -0x556
x27 <- 0x000000000100AAAA

mem[X,0x0000000080000320] -> 0x9D93
mem[X,0x0000000080000322] -> 0x00BD
[205] [M]: 0x0000000080000320 (0x00BD9D93) slli s11, s11, 0xb
x27 <- 0x0000000805555000

mem[X,0x0000000080000324] -> 0x8D93
mem[X,0x0000000080000326] -> 0x000D
[206] [M]: 0x0000000080000324 (0x000D8D93) addi s11, s11, 0x0
x27 <- 0x0000000805555000

mem[X,0x0000000080000328] -> 0x9D93
mem[X,0x000000008000032A] -> 0x00BD
[207] [M]: 0x0000000080000328 (0x00BD9D93) slli s11, s11, 0xb
x27 <- 0x0000402AAA800000

mem[X,0x000000008000032C] -> 0x8D93
mem[X,0x000000008000032E] -> 0x03FD
[208] [M]: 0x000000008000032C (0x03FD8D93) addi s11, s11, 0x3f
x27 <- 0x0000402AAA80003F

mem[X,0x0000000080000330] -> 0x9D93
mem[X,0x0000000080000332] -> 0x00AD
[209] [M]: 0x0000000080000330 (0x00AD9D93) slli s11, s11, 0xa
x27 <- 0x0100AAAA0000FC00

mem[X,0x0000000080000334] -> 0x8D93
mem[X,0x0000000080000336] -> 0x3F9D
[210] [M]: 0x0000000080000334 (0x3F9D8D93) addi s11, s11, 0x3f9
x27 <- 0x0100AAAA0000FFF9

mem[X,0x0000000080000338] -> 0xF43B
mem[X,0x000000008000033A] -> 0x99B9
[211] [M]: 0x0000000080000338 (0x99B9F43B) pmhaccu.h fp, s3, s11
x8 <- 0x00FB000000007F77

mem[X,0x000000008000033C] -> 0xB423
mem[X,0x000000008000033E] -> 0x0286
[212] [M]: 0x000000008000033C (0x0286B423) sd fp, 0x28(a3)
mem[0x0000000080004140] <- 0x00FB000000007F77

mem[X,0x0000000080000340] -> 0x01B7
mem[X,0x0000000080000342] -> 0x2000
[213] [M]: 0x0000000080000340 (0x200001B7) lui gp, 0x20000
x3 <- 0x0000000020000000

mem[X,0x0000000080000344] -> 0x8193
mem[X,0x0000000080000346] -> 0x0201
[214] [M]: 0x0000000080000344 (0x02018193) addi gp, gp, 0x20
x3 <- 0x0000000020000020

mem[X,0x0000000080000348] -> 0x9193
mem[X,0x000000008000034A] -> 0x00B1
[215] [M]: 0x0000000080000348 (0x00B19193) slli gp, gp, 0xb
x3 <- 0x0000010000010000

mem[X,0x000000008000034C] -> 0x8193
mem[X,0x000000008000034E] -> 0x7FF1
[216] [M]: 0x000000008000034C (0x7FF18193) addi gp, gp, 0x7ff
x3 <- 0x00000100000107FF

mem[X,0x0000000080000350] -> 0x9193
mem[X,0x0000000080000352] -> 0x00B1
[217] [M]: 0x0000000080000350 (0x00B19193) slli gp, gp, 0xb
x3 <- 0x00080000083FF800

mem[X,0x0000000080000354] -> 0x8193
mem[X,0x0000000080000356] -> 0x6001
[218] [M]: 0x0000000080000354 (0x60018193) addi gp, gp, 0x600
x3 <- 0x00080000083FFE00

mem[X,0x0000000080000358] -> 0x9193
mem[X,0x000000008000035A] -> 0x00A1
[219] [M]: 0x0000000080000358 (0x00A19193) slli gp, gp, 0xa
x3 <- 0x20000020FFF80000

mem[X,0x000000008000035C] -> 0x8193
mem[X,0x000000008000035E] -> 0x0041
[220] [M]: 0x000000008000035C (0x00418193) addi gp, gp, 0x4
x3 <- 0x20000020FFF80004

mem[X,0x0000000080000360] -> 0x14B7
mem[X,0x0000000080000362] -> 0x8000
[221] [M]: 0x0000000080000360 (0x800014B7) lui s1, -0x7ffff
x9 <- 0xFFFFFFFF80001000

mem[X,0x0000000080000364] -> 0x8493
mem[X,0x0000000080000366] -> 0x0004
[222] [M]: 0x0000000080000364 (0x00048493) addi s1, s1, 0x0
x9 <- 0xFFFFFFFF80001000

mem[X,0x0000000080000368] -> 0x9493
mem[X,0x000000008000036A] -> 0x00B4
[223] [M]: 0x0000000080000368 (0x00B49493) slli s1, s1, 0xb
x9 <- 0xFFFFFC0000800000

mem[X,0x000000008000036C] -> 0x8493
mem[X,0x000000008000036E] -> 0x2004
[224] [M]: 0x000000008000036C (0x20048493) addi s1, s1, 0x200
x9 <- 0xFFFFFC0000800200

mem[X,0x0000000080000370] -> 0x9493
mem[X,0x0000000080000372] -> 0x00B4
[225] [M]: 0x0000000080000370 (0x00B49493) slli s1, s1, 0xb
x9 <- 0xFFE0000400100000

mem[X,0x0000000080000374] -> 0x8493
mem[X,0x0000000080000376] -> 0x0004
[226] [M]: 0x0000000080000374 (0x00048493) addi s1, s1, 0x0
x9 <- 0xFFE0000400100000

mem[X,0x0000000080000378] -> 0x9493
mem[X,0x000000008000037A] -> 0x00A4
[227] [M]: 0x0000000080000378 (0x00A49493) slli s1, s1, 0xa
x9 <- 0x8000100040000000

mem[X,0x000000008000037C] -> 0x8493
mem[X,0x000000008000037E] -> 0x0074
[228] [M]: 0x000000008000037C (0x00748493) addi s1, s1, 0x7
x9 <- 0x8000100040000007

mem[X,0x0000000080000380] -> 0xF03B
mem[X,0x0000000080000382] -> 0x9891
[229] [M]: 0x0000000080000380 (0x9891F03B) pmhaccu.h zero, gp, s1

mem[X,0x0000000080000384] -> 0xB823
mem[X,0x0000000080000386] -> 0x0206
[230] [M]: 0x0000000080000384 (0x0206B823) sd zero, 0x30(a3)
mem[0x0000000080004148] <- 0x0000000000000000

mem[X,0x0000000080000388] -> 0x00B7
mem[X,0x000000008000038A] -> 0xDFFF
[231] [M]: 0x0000000080000388 (0xDFFF00B7) lui ra, -0x20010
x1 <- 0xFFFFFFFFDFFF0000

mem[X,0x000000008000038C] -> 0x8093
mem[X,0x000000008000038E] -> 0x0060
[232] [M]: 0x000000008000038C (0x00608093) addi ra, ra, 0x6
x1 <- 0xFFFFFFFFDFFF0006

mem[X,0x0000000080000390] -> 0x9093
mem[X,0x0000000080000392] -> 0x00B0
[233] [M]: 0x0000000080000390 (0x00B09093) slli ra, ra, 0xb
x1 <- 0xFFFFFEFFF8003000

mem[X,0x0000000080000394] -> 0x8093
mem[X,0x0000000080000396] -> 0x2000
[234] [M]: 0x0000000080000394 (0x20008093) addi ra, ra, 0x200
x1 <- 0xFFFFFEFFF8003200

mem[X,0x0000000080000398] -> 0x9093
mem[X,0x000000008000039A] -> 0x00B0
[235] [M]: 0x0000000080000398 (0x00B09093) slli ra, ra, 0xb
x1 <- 0xFFF7FFC001900000

mem[X,0x000000008000039C] -> 0x8093
mem[X,0x000000008000039E] -> 0x0000
[236] [M]: 0x000000008000039C (0x00008093) addi ra, ra, 0x0
x1 <- 0xFFF7FFC001900000

mem[X,0x00000000800003A0] -> 0x9093
mem[X,0x00000000800003A2] -> 0x00A0
[237] [M]: 0x00000000800003A0 (0x00A09093) slli ra, ra, 0xa
x1 <- 0xDFFF000640000000

mem[X,0x00000000800003A4] -> 0x8093
mem[X,0x00000000800003A6] -> 0x0080
[238] [M]: 0x00000000800003A4 (0x00808093) addi ra, ra, 0x8
x1 <- 0xDFFF000640000008

mem[X,0x00000000800003A8] -> 0x0237
mem[X,0x00000000800003AA] -> 0xFFFF
[239] [M]: 0x00000000800003A8 (0xFFFF0237) lui tp, -0x10
x4 <- 0xFFFFFFFFFFFF0000

mem[X,0x00000000800003AC] -> 0x0213
mem[X,0x00000000800003AE] -> 0xFDF2
[240] [M]: 0x00000000800003AC (0xFDF20213) addi tp, tp, -0x21
x4 <- 0xFFFFFFFFFFFEFFDF

mem[X,0x00000000800003B0] -> 0x1213
mem[X,0x00000000800003B2] -> 0x00B2
[241] [M]: 0x00000000800003B0 (0x00B21213) slli tp, tp, 0xb
x4 <- 0xFFFFFFFFF7FEF800

mem[X,0x00000000800003B4] -> 0x0213
mem[X,0x00000000800003B6] -> 0x5FF2
[242] [M]: 0x00000000800003B4 (0x5FF20213) addi tp, tp, 0x5ff
x4 <- 0xFFFFFFFFF7FEFDFF

mem[X,0x00000000800003B8] -> 0x1213
mem[X,0x00000000800003BA] -> 0x00B2
[243] [M]: 0x00000000800003B8 (0x00B21213) slli tp, tp, 0xb
x4 <- 0xFFFFFFBFF7EFF800

mem[X,0x00000000800003BC] -> 0x0213
mem[X,0x00000000800003BE] -> 0x7D52
[244] [M]: 0x00000000800003BC (0x7D520213) addi tp, tp, 0x7d5
x4 <- 0xFFFFFFBFF7EFFFD5

mem[X,0x00000000800003C0] -> 0x1213
mem[X,0x00000000800003C2] -> 0x00A2
[245] [M]: 0x00000000800003C0 (0x00A21213) slli tp, tp, 0xa
x4 <- 0xFFFEFFDFBFFF5400

mem[X,0x00000000800003C4] -> 0x0213
mem[X,0x00000000800003C6] -> 0x1552
[246] [M]: 0x00000000800003C4 (0x15520213) addi tp, tp, 0x155
x4 <- 0xFFFEFFDFBFFF5555

mem[X,0x00000000800003C8] -> 0xF8BB
mem[X,0x00000000800003CA] -> 0x9840
[247] [M]: 0x00000000800003C8 (0x9840F8BB) pmhaccu.h a7, ra, tp
x17 <- 0xE0F7B800E6F9B801

mem[X,0x00000000800003CC] -> 0xBC23
mem[X,0x00000000800003CE] -> 0x0316
[248] [M]: 0x00000000800003CC (0x0316BC23) sd a7, 0x38(a3)
mem[0x0000000080004150] <- 0xE0F7B800E6F9B801

mem[X,0x00000000800003D0] -> 0x0637
mem[X,0x00000000800003D2] -> 0xFF7F
[249] [M]: 0x00000000800003D0 (0xFF7F0637) lui a2, -0x810
x12 <- 0xFFFFFFFFFF7F0000

mem[X,0x00000000800003D4] -> 0x0613
mem[X,0x00000000800003D6] -> 0x1006
[250] [M]: 0x00000000800003D4 (0x10060613) addi a2, a2, 0x100
x12 <- 0xFFFFFFFFFF7F0100

mem[X,0x00000000800003D8] -> 0x1613
mem[X,0x00000000800003DA] -> 0x00B6
[251] [M]: 0x00000000800003D8 (0x00B61613) slli a2, a2, 0xb
x12 <- 0xFFFFFFFBF8080000

mem[X,0x00000000800003DC] -> 0x0613
mem[X,0x00000000800003DE] -> 0x0046
[252] [M]: 0x00000000800003DC (0x00460613) addi a2, a2, 0x4
x12 <- 0xFFFFFFFBF8080004

mem[X,0x00000000800003E0] -> 0x1613
mem[X,0x00000000800003E2] -> 0x00B6
[253] [M]: 0x00000000800003E0 (0x00B61613) slli a2, a2, 0xb
x12 <- 0xFFFFDFC040002000

mem[X,0x00000000800003E4] -> 0x0613
mem[X,0x00000000800003E6] -> 0x0006
[254] [M]: 0x00000000800003E4 (0x00060613) addi a2, a2, 0x0
x12 <- 0xFFFFDFC040002000

mem[X,0x00000000800003E8] -> 0x1613
mem[X,0x00000000800003EA] -> 0x00A6
[255] [M]: 0x00000000800003E8 (0x00A61613) slli a2, a2, 0xa
x12 <- 0xFF7F010000800000

mem[X,0x00000000800003EC] -> 0x0613
mem[X,0x00000000800003EE] -> 0x0106
[256] [M]: 0x00000000800003EC (0x01060613) addi a2, a2, 0x10
x12 <- 0xFF7F010000800010

mem[X,0x00000000800003F0] -> 0x0337
mem[X,0x00000000800003F2] -> 0x0008
[257] [M]: 0x00000000800003F0 (0x00080337) lui t1, 0x80
x6 <- 0x0000000000080000

mem[X,0x00000000800003F4] -> 0x0313
mem[X,0x00000000800003F6] -> 0xFF63
[258] [M]: 0x00000000800003F4 (0xFF630313) addi t1, t1, -0xa
x6 <- 0x000000000007FFF6

mem[X,0x00000000800003F8] -> 0x1313
mem[X,0x00000000800003FA] -> 0x00B3
[259] [M]: 0x00000000800003F8 (0x00B31313) slli t1, t1, 0xb
x6 <- 0x000000003FFFB000

mem[X,0x00000000800003FC] -> 0x0313
mem[X,0x00000000800003FE] -> 0x0083
[260] [M]: 0x00000000800003FC (0x00830313) addi t1, t1, 0x8
x6 <- 0x000000003FFFB008

mem[X,0x0000000080000400] -> 0x1313
mem[X,0x0000000080000402] -> 0x00B3
[261] [M]: 0x0000000080000400 (0x00B31313) slli t1, t1, 0xb
x6 <- 0x000001FFFD804000

mem[X,0x0000000080000404] -> 0x0313
mem[X,0x0000000080000406] -> 0x0003
[262] [M]: 0x0000000080000404 (0x00030313) addi t1, t1, 0x0
x6 <- 0x000001FFFD804000

mem[X,0x0000000080000408] -> 0x1313
mem[X,0x000000008000040A] -> 0x00A3
[263] [M]: 0x0000000080000408 (0x00A31313) slli t1, t1, 0xa
x6 <- 0x0007FFF601000000

mem[X,0x000000008000040C] -> 0x0313
mem[X,0x000000008000040E] -> 0x0203
[264] [M]: 0x000000008000040C (0x02030313) addi t1, t1, 0x20
x6 <- 0x0007FFF601000020

mem[X,0x0000000080000410] -> 0x793B
mem[X,0x0000000080000412] -> 0x9866
[265] [M]: 0x0000000080000410 (0x9866793B) pmhaccu.h s2, a2, t1
x18 <- 0x0007F66EF76DF56F

mem[X,0x0000000080000414] -> 0xB023
mem[X,0x0000000080000416] -> 0x0526
[266] [M]: 0x0000000080000414 (0x0526B023) sd s2, 0x40(a3)
mem[0x0000000080004158] <- 0x0007F66EF76DF56F

mem[X,0x0000000080000418] -> 0xB3B7
mem[X,0x000000008000041A] -> 0xFFDF
[267] [M]: 0x0000000080000418 (0xFFDFB3B7) lui t2, -0x205
x7 <- 0xFFFFFFFFFFDFB000

mem[X,0x000000008000041C] -> 0x8393
mem[X,0x000000008000041E] -> 0xAAA3
[268] [M]: 0x000000008000041C (0xAAA38393) addi t2, t2, -0x556
x7 <- 0xFFFFFFFFFFDFAAAA

mem[X,0x0000000080000420] -> 0x9393
mem[X,0x0000000080000422] -> 0x00B3
[269] [M]: 0x0000000080000420 (0x00B39393) slli t2, t2, 0xb
x7 <- 0xFFFFFFFEFD555000

mem[X,0x0000000080000424] -> 0x8393
mem[X,0x0000000080000426] -> 0x0403
[270] [M]: 0x0000000080000424 (0x04038393) addi t2, t2, 0x40
x7 <- 0xFFFFFFFEFD555040

mem[X,0x0000000080000428] -> 0x9393
mem[X,0x000000008000042A] -> 0x00B3
[271] [M]: 0x0000000080000428 (0x00B39393) slli t2, t2, 0xb
x7 <- 0xFFFFF7EAAA820000

mem[X,0x000000008000042C] -> 0x8393
mem[X,0x000000008000042E] -> 0x0003
[272] [M]: 0x000000008000042C (0x00038393) addi t2, t2, 0x0
x7 <- 0xFFFFF7EAAA820000

mem[X,0x0000000080000430] -> 0x9393
mem[X,0x0000000080000432] -> 0x00A3
[273] [M]: 0x0000000080000430 (0x00A39393) slli t2, t2, 0xa
x7 <- 0xFFDFAAAA08000000

mem[X,0x0000000080000434] -> 0x8393
mem[X,0x0000000080000436] -> 0x0203
[274] [M]: 0x0000000080000434 (0x02038393) addi t2, t2, 0x20
x7 <- 0xFFDFAAAA08000020

mem[X,0x0000000080000438] -> 0x0C37
mem[X,0x000000008000043A] -> 0x0005
[275] [M]: 0x0000000080000438 (0x00050C37) lui s8, 0x50
x24 <- 0x0000000000050000

mem[X,0x000000008000043C] -> 0x0C13
mem[X,0x000000008000043E] -> 0xFF9C
[276] [M]: 0x000000008000043C (0xFF9C0C13) addi s8, s8, -0x7
x24 <- 0x000000000004FFF9

mem[X,0x0000000080000440] -> 0x1C13
mem[X,0x0000000080000442] -> 0x00BC
[277] [M]: 0x0000000080000440 (0x00BC1C13) slli s8, s8, 0xb
x24 <- 0x0000000027FFC800

mem[X,0x0000000080000444] -> 0x0C13
mem[X,0x0000000080000446] -> 0x000C
[278] [M]: 0x0000000080000444 (0x000C0C13) addi s8, s8, 0x0
x24 <- 0x0000000027FFC800

mem[X,0x0000000080000448] -> 0x1C13
mem[X,0x000000008000044A] -> 0x00BC
[279] [M]: 0x0000000080000448 (0x00BC1C13) slli s8, s8, 0xb
x24 <- 0x0000013FFE400000

mem[X,0x000000008000044C] -> 0x0C13
mem[X,0x000000008000044E] -> 0x13FC
[280] [M]: 0x000000008000044C (0x13FC0C13) addi s8, s8, 0x13f
x24 <- 0x0000013FFE40013F

mem[X,0x0000000080000450] -> 0x1C13
mem[X,0x0000000080000452] -> 0x00AC
[281] [M]: 0x0000000080000450 (0x00AC1C13) slli s8, s8, 0xa
x24 <- 0x0004FFF90004FC00

mem[X,0x0000000080000454] -> 0x0C13
mem[X,0x0000000080000456] -> 0x3FCC
[282] [M]: 0x0000000080000454 (0x3FCC0C13) addi s8, s8, 0x3fc
x24 <- 0x0004FFF90004FFFC

mem[X,0x0000000080000458] -> 0xF73B
mem[X,0x000000008000045A] -> 0x9983
[283] [M]: 0x0000000080000458 (0x9983F73B) pmhaccu.h a4, t2, s8
x14 <- 0x0003AAA50000001F

mem[X,0x000000008000045C] -> 0xB423
mem[X,0x000000008000045E] -> 0x04E6
[284] [M]: 0x000000008000045C (0x04E6B423) sd a4, 0x48(a3)
mem[0x0000000080004160] <- 0x0003AAA50000001F

mem[X,0x0000000080000460] -> 0x0F37
mem[X,0x0000000080000462] -> 0x0101
[285] [M]: 0x0000000080000460 (0x01010F37) lui t5, 0x1010
x30 <- 0x0000000001010000

mem[X,0x0000000080000464] -> 0x0F13
mem[X,0x0000000080000466] -> 0xFF9F
[286] [M]: 0x0000000080000464 (0xFF9F0F13) addi t5, t5, -0x7
x30 <- 0x000000000100FFF9

mem[X,0x0000000080000468] -> 0x1F13
mem[X,0x000000008000046A] -> 0x00BF
[287] [M]: 0x0000000080000468 (0x00BF1F13) slli t5, t5, 0xb
x30 <- 0x0000000807FFC800

mem[X,0x000000008000046C] -> 0x0F13
mem[X,0x000000008000046E] -> 0x7FFF
[288] [M]: 0x000000008000046C (0x7FFF0F13) addi t5, t5, 0x7ff
x30 <- 0x0000000807FFCFFF

mem[X,0x0000000080000470] -> 0x1F13
mem[X,0x0000000080000472] -> 0x00BF
[289] [M]: 0x0000000080000470 (0x00BF1F13) slli t5, t5, 0xb
x30 <- 0x0000403FFE7FF800

mem[X,0x0000000080000474] -> 0x0F13
mem[X,0x0000000080000476] -> 0x740F
[290] [M]: 0x0000000080000474 (0x740F0F13) addi t5, t5, 0x740
x30 <- 0x0000403FFE7FFF40

mem[X,0x0000000080000478] -> 0x1F13
mem[X,0x000000008000047A] -> 0x00AF
[291] [M]: 0x0000000080000478 (0x00AF1F13) slli t5, t5, 0xa
x30 <- 0x0100FFF9FFFD0000

mem[X,0x000000008000047C] -> 0x0F13
mem[X,0x000000008000047E] -> 0x040F
[292] [M]: 0x000000008000047C (0x040F0F13) addi t5, t5, 0x40
x30 <- 0x0100FFF9FFFD0040

mem[X,0x0000000080000480] -> 0x00B7
mem[X,0x0000000080000482] -> 0x0801
[293] [M]: 0x0000000080000480 (0x080100B7) lui ra, 0x8010
x1 <- 0x0000000008010000

mem[X,0x0000000080000484] -> 0x8093
mem[X,0x0000000080000486] -> 0xEFF0
[294] [M]: 0x0000000080000484 (0xEFF08093) addi ra, ra, -0x101
x1 <- 0x000000000800FEFF

mem[X,0x0000000080000488] -> 0x9093
mem[X,0x000000008000048A] -> 0x00B0
[295] [M]: 0x0000000080000488 (0x00B09093) slli ra, ra, 0xb
x1 <- 0x0000004007F7F800

mem[X,0x000000008000048C] -> 0x8093
mem[X,0x000000008000048E] -> 0x7FF0
[296] [M]: 0x000000008000048C (0x7FF08093) addi ra, ra, 0x7ff
x1 <- 0x0000004007F7FFFF

mem[X,0x0000000080000490] -> 0x9093
mem[X,0x0000000080000492] -> 0x00B0
[297] [M]: 0x0000000080000490 (0x00B09093) slli ra, ra, 0xb
x1 <- 0x0002003FBFFFF800

mem[X,0x0000000080000494] -> 0x8093
mem[X,0x0000000080000496] -> 0x63F0
[298] [M]: 0x0000000080000494 (0x63F08093) addi ra, ra, 0x63f
x1 <- 0x0002003FBFFFFE3F

mem[X,0x0000000080000498] -> 0x9093
mem[X,0x000000008000049A] -> 0x00A0
[299] [M]: 0x0000000080000498 (0x00A09093) slli ra, ra, 0xa
x1 <- 0x0800FEFFFFF8FC00

clint::tick mtime <- 0x0000000000000003
 clint timer pending at mtime 0x0000000000000003
htif::tick 0x0000000000000000
mem[X,0x000000008000049C] -> 0x8093
mem[X,0x000000008000049E] -> 0x3FF0
[300] [M]: 0x000000008000049C (0x3FF08093) addi ra, ra, 0x3ff
x1 <- 0x0800FEFFFFF8FFFF

mem[X,0x00000000800004A0] -> 0x73BB
mem[X,0x00000000800004A2] -> 0x981F
[301] [M]: 0x00000000800004A0 (0x981F73BB) pmhaccu.h t2, t5, ra
x7 <- 0xFFE7A9A207F5005F

mem[X,0x00000000800004A4] -> 0xB823
mem[X,0x00000000800004A6] -> 0x0476
[302] [M]: 0x00000000800004A4 (0x0476B823) sd t2, 0x50(a3)
mem[0x0000000080004168] <- 0xFFE7A9A207F5005F

mem[X,0x00000000800004A8] -> 0x0B37
mem[X,0x00000000800004AA] -> 0xFFFB
[303] [M]: 0x00000000800004A8 (0xFFFB0B37) lui s6, -0x50
x22 <- 0xFFFFFFFFFFFB0000

mem[X,0x00000000800004AC] -> 0x0B13
mem[X,0x00000000800004AE] -> 0xFFCB
[304] [M]: 0x00000000800004AC (0xFFCB0B13) addi s6, s6, -0x4
x22 <- 0xFFFFFFFFFFFAFFFC

mem[X,0x00000000800004B0] -> 0x1B13
mem[X,0x00000000800004B2] -> 0x00BB
[305] [M]: 0x00000000800004B0 (0x00BB1B13) slli s6, s6, 0xb
x22 <- 0xFFFFFFFFD7FFE000

mem[X,0x00000000800004B4] -> 0x0B13
mem[X,0x00000000800004B6] -> 0x7FFB
[306] [M]: 0x00000000800004B4 (0x7FFB0B13) addi s6, s6, 0x7ff
x22 <- 0xFFFFFFFFD7FFE7FF

mem[X,0x00000000800004B8] -> 0x1B13
mem[X,0x00000000800004BA] -> 0x00BB
[307] [M]: 0x00000000800004B8 (0x00BB1B13) slli s6, s6, 0xb
x22 <- 0xFFFFFEBFFF3FF800

mem[X,0x00000000800004BC] -> 0x0B13
mem[X,0x00000000800004BE] -> 0x580B
[308] [M]: 0x00000000800004BC (0x580B0B13) addi s6, s6, 0x580
x22 <- 0xFFFFFEBFFF3FFD80

mem[X,0x00000000800004C0] -> 0x1B13
mem[X,0x00000000800004C2] -> 0x00AB
[309] [M]: 0x00000000800004C0 (0x00AB1B13) slli s6, s6, 0xa
x22 <- 0xFFFAFFFCFFF60000

mem[X,0x00000000800004C4] -> 0x0B13
mem[X,0x00000000800004C6] -> 0x080B
[310] [M]: 0x00000000800004C4 (0x080B0B13) addi s6, s6, 0x80
x22 <- 0xFFFAFFFCFFF60080

mem[X,0x00000000800004C8] -> 0x07B7
mem[X,0x00000000800004CA] -> 0xFFFE
[311] [M]: 0x00000000800004C8 (0xFFFE07B7) lui a5, -0x20
x15 <- 0xFFFFFFFFFFFE0000

mem[X,0x00000000800004CC] -> 0x8793
mem[X,0x00000000800004CE] -> 0x0007
[312] [M]: 0x00000000800004CC (0x00078793) addi a5, a5, 0x0
x15 <- 0xFFFFFFFFFFFE0000

mem[X,0x00000000800004D0] -> 0x9793
mem[X,0x00000000800004D2] -> 0x00B7
[313] [M]: 0x00000000800004D0 (0x00B79793) slli a5, a5, 0xb
x15 <- 0xFFFFFFFFF0000000

mem[X,0x00000000800004D4] -> 0x8793
mem[X,0x00000000800004D6] -> 0x7FF7
[314] [M]: 0x00000000800004D4 (0x7FF78793) addi a5, a5, 0x7ff
x15 <- 0xFFFFFFFFF00007FF

mem[X,0x00000000800004D8] -> 0x9793
mem[X,0x00000000800004DA] -> 0x00B7
[315] [M]: 0x00000000800004D8 (0x00B79793) slli a5, a5, 0xb
x15 <- 0xFFFFFF80003FF800

mem[X,0x00000000800004DC] -> 0x8793
mem[X,0x00000000800004DE] -> 0x5C27
[316] [M]: 0x00000000800004DC (0x5C278793) addi a5, a5, 0x5c2
x15 <- 0xFFFFFF80003FFDC2

mem[X,0x00000000800004E0] -> 0x9793
mem[X,0x00000000800004E2] -> 0x00A7
[317] [M]: 0x00000000800004E0 (0x00A79793) slli a5, a5, 0xa
x15 <- 0xFFFE0000FFF70800

mem[X,0x00000000800004E4] -> 0x7CBB
mem[X,0x00000000800004E6] -> 0x98FB
[318] [M]: 0x00000000800004E4 (0x98FB7CBB) pmhaccu.h s9, s6, a5
x25 <- 0x03F8EFFFFFFD0104

mem[X,0x00000000800004E8] -> 0xBC23
mem[X,0x00000000800004EA] -> 0x0596
[319] [M]: 0x00000000800004E8 (0x0596BC23) sd s9, 0x58(a3)
mem[0x0000000080004170] <- 0x03F8EFFFFFFD0104

mem[X,0x00000000800004EC] -> 0x0E37
mem[X,0x00000000800004EE] -> 0xFFF8
[320] [M]: 0x00000000800004EC (0xFFF80E37) lui t3, -0x80
x28 <- 0xFFFFFFFFFFF80000

mem[X,0x00000000800004F0] -> 0x0E13
mem[X,0x00000000800004F2] -> 0xFFFE
[321] [M]: 0x00000000800004F0 (0xFFFE0E13) addi t3, t3, -0x1
x28 <- 0xFFFFFFFFFFF7FFFF

mem[X,0x00000000800004F4] -> 0x1E13
mem[X,0x00000000800004F6] -> 0x00BE
[322] [M]: 0x00000000800004F4 (0x00BE1E13) slli t3, t3, 0xb
x28 <- 0xFFFFFFFFBFFFF800

mem[X,0x00000000800004F8] -> 0x0E13
mem[X,0x00000000800004FA] -> 0x555E
[323] [M]: 0x00000000800004F8 (0x555E0E13) addi t3, t3, 0x555
x28 <- 0xFFFFFFFFBFFFFD55

mem[X,0x00000000800004FC] -> 0x1E13
mem[X,0x00000000800004FE] -> 0x00BE
[324] [M]: 0x00000000800004FC (0x00BE1E13) slli t3, t3, 0xb
x28 <- 0xFFFFFDFFFFEAA800

mem[X,0x0000000080000500] -> 0x0E13
mem[X,0x0000000080000502] -> 0x280E
[325] [M]: 0x0000000080000500 (0x280E0E13) addi t3, t3, 0x280
x28 <- 0xFFFFFDFFFFEAAA80

mem[X,0x0000000080000504] -> 0x1E13
mem[X,0x0000000080000506] -> 0x00AE
[326] [M]: 0x0000000080000504 (0x00AE1E13) slli t3, t3, 0xa
x28 <- 0xFFF7FFFFAAAA0000

mem[X,0x0000000080000508] -> 0x0E13
mem[X,0x000000008000050A] -> 0x100E
[327] [M]: 0x0000000080000508 (0x100E0E13) addi t3, t3, 0x100
x28 <- 0xFFF7FFFFAAAA0100

mem[X,0x000000008000050C] -> 0x0FB7
mem[X,0x000000008000050E] -> 0x0021
[328] [M]: 0x000000008000050C (0x00210FB7) lui t6, 0x210
x31 <- 0x0000000000210000

mem[X,0x0000000080000510] -> 0x8F93
mem[X,0x0000000080000512] -> 0xFBFF
[329] [M]: 0x0000000080000510 (0xFBFF8F93) addi t6, t6, -0x41
x31 <- 0x000000000020FFBF

mem[X,0x0000000080000514] -> 0x9F93
mem[X,0x0000000080000516] -> 0x00BF
[330] [M]: 0x0000000080000514 (0x00BF9F93) slli t6, t6, 0xb
x31 <- 0x0000000107FDF800

mem[X,0x0000000080000518] -> 0x8F93
mem[X,0x000000008000051A] -> 0x020F
[331] [M]: 0x0000000080000518 (0x020F8F93) addi t6, t6, 0x20
x31 <- 0x0000000107FDF820

mem[X,0x000000008000051C] -> 0x9F93
mem[X,0x000000008000051E] -> 0x00BF
[332] [M]: 0x000000008000051C (0x00BF9F93) slli t6, t6, 0xb
x31 <- 0x0000083FEFC10000

mem[X,0x0000000080000520] -> 0x8F93
mem[X,0x0000000080000522] -> 0x000F
[333] [M]: 0x0000000080000520 (0x000F8F93) addi t6, t6, 0x0
x31 <- 0x0000083FEFC10000

mem[X,0x0000000080000524] -> 0x9F93
mem[X,0x0000000080000526] -> 0x00AF
[334] [M]: 0x0000000080000524 (0x00AF9F93) slli t6, t6, 0xa
x31 <- 0x0020FFBF04000000

mem[X,0x0000000080000528] -> 0x8F93
mem[X,0x000000008000052A] -> 0x006F
[335] [M]: 0x0000000080000528 (0x006F8F93) addi t6, t6, 0x6
x31 <- 0x0020FFBF04000006

mem[X,0x000000008000052C] -> 0x72BB
mem[X,0x000000008000052E] -> 0x99FE
[336] [M]: 0x000000008000052C (0x99FE72BB) pmhaccu.h t0, t3, t6
x5 <- 0x001FFFCDF185EADF

mem[X,0x0000000080000530] -> 0xB023
mem[X,0x0000000080000532] -> 0x0656
[337] [M]: 0x0000000080000530 (0x0656B023) sd t0, 0x60(a3)
mem[0x0000000080004178] <- 0x001FFFCDF185EADF

mem[X,0x0000000080000534] -> 0x0013
mem[X,0x0000000080000536] -> 0x0000
[338] [M]: 0x0000000080000534 (0x00000013) addi zero, zero, 0x0

mem[X,0x0000000080000538] -> 0x0013
mem[X,0x000000008000053A] -> 0x0000
[339] [M]: 0x0000000080000538 (0x00000013) addi zero, zero, 0x0

mem[X,0x000000008000053C] -> 0x0013
mem[X,0x000000008000053E] -> 0x0000
[340] [M]: 0x000000008000053C (0x00000013) addi zero, zero, 0x0

mem[X,0x0000000080000540] -> 0x4197
mem[X,0x0000000080000542] -> 0x0000
[341] [M]: 0x0000000080000540 (0x00004197) auipc gp, 0x4
x3 <- 0x0000000080004540

mem[X,0x0000000080000544] -> 0x8193
mem[X,0x0000000080000546] -> 0xC401
[342] [M]: 0x0000000080000544 (0xC4018193) addi gp, gp, -0x3c0
x3 <- 0x0000000080004180

mem[X,0x0000000080000548] -> 0x0013
mem[X,0x000000008000054A] -> 0x0000
[343] [M]: 0x0000000080000548 (0x00000013) addi zero, zero, 0x0

mem[X,0x000000008000054C] -> 0x0013
mem[X,0x000000008000054E] -> 0x0000
[344] [M]: 0x000000008000054C (0x00000013) addi zero, zero, 0x0

mem[X,0x0000000080000550] -> 0x0013
mem[X,0x0000000080000552] -> 0x0000
[345] [M]: 0x0000000080000550 (0x00000013) addi zero, zero, 0x0

mem[X,0x0000000080000554] -> 0x0013
mem[X,0x0000000080000556] -> 0x0000
[346] [M]: 0x0000000080000554 (0x00000013) addi zero, zero, 0x0

mem[X,0x0000000080000558] -> 0x0013
mem[X,0x000000008000055A] -> 0x0000
[347] [M]: 0x0000000080000558 (0x00000013) addi zero, zero, 0x0

mem[X,0x000000008000055C] -> 0x0013
mem[X,0x000000008000055E] -> 0x0000
[348] [M]: 0x000000008000055C (0x00000013) addi zero, zero, 0x0

mem[X,0x0000000080000560] -> 0x12B7
mem[X,0x0000000080000562] -> 0x7FFF
[349] [M]: 0x0000000080000560 (0x7FFF12B7) lui t0, 0x7fff1
x5 <- 0x000000007FFF1000

mem[X,0x0000000080000564] -> 0x8293
mem[X,0x0000000080000566] -> 0x0002
[350] [M]: 0x0000000080000564 (0x00028293) addi t0, t0, 0x0
x5 <- 0x000000007FFF1000

mem[X,0x0000000080000568] -> 0x9293
mem[X,0x000000008000056A] -> 0x00B2
[351] [M]: 0x0000000080000568 (0x00B29293) slli t0, t0, 0xb
x5 <- 0x000003FFF8800000

mem[X,0x000000008000056C] -> 0x8293
mem[X,0x000000008000056E] -> 0x1002
[352] [M]: 0x000000008000056C (0x10028293) addi t0, t0, 0x100
x5 <- 0x000003FFF8800100

mem[X,0x0000000080000570] -> 0x9293
mem[X,0x0000000080000572] -> 0x00B2
[353] [M]: 0x0000000080000570 (0x00B29293) slli t0, t0, 0xb
x5 <- 0x001FFFC400080000

mem[X,0x0000000080000574] -> 0x8293
mem[X,0x0000000080000576] -> 0x0002
[354] [M]: 0x0000000080000574 (0x00028293) addi t0, t0, 0x0
x5 <- 0x001FFFC400080000

mem[X,0x0000000080000578] -> 0x9293
mem[X,0x000000008000057A] -> 0x00A2
[355] [M]: 0x0000000080000578 (0x00A29293) slli t0, t0, 0xa
x5 <- 0x7FFF100020000000

mem[X,0x000000008000057C] -> 0x8293
mem[X,0x000000008000057E] -> 0x2002
[356] [M]: 0x000000008000057C (0x20028293) addi t0, t0, 0x200
x5 <- 0x7FFF100020000200

mem[X,0x0000000080000580] -> 0xBBB7
mem[X,0x0000000080000582] -> 0xC000
[357] [M]: 0x0000000080000580 (0xC000BBB7) lui s7, -0x3fff5
x23 <- 0xFFFFFFFFC000B000

mem[X,0x0000000080000584] -> 0x8B93
mem[X,0x0000000080000586] -> 0xAAAB
[358] [M]: 0x0000000080000584 (0xAAAB8B93) addi s7, s7, -0x556
x23 <- 0xFFFFFFFFC000AAAA

mem[X,0x0000000080000588] -> 0x9B93
mem[X,0x000000008000058A] -> 0x00BB
[359] [M]: 0x0000000080000588 (0x00BB9B93) slli s7, s7, 0xb
x23 <- 0xFFFFFE0005555000

mem[X,0x000000008000058C] -> 0x8B93
mem[X,0x000000008000058E] -> 0x010B
[360] [M]: 0x000000008000058C (0x010B8B93) addi s7, s7, 0x10
x23 <- 0xFFFFFE0005555010

mem[X,0x0000000080000590] -> 0x9B93
mem[X,0x0000000080000592] -> 0x00BB
[361] [M]: 0x0000000080000590 (0x00BB9B93) slli s7, s7, 0xb
x23 <- 0xFFF0002AAA808000

mem[X,0x0000000080000594] -> 0x8B93
mem[X,0x0000000080000596] -> 0x000B
[362] [M]: 0x0000000080000594 (0x000B8B93) addi s7, s7, 0x0
x23 <- 0xFFF0002AAA808000

mem[X,0x0000000080000598] -> 0x9B93
mem[X,0x000000008000059A] -> 0x00AB
[363] [M]: 0x0000000080000598 (0x00AB9B93) slli s7, s7, 0xa
x23 <- 0xC000AAAA02000000

mem[X,0x000000008000059C] -> 0x8B93
mem[X,0x000000008000059E] -> 0x100B
[364] [M]: 0x000000008000059C (0x100B8B93) addi s7, s7, 0x100
x23 <- 0xC000AAAA02000100

mem[X,0x00000000800005A0] -> 0xFDBB
mem[X,0x00000000800005A2] -> 0x9972
[365] [M]: 0x00000000800005A0 (0x9972FDBB) pmhaccu.h s11, t0, s7
x27 <- 0x60FFB5540040FFFB

mem[X,0x00000000800005A4] -> 0xB023
mem[X,0x00000000800005A6] -> 0x01B1
[366] [M]: 0x00000000800005A4 (0x01B1B023) sd s11, 0x0(gp)
mem[0x0000000080004180] <- 0x60FFB5540040FFFB

mem[X,0x00000000800005A8] -> 0x0CB7
mem[X,0x00000000800005AA] -> 0x3FFF
[367] [M]: 0x00000000800005A8 (0x3FFF0CB7) lui s9, 0x3fff0
x25 <- 0x000000003FFF0000

mem[X,0x00000000800005AC] -> 0x8C93
mem[X,0x00000000800005AE] -> 0x008C
[368] [M]: 0x00000000800005AC (0x008C8C93) addi s9, s9, 0x8
x25 <- 0x000000003FFF0008

mem[X,0x00000000800005B0] -> 0x9C93
mem[X,0x00000000800005B2] -> 0x00BC
[369] [M]: 0x00000000800005B0 (0x00BC9C93) slli s9, s9, 0xb
x25 <- 0x000001FFF8004000

mem[X,0x00000000800005B4] -> 0x8C93
mem[X,0x00000000800005B6] -> 0x004C
[370] [M]: 0x00000000800005B4 (0x004C8C93) addi s9, s9, 0x4
x25 <- 0x000001FFF8004004

mem[X,0x00000000800005B8] -> 0x9C93
mem[X,0x00000000800005BA] -> 0x00BC
[371] [M]: 0x00000000800005B8 (0x00BC9C93) slli s9, s9, 0xb
x25 <- 0x000FFFC002002000

mem[X,0x00000000800005BC] -> 0x8C93
mem[X,0x00000000800005BE] -> 0x001C
[372] [M]: 0x00000000800005BC (0x001C8C93) addi s9, s9, 0x1
x25 <- 0x000FFFC002002001

mem[X,0x00000000800005C0] -> 0x9C93
mem[X,0x00000000800005C2] -> 0x00AC
[373] [M]: 0x00000000800005C0 (0x00AC9C93) slli s9, s9, 0xa
x25 <- 0x3FFF000800800400

mem[X,0x00000000800005C4] -> 0x03B7
mem[X,0x00000000800005C6] -> 0x0801
[374] [M]: 0x00000000800005C4 (0x080103B7) lui t2, 0x8010
x7 <- 0x0000000008010000

mem[X,0x00000000800005C8] -> 0x8393
mem[X,0x00000000800005CA] -> 0xFBF3
[375] [M]: 0x00000000800005C8 (0xFBF38393) addi t2, t2, -0x41
x7 <- 0x000000000800FFBF

mem[X,0x00000000800005CC] -> 0x9393
mem[X,0x00000000800005CE] -> 0x00B3
[376] [M]: 0x00000000800005CC (0x00B39393) slli t2, t2, 0xb
x7 <- 0x0000004007FDF800

mem[X,0x00000000800005D0] -> 0x8393
mem[X,0x00000000800005D2] -> 0x0043
[377] [M]: 0x00000000800005D0 (0x00438393) addi t2, t2, 0x4
x7 <- 0x0000004007FDF804

mem[X,0x00000000800005D4] -> 0x9393
mem[X,0x00000000800005D6] -> 0x00B3
[378] [M]: 0x00000000800005D4 (0x00B39393) slli t2, t2, 0xb
x7 <- 0x0002003FEFC02000

mem[X,0x00000000800005D8] -> 0x8393
mem[X,0x00000000800005DA] -> 0x03F3
[379] [M]: 0x00000000800005D8 (0x03F38393) addi t2, t2, 0x3f
x7 <- 0x0002003FEFC0203F

mem[X,0x00000000800005DC] -> 0x9393
mem[X,0x00000000800005DE] -> 0x00A3
[380] [M]: 0x00000000800005DC (0x00A39393) slli t2, t2, 0xa
x7 <- 0x0800FFBF0080FC00

mem[X,0x00000000800005E0] -> 0x8393
mem[X,0x00000000800005E2] -> 0x3F93
[381] [M]: 0x00000000800005E0 (0x3F938393) addi t2, t2, 0x3f9
x7 <- 0x0800FFBF0080FFF9

mem[X,0x00000000800005E4] -> 0xFB3B
mem[X,0x00000000800005E6] -> 0x987C
[382] [M]: 0x00000000800005E4 (0x987CFB3B) pmhaccu.h s6, s9, t2
x22 <- 0x01F90003FFF6047F

mem[X,0x00000000800005E8] -> 0xB423
mem[X,0x00000000800005EA] -> 0x0161
[383] [M]: 0x00000000800005E8 (0x0161B423) sd s6, 0x8(gp)
mem[0x0000000080004188] <- 0x01F90003FFF6047F

mem[X,0x00000000800005EC] -> 0x0D37
mem[X,0x00000000800005EE] -> 0x0081
[384] [M]: 0x00000000800005EC (0x00810D37) lui s10, 0x810
x26 <- 0x0000000000810000

mem[X,0x00000000800005F0] -> 0x0D13
mem[X,0x00000000800005F2] -> 0xFF9D
[385] [M]: 0x00000000800005F0 (0xFF9D0D13) addi s10, s10, -0x7
x26 <- 0x000000000080FFF9

mem[X,0x00000000800005F4] -> 0x1D13
mem[X,0x00000000800005F6] -> 0x00BD
[386] [M]: 0x00000000800005F4 (0x00BD1D13) slli s10, s10, 0xb
x26 <- 0x0000000407FFC800

mem[X,0x00000000800005F8] -> 0x0D13
mem[X,0x00000000800005FA] -> 0x008D
[387] [M]: 0x00000000800005F8 (0x008D0D13) addi s10, s10, 0x8
x26 <- 0x0000000407FFC808

mem[X,0x00000000800005FC] -> 0x1D13
mem[X,0x00000000800005FE] -> 0x00BD
[388] [M]: 0x00000000800005FC (0x00BD1D13) slli s10, s10, 0xb
x26 <- 0x0000203FFE404000

mem[X,0x0000000080000600] -> 0x0D13
mem[X,0x0000000080000602] -> 0x002D
[389] [M]: 0x0000000080000600 (0x002D0D13) addi s10, s10, 0x2
x26 <- 0x0000203FFE404002

mem[X,0x0000000080000604] -> 0x1D13
mem[X,0x0000000080000606] -> 0x00AD
[390] [M]: 0x0000000080000604 (0x00AD1D13) slli s10, s10, 0xa
x26 <- 0x0080FFF901000800

mem[X,0x0000000080000608] -> 0x1637
mem[X,0x000000008000060A] -> 0xFDFF
[391] [M]: 0x0000000080000608 (0xFDFF1637) lui a2, -0x200f
x12 <- 0xFFFFFFFFFDFF1000

mem[X,0x000000008000060C] -> 0x0613
mem[X,0x000000008000060E] -> 0x0006
[392] [M]: 0x000000008000060C (0x00060613) addi a2, a2, 0x0
x12 <- 0xFFFFFFFFFDFF1000

mem[X,0x0000000080000610] -> 0x1613
mem[X,0x0000000080000612] -> 0x00B6
[393] [M]: 0x0000000080000610 (0x00B61613) slli a2, a2, 0xb
x12 <- 0xFFFFFFEFF8800000

mem[X,0x0000000080000614] -> 0x0613
mem[X,0x0000000080000616] -> 0x0086
[394] [M]: 0x0000000080000614 (0x00860613) addi a2, a2, 0x8
x12 <- 0xFFFFFFEFF8800008

mem[X,0x0000000080000618] -> 0x1613
mem[X,0x000000008000061A] -> 0x00B6
[395] [M]: 0x0000000080000618 (0x00B61613) slli a2, a2, 0xb
x12 <- 0xFFFF7FC400004000

mem[X,0x000000008000061C] -> 0x0613
mem[X,0x000000008000061E] -> 0x0006
[396] [M]: 0x000000008000061C (0x00060613) addi a2, a2, 0x0
x12 <- 0xFFFF7FC400004000

mem[X,0x0000000080000620] -> 0x1613
mem[X,0x0000000080000622] -> 0x00A6
[397] [M]: 0x0000000080000620 (0x00A61613) slli a2, a2, 0xa
x12 <- 0xFDFF100001000000

mem[X,0x0000000080000624] -> 0x0613
mem[X,0x0000000080000626] -> 0x0026
[398] [M]: 0x0000000080000624 (0x00260613) addi a2, a2, 0x2
x12 <- 0xFDFF100001000002

mem[X,0x0000000080000628] -> 0x7C3B
mem[X,0x000000008000062A] -> 0x98CD
[399] [M]: 0x0000000080000628 (0x98CD7C3B) pmhaccu.h s8, s10, a2
x24 <- 0x00820FF80005FFFC

clint::tick mtime <- 0x0000000000000004
 clint timer pending at mtime 0x0000000000000004
htif::tick 0x0000000000000000
mem[X,0x000000008000062C] -> 0xB823
mem[X,0x000000008000062E] -> 0x0181
[400] [M]: 0x000000008000062C (0x0181B823) sd s8, 0x10(gp)
mem[0x0000000080004190] <- 0x00820FF80005FFFC

mem[X,0x0000000080000630] -> 0x0037
mem[X,0x0000000080000632] -> 0xFDFF
[401] [M]: 0x0000000080000630 (0xFDFF0037) lui zero, -0x2010

mem[X,0x0000000080000634] -> 0x0013
mem[X,0x0000000080000636] -> 0x0400
[402] [M]: 0x0000000080000634 (0x04000013) addi zero, zero, 0x40

mem[X,0x0000000080000638] -> 0x1013
mem[X,0x000000008000063A] -> 0x00B0
[403] [M]: 0x0000000080000638 (0x00B01013) slli zero, zero, 0xb

mem[X,0x000000008000063C] -> 0x0013
mem[X,0x000000008000063E] -> 0x6FF0
[404] [M]: 0x000000008000063C (0x6FF00013) addi zero, zero, 0x6ff

mem[X,0x0000000080000640] -> 0x1013
mem[X,0x0000000080000642] -> 0x00B0
[405] [M]: 0x0000000080000640 (0x00B01013) slli zero, zero, 0xb

mem[X,0x0000000080000644] -> 0x0013
mem[X,0x0000000080000646] -> 0x7C40
[406] [M]: 0x0000000080000644 (0x7C400013) addi zero, zero, 0x7c4

mem[X,0x0000000080000648] -> 0x1013
mem[X,0x000000008000064A] -> 0x00A0
[407] [M]: 0x0000000080000648 (0x00A01013) slli zero, zero, 0xa

mem[X,0x000000008000064C] -> 0x05B7
mem[X,0x000000008000064E] -> 0xC001
[408] [M]: 0x000000008000064C (0xC00105B7) lui a1, -0x3fff0
x11 <- 0xFFFFFFFFC0010000

mem[X,0x0000000080000650] -> 0x8593
mem[X,0x0000000080000652] -> 0xBFF5
[409] [M]: 0x0000000080000650 (0xBFF58593) addi a1, a1, -0x401
x11 <- 0xFFFFFFFFC000FBFF

mem[X,0x0000000080000654] -> 0x9593
mem[X,0x0000000080000656] -> 0x00B5
[410] [M]: 0x0000000080000654 (0x00B59593) slli a1, a1, 0xb
x11 <- 0xFFFFFE0007DFF800

mem[X,0x0000000080000658] -> 0x8593
mem[X,0x000000008000065A] -> 0x0805
[411] [M]: 0x0000000080000658 (0x08058593) addi a1, a1, 0x80
x11 <- 0xFFFFFE0007DFF880

mem[X,0x000000008000065C] -> 0x9593
mem[X,0x000000008000065E] -> 0x00B5
[412] [M]: 0x000000008000065C (0x00B59593) slli a1, a1, 0xb
x11 <- 0xFFF0003EFFC40000

mem[X,0x0000000080000660] -> 0x8593
mem[X,0x0000000080000662] -> 0x0005
[413] [M]: 0x0000000080000660 (0x00058593) addi a1, a1, 0x0
x11 <- 0xFFF0003EFFC40000

mem[X,0x0000000080000664] -> 0x9593
mem[X,0x0000000080000666] -> 0x00A5
[414] [M]: 0x0000000080000664 (0x00A59593) slli a1, a1, 0xa
x11 <- 0xC000FBFF10000000

mem[X,0x0000000080000668] -> 0x8593
mem[X,0x000000008000066A] -> 0x0095
[415] [M]: 0x0000000080000668 (0x00958593) addi a1, a1, 0x9
x11 <- 0xC000FBFF10000009

mem[X,0x000000008000066C] -> 0x753B
mem[X,0x000000008000066E] -> 0x98B0
[416] [M]: 0x000000008000066C (0x98B0753B) pmhaccu.h a0, zero, a1
x10 <- 0x0200AAAA00080000

mem[X,0x0000000080000670] -> 0xBC23
mem[X,0x0000000080000672] -> 0x00A1
[417] [M]: 0x0000000080000670 (0x00A1BC23) sd a0, 0x18(gp)
mem[0x0000000080004198] <- 0x0200AAAA00080000

mem[X,0x0000000080000674] -> 0x08B7
mem[X,0x0000000080000676] -> 0x0801
[418] [M]: 0x0000000080000674 (0x080108B7) lui a7, 0x8010
x17 <- 0x0000000008010000

mem[X,0x0000000080000678] -> 0x8893
mem[X,0x000000008000067A] -> 0xBFF8
[419] [M]: 0x0000000080000678 (0xBFF88893) addi a7, a7, -0x401
x17 <- 0x000000000800FBFF

mem[X,0x000000008000067C] -> 0x9893
mem[X,0x000000008000067E] -> 0x00B8
[420] [M]: 0x000000008000067C (0x00B89893) slli a7, a7, 0xb
x17 <- 0x0000004007DFF800

mem[X,0x0000000080000680] -> 0x8893
mem[X,0x0000000080000682] -> 0x7EF8
[421] [M]: 0x0000000080000680 (0x7EF88893) addi a7, a7, 0x7ef
x17 <- 0x0000004007DFFFEF

mem[X,0x0000000080000684] -> 0x9893
mem[X,0x0000000080000686] -> 0x00B8
[422] [M]: 0x0000000080000684 (0x00B89893) slli a7, a7, 0xb
x17 <- 0x0002003EFFFF7800

mem[X,0x0000000080000688] -> 0x8893
mem[X,0x000000008000068A] -> 0x7C88
[423] [M]: 0x0000000080000688 (0x7C888893) addi a7, a7, 0x7c8
x17 <- 0x0002003EFFFF7FC8

mem[X,0x000000008000068C] -> 0x9893
mem[X,0x000000008000068E] -> 0x00A8
[424] [M]: 0x000000008000068C (0x00A89893) slli a7, a7, 0xa
x17 <- 0x0800FBFFFDFF2000

mem[X,0x0000000080000690] -> 0x09B7
mem[X,0x0000000080000692] -> 0xFE00
[425] [M]: 0x0000000080000690 (0xFE0009B7) lui s3, -0x2000
x19 <- 0xFFFFFFFFFE000000

mem[X,0x0000000080000694] -> 0x8993
mem[X,0x0000000080000696] -> 0xFF69
[426] [M]: 0x0000000080000694 (0xFF698993) addi s3, s3, -0xa
x19 <- 0xFFFFFFFFFDFFFFF6

mem[X,0x0000000080000698] -> 0x9993
mem[X,0x000000008000069A] -> 0x00B9
[427] [M]: 0x0000000080000698 (0x00B99993) slli s3, s3, 0xb
x19 <- 0xFFFFFFEFFFFFB000

mem[X,0x000000008000069C] -> 0x8993
mem[X,0x000000008000069E] -> 0x3FF9
[428] [M]: 0x000000008000069C (0x3FF98993) addi s3, s3, 0x3ff
x19 <- 0xFFFFFFEFFFFFB3FF

mem[X,0x00000000800006A0] -> 0x9993
mem[X,0x00000000800006A2] -> 0x00B9
[429] [M]: 0x00000000800006A0 (0x00B99993) slli s3, s3, 0xb
x19 <- 0xFFFF7FFFFD9FF800

mem[X,0x00000000800006A4] -> 0x8993
mem[X,0x00000000800006A6] -> 0x7C09
[430] [M]: 0x00000000800006A4 (0x7C098993) addi s3, s3, 0x7c0
x19 <- 0xFFFF7FFFFD9FFFC0

mem[X,0x00000000800006A8] -> 0x9993
mem[X,0x00000000800006AA] -> 0x00A9
[431] [M]: 0x00000000800006A8 (0x00A99993) slli s3, s3, 0xa
x19 <- 0xFDFFFFF67FFF0000

mem[X,0x00000000800006AC] -> 0x8993
mem[X,0x00000000800006AE] -> 0x1009
[432] [M]: 0x00000000800006AC (0x10098993) addi s3, s3, 0x100
x19 <- 0xFDFFFFF67FFF0100

mem[X,0x00000000800006B0] -> 0xF23B
mem[X,0x00000000800006B2] -> 0x9938
[433] [M]: 0x00000000800006B0 (0x9938F23B) pmhaccu.h tp, a7, s3
x4 <- 0x07EDFBD43EFD5575

mem[X,0x00000000800006B4] -> 0xB023
mem[X,0x00000000800006B6] -> 0x0241
[434] [M]: 0x00000000800006B4 (0x0241B023) sd tp, 0x20(gp)
mem[0x00000000800041A0] <- 0x07EDFBD43EFD5575

mem[X,0x00000000800006B8] -> 0x06B7
mem[X,0x00000000800006BA] -> 0xFFFB
[435] [M]: 0x00000000800006B8 (0xFFFB06B7) lui a3, -0x50
x13 <- 0xFFFFFFFFFFFB0000

mem[X,0x00000000800006BC] -> 0x8693
mem[X,0x00000000800006BE] -> 0xFEF6
[436] [M]: 0x00000000800006BC (0xFEF68693) addi a3, a3, -0x11
x13 <- 0xFFFFFFFFFFFAFFEF

mem[X,0x00000000800006C0] -> 0x9693
mem[X,0x00000000800006C2] -> 0x00B6
[437] [M]: 0x00000000800006C0 (0x00B69693) slli a3, a3, 0xb
x13 <- 0xFFFFFFFFD7FF7800

mem[X,0x00000000800006C4] -> 0x8693
mem[X,0x00000000800006C6] -> 0x7BF6
[438] [M]: 0x00000000800006C4 (0x7BF68693) addi a3, a3, 0x7bf
x13 <- 0xFFFFFFFFD7FF7FBF

mem[X,0x00000000800006C8] -> 0x9693
mem[X,0x00000000800006CA] -> 0x00B6
[439] [M]: 0x00000000800006C8 (0x00B69693) slli a3, a3, 0xb
x13 <- 0xFFFFFEBFFBFDF800

mem[X,0x00000000800006CC] -> 0x8693
mem[X,0x00000000800006CE] -> 0x7D06
[440] [M]: 0x00000000800006CC (0x7D068693) addi a3, a3, 0x7d0
x13 <- 0xFFFFFEBFFBFDFFD0

mem[X,0x00000000800006D0] -> 0x9693
mem[X,0x00000000800006D2] -> 0x00A6
[441] [M]: 0x00000000800006D0 (0x00A69693) slli a3, a3, 0xa
x13 <- 0xFFFAFFEFF7FF4000

mem[X,0x00000000800006D4] -> 0xB137
mem[X,0x00000000800006D6] -> 0x1000
[442] [M]: 0x00000000800006D4 (0x1000B137) lui sp, 0x1000b
x2 <- 0x000000001000B000

mem[X,0x00000000800006D8] -> 0x0113
mem[X,0x00000000800006DA] -> 0xAAA1
[443] [M]: 0x00000000800006D8 (0xAAA10113) addi sp, sp, -0x556
x2 <- 0x000000001000AAAA

mem[X,0x00000000800006DC] -> 0x1113
mem[X,0x00000000800006DE] -> 0x00B1
[444] [M]: 0x00000000800006DC (0x00B11113) slli sp, sp, 0xb
x2 <- 0x0000008005555000

mem[X,0x00000000800006E0] -> 0x0113
mem[X,0x00000000800006E2] -> 0x6001
[445] [M]: 0x00000000800006E0 (0x60010113) addi sp, sp, 0x600
x2 <- 0x0000008005555600

mem[X,0x00000000800006E4] -> 0x1113
mem[X,0x00000000800006E6] -> 0x00B1
[446] [M]: 0x00000000800006E4 (0x00B11113) slli sp, sp, 0xb
x2 <- 0x0004002AAAB00000

mem[X,0x00000000800006E8] -> 0x0113
mem[X,0x00000000800006EA] -> 0x03F1
[447] [M]: 0x00000000800006E8 (0x03F10113) addi sp, sp, 0x3f
x2 <- 0x0004002AAAB0003F

mem[X,0x00000000800006EC] -> 0x1113
mem[X,0x00000000800006EE] -> 0x00A1
[448] [M]: 0x00000000800006EC (0x00A11113) slli sp, sp, 0xa
x2 <- 0x1000AAAAC000FC00

mem[X,0x00000000800006F0] -> 0x0113
mem[X,0x00000000800006F2] -> 0x3F81
[449] [M]: 0x00000000800006F0 (0x3F810113) addi sp, sp, 0x3f8
x2 <- 0x1000AAAAC000FFF8

mem[X,0x00000000800006F4] -> 0xFBBB
mem[X,0x00000000800006F6] -> 0x9826
[450] [M]: 0x00000000800006F4 (0x9826FBBB) pmhaccu.h s7, a3, sp
x23 <- 0xCFFF5548BBFF40FE

mem[X,0x00000000800006F8] -> 0xB423
mem[X,0x00000000800006FA] -> 0x0371
[451] [M]: 0x00000000800006F8 (0x0371B423) sd s7, 0x28(gp)
mem[0x00000000800041A8] <- 0xCFFF5548BBFF40FE

mem[X,0x00000000800006FC] -> 0x0FB7
mem[X,0x00000000800006FE] -> 0xFFFC
[452] [M]: 0x00000000800006FC (0xFFFC0FB7) lui t6, -0x40
x31 <- 0xFFFFFFFFFFFC0000

mem[X,0x0000000080000700] -> 0x8F93
mem[X,0x0000000080000702] -> 0x040F
[453] [M]: 0x0000000080000700 (0x040F8F93) addi t6, t6, 0x40
x31 <- 0xFFFFFFFFFFFC0040

mem[X,0x0000000080000704] -> 0x9F93
mem[X,0x0000000080000706] -> 0x00BF
[454] [M]: 0x0000000080000704 (0x00BF9F93) slli t6, t6, 0xb
x31 <- 0xFFFFFFFFE0020000

mem[X,0x0000000080000708] -> 0x8F93
mem[X,0x000000008000070A] -> 0x7FFF
[455] [M]: 0x0000000080000708 (0x7FFF8F93) addi t6, t6, 0x7ff
x31 <- 0xFFFFFFFFE00207FF

mem[X,0x000000008000070C] -> 0x9F93
mem[X,0x000000008000070E] -> 0x00BF
[456] [M]: 0x000000008000070C (0x00BF9F93) slli t6, t6, 0xb
x31 <- 0xFFFFFF00103FF800

mem[X,0x0000000080000710] -> 0x8F93
mem[X,0x0000000080000712] -> 0x7FFF
[457] [M]: 0x0000000080000710 (0x7FFF8F93) addi t6, t6, 0x7ff
x31 <- 0xFFFFFF00103FFFFF

mem[X,0x0000000080000714] -> 0x9F93
mem[X,0x0000000080000716] -> 0x00AF
[458] [M]: 0x0000000080000714 (0x00AF9F93) slli t6, t6, 0xa
x31 <- 0xFFFC0040FFFFFC00

mem[X,0x0000000080000718] -> 0x8F93
mem[X,0x000000008000071A] -> 0x3FEF
[459] [M]: 0x0000000080000718 (0x3FEF8F93) addi t6, t6, 0x3fe
x31 <- 0xFFFC0040FFFFFFFE

mem[X,0x000000008000071C] -> 0x0437
mem[X,0x000000008000071E] -> 0xF7FF
[460] [M]: 0x000000008000071C (0xF7FF0437) lui fp, -0x8010
x8 <- 0xFFFFFFFFF7FF0000

mem[X,0x0000000080000720] -> 0x0413
mem[X,0x0000000080000722] -> 0x0094
[461] [M]: 0x0000000080000720 (0x00940413) addi fp, fp, 0x9
x8 <- 0xFFFFFFFFF7FF0009

mem[X,0x0000000080000724] -> 0x1413
mem[X,0x0000000080000726] -> 0x00B4
[462] [M]: 0x0000000080000724 (0x00B41413) slli fp, fp, 0xb
x8 <- 0xFFFFFFBFF8004800

mem[X,0x0000000080000728] -> 0x0413
mem[X,0x000000008000072A] -> 0x7FF4
[463] [M]: 0x0000000080000728 (0x7FF40413) addi fp, fp, 0x7ff
x8 <- 0xFFFFFFBFF8004FFF

mem[X,0x000000008000072C] -> 0x1413
mem[X,0x000000008000072E] -> 0x00B4
[464] [M]: 0x000000008000072C (0x00B41413) slli fp, fp, 0xb
x8 <- 0xFFFDFFC0027FF800

mem[X,0x0000000080000730] -> 0x0413
mem[X,0x0000000080000732] -> 0x7BF4
[465] [M]: 0x0000000080000730 (0x7BF40413) addi fp, fp, 0x7bf
x8 <- 0xFFFDFFC0027FFFBF

mem[X,0x0000000080000734] -> 0x1413
mem[X,0x0000000080000736] -> 0x00A4
[466] [M]: 0x0000000080000734 (0x00A41413) slli fp, fp, 0xa
x8 <- 0xF7FF0009FFFEFC00

mem[X,0x0000000080000738] -> 0x0413
mem[X,0x000000008000073A] -> 0x3FA4
[467] [M]: 0x0000000080000738 (0x3FA40413) addi fp, fp, 0x3fa
x8 <- 0xF7FF0009FFFEFFFA

mem[X,0x000000008000073C] -> 0xFF3B
mem[X,0x000000008000073E] -> 0x988F
[468] [M]: 0x000000008000073C (0x988FFF3B) pmhaccu.h t5, t6, fp
x30 <- 0xF8FBFFF9FFFA0038

mem[X,0x0000000080000740] -> 0xB823
mem[X,0x0000000080000742] -> 0x03E1
[469] [M]: 0x0000000080000740 (0x03E1B823) sd t5, 0x30(gp)
mem[0x00000000800041B0] <- 0xF8FBFFF9FFFA0038

mem[X,0x0000000080000744] -> 0x1BB7
mem[X,0x0000000080000746] -> 0x0008
[470] [M]: 0x0000000080000744 (0x00081BB7) lui s7, 0x81
x23 <- 0x0000000000081000

mem[X,0x0000000080000748] -> 0x8B93
mem[X,0x000000008000074A] -> 0x800B
[471] [M]: 0x0000000080000748 (0x800B8B93) addi s7, s7, -0x800
x23 <- 0x0000000000080800

mem[X,0x000000008000074C] -> 0x9B93
mem[X,0x000000008000074E] -> 0x00BB
[472] [M]: 0x000000008000074C (0x00BB9B93) slli s7, s7, 0xb
x23 <- 0x0000000040400000

mem[X,0x0000000080000750] -> 0x8B93
mem[X,0x0000000080000752] -> 0x2AAB
[473] [M]: 0x0000000080000750 (0x2AAB8B93) addi s7, s7, 0x2aa
x23 <- 0x00000000404002AA

mem[X,0x0000000080000754] -> 0x9B93
mem[X,0x0000000080000756] -> 0x00BB
[474] [M]: 0x0000000080000754 (0x00BB9B93) slli s7, s7, 0xb
x23 <- 0x0000020200155000

mem[X,0x0000000080000758] -> 0x8B93
mem[X,0x000000008000075A] -> 0x57FB
[475] [M]: 0x0000000080000758 (0x57FB8B93) addi s7, s7, 0x57f
x23 <- 0x000002020015557F

mem[X,0x000000008000075C] -> 0x9B93
mem[X,0x000000008000075E] -> 0x00AB
[476] [M]: 0x000000008000075C (0x00AB9B93) slli s7, s7, 0xa
x23 <- 0x000808005555FC00

mem[X,0x0000000080000760] -> 0x8B93
mem[X,0x0000000080000762] -> 0x3FDB
[477] [M]: 0x0000000080000760 (0x3FDB8B93) addi s7, s7, 0x3fd
x23 <- 0x000808005555FFFD

mem[X,0x0000000080000764] -> 0xC937
mem[X,0x0000000080000766] -> 0x0004
[478] [M]: 0x0000000080000764 (0x0004C937) lui s2, 0x4c
x18 <- 0x000000000004C000

mem[X,0x0000000080000768] -> 0x0913
mem[X,0x000000008000076A] -> 0x0009
[479] [M]: 0x0000000080000768 (0x00090913) addi s2, s2, 0x0
x18 <- 0x000000000004C000

mem[X,0x000000008000076C] -> 0x1913
mem[X,0x000000008000076E] -> 0x00B9
[480] [M]: 0x000000008000076C (0x00B91913) slli s2, s2, 0xb
x18 <- 0x0000000026000000

mem[X,0x0000000080000770] -> 0x0913
mem[X,0x0000000080000772] -> 0x1009
[481] [M]: 0x0000000080000770 (0x10090913) addi s2, s2, 0x100
x18 <- 0x0000000026000100

mem[X,0x0000000080000774] -> 0x1913
mem[X,0x0000000080000776] -> 0x00B9
[482] [M]: 0x0000000080000774 (0x00B91913) slli s2, s2, 0xb
x18 <- 0x0000013000080000

mem[X,0x0000000080000778] -> 0x0913
mem[X,0x000000008000077A] -> 0x03B9
[483] [M]: 0x0000000080000778 (0x03B90913) addi s2, s2, 0x3b
x18 <- 0x000001300008003B

mem[X,0x000000008000077C] -> 0x1913
mem[X,0x000000008000077E] -> 0x00A9
[484] [M]: 0x000000008000077C (0x00A91913) slli s2, s2, 0xa
x18 <- 0x0004C0002000EC00

mem[X,0x0000000080000780] -> 0x0913
mem[X,0x0000000080000782] -> 0x3FF9
[485] [M]: 0x0000000080000780 (0x3FF90913) addi s2, s2, 0x3ff
x18 <- 0x0004C0002000EFFF

mem[X,0x0000000080000784] -> 0xFFBB
mem[X,0x0000000080000786] -> 0x992B
[486] [M]: 0x0000000080000784 (0x992BFFBB) pmhaccu.h t6, s7, s2
x31 <- 0xFFFC06400AA9EFFA

mem[X,0x0000000080000788] -> 0xBC23
mem[X,0x000000008000078A] -> 0x03F1
[487] [M]: 0x0000000080000788 (0x03F1BC23) sd t6, 0x38(gp)
mem[0x00000000800041B8] <- 0xFFFC06400AA9EFFA

mem[X,0x000000008000078C] -> 0x0C37
mem[X,0x000000008000078E] -> 0xFFFC
[488] [M]: 0x000000008000078C (0xFFFC0C37) lui s8, -0x40
x24 <- 0xFFFFFFFFFFFC0000

mem[X,0x0000000080000790] -> 0x0C13
mem[X,0x0000000080000792] -> 0x080C
[489] [M]: 0x0000000080000790 (0x080C0C13) addi s8, s8, 0x80
x24 <- 0xFFFFFFFFFFFC0080

mem[X,0x0000000080000794] -> 0x1C13
mem[X,0x0000000080000796] -> 0x00BC
[490] [M]: 0x0000000080000794 (0x00BC1C13) slli s8, s8, 0xb
x24 <- 0xFFFFFFFFE0040000

mem[X,0x0000000080000798] -> 0x0C13
mem[X,0x000000008000079A] -> 0x7FBC
[491] [M]: 0x0000000080000798 (0x7FBC0C13) addi s8, s8, 0x7fb
x24 <- 0xFFFFFFFFE00407FB

mem[X,0x000000008000079C] -> 0x1C13
mem[X,0x000000008000079E] -> 0x00BC
[492] [M]: 0x000000008000079C (0x00BC1C13) slli s8, s8, 0xb
x24 <- 0xFFFFFF00203FD800

mem[X,0x00000000800007A0] -> 0x0C13
mem[X,0x00000000800007A2] -> 0x7FFC
[493] [M]: 0x00000000800007A0 (0x7FFC0C13) addi s8, s8, 0x7ff
x24 <- 0xFFFFFF00203FDFFF

mem[X,0x00000000800007A4] -> 0x1C13
mem[X,0x00000000800007A6] -> 0x00AC
[494] [M]: 0x00000000800007A4 (0x00AC1C13) slli s8, s8, 0xa
x24 <- 0xFFFC0080FF7FFC00

mem[X,0x00000000800007A8] -> 0x0C13
mem[X,0x00000000800007AA] -> 0x3FBC
[495] [M]: 0x00000000800007A8 (0x3FBC0C13) addi s8, s8, 0x3fb
x24 <- 0xFFFC0080FF7FFFFB

mem[X,0x00000000800007AC] -> 0xE8B7
mem[X,0x00000000800007AE] -> 0x7FFF
[496] [M]: 0x00000000800007AC (0x7FFFE8B7) lui a7, 0x7fffe
x17 <- 0x000000007FFFE000

mem[X,0x00000000800007B0] -> 0x8893
mem[X,0x00000000800007B2] -> 0xFFF8
[497] [M]: 0x00000000800007B0 (0xFFF88893) addi a7, a7, -0x1
x17 <- 0x000000007FFFDFFF

mem[X,0x00000000800007B4] -> 0x9893
mem[X,0x00000000800007B6] -> 0x00B8
[498] [M]: 0x00000000800007B4 (0x00B89893) slli a7, a7, 0xb
x17 <- 0x000003FFFEFFF800

mem[X,0x00000000800007B8] -> 0x8893
mem[X,0x00000000800007BA] -> 0x0008
[499] [M]: 0x00000000800007B8 (0x00088893) addi a7, a7, 0x0
x17 <- 0x000003FFFEFFF800

clint::tick mtime <- 0x0000000000000005
 clint timer pending at mtime 0x0000000000000005
htif::tick 0x0000000000000000
mem[X,0x00000000800007BC] -> 0x9893
mem[X,0x00000000800007BE] -> 0x00B8
[500] [M]: 0x00000000800007BC (0x00B89893) slli a7, a7, 0xb
x17 <- 0x001FFFF7FFC00000

mem[X,0x00000000800007C0] -> 0x8893
mem[X,0x00000000800007C2] -> 0x1008
[501] [M]: 0x00000000800007C0 (0x10088893) addi a7, a7, 0x100
x17 <- 0x001FFFF7FFC00100

mem[X,0x00000000800007C4] -> 0x9893
mem[X,0x00000000800007C6] -> 0x00A8
[502] [M]: 0x00000000800007C4 (0x00A89893) slli a7, a7, 0xa
x17 <- 0x7FFFDFFF00040000

mem[X,0x00000000800007C8] -> 0x8893
mem[X,0x00000000800007CA] -> 0x0038
[503] [M]: 0x00000000800007C8 (0x00388893) addi a7, a7, 0x3
x17 <- 0x7FFFDFFF00040003

mem[X,0x00000000800007CC] -> 0x70BB
mem[X,0x00000000800007CE] -> 0x991C
[504] [M]: 0x00000000800007CC (0x991C70BB) pmhaccu.h ra, s8, a7
x1 <- 0x87FDFF6EFFFB0001

mem[X,0x00000000800007D0] -> 0xB023
mem[X,0x00000000800007D2] -> 0x0411
[505] [M]: 0x00000000800007D0 (0x0411B023) sd ra, 0x40(gp)
mem[0x00000000800041C0] <- 0x87FDFF6EFFFB0001

mem[X,0x00000000800007D4] -> 0x0337
mem[X,0x00000000800007D6] -> 0x0800
[506] [M]: 0x00000000800007D4 (0x08000337) lui t1, 0x8000
x6 <- 0x0000000008000000

mem[X,0x00000000800007D8] -> 0x0313
mem[X,0x00000000800007DA] -> 0x0023
[507] [M]: 0x00000000800007D8 (0x00230313) addi t1, t1, 0x2
x6 <- 0x0000000008000002

mem[X,0x00000000800007DC] -> 0x1313
mem[X,0x00000000800007DE] -> 0x00B3
[508] [M]: 0x00000000800007DC (0x00B31313) slli t1, t1, 0xb
x6 <- 0x0000004000001000

mem[X,0x00000000800007E0] -> 0x0313
mem[X,0x00000000800007E2] -> 0x0003
[509] [M]: 0x00000000800007E0 (0x00030313) addi t1, t1, 0x0
x6 <- 0x0000004000001000

mem[X,0x00000000800007E4] -> 0x1313
mem[X,0x00000000800007E6] -> 0x00B3
[510] [M]: 0x00000000800007E4 (0x00B31313) slli t1, t1, 0xb
x6 <- 0x0002000000800000

mem[X,0x00000000800007E8] -> 0x0313
mem[X,0x00000000800007EA] -> 0x07F3
[511] [M]: 0x00000000800007E8 (0x07F30313) addi t1, t1, 0x7f
x6 <- 0x000200000080007F

mem[X,0x00000000800007EC] -> 0x1313
mem[X,0x00000000800007EE] -> 0x00A3
[512] [M]: 0x00000000800007EC (0x00A31313) slli t1, t1, 0xa
x6 <- 0x080000020001FC00

mem[X,0x00000000800007F0] -> 0x0313
mem[X,0x00000000800007F2] -> 0x3F73
[513] [M]: 0x00000000800007F0 (0x3F730313) addi t1, t1, 0x3f7
x6 <- 0x080000020001FFF7

mem[X,0x00000000800007F4] -> 0x02B7
mem[X,0x00000000800007F6] -> 0x0081
[514] [M]: 0x00000000800007F4 (0x008102B7) lui t0, 0x810
x5 <- 0x0000000000810000

mem[X,0x00000000800007F8] -> 0x8293
mem[X,0x00000000800007FA] -> 0xFFB2
[515] [M]: 0x00000000800007F8 (0xFFB28293) addi t0, t0, -0x5
x5 <- 0x000000000080FFFB

mem[X,0x00000000800007FC] -> 0x9293
mem[X,0x00000000800007FE] -> 0x00B2
[516] [M]: 0x00000000800007FC (0x00B29293) slli t0, t0, 0xb
x5 <- 0x0000000407FFD800

mem[X,0x0000000080000800] -> 0x8293
mem[X,0x0000000080000802] -> 0x7FF2
[517] [M]: 0x0000000080000800 (0x7FF28293) addi t0, t0, 0x7ff
x5 <- 0x0000000407FFDFFF

mem[X,0x0000000080000804] -> 0x9293
mem[X,0x0000000080000806] -> 0x00B2
[518] [M]: 0x0000000080000804 (0x00B29293) slli t0, t0, 0xb
x5 <- 0x0000203FFEFFF800

mem[X,0x0000000080000808] -> 0x8293
mem[X,0x000000008000080A] -> 0x6002
[519] [M]: 0x0000000080000808 (0x60028293) addi t0, t0, 0x600
x5 <- 0x0000203FFEFFFE00

mem[X,0x000000008000080C] -> 0x9293
mem[X,0x000000008000080E] -> 0x00A2
[520] [M]: 0x000000008000080C (0x00A29293) slli t0, t0, 0xa
x5 <- 0x0080FFFBFFF80000

mem[X,0x0000000080000810] -> 0x8293
mem[X,0x0000000080000812] -> 0x1002
[521] [M]: 0x0000000080000810 (0x10028293) addi t0, t0, 0x100
x5 <- 0x0080FFFBFFF80100

mem[X,0x0000000080000814] -> 0x7ABB
mem[X,0x0000000080000816] -> 0x9853
[522] [M]: 0x0000000080000814 (0x98537ABB) pmhaccu.h s5, t1, t0
x21 <- 0x000400010FAB80BA

mem[X,0x0000000080000818] -> 0xB423
mem[X,0x000000008000081A] -> 0x0551
[523] [M]: 0x0000000080000818 (0x0551B423) sd s5, 0x48(gp)
mem[0x00000000800041C8] <- 0x000400010FAB80BA

mem[X,0x000000008000081C] -> 0x0AB7
mem[X,0x000000008000081E] -> 0xFFFF
[524] [M]: 0x000000008000081C (0xFFFF0AB7) lui s5, -0x10
x21 <- 0xFFFFFFFFFFFF0000

mem[X,0x0000000080000820] -> 0x8A93
mem[X,0x0000000080000822] -> 0xFDFA
[525] [M]: 0x0000000080000820 (0xFDFA8A93) addi s5, s5, -0x21
x21 <- 0xFFFFFFFFFFFEFFDF

mem[X,0x0000000080000824] -> 0x9A93
mem[X,0x0000000080000826] -> 0x00BA
[526] [M]: 0x0000000080000824 (0x00BA9A93) slli s5, s5, 0xb
x21 <- 0xFFFFFFFFF7FEF800

mem[X,0x0000000080000828] -> 0x8A93
mem[X,0x000000008000082A] -> 0x000A
[527] [M]: 0x0000000080000828 (0x000A8A93) addi s5, s5, 0x0
x21 <- 0xFFFFFFFFF7FEF800

mem[X,0x000000008000082C] -> 0x9A93
mem[X,0x000000008000082E] -> 0x00BA
[528] [M]: 0x000000008000082C (0x00BA9A93) slli s5, s5, 0xb
x21 <- 0xFFFFFFBFF7C00000

mem[X,0x0000000080000830] -> 0x8A93
mem[X,0x0000000080000832] -> 0x43FA
[529] [M]: 0x0000000080000830 (0x43FA8A93) addi s5, s5, 0x43f
x21 <- 0xFFFFFFBFF7C0043F

mem[X,0x0000000080000834] -> 0x9A93
mem[X,0x0000000080000836] -> 0x00AA
[530] [M]: 0x0000000080000834 (0x00AA9A93) slli s5, s5, 0xa
x21 <- 0xFFFEFFDF0010FC00

mem[X,0x0000000080000838] -> 0x8A93
mem[X,0x000000008000083A] -> 0x3EFA
[531] [M]: 0x0000000080000838 (0x3EFA8A93) addi s5, s5, 0x3ef
x21 <- 0xFFFEFFDF0010FFEF

mem[X,0x000000008000083C] -> 0x0E37
mem[X,0x000000008000083E] -> 0xFF80
[532] [M]: 0x000000008000083C (0xFF800E37) lui t3, -0x800
x28 <- 0xFFFFFFFFFF800000

mem[X,0x0000000080000840] -> 0x0E13
mem[X,0x0000000080000842] -> 0xFFEE
[533] [M]: 0x0000000080000840 (0xFFEE0E13) addi t3, t3, -0x2
x28 <- 0xFFFFFFFFFF7FFFFE

mem[X,0x0000000080000844] -> 0x1E13
mem[X,0x0000000080000846] -> 0x00BE
[534] [M]: 0x0000000080000844 (0x00BE1E13) slli t3, t3, 0xb
x28 <- 0xFFFFFFFBFFFFF000

mem[X,0x0000000080000848] -> 0x0E13
mem[X,0x000000008000084A] -> 0x7FFE
[535] [M]: 0x0000000080000848 (0x7FFE0E13) addi t3, t3, 0x7ff
x28 <- 0xFFFFFFFBFFFFF7FF

mem[X,0x000000008000084C] -> 0x1E13
mem[X,0x000000008000084E] -> 0x00BE
[536] [M]: 0x000000008000084C (0x00BE1E13) slli t3, t3, 0xb
x28 <- 0xFFFFDFFFFFBFF800

mem[X,0x0000000080000850] -> 0x0E13
mem[X,0x0000000080000852] -> 0x5F7E
[537] [M]: 0x0000000080000850 (0x5F7E0E13) addi t3, t3, 0x5f7
x28 <- 0xFFFFDFFFFFBFFDF7

mem[X,0x0000000080000854] -> 0x1E13
mem[X,0x0000000080000856] -> 0x00AE
[538] [M]: 0x0000000080000854 (0x00AE1E13) slli t3, t3, 0xa
x28 <- 0xFF7FFFFEFFF7DC00

mem[X,0x0000000080000858] -> 0x0E13
mem[X,0x000000008000085A] -> 0x3FFE
[539] [M]: 0x0000000080000858 (0x3FFE0E13) addi t3, t3, 0x3ff
x28 <- 0xFF7FFFFEFFF7DFFF

mem[X,0x000000008000085C] -> 0xFEBB
mem[X,0x000000008000085E] -> 0x99CA
[540] [M]: 0x000000008000085C (0x99CAFEBB) pmhaccu.h t4, s5, t3
x29 <- 0xDF7CFF5C00181FF0

mem[X,0x0000000080000860] -> 0xB823
mem[X,0x0000000080000862] -> 0x05D1
[541] [M]: 0x0000000080000860 (0x05D1B823) sd t4, 0x50(gp)
mem[0x00000000800041D0] <- 0xDF7CFF5C00181FF0

mem[X,0x0000000080000864] -> 0x0537
mem[X,0x0000000080000866] -> 0x0401
[542] [M]: 0x0000000080000864 (0x04010537) lui a0, 0x4010
x10 <- 0x0000000004010000

mem[X,0x0000000080000868] -> 0x0513
mem[X,0x000000008000086A] -> 0xFFB5
[543] [M]: 0x0000000080000868 (0xFFB50513) addi a0, a0, -0x5
x10 <- 0x000000000400FFFB

mem[X,0x000000008000086C] -> 0x1513
mem[X,0x000000008000086E] -> 0x00B5
[544] [M]: 0x000000008000086C (0x00B51513) slli a0, a0, 0xb
x10 <- 0x0000002007FFD800

mem[X,0x0000000080000870] -> 0x0513
mem[X,0x0000000080000872] -> 0x7FF5
[545] [M]: 0x0000000080000870 (0x7FF50513) addi a0, a0, 0x7ff
x10 <- 0x0000002007FFDFFF

mem[X,0x0000000080000874] -> 0x1513
mem[X,0x0000000080000876] -> 0x00B5
[546] [M]: 0x0000000080000874 (0x00B51513) slli a0, a0, 0xb
x10 <- 0x0001003FFEFFF800

mem[X,0x0000000080000878] -> 0x0513
mem[X,0x000000008000087A] -> 0x73F5
[547] [M]: 0x0000000080000878 (0x73F50513) addi a0, a0, 0x73f
x10 <- 0x0001003FFEFFFF3F

mem[X,0x000000008000087C] -> 0x1513
mem[X,0x000000008000087E] -> 0x00A5
[548] [M]: 0x000000008000087C (0x00A51513) slli a0, a0, 0xa
x10 <- 0x0400FFFBFFFCFC00

mem[X,0x0000000080000880] -> 0x0513
mem[X,0x0000000080000882] -> 0x3DF5
[549] [M]: 0x0000000080000880 (0x3DF50513) addi a0, a0, 0x3df
x10 <- 0x0400FFFBFFFCFFDF

mem[X,0x0000000080000884] -> 0x0D37
mem[X,0x0000000080000886] -> 0xFFFE
[550] [M]: 0x0000000080000884 (0xFFFE0D37) lui s10, -0x20
x26 <- 0xFFFFFFFFFFFE0000

mem[X,0x0000000080000888] -> 0x0D13
mem[X,0x000000008000088A] -> 0x002D
[551] [M]: 0x0000000080000888 (0x002D0D13) addi s10, s10, 0x2
x26 <- 0xFFFFFFFFFFFE0002

mem[X,0x000000008000088C] -> 0x1D13
mem[X,0x000000008000088E] -> 0x00BD
[552] [M]: 0x000000008000088C (0x00BD1D13) slli s10, s10, 0xb
x26 <- 0xFFFFFFFFF0001000

mem[X,0x0000000080000890] -> 0x0D13
mem[X,0x0000000080000892] -> 0x001D
[553] [M]: 0x0000000080000890 (0x001D0D13) addi s10, s10, 0x1
x26 <- 0xFFFFFFFFF0001001

mem[X,0x0000000080000894] -> 0x1D13
mem[X,0x0000000080000896] -> 0x00BD
[554] [M]: 0x0000000080000894 (0x00BD1D13) slli s10, s10, 0xb
x26 <- 0xFFFFFF8000800800

mem[X,0x0000000080000898] -> 0x0D13
mem[X,0x000000008000089A] -> 0x03DD
[555] [M]: 0x0000000080000898 (0x03DD0D13) addi s10, s10, 0x3d
x26 <- 0xFFFFFF800080083D

mem[X,0x000000008000089C] -> 0x1D13
mem[X,0x000000008000089E] -> 0x00AD
[556] [M]: 0x000000008000089C (0x00AD1D13) slli s10, s10, 0xa
x26 <- 0xFFFE00020020F400

mem[X,0x00000000800008A0] -> 0x0D13
mem[X,0x00000000800008A2] -> 0x3FFD
[557] [M]: 0x00000000800008A0 (0x3FFD0D13) addi s10, s10, 0x3ff
x26 <- 0xFFFE00020020F7FF

mem[X,0x00000000800008A4] -> 0x733B
mem[X,0x00000000800008A6] -> 0x99A5
[558] [M]: 0x00000000800008A4 (0x99A5733B) pmhaccu.h t1, a0, s10
x6 <- 0x0BFF00030020F7D6

mem[X,0x00000000800008A8] -> 0xBC23
mem[X,0x00000000800008AA] -> 0x0461
[559] [M]: 0x00000000800008A8 (0x0461BC23) sd t1, 0x58(gp)
mem[0x00000000800041D8] <- 0x0BFF00030020F7D6

mem[X,0x00000000800008AC] -> 0x0837
mem[X,0x00000000800008AE] -> 0x0100
[560] [M]: 0x00000000800008AC (0x01000837) lui a6, 0x1000
x16 <- 0x0000000001000000

mem[X,0x00000000800008B0] -> 0x0813
mem[X,0x00000000800008B2] -> 0x0018
[561] [M]: 0x00000000800008B0 (0x00180813) addi a6, a6, 0x1
x16 <- 0x0000000001000001

mem[X,0x00000000800008B4] -> 0x1813
mem[X,0x00000000800008B6] -> 0x00B8
[562] [M]: 0x00000000800008B4 (0x00B81813) slli a6, a6, 0xb
x16 <- 0x0000000800000800

mem[X,0x00000000800008B8] -> 0x0813
mem[X,0x00000000800008BA] -> 0x0008
[563] [M]: 0x00000000800008B8 (0x00080813) addi a6, a6, 0x0
x16 <- 0x0000000800000800

mem[X,0x00000000800008BC] -> 0x1813
mem[X,0x00000000800008BE] -> 0x00B8
[564] [M]: 0x00000000800008BC (0x00B81813) slli a6, a6, 0xb
x16 <- 0x0000400000400000

mem[X,0x00000000800008C0] -> 0x0813
mem[X,0x00000000800008C2] -> 0x13F8
[565] [M]: 0x00000000800008C0 (0x13F80813) addi a6, a6, 0x13f
x16 <- 0x000040000040013F

mem[X,0x00000000800008C4] -> 0x1813
mem[X,0x00000000800008C6] -> 0x00A8
[566] [M]: 0x00000000800008C4 (0x00A81813) slli a6, a6, 0xa
x16 <- 0x010000010004FC00

mem[X,0x00000000800008C8] -> 0x0813
mem[X,0x00000000800008CA] -> 0x3BF8
[567] [M]: 0x00000000800008C8 (0x3BF80813) addi a6, a6, 0x3bf
x16 <- 0x010000010004FFBF

mem[X,0x00000000800008CC] -> 0xC037
mem[X,0x00000000800008CE] -> 0xFFF7
[568] [M]: 0x00000000800008CC (0xFFF7C037) lui zero, -0x84

mem[X,0x00000000800008D0] -> 0x0013
mem[X,0x00000000800008D2] -> 0x0000
[569] [M]: 0x00000000800008D0 (0x00000013) addi zero, zero, 0x0

mem[X,0x00000000800008D4] -> 0x1013
mem[X,0x00000000800008D6] -> 0x00B0
[570] [M]: 0x00000000800008D4 (0x00B01013) slli zero, zero, 0xb

mem[X,0x00000000800008D8] -> 0x0013
mem[X,0x00000000800008DA] -> 0x5FF0
[571] [M]: 0x00000000800008D8 (0x5FF00013) addi zero, zero, 0x5ff

mem[X,0x00000000800008DC] -> 0x1013
mem[X,0x00000000800008DE] -> 0x00B0
[572] [M]: 0x00000000800008DC (0x00B01013) slli zero, zero, 0xb

mem[X,0x00000000800008E0] -> 0x0013
mem[X,0x00000000800008E2] -> 0x7FF0
[573] [M]: 0x00000000800008E0 (0x7FF00013) addi zero, zero, 0x7ff

mem[X,0x00000000800008E4] -> 0x1013
mem[X,0x00000000800008E6] -> 0x00A0
[574] [M]: 0x00000000800008E4 (0x00A01013) slli zero, zero, 0xa

mem[X,0x00000000800008E8] -> 0x0013
mem[X,0x00000000800008EA] -> 0x1FF0
[575] [M]: 0x00000000800008E8 (0x1FF00013) addi zero, zero, 0x1ff

mem[X,0x00000000800008EC] -> 0x7D3B
mem[X,0x00000000800008EE] -> 0x9808
[576] [M]: 0x00000000800008EC (0x98087D3B) pmhaccu.h s10, a6, zero
x26 <- 0xFFFE00020020F7FF

mem[X,0x00000000800008F0] -> 0xB023
mem[X,0x00000000800008F2] -> 0x07A1
[577] [M]: 0x00000000800008F0 (0x07A1B023) sd s10, 0x60(gp)
mem[0x00000000800041E0] <- 0xFFFE00020020F7FF

mem[X,0x00000000800008F4] -> 0x0013
mem[X,0x00000000800008F6] -> 0x0000
[578] [M]: 0x00000000800008F4 (0x00000013) addi zero, zero, 0x0

mem[X,0x00000000800008F8] -> 0x0013
mem[X,0x00000000800008FA] -> 0x0000
[579] [M]: 0x00000000800008F8 (0x00000013) addi zero, zero, 0x0

mem[X,0x00000000800008FC] -> 0x0013
mem[X,0x00000000800008FE] -> 0x0000
[580] [M]: 0x00000000800008FC (0x00000013) addi zero, zero, 0x0

mem[X,0x0000000080000900] -> 0x4097
mem[X,0x0000000080000902] -> 0x0000
[581] [M]: 0x0000000080000900 (0x00004097) auipc ra, 0x4
x1 <- 0x0000000080004900

mem[X,0x0000000080000904] -> 0x8093
mem[X,0x0000000080000906] -> 0x8E80
[582] [M]: 0x0000000080000904 (0x8E808093) addi ra, ra, -0x718
x1 <- 0x00000000800041E8

mem[X,0x0000000080000908] -> 0x0013
mem[X,0x000000008000090A] -> 0x0000
[583] [M]: 0x0000000080000908 (0x00000013) addi zero, zero, 0x0

mem[X,0x000000008000090C] -> 0x0013
mem[X,0x000000008000090E] -> 0x0000
[584] [M]: 0x000000008000090C (0x00000013) addi zero, zero, 0x0

mem[X,0x0000000080000910] -> 0x0013
mem[X,0x0000000080000912] -> 0x0000
[585] [M]: 0x0000000080000910 (0x00000013) addi zero, zero, 0x0

mem[X,0x0000000080000914] -> 0x0013
mem[X,0x0000000080000916] -> 0x0000
[586] [M]: 0x0000000080000914 (0x00000013) addi zero, zero, 0x0

mem[X,0x0000000080000918] -> 0x0013
mem[X,0x000000008000091A] -> 0x0000
[587] [M]: 0x0000000080000918 (0x00000013) addi zero, zero, 0x0

mem[X,0x000000008000091C] -> 0x0013
mem[X,0x000000008000091E] -> 0x0000
[588] [M]: 0x000000008000091C (0x00000013) addi zero, zero, 0x0

mem[X,0x0000000080000920] -> 0x07B7
mem[X,0x0000000080000922] -> 0x0100
[589] [M]: 0x0000000080000920 (0x010007B7) lui a5, 0x1000
x15 <- 0x0000000001000000

mem[X,0x0000000080000924] -> 0x8793
mem[X,0x0000000080000926] -> 0x4007
[590] [M]: 0x0000000080000924 (0x40078793) addi a5, a5, 0x400
x15 <- 0x0000000001000400

mem[X,0x0000000080000928] -> 0x9793
mem[X,0x000000008000092A] -> 0x00B7
[591] [M]: 0x0000000080000928 (0x00B79793) slli a5, a5, 0xb
x15 <- 0x0000000800200000

mem[X,0x000000008000092C] -> 0x8793
mem[X,0x000000008000092E] -> 0x7FF7
[592] [M]: 0x000000008000092C (0x7FF78793) addi a5, a5, 0x7ff
x15 <- 0x00000008002007FF

mem[X,0x0000000080000930] -> 0x9793
mem[X,0x0000000080000932] -> 0x00B7
[593] [M]: 0x0000000080000930 (0x00B79793) slli a5, a5, 0xb
x15 <- 0x00004001003FF800

mem[X,0x0000000080000934] -> 0x8793
mem[X,0x0000000080000936] -> 0x63F7
[594] [M]: 0x0000000080000934 (0x63F78793) addi a5, a5, 0x63f
x15 <- 0x00004001003FFE3F

mem[X,0x0000000080000938] -> 0x9793
mem[X,0x000000008000093A] -> 0x00A7
[595] [M]: 0x0000000080000938 (0x00A79793) slli a5, a5, 0xa
x15 <- 0x01000400FFF8FC00

mem[X,0x000000008000093C] -> 0x8793
mem[X,0x000000008000093E] -> 0x37F7
[596] [M]: 0x000000008000093C (0x37F78793) addi a5, a5, 0x37f
x15 <- 0x01000400FFF8FF7F

mem[X,0x0000000080000940] -> 0x06B7
mem[X,0x0000000080000942] -> 0x0001
[597] [M]: 0x0000000080000940 (0x000106B7) lui a3, 0x10
x13 <- 0x0000000000010000

mem[X,0x0000000080000944] -> 0x8693
mem[X,0x0000000080000946] -> 0xFF86
[598] [M]: 0x0000000080000944 (0xFF868693) addi a3, a3, -0x8
x13 <- 0x000000000000FFF8

mem[X,0x0000000080000948] -> 0x9693
mem[X,0x000000008000094A] -> 0x00B6
[599] [M]: 0x0000000080000948 (0x00B69693) slli a3, a3, 0xb
x13 <- 0x0000000007FFC000

clint::tick mtime <- 0x0000000000000006
 clint timer pending at mtime 0x0000000000000006
htif::tick 0x0000000000000000
mem[X,0x000000008000094C] -> 0x8693
mem[X,0x000000008000094E] -> 0x7FF6
[600] [M]: 0x000000008000094C (0x7FF68693) addi a3, a3, 0x7ff
x13 <- 0x0000000007FFC7FF

mem[X,0x0000000080000950] -> 0x9693
mem[X,0x0000000080000952] -> 0x00B6
[601] [M]: 0x0000000080000950 (0x00B69693) slli a3, a3, 0xb
x13 <- 0x0000003FFE3FF800

mem[X,0x0000000080000954] -> 0x8693
mem[X,0x0000000080000956] -> 0x3FF6
[602] [M]: 0x0000000080000954 (0x3FF68693) addi a3, a3, 0x3ff
x13 <- 0x0000003FFE3FFBFF

mem[X,0x0000000080000958] -> 0x9693
mem[X,0x000000008000095A] -> 0x00A6
[603] [M]: 0x0000000080000958 (0x00A69693) slli a3, a3, 0xa
x13 <- 0x0000FFF8FFEFFC00

mem[X,0x000000008000095C] -> 0x8693
mem[X,0x000000008000095E] -> 0x3FF6
[604] [M]: 0x000000008000095C (0x3FF68693) addi a3, a3, 0x3ff
x13 <- 0x0000FFF8FFEFFFFF

mem[X,0x0000000080000960] -> 0xF4BB
mem[X,0x0000000080000962] -> 0x98D7
[605] [M]: 0x0000000080000960 (0x98D7F4BB) pmhaccu.h s1, a5, a3
x9 <- 0x800013FF3FE7FF85

mem[X,0x0000000080000964] -> 0xB023
mem[X,0x0000000080000966] -> 0x0090
[606] [M]: 0x0000000080000964 (0x0090B023) sd s1, 0x0(ra)
mem[0x00000000800041E8] <- 0x800013FF3FE7FF85

mem[X,0x0000000080000968] -> 0x0737
mem[X,0x000000008000096A] -> 0x0020
[607] [M]: 0x0000000080000968 (0x00200737) lui a4, 0x200
x14 <- 0x0000000000200000

mem[X,0x000000008000096C] -> 0x0713
mem[X,0x000000008000096E] -> 0x4007
[608] [M]: 0x000000008000096C (0x40070713) addi a4, a4, 0x400
x14 <- 0x0000000000200400

mem[X,0x0000000080000970] -> 0x1713
mem[X,0x0000000080000972] -> 0x00B7
[609] [M]: 0x0000000080000970 (0x00B71713) slli a4, a4, 0xb
x14 <- 0x0000000100200000

mem[X,0x0000000080000974] -> 0x0713
mem[X,0x0000000080000976] -> 0x7F77
[610] [M]: 0x0000000080000974 (0x7F770713) addi a4, a4, 0x7f7
x14 <- 0x00000001002007F7

mem[X,0x0000000080000978] -> 0x1713
mem[X,0x000000008000097A] -> 0x00B7
[611] [M]: 0x0000000080000978 (0x00B71713) slli a4, a4, 0xb
x14 <- 0x00000801003FB800

mem[X,0x000000008000097C] -> 0x0713
mem[X,0x000000008000097E] -> 0x7FF7
[612] [M]: 0x000000008000097C (0x7FF70713) addi a4, a4, 0x7ff
x14 <- 0x00000801003FBFFF

mem[X,0x0000000080000980] -> 0x1713
mem[X,0x0000000080000982] -> 0x00A7
[613] [M]: 0x0000000080000980 (0x00A71713) slli a4, a4, 0xa
x14 <- 0x00200400FEFFFC00

mem[X,0x0000000080000984] -> 0x0713
mem[X,0x0000000080000986] -> 0x2FF7
[614] [M]: 0x0000000080000984 (0x2FF70713) addi a4, a4, 0x2ff
x14 <- 0x00200400FEFFFEFF

mem[X,0x0000000080000988] -> 0x0F37
mem[X,0x000000008000098A] -> 0xFFFC
[615] [M]: 0x0000000080000988 (0xFFFC0F37) lui t5, -0x40
x30 <- 0xFFFFFFFFFFFC0000

mem[X,0x000000008000098C] -> 0x0F13
mem[X,0x000000008000098E] -> 0x001F
[616] [M]: 0x000000008000098C (0x001F0F13) addi t5, t5, 0x1
x30 <- 0xFFFFFFFFFFFC0001

mem[X,0x0000000080000990] -> 0x1F13
mem[X,0x0000000080000992] -> 0x00BF
[617] [M]: 0x0000000080000990 (0x00BF1F13) slli t5, t5, 0xb
x30 <- 0xFFFFFFFFE0000800

mem[X,0x0000000080000994] -> 0x0F13
mem[X,0x0000000080000996] -> 0x080F
[618] [M]: 0x0000000080000994 (0x080F0F13) addi t5, t5, 0x80
x30 <- 0xFFFFFFFFE0000880

mem[X,0x0000000080000998] -> 0x1F13
mem[X,0x000000008000099A] -> 0x00BF
[619] [M]: 0x0000000080000998 (0x00BF1F13) slli t5, t5, 0xb
x30 <- 0xFFFFFF0000440000

mem[X,0x000000008000099C] -> 0x0F13
mem[X,0x000000008000099E] -> 0x000F
[620] [M]: 0x000000008000099C (0x000F0F13) addi t5, t5, 0x0
x30 <- 0xFFFFFF0000440000

mem[X,0x00000000800009A0] -> 0x1F13
mem[X,0x00000000800009A2] -> 0x00AF
[621] [M]: 0x00000000800009A0 (0x00AF1F13) slli t5, t5, 0xa
x30 <- 0xFFFC000110000000

mem[X,0x00000000800009A4] -> 0x7E3B
mem[X,0x00000000800009A6] -> 0x99E7
[622] [M]: 0x00000000800009A4 (0x99E77E3B) pmhaccu.h t3, a4, t5
x28 <- 0xFF9EFFFE0FE6DFFF

mem[X,0x00000000800009A8] -> 0xB423
mem[X,0x00000000800009AA] -> 0x01C0
[623] [M]: 0x00000000800009A8 (0x01C0B423) sd t3, 0x8(ra)
mem[0x00000000800041F0] <- 0xFF9EFFFE0FE6DFFF

mem[X,0x00000000800009AC] -> 0x0DB7
mem[X,0x00000000800009AE] -> 0xFFFA
[624] [M]: 0x00000000800009AC (0xFFFA0DB7) lui s11, -0x60
x27 <- 0xFFFFFFFFFFFA0000

mem[X,0x00000000800009B0] -> 0x8D93
mem[X,0x00000000800009B2] -> 0x100D
[625] [M]: 0x00000000800009B0 (0x100D8D93) addi s11, s11, 0x100
x27 <- 0xFFFFFFFFFFFA0100

mem[X,0x00000000800009B4] -> 0x9D93
mem[X,0x00000000800009B6] -> 0x00BD
[626] [M]: 0x00000000800009B4 (0x00BD9D93) slli s11, s11, 0xb
x27 <- 0xFFFFFFFFD0080000

mem[X,0x00000000800009B8] -> 0x8D93
mem[X,0x00000000800009BA] -> 0x3FFD
[627] [M]: 0x00000000800009B8 (0x3FFD8D93) addi s11, s11, 0x3ff
x27 <- 0xFFFFFFFFD00803FF

mem[X,0x00000000800009BC] -> 0x9D93
mem[X,0x00000000800009BE] -> 0x00BD
[628] [M]: 0x00000000800009BC (0x00BD9D93) slli s11, s11, 0xb
x27 <- 0xFFFFFE80401FF800

mem[X,0x00000000800009C0] -> 0x8D93
mem[X,0x00000000800009C2] -> 0x7FFD
[629] [M]: 0x00000000800009C0 (0x7FFD8D93) addi s11, s11, 0x7ff
x27 <- 0xFFFFFE80401FFFFF

mem[X,0x00000000800009C4] -> 0x9D93
mem[X,0x00000000800009C6] -> 0x00AD
[630] [M]: 0x00000000800009C4 (0x00AD9D93) slli s11, s11, 0xa
x27 <- 0xFFFA01007FFFFC00

mem[X,0x00000000800009C8] -> 0x8D93
mem[X,0x00000000800009CA] -> 0x1FFD
[631] [M]: 0x00000000800009C8 (0x1FFD8D93) addi s11, s11, 0x1ff
x27 <- 0xFFFA01007FFFFDFF

mem[X,0x00000000800009CC] -> 0x0737
mem[X,0x00000000800009CE] -> 0x0006
[632] [M]: 0x00000000800009CC (0x00060737) lui a4, 0x60
x14 <- 0x0000000000060000

mem[X,0x00000000800009D0] -> 0x0713
mem[X,0x00000000800009D2] -> 0x1007
[633] [M]: 0x00000000800009D0 (0x10070713) addi a4, a4, 0x100
x14 <- 0x0000000000060100

mem[X,0x00000000800009D4] -> 0x1713
mem[X,0x00000000800009D6] -> 0x00B7
[634] [M]: 0x00000000800009D4 (0x00B71713) slli a4, a4, 0xb
x14 <- 0x0000000030080000

mem[X,0x00000000800009D8] -> 0x0713
mem[X,0x00000000800009DA] -> 0x3FF7
[635] [M]: 0x00000000800009D8 (0x3FF70713) addi a4, a4, 0x3ff
x14 <- 0x00000000300803FF

mem[X,0x00000000800009DC] -> 0x1713
mem[X,0x00000000800009DE] -> 0x00B7
[636] [M]: 0x00000000800009DC (0x00B71713) slli a4, a4, 0xb
x14 <- 0x00000180401FF800

mem[X,0x00000000800009E0] -> 0x0713
mem[X,0x00000000800009E2] -> 0x7E07
[637] [M]: 0x00000000800009E0 (0x7E070713) addi a4, a4, 0x7e0
x14 <- 0x00000180401FFFE0

mem[X,0x00000000800009E4] -> 0x1713
mem[X,0x00000000800009E6] -> 0x00A7
[638] [M]: 0x00000000800009E4 (0x00A71713) slli a4, a4, 0xa
x14 <- 0x000601007FFF8000

mem[X,0x00000000800009E8] -> 0xF6BB
mem[X,0x00000000800009EA] -> 0x98ED
[639] [M]: 0x00000000800009E8 (0x98EDF6BB) pmhaccu.h a3, s11, a4
x13 <- 0x0005FFF93FEE7EFE

mem[X,0x00000000800009EC] -> 0xB823
mem[X,0x00000000800009EE] -> 0x00D0
[640] [M]: 0x00000000800009EC (0x00D0B823) sd a3, 0x10(ra)
mem[0x00000000800041F8] <- 0x0005FFF93FEE7EFE

mem[X,0x00000000800009F0] -> 0x0437
mem[X,0x00000000800009F2] -> 0x2000
[641] [M]: 0x00000000800009F0 (0x20000437) lui fp, 0x20000
x8 <- 0x0000000020000000

mem[X,0x00000000800009F4] -> 0x0413
mem[X,0x00000000800009F6] -> 0x0804
[642] [M]: 0x00000000800009F4 (0x08040413) addi fp, fp, 0x80
x8 <- 0x0000000020000080

mem[X,0x00000000800009F8] -> 0x1413
mem[X,0x00000000800009FA] -> 0x00B4
[643] [M]: 0x00000000800009F8 (0x00B41413) slli fp, fp, 0xb
x8 <- 0x0000010000040000

mem[X,0x00000000800009FC] -> 0x0413
mem[X,0x00000000800009FE] -> 0x7FF4
[644] [M]: 0x00000000800009FC (0x7FF40413) addi fp, fp, 0x7ff
x8 <- 0x00000100000407FF

mem[X,0x0000000080000A00] -> 0x1413
mem[X,0x0000000080000A02] -> 0x00B4
[645] [M]: 0x0000000080000A00 (0x00B41413) slli fp, fp, 0xb
x8 <- 0x00080000203FF800

mem[X,0x0000000080000A04] -> 0x0413
mem[X,0x0000000080000A06] -> 0x77E4
[646] [M]: 0x0000000080000A04 (0x77E40413) addi fp, fp, 0x77e
x8 <- 0x00080000203FFF7E

mem[X,0x0000000080000A08] -> 0x1413
mem[X,0x0000000080000A0A] -> 0x00A4
[647] [M]: 0x0000000080000A08 (0x00A41413) slli fp, fp, 0xa
x8 <- 0x20000080FFFDF800

mem[X,0x0000000080000A0C] -> 0x0413
mem[X,0x0000000080000A0E] -> 0x3FF4
[648] [M]: 0x0000000080000A0C (0x3FF40413) addi fp, fp, 0x3ff
x8 <- 0x20000080FFFDFBFF

mem[X,0x0000000080000A10] -> 0x8B37
mem[X,0x0000000080000A12] -> 0xBFFF
[649] [M]: 0x0000000080000A10 (0xBFFF8B37) lui s6, -0x40008
x22 <- 0xFFFFFFFFBFFF8000

mem[X,0x0000000080000A14] -> 0x0B13
mem[X,0x0000000080000A16] -> 0x000B
[650] [M]: 0x0000000080000A14 (0x000B0B13) addi s6, s6, 0x0
x22 <- 0xFFFFFFFFBFFF8000

mem[X,0x0000000080000A18] -> 0x1B13
mem[X,0x0000000080000A1A] -> 0x00BB
[651] [M]: 0x0000000080000A18 (0x00BB1B13) slli s6, s6, 0xb
x22 <- 0xFFFFFDFFFC000000

mem[X,0x0000000080000A1C] -> 0x0B13
mem[X,0x0000000080000A1E] -> 0x200B
[652] [M]: 0x0000000080000A1C (0x200B0B13) addi s6, s6, 0x200
x22 <- 0xFFFFFDFFFC000200

mem[X,0x0000000080000A20] -> 0x1B13
mem[X,0x0000000080000A22] -> 0x00BB
[653] [M]: 0x0000000080000A20 (0x00BB1B13) slli s6, s6, 0xb
x22 <- 0xFFEFFFE000100000

mem[X,0x0000000080000A24] -> 0x0B13
mem[X,0x0000000080000A26] -> 0x03FB
[654] [M]: 0x0000000080000A24 (0x03FB0B13) addi s6, s6, 0x3f
x22 <- 0xFFEFFFE00010003F

mem[X,0x0000000080000A28] -> 0x1B13
mem[X,0x0000000080000A2A] -> 0x00AB
[655] [M]: 0x0000000080000A28 (0x00AB1B13) slli s6, s6, 0xa
x22 <- 0xBFFF80004000FC00

mem[X,0x0000000080000A2C] -> 0x0B13
mem[X,0x0000000080000A2E] -> 0x1FFB
[656] [M]: 0x0000000080000A2C (0x1FFB0B13) addi s6, s6, 0x1ff
x22 <- 0xBFFF80004000FDFF

mem[X,0x0000000080000A30] -> 0x77BB
mem[X,0x0000000080000A32] -> 0x9964
[657] [M]: 0x0000000080000A30 (0x996477BB) pmhaccu.h a5, fp, s6
x15 <- 0x18FF04403FF7F985

mem[X,0x0000000080000A34] -> 0xBC23
mem[X,0x0000000080000A36] -> 0x00F0
[658] [M]: 0x0000000080000A34 (0x00F0BC23) sd a5, 0x18(ra)
mem[0x0000000080004200] <- 0x18FF04403FF7F985

mem[X,0x0000000080000A38] -> 0x04B7
mem[X,0x0000000080000A3A] -> 0x0005
[659] [M]: 0x0000000080000A38 (0x000504B7) lui s1, 0x50
x9 <- 0x0000000000050000

mem[X,0x0000000080000A3C] -> 0x8493
mem[X,0x0000000080000A3E] -> 0xFFD4
[660] [M]: 0x0000000080000A3C (0xFFD48493) addi s1, s1, -0x3
x9 <- 0x000000000004FFFD

mem[X,0x0000000080000A40] -> 0x9493
mem[X,0x0000000080000A42] -> 0x00B4
[661] [M]: 0x0000000080000A40 (0x00B49493) slli s1, s1, 0xb
x9 <- 0x0000000027FFE800

mem[X,0x0000000080000A44] -> 0x8493
mem[X,0x0000000080000A46] -> 0x0104
[662] [M]: 0x0000000080000A44 (0x01048493) addi s1, s1, 0x10
x9 <- 0x0000000027FFE810

mem[X,0x0000000080000A48] -> 0x9493
mem[X,0x0000000080000A4A] -> 0x00B4
[663] [M]: 0x0000000080000A48 (0x00B49493) slli s1, s1, 0xb
x9 <- 0x0000013FFF408000

mem[X,0x0000000080000A4C] -> 0x8493
mem[X,0x0000000080000A4E] -> 0x03D4
[664] [M]: 0x0000000080000A4C (0x03D48493) addi s1, s1, 0x3d
x9 <- 0x0000013FFF40803D

mem[X,0x0000000080000A50] -> 0x9493
mem[X,0x0000000080000A52] -> 0x00A4
[665] [M]: 0x0000000080000A50 (0x00A49493) slli s1, s1, 0xa
x9 <- 0x0004FFFD0200F400

mem[X,0x0000000080000A54] -> 0x8493
mem[X,0x0000000080000A56] -> 0x3FF4
[666] [M]: 0x0000000080000A54 (0x3FF48493) addi s1, s1, 0x3ff
x9 <- 0x0004FFFD0200F7FF

mem[X,0x0000000080000A58] -> 0xCAB7
mem[X,0x0000000080000A5A] -> 0x0020
[667] [M]: 0x0000000080000A58 (0x0020CAB7) lui s5, 0x20c
x21 <- 0x000000000020C000

mem[X,0x0000000080000A5C] -> 0x8A93
mem[X,0x0000000080000A5E] -> 0xFFFA
[668] [M]: 0x0000000080000A5C (0xFFFA8A93) addi s5, s5, -0x1
x21 <- 0x000000000020BFFF

mem[X,0x0000000080000A60] -> 0x9A93
mem[X,0x0000000080000A62] -> 0x00BA
[669] [M]: 0x0000000080000A60 (0x00BA9A93) slli s5, s5, 0xb
x21 <- 0x0000000105FFF800

mem[X,0x0000000080000A64] -> 0x8A93
mem[X,0x0000000080000A66] -> 0x000A
[670] [M]: 0x0000000080000A64 (0x000A8A93) addi s5, s5, 0x0
x21 <- 0x0000000105FFF800

mem[X,0x0000000080000A68] -> 0x9A93
mem[X,0x0000000080000A6A] -> 0x00BA
[671] [M]: 0x0000000080000A68 (0x00BA9A93) slli s5, s5, 0xb
x21 <- 0x0000082FFFC00000

mem[X,0x0000000080000A6C] -> 0x8A93
mem[X,0x0000000080000A6E] -> 0x13FA
[672] [M]: 0x0000000080000A6C (0x13FA8A93) addi s5, s5, 0x13f
x21 <- 0x0000082FFFC0013F

mem[X,0x0000000080000A70] -> 0x9A93
mem[X,0x0000000080000A72] -> 0x00AA
[673] [M]: 0x0000000080000A70 (0x00AA9A93) slli s5, s5, 0xa
x21 <- 0x0020BFFF0004FC00

mem[X,0x0000000080000A74] -> 0x8A93
mem[X,0x0000000080000A76] -> 0x2FFA
[674] [M]: 0x0000000080000A74 (0x2FFA8A93) addi s5, s5, 0x2ff
x21 <- 0x0020BFFF0004FEFF

mem[X,0x0000000080000A78] -> 0xF9BB
mem[X,0x0000000080000A7A] -> 0x9954
[675] [M]: 0x0000000080000A78 (0x9954F9BB) pmhaccu.h s3, s1, s5
x19 <- 0xFDFFBFF27FFFF806

mem[X,0x0000000080000A7C] -> 0xB023
mem[X,0x0000000080000A7E] -> 0x0330
[676] [M]: 0x0000000080000A7C (0x0330B023) sd s3, 0x20(ra)
mem[0x0000000080004208] <- 0xFDFFBFF27FFFF806

mem[X,0x0000000080000A80] -> 0x0937
mem[X,0x0000000080000A82] -> 0xFFFE
[677] [M]: 0x0000000080000A80 (0xFFFE0937) lui s2, -0x20
x18 <- 0xFFFFFFFFFFFE0000

mem[X,0x0000000080000A84] -> 0x0913
mem[X,0x0000000080000A86] -> 0x0079
[678] [M]: 0x0000000080000A84 (0x00790913) addi s2, s2, 0x7
x18 <- 0xFFFFFFFFFFFE0007

mem[X,0x0000000080000A88] -> 0x1913
mem[X,0x0000000080000A8A] -> 0x00B9
[679] [M]: 0x0000000080000A88 (0x00B91913) slli s2, s2, 0xb
x18 <- 0xFFFFFFFFF0003800

mem[X,0x0000000080000A8C] -> 0x0913
mem[X,0x0000000080000A8E] -> 0x0009
[680] [M]: 0x0000000080000A8C (0x00090913) addi s2, s2, 0x0
x18 <- 0xFFFFFFFFF0003800

mem[X,0x0000000080000A90] -> 0x1913
mem[X,0x0000000080000A92] -> 0x00B9
[681] [M]: 0x0000000080000A90 (0x00B91913) slli s2, s2, 0xb
x18 <- 0xFFFFFF8001C00000

mem[X,0x0000000080000A94] -> 0x0913
mem[X,0x0000000080000A96] -> 0x0BB9
[682] [M]: 0x0000000080000A94 (0x0BB90913) addi s2, s2, 0xbb
x18 <- 0xFFFFFF8001C000BB

mem[X,0x0000000080000A98] -> 0x1913
mem[X,0x0000000080000A9A] -> 0x00A9
[683] [M]: 0x0000000080000A98 (0x00A91913) slli s2, s2, 0xa
x18 <- 0xFFFE00070002EC00

mem[X,0x0000000080000A9C] -> 0x0913
mem[X,0x0000000080000A9E] -> 0x3FF9
[684] [M]: 0x0000000080000A9C (0x3FF90913) addi s2, s2, 0x3ff
x18 <- 0xFFFE00070002EFFF

mem[X,0x0000000080000AA0] -> 0x0837
mem[X,0x0000000080000AA2] -> 0xFFFF
[685] [M]: 0x0000000080000AA0 (0xFFFF0837) lui a6, -0x10
x16 <- 0xFFFFFFFFFFFF0000

mem[X,0x0000000080000AA4] -> 0x0813
mem[X,0x0000000080000AA6] -> 0x0068
[686] [M]: 0x0000000080000AA4 (0x00680813) addi a6, a6, 0x6
x16 <- 0xFFFFFFFFFFFF0006

mem[X,0x0000000080000AA8] -> 0x1813
mem[X,0x0000000080000AAA] -> 0x00B8
[687] [M]: 0x0000000080000AA8 (0x00B81813) slli a6, a6, 0xb
x16 <- 0xFFFFFFFFF8003000

mem[X,0x0000000080000AAC] -> 0x0813
mem[X,0x0000000080000AAE] -> 0x6008
[688] [M]: 0x0000000080000AAC (0x60080813) addi a6, a6, 0x600
x16 <- 0xFFFFFFFFF8003600

mem[X,0x0000000080000AB0] -> 0x1813
mem[X,0x0000000080000AB2] -> 0x00B8
[689] [M]: 0x0000000080000AB0 (0x00B81813) slli a6, a6, 0xb
x16 <- 0xFFFFFFC001B00000

mem[X,0x0000000080000AB4] -> 0x0813
mem[X,0x0000000080000AB6] -> 0x0008
[690] [M]: 0x0000000080000AB4 (0x00080813) addi a6, a6, 0x0
x16 <- 0xFFFFFFC001B00000

mem[X,0x0000000080000AB8] -> 0x1813
mem[X,0x0000000080000ABA] -> 0x00A8
[691] [M]: 0x0000000080000AB8 (0x00A81813) slli a6, a6, 0xa
x16 <- 0xFFFF0006C0000000

mem[X,0x0000000080000ABC] -> 0x0813
mem[X,0x0000000080000ABE] -> 0x0078
[692] [M]: 0x0000000080000ABC (0x00780813) addi a6, a6, 0x7
x16 <- 0xFFFF0006C0000007

mem[X,0x0000000080000AC0] -> 0x75BB
mem[X,0x0000000080000AC2] -> 0x9909
[693] [M]: 0x0000000080000AC0 (0x990975BB) pmhaccu.h a1, s2, a6
x11 <- 0xBFFDFBFF1001000F

mem[X,0x0000000080000AC4] -> 0xB423
mem[X,0x0000000080000AC6] -> 0x02B0
[694] [M]: 0x0000000080000AC4 (0x02B0B423) sd a1, 0x28(ra)
mem[0x0000000080004210] <- 0xBFFDFBFF1001000F

mem[X,0x0000000080000AC8] -> 0x0F37
mem[X,0x0000000080000ACA] -> 0x0006
[695] [M]: 0x0000000080000AC8 (0x00060F37) lui t5, 0x60
x30 <- 0x0000000000060000

mem[X,0x0000000080000ACC] -> 0x0F13
mem[X,0x0000000080000ACE] -> 0x000F
[696] [M]: 0x0000000080000ACC (0x000F0F13) addi t5, t5, 0x0
x30 <- 0x0000000000060000

mem[X,0x0000000080000AD0] -> 0x1F13
mem[X,0x0000000080000AD2] -> 0x00BF
[697] [M]: 0x0000000080000AD0 (0x00BF1F13) slli t5, t5, 0xb
x30 <- 0x0000000030000000

mem[X,0x0000000080000AD4] -> 0x0F13
mem[X,0x0000000080000AD6] -> 0x7FFF
[698] [M]: 0x0000000080000AD4 (0x7FFF0F13) addi t5, t5, 0x7ff
x30 <- 0x00000000300007FF

mem[X,0x0000000080000AD8] -> 0x1F13
mem[X,0x0000000080000ADA] -> 0x00BF
[699] [M]: 0x0000000080000AD8 (0x00BF1F13) slli t5, t5, 0xb
x30 <- 0x00000180003FF800

clint::tick mtime <- 0x0000000000000007
 clint timer pending at mtime 0x0000000000000007
htif::tick 0x0000000000000000
mem[X,0x0000000080000ADC] -> 0x0F13
mem[X,0x0000000080000ADE] -> 0x740F
[700] [M]: 0x0000000080000ADC (0x740F0F13) addi t5, t5, 0x740
x30 <- 0x00000180003FFF40

mem[X,0x0000000080000AE0] -> 0x1F13
mem[X,0x0000000080000AE2] -> 0x00AF
[701] [M]: 0x0000000080000AE0 (0x00AF1F13) slli t5, t5, 0xa
x30 <- 0x00060000FFFD0000

mem[X,0x0000000080000AE4] -> 0x0F13
mem[X,0x0000000080000AE6] -> 0x080F
[702] [M]: 0x0000000080000AE4 (0x080F0F13) addi t5, t5, 0x80
x30 <- 0x00060000FFFD0080

mem[X,0x0000000080000AE8] -> 0x0EB7
mem[X,0x0000000080000AEA] -> 0x0002
[703] [M]: 0x0000000080000AE8 (0x00020EB7) lui t4, 0x20
x29 <- 0x0000000000020000

mem[X,0x0000000080000AEC] -> 0x8E93
mem[X,0x0000000080000AEE] -> 0x080E
[704] [M]: 0x0000000080000AEC (0x080E8E93) addi t4, t4, 0x80
x29 <- 0x0000000000020080

mem[X,0x0000000080000AF0] -> 0x9E93
mem[X,0x0000000080000AF2] -> 0x00BE
[705] [M]: 0x0000000080000AF0 (0x00BE9E93) slli t4, t4, 0xb
x29 <- 0x0000000010040000

mem[X,0x0000000080000AF4] -> 0x8E93
mem[X,0x0000000080000AF6] -> 0x000E
[706] [M]: 0x0000000080000AF4 (0x000E8E93) addi t4, t4, 0x0
x29 <- 0x0000000010040000

mem[X,0x0000000080000AF8] -> 0x9E93
mem[X,0x0000000080000AFA] -> 0x00BE
[707] [M]: 0x0000000080000AF8 (0x00BE9E93) slli t4, t4, 0xb
x29 <- 0x0000008020000000

mem[X,0x0000000080000AFC] -> 0x8E93
mem[X,0x0000000080000AFE] -> 0x040E
[708] [M]: 0x0000000080000AFC (0x040E8E93) addi t4, t4, 0x40
x29 <- 0x0000008020000040

mem[X,0x0000000080000B00] -> 0x9E93
mem[X,0x0000000080000B02] -> 0x00AE
[709] [M]: 0x0000000080000B00 (0x00AE9E93) slli t4, t4, 0xa
x29 <- 0x0002008000010000

mem[X,0x0000000080000B04] -> 0x8E93
mem[X,0x0000000080000B06] -> 0x001E
[710] [M]: 0x0000000080000B04 (0x001E8E93) addi t4, t4, 0x1
x29 <- 0x0002008000010001

mem[X,0x0000000080000B08] -> 0x7FBB
mem[X,0x0000000080000B0A] -> 0x99DF
[711] [M]: 0x0000000080000B08 (0x99DF7FBB) pmhaccu.h t6, t5, t4
x31 <- 0xFFFC06400AA9EFFA

mem[X,0x0000000080000B0C] -> 0xB823
mem[X,0x0000000080000B0E] -> 0x03F0
[712] [M]: 0x0000000080000B0C (0x03F0B823) sd t6, 0x30(ra)
mem[0x0000000080004218] <- 0xFFFC06400AA9EFFA

mem[X,0x0000000080000B10] -> 0x0F37
mem[X,0x0000000080000B12] -> 0x0080
[713] [M]: 0x0000000080000B10 (0x00800F37) lui t5, 0x800
x30 <- 0x0000000000800000

mem[X,0x0000000080000B14] -> 0x0F13
mem[X,0x0000000080000B16] -> 0x009F
[714] [M]: 0x0000000080000B14 (0x009F0F13) addi t5, t5, 0x9
x30 <- 0x0000000000800009

mem[X,0x0000000080000B18] -> 0x1F13
mem[X,0x0000000080000B1A] -> 0x00BF
[715] [M]: 0x0000000080000B18 (0x00BF1F13) slli t5, t5, 0xb
x30 <- 0x0000000400004800

mem[X,0x0000000080000B1C] -> 0x0F13
mem[X,0x0000000080000B1E] -> 0x7FDF
[716] [M]: 0x0000000080000B1C (0x7FDF0F13) addi t5, t5, 0x7fd
x30 <- 0x0000000400004FFD

mem[X,0x0000000080000B20] -> 0x1F13
mem[X,0x0000000080000B22] -> 0x00BF
[717] [M]: 0x0000000080000B20 (0x00BF1F13) slli t5, t5, 0xb
x30 <- 0x00002000027FE800

mem[X,0x0000000080000B24] -> 0x0F13
mem[X,0x0000000080000B26] -> 0x7FFF
[718] [M]: 0x0000000080000B24 (0x7FFF0F13) addi t5, t5, 0x7ff
x30 <- 0x00002000027FEFFF

mem[X,0x0000000080000B28] -> 0x1F13
mem[X,0x0000000080000B2A] -> 0x00AF
[719] [M]: 0x0000000080000B28 (0x00AF1F13) slli t5, t5, 0xa
x30 <- 0x00800009FFBFFC00

mem[X,0x0000000080000B2C] -> 0x0F13
mem[X,0x0000000080000B2E] -> 0x3FDF
[720] [M]: 0x0000000080000B2C (0x3FDF0F13) addi t5, t5, 0x3fd
x30 <- 0x00800009FFBFFFFD

mem[X,0x0000000080000B30] -> 0x0EB7
mem[X,0x0000000080000B32] -> 0x0009
[721] [M]: 0x0000000080000B30 (0x00090EB7) lui t4, 0x90
x29 <- 0x0000000000090000

mem[X,0x0000000080000B34] -> 0x8E93
mem[X,0x0000000080000B36] -> 0xF7FE
[722] [M]: 0x0000000080000B34 (0xF7FE8E93) addi t4, t4, -0x81
x29 <- 0x000000000008FF7F

mem[X,0x0000000080000B38] -> 0x9E93
mem[X,0x0000000080000B3A] -> 0x00BE
[723] [M]: 0x0000000080000B38 (0x00BE9E93) slli t4, t4, 0xb
x29 <- 0x0000000047FBF800

mem[X,0x0000000080000B3C] -> 0x8E93
mem[X,0x0000000080000B3E] -> 0x7BFE
[724] [M]: 0x0000000080000B3C (0x7BFE8E93) addi t4, t4, 0x7bf
x29 <- 0x0000000047FBFFBF

mem[X,0x0000000080000B40] -> 0x9E93
mem[X,0x0000000080000B42] -> 0x00BE
[725] [M]: 0x0000000080000B40 (0x00BE9E93) slli t4, t4, 0xb
x29 <- 0x0000023FDFFDF800

mem[X,0x0000000080000B44] -> 0x8E93
mem[X,0x0000000080000B46] -> 0x7C0E
[726] [M]: 0x0000000080000B44 (0x7C0E8E93) addi t4, t4, 0x7c0
x29 <- 0x0000023FDFFDFFC0

mem[X,0x0000000080000B48] -> 0x9E93
mem[X,0x0000000080000B4A] -> 0x00AE
[727] [M]: 0x0000000080000B48 (0x00AE9E93) slli t4, t4, 0xa
x29 <- 0x0008FF7FF7FF0000

mem[X,0x0000000080000B4C] -> 0x8E93
mem[X,0x0000000080000B4E] -> 0x100E
[728] [M]: 0x0000000080000B4C (0x100E8E93) addi t4, t4, 0x100
x29 <- 0x0008FF7FF7FF0100

mem[X,0x0000000080000B50] -> 0x7FBB
mem[X,0x0000000080000B52] -> 0x99DF
[729] [M]: 0x0000000080000B50 (0x99DF7FBB) pmhaccu.h t6, t5, t4
x31 <- 0xFFFC06480269F0F9

mem[X,0x0000000080000B54] -> 0xBC23
mem[X,0x0000000080000B56] -> 0x03F0
[730] [M]: 0x0000000080000B54 (0x03F0BC23) sd t6, 0x38(ra)
mem[0x0000000080004220] <- 0xFFFC06480269F0F9

mem[X,0x0000000080000B58] -> 0x4F37
mem[X,0x0000000080000B5A] -> 0xFFFE
[731] [M]: 0x0000000080000B58 (0xFFFE4F37) lui t5, -0x1c
x30 <- 0xFFFFFFFFFFFE4000

mem[X,0x0000000080000B5C] -> 0x0F13
mem[X,0x0000000080000B5E] -> 0x000F
[732] [M]: 0x0000000080000B5C (0x000F0F13) addi t5, t5, 0x0
x30 <- 0xFFFFFFFFFFFE4000

mem[X,0x0000000080000B60] -> 0x1F13
mem[X,0x0000000080000B62] -> 0x00BF
[733] [M]: 0x0000000080000B60 (0x00BF1F13) slli t5, t5, 0xb
x30 <- 0xFFFFFFFFF2000000

mem[X,0x0000000080000B64] -> 0x0F13
mem[X,0x0000000080000B66] -> 0x77FF
[734] [M]: 0x0000000080000B64 (0x77FF0F13) addi t5, t5, 0x77f
x30 <- 0xFFFFFFFFF200077F

mem[X,0x0000000080000B68] -> 0x1F13
mem[X,0x0000000080000B6A] -> 0x00BF
[735] [M]: 0x0000000080000B68 (0x00BF1F13) slli t5, t5, 0xb
x30 <- 0xFFFFFF90003BF800

mem[X,0x0000000080000B6C] -> 0x0F13
mem[X,0x0000000080000B6E] -> 0x7C0F
[736] [M]: 0x0000000080000B6C (0x7C0F0F13) addi t5, t5, 0x7c0
x30 <- 0xFFFFFF90003BFFC0

mem[X,0x0000000080000B70] -> 0x1F13
mem[X,0x0000000080000B72] -> 0x00AF
[737] [M]: 0x0000000080000B70 (0x00AF1F13) slli t5, t5, 0xa
x30 <- 0xFFFE4000EFFF0000

mem[X,0x0000000080000B74] -> 0x0F13
mem[X,0x0000000080000B76] -> 0x009F
[738] [M]: 0x0000000080000B74 (0x009F0F13) addi t5, t5, 0x9
x30 <- 0xFFFE4000EFFF0009

mem[X,0x0000000080000B78] -> 0x8EB7
mem[X,0x0000000080000B7A] -> 0x0010
[739] [M]: 0x0000000080000B78 (0x00108EB7) lui t4, 0x108
x29 <- 0x0000000000108000

mem[X,0x0000000080000B7C] -> 0x8E93
mem[X,0x0000000080000B7E] -> 0xFFFE
[740] [M]: 0x0000000080000B7C (0xFFFE8E93) addi t4, t4, -0x1
x29 <- 0x0000000000107FFF

mem[X,0x0000000080000B80] -> 0x9E93
mem[X,0x0000000080000B82] -> 0x00BE
[741] [M]: 0x0000000080000B80 (0x00BE9E93) slli t4, t4, 0xb
x29 <- 0x0000000083FFF800

mem[X,0x0000000080000B84] -> 0x8E93
mem[X,0x0000000080000B86] -> 0x000E
[742] [M]: 0x0000000080000B84 (0x000E8E93) addi t4, t4, 0x0
x29 <- 0x0000000083FFF800

mem[X,0x0000000080000B88] -> 0x9E93
mem[X,0x0000000080000B8A] -> 0x00BE
[743] [M]: 0x0000000080000B88 (0x00BE9E93) slli t4, t4, 0xb
x29 <- 0x0000041FFFC00000

mem[X,0x0000000080000B8C] -> 0x8E93
mem[X,0x0000000080000B8E] -> 0x040E
[744] [M]: 0x0000000080000B8C (0x040E8E93) addi t4, t4, 0x40
x29 <- 0x0000041FFFC00040

mem[X,0x0000000080000B90] -> 0x9E93
mem[X,0x0000000080000B92] -> 0x00AE
[745] [M]: 0x0000000080000B90 (0x00AE9E93) slli t4, t4, 0xa
x29 <- 0x00107FFF00010000

mem[X,0x0000000080000B94] -> 0x8E93
mem[X,0x0000000080000B96] -> 0x010E
[746] [M]: 0x0000000080000B94 (0x010E8E93) addi t4, t4, 0x10
x29 <- 0x00107FFF00010010

mem[X,0x0000000080000B98] -> 0x7FBB
mem[X,0x0000000080000B9A] -> 0x99DF
[747] [M]: 0x0000000080000B98 (0x99DF7FBB) pmhaccu.h t6, t5, t4
x31 <- 0x000B26470269F0F9

mem[X,0x0000000080000B9C] -> 0xB023
mem[X,0x0000000080000B9E] -> 0x05F0
[748] [M]: 0x0000000080000B9C (0x05F0B023) sd t6, 0x40(ra)
mem[0x0000000080004228] <- 0x000B26470269F0F9

mem[X,0x0000000080000BA0] -> 0x0F37
mem[X,0x0000000080000BA2] -> 0xFFF7
[749] [M]: 0x0000000080000BA0 (0xFFF70F37) lui t5, -0x90
x30 <- 0xFFFFFFFFFFF70000

mem[X,0x0000000080000BA4] -> 0x0F13
mem[X,0x0000000080000BA6] -> 0xFF9F
[750] [M]: 0x0000000080000BA4 (0xFF9F0F13) addi t5, t5, -0x7
x30 <- 0xFFFFFFFFFFF6FFF9

mem[X,0x0000000080000BA8] -> 0x1F13
mem[X,0x0000000080000BAA] -> 0x00BF
[751] [M]: 0x0000000080000BA8 (0x00BF1F13) slli t5, t5, 0xb
x30 <- 0xFFFFFFFFB7FFC800

mem[X,0x0000000080000BAC] -> 0x0F13
mem[X,0x0000000080000BAE] -> 0x000F
[752] [M]: 0x0000000080000BAC (0x000F0F13) addi t5, t5, 0x0
x30 <- 0xFFFFFFFFB7FFC800

mem[X,0x0000000080000BB0] -> 0x1F13
mem[X,0x0000000080000BB2] -> 0x00BF
[753] [M]: 0x0000000080000BB0 (0x00BF1F13) slli t5, t5, 0xb
x30 <- 0xFFFFFDBFFE400000

mem[X,0x0000000080000BB4] -> 0x0F13
mem[X,0x0000000080000BB6] -> 0x140F
[754] [M]: 0x0000000080000BB4 (0x140F0F13) addi t5, t5, 0x140
x30 <- 0xFFFFFDBFFE400140

mem[X,0x0000000080000BB8] -> 0x1F13
mem[X,0x0000000080000BBA] -> 0x00AF
[755] [M]: 0x0000000080000BB8 (0x00AF1F13) slli t5, t5, 0xa
x30 <- 0xFFF6FFF900050000

mem[X,0x0000000080000BBC] -> 0x0F13
mem[X,0x0000000080000BBE] -> 0x020F
[756] [M]: 0x0000000080000BBC (0x020F0F13) addi t5, t5, 0x20
x30 <- 0xFFF6FFF900050020

mem[X,0x0000000080000BC0] -> 0x0EB7
mem[X,0x0000000080000BC2] -> 0x0041
[757] [M]: 0x0000000080000BC0 (0x00410EB7) lui t4, 0x410
x29 <- 0x0000000000410000

mem[X,0x0000000080000BC4] -> 0x8E93
mem[X,0x0000000080000BC6] -> 0xFDFE
[758] [M]: 0x0000000080000BC4 (0xFDFE8E93) addi t4, t4, -0x21
x29 <- 0x000000000040FFDF

mem[X,0x0000000080000BC8] -> 0x9E93
mem[X,0x0000000080000BCA] -> 0x00BE
[759] [M]: 0x0000000080000BC8 (0x00BE9E93) slli t4, t4, 0xb
x29 <- 0x0000000207FEF800

mem[X,0x0000000080000BCC] -> 0x8E93
mem[X,0x0000000080000BCE] -> 0x6FFE
[760] [M]: 0x0000000080000BCC (0x6FFE8E93) addi t4, t4, 0x6ff
x29 <- 0x0000000207FEFEFF

mem[X,0x0000000080000BD0] -> 0x9E93
mem[X,0x0000000080000BD2] -> 0x00BE
[761] [M]: 0x0000000080000BD0 (0x00BE9E93) slli t4, t4, 0xb
x29 <- 0x0000103FF7F7F800

mem[X,0x0000000080000BD4] -> 0x8E93
mem[X,0x0000000080000BD6] -> 0x7C0E
[762] [M]: 0x0000000080000BD4 (0x7C0E8E93) addi t4, t4, 0x7c0
x29 <- 0x0000103FF7F7FFC0

mem[X,0x0000000080000BD8] -> 0x9E93
mem[X,0x0000000080000BDA] -> 0x00AE
[763] [M]: 0x0000000080000BD8 (0x00AE9E93) slli t4, t4, 0xa
x29 <- 0x0040FFDFDFFF0000

mem[X,0x0000000080000BDC] -> 0x8E93
mem[X,0x0000000080000BDE] -> 0x007E
[764] [M]: 0x0000000080000BDC (0x007E8E93) addi t4, t4, 0x7
x29 <- 0x0040FFDFDFFF0007

mem[X,0x0000000080000BE0] -> 0x7FBB
mem[X,0x0000000080000BE2] -> 0x99DF
[765] [M]: 0x0000000080000BE0 (0x99DF7FBB) pmhaccu.h t6, t5, t4
x31 <- 0x004A261F026DF0F9

mem[X,0x0000000080000BE4] -> 0xB423
mem[X,0x0000000080000BE6] -> 0x05F0
[766] [M]: 0x0000000080000BE4 (0x05F0B423) sd t6, 0x48(ra)
mem[0x0000000080004230] <- 0x004A261F026DF0F9

mem[X,0x0000000080000BE8] -> 0x4F37
mem[X,0x0000000080000BEA] -> 0xFFF7
[767] [M]: 0x0000000080000BE8 (0xFFF74F37) lui t5, -0x8c
x30 <- 0xFFFFFFFFFFF74000

mem[X,0x0000000080000BEC] -> 0x0F13
mem[X,0x0000000080000BEE] -> 0xFFFF
[768] [M]: 0x0000000080000BEC (0xFFFF0F13) addi t5, t5, -0x1
x30 <- 0xFFFFFFFFFFF73FFF

mem[X,0x0000000080000BF0] -> 0x1F13
mem[X,0x0000000080000BF2] -> 0x00BF
[769] [M]: 0x0000000080000BF0 (0x00BF1F13) slli t5, t5, 0xb
x30 <- 0xFFFFFFFFB9FFF800

mem[X,0x0000000080000BF4] -> 0x0F13
mem[X,0x0000000080000BF6] -> 0x6FFF
[770] [M]: 0x0000000080000BF4 (0x6FFF0F13) addi t5, t5, 0x6ff
x30 <- 0xFFFFFFFFB9FFFEFF

mem[X,0x0000000080000BF8] -> 0x1F13
mem[X,0x0000000080000BFA] -> 0x00BF
[771] [M]: 0x0000000080000BF8 (0x00BF1F13) slli t5, t5, 0xb
x30 <- 0xFFFFFDCFFFF7F800

mem[X,0x0000000080000BFC] -> 0x0F13
mem[X,0x0000000080000BFE] -> 0x7FFF
[772] [M]: 0x0000000080000BFC (0x7FFF0F13) addi t5, t5, 0x7ff
x30 <- 0xFFFFFDCFFFF7FFFF

mem[X,0x0000000080000C00] -> 0x1F13
mem[X,0x0000000080000C02] -> 0x00AF
[773] [M]: 0x0000000080000C00 (0x00AF1F13) slli t5, t5, 0xa
x30 <- 0xFFF73FFFDFFFFC00

mem[X,0x0000000080000C04] -> 0x0F13
mem[X,0x0000000080000C06] -> 0x3F9F
[774] [M]: 0x0000000080000C04 (0x3F9F0F13) addi t5, t5, 0x3f9
x30 <- 0xFFF73FFFDFFFFFF9

mem[X,0x0000000080000C08] -> 0x0EB7
mem[X,0x0000000080000C0A] -> 0x2000
[775] [M]: 0x0000000080000C08 (0x20000EB7) lui t4, 0x20000
x29 <- 0x0000000020000000

mem[X,0x0000000080000C0C] -> 0x8E93
mem[X,0x0000000080000C0E] -> 0x200E
[776] [M]: 0x0000000080000C0C (0x200E8E93) addi t4, t4, 0x200
x29 <- 0x0000000020000200

mem[X,0x0000000080000C10] -> 0x9E93
mem[X,0x0000000080000C12] -> 0x00BE
[777] [M]: 0x0000000080000C10 (0x00BE9E93) slli t4, t4, 0xb
x29 <- 0x0000010000100000

mem[X,0x0000000080000C14] -> 0x8E93
mem[X,0x0000000080000C16] -> 0x004E
[778] [M]: 0x0000000080000C14 (0x004E8E93) addi t4, t4, 0x4
x29 <- 0x0000010000100004

mem[X,0x0000000080000C18] -> 0x9E93
mem[X,0x0000000080000C1A] -> 0x00BE
[779] [M]: 0x0000000080000C18 (0x00BE9E93) slli t4, t4, 0xb
x29 <- 0x0008000080002000

mem[X,0x0000000080000C1C] -> 0x8E93
mem[X,0x0000000080000C1E] -> 0x03FE
[780] [M]: 0x0000000080000C1C (0x03FE8E93) addi t4, t4, 0x3f
x29 <- 0x000800008000203F

mem[X,0x0000000080000C20] -> 0x9E93
mem[X,0x0000000080000C22] -> 0x00AE
[781] [M]: 0x0000000080000C20 (0x00AE9E93) slli t4, t4, 0xa
x29 <- 0x200002000080FC00

mem[X,0x0000000080000C24] -> 0x8E93
mem[X,0x0000000080000C26] -> 0x1FFE
[782] [M]: 0x0000000080000C24 (0x1FFE8E93) addi t4, t4, 0x1ff
x29 <- 0x200002000080FDFF

mem[X,0x0000000080000C28] -> 0x7FBB
mem[X,0x0000000080000C2A] -> 0x99DF
[783] [M]: 0x0000000080000C28 (0x99DF7FBB) pmhaccu.h t6, t5, t4
x31 <- 0x2048269E02DCEEF1

mem[X,0x0000000080000C2C] -> 0xB823
mem[X,0x0000000080000C2E] -> 0x05F0
[784] [M]: 0x0000000080000C2C (0x05F0B823) sd t6, 0x50(ra)
mem[0x0000000080004238] <- 0x2048269E02DCEEF1

mem[X,0x0000000080000C30] -> 0xBF37
mem[X,0x0000000080000C32] -> 0xEFFF
[785] [M]: 0x0000000080000C30 (0xEFFFBF37) lui t5, -0x10005
x30 <- 0xFFFFFFFFEFFFB000

mem[X,0x0000000080000C34] -> 0x0F13
mem[X,0x0000000080000C36] -> 0xAAAF
[786] [M]: 0x0000000080000C34 (0xAAAF0F13) addi t5, t5, -0x556
x30 <- 0xFFFFFFFFEFFFAAAA

mem[X,0x0000000080000C38] -> 0x1F13
mem[X,0x0000000080000C3A] -> 0x00BF
[787] [M]: 0x0000000080000C38 (0x00BF1F13) slli t5, t5, 0xb
x30 <- 0xFFFFFF7FFD555000

mem[X,0x0000000080000C3C] -> 0x0F13
mem[X,0x0000000080000C3E] -> 0x7DFF
[788] [M]: 0x0000000080000C3C (0x7DFF0F13) addi t5, t5, 0x7df
x30 <- 0xFFFFFF7FFD5557DF

mem[X,0x0000000080000C40] -> 0x1F13
mem[X,0x0000000080000C42] -> 0x00BF
[789] [M]: 0x0000000080000C40 (0x00BF1F13) slli t5, t5, 0xb
x30 <- 0xFFFBFFEAAABEF800

mem[X,0x0000000080000C44] -> 0x0F13
mem[X,0x0000000080000C46] -> 0x7FFF
[790] [M]: 0x0000000080000C44 (0x7FFF0F13) addi t5, t5, 0x7ff
x30 <- 0xFFFBFFEAAABEFFFF

mem[X,0x0000000080000C48] -> 0x1F13
mem[X,0x0000000080000C4A] -> 0x00AF
[791] [M]: 0x0000000080000C48 (0x00AF1F13) slli t5, t5, 0xa
x30 <- 0xEFFFAAAAFBFFFC00

mem[X,0x0000000080000C4C] -> 0x0F13
mem[X,0x0000000080000C4E] -> 0x3FEF
[792] [M]: 0x0000000080000C4C (0x3FEF0F13) addi t5, t5, 0x3fe
x30 <- 0xEFFFAAAAFBFFFFFE

mem[X,0x0000000080000C50] -> 0x4EB7
mem[X,0x0000000080000C52] -> 0x4000
[793] [M]: 0x0000000080000C50 (0x40004EB7) lui t4, 0x40004
x29 <- 0x0000000040004000

mem[X,0x0000000080000C54] -> 0x8E93
mem[X,0x0000000080000C56] -> 0x000E
[794] [M]: 0x0000000080000C54 (0x000E8E93) addi t4, t4, 0x0
x29 <- 0x0000000040004000

mem[X,0x0000000080000C58] -> 0x9E93
mem[X,0x0000000080000C5A] -> 0x00BE
[795] [M]: 0x0000000080000C58 (0x00BE9E93) slli t4, t4, 0xb
x29 <- 0x0000020002000000

mem[X,0x0000000080000C5C] -> 0x8E93
mem[X,0x0000000080000C5E] -> 0x7FFE
[796] [M]: 0x0000000080000C5C (0x7FFE8E93) addi t4, t4, 0x7ff
x29 <- 0x00000200020007FF

mem[X,0x0000000080000C60] -> 0x9E93
mem[X,0x0000000080000C62] -> 0x00BE
[797] [M]: 0x0000000080000C60 (0x00BE9E93) slli t4, t4, 0xb
x29 <- 0x00100010003FF800

mem[X,0x0000000080000C64] -> 0x8E93
mem[X,0x0000000080000C66] -> 0x6C0E
[798] [M]: 0x0000000080000C64 (0x6C0E8E93) addi t4, t4, 0x6c0
x29 <- 0x00100010003FFEC0

mem[X,0x0000000080000C68] -> 0x9E93
mem[X,0x0000000080000C6A] -> 0x00AE
[799] [M]: 0x0000000080000C68 (0x00AE9E93) slli t4, t4, 0xa
x29 <- 0x40004000FFFB0000

clint::tick mtime <- 0x0000000000000008
 clint timer pending at mtime 0x0000000000000008
htif::tick 0x0000000000000000
mem[X,0x0000000080000C6C] -> 0x8E93
mem[X,0x0000000080000C6E] -> 0x008E
[800] [M]: 0x0000000080000C6C (0x008E8E93) addi t4, t4, 0x8
x29 <- 0x40004000FFFB0008

mem[X,0x0000000080000C70] -> 0x7FBB
mem[X,0x0000000080000C72] -> 0x99DF
[801] [M]: 0x0000000080000C70 (0x99DF7FBB) pmhaccu.h t6, t5, t4
x31 <- 0x5C475148FED6EEF8

mem[X,0x0000000080000C74] -> 0xBC23
mem[X,0x0000000080000C76] -> 0x05F0
[802] [M]: 0x0000000080000C74 (0x05F0BC23) sd t6, 0x58(ra)
mem[0x0000000080004240] <- 0x5C475148FED6EEF8

mem[X,0x0000000080000C78] -> 0xBF37
mem[X,0x0000000080000C7A] -> 0x0040
[803] [M]: 0x0000000080000C78 (0x0040BF37) lui t5, 0x40b
x30 <- 0x000000000040B000

mem[X,0x0000000080000C7C] -> 0x0F13
mem[X,0x0000000080000C7E] -> 0xAAAF
[804] [M]: 0x0000000080000C7C (0xAAAF0F13) addi t5, t5, -0x556
x30 <- 0x000000000040AAAA

mem[X,0x0000000080000C80] -> 0x1F13
mem[X,0x0000000080000C82] -> 0x00BF
[805] [M]: 0x0000000080000C80 (0x00BF1F13) slli t5, t5, 0xb
x30 <- 0x0000000205555000

mem[X,0x0000000080000C84] -> 0x0F13
mem[X,0x0000000080000C86] -> 0x7FFF
[806] [M]: 0x0000000080000C84 (0x7FFF0F13) addi t5, t5, 0x7ff
x30 <- 0x00000002055557FF

mem[X,0x0000000080000C88] -> 0x1F13
mem[X,0x0000000080000C8A] -> 0x00BF
[807] [M]: 0x0000000080000C88 (0x00BF1F13) slli t5, t5, 0xb
x30 <- 0x0000102AAABFF800

mem[X,0x0000000080000C8C] -> 0x0F13
mem[X,0x0000000080000C8E] -> 0x5FFF
[808] [M]: 0x0000000080000C8C (0x5FFF0F13) addi t5, t5, 0x5ff
x30 <- 0x0000102AAABFFDFF

mem[X,0x0000000080000C90] -> 0x1F13
mem[X,0x0000000080000C92] -> 0x00AF
[809] [M]: 0x0000000080000C90 (0x00AF1F13) slli t5, t5, 0xa
x30 <- 0x0040AAAAFFF7FC00

mem[X,0x0000000080000C94] -> 0x0F13
mem[X,0x0000000080000C96] -> 0x3F6F
[810] [M]: 0x0000000080000C94 (0x3F6F0F13) addi t5, t5, 0x3f6
x30 <- 0x0040AAAAFFF7FFF6

mem[X,0x0000000080000C98] -> 0x0EB7
mem[X,0x0000000080000C9A] -> 0xFFFD
[811] [M]: 0x0000000080000C98 (0xFFFD0EB7) lui t4, -0x30
x29 <- 0xFFFFFFFFFFFD0000

mem[X,0x0000000080000C9C] -> 0x8E93
mem[X,0x0000000080000C9E] -> 0x009E
[812] [M]: 0x0000000080000C9C (0x009E8E93) addi t4, t4, 0x9
x29 <- 0xFFFFFFFFFFFD0009

mem[X,0x0000000080000CA0] -> 0x9E93
mem[X,0x0000000080000CA2] -> 0x00BE
[813] [M]: 0x0000000080000CA0 (0x00BE9E93) slli t4, t4, 0xb
x29 <- 0xFFFFFFFFE8004800

mem[X,0x0000000080000CA4] -> 0x8E93
mem[X,0x0000000080000CA6] -> 0x000E
[814] [M]: 0x0000000080000CA4 (0x000E8E93) addi t4, t4, 0x0
x29 <- 0xFFFFFFFFE8004800

mem[X,0x0000000080000CA8] -> 0x9E93
mem[X,0x0000000080000CAA] -> 0x00BE
[815] [M]: 0x0000000080000CA8 (0x00BE9E93) slli t4, t4, 0xb
x29 <- 0xFFFFFF4002400000

mem[X,0x0000000080000CAC] -> 0x8E93
mem[X,0x0000000080000CAE] -> 0x240E
[816] [M]: 0x0000000080000CAC (0x240E8E93) addi t4, t4, 0x240
x29 <- 0xFFFFFF4002400240

mem[X,0x0000000080000CB0] -> 0x9E93
mem[X,0x0000000080000CB2] -> 0x00AE
[817] [M]: 0x0000000080000CB0 (0x00AE9E93) slli t4, t4, 0xa
x29 <- 0xFFFD000900090000

mem[X,0x0000000080000CB4] -> 0x8E93
mem[X,0x0000000080000CB6] -> 0x006E
[818] [M]: 0x0000000080000CB4 (0x006E8E93) addi t4, t4, 0x6
x29 <- 0xFFFD000900090006

mem[X,0x0000000080000CB8] -> 0x7FBB
mem[X,0x0000000080000CBA] -> 0x99DF
[819] [M]: 0x0000000080000CB8 (0x99DF7FBB) pmhaccu.h t6, t5, t4
x31 <- 0x5C86514DFEDEEEFD

mem[X,0x0000000080000CBC] -> 0xB023
mem[X,0x0000000080000CBE] -> 0x07F0
[820] [M]: 0x0000000080000CBC (0x07F0B023) sd t6, 0x60(ra)
mem[0x0000000080004248] <- 0x5C86514DFEDEEEFD

mem[X,0x0000000080000CC0] -> 0x0F37
mem[X,0x0000000080000CC2] -> 0x1000
[821] [M]: 0x0000000080000CC0 (0x10000F37) lui t5, 0x10000
x30 <- 0x0000000010000000

mem[X,0x0000000080000CC4] -> 0x0F13
mem[X,0x0000000080000CC6] -> 0x040F
[822] [M]: 0x0000000080000CC4 (0x040F0F13) addi t5, t5, 0x40
x30 <- 0x0000000010000040

mem[X,0x0000000080000CC8] -> 0x1F13
mem[X,0x0000000080000CCA] -> 0x00BF
[823] [M]: 0x0000000080000CC8 (0x00BF1F13) slli t5, t5, 0xb
x30 <- 0x0000008000020000

mem[X,0x0000000080000CCC] -> 0x0F13
mem[X,0x0000000080000CCE] -> 0x555F
[824] [M]: 0x0000000080000CCC (0x555F0F13) addi t5, t5, 0x555
x30 <- 0x0000008000020555

mem[X,0x0000000080000CD0] -> 0x1F13
mem[X,0x0000000080000CD2] -> 0x00BF
[825] [M]: 0x0000000080000CD0 (0x00BF1F13) slli t5, t5, 0xb
x30 <- 0x00040000102AA800

mem[X,0x0000000080000CD4] -> 0x0F13
mem[X,0x0000000080000CD6] -> 0x2BFF
[826] [M]: 0x0000000080000CD4 (0x2BFF0F13) addi t5, t5, 0x2bf
x30 <- 0x00040000102AAABF

mem[X,0x0000000080000CD8] -> 0x1F13
mem[X,0x0000000080000CDA] -> 0x00AF
[827] [M]: 0x0000000080000CD8 (0x00AF1F13) slli t5, t5, 0xa
x30 <- 0x10000040AAAAFC00

mem[X,0x0000000080000CDC] -> 0x0F13
mem[X,0x0000000080000CDE] -> 0x2FFF
[828] [M]: 0x0000000080000CDC (0x2FFF0F13) addi t5, t5, 0x2ff
x30 <- 0x10000040AAAAFEFF

mem[X,0x0000000080000CE0] -> 0x1EB7
mem[X,0x0000000080000CE2] -> 0xFFEF
[829] [M]: 0x0000000080000CE0 (0xFFEF1EB7) lui t4, -0x10f
x29 <- 0xFFFFFFFFFFEF1000

mem[X,0x0000000080000CE4] -> 0x8E93
mem[X,0x0000000080000CE6] -> 0x800E
[830] [M]: 0x0000000080000CE4 (0x800E8E93) addi t4, t4, -0x800
x29 <- 0xFFFFFFFFFFEF0800

mem[X,0x0000000080000CE8] -> 0x9E93
mem[X,0x0000000080000CEA] -> 0x00BE
[831] [M]: 0x0000000080000CE8 (0x00BE9E93) slli t4, t4, 0xb
x29 <- 0xFFFFFFFF78400000

mem[X,0x0000000080000CEC] -> 0x8E93
mem[X,0x0000000080000CEE] -> 0x200E
[832] [M]: 0x0000000080000CEC (0x200E8E93) addi t4, t4, 0x200
x29 <- 0xFFFFFFFF78400200

mem[X,0x0000000080000CF0] -> 0x9E93
mem[X,0x0000000080000CF2] -> 0x00BE
[833] [M]: 0x0000000080000CF0 (0x00BE9E93) slli t4, t4, 0xb
x29 <- 0xFFFFFBC200100000

mem[X,0x0000000080000CF4] -> 0x8E93
mem[X,0x0000000080000CF6] -> 0x000E
[834] [M]: 0x0000000080000CF4 (0x000E8E93) addi t4, t4, 0x0
x29 <- 0xFFFFFBC200100000

mem[X,0x0000000080000CF8] -> 0x9E93
mem[X,0x0000000080000CFA] -> 0x00AE
[835] [M]: 0x0000000080000CF8 (0x00AE9E93) slli t4, t4, 0xa
x29 <- 0xFFEF080040000000

mem[X,0x0000000080000CFC] -> 0x8E93
mem[X,0x0000000080000CFE] -> 0x009E
[836] [M]: 0x0000000080000CFC (0x009E8E93) addi t4, t4, 0x9
x29 <- 0xFFEF080040000009

mem[X,0x0000000080000D00] -> 0x7FBB
mem[X,0x0000000080000D02] -> 0x99DF
[837] [M]: 0x0000000080000D00 (0x99DF7FBB) pmhaccu.h t6, t5, t4
x31 <- 0x6C84514F2988EF05

mem[X,0x0000000080000D04] -> 0xB423
mem[X,0x0000000080000D06] -> 0x07F0
[838] [M]: 0x0000000080000D04 (0x07F0B423) sd t6, 0x68(ra)
mem[0x0000000080004250] <- 0x6C84514F2988EF05

mem[X,0x0000000080000D08] -> 0x0F37
mem[X,0x0000000080000D0A] -> 0xFDFF
[839] [M]: 0x0000000080000D08 (0xFDFF0F37) lui t5, -0x2010
x30 <- 0xFFFFFFFFFDFF0000

mem[X,0x0000000080000D0C] -> 0x0F13
mem[X,0x0000000080000D0E] -> 0x002F
[840] [M]: 0x0000000080000D0C (0x002F0F13) addi t5, t5, 0x2
x30 <- 0xFFFFFFFFFDFF0002

mem[X,0x0000000080000D10] -> 0x1F13
mem[X,0x0000000080000D12] -> 0x00BF
[841] [M]: 0x0000000080000D10 (0x00BF1F13) slli t5, t5, 0xb
x30 <- 0xFFFFFFEFF8001000

mem[X,0x0000000080000D14] -> 0x0F13
mem[X,0x0000000080000D16] -> 0x000F
[842] [M]: 0x0000000080000D14 (0x000F0F13) addi t5, t5, 0x0
x30 <- 0xFFFFFFEFF8001000

mem[X,0x0000000080000D18] -> 0x1F13
mem[X,0x0000000080000D1A] -> 0x00BF
[843] [M]: 0x0000000080000D18 (0x00BF1F13) slli t5, t5, 0xb
x30 <- 0xFFFF7FC000800000

mem[X,0x0000000080000D1C] -> 0x0F13
mem[X,0x0000000080000D1E] -> 0x1C0F
[844] [M]: 0x0000000080000D1C (0x1C0F0F13) addi t5, t5, 0x1c0
x30 <- 0xFFFF7FC0008001C0

mem[X,0x0000000080000D20] -> 0x1F13
mem[X,0x0000000080000D22] -> 0x00AF
[845] [M]: 0x0000000080000D20 (0x00AF1F13) slli t5, t5, 0xa
x30 <- 0xFDFF000200070000

mem[X,0x0000000080000D24] -> 0x0F13
mem[X,0x0000000080000D26] -> 0x003F
[846] [M]: 0x0000000080000D24 (0x003F0F13) addi t5, t5, 0x3
x30 <- 0xFDFF000200070003

mem[X,0x0000000080000D28] -> 0xCEB7
mem[X,0x0000000080000D2A] -> 0xFFDF
[847] [M]: 0x0000000080000D28 (0xFFDFCEB7) lui t4, -0x204
x29 <- 0xFFFFFFFFFFDFC000

mem[X,0x0000000080000D2C] -> 0x8E93
mem[X,0x0000000080000D2E] -> 0x000E
[848] [M]: 0x0000000080000D2C (0x000E8E93) addi t4, t4, 0x0
x29 <- 0xFFFFFFFFFFDFC000

mem[X,0x0000000080000D30] -> 0x9E93
mem[X,0x0000000080000D32] -> 0x00BE
[849] [M]: 0x0000000080000D30 (0x00BE9E93) slli t4, t4, 0xb
x29 <- 0xFFFFFFFEFE000000

mem[X,0x0000000080000D34] -> 0x8E93
mem[X,0x0000000080000D36] -> 0x7EFE
[850] [M]: 0x0000000080000D34 (0x7EFE8E93) addi t4, t4, 0x7ef
x29 <- 0xFFFFFFFEFE0007EF

mem[X,0x0000000080000D38] -> 0x9E93
mem[X,0x0000000080000D3A] -> 0x00BE
[851] [M]: 0x0000000080000D38 (0x00BE9E93) slli t4, t4, 0xb
x29 <- 0xFFFFF7F0003F7800

mem[X,0x0000000080000D3C] -> 0x8E93
mem[X,0x0000000080000D3E] -> 0x7C2E
[852] [M]: 0x0000000080000D3C (0x7C2E8E93) addi t4, t4, 0x7c2
x29 <- 0xFFFFF7F0003F7FC2

mem[X,0x0000000080000D40] -> 0x9E93
mem[X,0x0000000080000D42] -> 0x00AE
[853] [M]: 0x0000000080000D40 (0x00AE9E93) slli t4, t4, 0xa
x29 <- 0xFFDFC000FDFF0800

mem[X,0x0000000080000D44] -> 0x7FBB
mem[X,0x0000000080000D46] -> 0x99DF
[854] [M]: 0x0000000080000D44 (0x99DF7FBB) pmhaccu.h t6, t5, t4
x31 <- 0x6A625150298EEF05

mem[X,0x0000000080000D48] -> 0xB823
mem[X,0x0000000080000D4A] -> 0x07F0
[855] [M]: 0x0000000080000D48 (0x07F0B823) sd t6, 0x70(ra)
mem[0x0000000080004258] <- 0x6A625150298EEF05

mem[X,0x0000000080000D4C] -> 0x0F37
mem[X,0x0000000080000D4E] -> 0xFE00
[856] [M]: 0x0000000080000D4C (0xFE000F37) lui t5, -0x2000
x30 <- 0xFFFFFFFFFE000000

mem[X,0x0000000080000D50] -> 0x0F13
mem[X,0x0000000080000D52] -> 0xFF6F
[857] [M]: 0x0000000080000D50 (0xFF6F0F13) addi t5, t5, -0xa
x30 <- 0xFFFFFFFFFDFFFFF6

mem[X,0x0000000080000D54] -> 0x1F13
mem[X,0x0000000080000D56] -> 0x00BF
[858] [M]: 0x0000000080000D54 (0x00BF1F13) slli t5, t5, 0xb
x30 <- 0xFFFFFFEFFFFFB000

mem[X,0x0000000080000D58] -> 0x0F13
mem[X,0x0000000080000D5A] -> 0x000F
[859] [M]: 0x0000000080000D58 (0x000F0F13) addi t5, t5, 0x0
x30 <- 0xFFFFFFEFFFFFB000

mem[X,0x0000000080000D5C] -> 0x1F13
mem[X,0x0000000080000D5E] -> 0x00BF
[860] [M]: 0x0000000080000D5C (0x00BF1F13) slli t5, t5, 0xb
x30 <- 0xFFFF7FFFFD800000

mem[X,0x0000000080000D60] -> 0x0F13
mem[X,0x0000000080000D62] -> 0x100F
[861] [M]: 0x0000000080000D60 (0x100F0F13) addi t5, t5, 0x100
x30 <- 0xFFFF7FFFFD800100

mem[X,0x0000000080000D64] -> 0x1F13
mem[X,0x0000000080000D66] -> 0x00AF
[862] [M]: 0x0000000080000D64 (0x00AF1F13) slli t5, t5, 0xa
x30 <- 0xFDFFFFF600040000

mem[X,0x0000000080000D68] -> 0x0F13
mem[X,0x0000000080000D6A] -> 0x001F
[863] [M]: 0x0000000080000D68 (0x001F0F13) addi t5, t5, 0x1
x30 <- 0xFDFFFFF600040001

mem[X,0x0000000080000D6C] -> 0x0EB7
mem[X,0x0000000080000D6E] -> 0xFFBF
[864] [M]: 0x0000000080000D6C (0xFFBF0EB7) lui t4, -0x410
x29 <- 0xFFFFFFFFFFBF0000

mem[X,0x0000000080000D70] -> 0x8E93
mem[X,0x0000000080000D72] -> 0x400E
[865] [M]: 0x0000000080000D70 (0x400E8E93) addi t4, t4, 0x400
x29 <- 0xFFFFFFFFFFBF0400

mem[X,0x0000000080000D74] -> 0x9E93
mem[X,0x0000000080000D76] -> 0x00BE
[866] [M]: 0x0000000080000D74 (0x00BE9E93) slli t4, t4, 0xb
x29 <- 0xFFFFFFFDF8200000

mem[X,0x0000000080000D78] -> 0x8E93
mem[X,0x0000000080000D7A] -> 0x000E
[867] [M]: 0x0000000080000D78 (0x000E8E93) addi t4, t4, 0x0
x29 <- 0xFFFFFFFDF8200000

mem[X,0x0000000080000D7C] -> 0x9E93
mem[X,0x0000000080000D7E] -> 0x00BE
[868] [M]: 0x0000000080000D7C (0x00BE9E93) slli t4, t4, 0xb
x29 <- 0xFFFFEFC100000000

mem[X,0x0000000080000D80] -> 0x8E93
mem[X,0x0000000080000D82] -> 0x27FE
[869] [M]: 0x0000000080000D80 (0x27FE8E93) addi t4, t4, 0x27f
x29 <- 0xFFFFEFC10000027F

mem[X,0x0000000080000D84] -> 0x9E93
mem[X,0x0000000080000D86] -> 0x00AE
[870] [M]: 0x0000000080000D84 (0x00AE9E93) slli t4, t4, 0xa
x29 <- 0xFFBF04000009FC00

mem[X,0x0000000080000D88] -> 0x8E93
mem[X,0x0000000080000D8A] -> 0x3F8E
[871] [M]: 0x0000000080000D88 (0x3F8E8E93) addi t4, t4, 0x3f8
x29 <- 0xFFBF04000009FFF8

mem[X,0x0000000080000D8C] -> 0x7FBB
mem[X,0x0000000080000D8E] -> 0x99DF
[872] [M]: 0x0000000080000D8C (0x99DF7FBB) pmhaccu.h t6, t5, t4
x31 <- 0x6820554F298EEF05

mem[X,0x0000000080000D90] -> 0xBC23
mem[X,0x0000000080000D92] -> 0x07F0
[873] [M]: 0x0000000080000D90 (0x07F0BC23) sd t6, 0x78(ra)
mem[0x0000000080004260] <- 0x6820554F298EEF05

mem[X,0x0000000080000D94] -> 0x0F37
mem[X,0x0000000080000D96] -> 0xEFFF
[874] [M]: 0x0000000080000D94 (0xEFFF0F37) lui t5, -0x10010
x30 <- 0xFFFFFFFFEFFF0000

mem[X,0x0000000080000D98] -> 0x0F13
mem[X,0x0000000080000D9A] -> 0x400F
[875] [M]: 0x0000000080000D98 (0x400F0F13) addi t5, t5, 0x400
x30 <- 0xFFFFFFFFEFFF0400

mem[X,0x0000000080000D9C] -> 0x1F13
mem[X,0x0000000080000D9E] -> 0x00BF
[876] [M]: 0x0000000080000D9C (0x00BF1F13) slli t5, t5, 0xb
x30 <- 0xFFFFFF7FF8200000

mem[X,0x0000000080000DA0] -> 0x0F13
mem[X,0x0000000080000DA2] -> 0x7FFF
[877] [M]: 0x0000000080000DA0 (0x7FFF0F13) addi t5, t5, 0x7ff
x30 <- 0xFFFFFF7FF82007FF

mem[X,0x0000000080000DA4] -> 0x1F13
mem[X,0x0000000080000DA6] -> 0x00BF
[878] [M]: 0x0000000080000DA4 (0x00BF1F13) slli t5, t5, 0xb
x30 <- 0xFFFBFFC1003FF800

mem[X,0x0000000080000DA8] -> 0x0F13
mem[X,0x0000000080000DAA] -> 0x7BFF
[879] [M]: 0x0000000080000DA8 (0x7BFF0F13) addi t5, t5, 0x7bf
x30 <- 0xFFFBFFC1003FFFBF

mem[X,0x0000000080000DAC] -> 0x1F13
mem[X,0x0000000080000DAE] -> 0x00AF
[880] [M]: 0x0000000080000DAC (0x00AF1F13) slli t5, t5, 0xa
x30 <- 0xEFFF0400FFFEFC00

mem[X,0x0000000080000DB0] -> 0x0F13
mem[X,0x0000000080000DB2] -> 0x3F6F
[881] [M]: 0x0000000080000DB0 (0x3F6F0F13) addi t5, t5, 0x3f6
x30 <- 0xEFFF0400FFFEFFF6

mem[X,0x0000000080000DB4] -> 0x4EB7
mem[X,0x0000000080000DB6] -> 0xFEFF
[882] [M]: 0x0000000080000DB4 (0xFEFF4EB7) lui t4, -0x100c
x29 <- 0xFFFFFFFFFEFF4000

mem[X,0x0000000080000DB8] -> 0x8E93
mem[X,0x0000000080000DBA] -> 0x000E
[883] [M]: 0x0000000080000DB8 (0x000E8E93) addi t4, t4, 0x0
x29 <- 0xFFFFFFFFFEFF4000

mem[X,0x0000000080000DBC] -> 0x9E93
mem[X,0x0000000080000DBE] -> 0x00BE
[884] [M]: 0x0000000080000DBC (0x00BE9E93) slli t4, t4, 0xb
x29 <- 0xFFFFFFF7FA000000

mem[X,0x0000000080000DC0] -> 0x8E93
mem[X,0x0000000080000DC2] -> 0x002E
[885] [M]: 0x0000000080000DC0 (0x002E8E93) addi t4, t4, 0x2
x29 <- 0xFFFFFFF7FA000002

mem[X,0x0000000080000DC4] -> 0x9E93
mem[X,0x0000000080000DC6] -> 0x00BE
[886] [M]: 0x0000000080000DC4 (0x00BE9E93) slli t4, t4, 0xb
x29 <- 0xFFFFBFD000001000

mem[X,0x0000000080000DC8] -> 0x8E93
mem[X,0x0000000080000DCA] -> 0x010E
[887] [M]: 0x0000000080000DC8 (0x010E8E93) addi t4, t4, 0x10
x29 <- 0xFFFFBFD000001010

mem[X,0x0000000080000DCC] -> 0x9E93
mem[X,0x0000000080000DCE] -> 0x00AE
[888] [M]: 0x0000000080000DCC (0x00AE9E93) slli t4, t4, 0xa
x29 <- 0xFEFF400000404000

mem[X,0x0000000080000DD0] -> 0x7FBB
mem[X,0x0000000080000DD2] -> 0x99DF
[889] [M]: 0x0000000080000DD0 (0x99DF7FBB) pmhaccu.h t6, t5, t4
x31 <- 0x572E564F29CD2F02

mem[X,0x0000000080000DD4] -> 0xB023
mem[X,0x0000000080000DD6] -> 0x09F0
[890] [M]: 0x0000000080000DD4 (0x09F0B023) sd t6, 0x80(ra)
mem[0x0000000080004268] <- 0x572E564F29CD2F02

mem[X,0x0000000080000DD8] -> 0x0F37
mem[X,0x0000000080000DDA] -> 0xFFBF
[891] [M]: 0x0000000080000DD8 (0xFFBF0F37) lui t5, -0x410
x30 <- 0xFFFFFFFFFFBF0000

mem[X,0x0000000080000DDC] -> 0x0F13
mem[X,0x0000000080000DDE] -> 0x010F
[892] [M]: 0x0000000080000DDC (0x010F0F13) addi t5, t5, 0x10
x30 <- 0xFFFFFFFFFFBF0010

mem[X,0x0000000080000DE0] -> 0x1F13
mem[X,0x0000000080000DE2] -> 0x00BF
[893] [M]: 0x0000000080000DE0 (0x00BF1F13) slli t5, t5, 0xb
x30 <- 0xFFFFFFFDF8008000

mem[X,0x0000000080000DE4] -> 0x0F13
mem[X,0x0000000080000DE6] -> 0x7FBF
[894] [M]: 0x0000000080000DE4 (0x7FBF0F13) addi t5, t5, 0x7fb
x30 <- 0xFFFFFFFDF80087FB

mem[X,0x0000000080000DE8] -> 0x1F13
mem[X,0x0000000080000DEA] -> 0x00BF
[895] [M]: 0x0000000080000DE8 (0x00BF1F13) slli t5, t5, 0xb
x30 <- 0xFFFFEFC0043FD800

mem[X,0x0000000080000DEC] -> 0x0F13
mem[X,0x0000000080000DEE] -> 0x7C4F
[896] [M]: 0x0000000080000DEC (0x7C4F0F13) addi t5, t5, 0x7c4
x30 <- 0xFFFFEFC0043FDFC4

mem[X,0x0000000080000DF0] -> 0x1F13
mem[X,0x0000000080000DF2] -> 0x00AF
[897] [M]: 0x0000000080000DF0 (0x00AF1F13) slli t5, t5, 0xa
x30 <- 0xFFBF0010FF7F1000

mem[X,0x0000000080000DF4] -> 0x0EB7
mem[X,0x0000000080000DF6] -> 0xFBFF
[898] [M]: 0x0000000080000DF4 (0xFBFF0EB7) lui t4, -0x4010
x29 <- 0xFFFFFFFFFBFF0000

mem[X,0x0000000080000DF8] -> 0x8E93
mem[X,0x0000000080000DFA] -> 0x001E
[899] [M]: 0x0000000080000DF8 (0x001E8E93) addi t4, t4, 0x1
x29 <- 0xFFFFFFFFFBFF0001

clint::tick mtime <- 0x0000000000000009
 clint timer pending at mtime 0x0000000000000009
htif::tick 0x0000000000000000
mem[X,0x0000000080000DFC] -> 0x9E93
mem[X,0x0000000080000DFE] -> 0x00BE
[900] [M]: 0x0000000080000DFC (0x00BE9E93) slli t4, t4, 0xb
x29 <- 0xFFFFFFDFF8000800

mem[X,0x0000000080000E00] -> 0x8E93
mem[X,0x0000000080000E02] -> 0x002E
[901] [M]: 0x0000000080000E00 (0x002E8E93) addi t4, t4, 0x2
x29 <- 0xFFFFFFDFF8000802

mem[X,0x0000000080000E04] -> 0x9E93
mem[X,0x0000000080000E06] -> 0x00BE
[902] [M]: 0x0000000080000E04 (0x00BE9E93) slli t4, t4, 0xb
x29 <- 0xFFFEFFC000401000

mem[X,0x0000000080000E08] -> 0x8E93
mem[X,0x0000000080000E0A] -> 0x000E
[903] [M]: 0x0000000080000E08 (0x000E8E93) addi t4, t4, 0x0
x29 <- 0xFFFEFFC000401000

mem[X,0x0000000080000E0C] -> 0x9E93
mem[X,0x0000000080000E0E] -> 0x00AE
[904] [M]: 0x0000000080000E0C (0x00AE9E93) slli t4, t4, 0xa
x29 <- 0xFBFF000100400000

mem[X,0x0000000080000E10] -> 0x8E93
mem[X,0x0000000080000E12] -> 0x001E
[905] [M]: 0x0000000080000E10 (0x001E8E93) addi t4, t4, 0x1
x29 <- 0xFBFF000100400001

mem[X,0x0000000080000E14] -> 0x7FBB
mem[X,0x0000000080000E16] -> 0x99DF
[906] [M]: 0x0000000080000E14 (0x99DF7FBB) pmhaccu.h t6, t5, t4
x31 <- 0x52ED564F2A0C2F02

mem[X,0x0000000080000E18] -> 0xB423
mem[X,0x0000000080000E1A] -> 0x09F0
[907] [M]: 0x0000000080000E18 (0x09F0B423) sd t6, 0x88(ra)
mem[0x0000000080004270] <- 0x52ED564F2A0C2F02

mem[X,0x0000000080000E1C] -> 0x0F37
mem[X,0x0000000080000E1E] -> 0x0000
[908] [M]: 0x0000000080000E1C (0x00000F37) lui t5, 0x0
x30 <- 0x0000000000000000

mem[X,0x0000000080000E20] -> 0x0F13
mem[X,0x0000000080000E22] -> 0x008F
[909] [M]: 0x0000000080000E20 (0x008F0F13) addi t5, t5, 0x8
x30 <- 0x0000000000000008

mem[X,0x0000000080000E24] -> 0x1F13
mem[X,0x0000000080000E26] -> 0x00BF
[910] [M]: 0x0000000080000E24 (0x00BF1F13) slli t5, t5, 0xb
x30 <- 0x0000000000004000

mem[X,0x0000000080000E28] -> 0x0F13
mem[X,0x0000000080000E2A] -> 0x000F
[911] [M]: 0x0000000080000E28 (0x000F0F13) addi t5, t5, 0x0
x30 <- 0x0000000000004000

mem[X,0x0000000080000E2C] -> 0x1F13
mem[X,0x0000000080000E2E] -> 0x00BF
[912] [M]: 0x0000000080000E2C (0x00BF1F13) slli t5, t5, 0xb
x30 <- 0x0000000002000000

mem[X,0x0000000080000E30] -> 0x0F13
mem[X,0x0000000080000E32] -> 0x0FFF
[913] [M]: 0x0000000080000E30 (0x0FFF0F13) addi t5, t5, 0xff
x30 <- 0x00000000020000FF

mem[X,0x0000000080000E34] -> 0x1F13
mem[X,0x0000000080000E36] -> 0x00AF
[914] [M]: 0x0000000080000E34 (0x00AF1F13) slli t5, t5, 0xa
x30 <- 0x000000080003FC00

mem[X,0x0000000080000E38] -> 0x0F13
mem[X,0x0000000080000E3A] -> 0x1FFF
[915] [M]: 0x0000000080000E38 (0x1FFF0F13) addi t5, t5, 0x1ff
x30 <- 0x000000080003FDFF

mem[X,0x0000000080000E3C] -> 0x0EB7
mem[X,0x0000000080000E3E] -> 0xF000
[916] [M]: 0x0000000080000E3C (0xF0000EB7) lui t4, -0x10000
x29 <- 0xFFFFFFFFF0000000

mem[X,0x0000000080000E40] -> 0x8E93
mem[X,0x0000000080000E42] -> 0xFF6E
[917] [M]: 0x0000000080000E40 (0xFF6E8E93) addi t4, t4, -0xa
x29 <- 0xFFFFFFFFEFFFFFF6

mem[X,0x0000000080000E44] -> 0x9E93
mem[X,0x0000000080000E46] -> 0x00BE
[918] [M]: 0x0000000080000E44 (0x00BE9E93) slli t4, t4, 0xb
x29 <- 0xFFFFFF7FFFFFB000

mem[X,0x0000000080000E48] -> 0x8E93
mem[X,0x0000000080000E4A] -> 0x7DFE
[919] [M]: 0x0000000080000E48 (0x7DFE8E93) addi t4, t4, 0x7df
x29 <- 0xFFFFFF7FFFFFB7DF

mem[X,0x0000000080000E4C] -> 0x9E93
mem[X,0x0000000080000E4E] -> 0x00BE
[920] [M]: 0x0000000080000E4C (0x00BE9E93) slli t4, t4, 0xb
x29 <- 0xFFFBFFFFFDBEF800

mem[X,0x0000000080000E50] -> 0x8E93
mem[X,0x0000000080000E52] -> 0x7C0E
[921] [M]: 0x0000000080000E50 (0x7C0E8E93) addi t4, t4, 0x7c0
x29 <- 0xFFFBFFFFFDBEFFC0

mem[X,0x0000000080000E54] -> 0x9E93
mem[X,0x0000000080000E56] -> 0x00AE
[922] [M]: 0x0000000080000E54 (0x00AE9E93) slli t4, t4, 0xa
x29 <- 0xEFFFFFF6FBFF0000

mem[X,0x0000000080000E58] -> 0x8E93
mem[X,0x0000000080000E5A] -> 0x009E
[923] [M]: 0x0000000080000E58 (0x009E8E93) addi t4, t4, 0x9
x29 <- 0xEFFFFFF6FBFF0009

mem[X,0x0000000080000E5C] -> 0x7FBB
mem[X,0x0000000080000E5E] -> 0x99DF
[924] [M]: 0x0000000080000E5C (0x99DF7FBB) pmhaccu.h t6, t5, t4
x31 <- 0x52ED56562A0E2F0A

mem[X,0x0000000080000E60] -> 0xB823
mem[X,0x0000000080000E62] -> 0x09F0
[925] [M]: 0x0000000080000E60 (0x09F0B823) sd t6, 0x90(ra)
mem[0x0000000080004278] <- 0x52ED56562A0E2F0A

mem[X,0x0000000080000E64] -> 0x4F37
mem[X,0x0000000080000E66] -> 0xFFFE
[926] [M]: 0x0000000080000E64 (0xFFFE4F37) lui t5, -0x1c
x30 <- 0xFFFFFFFFFFFE4000

mem[X,0x0000000080000E68] -> 0x0F13
mem[X,0x0000000080000E6A] -> 0xFFFF
[927] [M]: 0x0000000080000E68 (0xFFFF0F13) addi t5, t5, -0x1
x30 <- 0xFFFFFFFFFFFE3FFF

mem[X,0x0000000080000E6C] -> 0x1F13
mem[X,0x0000000080000E6E] -> 0x00BF
[928] [M]: 0x0000000080000E6C (0x00BF1F13) slli t5, t5, 0xb
x30 <- 0xFFFFFFFFF1FFF800

mem[X,0x0000000080000E70] -> 0x0F13
mem[X,0x0000000080000E72] -> 0x000F
[929] [M]: 0x0000000080000E70 (0x000F0F13) addi t5, t5, 0x0
x30 <- 0xFFFFFFFFF1FFF800

mem[X,0x0000000080000E74] -> 0x1F13
mem[X,0x0000000080000E76] -> 0x00BF
[930] [M]: 0x0000000080000E74 (0x00BF1F13) slli t5, t5, 0xb
x30 <- 0xFFFFFF8FFFC00000

mem[X,0x0000000080000E78] -> 0x0F13
mem[X,0x0000000080000E7A] -> 0x1C0F
[931] [M]: 0x0000000080000E78 (0x1C0F0F13) addi t5, t5, 0x1c0
x30 <- 0xFFFFFF8FFFC001C0

mem[X,0x0000000080000E7C] -> 0x1F13
mem[X,0x0000000080000E7E] -> 0x00AF
[932] [M]: 0x0000000080000E7C (0x00AF1F13) slli t5, t5, 0xa
x30 <- 0xFFFE3FFF00070000

mem[X,0x0000000080000E80] -> 0x0F13
mem[X,0x0000000080000E82] -> 0x100F
[933] [M]: 0x0000000080000E80 (0x100F0F13) addi t5, t5, 0x100
x30 <- 0xFFFE3FFF00070100

mem[X,0x0000000080000E84] -> 0x0EB7
mem[X,0x0000000080000E86] -> 0x5555
[934] [M]: 0x0000000080000E84 (0x55550EB7) lui t4, 0x55550
x29 <- 0x0000000055550000

mem[X,0x0000000080000E88] -> 0x8E93
mem[X,0x0000000080000E8A] -> 0x004E
[935] [M]: 0x0000000080000E88 (0x004E8E93) addi t4, t4, 0x4
x29 <- 0x0000000055550004

mem[X,0x0000000080000E8C] -> 0x9E93
mem[X,0x0000000080000E8E] -> 0x00BE
[936] [M]: 0x0000000080000E8C (0x00BE9E93) slli t4, t4, 0xb
x29 <- 0x000002AAA8002000

mem[X,0x0000000080000E90] -> 0x8E93
mem[X,0x0000000080000E92] -> 0x7F7E
[937] [M]: 0x0000000080000E90 (0x7F7E8E93) addi t4, t4, 0x7f7
x29 <- 0x000002AAA80027F7

mem[X,0x0000000080000E94] -> 0x9E93
mem[X,0x0000000080000E96] -> 0x00BE
[938] [M]: 0x0000000080000E94 (0x00BE9E93) slli t4, t4, 0xb
x29 <- 0x00155540013FB800

mem[X,0x0000000080000E98] -> 0x8E93
mem[X,0x0000000080000E9A] -> 0x7FFE
[939] [M]: 0x0000000080000E98 (0x7FFE8E93) addi t4, t4, 0x7ff
x29 <- 0x00155540013FBFFF

mem[X,0x0000000080000E9C] -> 0x9E93
mem[X,0x0000000080000E9E] -> 0x00AE
[940] [M]: 0x0000000080000E9C (0x00AE9E93) slli t4, t4, 0xa
x29 <- 0x55550004FEFFFC00

mem[X,0x0000000080000EA0] -> 0x8E93
mem[X,0x0000000080000EA2] -> 0x3F6E
[941] [M]: 0x0000000080000EA0 (0x3F6E8E93) addi t4, t4, 0x3f6
x29 <- 0x55550004FEFFFFF6

mem[X,0x0000000080000EA4] -> 0x7FBB
mem[X,0x0000000080000EA6] -> 0x99DF
[942] [M]: 0x0000000080000EA4 (0x99DF7FBB) pmhaccu.h t6, t5, t4
x31 <- 0xA84156562A143009

mem[X,0x0000000080000EA8] -> 0xBC23
mem[X,0x0000000080000EAA] -> 0x09F0
[943] [M]: 0x0000000080000EA8 (0x09F0BC23) sd t6, 0x98(ra)
mem[0x0000000080004280] <- 0xA84156562A143009

mem[X,0x0000000080000EAC] -> 0x0F37
mem[X,0x0000000080000EAE] -> 0x0040
[944] [M]: 0x0000000080000EAC (0x00400F37) lui t5, 0x400
x30 <- 0x0000000000400000

mem[X,0x0000000080000EB0] -> 0x0F13
mem[X,0x0000000080000EB2] -> 0x009F
[945] [M]: 0x0000000080000EB0 (0x009F0F13) addi t5, t5, 0x9
x30 <- 0x0000000000400009

mem[X,0x0000000080000EB4] -> 0x1F13
mem[X,0x0000000080000EB6] -> 0x00BF
[946] [M]: 0x0000000080000EB4 (0x00BF1F13) slli t5, t5, 0xb
x30 <- 0x0000000200004800

mem[X,0x0000000080000EB8] -> 0x0F13
mem[X,0x0000000080000EBA] -> 0x020F
[947] [M]: 0x0000000080000EB8 (0x020F0F13) addi t5, t5, 0x20
x30 <- 0x0000000200004820

mem[X,0x0000000080000EBC] -> 0x1F13
mem[X,0x0000000080000EBE] -> 0x00BF
[948] [M]: 0x0000000080000EBC (0x00BF1F13) slli t5, t5, 0xb
x30 <- 0x0000100002410000

mem[X,0x0000000080000EC0] -> 0x0F13
mem[X,0x0000000080000EC2] -> 0x03BF
[949] [M]: 0x0000000080000EC0 (0x03BF0F13) addi t5, t5, 0x3b
x30 <- 0x000010000241003B

mem[X,0x0000000080000EC4] -> 0x1F13
mem[X,0x0000000080000EC6] -> 0x00AF
[950] [M]: 0x0000000080000EC4 (0x00AF1F13) slli t5, t5, 0xa
x30 <- 0x004000090400EC00

mem[X,0x0000000080000EC8] -> 0x0F13
mem[X,0x0000000080000ECA] -> 0x3FFF
[951] [M]: 0x0000000080000EC8 (0x3FFF0F13) addi t5, t5, 0x3ff
x30 <- 0x004000090400EFFF

mem[X,0x0000000080000ECC] -> 0x0EB7
mem[X,0x0000000080000ECE] -> 0xAAAA
[952] [M]: 0x0000000080000ECC (0xAAAA0EB7) lui t4, -0x55560
x29 <- 0xFFFFFFFFAAAA0000

mem[X,0x0000000080000ED0] -> 0x8E93
mem[X,0x0000000080000ED2] -> 0x003E
[953] [M]: 0x0000000080000ED0 (0x003E8E93) addi t4, t4, 0x3
x29 <- 0xFFFFFFFFAAAA0003

mem[X,0x0000000080000ED4] -> 0x9E93
mem[X,0x0000000080000ED6] -> 0x00BE
[954] [M]: 0x0000000080000ED4 (0x00BE9E93) slli t4, t4, 0xb
x29 <- 0xFFFFFD5550001800

mem[X,0x0000000080000ED8] -> 0x8E93
mem[X,0x0000000080000EDA] -> 0x7FFE
[955] [M]: 0x0000000080000ED8 (0x7FFE8E93) addi t4, t4, 0x7ff
x29 <- 0xFFFFFD5550001FFF

mem[X,0x0000000080000EDC] -> 0x9E93
mem[X,0x0000000080000EDE] -> 0x00BE
[956] [M]: 0x0000000080000EDC (0x00BE9E93) slli t4, t4, 0xb
x29 <- 0xFFEAAA8000FFF800

mem[X,0x0000000080000EE0] -> 0x8E93
mem[X,0x0000000080000EE2] -> 0x6C0E
[957] [M]: 0x0000000080000EE0 (0x6C0E8E93) addi t4, t4, 0x6c0
x29 <- 0xFFEAAA8000FFFEC0

mem[X,0x0000000080000EE4] -> 0x9E93
mem[X,0x0000000080000EE6] -> 0x00AE
[958] [M]: 0x0000000080000EE4 (0x00AE9E93) slli t4, t4, 0xa
x29 <- 0xAAAA0003FFFB0000

mem[X,0x0000000080000EE8] -> 0x8E93
mem[X,0x0000000080000EEA] -> 0x020E
[959] [M]: 0x0000000080000EE8 (0x020E8E93) addi t4, t4, 0x20
x29 <- 0xAAAA0003FFFB0020

mem[X,0x0000000080000EEC] -> 0x7FBB
mem[X,0x0000000080000EEE] -> 0x99DF
[960] [M]: 0x0000000080000EEC (0x99DF7FBB) pmhaccu.h t6, t5, t4
x31 <- 0xA86B56562E133026

mem[X,0x0000000080000EF0] -> 0xB023
mem[X,0x0000000080000EF2] -> 0x0BF0
[961] [M]: 0x0000000080000EF0 (0x0BF0B023) sd t6, 0xa0(ra)
mem[0x0000000080004288] <- 0xA86B56562E133026

mem[X,0x0000000080000EF4] -> 0x0F37
mem[X,0x0000000080000EF6] -> 0xAAAA
[962] [M]: 0x0000000080000EF4 (0xAAAA0F37) lui t5, -0x55560
x30 <- 0xFFFFFFFFAAAA0000

mem[X,0x0000000080000EF8] -> 0x0F13
mem[X,0x0000000080000EFA] -> 0x100F
[963] [M]: 0x0000000080000EF8 (0x100F0F13) addi t5, t5, 0x100
x30 <- 0xFFFFFFFFAAAA0100

mem[X,0x0000000080000EFC] -> 0x1F13
mem[X,0x0000000080000EFE] -> 0x00BF
[964] [M]: 0x0000000080000EFC (0x00BF1F13) slli t5, t5, 0xb
x30 <- 0xFFFFFD5550080000

mem[X,0x0000000080000F00] -> 0x0F13
mem[X,0x0000000080000F02] -> 0x7DFF
[965] [M]: 0x0000000080000F00 (0x7DFF0F13) addi t5, t5, 0x7df
x30 <- 0xFFFFFD55500807DF

mem[X,0x0000000080000F04] -> 0x1F13
mem[X,0x0000000080000F06] -> 0x00BF
[966] [M]: 0x0000000080000F04 (0x00BF1F13) slli t5, t5, 0xb
x30 <- 0xFFEAAA80403EF800

mem[X,0x0000000080000F08] -> 0x0F13
mem[X,0x0000000080000F0A] -> 0x7F7F
[967] [M]: 0x0000000080000F08 (0x7F7F0F13) addi t5, t5, 0x7f7
x30 <- 0xFFEAAA80403EFFF7

mem[X,0x0000000080000F0C] -> 0x1F13
mem[X,0x0000000080000F0E] -> 0x00AF
[968] [M]: 0x0000000080000F0C (0x00AF1F13) slli t5, t5, 0xa
x30 <- 0xAAAA0100FBFFDC00

mem[X,0x0000000080000F10] -> 0x0F13
mem[X,0x0000000080000F12] -> 0x3FFF
[969] [M]: 0x0000000080000F10 (0x3FFF0F13) addi t5, t5, 0x3ff
x30 <- 0xAAAA0100FBFFDFFF

mem[X,0x0000000080000F14] -> 0x0EB7
mem[X,0x0000000080000F16] -> 0x0005
[970] [M]: 0x0000000080000F14 (0x00050EB7) lui t4, 0x50
x29 <- 0x0000000000050000

mem[X,0x0000000080000F18] -> 0x8E93
mem[X,0x0000000080000F1A] -> 0xFDFE
[971] [M]: 0x0000000080000F18 (0xFDFE8E93) addi t4, t4, -0x21
x29 <- 0x000000000004FFDF

mem[X,0x0000000080000F1C] -> 0x9E93
mem[X,0x0000000080000F1E] -> 0x00BE
[972] [M]: 0x0000000080000F1C (0x00BE9E93) slli t4, t4, 0xb
x29 <- 0x0000000027FEF800

mem[X,0x0000000080000F20] -> 0x8E93
mem[X,0x0000000080000F22] -> 0x000E
[973] [M]: 0x0000000080000F20 (0x000E8E93) addi t4, t4, 0x0
x29 <- 0x0000000027FEF800

mem[X,0x0000000080000F24] -> 0x9E93
mem[X,0x0000000080000F26] -> 0x00BE
[974] [M]: 0x0000000080000F24 (0x00BE9E93) slli t4, t4, 0xb
x29 <- 0x0000013FF7C00000

mem[X,0x0000000080000F28] -> 0x8E93
mem[X,0x0000000080000F2A] -> 0x277E
[975] [M]: 0x0000000080000F28 (0x277E8E93) addi t4, t4, 0x277
x29 <- 0x0000013FF7C00277

mem[X,0x0000000080000F2C] -> 0x9E93
mem[X,0x0000000080000F2E] -> 0x00AE
[976] [M]: 0x0000000080000F2C (0x00AE9E93) slli t4, t4, 0xa
x29 <- 0x0004FFDF0009DC00

mem[X,0x0000000080000F30] -> 0x8E93
mem[X,0x0000000080000F32] -> 0x3FFE
[977] [M]: 0x0000000080000F30 (0x3FFE8E93) addi t4, t4, 0x3ff
x29 <- 0x0004FFDF0009DFFF

mem[X,0x0000000080000F34] -> 0x7FBB
mem[X,0x0000000080000F36] -> 0x99DF
[978] [M]: 0x0000000080000F34 (0x99DF7FBB) pmhaccu.h t6, t5, t4
x31 <- 0xA86D57552E1BF424

mem[X,0x0000000080000F38] -> 0xB423
mem[X,0x0000000080000F3A] -> 0x0BF0
[979] [M]: 0x0000000080000F38 (0x0BF0B423) sd t6, 0xa8(ra)
mem[0x0000000080004290] <- 0xA86D57552E1BF424

mem[X,0x0000000080000F3C] -> 0x2F37
mem[X,0x0000000080000F3E] -> 0xFFDF
[980] [M]: 0x0000000080000F3C (0xFFDF2F37) lui t5, -0x20e
x30 <- 0xFFFFFFFFFFDF2000

mem[X,0x0000000080000F40] -> 0x0F13
mem[X,0x0000000080000F42] -> 0x000F
[981] [M]: 0x0000000080000F40 (0x000F0F13) addi t5, t5, 0x0
x30 <- 0xFFFFFFFFFFDF2000

mem[X,0x0000000080000F44] -> 0x1F13
mem[X,0x0000000080000F46] -> 0x00BF
[982] [M]: 0x0000000080000F44 (0x00BF1F13) slli t5, t5, 0xb
x30 <- 0xFFFFFFFEF9000000

mem[X,0x0000000080000F48] -> 0x0F13
mem[X,0x0000000080000F4A] -> 0x1FFF
[983] [M]: 0x0000000080000F48 (0x1FFF0F13) addi t5, t5, 0x1ff
x30 <- 0xFFFFFFFEF90001FF

mem[X,0x0000000080000F4C] -> 0x1F13
mem[X,0x0000000080000F4E] -> 0x00BF
[984] [M]: 0x0000000080000F4C (0x00BF1F13) slli t5, t5, 0xb
x30 <- 0xFFFFF7C8000FF800

mem[X,0x0000000080000F50] -> 0x0F13
mem[X,0x0000000080000F52] -> 0x7EFF
[985] [M]: 0x0000000080000F50 (0x7EFF0F13) addi t5, t5, 0x7ef
x30 <- 0xFFFFF7C8000FFFEF

mem[X,0x0000000080000F54] -> 0x1F13
mem[X,0x0000000080000F56] -> 0x00AF
[986] [M]: 0x0000000080000F54 (0x00AF1F13) slli t5, t5, 0xa
x30 <- 0xFFDF20003FFFBC00

mem[X,0x0000000080000F58] -> 0x0F13
mem[X,0x0000000080000F5A] -> 0x3FFF
[987] [M]: 0x0000000080000F58 (0x3FFF0F13) addi t5, t5, 0x3ff
x30 <- 0xFFDF20003FFFBFFF

mem[X,0x0000000080000F5C] -> 0x0EB7
mem[X,0x0000000080000F5E] -> 0xFFFF
[988] [M]: 0x0000000080000F5C (0xFFFF0EB7) lui t4, -0x10
x29 <- 0xFFFFFFFFFFFF0000

mem[X,0x0000000080000F60] -> 0x8E93
mem[X,0x0000000080000F62] -> 0xFFDE
[989] [M]: 0x0000000080000F60 (0xFFDE8E93) addi t4, t4, -0x3
x29 <- 0xFFFFFFFFFFFEFFFD

mem[X,0x0000000080000F64] -> 0x9E93
mem[X,0x0000000080000F66] -> 0x00BE
[990] [M]: 0x0000000080000F64 (0x00BE9E93) slli t4, t4, 0xb
x29 <- 0xFFFFFFFFF7FFE800

mem[X,0x0000000080000F68] -> 0x8E93
mem[X,0x0000000080000F6A] -> 0x080E
[991] [M]: 0x0000000080000F68 (0x080E8E93) addi t4, t4, 0x80
x29 <- 0xFFFFFFFFF7FFE880

mem[X,0x0000000080000F6C] -> 0x9E93
mem[X,0x0000000080000F6E] -> 0x00BE
[992] [M]: 0x0000000080000F6C (0x00BE9E93) slli t4, t4, 0xb
x29 <- 0xFFFFFFBFFF440000

mem[X,0x0000000080000F70] -> 0x8E93
mem[X,0x0000000080000F72] -> 0x03BE
[993] [M]: 0x0000000080000F70 (0x03BE8E93) addi t4, t4, 0x3b
x29 <- 0xFFFFFFBFFF44003B

mem[X,0x0000000080000F74] -> 0x9E93
mem[X,0x0000000080000F76] -> 0x00AE
[994] [M]: 0x0000000080000F74 (0x00AE9E93) slli t4, t4, 0xa
x29 <- 0xFFFEFFFD1000EC00

mem[X,0x0000000080000F78] -> 0x8E93
mem[X,0x0000000080000F7A] -> 0x3FFE
[995] [M]: 0x0000000080000F78 (0x3FFE8E93) addi t4, t4, 0x3ff
x29 <- 0xFFFEFFFD1000EFFF

mem[X,0x0000000080000F7C] -> 0x7FBB
mem[X,0x0000000080000F7E] -> 0x99DF
[996] [M]: 0x0000000080000F7C (0x99DF7FBB) pmhaccu.h t6, t5, t4
x31 <- 0xA84A7754321AA822

mem[X,0x0000000080000F80] -> 0xB823
mem[X,0x0000000080000F82] -> 0x0BF0
[997] [M]: 0x0000000080000F80 (0x0BF0B823) sd t6, 0xb0(ra)
mem[0x0000000080004298] <- 0xA84A7754321AA822

mem[X,0x0000000080000F84] -> 0x0F37
mem[X,0x0000000080000F86] -> 0xFF80
[998] [M]: 0x0000000080000F84 (0xFF800F37) lui t5, -0x800
x30 <- 0xFFFFFFFFFF800000

mem[X,0x0000000080000F88] -> 0x0F13
mem[X,0x0000000080000F8A] -> 0xFFDF
[999] [M]: 0x0000000080000F88 (0xFFDF0F13) addi t5, t5, -0x3
x30 <- 0xFFFFFFFFFF7FFFFD

clint::tick mtime <- 0x000000000000000A
 clint timer pending at mtime 0x000000000000000A
htif::tick 0x0000000000000000
mem[X,0x0000000080000F8C] -> 0x1F13
mem[X,0x0000000080000F8E] -> 0x00BF
[1000] [M]: 0x0000000080000F8C (0x00BF1F13) slli t5, t5, 0xb
x30 <- 0xFFFFFFFBFFFFE800

mem[X,0x0000000080000F90] -> 0x0F13
mem[X,0x0000000080000F92] -> 0x7FFF
[1001] [M]: 0x0000000080000F90 (0x7FFF0F13) addi t5, t5, 0x7ff
x30 <- 0xFFFFFFFBFFFFEFFF

mem[X,0x0000000080000F94] -> 0x1F13
mem[X,0x0000000080000F96] -> 0x00BF
[1002] [M]: 0x0000000080000F94 (0x00BF1F13) slli t5, t5, 0xb
x30 <- 0xFFFFDFFFFF7FF800

mem[X,0x0000000080000F98] -> 0x0F13
mem[X,0x0000000080000F9A] -> 0x755F
[1003] [M]: 0x0000000080000F98 (0x755F0F13) addi t5, t5, 0x755
x30 <- 0xFFFFDFFFFF7FFF55

mem[X,0x0000000080000F9C] -> 0x1F13
mem[X,0x0000000080000F9E] -> 0x00AF
[1004] [M]: 0x0000000080000F9C (0x00AF1F13) slli t5, t5, 0xa
x30 <- 0xFF7FFFFDFFFD5400

mem[X,0x0000000080000FA0] -> 0x0F13
mem[X,0x0000000080000FA2] -> 0x155F
[1005] [M]: 0x0000000080000FA0 (0x155F0F13) addi t5, t5, 0x155
x30 <- 0xFF7FFFFDFFFD5555

mem[X,0x0000000080000FA4] -> 0x0EB7
mem[X,0x0000000080000FA6] -> 0x0002
[1006] [M]: 0x0000000080000FA4 (0x00020EB7) lui t4, 0x20
x29 <- 0x0000000000020000

mem[X,0x0000000080000FA8] -> 0x8E93
mem[X,0x0000000080000FAA] -> 0x003E
[1007] [M]: 0x0000000080000FA8 (0x003E8E93) addi t4, t4, 0x3
x29 <- 0x0000000000020003

mem[X,0x0000000080000FAC] -> 0x9E93
mem[X,0x0000000080000FAE] -> 0x00BE
[1008] [M]: 0x0000000080000FAC (0x00BE9E93) slli t4, t4, 0xb
x29 <- 0x0000000010001800

mem[X,0x0000000080000FB0] -> 0x8E93
mem[X,0x0000000080000FB2] -> 0x7F7E
[1009] [M]: 0x0000000080000FB0 (0x7F7E8E93) addi t4, t4, 0x7f7
x29 <- 0x0000000010001FF7

mem[X,0x0000000080000FB4] -> 0x9E93
mem[X,0x0000000080000FB6] -> 0x00BE
[1010] [M]: 0x0000000080000FB4 (0x00BE9E93) slli t4, t4, 0xb
x29 <- 0x0000008000FFB800

mem[X,0x0000000080000FB8] -> 0x8E93
mem[X,0x0000000080000FBA] -> 0x7FFE
[1011] [M]: 0x0000000080000FB8 (0x7FFE8E93) addi t4, t4, 0x7ff
x29 <- 0x0000008000FFBFFF

mem[X,0x0000000080000FBC] -> 0x9E93
mem[X,0x0000000080000FBE] -> 0x00AE
[1012] [M]: 0x0000000080000FBC (0x00AE9E93) slli t4, t4, 0xa
x29 <- 0x00020003FEFFFC00

mem[X,0x0000000080000FC0] -> 0x8E93
mem[X,0x0000000080000FC2] -> 0x2FFE
[1013] [M]: 0x0000000080000FC0 (0x2FFE8E93) addi t4, t4, 0x2ff
x29 <- 0x00020003FEFFFEFF

mem[X,0x0000000080000FC4] -> 0x7FBB
mem[X,0x0000000080000FC6] -> 0x99DF
[1014] [M]: 0x0000000080000FC4 (0x99DF7FBB) pmhaccu.h t6, t5, t4
x31 <- 0xA84B77563116FD21

mem[X,0x0000000080000FC8] -> 0xBC23
mem[X,0x0000000080000FCA] -> 0x0BF0
[1015] [M]: 0x0000000080000FC8 (0x0BF0BC23) sd t6, 0xb8(ra)
mem[0x00000000800042A0] <- 0xA84B77563116FD21

mem[X,0x0000000080000FCC] -> 0x0F37
mem[X,0x0000000080000FCE] -> 0xC000
[1016] [M]: 0x0000000080000FCC (0xC0000F37) lui t5, -0x40000
x30 <- 0xFFFFFFFFC0000000

mem[X,0x0000000080000FD0] -> 0x0F13
mem[X,0x0000000080000FD2] -> 0xFFFF
[1017] [M]: 0x0000000080000FD0 (0xFFFF0F13) addi t5, t5, -0x1
x30 <- 0xFFFFFFFFBFFFFFFF

mem[X,0x0000000080000FD4] -> 0x1F13
mem[X,0x0000000080000FD6] -> 0x00BF
[1018] [M]: 0x0000000080000FD4 (0x00BF1F13) slli t5, t5, 0xb
x30 <- 0xFFFFFDFFFFFFF800

mem[X,0x0000000080000FD8] -> 0x0F13
mem[X,0x0000000080000FDA] -> 0x000F
[1019] [M]: 0x0000000080000FD8 (0x000F0F13) addi t5, t5, 0x0
x30 <- 0xFFFFFDFFFFFFF800

mem[X,0x0000000080000FDC] -> 0x1F13
mem[X,0x0000000080000FDE] -> 0x00BF
[1020] [M]: 0x0000000080000FDC (0x00BF1F13) slli t5, t5, 0xb
x30 <- 0xFFEFFFFFFFC00000

mem[X,0x0000000080000FE0] -> 0x0F13
mem[X,0x0000000080000FE2] -> 0x26AF
[1021] [M]: 0x0000000080000FE0 (0x26AF0F13) addi t5, t5, 0x26a
x30 <- 0xFFEFFFFFFFC0026A

mem[X,0x0000000080000FE4] -> 0x1F13
mem[X,0x0000000080000FE6] -> 0x00AF
[1022] [M]: 0x0000000080000FE4 (0x00AF1F13) slli t5, t5, 0xa
x30 <- 0xBFFFFFFF0009A800

mem[X,0x0000000080000FE8] -> 0x0F13
mem[X,0x0000000080000FEA] -> 0x2AAF
[1023] [M]: 0x0000000080000FE8 (0x2AAF0F13) addi t5, t5, 0x2aa
x30 <- 0xBFFFFFFF0009AAAA

mem[X,0x0000000080000FEC] -> 0x0EB7
mem[X,0x0000000080000FEE] -> 0x5555
[1024] [M]: 0x0000000080000FEC (0x55550EB7) lui t4, 0x55550
x29 <- 0x0000000055550000

mem[X,0x0000000080000FF0] -> 0x8E93
mem[X,0x0000000080000FF2] -> 0x040E
[1025] [M]: 0x0000000080000FF0 (0x040E8E93) addi t4, t4, 0x40
x29 <- 0x0000000055550040

mem[X,0x0000000080000FF4] -> 0x9E93
mem[X,0x0000000080000FF6] -> 0x00BE
[1026] [M]: 0x0000000080000FF4 (0x00BE9E93) slli t4, t4, 0xb
x29 <- 0x000002AAA8020000

mem[X,0x0000000080000FF8] -> 0x8E93
mem[X,0x0000000080000FFA] -> 0x2AAE
[1027] [M]: 0x0000000080000FF8 (0x2AAE8E93) addi t4, t4, 0x2aa
x29 <- 0x000002AAA80202AA

mem[X,0x0000000080000FFC] -> 0x9E93
mem[X,0x0000000080000FFE] -> 0x00BE
[1028] [M]: 0x0000000080000FFC (0x00BE9E93) slli t4, t4, 0xb
x29 <- 0x0015554010155000

mem[X,0x0000000080001000] -> 0x8E93
mem[X,0x0000000080001002] -> 0x540E
[1029] [M]: 0x0000000080001000 (0x540E8E93) addi t4, t4, 0x540
x29 <- 0x0015554010155540

mem[X,0x0000000080001004] -> 0x9E93
mem[X,0x0000000080001006] -> 0x00AE
[1030] [M]: 0x0000000080001004 (0x00AE9E93) slli t4, t4, 0xa
x29 <- 0x5555004055550000

mem[X,0x0000000080001008] -> 0x8E93
mem[X,0x000000008000100A] -> 0x080E
[1031] [M]: 0x0000000080001008 (0x080E8E93) addi t4, t4, 0x80
x29 <- 0x5555004055550080

mem[X,0x000000008000100C] -> 0x7FBB
mem[X,0x000000008000100E] -> 0x99DF
[1032] [M]: 0x000000008000100C (0x99DF7FBB) pmhaccu.h t6, t5, t4
x31 <- 0xE84A77953118FD76

mem[X,0x0000000080001010] -> 0xB023
mem[X,0x0000000080001012] -> 0x0DF0
[1033] [M]: 0x0000000080001010 (0x0DF0B023) sd t6, 0xc0(ra)
mem[0x00000000800042A8] <- 0xE84A77953118FD76

mem[X,0x0000000080001014] -> 0x0F37
mem[X,0x0000000080001016] -> 0xFF80
[1034] [M]: 0x0000000080001014 (0xFF800F37) lui t5, -0x800
x30 <- 0xFFFFFFFFFF800000

mem[X,0x0000000080001018] -> 0x0F13
mem[X,0x000000008000101A] -> 0xEFFF
[1035] [M]: 0x0000000080001018 (0xEFFF0F13) addi t5, t5, -0x101
x30 <- 0xFFFFFFFFFF7FFEFF

mem[X,0x000000008000101C] -> 0x1F13
mem[X,0x000000008000101E] -> 0x00BF
[1036] [M]: 0x000000008000101C (0x00BF1F13) slli t5, t5, 0xb
x30 <- 0xFFFFFFFBFFF7F800

mem[X,0x0000000080001020] -> 0x0F13
mem[X,0x0000000080001022] -> 0x400F
[1037] [M]: 0x0000000080001020 (0x400F0F13) addi t5, t5, 0x400
x30 <- 0xFFFFFFFBFFF7FC00

mem[X,0x0000000080001024] -> 0x1F13
mem[X,0x0000000080001026] -> 0x00BF
[1038] [M]: 0x0000000080001024 (0x00BF1F13) slli t5, t5, 0xb
x30 <- 0xFFFFDFFFBFE00000

mem[X,0x0000000080001028] -> 0x0F13
mem[X,0x000000008000102A] -> 0x02AF
[1039] [M]: 0x0000000080001028 (0x02AF0F13) addi t5, t5, 0x2a
x30 <- 0xFFFFDFFFBFE0002A

mem[X,0x000000008000102C] -> 0x1F13
mem[X,0x000000008000102E] -> 0x00AF
[1040] [M]: 0x000000008000102C (0x00AF1F13) slli t5, t5, 0xa
x30 <- 0xFF7FFEFF8000A800

mem[X,0x0000000080001030] -> 0x0F13
mem[X,0x0000000080001032] -> 0x2AAF
[1041] [M]: 0x0000000080001030 (0x2AAF0F13) addi t5, t5, 0x2aa
x30 <- 0xFF7FFEFF8000AAAA

mem[X,0x0000000080001034] -> 0x0EB7
mem[X,0x0000000080001036] -> 0xFDFF
[1042] [M]: 0x0000000080001034 (0xFDFF0EB7) lui t4, -0x2010
x29 <- 0xFFFFFFFFFDFF0000

mem[X,0x0000000080001038] -> 0x8E93
mem[X,0x000000008000103A] -> 0x001E
[1043] [M]: 0x0000000080001038 (0x001E8E93) addi t4, t4, 0x1
x29 <- 0xFFFFFFFFFDFF0001

mem[X,0x000000008000103C] -> 0x9E93
mem[X,0x000000008000103E] -> 0x00BE
[1044] [M]: 0x000000008000103C (0x00BE9E93) slli t4, t4, 0xb
x29 <- 0xFFFFFFEFF8000800

mem[X,0x0000000080001040] -> 0x8E93
mem[X,0x0000000080001042] -> 0x400E
[1045] [M]: 0x0000000080001040 (0x400E8E93) addi t4, t4, 0x400
x29 <- 0xFFFFFFEFF8000C00

mem[X,0x0000000080001044] -> 0x9E93
mem[X,0x0000000080001046] -> 0x00BE
[1046] [M]: 0x0000000080001044 (0x00BE9E93) slli t4, t4, 0xb
x29 <- 0xFFFF7FC000600000

mem[X,0x0000000080001048] -> 0x8E93
mem[X,0x000000008000104A] -> 0x000E
[1047] [M]: 0x0000000080001048 (0x000E8E93) addi t4, t4, 0x0
x29 <- 0xFFFF7FC000600000

mem[X,0x000000008000104C] -> 0x9E93
mem[X,0x000000008000104E] -> 0x00AE
[1048] [M]: 0x000000008000104C (0x00AE9E93) slli t4, t4, 0xa
x29 <- 0xFDFF000180000000

mem[X,0x0000000080001050] -> 0x8E93
mem[X,0x0000000080001052] -> 0x003E
[1049] [M]: 0x0000000080001050 (0x003E8E93) addi t4, t4, 0x3
x29 <- 0xFDFF000180000003

mem[X,0x0000000080001054] -> 0x7FBB
mem[X,0x0000000080001056] -> 0x99DF
[1050] [M]: 0x0000000080001054 (0x99DF7FBB) pmhaccu.h t6, t5, t4
x31 <- 0xE5C977957118FD77

mem[X,0x0000000080001058] -> 0xB423
mem[X,0x000000008000105A] -> 0x0DF0
[1051] [M]: 0x0000000080001058 (0x0DF0B423) sd t6, 0xc8(ra)
mem[0x00000000800042B0] <- 0xE5C977957118FD77

mem[X,0x000000008000105C] -> 0x0F37
mem[X,0x000000008000105E] -> 0x0010
[1052] [M]: 0x000000008000105C (0x00100F37) lui t5, 0x100
x30 <- 0x0000000000100000

mem[X,0x0000000080001060] -> 0x0F13
mem[X,0x0000000080001062] -> 0x007F
[1053] [M]: 0x0000000080001060 (0x007F0F13) addi t5, t5, 0x7
x30 <- 0x0000000000100007

mem[X,0x0000000080001064] -> 0x1F13
mem[X,0x0000000080001066] -> 0x00BF
[1054] [M]: 0x0000000080001064 (0x00BF1F13) slli t5, t5, 0xb
x30 <- 0x0000000080003800

mem[X,0x0000000080001068] -> 0x0F13
mem[X,0x000000008000106A] -> 0x000F
[1055] [M]: 0x0000000080001068 (0x000F0F13) addi t5, t5, 0x0
x30 <- 0x0000000080003800

mem[X,0x000000008000106C] -> 0x1F13
mem[X,0x000000008000106E] -> 0x00BF
[1056] [M]: 0x000000008000106C (0x00BF1F13) slli t5, t5, 0xb
x30 <- 0x0000040001C00000

mem[X,0x0000000080001070] -> 0x0F13
mem[X,0x0000000080001072] -> 0x000F
[1057] [M]: 0x0000000080001070 (0x000F0F13) addi t5, t5, 0x0
x30 <- 0x0000040001C00000

mem[X,0x0000000080001074] -> 0x1F13
mem[X,0x0000000080001076] -> 0x00AF
[1058] [M]: 0x0000000080001074 (0x00AF1F13) slli t5, t5, 0xa
x30 <- 0x0010000700000000

mem[X,0x0000000080001078] -> 0x0F13
mem[X,0x000000008000107A] -> 0x003F
[1059] [M]: 0x0000000080001078 (0x003F0F13) addi t5, t5, 0x3
x30 <- 0x0010000700000003

mem[X,0x000000008000107C] -> 0x0EB7
mem[X,0x000000008000107E] -> 0x4000
[1060] [M]: 0x000000008000107C (0x40000EB7) lui t4, 0x40000
x29 <- 0x0000000040000000

mem[X,0x0000000080001080] -> 0x8E93
mem[X,0x0000000080001082] -> 0x100E
[1061] [M]: 0x0000000080001080 (0x100E8E93) addi t4, t4, 0x100
x29 <- 0x0000000040000100

mem[X,0x0000000080001084] -> 0x9E93
mem[X,0x0000000080001086] -> 0x00BE
[1062] [M]: 0x0000000080001084 (0x00BE9E93) slli t4, t4, 0xb
x29 <- 0x0000020000080000

mem[X,0x0000000080001088] -> 0x8E93
mem[X,0x000000008000108A] -> 0x77FE
[1063] [M]: 0x0000000080001088 (0x77FE8E93) addi t4, t4, 0x77f
x29 <- 0x000002000008077F

mem[X,0x000000008000108C] -> 0x9E93
mem[X,0x000000008000108E] -> 0x00BE
[1064] [M]: 0x000000008000108C (0x00BE9E93) slli t4, t4, 0xb
x29 <- 0x00100000403BF800

mem[X,0x0000000080001090] -> 0x8E93
mem[X,0x0000000080001092] -> 0x7C0E
[1065] [M]: 0x0000000080001090 (0x7C0E8E93) addi t4, t4, 0x7c0
x29 <- 0x00100000403BFFC0

mem[X,0x0000000080001094] -> 0x9E93
mem[X,0x0000000080001096] -> 0x00AE
[1066] [M]: 0x0000000080001094 (0x00AE9E93) slli t4, t4, 0xa
x29 <- 0x40000100EFFF0000

mem[X,0x0000000080001098] -> 0x8E93
mem[X,0x000000008000109A] -> 0x001E
[1067] [M]: 0x0000000080001098 (0x001E8E93) addi t4, t4, 0x1
x29 <- 0x40000100EFFF0001

mem[X,0x000000008000109C] -> 0x7FBB
mem[X,0x000000008000109E] -> 0x99DF
[1068] [M]: 0x000000008000109C (0x99DF7FBB) pmhaccu.h t6, t5, t4
x31 <- 0xE5CD77957118FD77

mem[X,0x00000000800010A0] -> 0xB823
mem[X,0x00000000800010A2] -> 0x0DF0
[1069] [M]: 0x00000000800010A0 (0x0DF0B823) sd t6, 0xd0(ra)
mem[0x00000000800042B8] <- 0xE5CD77957118FD77

mem[X,0x00000000800010A4] -> 0x0F37
mem[X,0x00000000800010A6] -> 0x0101
[1070] [M]: 0x00000000800010A4 (0x01010F37) lui t5, 0x1010
x30 <- 0x0000000001010000

mem[X,0x00000000800010A8] -> 0x0F13
mem[X,0x00000000800010AA] -> 0xFFDF
[1071] [M]: 0x00000000800010A8 (0xFFDF0F13) addi t5, t5, -0x3
x30 <- 0x000000000100FFFD

mem[X,0x00000000800010AC] -> 0x1F13
mem[X,0x00000000800010AE] -> 0x00BF
[1072] [M]: 0x00000000800010AC (0x00BF1F13) slli t5, t5, 0xb
x30 <- 0x0000000807FFE800

mem[X,0x00000000800010B0] -> 0x0F13
mem[X,0x00000000800010B2] -> 0x000F
[1073] [M]: 0x00000000800010B0 (0x000F0F13) addi t5, t5, 0x0
x30 <- 0x0000000807FFE800

mem[X,0x00000000800010B4] -> 0x1F13
mem[X,0x00000000800010B6] -> 0x00BF
[1074] [M]: 0x00000000800010B4 (0x00BF1F13) slli t5, t5, 0xb
x30 <- 0x0000403FFF400000

mem[X,0x00000000800010B8] -> 0x0F13
mem[X,0x00000000800010BA] -> 0x22FF
[1075] [M]: 0x00000000800010B8 (0x22FF0F13) addi t5, t5, 0x22f
x30 <- 0x0000403FFF40022F

mem[X,0x00000000800010BC] -> 0x1F13
mem[X,0x00000000800010BE] -> 0x00AF
[1076] [M]: 0x00000000800010BC (0x00AF1F13) slli t5, t5, 0xa
x30 <- 0x0100FFFD0008BC00

mem[X,0x00000000800010C0] -> 0x0F13
mem[X,0x00000000800010C2] -> 0x3FFF
[1077] [M]: 0x00000000800010C0 (0x3FFF0F13) addi t5, t5, 0x3ff
x30 <- 0x0100FFFD0008BFFF

mem[X,0x00000000800010C4] -> 0x8EB7
mem[X,0x00000000800010C6] -> 0x0010
[1078] [M]: 0x00000000800010C4 (0x00108EB7) lui t4, 0x108
x29 <- 0x0000000000108000

mem[X,0x00000000800010C8] -> 0x8E93
mem[X,0x00000000800010CA] -> 0xFFFE
[1079] [M]: 0x00000000800010C8 (0xFFFE8E93) addi t4, t4, -0x1
x29 <- 0x0000000000107FFF

mem[X,0x00000000800010CC] -> 0x9E93
mem[X,0x00000000800010CE] -> 0x00BE
[1080] [M]: 0x00000000800010CC (0x00BE9E93) slli t4, t4, 0xb
x29 <- 0x0000000083FFF800

mem[X,0x00000000800010D0] -> 0x8E93
mem[X,0x00000000800010D2] -> 0x002E
[1081] [M]: 0x00000000800010D0 (0x002E8E93) addi t4, t4, 0x2
x29 <- 0x0000000083FFF802

mem[X,0x00000000800010D4] -> 0x9E93
mem[X,0x00000000800010D6] -> 0x00BE
[1082] [M]: 0x00000000800010D4 (0x00BE9E93) slli t4, t4, 0xb
x29 <- 0x0000041FFFC01000

mem[X,0x00000000800010D8] -> 0x8E93
mem[X,0x00000000800010DA] -> 0x000E
[1083] [M]: 0x00000000800010D8 (0x000E8E93) addi t4, t4, 0x0
x29 <- 0x0000041FFFC01000

mem[X,0x00000000800010DC] -> 0x9E93
mem[X,0x00000000800010DE] -> 0x00AE
[1084] [M]: 0x00000000800010DC (0x00AE9E93) slli t4, t4, 0xa
x29 <- 0x00107FFF00400000

mem[X,0x00000000800010E0] -> 0x8E93
mem[X,0x00000000800010E2] -> 0x003E
[1085] [M]: 0x00000000800010E0 (0x003E8E93) addi t4, t4, 0x3
x29 <- 0x00107FFF00400003

mem[X,0x00000000800010E4] -> 0x7FBB
mem[X,0x00000000800010E6] -> 0x99DF
[1086] [M]: 0x00000000800010E4 (0x99DF7FBB) pmhaccu.h t6, t5, t4
x31 <- 0xE5CDF7927118FD79

mem[X,0x00000000800010E8] -> 0xBC23
mem[X,0x00000000800010EA] -> 0x0DF0
[1087] [M]: 0x00000000800010E8 (0x0DF0BC23) sd t6, 0xd8(ra)
mem[0x00000000800042C0] <- 0xE5CDF7927118FD79

mem[X,0x00000000800010EC] -> 0xFF37
mem[X,0x00000000800010EE] -> 0xFFFD
[1088] [M]: 0x00000000800010EC (0xFFFDFF37) lui t5, -0x21
x30 <- 0xFFFFFFFFFFFDF000

mem[X,0x00000000800010F0] -> 0x0F13
mem[X,0x00000000800010F2] -> 0x7FFF
[1089] [M]: 0x00000000800010F0 (0x7FFF0F13) addi t5, t5, 0x7ff
x30 <- 0xFFFFFFFFFFFDF7FF

mem[X,0x00000000800010F4] -> 0x1F13
mem[X,0x00000000800010F6] -> 0x00BF
[1090] [M]: 0x00000000800010F4 (0x00BF1F13) slli t5, t5, 0xb
x30 <- 0xFFFFFFFFEFBFF800

mem[X,0x00000000800010F8] -> 0x0F13
mem[X,0x00000000800010FA] -> 0x000F
[1091] [M]: 0x00000000800010F8 (0x000F0F13) addi t5, t5, 0x0
x30 <- 0xFFFFFFFFEFBFF800

mem[X,0x00000000800010FC] -> 0x1F13
mem[X,0x00000000800010FE] -> 0x00BF
[1092] [M]: 0x00000000800010FC (0x00BF1F13) slli t5, t5, 0xb
x30 <- 0xFFFFFF7DFFC00000

mem[X,0x0000000080001100] -> 0x0F13
mem[X,0x0000000080001102] -> 0x200F
[1093] [M]: 0x0000000080001100 (0x200F0F13) addi t5, t5, 0x200
x30 <- 0xFFFFFF7DFFC00200

mem[X,0x0000000080001104] -> 0x1F13
mem[X,0x0000000080001106] -> 0x00AF
[1094] [M]: 0x0000000080001104 (0x00AF1F13) slli t5, t5, 0xa
x30 <- 0xFFFDF7FF00080000

mem[X,0x0000000080001108] -> 0x0F13
mem[X,0x000000008000110A] -> 0x010F
[1095] [M]: 0x0000000080001108 (0x010F0F13) addi t5, t5, 0x10
x30 <- 0xFFFDF7FF00080010

mem[X,0x000000008000110C] -> 0x0EB7
mem[X,0x000000008000110E] -> 0x8001
[1096] [M]: 0x000000008000110C (0x80010EB7) lui t4, -0x7fff0
x29 <- 0xFFFFFFFF80010000

mem[X,0x0000000080001110] -> 0x8E93
mem[X,0x0000000080001112] -> 0xFFAE
[1097] [M]: 0x0000000080001110 (0xFFAE8E93) addi t4, t4, -0x6
x29 <- 0xFFFFFFFF8000FFFA

mem[X,0x0000000080001114] -> 0x9E93
mem[X,0x0000000080001116] -> 0x00BE
[1098] [M]: 0x0000000080001114 (0x00BE9E93) slli t4, t4, 0xb
x29 <- 0xFFFFFC0007FFD000

mem[X,0x0000000080001118] -> 0x8E93
mem[X,0x000000008000111A] -> 0x100E
[1099] [M]: 0x0000000080001118 (0x100E8E93) addi t4, t4, 0x100
x29 <- 0xFFFFFC0007FFD100

clint::tick mtime <- 0x000000000000000B
 clint timer pending at mtime 0x000000000000000B
htif::tick 0x0000000000000000
mem[X,0x000000008000111C] -> 0x9E93
mem[X,0x000000008000111E] -> 0x00BE
[1100] [M]: 0x000000008000111C (0x00BE9E93) slli t4, t4, 0xb
x29 <- 0xFFE0003FFE880000

mem[X,0x0000000080001120] -> 0x8E93
mem[X,0x0000000080001122] -> 0x03FE
[1101] [M]: 0x0000000080001120 (0x03FE8E93) addi t4, t4, 0x3f
x29 <- 0xFFE0003FFE88003F

mem[X,0x0000000080001124] -> 0x9E93
mem[X,0x0000000080001126] -> 0x00AE
[1102] [M]: 0x0000000080001124 (0x00AE9E93) slli t4, t4, 0xa
x29 <- 0x8000FFFA2000FC00

mem[X,0x0000000080001128] -> 0x8E93
mem[X,0x000000008000112A] -> 0x3BFE
[1103] [M]: 0x0000000080001128 (0x3BFE8E93) addi t4, t4, 0x3bf
x29 <- 0x8000FFFA2000FFBF

mem[X,0x000000008000112C] -> 0x7FBB
mem[X,0x000000008000112E] -> 0x99DF
[1104] [M]: 0x000000008000112C (0x99DF7FBB) pmhaccu.h t6, t5, t4
x31 <- 0x65CBEF8B7119FD88

mem[X,0x0000000080001130] -> 0xB023
mem[X,0x0000000080001132] -> 0x0FF0
[1105] [M]: 0x0000000080001130 (0x0FF0B023) sd t6, 0xe0(ra)
mem[0x00000000800042C8] <- 0x65CBEF8B7119FD88

mem[X,0x0000000080001134] -> 0x0F37
mem[X,0x0000000080001136] -> 0xFFFB
[1106] [M]: 0x0000000080001134 (0xFFFB0F37) lui t5, -0x50
x30 <- 0xFFFFFFFFFFFB0000

mem[X,0x0000000080001138] -> 0x0F13
mem[X,0x000000008000113A] -> 0x200F
[1107] [M]: 0x0000000080001138 (0x200F0F13) addi t5, t5, 0x200
x30 <- 0xFFFFFFFFFFFB0200

mem[X,0x000000008000113C] -> 0x1F13
mem[X,0x000000008000113E] -> 0x00BF
[1108] [M]: 0x000000008000113C (0x00BF1F13) slli t5, t5, 0xb
x30 <- 0xFFFFFFFFD8100000

mem[X,0x0000000080001140] -> 0x0F13
mem[X,0x0000000080001142] -> 0x000F
[1109] [M]: 0x0000000080001140 (0x000F0F13) addi t5, t5, 0x0
x30 <- 0xFFFFFFFFD8100000

mem[X,0x0000000080001144] -> 0x1F13
mem[X,0x0000000080001146] -> 0x00BF
[1110] [M]: 0x0000000080001144 (0x00BF1F13) slli t5, t5, 0xb
x30 <- 0xFFFFFEC080000000

mem[X,0x0000000080001148] -> 0x0F13
mem[X,0x000000008000114A] -> 0x420F
[1111] [M]: 0x0000000080001148 (0x420F0F13) addi t5, t5, 0x420
x30 <- 0xFFFFFEC080000420

mem[X,0x000000008000114C] -> 0x1F13
mem[X,0x000000008000114E] -> 0x00AF
[1112] [M]: 0x000000008000114C (0x00AF1F13) slli t5, t5, 0xa
x30 <- 0xFFFB020000108000

mem[X,0x0000000080001150] -> 0x0EB7
mem[X,0x0000000080001152] -> 0x0005
[1113] [M]: 0x0000000080001150 (0x00050EB7) lui t4, 0x50
x29 <- 0x0000000000050000

mem[X,0x0000000080001154] -> 0x8E93
mem[X,0x0000000080001156] -> 0xFFEE
[1114] [M]: 0x0000000080001154 (0xFFEE8E93) addi t4, t4, -0x2
x29 <- 0x000000000004FFFE

mem[X,0x0000000080001158] -> 0x9E93
mem[X,0x000000008000115A] -> 0x00BE
[1115] [M]: 0x0000000080001158 (0x00BE9E93) slli t4, t4, 0xb
x29 <- 0x0000000027FFF000

mem[X,0x000000008000115C] -> 0x8E93
mem[X,0x000000008000115E] -> 0x400E
[1116] [M]: 0x000000008000115C (0x400E8E93) addi t4, t4, 0x400
x29 <- 0x0000000027FFF400

mem[X,0x0000000080001160] -> 0x9E93
mem[X,0x0000000080001162] -> 0x00BE
[1117] [M]: 0x0000000080001160 (0x00BE9E93) slli t4, t4, 0xb
x29 <- 0x0000013FFFA00000

mem[X,0x0000000080001164] -> 0x8E93
mem[X,0x0000000080001166] -> 0x000E
[1118] [M]: 0x0000000080001164 (0x000E8E93) addi t4, t4, 0x0
x29 <- 0x0000013FFFA00000

mem[X,0x0000000080001168] -> 0x9E93
mem[X,0x000000008000116A] -> 0x00AE
[1119] [M]: 0x0000000080001168 (0x00AE9E93) slli t4, t4, 0xa
x29 <- 0x0004FFFE80000000

mem[X,0x000000008000116C] -> 0x8E93
mem[X,0x000000008000116E] -> 0x020E
[1120] [M]: 0x000000008000116C (0x020E8E93) addi t4, t4, 0x20
x29 <- 0x0004FFFE80000020

mem[X,0x0000000080001170] -> 0x7FBB
mem[X,0x0000000080001172] -> 0x99DF
[1121] [M]: 0x0000000080001170 (0x99DF7FBB) pmhaccu.h t6, t5, t4
x31 <- 0x65CEF18A7121FD98

mem[X,0x0000000080001174] -> 0xB423
mem[X,0x0000000080001176] -> 0x0FF0
[1122] [M]: 0x0000000080001174 (0x0FF0B423) sd t6, 0xe8(ra)
mem[0x00000000800042D0] <- 0x65CEF18A7121FD98

mem[X,0x0000000080001178] -> 0x0F37
mem[X,0x000000008000117A] -> 0xFFF0
[1123] [M]: 0x0000000080001178 (0xFFF00F37) lui t5, -0x100
x30 <- 0xFFFFFFFFFFF00000

mem[X,0x000000008000117C] -> 0x0F13
mem[X,0x000000008000117E] -> 0xFFFF
[1124] [M]: 0x000000008000117C (0xFFFF0F13) addi t5, t5, -0x1
x30 <- 0xFFFFFFFFFFEFFFFF

mem[X,0x0000000080001180] -> 0x1F13
mem[X,0x0000000080001182] -> 0x00BF
[1125] [M]: 0x0000000080001180 (0x00BF1F13) slli t5, t5, 0xb
x30 <- 0xFFFFFFFF7FFFF800

mem[X,0x0000000080001184] -> 0x0F13
mem[X,0x0000000080001186] -> 0x000F
[1126] [M]: 0x0000000080001184 (0x000F0F13) addi t5, t5, 0x0
x30 <- 0xFFFFFFFF7FFFF800

mem[X,0x0000000080001188] -> 0x1F13
mem[X,0x000000008000118A] -> 0x00BF
[1127] [M]: 0x0000000080001188 (0x00BF1F13) slli t5, t5, 0xb
x30 <- 0xFFFFFBFFFFC00000

mem[X,0x000000008000118C] -> 0x0F13
mem[X,0x000000008000118E] -> 0x27FF
[1128] [M]: 0x000000008000118C (0x27FF0F13) addi t5, t5, 0x27f
x30 <- 0xFFFFFBFFFFC0027F

mem[X,0x0000000080001190] -> 0x1F13
mem[X,0x0000000080001192] -> 0x00AF
[1129] [M]: 0x0000000080001190 (0x00AF1F13) slli t5, t5, 0xa
x30 <- 0xFFEFFFFF0009FC00

mem[X,0x0000000080001194] -> 0x0F13
mem[X,0x0000000080001196] -> 0x3BFF
[1130] [M]: 0x0000000080001194 (0x3BFF0F13) addi t5, t5, 0x3bf
x30 <- 0xFFEFFFFF0009FFBF

mem[X,0x0000000080001198] -> 0x0EB7
mem[X,0x000000008000119A] -> 0xC001
[1131] [M]: 0x0000000080001198 (0xC0010EB7) lui t4, -0x3fff0
x29 <- 0xFFFFFFFFC0010000

mem[X,0x000000008000119C] -> 0x8E93
mem[X,0x000000008000119E] -> 0xFF8E
[1132] [M]: 0x000000008000119C (0xFF8E8E93) addi t4, t4, -0x8
x29 <- 0xFFFFFFFFC000FFF8

mem[X,0x00000000800011A0] -> 0x9E93
mem[X,0x00000000800011A2] -> 0x00BE
[1133] [M]: 0x00000000800011A0 (0x00BE9E93) slli t4, t4, 0xb
x29 <- 0xFFFFFE0007FFC000

mem[X,0x00000000800011A4] -> 0x8E93
mem[X,0x00000000800011A6] -> 0x020E
[1134] [M]: 0x00000000800011A4 (0x020E8E93) addi t4, t4, 0x20
x29 <- 0xFFFFFE0007FFC020

mem[X,0x00000000800011A8] -> 0x9E93
mem[X,0x00000000800011AA] -> 0x00BE
[1135] [M]: 0x00000000800011A8 (0x00BE9E93) slli t4, t4, 0xb
x29 <- 0xFFF0003FFE010000

mem[X,0x00000000800011AC] -> 0x8E93
mem[X,0x00000000800011AE] -> 0x03FE
[1136] [M]: 0x00000000800011AC (0x03FE8E93) addi t4, t4, 0x3f
x29 <- 0xFFF0003FFE01003F

mem[X,0x00000000800011B0] -> 0x9E93
mem[X,0x00000000800011B2] -> 0x00AE
[1137] [M]: 0x00000000800011B0 (0x00AE9E93) slli t4, t4, 0xa
x29 <- 0xC000FFF80400FC00

mem[X,0x00000000800011B4] -> 0x8E93
mem[X,0x00000000800011B6] -> 0x2FFE
[1138] [M]: 0x00000000800011B4 (0x2FFE8E93) addi t4, t4, 0x2ff
x29 <- 0xC000FFF80400FEFF

mem[X,0x00000000800011B8] -> 0x7FBB
mem[X,0x00000000800011BA] -> 0x99DF
[1139] [M]: 0x00000000800011B8 (0x99DF7FBB) pmhaccu.h t6, t5, t4
x31 <- 0x25C1F1817121FC56

mem[X,0x00000000800011BC] -> 0xB823
mem[X,0x00000000800011BE] -> 0x0FF0
[1140] [M]: 0x00000000800011BC (0x0FF0B823) sd t6, 0xf0(ra)
mem[0x00000000800042D8] <- 0x25C1F1817121FC56

mem[X,0x00000000800011C0] -> 0x0F37
mem[X,0x00000000800011C2] -> 0xF800
[1141] [M]: 0x00000000800011C0 (0xF8000F37) lui t5, -0x8000
x30 <- 0xFFFFFFFFF8000000

mem[X,0x00000000800011C4] -> 0x0F13
mem[X,0x00000000800011C6] -> 0xFBFF
[1142] [M]: 0x00000000800011C4 (0xFBFF0F13) addi t5, t5, -0x41
x30 <- 0xFFFFFFFFF7FFFFBF

mem[X,0x00000000800011C8] -> 0x1F13
mem[X,0x00000000800011CA] -> 0x00BF
[1143] [M]: 0x00000000800011C8 (0x00BF1F13) slli t5, t5, 0xb
x30 <- 0xFFFFFFBFFFFDF800

mem[X,0x00000000800011CC] -> 0x0F13
mem[X,0x00000000800011CE] -> 0x002F
[1144] [M]: 0x00000000800011CC (0x002F0F13) addi t5, t5, 0x2
x30 <- 0xFFFFFFBFFFFDF802

mem[X,0x00000000800011D0] -> 0x1F13
mem[X,0x00000000800011D2] -> 0x00BF
[1145] [M]: 0x00000000800011D0 (0x00BF1F13) slli t5, t5, 0xb
x30 <- 0xFFFDFFFFEFC01000

mem[X,0x00000000800011D4] -> 0x0F13
mem[X,0x00000000800011D6] -> 0x03FF
[1146] [M]: 0x00000000800011D4 (0x03FF0F13) addi t5, t5, 0x3f
x30 <- 0xFFFDFFFFEFC0103F

mem[X,0x00000000800011D8] -> 0x1F13
mem[X,0x00000000800011DA] -> 0x00AF
[1147] [M]: 0x00000000800011D8 (0x00AF1F13) slli t5, t5, 0xa
x30 <- 0xF7FFFFBF0040FC00

mem[X,0x00000000800011DC] -> 0x0F13
mem[X,0x00000000800011DE] -> 0x3EFF
[1148] [M]: 0x00000000800011DC (0x3EFF0F13) addi t5, t5, 0x3ef
x30 <- 0xF7FFFFBF0040FFEF

mem[X,0x00000000800011E0] -> 0x0EB7
mem[X,0x00000000800011E2] -> 0x000A
[1149] [M]: 0x00000000800011E0 (0x000A0EB7) lui t4, 0xa0
x29 <- 0x00000000000A0000

mem[X,0x00000000800011E4] -> 0x8E93
mem[X,0x00000000800011E6] -> 0xFF9E
[1150] [M]: 0x00000000800011E4 (0xFF9E8E93) addi t4, t4, -0x7
x29 <- 0x000000000009FFF9

mem[X,0x00000000800011E8] -> 0x9E93
mem[X,0x00000000800011EA] -> 0x00BE
[1151] [M]: 0x00000000800011E8 (0x00BE9E93) slli t4, t4, 0xb
x29 <- 0x000000004FFFC800

mem[X,0x00000000800011EC] -> 0x8E93
mem[X,0x00000000800011EE] -> 0x020E
[1152] [M]: 0x00000000800011EC (0x020E8E93) addi t4, t4, 0x20
x29 <- 0x000000004FFFC820

mem[X,0x00000000800011F0] -> 0x9E93
mem[X,0x00000000800011F2] -> 0x00BE
[1153] [M]: 0x00000000800011F0 (0x00BE9E93) slli t4, t4, 0xb
x29 <- 0x0000027FFE410000

mem[X,0x00000000800011F4] -> 0x8E93
mem[X,0x00000000800011F6] -> 0x03FE
[1154] [M]: 0x00000000800011F4 (0x03FE8E93) addi t4, t4, 0x3f
x29 <- 0x0000027FFE41003F

mem[X,0x00000000800011F8] -> 0x9E93
mem[X,0x00000000800011FA] -> 0x00AE
[1155] [M]: 0x00000000800011F8 (0x00AE9E93) slli t4, t4, 0xa
x29 <- 0x0009FFF90400FC00

mem[X,0x00000000800011FC] -> 0x8E93
mem[X,0x00000000800011FE] -> 0x3F6E
[1156] [M]: 0x00000000800011FC (0x3F6E8E93) addi t4, t4, 0x3f6
x29 <- 0x0009FFF90400FFF6

mem[X,0x0000000080001200] -> 0x7FBB
mem[X,0x0000000080001202] -> 0x99DF
[1157] [M]: 0x0000000080001200 (0x99DF7FBB) pmhaccu.h t6, t5, t4
x31 <- 0x25C9F1397122FC3B

mem[X,0x0000000080001204] -> 0xBC23
mem[X,0x0000000080001206] -> 0x0FF0
[1158] [M]: 0x0000000080001204 (0x0FF0BC23) sd t6, 0xf8(ra)
mem[0x00000000800042E0] <- 0x25C9F1397122FC3B

mem[X,0x0000000080001208] -> 0x0F37
mem[X,0x000000008000120A] -> 0x5555
[1159] [M]: 0x0000000080001208 (0x55550F37) lui t5, 0x55550
x30 <- 0x0000000055550000

mem[X,0x000000008000120C] -> 0x0F13
mem[X,0x000000008000120E] -> 0x007F
[1160] [M]: 0x000000008000120C (0x007F0F13) addi t5, t5, 0x7
x30 <- 0x0000000055550007

mem[X,0x0000000080001210] -> 0x1F13
mem[X,0x0000000080001212] -> 0x00BF
[1161] [M]: 0x0000000080001210 (0x00BF1F13) slli t5, t5, 0xb
x30 <- 0x000002AAA8003800

mem[X,0x0000000080001214] -> 0x0F13
mem[X,0x0000000080001216] -> 0x000F
[1162] [M]: 0x0000000080001214 (0x000F0F13) addi t5, t5, 0x0
x30 <- 0x000002AAA8003800

mem[X,0x0000000080001218] -> 0x1F13
mem[X,0x000000008000121A] -> 0x00BF
[1163] [M]: 0x0000000080001218 (0x00BF1F13) slli t5, t5, 0xb
x30 <- 0x0015554001C00000

mem[X,0x000000008000121C] -> 0x0F13
mem[X,0x000000008000121E] -> 0x1C8F
[1164] [M]: 0x000000008000121C (0x1C8F0F13) addi t5, t5, 0x1c8
x30 <- 0x0015554001C001C8

mem[X,0x0000000080001220] -> 0x1F13
mem[X,0x0000000080001222] -> 0x00AF
[1165] [M]: 0x0000000080001220 (0x00AF1F13) slli t5, t5, 0xa
x30 <- 0x5555000700072000

mem[X,0x0000000080001224] -> 0x0EB7
mem[X,0x0000000080001226] -> 0xF7FF
[1166] [M]: 0x0000000080001224 (0xF7FF0EB7) lui t4, -0x8010
x29 <- 0xFFFFFFFFF7FF0000

mem[X,0x0000000080001228] -> 0x8E93
mem[X,0x000000008000122A] -> 0x010E
[1167] [M]: 0x0000000080001228 (0x010E8E93) addi t4, t4, 0x10
x29 <- 0xFFFFFFFFF7FF0010

mem[X,0x000000008000122C] -> 0x9E93
mem[X,0x000000008000122E] -> 0x00BE
[1168] [M]: 0x000000008000122C (0x00BE9E93) slli t4, t4, 0xb
x29 <- 0xFFFFFFBFF8008000

mem[X,0x0000000080001230] -> 0x8E93
mem[X,0x0000000080001232] -> 0x000E
[1169] [M]: 0x0000000080001230 (0x000E8E93) addi t4, t4, 0x0
x29 <- 0xFFFFFFBFF8008000

mem[X,0x0000000080001234] -> 0x9E93
mem[X,0x0000000080001236] -> 0x00BE
[1170] [M]: 0x0000000080001234 (0x00BE9E93) slli t4, t4, 0xb
x29 <- 0xFFFDFFC004000000

mem[X,0x0000000080001238] -> 0x8E93
mem[X,0x000000008000123A] -> 0x040E
[1171] [M]: 0x0000000080001238 (0x040E8E93) addi t4, t4, 0x40
x29 <- 0xFFFDFFC004000040

mem[X,0x000000008000123C] -> 0x9E93
mem[X,0x000000008000123E] -> 0x00AE
[1172] [M]: 0x000000008000123C (0x00AE9E93) slli t4, t4, 0xa
x29 <- 0xF7FF001000010000

mem[X,0x0000000080001240] -> 0x8E93
mem[X,0x0000000080001242] -> 0x007E
[1173] [M]: 0x0000000080001240 (0x007E8E93) addi t4, t4, 0x7
x29 <- 0xF7FF001000010007

mem[X,0x0000000080001244] -> 0x7FBB
mem[X,0x0000000080001246] -> 0x99DF
[1174] [M]: 0x0000000080001244 (0x99DF7FBB) pmhaccu.h t6, t5, t4
x31 <- 0x7873F1397122FC3B

mem[X,0x0000000080001248] -> 0xB023
mem[X,0x000000008000124A] -> 0x11F0
[1175] [M]: 0x0000000080001248 (0x11F0B023) sd t6, 0x100(ra)
mem[0x00000000800042E8] <- 0x7873F1397122FC3B

mem[X,0x000000008000124C] -> 0x0F37
mem[X,0x000000008000124E] -> 0xFC00
[1176] [M]: 0x000000008000124C (0xFC000F37) lui t5, -0x4000
x30 <- 0xFFFFFFFFFC000000

mem[X,0x0000000080001250] -> 0x0F13
mem[X,0x0000000080001252] -> 0xFFAF
[1177] [M]: 0x0000000080001250 (0xFFAF0F13) addi t5, t5, -0x6
x30 <- 0xFFFFFFFFFBFFFFFA

mem[X,0x0000000080001254] -> 0x1F13
mem[X,0x0000000080001256] -> 0x00BF
[1178] [M]: 0x0000000080001254 (0x00BF1F13) slli t5, t5, 0xb
x30 <- 0xFFFFFFDFFFFFD000

mem[X,0x0000000080001258] -> 0x0F13
mem[X,0x000000008000125A] -> 0x7FEF
[1179] [M]: 0x0000000080001258 (0x7FEF0F13) addi t5, t5, 0x7fe
x30 <- 0xFFFFFFDFFFFFD7FE

mem[X,0x000000008000125C] -> 0x1F13
mem[X,0x000000008000125E] -> 0x00BF
[1180] [M]: 0x000000008000125C (0x00BF1F13) slli t5, t5, 0xb
x30 <- 0xFFFEFFFFFEBFF000

mem[X,0x0000000080001260] -> 0x0F13
mem[X,0x0000000080001262] -> 0x7F7F
[1181] [M]: 0x0000000080001260 (0x7F7F0F13) addi t5, t5, 0x7f7
x30 <- 0xFFFEFFFFFEBFF7F7

mem[X,0x0000000080001264] -> 0x1F13
mem[X,0x0000000080001266] -> 0x00AF
[1182] [M]: 0x0000000080001264 (0x00AF1F13) slli t5, t5, 0xa
x30 <- 0xFBFFFFFAFFDFDC00

mem[X,0x0000000080001268] -> 0x0F13
mem[X,0x000000008000126A] -> 0x3FFF
[1183] [M]: 0x0000000080001268 (0x3FFF0F13) addi t5, t5, 0x3ff
x30 <- 0xFBFFFFFAFFDFDFFF

mem[X,0x000000008000126C] -> 0x0EB7
mem[X,0x000000008000126E] -> 0xFFE0
[1184] [M]: 0x000000008000126C (0xFFE00EB7) lui t4, -0x200
x29 <- 0xFFFFFFFFFFE00000

mem[X,0x0000000080001270] -> 0x8E93
mem[X,0x0000000080001272] -> 0xFFCE
[1185] [M]: 0x0000000080001270 (0xFFCE8E93) addi t4, t4, -0x4
x29 <- 0xFFFFFFFFFFDFFFFC

mem[X,0x0000000080001274] -> 0x9E93
mem[X,0x0000000080001276] -> 0x00BE
[1186] [M]: 0x0000000080001274 (0x00BE9E93) slli t4, t4, 0xb
x29 <- 0xFFFFFFFEFFFFE000

mem[X,0x0000000080001278] -> 0x8E93
mem[X,0x000000008000127A] -> 0x2AAE
[1187] [M]: 0x0000000080001278 (0x2AAE8E93) addi t4, t4, 0x2aa
x29 <- 0xFFFFFFFEFFFFE2AA

mem[X,0x000000008000127C] -> 0x9E93
mem[X,0x000000008000127E] -> 0x00BE
[1188] [M]: 0x000000008000127C (0x00BE9E93) slli t4, t4, 0xb
x29 <- 0xFFFFF7FFFF155000

mem[X,0x0000000080001280] -> 0x8E93
mem[X,0x0000000080001282] -> 0x55FE
[1189] [M]: 0x0000000080001280 (0x55FE8E93) addi t4, t4, 0x55f
x29 <- 0xFFFFF7FFFF15555F

mem[X,0x0000000080001284] -> 0x9E93
mem[X,0x0000000080001286] -> 0x00AE
[1190] [M]: 0x0000000080001284 (0x00AE9E93) slli t4, t4, 0xa
x29 <- 0xFFDFFFFC55557C00

mem[X,0x0000000080001288] -> 0x8E93
mem[X,0x000000008000128A] -> 0x3FFE
[1191] [M]: 0x0000000080001288 (0x3FFE8E93) addi t4, t4, 0x3ff
x29 <- 0xFFDFFFFC55557FFF

mem[X,0x000000008000128C] -> 0x7FBB
mem[X,0x000000008000128E] -> 0x99DF
[1192] [M]: 0x000000008000128C (0x99DF7FBB) pmhaccu.h t6, t5, t4
x31 <- 0x7451F12FC66C6C39

mem[X,0x0000000080001290] -> 0xB423
mem[X,0x0000000080001292] -> 0x11F0
[1193] [M]: 0x0000000080001290 (0x11F0B423) sd t6, 0x108(ra)
mem[0x00000000800042F0] <- 0x7451F12FC66C6C39

mem[X,0x0000000080001294] -> 0x4F37
mem[X,0x0000000080001296] -> 0x0003
[1194] [M]: 0x0000000080001294 (0x00034F37) lui t5, 0x34
x30 <- 0x0000000000034000

mem[X,0x0000000080001298] -> 0x0F13
mem[X,0x000000008000129A] -> 0xFFFF
[1195] [M]: 0x0000000080001298 (0xFFFF0F13) addi t5, t5, -0x1
x30 <- 0x0000000000033FFF

mem[X,0x000000008000129C] -> 0x1F13
mem[X,0x000000008000129E] -> 0x00BF
[1196] [M]: 0x000000008000129C (0x00BF1F13) slli t5, t5, 0xb
x30 <- 0x0000000019FFF800

mem[X,0x00000000800012A0] -> 0x0F13
mem[X,0x00000000800012A2] -> 0x7FFF
[1197] [M]: 0x00000000800012A0 (0x7FFF0F13) addi t5, t5, 0x7ff
x30 <- 0x0000000019FFFFFF

mem[X,0x00000000800012A4] -> 0x1F13
mem[X,0x00000000800012A6] -> 0x00BF
[1198] [M]: 0x00000000800012A4 (0x00BF1F13) slli t5, t5, 0xb
x30 <- 0x000000CFFFFFF800

mem[X,0x00000000800012A8] -> 0x0F13
mem[X,0x00000000800012AA] -> 0x5BFF
[1199] [M]: 0x00000000800012A8 (0x5BFF0F13) addi t5, t5, 0x5bf
x30 <- 0x000000CFFFFFFDBF

clint::tick mtime <- 0x000000000000000C
 clint timer pending at mtime 0x000000000000000C
htif::tick 0x0000000000000000
mem[X,0x00000000800012AC] -> 0x1F13
mem[X,0x00000000800012AE] -> 0x00AF
[1200] [M]: 0x00000000800012AC (0x00AF1F13) slli t5, t5, 0xa
x30 <- 0x00033FFFFFF6FC00

mem[X,0x00000000800012B0] -> 0x0F13
mem[X,0x00000000800012B2] -> 0x3BFF
[1201] [M]: 0x00000000800012B0 (0x3BFF0F13) addi t5, t5, 0x3bf
x30 <- 0x00033FFFFFF6FFBF

mem[X,0x00000000800012B4] -> 0x0EB7
mem[X,0x00000000800012B6] -> 0xFFDF
[1202] [M]: 0x00000000800012B4 (0xFFDF0EB7) lui t4, -0x210
x29 <- 0xFFFFFFFFFFDF0000

mem[X,0x00000000800012B8] -> 0x8E93
mem[X,0x00000000800012BA] -> 0x040E
[1203] [M]: 0x00000000800012B8 (0x040E8E93) addi t4, t4, 0x40
x29 <- 0xFFFFFFFFFFDF0040

mem[X,0x00000000800012BC] -> 0x9E93
mem[X,0x00000000800012BE] -> 0x00BE
[1204] [M]: 0x00000000800012BC (0x00BE9E93) slli t4, t4, 0xb
x29 <- 0xFFFFFFFEF8020000

mem[X,0x00000000800012C0] -> 0x8E93
mem[X,0x00000000800012C2] -> 0x7FFE
[1205] [M]: 0x00000000800012C0 (0x7FFE8E93) addi t4, t4, 0x7ff
x29 <- 0xFFFFFFFEF80207FF

mem[X,0x00000000800012C4] -> 0x9E93
mem[X,0x00000000800012C6] -> 0x00BE
[1206] [M]: 0x00000000800012C4 (0x00BE9E93) slli t4, t4, 0xb
x29 <- 0xFFFFF7C0103FF800

mem[X,0x00000000800012C8] -> 0x8E93
mem[X,0x00000000800012CA] -> 0x780E
[1207] [M]: 0x00000000800012C8 (0x780E8E93) addi t4, t4, 0x780
x29 <- 0xFFFFF7C0103FFF80

mem[X,0x00000000800012CC] -> 0x9E93
mem[X,0x00000000800012CE] -> 0x00AE
[1208] [M]: 0x00000000800012CC (0x00AE9E93) slli t4, t4, 0xa
x29 <- 0xFFDF0040FFFE0000

mem[X,0x00000000800012D0] -> 0x8E93
mem[X,0x00000000800012D2] -> 0x004E
[1209] [M]: 0x00000000800012D0 (0x004E8E93) addi t4, t4, 0x4
x29 <- 0xFFDF0040FFFE0004

mem[X,0x00000000800012D4] -> 0x7FBB
mem[X,0x00000000800012D6] -> 0x99DF
[1210] [M]: 0x00000000800012D4 (0x99DF7FBB) pmhaccu.h t6, t5, t4
x31 <- 0x7453F13EC6606C3C

mem[X,0x00000000800012D8] -> 0xB823
mem[X,0x00000000800012DA] -> 0x11F0
[1211] [M]: 0x00000000800012D8 (0x11F0B823) sd t6, 0x110(ra)
mem[0x00000000800042F8] <- 0x7453F13EC6606C3C

mem[X,0x00000000800012DC] -> 0x0F37
mem[X,0x00000000800012DE] -> 0x0004
[1212] [M]: 0x00000000800012DC (0x00040F37) lui t5, 0x40
x30 <- 0x0000000000040000

mem[X,0x00000000800012E0] -> 0x0F13
mem[X,0x00000000800012E2] -> 0xFEFF
[1213] [M]: 0x00000000800012E0 (0xFEFF0F13) addi t5, t5, -0x11
x30 <- 0x000000000003FFEF

mem[X,0x00000000800012E4] -> 0x1F13
mem[X,0x00000000800012E6] -> 0x00BF
[1214] [M]: 0x00000000800012E4 (0x00BF1F13) slli t5, t5, 0xb
x30 <- 0x000000001FFF7800

mem[X,0x00000000800012E8] -> 0x0F13
mem[X,0x00000000800012EA] -> 0x7FFF
[1215] [M]: 0x00000000800012E8 (0x7FFF0F13) addi t5, t5, 0x7ff
x30 <- 0x000000001FFF7FFF

mem[X,0x00000000800012EC] -> 0x1F13
mem[X,0x00000000800012EE] -> 0x00BF
[1216] [M]: 0x00000000800012EC (0x00BF1F13) slli t5, t5, 0xb
x30 <- 0x000000FFFBFFF800

mem[X,0x00000000800012F0] -> 0x0F13
mem[X,0x00000000800012F2] -> 0x700F
[1217] [M]: 0x00000000800012F0 (0x700F0F13) addi t5, t5, 0x700
x30 <- 0x000000FFFBFFFF00

mem[X,0x00000000800012F4] -> 0x1F13
mem[X,0x00000000800012F6] -> 0x00AF
[1218] [M]: 0x00000000800012F4 (0x00AF1F13) slli t5, t5, 0xa
x30 <- 0x0003FFEFFFFC0000

mem[X,0x00000000800012F8] -> 0x0F13
mem[X,0x00000000800012FA] -> 0x040F
[1219] [M]: 0x00000000800012F8 (0x040F0F13) addi t5, t5, 0x40
x30 <- 0x0003FFEFFFFC0040

mem[X,0x00000000800012FC] -> 0x0EB7
mem[X,0x00000000800012FE] -> 0xFF00
[1220] [M]: 0x00000000800012FC (0xFF000EB7) lui t4, -0x1000
x29 <- 0xFFFFFFFFFF000000

mem[X,0x0000000080001300] -> 0x8E93
mem[X,0x0000000080001302] -> 0xFF9E
[1221] [M]: 0x0000000080001300 (0xFF9E8E93) addi t4, t4, -0x7
x29 <- 0xFFFFFFFFFEFFFFF9

mem[X,0x0000000080001304] -> 0x9E93
mem[X,0x0000000080001306] -> 0x00BE
[1222] [M]: 0x0000000080001304 (0x00BE9E93) slli t4, t4, 0xb
x29 <- 0xFFFFFFF7FFFFC800

mem[X,0x0000000080001308] -> 0x8E93
mem[X,0x000000008000130A] -> 0x020E
[1223] [M]: 0x0000000080001308 (0x020E8E93) addi t4, t4, 0x20
x29 <- 0xFFFFFFF7FFFFC820

mem[X,0x000000008000130C] -> 0x9E93
mem[X,0x000000008000130E] -> 0x00BE
[1224] [M]: 0x000000008000130C (0x00BE9E93) slli t4, t4, 0xb
x29 <- 0xFFFFBFFFFE410000

mem[X,0x0000000080001310] -> 0x8E93
mem[X,0x0000000080001312] -> 0x000E
[1225] [M]: 0x0000000080001310 (0x000E8E93) addi t4, t4, 0x0
x29 <- 0xFFFFBFFFFE410000

mem[X,0x0000000080001314] -> 0x9E93
mem[X,0x0000000080001316] -> 0x00AE
[1226] [M]: 0x0000000080001314 (0x00AE9E93) slli t4, t4, 0xa
x29 <- 0xFEFFFFF904000000

mem[X,0x0000000080001318] -> 0x8E93
mem[X,0x000000008000131A] -> 0x040E
[1227] [M]: 0x0000000080001318 (0x040E8E93) addi t4, t4, 0x40
x29 <- 0xFEFFFFF904000040

mem[X,0x000000008000131C] -> 0x7FBB
mem[X,0x000000008000131E] -> 0x99DF
[1228] [M]: 0x000000008000131C (0x99DF7FBB) pmhaccu.h t6, t5, t4
x31 <- 0x7455F126CA5F6C3C

mem[X,0x0000000080001320] -> 0xBC23
mem[X,0x0000000080001322] -> 0x11F0
[1229] [M]: 0x0000000080001320 (0x11F0BC23) sd t6, 0x118(ra)
mem[0x0000000080004300] <- 0x7455F126CA5F6C3C

mem[X,0x0000000080001324] -> 0xFF37
mem[X,0x0000000080001326] -> 0x0040
[1230] [M]: 0x0000000080001324 (0x0040FF37) lui t5, 0x40f
x30 <- 0x000000000040F000

mem[X,0x0000000080001328] -> 0x0F13
mem[X,0x000000008000132A] -> 0xFFFF
[1231] [M]: 0x0000000080001328 (0xFFFF0F13) addi t5, t5, -0x1
x30 <- 0x000000000040EFFF

mem[X,0x000000008000132C] -> 0x1F13
mem[X,0x000000008000132E] -> 0x00BF
[1232] [M]: 0x000000008000132C (0x00BF1F13) slli t5, t5, 0xb
x30 <- 0x00000002077FF800

mem[X,0x0000000080001330] -> 0x0F13
mem[X,0x0000000080001332] -> 0x7FFF
[1233] [M]: 0x0000000080001330 (0x7FFF0F13) addi t5, t5, 0x7ff
x30 <- 0x00000002077FFFFF

mem[X,0x0000000080001334] -> 0x1F13
mem[X,0x0000000080001336] -> 0x00BF
[1234] [M]: 0x0000000080001334 (0x00BF1F13) slli t5, t5, 0xb
x30 <- 0x0000103BFFFFF800

mem[X,0x0000000080001338] -> 0x0F13
mem[X,0x000000008000133A] -> 0x5C1F
[1235] [M]: 0x0000000080001338 (0x5C1F0F13) addi t5, t5, 0x5c1
x30 <- 0x0000103BFFFFFDC1

mem[X,0x000000008000133C] -> 0x1F13
mem[X,0x000000008000133E] -> 0x00AF
[1236] [M]: 0x000000008000133C (0x00AF1F13) slli t5, t5, 0xa
x30 <- 0x0040EFFFFFF70400

mem[X,0x0000000080001340] -> 0x0EB7
mem[X,0x0000000080001342] -> 0xEFFF
[1237] [M]: 0x0000000080001340 (0xEFFF0EB7) lui t4, -0x10010
x29 <- 0xFFFFFFFFEFFF0000

mem[X,0x0000000080001344] -> 0x8E93
mem[X,0x0000000080001346] -> 0x006E
[1238] [M]: 0x0000000080001344 (0x006E8E93) addi t4, t4, 0x6
x29 <- 0xFFFFFFFFEFFF0006

mem[X,0x0000000080001348] -> 0x9E93
mem[X,0x000000008000134A] -> 0x00BE
[1239] [M]: 0x0000000080001348 (0x00BE9E93) slli t4, t4, 0xb
x29 <- 0xFFFFFF7FF8003000

mem[X,0x000000008000134C] -> 0x8E93
mem[X,0x000000008000134E] -> 0x7DFE
[1240] [M]: 0x000000008000134C (0x7DFE8E93) addi t4, t4, 0x7df
x29 <- 0xFFFFFF7FF80037DF

mem[X,0x0000000080001350] -> 0x9E93
mem[X,0x0000000080001352] -> 0x00BE
[1241] [M]: 0x0000000080001350 (0x00BE9E93) slli t4, t4, 0xb
x29 <- 0xFFFBFFC001BEF800

mem[X,0x0000000080001354] -> 0x8E93
mem[X,0x0000000080001356] -> 0x7C0E
[1242] [M]: 0x0000000080001354 (0x7C0E8E93) addi t4, t4, 0x7c0
x29 <- 0xFFFBFFC001BEFFC0

mem[X,0x0000000080001358] -> 0x9E93
mem[X,0x000000008000135A] -> 0x00AE
[1243] [M]: 0x0000000080001358 (0x00AE9E93) slli t4, t4, 0xa
x29 <- 0xEFFF0006FBFF0000

mem[X,0x000000008000135C] -> 0x8E93
mem[X,0x000000008000135E] -> 0x200E
[1244] [M]: 0x000000008000135C (0x200E8E93) addi t4, t4, 0x200
x29 <- 0xEFFF0006FBFF0200

mem[X,0x0000000080001360] -> 0x7FBB
mem[X,0x0000000080001362] -> 0x99DF
[1245] [M]: 0x0000000080001360 (0x99DF7FBB) pmhaccu.h t6, t5, t4
x31 <- 0x7490F12BC6556C44

mem[X,0x0000000080001364] -> 0xB023
mem[X,0x0000000080001366] -> 0x13F0
[1246] [M]: 0x0000000080001364 (0x13F0B023) sd t6, 0x120(ra)
mem[0x0000000080004308] <- 0x7490F12BC6556C44

mem[X,0x0000000080001368] -> 0x0F37
mem[X,0x000000008000136A] -> 0xFFFE
[1247] [M]: 0x0000000080001368 (0xFFFE0F37) lui t5, -0x20
x30 <- 0xFFFFFFFFFFFE0000

mem[X,0x000000008000136C] -> 0x0F13
mem[X,0x000000008000136E] -> 0xFEFF
[1248] [M]: 0x000000008000136C (0xFEFF0F13) addi t5, t5, -0x11
x30 <- 0xFFFFFFFFFFFDFFEF

mem[X,0x0000000080001370] -> 0x1F13
mem[X,0x0000000080001372] -> 0x00BF
[1249] [M]: 0x0000000080001370 (0x00BF1F13) slli t5, t5, 0xb
x30 <- 0xFFFFFFFFEFFF7800

mem[X,0x0000000080001374] -> 0x0F13
mem[X,0x0000000080001376] -> 0x1FFF
[1250] [M]: 0x0000000080001374 (0x1FFF0F13) addi t5, t5, 0x1ff
x30 <- 0xFFFFFFFFEFFF79FF

mem[X,0x0000000080001378] -> 0x1F13
mem[X,0x000000008000137A] -> 0x00BF
[1251] [M]: 0x0000000080001378 (0x00BF1F13) slli t5, t5, 0xb
x30 <- 0xFFFFFF7FFBCFF800

mem[X,0x000000008000137C] -> 0x0F13
mem[X,0x000000008000137E] -> 0x7C0F
[1252] [M]: 0x000000008000137C (0x7C0F0F13) addi t5, t5, 0x7c0
x30 <- 0xFFFFFF7FFBCFFFC0

mem[X,0x0000000080001380] -> 0x1F13
mem[X,0x0000000080001382] -> 0x00AF
[1253] [M]: 0x0000000080001380 (0x00AF1F13) slli t5, t5, 0xa
x30 <- 0xFFFDFFEF3FFF0000

mem[X,0x0000000080001384] -> 0x0F13
mem[X,0x0000000080001386] -> 0x020F
[1254] [M]: 0x0000000080001384 (0x020F0F13) addi t5, t5, 0x20
x30 <- 0xFFFDFFEF3FFF0020

mem[X,0x0000000080001388] -> 0x0EB7
mem[X,0x000000008000138A] -> 0xFFF8
[1255] [M]: 0x0000000080001388 (0xFFF80EB7) lui t4, -0x80
x29 <- 0xFFFFFFFFFFF80000

mem[X,0x000000008000138C] -> 0x8E93
mem[X,0x000000008000138E] -> 0x008E
[1256] [M]: 0x000000008000138C (0x008E8E93) addi t4, t4, 0x8
x29 <- 0xFFFFFFFFFFF80008

mem[X,0x0000000080001390] -> 0x9E93
mem[X,0x0000000080001392] -> 0x00BE
[1257] [M]: 0x0000000080001390 (0x00BE9E93) slli t4, t4, 0xb
x29 <- 0xFFFFFFFFC0004000

mem[X,0x0000000080001394] -> 0x8E93
mem[X,0x0000000080001396] -> 0x5FFE
[1258] [M]: 0x0000000080001394 (0x5FFE8E93) addi t4, t4, 0x5ff
x29 <- 0xFFFFFFFFC00045FF

mem[X,0x0000000080001398] -> 0x9E93
mem[X,0x000000008000139A] -> 0x00BE
[1259] [M]: 0x0000000080001398 (0x00BE9E93) slli t4, t4, 0xb
x29 <- 0xFFFFFE00022FF800

mem[X,0x000000008000139C] -> 0x8E93
mem[X,0x000000008000139E] -> 0x7C1E
[1260] [M]: 0x000000008000139C (0x7C1E8E93) addi t4, t4, 0x7c1
x29 <- 0xFFFFFE00022FFFC1

mem[X,0x00000000800013A0] -> 0x9E93
mem[X,0x00000000800013A2] -> 0x00AE
[1261] [M]: 0x00000000800013A0 (0x00AE9E93) slli t4, t4, 0xa
x29 <- 0xFFF80008BFFF0400

mem[X,0x00000000800013A4] -> 0x7FBB
mem[X,0x00000000800013A6] -> 0x99DF
[1262] [M]: 0x00000000800013A4 (0x99DF7FBB) pmhaccu.h t6, t5, t4
x31 <- 0x7485F132F6546C44

mem[X,0x00000000800013A8] -> 0xB423
mem[X,0x00000000800013AA] -> 0x13F0
[1263] [M]: 0x00000000800013A8 (0x13F0B423) sd t6, 0x128(ra)
mem[0x0000000080004310] <- 0x7485F132F6546C44

mem[X,0x00000000800013AC] -> 0x8F37
mem[X,0x00000000800013AE] -> 0xAAAA
[1264] [M]: 0x00000000800013AC (0xAAAA8F37) lui t5, -0x55558
x30 <- 0xFFFFFFFFAAAA8000

mem[X,0x00000000800013B0] -> 0x0F13
mem[X,0x00000000800013B2] -> 0xFFFF
[1265] [M]: 0x00000000800013B0 (0xFFFF0F13) addi t5, t5, -0x1
x30 <- 0xFFFFFFFFAAAA7FFF

mem[X,0x00000000800013B4] -> 0x1F13
mem[X,0x00000000800013B6] -> 0x00BF
[1266] [M]: 0x00000000800013B4 (0x00BF1F13) slli t5, t5, 0xb
x30 <- 0xFFFFFD5553FFF800

mem[X,0x00000000800013B8] -> 0x0F13
mem[X,0x00000000800013BA] -> 0x7BFF
[1267] [M]: 0x00000000800013B8 (0x7BFF0F13) addi t5, t5, 0x7bf
x30 <- 0xFFFFFD5553FFFFBF

mem[X,0x00000000800013BC] -> 0x1F13
mem[X,0x00000000800013BE] -> 0x00BF
[1268] [M]: 0x00000000800013BC (0x00BF1F13) slli t5, t5, 0xb
x30 <- 0xFFEAAA9FFFFDF800

mem[X,0x00000000800013C0] -> 0x0F13
mem[X,0x00000000800013C2] -> 0x7C8F
[1269] [M]: 0x00000000800013C0 (0x7C8F0F13) addi t5, t5, 0x7c8
x30 <- 0xFFEAAA9FFFFDFFC8

mem[X,0x00000000800013C4] -> 0x1F13
mem[X,0x00000000800013C6] -> 0x00AF
[1270] [M]: 0x00000000800013C4 (0x00AF1F13) slli t5, t5, 0xa
x30 <- 0xAAAA7FFFF7FF2000

mem[X,0x00000000800013C8] -> 0x0EB7
mem[X,0x00000000800013CA] -> 0x0020
[1271] [M]: 0x00000000800013C8 (0x00200EB7) lui t4, 0x200
x29 <- 0x0000000000200000

mem[X,0x00000000800013CC] -> 0x8E93
mem[X,0x00000000800013CE] -> 0x010E
[1272] [M]: 0x00000000800013CC (0x010E8E93) addi t4, t4, 0x10
x29 <- 0x0000000000200010

mem[X,0x00000000800013D0] -> 0x9E93
mem[X,0x00000000800013D2] -> 0x00BE
[1273] [M]: 0x00000000800013D0 (0x00BE9E93) slli t4, t4, 0xb
x29 <- 0x0000000100008000

mem[X,0x00000000800013D4] -> 0x8E93
mem[X,0x00000000800013D6] -> 0x001E
[1274] [M]: 0x00000000800013D4 (0x001E8E93) addi t4, t4, 0x1
x29 <- 0x0000000100008001

mem[X,0x00000000800013D8] -> 0x9E93
mem[X,0x00000000800013DA] -> 0x00BE
[1275] [M]: 0x00000000800013D8 (0x00BE9E93) slli t4, t4, 0xb
x29 <- 0x0000080004000800

mem[X,0x00000000800013DC] -> 0x8E93
mem[X,0x00000000800013DE] -> 0x004E
[1276] [M]: 0x00000000800013DC (0x004E8E93) addi t4, t4, 0x4
x29 <- 0x0000080004000804

mem[X,0x00000000800013E0] -> 0x9E93
mem[X,0x00000000800013E2] -> 0x00AE
[1277] [M]: 0x00000000800013E0 (0x00AE9E93) slli t4, t4, 0xa
x29 <- 0x0020001000201000

mem[X,0x00000000800013E4] -> 0x7FBB
mem[X,0x00000000800013E6] -> 0x99DF
[1278] [M]: 0x00000000800013E4 (0x99DF7FBB) pmhaccu.h t6, t5, t4
x31 <- 0x749AF139F6726E44

mem[X,0x00000000800013E8] -> 0xB823
mem[X,0x00000000800013EA] -> 0x13F0
[1279] [M]: 0x00000000800013E8 (0x13F0B823) sd t6, 0x130(ra)
mem[0x0000000080004318] <- 0x749AF139F6726E44

mem[X,0x00000000800013EC] -> 0x0F37
mem[X,0x00000000800013EE] -> 0x0201
[1280] [M]: 0x00000000800013EC (0x02010F37) lui t5, 0x2010
x30 <- 0x0000000002010000

mem[X,0x00000000800013F0] -> 0x0F13
mem[X,0x00000000800013F2] -> 0xFFCF
[1281] [M]: 0x00000000800013F0 (0xFFCF0F13) addi t5, t5, -0x4
x30 <- 0x000000000200FFFC

mem[X,0x00000000800013F4] -> 0x1F13
mem[X,0x00000000800013F6] -> 0x00BF
[1282] [M]: 0x00000000800013F4 (0x00BF1F13) slli t5, t5, 0xb
x30 <- 0x0000001007FFE000

mem[X,0x00000000800013F8] -> 0x0F13
mem[X,0x00000000800013FA] -> 0x7FFF
[1283] [M]: 0x00000000800013F8 (0x7FFF0F13) addi t5, t5, 0x7ff
x30 <- 0x0000001007FFE7FF

mem[X,0x00000000800013FC] -> 0x1F13
mem[X,0x00000000800013FE] -> 0x00BF
[1284] [M]: 0x00000000800013FC (0x00BF1F13) slli t5, t5, 0xb
x30 <- 0x0000803FFF3FF800

mem[X,0x0000000080001400] -> 0x0F13
mem[X,0x0000000080001402] -> 0x5FFF
[1285] [M]: 0x0000000080001400 (0x5FFF0F13) addi t5, t5, 0x5ff
x30 <- 0x0000803FFF3FFDFF

mem[X,0x0000000080001404] -> 0x1F13
mem[X,0x0000000080001406] -> 0x00AF
[1286] [M]: 0x0000000080001404 (0x00AF1F13) slli t5, t5, 0xa
x30 <- 0x0200FFFCFFF7FC00

mem[X,0x0000000080001408] -> 0x0F13
mem[X,0x000000008000140A] -> 0x3EFF
[1287] [M]: 0x0000000080001408 (0x3EFF0F13) addi t5, t5, 0x3ef
x30 <- 0x0200FFFCFFF7FFEF

mem[X,0x000000008000140C] -> 0x2EB7
mem[X,0x000000008000140E] -> 0x5555
[1288] [M]: 0x000000008000140C (0x55552EB7) lui t4, 0x55552
x29 <- 0x0000000055552000

mem[X,0x0000000080001410] -> 0x8E93
mem[X,0x0000000080001412] -> 0x000E
[1289] [M]: 0x0000000080001410 (0x000E8E93) addi t4, t4, 0x0
x29 <- 0x0000000055552000

mem[X,0x0000000080001414] -> 0x9E93
mem[X,0x0000000080001416] -> 0x00BE
[1290] [M]: 0x0000000080001414 (0x00BE9E93) slli t4, t4, 0xb
x29 <- 0x000002AAA9000000

mem[X,0x0000000080001418] -> 0x8E93
mem[X,0x000000008000141A] -> 0x7FFE
[1291] [M]: 0x0000000080001418 (0x7FFE8E93) addi t4, t4, 0x7ff
x29 <- 0x000002AAA90007FF

mem[X,0x000000008000141C] -> 0x9E93
mem[X,0x000000008000141E] -> 0x00BE
[1292] [M]: 0x000000008000141C (0x00BE9E93) slli t4, t4, 0xb
x29 <- 0x00155548003FF800

mem[X,0x0000000080001420] -> 0x8E93
mem[X,0x0000000080001422] -> 0x5C8E
[1293] [M]: 0x0000000080001420 (0x5C8E8E93) addi t4, t4, 0x5c8
x29 <- 0x00155548003FFDC8

mem[X,0x0000000080001424] -> 0x9E93
mem[X,0x0000000080001426] -> 0x00AE
[1294] [M]: 0x0000000080001424 (0x00AE9E93) slli t4, t4, 0xa
x29 <- 0x55552000FFF72000

mem[X,0x0000000080001428] -> 0x7FBB
mem[X,0x000000008000142A] -> 0x99DF
[1295] [M]: 0x0000000080001428 (0x99DF7FBB) pmhaccu.h t6, t5, t4
x31 <- 0x75441138F6608E41

mem[X,0x000000008000142C] -> 0xBC23
mem[X,0x000000008000142E] -> 0x13F0
[1296] [M]: 0x000000008000142C (0x13F0BC23) sd t6, 0x138(ra)
mem[0x0000000080004320] <- 0x75441138F6608E41

mem[X,0x0000000080001430] -> 0x0F37
mem[X,0x0000000080001432] -> 0x0010
[1297] [M]: 0x0000000080001430 (0x00100F37) lui t5, 0x100
x30 <- 0x0000000000100000

mem[X,0x0000000080001434] -> 0x0F13
mem[X,0x0000000080001436] -> 0x080F
[1298] [M]: 0x0000000080001434 (0x080F0F13) addi t5, t5, 0x80
x30 <- 0x0000000000100080

mem[X,0x0000000080001438] -> 0x1F13
mem[X,0x000000008000143A] -> 0x00BF
[1299] [M]: 0x0000000080001438 (0x00BF1F13) slli t5, t5, 0xb
x30 <- 0x0000000080040000

clint::tick mtime <- 0x000000000000000D
 clint timer pending at mtime 0x000000000000000D
htif::tick 0x0000000000000000
mem[X,0x000000008000143C] -> 0x0F13
mem[X,0x000000008000143E] -> 0x555F
[1300] [M]: 0x000000008000143C (0x555F0F13) addi t5, t5, 0x555
x30 <- 0x0000000080040555

mem[X,0x0000000080001440] -> 0x1F13
mem[X,0x0000000080001442] -> 0x00BF
[1301] [M]: 0x0000000080001440 (0x00BF1F13) slli t5, t5, 0xb
x30 <- 0x00000400202AA800

mem[X,0x0000000080001444] -> 0x0F13
mem[X,0x0000000080001446] -> 0x2BFF
[1302] [M]: 0x0000000080001444 (0x2BFF0F13) addi t5, t5, 0x2bf
x30 <- 0x00000400202AAABF

mem[X,0x0000000080001448] -> 0x1F13
mem[X,0x000000008000144A] -> 0x00AF
[1303] [M]: 0x0000000080001448 (0x00AF1F13) slli t5, t5, 0xa
x30 <- 0x00100080AAAAFC00

mem[X,0x000000008000144C] -> 0x0F13
mem[X,0x000000008000144E] -> 0x3EFF
[1304] [M]: 0x000000008000144C (0x3EFF0F13) addi t5, t5, 0x3ef
x30 <- 0x00100080AAAAFFEF

mem[X,0x0000000080001450] -> 0x0EB7
mem[X,0x0000000080001452] -> 0xE000
[1305] [M]: 0x0000000080001450 (0xE0000EB7) lui t4, -0x20000
x29 <- 0xFFFFFFFFE0000000

mem[X,0x0000000080001454] -> 0x8E93
mem[X,0x0000000080001456] -> 0xEFFE
[1306] [M]: 0x0000000080001454 (0xEFFE8E93) addi t4, t4, -0x101
x29 <- 0xFFFFFFFFDFFFFEFF

mem[X,0x0000000080001458] -> 0x9E93
mem[X,0x000000008000145A] -> 0x00BE
[1307] [M]: 0x0000000080001458 (0x00BE9E93) slli t4, t4, 0xb
x29 <- 0xFFFFFEFFFFF7F800

mem[X,0x000000008000145C] -> 0x8E93
mem[X,0x000000008000145E] -> 0x000E
[1308] [M]: 0x000000008000145C (0x000E8E93) addi t4, t4, 0x0
x29 <- 0xFFFFFEFFFFF7F800

mem[X,0x0000000080001460] -> 0x9E93
mem[X,0x0000000080001462] -> 0x00BE
[1309] [M]: 0x0000000080001460 (0x00BE9E93) slli t4, t4, 0xb
x29 <- 0xFFF7FFFFBFC00000

mem[X,0x0000000080001464] -> 0x8E93
mem[X,0x0000000080001466] -> 0x43FE
[1310] [M]: 0x0000000080001464 (0x43FE8E93) addi t4, t4, 0x43f
x29 <- 0xFFF7FFFFBFC0043F

mem[X,0x0000000080001468] -> 0x9E93
mem[X,0x000000008000146A] -> 0x00AE
[1311] [M]: 0x0000000080001468 (0x00AE9E93) slli t4, t4, 0xa
x29 <- 0xDFFFFEFF0010FC00

mem[X,0x000000008000146C] -> 0x8E93
mem[X,0x000000008000146E] -> 0x3FEE
[1312] [M]: 0x000000008000146C (0x3FEE8E93) addi t4, t4, 0x3fe
x29 <- 0xDFFFFEFF0010FFFE

mem[X,0x0000000080001470] -> 0x7FBB
mem[X,0x0000000080001472] -> 0x99DF
[1313] [M]: 0x0000000080001470 (0x99DF7FBB) pmhaccu.h t6, t5, t4
x31 <- 0x755111B7F66A8E2E

mem[X,0x0000000080001474] -> 0xB023
mem[X,0x0000000080001476] -> 0x15F0
[1314] [M]: 0x0000000080001474 (0x15F0B023) sd t6, 0x140(ra)
mem[0x0000000080004328] <- 0x755111B7F66A8E2E

mem[X,0x0000000080001478] -> 0x0F37
mem[X,0x000000008000147A] -> 0xEFFF
[1315] [M]: 0x0000000080001478 (0xEFFF0F37) lui t5, -0x10010
x30 <- 0xFFFFFFFFEFFF0000

mem[X,0x000000008000147C] -> 0x0F13
mem[X,0x000000008000147E] -> 0x080F
[1316] [M]: 0x000000008000147C (0x080F0F13) addi t5, t5, 0x80
x30 <- 0xFFFFFFFFEFFF0080

mem[X,0x0000000080001480] -> 0x1F13
mem[X,0x0000000080001482] -> 0x00BF
[1317] [M]: 0x0000000080001480 (0x00BF1F13) slli t5, t5, 0xb
x30 <- 0xFFFFFF7FF8040000

mem[X,0x0000000080001484] -> 0x0F13
mem[X,0x0000000080001486] -> 0x3FFF
[1318] [M]: 0x0000000080001484 (0x3FFF0F13) addi t5, t5, 0x3ff
x30 <- 0xFFFFFF7FF80403FF

mem[X,0x0000000080001488] -> 0x1F13
mem[X,0x000000008000148A] -> 0x00BF
[1319] [M]: 0x0000000080001488 (0x00BF1F13) slli t5, t5, 0xb
x30 <- 0xFFFBFFC0201FF800

mem[X,0x000000008000148C] -> 0x0F13
mem[X,0x000000008000148E] -> 0x7E0F
[1320] [M]: 0x000000008000148C (0x7E0F0F13) addi t5, t5, 0x7e0
x30 <- 0xFFFBFFC0201FFFE0

mem[X,0x0000000080001490] -> 0x1F13
mem[X,0x0000000080001492] -> 0x00AF
[1321] [M]: 0x0000000080001490 (0x00AF1F13) slli t5, t5, 0xa
x30 <- 0xEFFF00807FFF8000

mem[X,0x0000000080001494] -> 0xFEB7
mem[X,0x0000000080001496] -> 0x0200
[1322] [M]: 0x0000000080001494 (0x0200FEB7) lui t4, 0x200f
x29 <- 0x000000000200F000

mem[X,0x0000000080001498] -> 0x8E93
mem[X,0x000000008000149A] -> 0x7FFE
[1323] [M]: 0x0000000080001498 (0x7FFE8E93) addi t4, t4, 0x7ff
x29 <- 0x000000000200F7FF

mem[X,0x000000008000149C] -> 0x9E93
mem[X,0x000000008000149E] -> 0x00BE
[1324] [M]: 0x000000008000149C (0x00BE9E93) slli t4, t4, 0xb
x29 <- 0x0000001007BFF800

mem[X,0x00000000800014A0] -> 0x8E93
mem[X,0x00000000800014A2] -> 0x2AAE
[1325] [M]: 0x00000000800014A0 (0x2AAE8E93) addi t4, t4, 0x2aa
x29 <- 0x0000001007BFFAAA

mem[X,0x00000000800014A4] -> 0x9E93
mem[X,0x00000000800014A6] -> 0x00BE
[1326] [M]: 0x00000000800014A4 (0x00BE9E93) slli t4, t4, 0xb
x29 <- 0x0000803DFFD55000

mem[X,0x00000000800014A8] -> 0x8E93
mem[X,0x00000000800014AA] -> 0x57FE
[1327] [M]: 0x00000000800014A8 (0x57FE8E93) addi t4, t4, 0x57f
x29 <- 0x0000803DFFD5557F

mem[X,0x00000000800014AC] -> 0x9E93
mem[X,0x00000000800014AE] -> 0x00AE
[1328] [M]: 0x00000000800014AC (0x00AE9E93) slli t4, t4, 0xa
x29 <- 0x0200F7FF5555FC00

mem[X,0x00000000800014B0] -> 0x8E93
mem[X,0x00000000800014B2] -> 0x3FDE
[1329] [M]: 0x00000000800014B0 (0x3FDE8E93) addi t4, t4, 0x3fd
x29 <- 0x0200F7FF5555FFFD

mem[X,0x00000000800014B4] -> 0x7FBB
mem[X,0x00000000800014B6] -> 0x99DF
[1330] [M]: 0x00000000800014B4 (0x99DF7FBB) pmhaccu.h t6, t5, t4
x31 <- 0x7730123221140E2C

mem[X,0x00000000800014B8] -> 0xB423
mem[X,0x00000000800014BA] -> 0x15F0
[1331] [M]: 0x00000000800014B8 (0x15F0B423) sd t6, 0x148(ra)
mem[0x0000000080004330] <- 0x7730123221140E2C

mem[X,0x00000000800014BC] -> 0x0F37
mem[X,0x00000000800014BE] -> 0x0009
[1332] [M]: 0x00000000800014BC (0x00090F37) lui t5, 0x90
x30 <- 0x0000000000090000

mem[X,0x00000000800014C0] -> 0x0F13
mem[X,0x00000000800014C2] -> 0xFFCF
[1333] [M]: 0x00000000800014C0 (0xFFCF0F13) addi t5, t5, -0x4
x30 <- 0x000000000008FFFC

mem[X,0x00000000800014C4] -> 0x1F13
mem[X,0x00000000800014C6] -> 0x00BF
[1334] [M]: 0x00000000800014C4 (0x00BF1F13) slli t5, t5, 0xb
x30 <- 0x0000000047FFE000

mem[X,0x00000000800014C8] -> 0x0F13
mem[X,0x00000000800014CA] -> 0x004F
[1335] [M]: 0x00000000800014C8 (0x004F0F13) addi t5, t5, 0x4
x30 <- 0x0000000047FFE004

mem[X,0x00000000800014CC] -> 0x1F13
mem[X,0x00000000800014CE] -> 0x00BF
[1336] [M]: 0x00000000800014CC (0x00BF1F13) slli t5, t5, 0xb
x30 <- 0x0000023FFF002000

mem[X,0x00000000800014D0] -> 0x0F13
mem[X,0x00000000800014D2] -> 0x03FF
[1337] [M]: 0x00000000800014D0 (0x03FF0F13) addi t5, t5, 0x3f
x30 <- 0x0000023FFF00203F

mem[X,0x00000000800014D4] -> 0x1F13
mem[X,0x00000000800014D6] -> 0x00AF
[1338] [M]: 0x00000000800014D4 (0x00AF1F13) slli t5, t5, 0xa
x30 <- 0x0008FFFC0080FC00

mem[X,0x00000000800014D8] -> 0x0F13
mem[X,0x00000000800014DA] -> 0x3FAF
[1339] [M]: 0x00000000800014D8 (0x3FAF0F13) addi t5, t5, 0x3fa
x30 <- 0x0008FFFC0080FFFA

mem[X,0x00000000800014DC] -> 0x0EB7
mem[X,0x00000000800014DE] -> 0xFFFD
[1340] [M]: 0x00000000800014DC (0xFFFD0EB7) lui t4, -0x30
x29 <- 0xFFFFFFFFFFFD0000

mem[X,0x00000000800014E0] -> 0x8E93
mem[X,0x00000000800014E2] -> 0xFF9E
[1341] [M]: 0x00000000800014E0 (0xFF9E8E93) addi t4, t4, -0x7
x29 <- 0xFFFFFFFFFFFCFFF9

mem[X,0x00000000800014E4] -> 0x9E93
mem[X,0x00000000800014E6] -> 0x00BE
[1342] [M]: 0x00000000800014E4 (0x00BE9E93) slli t4, t4, 0xb
x29 <- 0xFFFFFFFFE7FFC800

mem[X,0x00000000800014E8] -> 0x8E93
mem[X,0x00000000800014EA] -> 0x000E
[1343] [M]: 0x00000000800014E8 (0x000E8E93) addi t4, t4, 0x0
x29 <- 0xFFFFFFFFE7FFC800

mem[X,0x00000000800014EC] -> 0x9E93
mem[X,0x00000000800014EE] -> 0x00BE
[1344] [M]: 0x00000000800014EC (0x00BE9E93) slli t4, t4, 0xb
x29 <- 0xFFFFFF3FFE400000

mem[X,0x00000000800014F0] -> 0x8E93
mem[X,0x00000000800014F2] -> 0x1BFE
[1345] [M]: 0x00000000800014F0 (0x1BFE8E93) addi t4, t4, 0x1bf
x29 <- 0xFFFFFF3FFE4001BF

mem[X,0x00000000800014F4] -> 0x9E93
mem[X,0x00000000800014F6] -> 0x00AE
[1346] [M]: 0x00000000800014F4 (0x00AE9E93) slli t4, t4, 0xa
x29 <- 0xFFFCFFF90006FC00

mem[X,0x00000000800014F8] -> 0x8E93
mem[X,0x00000000800014FA] -> 0x3F7E
[1347] [M]: 0x00000000800014F8 (0x3F7E8E93) addi t4, t4, 0x3f7
x29 <- 0xFFFCFFF90006FFF7

mem[X,0x00000000800014FC] -> 0x7FBB
mem[X,0x00000000800014FE] -> 0x99DF
[1348] [M]: 0x00000000800014FC (0x99DF7FBB) pmhaccu.h t6, t5, t4
x31 <- 0x7737122721140E1D

mem[X,0x0000000080001500] -> 0xB823
mem[X,0x0000000080001502] -> 0x15F0
[1349] [M]: 0x0000000080001500 (0x15F0B823) sd t6, 0x150(ra)
mem[0x0000000080004338] <- 0x7737122721140E1D

mem[X,0x0000000080001504] -> 0x0F37
mem[X,0x0000000080001506] -> 0x4001
[1350] [M]: 0x0000000080001504 (0x40010F37) lui t5, 0x40010
x30 <- 0x0000000040010000

mem[X,0x0000000080001508] -> 0x0F13
mem[X,0x000000008000150A] -> 0xFFFF
[1351] [M]: 0x0000000080001508 (0xFFFF0F13) addi t5, t5, -0x1
x30 <- 0x000000004000FFFF

mem[X,0x000000008000150C] -> 0x1F13
mem[X,0x000000008000150E] -> 0x00BF
[1352] [M]: 0x000000008000150C (0x00BF1F13) slli t5, t5, 0xb
x30 <- 0x0000020007FFF800

mem[X,0x0000000080001510] -> 0x0F13
mem[X,0x0000000080001512] -> 0x7FEF
[1353] [M]: 0x0000000080001510 (0x7FEF0F13) addi t5, t5, 0x7fe
x30 <- 0x0000020007FFFFFE

mem[X,0x0000000080001514] -> 0x1F13
mem[X,0x0000000080001516] -> 0x00BF
[1354] [M]: 0x0000000080001514 (0x00BF1F13) slli t5, t5, 0xb
x30 <- 0x0010003FFFFFF000

mem[X,0x0000000080001518] -> 0x0F13
mem[X,0x000000008000151A] -> 0x7C8F
[1355] [M]: 0x0000000080001518 (0x7C8F0F13) addi t5, t5, 0x7c8
x30 <- 0x0010003FFFFFF7C8

mem[X,0x000000008000151C] -> 0x1F13
mem[X,0x000000008000151E] -> 0x00AF
[1356] [M]: 0x000000008000151C (0x00AF1F13) slli t5, t5, 0xa
x30 <- 0x4000FFFFFFDF2000

mem[X,0x0000000080001520] -> 0x2EB7
mem[X,0x0000000080001522] -> 0xF7FF
[1357] [M]: 0x0000000080001520 (0xF7FF2EB7) lui t4, -0x800e
x29 <- 0xFFFFFFFFF7FF2000

mem[X,0x0000000080001524] -> 0x8E93
mem[X,0x0000000080001526] -> 0x000E
[1358] [M]: 0x0000000080001524 (0x000E8E93) addi t4, t4, 0x0
x29 <- 0xFFFFFFFFF7FF2000

mem[X,0x0000000080001528] -> 0x9E93
mem[X,0x000000008000152A] -> 0x00BE
[1359] [M]: 0x0000000080001528 (0x00BE9E93) slli t4, t4, 0xb
x29 <- 0xFFFFFFBFF9000000

mem[X,0x000000008000152C] -> 0x8E93
mem[X,0x000000008000152E] -> 0x7FFE
[1360] [M]: 0x000000008000152C (0x7FFE8E93) addi t4, t4, 0x7ff
x29 <- 0xFFFFFFBFF90007FF

mem[X,0x0000000080001530] -> 0x9E93
mem[X,0x0000000080001532] -> 0x00BE
[1361] [M]: 0x0000000080001530 (0x00BE9E93) slli t4, t4, 0xb
x29 <- 0xFFFDFFC8003FF800

mem[X,0x0000000080001534] -> 0x8E93
mem[X,0x0000000080001536] -> 0x6FFE
[1362] [M]: 0x0000000080001534 (0x6FFE8E93) addi t4, t4, 0x6ff
x29 <- 0xFFFDFFC8003FFEFF

mem[X,0x0000000080001538] -> 0x9E93
mem[X,0x000000008000153A] -> 0x00AE
[1363] [M]: 0x0000000080001538 (0x00AE9E93) slli t4, t4, 0xa
x29 <- 0xF7FF2000FFFBFC00

mem[X,0x000000008000153C] -> 0x8E93
mem[X,0x000000008000153E] -> 0x3EFE
[1364] [M]: 0x000000008000153C (0x3EFE8E93) addi t4, t4, 0x3ef
x29 <- 0xF7FF2000FFFBFFEF

mem[X,0x0000000080001540] -> 0x7FBB
mem[X,0x0000000080001542] -> 0x99DF
[1365] [M]: 0x0000000080001540 (0x99DF7FBB) pmhaccu.h t6, t5, t4
x31 <- 0xB536322620EE2E1A

mem[X,0x0000000080001544] -> 0xBC23
mem[X,0x0000000080001546] -> 0x15F0
[1366] [M]: 0x0000000080001544 (0x15F0BC23) sd t6, 0x158(ra)
mem[0x0000000080004340] <- 0xB536322620EE2E1A

mem[X,0x0000000080001548] -> 0x0F37
mem[X,0x000000008000154A] -> 0x0041
[1367] [M]: 0x0000000080001548 (0x00410F37) lui t5, 0x410
x30 <- 0x0000000000410000

mem[X,0x000000008000154C] -> 0x0F13
mem[X,0x000000008000154E] -> 0xFF8F
[1368] [M]: 0x000000008000154C (0xFF8F0F13) addi t5, t5, -0x8
x30 <- 0x000000000040FFF8

mem[X,0x0000000080001550] -> 0x1F13
mem[X,0x0000000080001552] -> 0x00BF
[1369] [M]: 0x0000000080001550 (0x00BF1F13) slli t5, t5, 0xb
x30 <- 0x0000000207FFC000

mem[X,0x0000000080001554] -> 0x0F13
mem[X,0x0000000080001556] -> 0x7FFF
[1370] [M]: 0x0000000080001554 (0x7FFF0F13) addi t5, t5, 0x7ff
x30 <- 0x0000000207FFC7FF

mem[X,0x0000000080001558] -> 0x1F13
mem[X,0x000000008000155A] -> 0x00BF
[1371] [M]: 0x0000000080001558 (0x00BF1F13) slli t5, t5, 0xb
x30 <- 0x0000103FFE3FF800

mem[X,0x000000008000155C] -> 0x0F13
mem[X,0x000000008000155E] -> 0x63FF
[1372] [M]: 0x000000008000155C (0x63FF0F13) addi t5, t5, 0x63f
x30 <- 0x0000103FFE3FFE3F

mem[X,0x0000000080001560] -> 0x1F13
mem[X,0x0000000080001562] -> 0x00AF
[1373] [M]: 0x0000000080001560 (0x00AF1F13) slli t5, t5, 0xa
x30 <- 0x0040FFF8FFF8FC00

mem[X,0x0000000080001564] -> 0x0F13
mem[X,0x0000000080001566] -> 0x3FEF
[1374] [M]: 0x0000000080001564 (0x3FEF0F13) addi t5, t5, 0x3fe
x30 <- 0x0040FFF8FFF8FFFE

mem[X,0x0000000080001568] -> 0x0EB7
mem[X,0x000000008000156A] -> 0xFFF6
[1375] [M]: 0x0000000080001568 (0xFFF60EB7) lui t4, -0xa0
x29 <- 0xFFFFFFFFFFF60000

mem[X,0x000000008000156C] -> 0x8E93
mem[X,0x000000008000156E] -> 0x001E
[1376] [M]: 0x000000008000156C (0x001E8E93) addi t4, t4, 0x1
x29 <- 0xFFFFFFFFFFF60001

mem[X,0x0000000080001570] -> 0x9E93
mem[X,0x0000000080001572] -> 0x00BE
[1377] [M]: 0x0000000080001570 (0x00BE9E93) slli t4, t4, 0xb
x29 <- 0xFFFFFFFFB0000800

mem[X,0x0000000080001574] -> 0x8E93
mem[X,0x0000000080001576] -> 0x020E
[1378] [M]: 0x0000000080001574 (0x020E8E93) addi t4, t4, 0x20
x29 <- 0xFFFFFFFFB0000820

mem[X,0x0000000080001578] -> 0x9E93
mem[X,0x000000008000157A] -> 0x00BE
[1379] [M]: 0x0000000080001578 (0x00BE9E93) slli t4, t4, 0xb
x29 <- 0xFFFFFD8000410000

mem[X,0x000000008000157C] -> 0x8E93
mem[X,0x000000008000157E] -> 0x03FE
[1380] [M]: 0x000000008000157C (0x03FE8E93) addi t4, t4, 0x3f
x29 <- 0xFFFFFD800041003F

mem[X,0x0000000080001580] -> 0x9E93
mem[X,0x0000000080001582] -> 0x00AE
[1381] [M]: 0x0000000080001580 (0x00AE9E93) slli t4, t4, 0xa
x29 <- 0xFFF600010400FC00

mem[X,0x0000000080001584] -> 0x8E93
mem[X,0x0000000080001586] -> 0x3DFE
[1382] [M]: 0x0000000080001584 (0x3DFE8E93) addi t4, t4, 0x3df
x29 <- 0xFFF600010400FFDF

mem[X,0x0000000080001588] -> 0x7FBB
mem[X,0x000000008000158A] -> 0x99DF
[1383] [M]: 0x0000000080001588 (0x99DF7FBB) pmhaccu.h t6, t5, t4
x31 <- 0xB575322624ED2DF7

mem[X,0x000000008000158C] -> 0xB023
mem[X,0x000000008000158E] -> 0x17F0
[1384] [M]: 0x000000008000158C (0x17F0B023) sd t6, 0x160(ra)
mem[0x0000000080004348] <- 0xB575322624ED2DF7

mem[X,0x0000000080001590] -> 0x0F37
mem[X,0x0000000080001592] -> 0x0000
[1385] [M]: 0x0000000080001590 (0x00000F37) lui t5, 0x0
x30 <- 0x0000000000000000

mem[X,0x0000000080001594] -> 0x0F13
mem[X,0x0000000080001596] -> 0xFFAF
[1386] [M]: 0x0000000080001594 (0xFFAF0F13) addi t5, t5, -0x6
x30 <- 0xFFFFFFFFFFFFFFFA

mem[X,0x0000000080001598] -> 0x1F13
mem[X,0x000000008000159A] -> 0x00BF
[1387] [M]: 0x0000000080001598 (0x00BF1F13) slli t5, t5, 0xb
x30 <- 0xFFFFFFFFFFFFD000

mem[X,0x000000008000159C] -> 0x0F13
mem[X,0x000000008000159E] -> 0x7BFF
[1388] [M]: 0x000000008000159C (0x7BFF0F13) addi t5, t5, 0x7bf
x30 <- 0xFFFFFFFFFFFFD7BF

mem[X,0x00000000800015A0] -> 0x1F13
mem[X,0x00000000800015A2] -> 0x00BF
[1389] [M]: 0x00000000800015A0 (0x00BF1F13) slli t5, t5, 0xb
x30 <- 0xFFFFFFFFFEBDF800

mem[X,0x00000000800015A4] -> 0x0F13
mem[X,0x00000000800015A6] -> 0x7FFF
[1390] [M]: 0x00000000800015A4 (0x7FFF0F13) addi t5, t5, 0x7ff
x30 <- 0xFFFFFFFFFEBDFFFF

mem[X,0x00000000800015A8] -> 0x1F13
mem[X,0x00000000800015AA] -> 0x00AF
[1391] [M]: 0x00000000800015A8 (0x00AF1F13) slli t5, t5, 0xa
x30 <- 0xFFFFFFFAF7FFFC00

mem[X,0x00000000800015AC] -> 0x0F13
mem[X,0x00000000800015AE] -> 0x3FCF
[1392] [M]: 0x00000000800015AC (0x3FCF0F13) addi t5, t5, 0x3fc
x30 <- 0xFFFFFFFAF7FFFFFC

mem[X,0x00000000800015B0] -> 0x0EB7
mem[X,0x00000000800015B2] -> 0x8000
[1393] [M]: 0x00000000800015B0 (0x80000EB7) lui t4, -0x80000
x29 <- 0xFFFFFFFF80000000

mem[X,0x00000000800015B4] -> 0x8E93
mem[X,0x00000000800015B6] -> 0x003E
[1394] [M]: 0x00000000800015B4 (0x003E8E93) addi t4, t4, 0x3
x29 <- 0xFFFFFFFF80000003

mem[X,0x00000000800015B8] -> 0x9E93
mem[X,0x00000000800015BA] -> 0x00BE
[1395] [M]: 0x00000000800015B8 (0x00BE9E93) slli t4, t4, 0xb
x29 <- 0xFFFFFC0000001800

mem[X,0x00000000800015BC] -> 0x8E93
mem[X,0x00000000800015BE] -> 0x000E
[1396] [M]: 0x00000000800015BC (0x000E8E93) addi t4, t4, 0x0
x29 <- 0xFFFFFC0000001800

mem[X,0x00000000800015C0] -> 0x9E93
mem[X,0x00000000800015C2] -> 0x00BE
[1397] [M]: 0x00000000800015C0 (0x00BE9E93) slli t4, t4, 0xb
x29 <- 0xFFE0000000C00000

mem[X,0x00000000800015C4] -> 0x8E93
mem[X,0x00000000800015C6] -> 0x23FE
[1398] [M]: 0x00000000800015C4 (0x23FE8E93) addi t4, t4, 0x23f
x29 <- 0xFFE0000000C0023F

mem[X,0x00000000800015C8] -> 0x9E93
mem[X,0x00000000800015CA] -> 0x00AE
[1399] [M]: 0x00000000800015C8 (0x00AE9E93) slli t4, t4, 0xa
x29 <- 0x800000030008FC00

clint::tick mtime <- 0x000000000000000E
 clint timer pending at mtime 0x000000000000000E
htif::tick 0x0000000000000000
mem[X,0x00000000800015CC] -> 0x8E93
mem[X,0x00000000800015CE] -> 0x37FE
[1400] [M]: 0x00000000800015CC (0x37FE8E93) addi t4, t4, 0x37f
x29 <- 0x800000030008FF7F

mem[X,0x00000000800015D0] -> 0x7FBB
mem[X,0x00000000800015D2] -> 0x99DF
[1401] [M]: 0x00000000800015D0 (0x99DF7FBB) pmhaccu.h t6, t5, t4
x31 <- 0x3574322824F42D72

mem[X,0x00000000800015D4] -> 0xB423
mem[X,0x00000000800015D6] -> 0x17F0
[1402] [M]: 0x00000000800015D4 (0x17F0B423) sd t6, 0x168(ra)
mem[0x0000000080004350] <- 0x3574322824F42D72

mem[X,0x00000000800015D8] -> 0x0F37
mem[X,0x00000000800015DA] -> 0xFFFF
[1403] [M]: 0x00000000800015D8 (0xFFFF0F37) lui t5, -0x10
x30 <- 0xFFFFFFFFFFFF0000

mem[X,0x00000000800015DC] -> 0x0F13
mem[X,0x00000000800015DE] -> 0xFFBF
[1404] [M]: 0x00000000800015DC (0xFFBF0F13) addi t5, t5, -0x5
x30 <- 0xFFFFFFFFFFFEFFFB

mem[X,0x00000000800015E0] -> 0x1F13
mem[X,0x00000000800015E2] -> 0x00BF
[1405] [M]: 0x00000000800015E0 (0x00BF1F13) slli t5, t5, 0xb
x30 <- 0xFFFFFFFFF7FFD800

mem[X,0x00000000800015E4] -> 0x0F13
mem[X,0x00000000800015E6] -> 0x001F
[1406] [M]: 0x00000000800015E4 (0x001F0F13) addi t5, t5, 0x1
x30 <- 0xFFFFFFFFF7FFD801

mem[X,0x00000000800015E8] -> 0x1F13
mem[X,0x00000000800015EA] -> 0x00BF
[1407] [M]: 0x00000000800015E8 (0x00BF1F13) slli t5, t5, 0xb
x30 <- 0xFFFFFFBFFEC00800

mem[X,0x00000000800015EC] -> 0x0F13
mem[X,0x00000000800015EE] -> 0x000F
[1408] [M]: 0x00000000800015EC (0x000F0F13) addi t5, t5, 0x0
x30 <- 0xFFFFFFBFFEC00800

mem[X,0x00000000800015F0] -> 0x1F13
mem[X,0x00000000800015F2] -> 0x00AF
[1409] [M]: 0x00000000800015F0 (0x00AF1F13) slli t5, t5, 0xa
x30 <- 0xFFFEFFFB00200000

mem[X,0x00000000800015F4] -> 0x0F13
mem[X,0x00000000800015F6] -> 0x003F
[1410] [M]: 0x00000000800015F4 (0x003F0F13) addi t5, t5, 0x3
x30 <- 0xFFFEFFFB00200003

mem[X,0x00000000800015F8] -> 0x0EB7
mem[X,0x00000000800015FA] -> 0xFFFD
[1411] [M]: 0x00000000800015F8 (0xFFFD0EB7) lui t4, -0x30
x29 <- 0xFFFFFFFFFFFD0000

mem[X,0x00000000800015FC] -> 0x8E93
mem[X,0x00000000800015FE] -> 0xFF7E
[1412] [M]: 0x00000000800015FC (0xFF7E8E93) addi t4, t4, -0x9
x29 <- 0xFFFFFFFFFFFCFFF7

mem[X,0x0000000080001600] -> 0x9E93
mem[X,0x0000000080001602] -> 0x00BE
[1413] [M]: 0x0000000080001600 (0x00BE9E93) slli t4, t4, 0xb
x29 <- 0xFFFFFFFFE7FFB800

mem[X,0x0000000080001604] -> 0x8E93
mem[X,0x0000000080001606] -> 0x080E
[1414] [M]: 0x0000000080001604 (0x080E8E93) addi t4, t4, 0x80
x29 <- 0xFFFFFFFFE7FFB880

mem[X,0x0000000080001608] -> 0x9E93
mem[X,0x000000008000160A] -> 0x00BE
[1415] [M]: 0x0000000080001608 (0x00BE9E93) slli t4, t4, 0xb
x29 <- 0xFFFFFF3FFDC40000

mem[X,0x000000008000160C] -> 0x8E93
mem[X,0x000000008000160E] -> 0x02AE
[1416] [M]: 0x000000008000160C (0x02AE8E93) addi t4, t4, 0x2a
x29 <- 0xFFFFFF3FFDC4002A

mem[X,0x0000000080001610] -> 0x9E93
mem[X,0x0000000080001612] -> 0x00AE
[1417] [M]: 0x0000000080001610 (0x00AE9E93) slli t4, t4, 0xa
x29 <- 0xFFFCFFF71000A800

mem[X,0x0000000080001614] -> 0x8E93
mem[X,0x0000000080001616] -> 0x2AAE
[1418] [M]: 0x0000000080001614 (0x2AAE8E93) addi t4, t4, 0x2aa
x29 <- 0xFFFCFFF71000AAAA

mem[X,0x0000000080001618] -> 0x7FBB
mem[X,0x000000008000161A] -> 0x99DF
[1419] [M]: 0x0000000080001618 (0x99DF7FBB) pmhaccu.h t6, t5, t4
x31 <- 0x356E321A24F62D73

mem[X,0x000000008000161C] -> 0xB823
mem[X,0x000000008000161E] -> 0x17F0
[1420] [M]: 0x000000008000161C (0x17F0B823) sd t6, 0x170(ra)
mem[0x0000000080004358] <- 0x356E321A24F62D73

mem[X,0x0000000080001620] -> 0x1F37
mem[X,0x0000000080001622] -> 0x0004
[1421] [M]: 0x0000000080001620 (0x00041F37) lui t5, 0x41
x30 <- 0x0000000000041000

mem[X,0x0000000080001624] -> 0x0F13
mem[X,0x0000000080001626] -> 0x800F
[1422] [M]: 0x0000000080001624 (0x800F0F13) addi t5, t5, -0x800
x30 <- 0x0000000000040800

mem[X,0x0000000080001628] -> 0x1F13
mem[X,0x000000008000162A] -> 0x00BF
[1423] [M]: 0x0000000080001628 (0x00BF1F13) slli t5, t5, 0xb
x30 <- 0x0000000020400000

mem[X,0x000000008000162C] -> 0x0F13
mem[X,0x000000008000162E] -> 0x000F
[1424] [M]: 0x000000008000162C (0x000F0F13) addi t5, t5, 0x0
x30 <- 0x0000000020400000

mem[X,0x0000000080001630] -> 0x1F13
mem[X,0x0000000080001632] -> 0x00BF
[1425] [M]: 0x0000000080001630 (0x00BF1F13) slli t5, t5, 0xb
x30 <- 0x0000010200000000

mem[X,0x0000000080001634] -> 0x0F13
mem[X,0x0000000080001636] -> 0x0FFF
[1426] [M]: 0x0000000080001634 (0x0FFF0F13) addi t5, t5, 0xff
x30 <- 0x00000102000000FF

mem[X,0x0000000080001638] -> 0x1F13
mem[X,0x000000008000163A] -> 0x00AF
[1427] [M]: 0x0000000080001638 (0x00AF1F13) slli t5, t5, 0xa
x30 <- 0x000408000003FC00

mem[X,0x000000008000163C] -> 0x0F13
mem[X,0x000000008000163E] -> 0x2FFF
[1428] [M]: 0x000000008000163C (0x2FFF0F13) addi t5, t5, 0x2ff
x30 <- 0x000408000003FEFF

mem[X,0x0000000080001640] -> 0xBEB7
mem[X,0x0000000080001642] -> 0xFFF6
[1429] [M]: 0x0000000080001640 (0xFFF6BEB7) lui t4, -0x95
x29 <- 0xFFFFFFFFFFF6B000

mem[X,0x0000000080001644] -> 0x8E93
mem[X,0x0000000080001646] -> 0xAAAE
[1430] [M]: 0x0000000080001644 (0xAAAE8E93) addi t4, t4, -0x556
x29 <- 0xFFFFFFFFFFF6AAAA

mem[X,0x0000000080001648] -> 0x9E93
mem[X,0x000000008000164A] -> 0x00BE
[1431] [M]: 0x0000000080001648 (0x00BE9E93) slli t4, t4, 0xb
x29 <- 0xFFFFFFFFB5555000

mem[X,0x000000008000164C] -> 0x8E93
mem[X,0x000000008000164E] -> 0x7FEE
[1432] [M]: 0x000000008000164C (0x7FEE8E93) addi t4, t4, 0x7fe
x29 <- 0xFFFFFFFFB55557FE

mem[X,0x0000000080001650] -> 0x9E93
mem[X,0x0000000080001652] -> 0x00BE
[1433] [M]: 0x0000000080001650 (0x00BE9E93) slli t4, t4, 0xb
x29 <- 0xFFFFFDAAAABFF000

mem[X,0x0000000080001654] -> 0x8E93
mem[X,0x0000000080001656] -> 0x7FEE
[1434] [M]: 0x0000000080001654 (0x7FEE8E93) addi t4, t4, 0x7fe
x29 <- 0xFFFFFDAAAABFF7FE

mem[X,0x0000000080001658] -> 0x9E93
mem[X,0x000000008000165A] -> 0x00AE
[1435] [M]: 0x0000000080001658 (0x00AE9E93) slli t4, t4, 0xa
x29 <- 0xFFF6AAAAFFDFF800

mem[X,0x000000008000165C] -> 0x8E93
mem[X,0x000000008000165E] -> 0x3FFE
[1436] [M]: 0x000000008000165C (0x3FFE8E93) addi t4, t4, 0x3ff
x29 <- 0xFFF6AAAAFFDFFBFF

mem[X,0x0000000080001660] -> 0x7FBB
mem[X,0x0000000080001662] -> 0x99DF
[1437] [M]: 0x0000000080001660 (0x99DF7FBB) pmhaccu.h t6, t5, t4
x31 <- 0x3571376F24F82875

mem[X,0x0000000080001664] -> 0xBC23
mem[X,0x0000000080001666] -> 0x17F0
[1438] [M]: 0x0000000080001664 (0x17F0BC23) sd t6, 0x178(ra)
mem[0x0000000080004360] <- 0x3571376F24F82875

mem[X,0x0000000080001668] -> 0x0F37
mem[X,0x000000008000166A] -> 0xFFFF
[1439] [M]: 0x0000000080001668 (0xFFFF0F37) lui t5, -0x10
x30 <- 0xFFFFFFFFFFFF0000

mem[X,0x000000008000166C] -> 0x0F13
mem[X,0x000000008000166E] -> 0x000F
[1440] [M]: 0x000000008000166C (0x000F0F13) addi t5, t5, 0x0
x30 <- 0xFFFFFFFFFFFF0000

mem[X,0x0000000080001670] -> 0x1F13
mem[X,0x0000000080001672] -> 0x00BF
[1441] [M]: 0x0000000080001670 (0x00BF1F13) slli t5, t5, 0xb
x30 <- 0xFFFFFFFFF8000000

mem[X,0x0000000080001674] -> 0x0F13
mem[X,0x0000000080001676] -> 0x7FFF
[1442] [M]: 0x0000000080001674 (0x7FFF0F13) addi t5, t5, 0x7ff
x30 <- 0xFFFFFFFFF80007FF

mem[X,0x0000000080001678] -> 0x1F13
mem[X,0x000000008000167A] -> 0x00BF
[1443] [M]: 0x0000000080001678 (0x00BF1F13) slli t5, t5, 0xb
x30 <- 0xFFFFFFC0003FF800

mem[X,0x000000008000167C] -> 0x0F13
mem[X,0x000000008000167E] -> 0x682F
[1444] [M]: 0x000000008000167C (0x682F0F13) addi t5, t5, 0x682
x30 <- 0xFFFFFFC0003FFE82

mem[X,0x0000000080001680] -> 0x1F13
mem[X,0x0000000080001682] -> 0x00AF
[1445] [M]: 0x0000000080001680 (0x00AF1F13) slli t5, t5, 0xa
x30 <- 0xFFFF0000FFFA0800

mem[X,0x0000000080001684] -> 0x0EB7
mem[X,0x0000000080001686] -> 0x0007
[1446] [M]: 0x0000000080001684 (0x00070EB7) lui t4, 0x70
x29 <- 0x0000000000070000

mem[X,0x0000000080001688] -> 0x8E93
mem[X,0x000000008000168A] -> 0x007E
[1447] [M]: 0x0000000080001688 (0x007E8E93) addi t4, t4, 0x7
x29 <- 0x0000000000070007

mem[X,0x000000008000168C] -> 0x9E93
mem[X,0x000000008000168E] -> 0x00BE
[1448] [M]: 0x000000008000168C (0x00BE9E93) slli t4, t4, 0xb
x29 <- 0x0000000038003800

mem[X,0x0000000080001690] -> 0x8E93
mem[X,0x0000000080001692] -> 0x040E
[1449] [M]: 0x0000000080001690 (0x040E8E93) addi t4, t4, 0x40
x29 <- 0x0000000038003840

mem[X,0x0000000080001694] -> 0x9E93
mem[X,0x0000000080001696] -> 0x00BE
[1450] [M]: 0x0000000080001694 (0x00BE9E93) slli t4, t4, 0xb
x29 <- 0x000001C001C20000

mem[X,0x0000000080001698] -> 0x8E93
mem[X,0x000000008000169A] -> 0x03FE
[1451] [M]: 0x0000000080001698 (0x03FE8E93) addi t4, t4, 0x3f
x29 <- 0x000001C001C2003F

mem[X,0x000000008000169C] -> 0x9E93
mem[X,0x000000008000169E] -> 0x00AE
[1452] [M]: 0x000000008000169C (0x00AE9E93) slli t4, t4, 0xa
x29 <- 0x000700070800FC00

mem[X,0x00000000800016A0] -> 0x8E93
mem[X,0x00000000800016A2] -> 0x3FFE
[1453] [M]: 0x00000000800016A0 (0x3FFE8E93) addi t4, t4, 0x3ff
x29 <- 0x000700070800FFFF

mem[X,0x00000000800016A4] -> 0x7FBB
mem[X,0x00000000800016A6] -> 0x99DF
[1454] [M]: 0x00000000800016A4 (0x99DF7FBB) pmhaccu.h t6, t5, t4
x31 <- 0x3577376F2CF73074

mem[X,0x00000000800016A8] -> 0xB023
mem[X,0x00000000800016AA] -> 0x19F0
[1455] [M]: 0x00000000800016A8 (0x19F0B023) sd t6, 0x180(ra)
mem[0x0000000080004368] <- 0x3577376F2CF73074

mem[X,0x00000000800016AC] -> 0xFF37
mem[X,0x00000000800016AE] -> 0x0020
[1456] [M]: 0x00000000800016AC (0x0020FF37) lui t5, 0x20f
x30 <- 0x000000000020F000

mem[X,0x00000000800016B0] -> 0x0F13
mem[X,0x00000000800016B2] -> 0xFFFF
[1457] [M]: 0x00000000800016B0 (0xFFFF0F13) addi t5, t5, -0x1
x30 <- 0x000000000020EFFF

mem[X,0x00000000800016B4] -> 0x1F13
mem[X,0x00000000800016B6] -> 0x00BF
[1458] [M]: 0x00000000800016B4 (0x00BF1F13) slli t5, t5, 0xb
x30 <- 0x00000001077FF800

mem[X,0x00000000800016B8] -> 0x0F13
mem[X,0x00000000800016BA] -> 0x5FFF
[1459] [M]: 0x00000000800016B8 (0x5FFF0F13) addi t5, t5, 0x5ff
x30 <- 0x00000001077FFDFF

mem[X,0x00000000800016BC] -> 0x1F13
mem[X,0x00000000800016BE] -> 0x00BF
[1460] [M]: 0x00000000800016BC (0x00BF1F13) slli t5, t5, 0xb
x30 <- 0x0000083BFFEFF800

mem[X,0x00000000800016C0] -> 0x0F13
mem[X,0x00000000800016C2] -> 0x7FFF
[1461] [M]: 0x00000000800016C0 (0x7FFF0F13) addi t5, t5, 0x7ff
x30 <- 0x0000083BFFEFFFFF

mem[X,0x00000000800016C4] -> 0x1F13
mem[X,0x00000000800016C6] -> 0x00AF
[1462] [M]: 0x00000000800016C4 (0x00AF1F13) slli t5, t5, 0xa
x30 <- 0x0020EFFFBFFFFC00

mem[X,0x00000000800016C8] -> 0x0F13
mem[X,0x00000000800016CA] -> 0x2FFF
[1463] [M]: 0x00000000800016C8 (0x2FFF0F13) addi t5, t5, 0x2ff
x30 <- 0x0020EFFFBFFFFEFF

mem[X,0x00000000800016CC] -> 0x0EB7
mem[X,0x00000000800016CE] -> 0xC001
[1464] [M]: 0x00000000800016CC (0xC0010EB7) lui t4, -0x3fff0
x29 <- 0xFFFFFFFFC0010000

mem[X,0x00000000800016D0] -> 0x8E93
mem[X,0x00000000800016D2] -> 0xFFBE
[1465] [M]: 0x00000000800016D0 (0xFFBE8E93) addi t4, t4, -0x5
x29 <- 0xFFFFFFFFC000FFFB

mem[X,0x00000000800016D4] -> 0x9E93
mem[X,0x00000000800016D6] -> 0x00BE
[1466] [M]: 0x00000000800016D4 (0x00BE9E93) slli t4, t4, 0xb
x29 <- 0xFFFFFE0007FFD800

mem[X,0x00000000800016D8] -> 0x8E93
mem[X,0x00000000800016DA] -> 0x7FFE
[1467] [M]: 0x00000000800016D8 (0x7FFE8E93) addi t4, t4, 0x7ff
x29 <- 0xFFFFFE0007FFDFFF

mem[X,0x00000000800016DC] -> 0x9E93
mem[X,0x00000000800016DE] -> 0x00BE
[1468] [M]: 0x00000000800016DC (0x00BE9E93) slli t4, t4, 0xb
x29 <- 0xFFF0003FFEFFF800

mem[X,0x00000000800016E0] -> 0x8E93
mem[X,0x00000000800016E2] -> 0x6C0E
[1469] [M]: 0x00000000800016E0 (0x6C0E8E93) addi t4, t4, 0x6c0
x29 <- 0xFFF0003FFEFFFEC0

mem[X,0x00000000800016E4] -> 0x9E93
mem[X,0x00000000800016E6] -> 0x00AE
[1470] [M]: 0x00000000800016E4 (0x00AE9E93) slli t4, t4, 0xa
x29 <- 0xC000FFFBFFFB0000

mem[X,0x00000000800016E8] -> 0x7FBB
mem[X,0x00000000800016EA] -> 0x99DF
[1471] [M]: 0x00000000800016E8 (0x99DF7FBB) pmhaccu.h t6, t5, t4
x31 <- 0x358F2769ECF23074

mem[X,0x00000000800016EC] -> 0xB423
mem[X,0x00000000800016EE] -> 0x19F0
[1472] [M]: 0x00000000800016EC (0x19F0B423) sd t6, 0x188(ra)
mem[0x0000000080004370] <- 0x358F2769ECF23074

mem[X,0x00000000800016F0] -> 0x8F37
mem[X,0x00000000800016F2] -> 0xFFBF
[1473] [M]: 0x00000000800016F0 (0xFFBF8F37) lui t5, -0x408
x30 <- 0xFFFFFFFFFFBF8000

mem[X,0x00000000800016F4] -> 0x0F13
mem[X,0x00000000800016F6] -> 0x000F
[1474] [M]: 0x00000000800016F4 (0x000F0F13) addi t5, t5, 0x0
x30 <- 0xFFFFFFFFFFBF8000

mem[X,0x00000000800016F8] -> 0x1F13
mem[X,0x00000000800016FA] -> 0x00BF
[1475] [M]: 0x00000000800016F8 (0x00BF1F13) slli t5, t5, 0xb
x30 <- 0xFFFFFFFDFC000000

mem[X,0x00000000800016FC] -> 0x0F13
mem[X,0x00000000800016FE] -> 0x600F
[1476] [M]: 0x00000000800016FC (0x600F0F13) addi t5, t5, 0x600
x30 <- 0xFFFFFFFDFC000600

mem[X,0x0000000080001700] -> 0x1F13
mem[X,0x0000000080001702] -> 0x00BF
[1477] [M]: 0x0000000080001700 (0x00BF1F13) slli t5, t5, 0xb
x30 <- 0xFFFFEFE000300000

mem[X,0x0000000080001704] -> 0x0F13
mem[X,0x0000000080001706] -> 0x000F
[1478] [M]: 0x0000000080001704 (0x000F0F13) addi t5, t5, 0x0
x30 <- 0xFFFFEFE000300000

mem[X,0x0000000080001708] -> 0x1F13
mem[X,0x000000008000170A] -> 0x00AF
[1479] [M]: 0x0000000080001708 (0x00AF1F13) slli t5, t5, 0xa
x30 <- 0xFFBF8000C0000000

mem[X,0x000000008000170C] -> 0x0F13
mem[X,0x000000008000170E] -> 0x010F
[1480] [M]: 0x000000008000170C (0x010F0F13) addi t5, t5, 0x10
x30 <- 0xFFBF8000C0000010

mem[X,0x0000000080001710] -> 0xEEB7
mem[X,0x0000000080001712] -> 0x0080
[1481] [M]: 0x0000000080001710 (0x0080EEB7) lui t4, 0x80e
x29 <- 0x000000000080E000

mem[X,0x0000000080001714] -> 0x8E93
mem[X,0x0000000080001716] -> 0xFFFE
[1482] [M]: 0x0000000080001714 (0xFFFE8E93) addi t4, t4, -0x1
x29 <- 0x000000000080DFFF

mem[X,0x0000000080001718] -> 0x9E93
mem[X,0x000000008000171A] -> 0x00BE
[1483] [M]: 0x0000000080001718 (0x00BE9E93) slli t4, t4, 0xb
x29 <- 0x0000000406FFF800

mem[X,0x000000008000171C] -> 0x8E93
mem[X,0x000000008000171E] -> 0x7FFE
[1484] [M]: 0x000000008000171C (0x7FFE8E93) addi t4, t4, 0x7ff
x29 <- 0x0000000406FFFFFF

mem[X,0x0000000080001720] -> 0x9E93
mem[X,0x0000000080001722] -> 0x00BE
[1485] [M]: 0x0000000080001720 (0x00BE9E93) slli t4, t4, 0xb
x29 <- 0x00002037FFFFF800

mem[X,0x0000000080001724] -> 0x8E93
mem[X,0x0000000080001726] -> 0x680E
[1486] [M]: 0x0000000080001724 (0x680E8E93) addi t4, t4, 0x680
x29 <- 0x00002037FFFFFE80

mem[X,0x0000000080001728] -> 0x9E93
mem[X,0x000000008000172A] -> 0x00AE
[1487] [M]: 0x0000000080001728 (0x00AE9E93) slli t4, t4, 0xa
x29 <- 0x0080DFFFFFFA0000

mem[X,0x000000008000172C] -> 0x8E93
mem[X,0x000000008000172E] -> 0x080E
[1488] [M]: 0x000000008000172C (0x080E8E93) addi t4, t4, 0x80
x29 <- 0x0080DFFFFFFA0080

mem[X,0x0000000080001730] -> 0x7FBB
mem[X,0x0000000080001732] -> 0x99DF
[1489] [M]: 0x0000000080001730 (0x99DF7FBB) pmhaccu.h t6, t5, t4
x31 <- 0x360E9768ACED3074

mem[X,0x0000000080001734] -> 0xB823
mem[X,0x0000000080001736] -> 0x19F0
[1490] [M]: 0x0000000080001734 (0x19F0B823) sd t6, 0x190(ra)
mem[0x0000000080004378] <- 0x360E9768ACED3074

mem[X,0x0000000080001738] -> 0x0F37
mem[X,0x000000008000173A] -> 0xFE00
[1491] [M]: 0x0000000080001738 (0xFE000F37) lui t5, -0x2000
x30 <- 0xFFFFFFFFFE000000

mem[X,0x000000008000173C] -> 0x0F13
mem[X,0x000000008000173E] -> 0xFFAF
[1492] [M]: 0x000000008000173C (0xFFAF0F13) addi t5, t5, -0x6
x30 <- 0xFFFFFFFFFDFFFFFA

mem[X,0x0000000080001740] -> 0x1F13
mem[X,0x0000000080001742] -> 0x00BF
[1493] [M]: 0x0000000080001740 (0x00BF1F13) slli t5, t5, 0xb
x30 <- 0xFFFFFFEFFFFFD000

mem[X,0x0000000080001744] -> 0x0F13
mem[X,0x0000000080001746] -> 0x7DFF
[1494] [M]: 0x0000000080001744 (0x7DFF0F13) addi t5, t5, 0x7df
x30 <- 0xFFFFFFEFFFFFD7DF

mem[X,0x0000000080001748] -> 0x1F13
mem[X,0x000000008000174A] -> 0x00BF
[1495] [M]: 0x0000000080001748 (0x00BF1F13) slli t5, t5, 0xb
x30 <- 0xFFFF7FFFFEBEF800

mem[X,0x000000008000174C] -> 0x0F13
mem[X,0x000000008000174E] -> 0x7FFF
[1496] [M]: 0x000000008000174C (0x7FFF0F13) addi t5, t5, 0x7ff
x30 <- 0xFFFF7FFFFEBEFFFF

mem[X,0x0000000080001750] -> 0x1F13
mem[X,0x0000000080001752] -> 0x00AF
[1497] [M]: 0x0000000080001750 (0x00AF1F13) slli t5, t5, 0xa
x30 <- 0xFDFFFFFAFBFFFC00

mem[X,0x0000000080001754] -> 0x0F13
mem[X,0x0000000080001756] -> 0x3F8F
[1498] [M]: 0x0000000080001754 (0x3F8F0F13) addi t5, t5, 0x3f8
x30 <- 0xFDFFFFFAFBFFFFF8

mem[X,0x0000000080001758] -> 0x4EB7
mem[X,0x000000008000175A] -> 0x0010
[1499] [M]: 0x0000000080001758 (0x00104EB7) lui t4, 0x104
x29 <- 0x0000000000104000

clint::tick mtime <- 0x000000000000000F
 clint timer pending at mtime 0x000000000000000F
htif::tick 0x0000000000000000
mem[X,0x000000008000175C] -> 0x8E93
mem[X,0x000000008000175E] -> 0xFFFE
[1500] [M]: 0x000000008000175C (0xFFFE8E93) addi t4, t4, -0x1
x29 <- 0x0000000000103FFF

mem[X,0x0000000080001760] -> 0x9E93
mem[X,0x0000000080001762] -> 0x00BE
[1501] [M]: 0x0000000080001760 (0x00BE9E93) slli t4, t4, 0xb
x29 <- 0x0000000081FFF800

mem[X,0x0000000080001764] -> 0x8E93
mem[X,0x0000000080001766] -> 0x7FFE
[1502] [M]: 0x0000000080001764 (0x7FFE8E93) addi t4, t4, 0x7ff
x29 <- 0x0000000081FFFFFF

mem[X,0x0000000080001768] -> 0x9E93
mem[X,0x000000008000176A] -> 0x00BE
[1503] [M]: 0x0000000080001768 (0x00BE9E93) slli t4, t4, 0xb
x29 <- 0x0000040FFFFFF800

mem[X,0x000000008000176C] -> 0x8E93
mem[X,0x000000008000176E] -> 0x75FE
[1504] [M]: 0x000000008000176C (0x75FE8E93) addi t4, t4, 0x75f
x29 <- 0x0000040FFFFFFF5F

mem[X,0x0000000080001770] -> 0x9E93
mem[X,0x0000000080001772] -> 0x00AE
[1505] [M]: 0x0000000080001770 (0x00AE9E93) slli t4, t4, 0xa
x29 <- 0x00103FFFFFFD7C00

mem[X,0x0000000080001774] -> 0x8E93
mem[X,0x0000000080001776] -> 0x3FFE
[1506] [M]: 0x0000000080001774 (0x3FFE8E93) addi t4, t4, 0x3ff
x29 <- 0x00103FFFFFFD7FFF

mem[X,0x0000000080001778] -> 0x7FBB
mem[X,0x000000008000177A] -> 0x99DF
[1507] [M]: 0x0000000080001778 (0x99DF7FBB) pmhaccu.h t6, t5, t4
x31 <- 0x361DD765A8E9B06F

mem[X,0x000000008000177C] -> 0xBC23
mem[X,0x000000008000177E] -> 0x19F0
[1508] [M]: 0x000000008000177C (0x19F0BC23) sd t6, 0x198(ra)
mem[0x0000000080004380] <- 0x361DD765A8E9B06F

mem[X,0x0000000080001780] -> 0x0F37
mem[X,0x0000000080001782] -> 0x0200
[1509] [M]: 0x0000000080001780 (0x02000F37) lui t5, 0x2000
x30 <- 0x0000000002000000

mem[X,0x0000000080001784] -> 0x0F13
mem[X,0x0000000080001786] -> 0x010F
[1510] [M]: 0x0000000080001784 (0x010F0F13) addi t5, t5, 0x10
x30 <- 0x0000000002000010

mem[X,0x0000000080001788] -> 0x1F13
mem[X,0x000000008000178A] -> 0x00BF
[1511] [M]: 0x0000000080001788 (0x00BF1F13) slli t5, t5, 0xb
x30 <- 0x0000001000008000

mem[X,0x000000008000178C] -> 0x0F13
mem[X,0x000000008000178E] -> 0x5FFF
[1512] [M]: 0x000000008000178C (0x5FFF0F13) addi t5, t5, 0x5ff
x30 <- 0x00000010000085FF

mem[X,0x0000000080001790] -> 0x1F13
mem[X,0x0000000080001792] -> 0x00BF
[1513] [M]: 0x0000000080001790 (0x00BF1F13) slli t5, t5, 0xb
x30 <- 0x00008000042FF800

mem[X,0x0000000080001794] -> 0x0F13
mem[X,0x0000000080001796] -> 0x7FFF
[1514] [M]: 0x0000000080001794 (0x7FFF0F13) addi t5, t5, 0x7ff
x30 <- 0x00008000042FFFFF

mem[X,0x0000000080001798] -> 0x1F13
mem[X,0x000000008000179A] -> 0x00AF
[1515] [M]: 0x0000000080001798 (0x00AF1F13) slli t5, t5, 0xa
x30 <- 0x02000010BFFFFC00

mem[X,0x000000008000179C] -> 0x0F13
mem[X,0x000000008000179E] -> 0x3EFF
[1516] [M]: 0x000000008000179C (0x3EFF0F13) addi t5, t5, 0x3ef
x30 <- 0x02000010BFFFFFEF

mem[X,0x00000000800017A0] -> 0x0EB7
mem[X,0x00000000800017A2] -> 0x0002
[1517] [M]: 0x00000000800017A0 (0x00020EB7) lui t4, 0x20
x29 <- 0x0000000000020000

mem[X,0x00000000800017A4] -> 0x8E93
mem[X,0x00000000800017A6] -> 0xF7FE
[1518] [M]: 0x00000000800017A4 (0xF7FE8E93) addi t4, t4, -0x81
x29 <- 0x000000000001FF7F

mem[X,0x00000000800017A8] -> 0x9E93
mem[X,0x00000000800017AA] -> 0x00BE
[1519] [M]: 0x00000000800017A8 (0x00BE9E93) slli t4, t4, 0xb
x29 <- 0x000000000FFBF800

mem[X,0x00000000800017AC] -> 0x8E93
mem[X,0x00000000800017AE] -> 0x7FDE
[1520] [M]: 0x00000000800017AC (0x7FDE8E93) addi t4, t4, 0x7fd
x29 <- 0x000000000FFBFFFD

mem[X,0x00000000800017B0] -> 0x9E93
mem[X,0x00000000800017B2] -> 0x00BE
[1521] [M]: 0x00000000800017B0 (0x00BE9E93) slli t4, t4, 0xb
x29 <- 0x0000007FDFFFE800

mem[X,0x00000000800017B4] -> 0x8E93
mem[X,0x00000000800017B6] -> 0x7FFE
[1522] [M]: 0x00000000800017B4 (0x7FFE8E93) addi t4, t4, 0x7ff
x29 <- 0x0000007FDFFFEFFF

mem[X,0x00000000800017B8] -> 0x9E93
mem[X,0x00000000800017BA] -> 0x00AE
[1523] [M]: 0x00000000800017B8 (0x00AE9E93) slli t4, t4, 0xa
x29 <- 0x0001FF7FFFBFFC00

mem[X,0x00000000800017BC] -> 0x8E93
mem[X,0x00000000800017BE] -> 0x3FBE
[1524] [M]: 0x00000000800017BC (0x3FBE8E93) addi t4, t4, 0x3fb
x29 <- 0x0001FF7FFFBFFFFB

mem[X,0x00000000800017C0] -> 0x7FBB
mem[X,0x00000000800017C2] -> 0x99DF
[1525] [M]: 0x00000000800017C0 (0x99DF7FBB) pmhaccu.h t6, t5, t4
x31 <- 0x361DD77468B7B059

mem[X,0x00000000800017C4] -> 0xB023
mem[X,0x00000000800017C6] -> 0x1BF0
[1526] [M]: 0x00000000800017C4 (0x1BF0B023) sd t6, 0x1a0(ra)
mem[0x0000000080004388] <- 0x361DD77468B7B059

mem[X,0x00000000800017C8] -> 0x0F37
mem[X,0x00000000800017CA] -> 0xFFFC
[1527] [M]: 0x00000000800017C8 (0xFFFC0F37) lui t5, -0x40
x30 <- 0xFFFFFFFFFFFC0000

mem[X,0x00000000800017CC] -> 0x0F13
mem[X,0x00000000800017CE] -> 0x004F
[1528] [M]: 0x00000000800017CC (0x004F0F13) addi t5, t5, 0x4
x30 <- 0xFFFFFFFFFFFC0004

mem[X,0x00000000800017D0] -> 0x1F13
mem[X,0x00000000800017D2] -> 0x00BF
[1529] [M]: 0x00000000800017D0 (0x00BF1F13) slli t5, t5, 0xb
x30 <- 0xFFFFFFFFE0002000

mem[X,0x00000000800017D4] -> 0x0F13
mem[X,0x00000000800017D6] -> 0x1FFF
[1530] [M]: 0x00000000800017D4 (0x1FFF0F13) addi t5, t5, 0x1ff
x30 <- 0xFFFFFFFFE00021FF

mem[X,0x00000000800017D8] -> 0x1F13
mem[X,0x00000000800017DA] -> 0x00BF
[1531] [M]: 0x00000000800017D8 (0x00BF1F13) slli t5, t5, 0xb
x30 <- 0xFFFFFF00010FF800

mem[X,0x00000000800017DC] -> 0x0F13
mem[X,0x00000000800017DE] -> 0x7F0F
[1532] [M]: 0x00000000800017DC (0x7F0F0F13) addi t5, t5, 0x7f0
x30 <- 0xFFFFFF00010FFFF0

mem[X,0x00000000800017E0] -> 0x1F13
mem[X,0x00000000800017E2] -> 0x00AF
[1533] [M]: 0x00000000800017E0 (0x00AF1F13) slli t5, t5, 0xa
x30 <- 0xFFFC00043FFFC000

mem[X,0x00000000800017E4] -> 0x8EB7
mem[X,0x00000000800017E6] -> 0x0009
[1534] [M]: 0x00000000800017E4 (0x00098EB7) lui t4, 0x98
x29 <- 0x0000000000098000

mem[X,0x00000000800017E8] -> 0x8E93
mem[X,0x00000000800017EA] -> 0x000E
[1535] [M]: 0x00000000800017E8 (0x000E8E93) addi t4, t4, 0x0
x29 <- 0x0000000000098000

mem[X,0x00000000800017EC] -> 0x9E93
mem[X,0x00000000800017EE] -> 0x00BE
[1536] [M]: 0x00000000800017EC (0x00BE9E93) slli t4, t4, 0xb
x29 <- 0x000000004C000000

mem[X,0x00000000800017F0] -> 0x8E93
mem[X,0x00000000800017F2] -> 0x600E
[1537] [M]: 0x00000000800017F0 (0x600E8E93) addi t4, t4, 0x600
x29 <- 0x000000004C000600

mem[X,0x00000000800017F4] -> 0x9E93
mem[X,0x00000000800017F6] -> 0x00BE
[1538] [M]: 0x00000000800017F4 (0x00BE9E93) slli t4, t4, 0xb
x29 <- 0x0000026000300000

mem[X,0x00000000800017F8] -> 0x8E93
mem[X,0x00000000800017FA] -> 0x000E
[1539] [M]: 0x00000000800017F8 (0x000E8E93) addi t4, t4, 0x0
x29 <- 0x0000026000300000

mem[X,0x00000000800017FC] -> 0x9E93
mem[X,0x00000000800017FE] -> 0x00AE
[1540] [M]: 0x00000000800017FC (0x00AE9E93) slli t4, t4, 0xa
x29 <- 0x00098000C0000000

mem[X,0x0000000080001800] -> 0x8E93
mem[X,0x0000000080001802] -> 0x020E
[1541] [M]: 0x0000000080001800 (0x020E8E93) addi t4, t4, 0x20
x29 <- 0x00098000C0000020

mem[X,0x0000000080001804] -> 0x7FBB
mem[X,0x0000000080001806] -> 0x99DF
[1542] [M]: 0x0000000080001804 (0x99DF7FBB) pmhaccu.h t6, t5, t4
x31 <- 0x3625D77698B6B071

mem[X,0x0000000080001808] -> 0xB423
mem[X,0x000000008000180A] -> 0x1BF0
[1543] [M]: 0x0000000080001808 (0x1BF0B423) sd t6, 0x1a8(ra)
mem[0x0000000080004390] <- 0x3625D77698B6B071

mem[X,0x000000008000180C] -> 0x2F37
mem[X,0x000000008000180E] -> 0x0007
[1544] [M]: 0x000000008000180C (0x00072F37) lui t5, 0x72
x30 <- 0x0000000000072000

mem[X,0x0000000080001810] -> 0x0F13
mem[X,0x0000000080001812] -> 0x000F
[1545] [M]: 0x0000000080001810 (0x000F0F13) addi t5, t5, 0x0
x30 <- 0x0000000000072000

mem[X,0x0000000080001814] -> 0x1F13
mem[X,0x0000000080001816] -> 0x00BF
[1546] [M]: 0x0000000080001814 (0x00BF1F13) slli t5, t5, 0xb
x30 <- 0x0000000039000000

mem[X,0x0000000080001818] -> 0x0F13
mem[X,0x000000008000181A] -> 0x020F
[1547] [M]: 0x0000000080001818 (0x020F0F13) addi t5, t5, 0x20
x30 <- 0x0000000039000020

mem[X,0x000000008000181C] -> 0x1F13
mem[X,0x000000008000181E] -> 0x00BF
[1548] [M]: 0x000000008000181C (0x00BF1F13) slli t5, t5, 0xb
x30 <- 0x000001C800010000

mem[X,0x0000000080001820] -> 0x0F13
mem[X,0x0000000080001822] -> 0x03FF
[1549] [M]: 0x0000000080001820 (0x03FF0F13) addi t5, t5, 0x3f
x30 <- 0x000001C80001003F

mem[X,0x0000000080001824] -> 0x1F13
mem[X,0x0000000080001826] -> 0x00AF
[1550] [M]: 0x0000000080001824 (0x00AF1F13) slli t5, t5, 0xa
x30 <- 0x000720000400FC00

mem[X,0x0000000080001828] -> 0x0F13
mem[X,0x000000008000182A] -> 0x3FBF
[1551] [M]: 0x0000000080001828 (0x3FBF0F13) addi t5, t5, 0x3fb
x30 <- 0x000720000400FFFB

mem[X,0x000000008000182C] -> 0x0EB7
mem[X,0x000000008000182E] -> 0x0010
[1552] [M]: 0x000000008000182C (0x00100EB7) lui t4, 0x100
x29 <- 0x0000000000100000

mem[X,0x0000000080001830] -> 0x8E93
mem[X,0x0000000080001832] -> 0x400E
[1553] [M]: 0x0000000080001830 (0x400E8E93) addi t4, t4, 0x400
x29 <- 0x0000000000100400

mem[X,0x0000000080001834] -> 0x9E93
mem[X,0x0000000080001836] -> 0x00BE
[1554] [M]: 0x0000000080001834 (0x00BE9E93) slli t4, t4, 0xb
x29 <- 0x0000000080200000

mem[X,0x0000000080001838] -> 0x8E93
mem[X,0x000000008000183A] -> 0x7FBE
[1555] [M]: 0x0000000080001838 (0x7FBE8E93) addi t4, t4, 0x7fb
x29 <- 0x00000000802007FB

mem[X,0x000000008000183C] -> 0x9E93
mem[X,0x000000008000183E] -> 0x00BE
[1556] [M]: 0x000000008000183C (0x00BE9E93) slli t4, t4, 0xb
x29 <- 0x00000401003FD800

mem[X,0x0000000080001840] -> 0x8E93
mem[X,0x0000000080001842] -> 0x7C0E
[1557] [M]: 0x0000000080001840 (0x7C0E8E93) addi t4, t4, 0x7c0
x29 <- 0x00000401003FDFC0

mem[X,0x0000000080001844] -> 0x9E93
mem[X,0x0000000080001846] -> 0x00AE
[1558] [M]: 0x0000000080001844 (0x00AE9E93) slli t4, t4, 0xa
x29 <- 0x00100400FF7F0000

mem[X,0x0000000080001848] -> 0x8E93
mem[X,0x000000008000184A] -> 0x002E
[1559] [M]: 0x0000000080001848 (0x002E8E93) addi t4, t4, 0x2
x29 <- 0x00100400FF7F0002

mem[X,0x000000008000184C] -> 0x7FBB
mem[X,0x000000008000184E] -> 0x99DF
[1560] [M]: 0x000000008000184C (0x99DF7FBB) pmhaccu.h t6, t5, t4
x31 <- 0x3625D7F69CB3B072

mem[X,0x0000000080001850] -> 0xB823
mem[X,0x0000000080001852] -> 0x1BF0
[1561] [M]: 0x0000000080001850 (0x1BF0B823) sd t6, 0x1b0(ra)
mem[0x0000000080004398] <- 0x3625D7F69CB3B072

mem[X,0x0000000080001854] -> 0x0F37
mem[X,0x0000000080001856] -> 0xFFFD
[1562] [M]: 0x0000000080001854 (0xFFFD0F37) lui t5, -0x30
x30 <- 0xFFFFFFFFFFFD0000

mem[X,0x0000000080001858] -> 0x0F13
mem[X,0x000000008000185A] -> 0xFF9F
[1563] [M]: 0x0000000080001858 (0xFF9F0F13) addi t5, t5, -0x7
x30 <- 0xFFFFFFFFFFFCFFF9

mem[X,0x000000008000185C] -> 0x1F13
mem[X,0x000000008000185E] -> 0x00BF
[1564] [M]: 0x000000008000185C (0x00BF1F13) slli t5, t5, 0xb
x30 <- 0xFFFFFFFFE7FFC800

mem[X,0x0000000080001860] -> 0x0F13
mem[X,0x0000000080001862] -> 0x7FFF
[1565] [M]: 0x0000000080001860 (0x7FFF0F13) addi t5, t5, 0x7ff
x30 <- 0xFFFFFFFFE7FFCFFF

mem[X,0x0000000080001864] -> 0x1F13
mem[X,0x0000000080001866] -> 0x00BF
[1566] [M]: 0x0000000080001864 (0x00BF1F13) slli t5, t5, 0xb
x30 <- 0xFFFFFF3FFE7FF800

mem[X,0x0000000080001868] -> 0x0F13
mem[X,0x000000008000186A] -> 0x7FFF
[1567] [M]: 0x0000000080001868 (0x7FFF0F13) addi t5, t5, 0x7ff
x30 <- 0xFFFFFF3FFE7FFFFF

mem[X,0x000000008000186C] -> 0x1F13
mem[X,0x000000008000186E] -> 0x00AF
[1568] [M]: 0x000000008000186C (0x00AF1F13) slli t5, t5, 0xa
x30 <- 0xFFFCFFF9FFFFFC00

mem[X,0x0000000080001870] -> 0x0F13
mem[X,0x0000000080001872] -> 0x3FDF
[1569] [M]: 0x0000000080001870 (0x3FDF0F13) addi t5, t5, 0x3fd
x30 <- 0xFFFCFFF9FFFFFFFD

mem[X,0x0000000080001874] -> 0x8EB7
mem[X,0x0000000080001876] -> 0x1000
[1570] [M]: 0x0000000080001874 (0x10008EB7) lui t4, 0x10008
x29 <- 0x0000000010008000

mem[X,0x0000000080001878] -> 0x8E93
mem[X,0x000000008000187A] -> 0xFFFE
[1571] [M]: 0x0000000080001878 (0xFFFE8E93) addi t4, t4, -0x1
x29 <- 0x0000000010007FFF

mem[X,0x000000008000187C] -> 0x9E93
mem[X,0x000000008000187E] -> 0x00BE
[1572] [M]: 0x000000008000187C (0x00BE9E93) slli t4, t4, 0xb
x29 <- 0x0000008003FFF800

mem[X,0x0000000080001880] -> 0x8E93
mem[X,0x0000000080001882] -> 0x555E
[1573] [M]: 0x0000000080001880 (0x555E8E93) addi t4, t4, 0x555
x29 <- 0x0000008003FFFD55

mem[X,0x0000000080001884] -> 0x9E93
mem[X,0x0000000080001886] -> 0x00BE
[1574] [M]: 0x0000000080001884 (0x00BE9E93) slli t4, t4, 0xb
x29 <- 0x0004001FFFEAA800

mem[X,0x0000000080001888] -> 0x8E93
mem[X,0x000000008000188A] -> 0x2BFE
[1575] [M]: 0x0000000080001888 (0x2BFE8E93) addi t4, t4, 0x2bf
x29 <- 0x0004001FFFEAAABF

mem[X,0x000000008000188C] -> 0x9E93
mem[X,0x000000008000188E] -> 0x00AE
[1576] [M]: 0x000000008000188C (0x00AE9E93) slli t4, t4, 0xa
x29 <- 0x10007FFFAAAAFC00

mem[X,0x0000000080001890] -> 0x8E93
mem[X,0x0000000080001892] -> 0x3FFE
[1577] [M]: 0x0000000080001890 (0x3FFE8E93) addi t4, t4, 0x3ff
x29 <- 0x10007FFFAAAAFFFF

mem[X,0x0000000080001894] -> 0x7FBB
mem[X,0x0000000080001896] -> 0x99DF
[1578] [M]: 0x0000000080001894 (0x99DF7FBB) pmhaccu.h t6, t5, t4
x31 <- 0x462457F1475CB06E

mem[X,0x0000000080001898] -> 0xBC23
mem[X,0x000000008000189A] -> 0x1BF0
[1579] [M]: 0x0000000080001898 (0x1BF0BC23) sd t6, 0x1b8(ra)
mem[0x00000000800043A0] <- 0x462457F1475CB06E

mem[X,0x000000008000189C] -> 0x1F37
mem[X,0x000000008000189E] -> 0x0004
[1580] [M]: 0x000000008000189C (0x00041F37) lui t5, 0x41
x30 <- 0x0000000000041000

mem[X,0x00000000800018A0] -> 0x0F13
mem[X,0x00000000800018A2] -> 0x000F
[1581] [M]: 0x00000000800018A0 (0x000F0F13) addi t5, t5, 0x0
x30 <- 0x0000000000041000

mem[X,0x00000000800018A4] -> 0x1F13
mem[X,0x00000000800018A6] -> 0x00BF
[1582] [M]: 0x00000000800018A4 (0x00BF1F13) slli t5, t5, 0xb
x30 <- 0x0000000020800000

mem[X,0x00000000800018A8] -> 0x0F13
mem[X,0x00000000800018AA] -> 0x1FFF
[1583] [M]: 0x00000000800018A8 (0x1FFF0F13) addi t5, t5, 0x1ff
x30 <- 0x00000000208001FF

mem[X,0x00000000800018AC] -> 0x1F13
mem[X,0x00000000800018AE] -> 0x00BF
[1584] [M]: 0x00000000800018AC (0x00BF1F13) slli t5, t5, 0xb
x30 <- 0x00000104000FF800

mem[X,0x00000000800018B0] -> 0x0F13
mem[X,0x00000000800018B2] -> 0x7FFF
[1585] [M]: 0x00000000800018B0 (0x7FFF0F13) addi t5, t5, 0x7ff
x30 <- 0x00000104000FFFFF

mem[X,0x00000000800018B4] -> 0x1F13
mem[X,0x00000000800018B6] -> 0x00AF
[1586] [M]: 0x00000000800018B4 (0x00AF1F13) slli t5, t5, 0xa
x30 <- 0x000410003FFFFC00

mem[X,0x00000000800018B8] -> 0x0F13
mem[X,0x00000000800018BA] -> 0x3F9F
[1587] [M]: 0x00000000800018B8 (0x3F9F0F13) addi t5, t5, 0x3f9
x30 <- 0x000410003FFFFFF9

mem[X,0x00000000800018BC] -> 0x0EB7
mem[X,0x00000000800018BE] -> 0x000A
[1588] [M]: 0x00000000800018BC (0x000A0EB7) lui t4, 0xa0
x29 <- 0x00000000000A0000

mem[X,0x00000000800018C0] -> 0x8E93
mem[X,0x00000000800018C2] -> 0xFFFE
[1589] [M]: 0x00000000800018C0 (0xFFFE8E93) addi t4, t4, -0x1
x29 <- 0x000000000009FFFF

mem[X,0x00000000800018C4] -> 0x9E93
mem[X,0x00000000800018C6] -> 0x00BE
[1590] [M]: 0x00000000800018C4 (0x00BE9E93) slli t4, t4, 0xb
x29 <- 0x000000004FFFF800

mem[X,0x00000000800018C8] -> 0x8E93
mem[X,0x00000000800018CA] -> 0x000E
[1591] [M]: 0x00000000800018C8 (0x000E8E93) addi t4, t4, 0x0
x29 <- 0x000000004FFFF800

mem[X,0x00000000800018CC] -> 0x9E93
mem[X,0x00000000800018CE] -> 0x00BE
[1592] [M]: 0x00000000800018CC (0x00BE9E93) slli t4, t4, 0xb
x29 <- 0x0000027FFFC00000

mem[X,0x00000000800018D0] -> 0x8E93
mem[X,0x00000000800018D2] -> 0x000E
[1593] [M]: 0x00000000800018D0 (0x000E8E93) addi t4, t4, 0x0
x29 <- 0x0000027FFFC00000

mem[X,0x00000000800018D4] -> 0x9E93
mem[X,0x00000000800018D6] -> 0x00AE
[1594] [M]: 0x00000000800018D4 (0x00AE9E93) slli t4, t4, 0xa
x29 <- 0x0009FFFF00000000

mem[X,0x00000000800018D8] -> 0x8E93
mem[X,0x00000000800018DA] -> 0x020E
[1595] [M]: 0x00000000800018D8 (0x020E8E93) addi t4, t4, 0x20
x29 <- 0x0009FFFF00000020

mem[X,0x00000000800018DC] -> 0x7FBB
mem[X,0x00000000800018DE] -> 0x99DF
[1596] [M]: 0x00000000800018DC (0x99DF7FBB) pmhaccu.h t6, t5, t4
x31 <- 0x462467F0475CB08D

mem[X,0x00000000800018E0] -> 0xB023
mem[X,0x00000000800018E2] -> 0x1DF0
[1597] [M]: 0x00000000800018E0 (0x1DF0B023) sd t6, 0x1c0(ra)
mem[0x00000000800043A8] <- 0x462467F0475CB08D

mem[X,0x00000000800018E4] -> 0x0F37
mem[X,0x00000000800018E6] -> 0x4001
[1598] [M]: 0x00000000800018E4 (0x40010F37) lui t5, 0x40010
x30 <- 0x0000000040010000

mem[X,0x00000000800018E8] -> 0x0F13
mem[X,0x00000000800018EA] -> 0xFFEF
[1599] [M]: 0x00000000800018E8 (0xFFEF0F13) addi t5, t5, -0x2
x30 <- 0x000000004000FFFE

clint::tick mtime <- 0x0000000000000010
 clint timer pending at mtime 0x0000000000000010
htif::tick 0x0000000000000000
mem[X,0x00000000800018EC] -> 0x1F13
mem[X,0x00000000800018EE] -> 0x00BF
[1600] [M]: 0x00000000800018EC (0x00BF1F13) slli t5, t5, 0xb
x30 <- 0x0000020007FFF000

mem[X,0x00000000800018F0] -> 0x0F13
mem[X,0x00000000800018F2] -> 0x040F
[1601] [M]: 0x00000000800018F0 (0x040F0F13) addi t5, t5, 0x40
x30 <- 0x0000020007FFF040

mem[X,0x00000000800018F4] -> 0x1F13
mem[X,0x00000000800018F6] -> 0x00BF
[1602] [M]: 0x00000000800018F4 (0x00BF1F13) slli t5, t5, 0xb
x30 <- 0x0010003FFF820000

mem[X,0x00000000800018F8] -> 0x0F13
mem[X,0x00000000800018FA] -> 0x000F
[1603] [M]: 0x00000000800018F8 (0x000F0F13) addi t5, t5, 0x0
x30 <- 0x0010003FFF820000

mem[X,0x00000000800018FC] -> 0x1F13
mem[X,0x00000000800018FE] -> 0x00AF
[1604] [M]: 0x00000000800018FC (0x00AF1F13) slli t5, t5, 0xa
x30 <- 0x4000FFFE08000000

mem[X,0x0000000080001900] -> 0x0F13
mem[X,0x0000000080001902] -> 0x040F
[1605] [M]: 0x0000000080001900 (0x040F0F13) addi t5, t5, 0x40
x30 <- 0x4000FFFE08000040

mem[X,0x0000000080001904] -> 0x5EB7
mem[X,0x0000000080001906] -> 0x0020
[1606] [M]: 0x0000000080001904 (0x00205EB7) lui t4, 0x205
x29 <- 0x0000000000205000

mem[X,0x0000000080001908] -> 0x8E93
mem[X,0x000000008000190A] -> 0x555E
[1607] [M]: 0x0000000080001908 (0x555E8E93) addi t4, t4, 0x555
x29 <- 0x0000000000205555

mem[X,0x000000008000190C] -> 0x9E93
mem[X,0x000000008000190E] -> 0x00BE
[1608] [M]: 0x000000008000190C (0x00BE9E93) slli t4, t4, 0xb
x29 <- 0x0000000102AAA800

mem[X,0x0000000080001910] -> 0x8E93
mem[X,0x0000000080001912] -> 0x000E
[1609] [M]: 0x0000000080001910 (0x000E8E93) addi t4, t4, 0x0
x29 <- 0x0000000102AAA800

mem[X,0x0000000080001914] -> 0x9E93
mem[X,0x0000000080001916] -> 0x00BE
[1610] [M]: 0x0000000080001914 (0x00BE9E93) slli t4, t4, 0xb
x29 <- 0x0000081555400000

mem[X,0x0000000080001918] -> 0x8E93
mem[X,0x000000008000191A] -> 0x0FFE
[1611] [M]: 0x0000000080001918 (0x0FFE8E93) addi t4, t4, 0xff
x29 <- 0x00000815554000FF

mem[X,0x000000008000191C] -> 0x9E93
mem[X,0x000000008000191E] -> 0x00AE
[1612] [M]: 0x000000008000191C (0x00AE9E93) slli t4, t4, 0xa
x29 <- 0x002055550003FC00

mem[X,0x0000000080001920] -> 0x8E93
mem[X,0x0000000080001922] -> 0x3FEE
[1613] [M]: 0x0000000080001920 (0x3FEE8E93) addi t4, t4, 0x3fe
x29 <- 0x002055550003FFFE

mem[X,0x0000000080001924] -> 0x7FBB
mem[X,0x0000000080001926] -> 0x99DF
[1614] [M]: 0x0000000080001924 (0x99DF7FBB) pmhaccu.h t6, t5, t4
x31 <- 0x462CBD44475CB0CC

mem[X,0x0000000080001928] -> 0xB423
mem[X,0x000000008000192A] -> 0x1DF0
[1615] [M]: 0x0000000080001928 (0x1DF0B423) sd t6, 0x1c8(ra)
mem[0x00000000800043B0] <- 0x462CBD44475CB0CC

mem[X,0x000000008000192C] -> 0x0F37
mem[X,0x000000008000192E] -> 0xF800
[1616] [M]: 0x000000008000192C (0xF8000F37) lui t5, -0x8000
x30 <- 0xFFFFFFFFF8000000

mem[X,0x0000000080001930] -> 0x0F13
mem[X,0x0000000080001932] -> 0xFF7F
[1617] [M]: 0x0000000080001930 (0xFF7F0F13) addi t5, t5, -0x9
x30 <- 0xFFFFFFFFF7FFFFF7

mem[X,0x0000000080001934] -> 0x1F13
mem[X,0x0000000080001936] -> 0x00BF
[1618] [M]: 0x0000000080001934 (0x00BF1F13) slli t5, t5, 0xb
x30 <- 0xFFFFFFBFFFFFB800

mem[X,0x0000000080001938] -> 0x0F13
mem[X,0x000000008000193A] -> 0x002F
[1619] [M]: 0x0000000080001938 (0x002F0F13) addi t5, t5, 0x2
x30 <- 0xFFFFFFBFFFFFB802

mem[X,0x000000008000193C] -> 0x1F13
mem[X,0x000000008000193E] -> 0x00BF
[1620] [M]: 0x000000008000193C (0x00BF1F13) slli t5, t5, 0xb
x30 <- 0xFFFDFFFFFDC01000

mem[X,0x0000000080001940] -> 0x0F13
mem[X,0x0000000080001942] -> 0x000F
[1621] [M]: 0x0000000080001940 (0x000F0F13) addi t5, t5, 0x0
x30 <- 0xFFFDFFFFFDC01000

mem[X,0x0000000080001944] -> 0x1F13
mem[X,0x0000000080001946] -> 0x00AF
[1622] [M]: 0x0000000080001944 (0x00AF1F13) slli t5, t5, 0xa
x30 <- 0xF7FFFFF700400000

mem[X,0x0000000080001948] -> 0x0F13
mem[X,0x000000008000194A] -> 0x003F
[1623] [M]: 0x0000000080001948 (0x003F0F13) addi t5, t5, 0x3
x30 <- 0xF7FFFFF700400003

mem[X,0x000000008000194C] -> 0x0EB7
mem[X,0x000000008000194E] -> 0xFFFE
[1624] [M]: 0x000000008000194C (0xFFFE0EB7) lui t4, -0x20
x29 <- 0xFFFFFFFFFFFE0000

mem[X,0x0000000080001950] -> 0x8E93
mem[X,0x0000000080001952] -> 0x004E
[1625] [M]: 0x0000000080001950 (0x004E8E93) addi t4, t4, 0x4
x29 <- 0xFFFFFFFFFFFE0004

mem[X,0x0000000080001954] -> 0x9E93
mem[X,0x0000000080001956] -> 0x00BE
[1626] [M]: 0x0000000080001954 (0x00BE9E93) slli t4, t4, 0xb
x29 <- 0xFFFFFFFFF0002000

mem[X,0x0000000080001958] -> 0x8E93
mem[X,0x000000008000195A] -> 0x080E
[1627] [M]: 0x0000000080001958 (0x080E8E93) addi t4, t4, 0x80
x29 <- 0xFFFFFFFFF0002080

mem[X,0x000000008000195C] -> 0x9E93
mem[X,0x000000008000195E] -> 0x00BE
[1628] [M]: 0x000000008000195C (0x00BE9E93) slli t4, t4, 0xb
x29 <- 0xFFFFFF8001040000

mem[X,0x0000000080001960] -> 0x8E93
mem[X,0x0000000080001962] -> 0x03FE
[1629] [M]: 0x0000000080001960 (0x03FE8E93) addi t4, t4, 0x3f
x29 <- 0xFFFFFF800104003F

mem[X,0x0000000080001964] -> 0x9E93
mem[X,0x0000000080001966] -> 0x00AE
[1630] [M]: 0x0000000080001964 (0x00AE9E93) slli t4, t4, 0xa
x29 <- 0xFFFE00041000FC00

mem[X,0x0000000080001968] -> 0x8E93
mem[X,0x000000008000196A] -> 0x2FFE
[1631] [M]: 0x0000000080001968 (0x2FFE8E93) addi t4, t4, 0x2ff
x29 <- 0xFFFE00041000FEFF

mem[X,0x000000008000196C] -> 0x7FBB
mem[X,0x000000008000196E] -> 0x99DF
[1632] [M]: 0x000000008000196C (0x99DF7FBB) pmhaccu.h t6, t5, t4
x31 <- 0x3E29BD474760B0CE

mem[X,0x0000000080001970] -> 0xB823
mem[X,0x0000000080001972] -> 0x1DF0
[1633] [M]: 0x0000000080001970 (0x1DF0B823) sd t6, 0x1d0(ra)
mem[0x00000000800043B8] <- 0x3E29BD474760B0CE

mem[X,0x0000000080001974] -> 0x0F37
mem[X,0x0000000080001976] -> 0xFDFF
[1634] [M]: 0x0000000080001974 (0xFDFF0F37) lui t5, -0x2010
x30 <- 0xFFFFFFFFFDFF0000

mem[X,0x0000000080001978] -> 0x0F13
mem[X,0x000000008000197A] -> 0x000F
[1635] [M]: 0x0000000080001978 (0x000F0F13) addi t5, t5, 0x0
x30 <- 0xFFFFFFFFFDFF0000

mem[X,0x000000008000197C] -> 0x1F13
mem[X,0x000000008000197E] -> 0x00BF
[1636] [M]: 0x000000008000197C (0x00BF1F13) slli t5, t5, 0xb
x30 <- 0xFFFFFFEFF8000000

mem[X,0x0000000080001980] -> 0x0F13
mem[X,0x0000000080001982] -> 0x7FFF
[1637] [M]: 0x0000000080001980 (0x7FFF0F13) addi t5, t5, 0x7ff
x30 <- 0xFFFFFFEFF80007FF

mem[X,0x0000000080001984] -> 0x1F13
mem[X,0x0000000080001986] -> 0x00BF
[1638] [M]: 0x0000000080001984 (0x00BF1F13) slli t5, t5, 0xb
x30 <- 0xFFFF7FC0003FF800

mem[X,0x0000000080001988] -> 0x0F13
mem[X,0x000000008000198A] -> 0x6FFF
[1639] [M]: 0x0000000080001988 (0x6FFF0F13) addi t5, t5, 0x6ff
x30 <- 0xFFFF7FC0003FFEFF

mem[X,0x000000008000198C] -> 0x1F13
mem[X,0x000000008000198E] -> 0x00AF
[1640] [M]: 0x000000008000198C (0x00AF1F13) slli t5, t5, 0xa
x30 <- 0xFDFF0000FFFBFC00

mem[X,0x0000000080001990] -> 0x0F13
mem[X,0x0000000080001992] -> 0x3BFF
[1641] [M]: 0x0000000080001990 (0x3BFF0F13) addi t5, t5, 0x3bf
x30 <- 0xFDFF0000FFFBFFBF

mem[X,0x0000000080001994] -> 0x0EB7
mem[X,0x0000000080001996] -> 0xFFFA
[1642] [M]: 0x0000000080001994 (0xFFFA0EB7) lui t4, -0x60
x29 <- 0xFFFFFFFFFFFA0000

mem[X,0x0000000080001998] -> 0x8E93
mem[X,0x000000008000199A] -> 0xFFDE
[1643] [M]: 0x0000000080001998 (0xFFDE8E93) addi t4, t4, -0x3
x29 <- 0xFFFFFFFFFFF9FFFD

mem[X,0x000000008000199C] -> 0x9E93
mem[X,0x000000008000199E] -> 0x00BE
[1644] [M]: 0x000000008000199C (0x00BE9E93) slli t4, t4, 0xb
x29 <- 0xFFFFFFFFCFFFE800

mem[X,0x00000000800019A0] -> 0x8E93
mem[X,0x00000000800019A2] -> 0x3FFE
[1645] [M]: 0x00000000800019A0 (0x3FFE8E93) addi t4, t4, 0x3ff
x29 <- 0xFFFFFFFFCFFFEBFF

mem[X,0x00000000800019A4] -> 0x9E93
mem[X,0x00000000800019A6] -> 0x00BE
[1646] [M]: 0x00000000800019A4 (0x00BE9E93) slli t4, t4, 0xb
x29 <- 0xFFFFFE7FFF5FF800

mem[X,0x00000000800019A8] -> 0x8E93
mem[X,0x00000000800019AA] -> 0x7EFE
[1647] [M]: 0x00000000800019A8 (0x7EFE8E93) addi t4, t4, 0x7ef
x29 <- 0xFFFFFE7FFF5FFFEF

mem[X,0x00000000800019AC] -> 0x9E93
mem[X,0x00000000800019AE] -> 0x00AE
[1648] [M]: 0x00000000800019AC (0x00AE9E93) slli t4, t4, 0xa
x29 <- 0xFFF9FFFD7FFFBC00

mem[X,0x00000000800019B0] -> 0x8E93
mem[X,0x00000000800019B2] -> 0x3FFE
[1649] [M]: 0x00000000800019B0 (0x3FFE8E93) addi t4, t4, 0x3ff
x29 <- 0xFFF9FFFD7FFFBFFF

mem[X,0x00000000800019B4] -> 0x7FBB
mem[X,0x00000000800019B6] -> 0x99DF
[1650] [M]: 0x00000000800019B4 (0x99DF7FBB) pmhaccu.h t6, t5, t4
x31 <- 0x3C21BD47C75C709C

mem[X,0x00000000800019B8] -> 0xBC23
mem[X,0x00000000800019BA] -> 0x1DF0
[1651] [M]: 0x00000000800019B8 (0x1DF0BC23) sd t6, 0x1d8(ra)
mem[0x00000000800043C0] <- 0x3C21BD47C75C709C

mem[X,0x00000000800019BC] -> 0x1F37
mem[X,0x00000000800019BE] -> 0x3FFF
[1652] [M]: 0x00000000800019BC (0x3FFF1F37) lui t5, 0x3fff1
x30 <- 0x000000003FFF1000

mem[X,0x00000000800019C0] -> 0x0F13
mem[X,0x00000000800019C2] -> 0x800F
[1653] [M]: 0x00000000800019C0 (0x800F0F13) addi t5, t5, -0x800
x30 <- 0x000000003FFF0800

mem[X,0x00000000800019C4] -> 0x1F13
mem[X,0x00000000800019C6] -> 0x00BF
[1654] [M]: 0x00000000800019C4 (0x00BF1F13) slli t5, t5, 0xb
x30 <- 0x000001FFF8400000

mem[X,0x00000000800019C8] -> 0x0F13
mem[X,0x00000000800019CA] -> 0x020F
[1655] [M]: 0x00000000800019C8 (0x020F0F13) addi t5, t5, 0x20
x30 <- 0x000001FFF8400020

mem[X,0x00000000800019CC] -> 0x1F13
mem[X,0x00000000800019CE] -> 0x00BF
[1656] [M]: 0x00000000800019CC (0x00BF1F13) slli t5, t5, 0xb
x30 <- 0x000FFFC200010000

mem[X,0x00000000800019D0] -> 0x0F13
mem[X,0x00000000800019D2] -> 0x03FF
[1657] [M]: 0x00000000800019D0 (0x03FF0F13) addi t5, t5, 0x3f
x30 <- 0x000FFFC20001003F

mem[X,0x00000000800019D4] -> 0x1F13
mem[X,0x00000000800019D6] -> 0x00AF
[1658] [M]: 0x00000000800019D4 (0x00AF1F13) slli t5, t5, 0xa
x30 <- 0x3FFF08000400FC00

mem[X,0x00000000800019D8] -> 0x0F13
mem[X,0x00000000800019DA] -> 0x3DFF
[1659] [M]: 0x00000000800019D8 (0x3DFF0F13) addi t5, t5, 0x3df
x30 <- 0x3FFF08000400FFDF

mem[X,0x00000000800019DC] -> 0x0EB7
mem[X,0x00000000800019DE] -> 0x0002
[1660] [M]: 0x00000000800019DC (0x00020EB7) lui t4, 0x20
x29 <- 0x0000000000020000

mem[X,0x00000000800019E0] -> 0x8E93
mem[X,0x00000000800019E2] -> 0x020E
[1661] [M]: 0x00000000800019E0 (0x020E8E93) addi t4, t4, 0x20
x29 <- 0x0000000000020020

mem[X,0x00000000800019E4] -> 0x9E93
mem[X,0x00000000800019E6] -> 0x00BE
[1662] [M]: 0x00000000800019E4 (0x00BE9E93) slli t4, t4, 0xb
x29 <- 0x0000000010010000

mem[X,0x00000000800019E8] -> 0x8E93
mem[X,0x00000000800019EA] -> 0x008E
[1663] [M]: 0x00000000800019E8 (0x008E8E93) addi t4, t4, 0x8
x29 <- 0x0000000010010008

mem[X,0x00000000800019EC] -> 0x9E93
mem[X,0x00000000800019EE] -> 0x00BE
[1664] [M]: 0x00000000800019EC (0x00BE9E93) slli t4, t4, 0xb
x29 <- 0x0000008008004000

mem[X,0x00000000800019F0] -> 0x8E93
mem[X,0x00000000800019F2] -> 0x004E
[1665] [M]: 0x00000000800019F0 (0x004E8E93) addi t4, t4, 0x4
x29 <- 0x0000008008004004

mem[X,0x00000000800019F4] -> 0x9E93
mem[X,0x00000000800019F6] -> 0x00AE
[1666] [M]: 0x00000000800019F4 (0x00AE9E93) slli t4, t4, 0xa
x29 <- 0x0002002001001000

mem[X,0x00000000800019F8] -> 0x7FBB
mem[X,0x00000000800019FA] -> 0x99DF
[1667] [M]: 0x00000000800019F8 (0x99DF7FBB) pmhaccu.h t6, t5, t4
x31 <- 0x3C21BD48C7608099

mem[X,0x00000000800019FC] -> 0xB023
mem[X,0x00000000800019FE] -> 0x1FF0
[1668] [M]: 0x00000000800019FC (0x1FF0B023) sd t6, 0x1e0(ra)
mem[0x00000000800043C8] <- 0x3C21BD48C7608099

mem[X,0x0000000080001A00] -> 0x0F37
mem[X,0x0000000080001A02] -> 0x8000
[1669] [M]: 0x0000000080001A00 (0x80000F37) lui t5, -0x80000
x30 <- 0xFFFFFFFF80000000

mem[X,0x0000000080001A04] -> 0x0F13
mem[X,0x0000000080001A06] -> 0xF7FF
[1670] [M]: 0x0000000080001A04 (0xF7FF0F13) addi t5, t5, -0x81
x30 <- 0xFFFFFFFF7FFFFF7F

mem[X,0x0000000080001A08] -> 0x1F13
mem[X,0x0000000080001A0A] -> 0x00BF
[1671] [M]: 0x0000000080001A08 (0x00BF1F13) slli t5, t5, 0xb
x30 <- 0xFFFFFBFFFFFBF800

mem[X,0x0000000080001A0C] -> 0x0F13
mem[X,0x0000000080001A0E] -> 0x2AAF
[1672] [M]: 0x0000000080001A0C (0x2AAF0F13) addi t5, t5, 0x2aa
x30 <- 0xFFFFFBFFFFFBFAAA

mem[X,0x0000000080001A10] -> 0x1F13
mem[X,0x0000000080001A12] -> 0x00BF
[1673] [M]: 0x0000000080001A10 (0x00BF1F13) slli t5, t5, 0xb
x30 <- 0xFFDFFFFFDFD55000

mem[X,0x0000000080001A14] -> 0x0F13
mem[X,0x0000000080001A16] -> 0x57FF
[1674] [M]: 0x0000000080001A14 (0x57FF0F13) addi t5, t5, 0x57f
x30 <- 0xFFDFFFFFDFD5557F

mem[X,0x0000000080001A18] -> 0x1F13
mem[X,0x0000000080001A1A] -> 0x00AF
[1675] [M]: 0x0000000080001A18 (0x00AF1F13) slli t5, t5, 0xa
x30 <- 0x7FFFFF7F5555FC00

mem[X,0x0000000080001A1C] -> 0x0F13
mem[X,0x0000000080001A1E] -> 0x3FDF
[1676] [M]: 0x0000000080001A1C (0x3FDF0F13) addi t5, t5, 0x3fd
x30 <- 0x7FFFFF7F5555FFFD

mem[X,0x0000000080001A20] -> 0x0EB7
mem[X,0x0000000080001A22] -> 0x0007
[1677] [M]: 0x0000000080001A20 (0x00070EB7) lui t4, 0x70
x29 <- 0x0000000000070000

mem[X,0x0000000080001A24] -> 0x8E93
mem[X,0x0000000080001A26] -> 0xFF8E
[1678] [M]: 0x0000000080001A24 (0xFF8E8E93) addi t4, t4, -0x8
x29 <- 0x000000000006FFF8

mem[X,0x0000000080001A28] -> 0x9E93
mem[X,0x0000000080001A2A] -> 0x00BE
[1679] [M]: 0x0000000080001A28 (0x00BE9E93) slli t4, t4, 0xb
x29 <- 0x0000000037FFC000

mem[X,0x0000000080001A2C] -> 0x8E93
mem[X,0x0000000080001A2E] -> 0x7FFE
[1680] [M]: 0x0000000080001A2C (0x7FFE8E93) addi t4, t4, 0x7ff
x29 <- 0x0000000037FFC7FF

mem[X,0x0000000080001A30] -> 0x9E93
mem[X,0x0000000080001A32] -> 0x00BE
[1681] [M]: 0x0000000080001A30 (0x00BE9E93) slli t4, t4, 0xb
x29 <- 0x000001BFFE3FF800

mem[X,0x0000000080001A34] -> 0x8E93
mem[X,0x0000000080001A36] -> 0x600E
[1682] [M]: 0x0000000080001A34 (0x600E8E93) addi t4, t4, 0x600
x29 <- 0x000001BFFE3FFE00

mem[X,0x0000000080001A38] -> 0x9E93
mem[X,0x0000000080001A3A] -> 0x00AE
[1683] [M]: 0x0000000080001A38 (0x00AE9E93) slli t4, t4, 0xa
x29 <- 0x0006FFF8FFF80000

mem[X,0x0000000080001A3C] -> 0x7FBB
mem[X,0x0000000080001A3E] -> 0x99DF
[1684] [M]: 0x0000000080001A3C (0x99DF7FBB) pmhaccu.h t6, t5, t4
x31 <- 0x3C23BCBF1CB28099

mem[X,0x0000000080001A40] -> 0xB423
mem[X,0x0000000080001A42] -> 0x1FF0
[1685] [M]: 0x0000000080001A40 (0x1FF0B423) sd t6, 0x1e8(ra)
mem[0x00000000800043D0] <- 0x3C23BCBF1CB28099

mem[X,0x0000000080001A44] -> 0xEF37
mem[X,0x0000000080001A46] -> 0xFFEF
[1686] [M]: 0x0000000080001A44 (0xFFEFEF37) lui t5, -0x102
x30 <- 0xFFFFFFFFFFEFE000

mem[X,0x0000000080001A48] -> 0x0F13
mem[X,0x0000000080001A4A] -> 0xFFFF
[1687] [M]: 0x0000000080001A48 (0xFFFF0F13) addi t5, t5, -0x1
x30 <- 0xFFFFFFFFFFEFDFFF

mem[X,0x0000000080001A4C] -> 0x1F13
mem[X,0x0000000080001A4E] -> 0x00BF
[1688] [M]: 0x0000000080001A4C (0x00BF1F13) slli t5, t5, 0xb
x30 <- 0xFFFFFFFF7EFFF800

mem[X,0x0000000080001A50] -> 0x0F13
mem[X,0x0000000080001A52] -> 0x000F
[1689] [M]: 0x0000000080001A50 (0x000F0F13) addi t5, t5, 0x0
x30 <- 0xFFFFFFFF7EFFF800

mem[X,0x0000000080001A54] -> 0x1F13
mem[X,0x0000000080001A56] -> 0x00BF
[1690] [M]: 0x0000000080001A54 (0x00BF1F13) slli t5, t5, 0xb
x30 <- 0xFFFFFBF7FFC00000

mem[X,0x0000000080001A58] -> 0x0F13
mem[X,0x0000000080001A5A] -> 0x400F
[1691] [M]: 0x0000000080001A58 (0x400F0F13) addi t5, t5, 0x400
x30 <- 0xFFFFFBF7FFC00400

mem[X,0x0000000080001A5C] -> 0x1F13
mem[X,0x0000000080001A5E] -> 0x00AF
[1692] [M]: 0x0000000080001A5C (0x00AF1F13) slli t5, t5, 0xa
x30 <- 0xFFEFDFFF00100000

mem[X,0x0000000080001A60] -> 0x0F13
mem[X,0x0000000080001A62] -> 0x020F
[1693] [M]: 0x0000000080001A60 (0x020F0F13) addi t5, t5, 0x20
x30 <- 0xFFEFDFFF00100020

mem[X,0x0000000080001A64] -> 0x0EB7
mem[X,0x0000000080001A66] -> 0x0100
[1694] [M]: 0x0000000080001A64 (0x01000EB7) lui t4, 0x1000
x29 <- 0x0000000001000000

mem[X,0x0000000080001A68] -> 0x8E93
mem[X,0x0000000080001A6A] -> 0x040E
[1695] [M]: 0x0000000080001A68 (0x040E8E93) addi t4, t4, 0x40
x29 <- 0x0000000001000040

mem[X,0x0000000080001A6C] -> 0x9E93
mem[X,0x0000000080001A6E] -> 0x00BE
[1696] [M]: 0x0000000080001A6C (0x00BE9E93) slli t4, t4, 0xb
x29 <- 0x0000000800020000

mem[X,0x0000000080001A70] -> 0x8E93
mem[X,0x0000000080001A72] -> 0x004E
[1697] [M]: 0x0000000080001A70 (0x004E8E93) addi t4, t4, 0x4
x29 <- 0x0000000800020004

mem[X,0x0000000080001A74] -> 0x9E93
mem[X,0x0000000080001A76] -> 0x00BE
[1698] [M]: 0x0000000080001A74 (0x00BE9E93) slli t4, t4, 0xb
x29 <- 0x0000400010002000

mem[X,0x0000000080001A78] -> 0x8E93
mem[X,0x0000000080001A7A] -> 0x03EE
[1699] [M]: 0x0000000080001A78 (0x03EE8E93) addi t4, t4, 0x3e
x29 <- 0x000040001000203E

clint::tick mtime <- 0x0000000000000011
 clint timer pending at mtime 0x0000000000000011
htif::tick 0x0000000000000000
mem[X,0x0000000080001A7C] -> 0x9E93
mem[X,0x0000000080001A7E] -> 0x00AE
[1700] [M]: 0x0000000080001A7C (0x00AE9E93) slli t4, t4, 0xa
x29 <- 0x010000400080F800

mem[X,0x0000000080001A80] -> 0x8E93
mem[X,0x0000000080001A82] -> 0x3FFE
[1701] [M]: 0x0000000080001A80 (0x3FFE8E93) addi t4, t4, 0x3ff
x29 <- 0x010000400080FBFF

mem[X,0x0000000080001A84] -> 0x7FBB
mem[X,0x0000000080001A86] -> 0x99DF
[1702] [M]: 0x0000000080001A84 (0x99DF7FBB) pmhaccu.h t6, t5, t4
x31 <- 0x3D22BCF61CB280B8

mem[X,0x0000000080001A88] -> 0xB823
mem[X,0x0000000080001A8A] -> 0x1FF0
[1703] [M]: 0x0000000080001A88 (0x1FF0B823) sd t6, 0x1f0(ra)
mem[0x00000000800043D8] <- 0x3D22BCF61CB280B8

mem[X,0x0000000080001A8C] -> 0xCF37
mem[X,0x0000000080001A8E] -> 0x0009
[1704] [M]: 0x0000000080001A8C (0x0009CF37) lui t5, 0x9c
x30 <- 0x000000000009C000

mem[X,0x0000000080001A90] -> 0x0F13
mem[X,0x0000000080001A92] -> 0xFFFF
[1705] [M]: 0x0000000080001A90 (0xFFFF0F13) addi t5, t5, -0x1
x30 <- 0x000000000009BFFF

mem[X,0x0000000080001A94] -> 0x1F13
mem[X,0x0000000080001A96] -> 0x00BF
[1706] [M]: 0x0000000080001A94 (0x00BF1F13) slli t5, t5, 0xb
x30 <- 0x000000004DFFF800

mem[X,0x0000000080001A98] -> 0x0F13
mem[X,0x0000000080001A9A] -> 0x000F
[1707] [M]: 0x0000000080001A98 (0x000F0F13) addi t5, t5, 0x0
x30 <- 0x000000004DFFF800

mem[X,0x0000000080001A9C] -> 0x1F13
mem[X,0x0000000080001A9E] -> 0x00BF
[1708] [M]: 0x0000000080001A9C (0x00BF1F13) slli t5, t5, 0xb
x30 <- 0x0000026FFFC00000

mem[X,0x0000000080001AA0] -> 0x0F13
mem[X,0x0000000080001AA2] -> 0x215F
[1709] [M]: 0x0000000080001AA0 (0x215F0F13) addi t5, t5, 0x215
x30 <- 0x0000026FFFC00215

mem[X,0x0000000080001AA4] -> 0x1F13
mem[X,0x0000000080001AA6] -> 0x00AF
[1710] [M]: 0x0000000080001AA4 (0x00AF1F13) slli t5, t5, 0xa
x30 <- 0x0009BFFF00085400

mem[X,0x0000000080001AA8] -> 0x0F13
mem[X,0x0000000080001AAA] -> 0x155F
[1711] [M]: 0x0000000080001AA8 (0x155F0F13) addi t5, t5, 0x155
x30 <- 0x0009BFFF00085555

mem[X,0x0000000080001AAC] -> 0x1EB7
mem[X,0x0000000080001AAE] -> 0x0000
[1712] [M]: 0x0000000080001AAC (0x00001EB7) lui t4, 0x1
x29 <- 0x0000000000001000

mem[X,0x0000000080001AB0] -> 0x8E93
mem[X,0x0000000080001AB2] -> 0x000E
[1713] [M]: 0x0000000080001AB0 (0x000E8E93) addi t4, t4, 0x0
x29 <- 0x0000000000001000

mem[X,0x0000000080001AB4] -> 0x9E93
mem[X,0x0000000080001AB6] -> 0x00BE
[1714] [M]: 0x0000000080001AB4 (0x00BE9E93) slli t4, t4, 0xb
x29 <- 0x0000000000800000

mem[X,0x0000000080001AB8] -> 0x8E93
mem[X,0x0000000080001ABA] -> 0x000E
[1715] [M]: 0x0000000080001AB8 (0x000E8E93) addi t4, t4, 0x0
x29 <- 0x0000000000800000

mem[X,0x0000000080001ABC] -> 0x9E93
mem[X,0x0000000080001ABE] -> 0x00BE
[1716] [M]: 0x0000000080001ABC (0x00BE9E93) slli t4, t4, 0xb
x29 <- 0x0000000400000000

mem[X,0x0000000080001AC0] -> 0x8E93
mem[X,0x0000000080001AC2] -> 0x0C0E
[1717] [M]: 0x0000000080001AC0 (0x0C0E8E93) addi t4, t4, 0xc0
x29 <- 0x00000004000000C0

mem[X,0x0000000080001AC4] -> 0x9E93
mem[X,0x0000000080001AC6] -> 0x00AE
[1718] [M]: 0x0000000080001AC4 (0x00AE9E93) slli t4, t4, 0xa
x29 <- 0x0000100000030000

mem[X,0x0000000080001AC8] -> 0x8E93
mem[X,0x0000000080001ACA] -> 0x080E
[1719] [M]: 0x0000000080001AC8 (0x080E8E93) addi t4, t4, 0x80
x29 <- 0x0000100000030080

mem[X,0x0000000080001ACC] -> 0x7FBB
mem[X,0x0000000080001ACE] -> 0x99DF
[1720] [M]: 0x0000000080001ACC (0x99DF7FBB) pmhaccu.h t6, t5, t4
x31 <- 0x3D22C8F51CB280E2

mem[X,0x0000000080001AD0] -> 0xBC23
mem[X,0x0000000080001AD2] -> 0x1FF0
[1721] [M]: 0x0000000080001AD0 (0x1FF0BC23) sd t6, 0x1f8(ra)
mem[0x00000000800043E0] <- 0x3D22C8F51CB280E2

mem[X,0x0000000080001AD4] -> 0x0F37
mem[X,0x0000000080001AD6] -> 0x8001
[1722] [M]: 0x0000000080001AD4 (0x80010F37) lui t5, -0x7fff0
x30 <- 0xFFFFFFFF80010000

mem[X,0x0000000080001AD8] -> 0x0F13
mem[X,0x0000000080001ADA] -> 0xFEFF
[1723] [M]: 0x0000000080001AD8 (0xFEFF0F13) addi t5, t5, -0x11
x30 <- 0xFFFFFFFF8000FFEF

mem[X,0x0000000080001ADC] -> 0x1F13
mem[X,0x0000000080001ADE] -> 0x00BF
[1724] [M]: 0x0000000080001ADC (0x00BF1F13) slli t5, t5, 0xb
x30 <- 0xFFFFFC0007FF7800

mem[X,0x0000000080001AE0] -> 0x0F13
mem[X,0x0000000080001AE2] -> 0x5FFF
[1725] [M]: 0x0000000080001AE0 (0x5FFF0F13) addi t5, t5, 0x5ff
x30 <- 0xFFFFFC0007FF7DFF

mem[X,0x0000000080001AE4] -> 0x1F13
mem[X,0x0000000080001AE6] -> 0x00BF
[1726] [M]: 0x0000000080001AE4 (0x00BF1F13) slli t5, t5, 0xb
x30 <- 0xFFE0003FFBEFF800

mem[X,0x0000000080001AE8] -> 0x0F13
mem[X,0x0000000080001AEA] -> 0x7FFF
[1727] [M]: 0x0000000080001AE8 (0x7FFF0F13) addi t5, t5, 0x7ff
x30 <- 0xFFE0003FFBEFFFFF

mem[X,0x0000000080001AEC] -> 0x1F13
mem[X,0x0000000080001AEE] -> 0x00AF
[1728] [M]: 0x0000000080001AEC (0x00AF1F13) slli t5, t5, 0xa
x30 <- 0x8000FFEFBFFFFC00

mem[X,0x0000000080001AF0] -> 0x0F13
mem[X,0x0000000080001AF2] -> 0x3FFF
[1729] [M]: 0x0000000080001AF0 (0x3FFF0F13) addi t5, t5, 0x3ff
x30 <- 0x8000FFEFBFFFFFFF

mem[X,0x0000000080001AF4] -> 0x0EB7
mem[X,0x0000000080001AF6] -> 0x0801
[1730] [M]: 0x0000000080001AF4 (0x08010EB7) lui t4, 0x8010
x29 <- 0x0000000008010000

mem[X,0x0000000080001AF8] -> 0x8E93
mem[X,0x0000000080001AFA] -> 0xFFFE
[1731] [M]: 0x0000000080001AF8 (0xFFFE8E93) addi t4, t4, -0x1
x29 <- 0x000000000800FFFF

mem[X,0x0000000080001AFC] -> 0x9E93
mem[X,0x0000000080001AFE] -> 0x00BE
[1732] [M]: 0x0000000080001AFC (0x00BE9E93) slli t4, t4, 0xb
x29 <- 0x0000004007FFF800

mem[X,0x0000000080001B00] -> 0x8E93
mem[X,0x0000000080001B02] -> 0x7FFE
[1733] [M]: 0x0000000080001B00 (0x7FFE8E93) addi t4, t4, 0x7ff
x29 <- 0x0000004007FFFFFF

mem[X,0x0000000080001B04] -> 0x9E93
mem[X,0x0000000080001B06] -> 0x00BE
[1734] [M]: 0x0000000080001B04 (0x00BE9E93) slli t4, t4, 0xb
x29 <- 0x0002003FFFFFF800

mem[X,0x0000000080001B08] -> 0x8E93
mem[X,0x0000000080001B0A] -> 0x6FFE
[1735] [M]: 0x0000000080001B08 (0x6FFE8E93) addi t4, t4, 0x6ff
x29 <- 0x0002003FFFFFFEFF

mem[X,0x0000000080001B0C] -> 0x9E93
mem[X,0x0000000080001B0E] -> 0x00AE
[1736] [M]: 0x0000000080001B0C (0x00AE9E93) slli t4, t4, 0xa
x29 <- 0x0800FFFFFFFBFC00

mem[X,0x0000000080001B10] -> 0x8E93
mem[X,0x0000000080001B12] -> 0x3FAE
[1737] [M]: 0x0000000080001B10 (0x3FAE8E93) addi t4, t4, 0x3fa
x29 <- 0x0800FFFFFFFBFFFA

mem[X,0x0000000080001B14] -> 0x7FBB
mem[X,0x0000000080001B16] -> 0x99DF
[1738] [M]: 0x0000000080001B14 (0x99DF7FBB) pmhaccu.h t6, t5, t4
x31 <- 0x4122C8E3DCAD80DB

mem[X,0x0000000080001B18] -> 0xB023
mem[X,0x0000000080001B1A] -> 0x21F0
[1739] [M]: 0x0000000080001B18 (0x21F0B023) sd t6, 0x200(ra)
mem[0x00000000800043E8] <- 0x4122C8E3DCAD80DB

mem[X,0x0000000080001B1C] -> 0x0F37
mem[X,0x0000000080001B1E] -> 0x0002
[1740] [M]: 0x0000000080001B1C (0x00020F37) lui t5, 0x20
x30 <- 0x0000000000020000

mem[X,0x0000000080001B20] -> 0x0F13
mem[X,0x0000000080001B22] -> 0xDFFF
[1741] [M]: 0x0000000080001B20 (0xDFFF0F13) addi t5, t5, -0x201
x30 <- 0x000000000001FDFF

mem[X,0x0000000080001B24] -> 0x1F13
mem[X,0x0000000080001B26] -> 0x00BF
[1742] [M]: 0x0000000080001B24 (0x00BF1F13) slli t5, t5, 0xb
x30 <- 0x000000000FEFF800

mem[X,0x0000000080001B28] -> 0x0F13
mem[X,0x0000000080001B2A] -> 0x7FFF
[1743] [M]: 0x0000000080001B28 (0x7FFF0F13) addi t5, t5, 0x7ff
x30 <- 0x000000000FEFFFFF

mem[X,0x0000000080001B2C] -> 0x1F13
mem[X,0x0000000080001B2E] -> 0x00BF
[1744] [M]: 0x0000000080001B2C (0x00BF1F13) slli t5, t5, 0xb
x30 <- 0x0000007F7FFFF800

mem[X,0x0000000080001B30] -> 0x0F13
mem[X,0x0000000080001B32] -> 0x6BEF
[1745] [M]: 0x0000000080001B30 (0x6BEF0F13) addi t5, t5, 0x6be
x30 <- 0x0000007F7FFFFEBE

mem[X,0x0000000080001B34] -> 0x1F13
mem[X,0x0000000080001B36] -> 0x00AF
[1746] [M]: 0x0000000080001B34 (0x00AF1F13) slli t5, t5, 0xa
x30 <- 0x0001FDFFFFFAF800

mem[X,0x0000000080001B38] -> 0x0F13
mem[X,0x0000000080001B3A] -> 0x3FFF
[1747] [M]: 0x0000000080001B38 (0x3FFF0F13) addi t5, t5, 0x3ff
x30 <- 0x0001FDFFFFFAFBFF

mem[X,0x0000000080001B3C] -> 0x0EB7
mem[X,0x0000000080001B3E] -> 0x0200
[1748] [M]: 0x0000000080001B3C (0x02000EB7) lui t4, 0x2000
x29 <- 0x0000000002000000

mem[X,0x0000000080001B40] -> 0x8E93
mem[X,0x0000000080001B42] -> 0x100E
[1749] [M]: 0x0000000080001B40 (0x100E8E93) addi t4, t4, 0x100
x29 <- 0x0000000002000100

mem[X,0x0000000080001B44] -> 0x9E93
mem[X,0x0000000080001B46] -> 0x00BE
[1750] [M]: 0x0000000080001B44 (0x00BE9E93) slli t4, t4, 0xb
x29 <- 0x0000001000080000

mem[X,0x0000000080001B48] -> 0x8E93
mem[X,0x0000000080001B4A] -> 0x002E
[1751] [M]: 0x0000000080001B48 (0x002E8E93) addi t4, t4, 0x2
x29 <- 0x0000001000080002

mem[X,0x0000000080001B4C] -> 0x9E93
mem[X,0x0000000080001B4E] -> 0x00BE
[1752] [M]: 0x0000000080001B4C (0x00BE9E93) slli t4, t4, 0xb
x29 <- 0x0000800040001000

mem[X,0x0000000080001B50] -> 0x8E93
mem[X,0x0000000080001B52] -> 0x037E
[1753] [M]: 0x0000000080001B50 (0x037E8E93) addi t4, t4, 0x37
x29 <- 0x0000800040001037

mem[X,0x0000000080001B54] -> 0x9E93
mem[X,0x0000000080001B56] -> 0x00AE
[1754] [M]: 0x0000000080001B54 (0x00AE9E93) slli t4, t4, 0xa
x29 <- 0x020001000040DC00

mem[X,0x0000000080001B58] -> 0x8E93
mem[X,0x0000000080001B5A] -> 0x3FFE
[1755] [M]: 0x0000000080001B58 (0x3FFE8E93) addi t4, t4, 0x3ff
x29 <- 0x020001000040DFFF

mem[X,0x0000000080001B5C] -> 0x7FBB
mem[X,0x0000000080001B5E] -> 0x99DF
[1756] [M]: 0x0000000080001B5C (0x99DF7FBB) pmhaccu.h t6, t5, t4
x31 <- 0x4122C9E0DCEC5D59

mem[X,0x0000000080001B60] -> 0xB423
mem[X,0x0000000080001B62] -> 0x21F0
[1757] [M]: 0x0000000080001B60 (0x21F0B423) sd t6, 0x208(ra)
mem[0x00000000800043F0] <- 0x4122C9E0DCEC5D59

mem[X,0x0000000080001B64] -> 0x0F37
mem[X,0x0000000080001B66] -> 0x0400
[1758] [M]: 0x0000000080001B64 (0x04000F37) lui t5, 0x4000
x30 <- 0x0000000004000000

mem[X,0x0000000080001B68] -> 0x0F13
mem[X,0x0000000080001B6A] -> 0x400F
[1759] [M]: 0x0000000080001B68 (0x400F0F13) addi t5, t5, 0x400
x30 <- 0x0000000004000400

mem[X,0x0000000080001B6C] -> 0x1F13
mem[X,0x0000000080001B6E] -> 0x00BF
[1760] [M]: 0x0000000080001B6C (0x00BF1F13) slli t5, t5, 0xb
x30 <- 0x0000002000200000

mem[X,0x0000000080001B70] -> 0x0F13
mem[X,0x0000000080001B72] -> 0x1FFF
[1761] [M]: 0x0000000080001B70 (0x1FFF0F13) addi t5, t5, 0x1ff
x30 <- 0x00000020002001FF

mem[X,0x0000000080001B74] -> 0x1F13
mem[X,0x0000000080001B76] -> 0x00BF
[1762] [M]: 0x0000000080001B74 (0x00BF1F13) slli t5, t5, 0xb
x30 <- 0x00010001000FF800

mem[X,0x0000000080001B78] -> 0x0F13
mem[X,0x0000000080001B7A] -> 0x7C2F
[1763] [M]: 0x0000000080001B78 (0x7C2F0F13) addi t5, t5, 0x7c2
x30 <- 0x00010001000FFFC2

mem[X,0x0000000080001B7C] -> 0x1F13
mem[X,0x0000000080001B7E] -> 0x00AF
[1764] [M]: 0x0000000080001B7C (0x00AF1F13) slli t5, t5, 0xa
x30 <- 0x040004003FFF0800

mem[X,0x0000000080001B80] -> 0x0EB7
mem[X,0x0000000080001B82] -> 0xFF00
[1765] [M]: 0x0000000080001B80 (0xFF000EB7) lui t4, -0x1000
x29 <- 0xFFFFFFFFFF000000

mem[X,0x0000000080001B84] -> 0x8E93
mem[X,0x0000000080001B86] -> 0xFEFE
[1766] [M]: 0x0000000080001B84 (0xFEFE8E93) addi t4, t4, -0x11
x29 <- 0xFFFFFFFFFEFFFFEF

mem[X,0x0000000080001B88] -> 0x9E93
mem[X,0x0000000080001B8A] -> 0x00BE
[1767] [M]: 0x0000000080001B88 (0x00BE9E93) slli t4, t4, 0xb
x29 <- 0xFFFFFFF7FFFF7800

mem[X,0x0000000080001B8C] -> 0x8E93
mem[X,0x0000000080001B8E] -> 0x7FDE
[1768] [M]: 0x0000000080001B8C (0x7FDE8E93) addi t4, t4, 0x7fd
x29 <- 0xFFFFFFF7FFFF7FFD

mem[X,0x0000000080001B90] -> 0x9E93
mem[X,0x0000000080001B92] -> 0x00BE
[1769] [M]: 0x0000000080001B90 (0x00BE9E93) slli t4, t4, 0xb
x29 <- 0xFFFFBFFFFBFFE800

mem[X,0x0000000080001B94] -> 0x8E93
mem[X,0x0000000080001B96] -> 0x7C0E
[1770] [M]: 0x0000000080001B94 (0x7C0E8E93) addi t4, t4, 0x7c0
x29 <- 0xFFFFBFFFFBFFEFC0

mem[X,0x0000000080001B98] -> 0x9E93
mem[X,0x0000000080001B9A] -> 0x00AE
[1771] [M]: 0x0000000080001B98 (0x00AE9E93) slli t4, t4, 0xa
x29 <- 0xFEFFFFEFFFBF0000

mem[X,0x0000000080001B9C] -> 0x8E93
mem[X,0x0000000080001B9E] -> 0x004E
[1772] [M]: 0x0000000080001B9C (0x004E8E93) addi t4, t4, 0x4
x29 <- 0xFEFFFFEFFFBF0004

mem[X,0x0000000080001BA0] -> 0x7FBB
mem[X,0x0000000080001BA2] -> 0x99DF
[1773] [M]: 0x0000000080001BA0 (0x99DF7FBB) pmhaccu.h t6, t5, t4
x31 <- 0x451DCDDF1CDA5D59

mem[X,0x0000000080001BA4] -> 0xB823
mem[X,0x0000000080001BA6] -> 0x21F0
[1774] [M]: 0x0000000080001BA4 (0x21F0B823) sd t6, 0x210(ra)
mem[0x00000000800043F8] <- 0x451DCDDF1CDA5D59

mem[X,0x0000000080001BA8] -> 0x0F37
mem[X,0x0000000080001BAA] -> 0x0003
[1775] [M]: 0x0000000080001BA8 (0x00030F37) lui t5, 0x30
x30 <- 0x0000000000030000

mem[X,0x0000000080001BAC] -> 0x0F13
mem[X,0x0000000080001BAE] -> 0xFEFF
[1776] [M]: 0x0000000080001BAC (0xFEFF0F13) addi t5, t5, -0x11
x30 <- 0x000000000002FFEF

mem[X,0x0000000080001BB0] -> 0x1F13
mem[X,0x0000000080001BB2] -> 0x00BF
[1777] [M]: 0x0000000080001BB0 (0x00BF1F13) slli t5, t5, 0xb
x30 <- 0x0000000017FF7800

mem[X,0x0000000080001BB4] -> 0x0F13
mem[X,0x0000000080001BB6] -> 0x1FFF
[1778] [M]: 0x0000000080001BB4 (0x1FFF0F13) addi t5, t5, 0x1ff
x30 <- 0x0000000017FF79FF

mem[X,0x0000000080001BB8] -> 0x1F13
mem[X,0x0000000080001BBA] -> 0x00BF
[1779] [M]: 0x0000000080001BB8 (0x00BF1F13) slli t5, t5, 0xb
x30 <- 0x000000BFFBCFF800

mem[X,0x0000000080001BBC] -> 0x0F13
mem[X,0x0000000080001BBE] -> 0x7FFF
[1780] [M]: 0x0000000080001BBC (0x7FFF0F13) addi t5, t5, 0x7ff
x30 <- 0x000000BFFBCFFFFF

mem[X,0x0000000080001BC0] -> 0x1F13
mem[X,0x0000000080001BC2] -> 0x00AF
[1781] [M]: 0x0000000080001BC0 (0x00AF1F13) slli t5, t5, 0xa
x30 <- 0x0002FFEF3FFFFC00

mem[X,0x0000000080001BC4] -> 0x0F13
mem[X,0x0000000080001BC6] -> 0x3BFF
[1782] [M]: 0x0000000080001BC4 (0x3BFF0F13) addi t5, t5, 0x3bf
x30 <- 0x0002FFEF3FFFFFBF

mem[X,0x0000000080001BC8] -> 0x0EB7
mem[X,0x0000000080001BCA] -> 0x0041
[1783] [M]: 0x0000000080001BC8 (0x00410EB7) lui t4, 0x410
x29 <- 0x0000000000410000

mem[X,0x0000000080001BCC] -> 0x8E93
mem[X,0x0000000080001BCE] -> 0xFFBE
[1784] [M]: 0x0000000080001BCC (0xFFBE8E93) addi t4, t4, -0x5
x29 <- 0x000000000040FFFB

mem[X,0x0000000080001BD0] -> 0x9E93
mem[X,0x0000000080001BD2] -> 0x00BE
[1785] [M]: 0x0000000080001BD0 (0x00BE9E93) slli t4, t4, 0xb
x29 <- 0x0000000207FFD800

mem[X,0x0000000080001BD4] -> 0x8E93
mem[X,0x0000000080001BD6] -> 0x7FFE
[1786] [M]: 0x0000000080001BD4 (0x7FFE8E93) addi t4, t4, 0x7ff
x29 <- 0x0000000207FFDFFF

mem[X,0x0000000080001BD8] -> 0x9E93
mem[X,0x0000000080001BDA] -> 0x00BE
[1787] [M]: 0x0000000080001BD8 (0x00BE9E93) slli t4, t4, 0xb
x29 <- 0x0000103FFEFFF800

mem[X,0x0000000080001BDC] -> 0x8E93
mem[X,0x0000000080001BDE] -> 0x670E
[1788] [M]: 0x0000000080001BDC (0x670E8E93) addi t4, t4, 0x670
x29 <- 0x0000103FFEFFFE70

mem[X,0x0000000080001BE0] -> 0x9E93
mem[X,0x0000000080001BE2] -> 0x00AE
[1789] [M]: 0x0000000080001BE0 (0x00AE9E93) slli t4, t4, 0xa
x29 <- 0x0040FFFBFFF9C000

mem[X,0x0000000080001BE4] -> 0x7FBB
mem[X,0x0000000080001BE6] -> 0x99DF
[1790] [M]: 0x0000000080001BE4 (0x99DF7FBB) pmhaccu.h t6, t5, t4
x31 <- 0x451DCDC95CD71D28

mem[X,0x0000000080001BE8] -> 0xBC23
mem[X,0x0000000080001BEA] -> 0x21F0
[1791] [M]: 0x0000000080001BE8 (0x21F0BC23) sd t6, 0x218(ra)
mem[0x0000000080004400] <- 0x451DCDC95CD71D28

mem[X,0x0000000080001BEC] -> 0x0F37
mem[X,0x0000000080001BEE] -> 0xFFF7
[1792] [M]: 0x0000000080001BEC (0xFFF70F37) lui t5, -0x90
x30 <- 0xFFFFFFFFFFF70000

mem[X,0x0000000080001BF0] -> 0x0F13
mem[X,0x0000000080001BF2] -> 0xFF8F
[1793] [M]: 0x0000000080001BF0 (0xFF8F0F13) addi t5, t5, -0x8
x30 <- 0xFFFFFFFFFFF6FFF8

mem[X,0x0000000080001BF4] -> 0x1F13
mem[X,0x0000000080001BF6] -> 0x00BF
[1794] [M]: 0x0000000080001BF4 (0x00BF1F13) slli t5, t5, 0xb
x30 <- 0xFFFFFFFFB7FFC000

mem[X,0x0000000080001BF8] -> 0x0F13
mem[X,0x0000000080001BFA] -> 0x080F
[1795] [M]: 0x0000000080001BF8 (0x080F0F13) addi t5, t5, 0x80
x30 <- 0xFFFFFFFFB7FFC080

mem[X,0x0000000080001BFC] -> 0x1F13
mem[X,0x0000000080001BFE] -> 0x00BF
[1796] [M]: 0x0000000080001BFC (0x00BF1F13) slli t5, t5, 0xb
x30 <- 0xFFFFFDBFFE040000

mem[X,0x0000000080001C00] -> 0x0F13
mem[X,0x0000000080001C02] -> 0x03FF
[1797] [M]: 0x0000000080001C00 (0x03FF0F13) addi t5, t5, 0x3f
x30 <- 0xFFFFFDBFFE04003F

mem[X,0x0000000080001C04] -> 0x1F13
mem[X,0x0000000080001C06] -> 0x00AF
[1798] [M]: 0x0000000080001C04 (0x00AF1F13) slli t5, t5, 0xa
x30 <- 0xFFF6FFF81000FC00

mem[X,0x0000000080001C08] -> 0x0F13
mem[X,0x0000000080001C0A] -> 0x3BFF
[1799] [M]: 0x0000000080001C08 (0x3BFF0F13) addi t5, t5, 0x3bf
x30 <- 0xFFF6FFF81000FFBF

clint::tick mtime <- 0x0000000000000012
 clint timer pending at mtime 0x0000000000000012
htif::tick 0x0000000000000000
mem[X,0x0000000080001C0C] -> 0x0EB7
mem[X,0x0000000080001C0E] -> 0x0080
[1800] [M]: 0x0000000080001C0C (0x00800EB7) lui t4, 0x800
x29 <- 0x0000000000800000

mem[X,0x0000000080001C10] -> 0x8E93
mem[X,0x0000000080001C12] -> 0x004E
[1801] [M]: 0x0000000080001C10 (0x004E8E93) addi t4, t4, 0x4
x29 <- 0x0000000000800004

mem[X,0x0000000080001C14] -> 0x9E93
mem[X,0x0000000080001C16] -> 0x00BE
[1802] [M]: 0x0000000080001C14 (0x00BE9E93) slli t4, t4, 0xb
x29 <- 0x0000000400002000

mem[X,0x0000000080001C18] -> 0x8E93
mem[X,0x0000000080001C1A] -> 0x5FFE
[1803] [M]: 0x0000000080001C18 (0x5FFE8E93) addi t4, t4, 0x5ff
x29 <- 0x00000004000025FF

mem[X,0x0000000080001C1C] -> 0x9E93
mem[X,0x0000000080001C1E] -> 0x00BE
[1804] [M]: 0x0000000080001C1C (0x00BE9E93) slli t4, t4, 0xb
x29 <- 0x00002000012FF800

mem[X,0x0000000080001C20] -> 0x8E93
mem[X,0x0000000080001C22] -> 0x7FFE
[1805] [M]: 0x0000000080001C20 (0x7FFE8E93) addi t4, t4, 0x7ff
x29 <- 0x00002000012FFFFF

mem[X,0x0000000080001C24] -> 0x9E93
mem[X,0x0000000080001C26] -> 0x00AE
[1806] [M]: 0x0000000080001C24 (0x00AE9E93) slli t4, t4, 0xa
x29 <- 0x00800004BFFFFC00

mem[X,0x0000000080001C28] -> 0x8E93
mem[X,0x0000000080001C2A] -> 0x3F9E
[1807] [M]: 0x0000000080001C28 (0x3F9E8E93) addi t4, t4, 0x3f9
x29 <- 0x00800004BFFFFFF9

mem[X,0x0000000080001C2C] -> 0x7FBB
mem[X,0x0000000080001C2E] -> 0x99DF
[1808] [M]: 0x0000000080001C2C (0x99DF7FBB) pmhaccu.h t6, t5, t4
x31 <- 0x459CCDCC68D61CE0

mem[X,0x0000000080001C30] -> 0xB023
mem[X,0x0000000080001C32] -> 0x23F0
[1809] [M]: 0x0000000080001C30 (0x23F0B023) sd t6, 0x220(ra)
mem[0x0000000080004408] <- 0x459CCDCC68D61CE0

mem[X,0x0000000080001C34] -> 0x0F37
mem[X,0x0000000080001C36] -> 0xF7FF
[1810] [M]: 0x0000000080001C34 (0xF7FF0F37) lui t5, -0x8010
x30 <- 0xFFFFFFFFF7FF0000

mem[X,0x0000000080001C38] -> 0x0F13
mem[X,0x0000000080001C3A] -> 0x004F
[1811] [M]: 0x0000000080001C38 (0x004F0F13) addi t5, t5, 0x4
x30 <- 0xFFFFFFFFF7FF0004

mem[X,0x0000000080001C3C] -> 0x1F13
mem[X,0x0000000080001C3E] -> 0x00BF
[1812] [M]: 0x0000000080001C3C (0x00BF1F13) slli t5, t5, 0xb
x30 <- 0xFFFFFFBFF8002000

mem[X,0x0000000080001C40] -> 0x0F13
mem[X,0x0000000080001C42] -> 0x6FFF
[1813] [M]: 0x0000000080001C40 (0x6FFF0F13) addi t5, t5, 0x6ff
x30 <- 0xFFFFFFBFF80026FF

mem[X,0x0000000080001C44] -> 0x1F13
mem[X,0x0000000080001C46] -> 0x00BF
[1814] [M]: 0x0000000080001C44 (0x00BF1F13) slli t5, t5, 0xb
x30 <- 0xFFFDFFC00137F800

mem[X,0x0000000080001C48] -> 0x0F13
mem[X,0x0000000080001C4A] -> 0x7C0F
[1815] [M]: 0x0000000080001C48 (0x7C0F0F13) addi t5, t5, 0x7c0
x30 <- 0xFFFDFFC00137FFC0

mem[X,0x0000000080001C4C] -> 0x1F13
mem[X,0x0000000080001C4E] -> 0x00AF
[1816] [M]: 0x0000000080001C4C (0x00AF1F13) slli t5, t5, 0xa
x30 <- 0xF7FF0004DFFF0000

mem[X,0x0000000080001C50] -> 0x0F13
mem[X,0x0000000080001C52] -> 0x006F
[1817] [M]: 0x0000000080001C50 (0x006F0F13) addi t5, t5, 0x6
x30 <- 0xF7FF0004DFFF0006

mem[X,0x0000000080001C54] -> 0x0EB7
mem[X,0x0000000080001C56] -> 0xFFF9
[1818] [M]: 0x0000000080001C54 (0xFFF90EB7) lui t4, -0x70
x29 <- 0xFFFFFFFFFFF90000

mem[X,0x0000000080001C58] -> 0x8E93
mem[X,0x0000000080001C5A] -> 0xDFFE
[1819] [M]: 0x0000000080001C58 (0xDFFE8E93) addi t4, t4, -0x201
x29 <- 0xFFFFFFFFFFF8FDFF

mem[X,0x0000000080001C5C] -> 0x9E93
mem[X,0x0000000080001C5E] -> 0x00BE
[1820] [M]: 0x0000000080001C5C (0x00BE9E93) slli t4, t4, 0xb
x29 <- 0xFFFFFFFFC7EFF800

mem[X,0x0000000080001C60] -> 0x8E93
mem[X,0x0000000080001C62] -> 0x7FFE
[1821] [M]: 0x0000000080001C60 (0x7FFE8E93) addi t4, t4, 0x7ff
x29 <- 0xFFFFFFFFC7EFFFFF

mem[X,0x0000000080001C64] -> 0x9E93
mem[X,0x0000000080001C66] -> 0x00BE
[1822] [M]: 0x0000000080001C64 (0x00BE9E93) slli t4, t4, 0xb
x29 <- 0xFFFFFE3F7FFFF800

mem[X,0x0000000080001C68] -> 0x8E93
mem[X,0x0000000080001C6A] -> 0x788E
[1823] [M]: 0x0000000080001C68 (0x788E8E93) addi t4, t4, 0x788
x29 <- 0xFFFFFE3F7FFFFF88

mem[X,0x0000000080001C6C] -> 0x9E93
mem[X,0x0000000080001C6E] -> 0x00AE
[1824] [M]: 0x0000000080001C6C (0x00AE9E93) slli t4, t4, 0xa
x29 <- 0xFFF8FDFFFFFE2000

mem[X,0x0000000080001C70] -> 0x7FBB
mem[X,0x0000000080001C72] -> 0x99DF
[1825] [M]: 0x0000000080001C70 (0x99DF7FBB) pmhaccu.h t6, t5, t4
x31 <- 0x3D93CDCF48D31CE0

mem[X,0x0000000080001C74] -> 0xB423
mem[X,0x0000000080001C76] -> 0x23F0
[1826] [M]: 0x0000000080001C74 (0x23F0B423) sd t6, 0x228(ra)
mem[0x0000000080004410] <- 0x3D93CDCF48D31CE0

mem[X,0x0000000080001C78] -> 0x0F37
mem[X,0x0000000080001C7A] -> 0xFFF7
[1827] [M]: 0x0000000080001C78 (0xFFF70F37) lui t5, -0x90
x30 <- 0xFFFFFFFFFFF70000

mem[X,0x0000000080001C7C] -> 0x0F13
mem[X,0x0000000080001C7E] -> 0x001F
[1828] [M]: 0x0000000080001C7C (0x001F0F13) addi t5, t5, 0x1
x30 <- 0xFFFFFFFFFFF70001

mem[X,0x0000000080001C80] -> 0x1F13
mem[X,0x0000000080001C82] -> 0x00BF
[1829] [M]: 0x0000000080001C80 (0x00BF1F13) slli t5, t5, 0xb
x30 <- 0xFFFFFFFFB8000800

mem[X,0x0000000080001C84] -> 0x0F13
mem[X,0x0000000080001C86] -> 0x000F
[1830] [M]: 0x0000000080001C84 (0x000F0F13) addi t5, t5, 0x0
x30 <- 0xFFFFFFFFB8000800

mem[X,0x0000000080001C88] -> 0x1F13
mem[X,0x0000000080001C8A] -> 0x00BF
[1831] [M]: 0x0000000080001C88 (0x00BF1F13) slli t5, t5, 0xb
x30 <- 0xFFFFFDC000400000

mem[X,0x0000000080001C8C] -> 0x0F13
mem[X,0x0000000080001C8E] -> 0x1B7F
[1832] [M]: 0x0000000080001C8C (0x1B7F0F13) addi t5, t5, 0x1b7
x30 <- 0xFFFFFDC0004001B7

mem[X,0x0000000080001C90] -> 0x1F13
mem[X,0x0000000080001C92] -> 0x00AF
[1833] [M]: 0x0000000080001C90 (0x00AF1F13) slli t5, t5, 0xa
x30 <- 0xFFF700010006DC00

mem[X,0x0000000080001C94] -> 0x0F13
mem[X,0x0000000080001C96] -> 0x3FFF
[1834] [M]: 0x0000000080001C94 (0x3FFF0F13) addi t5, t5, 0x3ff
x30 <- 0xFFF700010006DFFF

mem[X,0x0000000080001C98] -> 0x0EB7
mem[X,0x0000000080001C9A] -> 0x0020
[1835] [M]: 0x0000000080001C98 (0x00200EB7) lui t4, 0x200
x29 <- 0x0000000000200000

mem[X,0x0000000080001C9C] -> 0x8E93
mem[X,0x0000000080001C9E] -> 0x400E
[1836] [M]: 0x0000000080001C9C (0x400E8E93) addi t4, t4, 0x400
x29 <- 0x0000000000200400

mem[X,0x0000000080001CA0] -> 0x9E93
mem[X,0x0000000080001CA2] -> 0x00BE
[1837] [M]: 0x0000000080001CA0 (0x00BE9E93) slli t4, t4, 0xb
x29 <- 0x0000000100200000

mem[X,0x0000000080001CA4] -> 0x8E93
mem[X,0x0000000080001CA6] -> 0x000E
[1838] [M]: 0x0000000080001CA4 (0x000E8E93) addi t4, t4, 0x0
x29 <- 0x0000000100200000

mem[X,0x0000000080001CA8] -> 0x9E93
mem[X,0x0000000080001CAA] -> 0x00BE
[1839] [M]: 0x0000000080001CA8 (0x00BE9E93) slli t4, t4, 0xb
x29 <- 0x0000080100000000

mem[X,0x0000000080001CAC] -> 0x8E93
mem[X,0x0000000080001CAE] -> 0x080E
[1840] [M]: 0x0000000080001CAC (0x080E8E93) addi t4, t4, 0x80
x29 <- 0x0000080100000080

mem[X,0x0000000080001CB0] -> 0x9E93
mem[X,0x0000000080001CB2] -> 0x00AE
[1841] [M]: 0x0000000080001CB0 (0x00AE9E93) slli t4, t4, 0xa
x29 <- 0x0020040000020000

mem[X,0x0000000080001CB4] -> 0x7FBB
mem[X,0x0000000080001CB6] -> 0x99DF
[1842] [M]: 0x0000000080001CB4 (0x99DF7FBB) pmhaccu.h t6, t5, t4
x31 <- 0x3DB2CDCF48D31CE0

mem[X,0x0000000080001CB8] -> 0xB823
mem[X,0x0000000080001CBA] -> 0x23F0
[1843] [M]: 0x0000000080001CB8 (0x23F0B823) sd t6, 0x230(ra)
mem[0x0000000080004418] <- 0x3DB2CDCF48D31CE0

mem[X,0x0000000080001CBC] -> 0x5F37
mem[X,0x0000000080001CBE] -> 0xFFEF
[1844] [M]: 0x0000000080001CBC (0xFFEF5F37) lui t5, -0x10b
x30 <- 0xFFFFFFFFFFEF5000

mem[X,0x0000000080001CC0] -> 0x0F13
mem[X,0x0000000080001CC2] -> 0x555F
[1845] [M]: 0x0000000080001CC0 (0x555F0F13) addi t5, t5, 0x555
x30 <- 0xFFFFFFFFFFEF5555

mem[X,0x0000000080001CC4] -> 0x1F13
mem[X,0x0000000080001CC6] -> 0x00BF
[1846] [M]: 0x0000000080001CC4 (0x00BF1F13) slli t5, t5, 0xb
x30 <- 0xFFFFFFFF7AAAA800

mem[X,0x0000000080001CC8] -> 0x0F13
mem[X,0x0000000080001CCA] -> 0x7FFF
[1847] [M]: 0x0000000080001CC8 (0x7FFF0F13) addi t5, t5, 0x7ff
x30 <- 0xFFFFFFFF7AAAAFFF

mem[X,0x0000000080001CCC] -> 0x1F13
mem[X,0x0000000080001CCE] -> 0x00BF
[1848] [M]: 0x0000000080001CCC (0x00BF1F13) slli t5, t5, 0xb
x30 <- 0xFFFFFBD5557FF800

mem[X,0x0000000080001CD0] -> 0x0F13
mem[X,0x0000000080001CD2] -> 0x3C0F
[1849] [M]: 0x0000000080001CD0 (0x3C0F0F13) addi t5, t5, 0x3c0
x30 <- 0xFFFFFBD5557FFBC0

mem[X,0x0000000080001CD4] -> 0x1F13
mem[X,0x0000000080001CD6] -> 0x00AF
[1850] [M]: 0x0000000080001CD4 (0x00AF1F13) slli t5, t5, 0xa
x30 <- 0xFFEF5555FFEF0000

mem[X,0x0000000080001CD8] -> 0x0F13
mem[X,0x0000000080001CDA] -> 0x001F
[1851] [M]: 0x0000000080001CD8 (0x001F0F13) addi t5, t5, 0x1
x30 <- 0xFFEF5555FFEF0001

mem[X,0x0000000080001CDC] -> 0x2EB7
mem[X,0x0000000080001CDE] -> 0xFFFE
[1852] [M]: 0x0000000080001CDC (0xFFFE2EB7) lui t4, -0x1e
x29 <- 0xFFFFFFFFFFFE2000

mem[X,0x0000000080001CE0] -> 0x8E93
mem[X,0x0000000080001CE2] -> 0x000E
[1853] [M]: 0x0000000080001CE0 (0x000E8E93) addi t4, t4, 0x0
x29 <- 0xFFFFFFFFFFFE2000

mem[X,0x0000000080001CE4] -> 0x9E93
mem[X,0x0000000080001CE6] -> 0x00BE
[1854] [M]: 0x0000000080001CE4 (0x00BE9E93) slli t4, t4, 0xb
x29 <- 0xFFFFFFFFF1000000

mem[X,0x0000000080001CE8] -> 0x8E93
mem[X,0x0000000080001CEA] -> 0x000E
[1855] [M]: 0x0000000080001CE8 (0x000E8E93) addi t4, t4, 0x0
x29 <- 0xFFFFFFFFF1000000

mem[X,0x0000000080001CEC] -> 0x9E93
mem[X,0x0000000080001CEE] -> 0x00BE
[1856] [M]: 0x0000000080001CEC (0x00BE9E93) slli t4, t4, 0xb
x29 <- 0xFFFFFF8800000000

mem[X,0x0000000080001CF0] -> 0x8E93
mem[X,0x0000000080001CF2] -> 0x03FE
[1857] [M]: 0x0000000080001CF0 (0x03FE8E93) addi t4, t4, 0x3f
x29 <- 0xFFFFFF880000003F

mem[X,0x0000000080001CF4] -> 0x9E93
mem[X,0x0000000080001CF6] -> 0x00AE
[1858] [M]: 0x0000000080001CF4 (0x00AE9E93) slli t4, t4, 0xa
x29 <- 0xFFFE20000000FC00

mem[X,0x0000000080001CF8] -> 0x8E93
mem[X,0x0000000080001CFA] -> 0x3F8E
[1859] [M]: 0x0000000080001CF8 (0x3F8E8E93) addi t4, t4, 0x3f8
x29 <- 0xFFFE20000000FFF8

mem[X,0x0000000080001CFC] -> 0x7FBB
mem[X,0x0000000080001CFE] -> 0x99DF
[1860] [M]: 0x0000000080001CFC (0x99DF7FBB) pmhaccu.h t6, t5, t4
x31 <- 0x3D9FD87948D31CE0

mem[X,0x0000000080001D00] -> 0xBC23
mem[X,0x0000000080001D02] -> 0x23F0
[1861] [M]: 0x0000000080001D00 (0x23F0BC23) sd t6, 0x238(ra)
mem[0x0000000080004420] <- 0x3D9FD87948D31CE0

mem[X,0x0000000080001D04] -> 0x0F37
mem[X,0x0000000080001D06] -> 0xFFF9
[1862] [M]: 0x0000000080001D04 (0xFFF90F37) lui t5, -0x70
x30 <- 0xFFFFFFFFFFF90000

mem[X,0x0000000080001D08] -> 0x0F13
mem[X,0x0000000080001D0A] -> 0x006F
[1863] [M]: 0x0000000080001D08 (0x006F0F13) addi t5, t5, 0x6
x30 <- 0xFFFFFFFFFFF90006

mem[X,0x0000000080001D0C] -> 0x1F13
mem[X,0x0000000080001D0E] -> 0x00BF
[1864] [M]: 0x0000000080001D0C (0x00BF1F13) slli t5, t5, 0xb
x30 <- 0xFFFFFFFFC8003000

mem[X,0x0000000080001D10] -> 0x0F13
mem[X,0x0000000080001D12] -> 0x7FFF
[1865] [M]: 0x0000000080001D10 (0x7FFF0F13) addi t5, t5, 0x7ff
x30 <- 0xFFFFFFFFC80037FF

mem[X,0x0000000080001D14] -> 0x1F13
mem[X,0x0000000080001D16] -> 0x00BF
[1866] [M]: 0x0000000080001D14 (0x00BF1F13) slli t5, t5, 0xb
x30 <- 0xFFFFFE4001BFF800

mem[X,0x0000000080001D18] -> 0x0F13
mem[X,0x0000000080001D1A] -> 0x681F
[1867] [M]: 0x0000000080001D18 (0x681F0F13) addi t5, t5, 0x681
x30 <- 0xFFFFFE4001BFFE81

mem[X,0x0000000080001D1C] -> 0x1F13
mem[X,0x0000000080001D1E] -> 0x00AF
[1868] [M]: 0x0000000080001D1C (0x00AF1F13) slli t5, t5, 0xa
x30 <- 0xFFF90006FFFA0400

mem[X,0x0000000080001D20] -> 0x0EB7
mem[X,0x0000000080001D22] -> 0xAAAA
[1869] [M]: 0x0000000080001D20 (0xAAAA0EB7) lui t4, -0x55560
x29 <- 0xFFFFFFFFAAAA0000

mem[X,0x0000000080001D24] -> 0x8E93
mem[X,0x0000000080001D26] -> 0x002E
[1870] [M]: 0x0000000080001D24 (0x002E8E93) addi t4, t4, 0x2
x29 <- 0xFFFFFFFFAAAA0002

mem[X,0x0000000080001D28] -> 0x9E93
mem[X,0x0000000080001D2A] -> 0x00BE
[1871] [M]: 0x0000000080001D28 (0x00BE9E93) slli t4, t4, 0xb
x29 <- 0xFFFFFD5550001000

mem[X,0x0000000080001D2C] -> 0x8E93
mem[X,0x0000000080001D2E] -> 0x7FFE
[1872] [M]: 0x0000000080001D2C (0x7FFE8E93) addi t4, t4, 0x7ff
x29 <- 0xFFFFFD55500017FF

mem[X,0x0000000080001D30] -> 0x9E93
mem[X,0x0000000080001D32] -> 0x00BE
[1873] [M]: 0x0000000080001D30 (0x00BE9E93) slli t4, t4, 0xb
x29 <- 0xFFEAAA8000BFF800

mem[X,0x0000000080001D34] -> 0x8E93
mem[X,0x0000000080001D36] -> 0x7C0E
[1874] [M]: 0x0000000080001D34 (0x7C0E8E93) addi t4, t4, 0x7c0
x29 <- 0xFFEAAA8000BFFFC0

mem[X,0x0000000080001D38] -> 0x9E93
mem[X,0x0000000080001D3A] -> 0x00AE
[1875] [M]: 0x0000000080001D38 (0x00AE9E93) slli t4, t4, 0xa
x29 <- 0xAAAA0002FFFF0000

mem[X,0x0000000080001D3C] -> 0x8E93
mem[X,0x0000000080001D3E] -> 0x003E
[1876] [M]: 0x0000000080001D3C (0x003E8E93) addi t4, t4, 0x3
x29 <- 0xAAAA0002FFFF0003

mem[X,0x0000000080001D40] -> 0x7FBB
mem[X,0x0000000080001D42] -> 0x99DF
[1877] [M]: 0x0000000080001D40 (0x99DF7FBB) pmhaccu.h t6, t5, t4
x31 <- 0xE844D87948CC1CE0

mem[X,0x0000000080001D44] -> 0xB023
mem[X,0x0000000080001D46] -> 0x25F0
[1878] [M]: 0x0000000080001D44 (0x25F0B023) sd t6, 0x240(ra)
mem[0x0000000080004428] <- 0xE844D87948CC1CE0

mem[X,0x0000000080001D48] -> 0x1F37
mem[X,0x0000000080001D4A] -> 0xFFFB
[1879] [M]: 0x0000000080001D48 (0xFFFB1F37) lui t5, -0x4f
x30 <- 0xFFFFFFFFFFFB1000

mem[X,0x0000000080001D4C] -> 0x0F13
mem[X,0x0000000080001D4E] -> 0x800F
[1880] [M]: 0x0000000080001D4C (0x800F0F13) addi t5, t5, -0x800
x30 <- 0xFFFFFFFFFFFB0800

mem[X,0x0000000080001D50] -> 0x1F13
mem[X,0x0000000080001D52] -> 0x00BF
[1881] [M]: 0x0000000080001D50 (0x00BF1F13) slli t5, t5, 0xb
x30 <- 0xFFFFFFFFD8400000

mem[X,0x0000000080001D54] -> 0x0F13
mem[X,0x0000000080001D56] -> 0x5FFF
[1882] [M]: 0x0000000080001D54 (0x5FFF0F13) addi t5, t5, 0x5ff
x30 <- 0xFFFFFFFFD84005FF

mem[X,0x0000000080001D58] -> 0x1F13
mem[X,0x0000000080001D5A] -> 0x00BF
[1883] [M]: 0x0000000080001D58 (0x00BF1F13) slli t5, t5, 0xb
x30 <- 0xFFFFFEC2002FF800

mem[X,0x0000000080001D5C] -> 0x0F13
mem[X,0x0000000080001D5E] -> 0x7C0F
[1884] [M]: 0x0000000080001D5C (0x7C0F0F13) addi t5, t5, 0x7c0
x30 <- 0xFFFFFEC2002FFFC0

mem[X,0x0000000080001D60] -> 0x1F13
mem[X,0x0000000080001D62] -> 0x00AF
[1885] [M]: 0x0000000080001D60 (0x00AF1F13) slli t5, t5, 0xa
x30 <- 0xFFFB0800BFFF0000

mem[X,0x0000000080001D64] -> 0x0F13
mem[X,0x0000000080001D66] -> 0x010F
[1886] [M]: 0x0000000080001D64 (0x010F0F13) addi t5, t5, 0x10
x30 <- 0xFFFB0800BFFF0010

mem[X,0x0000000080001D68] -> 0x0EB7
mem[X,0x0000000080001D6A] -> 0xFFFB
[1887] [M]: 0x0000000080001D68 (0xFFFB0EB7) lui t4, -0x50
x29 <- 0xFFFFFFFFFFFB0000

mem[X,0x0000000080001D6C] -> 0x8E93
mem[X,0x0000000080001D6E] -> 0x400E
[1888] [M]: 0x0000000080001D6C (0x400E8E93) addi t4, t4, 0x400
x29 <- 0xFFFFFFFFFFFB0400

mem[X,0x0000000080001D70] -> 0x9E93
mem[X,0x0000000080001D72] -> 0x00BE
[1889] [M]: 0x0000000080001D70 (0x00BE9E93) slli t4, t4, 0xb
x29 <- 0xFFFFFFFFD8200000

mem[X,0x0000000080001D74] -> 0x8E93
mem[X,0x0000000080001D76] -> 0x7BFE
[1890] [M]: 0x0000000080001D74 (0x7BFE8E93) addi t4, t4, 0x7bf
x29 <- 0xFFFFFFFFD82007BF

mem[X,0x0000000080001D78] -> 0x9E93
mem[X,0x0000000080001D7A] -> 0x00BE
[1891] [M]: 0x0000000080001D78 (0x00BE9E93) slli t4, t4, 0xb
x29 <- 0xFFFFFEC1003DF800

mem[X,0x0000000080001D7C] -> 0x8E93
mem[X,0x0000000080001D7E] -> 0x7E0E
[1892] [M]: 0x0000000080001D7C (0x7E0E8E93) addi t4, t4, 0x7e0
x29 <- 0xFFFFFEC1003DFFE0

mem[X,0x0000000080001D80] -> 0x9E93
mem[X,0x0000000080001D82] -> 0x00AE
[1893] [M]: 0x0000000080001D80 (0x00AE9E93) slli t4, t4, 0xa
x29 <- 0xFFFB0400F7FF8000

mem[X,0x0000000080001D84] -> 0x7FBB
mem[X,0x0000000080001D86] -> 0x99DF
[1894] [M]: 0x0000000080001D84 (0x99DF7FBB) pmhaccu.h t6, t5, t4
x31 <- 0xE83AD89902CA1CE8

mem[X,0x0000000080001D88] -> 0xB423
mem[X,0x0000000080001D8A] -> 0x25F0
[1895] [M]: 0x0000000080001D88 (0x25F0B423) sd t6, 0x248(ra)
mem[0x0000000080004430] <- 0xE83AD89902CA1CE8

mem[X,0x0000000080001D8C] -> 0x5F37
mem[X,0x0000000080001D8E] -> 0x0080
[1896] [M]: 0x0000000080001D8C (0x00805F37) lui t5, 0x805
x30 <- 0x0000000000805000

mem[X,0x0000000080001D90] -> 0x0F13
mem[X,0x0000000080001D92] -> 0x555F
[1897] [M]: 0x0000000080001D90 (0x555F0F13) addi t5, t5, 0x555
x30 <- 0x0000000000805555

mem[X,0x0000000080001D94] -> 0x1F13
mem[X,0x0000000080001D96] -> 0x00BF
[1898] [M]: 0x0000000080001D94 (0x00BF1F13) slli t5, t5, 0xb
x30 <- 0x0000000402AAA800

mem[X,0x0000000080001D98] -> 0x0F13
mem[X,0x0000000080001D9A] -> 0x7FFF
[1899] [M]: 0x0000000080001D98 (0x7FFF0F13) addi t5, t5, 0x7ff
x30 <- 0x0000000402AAAFFF

clint::tick mtime <- 0x0000000000000013
 clint timer pending at mtime 0x0000000000000013
htif::tick 0x0000000000000000
mem[X,0x0000000080001D9C] -> 0x1F13
mem[X,0x0000000080001D9E] -> 0x00BF
[1900] [M]: 0x0000000080001D9C (0x00BF1F13) slli t5, t5, 0xb
x30 <- 0x00002015557FF800

mem[X,0x0000000080001DA0] -> 0x0F13
mem[X,0x0000000080001DA2] -> 0x780F
[1901] [M]: 0x0000000080001DA0 (0x780F0F13) addi t5, t5, 0x780
x30 <- 0x00002015557FFF80

mem[X,0x0000000080001DA4] -> 0x1F13
mem[X,0x0000000080001DA6] -> 0x00AF
[1902] [M]: 0x0000000080001DA4 (0x00AF1F13) slli t5, t5, 0xa
x30 <- 0x00805555FFFE0000

mem[X,0x0000000080001DA8] -> 0x0EB7
mem[X,0x0000000080001DAA] -> 0x0020
[1903] [M]: 0x0000000080001DA8 (0x00200EB7) lui t4, 0x200
x29 <- 0x0000000000200000

mem[X,0x0000000080001DAC] -> 0x8E93
mem[X,0x0000000080001DAE] -> 0x010E
[1904] [M]: 0x0000000080001DAC (0x010E8E93) addi t4, t4, 0x10
x29 <- 0x0000000000200010

mem[X,0x0000000080001DB0] -> 0x9E93
mem[X,0x0000000080001DB2] -> 0x00BE
[1905] [M]: 0x0000000080001DB0 (0x00BE9E93) slli t4, t4, 0xb
x29 <- 0x0000000100008000

mem[X,0x0000000080001DB4] -> 0x8E93
mem[X,0x0000000080001DB6] -> 0x77FE
[1906] [M]: 0x0000000080001DB4 (0x77FE8E93) addi t4, t4, 0x77f
x29 <- 0x000000010000877F

mem[X,0x0000000080001DB8] -> 0x9E93
mem[X,0x0000000080001DBA] -> 0x00BE
[1907] [M]: 0x0000000080001DB8 (0x00BE9E93) slli t4, t4, 0xb
x29 <- 0x00000800043BF800

mem[X,0x0000000080001DBC] -> 0x8E93
mem[X,0x0000000080001DBE] -> 0x7FFE
[1908] [M]: 0x0000000080001DBC (0x7FFE8E93) addi t4, t4, 0x7ff
x29 <- 0x00000800043BFFFF

mem[X,0x0000000080001DC0] -> 0x9E93
mem[X,0x0000000080001DC2] -> 0x00AE
[1909] [M]: 0x0000000080001DC0 (0x00AE9E93) slli t4, t4, 0xa
x29 <- 0x00200010EFFFFC00

mem[X,0x0000000080001DC4] -> 0x8E93
mem[X,0x0000000080001DC6] -> 0x3FFE
[1910] [M]: 0x0000000080001DC4 (0x3FFE8E93) addi t4, t4, 0x3ff
x29 <- 0x00200010EFFFFFFF

mem[X,0x0000000080001DC8] -> 0x7FBB
mem[X,0x0000000080001DCA] -> 0x99DF
[1911] [M]: 0x0000000080001DC8 (0x99DF7FBB) pmhaccu.h t6, t5, t4
x31 <- 0xE83AD89EF2C71CE8

mem[X,0x0000000080001DCC] -> 0xB823
mem[X,0x0000000080001DCE] -> 0x25F0
[1912] [M]: 0x0000000080001DCC (0x25F0B823) sd t6, 0x250(ra)
mem[0x0000000080004438] <- 0xE83AD89EF2C71CE8

mem[X,0x0000000080001DD0] -> 0x0F37
mem[X,0x0000000080001DD2] -> 0x2000
[1913] [M]: 0x0000000080001DD0 (0x20000F37) lui t5, 0x20000
x30 <- 0x0000000020000000

mem[X,0x0000000080001DD4] -> 0x0F13
mem[X,0x0000000080001DD6] -> 0x020F
[1914] [M]: 0x0000000080001DD4 (0x020F0F13) addi t5, t5, 0x20
x30 <- 0x0000000020000020

mem[X,0x0000000080001DD8] -> 0x1F13
mem[X,0x0000000080001DDA] -> 0x00BF
[1915] [M]: 0x0000000080001DD8 (0x00BF1F13) slli t5, t5, 0xb
x30 <- 0x0000010000010000

mem[X,0x0000000080001DDC] -> 0x0F13
mem[X,0x0000000080001DDE] -> 0x7FFF
[1916] [M]: 0x0000000080001DDC (0x7FFF0F13) addi t5, t5, 0x7ff
x30 <- 0x00000100000107FF

mem[X,0x0000000080001DE0] -> 0x1F13
mem[X,0x0000000080001DE2] -> 0x00BF
[1917] [M]: 0x0000000080001DE0 (0x00BF1F13) slli t5, t5, 0xb
x30 <- 0x00080000083FF800

mem[X,0x0000000080001DE4] -> 0x0F13
mem[X,0x0000000080001DE6] -> 0x600F
[1918] [M]: 0x0000000080001DE4 (0x600F0F13) addi t5, t5, 0x600
x30 <- 0x00080000083FFE00

mem[X,0x0000000080001DE8] -> 0x1F13
mem[X,0x0000000080001DEA] -> 0x00AF
[1919] [M]: 0x0000000080001DE8 (0x00AF1F13) slli t5, t5, 0xa
x30 <- 0x20000020FFF80000

mem[X,0x0000000080001DEC] -> 0x0F13
mem[X,0x0000000080001DEE] -> 0x004F
[1920] [M]: 0x0000000080001DEC (0x004F0F13) addi t5, t5, 0x4
x30 <- 0x20000020FFF80004

mem[X,0x0000000080001DF0] -> 0x1EB7
mem[X,0x0000000080001DF2] -> 0x8000
[1921] [M]: 0x0000000080001DF0 (0x80001EB7) lui t4, -0x7ffff
x29 <- 0xFFFFFFFF80001000

mem[X,0x0000000080001DF4] -> 0x8E93
mem[X,0x0000000080001DF6] -> 0x000E
[1922] [M]: 0x0000000080001DF4 (0x000E8E93) addi t4, t4, 0x0
x29 <- 0xFFFFFFFF80001000

mem[X,0x0000000080001DF8] -> 0x9E93
mem[X,0x0000000080001DFA] -> 0x00BE
[1923] [M]: 0x0000000080001DF8 (0x00BE9E93) slli t4, t4, 0xb
x29 <- 0xFFFFFC0000800000

mem[X,0x0000000080001DFC] -> 0x8E93
mem[X,0x0000000080001DFE] -> 0x200E
[1924] [M]: 0x0000000080001DFC (0x200E8E93) addi t4, t4, 0x200
x29 <- 0xFFFFFC0000800200

mem[X,0x0000000080001E00] -> 0x9E93
mem[X,0x0000000080001E02] -> 0x00BE
[1925] [M]: 0x0000000080001E00 (0x00BE9E93) slli t4, t4, 0xb
x29 <- 0xFFE0000400100000

mem[X,0x0000000080001E04] -> 0x8E93
mem[X,0x0000000080001E06] -> 0x000E
[1926] [M]: 0x0000000080001E04 (0x000E8E93) addi t4, t4, 0x0
x29 <- 0xFFE0000400100000

mem[X,0x0000000080001E08] -> 0x9E93
mem[X,0x0000000080001E0A] -> 0x00AE
[1927] [M]: 0x0000000080001E08 (0x00AE9E93) slli t4, t4, 0xa
x29 <- 0x8000100040000000

mem[X,0x0000000080001E0C] -> 0x8E93
mem[X,0x0000000080001E0E] -> 0x007E
[1928] [M]: 0x0000000080001E0C (0x007E8E93) addi t4, t4, 0x7
x29 <- 0x8000100040000007

mem[X,0x0000000080001E10] -> 0x7FBB
mem[X,0x0000000080001E12] -> 0x99DF
[1929] [M]: 0x0000000080001E10 (0x99DF7FBB) pmhaccu.h t6, t5, t4
x31 <- 0xF83AD8A032C51CE8

mem[X,0x0000000080001E14] -> 0xBC23
mem[X,0x0000000080001E16] -> 0x25F0
[1930] [M]: 0x0000000080001E14 (0x25F0BC23) sd t6, 0x258(ra)
mem[0x0000000080004440] <- 0xF83AD8A032C51CE8

mem[X,0x0000000080001E18] -> 0x0F37
mem[X,0x0000000080001E1A] -> 0xFDFF
[1931] [M]: 0x0000000080001E18 (0xFDFF0F37) lui t5, -0x2010
x30 <- 0xFFFFFFFFFDFF0000

mem[X,0x0000000080001E1C] -> 0x0F13
mem[X,0x0000000080001E1E] -> 0x040F
[1932] [M]: 0x0000000080001E1C (0x040F0F13) addi t5, t5, 0x40
x30 <- 0xFFFFFFFFFDFF0040

mem[X,0x0000000080001E20] -> 0x1F13
mem[X,0x0000000080001E22] -> 0x00BF
[1933] [M]: 0x0000000080001E20 (0x00BF1F13) slli t5, t5, 0xb
x30 <- 0xFFFFFFEFF8020000

mem[X,0x0000000080001E24] -> 0x0F13
mem[X,0x0000000080001E26] -> 0x6FFF
[1934] [M]: 0x0000000080001E24 (0x6FFF0F13) addi t5, t5, 0x6ff
x30 <- 0xFFFFFFEFF80206FF

mem[X,0x0000000080001E28] -> 0x1F13
mem[X,0x0000000080001E2A] -> 0x00BF
[1935] [M]: 0x0000000080001E28 (0x00BF1F13) slli t5, t5, 0xb
x30 <- 0xFFFF7FC01037F800

mem[X,0x0000000080001E2C] -> 0x0F13
mem[X,0x0000000080001E2E] -> 0x7C4F
[1936] [M]: 0x0000000080001E2C (0x7C4F0F13) addi t5, t5, 0x7c4
x30 <- 0xFFFF7FC01037FFC4

mem[X,0x0000000080001E30] -> 0x1F13
mem[X,0x0000000080001E32] -> 0x00AF
[1937] [M]: 0x0000000080001E30 (0x00AF1F13) slli t5, t5, 0xa
x30 <- 0xFDFF0040DFFF1000

mem[X,0x0000000080001E34] -> 0x0EB7
mem[X,0x0000000080001E36] -> 0xC001
[1938] [M]: 0x0000000080001E34 (0xC0010EB7) lui t4, -0x3fff0
x29 <- 0xFFFFFFFFC0010000

mem[X,0x0000000080001E38] -> 0x8E93
mem[X,0x0000000080001E3A] -> 0xBFFE
[1939] [M]: 0x0000000080001E38 (0xBFFE8E93) addi t4, t4, -0x401
x29 <- 0xFFFFFFFFC000FBFF

mem[X,0x0000000080001E3C] -> 0x9E93
mem[X,0x0000000080001E3E] -> 0x00BE
[1940] [M]: 0x0000000080001E3C (0x00BE9E93) slli t4, t4, 0xb
x29 <- 0xFFFFFE0007DFF800

mem[X,0x0000000080001E40] -> 0x8E93
mem[X,0x0000000080001E42] -> 0x080E
[1941] [M]: 0x0000000080001E40 (0x080E8E93) addi t4, t4, 0x80
x29 <- 0xFFFFFE0007DFF880

mem[X,0x0000000080001E44] -> 0x9E93
mem[X,0x0000000080001E46] -> 0x00BE
[1942] [M]: 0x0000000080001E44 (0x00BE9E93) slli t4, t4, 0xb
x29 <- 0xFFF0003EFFC40000

mem[X,0x0000000080001E48] -> 0x8E93
mem[X,0x0000000080001E4A] -> 0x000E
[1943] [M]: 0x0000000080001E48 (0x000E8E93) addi t4, t4, 0x0
x29 <- 0xFFF0003EFFC40000

mem[X,0x0000000080001E4C] -> 0x9E93
mem[X,0x0000000080001E4E] -> 0x00AE
[1944] [M]: 0x0000000080001E4C (0x00AE9E93) slli t4, t4, 0xa
x29 <- 0xC000FBFF10000000

mem[X,0x0000000080001E50] -> 0x8E93
mem[X,0x0000000080001E52] -> 0x009E
[1945] [M]: 0x0000000080001E50 (0x009E8E93) addi t4, t4, 0x9
x29 <- 0xC000FBFF10000009

mem[X,0x0000000080001E54] -> 0x7FBB
mem[X,0x0000000080001E56] -> 0x99DF
[1946] [M]: 0x0000000080001E54 (0x99DF7FBB) pmhaccu.h t6, t5, t4
x31 <- 0xB6B9D8DE40C41CE8

mem[X,0x0000000080001E58] -> 0xB023
mem[X,0x0000000080001E5A] -> 0x27F0
[1947] [M]: 0x0000000080001E58 (0x27F0B023) sd t6, 0x260(ra)
mem[0x0000000080004448] <- 0xB6B9D8DE40C41CE8

mem[X,0x0000000080001E5C] -> 0x0F37
mem[X,0x0000000080001E5E] -> 0x0100
[1948] [M]: 0x0000000080001E5C (0x01000F37) lui t5, 0x1000
x30 <- 0x0000000001000000

mem[X,0x0000000080001E60] -> 0x0F13
mem[X,0x0000000080001E62] -> 0x001F
[1949] [M]: 0x0000000080001E60 (0x001F0F13) addi t5, t5, 0x1
x30 <- 0x0000000001000001

mem[X,0x0000000080001E64] -> 0x1F13
mem[X,0x0000000080001E66] -> 0x00BF
[1950] [M]: 0x0000000080001E64 (0x00BF1F13) slli t5, t5, 0xb
x30 <- 0x0000000800000800

mem[X,0x0000000080001E68] -> 0x0F13
mem[X,0x0000000080001E6A] -> 0x000F
[1951] [M]: 0x0000000080001E68 (0x000F0F13) addi t5, t5, 0x0
x30 <- 0x0000000800000800

mem[X,0x0000000080001E6C] -> 0x1F13
mem[X,0x0000000080001E6E] -> 0x00BF
[1952] [M]: 0x0000000080001E6C (0x00BF1F13) slli t5, t5, 0xb
x30 <- 0x0000400000400000

mem[X,0x0000000080001E70] -> 0x0F13
mem[X,0x0000000080001E72] -> 0x13FF
[1953] [M]: 0x0000000080001E70 (0x13FF0F13) addi t5, t5, 0x13f
x30 <- 0x000040000040013F

mem[X,0x0000000080001E74] -> 0x1F13
mem[X,0x0000000080001E76] -> 0x00AF
[1954] [M]: 0x0000000080001E74 (0x00AF1F13) slli t5, t5, 0xa
x30 <- 0x010000010004FC00

mem[X,0x0000000080001E78] -> 0x0F13
mem[X,0x0000000080001E7A] -> 0x3BFF
[1955] [M]: 0x0000000080001E78 (0x3BFF0F13) addi t5, t5, 0x3bf
x30 <- 0x010000010004FFBF

mem[X,0x0000000080001E7C] -> 0xCEB7
mem[X,0x0000000080001E7E] -> 0xFFF7
[1956] [M]: 0x0000000080001E7C (0xFFF7CEB7) lui t4, -0x84
x29 <- 0xFFFFFFFFFFF7C000

mem[X,0x0000000080001E80] -> 0x8E93
mem[X,0x0000000080001E82] -> 0x000E
[1957] [M]: 0x0000000080001E80 (0x000E8E93) addi t4, t4, 0x0
x29 <- 0xFFFFFFFFFFF7C000

mem[X,0x0000000080001E84] -> 0x9E93
mem[X,0x0000000080001E86] -> 0x00BE
[1958] [M]: 0x0000000080001E84 (0x00BE9E93) slli t4, t4, 0xb
x29 <- 0xFFFFFFFFBE000000

mem[X,0x0000000080001E88] -> 0x8E93
mem[X,0x0000000080001E8A] -> 0x5FFE
[1959] [M]: 0x0000000080001E88 (0x5FFE8E93) addi t4, t4, 0x5ff
x29 <- 0xFFFFFFFFBE0005FF

mem[X,0x0000000080001E8C] -> 0x9E93
mem[X,0x0000000080001E8E] -> 0x00BE
[1960] [M]: 0x0000000080001E8C (0x00BE9E93) slli t4, t4, 0xb
x29 <- 0xFFFFFDF0002FF800

mem[X,0x0000000080001E90] -> 0x8E93
mem[X,0x0000000080001E92] -> 0x7FFE
[1961] [M]: 0x0000000080001E90 (0x7FFE8E93) addi t4, t4, 0x7ff
x29 <- 0xFFFFFDF0002FFFFF

mem[X,0x0000000080001E94] -> 0x9E93
mem[X,0x0000000080001E96] -> 0x00AE
[1962] [M]: 0x0000000080001E94 (0x00AE9E93) slli t4, t4, 0xa
x29 <- 0xFFF7C000BFFFFC00

mem[X,0x0000000080001E98] -> 0x8E93
mem[X,0x0000000080001E9A] -> 0x1FFE
[1963] [M]: 0x0000000080001E98 (0x1FFE8E93) addi t4, t4, 0x1ff
x29 <- 0xFFF7C000BFFFFDFF

mem[X,0x0000000080001E9C] -> 0x7FBB
mem[X,0x0000000080001E9E] -> 0x99DF
[1964] [M]: 0x0000000080001E9C (0x99DF7FBB) pmhaccu.h t6, t5, t4
x31 <- 0xB7B8D8DE40C61AA6

mem[X,0x0000000080001EA0] -> 0xB423
mem[X,0x0000000080001EA2] -> 0x27F0
[1965] [M]: 0x0000000080001EA0 (0x27F0B423) sd t6, 0x268(ra)
mem[0x0000000080004450] <- 0xB7B8D8DE40C61AA6

mem[X,0x0000000080001EA4] -> 0x006F
mem[X,0x0000000080001EA6] -> 0x0380
[1966] [M]: 0x0000000080001EA4 (0x0380006F) jal zero, 0x38

mem[X,0x0000000080001EDC] -> 0x0093
mem[X,0x0000000080001EDE] -> 0x0010
[1967] [M]: 0x0000000080001EDC (0x00100093) addi ra, zero, 0x1
x1 <- 0x0000000000000001

mem[X,0x0000000080001EE0] -> 0x0F17
mem[X,0x0000000080001EE2] -> 0x0000
[1968] [M]: 0x0000000080001EE0 (0x00000F17) auipc t5, 0x0
x30 <- 0x0000000080001EE0

mem[X,0x0000000080001EE4] -> 0x2023
mem[X,0x0000000080001EE6] -> 0x121F
[1969] [M]: 0x0000000080001EE4 (0x121F2023) sw ra, 0x120(t5)
htif[0x0000000080002000] <- 0x00000001

mem[X,0x0000000080001EE8] -> 0xF06F
mem[X,0x0000000080001EEA] -> 0xFF9F
[1970] [M]: 0x0000000080001EE8 (0xFF9FF06F) jal zero, -0x8

mem[X,0x0000000080001EE0] -> 0x0F17
mem[X,0x0000000080001EE2] -> 0x0000
[1971] [M]: 0x0000000080001EE0 (0x00000F17) auipc t5, 0x0
x30 <- 0x0000000080001EE0

mem[X,0x0000000080001EE4] -> 0x2023
mem[X,0x0000000080001EE6] -> 0x121F
[1972] [M]: 0x0000000080001EE4 (0x121F2023) sw ra, 0x120(t5)
htif[0x0000000080002000] <- 0x00000001

mem[X,0x0000000080001EE8] -> 0xF06F
mem[X,0x0000000080001EEA] -> 0xFF9F
[1973] [M]: 0x0000000080001EE8 (0xFF9FF06F) jal zero, -0x8

mem[X,0x0000000080001EE0] -> 0x0F17
mem[X,0x0000000080001EE2] -> 0x0000
[1974] [M]: 0x0000000080001EE0 (0x00000F17) auipc t5, 0x0
x30 <- 0x0000000080001EE0

mem[X,0x0000000080001EE4] -> 0x2023
mem[X,0x0000000080001EE6] -> 0x121F
[1975] [M]: 0x0000000080001EE4 (0x121F2023) sw ra, 0x120(t5)
htif[0x0000000080002000] <- 0x00000001
htif-syscall-proxy cmd: 0x000000000001

SUCCESS
