using /home/chsu/rvp-workspace/test-64/riscof_work/pasubu.h-01.S/ref/Reference-sail_c_simulator.signature for test-signature output.
tohost located at 0x80002000
Running file ref.elf.
ELF Entry @ 0x80000000
begin_signature: 0x80004110
end_signature: 0x80004470
CSR mstatus <- 0x0000000A00000000 (input: 0x0000000000000000)
mem[X,0x0000000000001000] -> 0x0297
mem[X,0x0000000000001002] -> 0x0000
[0] [M]: 0x0000000000001000 (0x00000297) auipc t0, 0x0
x5 <- 0x0000000000001000

mem[X,0x0000000000001004] -> 0x8593
mem[X,0x0000000000001006] -> 0x0202
[1] [M]: 0x0000000000001004 (0x02028593) addi a1, t0, 0x20
x11 <- 0x0000000000001020

mem[X,0x0000000000001008] -> 0x2573
mem[X,0x000000000000100A] -> 0xF140
[2] [M]: 0x0000000000001008 (0xF1402573) csrrs a0, mhartid, zero
CSR mhartid -> 0x0000000000000000
x10 <- 0x0000000000000000

mem[X,0x000000000000100C] -> 0xB283
mem[X,0x000000000000100E] -> 0x0182
[3] [M]: 0x000000000000100C (0x0182B283) ld t0, 0x18(t0)
mem[R,0x0000000000001018] -> 0x0000000080000000
x5 <- 0x0000000080000000

mem[X,0x0000000000001010] -> 0x8067
mem[X,0x0000000000001012] -> 0x0002
[4] [M]: 0x0000000000001010 (0x00028067) jalr zero, 0x0(t0)

mem[X,0x0000000080000000] -> 0x0837
mem[X,0x0000000080000002] -> 0x7D5C
[5] [M]: 0x0000000080000000 (0x7D5C0837) lui a6, 0x7d5c0
x16 <- 0x000000007D5C0000

mem[X,0x0000000080000004] -> 0x0813
mem[X,0x0000000080000006] -> 0xDDB8
[6] [M]: 0x0000000080000004 (0xDDB80813) addi a6, a6, -0x225
x16 <- 0x000000007D5BFDDB

mem[X,0x0000000080000008] -> 0x1813
mem[X,0x000000008000000A] -> 0x00B8
[7] [M]: 0x0000000080000008 (0x00B81813) slli a6, a6, 0xb
x16 <- 0x000003EADFEED800

mem[X,0x000000008000000C] -> 0x0813
mem[X,0x000000008000000E] -> 0x3EA8
[8] [M]: 0x000000008000000C (0x3EA80813) addi a6, a6, 0x3ea
x16 <- 0x000003EADFEEDBEA

mem[X,0x0000000080000010] -> 0x1813
mem[X,0x0000000080000012] -> 0x00B8
[9] [M]: 0x0000000080000010 (0x00B81813) slli a6, a6, 0xb
x16 <- 0x001F56FF76DF5000

mem[X,0x0000000080000014] -> 0x0813
mem[X,0x0000000080000016] -> 0x6FF8
[10] [M]: 0x0000000080000014 (0x6FF80813) addi a6, a6, 0x6ff
x16 <- 0x001F56FF76DF56FF

mem[X,0x0000000080000018] -> 0x1813
mem[X,0x000000008000001A] -> 0x00A8
[11] [M]: 0x0000000080000018 (0x00A81813) slli a6, a6, 0xa
x16 <- 0x7D5BFDDB7D5BFC00

mem[X,0x000000008000001C] -> 0x0813
mem[X,0x000000008000001E] -> 0x1DB8
[12] [M]: 0x000000008000001C (0x1DB80813) addi a6, a6, 0x1db
x16 <- 0x7D5BFDDB7D5BFDDB

mem[X,0x0000000080000020] -> 0x5893
mem[X,0x0000000080000022] -> 0x0078
[13] [M]: 0x0000000080000020 (0x00785893) srli a7, a6, 0x7
x17 <- 0x00FAB7FBB6FAB7FB

mem[X,0x0000000080000024] -> 0x5793
mem[X,0x0000000080000026] -> 0x0398
[14] [M]: 0x0000000080000024 (0x03985793) srli a5, a6, 0x39
x15 <- 0x000000000000003E

mem[X,0x0000000080000028] -> 0xE8B3
mem[X,0x000000008000002A] -> 0x00F8
[15] [M]: 0x0000000080000028 (0x00F8E8B3) or a7, a7, a5
x17 <- 0x00FAB7FBB6FAB7FF

mem[X,0x000000008000002C] -> 0xD913
mem[X,0x000000008000002E] -> 0x0078
[16] [M]: 0x000000008000002C (0x0078D913) srli s2, a7, 0x7
x18 <- 0x0001F56FF76DF56F

mem[X,0x0000000080000030] -> 0xD793
mem[X,0x0000000080000032] -> 0x0398
[17] [M]: 0x0000000080000030 (0x0398D793) srli a5, a7, 0x39
x15 <- 0x0000000000000000

mem[X,0x0000000080000034] -> 0x6933
mem[X,0x0000000080000036] -> 0x00F9
[18] [M]: 0x0000000080000034 (0x00F96933) or s2, s2, a5
x18 <- 0x0001F56FF76DF56F

mem[X,0x0000000080000038] -> 0x5993
mem[X,0x000000008000003A] -> 0x0079
[19] [M]: 0x0000000080000038 (0x00795993) srli s3, s2, 0x7
x19 <- 0x000003EADFEEDBEA

mem[X,0x000000008000003C] -> 0x5793
mem[X,0x000000008000003E] -> 0x0399
[20] [M]: 0x000000008000003C (0x03995793) srli a5, s2, 0x39
x15 <- 0x0000000000000000

mem[X,0x0000000080000040] -> 0xE9B3
mem[X,0x0000000080000042] -> 0x00F9
[21] [M]: 0x0000000080000040 (0x00F9E9B3) or s3, s3, a5
x19 <- 0x000003EADFEEDBEA

mem[X,0x0000000080000044] -> 0xDA13
mem[X,0x0000000080000046] -> 0x0079
[22] [M]: 0x0000000080000044 (0x0079DA13) srli s4, s3, 0x7
x20 <- 0x00000007D5BFDDB7

mem[X,0x0000000080000048] -> 0xD793
mem[X,0x000000008000004A] -> 0x0399
[23] [M]: 0x0000000080000048 (0x0399D793) srli a5, s3, 0x39
x15 <- 0x0000000000000000

mem[X,0x000000008000004C] -> 0x6A33
mem[X,0x000000008000004E] -> 0x00FA
[24] [M]: 0x000000008000004C (0x00FA6A33) or s4, s4, a5
x20 <- 0x00000007D5BFDDB7

mem[X,0x0000000080000050] -> 0x5A93
mem[X,0x0000000080000052] -> 0x007A
[25] [M]: 0x0000000080000050 (0x007A5A93) srli s5, s4, 0x7
x21 <- 0x000000000FAB7FBB

mem[X,0x0000000080000054] -> 0x5793
mem[X,0x0000000080000056] -> 0x039A
[26] [M]: 0x0000000080000054 (0x039A5793) srli a5, s4, 0x39
x15 <- 0x0000000000000000

mem[X,0x0000000080000058] -> 0xEAB3
mem[X,0x000000008000005A] -> 0x00FA
[27] [M]: 0x0000000080000058 (0x00FAEAB3) or s5, s5, a5
x21 <- 0x000000000FAB7FBB

mem[X,0x000000008000005C] -> 0xDB13
mem[X,0x000000008000005E] -> 0x007A
[28] [M]: 0x000000008000005C (0x007ADB13) srli s6, s5, 0x7
x22 <- 0x00000000001F56FF

mem[X,0x0000000080000060] -> 0xD793
mem[X,0x0000000080000062] -> 0x039A
[29] [M]: 0x0000000080000060 (0x039AD793) srli a5, s5, 0x39
x15 <- 0x0000000000000000

mem[X,0x0000000080000064] -> 0x6B33
mem[X,0x0000000080000066] -> 0x00FB
[30] [M]: 0x0000000080000064 (0x00FB6B33) or s6, s6, a5
x22 <- 0x00000000001F56FF

mem[X,0x0000000080000068] -> 0x5B93
mem[X,0x000000008000006A] -> 0x007B
[31] [M]: 0x0000000080000068 (0x007B5B93) srli s7, s6, 0x7
x23 <- 0x0000000000003EAD

mem[X,0x000000008000006C] -> 0x5793
mem[X,0x000000008000006E] -> 0x039B
[32] [M]: 0x000000008000006C (0x039B5793) srli a5, s6, 0x39
x15 <- 0x0000000000000000

mem[X,0x0000000080000070] -> 0xEBB3
mem[X,0x0000000080000072] -> 0x00FB
[33] [M]: 0x0000000080000070 (0x00FBEBB3) or s7, s7, a5
x23 <- 0x0000000000003EAD

mem[X,0x0000000080000074] -> 0xDC13
mem[X,0x0000000080000076] -> 0x007B
[34] [M]: 0x0000000080000074 (0x007BDC13) srli s8, s7, 0x7
x24 <- 0x000000000000007D

mem[X,0x0000000080000078] -> 0xD793
mem[X,0x000000008000007A] -> 0x039B
[35] [M]: 0x0000000080000078 (0x039BD793) srli a5, s7, 0x39
x15 <- 0x0000000000000000

mem[X,0x000000008000007C] -> 0x6C33
mem[X,0x000000008000007E] -> 0x00FC
[36] [M]: 0x000000008000007C (0x00FC6C33) or s8, s8, a5
x24 <- 0x000000000000007D

mem[X,0x0000000080000080] -> 0x5C93
mem[X,0x0000000080000082] -> 0x007C
[37] [M]: 0x0000000080000080 (0x007C5C93) srli s9, s8, 0x7
x25 <- 0x0000000000000000

mem[X,0x0000000080000084] -> 0x5793
mem[X,0x0000000080000086] -> 0x039C
[38] [M]: 0x0000000080000084 (0x039C5793) srli a5, s8, 0x39
x15 <- 0x0000000000000000

mem[X,0x0000000080000088] -> 0xECB3
mem[X,0x000000008000008A] -> 0x00FC
[39] [M]: 0x0000000080000088 (0x00FCECB3) or s9, s9, a5
x25 <- 0x0000000000000000

mem[X,0x000000008000008C] -> 0xDD13
mem[X,0x000000008000008E] -> 0x007C
[40] [M]: 0x000000008000008C (0x007CDD13) srli s10, s9, 0x7
x26 <- 0x0000000000000000

mem[X,0x0000000080000090] -> 0xD793
mem[X,0x0000000080000092] -> 0x039C
[41] [M]: 0x0000000080000090 (0x039CD793) srli a5, s9, 0x39
x15 <- 0x0000000000000000

mem[X,0x0000000080000094] -> 0x6D33
mem[X,0x0000000080000096] -> 0x00FD
[42] [M]: 0x0000000080000094 (0x00FD6D33) or s10, s10, a5
x26 <- 0x0000000000000000

mem[X,0x0000000080000098] -> 0x5D93
mem[X,0x000000008000009A] -> 0x007D
[43] [M]: 0x0000000080000098 (0x007D5D93) srli s11, s10, 0x7
x27 <- 0x0000000000000000

mem[X,0x000000008000009C] -> 0x5793
mem[X,0x000000008000009E] -> 0x039D
[44] [M]: 0x000000008000009C (0x039D5793) srli a5, s10, 0x39
x15 <- 0x0000000000000000

mem[X,0x00000000800000A0] -> 0xEDB3
mem[X,0x00000000800000A2] -> 0x00FD
[45] [M]: 0x00000000800000A0 (0x00FDEDB3) or s11, s11, a5
x27 <- 0x0000000000000000

mem[X,0x00000000800000A4] -> 0xDE13
mem[X,0x00000000800000A6] -> 0x007D
[46] [M]: 0x00000000800000A4 (0x007DDE13) srli t3, s11, 0x7
x28 <- 0x0000000000000000

mem[X,0x00000000800000A8] -> 0xD793
mem[X,0x00000000800000AA] -> 0x039D
[47] [M]: 0x00000000800000A8 (0x039DD793) srli a5, s11, 0x39
x15 <- 0x0000000000000000

mem[X,0x00000000800000AC] -> 0x6E33
mem[X,0x00000000800000AE] -> 0x00FE
[48] [M]: 0x00000000800000AC (0x00FE6E33) or t3, t3, a5
x28 <- 0x0000000000000000

mem[X,0x00000000800000B0] -> 0x5E93
mem[X,0x00000000800000B2] -> 0x007E
[49] [M]: 0x00000000800000B0 (0x007E5E93) srli t4, t3, 0x7
x29 <- 0x0000000000000000

mem[X,0x00000000800000B4] -> 0x5793
mem[X,0x00000000800000B6] -> 0x039E
[50] [M]: 0x00000000800000B4 (0x039E5793) srli a5, t3, 0x39
x15 <- 0x0000000000000000

mem[X,0x00000000800000B8] -> 0xEEB3
mem[X,0x00000000800000BA] -> 0x00FE
[51] [M]: 0x00000000800000B8 (0x00FEEEB3) or t4, t4, a5
x29 <- 0x0000000000000000

mem[X,0x00000000800000BC] -> 0xDF13
mem[X,0x00000000800000BE] -> 0x007E
[52] [M]: 0x00000000800000BC (0x007EDF13) srli t5, t4, 0x7
x30 <- 0x0000000000000000

mem[X,0x00000000800000C0] -> 0xD793
mem[X,0x00000000800000C2] -> 0x039E
[53] [M]: 0x00000000800000C0 (0x039ED793) srli a5, t4, 0x39
x15 <- 0x0000000000000000

mem[X,0x00000000800000C4] -> 0x6F33
mem[X,0x00000000800000C6] -> 0x00FF
[54] [M]: 0x00000000800000C4 (0x00FF6F33) or t5, t5, a5
x30 <- 0x0000000000000000

mem[X,0x00000000800000C8] -> 0xC0B7
mem[X,0x00000000800000CA] -> 0xFEED
[55] [M]: 0x00000000800000C8 (0xFEEDC0B7) lui ra, -0x1124
x1 <- 0xFFFFFFFFFEEDC000

mem[X,0x00000000800000CC] -> 0x8093
mem[X,0x00000000800000CE] -> 0xEAD0
[56] [M]: 0x00000000800000CC (0xEAD08093) addi ra, ra, -0x153
x1 <- 0xFFFFFFFFFEEDBEAD

mem[X,0x00000000800000D0] -> 0x9093
mem[X,0x00000000800000D2] -> 0x00B0
[57] [M]: 0x00000000800000D0 (0x00B09093) slli ra, ra, 0xb
x1 <- 0xFFFFFFF76DF56800

mem[X,0x00000000800000D4] -> 0x8093
mem[X,0x00000000800000D6] -> 0x7F70
[58] [M]: 0x00000000800000D4 (0x7F708093) addi ra, ra, 0x7f7
x1 <- 0xFFFFFFF76DF56FF7

mem[X,0x00000000800000D8] -> 0x9093
mem[X,0x00000000800000DA] -> 0x00B0
[59] [M]: 0x00000000800000D8 (0x00B09093) slli ra, ra, 0xb
x1 <- 0xFFFFBB6FAB7FB800

mem[X,0x00000000800000DC] -> 0x8093
mem[X,0x00000000800000DE] -> 0x36F0
[60] [M]: 0x00000000800000DC (0x36F08093) addi ra, ra, 0x36f
x1 <- 0xFFFFBB6FAB7FBB6F

mem[X,0x00000000800000E0] -> 0x9093
mem[X,0x00000000800000E2] -> 0x00A0
[61] [M]: 0x00000000800000E0 (0x00A09093) slli ra, ra, 0xa
x1 <- 0xFEEDBEADFEEDBC00

mem[X,0x00000000800000E4] -> 0x8093
mem[X,0x00000000800000E6] -> 0x2AD0
[62] [M]: 0x00000000800000E4 (0x2AD08093) addi ra, ra, 0x2ad
x1 <- 0xFEEDBEADFEEDBEAD

mem[X,0x00000000800000E8] -> 0xD113
mem[X,0x00000000800000EA] -> 0x0070
[63] [M]: 0x00000000800000E8 (0x0070D113) srli sp, ra, 0x7
x2 <- 0x01FDDB7D5BFDDB7D

mem[X,0x00000000800000EC] -> 0xD793
mem[X,0x00000000800000EE] -> 0x0390
[64] [M]: 0x00000000800000EC (0x0390D793) srli a5, ra, 0x39
x15 <- 0x000000000000007F

mem[X,0x00000000800000F0] -> 0x6133
mem[X,0x00000000800000F2] -> 0x00F1
[65] [M]: 0x00000000800000F0 (0x00F16133) or sp, sp, a5
x2 <- 0x01FDDB7D5BFDDB7F

mem[X,0x00000000800000F4] -> 0x5193
mem[X,0x00000000800000F6] -> 0x0071
[66] [M]: 0x00000000800000F4 (0x00715193) srli gp, sp, 0x7
x3 <- 0x0003FBB6FAB7FBB6

mem[X,0x00000000800000F8] -> 0x5793
mem[X,0x00000000800000FA] -> 0x0391
[67] [M]: 0x00000000800000F8 (0x03915793) srli a5, sp, 0x39
x15 <- 0x0000000000000000

mem[X,0x00000000800000FC] -> 0xE1B3
mem[X,0x00000000800000FE] -> 0x00F1
[68] [M]: 0x00000000800000FC (0x00F1E1B3) or gp, gp, a5
x3 <- 0x0003FBB6FAB7FBB6

mem[X,0x0000000080000100] -> 0xD213
mem[X,0x0000000080000102] -> 0x0071
[69] [M]: 0x0000000080000100 (0x0071D213) srli tp, gp, 0x7
x4 <- 0x000007F76DF56FF7

mem[X,0x0000000080000104] -> 0xD793
mem[X,0x0000000080000106] -> 0x0391
[70] [M]: 0x0000000080000104 (0x0391D793) srli a5, gp, 0x39
x15 <- 0x0000000000000000

mem[X,0x0000000080000108] -> 0x6233
mem[X,0x000000008000010A] -> 0x00F2
[71] [M]: 0x0000000080000108 (0x00F26233) or tp, tp, a5
x4 <- 0x000007F76DF56FF7

mem[X,0x000000008000010C] -> 0x5293
mem[X,0x000000008000010E] -> 0x0072
[72] [M]: 0x000000008000010C (0x00725293) srli t0, tp, 0x7
x5 <- 0x0000000FEEDBEADF

mem[X,0x0000000080000110] -> 0x5793
mem[X,0x0000000080000112] -> 0x0392
[73] [M]: 0x0000000080000110 (0x03925793) srli a5, tp, 0x39
x15 <- 0x0000000000000000

mem[X,0x0000000080000114] -> 0xE2B3
mem[X,0x0000000080000116] -> 0x00F2
[74] [M]: 0x0000000080000114 (0x00F2E2B3) or t0, t0, a5
x5 <- 0x0000000FEEDBEADF

mem[X,0x0000000080000118] -> 0xD313
mem[X,0x000000008000011A] -> 0x0072
[75] [M]: 0x0000000080000118 (0x0072D313) srli t1, t0, 0x7
x6 <- 0x000000001FDDB7D5

mem[X,0x000000008000011C] -> 0xD793
mem[X,0x000000008000011E] -> 0x0392
[76] [M]: 0x000000008000011C (0x0392D793) srli a5, t0, 0x39
x15 <- 0x0000000000000000

mem[X,0x0000000080000120] -> 0x6333
mem[X,0x0000000080000122] -> 0x00F3
[77] [M]: 0x0000000080000120 (0x00F36333) or t1, t1, a5
x6 <- 0x000000001FDDB7D5

mem[X,0x0000000080000124] -> 0x5393
mem[X,0x0000000080000126] -> 0x0073
[78] [M]: 0x0000000080000124 (0x00735393) srli t2, t1, 0x7
x7 <- 0x00000000003FBB6F

mem[X,0x0000000080000128] -> 0x5793
mem[X,0x000000008000012A] -> 0x0393
[79] [M]: 0x0000000080000128 (0x03935793) srli a5, t1, 0x39
x15 <- 0x0000000000000000

mem[X,0x000000008000012C] -> 0xE3B3
mem[X,0x000000008000012E] -> 0x00F3
[80] [M]: 0x000000008000012C (0x00F3E3B3) or t2, t2, a5
x7 <- 0x00000000003FBB6F

mem[X,0x0000000080000130] -> 0xD413
mem[X,0x0000000080000132] -> 0x0073
[81] [M]: 0x0000000080000130 (0x0073D413) srli fp, t2, 0x7
x8 <- 0x0000000000007F76

mem[X,0x0000000080000134] -> 0xD793
mem[X,0x0000000080000136] -> 0x0393
[82] [M]: 0x0000000080000134 (0x0393D793) srli a5, t2, 0x39
x15 <- 0x0000000000000000

mem[X,0x0000000080000138] -> 0x6433
mem[X,0x000000008000013A] -> 0x00F4
[83] [M]: 0x0000000080000138 (0x00F46433) or fp, fp, a5
x8 <- 0x0000000000007F76

mem[X,0x000000008000013C] -> 0x5493
mem[X,0x000000008000013E] -> 0x0074
[84] [M]: 0x000000008000013C (0x00745493) srli s1, fp, 0x7
x9 <- 0x00000000000000FE

mem[X,0x0000000080000140] -> 0x5793
mem[X,0x0000000080000142] -> 0x0394
[85] [M]: 0x0000000080000140 (0x03945793) srli a5, fp, 0x39
x15 <- 0x0000000000000000

mem[X,0x0000000080000144] -> 0xE4B3
mem[X,0x0000000080000146] -> 0x00F4
[86] [M]: 0x0000000080000144 (0x00F4E4B3) or s1, s1, a5
x9 <- 0x00000000000000FE

mem[X,0x0000000080000148] -> 0xD513
mem[X,0x000000008000014A] -> 0x0074
[87] [M]: 0x0000000080000148 (0x0074D513) srli a0, s1, 0x7
x10 <- 0x0000000000000001

mem[X,0x000000008000014C] -> 0xD793
mem[X,0x000000008000014E] -> 0x0394
[88] [M]: 0x000000008000014C (0x0394D793) srli a5, s1, 0x39
x15 <- 0x0000000000000000

mem[X,0x0000000080000150] -> 0x6533
mem[X,0x0000000080000152] -> 0x00F5
[89] [M]: 0x0000000080000150 (0x00F56533) or a0, a0, a5
x10 <- 0x0000000000000001

mem[X,0x0000000080000154] -> 0x5593
mem[X,0x0000000080000156] -> 0x0075
[90] [M]: 0x0000000080000154 (0x00755593) srli a1, a0, 0x7
x11 <- 0x0000000000000000

mem[X,0x0000000080000158] -> 0x5793
mem[X,0x000000008000015A] -> 0x0395
[91] [M]: 0x0000000080000158 (0x03955793) srli a5, a0, 0x39
x15 <- 0x0000000000000000

mem[X,0x000000008000015C] -> 0xE5B3
mem[X,0x000000008000015E] -> 0x00F5
[92] [M]: 0x000000008000015C (0x00F5E5B3) or a1, a1, a5
x11 <- 0x0000000000000000

mem[X,0x0000000080000160] -> 0xD613
mem[X,0x0000000080000162] -> 0x0075
[93] [M]: 0x0000000080000160 (0x0075D613) srli a2, a1, 0x7
x12 <- 0x0000000000000000

mem[X,0x0000000080000164] -> 0xD793
mem[X,0x0000000080000166] -> 0x0395
[94] [M]: 0x0000000080000164 (0x0395D793) srli a5, a1, 0x39
x15 <- 0x0000000000000000

mem[X,0x0000000080000168] -> 0x6633
mem[X,0x000000008000016A] -> 0x00F6
[95] [M]: 0x0000000080000168 (0x00F66633) or a2, a2, a5
x12 <- 0x0000000000000000

mem[X,0x000000008000016C] -> 0x5693
mem[X,0x000000008000016E] -> 0x0076
[96] [M]: 0x000000008000016C (0x00765693) srli a3, a2, 0x7
x13 <- 0x0000000000000000

mem[X,0x0000000080000170] -> 0x5793
mem[X,0x0000000080000172] -> 0x0396
[97] [M]: 0x0000000080000170 (0x03965793) srli a5, a2, 0x39
x15 <- 0x0000000000000000

mem[X,0x0000000080000174] -> 0xE6B3
mem[X,0x0000000080000176] -> 0x00F6
[98] [M]: 0x0000000080000174 (0x00F6E6B3) or a3, a3, a5
x13 <- 0x0000000000000000

mem[X,0x0000000080000178] -> 0x0013
mem[X,0x000000008000017A] -> 0x0000
[99] [M]: 0x0000000080000178 (0x00000013) addi zero, zero, 0x0

clint::tick mtime <- 0x0000000000000001
 clint timer pending at mtime 0x0000000000000001
htif::tick 0x0000000000000000
mem[X,0x000000008000017C] -> 0x0013
mem[X,0x000000008000017E] -> 0x0000
[100] [M]: 0x000000008000017C (0x00000013) addi zero, zero, 0x0

mem[X,0x0000000080000180] -> 0x4097
mem[X,0x0000000080000182] -> 0x0000
[101] [M]: 0x0000000080000180 (0x00004097) auipc ra, 0x4
x1 <- 0x0000000080004180

mem[X,0x0000000080000184] -> 0x8093
mem[X,0x0000000080000186] -> 0xF980
[102] [M]: 0x0000000080000184 (0xF9808093) addi ra, ra, -0x68
x1 <- 0x0000000080004118

mem[X,0x0000000080000188] -> 0x0013
mem[X,0x000000008000018A] -> 0x0000
[103] [M]: 0x0000000080000188 (0x00000013) addi zero, zero, 0x0

mem[X,0x000000008000018C] -> 0x0013
mem[X,0x000000008000018E] -> 0x0000
[104] [M]: 0x000000008000018C (0x00000013) addi zero, zero, 0x0

mem[X,0x0000000080000190] -> 0x0013
mem[X,0x0000000080000192] -> 0x0000
[105] [M]: 0x0000000080000190 (0x00000013) addi zero, zero, 0x0

mem[X,0x0000000080000194] -> 0x0013
mem[X,0x0000000080000196] -> 0x0000
[106] [M]: 0x0000000080000194 (0x00000013) addi zero, zero, 0x0

mem[X,0x0000000080000198] -> 0x0013
mem[X,0x000000008000019A] -> 0x0000
[107] [M]: 0x0000000080000198 (0x00000013) addi zero, zero, 0x0

mem[X,0x000000008000019C] -> 0x0013
mem[X,0x000000008000019E] -> 0x0000
[108] [M]: 0x000000008000019C (0x00000013) addi zero, zero, 0x0

mem[X,0x00000000800001A0] -> 0x0DB7
mem[X,0x00000000800001A2] -> 0xFFFC
[109] [M]: 0x00000000800001A0 (0xFFFC0DB7) lui s11, -0x40
x27 <- 0xFFFFFFFFFFFC0000

mem[X,0x00000000800001A4] -> 0x8D93
mem[X,0x00000000800001A6] -> 0x001D
[110] [M]: 0x00000000800001A4 (0x001D8D93) addi s11, s11, 0x1
x27 <- 0xFFFFFFFFFFFC0001

mem[X,0x00000000800001A8] -> 0x9D93
mem[X,0x00000000800001AA] -> 0x00BD
[111] [M]: 0x00000000800001A8 (0x00BD9D93) slli s11, s11, 0xb
x27 <- 0xFFFFFFFFE0000800

mem[X,0x00000000800001AC] -> 0x8D93
mem[X,0x00000000800001AE] -> 0x7FFD
[112] [M]: 0x00000000800001AC (0x7FFD8D93) addi s11, s11, 0x7ff
x27 <- 0xFFFFFFFFE0000FFF

mem[X,0x00000000800001B0] -> 0x9D93
mem[X,0x00000000800001B2] -> 0x00BD
[113] [M]: 0x00000000800001B0 (0x00BD9D93) slli s11, s11, 0xb
x27 <- 0xFFFFFF00007FF800

mem[X,0x00000000800001B4] -> 0x8D93
mem[X,0x00000000800001B6] -> 0x5A0D
[114] [M]: 0x00000000800001B4 (0x5A0D8D93) addi s11, s11, 0x5a0
x27 <- 0xFFFFFF00007FFDA0

mem[X,0x00000000800001B8] -> 0x9D93
mem[X,0x00000000800001BA] -> 0x00AD
[115] [M]: 0x00000000800001B8 (0x00AD9D93) slli s11, s11, 0xa
x27 <- 0xFFFC0001FFF68000

mem[X,0x00000000800001BC] -> 0x08B7
mem[X,0x00000000800001BE] -> 0x0011
[116] [M]: 0x00000000800001BC (0x001108B7) lui a7, 0x110
x17 <- 0x0000000000110000

mem[X,0x00000000800001C0] -> 0x8893
mem[X,0x00000000800001C2] -> 0xBFF8
[117] [M]: 0x00000000800001C0 (0xBFF88893) addi a7, a7, -0x401
x17 <- 0x000000000010FBFF

mem[X,0x00000000800001C4] -> 0x9893
mem[X,0x00000000800001C6] -> 0x00B8
[118] [M]: 0x00000000800001C4 (0x00B89893) slli a7, a7, 0xb
x17 <- 0x0000000087DFF800

mem[X,0x00000000800001C8] -> 0x8893
mem[X,0x00000000800001CA] -> 0x7DF8
[119] [M]: 0x00000000800001C8 (0x7DF88893) addi a7, a7, 0x7df
x17 <- 0x0000000087DFFFDF

mem[X,0x00000000800001CC] -> 0x9893
mem[X,0x00000000800001CE] -> 0x00B8
[120] [M]: 0x00000000800001CC (0x00B89893) slli a7, a7, 0xb
x17 <- 0x0000043EFFFEF800

mem[X,0x00000000800001D0] -> 0x8893
mem[X,0x00000000800001D2] -> 0x7D08
[121] [M]: 0x00000000800001D0 (0x7D088893) addi a7, a7, 0x7d0
x17 <- 0x0000043EFFFEFFD0

mem[X,0x00000000800001D4] -> 0x9893
mem[X,0x00000000800001D6] -> 0x00A8
[122] [M]: 0x00000000800001D4 (0x00A89893) slli a7, a7, 0xa
x17 <- 0x0010FBFFFBFF4000

mem[X,0x00000000800001D8] -> 0x823B
mem[X,0x00000000800001DA] -> 0xF91D
[123] [M]: 0x00000000800001D8 (0xF91D823B) pasubu.h tp, s11, a7
x4 <- 0x7FF6820101FB2000

mem[X,0x00000000800001DC] -> 0xB023
mem[X,0x00000000800001DE] -> 0x0040
[124] [M]: 0x00000000800001DC (0x0040B023) sd tp, 0x0(ra)
mem[0x0000000080004118] <- 0x7FF6820101FB2000

mem[X,0x00000000800001E0] -> 0x0AB7
mem[X,0x00000000800001E2] -> 0x2000
[125] [M]: 0x00000000800001E0 (0x20000AB7) lui s5, 0x20000
x21 <- 0x0000000020000000

mem[X,0x00000000800001E4] -> 0x8A93
mem[X,0x00000000800001E6] -> 0x006A
[126] [M]: 0x00000000800001E4 (0x006A8A93) addi s5, s5, 0x6
x21 <- 0x0000000020000006

mem[X,0x00000000800001E8] -> 0x9A93
mem[X,0x00000000800001EA] -> 0x00BA
[127] [M]: 0x00000000800001E8 (0x00BA9A93) slli s5, s5, 0xb
x21 <- 0x0000010000003000

mem[X,0x00000000800001EC] -> 0x8A93
mem[X,0x00000000800001EE] -> 0x3FFA
[128] [M]: 0x00000000800001EC (0x3FFA8A93) addi s5, s5, 0x3ff
x21 <- 0x00000100000033FF

mem[X,0x00000000800001F0] -> 0x9A93
mem[X,0x00000000800001F2] -> 0x00BA
[129] [M]: 0x00000000800001F0 (0x00BA9A93) slli s5, s5, 0xb
x21 <- 0x00080000019FF800

mem[X,0x00000000800001F4] -> 0x8A93
mem[X,0x00000000800001F6] -> 0x7FFA
[130] [M]: 0x00000000800001F4 (0x7FFA8A93) addi s5, s5, 0x7ff
x21 <- 0x00080000019FFFFF

mem[X,0x00000000800001F8] -> 0x9A93
mem[X,0x00000000800001FA] -> 0x00AA
[131] [M]: 0x00000000800001F8 (0x00AA9A93) slli s5, s5, 0xa
x21 <- 0x200000067FFFFC00

mem[X,0x00000000800001FC] -> 0x8A93
mem[X,0x00000000800001FE] -> 0x3FFA
[132] [M]: 0x00000000800001FC (0x3FFA8A93) addi s5, s5, 0x3ff
x21 <- 0x200000067FFFFFFF

mem[X,0x0000000080000200] -> 0x0837
mem[X,0x0000000080000202] -> 0x0080
[133] [M]: 0x0000000080000200 (0x00800837) lui a6, 0x800
x16 <- 0x0000000000800000

mem[X,0x0000000080000204] -> 0x0813
mem[X,0x0000000080000206] -> 0x4008
[134] [M]: 0x0000000080000204 (0x40080813) addi a6, a6, 0x400
x16 <- 0x0000000000800400

mem[X,0x0000000080000208] -> 0x1813
mem[X,0x000000008000020A] -> 0x00B8
[135] [M]: 0x0000000080000208 (0x00B81813) slli a6, a6, 0xb
x16 <- 0x0000000400200000

mem[X,0x000000008000020C] -> 0x0813
mem[X,0x000000008000020E] -> 0x5FF8
[136] [M]: 0x000000008000020C (0x5FF80813) addi a6, a6, 0x5ff
x16 <- 0x00000004002005FF

mem[X,0x0000000080000210] -> 0x1813
mem[X,0x0000000080000212] -> 0x00B8
[137] [M]: 0x0000000080000210 (0x00B81813) slli a6, a6, 0xb
x16 <- 0x00002001002FF800

mem[X,0x0000000080000214] -> 0x0813
mem[X,0x0000000080000216] -> 0x7FF8
[138] [M]: 0x0000000080000214 (0x7FF80813) addi a6, a6, 0x7ff
x16 <- 0x00002001002FFFFF

mem[X,0x0000000080000218] -> 0x1813
mem[X,0x000000008000021A] -> 0x00A8
[139] [M]: 0x0000000080000218 (0x00A81813) slli a6, a6, 0xa
x16 <- 0x00800400BFFFFC00

mem[X,0x000000008000021C] -> 0x0813
mem[X,0x000000008000021E] -> 0x3F98
[140] [M]: 0x000000008000021C (0x3F980813) addi a6, a6, 0x3f9
x16 <- 0x00800400BFFFFFF9

mem[X,0x0000000080000220] -> 0x883B
mem[X,0x0000000080000222] -> 0xF90A
[141] [M]: 0x0000000080000220 (0xF90A883B) pasubu.h a6, s5, a6
x16 <- 0x0FC0FE03E0000003

mem[X,0x0000000080000224] -> 0xB423
mem[X,0x0000000080000226] -> 0x0100
[142] [M]: 0x0000000080000224 (0x0100B423) sd a6, 0x8(ra)
mem[0x0000000080004120] <- 0x0FC0FE03E0000003

mem[X,0x0000000080000228] -> 0x0D37
mem[X,0x000000008000022A] -> 0xFF80
[143] [M]: 0x0000000080000228 (0xFF800D37) lui s10, -0x800
x26 <- 0xFFFFFFFFFF800000

mem[X,0x000000008000022C] -> 0x0D13
mem[X,0x000000008000022E] -> 0xFFCD
[144] [M]: 0x000000008000022C (0xFFCD0D13) addi s10, s10, -0x4
x26 <- 0xFFFFFFFFFF7FFFFC

mem[X,0x0000000080000230] -> 0x1D13
mem[X,0x0000000080000232] -> 0x00BD
[145] [M]: 0x0000000080000230 (0x00BD1D13) slli s10, s10, 0xb
x26 <- 0xFFFFFFFBFFFFE000

mem[X,0x0000000080000234] -> 0x0D13
mem[X,0x0000000080000236] -> 0x000D
[146] [M]: 0x0000000080000234 (0x000D0D13) addi s10, s10, 0x0
x26 <- 0xFFFFFFFBFFFFE000

mem[X,0x0000000080000238] -> 0x1D13
mem[X,0x000000008000023A] -> 0x00BD
[147] [M]: 0x0000000080000238 (0x00BD1D13) slli s10, s10, 0xb
x26 <- 0xFFFFDFFFFF000000

mem[X,0x000000008000023C] -> 0x0D13
mem[X,0x000000008000023E] -> 0x000D
[148] [M]: 0x000000008000023C (0x000D0D13) addi s10, s10, 0x0
x26 <- 0xFFFFDFFFFF000000

mem[X,0x0000000080000240] -> 0x1D13
mem[X,0x0000000080000242] -> 0x00AD
[149] [M]: 0x0000000080000240 (0x00AD1D13) slli s10, s10, 0xa
x26 <- 0xFF7FFFFC00000000

mem[X,0x0000000080000244] -> 0x0D37
mem[X,0x0000000080000246] -> 0xE000
[150] [M]: 0x0000000080000244 (0xE0000D37) lui s10, -0x20000
x26 <- 0xFFFFFFFFE0000000

mem[X,0x0000000080000248] -> 0x0D13
mem[X,0x000000008000024A] -> 0xFF8D
[151] [M]: 0x0000000080000248 (0xFF8D0D13) addi s10, s10, -0x8
x26 <- 0xFFFFFFFFDFFFFFF8

mem[X,0x000000008000024C] -> 0x1D13
mem[X,0x000000008000024E] -> 0x00BD
[152] [M]: 0x000000008000024C (0x00BD1D13) slli s10, s10, 0xb
x26 <- 0xFFFFFEFFFFFFC000

mem[X,0x0000000080000250] -> 0x0D13
mem[X,0x0000000080000252] -> 0x040D
[153] [M]: 0x0000000080000250 (0x040D0D13) addi s10, s10, 0x40
x26 <- 0xFFFFFEFFFFFFC040

mem[X,0x0000000080000254] -> 0x1D13
mem[X,0x0000000080000256] -> 0x00BD
[154] [M]: 0x0000000080000254 (0x00BD1D13) slli s10, s10, 0xb
x26 <- 0xFFF7FFFFFE020000

mem[X,0x0000000080000258] -> 0x0D13
mem[X,0x000000008000025A] -> 0x03FD
[155] [M]: 0x0000000080000258 (0x03FD0D13) addi s10, s10, 0x3f
x26 <- 0xFFF7FFFFFE02003F

mem[X,0x000000008000025C] -> 0x1D13
mem[X,0x000000008000025E] -> 0x00AD
[156] [M]: 0x000000008000025C (0x00AD1D13) slli s10, s10, 0xa
x26 <- 0xDFFFFFF80800FC00

mem[X,0x0000000080000260] -> 0x0D13
mem[X,0x0000000080000262] -> 0x3F8D
[157] [M]: 0x0000000080000260 (0x3F8D0D13) addi s10, s10, 0x3f8
x26 <- 0xDFFFFFF80800FFF8

mem[X,0x0000000080000264] -> 0x0C3B
mem[X,0x0000000080000266] -> 0xF9AD
[158] [M]: 0x0000000080000264 (0xF9AD0C3B) pasubu.h s8, s10, s10
x24 <- 0x0000000000000000

mem[X,0x0000000080000268] -> 0xB823
mem[X,0x000000008000026A] -> 0x0180
[159] [M]: 0x0000000080000268 (0x0180B823) sd s8, 0x10(ra)
mem[0x0000000080004128] <- 0x0000000000000000

mem[X,0x000000008000026C] -> 0x01B7
mem[X,0x000000008000026E] -> 0x2001
[160] [M]: 0x000000008000026C (0x200101B7) lui gp, 0x20010
x3 <- 0x0000000020010000

mem[X,0x0000000080000270] -> 0x8193
mem[X,0x0000000080000272] -> 0xFFB1
[161] [M]: 0x0000000080000270 (0xFFB18193) addi gp, gp, -0x5
x3 <- 0x000000002000FFFB

mem[X,0x0000000080000274] -> 0x9193
mem[X,0x0000000080000276] -> 0x00B1
[162] [M]: 0x0000000080000274 (0x00B19193) slli gp, gp, 0xb
x3 <- 0x0000010007FFD800

mem[X,0x0000000080000278] -> 0x8193
mem[X,0x000000008000027A] -> 0x7FF1
[163] [M]: 0x0000000080000278 (0x7FF18193) addi gp, gp, 0x7ff
x3 <- 0x0000010007FFDFFF

mem[X,0x000000008000027C] -> 0x9193
mem[X,0x000000008000027E] -> 0x00B1
[164] [M]: 0x000000008000027C (0x00B19193) slli gp, gp, 0xb
x3 <- 0x0008003FFEFFF800

mem[X,0x0000000080000280] -> 0x8193
mem[X,0x0000000080000282] -> 0x3C01
[165] [M]: 0x0000000080000280 (0x3C018193) addi gp, gp, 0x3c0
x3 <- 0x0008003FFEFFFBC0

mem[X,0x0000000080000284] -> 0x9193
mem[X,0x0000000080000286] -> 0x00A1
[166] [M]: 0x0000000080000284 (0x00A19193) slli gp, gp, 0xa
x3 <- 0x2000FFFBFFEF0000

mem[X,0x0000000080000288] -> 0x8193
mem[X,0x000000008000028A] -> 0x0011
[167] [M]: 0x0000000080000288 (0x00118193) addi gp, gp, 0x1
x3 <- 0x2000FFFBFFEF0001

mem[X,0x000000008000028C] -> 0x0A37
mem[X,0x000000008000028E] -> 0xC001
[168] [M]: 0x000000008000028C (0xC0010A37) lui s4, -0x3fff0
x20 <- 0xFFFFFFFFC0010000

mem[X,0x0000000080000290] -> 0x0A13
mem[X,0x0000000080000292] -> 0xBFFA
[169] [M]: 0x0000000080000290 (0xBFFA0A13) addi s4, s4, -0x401
x20 <- 0xFFFFFFFFC000FBFF

mem[X,0x0000000080000294] -> 0x1A13
mem[X,0x0000000080000296] -> 0x00BA
[170] [M]: 0x0000000080000294 (0x00BA1A13) slli s4, s4, 0xb
x20 <- 0xFFFFFE0007DFF800

mem[X,0x0000000080000298] -> 0x0A13
mem[X,0x000000008000029A] -> 0x200A
[171] [M]: 0x0000000080000298 (0x200A0A13) addi s4, s4, 0x200
x20 <- 0xFFFFFE0007DFFA00

mem[X,0x000000008000029C] -> 0x1A13
mem[X,0x000000008000029E] -> 0x00BA
[172] [M]: 0x000000008000029C (0x00BA1A13) slli s4, s4, 0xb
x20 <- 0xFFF0003EFFD00000

mem[X,0x00000000800002A0] -> 0x0A13
mem[X,0x00000000800002A2] -> 0x001A
[173] [M]: 0x00000000800002A0 (0x001A0A13) addi s4, s4, 0x1
x20 <- 0xFFF0003EFFD00001

mem[X,0x00000000800002A4] -> 0x1A13
mem[X,0x00000000800002A6] -> 0x00AA
[174] [M]: 0x00000000800002A4 (0x00AA1A13) slli s4, s4, 0xa
x20 <- 0xC000FBFF40000400

mem[X,0x00000000800002A8] -> 0x81BB
mem[X,0x00000000800002AA] -> 0xF941
[175] [M]: 0x00000000800002A8 (0xF94181BB) pasubu.h gp, gp, s4
x3 <- 0xB00001FE5FF7FE00

mem[X,0x00000000800002AC] -> 0xBC23
mem[X,0x00000000800002AE] -> 0x0030
[176] [M]: 0x00000000800002AC (0x0030BC23) sd gp, 0x18(ra)
mem[0x0000000080004130] <- 0xB00001FE5FF7FE00

mem[X,0x00000000800002B0] -> 0x0F37
mem[X,0x00000000800002B2] -> 0xFFF7
[177] [M]: 0x00000000800002B0 (0xFFF70F37) lui t5, -0x90
x30 <- 0xFFFFFFFFFFF70000

mem[X,0x00000000800002B4] -> 0x0F13
mem[X,0x00000000800002B6] -> 0x001F
[178] [M]: 0x00000000800002B4 (0x001F0F13) addi t5, t5, 0x1
x30 <- 0xFFFFFFFFFFF70001

mem[X,0x00000000800002B8] -> 0x1F13
mem[X,0x00000000800002BA] -> 0x00BF
[179] [M]: 0x00000000800002B8 (0x00BF1F13) slli t5, t5, 0xb
x30 <- 0xFFFFFFFFB8000800

mem[X,0x00000000800002BC] -> 0x0F13
mem[X,0x00000000800002BE] -> 0x000F
[180] [M]: 0x00000000800002BC (0x000F0F13) addi t5, t5, 0x0
x30 <- 0xFFFFFFFFB8000800

mem[X,0x00000000800002C0] -> 0x1F13
mem[X,0x00000000800002C2] -> 0x00BF
[181] [M]: 0x00000000800002C0 (0x00BF1F13) slli t5, t5, 0xb
x30 <- 0xFFFFFDC000400000

mem[X,0x00000000800002C4] -> 0x0F13
mem[X,0x00000000800002C6] -> 0x19FF
[182] [M]: 0x00000000800002C4 (0x19FF0F13) addi t5, t5, 0x19f
x30 <- 0xFFFFFDC00040019F

mem[X,0x00000000800002C8] -> 0x1F13
mem[X,0x00000000800002CA] -> 0x00AF
[183] [M]: 0x00000000800002C8 (0x00AF1F13) slli t5, t5, 0xa
x30 <- 0xFFF7000100067C00

mem[X,0x00000000800002CC] -> 0x0F13
mem[X,0x00000000800002CE] -> 0x3FFF
[184] [M]: 0x00000000800002CC (0x3FFF0F13) addi t5, t5, 0x3ff
x30 <- 0xFFF7000100067FFF

mem[X,0x00000000800002D0] -> 0x5F37
mem[X,0x00000000800002D2] -> 0x4000
[185] [M]: 0x00000000800002D0 (0x40005F37) lui t5, 0x40005
x30 <- 0x0000000040005000

mem[X,0x00000000800002D4] -> 0x0F13
mem[X,0x00000000800002D6] -> 0x555F
[186] [M]: 0x00000000800002D4 (0x555F0F13) addi t5, t5, 0x555
x30 <- 0x0000000040005555

mem[X,0x00000000800002D8] -> 0x1F13
mem[X,0x00000000800002DA] -> 0x00BF
[187] [M]: 0x00000000800002D8 (0x00BF1F13) slli t5, t5, 0xb
x30 <- 0x0000020002AAA800

mem[X,0x00000000800002DC] -> 0x0F13
mem[X,0x00000000800002DE] -> 0x100F
[188] [M]: 0x00000000800002DC (0x100F0F13) addi t5, t5, 0x100
x30 <- 0x0000020002AAA900

mem[X,0x00000000800002E0] -> 0x1F13
mem[X,0x00000000800002E2] -> 0x00BF
[189] [M]: 0x00000000800002E0 (0x00BF1F13) slli t5, t5, 0xb
x30 <- 0x0010001555480000

mem[X,0x00000000800002E4] -> 0x0F13
mem[X,0x00000000800002E6] -> 0x000F
[190] [M]: 0x00000000800002E4 (0x000F0F13) addi t5, t5, 0x0
x30 <- 0x0010001555480000

mem[X,0x00000000800002E8] -> 0x1F13
mem[X,0x00000000800002EA] -> 0x00AF
[191] [M]: 0x00000000800002E8 (0x00AF1F13) slli t5, t5, 0xa
x30 <- 0x4000555520000000

mem[X,0x00000000800002EC] -> 0x0F13
mem[X,0x00000000800002EE] -> 0x001F
[192] [M]: 0x00000000800002EC (0x001F0F13) addi t5, t5, 0x1
x30 <- 0x4000555520000001

mem[X,0x00000000800002F0] -> 0x0F3B
mem[X,0x00000000800002F2] -> 0xF9EF
[193] [M]: 0x00000000800002F0 (0xF9EF0F3B) pasubu.h t5, t5, t5
x30 <- 0x0000000000000000

mem[X,0x00000000800002F4] -> 0xB023
mem[X,0x00000000800002F6] -> 0x03E0
[194] [M]: 0x00000000800002F4 (0x03E0B023) sd t5, 0x20(ra)
mem[0x0000000080004138] <- 0x0000000000000000

mem[X,0x00000000800002F8] -> 0x0437
mem[X,0x00000000800002FA] -> 0x0400
[195] [M]: 0x00000000800002F8 (0x04000437) lui fp, 0x4000
x8 <- 0x0000000004000000

mem[X,0x00000000800002FC] -> 0x0413
mem[X,0x00000000800002FE] -> 0x0024
[196] [M]: 0x00000000800002FC (0x00240413) addi fp, fp, 0x2
x8 <- 0x0000000004000002

mem[X,0x0000000080000300] -> 0x1413
mem[X,0x0000000080000302] -> 0x00B4
[197] [M]: 0x0000000080000300 (0x00B41413) slli fp, fp, 0xb
x8 <- 0x0000002000001000

mem[X,0x0000000080000304] -> 0x0413
mem[X,0x0000000080000306] -> 0x7FF4
[198] [M]: 0x0000000080000304 (0x7FF40413) addi fp, fp, 0x7ff
x8 <- 0x00000020000017FF

mem[X,0x0000000080000308] -> 0x1413
mem[X,0x000000008000030A] -> 0x00B4
[199] [M]: 0x0000000080000308 (0x00B41413) slli fp, fp, 0xb
x8 <- 0x0001000000BFF800

clint::tick mtime <- 0x0000000000000002
 clint timer pending at mtime 0x0000000000000002
htif::tick 0x0000000000000000
mem[X,0x000000008000030C] -> 0x0413
mem[X,0x000000008000030E] -> 0x6C04
[200] [M]: 0x000000008000030C (0x6C040413) addi fp, fp, 0x6c0
x8 <- 0x0001000000BFFEC0

mem[X,0x0000000080000310] -> 0x1413
mem[X,0x0000000080000312] -> 0x00A4
[201] [M]: 0x0000000080000310 (0x00A41413) slli fp, fp, 0xa
x8 <- 0x04000002FFFB0000

mem[X,0x0000000080000314] -> 0x0413
mem[X,0x0000000080000316] -> 0x0024
[202] [M]: 0x0000000080000314 (0x00240413) addi fp, fp, 0x2
x8 <- 0x04000002FFFB0002

mem[X,0x0000000080000318] -> 0x0037
mem[X,0x000000008000031A] -> 0xFFF9
[203] [M]: 0x0000000080000318 (0xFFF90037) lui zero, -0x70

mem[X,0x000000008000031C] -> 0x0013
mem[X,0x000000008000031E] -> 0x0000
[204] [M]: 0x000000008000031C (0x00000013) addi zero, zero, 0x0

mem[X,0x0000000080000320] -> 0x1013
mem[X,0x0000000080000322] -> 0x00B0
[205] [M]: 0x0000000080000320 (0x00B01013) slli zero, zero, 0xb

mem[X,0x0000000080000324] -> 0x0013
mem[X,0x0000000080000326] -> 0x0000
[206] [M]: 0x0000000080000324 (0x00000013) addi zero, zero, 0x0

mem[X,0x0000000080000328] -> 0x1013
mem[X,0x000000008000032A] -> 0x00B0
[207] [M]: 0x0000000080000328 (0x00B01013) slli zero, zero, 0xb

mem[X,0x000000008000032C] -> 0x0013
mem[X,0x000000008000032E] -> 0x17F0
[208] [M]: 0x000000008000032C (0x17F00013) addi zero, zero, 0x17f

mem[X,0x0000000080000330] -> 0x1013
mem[X,0x0000000080000332] -> 0x00A0
[209] [M]: 0x0000000080000330 (0x00A01013) slli zero, zero, 0xa

mem[X,0x0000000080000334] -> 0x0013
mem[X,0x0000000080000336] -> 0x3FF0
[210] [M]: 0x0000000080000334 (0x3FF00013) addi zero, zero, 0x3ff

mem[X,0x0000000080000338] -> 0x0CBB
mem[X,0x000000008000033A] -> 0xF804
[211] [M]: 0x0000000080000338 (0xF8040CBB) pasubu.h s9, fp, zero
x25 <- 0x020000017FFD0001

mem[X,0x000000008000033C] -> 0xB423
mem[X,0x000000008000033E] -> 0x0390
[212] [M]: 0x000000008000033C (0x0390B423) sd s9, 0x28(ra)
mem[0x0000000080004140] <- 0x020000017FFD0001

mem[X,0x0000000080000340] -> 0x0737
mem[X,0x0000000080000342] -> 0x0009
[213] [M]: 0x0000000080000340 (0x00090737) lui a4, 0x90
x14 <- 0x0000000000090000

mem[X,0x0000000080000344] -> 0x0713
mem[X,0x0000000080000346] -> 0x0027
[214] [M]: 0x0000000080000344 (0x00270713) addi a4, a4, 0x2
x14 <- 0x0000000000090002

mem[X,0x0000000080000348] -> 0x1713
mem[X,0x000000008000034A] -> 0x00B7
[215] [M]: 0x0000000080000348 (0x00B71713) slli a4, a4, 0xb
x14 <- 0x0000000048001000

mem[X,0x000000008000034C] -> 0x0713
mem[X,0x000000008000034E] -> 0x1FF7
[216] [M]: 0x000000008000034C (0x1FF70713) addi a4, a4, 0x1ff
x14 <- 0x00000000480011FF

mem[X,0x0000000080000350] -> 0x1713
mem[X,0x0000000080000352] -> 0x00B7
[217] [M]: 0x0000000080000350 (0x00B71713) slli a4, a4, 0xb
x14 <- 0x00000240008FF800

mem[X,0x0000000080000354] -> 0x0713
mem[X,0x0000000080000356] -> 0x7C07
[218] [M]: 0x0000000080000354 (0x7C070713) addi a4, a4, 0x7c0
x14 <- 0x00000240008FFFC0

mem[X,0x0000000080000358] -> 0x1713
mem[X,0x000000008000035A] -> 0x00A7
[219] [M]: 0x0000000080000358 (0x00A71713) slli a4, a4, 0xa
x14 <- 0x000900023FFF0000

mem[X,0x000000008000035C] -> 0x0713
mem[X,0x000000008000035E] -> 0x0047
[220] [M]: 0x000000008000035C (0x00470713) addi a4, a4, 0x4
x14 <- 0x000900023FFF0004

mem[X,0x0000000080000360] -> 0x0137
mem[X,0x0000000080000362] -> 0x0005
[221] [M]: 0x0000000080000360 (0x00050137) lui sp, 0x50
x2 <- 0x0000000000050000

mem[X,0x0000000080000364] -> 0x0113
mem[X,0x0000000080000366] -> 0x0071
[222] [M]: 0x0000000080000364 (0x00710113) addi sp, sp, 0x7
x2 <- 0x0000000000050007

mem[X,0x0000000080000368] -> 0x1113
mem[X,0x000000008000036A] -> 0x00B1
[223] [M]: 0x0000000080000368 (0x00B11113) slli sp, sp, 0xb
x2 <- 0x0000000028003800

mem[X,0x000000008000036C] -> 0x0113
mem[X,0x000000008000036E] -> 0x0101
[224] [M]: 0x000000008000036C (0x01010113) addi sp, sp, 0x10
x2 <- 0x0000000028003810

mem[X,0x0000000080000370] -> 0x1113
mem[X,0x0000000080000372] -> 0x00B1
[225] [M]: 0x0000000080000370 (0x00B11113) slli sp, sp, 0xb
x2 <- 0x0000014001C08000

mem[X,0x0000000080000374] -> 0x0113
mem[X,0x0000000080000376] -> 0x03F1
[226] [M]: 0x0000000080000374 (0x03F10113) addi sp, sp, 0x3f
x2 <- 0x0000014001C0803F

mem[X,0x0000000080000378] -> 0x1113
mem[X,0x000000008000037A] -> 0x00A1
[227] [M]: 0x0000000080000378 (0x00A11113) slli sp, sp, 0xa
x2 <- 0x000500070200FC00

mem[X,0x000000008000037C] -> 0x0113
mem[X,0x000000008000037E] -> 0x3BF1
[228] [M]: 0x000000008000037C (0x3BF10113) addi sp, sp, 0x3bf
x2 <- 0x000500070200FFBF

mem[X,0x0000000080000380] -> 0x0DBB
mem[X,0x0000000080000382] -> 0xF827
[229] [M]: 0x0000000080000380 (0xF8270DBB) pasubu.h s11, a4, sp
x27 <- 0x0002FFFD1EFF8022

mem[X,0x0000000080000384] -> 0xB823
mem[X,0x0000000080000386] -> 0x03B0
[230] [M]: 0x0000000080000384 (0x03B0B823) sd s11, 0x30(ra)
mem[0x0000000080004148] <- 0x0002FFFD1EFF8022

mem[X,0x0000000080000388] -> 0x08B7
mem[X,0x000000008000038A] -> 0x0021
[231] [M]: 0x0000000080000388 (0x002108B7) lui a7, 0x210
x17 <- 0x0000000000210000

mem[X,0x000000008000038C] -> 0x8893
mem[X,0x000000008000038E] -> 0xF7F8
[232] [M]: 0x000000008000038C (0xF7F88893) addi a7, a7, -0x81
x17 <- 0x000000000020FF7F

mem[X,0x0000000080000390] -> 0x9893
mem[X,0x0000000080000392] -> 0x00B8
[233] [M]: 0x0000000080000390 (0x00B89893) slli a7, a7, 0xb
x17 <- 0x0000000107FBF800

mem[X,0x0000000080000394] -> 0x8893
mem[X,0x0000000080000396] -> 0x7FF8
[234] [M]: 0x0000000080000394 (0x7FF88893) addi a7, a7, 0x7ff
x17 <- 0x0000000107FBFFFF

mem[X,0x0000000080000398] -> 0x9893
mem[X,0x000000008000039A] -> 0x00B8
[235] [M]: 0x0000000080000398 (0x00B89893) slli a7, a7, 0xb
x17 <- 0x0000083FDFFFF800

mem[X,0x000000008000039C] -> 0x8893
mem[X,0x000000008000039E] -> 0x7408
[236] [M]: 0x000000008000039C (0x74088893) addi a7, a7, 0x740
x17 <- 0x0000083FDFFFFF40

mem[X,0x00000000800003A0] -> 0x9893
mem[X,0x00000000800003A2] -> 0x00A8
[237] [M]: 0x00000000800003A0 (0x00A89893) slli a7, a7, 0xa
x17 <- 0x0020FF7FFFFD0000

mem[X,0x00000000800003A4] -> 0x8893
mem[X,0x00000000800003A6] -> 0x0088
[238] [M]: 0x00000000800003A4 (0x00888893) addi a7, a7, 0x8
x17 <- 0x0020FF7FFFFD0008

mem[X,0x00000000800003A8] -> 0x0937
mem[X,0x00000000800003AA] -> 0x0007
[239] [M]: 0x00000000800003A8 (0x00070937) lui s2, 0x70
x18 <- 0x0000000000070000

mem[X,0x00000000800003AC] -> 0x0913
mem[X,0x00000000800003AE] -> 0x0209
[240] [M]: 0x00000000800003AC (0x02090913) addi s2, s2, 0x20
x18 <- 0x0000000000070020

mem[X,0x00000000800003B0] -> 0x1913
mem[X,0x00000000800003B2] -> 0x00B9
[241] [M]: 0x00000000800003B0 (0x00B91913) slli s2, s2, 0xb
x18 <- 0x0000000038010000

mem[X,0x00000000800003B4] -> 0x0913
mem[X,0x00000000800003B6] -> 0x0809
[242] [M]: 0x00000000800003B4 (0x08090913) addi s2, s2, 0x80
x18 <- 0x0000000038010080

mem[X,0x00000000800003B8] -> 0x1913
mem[X,0x00000000800003BA] -> 0x00B9
[243] [M]: 0x00000000800003B8 (0x00B91913) slli s2, s2, 0xb
x18 <- 0x000001C008040000

mem[X,0x00000000800003BC] -> 0x0913
mem[X,0x00000000800003BE] -> 0x0009
[244] [M]: 0x00000000800003BC (0x00090913) addi s2, s2, 0x0
x18 <- 0x000001C008040000

mem[X,0x00000000800003C0] -> 0x1913
mem[X,0x00000000800003C2] -> 0x00A9
[245] [M]: 0x00000000800003C0 (0x00A91913) slli s2, s2, 0xa
x18 <- 0x0007002010000000

mem[X,0x00000000800003C4] -> 0x0913
mem[X,0x00000000800003C6] -> 0x2009
[246] [M]: 0x00000000800003C4 (0x20090913) addi s2, s2, 0x200
x18 <- 0x0007002010000200

mem[X,0x00000000800003C8] -> 0x8ABB
mem[X,0x00000000800003CA] -> 0xF928
[247] [M]: 0x00000000800003C8 (0xF9288ABB) pasubu.h s5, a7, s2
x21 <- 0x000C7FAF77FEFF04

mem[X,0x00000000800003CC] -> 0xBC23
mem[X,0x00000000800003CE] -> 0x0350
[248] [M]: 0x00000000800003CC (0x0350BC23) sd s5, 0x38(ra)
mem[0x0000000080004150] <- 0x000C7FAF77FEFF04

mem[X,0x00000000800003D0] -> 0x06B7
mem[X,0x00000000800003D2] -> 0xFFFC
[249] [M]: 0x00000000800003D0 (0xFFFC06B7) lui a3, -0x40
x13 <- 0xFFFFFFFFFFFC0000

mem[X,0x00000000800003D4] -> 0x8693
mem[X,0x00000000800003D6] -> 0xFFE6
[250] [M]: 0x00000000800003D4 (0xFFE68693) addi a3, a3, -0x2
x13 <- 0xFFFFFFFFFFFBFFFE

mem[X,0x00000000800003D8] -> 0x9693
mem[X,0x00000000800003DA] -> 0x00B6
[251] [M]: 0x00000000800003D8 (0x00B69693) slli a3, a3, 0xb
x13 <- 0xFFFFFFFFDFFFF000

mem[X,0x00000000800003DC] -> 0x8693
mem[X,0x00000000800003DE] -> 0x7FF6
[252] [M]: 0x00000000800003DC (0x7FF68693) addi a3, a3, 0x7ff
x13 <- 0xFFFFFFFFDFFFF7FF

mem[X,0x00000000800003E0] -> 0x9693
mem[X,0x00000000800003E2] -> 0x00B6
[253] [M]: 0x00000000800003E0 (0x00B69693) slli a3, a3, 0xb
x13 <- 0xFFFFFEFFFFBFF800

mem[X,0x00000000800003E4] -> 0x8693
mem[X,0x00000000800003E6] -> 0x7406
[254] [M]: 0x00000000800003E4 (0x74068693) addi a3, a3, 0x740
x13 <- 0xFFFFFEFFFFBFFF40

mem[X,0x00000000800003E8] -> 0x9693
mem[X,0x00000000800003EA] -> 0x00A6
[255] [M]: 0x00000000800003E8 (0x00A69693) slli a3, a3, 0xa
x13 <- 0xFFFBFFFEFFFD0000

mem[X,0x00000000800003EC] -> 0x8693
mem[X,0x00000000800003EE] -> 0x0106
[256] [M]: 0x00000000800003EC (0x01068693) addi a3, a3, 0x10
x13 <- 0xFFFBFFFEFFFD0010

mem[X,0x00000000800003F0] -> 0x0BB7
mem[X,0x00000000800003F2] -> 0x0005
[257] [M]: 0x00000000800003F0 (0x00050BB7) lui s7, 0x50
x23 <- 0x0000000000050000

mem[X,0x00000000800003F4] -> 0x8B93
mem[X,0x00000000800003F6] -> 0x000B
[258] [M]: 0x00000000800003F4 (0x000B8B93) addi s7, s7, 0x0
x23 <- 0x0000000000050000

mem[X,0x00000000800003F8] -> 0x9B93
mem[X,0x00000000800003FA] -> 0x00BB
[259] [M]: 0x00000000800003F8 (0x00BB9B93) slli s7, s7, 0xb
x23 <- 0x0000000028000000

mem[X,0x00000000800003FC] -> 0x8B93
mem[X,0x00000000800003FE] -> 0x200B
[260] [M]: 0x00000000800003FC (0x200B8B93) addi s7, s7, 0x200
x23 <- 0x0000000028000200

mem[X,0x0000000080000400] -> 0x9B93
mem[X,0x0000000080000402] -> 0x00BB
[261] [M]: 0x0000000080000400 (0x00BB9B93) slli s7, s7, 0xb
x23 <- 0x0000014000100000

mem[X,0x0000000080000404] -> 0x8B93
mem[X,0x0000000080000406] -> 0x010B
[262] [M]: 0x0000000080000404 (0x010B8B93) addi s7, s7, 0x10
x23 <- 0x0000014000100010

mem[X,0x0000000080000408] -> 0x9B93
mem[X,0x000000008000040A] -> 0x00AB
[263] [M]: 0x0000000080000408 (0x00AB9B93) slli s7, s7, 0xa
x23 <- 0x0005000040004000

mem[X,0x000000008000040C] -> 0x853B
mem[X,0x000000008000040E] -> 0xF976
[264] [M]: 0x000000008000040C (0xF976853B) pasubu.h a0, a3, s7
x10 <- 0x7FFB7FFF5FFEE008

mem[X,0x0000000080000410] -> 0xB023
mem[X,0x0000000080000412] -> 0x04A0
[265] [M]: 0x0000000080000410 (0x04A0B023) sd a0, 0x40(ra)
mem[0x0000000080004158] <- 0x7FFB7FFF5FFEE008

mem[X,0x0000000080000414] -> 0x1BB7
mem[X,0x0000000080000416] -> 0x0007
[266] [M]: 0x0000000080000414 (0x00071BB7) lui s7, 0x71
x23 <- 0x0000000000071000

mem[X,0x0000000080000418] -> 0x8B93
mem[X,0x000000008000041A] -> 0x000B
[267] [M]: 0x0000000080000418 (0x000B8B93) addi s7, s7, 0x0
x23 <- 0x0000000000071000

mem[X,0x000000008000041C] -> 0x9B93
mem[X,0x000000008000041E] -> 0x00BB
[268] [M]: 0x000000008000041C (0x00BB9B93) slli s7, s7, 0xb
x23 <- 0x0000000038800000

mem[X,0x0000000080000420] -> 0x8B93
mem[X,0x0000000080000422] -> 0x7FFB
[269] [M]: 0x0000000080000420 (0x7FFB8B93) addi s7, s7, 0x7ff
x23 <- 0x00000000388007FF

mem[X,0x0000000080000424] -> 0x9B93
mem[X,0x0000000080000426] -> 0x00BB
[270] [M]: 0x0000000080000424 (0x00BB9B93) slli s7, s7, 0xb
x23 <- 0x000001C4003FF800

mem[X,0x0000000080000428] -> 0x8B93
mem[X,0x000000008000042A] -> 0x5C0B
[271] [M]: 0x0000000080000428 (0x5C0B8B93) addi s7, s7, 0x5c0
x23 <- 0x000001C4003FFDC0

mem[X,0x000000008000042C] -> 0x9B93
mem[X,0x000000008000042E] -> 0x00AB
[272] [M]: 0x000000008000042C (0x00AB9B93) slli s7, s7, 0xa
x23 <- 0x00071000FFF70000

mem[X,0x0000000080000430] -> 0x8B93
mem[X,0x0000000080000432] -> 0x020B
[273] [M]: 0x0000000080000430 (0x020B8B93) addi s7, s7, 0x20
x23 <- 0x00071000FFF70020

mem[X,0x0000000080000434] -> 0x0737
mem[X,0x0000000080000436] -> 0xE000
[274] [M]: 0x0000000080000434 (0xE0000737) lui a4, -0x20000
x14 <- 0xFFFFFFFFE0000000

mem[X,0x0000000080000438] -> 0x0713
mem[X,0x000000008000043A] -> 0xFFB7
[275] [M]: 0x0000000080000438 (0xFFB70713) addi a4, a4, -0x5
x14 <- 0xFFFFFFFFDFFFFFFB

mem[X,0x000000008000043C] -> 0x1713
mem[X,0x000000008000043E] -> 0x00B7
[276] [M]: 0x000000008000043C (0x00B71713) slli a4, a4, 0xb
x14 <- 0xFFFFFEFFFFFFD800

mem[X,0x0000000080000440] -> 0x0713
mem[X,0x0000000080000442] -> 0x0007
[277] [M]: 0x0000000080000440 (0x00070713) addi a4, a4, 0x0
x14 <- 0xFFFFFEFFFFFFD800

mem[X,0x0000000080000444] -> 0x1713
mem[X,0x0000000080000446] -> 0x00B7
[278] [M]: 0x0000000080000444 (0x00B71713) slli a4, a4, 0xb
x14 <- 0xFFF7FFFFFEC00000

mem[X,0x0000000080000448] -> 0x0713
mem[X,0x000000008000044A] -> 0x0A07
[279] [M]: 0x0000000080000448 (0x0A070713) addi a4, a4, 0xa0
x14 <- 0xFFF7FFFFFEC000A0

mem[X,0x000000008000044C] -> 0x1713
mem[X,0x000000008000044E] -> 0x00A7
[280] [M]: 0x000000008000044C (0x00A71713) slli a4, a4, 0xa
x14 <- 0xDFFFFFFB00028000

mem[X,0x0000000080000450] -> 0x8E3B
mem[X,0x0000000080000452] -> 0xF8EB
[281] [M]: 0x0000000080000450 (0xF8EB8E3B) pasubu.h t3, s7, a4
x28 <- 0x900488027FFAC010

mem[X,0x0000000080000454] -> 0xB423
mem[X,0x0000000080000456] -> 0x05C0
[282] [M]: 0x0000000080000454 (0x05C0B423) sd t3, 0x48(ra)
mem[0x0000000080004160] <- 0x900488027FFAC010

mem[X,0x0000000080000458] -> 0x0337
mem[X,0x000000008000045A] -> 0xEFFF
[283] [M]: 0x0000000080000458 (0xEFFF0337) lui t1, -0x10010
x6 <- 0xFFFFFFFFEFFF0000

mem[X,0x000000008000045C] -> 0x0313
mem[X,0x000000008000045E] -> 0x0033
[284] [M]: 0x000000008000045C (0x00330313) addi t1, t1, 0x3
x6 <- 0xFFFFFFFFEFFF0003

mem[X,0x0000000080000460] -> 0x1313
mem[X,0x0000000080000462] -> 0x00B3
[285] [M]: 0x0000000080000460 (0x00B31313) slli t1, t1, 0xb
x6 <- 0xFFFFFF7FF8001800

mem[X,0x0000000080000464] -> 0x0313
mem[X,0x0000000080000466] -> 0x0003
[286] [M]: 0x0000000080000464 (0x00030313) addi t1, t1, 0x0
x6 <- 0xFFFFFF7FF8001800

mem[X,0x0000000080000468] -> 0x1313
mem[X,0x000000008000046A] -> 0x00B3
[287] [M]: 0x0000000080000468 (0x00B31313) slli t1, t1, 0xb
x6 <- 0xFFFBFFC000C00000

mem[X,0x000000008000046C] -> 0x0313
mem[X,0x000000008000046E] -> 0x1C03
[288] [M]: 0x000000008000046C (0x1C030313) addi t1, t1, 0x1c0
x6 <- 0xFFFBFFC000C001C0

mem[X,0x0000000080000470] -> 0x1313
mem[X,0x0000000080000472] -> 0x00A3
[289] [M]: 0x0000000080000470 (0x00A31313) slli t1, t1, 0xa
x6 <- 0xEFFF000300070000

mem[X,0x0000000080000474] -> 0x0313
mem[X,0x0000000080000476] -> 0x0403
[290] [M]: 0x0000000080000474 (0x04030313) addi t1, t1, 0x40
x6 <- 0xEFFF000300070040

mem[X,0x0000000080000478] -> 0x07B7
mem[X,0x000000008000047A] -> 0xC000
[291] [M]: 0x0000000080000478 (0xC00007B7) lui a5, -0x40000
x15 <- 0xFFFFFFFFC0000000

mem[X,0x000000008000047C] -> 0x8793
mem[X,0x000000008000047E] -> 0xFFE7
[292] [M]: 0x000000008000047C (0xFFE78793) addi a5, a5, -0x2
x15 <- 0xFFFFFFFFBFFFFFFE

mem[X,0x0000000080000480] -> 0x9793
mem[X,0x0000000080000482] -> 0x00B7
[293] [M]: 0x0000000080000480 (0x00B79793) slli a5, a5, 0xb
x15 <- 0xFFFFFDFFFFFFF000

mem[X,0x0000000080000484] -> 0x8793
mem[X,0x0000000080000486] -> 0x7FD7
[294] [M]: 0x0000000080000484 (0x7FD78793) addi a5, a5, 0x7fd
x15 <- 0xFFFFFDFFFFFFF7FD

mem[X,0x0000000080000488] -> 0x9793
mem[X,0x000000008000048A] -> 0x00B7
[295] [M]: 0x0000000080000488 (0x00B79793) slli a5, a5, 0xb
x15 <- 0xFFEFFFFFFFBFE800

mem[X,0x000000008000048C] -> 0x8793
mem[X,0x000000008000048E] -> 0x7FF7
[296] [M]: 0x000000008000048C (0x7FF78793) addi a5, a5, 0x7ff
x15 <- 0xFFEFFFFFFFBFEFFF

mem[X,0x0000000080000490] -> 0x9793
mem[X,0x0000000080000492] -> 0x00A7
[297] [M]: 0x0000000080000490 (0x00A79793) slli a5, a5, 0xa
x15 <- 0xBFFFFFFEFFBFFC00

mem[X,0x0000000080000494] -> 0x8793
mem[X,0x0000000080000496] -> 0x3FC7
[298] [M]: 0x0000000080000494 (0x3FC78793) addi a5, a5, 0x3fc
x15 <- 0xBFFFFFFEFFBFFFFC

mem[X,0x0000000080000498] -> 0x02BB
mem[X,0x000000008000049A] -> 0xF8F3
[299] [M]: 0x0000000080000498 (0xF8F302BB) pasubu.h t0, t1, a5
x5 <- 0x1800800280248022

clint::tick mtime <- 0x0000000000000003
 clint timer pending at mtime 0x0000000000000003
htif::tick 0x0000000000000000
mem[X,0x000000008000049C] -> 0xB823
mem[X,0x000000008000049E] -> 0x0450
[300] [M]: 0x000000008000049C (0x0450B823) sd t0, 0x50(ra)
mem[0x0000000080004168] <- 0x1800800280248022

mem[X,0x00000000800004A0] -> 0x0B37
mem[X,0x00000000800004A2] -> 0x0003
[301] [M]: 0x00000000800004A0 (0x00030B37) lui s6, 0x30
x22 <- 0x0000000000030000

mem[X,0x00000000800004A4] -> 0x0B13
mem[X,0x00000000800004A6] -> 0xFF6B
[302] [M]: 0x00000000800004A4 (0xFF6B0B13) addi s6, s6, -0xa
x22 <- 0x000000000002FFF6

mem[X,0x00000000800004A8] -> 0x1B13
mem[X,0x00000000800004AA] -> 0x00BB
[303] [M]: 0x00000000800004A8 (0x00BB1B13) slli s6, s6, 0xb
x22 <- 0x0000000017FFB000

mem[X,0x00000000800004AC] -> 0x0B13
mem[X,0x00000000800004AE] -> 0x7FFB
[304] [M]: 0x00000000800004AC (0x7FFB0B13) addi s6, s6, 0x7ff
x22 <- 0x0000000017FFB7FF

mem[X,0x00000000800004B0] -> 0x1B13
mem[X,0x00000000800004B2] -> 0x00BB
[305] [M]: 0x00000000800004B0 (0x00BB1B13) slli s6, s6, 0xb
x22 <- 0x000000BFFDBFF800

mem[X,0x00000000800004B4] -> 0x0B13
mem[X,0x00000000800004B6] -> 0x740B
[306] [M]: 0x00000000800004B4 (0x740B0B13) addi s6, s6, 0x740
x22 <- 0x000000BFFDBFFF40

mem[X,0x00000000800004B8] -> 0x1B13
mem[X,0x00000000800004BA] -> 0x00AB
[307] [M]: 0x00000000800004B8 (0x00AB1B13) slli s6, s6, 0xa
x22 <- 0x0002FFF6FFFD0000

mem[X,0x00000000800004BC] -> 0x0B13
mem[X,0x00000000800004BE] -> 0x080B
[308] [M]: 0x00000000800004BC (0x080B0B13) addi s6, s6, 0x80
x22 <- 0x0002FFF6FFFD0080

mem[X,0x00000000800004C0] -> 0x4CB7
mem[X,0x00000000800004C2] -> 0x4000
[309] [M]: 0x00000000800004C0 (0x40004CB7) lui s9, 0x40004
x25 <- 0x0000000040004000

mem[X,0x00000000800004C4] -> 0x8C93
mem[X,0x00000000800004C6] -> 0xFFFC
[310] [M]: 0x00000000800004C4 (0xFFFC8C93) addi s9, s9, -0x1
x25 <- 0x0000000040003FFF

mem[X,0x00000000800004C8] -> 0x9C93
mem[X,0x00000000800004CA] -> 0x00BC
[311] [M]: 0x00000000800004C8 (0x00BC9C93) slli s9, s9, 0xb
x25 <- 0x0000020001FFF800

mem[X,0x00000000800004CC] -> 0x8C93
mem[X,0x00000000800004CE] -> 0x77FC
[312] [M]: 0x00000000800004CC (0x77FC8C93) addi s9, s9, 0x77f
x25 <- 0x0000020001FFFF7F

mem[X,0x00000000800004D0] -> 0x9C93
mem[X,0x00000000800004D2] -> 0x00BC
[313] [M]: 0x00000000800004D0 (0x00BC9C93) slli s9, s9, 0xb
x25 <- 0x0010000FFFFBF800

mem[X,0x00000000800004D4] -> 0x8C93
mem[X,0x00000000800004D6] -> 0x7CFC
[314] [M]: 0x00000000800004D4 (0x7CFC8C93) addi s9, s9, 0x7cf
x25 <- 0x0010000FFFFBFFCF

mem[X,0x00000000800004D8] -> 0x9C93
mem[X,0x00000000800004DA] -> 0x00AC
[315] [M]: 0x00000000800004D8 (0x00AC9C93) slli s9, s9, 0xa
x25 <- 0x40003FFFEFFF3C00

mem[X,0x00000000800004DC] -> 0x8C93
mem[X,0x00000000800004DE] -> 0x3FFC
[316] [M]: 0x00000000800004DC (0x3FFC8C93) addi s9, s9, 0x3ff
x25 <- 0x40003FFFEFFF3FFF

mem[X,0x00000000800004E0] -> 0x09BB
mem[X,0x00000000800004E2] -> 0xF99B
[317] [M]: 0x00000000800004E0 (0xF99B09BB) pasubu.h s3, s6, s9
x19 <- 0xE0015FFB07FFE040

mem[X,0x00000000800004E4] -> 0xBC23
mem[X,0x00000000800004E6] -> 0x0530
[318] [M]: 0x00000000800004E4 (0x0530BC23) sd s3, 0x58(ra)
mem[0x0000000080004170] <- 0xE0015FFB07FFE040

mem[X,0x00000000800004E8] -> 0x07B7
mem[X,0x00000000800004EA] -> 0x0008
[319] [M]: 0x00000000800004E8 (0x000807B7) lui a5, 0x80
x15 <- 0x0000000000080000

mem[X,0x00000000800004EC] -> 0x8793
mem[X,0x00000000800004EE] -> 0xFF97
[320] [M]: 0x00000000800004EC (0xFF978793) addi a5, a5, -0x7
x15 <- 0x000000000007FFF9

mem[X,0x00000000800004F0] -> 0x9793
mem[X,0x00000000800004F2] -> 0x00B7
[321] [M]: 0x00000000800004F0 (0x00B79793) slli a5, a5, 0xb
x15 <- 0x000000003FFFC800

mem[X,0x00000000800004F4] -> 0x8793
mem[X,0x00000000800004F6] -> 0x5557
[322] [M]: 0x00000000800004F4 (0x55578793) addi a5, a5, 0x555
x15 <- 0x000000003FFFCD55

mem[X,0x00000000800004F8] -> 0x9793
mem[X,0x00000000800004FA] -> 0x00B7
[323] [M]: 0x00000000800004F8 (0x00B79793) slli a5, a5, 0xb
x15 <- 0x000001FFFE6AA800

mem[X,0x00000000800004FC] -> 0x8793
mem[X,0x00000000800004FE] -> 0x2807
[324] [M]: 0x00000000800004FC (0x28078793) addi a5, a5, 0x280
x15 <- 0x000001FFFE6AAA80

mem[X,0x0000000080000500] -> 0x9793
mem[X,0x0000000080000502] -> 0x00A7
[325] [M]: 0x0000000080000500 (0x00A79793) slli a5, a5, 0xa
x15 <- 0x0007FFF9AAAA0000

mem[X,0x0000000080000504] -> 0x8793
mem[X,0x0000000080000506] -> 0x1007
[326] [M]: 0x0000000080000504 (0x10078793) addi a5, a5, 0x100
x15 <- 0x0007FFF9AAAA0100

mem[X,0x0000000080000508] -> 0x0C37
mem[X,0x000000008000050A] -> 0x0006
[327] [M]: 0x0000000080000508 (0x00060C37) lui s8, 0x60
x24 <- 0x0000000000060000

mem[X,0x000000008000050C] -> 0x0C13
mem[X,0x000000008000050E] -> 0x100C
[328] [M]: 0x000000008000050C (0x100C0C13) addi s8, s8, 0x100
x24 <- 0x0000000000060100

mem[X,0x0000000080000510] -> 0x1C13
mem[X,0x0000000080000512] -> 0x00BC
[329] [M]: 0x0000000080000510 (0x00BC1C13) slli s8, s8, 0xb
x24 <- 0x0000000030080000

mem[X,0x0000000080000514] -> 0x0C13
mem[X,0x0000000080000516] -> 0x7FFC
[330] [M]: 0x0000000080000514 (0x7FFC0C13) addi s8, s8, 0x7ff
x24 <- 0x00000000300807FF

mem[X,0x0000000080000518] -> 0x1C13
mem[X,0x000000008000051A] -> 0x00BC
[331] [M]: 0x0000000080000518 (0x00BC1C13) slli s8, s8, 0xb
x24 <- 0x00000180403FF800

mem[X,0x000000008000051C] -> 0x0C13
mem[X,0x000000008000051E] -> 0x3FFC
[332] [M]: 0x000000008000051C (0x3FFC0C13) addi s8, s8, 0x3ff
x24 <- 0x00000180403FFBFF

mem[X,0x0000000080000520] -> 0x1C13
mem[X,0x0000000080000522] -> 0x00AC
[333] [M]: 0x0000000080000520 (0x00AC1C13) slli s8, s8, 0xa
x24 <- 0x00060100FFEFFC00

mem[X,0x0000000080000524] -> 0x0C13
mem[X,0x0000000080000526] -> 0x3F7C
[334] [M]: 0x0000000080000524 (0x3F7C0C13) addi s8, s8, 0x3f7
x24 <- 0x00060100FFEFFFF7

mem[X,0x0000000080000528] -> 0x84BB
mem[X,0x000000008000052A] -> 0xF987
[335] [M]: 0x0000000080000528 (0xF98784BB) pasubu.h s1, a5, s8
x9 <- 0x00007F7CD55D8084

mem[X,0x000000008000052C] -> 0xB023
mem[X,0x000000008000052E] -> 0x0690
[336] [M]: 0x000000008000052C (0x0690B023) sd s1, 0x60(ra)
mem[0x0000000080004178] <- 0x00007F7CD55D8084

mem[X,0x0000000080000530] -> 0xCEB7
mem[X,0x0000000080000532] -> 0x0010
[337] [M]: 0x0000000080000530 (0x0010CEB7) lui t4, 0x10c
x29 <- 0x000000000010C000

mem[X,0x0000000080000534] -> 0x8E93
mem[X,0x0000000080000536] -> 0x000E
[338] [M]: 0x0000000080000534 (0x000E8E93) addi t4, t4, 0x0
x29 <- 0x000000000010C000

mem[X,0x0000000080000538] -> 0x9E93
mem[X,0x000000008000053A] -> 0x00BE
[339] [M]: 0x0000000080000538 (0x00BE9E93) slli t4, t4, 0xb
x29 <- 0x0000000086000000

mem[X,0x000000008000053C] -> 0x8E93
mem[X,0x000000008000053E] -> 0x000E
[340] [M]: 0x000000008000053C (0x000E8E93) addi t4, t4, 0x0
x29 <- 0x0000000086000000

mem[X,0x0000000080000540] -> 0x9E93
mem[X,0x0000000080000542] -> 0x00BE
[341] [M]: 0x0000000080000540 (0x00BE9E93) slli t4, t4, 0xb
x29 <- 0x0000043000000000

mem[X,0x0000000080000544] -> 0x8E93
mem[X,0x0000000080000546] -> 0x080E
[342] [M]: 0x0000000080000544 (0x080E8E93) addi t4, t4, 0x80
x29 <- 0x0000043000000080

mem[X,0x0000000080000548] -> 0x9E93
mem[X,0x000000008000054A] -> 0x00AE
[343] [M]: 0x0000000080000548 (0x00AE9E93) slli t4, t4, 0xa
x29 <- 0x0010C00000020000

mem[X,0x000000008000054C] -> 0x8E93
mem[X,0x000000008000054E] -> 0x200E
[344] [M]: 0x000000008000054C (0x200E8E93) addi t4, t4, 0x200
x29 <- 0x0010C00000020200

mem[X,0x0000000080000550] -> 0x0437
mem[X,0x0000000080000552] -> 0x0201
[345] [M]: 0x0000000080000550 (0x02010437) lui fp, 0x2010
x8 <- 0x0000000002010000

mem[X,0x0000000080000554] -> 0x0413
mem[X,0x0000000080000556] -> 0xEFF4
[346] [M]: 0x0000000080000554 (0xEFF40413) addi fp, fp, -0x101
x8 <- 0x000000000200FEFF

mem[X,0x0000000080000558] -> 0x1413
mem[X,0x000000008000055A] -> 0x00B4
[347] [M]: 0x0000000080000558 (0x00B41413) slli fp, fp, 0xb
x8 <- 0x0000001007F7F800

mem[X,0x000000008000055C] -> 0x0413
mem[X,0x000000008000055E] -> 0x7FF4
[348] [M]: 0x000000008000055C (0x7FF40413) addi fp, fp, 0x7ff
x8 <- 0x0000001007F7FFFF

mem[X,0x0000000080000560] -> 0x1413
mem[X,0x0000000080000562] -> 0x00B4
[349] [M]: 0x0000000080000560 (0x00B41413) slli fp, fp, 0xb
x8 <- 0x0000803FBFFFF800

mem[X,0x0000000080000564] -> 0x0413
mem[X,0x0000000080000566] -> 0x3C04
[350] [M]: 0x0000000080000564 (0x3C040413) addi fp, fp, 0x3c0
x8 <- 0x0000803FBFFFFBC0

mem[X,0x0000000080000568] -> 0x1413
mem[X,0x000000008000056A] -> 0x00A4
[351] [M]: 0x0000000080000568 (0x00A41413) slli fp, fp, 0xa
x8 <- 0x0200FEFFFFEF0000

mem[X,0x000000008000056C] -> 0x0413
mem[X,0x000000008000056E] -> 0x0084
[352] [M]: 0x000000008000056C (0x00840413) addi fp, fp, 0x8
x8 <- 0x0200FEFFFFEF0008

mem[X,0x0000000080000570] -> 0x87BB
mem[X,0x0000000080000572] -> 0xF88E
[353] [M]: 0x0000000080000570 (0xF88E87BB) pasubu.h a5, t4, fp
x15 <- 0xFF08E080800900FC

mem[X,0x0000000080000574] -> 0xB423
mem[X,0x0000000080000576] -> 0x06F0
[354] [M]: 0x0000000080000574 (0x06F0B423) sd a5, 0x68(ra)
mem[0x0000000080004180] <- 0xFF08E080800900FC

mem[X,0x0000000080000578] -> 0x0013
mem[X,0x000000008000057A] -> 0x0000
[355] [M]: 0x0000000080000578 (0x00000013) addi zero, zero, 0x0

mem[X,0x000000008000057C] -> 0x0013
mem[X,0x000000008000057E] -> 0x0000
[356] [M]: 0x000000008000057C (0x00000013) addi zero, zero, 0x0

mem[X,0x0000000080000580] -> 0x4217
mem[X,0x0000000080000582] -> 0x0000
[357] [M]: 0x0000000080000580 (0x00004217) auipc tp, 0x4
x4 <- 0x0000000080004580

mem[X,0x0000000080000584] -> 0x0213
mem[X,0x0000000080000586] -> 0xC082
[358] [M]: 0x0000000080000584 (0xC0820213) addi tp, tp, -0x3f8
x4 <- 0x0000000080004188

mem[X,0x0000000080000588] -> 0x0013
mem[X,0x000000008000058A] -> 0x0000
[359] [M]: 0x0000000080000588 (0x00000013) addi zero, zero, 0x0

mem[X,0x000000008000058C] -> 0x0013
mem[X,0x000000008000058E] -> 0x0000
[360] [M]: 0x000000008000058C (0x00000013) addi zero, zero, 0x0

mem[X,0x0000000080000590] -> 0x0013
mem[X,0x0000000080000592] -> 0x0000
[361] [M]: 0x0000000080000590 (0x00000013) addi zero, zero, 0x0

mem[X,0x0000000080000594] -> 0x0013
mem[X,0x0000000080000596] -> 0x0000
[362] [M]: 0x0000000080000594 (0x00000013) addi zero, zero, 0x0

mem[X,0x0000000080000598] -> 0x0013
mem[X,0x000000008000059A] -> 0x0000
[363] [M]: 0x0000000080000598 (0x00000013) addi zero, zero, 0x0

mem[X,0x000000008000059C] -> 0x0013
mem[X,0x000000008000059E] -> 0x0000
[364] [M]: 0x000000008000059C (0x00000013) addi zero, zero, 0x0

mem[X,0x00000000800005A0] -> 0x4137
mem[X,0x00000000800005A2] -> 0x8000
[365] [M]: 0x00000000800005A0 (0x80004137) lui sp, -0x7fffc
x2 <- 0xFFFFFFFF80004000

mem[X,0x00000000800005A4] -> 0x0113
mem[X,0x00000000800005A6] -> 0xFFF1
[366] [M]: 0x00000000800005A4 (0xFFF10113) addi sp, sp, -0x1
x2 <- 0xFFFFFFFF80003FFF

mem[X,0x00000000800005A8] -> 0x1113
mem[X,0x00000000800005AA] -> 0x00B1
[367] [M]: 0x00000000800005A8 (0x00B11113) slli sp, sp, 0xb
x2 <- 0xFFFFFC0001FFF800

mem[X,0x00000000800005AC] -> 0x0113
mem[X,0x00000000800005AE] -> 0x0101
[368] [M]: 0x00000000800005AC (0x01010113) addi sp, sp, 0x10
x2 <- 0xFFFFFC0001FFF810

mem[X,0x00000000800005B0] -> 0x1113
mem[X,0x00000000800005B2] -> 0x00B1
[369] [M]: 0x00000000800005B0 (0x00B11113) slli sp, sp, 0xb
x2 <- 0xFFE0000FFFC08000

mem[X,0x00000000800005B4] -> 0x0113
mem[X,0x00000000800005B6] -> 0x0011
[370] [M]: 0x00000000800005B4 (0x00110113) addi sp, sp, 0x1
x2 <- 0xFFE0000FFFC08001

mem[X,0x00000000800005B8] -> 0x1113
mem[X,0x00000000800005BA] -> 0x00A1
[371] [M]: 0x00000000800005B8 (0x00A11113) slli sp, sp, 0xa
x2 <- 0x80003FFF02000400

mem[X,0x00000000800005BC] -> 0x0337
mem[X,0x00000000800005BE] -> 0xFFE0
[372] [M]: 0x00000000800005BC (0xFFE00337) lui t1, -0x200
x6 <- 0xFFFFFFFFFFE00000

mem[X,0x00000000800005C0] -> 0x0313
mem[X,0x00000000800005C2] -> 0xFF93
[373] [M]: 0x00000000800005C0 (0xFF930313) addi t1, t1, -0x7
x6 <- 0xFFFFFFFFFFDFFFF9

mem[X,0x00000000800005C4] -> 0x1313
mem[X,0x00000000800005C6] -> 0x00B3
[374] [M]: 0x00000000800005C4 (0x00B31313) slli t1, t1, 0xb
x6 <- 0xFFFFFFFEFFFFC800

mem[X,0x00000000800005C8] -> 0x0313
mem[X,0x00000000800005CA] -> 0x0003
[375] [M]: 0x00000000800005C8 (0x00030313) addi t1, t1, 0x0
x6 <- 0xFFFFFFFEFFFFC800

mem[X,0x00000000800005CC] -> 0x1313
mem[X,0x00000000800005CE] -> 0x00B3
[376] [M]: 0x00000000800005CC (0x00B31313) slli t1, t1, 0xb
x6 <- 0xFFFFF7FFFE400000

mem[X,0x00000000800005D0] -> 0x0313
mem[X,0x00000000800005D2] -> 0x13D3
[377] [M]: 0x00000000800005D0 (0x13D30313) addi t1, t1, 0x13d
x6 <- 0xFFFFF7FFFE40013D

mem[X,0x00000000800005D4] -> 0x1313
mem[X,0x00000000800005D6] -> 0x00A3
[378] [M]: 0x00000000800005D4 (0x00A31313) slli t1, t1, 0xa
x6 <- 0xFFDFFFF90004F400

mem[X,0x00000000800005D8] -> 0x0313
mem[X,0x00000000800005DA] -> 0x3FF3
[379] [M]: 0x00000000800005D8 (0x3FF30313) addi t1, t1, 0x3ff
x6 <- 0xFFDFFFF90004F7FF

mem[X,0x00000000800005DC] -> 0x003B
mem[X,0x00000000800005DE] -> 0xF861
[380] [M]: 0x00000000800005DC (0xF861003B) pasubu.h zero, sp, t1

mem[X,0x00000000800005E0] -> 0x3023
mem[X,0x00000000800005E2] -> 0x0002
[381] [M]: 0x00000000800005E0 (0x00023023) sd zero, 0x0(tp)
mem[0x0000000080004188] <- 0x0000000000000000

mem[X,0x00000000800005E4] -> 0x04B7
mem[X,0x00000000800005E6] -> 0xFFFA
[382] [M]: 0x00000000800005E4 (0xFFFA04B7) lui s1, -0x60
x9 <- 0xFFFFFFFFFFFA0000

mem[X,0x00000000800005E8] -> 0x8493
mem[X,0x00000000800005EA] -> 0x4004
[383] [M]: 0x00000000800005E8 (0x40048493) addi s1, s1, 0x400
x9 <- 0xFFFFFFFFFFFA0400

mem[X,0x00000000800005EC] -> 0x9493
mem[X,0x00000000800005EE] -> 0x00B4
[384] [M]: 0x00000000800005EC (0x00B49493) slli s1, s1, 0xb
x9 <- 0xFFFFFFFFD0200000

mem[X,0x00000000800005F0] -> 0x8493
mem[X,0x00000000800005F2] -> 0x0004
[385] [M]: 0x00000000800005F0 (0x00048493) addi s1, s1, 0x0
x9 <- 0xFFFFFFFFD0200000

mem[X,0x00000000800005F4] -> 0x9493
mem[X,0x00000000800005F6] -> 0x00B4
[386] [M]: 0x00000000800005F4 (0x00B49493) slli s1, s1, 0xb
x9 <- 0xFFFFFE8100000000

mem[X,0x00000000800005F8] -> 0x8493
mem[X,0x00000000800005FA] -> 0x0C24
[387] [M]: 0x00000000800005F8 (0x0C248493) addi s1, s1, 0xc2
x9 <- 0xFFFFFE81000000C2

mem[X,0x00000000800005FC] -> 0x9493
mem[X,0x00000000800005FE] -> 0x00A4
[388] [M]: 0x00000000800005FC (0x00A49493) slli s1, s1, 0xa
x9 <- 0xFFFA040000030800

mem[X,0x0000000080000600] -> 0x03B7
mem[X,0x0000000080000602] -> 0x0400
[389] [M]: 0x0000000080000600 (0x040003B7) lui t2, 0x4000
x7 <- 0x0000000004000000

mem[X,0x0000000080000604] -> 0x8393
mem[X,0x0000000080000606] -> 0x0073
[390] [M]: 0x0000000080000604 (0x00738393) addi t2, t2, 0x7
x7 <- 0x0000000004000007

mem[X,0x0000000080000608] -> 0x9393
mem[X,0x000000008000060A] -> 0x00B3
[391] [M]: 0x0000000080000608 (0x00B39393) slli t2, t2, 0xb
x7 <- 0x0000002000003800

mem[X,0x000000008000060C] -> 0x8393
mem[X,0x000000008000060E] -> 0x0003
[392] [M]: 0x000000008000060C (0x00038393) addi t2, t2, 0x0
x7 <- 0x0000002000003800

mem[X,0x0000000080000610] -> 0x9393
mem[X,0x0000000080000612] -> 0x00B3
[393] [M]: 0x0000000080000610 (0x00B39393) slli t2, t2, 0xb
x7 <- 0x0001000001C00000

mem[X,0x0000000080000614] -> 0x8393
mem[X,0x0000000080000616] -> 0x17F3
[394] [M]: 0x0000000080000614 (0x17F38393) addi t2, t2, 0x17f
x7 <- 0x0001000001C0017F

mem[X,0x0000000080000618] -> 0x9393
mem[X,0x000000008000061A] -> 0x00A3
[395] [M]: 0x0000000080000618 (0x00A39393) slli t2, t2, 0xa
x7 <- 0x040000070005FC00

mem[X,0x000000008000061C] -> 0x8393
mem[X,0x000000008000061E] -> 0x3F63
[396] [M]: 0x000000008000061C (0x3F638393) addi t2, t2, 0x3f6
x7 <- 0x040000070005FFF6

mem[X,0x0000000080000620] -> 0x8D3B
mem[X,0x0000000080000622] -> 0xF874
[397] [M]: 0x0000000080000620 (0xF8748D3B) pasubu.h s10, s1, t2
x26 <- 0x7DFD01FCFFFF8405

mem[X,0x0000000080000624] -> 0x3423
mem[X,0x0000000080000626] -> 0x01A2
[398] [M]: 0x0000000080000624 (0x01A23423) sd s10, 0x8(tp)
mem[0x0000000080004190] <- 0x7DFD01FCFFFF8405

mem[X,0x0000000080000628] -> 0x0E37
mem[X,0x000000008000062A] -> 0x8000
[399] [M]: 0x0000000080000628 (0x80000E37) lui t3, -0x80000
x28 <- 0xFFFFFFFF80000000

clint::tick mtime <- 0x0000000000000004
 clint timer pending at mtime 0x0000000000000004
htif::tick 0x0000000000000000
mem[X,0x000000008000062C] -> 0x0E13
mem[X,0x000000008000062E] -> 0xFF6E
[400] [M]: 0x000000008000062C (0xFF6E0E13) addi t3, t3, -0xa
x28 <- 0xFFFFFFFF7FFFFFF6

mem[X,0x0000000080000630] -> 0x1E13
mem[X,0x0000000080000632] -> 0x00BE
[401] [M]: 0x0000000080000630 (0x00BE1E13) slli t3, t3, 0xb
x28 <- 0xFFFFFBFFFFFFB000

mem[X,0x0000000080000634] -> 0x0E13
mem[X,0x0000000080000636] -> 0x6FFE
[402] [M]: 0x0000000080000634 (0x6FFE0E13) addi t3, t3, 0x6ff
x28 <- 0xFFFFFBFFFFFFB6FF

mem[X,0x0000000080000638] -> 0x1E13
mem[X,0x000000008000063A] -> 0x00BE
[403] [M]: 0x0000000080000638 (0x00BE1E13) slli t3, t3, 0xb
x28 <- 0xFFDFFFFFFDB7F800

mem[X,0x000000008000063C] -> 0x0E13
mem[X,0x000000008000063E] -> 0x7C4E
[404] [M]: 0x000000008000063C (0x7C4E0E13) addi t3, t3, 0x7c4
x28 <- 0xFFDFFFFFFDB7FFC4

mem[X,0x0000000080000640] -> 0x1E13
mem[X,0x0000000080000642] -> 0x00AE
[405] [M]: 0x0000000080000640 (0x00AE1E13) slli t3, t3, 0xa
x28 <- 0x7FFFFFF6DFFF1000

mem[X,0x0000000080000644] -> 0x4EB7
mem[X,0x0000000080000646] -> 0xFFFD
[406] [M]: 0x0000000080000644 (0xFFFD4EB7) lui t4, -0x2c
x29 <- 0xFFFFFFFFFFFD4000

mem[X,0x0000000080000648] -> 0x8E93
mem[X,0x000000008000064A] -> 0xFFFE
[407] [M]: 0x0000000080000648 (0xFFFE8E93) addi t4, t4, -0x1
x29 <- 0xFFFFFFFFFFFD3FFF

mem[X,0x000000008000064C] -> 0x9E93
mem[X,0x000000008000064E] -> 0x00BE
[408] [M]: 0x000000008000064C (0x00BE9E93) slli t4, t4, 0xb
x29 <- 0xFFFFFFFFE9FFF800

mem[X,0x0000000080000650] -> 0x8E93
mem[X,0x0000000080000652] -> 0x7FFE
[409] [M]: 0x0000000080000650 (0x7FFE8E93) addi t4, t4, 0x7ff
x29 <- 0xFFFFFFFFE9FFFFFF

mem[X,0x0000000080000654] -> 0x9E93
mem[X,0x0000000080000656] -> 0x00BE
[410] [M]: 0x0000000080000654 (0x00BE9E93) slli t4, t4, 0xb
x29 <- 0xFFFFFF4FFFFFF800

mem[X,0x0000000080000658] -> 0x8E93
mem[X,0x000000008000065A] -> 0x3C0E
[411] [M]: 0x0000000080000658 (0x3C0E8E93) addi t4, t4, 0x3c0
x29 <- 0xFFFFFF4FFFFFFBC0

mem[X,0x000000008000065C] -> 0x9E93
mem[X,0x000000008000065E] -> 0x00AE
[412] [M]: 0x000000008000065C (0x00AE9E93) slli t4, t4, 0xa
x29 <- 0xFFFD3FFFFFEF0000

mem[X,0x0000000080000660] -> 0x8E93
mem[X,0x0000000080000662] -> 0x080E
[413] [M]: 0x0000000080000660 (0x080E8E93) addi t4, t4, 0x80
x29 <- 0xFFFD3FFFFFEF0080

mem[X,0x0000000080000664] -> 0x0B3B
mem[X,0x0000000080000666] -> 0xF9DE
[414] [M]: 0x0000000080000664 (0xF9DE0B3B) pasubu.h s6, t3, t4
x22 <- 0xC0015FFBF00807C0

mem[X,0x0000000080000668] -> 0x3823
mem[X,0x000000008000066A] -> 0x0162
[415] [M]: 0x0000000080000668 (0x01623823) sd s6, 0x10(tp)
mem[0x0000000080004198] <- 0xC0015FFBF00807C0

mem[X,0x000000008000066C] -> 0x45B7
mem[X,0x000000008000066E] -> 0xFFF7
[416] [M]: 0x000000008000066C (0xFFF745B7) lui a1, -0x8c
x11 <- 0xFFFFFFFFFFF74000

mem[X,0x0000000080000670] -> 0x8593
mem[X,0x0000000080000672] -> 0x0005
[417] [M]: 0x0000000080000670 (0x00058593) addi a1, a1, 0x0
x11 <- 0xFFFFFFFFFFF74000

mem[X,0x0000000080000674] -> 0x9593
mem[X,0x0000000080000676] -> 0x00B5
[418] [M]: 0x0000000080000674 (0x00B59593) slli a1, a1, 0xb
x11 <- 0xFFFFFFFFBA000000

mem[X,0x0000000080000678] -> 0x8593
mem[X,0x000000008000067A] -> 0x7F75
[419] [M]: 0x0000000080000678 (0x7F758593) addi a1, a1, 0x7f7
x11 <- 0xFFFFFFFFBA0007F7

mem[X,0x000000008000067C] -> 0x9593
mem[X,0x000000008000067E] -> 0x00B5
[420] [M]: 0x000000008000067C (0x00B59593) slli a1, a1, 0xb
x11 <- 0xFFFFFDD0003FB800

mem[X,0x0000000080000680] -> 0x8593
mem[X,0x0000000080000682] -> 0x7C85
[421] [M]: 0x0000000080000680 (0x7C858593) addi a1, a1, 0x7c8
x11 <- 0xFFFFFDD0003FBFC8

mem[X,0x0000000080000684] -> 0x9593
mem[X,0x0000000080000686] -> 0x00A5
[422] [M]: 0x0000000080000684 (0x00A59593) slli a1, a1, 0xa
x11 <- 0xFFF74000FEFF2000

mem[X,0x0000000080000688] -> 0xC9B7
mem[X,0x000000008000068A] -> 0xF7FF
[423] [M]: 0x0000000080000688 (0xF7FFC9B7) lui s3, -0x8004
x19 <- 0xFFFFFFFFF7FFC000

mem[X,0x000000008000068C] -> 0x8993
mem[X,0x000000008000068E] -> 0xFFF9
[424] [M]: 0x000000008000068C (0xFFF98993) addi s3, s3, -0x1
x19 <- 0xFFFFFFFFF7FFBFFF

mem[X,0x0000000080000690] -> 0x9993
mem[X,0x0000000080000692] -> 0x00B9
[425] [M]: 0x0000000080000690 (0x00B99993) slli s3, s3, 0xb
x19 <- 0xFFFFFFBFFDFFF800

mem[X,0x0000000080000694] -> 0x8993
mem[X,0x0000000080000696] -> 0x0009
[426] [M]: 0x0000000080000694 (0x00098993) addi s3, s3, 0x0
x19 <- 0xFFFFFFBFFDFFF800

mem[X,0x0000000080000698] -> 0x9993
mem[X,0x000000008000069A] -> 0x00B9
[427] [M]: 0x0000000080000698 (0x00B99993) slli s3, s3, 0xb
x19 <- 0xFFFDFFEFFFC00000

mem[X,0x000000008000069C] -> 0x8993
mem[X,0x000000008000069E] -> 0x0809
[428] [M]: 0x000000008000069C (0x08098993) addi s3, s3, 0x80
x19 <- 0xFFFDFFEFFFC00080

mem[X,0x00000000800006A0] -> 0x9993
mem[X,0x00000000800006A2] -> 0x00A9
[429] [M]: 0x00000000800006A0 (0x00A99993) slli s3, s3, 0xa
x19 <- 0xF7FFBFFF00020000

mem[X,0x00000000800006A4] -> 0x8993
mem[X,0x00000000800006A6] -> 0x0059
[430] [M]: 0x00000000800006A4 (0x00598993) addi s3, s3, 0x5
x19 <- 0xF7FFBFFF00020005

mem[X,0x00000000800006A8] -> 0x8FBB
mem[X,0x00000000800006AA] -> 0xF935
[431] [M]: 0x00000000800006A8 (0xF9358FBB) pasubu.h t6, a1, s3
x31 <- 0x03FCC0007F7E0FFD

mem[X,0x00000000800006AC] -> 0x3C23
mem[X,0x00000000800006AE] -> 0x01F2
[432] [M]: 0x00000000800006AC (0x01F23C23) sd t6, 0x18(tp)
mem[0x00000000800041A0] <- 0x03FCC0007F7E0FFD

mem[X,0x00000000800006B0] -> 0x09B7
mem[X,0x00000000800006B2] -> 0xFDFF
[433] [M]: 0x00000000800006B0 (0xFDFF09B7) lui s3, -0x2010
x19 <- 0xFFFFFFFFFDFF0000

mem[X,0x00000000800006B4] -> 0x8993
mem[X,0x00000000800006B6] -> 0x0099
[434] [M]: 0x00000000800006B4 (0x00998993) addi s3, s3, 0x9
x19 <- 0xFFFFFFFFFDFF0009

mem[X,0x00000000800006B8] -> 0x9993
mem[X,0x00000000800006BA] -> 0x00B9
[435] [M]: 0x00000000800006B8 (0x00B99993) slli s3, s3, 0xb
x19 <- 0xFFFFFFEFF8004800

mem[X,0x00000000800006BC] -> 0x8993
mem[X,0x00000000800006BE] -> 0x4009
[436] [M]: 0x00000000800006BC (0x40098993) addi s3, s3, 0x400
x19 <- 0xFFFFFFEFF8004C00

mem[X,0x00000000800006C0] -> 0x9993
mem[X,0x00000000800006C2] -> 0x00B9
[437] [M]: 0x00000000800006C0 (0x00B99993) slli s3, s3, 0xb
x19 <- 0xFFFF7FC002600000

mem[X,0x00000000800006C4] -> 0x8993
mem[X,0x00000000800006C6] -> 0x0109
[438] [M]: 0x00000000800006C4 (0x01098993) addi s3, s3, 0x10
x19 <- 0xFFFF7FC002600010

mem[X,0x00000000800006C8] -> 0x9993
mem[X,0x00000000800006CA] -> 0x00A9
[439] [M]: 0x00000000800006C8 (0x00A99993) slli s3, s3, 0xa
x19 <- 0xFDFF000980004000

mem[X,0x00000000800006CC] -> 0x45B7
mem[X,0x00000000800006CE] -> 0xFFBF
[440] [M]: 0x00000000800006CC (0xFFBF45B7) lui a1, -0x40c
x11 <- 0xFFFFFFFFFFBF4000

mem[X,0x00000000800006D0] -> 0x8593
mem[X,0x00000000800006D2] -> 0xFFF5
[441] [M]: 0x00000000800006D0 (0xFFF58593) addi a1, a1, -0x1
x11 <- 0xFFFFFFFFFFBF3FFF

mem[X,0x00000000800006D4] -> 0x9593
mem[X,0x00000000800006D6] -> 0x00B5
[442] [M]: 0x00000000800006D4 (0x00B59593) slli a1, a1, 0xb
x11 <- 0xFFFFFFFDF9FFF800

mem[X,0x00000000800006D8] -> 0x8593
mem[X,0x00000000800006DA] -> 0x0005
[443] [M]: 0x00000000800006D8 (0x00058593) addi a1, a1, 0x0
x11 <- 0xFFFFFFFDF9FFF800

mem[X,0x00000000800006DC] -> 0x9593
mem[X,0x00000000800006DE] -> 0x00B5
[444] [M]: 0x00000000800006DC (0x00B59593) slli a1, a1, 0xb
x11 <- 0xFFFFEFCFFFC00000

mem[X,0x00000000800006E0] -> 0x8593
mem[X,0x00000000800006E2] -> 0x0815
[445] [M]: 0x00000000800006E0 (0x08158593) addi a1, a1, 0x81
x11 <- 0xFFFFEFCFFFC00081

mem[X,0x00000000800006E4] -> 0x9593
mem[X,0x00000000800006E6] -> 0x00A5
[446] [M]: 0x00000000800006E4 (0x00A59593) slli a1, a1, 0xa
x11 <- 0xFFBF3FFF00020400

mem[X,0x00000000800006E8] -> 0x873B
mem[X,0x00000000800006EA] -> 0xF8B9
[447] [M]: 0x00000000800006E8 (0xF8B9873B) pasubu.h a4, s3, a1
x14 <- 0xFF20E0053FFF1E00

mem[X,0x00000000800006EC] -> 0x3023
mem[X,0x00000000800006EE] -> 0x02E2
[448] [M]: 0x00000000800006EC (0x02E23023) sd a4, 0x20(tp)
mem[0x00000000800041A8] <- 0xFF20E0053FFF1E00

mem[X,0x00000000800006F0] -> 0x0637
mem[X,0x00000000800006F2] -> 0xF000
[449] [M]: 0x00000000800006F0 (0xF0000637) lui a2, -0x10000
x12 <- 0xFFFFFFFFF0000000

mem[X,0x00000000800006F4] -> 0x0613
mem[X,0x00000000800006F6] -> 0xFEF6
[450] [M]: 0x00000000800006F4 (0xFEF60613) addi a2, a2, -0x11
x12 <- 0xFFFFFFFFEFFFFFEF

mem[X,0x00000000800006F8] -> 0x1613
mem[X,0x00000000800006FA] -> 0x00B6
[451] [M]: 0x00000000800006F8 (0x00B61613) slli a2, a2, 0xb
x12 <- 0xFFFFFF7FFFFF7800

mem[X,0x00000000800006FC] -> 0x0613
mem[X,0x00000000800006FE] -> 0x0106
[452] [M]: 0x00000000800006FC (0x01060613) addi a2, a2, 0x10
x12 <- 0xFFFFFF7FFFFF7810

mem[X,0x0000000080000700] -> 0x1613
mem[X,0x0000000080000702] -> 0x00B6
[453] [M]: 0x0000000080000700 (0x00B61613) slli a2, a2, 0xb
x12 <- 0xFFFBFFFFFBC08000

mem[X,0x0000000080000704] -> 0x0613
mem[X,0x0000000080000706] -> 0x03F6
[454] [M]: 0x0000000080000704 (0x03F60613) addi a2, a2, 0x3f
x12 <- 0xFFFBFFFFFBC0803F

mem[X,0x0000000080000708] -> 0x1613
mem[X,0x000000008000070A] -> 0x00A6
[455] [M]: 0x0000000080000708 (0x00A61613) slli a2, a2, 0xa
x12 <- 0xEFFFFFEF0200FC00

mem[X,0x000000008000070C] -> 0x0613
mem[X,0x000000008000070E] -> 0x3FE6
[456] [M]: 0x000000008000070C (0x3FE60613) addi a2, a2, 0x3fe
x12 <- 0xEFFFFFEF0200FFFE

mem[X,0x0000000080000710] -> 0x4DB7
mem[X,0x0000000080000712] -> 0x3FFF
[457] [M]: 0x0000000080000710 (0x3FFF4DB7) lui s11, 0x3fff4
x27 <- 0x000000003FFF4000

mem[X,0x0000000080000714] -> 0x8D93
mem[X,0x0000000080000716] -> 0xFFFD
[458] [M]: 0x0000000080000714 (0xFFFD8D93) addi s11, s11, -0x1
x27 <- 0x000000003FFF3FFF

mem[X,0x0000000080000718] -> 0x9D93
mem[X,0x000000008000071A] -> 0x00BD
[459] [M]: 0x0000000080000718 (0x00BD9D93) slli s11, s11, 0xb
x27 <- 0x000001FFF9FFF800

mem[X,0x000000008000071C] -> 0x8D93
mem[X,0x000000008000071E] -> 0x000D
[460] [M]: 0x000000008000071C (0x000D8D93) addi s11, s11, 0x0
x27 <- 0x000001FFF9FFF800

mem[X,0x0000000080000720] -> 0x9D93
mem[X,0x0000000080000722] -> 0x00BD
[461] [M]: 0x0000000080000720 (0x00BD9D93) slli s11, s11, 0xb
x27 <- 0x000FFFCFFFC00000

mem[X,0x0000000080000724] -> 0x8D93
mem[X,0x0000000080000726] -> 0x081D
[462] [M]: 0x0000000080000724 (0x081D8D93) addi s11, s11, 0x81
x27 <- 0x000FFFCFFFC00081

mem[X,0x0000000080000728] -> 0x9D93
mem[X,0x000000008000072A] -> 0x00AD
[463] [M]: 0x0000000080000728 (0x00AD9D93) slli s11, s11, 0xa
x27 <- 0x3FFF3FFF00020400

mem[X,0x000000008000072C] -> 0x00BB
mem[X,0x000000008000072E] -> 0xF9B6
[464] [M]: 0x000000008000072C (0xF9B600BB) pasubu.h ra, a2, s11
x1 <- 0x58005FF800FF7DFF

mem[X,0x0000000080000730] -> 0x3423
mem[X,0x0000000080000732] -> 0x0212
[465] [M]: 0x0000000080000730 (0x02123423) sd ra, 0x28(tp)
mem[0x00000000800041B0] <- 0x58005FF800FF7DFF

mem[X,0x0000000080000734] -> 0x1037
mem[X,0x0000000080000736] -> 0x5555
[466] [M]: 0x0000000080000734 (0x55551037) lui zero, 0x55551

mem[X,0x0000000080000738] -> 0x0013
mem[X,0x000000008000073A] -> 0x8000
[467] [M]: 0x0000000080000738 (0x80000013) addi zero, zero, -0x800

mem[X,0x000000008000073C] -> 0x1013
mem[X,0x000000008000073E] -> 0x00B0
[468] [M]: 0x000000008000073C (0x00B01013) slli zero, zero, 0xb

mem[X,0x0000000080000740] -> 0x0013
mem[X,0x0000000080000742] -> 0x2AA0
[469] [M]: 0x0000000080000740 (0x2AA00013) addi zero, zero, 0x2aa

mem[X,0x0000000080000744] -> 0x1013
mem[X,0x0000000080000746] -> 0x00B0
[470] [M]: 0x0000000080000744 (0x00B01013) slli zero, zero, 0xb

mem[X,0x0000000080000748] -> 0x0013
mem[X,0x000000008000074A] -> 0x57F0
[471] [M]: 0x0000000080000748 (0x57F00013) addi zero, zero, 0x57f

mem[X,0x000000008000074C] -> 0x1013
mem[X,0x000000008000074E] -> 0x00A0
[472] [M]: 0x000000008000074C (0x00A01013) slli zero, zero, 0xa

mem[X,0x0000000080000750] -> 0x0013
mem[X,0x0000000080000752] -> 0x3FD0
[473] [M]: 0x0000000080000750 (0x3FD00013) addi zero, zero, 0x3fd

mem[X,0x0000000080000754] -> 0x0637
mem[X,0x0000000080000756] -> 0x0009
[474] [M]: 0x0000000080000754 (0x00090637) lui a2, 0x90
x12 <- 0x0000000000090000

mem[X,0x0000000080000758] -> 0x0613
mem[X,0x000000008000075A] -> 0xFFC6
[475] [M]: 0x0000000080000758 (0xFFC60613) addi a2, a2, -0x4
x12 <- 0x000000000008FFFC

mem[X,0x000000008000075C] -> 0x1613
mem[X,0x000000008000075E] -> 0x00B6
[476] [M]: 0x000000008000075C (0x00B61613) slli a2, a2, 0xb
x12 <- 0x0000000047FFE000

mem[X,0x0000000080000760] -> 0x0613
mem[X,0x0000000080000762] -> 0x77F6
[477] [M]: 0x0000000080000760 (0x77F60613) addi a2, a2, 0x77f
x12 <- 0x0000000047FFE77F

mem[X,0x0000000080000764] -> 0x1613
mem[X,0x0000000080000766] -> 0x00B6
[478] [M]: 0x0000000080000764 (0x00B61613) slli a2, a2, 0xb
x12 <- 0x0000023FFF3BF800

mem[X,0x0000000080000768] -> 0x0613
mem[X,0x000000008000076A] -> 0x7C06
[479] [M]: 0x0000000080000768 (0x7C060613) addi a2, a2, 0x7c0
x12 <- 0x0000023FFF3BFFC0

mem[X,0x000000008000076C] -> 0x1613
mem[X,0x000000008000076E] -> 0x00A6
[480] [M]: 0x000000008000076C (0x00A61613) slli a2, a2, 0xa
x12 <- 0x0008FFFCEFFF0000

mem[X,0x0000000080000770] -> 0x0613
mem[X,0x0000000080000772] -> 0x0096
[481] [M]: 0x0000000080000770 (0x00960613) addi a2, a2, 0x9
x12 <- 0x0008FFFCEFFF0009

mem[X,0x0000000080000774] -> 0x0A3B
mem[X,0x0000000080000776] -> 0xF8C0
[482] [M]: 0x0000000080000774 (0xF8C00A3B) pasubu.h s4, zero, a2
x20 <- 0xFFFC80028800FFFB

mem[X,0x0000000080000778] -> 0x3823
mem[X,0x000000008000077A] -> 0x0342
[483] [M]: 0x0000000080000778 (0x03423823) sd s4, 0x30(tp)
mem[0x00000000800041B8] <- 0xFFFC80028800FFFB

mem[X,0x000000008000077C] -> 0x0937
mem[X,0x000000008000077E] -> 0x0800
[484] [M]: 0x000000008000077C (0x08000937) lui s2, 0x8000
x18 <- 0x0000000008000000

mem[X,0x0000000080000780] -> 0x0913
mem[X,0x0000000080000782] -> 0x0109
[485] [M]: 0x0000000080000780 (0x01090913) addi s2, s2, 0x10
x18 <- 0x0000000008000010

mem[X,0x0000000080000784] -> 0x1913
mem[X,0x0000000080000786] -> 0x00B9
[486] [M]: 0x0000000080000784 (0x00B91913) slli s2, s2, 0xb
x18 <- 0x0000004000008000

mem[X,0x0000000080000788] -> 0x0913
mem[X,0x000000008000078A] -> 0x7FF9
[487] [M]: 0x0000000080000788 (0x7FF90913) addi s2, s2, 0x7ff
x18 <- 0x00000040000087FF

mem[X,0x000000008000078C] -> 0x1913
mem[X,0x000000008000078E] -> 0x00B9
[488] [M]: 0x000000008000078C (0x00B91913) slli s2, s2, 0xb
x18 <- 0x00020000043FF800

mem[X,0x0000000080000790] -> 0x0913
mem[X,0x0000000080000792] -> 0x3FF9
[489] [M]: 0x0000000080000790 (0x3FF90913) addi s2, s2, 0x3ff
x18 <- 0x00020000043FFBFF

mem[X,0x0000000080000794] -> 0x1913
mem[X,0x0000000080000796] -> 0x00A9
[490] [M]: 0x0000000080000794 (0x00A91913) slli s2, s2, 0xa
x18 <- 0x08000010FFEFFC00

mem[X,0x0000000080000798] -> 0x0913
mem[X,0x000000008000079A] -> 0x3FB9
[491] [M]: 0x0000000080000798 (0x3FB90913) addi s2, s2, 0x3fb
x18 <- 0x08000010FFEFFFFB

mem[X,0x000000008000079C] -> 0xFB37
mem[X,0x000000008000079E] -> 0xBFFF
[492] [M]: 0x000000008000079C (0xBFFFFB37) lui s6, -0x40001
x22 <- 0xFFFFFFFFBFFFF000

mem[X,0x00000000800007A0] -> 0x0B13
mem[X,0x00000000800007A2] -> 0xFFFB
[493] [M]: 0x00000000800007A0 (0xFFFB0B13) addi s6, s6, -0x1
x22 <- 0xFFFFFFFFBFFFEFFF

mem[X,0x00000000800007A4] -> 0x1B13
mem[X,0x00000000800007A6] -> 0x00BB
[494] [M]: 0x00000000800007A4 (0x00BB1B13) slli s6, s6, 0xb
x22 <- 0xFFFFFDFFFF7FF800

mem[X,0x00000000800007A8] -> 0x0B13
mem[X,0x00000000800007AA] -> 0x000B
[495] [M]: 0x00000000800007A8 (0x000B0B13) addi s6, s6, 0x0
x22 <- 0xFFFFFDFFFF7FF800

mem[X,0x00000000800007AC] -> 0x1B13
mem[X,0x00000000800007AE] -> 0x00BB
[496] [M]: 0x00000000800007AC (0x00BB1B13) slli s6, s6, 0xb
x22 <- 0xFFEFFFFBFFC00000

mem[X,0x00000000800007B0] -> 0x0B13
mem[X,0x00000000800007B2] -> 0x03FB
[497] [M]: 0x00000000800007B0 (0x03FB0B13) addi s6, s6, 0x3f
x22 <- 0xFFEFFFFBFFC0003F

mem[X,0x00000000800007B4] -> 0x1B13
mem[X,0x00000000800007B6] -> 0x00AB
[498] [M]: 0x00000000800007B4 (0x00AB1B13) slli s6, s6, 0xa
x22 <- 0xBFFFEFFF0000FC00

mem[X,0x00000000800007B8] -> 0x0B13
mem[X,0x00000000800007BA] -> 0x37FB
[499] [M]: 0x00000000800007B8 (0x37FB0B13) addi s6, s6, 0x37f
x22 <- 0xBFFFEFFF0000FF7F

clint::tick mtime <- 0x0000000000000005
 clint timer pending at mtime 0x0000000000000005
htif::tick 0x0000000000000000
mem[X,0x00000000800007BC] -> 0x043B
mem[X,0x00000000800007BE] -> 0xF969
[500] [M]: 0x00000000800007BC (0xF969043B) pasubu.h fp, s2, s6
x8 <- 0xA40088087FF7003E

mem[X,0x00000000800007C0] -> 0x3C23
mem[X,0x00000000800007C2] -> 0x0282
[501] [M]: 0x00000000800007C0 (0x02823C23) sd fp, 0x38(tp)
mem[0x00000000800041C0] <- 0xA40088087FF7003E

mem[X,0x00000000800007C4] -> 0x0537
mem[X,0x00000000800007C6] -> 0x0100
[502] [M]: 0x00000000800007C4 (0x01000537) lui a0, 0x1000
x10 <- 0x0000000001000000

mem[X,0x00000000800007C8] -> 0x0513
mem[X,0x00000000800007CA] -> 0x0045
[503] [M]: 0x00000000800007C8 (0x00450513) addi a0, a0, 0x4
x10 <- 0x0000000001000004

mem[X,0x00000000800007CC] -> 0x1513
mem[X,0x00000000800007CE] -> 0x00B5
[504] [M]: 0x00000000800007CC (0x00B51513) slli a0, a0, 0xb
x10 <- 0x0000000800002000

mem[X,0x00000000800007D0] -> 0x0513
mem[X,0x00000000800007D2] -> 0x7FF5
[505] [M]: 0x00000000800007D0 (0x7FF50513) addi a0, a0, 0x7ff
x10 <- 0x00000008000027FF

mem[X,0x00000000800007D4] -> 0x1513
mem[X,0x00000000800007D6] -> 0x00B5
[506] [M]: 0x00000000800007D4 (0x00B51513) slli a0, a0, 0xb
x10 <- 0x00004000013FF800

mem[X,0x00000000800007D8] -> 0x0513
mem[X,0x00000000800007DA] -> 0x77F5
[507] [M]: 0x00000000800007D8 (0x77F50513) addi a0, a0, 0x77f
x10 <- 0x00004000013FFF7F

mem[X,0x00000000800007DC] -> 0x1513
mem[X,0x00000000800007DE] -> 0x00A5
[508] [M]: 0x00000000800007DC (0x00A51513) slli a0, a0, 0xa
x10 <- 0x01000004FFFDFC00

mem[X,0x00000000800007E0] -> 0x0513
mem[X,0x00000000800007E2] -> 0x3F75
[509] [M]: 0x00000000800007E0 (0x3F750513) addi a0, a0, 0x3f7
x10 <- 0x01000004FFFDFFF7

mem[X,0x00000000800007E4] -> 0x1FB7
mem[X,0x00000000800007E6] -> 0xFDFF
[510] [M]: 0x00000000800007E4 (0xFDFF1FB7) lui t6, -0x200f
x31 <- 0xFFFFFFFFFDFF1000

mem[X,0x00000000800007E8] -> 0x8F93
mem[X,0x00000000800007EA] -> 0x000F
[511] [M]: 0x00000000800007E8 (0x000F8F93) addi t6, t6, 0x0
x31 <- 0xFFFFFFFFFDFF1000

mem[X,0x00000000800007EC] -> 0x9F93
mem[X,0x00000000800007EE] -> 0x00BF
[512] [M]: 0x00000000800007EC (0x00BF9F93) slli t6, t6, 0xb
x31 <- 0xFFFFFFEFF8800000

mem[X,0x00000000800007F0] -> 0x8F93
mem[X,0x00000000800007F2] -> 0x080F
[513] [M]: 0x00000000800007F0 (0x080F8F93) addi t6, t6, 0x80
x31 <- 0xFFFFFFEFF8800080

mem[X,0x00000000800007F4] -> 0x9F93
mem[X,0x00000000800007F6] -> 0x00BF
[514] [M]: 0x00000000800007F4 (0x00BF9F93) slli t6, t6, 0xb
x31 <- 0xFFFF7FC400040000

mem[X,0x00000000800007F8] -> 0x8F93
mem[X,0x00000000800007FA] -> 0x000F
[515] [M]: 0x00000000800007F8 (0x000F8F93) addi t6, t6, 0x0
x31 <- 0xFFFF7FC400040000

mem[X,0x00000000800007FC] -> 0x9F93
mem[X,0x00000000800007FE] -> 0x00AF
[516] [M]: 0x00000000800007FC (0x00AF9F93) slli t6, t6, 0xa
x31 <- 0xFDFF100010000000

mem[X,0x0000000080000800] -> 0x8F93
mem[X,0x0000000080000802] -> 0x009F
[517] [M]: 0x0000000080000800 (0x009F8F93) addi t6, t6, 0x9
x31 <- 0xFDFF100010000009

mem[X,0x0000000080000804] -> 0x013B
mem[X,0x0000000080000806] -> 0xF9F5
[518] [M]: 0x0000000080000804 (0xF9F5013B) pasubu.h sp, a0, t6
x2 <- 0x8180F80277FE7FF7

mem[X,0x0000000080000808] -> 0x3023
mem[X,0x000000008000080A] -> 0x0422
[519] [M]: 0x0000000080000808 (0x04223023) sd sp, 0x40(tp)
mem[0x00000000800041C8] <- 0x8180F80277FE7FF7

mem[X,0x000000008000080C] -> 0x4FB7
mem[X,0x000000008000080E] -> 0xDFFF
[520] [M]: 0x000000008000080C (0xDFFF4FB7) lui t6, -0x2000c
x31 <- 0xFFFFFFFFDFFF4000

mem[X,0x0000000080000810] -> 0x8F93
mem[X,0x0000000080000812] -> 0x000F
[521] [M]: 0x0000000080000810 (0x000F8F93) addi t6, t6, 0x0
x31 <- 0xFFFFFFFFDFFF4000

mem[X,0x0000000080000814] -> 0x9F93
mem[X,0x0000000080000816] -> 0x00BF
[522] [M]: 0x0000000080000814 (0x00BF9F93) slli t6, t6, 0xb
x31 <- 0xFFFFFEFFFA000000

mem[X,0x0000000080000818] -> 0x8F93
mem[X,0x000000008000081A] -> 0x7FFF
[523] [M]: 0x0000000080000818 (0x7FFF8F93) addi t6, t6, 0x7ff
x31 <- 0xFFFFFEFFFA0007FF

mem[X,0x000000008000081C] -> 0x9F93
mem[X,0x000000008000081E] -> 0x00BF
[524] [M]: 0x000000008000081C (0x00BF9F93) slli t6, t6, 0xb
x31 <- 0xFFF7FFD0003FF800

mem[X,0x0000000080000820] -> 0x8F93
mem[X,0x0000000080000822] -> 0x5FFF
[525] [M]: 0x0000000080000820 (0x5FFF8F93) addi t6, t6, 0x5ff
x31 <- 0xFFF7FFD0003FFDFF

mem[X,0x0000000080000824] -> 0x9F93
mem[X,0x0000000080000826] -> 0x00AF
[526] [M]: 0x0000000080000824 (0x00AF9F93) slli t6, t6, 0xa
x31 <- 0xDFFF4000FFF7FC00

mem[X,0x0000000080000828] -> 0x8F93
mem[X,0x000000008000082A] -> 0x3EFF
[527] [M]: 0x0000000080000828 (0x3EFF8F93) addi t6, t6, 0x3ef
x31 <- 0xDFFF4000FFF7FFEF

mem[X,0x000000008000082C] -> 0xBAB7
mem[X,0x000000008000082E] -> 0xDFFF
[528] [M]: 0x000000008000082C (0xDFFFBAB7) lui s5, -0x20005
x21 <- 0xFFFFFFFFDFFFB000

mem[X,0x0000000080000830] -> 0x8A93
mem[X,0x0000000080000832] -> 0xAAAA
[529] [M]: 0x0000000080000830 (0xAAAA8A93) addi s5, s5, -0x556
x21 <- 0xFFFFFFFFDFFFAAAA

mem[X,0x0000000080000834] -> 0x9A93
mem[X,0x0000000080000836] -> 0x00BA
[530] [M]: 0x0000000080000834 (0x00BA9A93) slli s5, s5, 0xb
x21 <- 0xFFFFFEFFFD555000

mem[X,0x0000000080000838] -> 0x8A93
mem[X,0x000000008000083A] -> 0x7FFA
[531] [M]: 0x0000000080000838 (0x7FFA8A93) addi s5, s5, 0x7ff
x21 <- 0xFFFFFEFFFD5557FF

mem[X,0x000000008000083C] -> 0x9A93
mem[X,0x000000008000083E] -> 0x00BA
[532] [M]: 0x000000008000083C (0x00BA9A93) slli s5, s5, 0xb
x21 <- 0xFFF7FFEAAABFF800

mem[X,0x0000000080000840] -> 0x8A93
mem[X,0x0000000080000842] -> 0x63BA
[533] [M]: 0x0000000080000840 (0x63BA8A93) addi s5, s5, 0x63b
x21 <- 0xFFF7FFEAAABFFE3B

mem[X,0x0000000080000844] -> 0x9A93
mem[X,0x0000000080000846] -> 0x00AA
[534] [M]: 0x0000000080000844 (0x00AA9A93) slli s5, s5, 0xa
x21 <- 0xDFFFAAAAFFF8EC00

mem[X,0x0000000080000848] -> 0x8A93
mem[X,0x000000008000084A] -> 0x3FFA
[535] [M]: 0x0000000080000848 (0x3FFA8A93) addi s5, s5, 0x3ff
x21 <- 0xDFFFAAAAFFF8EFFF

mem[X,0x000000008000084C] -> 0x893B
mem[X,0x000000008000084E] -> 0xF95F
[536] [M]: 0x000000008000084C (0xF95F893B) pasubu.h s2, t6, s5
x18 <- 0x0000CAABFFFF07F8

mem[X,0x0000000080000850] -> 0x3423
mem[X,0x0000000080000852] -> 0x0522
[537] [M]: 0x0000000080000850 (0x05223423) sd s2, 0x48(tp)
mem[0x00000000800041D0] <- 0x0000CAABFFFF07F8

mem[X,0x0000000080000854] -> 0x00B7
mem[X,0x0000000080000856] -> 0xF7FF
[538] [M]: 0x0000000080000854 (0xF7FF00B7) lui ra, -0x8010
x1 <- 0xFFFFFFFFF7FF0000

mem[X,0x0000000080000858] -> 0x8093
mem[X,0x000000008000085A] -> 0x0100
[539] [M]: 0x0000000080000858 (0x01008093) addi ra, ra, 0x10
x1 <- 0xFFFFFFFFF7FF0010

mem[X,0x000000008000085C] -> 0x9093
mem[X,0x000000008000085E] -> 0x00B0
[540] [M]: 0x000000008000085C (0x00B09093) slli ra, ra, 0xb
x1 <- 0xFFFFFFBFF8008000

mem[X,0x0000000080000860] -> 0x8093
mem[X,0x0000000080000862] -> 0x0010
[541] [M]: 0x0000000080000860 (0x00108093) addi ra, ra, 0x1
x1 <- 0xFFFFFFBFF8008001

mem[X,0x0000000080000864] -> 0x9093
mem[X,0x0000000080000866] -> 0x00B0
[542] [M]: 0x0000000080000864 (0x00B09093) slli ra, ra, 0xb
x1 <- 0xFFFDFFC004000800

mem[X,0x0000000080000868] -> 0x8093
mem[X,0x000000008000086A] -> 0x03F0
[543] [M]: 0x0000000080000868 (0x03F08093) addi ra, ra, 0x3f
x1 <- 0xFFFDFFC00400083F

mem[X,0x000000008000086C] -> 0x9093
mem[X,0x000000008000086E] -> 0x00A0
[544] [M]: 0x000000008000086C (0x00A09093) slli ra, ra, 0xa
x1 <- 0xF7FF00100020FC00

mem[X,0x0000000080000870] -> 0x8093
mem[X,0x0000000080000872] -> 0x3DF0
[545] [M]: 0x0000000080000870 (0x3DF08093) addi ra, ra, 0x3df
x1 <- 0xF7FF00100020FFDF

mem[X,0x0000000080000874] -> 0x16B7
mem[X,0x0000000080000876] -> 0x0010
[546] [M]: 0x0000000080000874 (0x001016B7) lui a3, 0x101
x13 <- 0x0000000000101000

mem[X,0x0000000080000878] -> 0x8693
mem[X,0x000000008000087A] -> 0x0006
[547] [M]: 0x0000000080000878 (0x00068693) addi a3, a3, 0x0
x13 <- 0x0000000000101000

mem[X,0x000000008000087C] -> 0x9693
mem[X,0x000000008000087E] -> 0x00B6
[548] [M]: 0x000000008000087C (0x00B69693) slli a3, a3, 0xb
x13 <- 0x0000000080800000

mem[X,0x0000000080000880] -> 0x8693
mem[X,0x0000000080000882] -> 0x0406
[549] [M]: 0x0000000080000880 (0x04068693) addi a3, a3, 0x40
x13 <- 0x0000000080800040

mem[X,0x0000000080000884] -> 0x9693
mem[X,0x0000000080000886] -> 0x00B6
[550] [M]: 0x0000000080000884 (0x00B69693) slli a3, a3, 0xb
x13 <- 0x0000040400020000

mem[X,0x0000000080000888] -> 0x8693
mem[X,0x000000008000088A] -> 0x0006
[551] [M]: 0x0000000080000888 (0x00068693) addi a3, a3, 0x0
x13 <- 0x0000040400020000

mem[X,0x000000008000088C] -> 0x9693
mem[X,0x000000008000088E] -> 0x00A6
[552] [M]: 0x000000008000088C (0x00A69693) slli a3, a3, 0xa
x13 <- 0x0010100008000000

mem[X,0x0000000080000890] -> 0x8693
mem[X,0x0000000080000892] -> 0x0066
[553] [M]: 0x0000000080000890 (0x00668693) addi a3, a3, 0x6
x13 <- 0x0010100008000006

mem[X,0x0000000080000894] -> 0x85BB
mem[X,0x0000000080000896] -> 0xF8D0
[554] [M]: 0x0000000080000894 (0xF8D085BB) pasubu.h a1, ra, a3
x11 <- 0x7BF7F808FC107FEC

mem[X,0x0000000080000898] -> 0x3823
mem[X,0x000000008000089A] -> 0x04B2
[555] [M]: 0x0000000080000898 (0x04B23823) sd a1, 0x50(tp)
mem[0x00000000800041D8] <- 0x7BF7F808FC107FEC

mem[X,0x000000008000089C] -> 0x0CB7
mem[X,0x000000008000089E] -> 0xFDFF
[556] [M]: 0x000000008000089C (0xFDFF0CB7) lui s9, -0x2010
x25 <- 0xFFFFFFFFFDFF0000

mem[X,0x00000000800008A0] -> 0x8C93
mem[X,0x00000000800008A2] -> 0x003C
[557] [M]: 0x00000000800008A0 (0x003C8C93) addi s9, s9, 0x3
x25 <- 0xFFFFFFFFFDFF0003

mem[X,0x00000000800008A4] -> 0x9C93
mem[X,0x00000000800008A6] -> 0x00BC
[558] [M]: 0x00000000800008A4 (0x00BC9C93) slli s9, s9, 0xb
x25 <- 0xFFFFFFEFF8001800

mem[X,0x00000000800008A8] -> 0x8C93
mem[X,0x00000000800008AA] -> 0x040C
[559] [M]: 0x00000000800008A8 (0x040C8C93) addi s9, s9, 0x40
x25 <- 0xFFFFFFEFF8001840

mem[X,0x00000000800008AC] -> 0x9C93
mem[X,0x00000000800008AE] -> 0x00BC
[560] [M]: 0x00000000800008AC (0x00BC9C93) slli s9, s9, 0xb
x25 <- 0xFFFF7FC000C20000

mem[X,0x00000000800008B0] -> 0x8C93
mem[X,0x00000000800008B2] -> 0x03FC
[561] [M]: 0x00000000800008B0 (0x03FC8C93) addi s9, s9, 0x3f
x25 <- 0xFFFF7FC000C2003F

mem[X,0x00000000800008B4] -> 0x9C93
mem[X,0x00000000800008B6] -> 0x00AC
[562] [M]: 0x00000000800008B4 (0x00AC9C93) slli s9, s9, 0xa
x25 <- 0xFDFF00030800FC00

mem[X,0x00000000800008B8] -> 0x8C93
mem[X,0x00000000800008BA] -> 0x3BFC
[563] [M]: 0x00000000800008B8 (0x3BFC8C93) addi s9, s9, 0x3bf
x25 <- 0xFDFF00030800FFBF

mem[X,0x00000000800008BC] -> 0x02B7
mem[X,0x00000000800008BE] -> 0x0005
[564] [M]: 0x00000000800008BC (0x000502B7) lui t0, 0x50
x5 <- 0x0000000000050000

mem[X,0x00000000800008C0] -> 0x8293
mem[X,0x00000000800008C2] -> 0x0002
[565] [M]: 0x00000000800008C0 (0x00028293) addi t0, t0, 0x0
x5 <- 0x0000000000050000

mem[X,0x00000000800008C4] -> 0x9293
mem[X,0x00000000800008C6] -> 0x00B2
[566] [M]: 0x00000000800008C4 (0x00B29293) slli t0, t0, 0xb
x5 <- 0x0000000028000000

mem[X,0x00000000800008C8] -> 0x8293
mem[X,0x00000000800008CA] -> 0x7DF2
[567] [M]: 0x00000000800008C8 (0x7DF28293) addi t0, t0, 0x7df
x5 <- 0x00000000280007DF

mem[X,0x00000000800008CC] -> 0x9293
mem[X,0x00000000800008CE] -> 0x00B2
[568] [M]: 0x00000000800008CC (0x00B29293) slli t0, t0, 0xb
x5 <- 0x00000140003EF800

mem[X,0x00000000800008D0] -> 0x8293
mem[X,0x00000000800008D2] -> 0x7FF2
[569] [M]: 0x00000000800008D0 (0x7FF28293) addi t0, t0, 0x7ff
x5 <- 0x00000140003EFFFF

mem[X,0x00000000800008D4] -> 0x9293
mem[X,0x00000000800008D6] -> 0x00A2
[570] [M]: 0x00000000800008D4 (0x00A29293) slli t0, t0, 0xa
x5 <- 0x00050000FBFFFC00

mem[X,0x00000000800008D8] -> 0x8293
mem[X,0x00000000800008DA] -> 0x37F2
[571] [M]: 0x00000000800008D8 (0x37F28293) addi t0, t0, 0x37f
x5 <- 0x00050000FBFFFF7F

mem[X,0x00000000800008DC] -> 0x8EBB
mem[X,0x00000000800008DE] -> 0xF85C
[572] [M]: 0x00000000800008DC (0xF85C8EBB) pasubu.h t4, s9, t0
x29 <- 0x7EFD000186000020

mem[X,0x00000000800008E0] -> 0x3C23
mem[X,0x00000000800008E2] -> 0x05D2
[573] [M]: 0x00000000800008E0 (0x05D23C23) sd t4, 0x58(tp)
mem[0x00000000800041E0] <- 0x7EFD000186000020

mem[X,0x00000000800008E4] -> 0x0A37
mem[X,0x00000000800008E6] -> 0xFFBF
[574] [M]: 0x00000000800008E4 (0xFFBF0A37) lui s4, -0x410
x20 <- 0xFFFFFFFFFFBF0000

mem[X,0x00000000800008E8] -> 0x0A13
mem[X,0x00000000800008EA] -> 0x000A
[575] [M]: 0x00000000800008E8 (0x000A0A13) addi s4, s4, 0x0
x20 <- 0xFFFFFFFFFFBF0000

mem[X,0x00000000800008EC] -> 0x1A13
mem[X,0x00000000800008EE] -> 0x00BA
[576] [M]: 0x00000000800008EC (0x00BA1A13) slli s4, s4, 0xb
x20 <- 0xFFFFFFFDF8000000

mem[X,0x00000000800008F0] -> 0x0A13
mem[X,0x00000000800008F2] -> 0x7F7A
[577] [M]: 0x00000000800008F0 (0x7F7A0A13) addi s4, s4, 0x7f7
x20 <- 0xFFFFFFFDF80007F7

mem[X,0x00000000800008F4] -> 0x1A13
mem[X,0x00000000800008F6] -> 0x00BA
[578] [M]: 0x00000000800008F4 (0x00BA1A13) slli s4, s4, 0xb
x20 <- 0xFFFFEFC0003FB800

mem[X,0x00000000800008F8] -> 0x0A13
mem[X,0x00000000800008FA] -> 0x7FFA
[579] [M]: 0x00000000800008F8 (0x7FFA0A13) addi s4, s4, 0x7ff
x20 <- 0xFFFFEFC0003FBFFF

mem[X,0x00000000800008FC] -> 0x1A13
mem[X,0x00000000800008FE] -> 0x00AA
[580] [M]: 0x00000000800008FC (0x00AA1A13) slli s4, s4, 0xa
x20 <- 0xFFBF0000FEFFFC00

mem[X,0x0000000080000900] -> 0x0A13
mem[X,0x0000000080000902] -> 0x37FA
[581] [M]: 0x0000000080000900 (0x37FA0A13) addi s4, s4, 0x37f
x20 <- 0xFFBF0000FEFFFF7F

mem[X,0x0000000080000904] -> 0x00B7
mem[X,0x0000000080000906] -> 0xFFFE
[582] [M]: 0x0000000080000904 (0xFFFE00B7) lui ra, -0x20
x1 <- 0xFFFFFFFFFFFE0000

mem[X,0x0000000080000908] -> 0x8093
mem[X,0x000000008000090A] -> 0x0010
[583] [M]: 0x0000000080000908 (0x00108093) addi ra, ra, 0x1
x1 <- 0xFFFFFFFFFFFE0001

mem[X,0x000000008000090C] -> 0x9093
mem[X,0x000000008000090E] -> 0x00B0
[584] [M]: 0x000000008000090C (0x00B09093) slli ra, ra, 0xb
x1 <- 0xFFFFFFFFF0000800

mem[X,0x0000000080000910] -> 0x8093
mem[X,0x0000000080000912] -> 0x0000
[585] [M]: 0x0000000080000910 (0x00008093) addi ra, ra, 0x0
x1 <- 0xFFFFFFFFF0000800

mem[X,0x0000000080000914] -> 0x9093
mem[X,0x0000000080000916] -> 0x00B0
[586] [M]: 0x0000000080000914 (0x00B09093) slli ra, ra, 0xb
x1 <- 0xFFFFFF8000400000

mem[X,0x0000000080000918] -> 0x8093
mem[X,0x000000008000091A] -> 0x1AA0
[587] [M]: 0x0000000080000918 (0x1AA08093) addi ra, ra, 0x1aa
x1 <- 0xFFFFFF80004001AA

mem[X,0x000000008000091C] -> 0x9093
mem[X,0x000000008000091E] -> 0x00A0
[588] [M]: 0x000000008000091C (0x00A09093) slli ra, ra, 0xa
x1 <- 0xFFFE00010006A800

mem[X,0x0000000080000920] -> 0x8093
mem[X,0x0000000080000922] -> 0x2AA0
[589] [M]: 0x0000000080000920 (0x2AA08093) addi ra, ra, 0x2aa
x1 <- 0xFFFE00010006AAAA

mem[X,0x0000000080000924] -> 0x0BBB
mem[X,0x0000000080000926] -> 0xF81A
[590] [M]: 0x0000000080000924 (0xF81A0BBB) pasubu.h s7, s4, ra
x23 <- 0xFFE0FFFF7F7C2A6A

mem[X,0x0000000080000928] -> 0x3023
mem[X,0x000000008000092A] -> 0x0772
[591] [M]: 0x0000000080000928 (0x07723023) sd s7, 0x60(tp)
mem[0x00000000800041E8] <- 0xFFE0FFFF7F7C2A6A

mem[X,0x000000008000092C] -> 0x0837
mem[X,0x000000008000092E] -> 0x1001
[592] [M]: 0x000000008000092C (0x10010837) lui a6, 0x10010
x16 <- 0x0000000010010000

mem[X,0x0000000080000930] -> 0x0813
mem[X,0x0000000080000932] -> 0xFFF8
[593] [M]: 0x0000000080000930 (0xFFF80813) addi a6, a6, -0x1
x16 <- 0x000000001000FFFF

mem[X,0x0000000080000934] -> 0x1813
mem[X,0x0000000080000936] -> 0x00B8
[594] [M]: 0x0000000080000934 (0x00B81813) slli a6, a6, 0xb
x16 <- 0x0000008007FFF800

mem[X,0x0000000080000938] -> 0x0813
mem[X,0x000000008000093A] -> 0x2008
[595] [M]: 0x0000000080000938 (0x20080813) addi a6, a6, 0x200
x16 <- 0x0000008007FFFA00

mem[X,0x000000008000093C] -> 0x1813
mem[X,0x000000008000093E] -> 0x00B8
[596] [M]: 0x000000008000093C (0x00B81813) slli a6, a6, 0xb
x16 <- 0x0004003FFFD00000

mem[X,0x0000000080000940] -> 0x0813
mem[X,0x0000000080000942] -> 0x03F8
[597] [M]: 0x0000000080000940 (0x03F80813) addi a6, a6, 0x3f
x16 <- 0x0004003FFFD0003F

mem[X,0x0000000080000944] -> 0x1813
mem[X,0x0000000080000946] -> 0x00A8
[598] [M]: 0x0000000080000944 (0x00A81813) slli a6, a6, 0xa
x16 <- 0x1000FFFF4000FC00

mem[X,0x0000000080000948] -> 0x0813
mem[X,0x000000008000094A] -> 0x2FF8
[599] [M]: 0x0000000080000948 (0x2FF80813) addi a6, a6, 0x2ff
x16 <- 0x1000FFFF4000FEFF

clint::tick mtime <- 0x0000000000000006
 clint timer pending at mtime 0x0000000000000006
htif::tick 0x0000000000000000
mem[X,0x000000008000094C] -> 0x0537
mem[X,0x000000008000094E] -> 0xF7FF
[600] [M]: 0x000000008000094C (0xF7FF0537) lui a0, -0x8010
x10 <- 0xFFFFFFFFF7FF0000

mem[X,0x0000000080000950] -> 0x0513
mem[X,0x0000000080000952] -> 0x0075
[601] [M]: 0x0000000080000950 (0x00750513) addi a0, a0, 0x7
x10 <- 0xFFFFFFFFF7FF0007

mem[X,0x0000000080000954] -> 0x1513
mem[X,0x0000000080000956] -> 0x00B5
[602] [M]: 0x0000000080000954 (0x00B51513) slli a0, a0, 0xb
x10 <- 0xFFFFFFBFF8003800

mem[X,0x0000000080000958] -> 0x0513
mem[X,0x000000008000095A] -> 0x7FF5
[603] [M]: 0x0000000080000958 (0x7FF50513) addi a0, a0, 0x7ff
x10 <- 0xFFFFFFBFF8003FFF

mem[X,0x000000008000095C] -> 0x1513
mem[X,0x000000008000095E] -> 0x00B5
[604] [M]: 0x000000008000095C (0x00B51513) slli a0, a0, 0xb
x10 <- 0xFFFDFFC001FFF800

mem[X,0x0000000080000960] -> 0x0513
mem[X,0x0000000080000962] -> 0x6FE5
[605] [M]: 0x0000000080000960 (0x6FE50513) addi a0, a0, 0x6fe
x10 <- 0xFFFDFFC001FFFEFE

mem[X,0x0000000080000964] -> 0x1513
mem[X,0x0000000080000966] -> 0x00A5
[606] [M]: 0x0000000080000964 (0x00A51513) slli a0, a0, 0xa
x10 <- 0xF7FF0007FFFBF800

mem[X,0x0000000080000968] -> 0x0513
mem[X,0x000000008000096A] -> 0x3FF5
[607] [M]: 0x0000000080000968 (0x3FF50513) addi a0, a0, 0x3ff
x10 <- 0xF7FF0007FFFBFBFF

mem[X,0x000000008000096C] -> 0x063B
mem[X,0x000000008000096E] -> 0xF8A8
[608] [M]: 0x000000008000096C (0xF8A8063B) pasubu.h a2, a6, a0
x12 <- 0x8C007FFCA0020180

mem[X,0x0000000080000970] -> 0x3423
mem[X,0x0000000080000972] -> 0x06C2
[609] [M]: 0x0000000080000970 (0x06C23423) sd a2, 0x68(tp)
mem[0x00000000800041F0] <- 0x8C007FFCA0020180

mem[X,0x0000000080000974] -> 0x03B7
mem[X,0x0000000080000976] -> 0xFFFF
[610] [M]: 0x0000000080000974 (0xFFFF03B7) lui t2, -0x10
x7 <- 0xFFFFFFFFFFFF0000

mem[X,0x0000000080000978] -> 0x8393
mem[X,0x000000008000097A] -> 0x0403
[611] [M]: 0x0000000080000978 (0x04038393) addi t2, t2, 0x40
x7 <- 0xFFFFFFFFFFFF0040

mem[X,0x000000008000097C] -> 0x9393
mem[X,0x000000008000097E] -> 0x00B3
[612] [M]: 0x000000008000097C (0x00B39393) slli t2, t2, 0xb
x7 <- 0xFFFFFFFFF8020000

mem[X,0x0000000080000980] -> 0x8393
mem[X,0x0000000080000982] -> 0x7BF3
[613] [M]: 0x0000000080000980 (0x7BF38393) addi t2, t2, 0x7bf
x7 <- 0xFFFFFFFFF80207BF

mem[X,0x0000000080000984] -> 0x9393
mem[X,0x0000000080000986] -> 0x00B3
[614] [M]: 0x0000000080000984 (0x00B39393) slli t2, t2, 0xb
x7 <- 0xFFFFFFC0103DF800

mem[X,0x0000000080000988] -> 0x8393
mem[X,0x000000008000098A] -> 0x7FF3
[615] [M]: 0x0000000080000988 (0x7FF38393) addi t2, t2, 0x7ff
x7 <- 0xFFFFFFC0103DFFFF

mem[X,0x000000008000098C] -> 0x9393
mem[X,0x000000008000098E] -> 0x00A3
[616] [M]: 0x000000008000098C (0x00A39393) slli t2, t2, 0xa
x7 <- 0xFFFF0040F7FFFC00

mem[X,0x0000000080000990] -> 0x8393
mem[X,0x0000000080000992] -> 0x1FF3
[617] [M]: 0x0000000080000990 (0x1FF38393) addi t2, t2, 0x1ff
x7 <- 0xFFFF0040F7FFFDFF

mem[X,0x0000000080000994] -> 0xE1B7
mem[X,0x0000000080000996] -> 0xFFFC
[618] [M]: 0x0000000080000994 (0xFFFCE1B7) lui gp, -0x32
x3 <- 0xFFFFFFFFFFFCE000

mem[X,0x0000000080000998] -> 0x8193
mem[X,0x000000008000099A] -> 0xFFF1
[619] [M]: 0x0000000080000998 (0xFFF18193) addi gp, gp, -0x1
x3 <- 0xFFFFFFFFFFFCDFFF

mem[X,0x000000008000099C] -> 0x9193
mem[X,0x000000008000099E] -> 0x00B1
[620] [M]: 0x000000008000099C (0x00B19193) slli gp, gp, 0xb
x3 <- 0xFFFFFFFFE6FFF800

mem[X,0x00000000800009A0] -> 0x8193
mem[X,0x00000000800009A2] -> 0x7FF1
[621] [M]: 0x00000000800009A0 (0x7FF18193) addi gp, gp, 0x7ff
x3 <- 0xFFFFFFFFE6FFFFFF

mem[X,0x00000000800009A4] -> 0x9193
mem[X,0x00000000800009A6] -> 0x00B1
[622] [M]: 0x00000000800009A4 (0x00B19193) slli gp, gp, 0xb
x3 <- 0xFFFFFF37FFFFF800

mem[X,0x00000000800009A8] -> 0x8193
mem[X,0x00000000800009AA] -> 0x6CF1
[623] [M]: 0x00000000800009A8 (0x6CF18193) addi gp, gp, 0x6cf
x3 <- 0xFFFFFF37FFFFFECF

mem[X,0x00000000800009AC] -> 0x9193
mem[X,0x00000000800009AE] -> 0x00A1
[624] [M]: 0x00000000800009AC (0x00A19193) slli gp, gp, 0xa
x3 <- 0xFFFCDFFFFFFB3C00

mem[X,0x00000000800009B0] -> 0x8193
mem[X,0x00000000800009B2] -> 0x3FF1
[625] [M]: 0x00000000800009B0 (0x3FF18193) addi gp, gp, 0x3ff
x3 <- 0xFFFCDFFFFFFB3FFF

mem[X,0x00000000800009B4] -> 0x833B
mem[X,0x00000000800009B6] -> 0xF833
[626] [M]: 0x00000000800009B4 (0xF833833B) pasubu.h t1, t2, gp
x6 <- 0x00019020FC025F00

mem[X,0x00000000800009B8] -> 0x3823
mem[X,0x00000000800009BA] -> 0x0662
[627] [M]: 0x00000000800009B8 (0x06623823) sd t1, 0x70(tp)
mem[0x00000000800041F8] <- 0x00019020FC025F00

mem[X,0x00000000800009BC] -> 0x0013
mem[X,0x00000000800009BE] -> 0x0000
[628] [M]: 0x00000000800009BC (0x00000013) addi zero, zero, 0x0

mem[X,0x00000000800009C0] -> 0x4097
mem[X,0x00000000800009C2] -> 0x0000
[629] [M]: 0x00000000800009C0 (0x00004097) auipc ra, 0x4
x1 <- 0x00000000800049C0

mem[X,0x00000000800009C4] -> 0x8093
mem[X,0x00000000800009C6] -> 0x8400
[630] [M]: 0x00000000800009C4 (0x84008093) addi ra, ra, -0x7c0
x1 <- 0x0000000080004200

mem[X,0x00000000800009C8] -> 0x0013
mem[X,0x00000000800009CA] -> 0x0000
[631] [M]: 0x00000000800009C8 (0x00000013) addi zero, zero, 0x0

mem[X,0x00000000800009CC] -> 0x0013
mem[X,0x00000000800009CE] -> 0x0000
[632] [M]: 0x00000000800009CC (0x00000013) addi zero, zero, 0x0

mem[X,0x00000000800009D0] -> 0x0013
mem[X,0x00000000800009D2] -> 0x0000
[633] [M]: 0x00000000800009D0 (0x00000013) addi zero, zero, 0x0

mem[X,0x00000000800009D4] -> 0x0013
mem[X,0x00000000800009D6] -> 0x0000
[634] [M]: 0x00000000800009D4 (0x00000013) addi zero, zero, 0x0

mem[X,0x00000000800009D8] -> 0x0013
mem[X,0x00000000800009DA] -> 0x0000
[635] [M]: 0x00000000800009D8 (0x00000013) addi zero, zero, 0x0

mem[X,0x00000000800009DC] -> 0x0013
mem[X,0x00000000800009DE] -> 0x0000
[636] [M]: 0x00000000800009DC (0x00000013) addi zero, zero, 0x0

mem[X,0x00000000800009E0] -> 0x2237
mem[X,0x00000000800009E2] -> 0x1000
[637] [M]: 0x00000000800009E0 (0x10002237) lui tp, 0x10002
x4 <- 0x0000000010002000

mem[X,0x00000000800009E4] -> 0x0213
mem[X,0x00000000800009E6] -> 0x0002
[638] [M]: 0x00000000800009E4 (0x00020213) addi tp, tp, 0x0
x4 <- 0x0000000010002000

mem[X,0x00000000800009E8] -> 0x1213
mem[X,0x00000000800009EA] -> 0x00B2
[639] [M]: 0x00000000800009E8 (0x00B21213) slli tp, tp, 0xb
x4 <- 0x0000008001000000

mem[X,0x00000000800009EC] -> 0x0213
mem[X,0x00000000800009EE] -> 0x7FF2
[640] [M]: 0x00000000800009EC (0x7FF20213) addi tp, tp, 0x7ff
x4 <- 0x00000080010007FF

mem[X,0x00000000800009F0] -> 0x1213
mem[X,0x00000000800009F2] -> 0x00B2
[641] [M]: 0x00000000800009F0 (0x00B21213) slli tp, tp, 0xb
x4 <- 0x00040008003FF800

mem[X,0x00000000800009F4] -> 0x0213
mem[X,0x00000000800009F6] -> 0x6FE2
[642] [M]: 0x00000000800009F4 (0x6FE20213) addi tp, tp, 0x6fe
x4 <- 0x00040008003FFEFE

mem[X,0x00000000800009F8] -> 0x1213
mem[X,0x00000000800009FA] -> 0x00A2
[643] [M]: 0x00000000800009F8 (0x00A21213) slli tp, tp, 0xa
x4 <- 0x10002000FFFBF800

mem[X,0x00000000800009FC] -> 0x0213
mem[X,0x00000000800009FE] -> 0x3FF2
[644] [M]: 0x00000000800009FC (0x3FF20213) addi tp, tp, 0x3ff
x4 <- 0x10002000FFFBFBFF

mem[X,0x0000000080000A00] -> 0x14B7
mem[X,0x0000000080000A02] -> 0x0200
[645] [M]: 0x0000000080000A00 (0x020014B7) lui s1, 0x2001
x9 <- 0x0000000002001000

mem[X,0x0000000080000A04] -> 0x8493
mem[X,0x0000000080000A06] -> 0x8004
[646] [M]: 0x0000000080000A04 (0x80048493) addi s1, s1, -0x800
x9 <- 0x0000000002000800

mem[X,0x0000000080000A08] -> 0x9493
mem[X,0x0000000080000A0A] -> 0x00B4
[647] [M]: 0x0000000080000A08 (0x00B49493) slli s1, s1, 0xb
x9 <- 0x0000001000400000

mem[X,0x0000000080000A0C] -> 0x8493
mem[X,0x0000000080000A0E] -> 0x0004
[648] [M]: 0x0000000080000A0C (0x00048493) addi s1, s1, 0x0
x9 <- 0x0000001000400000

mem[X,0x0000000080000A10] -> 0x9493
mem[X,0x0000000080000A12] -> 0x00B4
[649] [M]: 0x0000000080000A10 (0x00B49493) slli s1, s1, 0xb
x9 <- 0x0000800200000000

mem[X,0x0000000080000A14] -> 0x8493
mem[X,0x0000000080000A16] -> 0x1004
[650] [M]: 0x0000000080000A14 (0x10048493) addi s1, s1, 0x100
x9 <- 0x0000800200000100

mem[X,0x0000000080000A18] -> 0x9493
mem[X,0x0000000080000A1A] -> 0x00A4
[651] [M]: 0x0000000080000A18 (0x00A49493) slli s1, s1, 0xa
x9 <- 0x0200080000040000

mem[X,0x0000000080000A1C] -> 0x8493
mem[X,0x0000000080000A1E] -> 0x0014
[652] [M]: 0x0000000080000A1C (0x00148493) addi s1, s1, 0x1
x9 <- 0x0200080000040001

mem[X,0x0000000080000A20] -> 0x06BB
mem[X,0x0000000080000A22] -> 0xF892
[653] [M]: 0x0000000080000A20 (0xF89206BB) pasubu.h a3, tp, s1
x13 <- 0x07000C007FFB7DFF

mem[X,0x0000000080000A24] -> 0xB023
mem[X,0x0000000080000A26] -> 0x00D0
[654] [M]: 0x0000000080000A24 (0x00D0B023) sd a3, 0x0(ra)
mem[0x0000000080004200] <- 0x07000C007FFB7DFF

mem[X,0x0000000080000A28] -> 0x02B7
mem[X,0x0000000080000A2A] -> 0xFFFD
[655] [M]: 0x0000000080000A28 (0xFFFD02B7) lui t0, -0x30
x5 <- 0xFFFFFFFFFFFD0000

mem[X,0x0000000080000A2C] -> 0x8293
mem[X,0x0000000080000A2E] -> 0x0082
[656] [M]: 0x0000000080000A2C (0x00828293) addi t0, t0, 0x8
x5 <- 0xFFFFFFFFFFFD0008

mem[X,0x0000000080000A30] -> 0x9293
mem[X,0x0000000080000A32] -> 0x00B2
[657] [M]: 0x0000000080000A30 (0x00B29293) slli t0, t0, 0xb
x5 <- 0xFFFFFFFFE8004000

mem[X,0x0000000080000A34] -> 0x8293
mem[X,0x0000000080000A36] -> 0x3FF2
[658] [M]: 0x0000000080000A34 (0x3FF28293) addi t0, t0, 0x3ff
x5 <- 0xFFFFFFFFE80043FF

mem[X,0x0000000080000A38] -> 0x9293
mem[X,0x0000000080000A3A] -> 0x00B2
[659] [M]: 0x0000000080000A38 (0x00B29293) slli t0, t0, 0xb
x5 <- 0xFFFFFF40021FF800

mem[X,0x0000000080000A3C] -> 0x8293
mem[X,0x0000000080000A3E] -> 0x7FD2
[660] [M]: 0x0000000080000A3C (0x7FD28293) addi t0, t0, 0x7fd
x5 <- 0xFFFFFF40021FFFFD

mem[X,0x0000000080000A40] -> 0x9293
mem[X,0x0000000080000A42] -> 0x00A2
[661] [M]: 0x0000000080000A40 (0x00A29293) slli t0, t0, 0xa
x5 <- 0xFFFD00087FFFF400

mem[X,0x0000000080000A44] -> 0x8293
mem[X,0x0000000080000A46] -> 0x3FF2
[662] [M]: 0x0000000080000A44 (0x3FF28293) addi t0, t0, 0x3ff
x5 <- 0xFFFD00087FFFF7FF

mem[X,0x0000000080000A48] -> 0x0237
mem[X,0x0000000080000A4A] -> 0xFFF8
[663] [M]: 0x0000000080000A48 (0xFFF80237) lui tp, -0x80
x4 <- 0xFFFFFFFFFFF80000

mem[X,0x0000000080000A4C] -> 0x0213
mem[X,0x0000000080000A4E] -> 0xFFA2
[664] [M]: 0x0000000080000A4C (0xFFA20213) addi tp, tp, -0x6
x4 <- 0xFFFFFFFFFFF7FFFA

mem[X,0x0000000080000A50] -> 0x1213
mem[X,0x0000000080000A52] -> 0x00B2
[665] [M]: 0x0000000080000A50 (0x00B21213) slli tp, tp, 0xb
x4 <- 0xFFFFFFFFBFFFD000

mem[X,0x0000000080000A54] -> 0x0213
mem[X,0x0000000080000A56] -> 0x0202
[666] [M]: 0x0000000080000A54 (0x02020213) addi tp, tp, 0x20
x4 <- 0xFFFFFFFFBFFFD020

mem[X,0x0000000080000A58] -> 0x1213
mem[X,0x0000000080000A5A] -> 0x00B2
[667] [M]: 0x0000000080000A58 (0x00B21213) slli tp, tp, 0xb
x4 <- 0xFFFFFDFFFE810000

mem[X,0x0000000080000A5C] -> 0x0213
mem[X,0x0000000080000A5E] -> 0x03F2
[668] [M]: 0x0000000080000A5C (0x03F20213) addi tp, tp, 0x3f
x4 <- 0xFFFFFDFFFE81003F

mem[X,0x0000000080000A60] -> 0x1213
mem[X,0x0000000080000A62] -> 0x00A2
[669] [M]: 0x0000000080000A60 (0x00A21213) slli tp, tp, 0xa
x4 <- 0xFFF7FFFA0400FC00

mem[X,0x0000000080000A64] -> 0x0213
mem[X,0x0000000080000A66] -> 0x3BF2
[670] [M]: 0x0000000080000A64 (0x3BF20213) addi tp, tp, 0x3bf
x4 <- 0xFFF7FFFA0400FFBF

mem[X,0x0000000080000A68] -> 0x83BB
mem[X,0x0000000080000A6A] -> 0xF842
[671] [M]: 0x0000000080000A68 (0xF84283BB) pasubu.h t2, t0, tp
x7 <- 0x000380073DFFFC20

mem[X,0x0000000080000A6C] -> 0xB423
mem[X,0x0000000080000A6E] -> 0x0070
[672] [M]: 0x0000000080000A6C (0x0070B423) sd t2, 0x8(ra)
mem[0x0000000080004208] <- 0x000380073DFFFC20

mem[X,0x0000000080000A70] -> 0x0C37
mem[X,0x0000000080000A72] -> 0x0101
[673] [M]: 0x0000000080000A70 (0x01010C37) lui s8, 0x1010
x24 <- 0x0000000001010000

mem[X,0x0000000080000A74] -> 0x0C13
mem[X,0x0000000080000A76] -> 0xFFFC
[674] [M]: 0x0000000080000A74 (0xFFFC0C13) addi s8, s8, -0x1
x24 <- 0x000000000100FFFF

mem[X,0x0000000080000A78] -> 0x1C13
mem[X,0x0000000080000A7A] -> 0x00BC
[675] [M]: 0x0000000080000A78 (0x00BC1C13) slli s8, s8, 0xb
x24 <- 0x0000000807FFF800

mem[X,0x0000000080000A7C] -> 0x0C13
mem[X,0x0000000080000A7E] -> 0x004C
[676] [M]: 0x0000000080000A7C (0x004C0C13) addi s8, s8, 0x4
x24 <- 0x0000000807FFF804

mem[X,0x0000000080000A80] -> 0x1C13
mem[X,0x0000000080000A82] -> 0x00BC
[677] [M]: 0x0000000080000A80 (0x00BC1C13) slli s8, s8, 0xb
x24 <- 0x0000403FFFC02000

mem[X,0x0000000080000A84] -> 0x0C13
mem[X,0x0000000080000A86] -> 0x03BC
[678] [M]: 0x0000000080000A84 (0x03BC0C13) addi s8, s8, 0x3b
x24 <- 0x0000403FFFC0203B

mem[X,0x0000000080000A88] -> 0x1C13
mem[X,0x0000000080000A8A] -> 0x00AC
[679] [M]: 0x0000000080000A88 (0x00AC1C13) slli s8, s8, 0xa
x24 <- 0x0100FFFF0080EC00

mem[X,0x0000000080000A8C] -> 0x0C13
mem[X,0x0000000080000A8E] -> 0x3FFC
[680] [M]: 0x0000000080000A8C (0x3FFC0C13) addi s8, s8, 0x3ff
x24 <- 0x0100FFFF0080EFFF

mem[X,0x0000000080000A90] -> 0x0E37
mem[X,0x0000000080000A92] -> 0x0100
[681] [M]: 0x0000000080000A90 (0x01000E37) lui t3, 0x1000
x28 <- 0x0000000001000000

mem[X,0x0000000080000A94] -> 0x0E13
mem[X,0x0000000080000A96] -> 0x004E
[682] [M]: 0x0000000080000A94 (0x004E0E13) addi t3, t3, 0x4
x28 <- 0x0000000001000004

mem[X,0x0000000080000A98] -> 0x1E13
mem[X,0x0000000080000A9A] -> 0x00BE
[683] [M]: 0x0000000080000A98 (0x00BE1E13) slli t3, t3, 0xb
x28 <- 0x0000000800002000

mem[X,0x0000000080000A9C] -> 0x0E13
mem[X,0x0000000080000A9E] -> 0x020E
[684] [M]: 0x0000000080000A9C (0x020E0E13) addi t3, t3, 0x20
x28 <- 0x0000000800002020

mem[X,0x0000000080000AA0] -> 0x1E13
mem[X,0x0000000080000AA2] -> 0x00BE
[685] [M]: 0x0000000080000AA0 (0x00BE1E13) slli t3, t3, 0xb
x28 <- 0x0000400001010000

mem[X,0x0000000080000AA4] -> 0x0E13
mem[X,0x0000000080000AA6] -> 0x002E
[686] [M]: 0x0000000080000AA4 (0x002E0E13) addi t3, t3, 0x2
x28 <- 0x0000400001010002

mem[X,0x0000000080000AA8] -> 0x1E13
mem[X,0x0000000080000AAA] -> 0x00AE
[687] [M]: 0x0000000080000AA8 (0x00AE1E13) slli t3, t3, 0xa
x28 <- 0x0100000404000800

mem[X,0x0000000080000AAC] -> 0x08BB
mem[X,0x0000000080000AAE] -> 0xF9CC
[688] [M]: 0x0000000080000AAC (0xF9CC08BB) pasubu.h a7, s8, t3
x17 <- 0x00007FFDFE4073FF

mem[X,0x0000000080000AB0] -> 0xB823
mem[X,0x0000000080000AB2] -> 0x0110
[689] [M]: 0x0000000080000AB0 (0x0110B823) sd a7, 0x10(ra)
mem[0x0000000080004210] <- 0x00007FFDFE4073FF

mem[X,0x0000000080000AB4] -> 0x0F37
mem[X,0x0000000080000AB6] -> 0x4001
[690] [M]: 0x0000000080000AB4 (0x40010F37) lui t5, 0x40010
x30 <- 0x0000000040010000

mem[X,0x0000000080000AB8] -> 0x0F13
mem[X,0x0000000080000ABA] -> 0xFBFF
[691] [M]: 0x0000000080000AB8 (0xFBFF0F13) addi t5, t5, -0x41
x30 <- 0x000000004000FFBF

mem[X,0x0000000080000ABC] -> 0x1F13
mem[X,0x0000000080000ABE] -> 0x00BF
[692] [M]: 0x0000000080000ABC (0x00BF1F13) slli t5, t5, 0xb
x30 <- 0x0000020007FDF800

mem[X,0x0000000080000AC0] -> 0x0F13
mem[X,0x0000000080000AC2] -> 0x000F
[693] [M]: 0x0000000080000AC0 (0x000F0F13) addi t5, t5, 0x0
x30 <- 0x0000020007FDF800

mem[X,0x0000000080000AC4] -> 0x1F13
mem[X,0x0000000080000AC6] -> 0x00BF
[694] [M]: 0x0000000080000AC4 (0x00BF1F13) slli t5, t5, 0xb
x30 <- 0x0010003FEFC00000

mem[X,0x0000000080000AC8] -> 0x0F13
mem[X,0x0000000080000ACA] -> 0x237F
[695] [M]: 0x0000000080000AC8 (0x237F0F13) addi t5, t5, 0x237
x30 <- 0x0010003FEFC00237

mem[X,0x0000000080000ACC] -> 0x1F13
mem[X,0x0000000080000ACE] -> 0x00AF
[696] [M]: 0x0000000080000ACC (0x00AF1F13) slli t5, t5, 0xa
x30 <- 0x4000FFBF0008DC00

mem[X,0x0000000080000AD0] -> 0x0F13
mem[X,0x0000000080000AD2] -> 0x3FFF
[697] [M]: 0x0000000080000AD0 (0x3FFF0F13) addi t5, t5, 0x3ff
x30 <- 0x4000FFBF0008DFFF

mem[X,0x0000000080000AD4] -> 0xEEB7
mem[X,0x0000000080000AD6] -> 0x0000
[698] [M]: 0x0000000080000AD4 (0x0000EEB7) lui t4, 0xe
x29 <- 0x000000000000E000

mem[X,0x0000000080000AD8] -> 0x8E93
mem[X,0x0000000080000ADA] -> 0xFFFE
[699] [M]: 0x0000000080000AD8 (0xFFFE8E93) addi t4, t4, -0x1
x29 <- 0x000000000000DFFF

clint::tick mtime <- 0x0000000000000007
 clint timer pending at mtime 0x0000000000000007
htif::tick 0x0000000000000000
mem[X,0x0000000080000ADC] -> 0x9E93
mem[X,0x0000000080000ADE] -> 0x00BE
[700] [M]: 0x0000000080000ADC (0x00BE9E93) slli t4, t4, 0xb
x29 <- 0x0000000006FFF800

mem[X,0x0000000080000AE0] -> 0x8E93
mem[X,0x0000000080000AE2] -> 0x7FFE
[701] [M]: 0x0000000080000AE0 (0x7FFE8E93) addi t4, t4, 0x7ff
x29 <- 0x0000000006FFFFFF

mem[X,0x0000000080000AE4] -> 0x9E93
mem[X,0x0000000080000AE6] -> 0x00BE
[702] [M]: 0x0000000080000AE4 (0x00BE9E93) slli t4, t4, 0xb
x29 <- 0x00000037FFFFF800

mem[X,0x0000000080000AE8] -> 0x8E93
mem[X,0x0000000080000AEA] -> 0x6FFE
[703] [M]: 0x0000000080000AE8 (0x6FFE8E93) addi t4, t4, 0x6ff
x29 <- 0x00000037FFFFFEFF

mem[X,0x0000000080000AEC] -> 0x9E93
mem[X,0x0000000080000AEE] -> 0x00AE
[704] [M]: 0x0000000080000AEC (0x00AE9E93) slli t4, t4, 0xa
x29 <- 0x0000DFFFFFFBFC00

mem[X,0x0000000080000AF0] -> 0x8E93
mem[X,0x0000000080000AF2] -> 0x3FFE
[705] [M]: 0x0000000080000AF0 (0x3FFE8E93) addi t4, t4, 0x3ff
x29 <- 0x0000DFFFFFFBFFFF

mem[X,0x0000000080000AF4] -> 0x0FBB
mem[X,0x0000000080000AF6] -> 0xF9DF
[706] [M]: 0x0000000080000AF4 (0xF9DF0FBB) pasubu.h t6, t5, t4
x31 <- 0x20000FE08006F000

mem[X,0x0000000080000AF8] -> 0xBC23
mem[X,0x0000000080000AFA] -> 0x01F0
[707] [M]: 0x0000000080000AF8 (0x01F0BC23) sd t6, 0x18(ra)
mem[0x0000000080004218] <- 0x20000FE08006F000

mem[X,0x0000000080000AFC] -> 0x1F37
mem[X,0x0000000080000AFE] -> 0x4000
[708] [M]: 0x0000000080000AFC (0x40001F37) lui t5, 0x40001
x30 <- 0x0000000040001000

mem[X,0x0000000080000B00] -> 0x0F13
mem[X,0x0000000080000B02] -> 0x800F
[709] [M]: 0x0000000080000B00 (0x800F0F13) addi t5, t5, -0x800
x30 <- 0x0000000040000800

mem[X,0x0000000080000B04] -> 0x1F13
mem[X,0x0000000080000B06] -> 0x00BF
[710] [M]: 0x0000000080000B04 (0x00BF1F13) slli t5, t5, 0xb
x30 <- 0x0000020000400000

mem[X,0x0000000080000B08] -> 0x0F13
mem[X,0x0000000080000B0A] -> 0x7FFF
[711] [M]: 0x0000000080000B08 (0x7FFF0F13) addi t5, t5, 0x7ff
x30 <- 0x00000200004007FF

mem[X,0x0000000080000B0C] -> 0x1F13
mem[X,0x0000000080000B0E] -> 0x00BF
[712] [M]: 0x0000000080000B0C (0x00BF1F13) slli t5, t5, 0xb
x30 <- 0x00100002003FF800

mem[X,0x0000000080000B10] -> 0x0F13
mem[X,0x0000000080000B12] -> 0x3EFF
[713] [M]: 0x0000000080000B10 (0x3EFF0F13) addi t5, t5, 0x3ef
x30 <- 0x00100002003FFBEF

mem[X,0x0000000080000B14] -> 0x1F13
mem[X,0x0000000080000B16] -> 0x00AF
[714] [M]: 0x0000000080000B14 (0x00AF1F13) slli t5, t5, 0xa
x30 <- 0x40000800FFEFBC00

mem[X,0x0000000080000B18] -> 0x0F13
mem[X,0x0000000080000B1A] -> 0x3FFF
[715] [M]: 0x0000000080000B18 (0x3FFF0F13) addi t5, t5, 0x3ff
x30 <- 0x40000800FFEFBFFF

mem[X,0x0000000080000B1C] -> 0x0EB7
mem[X,0x0000000080000B1E] -> 0xF7FF
[716] [M]: 0x0000000080000B1C (0xF7FF0EB7) lui t4, -0x8010
x29 <- 0xFFFFFFFFF7FF0000

mem[X,0x0000000080000B20] -> 0x8E93
mem[X,0x0000000080000B22] -> 0x003E
[717] [M]: 0x0000000080000B20 (0x003E8E93) addi t4, t4, 0x3
x29 <- 0xFFFFFFFFF7FF0003

mem[X,0x0000000080000B24] -> 0x9E93
mem[X,0x0000000080000B26] -> 0x00BE
[718] [M]: 0x0000000080000B24 (0x00BE9E93) slli t4, t4, 0xb
x29 <- 0xFFFFFFBFF8001800

mem[X,0x0000000080000B28] -> 0x8E93
mem[X,0x0000000080000B2A] -> 0x200E
[719] [M]: 0x0000000080000B28 (0x200E8E93) addi t4, t4, 0x200
x29 <- 0xFFFFFFBFF8001A00

mem[X,0x0000000080000B2C] -> 0x9E93
mem[X,0x0000000080000B2E] -> 0x00BE
[720] [M]: 0x0000000080000B2C (0x00BE9E93) slli t4, t4, 0xb
x29 <- 0xFFFDFFC000D00000

mem[X,0x0000000080000B30] -> 0x8E93
mem[X,0x0000000080000B32] -> 0x03FE
[721] [M]: 0x0000000080000B30 (0x03FE8E93) addi t4, t4, 0x3f
x29 <- 0xFFFDFFC000D0003F

mem[X,0x0000000080000B34] -> 0x9E93
mem[X,0x0000000080000B36] -> 0x00AE
[722] [M]: 0x0000000080000B34 (0x00AE9E93) slli t4, t4, 0xa
x29 <- 0xF7FF00034000FC00

mem[X,0x0000000080000B38] -> 0x8E93
mem[X,0x0000000080000B3A] -> 0x3FBE
[723] [M]: 0x0000000080000B38 (0x3FBE8E93) addi t4, t4, 0x3fb
x29 <- 0xF7FF00034000FFFB

mem[X,0x0000000080000B3C] -> 0x0FBB
mem[X,0x0000000080000B3E] -> 0xF9DF
[724] [M]: 0x0000000080000B3C (0xF9DF0FBB) pasubu.h t6, t5, t4
x31 <- 0xA40003FE5FF7E002

mem[X,0x0000000080000B40] -> 0xB023
mem[X,0x0000000080000B42] -> 0x03F0
[725] [M]: 0x0000000080000B40 (0x03F0B023) sd t6, 0x20(ra)
mem[0x0000000080004220] <- 0xA40003FE5FF7E002

mem[X,0x0000000080000B44] -> 0x0F37
mem[X,0x0000000080000B46] -> 0x0007
[726] [M]: 0x0000000080000B44 (0x00070F37) lui t5, 0x70
x30 <- 0x0000000000070000

mem[X,0x0000000080000B48] -> 0x0F13
mem[X,0x0000000080000B4A] -> 0x001F
[727] [M]: 0x0000000080000B48 (0x001F0F13) addi t5, t5, 0x1
x30 <- 0x0000000000070001

mem[X,0x0000000080000B4C] -> 0x1F13
mem[X,0x0000000080000B4E] -> 0x00BF
[728] [M]: 0x0000000080000B4C (0x00BF1F13) slli t5, t5, 0xb
x30 <- 0x0000000038000800

mem[X,0x0000000080000B50] -> 0x0F13
mem[X,0x0000000080000B52] -> 0x7FEF
[729] [M]: 0x0000000080000B50 (0x7FEF0F13) addi t5, t5, 0x7fe
x30 <- 0x0000000038000FFE

mem[X,0x0000000080000B54] -> 0x1F13
mem[X,0x0000000080000B56] -> 0x00BF
[730] [M]: 0x0000000080000B54 (0x00BF1F13) slli t5, t5, 0xb
x30 <- 0x000001C0007FF000

mem[X,0x0000000080000B58] -> 0x0F13
mem[X,0x0000000080000B5A] -> 0x7D5F
[731] [M]: 0x0000000080000B58 (0x7D5F0F13) addi t5, t5, 0x7d5
x30 <- 0x000001C0007FF7D5

mem[X,0x0000000080000B5C] -> 0x1F13
mem[X,0x0000000080000B5E] -> 0x00AF
[732] [M]: 0x0000000080000B5C (0x00AF1F13) slli t5, t5, 0xa
x30 <- 0x00070001FFDF5400

mem[X,0x0000000080000B60] -> 0x0F13
mem[X,0x0000000080000B62] -> 0x155F
[733] [M]: 0x0000000080000B60 (0x155F0F13) addi t5, t5, 0x155
x30 <- 0x00070001FFDF5555

mem[X,0x0000000080000B64] -> 0x0EB7
mem[X,0x0000000080000B66] -> 0x0041
[734] [M]: 0x0000000080000B64 (0x00410EB7) lui t4, 0x410
x29 <- 0x0000000000410000

mem[X,0x0000000080000B68] -> 0x8E93
mem[X,0x0000000080000B6A] -> 0xEFFE
[735] [M]: 0x0000000080000B68 (0xEFFE8E93) addi t4, t4, -0x101
x29 <- 0x000000000040FEFF

mem[X,0x0000000080000B6C] -> 0x9E93
mem[X,0x0000000080000B6E] -> 0x00BE
[736] [M]: 0x0000000080000B6C (0x00BE9E93) slli t4, t4, 0xb
x29 <- 0x0000000207F7F800

mem[X,0x0000000080000B70] -> 0x8E93
mem[X,0x0000000080000B72] -> 0x7FFE
[737] [M]: 0x0000000080000B70 (0x7FFE8E93) addi t4, t4, 0x7ff
x29 <- 0x0000000207F7FFFF

mem[X,0x0000000080000B74] -> 0x9E93
mem[X,0x0000000080000B76] -> 0x00BE
[738] [M]: 0x0000000080000B74 (0x00BE9E93) slli t4, t4, 0xb
x29 <- 0x0000103FBFFFF800

mem[X,0x0000000080000B78] -> 0x8E93
mem[X,0x0000000080000B7A] -> 0x5C0E
[739] [M]: 0x0000000080000B78 (0x5C0E8E93) addi t4, t4, 0x5c0
x29 <- 0x0000103FBFFFFDC0

mem[X,0x0000000080000B7C] -> 0x9E93
mem[X,0x0000000080000B7E] -> 0x00AE
[740] [M]: 0x0000000080000B7C (0x00AE9E93) slli t4, t4, 0xa
x29 <- 0x0040FEFFFFF70000

mem[X,0x0000000080000B80] -> 0x8E93
mem[X,0x0000000080000B82] -> 0x008E
[741] [M]: 0x0000000080000B80 (0x008E8E93) addi t4, t4, 0x8
x29 <- 0x0040FEFFFFF70008

mem[X,0x0000000080000B84] -> 0x0FBB
mem[X,0x0000000080000B86] -> 0xF9DF
[742] [M]: 0x0000000080000B84 (0xF9DF0FBB) pasubu.h t6, t5, t4
x31 <- 0xFFE38081FFF42AA6

mem[X,0x0000000080000B88] -> 0xB423
mem[X,0x0000000080000B8A] -> 0x03F0
[743] [M]: 0x0000000080000B88 (0x03F0B423) sd t6, 0x28(ra)
mem[0x0000000080004228] <- 0xFFE38081FFF42AA6

mem[X,0x0000000080000B8C] -> 0x0F37
mem[X,0x0000000080000B8E] -> 0x0800
[744] [M]: 0x0000000080000B8C (0x08000F37) lui t5, 0x8000
x30 <- 0x0000000008000000

mem[X,0x0000000080000B90] -> 0x0F13
mem[X,0x0000000080000B92] -> 0x080F
[745] [M]: 0x0000000080000B90 (0x080F0F13) addi t5, t5, 0x80
x30 <- 0x0000000008000080

mem[X,0x0000000080000B94] -> 0x1F13
mem[X,0x0000000080000B96] -> 0x00BF
[746] [M]: 0x0000000080000B94 (0x00BF1F13) slli t5, t5, 0xb
x30 <- 0x0000004000040000

mem[X,0x0000000080000B98] -> 0x0F13
mem[X,0x0000000080000B9A] -> 0x1FFF
[747] [M]: 0x0000000080000B98 (0x1FFF0F13) addi t5, t5, 0x1ff
x30 <- 0x00000040000401FF

mem[X,0x0000000080000B9C] -> 0x1F13
mem[X,0x0000000080000B9E] -> 0x00BF
[748] [M]: 0x0000000080000B9C (0x00BF1F13) slli t5, t5, 0xb
x30 <- 0x00020000200FF800

mem[X,0x0000000080000BA0] -> 0x0F13
mem[X,0x0000000080000BA2] -> 0x7EAF
[749] [M]: 0x0000000080000BA0 (0x7EAF0F13) addi t5, t5, 0x7ea
x30 <- 0x00020000200FFFEA

mem[X,0x0000000080000BA4] -> 0x1F13
mem[X,0x0000000080000BA6] -> 0x00AF
[750] [M]: 0x0000000080000BA4 (0x00AF1F13) slli t5, t5, 0xa
x30 <- 0x080000803FFFA800

mem[X,0x0000000080000BA8] -> 0x0F13
mem[X,0x0000000080000BAA] -> 0x2AAF
[751] [M]: 0x0000000080000BA8 (0x2AAF0F13) addi t5, t5, 0x2aa
x30 <- 0x080000803FFFAAAA

mem[X,0x0000000080000BAC] -> 0x0EB7
mem[X,0x0000000080000BAE] -> 0xFFF8
[752] [M]: 0x0000000080000BAC (0xFFF80EB7) lui t4, -0x80
x29 <- 0xFFFFFFFFFFF80000

mem[X,0x0000000080000BB0] -> 0x8E93
mem[X,0x0000000080000BB2] -> 0x005E
[753] [M]: 0x0000000080000BB0 (0x005E8E93) addi t4, t4, 0x5
x29 <- 0xFFFFFFFFFFF80005

mem[X,0x0000000080000BB4] -> 0x9E93
mem[X,0x0000000080000BB6] -> 0x00BE
[754] [M]: 0x0000000080000BB4 (0x00BE9E93) slli t4, t4, 0xb
x29 <- 0xFFFFFFFFC0002800

mem[X,0x0000000080000BB8] -> 0x8E93
mem[X,0x0000000080000BBA] -> 0x7EFE
[755] [M]: 0x0000000080000BB8 (0x7EFE8E93) addi t4, t4, 0x7ef
x29 <- 0xFFFFFFFFC0002FEF

mem[X,0x0000000080000BBC] -> 0x9E93
mem[X,0x0000000080000BBE] -> 0x00BE
[756] [M]: 0x0000000080000BBC (0x00BE9E93) slli t4, t4, 0xb
x29 <- 0xFFFFFE00017F7800

mem[X,0x0000000080000BC0] -> 0x8E93
mem[X,0x0000000080000BC2] -> 0x7FFE
[757] [M]: 0x0000000080000BC0 (0x7FFE8E93) addi t4, t4, 0x7ff
x29 <- 0xFFFFFE00017F7FFF

mem[X,0x0000000080000BC4] -> 0x9E93
mem[X,0x0000000080000BC6] -> 0x00AE
[758] [M]: 0x0000000080000BC4 (0x00AE9E93) slli t4, t4, 0xa
x29 <- 0xFFF80005FDFFFC00

mem[X,0x0000000080000BC8] -> 0x8E93
mem[X,0x0000000080000BCA] -> 0x3F6E
[759] [M]: 0x0000000080000BC8 (0x3F6E8E93) addi t4, t4, 0x3f6
x29 <- 0xFFF80005FDFFFFF6

mem[X,0x0000000080000BCC] -> 0x0FBB
mem[X,0x0000000080000BCE] -> 0xF9DF
[760] [M]: 0x0000000080000BCC (0xF9DF0FBB) pasubu.h t6, t5, t4
x31 <- 0x8404003DA100D55A

mem[X,0x0000000080000BD0] -> 0xB823
mem[X,0x0000000080000BD2] -> 0x03F0
[761] [M]: 0x0000000080000BD0 (0x03F0B823) sd t6, 0x30(ra)
mem[0x0000000080004230] <- 0x8404003DA100D55A

mem[X,0x0000000080000BD4] -> 0xFF37
mem[X,0x0000000080000BD6] -> 0xFFFB
[762] [M]: 0x0000000080000BD4 (0xFFFBFF37) lui t5, -0x41
x30 <- 0xFFFFFFFFFFFBF000

mem[X,0x0000000080000BD8] -> 0x0F13
mem[X,0x0000000080000BDA] -> 0xFFFF
[763] [M]: 0x0000000080000BD8 (0xFFFF0F13) addi t5, t5, -0x1
x30 <- 0xFFFFFFFFFFFBEFFF

mem[X,0x0000000080000BDC] -> 0x1F13
mem[X,0x0000000080000BDE] -> 0x00BF
[764] [M]: 0x0000000080000BDC (0x00BF1F13) slli t5, t5, 0xb
x30 <- 0xFFFFFFFFDF7FF800

mem[X,0x0000000080000BE0] -> 0x0F13
mem[X,0x0000000080000BE2] -> 0x7FFF
[765] [M]: 0x0000000080000BE0 (0x7FFF0F13) addi t5, t5, 0x7ff
x30 <- 0xFFFFFFFFDF7FFFFF

mem[X,0x0000000080000BE4] -> 0x1F13
mem[X,0x0000000080000BE6] -> 0x00BF
[766] [M]: 0x0000000080000BE4 (0x00BF1F13) slli t5, t5, 0xb
x30 <- 0xFFFFFEFBFFFFF800

mem[X,0x0000000080000BE8] -> 0x0F13
mem[X,0x0000000080000BEA] -> 0x600F
[767] [M]: 0x0000000080000BE8 (0x600F0F13) addi t5, t5, 0x600
x30 <- 0xFFFFFEFBFFFFFE00

mem[X,0x0000000080000BEC] -> 0x1F13
mem[X,0x0000000080000BEE] -> 0x00AF
[768] [M]: 0x0000000080000BEC (0x00AF1F13) slli t5, t5, 0xa
x30 <- 0xFFFBEFFFFFF80000

mem[X,0x0000000080000BF0] -> 0x0F13
mem[X,0x0000000080000BF2] -> 0x020F
[769] [M]: 0x0000000080000BF0 (0x020F0F13) addi t5, t5, 0x20
x30 <- 0xFFFBEFFFFFF80020

mem[X,0x0000000080000BF4] -> 0x5EB7
mem[X,0x0000000080000BF6] -> 0x7FFF
[770] [M]: 0x0000000080000BF4 (0x7FFF5EB7) lui t4, 0x7fff5
x29 <- 0x000000007FFF5000

mem[X,0x0000000080000BF8] -> 0x8E93
mem[X,0x0000000080000BFA] -> 0x555E
[771] [M]: 0x0000000080000BF8 (0x555E8E93) addi t4, t4, 0x555
x29 <- 0x000000007FFF5555

mem[X,0x0000000080000BFC] -> 0x9E93
mem[X,0x0000000080000BFE] -> 0x00BE
[772] [M]: 0x0000000080000BFC (0x00BE9E93) slli t4, t4, 0xb
x29 <- 0x000003FFFAAAA800

mem[X,0x0000000080000C00] -> 0x8E93
mem[X,0x0000000080000C02] -> 0x3FFE
[773] [M]: 0x0000000080000C00 (0x3FFE8E93) addi t4, t4, 0x3ff
x29 <- 0x000003FFFAAAABFF

mem[X,0x0000000080000C04] -> 0x9E93
mem[X,0x0000000080000C06] -> 0x00BE
[774] [M]: 0x0000000080000C04 (0x00BE9E93) slli t4, t4, 0xb
x29 <- 0x001FFFD5555FF800

mem[X,0x0000000080000C08] -> 0x8E93
mem[X,0x0000000080000C0A] -> 0x7DFE
[775] [M]: 0x0000000080000C08 (0x7DFE8E93) addi t4, t4, 0x7df
x29 <- 0x001FFFD5555FFFDF

mem[X,0x0000000080000C0C] -> 0x9E93
mem[X,0x0000000080000C0E] -> 0x00AE
[776] [M]: 0x0000000080000C0C (0x00AE9E93) slli t4, t4, 0xa
x29 <- 0x7FFF55557FFF7C00

mem[X,0x0000000080000C10] -> 0x8E93
mem[X,0x0000000080000C12] -> 0x3FFE
[777] [M]: 0x0000000080000C10 (0x3FFE8E93) addi t4, t4, 0x3ff
x29 <- 0x7FFF55557FFF7FFF

mem[X,0x0000000080000C14] -> 0x0FBB
mem[X,0x0000000080000C16] -> 0xF9DF
[778] [M]: 0x0000000080000C14 (0xF9DF0FBB) pasubu.h t6, t5, t4
x31 <- 0x3FFE4D553FFCC010

mem[X,0x0000000080000C18] -> 0xBC23
mem[X,0x0000000080000C1A] -> 0x03F0
[779] [M]: 0x0000000080000C18 (0x03F0BC23) sd t6, 0x38(ra)
mem[0x0000000080004238] <- 0x3FFE4D553FFCC010

mem[X,0x0000000080000C1C] -> 0x0F37
mem[X,0x0000000080000C1E] -> 0xAAAB
[780] [M]: 0x0000000080000C1C (0xAAAB0F37) lui t5, -0x55550
x30 <- 0xFFFFFFFFAAAB0000

mem[X,0x0000000080000C20] -> 0x0F13
mem[X,0x0000000080000C22] -> 0xFFBF
[781] [M]: 0x0000000080000C20 (0xFFBF0F13) addi t5, t5, -0x5
x30 <- 0xFFFFFFFFAAAAFFFB

mem[X,0x0000000080000C24] -> 0x1F13
mem[X,0x0000000080000C26] -> 0x00BF
[782] [M]: 0x0000000080000C24 (0x00BF1F13) slli t5, t5, 0xb
x30 <- 0xFFFFFD5557FFD800

mem[X,0x0000000080000C28] -> 0x0F13
mem[X,0x0000000080000C2A] -> 0x008F
[783] [M]: 0x0000000080000C28 (0x008F0F13) addi t5, t5, 0x8
x30 <- 0xFFFFFD5557FFD808

mem[X,0x0000000080000C2C] -> 0x1F13
mem[X,0x0000000080000C2E] -> 0x00BF
[784] [M]: 0x0000000080000C2C (0x00BF1F13) slli t5, t5, 0xb
x30 <- 0xFFEAAABFFEC04000

mem[X,0x0000000080000C30] -> 0x0F13
mem[X,0x0000000080000C32] -> 0x000F
[785] [M]: 0x0000000080000C30 (0x000F0F13) addi t5, t5, 0x0
x30 <- 0xFFEAAABFFEC04000

mem[X,0x0000000080000C34] -> 0x1F13
mem[X,0x0000000080000C36] -> 0x00AF
[786] [M]: 0x0000000080000C34 (0x00AF1F13) slli t5, t5, 0xa
x30 <- 0xAAAAFFFB01000000

mem[X,0x0000000080000C38] -> 0x0F13
mem[X,0x0000000080000C3A] -> 0x006F
[787] [M]: 0x0000000080000C38 (0x006F0F13) addi t5, t5, 0x6
x30 <- 0xAAAAFFFB01000006

mem[X,0x0000000080000C3C] -> 0x0EB7
mem[X,0x0000000080000C3E] -> 0x0002
[788] [M]: 0x0000000080000C3C (0x00020EB7) lui t4, 0x20
x29 <- 0x0000000000020000

mem[X,0x0000000080000C40] -> 0x8E93
mem[X,0x0000000080000C42] -> 0x003E
[789] [M]: 0x0000000080000C40 (0x003E8E93) addi t4, t4, 0x3
x29 <- 0x0000000000020003

mem[X,0x0000000080000C44] -> 0x9E93
mem[X,0x0000000080000C46] -> 0x00BE
[790] [M]: 0x0000000080000C44 (0x00BE9E93) slli t4, t4, 0xb
x29 <- 0x0000000010001800

mem[X,0x0000000080000C48] -> 0x8E93
mem[X,0x0000000080000C4A] -> 0x77FE
[791] [M]: 0x0000000080000C48 (0x77FE8E93) addi t4, t4, 0x77f
x29 <- 0x0000000010001F7F

mem[X,0x0000000080000C4C] -> 0x9E93
mem[X,0x0000000080000C4E] -> 0x00BE
[792] [M]: 0x0000000080000C4C (0x00BE9E93) slli t4, t4, 0xb
x29 <- 0x0000008000FBF800

mem[X,0x0000000080000C50] -> 0x8E93
mem[X,0x0000000080000C52] -> 0x7FFE
[793] [M]: 0x0000000080000C50 (0x7FFE8E93) addi t4, t4, 0x7ff
x29 <- 0x0000008000FBFFFF

mem[X,0x0000000080000C54] -> 0x9E93
mem[X,0x0000000080000C56] -> 0x00AE
[794] [M]: 0x0000000080000C54 (0x00AE9E93) slli t4, t4, 0xa
x29 <- 0x00020003EFFFFC00

mem[X,0x0000000080000C58] -> 0x8E93
mem[X,0x0000000080000C5A] -> 0x3F8E
[795] [M]: 0x0000000080000C58 (0x3F8E8E93) addi t4, t4, 0x3f8
x29 <- 0x00020003EFFFFFF8

mem[X,0x0000000080000C5C] -> 0x0FBB
mem[X,0x0000000080000C5E] -> 0xF9DF
[796] [M]: 0x0000000080000C5C (0xF9DF0FBB) pasubu.h t6, t5, t4
x31 <- 0x55547FFC88808007

mem[X,0x0000000080000C60] -> 0xB023
mem[X,0x0000000080000C62] -> 0x05F0
[797] [M]: 0x0000000080000C60 (0x05F0B023) sd t6, 0x40(ra)
mem[0x0000000080004240] <- 0x55547FFC88808007

mem[X,0x0000000080000C64] -> 0x0F37
mem[X,0x0000000080000C66] -> 0x8000
[798] [M]: 0x0000000080000C64 (0x80000F37) lui t5, -0x80000
x30 <- 0xFFFFFFFF80000000

mem[X,0x0000000080000C68] -> 0x0F13
mem[X,0x0000000080000C6A] -> 0x004F
[799] [M]: 0x0000000080000C68 (0x004F0F13) addi t5, t5, 0x4
x30 <- 0xFFFFFFFF80000004

clint::tick mtime <- 0x0000000000000008
 clint timer pending at mtime 0x0000000000000008
htif::tick 0x0000000000000000
mem[X,0x0000000080000C6C] -> 0x1F13
mem[X,0x0000000080000C6E] -> 0x00BF
[800] [M]: 0x0000000080000C6C (0x00BF1F13) slli t5, t5, 0xb
x30 <- 0xFFFFFC0000002000

mem[X,0x0000000080000C70] -> 0x0F13
mem[X,0x0000000080000C72] -> 0x600F
[801] [M]: 0x0000000080000C70 (0x600F0F13) addi t5, t5, 0x600
x30 <- 0xFFFFFC0000002600

mem[X,0x0000000080000C74] -> 0x1F13
mem[X,0x0000000080000C76] -> 0x00BF
[802] [M]: 0x0000000080000C74 (0x00BF1F13) slli t5, t5, 0xb
x30 <- 0xFFE0000001300000

mem[X,0x0000000080000C78] -> 0x0F13
mem[X,0x0000000080000C7A] -> 0x000F
[803] [M]: 0x0000000080000C78 (0x000F0F13) addi t5, t5, 0x0
x30 <- 0xFFE0000001300000

mem[X,0x0000000080000C7C] -> 0x1F13
mem[X,0x0000000080000C7E] -> 0x00AF
[804] [M]: 0x0000000080000C7C (0x00AF1F13) slli t5, t5, 0xa
x30 <- 0x80000004C0000000

mem[X,0x0000000080000C80] -> 0x0F13
mem[X,0x0000000080000C82] -> 0x020F
[805] [M]: 0x0000000080000C80 (0x020F0F13) addi t5, t5, 0x20
x30 <- 0x80000004C0000020

mem[X,0x0000000080000C84] -> 0x0EB7
mem[X,0x0000000080000C86] -> 0x0005
[806] [M]: 0x0000000080000C84 (0x00050EB7) lui t4, 0x50
x29 <- 0x0000000000050000

mem[X,0x0000000080000C88] -> 0x8E93
mem[X,0x0000000080000C8A] -> 0xFBFE
[807] [M]: 0x0000000080000C88 (0xFBFE8E93) addi t4, t4, -0x41
x29 <- 0x000000000004FFBF

mem[X,0x0000000080000C8C] -> 0x9E93
mem[X,0x0000000080000C8E] -> 0x00BE
[808] [M]: 0x0000000080000C8C (0x00BE9E93) slli t4, t4, 0xb
x29 <- 0x0000000027FDF800

mem[X,0x0000000080000C90] -> 0x8E93
mem[X,0x0000000080000C92] -> 0x000E
[809] [M]: 0x0000000080000C90 (0x000E8E93) addi t4, t4, 0x0
x29 <- 0x0000000027FDF800

mem[X,0x0000000080000C94] -> 0x9E93
mem[X,0x0000000080000C96] -> 0x00BE
[810] [M]: 0x0000000080000C94 (0x00BE9E93) slli t4, t4, 0xb
x29 <- 0x0000013FEFC00000

mem[X,0x0000000080000C98] -> 0x8E93
mem[X,0x0000000080000C9A] -> 0x1C2E
[811] [M]: 0x0000000080000C98 (0x1C2E8E93) addi t4, t4, 0x1c2
x29 <- 0x0000013FEFC001C2

mem[X,0x0000000080000C9C] -> 0x9E93
mem[X,0x0000000080000C9E] -> 0x00AE
[812] [M]: 0x0000000080000C9C (0x00AE9E93) slli t4, t4, 0xa
x29 <- 0x0004FFBF00070800

mem[X,0x0000000080000CA0] -> 0x0FBB
mem[X,0x0000000080000CA2] -> 0xF9DF
[813] [M]: 0x0000000080000CA0 (0xF9DF0FBB) pasubu.h t6, t5, t4
x31 <- 0x3FFE80225FFCFC10

mem[X,0x0000000080000CA4] -> 0xB423
mem[X,0x0000000080000CA6] -> 0x05F0
[814] [M]: 0x0000000080000CA4 (0x05F0B423) sd t6, 0x48(ra)
mem[0x0000000080004248] <- 0x3FFE80225FFCFC10

mem[X,0x0000000080000CA8] -> 0x2F37
mem[X,0x0000000080000CAA] -> 0xFFFF
[815] [M]: 0x0000000080000CA8 (0xFFFF2F37) lui t5, -0xe
x30 <- 0xFFFFFFFFFFFF2000

mem[X,0x0000000080000CAC] -> 0x0F13
mem[X,0x0000000080000CAE] -> 0x000F
[816] [M]: 0x0000000080000CAC (0x000F0F13) addi t5, t5, 0x0
x30 <- 0xFFFFFFFFFFFF2000

mem[X,0x0000000080000CB0] -> 0x1F13
mem[X,0x0000000080000CB2] -> 0x00BF
[817] [M]: 0x0000000080000CB0 (0x00BF1F13) slli t5, t5, 0xb
x30 <- 0xFFFFFFFFF9000000

mem[X,0x0000000080000CB4] -> 0x0F13
mem[X,0x0000000080000CB6] -> 0x000F
[818] [M]: 0x0000000080000CB4 (0x000F0F13) addi t5, t5, 0x0
x30 <- 0xFFFFFFFFF9000000

mem[X,0x0000000080000CB8] -> 0x1F13
mem[X,0x0000000080000CBA] -> 0x00BF
[819] [M]: 0x0000000080000CB8 (0x00BF1F13) slli t5, t5, 0xb
x30 <- 0xFFFFFFC800000000

mem[X,0x0000000080000CBC] -> 0x0F13
mem[X,0x0000000080000CBE] -> 0x080F
[820] [M]: 0x0000000080000CBC (0x080F0F13) addi t5, t5, 0x80
x30 <- 0xFFFFFFC800000080

mem[X,0x0000000080000CC0] -> 0x1F13
mem[X,0x0000000080000CC2] -> 0x00AF
[821] [M]: 0x0000000080000CC0 (0x00AF1F13) slli t5, t5, 0xa
x30 <- 0xFFFF200000020000

mem[X,0x0000000080000CC4] -> 0x0F13
mem[X,0x0000000080000CC6] -> 0x002F
[822] [M]: 0x0000000080000CC4 (0x002F0F13) addi t5, t5, 0x2
x30 <- 0xFFFF200000020002

mem[X,0x0000000080000CC8] -> 0x0EB7
mem[X,0x0000000080000CCA] -> 0x0021
[823] [M]: 0x0000000080000CC8 (0x00210EB7) lui t4, 0x210
x29 <- 0x0000000000210000

mem[X,0x0000000080000CCC] -> 0x8E93
mem[X,0x0000000080000CCE] -> 0xFDFE
[824] [M]: 0x0000000080000CCC (0xFDFE8E93) addi t4, t4, -0x21
x29 <- 0x000000000020FFDF

mem[X,0x0000000080000CD0] -> 0x9E93
mem[X,0x0000000080000CD2] -> 0x00BE
[825] [M]: 0x0000000080000CD0 (0x00BE9E93) slli t4, t4, 0xb
x29 <- 0x0000000107FEF800

mem[X,0x0000000080000CD4] -> 0x8E93
mem[X,0x0000000080000CD6] -> 0x000E
[826] [M]: 0x0000000080000CD4 (0x000E8E93) addi t4, t4, 0x0
x29 <- 0x0000000107FEF800

mem[X,0x0000000080000CD8] -> 0x9E93
mem[X,0x0000000080000CDA] -> 0x00BE
[827] [M]: 0x0000000080000CD8 (0x00BE9E93) slli t4, t4, 0xb
x29 <- 0x0000083FF7C00000

mem[X,0x0000000080000CDC] -> 0x8E93
mem[X,0x0000000080000CDE] -> 0x23FE
[828] [M]: 0x0000000080000CDC (0x23FE8E93) addi t4, t4, 0x23f
x29 <- 0x0000083FF7C0023F

mem[X,0x0000000080000CE0] -> 0x9E93
mem[X,0x0000000080000CE2] -> 0x00AE
[829] [M]: 0x0000000080000CE0 (0x00AE9E93) slli t4, t4, 0xa
x29 <- 0x0020FFDF0008FC00

mem[X,0x0000000080000CE4] -> 0x8E93
mem[X,0x0000000080000CE6] -> 0x3FEE
[830] [M]: 0x0000000080000CE4 (0x3FEE8E93) addi t4, t4, 0x3fe
x29 <- 0x0020FFDF0008FFFE

mem[X,0x0000000080000CE8] -> 0x0FBB
mem[X,0x0000000080000CEA] -> 0xF9DF
[831] [M]: 0x0000000080000CE8 (0xF9DF0FBB) pasubu.h t6, t5, t4
x31 <- 0x7FEF9010FFFD8002

mem[X,0x0000000080000CEC] -> 0xB823
mem[X,0x0000000080000CEE] -> 0x05F0
[832] [M]: 0x0000000080000CEC (0x05F0B823) sd t6, 0x50(ra)
mem[0x0000000080004250] <- 0x7FEF9010FFFD8002

mem[X,0x0000000080000CF0] -> 0x0F37
mem[X,0x0000000080000CF2] -> 0x0041
[833] [M]: 0x0000000080000CF0 (0x00410F37) lui t5, 0x410
x30 <- 0x0000000000410000

mem[X,0x0000000080000CF4] -> 0x0F13
mem[X,0x0000000080000CF6] -> 0xFEFF
[834] [M]: 0x0000000080000CF4 (0xFEFF0F13) addi t5, t5, -0x11
x30 <- 0x000000000040FFEF

mem[X,0x0000000080000CF8] -> 0x1F13
mem[X,0x0000000080000CFA] -> 0x00BF
[835] [M]: 0x0000000080000CF8 (0x00BF1F13) slli t5, t5, 0xb
x30 <- 0x0000000207FF7800

mem[X,0x0000000080000CFC] -> 0x0F13
mem[X,0x0000000080000CFE] -> 0x7FFF
[836] [M]: 0x0000000080000CFC (0x7FFF0F13) addi t5, t5, 0x7ff
x30 <- 0x0000000207FF7FFF

mem[X,0x0000000080000D00] -> 0x1F13
mem[X,0x0000000080000D02] -> 0x00BF
[837] [M]: 0x0000000080000D00 (0x00BF1F13) slli t5, t5, 0xb
x30 <- 0x0000103FFBFFF800

mem[X,0x0000000080000D04] -> 0x0F13
mem[X,0x0000000080000D06] -> 0x755F
[838] [M]: 0x0000000080000D04 (0x755F0F13) addi t5, t5, 0x755
x30 <- 0x0000103FFBFFFF55

mem[X,0x0000000080000D08] -> 0x1F13
mem[X,0x0000000080000D0A] -> 0x00AF
[839] [M]: 0x0000000080000D08 (0x00AF1F13) slli t5, t5, 0xa
x30 <- 0x0040FFEFFFFD5400

mem[X,0x0000000080000D0C] -> 0x0F13
mem[X,0x0000000080000D0E] -> 0x155F
[840] [M]: 0x0000000080000D0C (0x155F0F13) addi t5, t5, 0x155
x30 <- 0x0040FFEFFFFD5555

mem[X,0x0000000080000D10] -> 0xCEB7
mem[X,0x0000000080000D12] -> 0x0800
[841] [M]: 0x0000000080000D10 (0x0800CEB7) lui t4, 0x800c
x29 <- 0x000000000800C000

mem[X,0x0000000080000D14] -> 0x8E93
mem[X,0x0000000080000D16] -> 0xFFFE
[842] [M]: 0x0000000080000D14 (0xFFFE8E93) addi t4, t4, -0x1
x29 <- 0x000000000800BFFF

mem[X,0x0000000080000D18] -> 0x9E93
mem[X,0x0000000080000D1A] -> 0x00BE
[843] [M]: 0x0000000080000D18 (0x00BE9E93) slli t4, t4, 0xb
x29 <- 0x0000004005FFF800

mem[X,0x0000000080000D1C] -> 0x8E93
mem[X,0x0000000080000D1E] -> 0x008E
[844] [M]: 0x0000000080000D1C (0x008E8E93) addi t4, t4, 0x8
x29 <- 0x0000004005FFF808

mem[X,0x0000000080000D20] -> 0x9E93
mem[X,0x0000000080000D22] -> 0x00BE
[845] [M]: 0x0000000080000D20 (0x00BE9E93) slli t4, t4, 0xb
x29 <- 0x0002002FFFC04000

mem[X,0x0000000080000D24] -> 0x8E93
mem[X,0x0000000080000D26] -> 0x03FE
[846] [M]: 0x0000000080000D24 (0x03FE8E93) addi t4, t4, 0x3f
x29 <- 0x0002002FFFC0403F

mem[X,0x0000000080000D28] -> 0x9E93
mem[X,0x0000000080000D2A] -> 0x00AE
[847] [M]: 0x0000000080000D28 (0x00AE9E93) slli t4, t4, 0xa
x29 <- 0x0800BFFF0100FC00

mem[X,0x0000000080000D2C] -> 0x8E93
mem[X,0x0000000080000D2E] -> 0x3DFE
[848] [M]: 0x0000000080000D2C (0x3DFE8E93) addi t4, t4, 0x3df
x29 <- 0x0800BFFF0100FFDF

mem[X,0x0000000080000D30] -> 0x0FBB
mem[X,0x0000000080000D32] -> 0xF9DF
[849] [M]: 0x0000000080000D30 (0xF9DF0FBB) pasubu.h t6, t5, t4
x31 <- 0xFC201FF87F7EAABB

mem[X,0x0000000080000D34] -> 0xBC23
mem[X,0x0000000080000D36] -> 0x05F0
[850] [M]: 0x0000000080000D34 (0x05F0BC23) sd t6, 0x58(ra)
mem[0x0000000080004258] <- 0xFC201FF87F7EAABB

mem[X,0x0000000080000D38] -> 0x0F37
mem[X,0x0000000080000D3A] -> 0x4000
[851] [M]: 0x0000000080000D38 (0x40000F37) lui t5, 0x40000
x30 <- 0x0000000040000000

mem[X,0x0000000080000D3C] -> 0x0F13
mem[X,0x0000000080000D3E] -> 0xFEFF
[852] [M]: 0x0000000080000D3C (0xFEFF0F13) addi t5, t5, -0x11
x30 <- 0x000000003FFFFFEF

mem[X,0x0000000080000D40] -> 0x1F13
mem[X,0x0000000080000D42] -> 0x00BF
[853] [M]: 0x0000000080000D40 (0x00BF1F13) slli t5, t5, 0xb
x30 <- 0x000001FFFFFF7800

mem[X,0x0000000080000D44] -> 0x0F13
mem[X,0x0000000080000D46] -> 0x7FFF
[854] [M]: 0x0000000080000D44 (0x7FFF0F13) addi t5, t5, 0x7ff
x30 <- 0x000001FFFFFF7FFF

mem[X,0x0000000080000D48] -> 0x1F13
mem[X,0x0000000080000D4A] -> 0x00BF
[855] [M]: 0x0000000080000D48 (0x00BF1F13) slli t5, t5, 0xb
x30 <- 0x000FFFFFFBFFF800

mem[X,0x0000000080000D4C] -> 0x0F13
mem[X,0x0000000080000D4E] -> 0x640F
[856] [M]: 0x0000000080000D4C (0x640F0F13) addi t5, t5, 0x640
x30 <- 0x000FFFFFFBFFFE40

mem[X,0x0000000080000D50] -> 0x1F13
mem[X,0x0000000080000D52] -> 0x00AF
[857] [M]: 0x0000000080000D50 (0x00AF1F13) slli t5, t5, 0xa
x30 <- 0x3FFFFFEFFFF90000

mem[X,0x0000000080000D54] -> 0x0F13
mem[X,0x0000000080000D56] -> 0x200F
[858] [M]: 0x0000000080000D54 (0x200F0F13) addi t5, t5, 0x200
x30 <- 0x3FFFFFEFFFF90200

mem[X,0x0000000080000D58] -> 0x4EB7
mem[X,0x0000000080000D5A] -> 0x1000
[859] [M]: 0x0000000080000D58 (0x10004EB7) lui t4, 0x10004
x29 <- 0x0000000010004000

mem[X,0x0000000080000D5C] -> 0x8E93
mem[X,0x0000000080000D5E] -> 0x000E
[860] [M]: 0x0000000080000D5C (0x000E8E93) addi t4, t4, 0x0
x29 <- 0x0000000010004000

mem[X,0x0000000080000D60] -> 0x9E93
mem[X,0x0000000080000D62] -> 0x00BE
[861] [M]: 0x0000000080000D60 (0x00BE9E93) slli t4, t4, 0xb
x29 <- 0x0000008002000000

mem[X,0x0000000080000D64] -> 0x8E93
mem[X,0x0000000080000D66] -> 0x77FE
[862] [M]: 0x0000000080000D64 (0x77FE8E93) addi t4, t4, 0x77f
x29 <- 0x000000800200077F

mem[X,0x0000000080000D68] -> 0x9E93
mem[X,0x0000000080000D6A] -> 0x00BE
[863] [M]: 0x0000000080000D68 (0x00BE9E93) slli t4, t4, 0xb
x29 <- 0x00040010003BF800

mem[X,0x0000000080000D6C] -> 0x8E93
mem[X,0x0000000080000D6E] -> 0x7C0E
[864] [M]: 0x0000000080000D6C (0x7C0E8E93) addi t4, t4, 0x7c0
x29 <- 0x00040010003BFFC0

mem[X,0x0000000080000D70] -> 0x9E93
mem[X,0x0000000080000D72] -> 0x00AE
[865] [M]: 0x0000000080000D70 (0x00AE9E93) slli t4, t4, 0xa
x29 <- 0x10004000EFFF0000

mem[X,0x0000000080000D74] -> 0x8E93
mem[X,0x0000000080000D76] -> 0x001E
[866] [M]: 0x0000000080000D74 (0x001E8E93) addi t4, t4, 0x1
x29 <- 0x10004000EFFF0001

mem[X,0x0000000080000D78] -> 0x0FBB
mem[X,0x0000000080000D7A] -> 0xF9DF
[867] [M]: 0x0000000080000D78 (0xF9DF0FBB) pasubu.h t6, t5, t4
x31 <- 0x17FF5FF707FD00FF

mem[X,0x0000000080000D7C] -> 0xB023
mem[X,0x0000000080000D7E] -> 0x07F0
[868] [M]: 0x0000000080000D7C (0x07F0B023) sd t6, 0x60(ra)
mem[0x0000000080004260] <- 0x17FF5FF707FD00FF

mem[X,0x0000000080000D80] -> 0x1F37
mem[X,0x0000000080000D82] -> 0x0800
[869] [M]: 0x0000000080000D80 (0x08001F37) lui t5, 0x8001
x30 <- 0x0000000008001000

mem[X,0x0000000080000D84] -> 0x0F13
mem[X,0x0000000080000D86] -> 0x800F
[870] [M]: 0x0000000080000D84 (0x800F0F13) addi t5, t5, -0x800
x30 <- 0x0000000008000800

mem[X,0x0000000080000D88] -> 0x1F13
mem[X,0x0000000080000D8A] -> 0x00BF
[871] [M]: 0x0000000080000D88 (0x00BF1F13) slli t5, t5, 0xb
x30 <- 0x0000004000400000

mem[X,0x0000000080000D8C] -> 0x0F13
mem[X,0x0000000080000D8E] -> 0x000F
[872] [M]: 0x0000000080000D8C (0x000F0F13) addi t5, t5, 0x0
x30 <- 0x0000004000400000

mem[X,0x0000000080000D90] -> 0x1F13
mem[X,0x0000000080000D92] -> 0x00BF
[873] [M]: 0x0000000080000D90 (0x00BF1F13) slli t5, t5, 0xb
x30 <- 0x0002000200000000

mem[X,0x0000000080000D94] -> 0x0F13
mem[X,0x0000000080000D96] -> 0x240F
[874] [M]: 0x0000000080000D94 (0x240F0F13) addi t5, t5, 0x240
x30 <- 0x0002000200000240

mem[X,0x0000000080000D98] -> 0x1F13
mem[X,0x0000000080000D9A] -> 0x00AF
[875] [M]: 0x0000000080000D98 (0x00AF1F13) slli t5, t5, 0xa
x30 <- 0x0800080000090000

mem[X,0x0000000080000D9C] -> 0x0F13
mem[X,0x0000000080000D9E] -> 0x009F
[876] [M]: 0x0000000080000D9C (0x009F0F13) addi t5, t5, 0x9
x30 <- 0x0800080000090009

mem[X,0x0000000080000DA0] -> 0x1EB7
mem[X,0x0000000080000DA2] -> 0x2000
[877] [M]: 0x0000000080000DA0 (0x20001EB7) lui t4, 0x20001
x29 <- 0x0000000020001000

mem[X,0x0000000080000DA4] -> 0x8E93
mem[X,0x0000000080000DA6] -> 0x800E
[878] [M]: 0x0000000080000DA4 (0x800E8E93) addi t4, t4, -0x800
x29 <- 0x0000000020000800

mem[X,0x0000000080000DA8] -> 0x9E93
mem[X,0x0000000080000DAA] -> 0x00BE
[879] [M]: 0x0000000080000DA8 (0x00BE9E93) slli t4, t4, 0xb
x29 <- 0x0000010000400000

mem[X,0x0000000080000DAC] -> 0x8E93
mem[X,0x0000000080000DAE] -> 0x000E
[880] [M]: 0x0000000080000DAC (0x000E8E93) addi t4, t4, 0x0
x29 <- 0x0000010000400000

mem[X,0x0000000080000DB0] -> 0x9E93
mem[X,0x0000000080000DB2] -> 0x00BE
[881] [M]: 0x0000000080000DB0 (0x00BE9E93) slli t4, t4, 0xb
x29 <- 0x0008000200000000

mem[X,0x0000000080000DB4] -> 0x8E93
mem[X,0x0000000080000DB6] -> 0x100E
[882] [M]: 0x0000000080000DB4 (0x100E8E93) addi t4, t4, 0x100
x29 <- 0x0008000200000100

mem[X,0x0000000080000DB8] -> 0x9E93
mem[X,0x0000000080000DBA] -> 0x00AE
[883] [M]: 0x0000000080000DB8 (0x00AE9E93) slli t4, t4, 0xa
x29 <- 0x2000080000040000

mem[X,0x0000000080000DBC] -> 0x8E93
mem[X,0x0000000080000DBE] -> 0x007E
[884] [M]: 0x0000000080000DBC (0x007E8E93) addi t4, t4, 0x7
x29 <- 0x2000080000040007

mem[X,0x0000000080000DC0] -> 0x0FBB
mem[X,0x0000000080000DC2] -> 0xF9DF
[885] [M]: 0x0000000080000DC0 (0xF9DF0FBB) pasubu.h t6, t5, t4
x31 <- 0xF400000000020001

mem[X,0x0000000080000DC4] -> 0xB423
mem[X,0x0000000080000DC6] -> 0x07F0
[886] [M]: 0x0000000080000DC4 (0x07F0B423) sd t6, 0x68(ra)
mem[0x0000000080004268] <- 0xF400000000020001

mem[X,0x0000000080000DC8] -> 0x0F37
mem[X,0x0000000080000DCA] -> 0xFFFF
[887] [M]: 0x0000000080000DC8 (0xFFFF0F37) lui t5, -0x10
x30 <- 0xFFFFFFFFFFFF0000

mem[X,0x0000000080000DCC] -> 0x0F13
mem[X,0x0000000080000DCE] -> 0x100F
[888] [M]: 0x0000000080000DCC (0x100F0F13) addi t5, t5, 0x100
x30 <- 0xFFFFFFFFFFFF0100

mem[X,0x0000000080000DD0] -> 0x1F13
mem[X,0x0000000080000DD2] -> 0x00BF
[889] [M]: 0x0000000080000DD0 (0x00BF1F13) slli t5, t5, 0xb
x30 <- 0xFFFFFFFFF8080000

mem[X,0x0000000080000DD4] -> 0x0F13
mem[X,0x0000000080000DD6] -> 0x7FFF
[890] [M]: 0x0000000080000DD4 (0x7FFF0F13) addi t5, t5, 0x7ff
x30 <- 0xFFFFFFFFF80807FF

mem[X,0x0000000080000DD8] -> 0x1F13
mem[X,0x0000000080000DDA] -> 0x00BF
[891] [M]: 0x0000000080000DD8 (0x00BF1F13) slli t5, t5, 0xb
x30 <- 0xFFFFFFC0403FF800

mem[X,0x0000000080000DDC] -> 0x0F13
mem[X,0x0000000080000DDE] -> 0x644F
[892] [M]: 0x0000000080000DDC (0x644F0F13) addi t5, t5, 0x644
x30 <- 0xFFFFFFC0403FFE44

mem[X,0x0000000080000DE0] -> 0x1F13
mem[X,0x0000000080000DE2] -> 0x00AF
[893] [M]: 0x0000000080000DE0 (0x00AF1F13) slli t5, t5, 0xa
x30 <- 0xFFFF0100FFF91000

mem[X,0x0000000080000DE4] -> 0x0EB7
mem[X,0x0000000080000DE6] -> 0xFFFB
[894] [M]: 0x0000000080000DE4 (0xFFFB0EB7) lui t4, -0x50
x29 <- 0xFFFFFFFFFFFB0000

mem[X,0x0000000080000DE8] -> 0x8E93
mem[X,0x0000000080000DEA] -> 0x007E
[895] [M]: 0x0000000080000DE8 (0x007E8E93) addi t4, t4, 0x7
x29 <- 0xFFFFFFFFFFFB0007

mem[X,0x0000000080000DEC] -> 0x9E93
mem[X,0x0000000080000DEE] -> 0x00BE
[896] [M]: 0x0000000080000DEC (0x00BE9E93) slli t4, t4, 0xb
x29 <- 0xFFFFFFFFD8003800

mem[X,0x0000000080000DF0] -> 0x8E93
mem[X,0x0000000080000DF2] -> 0x000E
[897] [M]: 0x0000000080000DF0 (0x000E8E93) addi t4, t4, 0x0
x29 <- 0xFFFFFFFFD8003800

mem[X,0x0000000080000DF4] -> 0x9E93
mem[X,0x0000000080000DF6] -> 0x00BE
[898] [M]: 0x0000000080000DF4 (0x00BE9E93) slli t4, t4, 0xb
x29 <- 0xFFFFFEC001C00000

mem[X,0x0000000080000DF8] -> 0x8E93
mem[X,0x0000000080000DFA] -> 0x0FFE
[899] [M]: 0x0000000080000DF8 (0x0FFE8E93) addi t4, t4, 0xff
x29 <- 0xFFFFFEC001C000FF

clint::tick mtime <- 0x0000000000000009
 clint timer pending at mtime 0x0000000000000009
htif::tick 0x0000000000000000
mem[X,0x0000000080000DFC] -> 0x9E93
mem[X,0x0000000080000DFE] -> 0x00AE
[900] [M]: 0x0000000080000DFC (0x00AE9E93) slli t4, t4, 0xa
x29 <- 0xFFFB00070003FC00

mem[X,0x0000000080000E00] -> 0x8E93
mem[X,0x0000000080000E02] -> 0x3EFE
[901] [M]: 0x0000000080000E00 (0x3EFE8E93) addi t4, t4, 0x3ef
x29 <- 0xFFFB00070003FFEF

mem[X,0x0000000080000E04] -> 0x0FBB
mem[X,0x0000000080000E06] -> 0xF9DF
[902] [M]: 0x0000000080000E04 (0xF9DF0FBB) pasubu.h t6, t5, t4
x31 <- 0x0002007C7FFB8808

mem[X,0x0000000080000E08] -> 0xB823
mem[X,0x0000000080000E0A] -> 0x07F0
[903] [M]: 0x0000000080000E08 (0x07F0B823) sd t6, 0x70(ra)
mem[0x0000000080004270] <- 0x0002007C7FFB8808

mem[X,0x0000000080000E0C] -> 0x0F37
mem[X,0x0000000080000E0E] -> 0xEFFF
[904] [M]: 0x0000000080000E0C (0xEFFF0F37) lui t5, -0x10010
x30 <- 0xFFFFFFFFEFFF0000

mem[X,0x0000000080000E10] -> 0x0F13
mem[X,0x0000000080000E12] -> 0x008F
[905] [M]: 0x0000000080000E10 (0x008F0F13) addi t5, t5, 0x8
x30 <- 0xFFFFFFFFEFFF0008

mem[X,0x0000000080000E14] -> 0x1F13
mem[X,0x0000000080000E16] -> 0x00BF
[906] [M]: 0x0000000080000E14 (0x00BF1F13) slli t5, t5, 0xb
x30 <- 0xFFFFFF7FF8004000

mem[X,0x0000000080000E18] -> 0x0F13
mem[X,0x0000000080000E1A] -> 0x100F
[907] [M]: 0x0000000080000E18 (0x100F0F13) addi t5, t5, 0x100
x30 <- 0xFFFFFF7FF8004100

mem[X,0x0000000080000E1C] -> 0x1F13
mem[X,0x0000000080000E1E] -> 0x00BF
[908] [M]: 0x0000000080000E1C (0x00BF1F13) slli t5, t5, 0xb
x30 <- 0xFFFBFFC002080000

mem[X,0x0000000080000E20] -> 0x0F13
mem[X,0x0000000080000E22] -> 0x000F
[909] [M]: 0x0000000080000E20 (0x000F0F13) addi t5, t5, 0x0
x30 <- 0xFFFBFFC002080000

mem[X,0x0000000080000E24] -> 0x1F13
mem[X,0x0000000080000E26] -> 0x00AF
[910] [M]: 0x0000000080000E24 (0x00AF1F13) slli t5, t5, 0xa
x30 <- 0xEFFF000820000000

mem[X,0x0000000080000E28] -> 0x0F13
mem[X,0x0000000080000E2A] -> 0x020F
[911] [M]: 0x0000000080000E28 (0x020F0F13) addi t5, t5, 0x20
x30 <- 0xEFFF000820000020

mem[X,0x0000000080000E2C] -> 0x0EB7
mem[X,0x0000000080000E2E] -> 0xFFEF
[912] [M]: 0x0000000080000E2C (0xFFEF0EB7) lui t4, -0x110
x29 <- 0xFFFFFFFFFFEF0000

mem[X,0x0000000080000E30] -> 0x8E93
mem[X,0x0000000080000E32] -> 0x001E
[913] [M]: 0x0000000080000E30 (0x001E8E93) addi t4, t4, 0x1
x29 <- 0xFFFFFFFFFFEF0001

mem[X,0x0000000080000E34] -> 0x9E93
mem[X,0x0000000080000E36] -> 0x00BE
[914] [M]: 0x0000000080000E34 (0x00BE9E93) slli t4, t4, 0xb
x29 <- 0xFFFFFFFF78000800

mem[X,0x0000000080000E38] -> 0x8E93
mem[X,0x0000000080000E3A] -> 0x7FFE
[915] [M]: 0x0000000080000E38 (0x7FFE8E93) addi t4, t4, 0x7ff
x29 <- 0xFFFFFFFF78000FFF

mem[X,0x0000000080000E3C] -> 0x9E93
mem[X,0x0000000080000E3E] -> 0x00BE
[916] [M]: 0x0000000080000E3C (0x00BE9E93) slli t4, t4, 0xb
x29 <- 0xFFFFFBC0007FF800

mem[X,0x0000000080000E40] -> 0x8E93
mem[X,0x0000000080000E42] -> 0x5FFE
[917] [M]: 0x0000000080000E40 (0x5FFE8E93) addi t4, t4, 0x5ff
x29 <- 0xFFFFFBC0007FFDFF

mem[X,0x0000000080000E44] -> 0x9E93
mem[X,0x0000000080000E46] -> 0x00AE
[918] [M]: 0x0000000080000E44 (0x00AE9E93) slli t4, t4, 0xa
x29 <- 0xFFEF0001FFF7FC00

mem[X,0x0000000080000E48] -> 0x8E93
mem[X,0x0000000080000E4A] -> 0x3DFE
[919] [M]: 0x0000000080000E48 (0x3DFE8E93) addi t4, t4, 0x3df
x29 <- 0xFFEF0001FFF7FFDF

mem[X,0x0000000080000E4C] -> 0x0FBB
mem[X,0x0000000080000E4E] -> 0xF9DF
[920] [M]: 0x0000000080000E4C (0xF9DF0FBB) pasubu.h t6, t5, t4
x31 <- 0xF808000390048020

mem[X,0x0000000080000E50] -> 0xBC23
mem[X,0x0000000080000E52] -> 0x07F0
[921] [M]: 0x0000000080000E50 (0x07F0BC23) sd t6, 0x78(ra)
mem[0x0000000080004278] <- 0xF808000390048020

mem[X,0x0000000080000E54] -> 0x0F37
mem[X,0x0000000080000E56] -> 0x0003
[922] [M]: 0x0000000080000E54 (0x00030F37) lui t5, 0x30
x30 <- 0x0000000000030000

mem[X,0x0000000080000E58] -> 0x0F13
mem[X,0x0000000080000E5A] -> 0xFF9F
[923] [M]: 0x0000000080000E58 (0xFF9F0F13) addi t5, t5, -0x7
x30 <- 0x000000000002FFF9

mem[X,0x0000000080000E5C] -> 0x1F13
mem[X,0x0000000080000E5E] -> 0x00BF
[924] [M]: 0x0000000080000E5C (0x00BF1F13) slli t5, t5, 0xb
x30 <- 0x0000000017FFC800

mem[X,0x0000000080000E60] -> 0x0F13
mem[X,0x0000000080000E62] -> 0x000F
[925] [M]: 0x0000000080000E60 (0x000F0F13) addi t5, t5, 0x0
x30 <- 0x0000000017FFC800

mem[X,0x0000000080000E64] -> 0x1F13
mem[X,0x0000000080000E66] -> 0x00BF
[926] [M]: 0x0000000080000E64 (0x00BF1F13) slli t5, t5, 0xb
x30 <- 0x000000BFFE400000

mem[X,0x0000000080000E68] -> 0x0F13
mem[X,0x0000000080000E6A] -> 0x180F
[927] [M]: 0x0000000080000E68 (0x180F0F13) addi t5, t5, 0x180
x30 <- 0x000000BFFE400180

mem[X,0x0000000080000E6C] -> 0x1F13
mem[X,0x0000000080000E6E] -> 0x00AF
[928] [M]: 0x0000000080000E6C (0x00AF1F13) slli t5, t5, 0xa
x30 <- 0x0002FFF900060000

mem[X,0x0000000080000E70] -> 0x0F13
mem[X,0x0000000080000E72] -> 0x040F
[929] [M]: 0x0000000080000E70 (0x040F0F13) addi t5, t5, 0x40
x30 <- 0x0002FFF900060040

mem[X,0x0000000080000E74] -> 0x0EB7
mem[X,0x0000000080000E76] -> 0xFF80
[930] [M]: 0x0000000080000E74 (0xFF800EB7) lui t4, -0x800
x29 <- 0xFFFFFFFFFF800000

mem[X,0x0000000080000E78] -> 0x8E93
mem[X,0x0000000080000E7A] -> 0xFFBE
[931] [M]: 0x0000000080000E78 (0xFFBE8E93) addi t4, t4, -0x5
x29 <- 0xFFFFFFFFFF7FFFFB

mem[X,0x0000000080000E7C] -> 0x9E93
mem[X,0x0000000080000E7E] -> 0x00BE
[932] [M]: 0x0000000080000E7C (0x00BE9E93) slli t4, t4, 0xb
x29 <- 0xFFFFFFFBFFFFD800

mem[X,0x0000000080000E80] -> 0x8E93
mem[X,0x0000000080000E82] -> 0x7FFE
[933] [M]: 0x0000000080000E80 (0x7FFE8E93) addi t4, t4, 0x7ff
x29 <- 0xFFFFFFFBFFFFDFFF

mem[X,0x0000000080000E84] -> 0x9E93
mem[X,0x0000000080000E86] -> 0x00BE
[934] [M]: 0x0000000080000E84 (0x00BE9E93) slli t4, t4, 0xb
x29 <- 0xFFFFDFFFFEFFF800

mem[X,0x0000000080000E88] -> 0x8E93
mem[X,0x0000000080000E8A] -> 0x5F0E
[935] [M]: 0x0000000080000E88 (0x5F0E8E93) addi t4, t4, 0x5f0
x29 <- 0xFFFFDFFFFEFFFDF0

mem[X,0x0000000080000E8C] -> 0x9E93
mem[X,0x0000000080000E8E] -> 0x00AE
[936] [M]: 0x0000000080000E8C (0x00AE9E93) slli t4, t4, 0xa
x29 <- 0xFF7FFFFBFFF7C000

mem[X,0x0000000080000E90] -> 0x0FBB
mem[X,0x0000000080000E92] -> 0xF9DF
[937] [M]: 0x0000000080000E90 (0xF9DF0FBB) pasubu.h t6, t5, t4
x31 <- 0x8041FFFF8007A020

mem[X,0x0000000080000E94] -> 0xB023
mem[X,0x0000000080000E96] -> 0x09F0
[938] [M]: 0x0000000080000E94 (0x09F0B023) sd t6, 0x80(ra)
mem[0x0000000080004280] <- 0x8041FFFF8007A020

mem[X,0x0000000080000E98] -> 0x0F37
mem[X,0x0000000080000E9A] -> 0x5555
[939] [M]: 0x0000000080000E98 (0x55550F37) lui t5, 0x55550
x30 <- 0x0000000055550000

mem[X,0x0000000080000E9C] -> 0x0F13
mem[X,0x0000000080000E9E] -> 0x040F
[940] [M]: 0x0000000080000E9C (0x040F0F13) addi t5, t5, 0x40
x30 <- 0x0000000055550040

mem[X,0x0000000080000EA0] -> 0x1F13
mem[X,0x0000000080000EA2] -> 0x00BF
[941] [M]: 0x0000000080000EA0 (0x00BF1F13) slli t5, t5, 0xb
x30 <- 0x000002AAA8020000

mem[X,0x0000000080000EA4] -> 0x0F13
mem[X,0x0000000080000EA6] -> 0x1FFF
[942] [M]: 0x0000000080000EA4 (0x1FFF0F13) addi t5, t5, 0x1ff
x30 <- 0x000002AAA80201FF

mem[X,0x0000000080000EA8] -> 0x1F13
mem[X,0x0000000080000EAA] -> 0x00BF
[943] [M]: 0x0000000080000EA8 (0x00BF1F13) slli t5, t5, 0xb
x30 <- 0x00155540100FF800

mem[X,0x0000000080000EAC] -> 0x0F13
mem[X,0x0000000080000EAE] -> 0x7E0F
[944] [M]: 0x0000000080000EAC (0x7E0F0F13) addi t5, t5, 0x7e0
x30 <- 0x00155540100FFFE0

mem[X,0x0000000080000EB0] -> 0x1F13
mem[X,0x0000000080000EB2] -> 0x00AF
[945] [M]: 0x0000000080000EB0 (0x00AF1F13) slli t5, t5, 0xa
x30 <- 0x555500403FFF8000

mem[X,0x0000000080000EB4] -> 0x2EB7
mem[X,0x0000000080000EB6] -> 0xFEFF
[946] [M]: 0x0000000080000EB4 (0xFEFF2EB7) lui t4, -0x100e
x29 <- 0xFFFFFFFFFEFF2000

mem[X,0x0000000080000EB8] -> 0x8E93
mem[X,0x0000000080000EBA] -> 0x000E
[947] [M]: 0x0000000080000EB8 (0x000E8E93) addi t4, t4, 0x0
x29 <- 0xFFFFFFFFFEFF2000

mem[X,0x0000000080000EBC] -> 0x9E93
mem[X,0x0000000080000EBE] -> 0x00BE
[948] [M]: 0x0000000080000EBC (0x00BE9E93) slli t4, t4, 0xb
x29 <- 0xFFFFFFF7F9000000

mem[X,0x0000000080000EC0] -> 0x8E93
mem[X,0x0000000080000EC2] -> 0x77FE
[949] [M]: 0x0000000080000EC0 (0x77FE8E93) addi t4, t4, 0x77f
x29 <- 0xFFFFFFF7F900077F

mem[X,0x0000000080000EC4] -> 0x9E93
mem[X,0x0000000080000EC6] -> 0x00BE
[950] [M]: 0x0000000080000EC4 (0x00BE9E93) slli t4, t4, 0xb
x29 <- 0xFFFFBFC8003BF800

mem[X,0x0000000080000EC8] -> 0x8E93
mem[X,0x0000000080000ECA] -> 0x7FFE
[951] [M]: 0x0000000080000EC8 (0x7FFE8E93) addi t4, t4, 0x7ff
x29 <- 0xFFFFBFC8003BFFFF

mem[X,0x0000000080000ECC] -> 0x9E93
mem[X,0x0000000080000ECE] -> 0x00AE
[952] [M]: 0x0000000080000ECC (0x00AE9E93) slli t4, t4, 0xa
x29 <- 0xFEFF2000EFFFFC00

mem[X,0x0000000080000ED0] -> 0x8E93
mem[X,0x0000000080000ED2] -> 0x3F6E
[953] [M]: 0x0000000080000ED0 (0x3F6E8E93) addi t4, t4, 0x3f6
x29 <- 0xFEFF2000EFFFFFF6

mem[X,0x0000000080000ED4] -> 0x0FBB
mem[X,0x0000000080000ED6] -> 0xF9DF
[954] [M]: 0x0000000080000ED4 (0xF9DF0FBB) pasubu.h t6, t5, t4
x31 <- 0xAB2BF020A800C005

mem[X,0x0000000080000ED8] -> 0xB423
mem[X,0x0000000080000EDA] -> 0x09F0
[955] [M]: 0x0000000080000ED8 (0x09F0B423) sd t6, 0x88(ra)
mem[0x0000000080004288] <- 0xAB2BF020A800C005

mem[X,0x0000000080000EDC] -> 0xCF37
mem[X,0x0000000080000EDE] -> 0x0003
[956] [M]: 0x0000000080000EDC (0x0003CF37) lui t5, 0x3c
x30 <- 0x000000000003C000

mem[X,0x0000000080000EE0] -> 0x0F13
mem[X,0x0000000080000EE2] -> 0x000F
[957] [M]: 0x0000000080000EE0 (0x000F0F13) addi t5, t5, 0x0
x30 <- 0x000000000003C000

mem[X,0x0000000080000EE4] -> 0x1F13
mem[X,0x0000000080000EE6] -> 0x00BF
[958] [M]: 0x0000000080000EE4 (0x00BF1F13) slli t5, t5, 0xb
x30 <- 0x000000001E000000

mem[X,0x0000000080000EE8] -> 0x0F13
mem[X,0x0000000080000EEA] -> 0x100F
[959] [M]: 0x0000000080000EE8 (0x100F0F13) addi t5, t5, 0x100
x30 <- 0x000000001E000100

mem[X,0x0000000080000EEC] -> 0x1F13
mem[X,0x0000000080000EEE] -> 0x00BF
[960] [M]: 0x0000000080000EEC (0x00BF1F13) slli t5, t5, 0xb
x30 <- 0x000000F000080000

mem[X,0x0000000080000EF0] -> 0x0F13
mem[X,0x0000000080000EF2] -> 0x000F
[961] [M]: 0x0000000080000EF0 (0x000F0F13) addi t5, t5, 0x0
x30 <- 0x000000F000080000

mem[X,0x0000000080000EF4] -> 0x1F13
mem[X,0x0000000080000EF6] -> 0x00AF
[962] [M]: 0x0000000080000EF4 (0x00AF1F13) slli t5, t5, 0xa
x30 <- 0x0003C00020000000

mem[X,0x0000000080000EF8] -> 0x0F13
mem[X,0x0000000080000EFA] -> 0x005F
[963] [M]: 0x0000000080000EF8 (0x005F0F13) addi t5, t5, 0x5
x30 <- 0x0003C00020000005

mem[X,0x0000000080000EFC] -> 0x0EB7
mem[X,0x0000000080000EFE] -> 0xFBFF
[964] [M]: 0x0000000080000EFC (0xFBFF0EB7) lui t4, -0x4010
x29 <- 0xFFFFFFFFFBFF0000

mem[X,0x0000000080000F00] -> 0x8E93
mem[X,0x0000000080000F02] -> 0x020E
[965] [M]: 0x0000000080000F00 (0x020E8E93) addi t4, t4, 0x20
x29 <- 0xFFFFFFFFFBFF0020

mem[X,0x0000000080000F04] -> 0x9E93
mem[X,0x0000000080000F06] -> 0x00BE
[966] [M]: 0x0000000080000F04 (0x00BE9E93) slli t4, t4, 0xb
x29 <- 0xFFFFFFDFF8010000

mem[X,0x0000000080000F08] -> 0x8E93
mem[X,0x0000000080000F0A] -> 0x000E
[967] [M]: 0x0000000080000F08 (0x000E8E93) addi t4, t4, 0x0
x29 <- 0xFFFFFFDFF8010000

mem[X,0x0000000080000F0C] -> 0x9E93
mem[X,0x0000000080000F0E] -> 0x00BE
[968] [M]: 0x0000000080000F0C (0x00BE9E93) slli t4, t4, 0xb
x29 <- 0xFFFEFFC008000000

mem[X,0x0000000080000F10] -> 0x8E93
mem[X,0x0000000080000F12] -> 0x200E
[969] [M]: 0x0000000080000F10 (0x200E8E93) addi t4, t4, 0x200
x29 <- 0xFFFEFFC008000200

mem[X,0x0000000080000F14] -> 0x9E93
mem[X,0x0000000080000F16] -> 0x00AE
[970] [M]: 0x0000000080000F14 (0x00AE9E93) slli t4, t4, 0xa
x29 <- 0xFBFF002000080000

mem[X,0x0000000080000F18] -> 0x8E93
mem[X,0x0000000080000F1A] -> 0x002E
[971] [M]: 0x0000000080000F18 (0x002E8E93) addi t4, t4, 0x2
x29 <- 0xFBFF002000080002

mem[X,0x0000000080000F1C] -> 0x0FBB
mem[X,0x0000000080000F1E] -> 0xF9DF
[972] [M]: 0x0000000080000F1C (0xF9DF0FBB) pasubu.h t6, t5, t4
x31 <- 0x82025FF00FFC0001

mem[X,0x0000000080000F20] -> 0xB823
mem[X,0x0000000080000F22] -> 0x09F0
[973] [M]: 0x0000000080000F20 (0x09F0B823) sd t6, 0x90(ra)
mem[0x0000000080004290] <- 0x82025FF00FFC0001

mem[X,0x0000000080000F24] -> 0x0F37
mem[X,0x0000000080000F26] -> 0xFFBF
[974] [M]: 0x0000000080000F24 (0xFFBF0F37) lui t5, -0x410
x30 <- 0xFFFFFFFFFFBF0000

mem[X,0x0000000080000F28] -> 0x0F13
mem[X,0x0000000080000F2A] -> 0x000F
[975] [M]: 0x0000000080000F28 (0x000F0F13) addi t5, t5, 0x0
x30 <- 0xFFFFFFFFFFBF0000

mem[X,0x0000000080000F2C] -> 0x1F13
mem[X,0x0000000080000F2E] -> 0x00BF
[976] [M]: 0x0000000080000F2C (0x00BF1F13) slli t5, t5, 0xb
x30 <- 0xFFFFFFFDF8000000

mem[X,0x0000000080000F30] -> 0x0F13
mem[X,0x0000000080000F32] -> 0x004F
[977] [M]: 0x0000000080000F30 (0x004F0F13) addi t5, t5, 0x4
x30 <- 0xFFFFFFFDF8000004

mem[X,0x0000000080000F34] -> 0x1F13
mem[X,0x0000000080000F36] -> 0x00BF
[978] [M]: 0x0000000080000F34 (0x00BF1F13) slli t5, t5, 0xb
x30 <- 0xFFFFEFC000002000

mem[X,0x0000000080000F38] -> 0x0F13
mem[X,0x0000000080000F3A] -> 0x000F
[979] [M]: 0x0000000080000F38 (0x000F0F13) addi t5, t5, 0x0
x30 <- 0xFFFFEFC000002000

mem[X,0x0000000080000F3C] -> 0x1F13
mem[X,0x0000000080000F3E] -> 0x00AF
[980] [M]: 0x0000000080000F3C (0x00AF1F13) slli t5, t5, 0xa
x30 <- 0xFFBF000000800000

mem[X,0x0000000080000F40] -> 0x0F13
mem[X,0x0000000080000F42] -> 0x003F
[981] [M]: 0x0000000080000F40 (0x003F0F13) addi t5, t5, 0x3
x30 <- 0xFFBF000000800003

mem[X,0x0000000080000F44] -> 0xFEB7
mem[X,0x0000000080000F46] -> 0xEFFF
[982] [M]: 0x0000000080000F44 (0xEFFFFEB7) lui t4, -0x10001
x29 <- 0xFFFFFFFFEFFFF000

mem[X,0x0000000080000F48] -> 0x8E93
mem[X,0x0000000080000F4A] -> 0x7FFE
[983] [M]: 0x0000000080000F48 (0x7FFE8E93) addi t4, t4, 0x7ff
x29 <- 0xFFFFFFFFEFFFF7FF

mem[X,0x0000000080000F4C] -> 0x9E93
mem[X,0x0000000080000F4E] -> 0x00BE
[984] [M]: 0x0000000080000F4C (0x00BE9E93) slli t4, t4, 0xb
x29 <- 0xFFFFFF7FFFBFF800

mem[X,0x0000000080000F50] -> 0x8E93
mem[X,0x0000000080000F52] -> 0x7BFE
[985] [M]: 0x0000000080000F50 (0x7BFE8E93) addi t4, t4, 0x7bf
x29 <- 0xFFFFFF7FFFBFFFBF

mem[X,0x0000000080000F54] -> 0x9E93
mem[X,0x0000000080000F56] -> 0x00BE
[986] [M]: 0x0000000080000F54 (0x00BE9E93) slli t4, t4, 0xb
x29 <- 0xFFFBFFFDFFFDF800

mem[X,0x0000000080000F58] -> 0x8E93
mem[X,0x0000000080000F5A] -> 0x7C0E
[987] [M]: 0x0000000080000F58 (0x7C0E8E93) addi t4, t4, 0x7c0
x29 <- 0xFFFBFFFDFFFDFFC0

mem[X,0x0000000080000F5C] -> 0x9E93
mem[X,0x0000000080000F5E] -> 0x00AE
[988] [M]: 0x0000000080000F5C (0x00AE9E93) slli t4, t4, 0xa
x29 <- 0xEFFFF7FFF7FF0000

mem[X,0x0000000080000F60] -> 0x8E93
mem[X,0x0000000080000F62] -> 0x003E
[989] [M]: 0x0000000080000F60 (0x003E8E93) addi t4, t4, 0x3
x29 <- 0xEFFFF7FFF7FF0003

mem[X,0x0000000080000F64] -> 0x0FBB
mem[X,0x0000000080000F66] -> 0xF9DF
[990] [M]: 0x0000000080000F64 (0xF9DF0FBB) pasubu.h t6, t5, t4
x31 <- 0x07E0840084400000

mem[X,0x0000000080000F68] -> 0xBC23
mem[X,0x0000000080000F6A] -> 0x09F0
[991] [M]: 0x0000000080000F68 (0x09F0BC23) sd t6, 0x98(ra)
mem[0x0000000080004298] <- 0x07E0840084400000

mem[X,0x0000000080000F6C] -> 0x4F37
mem[X,0x0000000080000F6E] -> 0xFFFB
[992] [M]: 0x0000000080000F6C (0xFFFB4F37) lui t5, -0x4c
x30 <- 0xFFFFFFFFFFFB4000

mem[X,0x0000000080000F70] -> 0x0F13
mem[X,0x0000000080000F72] -> 0x000F
[993] [M]: 0x0000000080000F70 (0x000F0F13) addi t5, t5, 0x0
x30 <- 0xFFFFFFFFFFFB4000

mem[X,0x0000000080000F74] -> 0x1F13
mem[X,0x0000000080000F76] -> 0x00BF
[994] [M]: 0x0000000080000F74 (0x00BF1F13) slli t5, t5, 0xb
x30 <- 0xFFFFFFFFDA000000

mem[X,0x0000000080000F78] -> 0x0F13
mem[X,0x0000000080000F7A] -> 0x7FFF
[995] [M]: 0x0000000080000F78 (0x7FFF0F13) addi t5, t5, 0x7ff
x30 <- 0xFFFFFFFFDA0007FF

mem[X,0x0000000080000F7C] -> 0x1F13
mem[X,0x0000000080000F7E] -> 0x00BF
[996] [M]: 0x0000000080000F7C (0x00BF1F13) slli t5, t5, 0xb
x30 <- 0xFFFFFED0003FF800

mem[X,0x0000000080000F80] -> 0x0F13
mem[X,0x0000000080000F82] -> 0x682F
[997] [M]: 0x0000000080000F80 (0x682F0F13) addi t5, t5, 0x682
x30 <- 0xFFFFFED0003FFE82

mem[X,0x0000000080000F84] -> 0x1F13
mem[X,0x0000000080000F86] -> 0x00AF
[998] [M]: 0x0000000080000F84 (0x00AF1F13) slli t5, t5, 0xa
x30 <- 0xFFFB4000FFFA0800

mem[X,0x0000000080000F88] -> 0x0EB7
mem[X,0x0000000080000F8A] -> 0x5556
[999] [M]: 0x0000000080000F88 (0x55560EB7) lui t4, 0x55560
x29 <- 0x0000000055560000

clint::tick mtime <- 0x000000000000000A
 clint timer pending at mtime 0x000000000000000A
htif::tick 0x0000000000000000
mem[X,0x0000000080000F8C] -> 0x8E93
mem[X,0x0000000080000F8E] -> 0xFF8E
[1000] [M]: 0x0000000080000F8C (0xFF8E8E93) addi t4, t4, -0x8
x29 <- 0x000000005555FFF8

mem[X,0x0000000080000F90] -> 0x9E93
mem[X,0x0000000080000F92] -> 0x00BE
[1001] [M]: 0x0000000080000F90 (0x00BE9E93) slli t4, t4, 0xb
x29 <- 0x000002AAAFFFC000

mem[X,0x0000000080000F94] -> 0x8E93
mem[X,0x0000000080000F96] -> 0x7FEE
[1002] [M]: 0x0000000080000F94 (0x7FEE8E93) addi t4, t4, 0x7fe
x29 <- 0x000002AAAFFFC7FE

mem[X,0x0000000080000F98] -> 0x9E93
mem[X,0x0000000080000F9A] -> 0x00BE
[1003] [M]: 0x0000000080000F98 (0x00BE9E93) slli t4, t4, 0xb
x29 <- 0x0015557FFE3FF000

mem[X,0x0000000080000F9C] -> 0x8E93
mem[X,0x0000000080000F9E] -> 0x7FFE
[1004] [M]: 0x0000000080000F9C (0x7FFE8E93) addi t4, t4, 0x7ff
x29 <- 0x0015557FFE3FF7FF

mem[X,0x0000000080000FA0] -> 0x9E93
mem[X,0x0000000080000FA2] -> 0x00AE
[1005] [M]: 0x0000000080000FA0 (0x00AE9E93) slli t4, t4, 0xa
x29 <- 0x5555FFF8FFDFFC00

mem[X,0x0000000080000FA4] -> 0x8E93
mem[X,0x0000000080000FA6] -> 0x3FFE
[1006] [M]: 0x0000000080000FA4 (0x3FFE8E93) addi t4, t4, 0x3ff
x29 <- 0x5555FFF8FFDFFFFF

mem[X,0x0000000080000FA8] -> 0x0FBB
mem[X,0x0000000080000FAA] -> 0xF9DF
[1007] [M]: 0x0000000080000FA8 (0xF9DF0FBB) pasubu.h t6, t5, t4
x31 <- 0x5553A004000D8400

mem[X,0x0000000080000FAC] -> 0xB023
mem[X,0x0000000080000FAE] -> 0x0BF0
[1008] [M]: 0x0000000080000FAC (0x0BF0B023) sd t6, 0xa0(ra)
mem[0x00000000800042A0] <- 0x5553A004000D8400

mem[X,0x0000000080000FB0] -> 0x0F37
mem[X,0x0000000080000FB2] -> 0x0100
[1009] [M]: 0x0000000080000FB0 (0x01000F37) lui t5, 0x1000
x30 <- 0x0000000001000000

mem[X,0x0000000080000FB4] -> 0x0F13
mem[X,0x0000000080000FB6] -> 0x000F
[1010] [M]: 0x0000000080000FB4 (0x000F0F13) addi t5, t5, 0x0
x30 <- 0x0000000001000000

mem[X,0x0000000080000FB8] -> 0x1F13
mem[X,0x0000000080000FBA] -> 0x00BF
[1011] [M]: 0x0000000080000FB8 (0x00BF1F13) slli t5, t5, 0xb
x30 <- 0x0000000800000000

mem[X,0x0000000080000FBC] -> 0x0F13
mem[X,0x0000000080000FBE] -> 0x000F
[1012] [M]: 0x0000000080000FBC (0x000F0F13) addi t5, t5, 0x0
x30 <- 0x0000000800000000

mem[X,0x0000000080000FC0] -> 0x1F13
mem[X,0x0000000080000FC2] -> 0x00BF
[1013] [M]: 0x0000000080000FC0 (0x00BF1F13) slli t5, t5, 0xb
x30 <- 0x0000400000000000

mem[X,0x0000000080000FC4] -> 0x0F13
mem[X,0x0000000080000FC6] -> 0x188F
[1014] [M]: 0x0000000080000FC4 (0x188F0F13) addi t5, t5, 0x188
x30 <- 0x0000400000000188

mem[X,0x0000000080000FC8] -> 0x1F13
mem[X,0x0000000080000FCA] -> 0x00AF
[1015] [M]: 0x0000000080000FC8 (0x00AF1F13) slli t5, t5, 0xa
x30 <- 0x0100000000062000

mem[X,0x0000000080000FCC] -> 0xEEB7
mem[X,0x0000000080000FCE] -> 0xAAAA
[1016] [M]: 0x0000000080000FCC (0xAAAAEEB7) lui t4, -0x55552
x29 <- 0xFFFFFFFFAAAAE000

mem[X,0x0000000080000FD0] -> 0x8E93
mem[X,0x0000000080000FD2] -> 0xFFFE
[1017] [M]: 0x0000000080000FD0 (0xFFFE8E93) addi t4, t4, -0x1
x29 <- 0xFFFFFFFFAAAADFFF

mem[X,0x0000000080000FD4] -> 0x9E93
mem[X,0x0000000080000FD6] -> 0x00BE
[1018] [M]: 0x0000000080000FD4 (0x00BE9E93) slli t4, t4, 0xb
x29 <- 0xFFFFFD5556FFF800

mem[X,0x0000000080000FD8] -> 0x8E93
mem[X,0x0000000080000FDA] -> 0x7FFE
[1019] [M]: 0x0000000080000FD8 (0x7FFE8E93) addi t4, t4, 0x7ff
x29 <- 0xFFFFFD5556FFFFFF

mem[X,0x0000000080000FDC] -> 0x9E93
mem[X,0x0000000080000FDE] -> 0x00BE
[1020] [M]: 0x0000000080000FDC (0x00BE9E93) slli t4, t4, 0xb
x29 <- 0xFFEAAAB7FFFFF800

mem[X,0x0000000080000FE0] -> 0x8E93
mem[X,0x0000000080000FE2] -> 0x5FDE
[1021] [M]: 0x0000000080000FE0 (0x5FDE8E93) addi t4, t4, 0x5fd
x29 <- 0xFFEAAAB7FFFFFDFD

mem[X,0x0000000080000FE4] -> 0x9E93
mem[X,0x0000000080000FE6] -> 0x00AE
[1022] [M]: 0x0000000080000FE4 (0x00AE9E93) slli t4, t4, 0xa
x29 <- 0xAAAADFFFFFF7F400

mem[X,0x0000000080000FE8] -> 0x8E93
mem[X,0x0000000080000FEA] -> 0x3FFE
[1023] [M]: 0x0000000080000FE8 (0x3FFE8E93) addi t4, t4, 0x3ff
x29 <- 0xAAAADFFFFFF7F7FF

mem[X,0x0000000080000FEC] -> 0x0FBB
mem[X,0x0000000080000FEE] -> 0xF9DF
[1024] [M]: 0x0000000080000FEC (0xF9DF0FBB) pasubu.h t6, t5, t4
x31 <- 0xAB2B900080079400

mem[X,0x0000000080000FF0] -> 0xB423
mem[X,0x0000000080000FF2] -> 0x0BF0
[1025] [M]: 0x0000000080000FF0 (0x0BF0B423) sd t6, 0xa8(ra)
mem[0x00000000800042A8] <- 0xAB2B900080079400

mem[X,0x0000000080000FF4] -> 0x2F37
mem[X,0x0000000080000FF6] -> 0x2000
[1026] [M]: 0x0000000080000FF4 (0x20002F37) lui t5, 0x20002
x30 <- 0x0000000020002000

mem[X,0x0000000080000FF8] -> 0x0F13
mem[X,0x0000000080000FFA] -> 0x000F
[1027] [M]: 0x0000000080000FF8 (0x000F0F13) addi t5, t5, 0x0
x30 <- 0x0000000020002000

mem[X,0x0000000080000FFC] -> 0x1F13
mem[X,0x0000000080000FFE] -> 0x00BF
[1028] [M]: 0x0000000080000FFC (0x00BF1F13) slli t5, t5, 0xb
x30 <- 0x0000010001000000

mem[X,0x0000000080001000] -> 0x0F13
mem[X,0x0000000080001002] -> 0x7FFF
[1029] [M]: 0x0000000080001000 (0x7FFF0F13) addi t5, t5, 0x7ff
x30 <- 0x00000100010007FF

mem[X,0x0000000080001004] -> 0x1F13
mem[X,0x0000000080001006] -> 0x00BF
[1030] [M]: 0x0000000080001004 (0x00BF1F13) slli t5, t5, 0xb
x30 <- 0x00080008003FF800

mem[X,0x0000000080001008] -> 0x0F13
mem[X,0x000000008000100A] -> 0x7FFF
[1031] [M]: 0x0000000080001008 (0x7FFF0F13) addi t5, t5, 0x7ff
x30 <- 0x00080008003FFFFF

mem[X,0x000000008000100C] -> 0x1F13
mem[X,0x000000008000100E] -> 0x00AF
[1032] [M]: 0x000000008000100C (0x00AF1F13) slli t5, t5, 0xa
x30 <- 0x20002000FFFFFC00

mem[X,0x0000000080001010] -> 0x0F13
mem[X,0x0000000080001012] -> 0x2FFF
[1033] [M]: 0x0000000080001010 (0x2FFF0F13) addi t5, t5, 0x2ff
x30 <- 0x20002000FFFFFEFF

mem[X,0x0000000080001014] -> 0x4EB7
mem[X,0x0000000080001016] -> 0x3FFF
[1034] [M]: 0x0000000080001014 (0x3FFF4EB7) lui t4, 0x3fff4
x29 <- 0x000000003FFF4000

mem[X,0x0000000080001018] -> 0x8E93
mem[X,0x000000008000101A] -> 0x000E
[1035] [M]: 0x0000000080001018 (0x000E8E93) addi t4, t4, 0x0
x29 <- 0x000000003FFF4000

mem[X,0x000000008000101C] -> 0x9E93
mem[X,0x000000008000101E] -> 0x00BE
[1036] [M]: 0x000000008000101C (0x00BE9E93) slli t4, t4, 0xb
x29 <- 0x000001FFFA000000

mem[X,0x0000000080001020] -> 0x8E93
mem[X,0x0000000080001022] -> 0x000E
[1037] [M]: 0x0000000080001020 (0x000E8E93) addi t4, t4, 0x0
x29 <- 0x000001FFFA000000

mem[X,0x0000000080001024] -> 0x9E93
mem[X,0x0000000080001026] -> 0x00BE
[1038] [M]: 0x0000000080001024 (0x00BE9E93) slli t4, t4, 0xb
x29 <- 0x000FFFD000000000

mem[X,0x0000000080001028] -> 0x8E93
mem[X,0x000000008000102A] -> 0x080E
[1039] [M]: 0x0000000080001028 (0x080E8E93) addi t4, t4, 0x80
x29 <- 0x000FFFD000000080

mem[X,0x000000008000102C] -> 0x9E93
mem[X,0x000000008000102E] -> 0x00AE
[1040] [M]: 0x000000008000102C (0x00AE9E93) slli t4, t4, 0xa
x29 <- 0x3FFF400000020000

mem[X,0x0000000080001030] -> 0x8E93
mem[X,0x0000000080001032] -> 0x004E
[1041] [M]: 0x0000000080001030 (0x004E8E93) addi t4, t4, 0x4
x29 <- 0x3FFF400000020004

mem[X,0x0000000080001034] -> 0x0FBB
mem[X,0x0000000080001036] -> 0xF9DF
[1042] [M]: 0x0000000080001034 (0xF9DF0FBB) pasubu.h t6, t5, t4
x31 <- 0xF000F0007FFE7F7D

mem[X,0x0000000080001038] -> 0xB823
mem[X,0x000000008000103A] -> 0x0BF0
[1043] [M]: 0x0000000080001038 (0x0BF0B823) sd t6, 0xb0(ra)
mem[0x00000000800042B0] <- 0xF000F0007FFE7F7D

mem[X,0x000000008000103C] -> 0x0F37
mem[X,0x000000008000103E] -> 0x0021
[1044] [M]: 0x000000008000103C (0x00210F37) lui t5, 0x210
x30 <- 0x0000000000210000

mem[X,0x0000000080001040] -> 0x0F13
mem[X,0x0000000080001042] -> 0xFFCF
[1045] [M]: 0x0000000080001040 (0xFFCF0F13) addi t5, t5, -0x4
x30 <- 0x000000000020FFFC

mem[X,0x0000000080001044] -> 0x1F13
mem[X,0x0000000080001046] -> 0x00BF
[1046] [M]: 0x0000000080001044 (0x00BF1F13) slli t5, t5, 0xb
x30 <- 0x0000000107FFE000

mem[X,0x0000000080001048] -> 0x0F13
mem[X,0x000000008000104A] -> 0x000F
[1047] [M]: 0x0000000080001048 (0x000F0F13) addi t5, t5, 0x0
x30 <- 0x0000000107FFE000

mem[X,0x000000008000104C] -> 0x1F13
mem[X,0x000000008000104E] -> 0x00BF
[1048] [M]: 0x000000008000104C (0x00BF1F13) slli t5, t5, 0xb
x30 <- 0x0000083FFF000000

mem[X,0x0000000080001050] -> 0x0F13
mem[X,0x0000000080001052] -> 0x07FF
[1049] [M]: 0x0000000080001050 (0x07FF0F13) addi t5, t5, 0x7f
x30 <- 0x0000083FFF00007F

mem[X,0x0000000080001054] -> 0x1F13
mem[X,0x0000000080001056] -> 0x00AF
[1050] [M]: 0x0000000080001054 (0x00AF1F13) slli t5, t5, 0xa
x30 <- 0x0020FFFC0001FC00

mem[X,0x0000000080001058] -> 0x0F13
mem[X,0x000000008000105A] -> 0x3FFF
[1051] [M]: 0x0000000080001058 (0x3FFF0F13) addi t5, t5, 0x3ff
x30 <- 0x0020FFFC0001FFFF

mem[X,0x000000008000105C] -> 0x0EB7
mem[X,0x000000008000105E] -> 0xC001
[1052] [M]: 0x000000008000105C (0xC0010EB7) lui t4, -0x3fff0
x29 <- 0xFFFFFFFFC0010000

mem[X,0x0000000080001060] -> 0x8E93
mem[X,0x0000000080001062] -> 0xFFDE
[1053] [M]: 0x0000000080001060 (0xFFDE8E93) addi t4, t4, -0x3
x29 <- 0xFFFFFFFFC000FFFD

mem[X,0x0000000080001064] -> 0x9E93
mem[X,0x0000000080001066] -> 0x00BE
[1054] [M]: 0x0000000080001064 (0x00BE9E93) slli t4, t4, 0xb
x29 <- 0xFFFFFE0007FFE800

mem[X,0x0000000080001068] -> 0x8E93
mem[X,0x000000008000106A] -> 0x7FFE
[1055] [M]: 0x0000000080001068 (0x7FFE8E93) addi t4, t4, 0x7ff
x29 <- 0xFFFFFE0007FFEFFF

mem[X,0x000000008000106C] -> 0x9E93
mem[X,0x000000008000106E] -> 0x00BE
[1056] [M]: 0x000000008000106C (0x00BE9E93) slli t4, t4, 0xb
x29 <- 0xFFF0003FFF7FF800

mem[X,0x0000000080001070] -> 0x8E93
mem[X,0x0000000080001072] -> 0x680E
[1057] [M]: 0x0000000080001070 (0x680E8E93) addi t4, t4, 0x680
x29 <- 0xFFF0003FFF7FFE80

mem[X,0x0000000080001074] -> 0x9E93
mem[X,0x0000000080001076] -> 0x00AE
[1058] [M]: 0x0000000080001074 (0x00AE9E93) slli t4, t4, 0xa
x29 <- 0xC000FFFDFFFA0000

mem[X,0x0000000080001078] -> 0x8E93
mem[X,0x000000008000107A] -> 0x020E
[1059] [M]: 0x0000000080001078 (0x020E8E93) addi t4, t4, 0x20
x29 <- 0xC000FFFDFFFA0020

mem[X,0x000000008000107C] -> 0x0FBB
mem[X,0x000000008000107E] -> 0xF9DF
[1060] [M]: 0x000000008000107C (0xF9DF0FBB) pasubu.h t6, t5, t4
x31 <- 0xA010FFFF80037FEF

mem[X,0x0000000080001080] -> 0xBC23
mem[X,0x0000000080001082] -> 0x0BF0
[1061] [M]: 0x0000000080001080 (0x0BF0BC23) sd t6, 0xb8(ra)
mem[0x00000000800042B8] <- 0xA010FFFF80037FEF

mem[X,0x0000000080001084] -> 0x5F37
mem[X,0x0000000080001086] -> 0x2000
[1062] [M]: 0x0000000080001084 (0x20005F37) lui t5, 0x20005
x30 <- 0x0000000020005000

mem[X,0x0000000080001088] -> 0x0F13
mem[X,0x000000008000108A] -> 0x555F
[1063] [M]: 0x0000000080001088 (0x555F0F13) addi t5, t5, 0x555
x30 <- 0x0000000020005555

mem[X,0x000000008000108C] -> 0x1F13
mem[X,0x000000008000108E] -> 0x00BF
[1064] [M]: 0x000000008000108C (0x00BF1F13) slli t5, t5, 0xb
x30 <- 0x0000010002AAA800

mem[X,0x0000000080001090] -> 0x0F13
mem[X,0x0000000080001092] -> 0x000F
[1065] [M]: 0x0000000080001090 (0x000F0F13) addi t5, t5, 0x0
x30 <- 0x0000010002AAA800

mem[X,0x0000000080001094] -> 0x1F13
mem[X,0x0000000080001096] -> 0x00BF
[1066] [M]: 0x0000000080001094 (0x00BF1F13) slli t5, t5, 0xb
x30 <- 0x0008001555400000

mem[X,0x0000000080001098] -> 0x0F13
mem[X,0x000000008000109A] -> 0x13FF
[1067] [M]: 0x0000000080001098 (0x13FF0F13) addi t5, t5, 0x13f
x30 <- 0x000800155540013F

mem[X,0x000000008000109C] -> 0x1F13
mem[X,0x000000008000109E] -> 0x00AF
[1068] [M]: 0x000000008000109C (0x00AF1F13) slli t5, t5, 0xa
x30 <- 0x200055550004FC00

mem[X,0x00000000800010A0] -> 0x0F13
mem[X,0x00000000800010A2] -> 0x3F9F
[1069] [M]: 0x00000000800010A0 (0x3F9F0F13) addi t5, t5, 0x3f9
x30 <- 0x200055550004FFF9

mem[X,0x00000000800010A4] -> 0x0EB7
mem[X,0x00000000800010A6] -> 0xFFF7
[1070] [M]: 0x00000000800010A4 (0xFFF70EB7) lui t4, -0x90
x29 <- 0xFFFFFFFFFFF70000

mem[X,0x00000000800010A8] -> 0x8E93
mem[X,0x00000000800010AA] -> 0xFDFE
[1071] [M]: 0x00000000800010A8 (0xFDFE8E93) addi t4, t4, -0x21
x29 <- 0xFFFFFFFFFFF6FFDF

mem[X,0x00000000800010AC] -> 0x9E93
mem[X,0x00000000800010AE] -> 0x00BE
[1072] [M]: 0x00000000800010AC (0x00BE9E93) slli t4, t4, 0xb
x29 <- 0xFFFFFFFFB7FEF800

mem[X,0x00000000800010B0] -> 0x8E93
mem[X,0x00000000800010B2] -> 0x7BFE
[1073] [M]: 0x00000000800010B0 (0x7BFE8E93) addi t4, t4, 0x7bf
x29 <- 0xFFFFFFFFB7FEFFBF

mem[X,0x00000000800010B4] -> 0x9E93
mem[X,0x00000000800010B6] -> 0x00BE
[1074] [M]: 0x00000000800010B4 (0x00BE9E93) slli t4, t4, 0xb
x29 <- 0xFFFFFDBFF7FDF800

mem[X,0x00000000800010B8] -> 0x8E93
mem[X,0x00000000800010BA] -> 0x7FFE
[1075] [M]: 0x00000000800010B8 (0x7FFE8E93) addi t4, t4, 0x7ff
x29 <- 0xFFFFFDBFF7FDFFFF

mem[X,0x00000000800010BC] -> 0x9E93
mem[X,0x00000000800010BE] -> 0x00AE
[1076] [M]: 0x00000000800010BC (0x00AE9E93) slli t4, t4, 0xa
x29 <- 0xFFF6FFDFF7FFFC00

mem[X,0x00000000800010C0] -> 0x8E93
mem[X,0x00000000800010C2] -> 0x3F8E
[1077] [M]: 0x00000000800010C0 (0x3F8E8E93) addi t4, t4, 0x3f8
x29 <- 0xFFF6FFDFF7FFFFF8

mem[X,0x00000000800010C4] -> 0x0FBB
mem[X,0x00000000800010C6] -> 0xF9DF
[1078] [M]: 0x00000000800010C4 (0xF9DF0FBB) pasubu.h t6, t5, t4
x31 <- 0x9005AABB84020000

mem[X,0x00000000800010C8] -> 0xB023
mem[X,0x00000000800010CA] -> 0x0DF0
[1079] [M]: 0x00000000800010C8 (0x0DF0B023) sd t6, 0xc0(ra)
mem[0x00000000800042C0] <- 0x9005AABB84020000

mem[X,0x00000000800010CC] -> 0x0F37
mem[X,0x00000000800010CE] -> 0x0101
[1080] [M]: 0x00000000800010CC (0x01010F37) lui t5, 0x1010
x30 <- 0x0000000001010000

mem[X,0x00000000800010D0] -> 0x0F13
mem[X,0x00000000800010D2] -> 0xFFEF
[1081] [M]: 0x00000000800010D0 (0xFFEF0F13) addi t5, t5, -0x2
x30 <- 0x000000000100FFFE

mem[X,0x00000000800010D4] -> 0x1F13
mem[X,0x00000000800010D6] -> 0x00BF
[1082] [M]: 0x00000000800010D4 (0x00BF1F13) slli t5, t5, 0xb
x30 <- 0x0000000807FFF000

mem[X,0x00000000800010D8] -> 0x0F13
mem[X,0x00000000800010DA] -> 0x7FFF
[1083] [M]: 0x00000000800010D8 (0x7FFF0F13) addi t5, t5, 0x7ff
x30 <- 0x0000000807FFF7FF

mem[X,0x00000000800010DC] -> 0x1F13
mem[X,0x00000000800010DE] -> 0x00BF
[1084] [M]: 0x00000000800010DC (0x00BF1F13) slli t5, t5, 0xb
x30 <- 0x0000403FFFBFF800

mem[X,0x00000000800010E0] -> 0x0F13
mem[X,0x00000000800010E2] -> 0x640F
[1085] [M]: 0x00000000800010E0 (0x640F0F13) addi t5, t5, 0x640
x30 <- 0x0000403FFFBFFE40

mem[X,0x00000000800010E4] -> 0x1F13
mem[X,0x00000000800010E6] -> 0x00AF
[1086] [M]: 0x00000000800010E4 (0x00AF1F13) slli t5, t5, 0xa
x30 <- 0x0100FFFEFFF90000

mem[X,0x00000000800010E8] -> 0x0F13
mem[X,0x00000000800010EA] -> 0x005F
[1087] [M]: 0x00000000800010E8 (0x005F0F13) addi t5, t5, 0x5
x30 <- 0x0100FFFEFFF90005

mem[X,0x00000000800010EC] -> 0x0EB7
mem[X,0x00000000800010EE] -> 0x0002
[1088] [M]: 0x00000000800010EC (0x00020EB7) lui t4, 0x20
x29 <- 0x0000000000020000

mem[X,0x00000000800010F0] -> 0x8E93
mem[X,0x00000000800010F2] -> 0xF7FE
[1089] [M]: 0x00000000800010F0 (0xF7FE8E93) addi t4, t4, -0x81
x29 <- 0x000000000001FF7F

mem[X,0x00000000800010F4] -> 0x9E93
mem[X,0x00000000800010F6] -> 0x00BE
[1090] [M]: 0x00000000800010F4 (0x00BE9E93) slli t4, t4, 0xb
x29 <- 0x000000000FFBF800

mem[X,0x00000000800010F8] -> 0x8E93
mem[X,0x00000000800010FA] -> 0x7FFE
[1091] [M]: 0x00000000800010F8 (0x7FFE8E93) addi t4, t4, 0x7ff
x29 <- 0x000000000FFBFFFF

mem[X,0x00000000800010FC] -> 0x9E93
mem[X,0x00000000800010FE] -> 0x00BE
[1092] [M]: 0x00000000800010FC (0x00BE9E93) slli t4, t4, 0xb
x29 <- 0x0000007FDFFFF800

mem[X,0x0000000080001100] -> 0x8E93
mem[X,0x0000000080001102] -> 0x64FE
[1093] [M]: 0x0000000080001100 (0x64FE8E93) addi t4, t4, 0x64f
x29 <- 0x0000007FDFFFFE4F

mem[X,0x0000000080001104] -> 0x9E93
mem[X,0x0000000080001106] -> 0x00AE
[1094] [M]: 0x0000000080001104 (0x00AE9E93) slli t4, t4, 0xa
x29 <- 0x0001FF7FFFF93C00

mem[X,0x0000000080001108] -> 0x8E93
mem[X,0x000000008000110A] -> 0x3FFE
[1095] [M]: 0x0000000080001108 (0x3FFE8E93) addi t4, t4, 0x3ff
x29 <- 0x0001FF7FFFF93FFF

mem[X,0x000000008000110C] -> 0x0FBB
mem[X,0x000000008000110E] -> 0xF9DF
[1096] [M]: 0x000000008000110C (0xF9DF0FBB) pasubu.h t6, t5, t4
x31 <- 0x007F003F0000E003

mem[X,0x0000000080001110] -> 0xB423
mem[X,0x0000000080001112] -> 0x0DF0
[1097] [M]: 0x0000000080001110 (0x0DF0B423) sd t6, 0xc8(ra)
mem[0x00000000800042C8] <- 0x007F003F0000E003

mem[X,0x0000000080001114] -> 0x0F37
mem[X,0x0000000080001116] -> 0x4001
[1098] [M]: 0x0000000080001114 (0x40010F37) lui t5, 0x40010
x30 <- 0x0000000040010000

mem[X,0x0000000080001118] -> 0x0F13
mem[X,0x000000008000111A] -> 0xFFDF
[1099] [M]: 0x0000000080001118 (0xFFDF0F13) addi t5, t5, -0x3
x30 <- 0x000000004000FFFD

clint::tick mtime <- 0x000000000000000B
 clint timer pending at mtime 0x000000000000000B
htif::tick 0x0000000000000000
mem[X,0x000000008000111C] -> 0x1F13
mem[X,0x000000008000111E] -> 0x00BF
[1100] [M]: 0x000000008000111C (0x00BF1F13) slli t5, t5, 0xb
x30 <- 0x0000020007FFE800

mem[X,0x0000000080001120] -> 0x0F13
mem[X,0x0000000080001122] -> 0x000F
[1101] [M]: 0x0000000080001120 (0x000F0F13) addi t5, t5, 0x0
x30 <- 0x0000020007FFE800

mem[X,0x0000000080001124] -> 0x1F13
mem[X,0x0000000080001126] -> 0x00BF
[1102] [M]: 0x0000000080001124 (0x00BF1F13) slli t5, t5, 0xb
x30 <- 0x0010003FFF400000

mem[X,0x0000000080001128] -> 0x0F13
mem[X,0x000000008000112A] -> 0x43FF
[1103] [M]: 0x0000000080001128 (0x43FF0F13) addi t5, t5, 0x43f
x30 <- 0x0010003FFF40043F

mem[X,0x000000008000112C] -> 0x1F13
mem[X,0x000000008000112E] -> 0x00AF
[1104] [M]: 0x000000008000112C (0x00AF1F13) slli t5, t5, 0xa
x30 <- 0x4000FFFD0010FC00

mem[X,0x0000000080001130] -> 0x0F13
mem[X,0x0000000080001132] -> 0x3FDF
[1105] [M]: 0x0000000080001130 (0x3FDF0F13) addi t5, t5, 0x3fd
x30 <- 0x4000FFFD0010FFFD

mem[X,0x0000000080001134] -> 0x0EB7
mem[X,0x0000000080001136] -> 0x000A
[1106] [M]: 0x0000000080001134 (0x000A0EB7) lui t4, 0xa0
x29 <- 0x00000000000A0000

mem[X,0x0000000080001138] -> 0x8E93
mem[X,0x000000008000113A] -> 0xF7FE
[1107] [M]: 0x0000000080001138 (0xF7FE8E93) addi t4, t4, -0x81
x29 <- 0x000000000009FF7F

mem[X,0x000000008000113C] -> 0x9E93
mem[X,0x000000008000113E] -> 0x00BE
[1108] [M]: 0x000000008000113C (0x00BE9E93) slli t4, t4, 0xb
x29 <- 0x000000004FFBF800

mem[X,0x0000000080001140] -> 0x8E93
mem[X,0x0000000080001142] -> 0x000E
[1109] [M]: 0x0000000080001140 (0x000E8E93) addi t4, t4, 0x0
x29 <- 0x000000004FFBF800

mem[X,0x0000000080001144] -> 0x9E93
mem[X,0x0000000080001146] -> 0x00BE
[1110] [M]: 0x0000000080001144 (0x00BE9E93) slli t4, t4, 0xb
x29 <- 0x0000027FDFC00000

mem[X,0x0000000080001148] -> 0x8E93
mem[X,0x000000008000114A] -> 0x07FE
[1111] [M]: 0x0000000080001148 (0x07FE8E93) addi t4, t4, 0x7f
x29 <- 0x0000027FDFC0007F

mem[X,0x000000008000114C] -> 0x9E93
mem[X,0x000000008000114E] -> 0x00AE
[1112] [M]: 0x000000008000114C (0x00AE9E93) slli t4, t4, 0xa
x29 <- 0x0009FF7F0001FC00

mem[X,0x0000000080001150] -> 0x8E93
mem[X,0x0000000080001152] -> 0x3FFE
[1113] [M]: 0x0000000080001150 (0x3FFE8E93) addi t4, t4, 0x3ff
x29 <- 0x0009FF7F0001FFFF

mem[X,0x0000000080001154] -> 0x0FBB
mem[X,0x0000000080001156] -> 0xF9DF
[1114] [M]: 0x0000000080001154 (0xF9DF0FBB) pasubu.h t6, t5, t4
x31 <- 0x1FFB003F0007FFFF

mem[X,0x0000000080001158] -> 0xB823
mem[X,0x000000008000115A] -> 0x0DF0
[1115] [M]: 0x0000000080001158 (0x0DF0B823) sd t6, 0xd0(ra)
mem[0x00000000800042D0] <- 0x1FFB003F0007FFFF

mem[X,0x000000008000115C] -> 0xFF37
mem[X,0x000000008000115E] -> 0xFFFA
[1116] [M]: 0x000000008000115C (0xFFFAFF37) lui t5, -0x51
x30 <- 0xFFFFFFFFFFFAF000

mem[X,0x0000000080001160] -> 0x0F13
mem[X,0x0000000080001162] -> 0x7FFF
[1117] [M]: 0x0000000080001160 (0x7FFF0F13) addi t5, t5, 0x7ff
x30 <- 0xFFFFFFFFFFFAF7FF

mem[X,0x0000000080001164] -> 0x1F13
mem[X,0x0000000080001166] -> 0x00BF
[1118] [M]: 0x0000000080001164 (0x00BF1F13) slli t5, t5, 0xb
x30 <- 0xFFFFFFFFD7BFF800

mem[X,0x0000000080001168] -> 0x0F13
mem[X,0x000000008000116A] -> 0x002F
[1119] [M]: 0x0000000080001168 (0x002F0F13) addi t5, t5, 0x2
x30 <- 0xFFFFFFFFD7BFF802

mem[X,0x000000008000116C] -> 0x1F13
mem[X,0x000000008000116E] -> 0x00BF
[1120] [M]: 0x000000008000116C (0x00BF1F13) slli t5, t5, 0xb
x30 <- 0xFFFFFEBDFFC01000

mem[X,0x0000000080001170] -> 0x0F13
mem[X,0x0000000080001172] -> 0x000F
[1121] [M]: 0x0000000080001170 (0x000F0F13) addi t5, t5, 0x0
x30 <- 0xFFFFFEBDFFC01000

mem[X,0x0000000080001174] -> 0x1F13
mem[X,0x0000000080001176] -> 0x00AF
[1122] [M]: 0x0000000080001174 (0x00AF1F13) slli t5, t5, 0xa
x30 <- 0xFFFAF7FF00400000

mem[X,0x0000000080001178] -> 0x0F13
mem[X,0x000000008000117A] -> 0x001F
[1123] [M]: 0x0000000080001178 (0x001F0F13) addi t5, t5, 0x1
x30 <- 0xFFFAF7FF00400001

mem[X,0x000000008000117C] -> 0x0EB7
mem[X,0x000000008000117E] -> 0xFFEF
[1124] [M]: 0x000000008000117C (0xFFEF0EB7) lui t4, -0x110
x29 <- 0xFFFFFFFFFFEF0000

mem[X,0x0000000080001180] -> 0x8E93
mem[X,0x0000000080001182] -> 0x009E
[1125] [M]: 0x0000000080001180 (0x009E8E93) addi t4, t4, 0x9
x29 <- 0xFFFFFFFFFFEF0009

mem[X,0x0000000080001184] -> 0x9E93
mem[X,0x0000000080001186] -> 0x00BE
[1126] [M]: 0x0000000080001184 (0x00BE9E93) slli t4, t4, 0xb
x29 <- 0xFFFFFFFF78004800

mem[X,0x0000000080001188] -> 0x8E93
mem[X,0x000000008000118A] -> 0x7FFE
[1127] [M]: 0x0000000080001188 (0x7FFE8E93) addi t4, t4, 0x7ff
x29 <- 0xFFFFFFFF78004FFF

mem[X,0x000000008000118C] -> 0x9E93
mem[X,0x000000008000118E] -> 0x00BE
[1128] [M]: 0x000000008000118C (0x00BE9E93) slli t4, t4, 0xb
x29 <- 0xFFFFFBC0027FF800

mem[X,0x0000000080001190] -> 0x8E93
mem[X,0x0000000080001192] -> 0x7FFE
[1129] [M]: 0x0000000080001190 (0x7FFE8E93) addi t4, t4, 0x7ff
x29 <- 0xFFFFFBC0027FFFFF

mem[X,0x0000000080001194] -> 0x9E93
mem[X,0x0000000080001196] -> 0x00AE
[1130] [M]: 0x0000000080001194 (0x00AE9E93) slli t4, t4, 0xa
x29 <- 0xFFEF0009FFFFFC00

mem[X,0x0000000080001198] -> 0x8E93
mem[X,0x000000008000119A] -> 0x2FFE
[1131] [M]: 0x0000000080001198 (0x2FFE8E93) addi t4, t4, 0x2ff
x29 <- 0xFFEF0009FFFFFEFF

mem[X,0x000000008000119C] -> 0x0FBB
mem[X,0x000000008000119E] -> 0xF9DF
[1132] [M]: 0x000000008000119C (0xF9DF0FBB) pasubu.h t6, t5, t4
x31 <- 0x00057BFB80208081

mem[X,0x00000000800011A0] -> 0xBC23
mem[X,0x00000000800011A2] -> 0x0DF0
[1133] [M]: 0x00000000800011A0 (0x0DF0BC23) sd t6, 0xd8(ra)
mem[0x00000000800042D8] <- 0x00057BFB80208081

mem[X,0x00000000800011A4] -> 0x8F37
mem[X,0x00000000800011A6] -> 0xEFFF
[1134] [M]: 0x00000000800011A4 (0xEFFF8F37) lui t5, -0x10008
x30 <- 0xFFFFFFFFEFFF8000

mem[X,0x00000000800011A8] -> 0x0F13
mem[X,0x00000000800011AA] -> 0xFFFF
[1135] [M]: 0x00000000800011A8 (0xFFFF0F13) addi t5, t5, -0x1
x30 <- 0xFFFFFFFFEFFF7FFF

mem[X,0x00000000800011AC] -> 0x1F13
mem[X,0x00000000800011AE] -> 0x00BF
[1136] [M]: 0x00000000800011AC (0x00BF1F13) slli t5, t5, 0xb
x30 <- 0xFFFFFF7FFBFFF800

mem[X,0x00000000800011B0] -> 0x0F13
mem[X,0x00000000800011B2] -> 0x020F
[1137] [M]: 0x00000000800011B0 (0x020F0F13) addi t5, t5, 0x20
x30 <- 0xFFFFFF7FFBFFF820

mem[X,0x00000000800011B4] -> 0x1F13
mem[X,0x00000000800011B6] -> 0x00BF
[1138] [M]: 0x00000000800011B4 (0x00BF1F13) slli t5, t5, 0xb
x30 <- 0xFFFBFFDFFFC10000

mem[X,0x00000000800011B8] -> 0x0F13
mem[X,0x00000000800011BA] -> 0x002F
[1139] [M]: 0x00000000800011B8 (0x002F0F13) addi t5, t5, 0x2
x30 <- 0xFFFBFFDFFFC10002

mem[X,0x00000000800011BC] -> 0x1F13
mem[X,0x00000000800011BE] -> 0x00AF
[1140] [M]: 0x00000000800011BC (0x00AF1F13) slli t5, t5, 0xa
x30 <- 0xEFFF7FFF04000800

mem[X,0x00000000800011C0] -> 0x0EB7
mem[X,0x00000000800011C2] -> 0x5555
[1141] [M]: 0x00000000800011C0 (0x55550EB7) lui t4, 0x55550
x29 <- 0x0000000055550000

mem[X,0x00000000800011C4] -> 0x8E93
mem[X,0x00000000800011C6] -> 0x008E
[1142] [M]: 0x00000000800011C4 (0x008E8E93) addi t4, t4, 0x8
x29 <- 0x0000000055550008

mem[X,0x00000000800011C8] -> 0x9E93
mem[X,0x00000000800011CA] -> 0x00BE
[1143] [M]: 0x00000000800011C8 (0x00BE9E93) slli t4, t4, 0xb
x29 <- 0x000002AAA8004000

mem[X,0x00000000800011CC] -> 0x8E93
mem[X,0x00000000800011CE] -> 0x7FEE
[1144] [M]: 0x00000000800011CC (0x7FEE8E93) addi t4, t4, 0x7fe
x29 <- 0x000002AAA80047FE

mem[X,0x00000000800011D0] -> 0x9E93
mem[X,0x00000000800011D2] -> 0x00BE
[1145] [M]: 0x00000000800011D0 (0x00BE9E93) slli t4, t4, 0xb
x29 <- 0x00155540023FF000

mem[X,0x00000000800011D4] -> 0x8E93
mem[X,0x00000000800011D6] -> 0x7EFE
[1146] [M]: 0x00000000800011D4 (0x7EFE8E93) addi t4, t4, 0x7ef
x29 <- 0x00155540023FF7EF

mem[X,0x00000000800011D8] -> 0x9E93
mem[X,0x00000000800011DA] -> 0x00AE
[1147] [M]: 0x00000000800011D8 (0x00AE9E93) slli t4, t4, 0xa
x29 <- 0x55550008FFDFBC00

mem[X,0x00000000800011DC] -> 0x8E93
mem[X,0x00000000800011DE] -> 0x3FFE
[1148] [M]: 0x00000000800011DC (0x3FFE8E93) addi t4, t4, 0x3ff
x29 <- 0x55550008FFDFBFFF

mem[X,0x00000000800011E0] -> 0x0FBB
mem[X,0x00000000800011E2] -> 0xF9DF
[1149] [M]: 0x00000000800011E0 (0xF9DF0FBB) pasubu.h t6, t5, t4
x31 <- 0x4D553FFB8210A400

mem[X,0x00000000800011E4] -> 0xB023
mem[X,0x00000000800011E6] -> 0x0FF0
[1150] [M]: 0x00000000800011E4 (0x0FF0B023) sd t6, 0xe0(ra)
mem[0x00000000800042E0] <- 0x4D553FFB8210A400

mem[X,0x00000000800011E8] -> 0xFF37
mem[X,0x00000000800011EA] -> 0xBFFF
[1151] [M]: 0x00000000800011E8 (0xBFFFFF37) lui t5, -0x40001
x30 <- 0xFFFFFFFFBFFFF000

mem[X,0x00000000800011EC] -> 0x0F13
mem[X,0x00000000800011EE] -> 0xFFFF
[1152] [M]: 0x00000000800011EC (0xFFFF0F13) addi t5, t5, -0x1
x30 <- 0xFFFFFFFFBFFFEFFF

mem[X,0x00000000800011F0] -> 0x1F13
mem[X,0x00000000800011F2] -> 0x00BF
[1153] [M]: 0x00000000800011F0 (0x00BF1F13) slli t5, t5, 0xb
x30 <- 0xFFFFFDFFFF7FF800

mem[X,0x00000000800011F4] -> 0x0F13
mem[X,0x00000000800011F6] -> 0x080F
[1154] [M]: 0x00000000800011F4 (0x080F0F13) addi t5, t5, 0x80
x30 <- 0xFFFFFDFFFF7FF880

mem[X,0x00000000800011F8] -> 0x1F13
mem[X,0x00000000800011FA] -> 0x00BF
[1155] [M]: 0x00000000800011F8 (0x00BF1F13) slli t5, t5, 0xb
x30 <- 0xFFEFFFFBFFC40000

mem[X,0x00000000800011FC] -> 0x0F13
mem[X,0x00000000800011FE] -> 0x000F
[1156] [M]: 0x00000000800011FC (0x000F0F13) addi t5, t5, 0x0
x30 <- 0xFFEFFFFBFFC40000

mem[X,0x0000000080001200] -> 0x1F13
mem[X,0x0000000080001202] -> 0x00AF
[1157] [M]: 0x0000000080001200 (0x00AF1F13) slli t5, t5, 0xa
x30 <- 0xBFFFEFFF10000000

mem[X,0x0000000080001204] -> 0x0F13
mem[X,0x0000000080001206] -> 0x100F
[1158] [M]: 0x0000000080001204 (0x100F0F13) addi t5, t5, 0x100
x30 <- 0xBFFFEFFF10000100

mem[X,0x0000000080001208] -> 0x0EB7
mem[X,0x000000008000120A] -> 0x0005
[1159] [M]: 0x0000000080001208 (0x00050EB7) lui t4, 0x50
x29 <- 0x0000000000050000

mem[X,0x000000008000120C] -> 0x8E93
mem[X,0x000000008000120E] -> 0xF7FE
[1160] [M]: 0x000000008000120C (0xF7FE8E93) addi t4, t4, -0x81
x29 <- 0x000000000004FF7F

mem[X,0x0000000080001210] -> 0x9E93
mem[X,0x0000000080001212] -> 0x00BE
[1161] [M]: 0x0000000080001210 (0x00BE9E93) slli t4, t4, 0xb
x29 <- 0x0000000027FBF800

mem[X,0x0000000080001214] -> 0x8E93
mem[X,0x0000000080001216] -> 0x000E
[1162] [M]: 0x0000000080001214 (0x000E8E93) addi t4, t4, 0x0
x29 <- 0x0000000027FBF800

mem[X,0x0000000080001218] -> 0x9E93
mem[X,0x000000008000121A] -> 0x00BE
[1163] [M]: 0x0000000080001218 (0x00BE9E93) slli t4, t4, 0xb
x29 <- 0x0000013FDFC00000

mem[X,0x000000008000121C] -> 0x8E93
mem[X,0x000000008000121E] -> 0x180E
[1164] [M]: 0x000000008000121C (0x180E8E93) addi t4, t4, 0x180
x29 <- 0x0000013FDFC00180

mem[X,0x0000000080001220] -> 0x9E93
mem[X,0x0000000080001222] -> 0x00AE
[1165] [M]: 0x0000000080001220 (0x00AE9E93) slli t4, t4, 0xa
x29 <- 0x0004FF7F00060000

mem[X,0x0000000080001224] -> 0x8E93
mem[X,0x0000000080001226] -> 0x008E
[1166] [M]: 0x0000000080001224 (0x008E8E93) addi t4, t4, 0x8
x29 <- 0x0004FF7F00060008

mem[X,0x0000000080001228] -> 0x0FBB
mem[X,0x000000008000122A] -> 0xF9DF
[1167] [M]: 0x0000000080001228 (0xF9DF0FBB) pasubu.h t6, t5, t4
x31 <- 0x5FFDF84007FD007C

mem[X,0x000000008000122C] -> 0xB423
mem[X,0x000000008000122E] -> 0x0FF0
[1168] [M]: 0x000000008000122C (0x0FF0B423) sd t6, 0xe8(ra)
mem[0x00000000800042E8] <- 0x5FFDF84007FD007C

mem[X,0x0000000080001230] -> 0xFF37
mem[X,0x0000000080001232] -> 0x0040
[1169] [M]: 0x0000000080001230 (0x0040FF37) lui t5, 0x40f
x30 <- 0x000000000040F000

mem[X,0x0000000080001234] -> 0x0F13
mem[X,0x0000000080001236] -> 0x7FFF
[1170] [M]: 0x0000000080001234 (0x7FFF0F13) addi t5, t5, 0x7ff
x30 <- 0x000000000040F7FF

mem[X,0x0000000080001238] -> 0x1F13
mem[X,0x000000008000123A] -> 0x00BF
[1171] [M]: 0x0000000080001238 (0x00BF1F13) slli t5, t5, 0xb
x30 <- 0x0000000207BFF800

mem[X,0x000000008000123C] -> 0x0F13
mem[X,0x000000008000123E] -> 0x7FFF
[1172] [M]: 0x000000008000123C (0x7FFF0F13) addi t5, t5, 0x7ff
x30 <- 0x0000000207BFFFFF

mem[X,0x0000000080001240] -> 0x1F13
mem[X,0x0000000080001242] -> 0x00BF
[1173] [M]: 0x0000000080001240 (0x00BF1F13) slli t5, t5, 0xb
x30 <- 0x0000103DFFFFF800

mem[X,0x0000000080001244] -> 0x0F13
mem[X,0x0000000080001246] -> 0x790F
[1174] [M]: 0x0000000080001244 (0x790F0F13) addi t5, t5, 0x790
x30 <- 0x0000103DFFFFFF90

mem[X,0x0000000080001248] -> 0x1F13
mem[X,0x000000008000124A] -> 0x00AF
[1175] [M]: 0x0000000080001248 (0x00AF1F13) slli t5, t5, 0xa
x30 <- 0x0040F7FFFFFE4000

mem[X,0x000000008000124C] -> 0x0EB7
mem[X,0x000000008000124E] -> 0x2001
[1176] [M]: 0x000000008000124C (0x20010EB7) lui t4, 0x20010
x29 <- 0x0000000020010000

mem[X,0x0000000080001250] -> 0x8E93
mem[X,0x0000000080001252] -> 0xFBFE
[1177] [M]: 0x0000000080001250 (0xFBFE8E93) addi t4, t4, -0x41
x29 <- 0x000000002000FFBF

mem[X,0x0000000080001254] -> 0x9E93
mem[X,0x0000000080001256] -> 0x00BE
[1178] [M]: 0x0000000080001254 (0x00BE9E93) slli t4, t4, 0xb
x29 <- 0x0000010007FDF800

mem[X,0x0000000080001258] -> 0x8E93
mem[X,0x000000008000125A] -> 0x000E
[1179] [M]: 0x0000000080001258 (0x000E8E93) addi t4, t4, 0x0
x29 <- 0x0000010007FDF800

mem[X,0x000000008000125C] -> 0x9E93
mem[X,0x000000008000125E] -> 0x00BE
[1180] [M]: 0x000000008000125C (0x00BE9E93) slli t4, t4, 0xb
x29 <- 0x0008003FEFC00000

mem[X,0x0000000080001260] -> 0x8E93
mem[X,0x0000000080001262] -> 0x1C1E
[1181] [M]: 0x0000000080001260 (0x1C1E8E93) addi t4, t4, 0x1c1
x29 <- 0x0008003FEFC001C1

mem[X,0x0000000080001264] -> 0x9E93
mem[X,0x0000000080001266] -> 0x00AE
[1182] [M]: 0x0000000080001264 (0x00AE9E93) slli t4, t4, 0xa
x29 <- 0x2000FFBF00070400

mem[X,0x0000000080001268] -> 0x0FBB
mem[X,0x000000008000126A] -> 0xF9DF
[1183] [M]: 0x0000000080001268 (0xF9DF0FBB) pasubu.h t6, t5, t4
x31 <- 0xF020FC207FFB1E00

mem[X,0x000000008000126C] -> 0xB823
mem[X,0x000000008000126E] -> 0x0FF0
[1184] [M]: 0x000000008000126C (0x0FF0B823) sd t6, 0xf0(ra)
mem[0x00000000800042F0] <- 0xF020FC207FFB1E00

mem[X,0x0000000080001270] -> 0x0F37
mem[X,0x0000000080001272] -> 0xFFF0
[1185] [M]: 0x0000000080001270 (0xFFF00F37) lui t5, -0x100
x30 <- 0xFFFFFFFFFFF00000

mem[X,0x0000000080001274] -> 0x0F13
mem[X,0x0000000080001276] -> 0xFF6F
[1186] [M]: 0x0000000080001274 (0xFF6F0F13) addi t5, t5, -0xa
x30 <- 0xFFFFFFFFFFEFFFF6

mem[X,0x0000000080001278] -> 0x1F13
mem[X,0x000000008000127A] -> 0x00BF
[1187] [M]: 0x0000000080001278 (0x00BF1F13) slli t5, t5, 0xb
x30 <- 0xFFFFFFFF7FFFB000

mem[X,0x000000008000127C] -> 0x0F13
mem[X,0x000000008000127E] -> 0x000F
[1188] [M]: 0x000000008000127C (0x000F0F13) addi t5, t5, 0x0
x30 <- 0xFFFFFFFF7FFFB000

mem[X,0x0000000080001280] -> 0x1F13
mem[X,0x0000000080001282] -> 0x00BF
[1189] [M]: 0x0000000080001280 (0x00BF1F13) slli t5, t5, 0xb
x30 <- 0xFFFFFBFFFD800000

mem[X,0x0000000080001284] -> 0x0F13
mem[X,0x0000000080001286] -> 0x27FF
[1190] [M]: 0x0000000080001284 (0x27FF0F13) addi t5, t5, 0x27f
x30 <- 0xFFFFFBFFFD80027F

mem[X,0x0000000080001288] -> 0x1F13
mem[X,0x000000008000128A] -> 0x00AF
[1191] [M]: 0x0000000080001288 (0x00AF1F13) slli t5, t5, 0xa
x30 <- 0xFFEFFFF60009FC00

mem[X,0x000000008000128C] -> 0x0F13
mem[X,0x000000008000128E] -> 0x3BFF
[1192] [M]: 0x000000008000128C (0x3BFF0F13) addi t5, t5, 0x3bf
x30 <- 0xFFEFFFF60009FFBF

mem[X,0x0000000080001290] -> 0x0EB7
mem[X,0x0000000080001292] -> 0xFFFF
[1193] [M]: 0x0000000080001290 (0xFFFF0EB7) lui t4, -0x10
x29 <- 0xFFFFFFFFFFFF0000

mem[X,0x0000000080001294] -> 0x8E93
mem[X,0x0000000080001296] -> 0x100E
[1194] [M]: 0x0000000080001294 (0x100E8E93) addi t4, t4, 0x100
x29 <- 0xFFFFFFFFFFFF0100

mem[X,0x0000000080001298] -> 0x9E93
mem[X,0x000000008000129A] -> 0x00BE
[1195] [M]: 0x0000000080001298 (0x00BE9E93) slli t4, t4, 0xb
x29 <- 0xFFFFFFFFF8080000

mem[X,0x000000008000129C] -> 0x8E93
mem[X,0x000000008000129E] -> 0x7FFE
[1196] [M]: 0x000000008000129C (0x7FFE8E93) addi t4, t4, 0x7ff
x29 <- 0xFFFFFFFFF80807FF

mem[X,0x00000000800012A0] -> 0x9E93
mem[X,0x00000000800012A2] -> 0x00BE
[1197] [M]: 0x00000000800012A0 (0x00BE9E93) slli t4, t4, 0xb
x29 <- 0xFFFFFFC0403FF800

mem[X,0x00000000800012A4] -> 0x8E93
mem[X,0x00000000800012A6] -> 0x3FDE
[1198] [M]: 0x00000000800012A4 (0x3FDE8E93) addi t4, t4, 0x3fd
x29 <- 0xFFFFFFC0403FFBFD

mem[X,0x00000000800012A8] -> 0x9E93
mem[X,0x00000000800012AA] -> 0x00AE
[1199] [M]: 0x00000000800012A8 (0x00AE9E93) slli t4, t4, 0xa
x29 <- 0xFFFF0100FFEFF400

clint::tick mtime <- 0x000000000000000C
 clint timer pending at mtime 0x000000000000000C
htif::tick 0x0000000000000000
mem[X,0x00000000800012AC] -> 0x8E93
mem[X,0x00000000800012AE] -> 0x3FFE
[1200] [M]: 0x00000000800012AC (0x3FFE8E93) addi t4, t4, 0x3ff
x29 <- 0xFFFF0100FFEFF7FF

mem[X,0x00000000800012B0] -> 0x0FBB
mem[X,0x00000000800012B2] -> 0xF9DF
[1201] [M]: 0x00000000800012B0 (0xF9DF0FBB) pasubu.h t6, t5, t4
x31 <- 0xFFF87F7B800D03E0

mem[X,0x00000000800012B4] -> 0xBC23
mem[X,0x00000000800012B6] -> 0x0FF0
[1202] [M]: 0x00000000800012B4 (0x0FF0BC23) sd t6, 0xf8(ra)
mem[0x00000000800042F8] <- 0xFFF87F7B800D03E0

mem[X,0x00000000800012B8] -> 0x0F37
mem[X,0x00000000800012BA] -> 0xFFE0
[1203] [M]: 0x00000000800012B8 (0xFFE00F37) lui t5, -0x200
x30 <- 0xFFFFFFFFFFE00000

mem[X,0x00000000800012BC] -> 0x0F13
mem[X,0x00000000800012BE] -> 0xFDFF
[1204] [M]: 0x00000000800012BC (0xFDFF0F13) addi t5, t5, -0x21
x30 <- 0xFFFFFFFFFFDFFFDF

mem[X,0x00000000800012C0] -> 0x1F13
mem[X,0x00000000800012C2] -> 0x00BF
[1205] [M]: 0x00000000800012C0 (0x00BF1F13) slli t5, t5, 0xb
x30 <- 0xFFFFFFFEFFFEF800

mem[X,0x00000000800012C4] -> 0x0F13
mem[X,0x00000000800012C6] -> 0x7FFF
[1206] [M]: 0x00000000800012C4 (0x7FFF0F13) addi t5, t5, 0x7ff
x30 <- 0xFFFFFFFEFFFEFFFF

mem[X,0x00000000800012C8] -> 0x1F13
mem[X,0x00000000800012CA] -> 0x00BF
[1207] [M]: 0x00000000800012C8 (0x00BF1F13) slli t5, t5, 0xb
x30 <- 0xFFFFF7FFF7FFF800

mem[X,0x00000000800012CC] -> 0x0F13
mem[X,0x00000000800012CE] -> 0x6C8F
[1208] [M]: 0x00000000800012CC (0x6C8F0F13) addi t5, t5, 0x6c8
x30 <- 0xFFFFF7FFF7FFFEC8

mem[X,0x00000000800012D0] -> 0x1F13
mem[X,0x00000000800012D2] -> 0x00AF
[1209] [M]: 0x00000000800012D0 (0x00AF1F13) slli t5, t5, 0xa
x30 <- 0xFFDFFFDFFFFB2000

mem[X,0x00000000800012D4] -> 0x0EB7
mem[X,0x00000000800012D6] -> 0x0006
[1210] [M]: 0x00000000800012D4 (0x00060EB7) lui t4, 0x60
x29 <- 0x0000000000060000

mem[X,0x00000000800012D8] -> 0x8E93
mem[X,0x00000000800012DA] -> 0x400E
[1211] [M]: 0x00000000800012D8 (0x400E8E93) addi t4, t4, 0x400
x29 <- 0x0000000000060400

mem[X,0x00000000800012DC] -> 0x9E93
mem[X,0x00000000800012DE] -> 0x00BE
[1212] [M]: 0x00000000800012DC (0x00BE9E93) slli t4, t4, 0xb
x29 <- 0x0000000030200000

mem[X,0x00000000800012E0] -> 0x8E93
mem[X,0x00000000800012E2] -> 0x100E
[1213] [M]: 0x00000000800012E0 (0x100E8E93) addi t4, t4, 0x100
x29 <- 0x0000000030200100

mem[X,0x00000000800012E4] -> 0x9E93
mem[X,0x00000000800012E6] -> 0x00BE
[1214] [M]: 0x00000000800012E4 (0x00BE9E93) slli t4, t4, 0xb
x29 <- 0x0000018100080000

mem[X,0x00000000800012E8] -> 0x8E93
mem[X,0x00000000800012EA] -> 0x03FE
[1215] [M]: 0x00000000800012E8 (0x03FE8E93) addi t4, t4, 0x3f
x29 <- 0x000001810008003F

mem[X,0x00000000800012EC] -> 0x9E93
mem[X,0x00000000800012EE] -> 0x00AE
[1216] [M]: 0x00000000800012EC (0x00AE9E93) slli t4, t4, 0xa
x29 <- 0x000604002000FC00

mem[X,0x00000000800012F0] -> 0x8E93
mem[X,0x00000000800012F2] -> 0x3F6E
[1217] [M]: 0x00000000800012F0 (0x3F6E8E93) addi t4, t4, 0x3f6
x29 <- 0x000604002000FFF6

mem[X,0x00000000800012F4] -> 0x0FBB
mem[X,0x00000000800012F6] -> 0xF9DF
[1218] [M]: 0x00000000800012F4 (0xF9DF0FBB) pasubu.h t6, t5, t4
x31 <- 0x7FEC7DEF6FFD9005

mem[X,0x00000000800012F8] -> 0xB023
mem[X,0x00000000800012FA] -> 0x11F0
[1219] [M]: 0x00000000800012F8 (0x11F0B023) sd t6, 0x100(ra)
mem[0x0000000080004300] <- 0x7FEC7DEF6FFD9005

mem[X,0x00000000800012FC] -> 0x8F37
mem[X,0x00000000800012FE] -> 0xFEFF
[1220] [M]: 0x00000000800012FC (0xFEFF8F37) lui t5, -0x1008
x30 <- 0xFFFFFFFFFEFF8000

mem[X,0x0000000080001300] -> 0x0F13
mem[X,0x0000000080001302] -> 0xFFFF
[1221] [M]: 0x0000000080001300 (0xFFFF0F13) addi t5, t5, -0x1
x30 <- 0xFFFFFFFFFEFF7FFF

mem[X,0x0000000080001304] -> 0x1F13
mem[X,0x0000000080001306] -> 0x00BF
[1222] [M]: 0x0000000080001304 (0x00BF1F13) slli t5, t5, 0xb
x30 <- 0xFFFFFFF7FBFFF800

mem[X,0x0000000080001308] -> 0x0F13
mem[X,0x000000008000130A] -> 0x7FFF
[1223] [M]: 0x0000000080001308 (0x7FFF0F13) addi t5, t5, 0x7ff
x30 <- 0xFFFFFFF7FBFFFFFF

mem[X,0x000000008000130C] -> 0x1F13
mem[X,0x000000008000130E] -> 0x00BF
[1224] [M]: 0x000000008000130C (0x00BF1F13) slli t5, t5, 0xb
x30 <- 0xFFFFBFDFFFFFF800

mem[X,0x0000000080001310] -> 0x0F13
mem[X,0x0000000080001312] -> 0x3FFF
[1225] [M]: 0x0000000080001310 (0x3FFF0F13) addi t5, t5, 0x3ff
x30 <- 0xFFFFBFDFFFFFFBFF

mem[X,0x0000000080001314] -> 0x1F13
mem[X,0x0000000080001316] -> 0x00AF
[1226] [M]: 0x0000000080001314 (0x00AF1F13) slli t5, t5, 0xa
x30 <- 0xFEFF7FFFFFEFFC00

mem[X,0x0000000080001318] -> 0x0F13
mem[X,0x000000008000131A] -> 0x3F8F
[1227] [M]: 0x0000000080001318 (0x3F8F0F13) addi t5, t5, 0x3f8
x30 <- 0xFEFF7FFFFFEFFFF8

mem[X,0x000000008000131C] -> 0x0EB7
mem[X,0x000000008000131E] -> 0xFFFC
[1228] [M]: 0x000000008000131C (0xFFFC0EB7) lui t4, -0x40
x29 <- 0xFFFFFFFFFFFC0000

mem[X,0x0000000080001320] -> 0x8E93
mem[X,0x0000000080001322] -> 0x001E
[1229] [M]: 0x0000000080001320 (0x001E8E93) addi t4, t4, 0x1
x29 <- 0xFFFFFFFFFFFC0001

mem[X,0x0000000080001324] -> 0x9E93
mem[X,0x0000000080001326] -> 0x00BE
[1230] [M]: 0x0000000080001324 (0x00BE9E93) slli t4, t4, 0xb
x29 <- 0xFFFFFFFFE0000800

mem[X,0x0000000080001328] -> 0x8E93
mem[X,0x000000008000132A] -> 0x020E
[1231] [M]: 0x0000000080001328 (0x020E8E93) addi t4, t4, 0x20
x29 <- 0xFFFFFFFFE0000820

mem[X,0x000000008000132C] -> 0x9E93
mem[X,0x000000008000132E] -> 0x00BE
[1232] [M]: 0x000000008000132C (0x00BE9E93) slli t4, t4, 0xb
x29 <- 0xFFFFFF0000410000

mem[X,0x0000000080001330] -> 0x8E93
mem[X,0x0000000080001332] -> 0x000E
[1233] [M]: 0x0000000080001330 (0x000E8E93) addi t4, t4, 0x0
x29 <- 0xFFFFFF0000410000

mem[X,0x0000000080001334] -> 0x9E93
mem[X,0x0000000080001336] -> 0x00AE
[1234] [M]: 0x0000000080001334 (0x00AE9E93) slli t4, t4, 0xa
x29 <- 0xFFFC000104000000

mem[X,0x0000000080001338] -> 0x8E93
mem[X,0x000000008000133A] -> 0x020E
[1235] [M]: 0x0000000080001338 (0x020E8E93) addi t4, t4, 0x20
x29 <- 0xFFFC000104000020

mem[X,0x000000008000133C] -> 0x0FBB
mem[X,0x000000008000133E] -> 0xF9DF
[1236] [M]: 0x000000008000133C (0xF9DF0FBB) pasubu.h t6, t5, t4
x31 <- 0xFF813FFF7DF77FEC

mem[X,0x0000000080001340] -> 0xB423
mem[X,0x0000000080001342] -> 0x11F0
[1237] [M]: 0x0000000080001340 (0x11F0B423) sd t6, 0x108(ra)
mem[0x0000000080004308] <- 0xFF813FFF7DF77FEC

mem[X,0x0000000080001344] -> 0x0F37
mem[X,0x0000000080001346] -> 0xFC00
[1238] [M]: 0x0000000080001344 (0xFC000F37) lui t5, -0x4000
x30 <- 0xFFFFFFFFFC000000

mem[X,0x0000000080001348] -> 0x0F13
mem[X,0x000000008000134A] -> 0xFBFF
[1239] [M]: 0x0000000080001348 (0xFBFF0F13) addi t5, t5, -0x41
x30 <- 0xFFFFFFFFFBFFFFBF

mem[X,0x000000008000134C] -> 0x1F13
mem[X,0x000000008000134E] -> 0x00BF
[1240] [M]: 0x000000008000134C (0x00BF1F13) slli t5, t5, 0xb
x30 <- 0xFFFFFFDFFFFDF800

mem[X,0x0000000080001350] -> 0x0F13
mem[X,0x0000000080001352] -> 0x2AAF
[1241] [M]: 0x0000000080001350 (0x2AAF0F13) addi t5, t5, 0x2aa
x30 <- 0xFFFFFFDFFFFDFAAA

mem[X,0x0000000080001354] -> 0x1F13
mem[X,0x0000000080001356] -> 0x00BF
[1242] [M]: 0x0000000080001354 (0x00BF1F13) slli t5, t5, 0xb
x30 <- 0xFFFEFFFFEFD55000

mem[X,0x0000000080001358] -> 0x0F13
mem[X,0x000000008000135A] -> 0x540F
[1243] [M]: 0x0000000080001358 (0x540F0F13) addi t5, t5, 0x540
x30 <- 0xFFFEFFFFEFD55540

mem[X,0x000000008000135C] -> 0x1F13
mem[X,0x000000008000135E] -> 0x00AF
[1244] [M]: 0x000000008000135C (0x00AF1F13) slli t5, t5, 0xa
x30 <- 0xFBFFFFBF55550000

mem[X,0x0000000080001360] -> 0x0F13
mem[X,0x0000000080001362] -> 0x002F
[1245] [M]: 0x0000000080001360 (0x002F0F13) addi t5, t5, 0x2
x30 <- 0xFBFFFFBF55550002

mem[X,0x0000000080001364] -> 0x0EB7
mem[X,0x0000000080001366] -> 0x0008
[1246] [M]: 0x0000000080001364 (0x00080EB7) lui t4, 0x80
x29 <- 0x0000000000080000

mem[X,0x0000000080001368] -> 0x8E93
mem[X,0x000000008000136A] -> 0xEFFE
[1247] [M]: 0x0000000080001368 (0xEFFE8E93) addi t4, t4, -0x101
x29 <- 0x000000000007FEFF

mem[X,0x000000008000136C] -> 0x9E93
mem[X,0x000000008000136E] -> 0x00BE
[1248] [M]: 0x000000008000136C (0x00BE9E93) slli t4, t4, 0xb
x29 <- 0x000000003FF7F800

mem[X,0x0000000080001370] -> 0x8E93
mem[X,0x0000000080001372] -> 0x77FE
[1249] [M]: 0x0000000080001370 (0x77FE8E93) addi t4, t4, 0x77f
x29 <- 0x000000003FF7FF7F

mem[X,0x0000000080001374] -> 0x9E93
mem[X,0x0000000080001376] -> 0x00BE
[1250] [M]: 0x0000000080001374 (0x00BE9E93) slli t4, t4, 0xb
x29 <- 0x000001FFBFFBF800

mem[X,0x0000000080001378] -> 0x8E93
mem[X,0x000000008000137A] -> 0x7FFE
[1251] [M]: 0x0000000080001378 (0x7FFE8E93) addi t4, t4, 0x7ff
x29 <- 0x000001FFBFFBFFFF

mem[X,0x000000008000137C] -> 0x9E93
mem[X,0x000000008000137E] -> 0x00AE
[1252] [M]: 0x000000008000137C (0x00AE9E93) slli t4, t4, 0xa
x29 <- 0x0007FEFFEFFFFC00

mem[X,0x0000000080001380] -> 0x8E93
mem[X,0x0000000080001382] -> 0x3FAE
[1253] [M]: 0x0000000080001380 (0x3FAE8E93) addi t4, t4, 0x3fa
x29 <- 0x0007FEFFEFFFFFFA

mem[X,0x0000000080001384] -> 0x0FBB
mem[X,0x0000000080001386] -> 0xF9DF
[1254] [M]: 0x0000000080001384 (0xF9DF0FBB) pasubu.h t6, t5, t4
x31 <- 0x7DFC0060B2AB8004

mem[X,0x0000000080001388] -> 0xB823
mem[X,0x000000008000138A] -> 0x11F0
[1255] [M]: 0x0000000080001388 (0x11F0B823) sd t6, 0x110(ra)
mem[0x0000000080004310] <- 0x7DFC0060B2AB8004

mem[X,0x000000008000138C] -> 0x0F37
mem[X,0x000000008000138E] -> 0x0800
[1256] [M]: 0x000000008000138C (0x08000F37) lui t5, 0x8000
x30 <- 0x0000000008000000

mem[X,0x0000000080001390] -> 0x0F13
mem[X,0x0000000080001392] -> 0x004F
[1257] [M]: 0x0000000080001390 (0x004F0F13) addi t5, t5, 0x4
x30 <- 0x0000000008000004

mem[X,0x0000000080001394] -> 0x1F13
mem[X,0x0000000080001396] -> 0x00BF
[1258] [M]: 0x0000000080001394 (0x00BF1F13) slli t5, t5, 0xb
x30 <- 0x0000004000002000

mem[X,0x0000000080001398] -> 0x0F13
mem[X,0x000000008000139A] -> 0x002F
[1259] [M]: 0x0000000080001398 (0x002F0F13) addi t5, t5, 0x2
x30 <- 0x0000004000002002

mem[X,0x000000008000139C] -> 0x1F13
mem[X,0x000000008000139E] -> 0x00BF
[1260] [M]: 0x000000008000139C (0x00BF1F13) slli t5, t5, 0xb
x30 <- 0x0002000001001000

mem[X,0x00000000800013A0] -> 0x0F13
mem[X,0x00000000800013A2] -> 0x03FF
[1261] [M]: 0x00000000800013A0 (0x03FF0F13) addi t5, t5, 0x3f
x30 <- 0x000200000100103F

mem[X,0x00000000800013A4] -> 0x1F13
mem[X,0x00000000800013A6] -> 0x00AF
[1262] [M]: 0x00000000800013A4 (0x00AF1F13) slli t5, t5, 0xa
x30 <- 0x080000040040FC00

mem[X,0x00000000800013A8] -> 0x0F13
mem[X,0x00000000800013AA] -> 0x3F9F
[1263] [M]: 0x00000000800013A8 (0x3F9F0F13) addi t5, t5, 0x3f9
x30 <- 0x080000040040FFF9

mem[X,0x00000000800013AC] -> 0x0EB7
mem[X,0x00000000800013AE] -> 0x0200
[1264] [M]: 0x00000000800013AC (0x02000EB7) lui t4, 0x2000
x29 <- 0x0000000002000000

mem[X,0x00000000800013B0] -> 0x8E93
mem[X,0x00000000800013B2] -> 0x004E
[1265] [M]: 0x00000000800013B0 (0x004E8E93) addi t4, t4, 0x4
x29 <- 0x0000000002000004

mem[X,0x00000000800013B4] -> 0x9E93
mem[X,0x00000000800013B6] -> 0x00BE
[1266] [M]: 0x00000000800013B4 (0x00BE9E93) slli t4, t4, 0xb
x29 <- 0x0000001000002000

mem[X,0x00000000800013B8] -> 0x8E93
mem[X,0x00000000800013BA] -> 0x7FFE
[1267] [M]: 0x00000000800013B8 (0x7FFE8E93) addi t4, t4, 0x7ff
x29 <- 0x00000010000027FF

mem[X,0x00000000800013BC] -> 0x9E93
mem[X,0x00000000800013BE] -> 0x00BE
[1268] [M]: 0x00000000800013BC (0x00BE9E93) slli t4, t4, 0xb
x29 <- 0x00008000013FF800

mem[X,0x00000000800013C0] -> 0x8E93
mem[X,0x00000000800013C2] -> 0x740E
[1269] [M]: 0x00000000800013C0 (0x740E8E93) addi t4, t4, 0x740
x29 <- 0x00008000013FFF40

mem[X,0x00000000800013C4] -> 0x9E93
mem[X,0x00000000800013C6] -> 0x00AE
[1270] [M]: 0x00000000800013C4 (0x00AE9E93) slli t4, t4, 0xa
x29 <- 0x02000004FFFD0000

mem[X,0x00000000800013C8] -> 0x0FBB
mem[X,0x00000000800013CA] -> 0xF9DF
[1271] [M]: 0x00000000800013C8 (0xF9DF0FBB) pasubu.h t6, t5, t4
x31 <- 0x0300000080217FFC

mem[X,0x00000000800013CC] -> 0xBC23
mem[X,0x00000000800013CE] -> 0x11F0
[1272] [M]: 0x00000000800013CC (0x11F0BC23) sd t6, 0x118(ra)
mem[0x0000000080004318] <- 0x0300000080217FFC

mem[X,0x00000000800013D0] -> 0x0F37
mem[X,0x00000000800013D2] -> 0x000A
[1273] [M]: 0x00000000800013D0 (0x000A0F37) lui t5, 0xa0
x30 <- 0x00000000000A0000

mem[X,0x00000000800013D4] -> 0x0F13
mem[X,0x00000000800013D6] -> 0xFBFF
[1274] [M]: 0x00000000800013D4 (0xFBFF0F13) addi t5, t5, -0x41
x30 <- 0x000000000009FFBF

mem[X,0x00000000800013D8] -> 0x1F13
mem[X,0x00000000800013DA] -> 0x00BF
[1275] [M]: 0x00000000800013D8 (0x00BF1F13) slli t5, t5, 0xb
x30 <- 0x000000004FFDF800

mem[X,0x00000000800013DC] -> 0x0F13
mem[X,0x00000000800013DE] -> 0x200F
[1276] [M]: 0x00000000800013DC (0x200F0F13) addi t5, t5, 0x200
x30 <- 0x000000004FFDFA00

mem[X,0x00000000800013E0] -> 0x1F13
mem[X,0x00000000800013E2] -> 0x00BF
[1277] [M]: 0x00000000800013E0 (0x00BF1F13) slli t5, t5, 0xb
x30 <- 0x0000027FEFD00000

mem[X,0x00000000800013E4] -> 0x0F13
mem[X,0x00000000800013E6] -> 0x000F
[1278] [M]: 0x00000000800013E4 (0x000F0F13) addi t5, t5, 0x0
x30 <- 0x0000027FEFD00000

mem[X,0x00000000800013E8] -> 0x1F13
mem[X,0x00000000800013EA] -> 0x00AF
[1279] [M]: 0x00000000800013E8 (0x00AF1F13) slli t5, t5, 0xa
x30 <- 0x0009FFBF40000000

mem[X,0x00000000800013EC] -> 0x0F13
mem[X,0x00000000800013EE] -> 0x009F
[1280] [M]: 0x00000000800013EC (0x009F0F13) addi t5, t5, 0x9
x30 <- 0x0009FFBF40000009

mem[X,0x00000000800013F0] -> 0x0EB7
mem[X,0x00000000800013F2] -> 0xFFC0
[1281] [M]: 0x00000000800013F0 (0xFFC00EB7) lui t4, -0x400
x29 <- 0xFFFFFFFFFFC00000

mem[X,0x00000000800013F4] -> 0x8E93
mem[X,0x00000000800013F6] -> 0xBFFE
[1282] [M]: 0x00000000800013F4 (0xBFFE8E93) addi t4, t4, -0x401
x29 <- 0xFFFFFFFFFFBFFBFF

mem[X,0x00000000800013F8] -> 0x9E93
mem[X,0x00000000800013FA] -> 0x00BE
[1283] [M]: 0x00000000800013F8 (0x00BE9E93) slli t4, t4, 0xb
x29 <- 0xFFFFFFFDFFDFF800

mem[X,0x00000000800013FC] -> 0x8E93
mem[X,0x00000000800013FE] -> 0x1FFE
[1284] [M]: 0x00000000800013FC (0x1FFE8E93) addi t4, t4, 0x1ff
x29 <- 0xFFFFFFFDFFDFF9FF

mem[X,0x0000000080001400] -> 0x9E93
mem[X,0x0000000080001402] -> 0x00BE
[1285] [M]: 0x0000000080001400 (0x00BE9E93) slli t4, t4, 0xb
x29 <- 0xFFFFEFFEFFCFF800

mem[X,0x0000000080001404] -> 0x8E93
mem[X,0x0000000080001406] -> 0x7C0E
[1286] [M]: 0x0000000080001404 (0x7C0E8E93) addi t4, t4, 0x7c0
x29 <- 0xFFFFEFFEFFCFFFC0

mem[X,0x0000000080001408] -> 0x9E93
mem[X,0x000000008000140A] -> 0x00AE
[1287] [M]: 0x0000000080001408 (0x00AE9E93) slli t4, t4, 0xa
x29 <- 0xFFBFFBFF3FFF0000

mem[X,0x000000008000140C] -> 0x8E93
mem[X,0x000000008000140E] -> 0x010E
[1288] [M]: 0x000000008000140C (0x010E8E93) addi t4, t4, 0x10
x29 <- 0xFFBFFBFF3FFF0010

mem[X,0x0000000080001410] -> 0x0FBB
mem[X,0x0000000080001412] -> 0xF9DF
[1289] [M]: 0x0000000080001410 (0xF9DF0FBB) pasubu.h t6, t5, t4
x31 <- 0x802501E00000FFFC

mem[X,0x0000000080001414] -> 0xB023
mem[X,0x0000000080001416] -> 0x13F0
[1290] [M]: 0x0000000080001414 (0x13F0B023) sd t6, 0x120(ra)
mem[0x0000000080004320] <- 0x802501E00000FFFC

mem[X,0x0000000080001418] -> 0x8F37
mem[X,0x000000008000141A] -> 0xFFF7
[1291] [M]: 0x0000000080001418 (0xFFF78F37) lui t5, -0x88
x30 <- 0xFFFFFFFFFFF78000

mem[X,0x000000008000141C] -> 0x0F13
mem[X,0x000000008000141E] -> 0xFFFF
[1292] [M]: 0x000000008000141C (0xFFFF0F13) addi t5, t5, -0x1
x30 <- 0xFFFFFFFFFFF77FFF

mem[X,0x0000000080001420] -> 0x1F13
mem[X,0x0000000080001422] -> 0x00BF
[1293] [M]: 0x0000000080001420 (0x00BF1F13) slli t5, t5, 0xb
x30 <- 0xFFFFFFFFBBFFF800

mem[X,0x0000000080001424] -> 0x0F13
mem[X,0x0000000080001426] -> 0x6FFF
[1294] [M]: 0x0000000080001424 (0x6FFF0F13) addi t5, t5, 0x6ff
x30 <- 0xFFFFFFFFBBFFFEFF

mem[X,0x0000000080001428] -> 0x1F13
mem[X,0x000000008000142A] -> 0x00BF
[1295] [M]: 0x0000000080001428 (0x00BF1F13) slli t5, t5, 0xb
x30 <- 0xFFFFFDDFFFF7F800

mem[X,0x000000008000142C] -> 0x0F13
mem[X,0x000000008000142E] -> 0x7C0F
[1296] [M]: 0x000000008000142C (0x7C0F0F13) addi t5, t5, 0x7c0
x30 <- 0xFFFFFDDFFFF7FFC0

mem[X,0x0000000080001430] -> 0x1F13
mem[X,0x0000000080001432] -> 0x00AF
[1297] [M]: 0x0000000080001430 (0x00AF1F13) slli t5, t5, 0xa
x30 <- 0xFFF77FFFDFFF0000

mem[X,0x0000000080001434] -> 0x0F13
mem[X,0x0000000080001436] -> 0x010F
[1298] [M]: 0x0000000080001434 (0x010F0F13) addi t5, t5, 0x10
x30 <- 0xFFF77FFFDFFF0010

mem[X,0x0000000080001438] -> 0x0EB7
mem[X,0x000000008000143A] -> 0xFE00
[1299] [M]: 0x0000000080001438 (0xFE000EB7) lui t4, -0x2000
x29 <- 0xFFFFFFFFFE000000

clint::tick mtime <- 0x000000000000000D
 clint timer pending at mtime 0x000000000000000D
htif::tick 0x0000000000000000
mem[X,0x000000008000143C] -> 0x8E93
mem[X,0x000000008000143E] -> 0xF7FE
[1300] [M]: 0x000000008000143C (0xF7FE8E93) addi t4, t4, -0x81
x29 <- 0xFFFFFFFFFDFFFF7F

mem[X,0x0000000080001440] -> 0x9E93
mem[X,0x0000000080001442] -> 0x00BE
[1301] [M]: 0x0000000080001440 (0x00BE9E93) slli t4, t4, 0xb
x29 <- 0xFFFFFFEFFFFBF800

mem[X,0x0000000080001444] -> 0x8E93
mem[X,0x0000000080001446] -> 0x7FFE
[1302] [M]: 0x0000000080001444 (0x7FFE8E93) addi t4, t4, 0x7ff
x29 <- 0xFFFFFFEFFFFBFFFF

mem[X,0x0000000080001448] -> 0x9E93
mem[X,0x000000008000144A] -> 0x00BE
[1303] [M]: 0x0000000080001448 (0x00BE9E93) slli t4, t4, 0xb
x29 <- 0xFFFF7FFFDFFFF800

mem[X,0x000000008000144C] -> 0x8E93
mem[X,0x000000008000144E] -> 0x3C0E
[1304] [M]: 0x000000008000144C (0x3C0E8E93) addi t4, t4, 0x3c0
x29 <- 0xFFFF7FFFDFFFFBC0

mem[X,0x0000000080001450] -> 0x9E93
mem[X,0x0000000080001452] -> 0x00AE
[1305] [M]: 0x0000000080001450 (0x00AE9E93) slli t4, t4, 0xa
x29 <- 0xFDFFFF7FFFEF0000

mem[X,0x0000000080001454] -> 0x8E93
mem[X,0x0000000080001456] -> 0x040E
[1306] [M]: 0x0000000080001454 (0x040E8E93) addi t4, t4, 0x40
x29 <- 0xFDFFFF7FFFEF0040

mem[X,0x0000000080001458] -> 0x0FBB
mem[X,0x000000008000145A] -> 0xF9DF
[1307] [M]: 0x0000000080001458 (0xF9DF0FBB) pasubu.h t6, t5, t4
x31 <- 0x00FCC040F008FFE8

mem[X,0x000000008000145C] -> 0xB423
mem[X,0x000000008000145E] -> 0x13F0
[1308] [M]: 0x000000008000145C (0x13F0B423) sd t6, 0x128(ra)
mem[0x0000000080004328] <- 0x00FCC040F008FFE8

mem[X,0x0000000080001460] -> 0x0F37
mem[X,0x0000000080001462] -> 0x8001
[1309] [M]: 0x0000000080001460 (0x80010F37) lui t5, -0x7fff0
x30 <- 0xFFFFFFFF80010000

mem[X,0x0000000080001464] -> 0x0F13
mem[X,0x0000000080001466] -> 0xFFDF
[1310] [M]: 0x0000000080001464 (0xFFDF0F13) addi t5, t5, -0x3
x30 <- 0xFFFFFFFF8000FFFD

mem[X,0x0000000080001468] -> 0x1F13
mem[X,0x000000008000146A] -> 0x00BF
[1311] [M]: 0x0000000080001468 (0x00BF1F13) slli t5, t5, 0xb
x30 <- 0xFFFFFC0007FFE800

mem[X,0x000000008000146C] -> 0x0F13
mem[X,0x000000008000146E] -> 0x7FFF
[1312] [M]: 0x000000008000146C (0x7FFF0F13) addi t5, t5, 0x7ff
x30 <- 0xFFFFFC0007FFEFFF

mem[X,0x0000000080001470] -> 0x1F13
mem[X,0x0000000080001472] -> 0x00BF
[1313] [M]: 0x0000000080001470 (0x00BF1F13) slli t5, t5, 0xb
x30 <- 0xFFE0003FFF7FF800

mem[X,0x0000000080001474] -> 0x0F13
mem[X,0x0000000080001476] -> 0x6AAF
[1314] [M]: 0x0000000080001474 (0x6AAF0F13) addi t5, t5, 0x6aa
x30 <- 0xFFE0003FFF7FFEAA

mem[X,0x0000000080001478] -> 0x1F13
mem[X,0x000000008000147A] -> 0x00AF
[1315] [M]: 0x0000000080001478 (0x00AF1F13) slli t5, t5, 0xa
x30 <- 0x8000FFFDFFFAA800

mem[X,0x000000008000147C] -> 0x0F13
mem[X,0x000000008000147E] -> 0x2AAF
[1316] [M]: 0x000000008000147C (0x2AAF0F13) addi t5, t5, 0x2aa
x30 <- 0x8000FFFDFFFAAAAA

mem[X,0x0000000080001480] -> 0x1EB7
mem[X,0x0000000080001482] -> 0x7FFF
[1317] [M]: 0x0000000080001480 (0x7FFF1EB7) lui t4, 0x7fff1
x29 <- 0x000000007FFF1000

mem[X,0x0000000080001484] -> 0x8E93
mem[X,0x0000000080001486] -> 0x000E
[1318] [M]: 0x0000000080001484 (0x000E8E93) addi t4, t4, 0x0
x29 <- 0x000000007FFF1000

mem[X,0x0000000080001488] -> 0x9E93
mem[X,0x000000008000148A] -> 0x00BE
[1319] [M]: 0x0000000080001488 (0x00BE9E93) slli t4, t4, 0xb
x29 <- 0x000003FFF8800000

mem[X,0x000000008000148C] -> 0x8E93
mem[X,0x000000008000148E] -> 0x001E
[1320] [M]: 0x000000008000148C (0x001E8E93) addi t4, t4, 0x1
x29 <- 0x000003FFF8800001

mem[X,0x0000000080001490] -> 0x9E93
mem[X,0x0000000080001492] -> 0x00BE
[1321] [M]: 0x0000000080001490 (0x00BE9E93) slli t4, t4, 0xb
x29 <- 0x001FFFC400000800

mem[X,0x0000000080001494] -> 0x8E93
mem[X,0x0000000080001496] -> 0x000E
[1322] [M]: 0x0000000080001494 (0x000E8E93) addi t4, t4, 0x0
x29 <- 0x001FFFC400000800

mem[X,0x0000000080001498] -> 0x9E93
mem[X,0x000000008000149A] -> 0x00AE
[1323] [M]: 0x0000000080001498 (0x00AE9E93) slli t4, t4, 0xa
x29 <- 0x7FFF100000200000

mem[X,0x000000008000149C] -> 0x8E93
mem[X,0x000000008000149E] -> 0x100E
[1324] [M]: 0x000000008000149C (0x100E8E93) addi t4, t4, 0x100
x29 <- 0x7FFF100000200100

mem[X,0x00000000800014A0] -> 0x0FBB
mem[X,0x00000000800014A2] -> 0xF9DF
[1325] [M]: 0x00000000800014A0 (0xF9DF0FBB) pasubu.h t6, t5, t4
x31 <- 0x000077FE7FED54D5

mem[X,0x00000000800014A4] -> 0xB823
mem[X,0x00000000800014A6] -> 0x13F0
[1326] [M]: 0x00000000800014A4 (0x13F0B823) sd t6, 0x130(ra)
mem[0x0000000080004330] <- 0x000077FE7FED54D5

mem[X,0x00000000800014A8] -> 0x8F37
mem[X,0x00000000800014AA] -> 0x1000
[1327] [M]: 0x00000000800014A8 (0x10008F37) lui t5, 0x10008
x30 <- 0x0000000010008000

mem[X,0x00000000800014AC] -> 0x0F13
mem[X,0x00000000800014AE] -> 0x000F
[1328] [M]: 0x00000000800014AC (0x000F0F13) addi t5, t5, 0x0
x30 <- 0x0000000010008000

mem[X,0x00000000800014B0] -> 0x1F13
mem[X,0x00000000800014B2] -> 0x00BF
[1329] [M]: 0x00000000800014B0 (0x00BF1F13) slli t5, t5, 0xb
x30 <- 0x0000008004000000

mem[X,0x00000000800014B4] -> 0x0F13
mem[X,0x00000000800014B6] -> 0x000F
[1330] [M]: 0x00000000800014B4 (0x000F0F13) addi t5, t5, 0x0
x30 <- 0x0000008004000000

mem[X,0x00000000800014B8] -> 0x1F13
mem[X,0x00000000800014BA] -> 0x00BF
[1331] [M]: 0x00000000800014B8 (0x00BF1F13) slli t5, t5, 0xb
x30 <- 0x0004002000000000

mem[X,0x00000000800014BC] -> 0x0F13
mem[X,0x00000000800014BE] -> 0x400F
[1332] [M]: 0x00000000800014BC (0x400F0F13) addi t5, t5, 0x400
x30 <- 0x0004002000000400

mem[X,0x00000000800014C0] -> 0x1F13
mem[X,0x00000000800014C2] -> 0x00AF
[1333] [M]: 0x00000000800014C0 (0x00AF1F13) slli t5, t5, 0xa
x30 <- 0x1000800000100000

mem[X,0x00000000800014C4] -> 0x0F13
mem[X,0x00000000800014C6] -> 0x080F
[1334] [M]: 0x00000000800014C4 (0x080F0F13) addi t5, t5, 0x80
x30 <- 0x1000800000100080

mem[X,0x00000000800014C8] -> 0x2EB7
mem[X,0x00000000800014CA] -> 0xFBFF
[1335] [M]: 0x00000000800014C8 (0xFBFF2EB7) lui t4, -0x400e
x29 <- 0xFFFFFFFFFBFF2000

mem[X,0x00000000800014CC] -> 0x8E93
mem[X,0x00000000800014CE] -> 0x000E
[1336] [M]: 0x00000000800014CC (0x000E8E93) addi t4, t4, 0x0
x29 <- 0xFFFFFFFFFBFF2000

mem[X,0x00000000800014D0] -> 0x9E93
mem[X,0x00000000800014D2] -> 0x00BE
[1337] [M]: 0x00000000800014D0 (0x00BE9E93) slli t4, t4, 0xb
x29 <- 0xFFFFFFDFF9000000

mem[X,0x00000000800014D4] -> 0x8E93
mem[X,0x00000000800014D6] -> 0x5FFE
[1338] [M]: 0x00000000800014D4 (0x5FFE8E93) addi t4, t4, 0x5ff
x29 <- 0xFFFFFFDFF90005FF

mem[X,0x00000000800014D8] -> 0x9E93
mem[X,0x00000000800014DA] -> 0x00BE
[1339] [M]: 0x00000000800014D8 (0x00BE9E93) slli t4, t4, 0xb
x29 <- 0xFFFEFFC8002FF800

mem[X,0x00000000800014DC] -> 0x8E93
mem[X,0x00000000800014DE] -> 0x7C4E
[1340] [M]: 0x00000000800014DC (0x7C4E8E93) addi t4, t4, 0x7c4
x29 <- 0xFFFEFFC8002FFFC4

mem[X,0x00000000800014E0] -> 0x9E93
mem[X,0x00000000800014E2] -> 0x00AE
[1341] [M]: 0x00000000800014E0 (0x00AE9E93) slli t4, t4, 0xa
x29 <- 0xFBFF2000BFFF1000

mem[X,0x00000000800014E4] -> 0x0FBB
mem[X,0x00000000800014E6] -> 0xF9DF
[1342] [M]: 0x00000000800014E4 (0xF9DF0FBB) pasubu.h t6, t5, t4
x31 <- 0x8A003000A008F840

mem[X,0x00000000800014E8] -> 0xBC23
mem[X,0x00000000800014EA] -> 0x13F0
[1343] [M]: 0x00000000800014E8 (0x13F0BC23) sd t6, 0x138(ra)
mem[0x0000000080004338] <- 0x8A003000A008F840

mem[X,0x00000000800014EC] -> 0x1F37
mem[X,0x00000000800014EE] -> 0x4000
[1344] [M]: 0x00000000800014EC (0x40001F37) lui t5, 0x40001
x30 <- 0x0000000040001000

mem[X,0x00000000800014F0] -> 0x0F13
mem[X,0x00000000800014F2] -> 0x000F
[1345] [M]: 0x00000000800014F0 (0x000F0F13) addi t5, t5, 0x0
x30 <- 0x0000000040001000

mem[X,0x00000000800014F4] -> 0x1F13
mem[X,0x00000000800014F6] -> 0x00BF
[1346] [M]: 0x00000000800014F4 (0x00BF1F13) slli t5, t5, 0xb
x30 <- 0x0000020000800000

mem[X,0x00000000800014F8] -> 0x0F13
mem[X,0x00000000800014FA] -> 0x6FFF
[1347] [M]: 0x00000000800014F8 (0x6FFF0F13) addi t5, t5, 0x6ff
x30 <- 0x00000200008006FF

mem[X,0x00000000800014FC] -> 0x1F13
mem[X,0x00000000800014FE] -> 0x00BF
[1348] [M]: 0x00000000800014FC (0x00BF1F13) slli t5, t5, 0xb
x30 <- 0x001000040037F800

mem[X,0x0000000080001500] -> 0x0F13
mem[X,0x0000000080001502] -> 0x7D5F
[1349] [M]: 0x0000000080001500 (0x7D5F0F13) addi t5, t5, 0x7d5
x30 <- 0x001000040037FFD5

mem[X,0x0000000080001504] -> 0x1F13
mem[X,0x0000000080001506] -> 0x00AF
[1350] [M]: 0x0000000080001504 (0x00AF1F13) slli t5, t5, 0xa
x30 <- 0x40001000DFFF5400

mem[X,0x0000000080001508] -> 0x0F13
mem[X,0x000000008000150A] -> 0x155F
[1351] [M]: 0x0000000080001508 (0x155F0F13) addi t5, t5, 0x155
x30 <- 0x40001000DFFF5555

mem[X,0x000000008000150C] -> 0x0EB7
mem[X,0x000000008000150E] -> 0xF800
[1352] [M]: 0x000000008000150C (0xF8000EB7) lui t4, -0x8000
x29 <- 0xFFFFFFFFF8000000

mem[X,0x0000000080001510] -> 0x8E93
mem[X,0x0000000080001512] -> 0xFF7E
[1353] [M]: 0x0000000080001510 (0xFF7E8E93) addi t4, t4, -0x9
x29 <- 0xFFFFFFFFF7FFFFF7

mem[X,0x0000000080001514] -> 0x9E93
mem[X,0x0000000080001516] -> 0x00BE
[1354] [M]: 0x0000000080001514 (0x00BE9E93) slli t4, t4, 0xb
x29 <- 0xFFFFFFBFFFFFB800

mem[X,0x0000000080001518] -> 0x8E93
mem[X,0x000000008000151A] -> 0x1FFE
[1355] [M]: 0x0000000080001518 (0x1FFE8E93) addi t4, t4, 0x1ff
x29 <- 0xFFFFFFBFFFFFB9FF

mem[X,0x000000008000151C] -> 0x9E93
mem[X,0x000000008000151E] -> 0x00BE
[1356] [M]: 0x000000008000151C (0x00BE9E93) slli t4, t4, 0xb
x29 <- 0xFFFDFFFFFDCFF800

mem[X,0x0000000080001520] -> 0x8E93
mem[X,0x0000000080001522] -> 0x7C8E
[1357] [M]: 0x0000000080001520 (0x7C8E8E93) addi t4, t4, 0x7c8
x29 <- 0xFFFDFFFFFDCFFFC8

mem[X,0x0000000080001524] -> 0x9E93
mem[X,0x0000000080001526] -> 0x00AE
[1358] [M]: 0x0000000080001524 (0x00AE9E93) slli t4, t4, 0xa
x29 <- 0xF7FFFFF73FFF2000

mem[X,0x0000000080001528] -> 0x0FBB
mem[X,0x000000008000152A] -> 0xF9DF
[1359] [M]: 0x0000000080001528 (0xF9DF0FBB) pasubu.h t6, t5, t4
x31 <- 0xA400880450001AAA

mem[X,0x000000008000152C] -> 0xB023
mem[X,0x000000008000152E] -> 0x15F0
[1360] [M]: 0x000000008000152C (0x15F0B023) sd t6, 0x140(ra)
mem[0x0000000080004340] <- 0xA400880450001AAA

mem[X,0x0000000080001530] -> 0x0F37
mem[X,0x0000000080001532] -> 0xEFFF
[1361] [M]: 0x0000000080001530 (0xEFFF0F37) lui t5, -0x10010
x30 <- 0xFFFFFFFFEFFF0000

mem[X,0x0000000080001534] -> 0x0F13
mem[X,0x0000000080001536] -> 0x002F
[1362] [M]: 0x0000000080001534 (0x002F0F13) addi t5, t5, 0x2
x30 <- 0xFFFFFFFFEFFF0002

mem[X,0x0000000080001538] -> 0x1F13
mem[X,0x000000008000153A] -> 0x00BF
[1363] [M]: 0x0000000080001538 (0x00BF1F13) slli t5, t5, 0xb
x30 <- 0xFFFFFF7FF8001000

mem[X,0x000000008000153C] -> 0x0F13
mem[X,0x000000008000153E] -> 0x080F
[1364] [M]: 0x000000008000153C (0x080F0F13) addi t5, t5, 0x80
x30 <- 0xFFFFFF7FF8001080

mem[X,0x0000000080001540] -> 0x1F13
mem[X,0x0000000080001542] -> 0x00BF
[1365] [M]: 0x0000000080001540 (0x00BF1F13) slli t5, t5, 0xb
x30 <- 0xFFFBFFC000840000

mem[X,0x0000000080001544] -> 0x0F13
mem[X,0x0000000080001546] -> 0x020F
[1366] [M]: 0x0000000080001544 (0x020F0F13) addi t5, t5, 0x20
x30 <- 0xFFFBFFC000840020

mem[X,0x0000000080001548] -> 0x1F13
mem[X,0x000000008000154A] -> 0x00AF
[1367] [M]: 0x0000000080001548 (0x00AF1F13) slli t5, t5, 0xa
x30 <- 0xEFFF000210008000

mem[X,0x000000008000154C] -> 0x0EB7
mem[X,0x000000008000154E] -> 0x0004
[1368] [M]: 0x000000008000154C (0x00040EB7) lui t4, 0x40
x29 <- 0x0000000000040000

mem[X,0x0000000080001550] -> 0x8E93
mem[X,0x0000000080001552] -> 0x002E
[1369] [M]: 0x0000000080001550 (0x002E8E93) addi t4, t4, 0x2
x29 <- 0x0000000000040002

mem[X,0x0000000080001554] -> 0x9E93
mem[X,0x0000000080001556] -> 0x00BE
[1370] [M]: 0x0000000080001554 (0x00BE9E93) slli t4, t4, 0xb
x29 <- 0x0000000020001000

mem[X,0x0000000080001558] -> 0x8E93
mem[X,0x000000008000155A] -> 0x600E
[1371] [M]: 0x0000000080001558 (0x600E8E93) addi t4, t4, 0x600
x29 <- 0x0000000020001600

mem[X,0x000000008000155C] -> 0x9E93
mem[X,0x000000008000155E] -> 0x00BE
[1372] [M]: 0x000000008000155C (0x00BE9E93) slli t4, t4, 0xb
x29 <- 0x0000010000B00000

mem[X,0x0000000080001560] -> 0x8E93
mem[X,0x0000000080001562] -> 0x03FE
[1373] [M]: 0x0000000080001560 (0x03FE8E93) addi t4, t4, 0x3f
x29 <- 0x0000010000B0003F

mem[X,0x0000000080001564] -> 0x9E93
mem[X,0x0000000080001566] -> 0x00AE
[1374] [M]: 0x0000000080001564 (0x00AE9E93) slli t4, t4, 0xa
x29 <- 0x00040002C000FC00

mem[X,0x0000000080001568] -> 0x8E93
mem[X,0x000000008000156A] -> 0x3FDE
[1375] [M]: 0x0000000080001568 (0x3FDE8E93) addi t4, t4, 0x3fd
x29 <- 0x00040002C000FFFD

mem[X,0x000000008000156C] -> 0x0FBB
mem[X,0x000000008000156E] -> 0xF9DF
[1376] [M]: 0x000000008000156C (0xF9DF0FBB) pasubu.h t6, t5, t4
x31 <- 0x77FD0000A800C001

mem[X,0x0000000080001570] -> 0xB423
mem[X,0x0000000080001572] -> 0x15F0
[1377] [M]: 0x0000000080001570 (0x15F0B423) sd t6, 0x148(ra)
mem[0x0000000080004348] <- 0x77FD0000A800C001

mem[X,0x0000000080001574] -> 0x0F37
mem[X,0x0000000080001576] -> 0x0008
[1378] [M]: 0x0000000080001574 (0x00080F37) lui t5, 0x80
x30 <- 0x0000000000080000

mem[X,0x0000000080001578] -> 0x0F13
mem[X,0x000000008000157A] -> 0x080F
[1379] [M]: 0x0000000080001578 (0x080F0F13) addi t5, t5, 0x80
x30 <- 0x0000000000080080

mem[X,0x000000008000157C] -> 0x1F13
mem[X,0x000000008000157E] -> 0x00BF
[1380] [M]: 0x000000008000157C (0x00BF1F13) slli t5, t5, 0xb
x30 <- 0x0000000040040000

mem[X,0x0000000080001580] -> 0x0F13
mem[X,0x0000000080001582] -> 0x008F
[1381] [M]: 0x0000000080001580 (0x008F0F13) addi t5, t5, 0x8
x30 <- 0x0000000040040008

mem[X,0x0000000080001584] -> 0x1F13
mem[X,0x0000000080001586] -> 0x00BF
[1382] [M]: 0x0000000080001584 (0x00BF1F13) slli t5, t5, 0xb
x30 <- 0x0000020020004000

mem[X,0x0000000080001588] -> 0x0F13
mem[X,0x000000008000158A] -> 0x03FF
[1383] [M]: 0x0000000080001588 (0x03FF0F13) addi t5, t5, 0x3f
x30 <- 0x000002002000403F

mem[X,0x000000008000158C] -> 0x1F13
mem[X,0x000000008000158E] -> 0x00AF
[1384] [M]: 0x000000008000158C (0x00AF1F13) slli t5, t5, 0xa
x30 <- 0x000800800100FC00

mem[X,0x0000000080001590] -> 0x0F13
mem[X,0x0000000080001592] -> 0x1FFF
[1385] [M]: 0x0000000080001590 (0x1FFF0F13) addi t5, t5, 0x1ff
x30 <- 0x000800800100FDFF

mem[X,0x0000000080001594] -> 0x0EB7
mem[X,0x0000000080001596] -> 0x0100
[1386] [M]: 0x0000000080001594 (0x01000EB7) lui t4, 0x1000
x29 <- 0x0000000001000000

mem[X,0x0000000080001598] -> 0x8E93
mem[X,0x000000008000159A] -> 0x005E
[1387] [M]: 0x0000000080001598 (0x005E8E93) addi t4, t4, 0x5
x29 <- 0x0000000001000005

mem[X,0x000000008000159C] -> 0x9E93
mem[X,0x000000008000159E] -> 0x00BE
[1388] [M]: 0x000000008000159C (0x00BE9E93) slli t4, t4, 0xb
x29 <- 0x0000000800002800

mem[X,0x00000000800015A0] -> 0x8E93
mem[X,0x00000000800015A2] -> 0x7F7E
[1389] [M]: 0x00000000800015A0 (0x7F7E8E93) addi t4, t4, 0x7f7
x29 <- 0x0000000800002FF7

mem[X,0x00000000800015A4] -> 0x9E93
mem[X,0x00000000800015A6] -> 0x00BE
[1390] [M]: 0x00000000800015A4 (0x00BE9E93) slli t4, t4, 0xb
x29 <- 0x00004000017FB800

mem[X,0x00000000800015A8] -> 0x8E93
mem[X,0x00000000800015AA] -> 0x7FFE
[1391] [M]: 0x00000000800015A8 (0x7FFE8E93) addi t4, t4, 0x7ff
x29 <- 0x00004000017FBFFF

mem[X,0x00000000800015AC] -> 0x9E93
mem[X,0x00000000800015AE] -> 0x00AE
[1392] [M]: 0x00000000800015AC (0x00AE9E93) slli t4, t4, 0xa
x29 <- 0x01000005FEFFFC00

mem[X,0x00000000800015B0] -> 0x8E93
mem[X,0x00000000800015B2] -> 0x1FFE
[1393] [M]: 0x00000000800015B0 (0x1FFE8E93) addi t4, t4, 0x1ff
x29 <- 0x01000005FEFFFDFF

mem[X,0x00000000800015B4] -> 0x0FBB
mem[X,0x00000000800015B6] -> 0xF9DF
[1394] [M]: 0x00000000800015B4 (0xF9DF0FBB) pasubu.h t6, t5, t4
x31 <- 0xFF84003D81000000

mem[X,0x00000000800015B8] -> 0xB823
mem[X,0x00000000800015BA] -> 0x15F0
[1395] [M]: 0x00000000800015B8 (0x15F0B823) sd t6, 0x150(ra)
mem[0x0000000080004350] <- 0xFF84003D81000000

mem[X,0x00000000800015BC] -> 0x0F37
mem[X,0x00000000800015BE] -> 0x0007
[1396] [M]: 0x00000000800015BC (0x00070F37) lui t5, 0x70
x30 <- 0x0000000000070000

mem[X,0x00000000800015C0] -> 0x0F13
mem[X,0x00000000800015C2] -> 0x400F
[1397] [M]: 0x00000000800015C0 (0x400F0F13) addi t5, t5, 0x400
x30 <- 0x0000000000070400

mem[X,0x00000000800015C4] -> 0x1F13
mem[X,0x00000000800015C6] -> 0x00BF
[1398] [M]: 0x00000000800015C4 (0x00BF1F13) slli t5, t5, 0xb
x30 <- 0x0000000038200000

mem[X,0x00000000800015C8] -> 0x0F13
mem[X,0x00000000800015CA] -> 0x002F
[1399] [M]: 0x00000000800015C8 (0x002F0F13) addi t5, t5, 0x2
x30 <- 0x0000000038200002

clint::tick mtime <- 0x000000000000000E
 clint timer pending at mtime 0x000000000000000E
htif::tick 0x0000000000000000
mem[X,0x00000000800015CC] -> 0x1F13
mem[X,0x00000000800015CE] -> 0x00BF
[1400] [M]: 0x00000000800015CC (0x00BF1F13) slli t5, t5, 0xb
x30 <- 0x000001C100001000

mem[X,0x00000000800015D0] -> 0x0F13
mem[X,0x00000000800015D2] -> 0x03FF
[1401] [M]: 0x00000000800015D0 (0x03FF0F13) addi t5, t5, 0x3f
x30 <- 0x000001C10000103F

mem[X,0x00000000800015D4] -> 0x1F13
mem[X,0x00000000800015D6] -> 0x00AF
[1402] [M]: 0x00000000800015D4 (0x00AF1F13) slli t5, t5, 0xa
x30 <- 0x000704000040FC00

mem[X,0x00000000800015D8] -> 0x0F13
mem[X,0x00000000800015DA] -> 0x37FF
[1403] [M]: 0x00000000800015D8 (0x37FF0F13) addi t5, t5, 0x37f
x30 <- 0x000704000040FF7F

mem[X,0x00000000800015DC] -> 0xFEB7
mem[X,0x00000000800015DE] -> 0x0007
[1404] [M]: 0x00000000800015DC (0x0007FEB7) lui t4, 0x7f
x29 <- 0x000000000007F000

mem[X,0x00000000800015E0] -> 0x8E93
mem[X,0x00000000800015E2] -> 0xFFFE
[1405] [M]: 0x00000000800015E0 (0xFFFE8E93) addi t4, t4, -0x1
x29 <- 0x000000000007EFFF

mem[X,0x00000000800015E4] -> 0x9E93
mem[X,0x00000000800015E6] -> 0x00BE
[1406] [M]: 0x00000000800015E4 (0x00BE9E93) slli t4, t4, 0xb
x29 <- 0x000000003F7FF800

mem[X,0x00000000800015E8] -> 0x8E93
mem[X,0x00000000800015EA] -> 0x7FFE
[1407] [M]: 0x00000000800015E8 (0x7FFE8E93) addi t4, t4, 0x7ff
x29 <- 0x000000003F7FFFFF

mem[X,0x00000000800015EC] -> 0x9E93
mem[X,0x00000000800015EE] -> 0x00BE
[1408] [M]: 0x00000000800015EC (0x00BE9E93) slli t4, t4, 0xb
x29 <- 0x000001FBFFFFF800

mem[X,0x00000000800015F0] -> 0x8E93
mem[X,0x00000000800015F2] -> 0x6B7E
[1409] [M]: 0x00000000800015F0 (0x6B7E8E93) addi t4, t4, 0x6b7
x29 <- 0x000001FBFFFFFEB7

mem[X,0x00000000800015F4] -> 0x9E93
mem[X,0x00000000800015F6] -> 0x00AE
[1410] [M]: 0x00000000800015F4 (0x00AE9E93) slli t4, t4, 0xa
x29 <- 0x0007EFFFFFFADC00

mem[X,0x00000000800015F8] -> 0x8E93
mem[X,0x00000000800015FA] -> 0x3FFE
[1411] [M]: 0x00000000800015F8 (0x3FFE8E93) addi t4, t4, 0x3ff
x29 <- 0x0007EFFFFFFADFFF

mem[X,0x00000000800015FC] -> 0x0FBB
mem[X,0x00000000800015FE] -> 0xF9DF
[1412] [M]: 0x00000000800015FC (0xF9DF0FBB) pasubu.h t6, t5, t4
x31 <- 0x00008A0080230FC0

mem[X,0x0000000080001600] -> 0xBC23
mem[X,0x0000000080001602] -> 0x15F0
[1413] [M]: 0x0000000080001600 (0x15F0BC23) sd t6, 0x158(ra)
mem[0x0000000080004358] <- 0x00008A0080230FC0

mem[X,0x0000000080001604] -> 0x0F37
mem[X,0x0000000080001606] -> 0x0004
[1414] [M]: 0x0000000080001604 (0x00040F37) lui t5, 0x40
x30 <- 0x0000000000040000

mem[X,0x0000000080001608] -> 0x0F13
mem[X,0x000000008000160A] -> 0xFFCF
[1415] [M]: 0x0000000080001608 (0xFFCF0F13) addi t5, t5, -0x4
x30 <- 0x000000000003FFFC

mem[X,0x000000008000160C] -> 0x1F13
mem[X,0x000000008000160E] -> 0x00BF
[1416] [M]: 0x000000008000160C (0x00BF1F13) slli t5, t5, 0xb
x30 <- 0x000000001FFFE000

mem[X,0x0000000080001610] -> 0x0F13
mem[X,0x0000000080001612] -> 0x000F
[1417] [M]: 0x0000000080001610 (0x000F0F13) addi t5, t5, 0x0
x30 <- 0x000000001FFFE000

mem[X,0x0000000080001614] -> 0x1F13
mem[X,0x0000000080001616] -> 0x00BF
[1418] [M]: 0x0000000080001614 (0x00BF1F13) slli t5, t5, 0xb
x30 <- 0x000000FFFF000000

mem[X,0x0000000080001618] -> 0x0F13
mem[X,0x000000008000161A] -> 0x100F
[1419] [M]: 0x0000000080001618 (0x100F0F13) addi t5, t5, 0x100
x30 <- 0x000000FFFF000100

mem[X,0x000000008000161C] -> 0x1F13
mem[X,0x000000008000161E] -> 0x00AF
[1420] [M]: 0x000000008000161C (0x00AF1F13) slli t5, t5, 0xa
x30 <- 0x0003FFFC00040000

mem[X,0x0000000080001620] -> 0x0F13
mem[X,0x0000000080001622] -> 0x002F
[1421] [M]: 0x0000000080001620 (0x002F0F13) addi t5, t5, 0x2
x30 <- 0x0003FFFC00040002

mem[X,0x0000000080001624] -> 0x0EB7
mem[X,0x0000000080001626] -> 0xFFFA
[1422] [M]: 0x0000000080001624 (0xFFFA0EB7) lui t4, -0x60
x29 <- 0xFFFFFFFFFFFA0000

mem[X,0x0000000080001628] -> 0x8E93
mem[X,0x000000008000162A] -> 0x010E
[1423] [M]: 0x0000000080001628 (0x010E8E93) addi t4, t4, 0x10
x29 <- 0xFFFFFFFFFFFA0010

mem[X,0x000000008000162C] -> 0x9E93
mem[X,0x000000008000162E] -> 0x00BE
[1424] [M]: 0x000000008000162C (0x00BE9E93) slli t4, t4, 0xb
x29 <- 0xFFFFFFFFD0008000

mem[X,0x0000000080001630] -> 0x8E93
mem[X,0x0000000080001632] -> 0x7DFE
[1425] [M]: 0x0000000080001630 (0x7DFE8E93) addi t4, t4, 0x7df
x29 <- 0xFFFFFFFFD00087DF

mem[X,0x0000000080001634] -> 0x9E93
mem[X,0x0000000080001636] -> 0x00BE
[1426] [M]: 0x0000000080001634 (0x00BE9E93) slli t4, t4, 0xb
x29 <- 0xFFFFFE80043EF800

mem[X,0x0000000080001638] -> 0x8E93
mem[X,0x000000008000163A] -> 0x7D5E
[1427] [M]: 0x0000000080001638 (0x7D5E8E93) addi t4, t4, 0x7d5
x29 <- 0xFFFFFE80043EFFD5

mem[X,0x000000008000163C] -> 0x9E93
mem[X,0x000000008000163E] -> 0x00AE
[1428] [M]: 0x000000008000163C (0x00AE9E93) slli t4, t4, 0xa
x29 <- 0xFFFA0010FBFF5400

mem[X,0x0000000080001640] -> 0x8E93
mem[X,0x0000000080001642] -> 0x155E
[1429] [M]: 0x0000000080001640 (0x155E8E93) addi t4, t4, 0x155
x29 <- 0xFFFA0010FBFF5555

mem[X,0x0000000080001644] -> 0x0FBB
mem[X,0x0000000080001646] -> 0xF9DF
[1430] [M]: 0x0000000080001644 (0xF9DF0FBB) pasubu.h t6, t5, t4
x31 <- 0x80047FF68202D556

mem[X,0x0000000080001648] -> 0xB023
mem[X,0x000000008000164A] -> 0x17F0
[1431] [M]: 0x0000000080001648 (0x17F0B023) sd t6, 0x160(ra)
mem[0x0000000080004360] <- 0x80047FF68202D556

mem[X,0x000000008000164C] -> 0x0F37
mem[X,0x000000008000164E] -> 0x0401
[1432] [M]: 0x000000008000164C (0x04010F37) lui t5, 0x4010
x30 <- 0x0000000004010000

mem[X,0x0000000080001650] -> 0x0F13
mem[X,0x0000000080001652] -> 0xFFFF
[1433] [M]: 0x0000000080001650 (0xFFFF0F13) addi t5, t5, -0x1
x30 <- 0x000000000400FFFF

mem[X,0x0000000080001654] -> 0x1F13
mem[X,0x0000000080001656] -> 0x00BF
[1434] [M]: 0x0000000080001654 (0x00BF1F13) slli t5, t5, 0xb
x30 <- 0x0000002007FFF800

mem[X,0x0000000080001658] -> 0x0F13
mem[X,0x000000008000165A] -> 0x020F
[1435] [M]: 0x0000000080001658 (0x020F0F13) addi t5, t5, 0x20
x30 <- 0x0000002007FFF820

mem[X,0x000000008000165C] -> 0x1F13
mem[X,0x000000008000165E] -> 0x00BF
[1436] [M]: 0x000000008000165C (0x00BF1F13) slli t5, t5, 0xb
x30 <- 0x0001003FFFC10000

mem[X,0x0000000080001660] -> 0x0F13
mem[X,0x0000000080001662] -> 0x000F
[1437] [M]: 0x0000000080001660 (0x000F0F13) addi t5, t5, 0x0
x30 <- 0x0001003FFFC10000

mem[X,0x0000000080001664] -> 0x1F13
mem[X,0x0000000080001666] -> 0x00AF
[1438] [M]: 0x0000000080001664 (0x00AF1F13) slli t5, t5, 0xa
x30 <- 0x0400FFFF04000000

mem[X,0x0000000080001668] -> 0x0F13
mem[X,0x000000008000166A] -> 0x001F
[1439] [M]: 0x0000000080001668 (0x001F0F13) addi t5, t5, 0x1
x30 <- 0x0400FFFF04000001

mem[X,0x000000008000166C] -> 0x0EB7
mem[X,0x000000008000166E] -> 0xFFE0
[1440] [M]: 0x000000008000166C (0xFFE00EB7) lui t4, -0x200
x29 <- 0xFFFFFFFFFFE00000

mem[X,0x0000000080001670] -> 0x8E93
mem[X,0x0000000080001672] -> 0xDFFE
[1441] [M]: 0x0000000080001670 (0xDFFE8E93) addi t4, t4, -0x201
x29 <- 0xFFFFFFFFFFDFFDFF

mem[X,0x0000000080001674] -> 0x9E93
mem[X,0x0000000080001676] -> 0x00BE
[1442] [M]: 0x0000000080001674 (0x00BE9E93) slli t4, t4, 0xb
x29 <- 0xFFFFFFFEFFEFF800

mem[X,0x0000000080001678] -> 0x8E93
mem[X,0x000000008000167A] -> 0x400E
[1443] [M]: 0x0000000080001678 (0x400E8E93) addi t4, t4, 0x400
x29 <- 0xFFFFFFFEFFEFFC00

mem[X,0x000000008000167C] -> 0x9E93
mem[X,0x000000008000167E] -> 0x00BE
[1444] [M]: 0x000000008000167C (0x00BE9E93) slli t4, t4, 0xb
x29 <- 0xFFFFF7FF7FE00000

mem[X,0x0000000080001680] -> 0x8E93
mem[X,0x0000000080001682] -> 0x03FE
[1445] [M]: 0x0000000080001680 (0x03FE8E93) addi t4, t4, 0x3f
x29 <- 0xFFFFF7FF7FE0003F

mem[X,0x0000000080001684] -> 0x9E93
mem[X,0x0000000080001686] -> 0x00AE
[1446] [M]: 0x0000000080001684 (0x00AE9E93) slli t4, t4, 0xa
x29 <- 0xFFDFFDFF8000FC00

mem[X,0x0000000080001688] -> 0x8E93
mem[X,0x000000008000168A] -> 0x3EFE
[1447] [M]: 0x0000000080001688 (0x3EFE8E93) addi t4, t4, 0x3ef
x29 <- 0xFFDFFDFF8000FFEF

mem[X,0x000000008000168C] -> 0x0FBB
mem[X,0x000000008000168E] -> 0xF9DF
[1448] [M]: 0x000000008000168C (0xF9DF0FBB) pasubu.h t6, t5, t4
x31 <- 0x82100100C2008009

mem[X,0x0000000080001690] -> 0xB423
mem[X,0x0000000080001692] -> 0x17F0
[1449] [M]: 0x0000000080001690 (0x17F0B423) sd t6, 0x168(ra)
mem[0x0000000080004368] <- 0x82100100C2008009

mem[X,0x0000000080001694] -> 0x0F37
mem[X,0x0000000080001696] -> 0x000A
[1450] [M]: 0x0000000080001694 (0x000A0F37) lui t5, 0xa0
x30 <- 0x00000000000A0000

mem[X,0x0000000080001698] -> 0x0F13
mem[X,0x000000008000169A] -> 0xDFFF
[1451] [M]: 0x0000000080001698 (0xDFFF0F13) addi t5, t5, -0x201
x30 <- 0x000000000009FDFF

mem[X,0x000000008000169C] -> 0x1F13
mem[X,0x000000008000169E] -> 0x00BF
[1452] [M]: 0x000000008000169C (0x00BF1F13) slli t5, t5, 0xb
x30 <- 0x000000004FEFF800

mem[X,0x00000000800016A0] -> 0x0F13
mem[X,0x00000000800016A2] -> 0x000F
[1453] [M]: 0x00000000800016A0 (0x000F0F13) addi t5, t5, 0x0
x30 <- 0x000000004FEFF800

mem[X,0x00000000800016A4] -> 0x1F13
mem[X,0x00000000800016A6] -> 0x00BF
[1454] [M]: 0x00000000800016A4 (0x00BF1F13) slli t5, t5, 0xb
x30 <- 0x0000027F7FC00000

mem[X,0x00000000800016A8] -> 0x0F13
mem[X,0x00000000800016AA] -> 0x200F
[1455] [M]: 0x00000000800016A8 (0x200F0F13) addi t5, t5, 0x200
x30 <- 0x0000027F7FC00200

mem[X,0x00000000800016AC] -> 0x1F13
mem[X,0x00000000800016AE] -> 0x00AF
[1456] [M]: 0x00000000800016AC (0x00AF1F13) slli t5, t5, 0xa
x30 <- 0x0009FDFF00080000

mem[X,0x00000000800016B0] -> 0x0F13
mem[X,0x00000000800016B2] -> 0x020F
[1457] [M]: 0x00000000800016B0 (0x020F0F13) addi t5, t5, 0x20
x30 <- 0x0009FDFF00080020

mem[X,0x00000000800016B4] -> 0x0EB7
mem[X,0x00000000800016B6] -> 0xAAAB
[1458] [M]: 0x00000000800016B4 (0xAAAB0EB7) lui t4, -0x55550
x29 <- 0xFFFFFFFFAAAB0000

mem[X,0x00000000800016B8] -> 0x8E93
mem[X,0x00000000800016BA] -> 0xFF6E
[1459] [M]: 0x00000000800016B8 (0xFF6E8E93) addi t4, t4, -0xa
x29 <- 0xFFFFFFFFAAAAFFF6

mem[X,0x00000000800016BC] -> 0x9E93
mem[X,0x00000000800016BE] -> 0x00BE
[1460] [M]: 0x00000000800016BC (0x00BE9E93) slli t4, t4, 0xb
x29 <- 0xFFFFFD5557FFB000

mem[X,0x00000000800016C0] -> 0x8E93
mem[X,0x00000000800016C2] -> 0x000E
[1461] [M]: 0x00000000800016C0 (0x000E8E93) addi t4, t4, 0x0
x29 <- 0xFFFFFD5557FFB000

mem[X,0x00000000800016C4] -> 0x9E93
mem[X,0x00000000800016C6] -> 0x00BE
[1462] [M]: 0x00000000800016C4 (0x00BE9E93) slli t4, t4, 0xb
x29 <- 0xFFEAAABFFD800000

mem[X,0x00000000800016C8] -> 0x8E93
mem[X,0x00000000800016CA] -> 0x400E
[1463] [M]: 0x00000000800016C8 (0x400E8E93) addi t4, t4, 0x400
x29 <- 0xFFEAAABFFD800400

mem[X,0x00000000800016CC] -> 0x9E93
mem[X,0x00000000800016CE] -> 0x00AE
[1464] [M]: 0x00000000800016CC (0x00AE9E93) slli t4, t4, 0xa
x29 <- 0xAAAAFFF600100000

mem[X,0x00000000800016D0] -> 0x0FBB
mem[X,0x00000000800016D2] -> 0xF9DF
[1465] [M]: 0x00000000800016D0 (0xF9DF0FBB) pasubu.h t6, t5, t4
x31 <- 0xAAAFFF04FFFC0010

mem[X,0x00000000800016D4] -> 0xB823
mem[X,0x00000000800016D6] -> 0x17F0
[1466] [M]: 0x00000000800016D4 (0x17F0B823) sd t6, 0x170(ra)
mem[0x0000000080004370] <- 0xAAAFFF04FFFC0010

mem[X,0x00000000800016D8] -> 0x0F37
mem[X,0x00000000800016DA] -> 0xFFFC
[1467] [M]: 0x00000000800016D8 (0xFFFC0F37) lui t5, -0x40
x30 <- 0xFFFFFFFFFFFC0000

mem[X,0x00000000800016DC] -> 0x0F13
mem[X,0x00000000800016DE] -> 0x400F
[1468] [M]: 0x00000000800016DC (0x400F0F13) addi t5, t5, 0x400
x30 <- 0xFFFFFFFFFFFC0400

mem[X,0x00000000800016E0] -> 0x1F13
mem[X,0x00000000800016E2] -> 0x00BF
[1469] [M]: 0x00000000800016E0 (0x00BF1F13) slli t5, t5, 0xb
x30 <- 0xFFFFFFFFE0200000

mem[X,0x00000000800016E4] -> 0x0F13
mem[X,0x00000000800016E6] -> 0x7FDF
[1470] [M]: 0x00000000800016E4 (0x7FDF0F13) addi t5, t5, 0x7fd
x30 <- 0xFFFFFFFFE02007FD

mem[X,0x00000000800016E8] -> 0x1F13
mem[X,0x00000000800016EA] -> 0x00BF
[1471] [M]: 0x00000000800016E8 (0x00BF1F13) slli t5, t5, 0xb
x30 <- 0xFFFFFF01003FE800

mem[X,0x00000000800016EC] -> 0x0F13
mem[X,0x00000000800016EE] -> 0x7FFF
[1472] [M]: 0x00000000800016EC (0x7FFF0F13) addi t5, t5, 0x7ff
x30 <- 0xFFFFFF01003FEFFF

mem[X,0x00000000800016F0] -> 0x1F13
mem[X,0x00000000800016F2] -> 0x00AF
[1473] [M]: 0x00000000800016F0 (0x00AF1F13) slli t5, t5, 0xa
x30 <- 0xFFFC0400FFBFFC00

mem[X,0x00000000800016F4] -> 0x0F13
mem[X,0x00000000800016F6] -> 0x1FFF
[1474] [M]: 0x00000000800016F4 (0x1FFF0F13) addi t5, t5, 0x1ff
x30 <- 0xFFFC0400FFBFFDFF

mem[X,0x00000000800016F8] -> 0x0EB7
mem[X,0x00000000800016FA] -> 0x2001
[1475] [M]: 0x00000000800016F8 (0x20010EB7) lui t4, 0x20010
x29 <- 0x0000000020010000

mem[X,0x00000000800016FC] -> 0x8E93
mem[X,0x00000000800016FE] -> 0xFFBE
[1476] [M]: 0x00000000800016FC (0xFFBE8E93) addi t4, t4, -0x5
x29 <- 0x000000002000FFFB

mem[X,0x0000000080001700] -> 0x9E93
mem[X,0x0000000080001702] -> 0x00BE
[1477] [M]: 0x0000000080001700 (0x00BE9E93) slli t4, t4, 0xb
x29 <- 0x0000010007FFD800

mem[X,0x0000000080001704] -> 0x8E93
mem[X,0x0000000080001706] -> 0x7FFE
[1478] [M]: 0x0000000080001704 (0x7FFE8E93) addi t4, t4, 0x7ff
x29 <- 0x0000010007FFDFFF

mem[X,0x0000000080001708] -> 0x9E93
mem[X,0x000000008000170A] -> 0x00BE
[1479] [M]: 0x0000000080001708 (0x00BE9E93) slli t4, t4, 0xb
x29 <- 0x0008003FFEFFF800

mem[X,0x000000008000170C] -> 0x8E93
mem[X,0x000000008000170E] -> 0x740E
[1480] [M]: 0x000000008000170C (0x740E8E93) addi t4, t4, 0x740
x29 <- 0x0008003FFEFFFF40

mem[X,0x0000000080001710] -> 0x9E93
mem[X,0x0000000080001712] -> 0x00AE
[1481] [M]: 0x0000000080001710 (0x00AE9E93) slli t4, t4, 0xa
x29 <- 0x2000FFFBFFFD0000

mem[X,0x0000000080001714] -> 0x8E93
mem[X,0x0000000080001716] -> 0x006E
[1482] [M]: 0x0000000080001714 (0x006E8E93) addi t4, t4, 0x6
x29 <- 0x2000FFFBFFFD0006

mem[X,0x0000000080001718] -> 0x0FBB
mem[X,0x000000008000171A] -> 0xF9DF
[1483] [M]: 0x0000000080001718 (0xF9DF0FBB) pasubu.h t6, t5, t4
x31 <- 0x6FFE8202FFE17EFC

mem[X,0x000000008000171C] -> 0xBC23
mem[X,0x000000008000171E] -> 0x17F0
[1484] [M]: 0x000000008000171C (0x17F0BC23) sd t6, 0x178(ra)
mem[0x0000000080004378] <- 0x6FFE8202FFE17EFC

mem[X,0x0000000080001720] -> 0x0F37
mem[X,0x0000000080001722] -> 0xFF00
[1485] [M]: 0x0000000080001720 (0xFF000F37) lui t5, -0x1000
x30 <- 0xFFFFFFFFFF000000

mem[X,0x0000000080001724] -> 0x0F13
mem[X,0x0000000080001726] -> 0xFF6F
[1486] [M]: 0x0000000080001724 (0xFF6F0F13) addi t5, t5, -0xa
x30 <- 0xFFFFFFFFFEFFFFF6

mem[X,0x0000000080001728] -> 0x1F13
mem[X,0x000000008000172A] -> 0x00BF
[1487] [M]: 0x0000000080001728 (0x00BF1F13) slli t5, t5, 0xb
x30 <- 0xFFFFFFF7FFFFB000

mem[X,0x000000008000172C] -> 0x0F13
mem[X,0x000000008000172E] -> 0x7FBF
[1488] [M]: 0x000000008000172C (0x7FBF0F13) addi t5, t5, 0x7fb
x30 <- 0xFFFFFFF7FFFFB7FB

mem[X,0x0000000080001730] -> 0x1F13
mem[X,0x0000000080001732] -> 0x00BF
[1489] [M]: 0x0000000080001730 (0x00BF1F13) slli t5, t5, 0xb
x30 <- 0xFFFFBFFFFDBFD800

mem[X,0x0000000080001734] -> 0x0F13
mem[X,0x0000000080001736] -> 0x7FFF
[1490] [M]: 0x0000000080001734 (0x7FFF0F13) addi t5, t5, 0x7ff
x30 <- 0xFFFFBFFFFDBFDFFF

mem[X,0x0000000080001738] -> 0x1F13
mem[X,0x000000008000173A] -> 0x00AF
[1491] [M]: 0x0000000080001738 (0x00AF1F13) slli t5, t5, 0xa
x30 <- 0xFEFFFFF6FF7FFC00

mem[X,0x000000008000173C] -> 0x0F13
mem[X,0x000000008000173E] -> 0x2FFF
[1492] [M]: 0x000000008000173C (0x2FFF0F13) addi t5, t5, 0x2ff
x30 <- 0xFEFFFFF6FF7FFEFF

mem[X,0x0000000080001740] -> 0x1EB7
mem[X,0x0000000080001742] -> 0x0003
[1493] [M]: 0x0000000080001740 (0x00031EB7) lui t4, 0x31
x29 <- 0x0000000000031000

mem[X,0x0000000080001744] -> 0x8E93
mem[X,0x0000000080001746] -> 0x800E
[1494] [M]: 0x0000000080001744 (0x800E8E93) addi t4, t4, -0x800
x29 <- 0x0000000000030800

mem[X,0x0000000080001748] -> 0x9E93
mem[X,0x000000008000174A] -> 0x00BE
[1495] [M]: 0x0000000080001748 (0x00BE9E93) slli t4, t4, 0xb
x29 <- 0x0000000018400000

mem[X,0x000000008000174C] -> 0x8E93
mem[X,0x000000008000174E] -> 0x6FFE
[1496] [M]: 0x000000008000174C (0x6FFE8E93) addi t4, t4, 0x6ff
x29 <- 0x00000000184006FF

mem[X,0x0000000080001750] -> 0x9E93
mem[X,0x0000000080001752] -> 0x00BE
[1497] [M]: 0x0000000080001750 (0x00BE9E93) slli t4, t4, 0xb
x29 <- 0x000000C20037F800

mem[X,0x0000000080001754] -> 0x8E93
mem[X,0x0000000080001756] -> 0x7E0E
[1498] [M]: 0x0000000080001754 (0x7E0E8E93) addi t4, t4, 0x7e0
x29 <- 0x000000C20037FFE0

mem[X,0x0000000080001758] -> 0x9E93
mem[X,0x000000008000175A] -> 0x00AE
[1499] [M]: 0x0000000080001758 (0x00AE9E93) slli t4, t4, 0xa
x29 <- 0x00030800DFFF8000

clint::tick mtime <- 0x000000000000000F
 clint timer pending at mtime 0x000000000000000F
htif::tick 0x0000000000000000
mem[X,0x000000008000175C] -> 0x0FBB
mem[X,0x000000008000175E] -> 0xF9DF
[1500] [M]: 0x000000008000175C (0xF9DF0FBB) pasubu.h t6, t5, t4
x31 <- 0x7F7E7BFB0FC03F7F

mem[X,0x0000000080001760] -> 0xB023
mem[X,0x0000000080001762] -> 0x19F0
[1501] [M]: 0x0000000080001760 (0x19F0B023) sd t6, 0x180(ra)
mem[0x0000000080004380] <- 0x7F7E7BFB0FC03F7F

mem[X,0x0000000080001764] -> 0x0F37
mem[X,0x0000000080001766] -> 0xFFEF
[1502] [M]: 0x0000000080001764 (0xFFEF0F37) lui t5, -0x110
x30 <- 0xFFFFFFFFFFEF0000

mem[X,0x0000000080001768] -> 0x0F13
mem[X,0x000000008000176A] -> 0x006F
[1503] [M]: 0x0000000080001768 (0x006F0F13) addi t5, t5, 0x6
x30 <- 0xFFFFFFFFFFEF0006

mem[X,0x000000008000176C] -> 0x1F13
mem[X,0x000000008000176E] -> 0x00BF
[1504] [M]: 0x000000008000176C (0x00BF1F13) slli t5, t5, 0xb
x30 <- 0xFFFFFFFF78003000

mem[X,0x0000000080001770] -> 0x0F13
mem[X,0x0000000080001772] -> 0x2AAF
[1505] [M]: 0x0000000080001770 (0x2AAF0F13) addi t5, t5, 0x2aa
x30 <- 0xFFFFFFFF780032AA

mem[X,0x0000000080001774] -> 0x1F13
mem[X,0x0000000080001776] -> 0x00BF
[1506] [M]: 0x0000000080001774 (0x00BF1F13) slli t5, t5, 0xb
x30 <- 0xFFFFFBC001955000

mem[X,0x0000000080001778] -> 0x0F13
mem[X,0x000000008000177A] -> 0x540F
[1507] [M]: 0x0000000080001778 (0x540F0F13) addi t5, t5, 0x540
x30 <- 0xFFFFFBC001955540

mem[X,0x000000008000177C] -> 0x1F13
mem[X,0x000000008000177E] -> 0x00AF
[1508] [M]: 0x000000008000177C (0x00AF1F13) slli t5, t5, 0xa
x30 <- 0xFFEF000655550000

mem[X,0x0000000080001780] -> 0x0F13
mem[X,0x0000000080001782] -> 0x004F
[1509] [M]: 0x0000000080001780 (0x004F0F13) addi t5, t5, 0x4
x30 <- 0xFFEF000655550004

mem[X,0x0000000080001784] -> 0x0EB7
mem[X,0x0000000080001786] -> 0x0005
[1510] [M]: 0x0000000080001784 (0x00050EB7) lui t4, 0x50
x29 <- 0x0000000000050000

mem[X,0x0000000080001788] -> 0x8E93
mem[X,0x000000008000178A] -> 0x006E
[1511] [M]: 0x0000000080001788 (0x006E8E93) addi t4, t4, 0x6
x29 <- 0x0000000000050006

mem[X,0x000000008000178C] -> 0x9E93
mem[X,0x000000008000178E] -> 0x00BE
[1512] [M]: 0x000000008000178C (0x00BE9E93) slli t4, t4, 0xb
x29 <- 0x0000000028003000

mem[X,0x0000000080001790] -> 0x8E93
mem[X,0x0000000080001792] -> 0x002E
[1513] [M]: 0x0000000080001790 (0x002E8E93) addi t4, t4, 0x2
x29 <- 0x0000000028003002

mem[X,0x0000000080001794] -> 0x9E93
mem[X,0x0000000080001796] -> 0x00BE
[1514] [M]: 0x0000000080001794 (0x00BE9E93) slli t4, t4, 0xb
x29 <- 0x0000014001801000

mem[X,0x0000000080001798] -> 0x8E93
mem[X,0x000000008000179A] -> 0x004E
[1515] [M]: 0x0000000080001798 (0x004E8E93) addi t4, t4, 0x4
x29 <- 0x0000014001801004

mem[X,0x000000008000179C] -> 0x9E93
mem[X,0x000000008000179E] -> 0x00AE
[1516] [M]: 0x000000008000179C (0x00AE9E93) slli t4, t4, 0xa
x29 <- 0x0005000600401000

mem[X,0x00000000800017A0] -> 0x0FBB
mem[X,0x00000000800017A2] -> 0xF9DF
[1517] [M]: 0x00000000800017A0 (0xF9DF0FBB) pasubu.h t6, t5, t4
x31 <- 0x7FF500002A8AF802

mem[X,0x00000000800017A4] -> 0xB423
mem[X,0x00000000800017A6] -> 0x19F0
[1518] [M]: 0x00000000800017A4 (0x19F0B423) sd t6, 0x188(ra)
mem[0x0000000080004388] <- 0x7FF500002A8AF802

mem[X,0x00000000800017A8] -> 0x0F37
mem[X,0x00000000800017AA] -> 0xFFDF
[1519] [M]: 0x00000000800017A8 (0xFFDF0F37) lui t5, -0x210
x30 <- 0xFFFFFFFFFFDF0000

mem[X,0x00000000800017AC] -> 0x0F13
mem[X,0x00000000800017AE] -> 0x006F
[1520] [M]: 0x00000000800017AC (0x006F0F13) addi t5, t5, 0x6
x30 <- 0xFFFFFFFFFFDF0006

mem[X,0x00000000800017B0] -> 0x1F13
mem[X,0x00000000800017B2] -> 0x00BF
[1521] [M]: 0x00000000800017B0 (0x00BF1F13) slli t5, t5, 0xb
x30 <- 0xFFFFFFFEF8003000

mem[X,0x00000000800017B4] -> 0x0F13
mem[X,0x00000000800017B6] -> 0x7EFF
[1522] [M]: 0x00000000800017B4 (0x7EFF0F13) addi t5, t5, 0x7ef
x30 <- 0xFFFFFFFEF80037EF

mem[X,0x00000000800017B8] -> 0x1F13
mem[X,0x00000000800017BA] -> 0x00BF
[1523] [M]: 0x00000000800017B8 (0x00BF1F13) slli t5, t5, 0xb
x30 <- 0xFFFFF7C001BF7800

mem[X,0x00000000800017BC] -> 0x0F13
mem[X,0x00000000800017BE] -> 0x7F0F
[1524] [M]: 0x00000000800017BC (0x7F0F0F13) addi t5, t5, 0x7f0
x30 <- 0xFFFFF7C001BF7FF0

mem[X,0x00000000800017C0] -> 0x1F13
mem[X,0x00000000800017C2] -> 0x00AF
[1525] [M]: 0x00000000800017C0 (0x00AF1F13) slli t5, t5, 0xa
x30 <- 0xFFDF0006FDFFC000

mem[X,0x00000000800017C4] -> 0xFEB7
mem[X,0x00000000800017C6] -> 0x0009
[1526] [M]: 0x00000000800017C4 (0x0009FEB7) lui t4, 0x9f
x29 <- 0x000000000009F000

mem[X,0x00000000800017C8] -> 0x8E93
mem[X,0x00000000800017CA] -> 0x7FFE
[1527] [M]: 0x00000000800017C8 (0x7FFE8E93) addi t4, t4, 0x7ff
x29 <- 0x000000000009F7FF

mem[X,0x00000000800017CC] -> 0x9E93
mem[X,0x00000000800017CE] -> 0x00BE
[1528] [M]: 0x00000000800017CC (0x00BE9E93) slli t4, t4, 0xb
x29 <- 0x000000004FBFF800

mem[X,0x00000000800017D0] -> 0x8E93
mem[X,0x00000000800017D2] -> 0x020E
[1529] [M]: 0x00000000800017D0 (0x020E8E93) addi t4, t4, 0x20
x29 <- 0x000000004FBFF820

mem[X,0x00000000800017D4] -> 0x9E93
mem[X,0x00000000800017D6] -> 0x00BE
[1530] [M]: 0x00000000800017D4 (0x00BE9E93) slli t4, t4, 0xb
x29 <- 0x0000027DFFC10000

mem[X,0x00000000800017D8] -> 0x8E93
mem[X,0x00000000800017DA] -> 0x03FE
[1531] [M]: 0x00000000800017D8 (0x03FE8E93) addi t4, t4, 0x3f
x29 <- 0x0000027DFFC1003F

mem[X,0x00000000800017DC] -> 0x9E93
mem[X,0x00000000800017DE] -> 0x00AE
[1532] [M]: 0x00000000800017DC (0x00AE9E93) slli t4, t4, 0xa
x29 <- 0x0009F7FF0400FC00

mem[X,0x00000000800017E0] -> 0x8E93
mem[X,0x00000000800017E2] -> 0x37FE
[1533] [M]: 0x00000000800017E0 (0x37FE8E93) addi t4, t4, 0x37f
x29 <- 0x0009F7FF0400FF7F

mem[X,0x00000000800017E4] -> 0x0FBB
mem[X,0x00000000800017E6] -> 0xF9DF
[1534] [M]: 0x00000000800017E4 (0xF9DF0FBB) pasubu.h t6, t5, t4
x31 <- 0x7FEB84037CFFE040

mem[X,0x00000000800017E8] -> 0xB823
mem[X,0x00000000800017EA] -> 0x19F0
[1535] [M]: 0x00000000800017E8 (0x19F0B823) sd t6, 0x190(ra)
mem[0x0000000080004390] <- 0x7FEB84037CFFE040

mem[X,0x00000000800017EC] -> 0x0F37
mem[X,0x00000000800017EE] -> 0x0002
[1536] [M]: 0x00000000800017EC (0x00020F37) lui t5, 0x20
x30 <- 0x0000000000020000

mem[X,0x00000000800017F0] -> 0x0F13
mem[X,0x00000000800017F2] -> 0xFFDF
[1537] [M]: 0x00000000800017F0 (0xFFDF0F13) addi t5, t5, -0x3
x30 <- 0x000000000001FFFD

mem[X,0x00000000800017F4] -> 0x1F13
mem[X,0x00000000800017F6] -> 0x00BF
[1538] [M]: 0x00000000800017F4 (0x00BF1F13) slli t5, t5, 0xb
x30 <- 0x000000000FFFE800

mem[X,0x00000000800017F8] -> 0x0F13
mem[X,0x00000000800017FA] -> 0x7DFF
[1539] [M]: 0x00000000800017F8 (0x7DFF0F13) addi t5, t5, 0x7df
x30 <- 0x000000000FFFEFDF

mem[X,0x00000000800017FC] -> 0x1F13
mem[X,0x00000000800017FE] -> 0x00BF
[1540] [M]: 0x00000000800017FC (0x00BF1F13) slli t5, t5, 0xb
x30 <- 0x0000007FFF7EF800

mem[X,0x0000000080001800] -> 0x0F13
mem[X,0x0000000080001802] -> 0x7C0F
[1541] [M]: 0x0000000080001800 (0x7C0F0F13) addi t5, t5, 0x7c0
x30 <- 0x0000007FFF7EFFC0

mem[X,0x0000000080001804] -> 0x1F13
mem[X,0x0000000080001806] -> 0x00AF
[1542] [M]: 0x0000000080001804 (0x00AF1F13) slli t5, t5, 0xa
x30 <- 0x0001FFFDFBFF0000

mem[X,0x0000000080001808] -> 0x0F13
mem[X,0x000000008000180A] -> 0x080F
[1543] [M]: 0x0000000080001808 (0x080F0F13) addi t5, t5, 0x80
x30 <- 0x0001FFFDFBFF0080

mem[X,0x000000008000180C] -> 0xFEB7
mem[X,0x000000008000180E] -> 0xFFBF
[1544] [M]: 0x000000008000180C (0xFFBFFEB7) lui t4, -0x401
x29 <- 0xFFFFFFFFFFBFF000

mem[X,0x0000000080001810] -> 0x8E93
mem[X,0x0000000080001812] -> 0x7FFE
[1545] [M]: 0x0000000080001810 (0x7FFE8E93) addi t4, t4, 0x7ff
x29 <- 0xFFFFFFFFFFBFF7FF

mem[X,0x0000000080001814] -> 0x9E93
mem[X,0x0000000080001816] -> 0x00BE
[1546] [M]: 0x0000000080001814 (0x00BE9E93) slli t4, t4, 0xb
x29 <- 0xFFFFFFFDFFBFF800

mem[X,0x0000000080001818] -> 0x8E93
mem[X,0x000000008000181A] -> 0x7FEE
[1547] [M]: 0x0000000080001818 (0x7FEE8E93) addi t4, t4, 0x7fe
x29 <- 0xFFFFFFFDFFBFFFFE

mem[X,0x000000008000181C] -> 0x9E93
mem[X,0x000000008000181E] -> 0x00BE
[1548] [M]: 0x000000008000181C (0x00BE9E93) slli t4, t4, 0xb
x29 <- 0xFFFFEFFDFFFFF000

mem[X,0x0000000080001820] -> 0x8E93
mem[X,0x0000000080001822] -> 0x7C0E
[1549] [M]: 0x0000000080001820 (0x7C0E8E93) addi t4, t4, 0x7c0
x29 <- 0xFFFFEFFDFFFFF7C0

mem[X,0x0000000080001824] -> 0x9E93
mem[X,0x0000000080001826] -> 0x00AE
[1550] [M]: 0x0000000080001824 (0x00AE9E93) slli t4, t4, 0xa
x29 <- 0xFFBFF7FFFFDF0000

mem[X,0x0000000080001828] -> 0x8E93
mem[X,0x000000008000182A] -> 0x020E
[1551] [M]: 0x0000000080001828 (0x020E8E93) addi t4, t4, 0x20
x29 <- 0xFFBFF7FFFFDF0020

mem[X,0x000000008000182C] -> 0x0FBB
mem[X,0x000000008000182E] -> 0xF9DF
[1552] [M]: 0x000000008000182C (0xF9DF0FBB) pasubu.h t6, t5, t4
x31 <- 0x802103FFFE100030

mem[X,0x0000000080001830] -> 0xBC23
mem[X,0x0000000080001832] -> 0x19F0
[1553] [M]: 0x0000000080001830 (0x19F0BC23) sd t6, 0x198(ra)
mem[0x0000000080004398] <- 0x802103FFFE100030

mem[X,0x0000000080001834] -> 0xFF37
mem[X,0x0000000080001836] -> 0xFFF8
[1554] [M]: 0x0000000080001834 (0xFFF8FF37) lui t5, -0x71
x30 <- 0xFFFFFFFFFFF8F000

mem[X,0x0000000080001838] -> 0x0F13
mem[X,0x000000008000183A] -> 0x7FFF
[1555] [M]: 0x0000000080001838 (0x7FFF0F13) addi t5, t5, 0x7ff
x30 <- 0xFFFFFFFFFFF8F7FF

mem[X,0x000000008000183C] -> 0x1F13
mem[X,0x000000008000183E] -> 0x00BF
[1556] [M]: 0x000000008000183C (0x00BF1F13) slli t5, t5, 0xb
x30 <- 0xFFFFFFFFC7BFF800

mem[X,0x0000000080001840] -> 0x0F13
mem[X,0x0000000080001842] -> 0x77FF
[1557] [M]: 0x0000000080001840 (0x77FF0F13) addi t5, t5, 0x77f
x30 <- 0xFFFFFFFFC7BFFF7F

mem[X,0x0000000080001844] -> 0x1F13
mem[X,0x0000000080001846] -> 0x00BF
[1558] [M]: 0x0000000080001844 (0x00BF1F13) slli t5, t5, 0xb
x30 <- 0xFFFFFE3DFFFBF800

mem[X,0x0000000080001848] -> 0x0F13
mem[X,0x000000008000184A] -> 0x7FFF
[1559] [M]: 0x0000000080001848 (0x7FFF0F13) addi t5, t5, 0x7ff
x30 <- 0xFFFFFE3DFFFBFFFF

mem[X,0x000000008000184C] -> 0x1F13
mem[X,0x000000008000184E] -> 0x00AF
[1560] [M]: 0x000000008000184C (0x00AF1F13) slli t5, t5, 0xa
x30 <- 0xFFF8F7FFEFFFFC00

mem[X,0x0000000080001850] -> 0x0F13
mem[X,0x0000000080001852] -> 0x3EFF
[1561] [M]: 0x0000000080001850 (0x3EFF0F13) addi t5, t5, 0x3ef
x30 <- 0xFFF8F7FFEFFFFFEF

mem[X,0x0000000080001854] -> 0x0EB7
mem[X,0x0000000080001856] -> 0x0007
[1562] [M]: 0x0000000080001854 (0x00070EB7) lui t4, 0x70
x29 <- 0x0000000000070000

mem[X,0x0000000080001858] -> 0x8E93
mem[X,0x000000008000185A] -> 0xFFAE
[1563] [M]: 0x0000000080001858 (0xFFAE8E93) addi t4, t4, -0x6
x29 <- 0x000000000006FFFA

mem[X,0x000000008000185C] -> 0x9E93
mem[X,0x000000008000185E] -> 0x00BE
[1564] [M]: 0x000000008000185C (0x00BE9E93) slli t4, t4, 0xb
x29 <- 0x0000000037FFD000

mem[X,0x0000000080001860] -> 0x8E93
mem[X,0x0000000080001862] -> 0x000E
[1565] [M]: 0x0000000080001860 (0x000E8E93) addi t4, t4, 0x0
x29 <- 0x0000000037FFD000

mem[X,0x0000000080001864] -> 0x9E93
mem[X,0x0000000080001866] -> 0x00BE
[1566] [M]: 0x0000000080001864 (0x00BE9E93) slli t4, t4, 0xb
x29 <- 0x000001BFFE800000

mem[X,0x0000000080001868] -> 0x8E93
mem[X,0x000000008000186A] -> 0x03BE
[1567] [M]: 0x0000000080001868 (0x03BE8E93) addi t4, t4, 0x3b
x29 <- 0x000001BFFE80003B

mem[X,0x000000008000186C] -> 0x9E93
mem[X,0x000000008000186E] -> 0x00AE
[1568] [M]: 0x000000008000186C (0x00AE9E93) slli t4, t4, 0xa
x29 <- 0x0006FFFA0000EC00

mem[X,0x0000000080001870] -> 0x8E93
mem[X,0x0000000080001872] -> 0x3FFE
[1569] [M]: 0x0000000080001870 (0x3FFE8E93) addi t4, t4, 0x3ff
x29 <- 0x0006FFFA0000EFFF

mem[X,0x0000000080001874] -> 0x0FBB
mem[X,0x0000000080001876] -> 0xF9DF
[1570] [M]: 0x0000000080001874 (0xF9DF0FBB) pasubu.h t6, t5, t4
x31 <- 0x7FF9FC0277FF07F8

mem[X,0x0000000080001878] -> 0xB023
mem[X,0x000000008000187A] -> 0x1BF0
[1571] [M]: 0x0000000080001878 (0x1BF0B023) sd t6, 0x1a0(ra)
mem[0x00000000800043A0] <- 0x7FF9FC0277FF07F8

mem[X,0x000000008000187C] -> 0x0F37
mem[X,0x000000008000187E] -> 0xFF80
[1572] [M]: 0x000000008000187C (0xFF800F37) lui t5, -0x800
x30 <- 0xFFFFFFFFFF800000

mem[X,0x0000000080001880] -> 0x0F13
mem[X,0x0000000080001882] -> 0xEFFF
[1573] [M]: 0x0000000080001880 (0xEFFF0F13) addi t5, t5, -0x101
x30 <- 0xFFFFFFFFFF7FFEFF

mem[X,0x0000000080001884] -> 0x1F13
mem[X,0x0000000080001886] -> 0x00BF
[1574] [M]: 0x0000000080001884 (0x00BF1F13) slli t5, t5, 0xb
x30 <- 0xFFFFFFFBFFF7F800

mem[X,0x0000000080001888] -> 0x0F13
mem[X,0x000000008000188A] -> 0x000F
[1575] [M]: 0x0000000080001888 (0x000F0F13) addi t5, t5, 0x0
x30 <- 0xFFFFFFFBFFF7F800

mem[X,0x000000008000188C] -> 0x1F13
mem[X,0x000000008000188E] -> 0x00BF
[1576] [M]: 0x000000008000188C (0x00BF1F13) slli t5, t5, 0xb
x30 <- 0xFFFFDFFFBFC00000

mem[X,0x0000000080001890] -> 0x0F13
mem[X,0x0000000080001892] -> 0x400F
[1577] [M]: 0x0000000080001890 (0x400F0F13) addi t5, t5, 0x400
x30 <- 0xFFFFDFFFBFC00400

mem[X,0x0000000080001894] -> 0x1F13
mem[X,0x0000000080001896] -> 0x00AF
[1578] [M]: 0x0000000080001894 (0x00AF1F13) slli t5, t5, 0xa
x30 <- 0xFF7FFEFF00100000

mem[X,0x0000000080001898] -> 0x0F13
mem[X,0x000000008000189A] -> 0x040F
[1579] [M]: 0x0000000080001898 (0x040F0F13) addi t5, t5, 0x40
x30 <- 0xFF7FFEFF00100040

mem[X,0x000000008000189C] -> 0xFEB7
mem[X,0x000000008000189E] -> 0x0007
[1580] [M]: 0x000000008000189C (0x0007FEB7) lui t4, 0x7f
x29 <- 0x000000000007F000

mem[X,0x00000000800018A0] -> 0x8E93
mem[X,0x00000000800018A2] -> 0xFFFE
[1581] [M]: 0x00000000800018A0 (0xFFFE8E93) addi t4, t4, -0x1
x29 <- 0x000000000007EFFF

mem[X,0x00000000800018A4] -> 0x9E93
mem[X,0x00000000800018A6] -> 0x00BE
[1582] [M]: 0x00000000800018A4 (0x00BE9E93) slli t4, t4, 0xb
x29 <- 0x000000003F7FF800

mem[X,0x00000000800018A8] -> 0x8E93
mem[X,0x00000000800018AA] -> 0x004E
[1583] [M]: 0x00000000800018A8 (0x004E8E93) addi t4, t4, 0x4
x29 <- 0x000000003F7FF804

mem[X,0x00000000800018AC] -> 0x9E93
mem[X,0x00000000800018AE] -> 0x00BE
[1584] [M]: 0x00000000800018AC (0x00BE9E93) slli t4, t4, 0xb
x29 <- 0x000001FBFFC02000

mem[X,0x00000000800018B0] -> 0x8E93
mem[X,0x00000000800018B2] -> 0x03FE
[1585] [M]: 0x00000000800018B0 (0x03FE8E93) addi t4, t4, 0x3f
x29 <- 0x000001FBFFC0203F

mem[X,0x00000000800018B4] -> 0x9E93
mem[X,0x00000000800018B6] -> 0x00AE
[1586] [M]: 0x00000000800018B4 (0x00AE9E93) slli t4, t4, 0xa
x29 <- 0x0007EFFF0080FC00

mem[X,0x00000000800018B8] -> 0x8E93
mem[X,0x00000000800018BA] -> 0x3FDE
[1587] [M]: 0x00000000800018B8 (0x3FDE8E93) addi t4, t4, 0x3fd
x29 <- 0x0007EFFF0080FFFD

mem[X,0x00000000800018BC] -> 0x0FBB
mem[X,0x00000000800018BE] -> 0xF9DF
[1588] [M]: 0x00000000800018BC (0xF9DF0FBB) pasubu.h t6, t5, t4
x31 <- 0x7FBC0780FFC88021

mem[X,0x00000000800018C0] -> 0xB423
mem[X,0x00000000800018C2] -> 0x1BF0
[1589] [M]: 0x00000000800018C0 (0x1BF0B423) sd t6, 0x1a8(ra)
mem[0x00000000800043A8] <- 0x7FBC0780FFC88021

mem[X,0x00000000800018C4] -> 0x0F37
mem[X,0x00000000800018C6] -> 0xFFE0
[1590] [M]: 0x00000000800018C4 (0xFFE00F37) lui t5, -0x200
x30 <- 0xFFFFFFFFFFE00000

mem[X,0x00000000800018C8] -> 0x0F13
mem[X,0x00000000800018CA] -> 0xF7FF
[1591] [M]: 0x00000000800018C8 (0xF7FF0F13) addi t5, t5, -0x81
x30 <- 0xFFFFFFFFFFDFFF7F

mem[X,0x00000000800018CC] -> 0x1F13
mem[X,0x00000000800018CE] -> 0x00BF
[1592] [M]: 0x00000000800018CC (0x00BF1F13) slli t5, t5, 0xb
x30 <- 0xFFFFFFFEFFFBF800

mem[X,0x00000000800018D0] -> 0x0F13
mem[X,0x00000000800018D2] -> 0x5FFF
[1593] [M]: 0x00000000800018D0 (0x5FFF0F13) addi t5, t5, 0x5ff
x30 <- 0xFFFFFFFEFFFBFDFF

mem[X,0x00000000800018D4] -> 0x1F13
mem[X,0x00000000800018D6] -> 0x00BF
[1594] [M]: 0x00000000800018D4 (0x00BF1F13) slli t5, t5, 0xb
x30 <- 0xFFFFF7FFDFEFF800

mem[X,0x00000000800018D8] -> 0x0F13
mem[X,0x00000000800018DA] -> 0x7C0F
[1595] [M]: 0x00000000800018D8 (0x7C0F0F13) addi t5, t5, 0x7c0
x30 <- 0xFFFFF7FFDFEFFFC0

mem[X,0x00000000800018DC] -> 0x1F13
mem[X,0x00000000800018DE] -> 0x00AF
[1596] [M]: 0x00000000800018DC (0x00AF1F13) slli t5, t5, 0xa
x30 <- 0xFFDFFF7FBFFF0000

mem[X,0x00000000800018E0] -> 0x0F13
mem[X,0x00000000800018E2] -> 0x100F
[1597] [M]: 0x00000000800018E0 (0x100F0F13) addi t5, t5, 0x100
x30 <- 0xFFDFFF7FBFFF0100

mem[X,0x00000000800018E4] -> 0x0EB7
mem[X,0x00000000800018E6] -> 0x0007
[1598] [M]: 0x00000000800018E4 (0x00070EB7) lui t4, 0x70
x29 <- 0x0000000000070000

mem[X,0x00000000800018E8] -> 0x8E93
mem[X,0x00000000800018EA] -> 0x001E
[1599] [M]: 0x00000000800018E8 (0x001E8E93) addi t4, t4, 0x1
x29 <- 0x0000000000070001

clint::tick mtime <- 0x0000000000000010
 clint timer pending at mtime 0x0000000000000010
htif::tick 0x0000000000000000
mem[X,0x00000000800018EC] -> 0x9E93
mem[X,0x00000000800018EE] -> 0x00BE
[1600] [M]: 0x00000000800018EC (0x00BE9E93) slli t4, t4, 0xb
x29 <- 0x0000000038000800

mem[X,0x00000000800018F0] -> 0x8E93
mem[X,0x00000000800018F2] -> 0x200E
[1601] [M]: 0x00000000800018F0 (0x200E8E93) addi t4, t4, 0x200
x29 <- 0x0000000038000A00

mem[X,0x00000000800018F4] -> 0x9E93
mem[X,0x00000000800018F6] -> 0x00BE
[1602] [M]: 0x00000000800018F4 (0x00BE9E93) slli t4, t4, 0xb
x29 <- 0x000001C000500000

mem[X,0x00000000800018F8] -> 0x8E93
mem[X,0x00000000800018FA] -> 0x000E
[1603] [M]: 0x00000000800018F8 (0x000E8E93) addi t4, t4, 0x0
x29 <- 0x000001C000500000

mem[X,0x00000000800018FC] -> 0x9E93
mem[X,0x00000000800018FE] -> 0x00AE
[1604] [M]: 0x00000000800018FC (0x00AE9E93) slli t4, t4, 0xa
x29 <- 0x0007000140000000

mem[X,0x0000000080001900] -> 0x8E93
mem[X,0x0000000080001902] -> 0x040E
[1605] [M]: 0x0000000080001900 (0x040E8E93) addi t4, t4, 0x40
x29 <- 0x0007000140000040

mem[X,0x0000000080001904] -> 0x0FBB
mem[X,0x0000000080001906] -> 0xF9DF
[1606] [M]: 0x0000000080001904 (0xF9DF0FBB) pasubu.h t6, t5, t4
x31 <- 0x7FEC7FBF3FFF0060

mem[X,0x0000000080001908] -> 0xB823
mem[X,0x000000008000190A] -> 0x1BF0
[1607] [M]: 0x0000000080001908 (0x1BF0B823) sd t6, 0x1b0(ra)
mem[0x00000000800043B0] <- 0x7FEC7FBF3FFF0060

mem[X,0x000000008000190C] -> 0x0F37
mem[X,0x000000008000190E] -> 0xFF00
[1608] [M]: 0x000000008000190C (0xFF000F37) lui t5, -0x1000
x30 <- 0xFFFFFFFFFF000000

mem[X,0x0000000080001910] -> 0x0F13
mem[X,0x0000000080001912] -> 0xFF7F
[1609] [M]: 0x0000000080001910 (0xFF7F0F13) addi t5, t5, -0x9
x30 <- 0xFFFFFFFFFEFFFFF7

mem[X,0x0000000080001914] -> 0x1F13
mem[X,0x0000000080001916] -> 0x00BF
[1610] [M]: 0x0000000080001914 (0x00BF1F13) slli t5, t5, 0xb
x30 <- 0xFFFFFFF7FFFFB800

mem[X,0x0000000080001918] -> 0x0F13
mem[X,0x000000008000191A] -> 0x7FFF
[1611] [M]: 0x0000000080001918 (0x7FFF0F13) addi t5, t5, 0x7ff
x30 <- 0xFFFFFFF7FFFFBFFF

mem[X,0x000000008000191C] -> 0x1F13
mem[X,0x000000008000191E] -> 0x00BF
[1612] [M]: 0x000000008000191C (0x00BF1F13) slli t5, t5, 0xb
x30 <- 0xFFFFBFFFFDFFF800

mem[X,0x0000000080001920] -> 0x0F13
mem[X,0x0000000080001922] -> 0x77FF
[1613] [M]: 0x0000000080001920 (0x77FF0F13) addi t5, t5, 0x77f
x30 <- 0xFFFFBFFFFDFFFF7F

mem[X,0x0000000080001924] -> 0x1F13
mem[X,0x0000000080001926] -> 0x00AF
[1614] [M]: 0x0000000080001924 (0x00AF1F13) slli t5, t5, 0xa
x30 <- 0xFEFFFFF7FFFDFC00

mem[X,0x0000000080001928] -> 0x0F13
mem[X,0x000000008000192A] -> 0x1FFF
[1615] [M]: 0x0000000080001928 (0x1FFF0F13) addi t5, t5, 0x1ff
x30 <- 0xFEFFFFF7FFFDFDFF

mem[X,0x000000008000192C] -> 0x0EB7
mem[X,0x000000008000192E] -> 0xFBFF
[1616] [M]: 0x000000008000192C (0xFBFF0EB7) lui t4, -0x4010
x29 <- 0xFFFFFFFFFBFF0000

mem[X,0x0000000080001930] -> 0x8E93
mem[X,0x0000000080001932] -> 0x400E
[1617] [M]: 0x0000000080001930 (0x400E8E93) addi t4, t4, 0x400
x29 <- 0xFFFFFFFFFBFF0400

mem[X,0x0000000080001934] -> 0x9E93
mem[X,0x0000000080001936] -> 0x00BE
[1618] [M]: 0x0000000080001934 (0x00BE9E93) slli t4, t4, 0xb
x29 <- 0xFFFFFFDFF8200000

mem[X,0x0000000080001938] -> 0x8E93
mem[X,0x000000008000193A] -> 0x7FFE
[1619] [M]: 0x0000000080001938 (0x7FFE8E93) addi t4, t4, 0x7ff
x29 <- 0xFFFFFFDFF82007FF

mem[X,0x000000008000193C] -> 0x9E93
mem[X,0x000000008000193E] -> 0x00BE
[1620] [M]: 0x000000008000193C (0x00BE9E93) slli t4, t4, 0xb
x29 <- 0xFFFEFFC1003FF800

mem[X,0x0000000080001940] -> 0x8E93
mem[X,0x0000000080001942] -> 0x780E
[1621] [M]: 0x0000000080001940 (0x780E8E93) addi t4, t4, 0x780
x29 <- 0xFFFEFFC1003FFF80

mem[X,0x0000000080001944] -> 0x9E93
mem[X,0x0000000080001946] -> 0x00AE
[1622] [M]: 0x0000000080001944 (0x00AE9E93) slli t4, t4, 0xa
x29 <- 0xFBFF0400FFFE0000

mem[X,0x0000000080001948] -> 0x8E93
mem[X,0x000000008000194A] -> 0x040E
[1623] [M]: 0x0000000080001948 (0x040E8E93) addi t4, t4, 0x40
x29 <- 0xFBFF0400FFFE0040

mem[X,0x000000008000194C] -> 0x0FBB
mem[X,0x000000008000194E] -> 0xF9DF
[1624] [M]: 0x000000008000194C (0xF9DF0FBB) pasubu.h t6, t5, t4
x31 <- 0x01807DFBFFFF7EDF

mem[X,0x0000000080001950] -> 0xBC23
mem[X,0x0000000080001952] -> 0x1BF0
[1625] [M]: 0x0000000080001950 (0x1BF0BC23) sd t6, 0x1b8(ra)
mem[0x00000000800043B8] <- 0x01807DFBFFFF7EDF

mem[X,0x0000000080001954] -> 0xFF37
mem[X,0x0000000080001956] -> 0x8000
[1626] [M]: 0x0000000080001954 (0x8000FF37) lui t5, -0x7fff1
x30 <- 0xFFFFFFFF8000F000

mem[X,0x0000000080001958] -> 0x0F13
mem[X,0x000000008000195A] -> 0xFFFF
[1627] [M]: 0x0000000080001958 (0xFFFF0F13) addi t5, t5, -0x1
x30 <- 0xFFFFFFFF8000EFFF

mem[X,0x000000008000195C] -> 0x1F13
mem[X,0x000000008000195E] -> 0x00BF
[1628] [M]: 0x000000008000195C (0x00BF1F13) slli t5, t5, 0xb
x30 <- 0xFFFFFC00077FF800

mem[X,0x0000000080001960] -> 0x0F13
mem[X,0x0000000080001962] -> 0x000F
[1629] [M]: 0x0000000080001960 (0x000F0F13) addi t5, t5, 0x0
x30 <- 0xFFFFFC00077FF800

mem[X,0x0000000080001964] -> 0x1F13
mem[X,0x0000000080001966] -> 0x00BF
[1630] [M]: 0x0000000080001964 (0x00BF1F13) slli t5, t5, 0xb
x30 <- 0xFFE0003BFFC00000

mem[X,0x0000000080001968] -> 0x0F13
mem[X,0x000000008000196A] -> 0x0BFF
[1631] [M]: 0x0000000080001968 (0x0BFF0F13) addi t5, t5, 0xbf
x30 <- 0xFFE0003BFFC000BF

mem[X,0x000000008000196C] -> 0x1F13
mem[X,0x000000008000196E] -> 0x00AF
[1632] [M]: 0x000000008000196C (0x00AF1F13) slli t5, t5, 0xa
x30 <- 0x8000EFFF0002FC00

mem[X,0x0000000080001970] -> 0x0F13
mem[X,0x0000000080001972] -> 0x1FFF
[1633] [M]: 0x0000000080001970 (0x1FFF0F13) addi t5, t5, 0x1ff
x30 <- 0x8000EFFF0002FDFF

mem[X,0x0000000080001974] -> 0x0EB7
mem[X,0x0000000080001976] -> 0xFFF9
[1634] [M]: 0x0000000080001974 (0xFFF90EB7) lui t4, -0x70
x29 <- 0xFFFFFFFFFFF90000

mem[X,0x0000000080001978] -> 0x8E93
mem[X,0x000000008000197A] -> 0x004E
[1635] [M]: 0x0000000080001978 (0x004E8E93) addi t4, t4, 0x4
x29 <- 0xFFFFFFFFFFF90004

mem[X,0x000000008000197C] -> 0x9E93
mem[X,0x000000008000197E] -> 0x00BE
[1636] [M]: 0x000000008000197C (0x00BE9E93) slli t4, t4, 0xb
x29 <- 0xFFFFFFFFC8002000

mem[X,0x0000000080001980] -> 0x8E93
mem[X,0x0000000080001982] -> 0x7FBE
[1637] [M]: 0x0000000080001980 (0x7FBE8E93) addi t4, t4, 0x7fb
x29 <- 0xFFFFFFFFC80027FB

mem[X,0x0000000080001984] -> 0x9E93
mem[X,0x0000000080001986] -> 0x00BE
[1638] [M]: 0x0000000080001984 (0x00BE9E93) slli t4, t4, 0xb
x29 <- 0xFFFFFE40013FD800

mem[X,0x0000000080001988] -> 0x8E93
mem[X,0x000000008000198A] -> 0x7F7E
[1639] [M]: 0x0000000080001988 (0x7F7E8E93) addi t4, t4, 0x7f7
x29 <- 0xFFFFFE40013FDFF7

mem[X,0x000000008000198C] -> 0x9E93
mem[X,0x000000008000198E] -> 0x00AE
[1640] [M]: 0x000000008000198C (0x00AE9E93) slli t4, t4, 0xa
x29 <- 0xFFF90004FF7FDC00

mem[X,0x0000000080001990] -> 0x8E93
mem[X,0x0000000080001992] -> 0x3FFE
[1641] [M]: 0x0000000080001990 (0x3FFE8E93) addi t4, t4, 0x3ff
x29 <- 0xFFF90004FF7FDFFF

mem[X,0x0000000080001994] -> 0x0FBB
mem[X,0x0000000080001996] -> 0xF9DF
[1642] [M]: 0x0000000080001994 (0xF9DF0FBB) pasubu.h t6, t5, t4
x31 <- 0xC00377FD80410F00

mem[X,0x0000000080001998] -> 0xB023
mem[X,0x000000008000199A] -> 0x1DF0
[1643] [M]: 0x0000000080001998 (0x1DF0B023) sd t6, 0x1c0(ra)
mem[0x00000000800043C0] <- 0xC00377FD80410F00

mem[X,0x000000008000199C] -> 0x0F37
mem[X,0x000000008000199E] -> 0xFBFF
[1644] [M]: 0x000000008000199C (0xFBFF0F37) lui t5, -0x4010
x30 <- 0xFFFFFFFFFBFF0000

mem[X,0x00000000800019A0] -> 0x0F13
mem[X,0x00000000800019A2] -> 0x020F
[1645] [M]: 0x00000000800019A0 (0x020F0F13) addi t5, t5, 0x20
x30 <- 0xFFFFFFFFFBFF0020

mem[X,0x00000000800019A4] -> 0x1F13
mem[X,0x00000000800019A6] -> 0x00BF
[1646] [M]: 0x00000000800019A4 (0x00BF1F13) slli t5, t5, 0xb
x30 <- 0xFFFFFFDFF8010000

mem[X,0x00000000800019A8] -> 0x0F13
mem[X,0x00000000800019AA] -> 0x7FFF
[1647] [M]: 0x00000000800019A8 (0x7FFF0F13) addi t5, t5, 0x7ff
x30 <- 0xFFFFFFDFF80107FF

mem[X,0x00000000800019AC] -> 0x1F13
mem[X,0x00000000800019AE] -> 0x00BF
[1648] [M]: 0x00000000800019AC (0x00BF1F13) slli t5, t5, 0xb
x30 <- 0xFFFEFFC0083FF800

mem[X,0x00000000800019B0] -> 0x0F13
mem[X,0x00000000800019B2] -> 0x67FF
[1649] [M]: 0x00000000800019B0 (0x67FF0F13) addi t5, t5, 0x67f
x30 <- 0xFFFEFFC0083FFE7F

mem[X,0x00000000800019B4] -> 0x1F13
mem[X,0x00000000800019B6] -> 0x00AF
[1650] [M]: 0x00000000800019B4 (0x00AF1F13) slli t5, t5, 0xa
x30 <- 0xFBFF0020FFF9FC00

mem[X,0x00000000800019B8] -> 0x0F13
mem[X,0x00000000800019BA] -> 0x3DFF
[1651] [M]: 0x00000000800019B8 (0x3DFF0F13) addi t5, t5, 0x3df
x30 <- 0xFBFF0020FFF9FFDF

mem[X,0x00000000800019BC] -> 0x0EB7
mem[X,0x00000000800019BE] -> 0xFFF9
[1652] [M]: 0x00000000800019BC (0xFFF90EB7) lui t4, -0x70
x29 <- 0xFFFFFFFFFFF90000

mem[X,0x00000000800019C0] -> 0x8E93
mem[X,0x00000000800019C2] -> 0xF7FE
[1653] [M]: 0x00000000800019C0 (0xF7FE8E93) addi t4, t4, -0x81
x29 <- 0xFFFFFFFFFFF8FF7F

mem[X,0x00000000800019C4] -> 0x9E93
mem[X,0x00000000800019C6] -> 0x00BE
[1654] [M]: 0x00000000800019C4 (0x00BE9E93) slli t4, t4, 0xb
x29 <- 0xFFFFFFFFC7FBF800

mem[X,0x00000000800019C8] -> 0x8E93
mem[X,0x00000000800019CA] -> 0x000E
[1655] [M]: 0x00000000800019C8 (0x000E8E93) addi t4, t4, 0x0
x29 <- 0xFFFFFFFFC7FBF800

mem[X,0x00000000800019CC] -> 0x9E93
mem[X,0x00000000800019CE] -> 0x00BE
[1656] [M]: 0x00000000800019CC (0x00BE9E93) slli t4, t4, 0xb
x29 <- 0xFFFFFE3FDFC00000

mem[X,0x00000000800019D0] -> 0x8E93
mem[X,0x00000000800019D2] -> 0x03FE
[1657] [M]: 0x00000000800019D0 (0x03FE8E93) addi t4, t4, 0x3f
x29 <- 0xFFFFFE3FDFC0003F

mem[X,0x00000000800019D4] -> 0x9E93
mem[X,0x00000000800019D6] -> 0x00AE
[1658] [M]: 0x00000000800019D4 (0x00AE9E93) slli t4, t4, 0xa
x29 <- 0xFFF8FF7F0000FC00

mem[X,0x00000000800019D8] -> 0x8E93
mem[X,0x00000000800019DA] -> 0x3F6E
[1659] [M]: 0x00000000800019D8 (0x3F6E8E93) addi t4, t4, 0x3f6
x29 <- 0xFFF8FF7F0000FFF6

mem[X,0x00000000800019DC] -> 0x0FBB
mem[X,0x00000000800019DE] -> 0xF9DF
[1660] [M]: 0x00000000800019DC (0xF9DF0FBB) pasubu.h t6, t5, t4
x31 <- 0xFE0380507FFCFFF4

mem[X,0x00000000800019E0] -> 0xB423
mem[X,0x00000000800019E2] -> 0x1DF0
[1661] [M]: 0x00000000800019E0 (0x1DF0B423) sd t6, 0x1c8(ra)
mem[0x00000000800043C8] <- 0xFE0380507FFCFFF4

mem[X,0x00000000800019E4] -> 0x0F37
mem[X,0x00000000800019E6] -> 0xFBFF
[1662] [M]: 0x00000000800019E4 (0xFBFF0F37) lui t5, -0x4010
x30 <- 0xFFFFFFFFFBFF0000

mem[X,0x00000000800019E8] -> 0x0F13
mem[X,0x00000000800019EA] -> 0x200F
[1663] [M]: 0x00000000800019E8 (0x200F0F13) addi t5, t5, 0x200
x30 <- 0xFFFFFFFFFBFF0200

mem[X,0x00000000800019EC] -> 0x1F13
mem[X,0x00000000800019EE] -> 0x00BF
[1664] [M]: 0x00000000800019EC (0x00BF1F13) slli t5, t5, 0xb
x30 <- 0xFFFFFFDFF8100000

mem[X,0x00000000800019F0] -> 0x0F13
mem[X,0x00000000800019F2] -> 0x7FFF
[1665] [M]: 0x00000000800019F0 (0x7FFF0F13) addi t5, t5, 0x7ff
x30 <- 0xFFFFFFDFF81007FF

mem[X,0x00000000800019F4] -> 0x1F13
mem[X,0x00000000800019F6] -> 0x00BF
[1666] [M]: 0x00000000800019F4 (0x00BF1F13) slli t5, t5, 0xb
x30 <- 0xFFFEFFC0803FF800

mem[X,0x00000000800019F8] -> 0x0F13
mem[X,0x00000000800019FA] -> 0x7FDF
[1667] [M]: 0x00000000800019F8 (0x7FDF0F13) addi t5, t5, 0x7fd
x30 <- 0xFFFEFFC0803FFFFD

mem[X,0x00000000800019FC] -> 0x1F13
mem[X,0x00000000800019FE] -> 0x00AF
[1668] [M]: 0x00000000800019FC (0x00AF1F13) slli t5, t5, 0xa
x30 <- 0xFBFF0200FFFFF400

mem[X,0x0000000080001A00] -> 0x0F13
mem[X,0x0000000080001A02] -> 0x3FFF
[1669] [M]: 0x0000000080001A00 (0x3FFF0F13) addi t5, t5, 0x3ff
x30 <- 0xFBFF0200FFFFF7FF

mem[X,0x0000000080001A04] -> 0x0EB7
mem[X,0x0000000080001A06] -> 0x0004
[1670] [M]: 0x0000000080001A04 (0x00040EB7) lui t4, 0x40
x29 <- 0x0000000000040000

mem[X,0x0000000080001A08] -> 0x8E93
mem[X,0x0000000080001A0A] -> 0x200E
[1671] [M]: 0x0000000080001A08 (0x200E8E93) addi t4, t4, 0x200
x29 <- 0x0000000000040200

mem[X,0x0000000080001A0C] -> 0x9E93
mem[X,0x0000000080001A0E] -> 0x00BE
[1672] [M]: 0x0000000080001A0C (0x00BE9E93) slli t4, t4, 0xb
x29 <- 0x0000000020100000

mem[X,0x0000000080001A10] -> 0x8E93
mem[X,0x0000000080001A12] -> 0x000E
[1673] [M]: 0x0000000080001A10 (0x000E8E93) addi t4, t4, 0x0
x29 <- 0x0000000020100000

mem[X,0x0000000080001A14] -> 0x9E93
mem[X,0x0000000080001A16] -> 0x00BE
[1674] [M]: 0x0000000080001A14 (0x00BE9E93) slli t4, t4, 0xb
x29 <- 0x0000010080000000

mem[X,0x0000000080001A18] -> 0x8E93
mem[X,0x0000000080001A1A] -> 0x400E
[1675] [M]: 0x0000000080001A18 (0x400E8E93) addi t4, t4, 0x400
x29 <- 0x0000010080000400

mem[X,0x0000000080001A1C] -> 0x9E93
mem[X,0x0000000080001A1E] -> 0x00AE
[1676] [M]: 0x0000000080001A1C (0x00AE9E93) slli t4, t4, 0xa
x29 <- 0x0004020000100000

mem[X,0x0000000080001A20] -> 0x8E93
mem[X,0x0000000080001A22] -> 0x004E
[1677] [M]: 0x0000000080001A20 (0x004E8E93) addi t4, t4, 0x4
x29 <- 0x0004020000100004

mem[X,0x0000000080001A24] -> 0x0FBB
mem[X,0x0000000080001A26] -> 0xF9DF
[1678] [M]: 0x0000000080001A24 (0xF9DF0FBB) pasubu.h t6, t5, t4
x31 <- 0x7DFD00007FF77BFD

mem[X,0x0000000080001A28] -> 0xB823
mem[X,0x0000000080001A2A] -> 0x1DF0
[1679] [M]: 0x0000000080001A28 (0x1DF0B823) sd t6, 0x1d0(ra)
mem[0x00000000800043D0] <- 0x7DFD00007FF77BFD

mem[X,0x0000000080001A2C] -> 0x0F37
mem[X,0x0000000080001A2E] -> 0x0001
[1680] [M]: 0x0000000080001A2C (0x00010F37) lui t5, 0x10
x30 <- 0x0000000000010000

mem[X,0x0000000080001A30] -> 0x0F13
mem[X,0x0000000080001A32] -> 0xFFEF
[1681] [M]: 0x0000000080001A30 (0xFFEF0F13) addi t5, t5, -0x2
x30 <- 0x000000000000FFFE

mem[X,0x0000000080001A34] -> 0x1F13
mem[X,0x0000000080001A36] -> 0x00BF
[1682] [M]: 0x0000000080001A34 (0x00BF1F13) slli t5, t5, 0xb
x30 <- 0x0000000007FFF000

mem[X,0x0000000080001A38] -> 0x0F13
mem[X,0x0000000080001A3A] -> 0x7FFF
[1683] [M]: 0x0000000080001A38 (0x7FFF0F13) addi t5, t5, 0x7ff
x30 <- 0x0000000007FFF7FF

mem[X,0x0000000080001A3C] -> 0x1F13
mem[X,0x0000000080001A3E] -> 0x00BF
[1684] [M]: 0x0000000080001A3C (0x00BF1F13) slli t5, t5, 0xb
x30 <- 0x0000003FFFBFF800

mem[X,0x0000000080001A40] -> 0x0F13
mem[X,0x0000000080001A42] -> 0x3E0F
[1685] [M]: 0x0000000080001A40 (0x3E0F0F13) addi t5, t5, 0x3e0
x30 <- 0x0000003FFFBFFBE0

mem[X,0x0000000080001A44] -> 0x1F13
mem[X,0x0000000080001A46] -> 0x00AF
[1686] [M]: 0x0000000080001A44 (0x00AF1F13) slli t5, t5, 0xa
x30 <- 0x0000FFFEFFEF8000

mem[X,0x0000000080001A48] -> 0x0EB7
mem[X,0x0000000080001A4A] -> 0x8000
[1687] [M]: 0x0000000080001A48 (0x80000EB7) lui t4, -0x80000
x29 <- 0xFFFFFFFF80000000

mem[X,0x0000000080001A4C] -> 0x8E93
mem[X,0x0000000080001A4E] -> 0x002E
[1688] [M]: 0x0000000080001A4C (0x002E8E93) addi t4, t4, 0x2
x29 <- 0xFFFFFFFF80000002

mem[X,0x0000000080001A50] -> 0x9E93
mem[X,0x0000000080001A52] -> 0x00BE
[1689] [M]: 0x0000000080001A50 (0x00BE9E93) slli t4, t4, 0xb
x29 <- 0xFFFFFC0000001000

mem[X,0x0000000080001A54] -> 0x8E93
mem[X,0x0000000080001A56] -> 0x2AAE
[1690] [M]: 0x0000000080001A54 (0x2AAE8E93) addi t4, t4, 0x2aa
x29 <- 0xFFFFFC00000012AA

mem[X,0x0000000080001A58] -> 0x9E93
mem[X,0x0000000080001A5A] -> 0x00BE
[1691] [M]: 0x0000000080001A58 (0x00BE9E93) slli t4, t4, 0xb
x29 <- 0xFFE0000000955000

mem[X,0x0000000080001A5C] -> 0x8E93
mem[X,0x0000000080001A5E] -> 0x544E
[1692] [M]: 0x0000000080001A5C (0x544E8E93) addi t4, t4, 0x544
x29 <- 0xFFE0000000955544

mem[X,0x0000000080001A60] -> 0x9E93
mem[X,0x0000000080001A62] -> 0x00AE
[1693] [M]: 0x0000000080001A60 (0x00AE9E93) slli t4, t4, 0xa
x29 <- 0x8000000255551000

mem[X,0x0000000080001A64] -> 0x0FBB
mem[X,0x0000000080001A66] -> 0xF9DF
[1694] [M]: 0x0000000080001A64 (0xF9DF0FBB) pasubu.h t6, t5, t4
x31 <- 0xC0007FFE554D3800

mem[X,0x0000000080001A68] -> 0xBC23
mem[X,0x0000000080001A6A] -> 0x1DF0
[1695] [M]: 0x0000000080001A68 (0x1DF0BC23) sd t6, 0x1d8(ra)
mem[0x00000000800043D8] <- 0xC0007FFE554D3800

mem[X,0x0000000080001A6C] -> 0x0F37
mem[X,0x0000000080001A6E] -> 0xFFF8
[1696] [M]: 0x0000000080001A6C (0xFFF80F37) lui t5, -0x80
x30 <- 0xFFFFFFFFFFF80000

mem[X,0x0000000080001A70] -> 0x0F13
mem[X,0x0000000080001A72] -> 0x003F
[1697] [M]: 0x0000000080001A70 (0x003F0F13) addi t5, t5, 0x3
x30 <- 0xFFFFFFFFFFF80003

mem[X,0x0000000080001A74] -> 0x1F13
mem[X,0x0000000080001A76] -> 0x00BF
[1698] [M]: 0x0000000080001A74 (0x00BF1F13) slli t5, t5, 0xb
x30 <- 0xFFFFFFFFC0001800

mem[X,0x0000000080001A78] -> 0x0F13
mem[X,0x0000000080001A7A] -> 0x001F
[1699] [M]: 0x0000000080001A78 (0x001F0F13) addi t5, t5, 0x1
x30 <- 0xFFFFFFFFC0001801

clint::tick mtime <- 0x0000000000000011
 clint timer pending at mtime 0x0000000000000011
htif::tick 0x0000000000000000
mem[X,0x0000000080001A7C] -> 0x1F13
mem[X,0x0000000080001A7E] -> 0x00BF
[1700] [M]: 0x0000000080001A7C (0x00BF1F13) slli t5, t5, 0xb
x30 <- 0xFFFFFE0000C00800

mem[X,0x0000000080001A80] -> 0x0F13
mem[X,0x0000000080001A82] -> 0x030F
[1701] [M]: 0x0000000080001A80 (0x030F0F13) addi t5, t5, 0x30
x30 <- 0xFFFFFE0000C00830

mem[X,0x0000000080001A84] -> 0x1F13
mem[X,0x0000000080001A86] -> 0x00AF
[1702] [M]: 0x0000000080001A84 (0x00AF1F13) slli t5, t5, 0xa
x30 <- 0xFFF800030020C000

mem[X,0x0000000080001A88] -> 0x0EB7
mem[X,0x0000000080001A8A] -> 0xFFFE
[1703] [M]: 0x0000000080001A88 (0xFFFE0EB7) lui t4, -0x20
x29 <- 0xFFFFFFFFFFFE0000

mem[X,0x0000000080001A8C] -> 0x8E93
mem[X,0x0000000080001A8E] -> 0x040E
[1704] [M]: 0x0000000080001A8C (0x040E8E93) addi t4, t4, 0x40
x29 <- 0xFFFFFFFFFFFE0040

mem[X,0x0000000080001A90] -> 0x9E93
mem[X,0x0000000080001A92] -> 0x00BE
[1705] [M]: 0x0000000080001A90 (0x00BE9E93) slli t4, t4, 0xb
x29 <- 0xFFFFFFFFF0020000

mem[X,0x0000000080001A94] -> 0x8E93
mem[X,0x0000000080001A96] -> 0x555E
[1706] [M]: 0x0000000080001A94 (0x555E8E93) addi t4, t4, 0x555
x29 <- 0xFFFFFFFFF0020555

mem[X,0x0000000080001A98] -> 0x9E93
mem[X,0x0000000080001A9A] -> 0x00BE
[1707] [M]: 0x0000000080001A98 (0x00BE9E93) slli t4, t4, 0xb
x29 <- 0xFFFFFF80102AA800

mem[X,0x0000000080001A9C] -> 0x8E93
mem[X,0x0000000080001A9E] -> 0x290E
[1708] [M]: 0x0000000080001A9C (0x290E8E93) addi t4, t4, 0x290
x29 <- 0xFFFFFF80102AAA90

mem[X,0x0000000080001AA0] -> 0x9E93
mem[X,0x0000000080001AA2] -> 0x00AE
[1709] [M]: 0x0000000080001AA0 (0x00AE9E93) slli t4, t4, 0xa
x29 <- 0xFFFE0040AAAA4000

mem[X,0x0000000080001AA4] -> 0x0FBB
mem[X,0x0000000080001AA6] -> 0xF9DF
[1710] [M]: 0x0000000080001AA4 (0xF9DF0FBB) pasubu.h t6, t5, t4
x31 <- 0xFFFDFFE1AABB4000

mem[X,0x0000000080001AA8] -> 0xB023
mem[X,0x0000000080001AAA] -> 0x1FF0
[1711] [M]: 0x0000000080001AA8 (0x1FF0B023) sd t6, 0x1e0(ra)
mem[0x00000000800043E0] <- 0xFFFDFFE1AABB4000

mem[X,0x0000000080001AAC] -> 0x0F37
mem[X,0x0000000080001AAE] -> 0x0200
[1712] [M]: 0x0000000080001AAC (0x02000F37) lui t5, 0x2000
x30 <- 0x0000000002000000

mem[X,0x0000000080001AB0] -> 0x0F13
mem[X,0x0000000080001AB2] -> 0x002F
[1713] [M]: 0x0000000080001AB0 (0x002F0F13) addi t5, t5, 0x2
x30 <- 0x0000000002000002

mem[X,0x0000000080001AB4] -> 0x1F13
mem[X,0x0000000080001AB6] -> 0x00BF
[1714] [M]: 0x0000000080001AB4 (0x00BF1F13) slli t5, t5, 0xb
x30 <- 0x0000001000001000

mem[X,0x0000000080001AB8] -> 0x0F13
mem[X,0x0000000080001ABA] -> 0x7FFF
[1715] [M]: 0x0000000080001AB8 (0x7FFF0F13) addi t5, t5, 0x7ff
x30 <- 0x00000010000017FF

mem[X,0x0000000080001ABC] -> 0x1F13
mem[X,0x0000000080001ABE] -> 0x00BF
[1716] [M]: 0x0000000080001ABC (0x00BF1F13) slli t5, t5, 0xb
x30 <- 0x0000800000BFF800

mem[X,0x0000000080001AC0] -> 0x0F13
mem[X,0x0000000080001AC2] -> 0x69FF
[1717] [M]: 0x0000000080001AC0 (0x69FF0F13) addi t5, t5, 0x69f
x30 <- 0x0000800000BFFE9F

mem[X,0x0000000080001AC4] -> 0x1F13
mem[X,0x0000000080001AC6] -> 0x00AF
[1718] [M]: 0x0000000080001AC4 (0x00AF1F13) slli t5, t5, 0xa
x30 <- 0x02000002FFFA7C00

mem[X,0x0000000080001AC8] -> 0x0F13
mem[X,0x0000000080001ACA] -> 0x3FFF
[1719] [M]: 0x0000000080001AC8 (0x3FFF0F13) addi t5, t5, 0x3ff
x30 <- 0x02000002FFFA7FFF

mem[X,0x0000000080001ACC] -> 0xFEB7
mem[X,0x0000000080001ACE] -> 0xFFFD
[1720] [M]: 0x0000000080001ACC (0xFFFDFEB7) lui t4, -0x21
x29 <- 0xFFFFFFFFFFFDF000

mem[X,0x0000000080001AD0] -> 0x8E93
mem[X,0x0000000080001AD2] -> 0x7FFE
[1721] [M]: 0x0000000080001AD0 (0x7FFE8E93) addi t4, t4, 0x7ff
x29 <- 0xFFFFFFFFFFFDF7FF

mem[X,0x0000000080001AD4] -> 0x9E93
mem[X,0x0000000080001AD6] -> 0x00BE
[1722] [M]: 0x0000000080001AD4 (0x00BE9E93) slli t4, t4, 0xb
x29 <- 0xFFFFFFFFEFBFF800

mem[X,0x0000000080001AD8] -> 0x8E93
mem[X,0x0000000080001ADA] -> 0x2AAE
[1723] [M]: 0x0000000080001AD8 (0x2AAE8E93) addi t4, t4, 0x2aa
x29 <- 0xFFFFFFFFEFBFFAAA

mem[X,0x0000000080001ADC] -> 0x9E93
mem[X,0x0000000080001ADE] -> 0x00BE
[1724] [M]: 0x0000000080001ADC (0x00BE9E93) slli t4, t4, 0xb
x29 <- 0xFFFFFF7DFFD55000

mem[X,0x0000000080001AE0] -> 0x8E93
mem[X,0x0000000080001AE2] -> 0x57FE
[1725] [M]: 0x0000000080001AE0 (0x57FE8E93) addi t4, t4, 0x57f
x29 <- 0xFFFFFF7DFFD5557F

mem[X,0x0000000080001AE4] -> 0x9E93
mem[X,0x0000000080001AE6] -> 0x00AE
[1726] [M]: 0x0000000080001AE4 (0x00AE9E93) slli t4, t4, 0xa
x29 <- 0xFFFDF7FF5555FC00

mem[X,0x0000000080001AE8] -> 0x8E93
mem[X,0x0000000080001AEA] -> 0x2FFE
[1727] [M]: 0x0000000080001AE8 (0x2FFE8E93) addi t4, t4, 0x2ff
x29 <- 0xFFFDF7FF5555FEFF

mem[X,0x0000000080001AEC] -> 0x0FBB
mem[X,0x0000000080001AEE] -> 0xF9DF
[1728] [M]: 0x0000000080001AEC (0xF9DF0FBB) pasubu.h t6, t5, t4
x31 <- 0x810184015552C080

mem[X,0x0000000080001AF0] -> 0xB423
mem[X,0x0000000080001AF2] -> 0x1FF0
[1729] [M]: 0x0000000080001AF0 (0x1FF0B423) sd t6, 0x1e8(ra)
mem[0x00000000800043E8] <- 0x810184015552C080

mem[X,0x0000000080001AF4] -> 0x8F37
mem[X,0x0000000080001AF6] -> 0xFFFC
[1730] [M]: 0x0000000080001AF4 (0xFFFC8F37) lui t5, -0x38
x30 <- 0xFFFFFFFFFFFC8000

mem[X,0x0000000080001AF8] -> 0x0F13
mem[X,0x0000000080001AFA] -> 0x000F
[1731] [M]: 0x0000000080001AF8 (0x000F0F13) addi t5, t5, 0x0
x30 <- 0xFFFFFFFFFFFC8000

mem[X,0x0000000080001AFC] -> 0x1F13
mem[X,0x0000000080001AFE] -> 0x00BF
[1732] [M]: 0x0000000080001AFC (0x00BF1F13) slli t5, t5, 0xb
x30 <- 0xFFFFFFFFE4000000

mem[X,0x0000000080001B00] -> 0x0F13
mem[X,0x0000000080001B02] -> 0x000F
[1733] [M]: 0x0000000080001B00 (0x000F0F13) addi t5, t5, 0x0
x30 <- 0xFFFFFFFFE4000000

mem[X,0x0000000080001B04] -> 0x1F13
mem[X,0x0000000080001B06] -> 0x00BF
[1734] [M]: 0x0000000080001B04 (0x00BF1F13) slli t5, t5, 0xb
x30 <- 0xFFFFFF2000000000

mem[X,0x0000000080001B08] -> 0x0F13
mem[X,0x0000000080001B0A] -> 0x400F
[1735] [M]: 0x0000000080001B08 (0x400F0F13) addi t5, t5, 0x400
x30 <- 0xFFFFFF2000000400

mem[X,0x0000000080001B0C] -> 0x1F13
mem[X,0x0000000080001B0E] -> 0x00AF
[1736] [M]: 0x0000000080001B0C (0x00AF1F13) slli t5, t5, 0xa
x30 <- 0xFFFC800000100000

mem[X,0x0000000080001B10] -> 0x0F13
mem[X,0x0000000080001B12] -> 0x001F
[1737] [M]: 0x0000000080001B10 (0x001F0F13) addi t5, t5, 0x1
x30 <- 0xFFFC800000100001

mem[X,0x0000000080001B14] -> 0x0EB7
mem[X,0x0000000080001B16] -> 0xFFF7
[1738] [M]: 0x0000000080001B14 (0xFFF70EB7) lui t4, -0x90
x29 <- 0xFFFFFFFFFFF70000

mem[X,0x0000000080001B18] -> 0x8E93
mem[X,0x0000000080001B1A] -> 0x080E
[1739] [M]: 0x0000000080001B18 (0x080E8E93) addi t4, t4, 0x80
x29 <- 0xFFFFFFFFFFF70080

mem[X,0x0000000080001B1C] -> 0x9E93
mem[X,0x0000000080001B1E] -> 0x00BE
[1740] [M]: 0x0000000080001B1C (0x00BE9E93) slli t4, t4, 0xb
x29 <- 0xFFFFFFFFB8040000

mem[X,0x0000000080001B20] -> 0x8E93
mem[X,0x0000000080001B22] -> 0x000E
[1741] [M]: 0x0000000080001B20 (0x000E8E93) addi t4, t4, 0x0
x29 <- 0xFFFFFFFFB8040000

mem[X,0x0000000080001B24] -> 0x9E93
mem[X,0x0000000080001B26] -> 0x00BE
[1742] [M]: 0x0000000080001B24 (0x00BE9E93) slli t4, t4, 0xb
x29 <- 0xFFFFFDC020000000

mem[X,0x0000000080001B28] -> 0x8E93
mem[X,0x0000000080001B2A] -> 0x43FE
[1743] [M]: 0x0000000080001B28 (0x43FE8E93) addi t4, t4, 0x43f
x29 <- 0xFFFFFDC02000043F

mem[X,0x0000000080001B2C] -> 0x9E93
mem[X,0x0000000080001B2E] -> 0x00AE
[1744] [M]: 0x0000000080001B2C (0x00AE9E93) slli t4, t4, 0xa
x29 <- 0xFFF700800010FC00

mem[X,0x0000000080001B30] -> 0x8E93
mem[X,0x0000000080001B32] -> 0x3FFE
[1745] [M]: 0x0000000080001B30 (0x3FFE8E93) addi t4, t4, 0x3ff
x29 <- 0xFFF700800010FFFF

mem[X,0x0000000080001B34] -> 0x0FBB
mem[X,0x0000000080001B36] -> 0xF9DF
[1746] [M]: 0x0000000080001B34 (0xF9DF0FBB) pasubu.h t6, t5, t4
x31 <- 0x00023FC000008001

mem[X,0x0000000080001B38] -> 0xB823
mem[X,0x0000000080001B3A] -> 0x1FF0
[1747] [M]: 0x0000000080001B38 (0x1FF0B823) sd t6, 0x1f0(ra)
mem[0x00000000800043F0] <- 0x00023FC000008001

mem[X,0x0000000080001B3C] -> 0x0F37
mem[X,0x0000000080001B3E] -> 0xFC00
[1748] [M]: 0x0000000080001B3C (0xFC000F37) lui t5, -0x4000
x30 <- 0xFFFFFFFFFC000000

mem[X,0x0000000080001B40] -> 0x0F13
mem[X,0x0000000080001B42] -> 0xBFFF
[1749] [M]: 0x0000000080001B40 (0xBFFF0F13) addi t5, t5, -0x401
x30 <- 0xFFFFFFFFFBFFFBFF

mem[X,0x0000000080001B44] -> 0x1F13
mem[X,0x0000000080001B46] -> 0x00BF
[1750] [M]: 0x0000000080001B44 (0x00BF1F13) slli t5, t5, 0xb
x30 <- 0xFFFFFFDFFFDFF800

mem[X,0x0000000080001B48] -> 0x0F13
mem[X,0x0000000080001B4A] -> 0x7FFF
[1751] [M]: 0x0000000080001B48 (0x7FFF0F13) addi t5, t5, 0x7ff
x30 <- 0xFFFFFFDFFFDFFFFF

mem[X,0x0000000080001B4C] -> 0x1F13
mem[X,0x0000000080001B4E] -> 0x00BF
[1752] [M]: 0x0000000080001B4C (0x00BF1F13) slli t5, t5, 0xb
x30 <- 0xFFFEFFFEFFFFF800

mem[X,0x0000000080001B50] -> 0x0F13
mem[X,0x0000000080001B52] -> 0x740F
[1753] [M]: 0x0000000080001B50 (0x740F0F13) addi t5, t5, 0x740
x30 <- 0xFFFEFFFEFFFFFF40

mem[X,0x0000000080001B54] -> 0x1F13
mem[X,0x0000000080001B56] -> 0x00AF
[1754] [M]: 0x0000000080001B54 (0x00AF1F13) slli t5, t5, 0xa
x30 <- 0xFBFFFBFFFFFD0000

mem[X,0x0000000080001B58] -> 0x0F13
mem[X,0x0000000080001B5A] -> 0x001F
[1755] [M]: 0x0000000080001B58 (0x001F0F13) addi t5, t5, 0x1
x30 <- 0xFBFFFBFFFFFD0001

mem[X,0x0000000080001B5C] -> 0x4EB7
mem[X,0x0000000080001B5E] -> 0x7FFF
[1756] [M]: 0x0000000080001B5C (0x7FFF4EB7) lui t4, 0x7fff4
x29 <- 0x000000007FFF4000

mem[X,0x0000000080001B60] -> 0x8E93
mem[X,0x0000000080001B62] -> 0x000E
[1757] [M]: 0x0000000080001B60 (0x000E8E93) addi t4, t4, 0x0
x29 <- 0x000000007FFF4000

mem[X,0x0000000080001B64] -> 0x9E93
mem[X,0x0000000080001B66] -> 0x00BE
[1758] [M]: 0x0000000080001B64 (0x00BE9E93) slli t4, t4, 0xb
x29 <- 0x000003FFFA000000

mem[X,0x0000000080001B68] -> 0x8E93
mem[X,0x0000000080001B6A] -> 0x004E
[1759] [M]: 0x0000000080001B68 (0x004E8E93) addi t4, t4, 0x4
x29 <- 0x000003FFFA000004

mem[X,0x0000000080001B6C] -> 0x9E93
mem[X,0x0000000080001B6E] -> 0x00BE
[1760] [M]: 0x0000000080001B6C (0x00BE9E93) slli t4, t4, 0xb
x29 <- 0x001FFFD000002000

mem[X,0x0000000080001B70] -> 0x8E93
mem[X,0x0000000080001B72] -> 0x000E
[1761] [M]: 0x0000000080001B70 (0x000E8E93) addi t4, t4, 0x0
x29 <- 0x001FFFD000002000

mem[X,0x0000000080001B74] -> 0x9E93
mem[X,0x0000000080001B76] -> 0x00AE
[1762] [M]: 0x0000000080001B74 (0x00AE9E93) slli t4, t4, 0xa
x29 <- 0x7FFF400000800000

mem[X,0x0000000080001B78] -> 0x8E93
mem[X,0x0000000080001B7A] -> 0x010E
[1763] [M]: 0x0000000080001B78 (0x010E8E93) addi t4, t4, 0x10
x29 <- 0x7FFF400000800010

mem[X,0x0000000080001B7C] -> 0x0FBB
mem[X,0x0000000080001B7E] -> 0xF9DF
[1764] [M]: 0x0000000080001B7C (0xF9DF0FBB) pasubu.h t6, t5, t4
x31 <- 0x3E005DFF7FBEFFF8

mem[X,0x0000000080001B80] -> 0xBC23
mem[X,0x0000000080001B82] -> 0x1FF0
[1765] [M]: 0x0000000080001B80 (0x1FF0BC23) sd t6, 0x1f8(ra)
mem[0x00000000800043F8] <- 0x3E005DFF7FBEFFF8

mem[X,0x0000000080001B84] -> 0xEF37
mem[X,0x0000000080001B86] -> 0x0800
[1766] [M]: 0x0000000080001B84 (0x0800EF37) lui t5, 0x800e
x30 <- 0x000000000800E000

mem[X,0x0000000080001B88] -> 0x0F13
mem[X,0x0000000080001B8A] -> 0xFFFF
[1767] [M]: 0x0000000080001B88 (0xFFFF0F13) addi t5, t5, -0x1
x30 <- 0x000000000800DFFF

mem[X,0x0000000080001B8C] -> 0x1F13
mem[X,0x0000000080001B8E] -> 0x00BF
[1768] [M]: 0x0000000080001B8C (0x00BF1F13) slli t5, t5, 0xb
x30 <- 0x0000004006FFF800

mem[X,0x0000000080001B90] -> 0x0F13
mem[X,0x0000000080001B92] -> 0x000F
[1769] [M]: 0x0000000080001B90 (0x000F0F13) addi t5, t5, 0x0
x30 <- 0x0000004006FFF800

mem[X,0x0000000080001B94] -> 0x1F13
mem[X,0x0000000080001B96] -> 0x00BF
[1770] [M]: 0x0000000080001B94 (0x00BF1F13) slli t5, t5, 0xb
x30 <- 0x00020037FFC00000

mem[X,0x0000000080001B98] -> 0x0F13
mem[X,0x0000000080001B9A] -> 0x180F
[1771] [M]: 0x0000000080001B98 (0x180F0F13) addi t5, t5, 0x180
x30 <- 0x00020037FFC00180

mem[X,0x0000000080001B9C] -> 0x1F13
mem[X,0x0000000080001B9E] -> 0x00AF
[1772] [M]: 0x0000000080001B9C (0x00AF1F13) slli t5, t5, 0xa
x30 <- 0x0800DFFF00060000

mem[X,0x0000000080001BA0] -> 0x0F13
mem[X,0x0000000080001BA2] -> 0x004F
[1773] [M]: 0x0000000080001BA0 (0x004F0F13) addi t5, t5, 0x4
x30 <- 0x0800DFFF00060004

mem[X,0x0000000080001BA4] -> 0x0EB7
mem[X,0x0000000080001BA6] -> 0xF7FF
[1774] [M]: 0x0000000080001BA4 (0xF7FF0EB7) lui t4, -0x8010
x29 <- 0xFFFFFFFFF7FF0000

mem[X,0x0000000080001BA8] -> 0x8E93
mem[X,0x0000000080001BAA] -> 0x008E
[1775] [M]: 0x0000000080001BA8 (0x008E8E93) addi t4, t4, 0x8
x29 <- 0xFFFFFFFFF7FF0008

mem[X,0x0000000080001BAC] -> 0x9E93
mem[X,0x0000000080001BAE] -> 0x00BE
[1776] [M]: 0x0000000080001BAC (0x00BE9E93) slli t4, t4, 0xb
x29 <- 0xFFFFFFBFF8004000

mem[X,0x0000000080001BB0] -> 0x8E93
mem[X,0x0000000080001BB2] -> 0x000E
[1777] [M]: 0x0000000080001BB0 (0x000E8E93) addi t4, t4, 0x0
x29 <- 0xFFFFFFBFF8004000

mem[X,0x0000000080001BB4] -> 0x9E93
mem[X,0x0000000080001BB6] -> 0x00BE
[1778] [M]: 0x0000000080001BB4 (0x00BE9E93) slli t4, t4, 0xb
x29 <- 0xFFFDFFC002000000

mem[X,0x0000000080001BB8] -> 0x8E93
mem[X,0x0000000080001BBA] -> 0x0BFE
[1779] [M]: 0x0000000080001BB8 (0x0BFE8E93) addi t4, t4, 0xbf
x29 <- 0xFFFDFFC0020000BF

mem[X,0x0000000080001BBC] -> 0x9E93
mem[X,0x0000000080001BBE] -> 0x00AE
[1780] [M]: 0x0000000080001BBC (0x00AE9E93) slli t4, t4, 0xa
x29 <- 0xF7FF00080002FC00

mem[X,0x0000000080001BC0] -> 0x8E93
mem[X,0x0000000080001BC2] -> 0x3F6E
[1781] [M]: 0x0000000080001BC0 (0x3F6E8E93) addi t4, t4, 0x3f6
x29 <- 0xF7FF00080002FFF6

mem[X,0x0000000080001BC4] -> 0x0FBB
mem[X,0x0000000080001BC6] -> 0xF9DF
[1782] [M]: 0x0000000080001BC4 (0xF9DF0FBB) pasubu.h t6, t5, t4
x31 <- 0x88006FFB00028007

mem[X,0x0000000080001BC8] -> 0xB023
mem[X,0x0000000080001BCA] -> 0x21F0
[1783] [M]: 0x0000000080001BC8 (0x21F0B023) sd t6, 0x200(ra)
mem[0x0000000080004400] <- 0x88006FFB00028007

mem[X,0x0000000080001BCC] -> 0xCF37
mem[X,0x0000000080001BCE] -> 0x0009
[1784] [M]: 0x0000000080001BCC (0x0009CF37) lui t5, 0x9c
x30 <- 0x000000000009C000

mem[X,0x0000000080001BD0] -> 0x0F13
mem[X,0x0000000080001BD2] -> 0xFFFF
[1785] [M]: 0x0000000080001BD0 (0xFFFF0F13) addi t5, t5, -0x1
x30 <- 0x000000000009BFFF

mem[X,0x0000000080001BD4] -> 0x1F13
mem[X,0x0000000080001BD6] -> 0x00BF
[1786] [M]: 0x0000000080001BD4 (0x00BF1F13) slli t5, t5, 0xb
x30 <- 0x000000004DFFF800

mem[X,0x0000000080001BD8] -> 0x0F13
mem[X,0x0000000080001BDA] -> 0x000F
[1787] [M]: 0x0000000080001BD8 (0x000F0F13) addi t5, t5, 0x0
x30 <- 0x000000004DFFF800

mem[X,0x0000000080001BDC] -> 0x1F13
mem[X,0x0000000080001BDE] -> 0x00BF
[1788] [M]: 0x0000000080001BDC (0x00BF1F13) slli t5, t5, 0xb
x30 <- 0x0000026FFFC00000

mem[X,0x0000000080001BE0] -> 0x0F13
mem[X,0x0000000080001BE2] -> 0x155F
[1789] [M]: 0x0000000080001BE0 (0x155F0F13) addi t5, t5, 0x155
x30 <- 0x0000026FFFC00155

mem[X,0x0000000080001BE4] -> 0x1F13
mem[X,0x0000000080001BE6] -> 0x00AF
[1790] [M]: 0x0000000080001BE4 (0x00AF1F13) slli t5, t5, 0xa
x30 <- 0x0009BFFF00055400

mem[X,0x0000000080001BE8] -> 0x0F13
mem[X,0x0000000080001BEA] -> 0x155F
[1791] [M]: 0x0000000080001BE8 (0x155F0F13) addi t5, t5, 0x155
x30 <- 0x0009BFFF00055555

mem[X,0x0000000080001BEC] -> 0x0EB7
mem[X,0x0000000080001BEE] -> 0x000A
[1792] [M]: 0x0000000080001BEC (0x000A0EB7) lui t4, 0xa0
x29 <- 0x00000000000A0000

mem[X,0x0000000080001BF0] -> 0x8E93
mem[X,0x0000000080001BF2] -> 0xFFCE
[1793] [M]: 0x0000000080001BF0 (0xFFCE8E93) addi t4, t4, -0x4
x29 <- 0x000000000009FFFC

mem[X,0x0000000080001BF4] -> 0x9E93
mem[X,0x0000000080001BF6] -> 0x00BE
[1794] [M]: 0x0000000080001BF4 (0x00BE9E93) slli t4, t4, 0xb
x29 <- 0x000000004FFFE000

mem[X,0x0000000080001BF8] -> 0x8E93
mem[X,0x0000000080001BFA] -> 0x5FFE
[1795] [M]: 0x0000000080001BF8 (0x5FFE8E93) addi t4, t4, 0x5ff
x29 <- 0x000000004FFFE5FF

mem[X,0x0000000080001BFC] -> 0x9E93
mem[X,0x0000000080001BFE] -> 0x00BE
[1796] [M]: 0x0000000080001BFC (0x00BE9E93) slli t4, t4, 0xb
x29 <- 0x0000027FFF2FF800

mem[X,0x0000000080001C00] -> 0x8E93
mem[X,0x0000000080001C02] -> 0x7C0E
[1797] [M]: 0x0000000080001C00 (0x7C0E8E93) addi t4, t4, 0x7c0
x29 <- 0x0000027FFF2FFFC0

mem[X,0x0000000080001C04] -> 0x9E93
mem[X,0x0000000080001C06] -> 0x00AE
[1798] [M]: 0x0000000080001C04 (0x00AE9E93) slli t4, t4, 0xa
x29 <- 0x0009FFFCBFFF0000

mem[X,0x0000000080001C08] -> 0x8E93
mem[X,0x0000000080001C0A] -> 0x004E
[1799] [M]: 0x0000000080001C08 (0x004E8E93) addi t4, t4, 0x4
x29 <- 0x0009FFFCBFFF0004

clint::tick mtime <- 0x0000000000000012
 clint timer pending at mtime 0x0000000000000012
htif::tick 0x0000000000000000
mem[X,0x0000000080001C0C] -> 0x0FBB
mem[X,0x0000000080001C0E] -> 0xF9DF
[1800] [M]: 0x0000000080001C0C (0xF9DF0FBB) pasubu.h t6, t5, t4
x31 <- 0x0000E001A0032AA8

mem[X,0x0000000080001C10] -> 0xB423
mem[X,0x0000000080001C12] -> 0x21F0
[1801] [M]: 0x0000000080001C10 (0x21F0B423) sd t6, 0x208(ra)
mem[0x0000000080004408] <- 0x0000E001A0032AA8

mem[X,0x0000000080001C14] -> 0xBF37
mem[X,0x0000000080001C16] -> 0x4000
[1802] [M]: 0x0000000080001C14 (0x4000BF37) lui t5, 0x4000b
x30 <- 0x000000004000B000

mem[X,0x0000000080001C18] -> 0x0F13
mem[X,0x0000000080001C1A] -> 0xAAAF
[1803] [M]: 0x0000000080001C18 (0xAAAF0F13) addi t5, t5, -0x556
x30 <- 0x000000004000AAAA

mem[X,0x0000000080001C1C] -> 0x1F13
mem[X,0x0000000080001C1E] -> 0x00BF
[1804] [M]: 0x0000000080001C1C (0x00BF1F13) slli t5, t5, 0xb
x30 <- 0x0000020005555000

mem[X,0x0000000080001C20] -> 0x0F13
mem[X,0x0000000080001C22] -> 0x7FDF
[1805] [M]: 0x0000000080001C20 (0x7FDF0F13) addi t5, t5, 0x7fd
x30 <- 0x00000200055557FD

mem[X,0x0000000080001C24] -> 0x1F13
mem[X,0x0000000080001C26] -> 0x00BF
[1806] [M]: 0x0000000080001C24 (0x00BF1F13) slli t5, t5, 0xb
x30 <- 0x0010002AAABFE800

mem[X,0x0000000080001C28] -> 0x0F13
mem[X,0x0000000080001C2A] -> 0x7FFF
[1807] [M]: 0x0000000080001C28 (0x7FFF0F13) addi t5, t5, 0x7ff
x30 <- 0x0010002AAABFEFFF

mem[X,0x0000000080001C2C] -> 0x1F13
mem[X,0x0000000080001C2E] -> 0x00AF
[1808] [M]: 0x0000000080001C2C (0x00AF1F13) slli t5, t5, 0xa
x30 <- 0x4000AAAAFFBFFC00

mem[X,0x0000000080001C30] -> 0x0F13
mem[X,0x0000000080001C32] -> 0x1FFF
[1809] [M]: 0x0000000080001C30 (0x1FFF0F13) addi t5, t5, 0x1ff
x30 <- 0x4000AAAAFFBFFDFF

mem[X,0x0000000080001C34] -> 0x8EB7
mem[X,0x0000000080001C36] -> 0x0100
[1810] [M]: 0x0000000080001C34 (0x01008EB7) lui t4, 0x1008
x29 <- 0x0000000001008000

mem[X,0x0000000080001C38] -> 0x8E93
mem[X,0x0000000080001C3A] -> 0x001E
[1811] [M]: 0x0000000080001C38 (0x001E8E93) addi t4, t4, 0x1
x29 <- 0x0000000001008001

mem[X,0x0000000080001C3C] -> 0x9E93
mem[X,0x0000000080001C3E] -> 0x00BE
[1812] [M]: 0x0000000080001C3C (0x00BE9E93) slli t4, t4, 0xb
x29 <- 0x0000000804000800

mem[X,0x0000000080001C40] -> 0x0FBB
mem[X,0x0000000080001C42] -> 0xF9DF
[1813] [M]: 0x0000000080001C40 (0xF9DF0FBB) pasubu.h t6, t5, t4
x31 <- 0x200055517DDF7AFF

mem[X,0x0000000080001C44] -> 0xB823
mem[X,0x0000000080001C46] -> 0x21F0
[1814] [M]: 0x0000000080001C44 (0x21F0B823) sd t6, 0x210(ra)
mem[0x0000000080004410] <- 0x200055517DDF7AFF

mem[X,0x0000000080001C48] -> 0x0F37
mem[X,0x0000000080001C4A] -> 0x0005
[1815] [M]: 0x0000000080001C48 (0x00050F37) lui t5, 0x50
x30 <- 0x0000000000050000

mem[X,0x0000000080001C4C] -> 0x0F13
mem[X,0x0000000080001C4E] -> 0xEFFF
[1816] [M]: 0x0000000080001C4C (0xEFFF0F13) addi t5, t5, -0x101
x30 <- 0x000000000004FEFF

mem[X,0x0000000080001C50] -> 0x1F13
mem[X,0x0000000080001C52] -> 0x00BF
[1817] [M]: 0x0000000080001C50 (0x00BF1F13) slli t5, t5, 0xb
x30 <- 0x0000000027F7F800

mem[X,0x0000000080001C54] -> 0x0F13
mem[X,0x0000000080001C56] -> 0x7FFF
[1818] [M]: 0x0000000080001C54 (0x7FFF0F13) addi t5, t5, 0x7ff
x30 <- 0x0000000027F7FFFF

mem[X,0x0000000080001C58] -> 0x1F13
mem[X,0x0000000080001C5A] -> 0x00BF
[1819] [M]: 0x0000000080001C58 (0x00BF1F13) slli t5, t5, 0xb
x30 <- 0x0000013FBFFFF800

mem[X,0x0000000080001C5C] -> 0x0F13
mem[X,0x0000000080001C5E] -> 0x5FFF
[1820] [M]: 0x0000000080001C5C (0x5FFF0F13) addi t5, t5, 0x5ff
x30 <- 0x0000013FBFFFFDFF

mem[X,0x0000000080001C60] -> 0x1F13
mem[X,0x0000000080001C62] -> 0x00AF
[1821] [M]: 0x0000000080001C60 (0x00AF1F13) slli t5, t5, 0xa
x30 <- 0x0004FEFFFFF7FC00

mem[X,0x0000000080001C64] -> 0x0F13
mem[X,0x0000000080001C66] -> 0x3FCF
[1822] [M]: 0x0000000080001C64 (0x3FCF0F13) addi t5, t5, 0x3fc
x30 <- 0x0004FEFFFFF7FFFC

mem[X,0x0000000080001C68] -> 0x0EB7
mem[X,0x0000000080001C6A] -> 0x0011
[1823] [M]: 0x0000000080001C68 (0x00110EB7) lui t4, 0x110
x29 <- 0x0000000000110000

mem[X,0x0000000080001C6C] -> 0x8E93
mem[X,0x0000000080001C6E] -> 0xFDFE
[1824] [M]: 0x0000000080001C6C (0xFDFE8E93) addi t4, t4, -0x21
x29 <- 0x000000000010FFDF

mem[X,0x0000000080001C70] -> 0x9E93
mem[X,0x0000000080001C72] -> 0x00BE
[1825] [M]: 0x0000000080001C70 (0x00BE9E93) slli t4, t4, 0xb
x29 <- 0x0000000087FEF800

mem[X,0x0000000080001C74] -> 0x8E93
mem[X,0x0000000080001C76] -> 0x000E
[1826] [M]: 0x0000000080001C74 (0x000E8E93) addi t4, t4, 0x0
x29 <- 0x0000000087FEF800

mem[X,0x0000000080001C78] -> 0x9E93
mem[X,0x0000000080001C7A] -> 0x00BE
[1827] [M]: 0x0000000080001C78 (0x00BE9E93) slli t4, t4, 0xb
x29 <- 0x0000043FF7C00000

mem[X,0x0000000080001C7C] -> 0x8E93
mem[X,0x0000000080001C7E] -> 0x400E
[1828] [M]: 0x0000000080001C7C (0x400E8E93) addi t4, t4, 0x400
x29 <- 0x0000043FF7C00400

mem[X,0x0000000080001C80] -> 0x9E93
mem[X,0x0000000080001C82] -> 0x00AE
[1829] [M]: 0x0000000080001C80 (0x00AE9E93) slli t4, t4, 0xa
x29 <- 0x0010FFDF00100000

mem[X,0x0000000080001C84] -> 0x8E93
mem[X,0x0000000080001C86] -> 0x004E
[1830] [M]: 0x0000000080001C84 (0x004E8E93) addi t4, t4, 0x4
x29 <- 0x0010FFDF00100004

mem[X,0x0000000080001C88] -> 0x0FBB
mem[X,0x0000000080001C8A] -> 0xF9DF
[1831] [M]: 0x0000000080001C88 (0xF9DF0FBB) pasubu.h t6, t5, t4
x31 <- 0xFFFAFF907FF37FFC

mem[X,0x0000000080001C8C] -> 0xBC23
mem[X,0x0000000080001C8E] -> 0x21F0
[1832] [M]: 0x0000000080001C8C (0x21F0BC23) sd t6, 0x218(ra)
mem[0x0000000080004418] <- 0xFFFAFF907FF37FFC

mem[X,0x0000000080001C90] -> 0x0F37
mem[X,0x0000000080001C92] -> 0xFC00
[1833] [M]: 0x0000000080001C90 (0xFC000F37) lui t5, -0x4000
x30 <- 0xFFFFFFFFFC000000

mem[X,0x0000000080001C94] -> 0x0F13
mem[X,0x0000000080001C96] -> 0xFF7F
[1834] [M]: 0x0000000080001C94 (0xFF7F0F13) addi t5, t5, -0x9
x30 <- 0xFFFFFFFFFBFFFFF7

mem[X,0x0000000080001C98] -> 0x1F13
mem[X,0x0000000080001C9A] -> 0x00BF
[1835] [M]: 0x0000000080001C98 (0x00BF1F13) slli t5, t5, 0xb
x30 <- 0xFFFFFFDFFFFFB800

mem[X,0x0000000080001C9C] -> 0x0F13
mem[X,0x0000000080001C9E] -> 0x7FFF
[1836] [M]: 0x0000000080001C9C (0x7FFF0F13) addi t5, t5, 0x7ff
x30 <- 0xFFFFFFDFFFFFBFFF

mem[X,0x0000000080001CA0] -> 0x1F13
mem[X,0x0000000080001CA2] -> 0x00BF
[1837] [M]: 0x0000000080001CA0 (0x00BF1F13) slli t5, t5, 0xb
x30 <- 0xFFFEFFFFFDFFF800

mem[X,0x0000000080001CA4] -> 0x0F13
mem[X,0x0000000080001CA6] -> 0x584F
[1838] [M]: 0x0000000080001CA4 (0x584F0F13) addi t5, t5, 0x584
x30 <- 0xFFFEFFFFFDFFFD84

mem[X,0x0000000080001CA8] -> 0x1F13
mem[X,0x0000000080001CAA] -> 0x00AF
[1839] [M]: 0x0000000080001CA8 (0x00AF1F13) slli t5, t5, 0xa
x30 <- 0xFBFFFFF7FFF61000

mem[X,0x0000000080001CAC] -> 0x0EB7
mem[X,0x0000000080001CAE] -> 0x0004
[1840] [M]: 0x0000000080001CAC (0x00040EB7) lui t4, 0x40
x29 <- 0x0000000000040000

mem[X,0x0000000080001CB0] -> 0x8E93
mem[X,0x0000000080001CB2] -> 0xFEFE
[1841] [M]: 0x0000000080001CB0 (0xFEFE8E93) addi t4, t4, -0x11
x29 <- 0x000000000003FFEF

mem[X,0x0000000080001CB4] -> 0x9E93
mem[X,0x0000000080001CB6] -> 0x00BE
[1842] [M]: 0x0000000080001CB4 (0x00BE9E93) slli t4, t4, 0xb
x29 <- 0x000000001FFF7800

mem[X,0x0000000080001CB8] -> 0x8E93
mem[X,0x0000000080001CBA] -> 0x7FFE
[1843] [M]: 0x0000000080001CB8 (0x7FFE8E93) addi t4, t4, 0x7ff
x29 <- 0x000000001FFF7FFF

mem[X,0x0000000080001CBC] -> 0x9E93
mem[X,0x0000000080001CBE] -> 0x00BE
[1844] [M]: 0x0000000080001CBC (0x00BE9E93) slli t4, t4, 0xb
x29 <- 0x000000FFFBFFF800

mem[X,0x0000000080001CC0] -> 0x8E93
mem[X,0x0000000080001CC2] -> 0x790E
[1845] [M]: 0x0000000080001CC0 (0x790E8E93) addi t4, t4, 0x790
x29 <- 0x000000FFFBFFFF90

mem[X,0x0000000080001CC4] -> 0x9E93
mem[X,0x0000000080001CC6] -> 0x00AE
[1846] [M]: 0x0000000080001CC4 (0x00AE9E93) slli t4, t4, 0xa
x29 <- 0x0003FFEFFFFE4000

mem[X,0x0000000080001CC8] -> 0x0FBB
mem[X,0x0000000080001CCA] -> 0xF9DF
[1847] [M]: 0x0000000080001CC8 (0xF9DF0FBB) pasubu.h t6, t5, t4
x31 <- 0x7DFE0004FFFCE800

mem[X,0x0000000080001CCC] -> 0xB023
mem[X,0x0000000080001CCE] -> 0x23F0
[1848] [M]: 0x0000000080001CCC (0x23F0B023) sd t6, 0x220(ra)
mem[0x0000000080004420] <- 0x7DFE0004FFFCE800

mem[X,0x0000000080001CD0] -> 0xCF37
mem[X,0x0000000080001CD2] -> 0x0080
[1849] [M]: 0x0000000080001CD0 (0x0080CF37) lui t5, 0x80c
x30 <- 0x000000000080C000

mem[X,0x0000000080001CD4] -> 0x0F13
mem[X,0x0000000080001CD6] -> 0xFFFF
[1850] [M]: 0x0000000080001CD4 (0xFFFF0F13) addi t5, t5, -0x1
x30 <- 0x000000000080BFFF

mem[X,0x0000000080001CD8] -> 0x1F13
mem[X,0x0000000080001CDA] -> 0x00BF
[1851] [M]: 0x0000000080001CD8 (0x00BF1F13) slli t5, t5, 0xb
x30 <- 0x0000000405FFF800

mem[X,0x0000000080001CDC] -> 0x0F13
mem[X,0x0000000080001CDE] -> 0x1FFF
[1852] [M]: 0x0000000080001CDC (0x1FFF0F13) addi t5, t5, 0x1ff
x30 <- 0x0000000405FFF9FF

mem[X,0x0000000080001CE0] -> 0x1F13
mem[X,0x0000000080001CE2] -> 0x00BF
[1853] [M]: 0x0000000080001CE0 (0x00BF1F13) slli t5, t5, 0xb
x30 <- 0x0000202FFFCFF800

mem[X,0x0000000080001CE4] -> 0x0F13
mem[X,0x0000000080001CE6] -> 0x7C0F
[1854] [M]: 0x0000000080001CE4 (0x7C0F0F13) addi t5, t5, 0x7c0
x30 <- 0x0000202FFFCFFFC0

mem[X,0x0000000080001CE8] -> 0x1F13
mem[X,0x0000000080001CEA] -> 0x00AF
[1855] [M]: 0x0000000080001CE8 (0x00AF1F13) slli t5, t5, 0xa
x30 <- 0x0080BFFF3FFF0000

mem[X,0x0000000080001CEC] -> 0x0F13
mem[X,0x0000000080001CEE] -> 0x001F
[1856] [M]: 0x0000000080001CEC (0x001F0F13) addi t5, t5, 0x1
x30 <- 0x0080BFFF3FFF0001

mem[X,0x0000000080001CF0] -> 0x0EB7
mem[X,0x0000000080001CF2] -> 0x0401
[1857] [M]: 0x0000000080001CF0 (0x04010EB7) lui t4, 0x4010
x29 <- 0x0000000004010000

mem[X,0x0000000080001CF4] -> 0x8E93
mem[X,0x0000000080001CF6] -> 0xFFDE
[1858] [M]: 0x0000000080001CF4 (0xFFDE8E93) addi t4, t4, -0x3
x29 <- 0x000000000400FFFD

mem[X,0x0000000080001CF8] -> 0x9E93
mem[X,0x0000000080001CFA] -> 0x00BE
[1859] [M]: 0x0000000080001CF8 (0x00BE9E93) slli t4, t4, 0xb
x29 <- 0x0000002007FFE800

mem[X,0x0000000080001CFC] -> 0x8E93
mem[X,0x0000000080001CFE] -> 0x000E
[1860] [M]: 0x0000000080001CFC (0x000E8E93) addi t4, t4, 0x0
x29 <- 0x0000002007FFE800

mem[X,0x0000000080001D00] -> 0x9E93
mem[X,0x0000000080001D02] -> 0x00BE
[1861] [M]: 0x0000000080001D00 (0x00BE9E93) slli t4, t4, 0xb
x29 <- 0x0001003FFF400000

mem[X,0x0000000080001D04] -> 0x8E93
mem[X,0x0000000080001D06] -> 0x01FE
[1862] [M]: 0x0000000080001D04 (0x01FE8E93) addi t4, t4, 0x1f
x29 <- 0x0001003FFF40001F

mem[X,0x0000000080001D08] -> 0x9E93
mem[X,0x0000000080001D0A] -> 0x00AE
[1863] [M]: 0x0000000080001D08 (0x00AE9E93) slli t4, t4, 0xa
x29 <- 0x0400FFFD00007C00

mem[X,0x0000000080001D0C] -> 0x8E93
mem[X,0x0000000080001D0E] -> 0x3FFE
[1864] [M]: 0x0000000080001D0C (0x3FFE8E93) addi t4, t4, 0x3ff
x29 <- 0x0400FFFD00007FFF

mem[X,0x0000000080001D10] -> 0x0FBB
mem[X,0x0000000080001D12] -> 0xF9DF
[1865] [M]: 0x0000000080001D10 (0xF9DF0FBB) pasubu.h t6, t5, t4
x31 <- 0xFE40E0011FFFC001

mem[X,0x0000000080001D14] -> 0xB423
mem[X,0x0000000080001D16] -> 0x23F0
[1866] [M]: 0x0000000080001D14 (0x23F0B423) sd t6, 0x228(ra)
mem[0x0000000080004428] <- 0xFE40E0011FFFC001

mem[X,0x0000000080001D18] -> 0x0F37
mem[X,0x0000000080001D1A] -> 0x0080
[1867] [M]: 0x0000000080001D18 (0x00800F37) lui t5, 0x800
x30 <- 0x0000000000800000

mem[X,0x0000000080001D1C] -> 0x0F13
mem[X,0x0000000080001D1E] -> 0x003F
[1868] [M]: 0x0000000080001D1C (0x003F0F13) addi t5, t5, 0x3
x30 <- 0x0000000000800003

mem[X,0x0000000080001D20] -> 0x1F13
mem[X,0x0000000080001D22] -> 0x00BF
[1869] [M]: 0x0000000080001D20 (0x00BF1F13) slli t5, t5, 0xb
x30 <- 0x0000000400001800

mem[X,0x0000000080001D24] -> 0x0F13
mem[X,0x0000000080001D26] -> 0x000F
[1870] [M]: 0x0000000080001D24 (0x000F0F13) addi t5, t5, 0x0
x30 <- 0x0000000400001800

mem[X,0x0000000080001D28] -> 0x1F13
mem[X,0x0000000080001D2A] -> 0x00BF
[1871] [M]: 0x0000000080001D28 (0x00BF1F13) slli t5, t5, 0xb
x30 <- 0x0000200000C00000

mem[X,0x0000000080001D2C] -> 0x0F13
mem[X,0x0000000080001D2E] -> 0x0FFF
[1872] [M]: 0x0000000080001D2C (0x0FFF0F13) addi t5, t5, 0xff
x30 <- 0x0000200000C000FF

mem[X,0x0000000080001D30] -> 0x1F13
mem[X,0x0000000080001D32] -> 0x00AF
[1873] [M]: 0x0000000080001D30 (0x00AF1F13) slli t5, t5, 0xa
x30 <- 0x008000030003FC00

mem[X,0x0000000080001D34] -> 0x0F13
mem[X,0x0000000080001D36] -> 0x3FCF
[1874] [M]: 0x0000000080001D34 (0x3FCF0F13) addi t5, t5, 0x3fc
x30 <- 0x008000030003FFFC

mem[X,0x0000000080001D38] -> 0x8EB7
mem[X,0x0000000080001D3A] -> 0x0080
[1875] [M]: 0x0000000080001D38 (0x00808EB7) lui t4, 0x808
x29 <- 0x0000000000808000

mem[X,0x0000000080001D3C] -> 0x8E93
mem[X,0x0000000080001D3E] -> 0x000E
[1876] [M]: 0x0000000080001D3C (0x000E8E93) addi t4, t4, 0x0
x29 <- 0x0000000000808000

mem[X,0x0000000080001D40] -> 0x9E93
mem[X,0x0000000080001D42] -> 0x00BE
[1877] [M]: 0x0000000080001D40 (0x00BE9E93) slli t4, t4, 0xb
x29 <- 0x0000000404000000

mem[X,0x0000000080001D44] -> 0x8E93
mem[X,0x0000000080001D46] -> 0x004E
[1878] [M]: 0x0000000080001D44 (0x004E8E93) addi t4, t4, 0x4
x29 <- 0x0000000404000004

mem[X,0x0000000080001D48] -> 0x9E93
mem[X,0x0000000080001D4A] -> 0x00BE
[1879] [M]: 0x0000000080001D48 (0x00BE9E93) slli t4, t4, 0xb
x29 <- 0x0000202000002000

mem[X,0x0000000080001D4C] -> 0x8E93
mem[X,0x0000000080001D4E] -> 0x03FE
[1880] [M]: 0x0000000080001D4C (0x03FE8E93) addi t4, t4, 0x3f
x29 <- 0x000020200000203F

mem[X,0x0000000080001D50] -> 0x9E93
mem[X,0x0000000080001D52] -> 0x00AE
[1881] [M]: 0x0000000080001D50 (0x00AE9E93) slli t4, t4, 0xa
x29 <- 0x008080000080FC00

mem[X,0x0000000080001D54] -> 0x8E93
mem[X,0x0000000080001D56] -> 0x3BFE
[1882] [M]: 0x0000000080001D54 (0x3BFE8E93) addi t4, t4, 0x3bf
x29 <- 0x008080000080FFBF

mem[X,0x0000000080001D58] -> 0x0FBB
mem[X,0x0000000080001D5A] -> 0xF9DF
[1883] [M]: 0x0000000080001D58 (0xF9DF0FBB) pasubu.h t6, t5, t4
x31 <- 0x0000C001FFC1001E

mem[X,0x0000000080001D5C] -> 0xB823
mem[X,0x0000000080001D5E] -> 0x23F0
[1884] [M]: 0x0000000080001D5C (0x23F0B823) sd t6, 0x230(ra)
mem[0x0000000080004430] <- 0x0000C001FFC1001E

mem[X,0x0000000080001D60] -> 0xBF37
mem[X,0x0000000080001D62] -> 0x0008
[1885] [M]: 0x0000000080001D60 (0x0008BF37) lui t5, 0x8b
x30 <- 0x000000000008B000

mem[X,0x0000000080001D64] -> 0x0F13
mem[X,0x0000000080001D66] -> 0xAAAF
[1886] [M]: 0x0000000080001D64 (0xAAAF0F13) addi t5, t5, -0x556
x30 <- 0x000000000008AAAA

mem[X,0x0000000080001D68] -> 0x1F13
mem[X,0x0000000080001D6A] -> 0x00BF
[1887] [M]: 0x0000000080001D68 (0x00BF1F13) slli t5, t5, 0xb
x30 <- 0x0000000045555000

mem[X,0x0000000080001D6C] -> 0x0F13
mem[X,0x0000000080001D6E] -> 0x000F
[1888] [M]: 0x0000000080001D6C (0x000F0F13) addi t5, t5, 0x0
x30 <- 0x0000000045555000

mem[X,0x0000000080001D70] -> 0x1F13
mem[X,0x0000000080001D72] -> 0x00BF
[1889] [M]: 0x0000000080001D70 (0x00BF1F13) slli t5, t5, 0xb
x30 <- 0x0000022AAA800000

mem[X,0x0000000080001D74] -> 0x0F13
mem[X,0x0000000080001D76] -> 0x100F
[1890] [M]: 0x0000000080001D74 (0x100F0F13) addi t5, t5, 0x100
x30 <- 0x0000022AAA800100

mem[X,0x0000000080001D78] -> 0x1F13
mem[X,0x0000000080001D7A] -> 0x00AF
[1891] [M]: 0x0000000080001D78 (0x00AF1F13) slli t5, t5, 0xa
x30 <- 0x0008AAAA00040000

mem[X,0x0000000080001D7C] -> 0x0F13
mem[X,0x0000000080001D7E] -> 0x100F
[1892] [M]: 0x0000000080001D7C (0x100F0F13) addi t5, t5, 0x100
x30 <- 0x0008AAAA00040100

mem[X,0x0000000080001D80] -> 0x0EB7
mem[X,0x0000000080001D82] -> 0x4001
[1893] [M]: 0x0000000080001D80 (0x40010EB7) lui t4, 0x40010
x29 <- 0x0000000040010000

mem[X,0x0000000080001D84] -> 0x8E93
mem[X,0x0000000080001D86] -> 0xFFFE
[1894] [M]: 0x0000000080001D84 (0xFFFE8E93) addi t4, t4, -0x1
x29 <- 0x000000004000FFFF

mem[X,0x0000000080001D88] -> 0x9E93
mem[X,0x0000000080001D8A] -> 0x00BE
[1895] [M]: 0x0000000080001D88 (0x00BE9E93) slli t4, t4, 0xb
x29 <- 0x0000020007FFF800

mem[X,0x0000000080001D8C] -> 0x8E93
mem[X,0x0000000080001D8E] -> 0x7FFE
[1896] [M]: 0x0000000080001D8C (0x7FFE8E93) addi t4, t4, 0x7ff
x29 <- 0x0000020007FFFFFF

mem[X,0x0000000080001D90] -> 0x9E93
mem[X,0x0000000080001D92] -> 0x00BE
[1897] [M]: 0x0000000080001D90 (0x00BE9E93) slli t4, t4, 0xb
x29 <- 0x0010003FFFFFF800

mem[X,0x0000000080001D94] -> 0x8E93
mem[X,0x0000000080001D96] -> 0x7BFE
[1898] [M]: 0x0000000080001D94 (0x7BFE8E93) addi t4, t4, 0x7bf
x29 <- 0x0010003FFFFFFFBF

mem[X,0x0000000080001D98] -> 0x9E93
mem[X,0x0000000080001D9A] -> 0x00AE
[1899] [M]: 0x0000000080001D98 (0x00AE9E93) slli t4, t4, 0xa
x29 <- 0x4000FFFFFFFEFC00

clint::tick mtime <- 0x0000000000000013
 clint timer pending at mtime 0x0000000000000013
htif::tick 0x0000000000000000
mem[X,0x0000000080001D9C] -> 0x8E93
mem[X,0x0000000080001D9E] -> 0x3F6E
[1900] [M]: 0x0000000080001D9C (0x3F6E8E93) addi t4, t4, 0x3f6
x29 <- 0x4000FFFFFFFEFFF6

mem[X,0x0000000080001DA0] -> 0x0FBB
mem[X,0x0000000080001DA2] -> 0xF9DF
[1901] [M]: 0x0000000080001DA0 (0xF9DF0FBB) pasubu.h t6, t5, t4
x31 <- 0xE004D55580038085

mem[X,0x0000000080001DA4] -> 0xBC23
mem[X,0x0000000080001DA6] -> 0x23F0
[1902] [M]: 0x0000000080001DA4 (0x23F0BC23) sd t6, 0x238(ra)
mem[0x0000000080004438] <- 0xE004D55580038085

mem[X,0x0000000080001DA8] -> 0x0F37
mem[X,0x0000000080001DAA] -> 0x0006
[1903] [M]: 0x0000000080001DA8 (0x00060F37) lui t5, 0x60
x30 <- 0x0000000000060000

mem[X,0x0000000080001DAC] -> 0x0F13
mem[X,0x0000000080001DAE] -> 0x003F
[1904] [M]: 0x0000000080001DAC (0x003F0F13) addi t5, t5, 0x3
x30 <- 0x0000000000060003

mem[X,0x0000000080001DB0] -> 0x1F13
mem[X,0x0000000080001DB2] -> 0x00BF
[1905] [M]: 0x0000000080001DB0 (0x00BF1F13) slli t5, t5, 0xb
x30 <- 0x0000000030001800

mem[X,0x0000000080001DB4] -> 0x0F13
mem[X,0x0000000080001DB6] -> 0x000F
[1906] [M]: 0x0000000080001DB4 (0x000F0F13) addi t5, t5, 0x0
x30 <- 0x0000000030001800

mem[X,0x0000000080001DB8] -> 0x1F13
mem[X,0x0000000080001DBA] -> 0x00BF
[1907] [M]: 0x0000000080001DB8 (0x00BF1F13) slli t5, t5, 0xb
x30 <- 0x0000018000C00000

mem[X,0x0000000080001DBC] -> 0x0F13
mem[X,0x0000000080001DBE] -> 0x13FF
[1908] [M]: 0x0000000080001DBC (0x13FF0F13) addi t5, t5, 0x13f
x30 <- 0x0000018000C0013F

mem[X,0x0000000080001DC0] -> 0x1F13
mem[X,0x0000000080001DC2] -> 0x00AF
[1909] [M]: 0x0000000080001DC0 (0x00AF1F13) slli t5, t5, 0xa
x30 <- 0x000600030004FC00

mem[X,0x0000000080001DC4] -> 0x0F13
mem[X,0x0000000080001DC6] -> 0x3F8F
[1910] [M]: 0x0000000080001DC4 (0x3F8F0F13) addi t5, t5, 0x3f8
x30 <- 0x000600030004FFF8

mem[X,0x0000000080001DC8] -> 0x8EB7
mem[X,0x0000000080001DCA] -> 0x0800
[1911] [M]: 0x0000000080001DC8 (0x08008EB7) lui t4, 0x8008
x29 <- 0x0000000008008000

mem[X,0x0000000080001DCC] -> 0x8E93
mem[X,0x0000000080001DCE] -> 0xFFFE
[1912] [M]: 0x0000000080001DCC (0xFFFE8E93) addi t4, t4, -0x1
x29 <- 0x0000000008007FFF

mem[X,0x0000000080001DD0] -> 0x9E93
mem[X,0x0000000080001DD2] -> 0x00BE
[1913] [M]: 0x0000000080001DD0 (0x00BE9E93) slli t4, t4, 0xb
x29 <- 0x0000004003FFF800

mem[X,0x0000000080001DD4] -> 0x8E93
mem[X,0x0000000080001DD6] -> 0x000E
[1914] [M]: 0x0000000080001DD4 (0x000E8E93) addi t4, t4, 0x0
x29 <- 0x0000004003FFF800

mem[X,0x0000000080001DD8] -> 0x9E93
mem[X,0x0000000080001DDA] -> 0x00BE
[1915] [M]: 0x0000000080001DD8 (0x00BE9E93) slli t4, t4, 0xb
x29 <- 0x0002001FFFC00000

mem[X,0x0000000080001DDC] -> 0x8E93
mem[X,0x0000000080001DDE] -> 0x07EE
[1916] [M]: 0x0000000080001DDC (0x07EE8E93) addi t4, t4, 0x7e
x29 <- 0x0002001FFFC0007E

mem[X,0x0000000080001DE0] -> 0x9E93
mem[X,0x0000000080001DE2] -> 0x00AE
[1917] [M]: 0x0000000080001DE0 (0x00AE9E93) slli t4, t4, 0xa
x29 <- 0x08007FFF0001F800

mem[X,0x0000000080001DE4] -> 0x8E93
mem[X,0x0000000080001DE6] -> 0x3FFE
[1918] [M]: 0x0000000080001DE4 (0x3FFE8E93) addi t4, t4, 0x3ff
x29 <- 0x08007FFF0001FBFF

mem[X,0x0000000080001DE8] -> 0x0FBB
mem[X,0x0000000080001DEA] -> 0xF9DF
[1919] [M]: 0x0000000080001DE8 (0xF9DF0FBB) pasubu.h t6, t5, t4
x31 <- 0xFC03C002000101FC

mem[X,0x0000000080001DEC] -> 0xB023
mem[X,0x0000000080001DEE] -> 0x25F0
[1920] [M]: 0x0000000080001DEC (0x25F0B023) sd t6, 0x240(ra)
mem[0x0000000080004440] <- 0xFC03C002000101FC

mem[X,0x0000000080001DF0] -> 0x4F37
mem[X,0x0000000080001DF2] -> 0xFFFE
[1921] [M]: 0x0000000080001DF0 (0xFFFE4F37) lui t5, -0x1c
x30 <- 0xFFFFFFFFFFFE4000

mem[X,0x0000000080001DF4] -> 0x0F13
mem[X,0x0000000080001DF6] -> 0x000F
[1922] [M]: 0x0000000080001DF4 (0x000F0F13) addi t5, t5, 0x0
x30 <- 0xFFFFFFFFFFFE4000

mem[X,0x0000000080001DF8] -> 0x1F13
mem[X,0x0000000080001DFA] -> 0x00BF
[1923] [M]: 0x0000000080001DF8 (0x00BF1F13) slli t5, t5, 0xb
x30 <- 0xFFFFFFFFF2000000

mem[X,0x0000000080001DFC] -> 0x0F13
mem[X,0x0000000080001DFE] -> 0x000F
[1924] [M]: 0x0000000080001DFC (0x000F0F13) addi t5, t5, 0x0
x30 <- 0xFFFFFFFFF2000000

mem[X,0x0000000080001E00] -> 0x1F13
mem[X,0x0000000080001E02] -> 0x00BF
[1925] [M]: 0x0000000080001E00 (0x00BF1F13) slli t5, t5, 0xb
x30 <- 0xFFFFFF9000000000

mem[X,0x0000000080001E04] -> 0x0F13
mem[X,0x0000000080001E06] -> 0x100F
[1926] [M]: 0x0000000080001E04 (0x100F0F13) addi t5, t5, 0x100
x30 <- 0xFFFFFF9000000100

mem[X,0x0000000080001E08] -> 0x1F13
mem[X,0x0000000080001E0A] -> 0x00AF
[1927] [M]: 0x0000000080001E08 (0x00AF1F13) slli t5, t5, 0xa
x30 <- 0xFFFE400000040000

mem[X,0x0000000080001E0C] -> 0x0F13
mem[X,0x0000000080001E0E] -> 0x008F
[1928] [M]: 0x0000000080001E0C (0x008F0F13) addi t5, t5, 0x8
x30 <- 0xFFFE400000040008

mem[X,0x0000000080001E10] -> 0x0EB7
mem[X,0x0000000080001E12] -> 0x0009
[1929] [M]: 0x0000000080001E10 (0x00090EB7) lui t4, 0x90
x29 <- 0x0000000000090000

mem[X,0x0000000080001E14] -> 0x8E93
mem[X,0x0000000080001E16] -> 0xFEFE
[1930] [M]: 0x0000000080001E14 (0xFEFE8E93) addi t4, t4, -0x11
x29 <- 0x000000000008FFEF

mem[X,0x0000000080001E18] -> 0x9E93
mem[X,0x0000000080001E1A] -> 0x00BE
[1931] [M]: 0x0000000080001E18 (0x00BE9E93) slli t4, t4, 0xb
x29 <- 0x0000000047FF7800

mem[X,0x0000000080001E1C] -> 0x8E93
mem[X,0x0000000080001E1E] -> 0x000E
[1932] [M]: 0x0000000080001E1C (0x000E8E93) addi t4, t4, 0x0
x29 <- 0x0000000047FF7800

mem[X,0x0000000080001E20] -> 0x9E93
mem[X,0x0000000080001E22] -> 0x00BE
[1933] [M]: 0x0000000080001E20 (0x00BE9E93) slli t4, t4, 0xb
x29 <- 0x0000023FFBC00000

mem[X,0x0000000080001E24] -> 0x8E93
mem[X,0x0000000080001E26] -> 0x080E
[1934] [M]: 0x0000000080001E24 (0x080E8E93) addi t4, t4, 0x80
x29 <- 0x0000023FFBC00080

mem[X,0x0000000080001E28] -> 0x9E93
mem[X,0x0000000080001E2A] -> 0x00AE
[1935] [M]: 0x0000000080001E28 (0x00AE9E93) slli t4, t4, 0xa
x29 <- 0x0008FFEF00020000

mem[X,0x0000000080001E2C] -> 0x8E93
mem[X,0x0000000080001E2E] -> 0x200E
[1936] [M]: 0x0000000080001E2C (0x200E8E93) addi t4, t4, 0x200
x29 <- 0x0008FFEF00020200

mem[X,0x0000000080001E30] -> 0x0FBB
mem[X,0x0000000080001E32] -> 0xF9DF
[1937] [M]: 0x0000000080001E30 (0xF9DF0FBB) pasubu.h t6, t5, t4
x31 <- 0x7FFBA0080001FF04

mem[X,0x0000000080001E34] -> 0xB423
mem[X,0x0000000080001E36] -> 0x25F0
[1938] [M]: 0x0000000080001E34 (0x25F0B423) sd t6, 0x248(ra)
mem[0x0000000080004448] <- 0x7FFBA0080001FF04

mem[X,0x0000000080001E38] -> 0x0F37
mem[X,0x0000000080001E3A] -> 0xFF80
[1939] [M]: 0x0000000080001E38 (0xFF800F37) lui t5, -0x800
x30 <- 0xFFFFFFFFFF800000

mem[X,0x0000000080001E3C] -> 0x0F13
mem[X,0x0000000080001E3E] -> 0xFFCF
[1940] [M]: 0x0000000080001E3C (0xFFCF0F13) addi t5, t5, -0x4
x30 <- 0xFFFFFFFFFF7FFFFC

mem[X,0x0000000080001E40] -> 0x1F13
mem[X,0x0000000080001E42] -> 0x00BF
[1941] [M]: 0x0000000080001E40 (0x00BF1F13) slli t5, t5, 0xb
x30 <- 0xFFFFFFFBFFFFE000

mem[X,0x0000000080001E44] -> 0x0F13
mem[X,0x0000000080001E46] -> 0x000F
[1942] [M]: 0x0000000080001E44 (0x000F0F13) addi t5, t5, 0x0
x30 <- 0xFFFFFFFBFFFFE000

mem[X,0x0000000080001E48] -> 0x1F13
mem[X,0x0000000080001E4A] -> 0x00BF
[1943] [M]: 0x0000000080001E48 (0x00BF1F13) slli t5, t5, 0xb
x30 <- 0xFFFFDFFFFF000000

mem[X,0x0000000080001E4C] -> 0x0F13
mem[X,0x0000000080001E4E] -> 0x000F
[1944] [M]: 0x0000000080001E4C (0x000F0F13) addi t5, t5, 0x0
x30 <- 0xFFFFDFFFFF000000

mem[X,0x0000000080001E50] -> 0x1F13
mem[X,0x0000000080001E52] -> 0x00AF
[1945] [M]: 0x0000000080001E50 (0x00AF1F13) slli t5, t5, 0xa
x30 <- 0xFF7FFFFC00000000

mem[X,0x0000000080001E54] -> 0x0EB7
mem[X,0x0000000080001E56] -> 0xE000
[1946] [M]: 0x0000000080001E54 (0xE0000EB7) lui t4, -0x20000
x29 <- 0xFFFFFFFFE0000000

mem[X,0x0000000080001E58] -> 0x8E93
mem[X,0x0000000080001E5A] -> 0xFF8E
[1947] [M]: 0x0000000080001E58 (0xFF8E8E93) addi t4, t4, -0x8
x29 <- 0xFFFFFFFFDFFFFFF8

mem[X,0x0000000080001E5C] -> 0x9E93
mem[X,0x0000000080001E5E] -> 0x00BE
[1948] [M]: 0x0000000080001E5C (0x00BE9E93) slli t4, t4, 0xb
x29 <- 0xFFFFFEFFFFFFC000

mem[X,0x0000000080001E60] -> 0x8E93
mem[X,0x0000000080001E62] -> 0x040E
[1949] [M]: 0x0000000080001E60 (0x040E8E93) addi t4, t4, 0x40
x29 <- 0xFFFFFEFFFFFFC040

mem[X,0x0000000080001E64] -> 0x9E93
mem[X,0x0000000080001E66] -> 0x00BE
[1950] [M]: 0x0000000080001E64 (0x00BE9E93) slli t4, t4, 0xb
x29 <- 0xFFF7FFFFFE020000

mem[X,0x0000000080001E68] -> 0x8E93
mem[X,0x0000000080001E6A] -> 0x03FE
[1951] [M]: 0x0000000080001E68 (0x03FE8E93) addi t4, t4, 0x3f
x29 <- 0xFFF7FFFFFE02003F

mem[X,0x0000000080001E6C] -> 0x9E93
mem[X,0x0000000080001E6E] -> 0x00AE
[1952] [M]: 0x0000000080001E6C (0x00AE9E93) slli t4, t4, 0xa
x29 <- 0xDFFFFFF80800FC00

mem[X,0x0000000080001E70] -> 0x8E93
mem[X,0x0000000080001E72] -> 0x3F8E
[1953] [M]: 0x0000000080001E70 (0x3F8E8E93) addi t4, t4, 0x3f8
x29 <- 0xDFFFFFF80800FFF8

mem[X,0x0000000080001E74] -> 0x0FBB
mem[X,0x0000000080001E76] -> 0xF9DF
[1954] [M]: 0x0000000080001E74 (0xF9DF0FBB) pasubu.h t6, t5, t4
x31 <- 0x0FC00002FC008004

mem[X,0x0000000080001E78] -> 0xB823
mem[X,0x0000000080001E7A] -> 0x25F0
[1955] [M]: 0x0000000080001E78 (0x25F0B823) sd t6, 0x250(ra)
mem[0x0000000080004450] <- 0x0FC00002FC008004

mem[X,0x0000000080001E7C] -> 0x4F37
mem[X,0x0000000080001E7E] -> 0x8000
[1956] [M]: 0x0000000080001E7C (0x80004F37) lui t5, -0x7fffc
x30 <- 0xFFFFFFFF80004000

mem[X,0x0000000080001E80] -> 0x0F13
mem[X,0x0000000080001E82] -> 0xFFFF
[1957] [M]: 0x0000000080001E80 (0xFFFF0F13) addi t5, t5, -0x1
x30 <- 0xFFFFFFFF80003FFF

mem[X,0x0000000080001E84] -> 0x1F13
mem[X,0x0000000080001E86] -> 0x00BF
[1958] [M]: 0x0000000080001E84 (0x00BF1F13) slli t5, t5, 0xb
x30 <- 0xFFFFFC0001FFF800

mem[X,0x0000000080001E88] -> 0x0F13
mem[X,0x0000000080001E8A] -> 0x010F
[1959] [M]: 0x0000000080001E88 (0x010F0F13) addi t5, t5, 0x10
x30 <- 0xFFFFFC0001FFF810

mem[X,0x0000000080001E8C] -> 0x1F13
mem[X,0x0000000080001E8E] -> 0x00BF
[1960] [M]: 0x0000000080001E8C (0x00BF1F13) slli t5, t5, 0xb
x30 <- 0xFFE0000FFFC08000

mem[X,0x0000000080001E90] -> 0x0F13
mem[X,0x0000000080001E92] -> 0x001F
[1961] [M]: 0x0000000080001E90 (0x001F0F13) addi t5, t5, 0x1
x30 <- 0xFFE0000FFFC08001

mem[X,0x0000000080001E94] -> 0x1F13
mem[X,0x0000000080001E96] -> 0x00AF
[1962] [M]: 0x0000000080001E94 (0x00AF1F13) slli t5, t5, 0xa
x30 <- 0x80003FFF02000400

mem[X,0x0000000080001E98] -> 0x0EB7
mem[X,0x0000000080001E9A] -> 0xFFE0
[1963] [M]: 0x0000000080001E98 (0xFFE00EB7) lui t4, -0x200
x29 <- 0xFFFFFFFFFFE00000

mem[X,0x0000000080001E9C] -> 0x8E93
mem[X,0x0000000080001E9E] -> 0xFF9E
[1964] [M]: 0x0000000080001E9C (0xFF9E8E93) addi t4, t4, -0x7
x29 <- 0xFFFFFFFFFFDFFFF9

mem[X,0x0000000080001EA0] -> 0x9E93
mem[X,0x0000000080001EA2] -> 0x00BE
[1965] [M]: 0x0000000080001EA0 (0x00BE9E93) slli t4, t4, 0xb
x29 <- 0xFFFFFFFEFFFFC800

mem[X,0x0000000080001EA4] -> 0x8E93
mem[X,0x0000000080001EA6] -> 0x000E
[1966] [M]: 0x0000000080001EA4 (0x000E8E93) addi t4, t4, 0x0
x29 <- 0xFFFFFFFEFFFFC800

mem[X,0x0000000080001EA8] -> 0x9E93
mem[X,0x0000000080001EAA] -> 0x00BE
[1967] [M]: 0x0000000080001EA8 (0x00BE9E93) slli t4, t4, 0xb
x29 <- 0xFFFFF7FFFE400000

mem[X,0x0000000080001EAC] -> 0x8E93
mem[X,0x0000000080001EAE] -> 0x13DE
[1968] [M]: 0x0000000080001EAC (0x13DE8E93) addi t4, t4, 0x13d
x29 <- 0xFFFFF7FFFE40013D

mem[X,0x0000000080001EB0] -> 0x9E93
mem[X,0x0000000080001EB2] -> 0x00AE
[1969] [M]: 0x0000000080001EB0 (0x00AE9E93) slli t4, t4, 0xa
x29 <- 0xFFDFFFF90004F400

mem[X,0x0000000080001EB4] -> 0x8E93
mem[X,0x0000000080001EB6] -> 0x3FFE
[1970] [M]: 0x0000000080001EB4 (0x3FFE8E93) addi t4, t4, 0x3ff
x29 <- 0xFFDFFFF90004F7FF

mem[X,0x0000000080001EB8] -> 0x0FBB
mem[X,0x0000000080001EBA] -> 0xF9DF
[1971] [M]: 0x0000000080001EB8 (0xF9DF0FBB) pasubu.h t6, t5, t4
x31 <- 0xC010A00300FE8600

mem[X,0x0000000080001EBC] -> 0xBC23
mem[X,0x0000000080001EBE] -> 0x25F0
[1972] [M]: 0x0000000080001EBC (0x25F0BC23) sd t6, 0x258(ra)
mem[0x0000000080004458] <- 0xC010A00300FE8600

mem[X,0x0000000080001EC0] -> 0x006F
mem[X,0x0000000080001EC2] -> 0x0380
[1973] [M]: 0x0000000080001EC0 (0x0380006F) jal zero, 0x38

mem[X,0x0000000080001EF8] -> 0x0093
mem[X,0x0000000080001EFA] -> 0x0010
[1974] [M]: 0x0000000080001EF8 (0x00100093) addi ra, zero, 0x1
x1 <- 0x0000000000000001

mem[X,0x0000000080001EFC] -> 0x0F17
mem[X,0x0000000080001EFE] -> 0x0000
[1975] [M]: 0x0000000080001EFC (0x00000F17) auipc t5, 0x0
x30 <- 0x0000000080001EFC

mem[X,0x0000000080001F00] -> 0x2223
mem[X,0x0000000080001F02] -> 0x101F
[1976] [M]: 0x0000000080001F00 (0x101F2223) sw ra, 0x104(t5)
htif[0x0000000080002000] <- 0x00000001

mem[X,0x0000000080001F04] -> 0xF06F
mem[X,0x0000000080001F06] -> 0xFF9F
[1977] [M]: 0x0000000080001F04 (0xFF9FF06F) jal zero, -0x8

mem[X,0x0000000080001EFC] -> 0x0F17
mem[X,0x0000000080001EFE] -> 0x0000
[1978] [M]: 0x0000000080001EFC (0x00000F17) auipc t5, 0x0
x30 <- 0x0000000080001EFC

mem[X,0x0000000080001F00] -> 0x2223
mem[X,0x0000000080001F02] -> 0x101F
[1979] [M]: 0x0000000080001F00 (0x101F2223) sw ra, 0x104(t5)
htif[0x0000000080002000] <- 0x00000001

mem[X,0x0000000080001F04] -> 0xF06F
mem[X,0x0000000080001F06] -> 0xFF9F
[1980] [M]: 0x0000000080001F04 (0xFF9FF06F) jal zero, -0x8

mem[X,0x0000000080001EFC] -> 0x0F17
mem[X,0x0000000080001EFE] -> 0x0000
[1981] [M]: 0x0000000080001EFC (0x00000F17) auipc t5, 0x0
x30 <- 0x0000000080001EFC

mem[X,0x0000000080001F00] -> 0x2223
mem[X,0x0000000080001F02] -> 0x101F
[1982] [M]: 0x0000000080001F00 (0x101F2223) sw ra, 0x104(t5)
htif[0x0000000080002000] <- 0x00000001
htif-syscall-proxy cmd: 0x000000000001

SUCCESS
