using /home/chsu/rvp-workspace/test-64/riscof_work/pssha.w.w0-01.S/ref/Reference-sail_c_simulator.signature for test-signature output.
tohost located at 0x80003000
Running file ref.elf.
ELF Entry @ 0x80000000
begin_signature: 0x80005110
end_signature: 0x800055d0
CSR mstatus <- 0x0000000A00000000 (input: 0x0000000000000000)
mem[X,0x0000000000001000] -> 0x0297
mem[X,0x0000000000001002] -> 0x0000
[0] [M]: 0x0000000000001000 (0x00000297) auipc t0, 0x0
x5 <- 0x0000000000001000

mem[X,0x0000000000001004] -> 0x8593
mem[X,0x0000000000001006] -> 0x0202
[1] [M]: 0x0000000000001004 (0x02028593) addi a1, t0, 0x20
x11 <- 0x0000000000001020

mem[X,0x0000000000001008] -> 0x2573
mem[X,0x000000000000100A] -> 0xF140
[2] [M]: 0x0000000000001008 (0xF1402573) csrrs a0, mhartid, zero
CSR mhartid -> 0x0000000000000000
x10 <- 0x0000000000000000

mem[X,0x000000000000100C] -> 0xB283
mem[X,0x000000000000100E] -> 0x0182
[3] [M]: 0x000000000000100C (0x0182B283) ld t0, 0x18(t0)
mem[R,0x0000000000001018] -> 0x0000000080000000
x5 <- 0x0000000080000000

mem[X,0x0000000000001010] -> 0x8067
mem[X,0x0000000000001012] -> 0x0002
[4] [M]: 0x0000000000001010 (0x00028067) jalr zero, 0x0(t0)

mem[X,0x0000000080000000] -> 0x0837
mem[X,0x0000000080000002] -> 0x7D5C
[5] [M]: 0x0000000080000000 (0x7D5C0837) lui a6, 0x7d5c0
x16 <- 0x000000007D5C0000

mem[X,0x0000000080000004] -> 0x0813
mem[X,0x0000000080000006] -> 0xDDB8
[6] [M]: 0x0000000080000004 (0xDDB80813) addi a6, a6, -0x225
x16 <- 0x000000007D5BFDDB

mem[X,0x0000000080000008] -> 0x1813
mem[X,0x000000008000000A] -> 0x00B8
[7] [M]: 0x0000000080000008 (0x00B81813) slli a6, a6, 0xb
x16 <- 0x000003EADFEED800

mem[X,0x000000008000000C] -> 0x0813
mem[X,0x000000008000000E] -> 0x3EA8
[8] [M]: 0x000000008000000C (0x3EA80813) addi a6, a6, 0x3ea
x16 <- 0x000003EADFEEDBEA

mem[X,0x0000000080000010] -> 0x1813
mem[X,0x0000000080000012] -> 0x00B8
[9] [M]: 0x0000000080000010 (0x00B81813) slli a6, a6, 0xb
x16 <- 0x001F56FF76DF5000

mem[X,0x0000000080000014] -> 0x0813
mem[X,0x0000000080000016] -> 0x6FF8
[10] [M]: 0x0000000080000014 (0x6FF80813) addi a6, a6, 0x6ff
x16 <- 0x001F56FF76DF56FF

mem[X,0x0000000080000018] -> 0x1813
mem[X,0x000000008000001A] -> 0x00A8
[11] [M]: 0x0000000080000018 (0x00A81813) slli a6, a6, 0xa
x16 <- 0x7D5BFDDB7D5BFC00

mem[X,0x000000008000001C] -> 0x0813
mem[X,0x000000008000001E] -> 0x1DB8
[12] [M]: 0x000000008000001C (0x1DB80813) addi a6, a6, 0x1db
x16 <- 0x7D5BFDDB7D5BFDDB

mem[X,0x0000000080000020] -> 0x5893
mem[X,0x0000000080000022] -> 0x0078
[13] [M]: 0x0000000080000020 (0x00785893) srli a7, a6, 0x7
x17 <- 0x00FAB7FBB6FAB7FB

mem[X,0x0000000080000024] -> 0x5793
mem[X,0x0000000080000026] -> 0x0398
[14] [M]: 0x0000000080000024 (0x03985793) srli a5, a6, 0x39
x15 <- 0x000000000000003E

mem[X,0x0000000080000028] -> 0xE8B3
mem[X,0x000000008000002A] -> 0x00F8
[15] [M]: 0x0000000080000028 (0x00F8E8B3) or a7, a7, a5
x17 <- 0x00FAB7FBB6FAB7FF

mem[X,0x000000008000002C] -> 0xD913
mem[X,0x000000008000002E] -> 0x0078
[16] [M]: 0x000000008000002C (0x0078D913) srli s2, a7, 0x7
x18 <- 0x0001F56FF76DF56F

mem[X,0x0000000080000030] -> 0xD793
mem[X,0x0000000080000032] -> 0x0398
[17] [M]: 0x0000000080000030 (0x0398D793) srli a5, a7, 0x39
x15 <- 0x0000000000000000

mem[X,0x0000000080000034] -> 0x6933
mem[X,0x0000000080000036] -> 0x00F9
[18] [M]: 0x0000000080000034 (0x00F96933) or s2, s2, a5
x18 <- 0x0001F56FF76DF56F

mem[X,0x0000000080000038] -> 0x5993
mem[X,0x000000008000003A] -> 0x0079
[19] [M]: 0x0000000080000038 (0x00795993) srli s3, s2, 0x7
x19 <- 0x000003EADFEEDBEA

mem[X,0x000000008000003C] -> 0x5793
mem[X,0x000000008000003E] -> 0x0399
[20] [M]: 0x000000008000003C (0x03995793) srli a5, s2, 0x39
x15 <- 0x0000000000000000

mem[X,0x0000000080000040] -> 0xE9B3
mem[X,0x0000000080000042] -> 0x00F9
[21] [M]: 0x0000000080000040 (0x00F9E9B3) or s3, s3, a5
x19 <- 0x000003EADFEEDBEA

mem[X,0x0000000080000044] -> 0xDA13
mem[X,0x0000000080000046] -> 0x0079
[22] [M]: 0x0000000080000044 (0x0079DA13) srli s4, s3, 0x7
x20 <- 0x00000007D5BFDDB7

mem[X,0x0000000080000048] -> 0xD793
mem[X,0x000000008000004A] -> 0x0399
[23] [M]: 0x0000000080000048 (0x0399D793) srli a5, s3, 0x39
x15 <- 0x0000000000000000

mem[X,0x000000008000004C] -> 0x6A33
mem[X,0x000000008000004E] -> 0x00FA
[24] [M]: 0x000000008000004C (0x00FA6A33) or s4, s4, a5
x20 <- 0x00000007D5BFDDB7

mem[X,0x0000000080000050] -> 0x5A93
mem[X,0x0000000080000052] -> 0x007A
[25] [M]: 0x0000000080000050 (0x007A5A93) srli s5, s4, 0x7
x21 <- 0x000000000FAB7FBB

mem[X,0x0000000080000054] -> 0x5793
mem[X,0x0000000080000056] -> 0x039A
[26] [M]: 0x0000000080000054 (0x039A5793) srli a5, s4, 0x39
x15 <- 0x0000000000000000

mem[X,0x0000000080000058] -> 0xEAB3
mem[X,0x000000008000005A] -> 0x00FA
[27] [M]: 0x0000000080000058 (0x00FAEAB3) or s5, s5, a5
x21 <- 0x000000000FAB7FBB

mem[X,0x000000008000005C] -> 0xDB13
mem[X,0x000000008000005E] -> 0x007A
[28] [M]: 0x000000008000005C (0x007ADB13) srli s6, s5, 0x7
x22 <- 0x00000000001F56FF

mem[X,0x0000000080000060] -> 0xD793
mem[X,0x0000000080000062] -> 0x039A
[29] [M]: 0x0000000080000060 (0x039AD793) srli a5, s5, 0x39
x15 <- 0x0000000000000000

mem[X,0x0000000080000064] -> 0x6B33
mem[X,0x0000000080000066] -> 0x00FB
[30] [M]: 0x0000000080000064 (0x00FB6B33) or s6, s6, a5
x22 <- 0x00000000001F56FF

mem[X,0x0000000080000068] -> 0x5B93
mem[X,0x000000008000006A] -> 0x007B
[31] [M]: 0x0000000080000068 (0x007B5B93) srli s7, s6, 0x7
x23 <- 0x0000000000003EAD

mem[X,0x000000008000006C] -> 0x5793
mem[X,0x000000008000006E] -> 0x039B
[32] [M]: 0x000000008000006C (0x039B5793) srli a5, s6, 0x39
x15 <- 0x0000000000000000

mem[X,0x0000000080000070] -> 0xEBB3
mem[X,0x0000000080000072] -> 0x00FB
[33] [M]: 0x0000000080000070 (0x00FBEBB3) or s7, s7, a5
x23 <- 0x0000000000003EAD

mem[X,0x0000000080000074] -> 0xDC13
mem[X,0x0000000080000076] -> 0x007B
[34] [M]: 0x0000000080000074 (0x007BDC13) srli s8, s7, 0x7
x24 <- 0x000000000000007D

mem[X,0x0000000080000078] -> 0xD793
mem[X,0x000000008000007A] -> 0x039B
[35] [M]: 0x0000000080000078 (0x039BD793) srli a5, s7, 0x39
x15 <- 0x0000000000000000

mem[X,0x000000008000007C] -> 0x6C33
mem[X,0x000000008000007E] -> 0x00FC
[36] [M]: 0x000000008000007C (0x00FC6C33) or s8, s8, a5
x24 <- 0x000000000000007D

mem[X,0x0000000080000080] -> 0x5C93
mem[X,0x0000000080000082] -> 0x007C
[37] [M]: 0x0000000080000080 (0x007C5C93) srli s9, s8, 0x7
x25 <- 0x0000000000000000

mem[X,0x0000000080000084] -> 0x5793
mem[X,0x0000000080000086] -> 0x039C
[38] [M]: 0x0000000080000084 (0x039C5793) srli a5, s8, 0x39
x15 <- 0x0000000000000000

mem[X,0x0000000080000088] -> 0xECB3
mem[X,0x000000008000008A] -> 0x00FC
[39] [M]: 0x0000000080000088 (0x00FCECB3) or s9, s9, a5
x25 <- 0x0000000000000000

mem[X,0x000000008000008C] -> 0xDD13
mem[X,0x000000008000008E] -> 0x007C
[40] [M]: 0x000000008000008C (0x007CDD13) srli s10, s9, 0x7
x26 <- 0x0000000000000000

mem[X,0x0000000080000090] -> 0xD793
mem[X,0x0000000080000092] -> 0x039C
[41] [M]: 0x0000000080000090 (0x039CD793) srli a5, s9, 0x39
x15 <- 0x0000000000000000

mem[X,0x0000000080000094] -> 0x6D33
mem[X,0x0000000080000096] -> 0x00FD
[42] [M]: 0x0000000080000094 (0x00FD6D33) or s10, s10, a5
x26 <- 0x0000000000000000

mem[X,0x0000000080000098] -> 0x5D93
mem[X,0x000000008000009A] -> 0x007D
[43] [M]: 0x0000000080000098 (0x007D5D93) srli s11, s10, 0x7
x27 <- 0x0000000000000000

mem[X,0x000000008000009C] -> 0x5793
mem[X,0x000000008000009E] -> 0x039D
[44] [M]: 0x000000008000009C (0x039D5793) srli a5, s10, 0x39
x15 <- 0x0000000000000000

mem[X,0x00000000800000A0] -> 0xEDB3
mem[X,0x00000000800000A2] -> 0x00FD
[45] [M]: 0x00000000800000A0 (0x00FDEDB3) or s11, s11, a5
x27 <- 0x0000000000000000

mem[X,0x00000000800000A4] -> 0xDE13
mem[X,0x00000000800000A6] -> 0x007D
[46] [M]: 0x00000000800000A4 (0x007DDE13) srli t3, s11, 0x7
x28 <- 0x0000000000000000

mem[X,0x00000000800000A8] -> 0xD793
mem[X,0x00000000800000AA] -> 0x039D
[47] [M]: 0x00000000800000A8 (0x039DD793) srli a5, s11, 0x39
x15 <- 0x0000000000000000

mem[X,0x00000000800000AC] -> 0x6E33
mem[X,0x00000000800000AE] -> 0x00FE
[48] [M]: 0x00000000800000AC (0x00FE6E33) or t3, t3, a5
x28 <- 0x0000000000000000

mem[X,0x00000000800000B0] -> 0x5E93
mem[X,0x00000000800000B2] -> 0x007E
[49] [M]: 0x00000000800000B0 (0x007E5E93) srli t4, t3, 0x7
x29 <- 0x0000000000000000

mem[X,0x00000000800000B4] -> 0x5793
mem[X,0x00000000800000B6] -> 0x039E
[50] [M]: 0x00000000800000B4 (0x039E5793) srli a5, t3, 0x39
x15 <- 0x0000000000000000

mem[X,0x00000000800000B8] -> 0xEEB3
mem[X,0x00000000800000BA] -> 0x00FE
[51] [M]: 0x00000000800000B8 (0x00FEEEB3) or t4, t4, a5
x29 <- 0x0000000000000000

mem[X,0x00000000800000BC] -> 0xDF13
mem[X,0x00000000800000BE] -> 0x007E
[52] [M]: 0x00000000800000BC (0x007EDF13) srli t5, t4, 0x7
x30 <- 0x0000000000000000

mem[X,0x00000000800000C0] -> 0xD793
mem[X,0x00000000800000C2] -> 0x039E
[53] [M]: 0x00000000800000C0 (0x039ED793) srli a5, t4, 0x39
x15 <- 0x0000000000000000

mem[X,0x00000000800000C4] -> 0x6F33
mem[X,0x00000000800000C6] -> 0x00FF
[54] [M]: 0x00000000800000C4 (0x00FF6F33) or t5, t5, a5
x30 <- 0x0000000000000000

mem[X,0x00000000800000C8] -> 0xC0B7
mem[X,0x00000000800000CA] -> 0xFEED
[55] [M]: 0x00000000800000C8 (0xFEEDC0B7) lui ra, -0x1124
x1 <- 0xFFFFFFFFFEEDC000

mem[X,0x00000000800000CC] -> 0x8093
mem[X,0x00000000800000CE] -> 0xEAD0
[56] [M]: 0x00000000800000CC (0xEAD08093) addi ra, ra, -0x153
x1 <- 0xFFFFFFFFFEEDBEAD

mem[X,0x00000000800000D0] -> 0x9093
mem[X,0x00000000800000D2] -> 0x00B0
[57] [M]: 0x00000000800000D0 (0x00B09093) slli ra, ra, 0xb
x1 <- 0xFFFFFFF76DF56800

mem[X,0x00000000800000D4] -> 0x8093
mem[X,0x00000000800000D6] -> 0x7F70
[58] [M]: 0x00000000800000D4 (0x7F708093) addi ra, ra, 0x7f7
x1 <- 0xFFFFFFF76DF56FF7

mem[X,0x00000000800000D8] -> 0x9093
mem[X,0x00000000800000DA] -> 0x00B0
[59] [M]: 0x00000000800000D8 (0x00B09093) slli ra, ra, 0xb
x1 <- 0xFFFFBB6FAB7FB800

mem[X,0x00000000800000DC] -> 0x8093
mem[X,0x00000000800000DE] -> 0x36F0
[60] [M]: 0x00000000800000DC (0x36F08093) addi ra, ra, 0x36f
x1 <- 0xFFFFBB6FAB7FBB6F

mem[X,0x00000000800000E0] -> 0x9093
mem[X,0x00000000800000E2] -> 0x00A0
[61] [M]: 0x00000000800000E0 (0x00A09093) slli ra, ra, 0xa
x1 <- 0xFEEDBEADFEEDBC00

mem[X,0x00000000800000E4] -> 0x8093
mem[X,0x00000000800000E6] -> 0x2AD0
[62] [M]: 0x00000000800000E4 (0x2AD08093) addi ra, ra, 0x2ad
x1 <- 0xFEEDBEADFEEDBEAD

mem[X,0x00000000800000E8] -> 0xD113
mem[X,0x00000000800000EA] -> 0x0070
[63] [M]: 0x00000000800000E8 (0x0070D113) srli sp, ra, 0x7
x2 <- 0x01FDDB7D5BFDDB7D

mem[X,0x00000000800000EC] -> 0xD793
mem[X,0x00000000800000EE] -> 0x0390
[64] [M]: 0x00000000800000EC (0x0390D793) srli a5, ra, 0x39
x15 <- 0x000000000000007F

mem[X,0x00000000800000F0] -> 0x6133
mem[X,0x00000000800000F2] -> 0x00F1
[65] [M]: 0x00000000800000F0 (0x00F16133) or sp, sp, a5
x2 <- 0x01FDDB7D5BFDDB7F

mem[X,0x00000000800000F4] -> 0x5193
mem[X,0x00000000800000F6] -> 0x0071
[66] [M]: 0x00000000800000F4 (0x00715193) srli gp, sp, 0x7
x3 <- 0x0003FBB6FAB7FBB6

mem[X,0x00000000800000F8] -> 0x5793
mem[X,0x00000000800000FA] -> 0x0391
[67] [M]: 0x00000000800000F8 (0x03915793) srli a5, sp, 0x39
x15 <- 0x0000000000000000

mem[X,0x00000000800000FC] -> 0xE1B3
mem[X,0x00000000800000FE] -> 0x00F1
[68] [M]: 0x00000000800000FC (0x00F1E1B3) or gp, gp, a5
x3 <- 0x0003FBB6FAB7FBB6

mem[X,0x0000000080000100] -> 0xD213
mem[X,0x0000000080000102] -> 0x0071
[69] [M]: 0x0000000080000100 (0x0071D213) srli tp, gp, 0x7
x4 <- 0x000007F76DF56FF7

mem[X,0x0000000080000104] -> 0xD793
mem[X,0x0000000080000106] -> 0x0391
[70] [M]: 0x0000000080000104 (0x0391D793) srli a5, gp, 0x39
x15 <- 0x0000000000000000

mem[X,0x0000000080000108] -> 0x6233
mem[X,0x000000008000010A] -> 0x00F2
[71] [M]: 0x0000000080000108 (0x00F26233) or tp, tp, a5
x4 <- 0x000007F76DF56FF7

mem[X,0x000000008000010C] -> 0x5293
mem[X,0x000000008000010E] -> 0x0072
[72] [M]: 0x000000008000010C (0x00725293) srli t0, tp, 0x7
x5 <- 0x0000000FEEDBEADF

mem[X,0x0000000080000110] -> 0x5793
mem[X,0x0000000080000112] -> 0x0392
[73] [M]: 0x0000000080000110 (0x03925793) srli a5, tp, 0x39
x15 <- 0x0000000000000000

mem[X,0x0000000080000114] -> 0xE2B3
mem[X,0x0000000080000116] -> 0x00F2
[74] [M]: 0x0000000080000114 (0x00F2E2B3) or t0, t0, a5
x5 <- 0x0000000FEEDBEADF

mem[X,0x0000000080000118] -> 0xD313
mem[X,0x000000008000011A] -> 0x0072
[75] [M]: 0x0000000080000118 (0x0072D313) srli t1, t0, 0x7
x6 <- 0x000000001FDDB7D5

mem[X,0x000000008000011C] -> 0xD793
mem[X,0x000000008000011E] -> 0x0392
[76] [M]: 0x000000008000011C (0x0392D793) srli a5, t0, 0x39
x15 <- 0x0000000000000000

mem[X,0x0000000080000120] -> 0x6333
mem[X,0x0000000080000122] -> 0x00F3
[77] [M]: 0x0000000080000120 (0x00F36333) or t1, t1, a5
x6 <- 0x000000001FDDB7D5

mem[X,0x0000000080000124] -> 0x5393
mem[X,0x0000000080000126] -> 0x0073
[78] [M]: 0x0000000080000124 (0x00735393) srli t2, t1, 0x7
x7 <- 0x00000000003FBB6F

mem[X,0x0000000080000128] -> 0x5793
mem[X,0x000000008000012A] -> 0x0393
[79] [M]: 0x0000000080000128 (0x03935793) srli a5, t1, 0x39
x15 <- 0x0000000000000000

mem[X,0x000000008000012C] -> 0xE3B3
mem[X,0x000000008000012E] -> 0x00F3
[80] [M]: 0x000000008000012C (0x00F3E3B3) or t2, t2, a5
x7 <- 0x00000000003FBB6F

mem[X,0x0000000080000130] -> 0xD413
mem[X,0x0000000080000132] -> 0x0073
[81] [M]: 0x0000000080000130 (0x0073D413) srli fp, t2, 0x7
x8 <- 0x0000000000007F76

mem[X,0x0000000080000134] -> 0xD793
mem[X,0x0000000080000136] -> 0x0393
[82] [M]: 0x0000000080000134 (0x0393D793) srli a5, t2, 0x39
x15 <- 0x0000000000000000

mem[X,0x0000000080000138] -> 0x6433
mem[X,0x000000008000013A] -> 0x00F4
[83] [M]: 0x0000000080000138 (0x00F46433) or fp, fp, a5
x8 <- 0x0000000000007F76

mem[X,0x000000008000013C] -> 0x5493
mem[X,0x000000008000013E] -> 0x0074
[84] [M]: 0x000000008000013C (0x00745493) srli s1, fp, 0x7
x9 <- 0x00000000000000FE

mem[X,0x0000000080000140] -> 0x5793
mem[X,0x0000000080000142] -> 0x0394
[85] [M]: 0x0000000080000140 (0x03945793) srli a5, fp, 0x39
x15 <- 0x0000000000000000

mem[X,0x0000000080000144] -> 0xE4B3
mem[X,0x0000000080000146] -> 0x00F4
[86] [M]: 0x0000000080000144 (0x00F4E4B3) or s1, s1, a5
x9 <- 0x00000000000000FE

mem[X,0x0000000080000148] -> 0xD513
mem[X,0x000000008000014A] -> 0x0074
[87] [M]: 0x0000000080000148 (0x0074D513) srli a0, s1, 0x7
x10 <- 0x0000000000000001

mem[X,0x000000008000014C] -> 0xD793
mem[X,0x000000008000014E] -> 0x0394
[88] [M]: 0x000000008000014C (0x0394D793) srli a5, s1, 0x39
x15 <- 0x0000000000000000

mem[X,0x0000000080000150] -> 0x6533
mem[X,0x0000000080000152] -> 0x00F5
[89] [M]: 0x0000000080000150 (0x00F56533) or a0, a0, a5
x10 <- 0x0000000000000001

mem[X,0x0000000080000154] -> 0x5593
mem[X,0x0000000080000156] -> 0x0075
[90] [M]: 0x0000000080000154 (0x00755593) srli a1, a0, 0x7
x11 <- 0x0000000000000000

mem[X,0x0000000080000158] -> 0x5793
mem[X,0x000000008000015A] -> 0x0395
[91] [M]: 0x0000000080000158 (0x03955793) srli a5, a0, 0x39
x15 <- 0x0000000000000000

mem[X,0x000000008000015C] -> 0xE5B3
mem[X,0x000000008000015E] -> 0x00F5
[92] [M]: 0x000000008000015C (0x00F5E5B3) or a1, a1, a5
x11 <- 0x0000000000000000

mem[X,0x0000000080000160] -> 0xD613
mem[X,0x0000000080000162] -> 0x0075
[93] [M]: 0x0000000080000160 (0x0075D613) srli a2, a1, 0x7
x12 <- 0x0000000000000000

mem[X,0x0000000080000164] -> 0xD793
mem[X,0x0000000080000166] -> 0x0395
[94] [M]: 0x0000000080000164 (0x0395D793) srli a5, a1, 0x39
x15 <- 0x0000000000000000

mem[X,0x0000000080000168] -> 0x6633
mem[X,0x000000008000016A] -> 0x00F6
[95] [M]: 0x0000000080000168 (0x00F66633) or a2, a2, a5
x12 <- 0x0000000000000000

mem[X,0x000000008000016C] -> 0x5693
mem[X,0x000000008000016E] -> 0x0076
[96] [M]: 0x000000008000016C (0x00765693) srli a3, a2, 0x7
x13 <- 0x0000000000000000

mem[X,0x0000000080000170] -> 0x5793
mem[X,0x0000000080000172] -> 0x0396
[97] [M]: 0x0000000080000170 (0x03965793) srli a5, a2, 0x39
x15 <- 0x0000000000000000

mem[X,0x0000000080000174] -> 0xE6B3
mem[X,0x0000000080000176] -> 0x00F6
[98] [M]: 0x0000000080000174 (0x00F6E6B3) or a3, a3, a5
x13 <- 0x0000000000000000

mem[X,0x0000000080000178] -> 0x0013
mem[X,0x000000008000017A] -> 0x0000
[99] [M]: 0x0000000080000178 (0x00000013) addi zero, zero, 0x0

clint::tick mtime <- 0x0000000000000001
 clint timer pending at mtime 0x0000000000000001
htif::tick 0x0000000000000000
mem[X,0x000000008000017C] -> 0x0013
mem[X,0x000000008000017E] -> 0x0000
[100] [M]: 0x000000008000017C (0x00000013) addi zero, zero, 0x0

mem[X,0x0000000080000180] -> 0x5197
mem[X,0x0000000080000182] -> 0x0000
[101] [M]: 0x0000000080000180 (0x00005197) auipc gp, 0x5
x3 <- 0x0000000080005180

mem[X,0x0000000080000184] -> 0x8193
mem[X,0x0000000080000186] -> 0xF981
[102] [M]: 0x0000000080000184 (0xF9818193) addi gp, gp, -0x68
x3 <- 0x0000000080005118

mem[X,0x0000000080000188] -> 0x0013
mem[X,0x000000008000018A] -> 0x0000
[103] [M]: 0x0000000080000188 (0x00000013) addi zero, zero, 0x0

mem[X,0x000000008000018C] -> 0x0013
mem[X,0x000000008000018E] -> 0x0000
[104] [M]: 0x000000008000018C (0x00000013) addi zero, zero, 0x0

mem[X,0x0000000080000190] -> 0x0013
mem[X,0x0000000080000192] -> 0x0000
[105] [M]: 0x0000000080000190 (0x00000013) addi zero, zero, 0x0

mem[X,0x0000000080000194] -> 0x0013
mem[X,0x0000000080000196] -> 0x0000
[106] [M]: 0x0000000080000194 (0x00000013) addi zero, zero, 0x0

mem[X,0x0000000080000198] -> 0x0013
mem[X,0x000000008000019A] -> 0x0000
[107] [M]: 0x0000000080000198 (0x00000013) addi zero, zero, 0x0

mem[X,0x000000008000019C] -> 0x0013
mem[X,0x000000008000019E] -> 0x0000
[108] [M]: 0x000000008000019C (0x00000013) addi zero, zero, 0x0

mem[X,0x00000000800001A0] -> 0xF4B7
mem[X,0x00000000800001A2] -> 0xFFFF
[109] [M]: 0x00000000800001A0 (0xFFFFF4B7) lui s1, -0x1
x9 <- 0xFFFFFFFFFFFFF000

mem[X,0x00000000800001A4] -> 0x8493
mem[X,0x00000000800001A6] -> 0xFFF4
[110] [M]: 0x00000000800001A4 (0xFFF48493) addi s1, s1, -0x1
x9 <- 0xFFFFFFFFFFFFEFFF

mem[X,0x00000000800001A8] -> 0x9493
mem[X,0x00000000800001AA] -> 0x00B4
[111] [M]: 0x00000000800001A8 (0x00B49493) slli s1, s1, 0xb
x9 <- 0xFFFFFFFFFF7FF800

mem[X,0x00000000800001AC] -> 0x8493
mem[X,0x00000000800001AE] -> 0x4004
[112] [M]: 0x00000000800001AC (0x40048493) addi s1, s1, 0x400
x9 <- 0xFFFFFFFFFF7FFC00

mem[X,0x00000000800001B0] -> 0x9493
mem[X,0x00000000800001B2] -> 0x00B4
[113] [M]: 0x00000000800001B0 (0x00B49493) slli s1, s1, 0xb
x9 <- 0xFFFFFFFBFFE00000

mem[X,0x00000000800001B4] -> 0x8493
mem[X,0x00000000800001B6] -> 0x0004
[114] [M]: 0x00000000800001B4 (0x00048493) addi s1, s1, 0x0
x9 <- 0xFFFFFFFBFFE00000

mem[X,0x00000000800001B8] -> 0x9493
mem[X,0x00000000800001BA] -> 0x00A4
[115] [M]: 0x00000000800001B8 (0x00A49493) slli s1, s1, 0xa
x9 <- 0xFFFFEFFF80000000

mem[X,0x00000000800001BC] -> 0x0EB7
mem[X,0x00000000800001BE] -> 0x0004
[116] [M]: 0x00000000800001BC (0x00040EB7) lui t4, 0x40
x29 <- 0x0000000000040000

mem[X,0x00000000800001C0] -> 0x8E93
mem[X,0x00000000800001C2] -> 0x001E
[117] [M]: 0x00000000800001C0 (0x001E8E93) addi t4, t4, 0x1
x29 <- 0x0000000000040001

mem[X,0x00000000800001C4] -> 0x9E93
mem[X,0x00000000800001C6] -> 0x01EE
[118] [M]: 0x00000000800001C4 (0x01EE9E93) slli t4, t4, 0x1e
x29 <- 0x0001000040000000

mem[X,0x00000000800001C8] -> 0xAE9B
mem[X,0x00000000800001CA] -> 0xEBD4
[119] [M]: 0x00000000800001C8 (0xEBD4AE9B) pssha.w.w0 t4, s1, t4
x29 <- 0xFFFFEFFF80000000

mem[X,0x00000000800001CC] -> 0xB023
mem[X,0x00000000800001CE] -> 0x01D1
[120] [M]: 0x00000000800001CC (0x01D1B023) sd t4, 0x0(gp)
mem[0x0000000080005118] <- 0xFFFFEFFF80000000

mem[X,0x00000000800001D0] -> 0x0913
mem[X,0x00000000800001D2] -> 0xFFF0
[121] [M]: 0x00000000800001D0 (0xFFF00913) addi s2, zero, -0x1
x18 <- 0xFFFFFFFFFFFFFFFF

mem[X,0x00000000800001D4] -> 0x5913
mem[X,0x00000000800001D6] -> 0x0209
[122] [M]: 0x00000000800001D4 (0x02095913) srli s2, s2, 0x20
x18 <- 0x00000000FFFFFFFF

mem[X,0x00000000800001D8] -> 0xE937
mem[X,0x00000000800001DA] -> 0xFFFF
[123] [M]: 0x00000000800001D8 (0xFFFFE937) lui s2, -0x2
x18 <- 0xFFFFFFFFFFFFE000

mem[X,0x00000000800001DC] -> 0x0913
mem[X,0x00000000800001DE] -> 0xFFF9
[124] [M]: 0x00000000800001DC (0xFFF90913) addi s2, s2, -0x1
x18 <- 0xFFFFFFFFFFFFDFFF

mem[X,0x00000000800001E0] -> 0x1913
mem[X,0x00000000800001E2] -> 0x00B9
[125] [M]: 0x00000000800001E0 (0x00B91913) slli s2, s2, 0xb
x18 <- 0xFFFFFFFFFEFFF800

mem[X,0x00000000800001E4] -> 0x0913
mem[X,0x00000000800001E6] -> 0x0009
[126] [M]: 0x00000000800001E4 (0x00090913) addi s2, s2, 0x0
x18 <- 0xFFFFFFFFFEFFF800

mem[X,0x00000000800001E8] -> 0x1913
mem[X,0x00000000800001EA] -> 0x00B9
[127] [M]: 0x00000000800001E8 (0x00B91913) slli s2, s2, 0xb
x18 <- 0xFFFFFFF7FFC00000

mem[X,0x00000000800001EC] -> 0x0913
mem[X,0x00000000800001EE] -> 0x0009
[128] [M]: 0x00000000800001EC (0x00090913) addi s2, s2, 0x0
x18 <- 0xFFFFFFF7FFC00000

mem[X,0x00000000800001F0] -> 0x1913
mem[X,0x00000000800001F2] -> 0x00A9
[129] [M]: 0x00000000800001F0 (0x00A91913) slli s2, s2, 0xa
x18 <- 0xFFFFDFFF00000000

mem[X,0x00000000800001F4] -> 0x0913
mem[X,0x00000000800001F6] -> 0x0069
[130] [M]: 0x00000000800001F4 (0x00690913) addi s2, s2, 0x6
x18 <- 0xFFFFDFFF00000006

mem[X,0x00000000800001F8] -> 0x291B
mem[X,0x00000000800001FA] -> 0xEB29
[131] [M]: 0x00000000800001F8 (0xEB29291B) pssha.w.w0 s2, s2, s2
x18 <- 0xFFF7FFC000000180

mem[X,0x00000000800001FC] -> 0xB423
mem[X,0x00000000800001FE] -> 0x0121
[132] [M]: 0x00000000800001FC (0x0121B423) sd s2, 0x8(gp)
mem[0x0000000080005120] <- 0xFFF7FFC000000180

mem[X,0x0000000080000200] -> 0x0DB7
mem[X,0x0000000080000202] -> 0x0000
[133] [M]: 0x0000000080000200 (0x00000DB7) lui s11, 0x0
x27 <- 0x0000000000000000

mem[X,0x0000000080000204] -> 0x8D93
mem[X,0x0000000080000206] -> 0xFDFD
[134] [M]: 0x0000000080000204 (0xFDFD8D93) addi s11, s11, -0x21
x27 <- 0xFFFFFFFFFFFFFFDF

mem[X,0x0000000080000208] -> 0x9D93
mem[X,0x000000008000020A] -> 0x00BD
[135] [M]: 0x0000000080000208 (0x00BD9D93) slli s11, s11, 0xb
x27 <- 0xFFFFFFFFFFFEF800

mem[X,0x000000008000020C] -> 0x8D93
mem[X,0x000000008000020E] -> 0x000D
[136] [M]: 0x000000008000020C (0x000D8D93) addi s11, s11, 0x0
x27 <- 0xFFFFFFFFFFFEF800

mem[X,0x0000000080000210] -> 0x9D93
mem[X,0x0000000080000212] -> 0x00BD
[137] [M]: 0x0000000080000210 (0x00BD9D93) slli s11, s11, 0xb
x27 <- 0xFFFFFFFFF7C00000

mem[X,0x0000000080000214] -> 0x8D93
mem[X,0x0000000080000216] -> 0x000D
[138] [M]: 0x0000000080000214 (0x000D8D93) addi s11, s11, 0x0
x27 <- 0xFFFFFFFFF7C00000

mem[X,0x0000000080000218] -> 0x9D93
mem[X,0x000000008000021A] -> 0x00AD
[139] [M]: 0x0000000080000218 (0x00AD9D93) slli s11, s11, 0xa
x27 <- 0xFFFFFFDF00000000

mem[X,0x000000008000021C] -> 0x0DB7
mem[X,0x000000008000021E] -> 0x0000
[140] [M]: 0x000000008000021C (0x00000DB7) lui s11, 0x0
x27 <- 0x0000000000000000

mem[X,0x0000000080000220] -> 0x8D93
mem[X,0x0000000080000222] -> 0xFEFD
[141] [M]: 0x0000000080000220 (0xFEFD8D93) addi s11, s11, -0x11
x27 <- 0xFFFFFFFFFFFFFFEF

mem[X,0x0000000080000224] -> 0x9D93
mem[X,0x0000000080000226] -> 0x00BD
[142] [M]: 0x0000000080000224 (0x00BD9D93) slli s11, s11, 0xb
x27 <- 0xFFFFFFFFFFFF7800

mem[X,0x0000000080000228] -> 0x8D93
mem[X,0x000000008000022A] -> 0x000D
[143] [M]: 0x0000000080000228 (0x000D8D93) addi s11, s11, 0x0
x27 <- 0xFFFFFFFFFFFF7800

mem[X,0x000000008000022C] -> 0x9D93
mem[X,0x000000008000022E] -> 0x00BD
[144] [M]: 0x000000008000022C (0x00BD9D93) slli s11, s11, 0xb
x27 <- 0xFFFFFFFFFBC00000

mem[X,0x0000000080000230] -> 0x8D93
mem[X,0x0000000080000232] -> 0x000D
[145] [M]: 0x0000000080000230 (0x000D8D93) addi s11, s11, 0x0
x27 <- 0xFFFFFFFFFBC00000

mem[X,0x0000000080000234] -> 0x9D93
mem[X,0x0000000080000236] -> 0x00AD
[146] [M]: 0x0000000080000234 (0x00AD9D93) slli s11, s11, 0xa
x27 <- 0xFFFFFFEF00000000

mem[X,0x0000000080000238] -> 0x8D93
mem[X,0x000000008000023A] -> 0x005D
[147] [M]: 0x0000000080000238 (0x005D8D93) addi s11, s11, 0x5
x27 <- 0xFFFFFFEF00000005

mem[X,0x000000008000023C] -> 0xA11B
mem[X,0x000000008000023E] -> 0xEBBD
[148] [M]: 0x000000008000023C (0xEBBDA11B) pssha.w.w0 sp, s11, s11
x2 <- 0xFFFFFDE0000000A0

mem[X,0x0000000080000240] -> 0xB823
mem[X,0x0000000080000242] -> 0x0021
[149] [M]: 0x0000000080000240 (0x0021B823) sd sp, 0x10(gp)
mem[0x0000000080005128] <- 0xFFFFFDE0000000A0

mem[X,0x0000000080000244] -> 0x07B7
mem[X,0x0000000080000246] -> 0xFF80
[150] [M]: 0x0000000080000244 (0xFF8007B7) lui a5, -0x800
x15 <- 0xFFFFFFFFFF800000

mem[X,0x0000000080000248] -> 0x8793
mem[X,0x000000008000024A] -> 0xFFF7
[151] [M]: 0x0000000080000248 (0xFFF78793) addi a5, a5, -0x1
x15 <- 0xFFFFFFFFFF7FFFFF

mem[X,0x000000008000024C] -> 0x9793
mem[X,0x000000008000024E] -> 0x00B7
[152] [M]: 0x000000008000024C (0x00B79793) slli a5, a5, 0xb
x15 <- 0xFFFFFFFBFFFFF800

mem[X,0x0000000080000250] -> 0x8793
mem[X,0x0000000080000252] -> 0x0007
[153] [M]: 0x0000000080000250 (0x00078793) addi a5, a5, 0x0
x15 <- 0xFFFFFFFBFFFFF800

mem[X,0x0000000080000254] -> 0x9793
mem[X,0x0000000080000256] -> 0x00B7
[154] [M]: 0x0000000080000254 (0x00B79793) slli a5, a5, 0xb
x15 <- 0xFFFFDFFFFFC00000

mem[X,0x0000000080000258] -> 0x8793
mem[X,0x000000008000025A] -> 0x0007
[155] [M]: 0x0000000080000258 (0x00078793) addi a5, a5, 0x0
x15 <- 0xFFFFDFFFFFC00000

mem[X,0x000000008000025C] -> 0x9793
mem[X,0x000000008000025E] -> 0x00A7
[156] [M]: 0x000000008000025C (0x00A79793) slli a5, a5, 0xa
x15 <- 0xFF7FFFFF00000000

mem[X,0x0000000080000260] -> 0x8793
mem[X,0x0000000080000262] -> 0x0017
[157] [M]: 0x0000000080000260 (0x00178793) addi a5, a5, 0x1
x15 <- 0xFF7FFFFF00000001

mem[X,0x0000000080000264] -> 0x09B7
mem[X,0x0000000080000266] -> 0xFFFF
[158] [M]: 0x0000000080000264 (0xFFFF09B7) lui s3, -0x10
x19 <- 0xFFFFFFFFFFFF0000

mem[X,0x0000000080000268] -> 0x8993
mem[X,0x000000008000026A] -> 0xFFF9
[159] [M]: 0x0000000080000268 (0xFFF98993) addi s3, s3, -0x1
x19 <- 0xFFFFFFFFFFFEFFFF

mem[X,0x000000008000026C] -> 0x9993
mem[X,0x000000008000026E] -> 0x00B9
[160] [M]: 0x000000008000026C (0x00B99993) slli s3, s3, 0xb
x19 <- 0xFFFFFFFFF7FFF800

mem[X,0x0000000080000270] -> 0x8993
mem[X,0x0000000080000272] -> 0x0009
[161] [M]: 0x0000000080000270 (0x00098993) addi s3, s3, 0x0
x19 <- 0xFFFFFFFFF7FFF800

mem[X,0x0000000080000274] -> 0x9993
mem[X,0x0000000080000276] -> 0x00B9
[162] [M]: 0x0000000080000274 (0x00B99993) slli s3, s3, 0xb
x19 <- 0xFFFFFFBFFFC00000

mem[X,0x0000000080000278] -> 0x8993
mem[X,0x000000008000027A] -> 0x0009
[163] [M]: 0x0000000080000278 (0x00098993) addi s3, s3, 0x0
x19 <- 0xFFFFFFBFFFC00000

mem[X,0x000000008000027C] -> 0x9993
mem[X,0x000000008000027E] -> 0x00A9
[164] [M]: 0x000000008000027C (0x00A99993) slli s3, s3, 0xa
x19 <- 0xFFFEFFFF00000000

mem[X,0x0000000080000280] -> 0x8993
mem[X,0x0000000080000282] -> 0x2009
[165] [M]: 0x0000000080000280 (0x20098993) addi s3, s3, 0x200
x19 <- 0xFFFEFFFF00000200

mem[X,0x0000000080000284] -> 0xA79B
mem[X,0x0000000080000286] -> 0xEB37
[166] [M]: 0x0000000080000284 (0xEB37A79B) pssha.w.w0 a5, a5, s3
x15 <- 0xFF7FFFFF00000001

mem[X,0x0000000080000288] -> 0xBC23
mem[X,0x000000008000028A] -> 0x00F1
[167] [M]: 0x0000000080000288 (0x00F1BC23) sd a5, 0x18(gp)
mem[0x0000000080005130] <- 0xFF7FFFFF00000001

mem[X,0x000000008000028C] -> 0x8FB7
mem[X,0x000000008000028E] -> 0x0000
[168] [M]: 0x000000008000028C (0x00008FB7) lui t6, 0x8
x31 <- 0x0000000000008000

mem[X,0x0000000080000290] -> 0x8F93
mem[X,0x0000000080000292] -> 0x000F
[169] [M]: 0x0000000080000290 (0x000F8F93) addi t6, t6, 0x0
x31 <- 0x0000000000008000

mem[X,0x0000000080000294] -> 0x9F93
mem[X,0x0000000080000296] -> 0x00BF
[170] [M]: 0x0000000080000294 (0x00BF9F93) slli t6, t6, 0xb
x31 <- 0x0000000004000000

mem[X,0x0000000080000298] -> 0x8F93
mem[X,0x000000008000029A] -> 0x3FFF
[171] [M]: 0x0000000080000298 (0x3FFF8F93) addi t6, t6, 0x3ff
x31 <- 0x00000000040003FF

mem[X,0x000000008000029C] -> 0x9F93
mem[X,0x000000008000029E] -> 0x00BF
[172] [M]: 0x000000008000029C (0x00BF9F93) slli t6, t6, 0xb
x31 <- 0x00000020001FF800

mem[X,0x00000000800002A0] -> 0x8F93
mem[X,0x00000000800002A2] -> 0x7FFF
[173] [M]: 0x00000000800002A0 (0x7FFF8F93) addi t6, t6, 0x7ff
x31 <- 0x00000020001FFFFF

mem[X,0x00000000800002A4] -> 0x9F93
mem[X,0x00000000800002A6] -> 0x00AF
[174] [M]: 0x00000000800002A4 (0x00AF9F93) slli t6, t6, 0xa
x31 <- 0x000080007FFFFC00

mem[X,0x00000000800002A8] -> 0x8F93
mem[X,0x00000000800002AA] -> 0x3FFF
[175] [M]: 0x00000000800002A8 (0x3FFF8F93) addi t6, t6, 0x3ff
x31 <- 0x000080007FFFFFFF

mem[X,0x00000000800002AC] -> 0x06B7
mem[X,0x00000000800002AE] -> 0xC000
[176] [M]: 0x00000000800002AC (0xC00006B7) lui a3, -0x40000
x13 <- 0xFFFFFFFFC0000000

mem[X,0x00000000800002B0] -> 0x8693
mem[X,0x00000000800002B2] -> 0xFFF6
[177] [M]: 0x00000000800002B0 (0xFFF68693) addi a3, a3, -0x1
x13 <- 0xFFFFFFFFBFFFFFFF

mem[X,0x00000000800002B4] -> 0x9693
mem[X,0x00000000800002B6] -> 0x00B6
[178] [M]: 0x00000000800002B4 (0x00B69693) slli a3, a3, 0xb
x13 <- 0xFFFFFDFFFFFFF800

mem[X,0x00000000800002B8] -> 0x8693
mem[X,0x00000000800002BA] -> 0x0006
[179] [M]: 0x00000000800002B8 (0x00068693) addi a3, a3, 0x0
x13 <- 0xFFFFFDFFFFFFF800

mem[X,0x00000000800002BC] -> 0x9693
mem[X,0x00000000800002BE] -> 0x00B6
[180] [M]: 0x00000000800002BC (0x00B69693) slli a3, a3, 0xb
x13 <- 0xFFEFFFFFFFC00000

mem[X,0x00000000800002C0] -> 0x8693
mem[X,0x00000000800002C2] -> 0x0006
[181] [M]: 0x00000000800002C0 (0x00068693) addi a3, a3, 0x0
x13 <- 0xFFEFFFFFFFC00000

mem[X,0x00000000800002C4] -> 0x9693
mem[X,0x00000000800002C6] -> 0x00A6
[182] [M]: 0x00000000800002C4 (0x00A69693) slli a3, a3, 0xa
x13 <- 0xBFFFFFFF00000000

mem[X,0x00000000800002C8] -> 0x8693
mem[X,0x00000000800002CA] -> 0x0106
[183] [M]: 0x00000000800002C8 (0x01068693) addi a3, a3, 0x10
x13 <- 0xBFFFFFFF00000010

mem[X,0x00000000800002CC] -> 0xAC1B
mem[X,0x00000000800002CE] -> 0xEADF
[184] [M]: 0x00000000800002CC (0xEADFAC1B) pssha.w.w0 s8, t6, a3
x24 <- 0x80000000FFFF0000

mem[X,0x00000000800002D0] -> 0xB023
mem[X,0x00000000800002D2] -> 0x0381
[185] [M]: 0x00000000800002D0 (0x0381B023) sd s8, 0x20(gp)
mem[0x0000000080005138] <- 0x80000000FFFF0000

mem[X,0x00000000800002D4] -> 0x0537
mem[X,0x00000000800002D6] -> 0xFFFE
[186] [M]: 0x00000000800002D4 (0xFFFE0537) lui a0, -0x20
x10 <- 0xFFFFFFFFFFFE0000

mem[X,0x00000000800002D8] -> 0x0513
mem[X,0x00000000800002DA] -> 0xFFF5
[187] [M]: 0x00000000800002D8 (0xFFF50513) addi a0, a0, -0x1
x10 <- 0xFFFFFFFFFFFDFFFF

mem[X,0x00000000800002DC] -> 0x1513
mem[X,0x00000000800002DE] -> 0x00B5
[188] [M]: 0x00000000800002DC (0x00B51513) slli a0, a0, 0xb
x10 <- 0xFFFFFFFFEFFFF800

mem[X,0x00000000800002E0] -> 0x0513
mem[X,0x00000000800002E2] -> 0x0005
[189] [M]: 0x00000000800002E0 (0x00050513) addi a0, a0, 0x0
x10 <- 0xFFFFFFFFEFFFF800

mem[X,0x00000000800002E4] -> 0x1513
mem[X,0x00000000800002E6] -> 0x00B5
[190] [M]: 0x00000000800002E4 (0x00B51513) slli a0, a0, 0xb
x10 <- 0xFFFFFF7FFFC00000

mem[X,0x00000000800002E8] -> 0x0513
mem[X,0x00000000800002EA] -> 0x0005
[191] [M]: 0x00000000800002E8 (0x00050513) addi a0, a0, 0x0
x10 <- 0xFFFFFF7FFFC00000

mem[X,0x00000000800002EC] -> 0x1513
mem[X,0x00000000800002EE] -> 0x00A5
[192] [M]: 0x00000000800002EC (0x00A51513) slli a0, a0, 0xa
x10 <- 0xFFFDFFFF00000000

mem[X,0x00000000800002F0] -> 0x0513
mem[X,0x00000000800002F2] -> 0x0025
[193] [M]: 0x00000000800002F0 (0x00250513) addi a0, a0, 0x2
x10 <- 0xFFFDFFFF00000002

mem[X,0x00000000800002F4] -> 0x0E37
mem[X,0x00000000800002F6] -> 0xFC00
[194] [M]: 0x00000000800002F4 (0xFC000E37) lui t3, -0x4000
x28 <- 0xFFFFFFFFFC000000

mem[X,0x00000000800002F8] -> 0x0E13
mem[X,0x00000000800002FA] -> 0xFFFE
[195] [M]: 0x00000000800002F8 (0xFFFE0E13) addi t3, t3, -0x1
x28 <- 0xFFFFFFFFFBFFFFFF

mem[X,0x00000000800002FC] -> 0x1E13
mem[X,0x00000000800002FE] -> 0x00BE
[196] [M]: 0x00000000800002FC (0x00BE1E13) slli t3, t3, 0xb
x28 <- 0xFFFFFFDFFFFFF800

mem[X,0x0000000080000300] -> 0x0E13
mem[X,0x0000000080000302] -> 0x004E
[197] [M]: 0x0000000080000300 (0x004E0E13) addi t3, t3, 0x4
x28 <- 0xFFFFFFDFFFFFF804

mem[X,0x0000000080000304] -> 0x1E13
mem[X,0x0000000080000306] -> 0x00BE
[198] [M]: 0x0000000080000304 (0x00BE1E13) slli t3, t3, 0xb
x28 <- 0xFFFEFFFFFFC02000

mem[X,0x0000000080000308] -> 0x0E13
mem[X,0x000000008000030A] -> 0x000E
[199] [M]: 0x0000000080000308 (0x000E0E13) addi t3, t3, 0x0
x28 <- 0xFFFEFFFFFFC02000

clint::tick mtime <- 0x0000000000000002
 clint timer pending at mtime 0x0000000000000002
htif::tick 0x0000000000000000
mem[X,0x000000008000030C] -> 0x1E13
mem[X,0x000000008000030E] -> 0x00AE
[200] [M]: 0x000000008000030C (0x00AE1E13) slli t3, t3, 0xa
x28 <- 0xFBFFFFFF00800000

mem[X,0x0000000080000310] -> 0x231B
mem[X,0x0000000080000312] -> 0xEBC5
[201] [M]: 0x0000000080000310 (0xEBC5231B) pssha.w.w0 t1, a0, t3
x6 <- 0xFFFDFFFF00000002

mem[X,0x0000000080000314] -> 0xB423
mem[X,0x0000000080000316] -> 0x0261
[202] [M]: 0x0000000080000314 (0x0261B423) sd t1, 0x28(gp)
mem[0x0000000080005140] <- 0xFFFDFFFF00000002

mem[X,0x0000000080000318] -> 0x0BB7
mem[X,0x000000008000031A] -> 0x0000
[203] [M]: 0x0000000080000318 (0x00000BB7) lui s7, 0x0
x23 <- 0x0000000000000000

mem[X,0x000000008000031C] -> 0x8B93
mem[X,0x000000008000031E] -> 0xFF9B
[204] [M]: 0x000000008000031C (0xFF9B8B93) addi s7, s7, -0x7
x23 <- 0xFFFFFFFFFFFFFFF9

mem[X,0x0000000080000320] -> 0x9B93
mem[X,0x0000000080000322] -> 0x00BB
[205] [M]: 0x0000000080000320 (0x00BB9B93) slli s7, s7, 0xb
x23 <- 0xFFFFFFFFFFFFC800

mem[X,0x0000000080000324] -> 0x8B93
mem[X,0x0000000080000326] -> 0x000B
[206] [M]: 0x0000000080000324 (0x000B8B93) addi s7, s7, 0x0
x23 <- 0xFFFFFFFFFFFFC800

mem[X,0x0000000080000328] -> 0x9B93
mem[X,0x000000008000032A] -> 0x00BB
[207] [M]: 0x0000000080000328 (0x00BB9B93) slli s7, s7, 0xb
x23 <- 0xFFFFFFFFFE400000

mem[X,0x000000008000032C] -> 0x8B93
mem[X,0x000000008000032E] -> 0x000B
[208] [M]: 0x000000008000032C (0x000B8B93) addi s7, s7, 0x0
x23 <- 0xFFFFFFFFFE400000

mem[X,0x0000000080000330] -> 0x9B93
mem[X,0x0000000080000332] -> 0x00AB
[209] [M]: 0x0000000080000330 (0x00AB9B93) slli s7, s7, 0xa
x23 <- 0xFFFFFFF900000000

mem[X,0x0000000080000334] -> 0x8B93
mem[X,0x0000000080000336] -> 0x004B
[210] [M]: 0x0000000080000334 (0x004B8B93) addi s7, s7, 0x4
x23 <- 0xFFFFFFF900000004

mem[X,0x0000000080000338] -> 0x0037
mem[X,0x000000008000033A] -> 0xFFFF
[211] [M]: 0x0000000080000338 (0xFFFF0037) lui zero, -0x10

mem[X,0x000000008000033C] -> 0x0013
mem[X,0x000000008000033E] -> 0xFFF0
[212] [M]: 0x000000008000033C (0xFFF00013) addi zero, zero, -0x1

mem[X,0x0000000080000340] -> 0x1013
mem[X,0x0000000080000342] -> 0x00B0
[213] [M]: 0x0000000080000340 (0x00B01013) slli zero, zero, 0xb

mem[X,0x0000000080000344] -> 0x0013
mem[X,0x0000000080000346] -> 0x7FF0
[214] [M]: 0x0000000080000344 (0x7FF00013) addi zero, zero, 0x7ff

mem[X,0x0000000080000348] -> 0x1013
mem[X,0x000000008000034A] -> 0x00B0
[215] [M]: 0x0000000080000348 (0x00B01013) slli zero, zero, 0xb

mem[X,0x000000008000034C] -> 0x0013
mem[X,0x000000008000034E] -> 0x7BF0
[216] [M]: 0x000000008000034C (0x7BF00013) addi zero, zero, 0x7bf

mem[X,0x0000000080000350] -> 0x1013
mem[X,0x0000000080000352] -> 0x00A0
[217] [M]: 0x0000000080000350 (0x00A01013) slli zero, zero, 0xa

mem[X,0x0000000080000354] -> 0x0013
mem[X,0x0000000080000356] -> 0x3FF0
[218] [M]: 0x0000000080000354 (0x3FF00013) addi zero, zero, 0x3ff

mem[X,0x0000000080000358] -> 0xA81B
mem[X,0x000000008000035A] -> 0xEA0B
[219] [M]: 0x0000000080000358 (0xEA0BA81B) pssha.w.w0 a6, s7, zero
x16 <- 0xFFFFFFF900000004

mem[X,0x000000008000035C] -> 0xB823
mem[X,0x000000008000035E] -> 0x0301
[220] [M]: 0x000000008000035C (0x0301B823) sd a6, 0x30(gp)
mem[0x0000000080005148] <- 0xFFFFFFF900000004

mem[X,0x0000000080000360] -> 0x0D37
mem[X,0x0000000080000362] -> 0x0000
[221] [M]: 0x0000000080000360 (0x00000D37) lui s10, 0x0
x26 <- 0x0000000000000000

mem[X,0x0000000080000364] -> 0x0D13
mem[X,0x0000000080000366] -> 0xDFFD
[222] [M]: 0x0000000080000364 (0xDFFD0D13) addi s10, s10, -0x201
x26 <- 0xFFFFFFFFFFFFFDFF

mem[X,0x0000000080000368] -> 0x1D13
mem[X,0x000000008000036A] -> 0x00BD
[223] [M]: 0x0000000080000368 (0x00BD1D13) slli s10, s10, 0xb
x26 <- 0xFFFFFFFFFFEFF800

mem[X,0x000000008000036C] -> 0x0D13
mem[X,0x000000008000036E] -> 0x000D
[224] [M]: 0x000000008000036C (0x000D0D13) addi s10, s10, 0x0
x26 <- 0xFFFFFFFFFFEFF800

mem[X,0x0000000080000370] -> 0x1D13
mem[X,0x0000000080000372] -> 0x00BD
[225] [M]: 0x0000000080000370 (0x00BD1D13) slli s10, s10, 0xb
x26 <- 0xFFFFFFFF7FC00000

mem[X,0x0000000080000374] -> 0x0D13
mem[X,0x0000000080000376] -> 0x000D
[226] [M]: 0x0000000080000374 (0x000D0D13) addi s10, s10, 0x0
x26 <- 0xFFFFFFFF7FC00000

mem[X,0x0000000080000378] -> 0x1D13
mem[X,0x000000008000037A] -> 0x00AD
[227] [M]: 0x0000000080000378 (0x00AD1D13) slli s10, s10, 0xa
x26 <- 0xFFFFFDFF00000000

mem[X,0x000000008000037C] -> 0x0D13
mem[X,0x000000008000037E] -> 0x008D
[228] [M]: 0x000000008000037C (0x008D0D13) addi s10, s10, 0x8
x26 <- 0xFFFFFDFF00000008

mem[X,0x0000000080000380] -> 0x0BB7
mem[X,0x0000000080000382] -> 0x0000
[229] [M]: 0x0000000080000380 (0x00000BB7) lui s7, 0x0
x23 <- 0x0000000000000000

mem[X,0x0000000080000384] -> 0x8B93
mem[X,0x0000000080000386] -> 0xFFDB
[230] [M]: 0x0000000080000384 (0xFFDB8B93) addi s7, s7, -0x3
x23 <- 0xFFFFFFFFFFFFFFFD

mem[X,0x0000000080000388] -> 0x9B93
mem[X,0x000000008000038A] -> 0x00BB
[231] [M]: 0x0000000080000388 (0x00BB9B93) slli s7, s7, 0xb
x23 <- 0xFFFFFFFFFFFFE800

mem[X,0x000000008000038C] -> 0x8B93
mem[X,0x000000008000038E] -> 0x040B
[232] [M]: 0x000000008000038C (0x040B8B93) addi s7, s7, 0x40
x23 <- 0xFFFFFFFFFFFFE840

mem[X,0x0000000080000390] -> 0x9B93
mem[X,0x0000000080000392] -> 0x00BB
[233] [M]: 0x0000000080000390 (0x00BB9B93) slli s7, s7, 0xb
x23 <- 0xFFFFFFFFFF420000

mem[X,0x0000000080000394] -> 0x8B93
mem[X,0x0000000080000396] -> 0x000B
[234] [M]: 0x0000000080000394 (0x000B8B93) addi s7, s7, 0x0
x23 <- 0xFFFFFFFFFF420000

mem[X,0x0000000080000398] -> 0x9B93
mem[X,0x000000008000039A] -> 0x00AB
[235] [M]: 0x0000000080000398 (0x00AB9B93) slli s7, s7, 0xa
x23 <- 0xFFFFFFFD08000000

mem[X,0x000000008000039C] -> 0x2A9B
mem[X,0x000000008000039E] -> 0xEB7D
[236] [M]: 0x000000008000039C (0xEB7D2A9B) pssha.w.w0 s5, s10, s7
x21 <- 0xFFFFFDFF00000008

mem[X,0x00000000800003A0] -> 0xBC23
mem[X,0x00000000800003A2] -> 0x0351
[237] [M]: 0x00000000800003A0 (0x0351BC23) sd s5, 0x38(gp)
mem[0x0000000080005150] <- 0xFFFFFDFF00000008

mem[X,0x00000000800003A4] -> 0x08B7
mem[X,0x00000000800003A6] -> 0xFF00
[238] [M]: 0x00000000800003A4 (0xFF0008B7) lui a7, -0x1000
x17 <- 0xFFFFFFFFFF000000

mem[X,0x00000000800003A8] -> 0x8893
mem[X,0x00000000800003AA] -> 0xFFF8
[239] [M]: 0x00000000800003A8 (0xFFF88893) addi a7, a7, -0x1
x17 <- 0xFFFFFFFFFEFFFFFF

mem[X,0x00000000800003AC] -> 0x9893
mem[X,0x00000000800003AE] -> 0x00B8
[240] [M]: 0x00000000800003AC (0x00B89893) slli a7, a7, 0xb
x17 <- 0xFFFFFFF7FFFFF800

mem[X,0x00000000800003B0] -> 0x8893
mem[X,0x00000000800003B2] -> 0x0008
[241] [M]: 0x00000000800003B0 (0x00088893) addi a7, a7, 0x0
x17 <- 0xFFFFFFF7FFFFF800

mem[X,0x00000000800003B4] -> 0x9893
mem[X,0x00000000800003B6] -> 0x00B8
[242] [M]: 0x00000000800003B4 (0x00B89893) slli a7, a7, 0xb
x17 <- 0xFFFFBFFFFFC00000

mem[X,0x00000000800003B8] -> 0x8893
mem[X,0x00000000800003BA] -> 0x0008
[243] [M]: 0x00000000800003B8 (0x00088893) addi a7, a7, 0x0
x17 <- 0xFFFFBFFFFFC00000

mem[X,0x00000000800003BC] -> 0x9893
mem[X,0x00000000800003BE] -> 0x00A8
[244] [M]: 0x00000000800003BC (0x00A89893) slli a7, a7, 0xa
x17 <- 0xFEFFFFFF00000000

mem[X,0x00000000800003C0] -> 0x8893
mem[X,0x00000000800003C2] -> 0x0108
[245] [M]: 0x00000000800003C0 (0x01088893) addi a7, a7, 0x10
x17 <- 0xFEFFFFFF00000010

mem[X,0x00000000800003C4] -> 0x4737
mem[X,0x00000000800003C6] -> 0x0000
[246] [M]: 0x00000000800003C4 (0x00004737) lui a4, 0x4
x14 <- 0x0000000000004000

mem[X,0x00000000800003C8] -> 0x0713
mem[X,0x00000000800003CA] -> 0x0007
[247] [M]: 0x00000000800003C8 (0x00070713) addi a4, a4, 0x0
x14 <- 0x0000000000004000

mem[X,0x00000000800003CC] -> 0x1713
mem[X,0x00000000800003CE] -> 0x00B7
[248] [M]: 0x00000000800003CC (0x00B71713) slli a4, a4, 0xb
x14 <- 0x0000000002000000

mem[X,0x00000000800003D0] -> 0x0713
mem[X,0x00000000800003D2] -> 0x0007
[249] [M]: 0x00000000800003D0 (0x00070713) addi a4, a4, 0x0
x14 <- 0x0000000002000000

mem[X,0x00000000800003D4] -> 0x1713
mem[X,0x00000000800003D6] -> 0x00B7
[250] [M]: 0x00000000800003D4 (0x00B71713) slli a4, a4, 0xb
x14 <- 0x0000001000000000

mem[X,0x00000000800003D8] -> 0x0713
mem[X,0x00000000800003DA] -> 0x0007
[251] [M]: 0x00000000800003D8 (0x00070713) addi a4, a4, 0x0
x14 <- 0x0000001000000000

mem[X,0x00000000800003DC] -> 0x1713
mem[X,0x00000000800003DE] -> 0x00A7
[252] [M]: 0x00000000800003DC (0x00A71713) slli a4, a4, 0xa
x14 <- 0x0000400000000000

mem[X,0x00000000800003E0] -> 0x0713
mem[X,0x00000000800003E2] -> 0x0407
[253] [M]: 0x00000000800003E0 (0x04070713) addi a4, a4, 0x40
x14 <- 0x0000400000000040

mem[X,0x00000000800003E4] -> 0xA49B
mem[X,0x00000000800003E6] -> 0xEAE8
[254] [M]: 0x00000000800003E4 (0xEAE8A49B) pssha.w.w0 s1, a7, a4
x9 <- 0xFEFFFFFF00000010

mem[X,0x00000000800003E8] -> 0xB023
mem[X,0x00000000800003EA] -> 0x0491
[255] [M]: 0x00000000800003E8 (0x0491B023) sd s1, 0x40(gp)
mem[0x0000000080005158] <- 0xFEFFFFFF00000010

mem[X,0x00000000800003EC] -> 0xE9B7
mem[X,0x00000000800003EE] -> 0xFFFF
[256] [M]: 0x00000000800003EC (0xFFFFE9B7) lui s3, -0x2
x19 <- 0xFFFFFFFFFFFFE000

mem[X,0x00000000800003F0] -> 0x8993
mem[X,0x00000000800003F2] -> 0xFFF9
[257] [M]: 0x00000000800003F0 (0xFFF98993) addi s3, s3, -0x1
x19 <- 0xFFFFFFFFFFFFDFFF

mem[X,0x00000000800003F4] -> 0x9993
mem[X,0x00000000800003F6] -> 0x00B9
[258] [M]: 0x00000000800003F4 (0x00B99993) slli s3, s3, 0xb
x19 <- 0xFFFFFFFFFEFFF800

mem[X,0x00000000800003F8] -> 0x8993
mem[X,0x00000000800003FA] -> 0x0009
[259] [M]: 0x00000000800003F8 (0x00098993) addi s3, s3, 0x0
x19 <- 0xFFFFFFFFFEFFF800

mem[X,0x00000000800003FC] -> 0x9993
mem[X,0x00000000800003FE] -> 0x00B9
[260] [M]: 0x00000000800003FC (0x00B99993) slli s3, s3, 0xb
x19 <- 0xFFFFFFF7FFC00000

mem[X,0x0000000080000400] -> 0x8993
mem[X,0x0000000080000402] -> 0x0009
[261] [M]: 0x0000000080000400 (0x00098993) addi s3, s3, 0x0
x19 <- 0xFFFFFFF7FFC00000

mem[X,0x0000000080000404] -> 0x9993
mem[X,0x0000000080000406] -> 0x00A9
[262] [M]: 0x0000000080000404 (0x00A99993) slli s3, s3, 0xa
x19 <- 0xFFFFDFFF00000000

mem[X,0x0000000080000408] -> 0x8993
mem[X,0x000000008000040A] -> 0x0209
[263] [M]: 0x0000000080000408 (0x02098993) addi s3, s3, 0x20
x19 <- 0xFFFFDFFF00000020

mem[X,0x000000008000040C] -> 0x0637
mem[X,0x000000008000040E] -> 0x0200
[264] [M]: 0x000000008000040C (0x02000637) lui a2, 0x2000
x12 <- 0x0000000002000000

mem[X,0x0000000080000410] -> 0x0613
mem[X,0x0000000080000412] -> 0x0006
[265] [M]: 0x0000000080000410 (0x00060613) addi a2, a2, 0x0
x12 <- 0x0000000002000000

mem[X,0x0000000080000414] -> 0x1613
mem[X,0x0000000080000416] -> 0x00B6
[266] [M]: 0x0000000080000414 (0x00B61613) slli a2, a2, 0xb
x12 <- 0x0000001000000000

mem[X,0x0000000080000418] -> 0x0613
mem[X,0x000000008000041A] -> 0x0006
[267] [M]: 0x0000000080000418 (0x00060613) addi a2, a2, 0x0
x12 <- 0x0000001000000000

mem[X,0x000000008000041C] -> 0x1613
mem[X,0x000000008000041E] -> 0x00B6
[268] [M]: 0x000000008000041C (0x00B61613) slli a2, a2, 0xb
x12 <- 0x0000800000000000

mem[X,0x0000000080000420] -> 0x0613
mem[X,0x0000000080000422] -> 0x0406
[269] [M]: 0x0000000080000420 (0x04060613) addi a2, a2, 0x40
x12 <- 0x0000800000000040

mem[X,0x0000000080000424] -> 0x1613
mem[X,0x0000000080000426] -> 0x00A6
[270] [M]: 0x0000000080000424 (0x00A61613) slli a2, a2, 0xa
x12 <- 0x0200000000010000

mem[X,0x0000000080000428] -> 0xA89B
mem[X,0x000000008000042A] -> 0xEAC9
[271] [M]: 0x0000000080000428 (0xEAC9A89B) pssha.w.w0 a7, s3, a2
x17 <- 0xFFFFDFFF00000020

mem[X,0x000000008000042C] -> 0xB423
mem[X,0x000000008000042E] -> 0x0511
[272] [M]: 0x000000008000042C (0x0511B423) sd a7, 0x48(gp)
mem[0x0000000080005160] <- 0xFFFFDFFF00000020

mem[X,0x0000000080000430] -> 0x0437
mem[X,0x0000000080000432] -> 0x0000
[273] [M]: 0x0000000080000430 (0x00000437) lui fp, 0x0
x8 <- 0x0000000000000000

mem[X,0x0000000080000434] -> 0x0413
mem[X,0x0000000080000436] -> 0xFFF4
[274] [M]: 0x0000000080000434 (0xFFF40413) addi fp, fp, -0x1
x8 <- 0xFFFFFFFFFFFFFFFF

mem[X,0x0000000080000438] -> 0x1413
mem[X,0x000000008000043A] -> 0x00B4
[275] [M]: 0x0000000080000438 (0x00B41413) slli fp, fp, 0xb
x8 <- 0xFFFFFFFFFFFFF800

mem[X,0x000000008000043C] -> 0x0413
mem[X,0x000000008000043E] -> 0x0004
[276] [M]: 0x000000008000043C (0x00040413) addi fp, fp, 0x0
x8 <- 0xFFFFFFFFFFFFF800

mem[X,0x0000000080000440] -> 0x1413
mem[X,0x0000000080000442] -> 0x00B4
[277] [M]: 0x0000000080000440 (0x00B41413) slli fp, fp, 0xb
x8 <- 0xFFFFFFFFFFC00000

mem[X,0x0000000080000444] -> 0x0413
mem[X,0x0000000080000446] -> 0x0004
[278] [M]: 0x0000000080000444 (0x00040413) addi fp, fp, 0x0
x8 <- 0xFFFFFFFFFFC00000

mem[X,0x0000000080000448] -> 0x1413
mem[X,0x000000008000044A] -> 0x00A4
[279] [M]: 0x0000000080000448 (0x00A41413) slli fp, fp, 0xa
x8 <- 0xFFFFFFFF00000000

mem[X,0x000000008000044C] -> 0x0413
mem[X,0x000000008000044E] -> 0x0404
[280] [M]: 0x000000008000044C (0x04040413) addi fp, fp, 0x40
x8 <- 0xFFFFFFFF00000040

mem[X,0x0000000080000450] -> 0x0C37
mem[X,0x0000000080000452] -> 0x0040
[281] [M]: 0x0000000080000450 (0x00400C37) lui s8, 0x400
x24 <- 0x0000000000400000

mem[X,0x0000000080000454] -> 0x0C13
mem[X,0x0000000080000456] -> 0x000C
[282] [M]: 0x0000000080000454 (0x000C0C13) addi s8, s8, 0x0
x24 <- 0x0000000000400000

mem[X,0x0000000080000458] -> 0x1C13
mem[X,0x000000008000045A] -> 0x00BC
[283] [M]: 0x0000000080000458 (0x00BC1C13) slli s8, s8, 0xb
x24 <- 0x0000000200000000

mem[X,0x000000008000045C] -> 0x0C13
mem[X,0x000000008000045E] -> 0x7FFC
[284] [M]: 0x000000008000045C (0x7FFC0C13) addi s8, s8, 0x7ff
x24 <- 0x00000002000007FF

mem[X,0x0000000080000460] -> 0x1C13
mem[X,0x0000000080000462] -> 0x00BC
[285] [M]: 0x0000000080000460 (0x00BC1C13) slli s8, s8, 0xb
x24 <- 0x00001000003FF800

mem[X,0x0000000080000464] -> 0x0C13
mem[X,0x0000000080000466] -> 0x7FFC
[286] [M]: 0x0000000080000464 (0x7FFC0C13) addi s8, s8, 0x7ff
x24 <- 0x00001000003FFFFF

mem[X,0x0000000080000468] -> 0x1C13
mem[X,0x000000008000046A] -> 0x00AC
[287] [M]: 0x0000000080000468 (0x00AC1C13) slli s8, s8, 0xa
x24 <- 0x00400000FFFFFC00

mem[X,0x000000008000046C] -> 0x0C13
mem[X,0x000000008000046E] -> 0x2FFC
[288] [M]: 0x000000008000046C (0x2FFC0C13) addi s8, s8, 0x2ff
x24 <- 0x00400000FFFFFEFF

mem[X,0x0000000080000470] -> 0x2A1B
mem[X,0x0000000080000472] -> 0xEB84
[289] [M]: 0x0000000080000470 (0xEB842A1B) pssha.w.w0 s4, fp, s8
x20 <- 0xFFFFFFFF00000020

mem[X,0x0000000080000474] -> 0xB823
mem[X,0x0000000080000476] -> 0x0541
[290] [M]: 0x0000000080000474 (0x0541B823) sd s4, 0x50(gp)
mem[0x0000000080005168] <- 0xFFFFFFFF00000020

mem[X,0x0000000080000478] -> 0x0337
mem[X,0x000000008000047A] -> 0xFFE0
[291] [M]: 0x0000000080000478 (0xFFE00337) lui t1, -0x200
x6 <- 0xFFFFFFFFFFE00000

mem[X,0x000000008000047C] -> 0x0313
mem[X,0x000000008000047E] -> 0xFFF3
[292] [M]: 0x000000008000047C (0xFFF30313) addi t1, t1, -0x1
x6 <- 0xFFFFFFFFFFDFFFFF

mem[X,0x0000000080000480] -> 0x1313
mem[X,0x0000000080000482] -> 0x00B3
[293] [M]: 0x0000000080000480 (0x00B31313) slli t1, t1, 0xb
x6 <- 0xFFFFFFFEFFFFF800

mem[X,0x0000000080000484] -> 0x0313
mem[X,0x0000000080000486] -> 0x0003
[294] [M]: 0x0000000080000484 (0x00030313) addi t1, t1, 0x0
x6 <- 0xFFFFFFFEFFFFF800

mem[X,0x0000000080000488] -> 0x1313
mem[X,0x000000008000048A] -> 0x00B3
[295] [M]: 0x0000000080000488 (0x00B31313) slli t1, t1, 0xb
x6 <- 0xFFFFF7FFFFC00000

mem[X,0x000000008000048C] -> 0x0313
mem[X,0x000000008000048E] -> 0x0003
[296] [M]: 0x000000008000048C (0x00030313) addi t1, t1, 0x0
x6 <- 0xFFFFF7FFFFC00000

mem[X,0x0000000080000490] -> 0x1313
mem[X,0x0000000080000492] -> 0x00A3
[297] [M]: 0x0000000080000490 (0x00A31313) slli t1, t1, 0xa
x6 <- 0xFFDFFFFF00000000

mem[X,0x0000000080000494] -> 0x0313
mem[X,0x0000000080000496] -> 0x0803
[298] [M]: 0x0000000080000494 (0x08030313) addi t1, t1, 0x80
x6 <- 0xFFDFFFFF00000080

mem[X,0x0000000080000498] -> 0x0537
mem[X,0x000000008000049A] -> 0xE000
[299] [M]: 0x0000000080000498 (0xE0000537) lui a0, -0x20000
x10 <- 0xFFFFFFFFE0000000

clint::tick mtime <- 0x0000000000000003
 clint timer pending at mtime 0x0000000000000003
htif::tick 0x0000000000000000
mem[X,0x000000008000049C] -> 0x0513
mem[X,0x000000008000049E] -> 0xFFF5
[300] [M]: 0x000000008000049C (0xFFF50513) addi a0, a0, -0x1
x10 <- 0xFFFFFFFFDFFFFFFF

mem[X,0x00000000800004A0] -> 0x1513
mem[X,0x00000000800004A2] -> 0x00B5
[301] [M]: 0x00000000800004A0 (0x00B51513) slli a0, a0, 0xb
x10 <- 0xFFFFFEFFFFFFF800

mem[X,0x00000000800004A4] -> 0x0513
mem[X,0x00000000800004A6] -> 0x7FF5
[302] [M]: 0x00000000800004A4 (0x7FF50513) addi a0, a0, 0x7ff
x10 <- 0xFFFFFEFFFFFFFFFF

mem[X,0x00000000800004A8] -> 0x1513
mem[X,0x00000000800004AA] -> 0x00B5
[303] [M]: 0x00000000800004A8 (0x00B51513) slli a0, a0, 0xb
x10 <- 0xFFF7FFFFFFFFF800

mem[X,0x00000000800004AC] -> 0x0513
mem[X,0x00000000800004AE] -> 0x7FE5
[304] [M]: 0x00000000800004AC (0x7FE50513) addi a0, a0, 0x7fe
x10 <- 0xFFF7FFFFFFFFFFFE

mem[X,0x00000000800004B0] -> 0x1513
mem[X,0x00000000800004B2] -> 0x00A5
[305] [M]: 0x00000000800004B0 (0x00A51513) slli a0, a0, 0xa
x10 <- 0xDFFFFFFFFFFFF800

mem[X,0x00000000800004B4] -> 0x0513
mem[X,0x00000000800004B6] -> 0x3FF5
[306] [M]: 0x00000000800004B4 (0x3FF50513) addi a0, a0, 0x3ff
x10 <- 0xDFFFFFFFFFFFFBFF

mem[X,0x00000000800004B8] -> 0x269B
mem[X,0x00000000800004BA] -> 0xEAA3
[307] [M]: 0x00000000800004B8 (0xEAA3269B) pssha.w.w0 a3, t1, a0
x13 <- 0xFFEFFFFF00000040

mem[X,0x00000000800004BC] -> 0xBC23
mem[X,0x00000000800004BE] -> 0x04D1
[308] [M]: 0x00000000800004BC (0x04D1BC23) sd a3, 0x58(gp)
mem[0x0000000080005170] <- 0xFFEFFFFF00000040

mem[X,0x00000000800004C0] -> 0x02B7
mem[X,0x00000000800004C2] -> 0x0000
[309] [M]: 0x00000000800004C0 (0x000002B7) lui t0, 0x0
x5 <- 0x0000000000000000

mem[X,0x00000000800004C4] -> 0x8293
mem[X,0x00000000800004C6] -> 0xFFF2
[310] [M]: 0x00000000800004C4 (0xFFF28293) addi t0, t0, -0x1
x5 <- 0xFFFFFFFFFFFFFFFF

mem[X,0x00000000800004C8] -> 0x9293
mem[X,0x00000000800004CA] -> 0x00B2
[311] [M]: 0x00000000800004C8 (0x00B29293) slli t0, t0, 0xb
x5 <- 0xFFFFFFFFFFFFF800

mem[X,0x00000000800004CC] -> 0x8293
mem[X,0x00000000800004CE] -> 0x0002
[312] [M]: 0x00000000800004CC (0x00028293) addi t0, t0, 0x0
x5 <- 0xFFFFFFFFFFFFF800

mem[X,0x00000000800004D0] -> 0x9293
mem[X,0x00000000800004D2] -> 0x00B2
[313] [M]: 0x00000000800004D0 (0x00B29293) slli t0, t0, 0xb
x5 <- 0xFFFFFFFFFFC00000

mem[X,0x00000000800004D4] -> 0x8293
mem[X,0x00000000800004D6] -> 0x0002
[314] [M]: 0x00000000800004D4 (0x00028293) addi t0, t0, 0x0
x5 <- 0xFFFFFFFFFFC00000

mem[X,0x00000000800004D8] -> 0x9293
mem[X,0x00000000800004DA] -> 0x00A2
[315] [M]: 0x00000000800004D8 (0x00A29293) slli t0, t0, 0xa
x5 <- 0xFFFFFFFF00000000

mem[X,0x00000000800004DC] -> 0x8293
mem[X,0x00000000800004DE] -> 0x1002
[316] [M]: 0x00000000800004DC (0x10028293) addi t0, t0, 0x100
x5 <- 0xFFFFFFFF00000100

mem[X,0x00000000800004E0] -> 0x0D37
mem[X,0x00000000800004E2] -> 0x0004
[317] [M]: 0x00000000800004E0 (0x00040D37) lui s10, 0x40
x26 <- 0x0000000000040000

mem[X,0x00000000800004E4] -> 0x0D13
mem[X,0x00000000800004E6] -> 0x000D
[318] [M]: 0x00000000800004E4 (0x000D0D13) addi s10, s10, 0x0
x26 <- 0x0000000000040000

mem[X,0x00000000800004E8] -> 0x1D13
mem[X,0x00000000800004EA] -> 0x00BD
[319] [M]: 0x00000000800004E8 (0x00BD1D13) slli s10, s10, 0xb
x26 <- 0x0000000020000000

mem[X,0x00000000800004EC] -> 0x0D13
mem[X,0x00000000800004EE] -> 0x7F7D
[320] [M]: 0x00000000800004EC (0x7F7D0D13) addi s10, s10, 0x7f7
x26 <- 0x00000000200007F7

mem[X,0x00000000800004F0] -> 0x1D13
mem[X,0x00000000800004F2] -> 0x00BD
[321] [M]: 0x00000000800004F0 (0x00BD1D13) slli s10, s10, 0xb
x26 <- 0x00000100003FB800

mem[X,0x00000000800004F4] -> 0x0D13
mem[X,0x00000000800004F6] -> 0x7FFD
[322] [M]: 0x00000000800004F4 (0x7FFD0D13) addi s10, s10, 0x7ff
x26 <- 0x00000100003FBFFF

mem[X,0x00000000800004F8] -> 0x1D13
mem[X,0x00000000800004FA] -> 0x00AD
[323] [M]: 0x00000000800004F8 (0x00AD1D13) slli s10, s10, 0xa
x26 <- 0x00040000FEFFFC00

mem[X,0x00000000800004FC] -> 0x0D13
mem[X,0x00000000800004FE] -> 0x3FFD
[324] [M]: 0x00000000800004FC (0x3FFD0D13) addi s10, s10, 0x3ff
x26 <- 0x00040000FEFFFFFF

mem[X,0x0000000080000500] -> 0xA41B
mem[X,0x0000000080000502] -> 0xEBA2
[325] [M]: 0x0000000080000500 (0xEBA2A41B) pssha.w.w0 fp, t0, s10
x8 <- 0xFFFFFFFF00000080

mem[X,0x0000000080000504] -> 0xB023
mem[X,0x0000000080000506] -> 0x0681
[326] [M]: 0x0000000080000504 (0x0681B023) sd fp, 0x60(gp)
mem[0x0000000080005178] <- 0xFFFFFFFF00000080

mem[X,0x0000000080000508] -> 0x00B7
mem[X,0x000000008000050A] -> 0xFC00
[327] [M]: 0x0000000080000508 (0xFC0000B7) lui ra, -0x4000
x1 <- 0xFFFFFFFFFC000000

mem[X,0x000000008000050C] -> 0x8093
mem[X,0x000000008000050E] -> 0xFFF0
[328] [M]: 0x000000008000050C (0xFFF08093) addi ra, ra, -0x1
x1 <- 0xFFFFFFFFFBFFFFFF

mem[X,0x0000000080000510] -> 0x9093
mem[X,0x0000000080000512] -> 0x00B0
[329] [M]: 0x0000000080000510 (0x00B09093) slli ra, ra, 0xb
x1 <- 0xFFFFFFDFFFFFF800

mem[X,0x0000000080000514] -> 0x8093
mem[X,0x0000000080000516] -> 0x0000
[330] [M]: 0x0000000080000514 (0x00008093) addi ra, ra, 0x0
x1 <- 0xFFFFFFDFFFFFF800

mem[X,0x0000000080000518] -> 0x9093
mem[X,0x000000008000051A] -> 0x00B0
[331] [M]: 0x0000000080000518 (0x00B09093) slli ra, ra, 0xb
x1 <- 0xFFFEFFFFFFC00000

mem[X,0x000000008000051C] -> 0x8093
mem[X,0x000000008000051E] -> 0x0000
[332] [M]: 0x000000008000051C (0x00008093) addi ra, ra, 0x0
x1 <- 0xFFFEFFFFFFC00000

mem[X,0x0000000080000520] -> 0x9093
mem[X,0x0000000080000522] -> 0x00A0
[333] [M]: 0x0000000080000520 (0x00A09093) slli ra, ra, 0xa
x1 <- 0xFBFFFFFF00000000

mem[X,0x0000000080000524] -> 0x8093
mem[X,0x0000000080000526] -> 0x2000
[334] [M]: 0x0000000080000524 (0x20008093) addi ra, ra, 0x200
x1 <- 0xFBFFFFFF00000200

mem[X,0x0000000080000528] -> 0x0337
mem[X,0x000000008000052A] -> 0xFF00
[335] [M]: 0x0000000080000528 (0xFF000337) lui t1, -0x1000
x6 <- 0xFFFFFFFFFF000000

mem[X,0x000000008000052C] -> 0x0313
mem[X,0x000000008000052E] -> 0xFFF3
[336] [M]: 0x000000008000052C (0xFFF30313) addi t1, t1, -0x1
x6 <- 0xFFFFFFFFFEFFFFFF

mem[X,0x0000000080000530] -> 0x1313
mem[X,0x0000000080000532] -> 0x00B3
[337] [M]: 0x0000000080000530 (0x00B31313) slli t1, t1, 0xb
x6 <- 0xFFFFFFF7FFFFF800

mem[X,0x0000000080000534] -> 0x0313
mem[X,0x0000000080000536] -> 0x0003
[338] [M]: 0x0000000080000534 (0x00030313) addi t1, t1, 0x0
x6 <- 0xFFFFFFF7FFFFF800

mem[X,0x0000000080000538] -> 0x1313
mem[X,0x000000008000053A] -> 0x00B3
[339] [M]: 0x0000000080000538 (0x00B31313) slli t1, t1, 0xb
x6 <- 0xFFFFBFFFFFC00000

mem[X,0x000000008000053C] -> 0x0313
mem[X,0x000000008000053E] -> 0x0103
[340] [M]: 0x000000008000053C (0x01030313) addi t1, t1, 0x10
x6 <- 0xFFFFBFFFFFC00010

mem[X,0x0000000080000540] -> 0x1313
mem[X,0x0000000080000542] -> 0x00A3
[341] [M]: 0x0000000080000540 (0x00A31313) slli t1, t1, 0xa
x6 <- 0xFEFFFFFF00004000

mem[X,0x0000000080000544] -> 0xAE1B
mem[X,0x0000000080000546] -> 0xEA60
[342] [M]: 0x0000000080000544 (0xEA60AE1B) pssha.w.w0 t3, ra, t1
x28 <- 0xFBFFFFFF00000200

mem[X,0x0000000080000548] -> 0xB423
mem[X,0x000000008000054A] -> 0x07C1
[343] [M]: 0x0000000080000548 (0x07C1B423) sd t3, 0x68(gp)
mem[0x0000000080005180] <- 0xFBFFFFFF00000200

mem[X,0x000000008000054C] -> 0x0637
mem[X,0x000000008000054E] -> 0x0000
[344] [M]: 0x000000008000054C (0x00000637) lui a2, 0x0
x12 <- 0x0000000000000000

mem[X,0x0000000080000550] -> 0x0613
mem[X,0x0000000080000552] -> 0xFF96
[345] [M]: 0x0000000080000550 (0xFF960613) addi a2, a2, -0x7
x12 <- 0xFFFFFFFFFFFFFFF9

mem[X,0x0000000080000554] -> 0x1613
mem[X,0x0000000080000556] -> 0x00B6
[346] [M]: 0x0000000080000554 (0x00B61613) slli a2, a2, 0xb
x12 <- 0xFFFFFFFFFFFFC800

mem[X,0x0000000080000558] -> 0x0613
mem[X,0x000000008000055A] -> 0x0006
[347] [M]: 0x0000000080000558 (0x00060613) addi a2, a2, 0x0
x12 <- 0xFFFFFFFFFFFFC800

mem[X,0x000000008000055C] -> 0x1613
mem[X,0x000000008000055E] -> 0x00B6
[348] [M]: 0x000000008000055C (0x00B61613) slli a2, a2, 0xb
x12 <- 0xFFFFFFFFFE400000

mem[X,0x0000000080000560] -> 0x0613
mem[X,0x0000000080000562] -> 0x0016
[349] [M]: 0x0000000080000560 (0x00160613) addi a2, a2, 0x1
x12 <- 0xFFFFFFFFFE400001

mem[X,0x0000000080000564] -> 0x1613
mem[X,0x0000000080000566] -> 0x00A6
[350] [M]: 0x0000000080000564 (0x00A61613) slli a2, a2, 0xa
x12 <- 0xFFFFFFF900000400

mem[X,0x0000000080000568] -> 0x7AB7
mem[X,0x000000008000056A] -> 0x0000
[351] [M]: 0x0000000080000568 (0x00007AB7) lui s5, 0x7
x21 <- 0x0000000000007000

mem[X,0x000000008000056C] -> 0x8A93
mem[X,0x000000008000056E] -> 0x001A
[352] [M]: 0x000000008000056C (0x001A8A93) addi s5, s5, 0x1
x21 <- 0x0000000000007001

mem[X,0x0000000080000570] -> 0x9A93
mem[X,0x0000000080000572] -> 0x014A
[353] [M]: 0x0000000080000570 (0x014A9A93) slli s5, s5, 0x14
x21 <- 0x0000000700100000

mem[X,0x0000000080000574] -> 0x209B
mem[X,0x0000000080000576] -> 0xEB56
[354] [M]: 0x0000000080000574 (0xEB56209B) pssha.w.w0 ra, a2, s5
x1 <- 0xFFFFFFF900000400

mem[X,0x0000000080000578] -> 0xB823
mem[X,0x000000008000057A] -> 0x0611
[355] [M]: 0x0000000080000578 (0x0611B823) sd ra, 0x70(gp)
mem[0x0000000080005188] <- 0xFFFFFFF900000400

mem[X,0x000000008000057C] -> 0x4CB7
mem[X,0x000000008000057E] -> 0x0000
[356] [M]: 0x000000008000057C (0x00004CB7) lui s9, 0x4
x25 <- 0x0000000000004000

mem[X,0x0000000080000580] -> 0x8C93
mem[X,0x0000000080000582] -> 0x000C
[357] [M]: 0x0000000080000580 (0x000C8C93) addi s9, s9, 0x0
x25 <- 0x0000000000004000

mem[X,0x0000000080000584] -> 0x9C93
mem[X,0x0000000080000586] -> 0x00BC
[358] [M]: 0x0000000080000584 (0x00BC9C93) slli s9, s9, 0xb
x25 <- 0x0000000002000000

mem[X,0x0000000080000588] -> 0x8C93
mem[X,0x000000008000058A] -> 0x000C
[359] [M]: 0x0000000080000588 (0x000C8C93) addi s9, s9, 0x0
x25 <- 0x0000000002000000

mem[X,0x000000008000058C] -> 0x9C93
mem[X,0x000000008000058E] -> 0x00BC
[360] [M]: 0x000000008000058C (0x00BC9C93) slli s9, s9, 0xb
x25 <- 0x0000001000000000

mem[X,0x0000000080000590] -> 0x8C93
mem[X,0x0000000080000592] -> 0x002C
[361] [M]: 0x0000000080000590 (0x002C8C93) addi s9, s9, 0x2
x25 <- 0x0000001000000002

mem[X,0x0000000080000594] -> 0x9C93
mem[X,0x0000000080000596] -> 0x00AC
[362] [M]: 0x0000000080000594 (0x00AC9C93) slli s9, s9, 0xa
x25 <- 0x0000400000000800

mem[X,0x0000000080000598] -> 0x08B7
mem[X,0x000000008000059A] -> 0xFFF0
[363] [M]: 0x0000000080000598 (0xFFF008B7) lui a7, -0x100
x17 <- 0xFFFFFFFFFFF00000

mem[X,0x000000008000059C] -> 0x8893
mem[X,0x000000008000059E] -> 0xFFF8
[364] [M]: 0x000000008000059C (0xFFF88893) addi a7, a7, -0x1
x17 <- 0xFFFFFFFFFFEFFFFF

mem[X,0x00000000800005A0] -> 0x9893
mem[X,0x00000000800005A2] -> 0x00B8
[365] [M]: 0x00000000800005A0 (0x00B89893) slli a7, a7, 0xb
x17 <- 0xFFFFFFFF7FFFF800

mem[X,0x00000000800005A4] -> 0x8893
mem[X,0x00000000800005A6] -> 0x7FD8
[366] [M]: 0x00000000800005A4 (0x7FD88893) addi a7, a7, 0x7fd
x17 <- 0xFFFFFFFF7FFFFFFD

mem[X,0x00000000800005A8] -> 0x9893
mem[X,0x00000000800005AA] -> 0x00B8
[367] [M]: 0x00000000800005A8 (0x00B89893) slli a7, a7, 0xb
x17 <- 0xFFFFFBFFFFFFE800

mem[X,0x00000000800005AC] -> 0x8893
mem[X,0x00000000800005AE] -> 0x7FF8
[368] [M]: 0x00000000800005AC (0x7FF88893) addi a7, a7, 0x7ff
x17 <- 0xFFFFFBFFFFFFEFFF

mem[X,0x00000000800005B0] -> 0x9893
mem[X,0x00000000800005B2] -> 0x00A8
[369] [M]: 0x00000000800005B0 (0x00A89893) slli a7, a7, 0xa
x17 <- 0xFFEFFFFFFFBFFC00

mem[X,0x00000000800005B4] -> 0x8893
mem[X,0x00000000800005B6] -> 0x3FF8
[370] [M]: 0x00000000800005B4 (0x3FF88893) addi a7, a7, 0x3ff
x17 <- 0xFFEFFFFFFFBFFFFF

mem[X,0x00000000800005B8] -> 0xAD1B
mem[X,0x00000000800005BA] -> 0xEB1C
[371] [M]: 0x00000000800005B8 (0xEB1CAD1B) pssha.w.w0 s10, s9, a7
x26 <- 0x0000200000000400

mem[X,0x00000000800005BC] -> 0xBC23
mem[X,0x00000000800005BE] -> 0x07A1
[372] [M]: 0x00000000800005BC (0x07A1BC23) sd s10, 0x78(gp)
mem[0x0000000080005190] <- 0x0000200000000400

mem[X,0x00000000800005C0] -> 0x0F37
mem[X,0x00000000800005C2] -> 0x0800
[373] [M]: 0x00000000800005C0 (0x08000F37) lui t5, 0x8000
x30 <- 0x0000000008000000

mem[X,0x00000000800005C4] -> 0x0F13
mem[X,0x00000000800005C6] -> 0x001F
[374] [M]: 0x00000000800005C4 (0x001F0F13) addi t5, t5, 0x1
x30 <- 0x0000000008000001

mem[X,0x00000000800005C8] -> 0x1F13
mem[X,0x00000000800005CA] -> 0x00CF
[375] [M]: 0x00000000800005C8 (0x00CF1F13) slli t5, t5, 0xc
x30 <- 0x0000008000001000

mem[X,0x00000000800005CC] -> 0x0A37
mem[X,0x00000000800005CE] -> 0x0800
[376] [M]: 0x00000000800005CC (0x08000A37) lui s4, 0x8000
x20 <- 0x0000000008000000

mem[X,0x00000000800005D0] -> 0x0A13
mem[X,0x00000000800005D2] -> 0x001A
[377] [M]: 0x00000000800005D0 (0x001A0A13) addi s4, s4, 0x1
x20 <- 0x0000000008000001

mem[X,0x00000000800005D4] -> 0x1A13
mem[X,0x00000000800005D6] -> 0x00AA
[378] [M]: 0x00000000800005D4 (0x00AA1A13) slli s4, s4, 0xa
x20 <- 0x0000002000000400

mem[X,0x00000000800005D8] -> 0x2C9B
mem[X,0x00000000800005DA] -> 0xEB4F
[379] [M]: 0x00000000800005D8 (0xEB4F2C9B) pssha.w.w0 s9, t5, s4
x25 <- 0x0000008000001000

mem[X,0x00000000800005DC] -> 0xB023
mem[X,0x00000000800005DE] -> 0x0991
[380] [M]: 0x00000000800005DC (0x0991B023) sd s9, 0x80(gp)
mem[0x0000000080005198] <- 0x0000008000001000

mem[X,0x00000000800005E0] -> 0x5317
mem[X,0x00000000800005E2] -> 0x0000
[381] [M]: 0x00000000800005E0 (0x00005317) auipc t1, 0x5
x6 <- 0x00000000800055E0

mem[X,0x00000000800005E4] -> 0x0313
mem[X,0x00000000800005E6] -> 0xBC03
[382] [M]: 0x00000000800005E4 (0xBC030313) addi t1, t1, -0x440
x6 <- 0x00000000800051A0

mem[X,0x00000000800005E8] -> 0x0013
mem[X,0x00000000800005EA] -> 0x0000
[383] [M]: 0x00000000800005E8 (0x00000013) addi zero, zero, 0x0

mem[X,0x00000000800005EC] -> 0x0013
mem[X,0x00000000800005EE] -> 0x0000
[384] [M]: 0x00000000800005EC (0x00000013) addi zero, zero, 0x0

mem[X,0x00000000800005F0] -> 0x0013
mem[X,0x00000000800005F2] -> 0x0000
[385] [M]: 0x00000000800005F0 (0x00000013) addi zero, zero, 0x0

mem[X,0x00000000800005F4] -> 0x0013
mem[X,0x00000000800005F6] -> 0x0000
[386] [M]: 0x00000000800005F4 (0x00000013) addi zero, zero, 0x0

mem[X,0x00000000800005F8] -> 0x0013
mem[X,0x00000000800005FA] -> 0x0000
[387] [M]: 0x00000000800005F8 (0x00000013) addi zero, zero, 0x0

mem[X,0x00000000800005FC] -> 0x0013
mem[X,0x00000000800005FE] -> 0x0000
[388] [M]: 0x00000000800005FC (0x00000013) addi zero, zero, 0x0

mem[X,0x0000000080000600] -> 0x0137
mem[X,0x0000000080000602] -> 0xFFC0
[389] [M]: 0x0000000080000600 (0xFFC00137) lui sp, -0x400
x2 <- 0xFFFFFFFFFFC00000

mem[X,0x0000000080000604] -> 0x0113
mem[X,0x0000000080000606] -> 0xFFF1
[390] [M]: 0x0000000080000604 (0xFFF10113) addi sp, sp, -0x1
x2 <- 0xFFFFFFFFFFBFFFFF

mem[X,0x0000000080000608] -> 0x1113
mem[X,0x000000008000060A] -> 0x00B1
[391] [M]: 0x0000000080000608 (0x00B11113) slli sp, sp, 0xb
x2 <- 0xFFFFFFFDFFFFF800

mem[X,0x000000008000060C] -> 0x0113
mem[X,0x000000008000060E] -> 0x0001
[392] [M]: 0x000000008000060C (0x00010113) addi sp, sp, 0x0
x2 <- 0xFFFFFFFDFFFFF800

mem[X,0x0000000080000610] -> 0x1113
mem[X,0x0000000080000612] -> 0x00B1
[393] [M]: 0x0000000080000610 (0x00B11113) slli sp, sp, 0xb
x2 <- 0xFFFFEFFFFFC00000

mem[X,0x0000000080000614] -> 0x0113
mem[X,0x0000000080000616] -> 0x0081
[394] [M]: 0x0000000080000614 (0x00810113) addi sp, sp, 0x8
x2 <- 0xFFFFEFFFFFC00008

mem[X,0x0000000080000618] -> 0x1113
mem[X,0x000000008000061A] -> 0x00A1
[395] [M]: 0x0000000080000618 (0x00A11113) slli sp, sp, 0xa
x2 <- 0xFFBFFFFF00002000

mem[X,0x000000008000061C] -> 0xB1B7
mem[X,0x000000008000061E] -> 0xAAAA
[396] [M]: 0x000000008000061C (0xAAAAB1B7) lui gp, -0x55555
x3 <- 0xFFFFFFFFAAAAB000

mem[X,0x0000000080000620] -> 0x8193
mem[X,0x0000000080000622] -> 0xAAA1
[397] [M]: 0x0000000080000620 (0xAAA18193) addi gp, gp, -0x556
x3 <- 0xFFFFFFFFAAAAAAAA

mem[X,0x0000000080000624] -> 0x9193
mem[X,0x0000000080000626] -> 0x00B1
[398] [M]: 0x0000000080000624 (0x00B19193) slli gp, gp, 0xb
x3 <- 0xFFFFFD5555555000

mem[X,0x0000000080000628] -> 0x8193
mem[X,0x000000008000062A] -> 0x2001
[399] [M]: 0x0000000080000628 (0x20018193) addi gp, gp, 0x200
x3 <- 0xFFFFFD5555555200

clint::tick mtime <- 0x0000000000000004
 clint timer pending at mtime 0x0000000000000004
htif::tick 0x0000000000000000
mem[X,0x000000008000062C] -> 0x9193
mem[X,0x000000008000062E] -> 0x00B1
[400] [M]: 0x000000008000062C (0x00B19193) slli gp, gp, 0xb
x3 <- 0xFFEAAAAAAA900000

mem[X,0x0000000080000630] -> 0x8193
mem[X,0x0000000080000632] -> 0x0001
[401] [M]: 0x0000000080000630 (0x00018193) addi gp, gp, 0x0
x3 <- 0xFFEAAAAAAA900000

mem[X,0x0000000080000634] -> 0x9193
mem[X,0x0000000080000636] -> 0x00A1
[402] [M]: 0x0000000080000634 (0x00A19193) slli gp, gp, 0xa
x3 <- 0xAAAAAAAA40000000

mem[X,0x0000000080000638] -> 0x2B1B
mem[X,0x000000008000063A] -> 0xEA31
[403] [M]: 0x0000000080000638 (0xEA312B1B) pssha.w.w0 s6, sp, gp
x22 <- 0xFFBFFFFF00002000

mem[X,0x000000008000063C] -> 0x3023
mem[X,0x000000008000063E] -> 0x0163
[404] [M]: 0x000000008000063C (0x01633023) sd s6, 0x0(t1)
mem[0x00000000800051A0] <- 0xFFBFFFFF00002000

mem[X,0x0000000080000640] -> 0x0B37
mem[X,0x0000000080000642] -> 0x0400
[405] [M]: 0x0000000080000640 (0x04000B37) lui s6, 0x4000
x22 <- 0x0000000004000000

mem[X,0x0000000080000644] -> 0x0B13
mem[X,0x0000000080000646] -> 0x001B
[406] [M]: 0x0000000080000644 (0x001B0B13) addi s6, s6, 0x1
x22 <- 0x0000000004000001

mem[X,0x0000000080000648] -> 0x1B13
mem[X,0x000000008000064A] -> 0x00EB
[407] [M]: 0x0000000080000648 (0x00EB1B13) slli s6, s6, 0xe
x22 <- 0x0000010000004000

mem[X,0x000000008000064C] -> 0x0CB7
mem[X,0x000000008000064E] -> 0x0001
[408] [M]: 0x000000008000064C (0x00010CB7) lui s9, 0x10
x25 <- 0x0000000000010000

mem[X,0x0000000080000650] -> 0x8C93
mem[X,0x0000000080000652] -> 0x000C
[409] [M]: 0x0000000080000650 (0x000C8C93) addi s9, s9, 0x0
x25 <- 0x0000000000010000

mem[X,0x0000000080000654] -> 0x9C93
mem[X,0x0000000080000656] -> 0x00BC
[410] [M]: 0x0000000080000654 (0x00BC9C93) slli s9, s9, 0xb
x25 <- 0x0000000008000000

mem[X,0x0000000080000658] -> 0x8C93
mem[X,0x000000008000065A] -> 0x3FFC
[411] [M]: 0x0000000080000658 (0x3FFC8C93) addi s9, s9, 0x3ff
x25 <- 0x00000000080003FF

mem[X,0x000000008000065C] -> 0x9C93
mem[X,0x000000008000065E] -> 0x00BC
[412] [M]: 0x000000008000065C (0x00BC9C93) slli s9, s9, 0xb
x25 <- 0x00000040001FF800

mem[X,0x0000000080000660] -> 0x8C93
mem[X,0x0000000080000662] -> 0x7FFC
[413] [M]: 0x0000000080000660 (0x7FFC8C93) addi s9, s9, 0x7ff
x25 <- 0x00000040001FFFFF

mem[X,0x0000000080000664] -> 0x9C93
mem[X,0x0000000080000666] -> 0x00AC
[414] [M]: 0x0000000080000664 (0x00AC9C93) slli s9, s9, 0xa
x25 <- 0x000100007FFFFC00

mem[X,0x0000000080000668] -> 0x8C93
mem[X,0x000000008000066A] -> 0x3FFC
[415] [M]: 0x0000000080000668 (0x3FFC8C93) addi s9, s9, 0x3ff
x25 <- 0x000100007FFFFFFF

mem[X,0x000000008000066C] -> 0x239B
mem[X,0x000000008000066E] -> 0xEB9B
[416] [M]: 0x000000008000066C (0xEB9B239B) pssha.w.w0 t2, s6, s9
x7 <- 0x0000008000002000

mem[X,0x0000000080000670] -> 0x3423
mem[X,0x0000000080000672] -> 0x0073
[417] [M]: 0x0000000080000670 (0x00733423) sd t2, 0x8(t1)
mem[0x00000000800051A8] <- 0x0000008000002000

mem[X,0x0000000080000674] -> 0x0737
mem[X,0x0000000080000676] -> 0xF800
[418] [M]: 0x0000000080000674 (0xF8000737) lui a4, -0x8000
x14 <- 0xFFFFFFFFF8000000

mem[X,0x0000000080000678] -> 0x0713
mem[X,0x000000008000067A] -> 0xFFF7
[419] [M]: 0x0000000080000678 (0xFFF70713) addi a4, a4, -0x1
x14 <- 0xFFFFFFFFF7FFFFFF

mem[X,0x000000008000067C] -> 0x1713
mem[X,0x000000008000067E] -> 0x00B7
[420] [M]: 0x000000008000067C (0x00B71713) slli a4, a4, 0xb
x14 <- 0xFFFFFFBFFFFFF800

mem[X,0x0000000080000680] -> 0x0713
mem[X,0x0000000080000682] -> 0x0007
[421] [M]: 0x0000000080000680 (0x00070713) addi a4, a4, 0x0
x14 <- 0xFFFFFFBFFFFFF800

mem[X,0x0000000080000684] -> 0x1713
mem[X,0x0000000080000686] -> 0x00B7
[422] [M]: 0x0000000080000684 (0x00B71713) slli a4, a4, 0xb
x14 <- 0xFFFDFFFFFFC00000

mem[X,0x0000000080000688] -> 0x0713
mem[X,0x000000008000068A] -> 0x0207
[423] [M]: 0x0000000080000688 (0x02070713) addi a4, a4, 0x20
x14 <- 0xFFFDFFFFFFC00020

mem[X,0x000000008000068C] -> 0x1713
mem[X,0x000000008000068E] -> 0x00A7
[424] [M]: 0x000000008000068C (0x00A71713) slli a4, a4, 0xa
x14 <- 0xF7FFFFFF00008000

mem[X,0x0000000080000690] -> 0x0237
mem[X,0x0000000080000692] -> 0x0000
[425] [M]: 0x0000000080000690 (0x00000237) lui tp, 0x0
x4 <- 0x0000000000000000

mem[X,0x0000000080000694] -> 0x0213
mem[X,0x0000000080000696] -> 0xFFD2
[426] [M]: 0x0000000080000694 (0xFFD20213) addi tp, tp, -0x3
x4 <- 0xFFFFFFFFFFFFFFFD

mem[X,0x0000000080000698] -> 0x1213
mem[X,0x000000008000069A] -> 0x00B2
[427] [M]: 0x0000000080000698 (0x00B21213) slli tp, tp, 0xb
x4 <- 0xFFFFFFFFFFFFE800

mem[X,0x000000008000069C] -> 0x0213
mem[X,0x000000008000069E] -> 0x7FF2
[428] [M]: 0x000000008000069C (0x7FF20213) addi tp, tp, 0x7ff
x4 <- 0xFFFFFFFFFFFFEFFF

mem[X,0x00000000800006A0] -> 0x1213
mem[X,0x00000000800006A2] -> 0x00B2
[429] [M]: 0x00000000800006A0 (0x00B21213) slli tp, tp, 0xb
x4 <- 0xFFFFFFFFFF7FF800

mem[X,0x00000000800006A4] -> 0x0213
mem[X,0x00000000800006A6] -> 0x3FF2
[430] [M]: 0x00000000800006A4 (0x3FF20213) addi tp, tp, 0x3ff
x4 <- 0xFFFFFFFFFF7FFBFF

mem[X,0x00000000800006A8] -> 0x1213
mem[X,0x00000000800006AA] -> 0x00A2
[431] [M]: 0x00000000800006A8 (0x00A21213) slli tp, tp, 0xa
x4 <- 0xFFFFFFFDFFEFFC00

mem[X,0x00000000800006AC] -> 0x0213
mem[X,0x00000000800006AE] -> 0x3FF2
[432] [M]: 0x00000000800006AC (0x3FF20213) addi tp, tp, 0x3ff
x4 <- 0xFFFFFFFDFFEFFFFF

mem[X,0x00000000800006B0] -> 0x259B
mem[X,0x00000000800006B2] -> 0xEA47
[433] [M]: 0x00000000800006B0 (0xEA47259B) pssha.w.w0 a1, a4, tp
x11 <- 0xFBFFFFFF00004000

mem[X,0x00000000800006B4] -> 0x3823
mem[X,0x00000000800006B6] -> 0x00B3
[434] [M]: 0x00000000800006B4 (0x00B33823) sd a1, 0x10(t1)
mem[0x00000000800051B0] <- 0xFBFFFFFF00004000

mem[X,0x00000000800006B8] -> 0x0A37
mem[X,0x00000000800006BA] -> 0x0400
[435] [M]: 0x00000000800006B8 (0x04000A37) lui s4, 0x4000
x20 <- 0x0000000004000000

mem[X,0x00000000800006BC] -> 0x0A13
mem[X,0x00000000800006BE] -> 0x001A
[436] [M]: 0x00000000800006BC (0x001A0A13) addi s4, s4, 0x1
x20 <- 0x0000000004000001

mem[X,0x00000000800006C0] -> 0x1A13
mem[X,0x00000000800006C2] -> 0x010A
[437] [M]: 0x00000000800006C0 (0x010A1A13) slli s4, s4, 0x10
x20 <- 0x0000040000010000

mem[X,0x00000000800006C4] -> 0x05B7
mem[X,0x00000000800006C6] -> 0x0000
[438] [M]: 0x00000000800006C4 (0x000005B7) lui a1, 0x0
x11 <- 0x0000000000000000

mem[X,0x00000000800006C8] -> 0x8593
mem[X,0x00000000800006CA] -> 0x0045
[439] [M]: 0x00000000800006C8 (0x00458593) addi a1, a1, 0x4
x11 <- 0x0000000000000004

mem[X,0x00000000800006CC] -> 0x9593
mem[X,0x00000000800006CE] -> 0x00B5
[440] [M]: 0x00000000800006CC (0x00B59593) slli a1, a1, 0xb
x11 <- 0x0000000000002000

mem[X,0x00000000800006D0] -> 0x8593
mem[X,0x00000000800006D2] -> 0x1FF5
[441] [M]: 0x00000000800006D0 (0x1FF58593) addi a1, a1, 0x1ff
x11 <- 0x00000000000021FF

mem[X,0x00000000800006D4] -> 0x9593
mem[X,0x00000000800006D6] -> 0x00B5
[442] [M]: 0x00000000800006D4 (0x00B59593) slli a1, a1, 0xb
x11 <- 0x00000000010FF800

mem[X,0x00000000800006D8] -> 0x8593
mem[X,0x00000000800006DA] -> 0x7FF5
[443] [M]: 0x00000000800006D8 (0x7FF58593) addi a1, a1, 0x7ff
x11 <- 0x00000000010FFFFF

mem[X,0x00000000800006DC] -> 0x9593
mem[X,0x00000000800006DE] -> 0x00A5
[444] [M]: 0x00000000800006DC (0x00A59593) slli a1, a1, 0xa
x11 <- 0x000000043FFFFC00

mem[X,0x00000000800006E0] -> 0x8593
mem[X,0x00000000800006E2] -> 0x3FF5
[445] [M]: 0x00000000800006E0 (0x3FF58593) addi a1, a1, 0x3ff
x11 <- 0x000000043FFFFFFF

mem[X,0x00000000800006E4] -> 0x271B
mem[X,0x00000000800006E6] -> 0xEABA
[446] [M]: 0x00000000800006E4 (0xEABA271B) pssha.w.w0 a4, s4, a1
x14 <- 0x0000020000008000

mem[X,0x00000000800006E8] -> 0x3C23
mem[X,0x00000000800006EA] -> 0x00E3
[447] [M]: 0x00000000800006E8 (0x00E33C23) sd a4, 0x18(t1)
mem[0x00000000800051B8] <- 0x0000020000008000

mem[X,0x00000000800006EC] -> 0x05B7
mem[X,0x00000000800006EE] -> 0xFFE0
[448] [M]: 0x00000000800006EC (0xFFE005B7) lui a1, -0x200
x11 <- 0xFFFFFFFFFFE00000

mem[X,0x00000000800006F0] -> 0x8593
mem[X,0x00000000800006F2] -> 0xFFF5
[449] [M]: 0x00000000800006F0 (0xFFF58593) addi a1, a1, -0x1
x11 <- 0xFFFFFFFFFFDFFFFF

mem[X,0x00000000800006F4] -> 0x9593
mem[X,0x00000000800006F6] -> 0x00B5
[450] [M]: 0x00000000800006F4 (0x00B59593) slli a1, a1, 0xb
x11 <- 0xFFFFFFFEFFFFF800

mem[X,0x00000000800006F8] -> 0x8593
mem[X,0x00000000800006FA] -> 0x0005
[451] [M]: 0x00000000800006F8 (0x00058593) addi a1, a1, 0x0
x11 <- 0xFFFFFFFEFFFFF800

mem[X,0x00000000800006FC] -> 0x9593
mem[X,0x00000000800006FE] -> 0x00B5
[452] [M]: 0x00000000800006FC (0x00B59593) slli a1, a1, 0xb
x11 <- 0xFFFFF7FFFFC00000

mem[X,0x0000000080000700] -> 0x8593
mem[X,0x0000000080000702] -> 0x0805
[453] [M]: 0x0000000080000700 (0x08058593) addi a1, a1, 0x80
x11 <- 0xFFFFF7FFFFC00080

mem[X,0x0000000080000704] -> 0x9593
mem[X,0x0000000080000706] -> 0x00A5
[454] [M]: 0x0000000080000704 (0x00A59593) slli a1, a1, 0xa
x11 <- 0xFFDFFFFF00020000

mem[X,0x0000000080000708] -> 0x02B7
mem[X,0x000000008000070A] -> 0x0000
[455] [M]: 0x0000000080000708 (0x000002B7) lui t0, 0x0
x5 <- 0x0000000000000000

mem[X,0x000000008000070C] -> 0x8293
mem[X,0x000000008000070E] -> 0xFFA2
[456] [M]: 0x000000008000070C (0xFFA28293) addi t0, t0, -0x6
x5 <- 0xFFFFFFFFFFFFFFFA

mem[X,0x0000000080000710] -> 0x9293
mem[X,0x0000000080000712] -> 0x00B2
[457] [M]: 0x0000000080000710 (0x00B29293) slli t0, t0, 0xb
x5 <- 0xFFFFFFFFFFFFD000

mem[X,0x0000000080000714] -> 0x8293
mem[X,0x0000000080000716] -> 0x0042
[458] [M]: 0x0000000080000714 (0x00428293) addi t0, t0, 0x4
x5 <- 0xFFFFFFFFFFFFD004

mem[X,0x0000000080000718] -> 0x9293
mem[X,0x000000008000071A] -> 0x00B2
[459] [M]: 0x0000000080000718 (0x00B29293) slli t0, t0, 0xb
x5 <- 0xFFFFFFFFFE802000

mem[X,0x000000008000071C] -> 0x8293
mem[X,0x000000008000071E] -> 0x0002
[460] [M]: 0x000000008000071C (0x00028293) addi t0, t0, 0x0
x5 <- 0xFFFFFFFFFE802000

mem[X,0x0000000080000720] -> 0x9293
mem[X,0x0000000080000722] -> 0x00A2
[461] [M]: 0x0000000080000720 (0x00A29293) slli t0, t0, 0xa
x5 <- 0xFFFFFFFA00800000

mem[X,0x0000000080000724] -> 0xAF9B
mem[X,0x0000000080000726] -> 0xEA55
[462] [M]: 0x0000000080000724 (0xEA55AF9B) pssha.w.w0 t6, a1, t0
x31 <- 0xFFDFFFFF00020000

mem[X,0x0000000080000728] -> 0x3023
mem[X,0x000000008000072A] -> 0x03F3
[463] [M]: 0x0000000080000728 (0x03F33023) sd t6, 0x20(t1)
mem[0x00000000800051C0] <- 0xFFDFFFFF00020000

mem[X,0x000000008000072C] -> 0x0837
mem[X,0x000000008000072E] -> 0xFFE0
[464] [M]: 0x000000008000072C (0xFFE00837) lui a6, -0x200
x16 <- 0xFFFFFFFFFFE00000

mem[X,0x0000000080000730] -> 0x0813
mem[X,0x0000000080000732] -> 0xFFF8
[465] [M]: 0x0000000080000730 (0xFFF80813) addi a6, a6, -0x1
x16 <- 0xFFFFFFFFFFDFFFFF

mem[X,0x0000000080000734] -> 0x1813
mem[X,0x0000000080000736] -> 0x00B8
[466] [M]: 0x0000000080000734 (0x00B81813) slli a6, a6, 0xb
x16 <- 0xFFFFFFFEFFFFF800

mem[X,0x0000000080000738] -> 0x0813
mem[X,0x000000008000073A] -> 0x0008
[467] [M]: 0x0000000080000738 (0x00080813) addi a6, a6, 0x0
x16 <- 0xFFFFFFFEFFFFF800

mem[X,0x000000008000073C] -> 0x1813
mem[X,0x000000008000073E] -> 0x00B8
[468] [M]: 0x000000008000073C (0x00B81813) slli a6, a6, 0xb
x16 <- 0xFFFFF7FFFFC00000

mem[X,0x0000000080000740] -> 0x0813
mem[X,0x0000000080000742] -> 0x1008
[469] [M]: 0x0000000080000740 (0x10080813) addi a6, a6, 0x100
x16 <- 0xFFFFF7FFFFC00100

mem[X,0x0000000080000744] -> 0x1813
mem[X,0x0000000080000746] -> 0x00A8
[470] [M]: 0x0000000080000744 (0x00A81813) slli a6, a6, 0xa
x16 <- 0xFFDFFFFF00040000

mem[X,0x0000000080000748] -> 0xF137
mem[X,0x000000008000074A] -> 0xFFFF
[471] [M]: 0x0000000080000748 (0xFFFFF137) lui sp, -0x1
x2 <- 0xFFFFFFFFFFFFF000

mem[X,0x000000008000074C] -> 0x0113
mem[X,0x000000008000074E] -> 0x7FF1
[472] [M]: 0x000000008000074C (0x7FF10113) addi sp, sp, 0x7ff
x2 <- 0xFFFFFFFFFFFFF7FF

mem[X,0x0000000080000750] -> 0x1113
mem[X,0x0000000080000752] -> 0x00B1
[473] [M]: 0x0000000080000750 (0x00B11113) slli sp, sp, 0xb
x2 <- 0xFFFFFFFFFFBFF800

mem[X,0x0000000080000754] -> 0x0113
mem[X,0x0000000080000756] -> 0x7FF1
[474] [M]: 0x0000000080000754 (0x7FF10113) addi sp, sp, 0x7ff
x2 <- 0xFFFFFFFFFFBFFFFF

mem[X,0x0000000080000758] -> 0x1113
mem[X,0x000000008000075A] -> 0x00B1
[475] [M]: 0x0000000080000758 (0x00B11113) slli sp, sp, 0xb
x2 <- 0xFFFFFFFDFFFFF800

mem[X,0x000000008000075C] -> 0x0113
mem[X,0x000000008000075E] -> 0x7FF1
[476] [M]: 0x000000008000075C (0x7FF10113) addi sp, sp, 0x7ff
x2 <- 0xFFFFFFFDFFFFFFFF

mem[X,0x0000000080000760] -> 0x1113
mem[X,0x0000000080000762] -> 0x00A1
[477] [M]: 0x0000000080000760 (0x00A11113) slli sp, sp, 0xa
x2 <- 0xFFFFF7FFFFFFFC00

mem[X,0x0000000080000764] -> 0x0113
mem[X,0x0000000080000766] -> 0x1FF1
[478] [M]: 0x0000000080000764 (0x1FF10113) addi sp, sp, 0x1ff
x2 <- 0xFFFFF7FFFFFFFDFF

mem[X,0x0000000080000768] -> 0x261B
mem[X,0x000000008000076A] -> 0xEA28
[479] [M]: 0x0000000080000768 (0xEA28261B) pssha.w.w0 a2, a6, sp
x12 <- 0xFFEFFFFF00020000

mem[X,0x000000008000076C] -> 0x3423
mem[X,0x000000008000076E] -> 0x02C3
[480] [M]: 0x000000008000076C (0x02C33423) sd a2, 0x28(t1)
mem[0x00000000800051C8] <- 0xFFEFFFFF00020000

mem[X,0x0000000080000770] -> 0x06B7
mem[X,0x0000000080000772] -> 0x0000
[481] [M]: 0x0000000080000770 (0x000006B7) lui a3, 0x0
x13 <- 0x0000000000000000

mem[X,0x0000000080000774] -> 0x8693
mem[X,0x0000000080000776] -> 0xFFD6
[482] [M]: 0x0000000080000774 (0xFFD68693) addi a3, a3, -0x3
x13 <- 0xFFFFFFFFFFFFFFFD

mem[X,0x0000000080000778] -> 0x9693
mem[X,0x000000008000077A] -> 0x00B6
[483] [M]: 0x0000000080000778 (0x00B69693) slli a3, a3, 0xb
x13 <- 0xFFFFFFFFFFFFE800

mem[X,0x000000008000077C] -> 0x8693
mem[X,0x000000008000077E] -> 0x0006
[484] [M]: 0x000000008000077C (0x00068693) addi a3, a3, 0x0
x13 <- 0xFFFFFFFFFFFFE800

mem[X,0x0000000080000780] -> 0x9693
mem[X,0x0000000080000782] -> 0x00B6
[485] [M]: 0x0000000080000780 (0x00B69693) slli a3, a3, 0xb
x13 <- 0xFFFFFFFFFF400000

mem[X,0x0000000080000784] -> 0x8693
mem[X,0x0000000080000786] -> 0x2006
[486] [M]: 0x0000000080000784 (0x20068693) addi a3, a3, 0x200
x13 <- 0xFFFFFFFFFF400200

mem[X,0x0000000080000788] -> 0x9693
mem[X,0x000000008000078A] -> 0x00A6
[487] [M]: 0x0000000080000788 (0x00A69693) slli a3, a3, 0xa
x13 <- 0xFFFFFFFD00080000

mem[X,0x000000008000078C] -> 0x04B7
mem[X,0x000000008000078E] -> 0x0140
[488] [M]: 0x000000008000078C (0x014004B7) lui s1, 0x1400
x9 <- 0x0000000001400000

mem[X,0x0000000080000790] -> 0x8493
mem[X,0x0000000080000792] -> 0x0014
[489] [M]: 0x0000000080000790 (0x00148493) addi s1, s1, 0x1
x9 <- 0x0000000001400001

mem[X,0x0000000080000794] -> 0x9493
mem[X,0x0000000080000796] -> 0x00A4
[490] [M]: 0x0000000080000794 (0x00A49493) slli s1, s1, 0xa
x9 <- 0x0000000500000400

mem[X,0x0000000080000798] -> 0xA19B
mem[X,0x000000008000079A] -> 0xEA96
[491] [M]: 0x0000000080000798 (0xEA96A19B) pssha.w.w0 gp, a3, s1
x3 <- 0xFFFFFFFD00080000

mem[X,0x000000008000079C] -> 0x3823
mem[X,0x000000008000079E] -> 0x0233
[492] [M]: 0x000000008000079C (0x02333823) sd gp, 0x30(t1)
mem[0x00000000800051D0] <- 0xFFFFFFFD00080000

mem[X,0x00000000800007A0] -> 0x0E37
mem[X,0x00000000800007A2] -> 0xFE00
[493] [M]: 0x00000000800007A0 (0xFE000E37) lui t3, -0x2000
x28 <- 0xFFFFFFFFFE000000

mem[X,0x00000000800007A4] -> 0x0E13
mem[X,0x00000000800007A6] -> 0xFFFE
[494] [M]: 0x00000000800007A4 (0xFFFE0E13) addi t3, t3, -0x1
x28 <- 0xFFFFFFFFFDFFFFFF

mem[X,0x00000000800007A8] -> 0x1E13
mem[X,0x00000000800007AA] -> 0x00BE
[495] [M]: 0x00000000800007A8 (0x00BE1E13) slli t3, t3, 0xb
x28 <- 0xFFFFFFEFFFFFF800

mem[X,0x00000000800007AC] -> 0x0E13
mem[X,0x00000000800007AE] -> 0x000E
[496] [M]: 0x00000000800007AC (0x000E0E13) addi t3, t3, 0x0
x28 <- 0xFFFFFFEFFFFFF800

mem[X,0x00000000800007B0] -> 0x1E13
mem[X,0x00000000800007B2] -> 0x00BE
[497] [M]: 0x00000000800007B0 (0x00BE1E13) slli t3, t3, 0xb
x28 <- 0xFFFF7FFFFFC00000

mem[X,0x00000000800007B4] -> 0x0E13
mem[X,0x00000000800007B6] -> 0x400E
[498] [M]: 0x00000000800007B4 (0x400E0E13) addi t3, t3, 0x400
x28 <- 0xFFFF7FFFFFC00400

mem[X,0x00000000800007B8] -> 0x1E13
mem[X,0x00000000800007BA] -> 0x00AE
[499] [M]: 0x00000000800007B8 (0x00AE1E13) slli t3, t3, 0xa
x28 <- 0xFDFFFFFF00100000

clint::tick mtime <- 0x0000000000000005
 clint timer pending at mtime 0x0000000000000005
htif::tick 0x0000000000000000
mem[X,0x00000000800007BC] -> 0x1837
mem[X,0x00000000800007BE] -> 0x0000
[500] [M]: 0x00000000800007BC (0x00001837) lui a6, 0x1
x16 <- 0x0000000000001000

mem[X,0x00000000800007C0] -> 0x0813
mem[X,0x00000000800007C2] -> 0x8008
[501] [M]: 0x00000000800007C0 (0x80080813) addi a6, a6, -0x800
x16 <- 0x0000000000000800

mem[X,0x00000000800007C4] -> 0x1813
mem[X,0x00000000800007C6] -> 0x00B8
[502] [M]: 0x00000000800007C4 (0x00B81813) slli a6, a6, 0xb
x16 <- 0x0000000000400000

mem[X,0x00000000800007C8] -> 0x0813
mem[X,0x00000000800007CA] -> 0x7FF8
[503] [M]: 0x00000000800007C8 (0x7FF80813) addi a6, a6, 0x7ff
x16 <- 0x00000000004007FF

mem[X,0x00000000800007CC] -> 0x1813
mem[X,0x00000000800007CE] -> 0x00B8
[504] [M]: 0x00000000800007CC (0x00B81813) slli a6, a6, 0xb
x16 <- 0x00000002003FF800

mem[X,0x00000000800007D0] -> 0x0813
mem[X,0x00000000800007D2] -> 0x7FF8
[505] [M]: 0x00000000800007D0 (0x7FF80813) addi a6, a6, 0x7ff
x16 <- 0x00000002003FFFFF

mem[X,0x00000000800007D4] -> 0x1813
mem[X,0x00000000800007D6] -> 0x00A8
[506] [M]: 0x00000000800007D4 (0x00A81813) slli a6, a6, 0xa
x16 <- 0x00000800FFFFFC00

mem[X,0x00000000800007D8] -> 0x0813
mem[X,0x00000000800007DA] -> 0x3EF8
[507] [M]: 0x00000000800007D8 (0x3EF80813) addi a6, a6, 0x3ef
x16 <- 0x00000800FFFFFFEF

mem[X,0x00000000800007DC] -> 0x229B
mem[X,0x00000000800007DE] -> 0xEB0E
[508] [M]: 0x00000000800007DC (0xEB0E229B) pssha.w.w0 t0, t3, a6
x5 <- 0xFFFFFEFF00000008

mem[X,0x00000000800007E0] -> 0x3C23
mem[X,0x00000000800007E2] -> 0x0253
[509] [M]: 0x00000000800007E0 (0x02533C23) sd t0, 0x38(t1)
mem[0x00000000800051D8] <- 0xFFFFFEFF00000008

mem[X,0x00000000800007E4] -> 0x0AB7
mem[X,0x00000000800007E6] -> 0x0010
[510] [M]: 0x00000000800007E4 (0x00100AB7) lui s5, 0x100
x21 <- 0x0000000000100000

mem[X,0x00000000800007E8] -> 0x8A93
mem[X,0x00000000800007EA] -> 0x000A
[511] [M]: 0x00000000800007E8 (0x000A8A93) addi s5, s5, 0x0
x21 <- 0x0000000000100000

mem[X,0x00000000800007EC] -> 0x9A93
mem[X,0x00000000800007EE] -> 0x00BA
[512] [M]: 0x00000000800007EC (0x00BA9A93) slli s5, s5, 0xb
x21 <- 0x0000000080000000

mem[X,0x00000000800007F0] -> 0x8A93
mem[X,0x00000000800007F2] -> 0x001A
[513] [M]: 0x00000000800007F0 (0x001A8A93) addi s5, s5, 0x1
x21 <- 0x0000000080000001

mem[X,0x00000000800007F4] -> 0x9A93
mem[X,0x00000000800007F6] -> 0x00BA
[514] [M]: 0x00000000800007F4 (0x00BA9A93) slli s5, s5, 0xb
x21 <- 0x0000040000000800

mem[X,0x00000000800007F8] -> 0x8A93
mem[X,0x00000000800007FA] -> 0x000A
[515] [M]: 0x00000000800007F8 (0x000A8A93) addi s5, s5, 0x0
x21 <- 0x0000040000000800

mem[X,0x00000000800007FC] -> 0x9A93
mem[X,0x00000000800007FE] -> 0x00AA
[516] [M]: 0x00000000800007FC (0x00AA9A93) slli s5, s5, 0xa
x21 <- 0x0010000000200000

mem[X,0x0000000080000800] -> 0x43B7
mem[X,0x0000000080000802] -> 0x0000
[517] [M]: 0x0000000080000800 (0x000043B7) lui t2, 0x4
x7 <- 0x0000000000004000

mem[X,0x0000000080000804] -> 0x8393
mem[X,0x0000000080000806] -> 0x0003
[518] [M]: 0x0000000080000804 (0x00038393) addi t2, t2, 0x0
x7 <- 0x0000000000004000

mem[X,0x0000000080000808] -> 0x9393
mem[X,0x000000008000080A] -> 0x00B3
[519] [M]: 0x0000000080000808 (0x00B39393) slli t2, t2, 0xb
x7 <- 0x0000000002000000

mem[X,0x000000008000080C] -> 0x8393
mem[X,0x000000008000080E] -> 0x7FF3
[520] [M]: 0x000000008000080C (0x7FF38393) addi t2, t2, 0x7ff
x7 <- 0x00000000020007FF

mem[X,0x0000000080000810] -> 0x9393
mem[X,0x0000000080000812] -> 0x00B3
[521] [M]: 0x0000000080000810 (0x00B39393) slli t2, t2, 0xb
x7 <- 0x00000010003FF800

mem[X,0x0000000080000814] -> 0x8393
mem[X,0x0000000080000816] -> 0x3FF3
[522] [M]: 0x0000000080000814 (0x3FF38393) addi t2, t2, 0x3ff
x7 <- 0x00000010003FFBFF

mem[X,0x0000000080000818] -> 0x9393
mem[X,0x000000008000081A] -> 0x00A3
[523] [M]: 0x0000000080000818 (0x00A39393) slli t2, t2, 0xa
x7 <- 0x00004000FFEFFC00

mem[X,0x000000008000081C] -> 0x8393
mem[X,0x000000008000081E] -> 0x3FF3
[524] [M]: 0x000000008000081C (0x3FF38393) addi t2, t2, 0x3ff
x7 <- 0x00004000FFEFFFFF

mem[X,0x0000000080000820] -> 0xA01B
mem[X,0x0000000080000822] -> 0xEA7A
[525] [M]: 0x0000000080000820 (0xEA7AA01B) pssha.w.w0 zero, s5, t2

mem[X,0x0000000080000824] -> 0x3023
mem[X,0x0000000080000826] -> 0x0403
[526] [M]: 0x0000000080000824 (0x04033023) sd zero, 0x40(t1)
mem[0x00000000800051E0] <- 0x0000000000000000

mem[X,0x0000000080000828] -> 0x01B7
mem[X,0x000000008000082A] -> 0x0200
[527] [M]: 0x0000000080000828 (0x020001B7) lui gp, 0x2000
x3 <- 0x0000000002000000

mem[X,0x000000008000082C] -> 0x8193
mem[X,0x000000008000082E] -> 0x0001
[528] [M]: 0x000000008000082C (0x00018193) addi gp, gp, 0x0
x3 <- 0x0000000002000000

mem[X,0x0000000080000830] -> 0x9193
mem[X,0x0000000080000832] -> 0x00B1
[529] [M]: 0x0000000080000830 (0x00B19193) slli gp, gp, 0xb
x3 <- 0x0000001000000000

mem[X,0x0000000080000834] -> 0x8193
mem[X,0x0000000080000836] -> 0x0021
[530] [M]: 0x0000000080000834 (0x00218193) addi gp, gp, 0x2
x3 <- 0x0000001000000002

mem[X,0x0000000080000838] -> 0x9193
mem[X,0x000000008000083A] -> 0x00B1
[531] [M]: 0x0000000080000838 (0x00B19193) slli gp, gp, 0xb
x3 <- 0x0000800000001000

mem[X,0x000000008000083C] -> 0x8193
mem[X,0x000000008000083E] -> 0x0001
[532] [M]: 0x000000008000083C (0x00018193) addi gp, gp, 0x0
x3 <- 0x0000800000001000

mem[X,0x0000000080000840] -> 0x9193
mem[X,0x0000000080000842] -> 0x00A1
[533] [M]: 0x0000000080000840 (0x00A19193) slli gp, gp, 0xa
x3 <- 0x0200000000400000

mem[X,0x0000000080000844] -> 0x0437
mem[X,0x0000000080000846] -> 0xFFFF
[534] [M]: 0x0000000080000844 (0xFFFF0437) lui fp, -0x10
x8 <- 0xFFFFFFFFFFFF0000

mem[X,0x0000000080000848] -> 0x0413
mem[X,0x000000008000084A] -> 0xFFF4
[535] [M]: 0x0000000080000848 (0xFFF40413) addi fp, fp, -0x1
x8 <- 0xFFFFFFFFFFFEFFFF

mem[X,0x000000008000084C] -> 0x1413
mem[X,0x000000008000084E] -> 0x00B4
[536] [M]: 0x000000008000084C (0x00B41413) slli fp, fp, 0xb
x8 <- 0xFFFFFFFFF7FFF800

mem[X,0x0000000080000850] -> 0x0413
mem[X,0x0000000080000852] -> 0x0004
[537] [M]: 0x0000000080000850 (0x00040413) addi fp, fp, 0x0
x8 <- 0xFFFFFFFFF7FFF800

mem[X,0x0000000080000854] -> 0x1413
mem[X,0x0000000080000856] -> 0x00B4
[538] [M]: 0x0000000080000854 (0x00B41413) slli fp, fp, 0xb
x8 <- 0xFFFFFFBFFFC00000

mem[X,0x0000000080000858] -> 0x0413
mem[X,0x000000008000085A] -> 0x0004
[539] [M]: 0x0000000080000858 (0x00040413) addi fp, fp, 0x0
x8 <- 0xFFFFFFBFFFC00000

mem[X,0x000000008000085C] -> 0x1413
mem[X,0x000000008000085E] -> 0x00A4
[540] [M]: 0x000000008000085C (0x00A41413) slli fp, fp, 0xa
x8 <- 0xFFFEFFFF00000000

mem[X,0x0000000080000860] -> 0x0413
mem[X,0x0000000080000862] -> 0x0804
[541] [M]: 0x0000000080000860 (0x08040413) addi fp, fp, 0x80
x8 <- 0xFFFEFFFF00000080

mem[X,0x0000000080000864] -> 0xAB9B
mem[X,0x0000000080000866] -> 0xEA81
[542] [M]: 0x0000000080000864 (0xEA81AB9B) pssha.w.w0 s7, gp, fp
x23 <- 0x0200000000400000

mem[X,0x0000000080000868] -> 0x3423
mem[X,0x000000008000086A] -> 0x0573
[543] [M]: 0x0000000080000868 (0x05733423) sd s7, 0x48(t1)
mem[0x00000000800051E8] <- 0x0200000000400000

mem[X,0x000000008000086C] -> 0x8EB7
mem[X,0x000000008000086E] -> 0x0000
[544] [M]: 0x000000008000086C (0x00008EB7) lui t4, 0x8
x29 <- 0x0000000000008000

mem[X,0x0000000080000870] -> 0x8E93
mem[X,0x0000000080000872] -> 0x001E
[545] [M]: 0x0000000080000870 (0x001E8E93) addi t4, t4, 0x1
x29 <- 0x0000000000008001

mem[X,0x0000000080000874] -> 0x9E93
mem[X,0x0000000080000876] -> 0x017E
[546] [M]: 0x0000000080000874 (0x017E9E93) slli t4, t4, 0x17
x29 <- 0x0000004000800000

mem[X,0x0000000080000878] -> 0x0FB7
mem[X,0x000000008000087A] -> 0x0000
[547] [M]: 0x0000000080000878 (0x00000FB7) lui t6, 0x0
x31 <- 0x0000000000000000

mem[X,0x000000008000087C] -> 0x8F93
mem[X,0x000000008000087E] -> 0xBFFF
[548] [M]: 0x000000008000087C (0xBFFF8F93) addi t6, t6, -0x401
x31 <- 0xFFFFFFFFFFFFFBFF

mem[X,0x0000000080000880] -> 0x9F93
mem[X,0x0000000080000882] -> 0x00BF
[549] [M]: 0x0000000080000880 (0x00BF9F93) slli t6, t6, 0xb
x31 <- 0xFFFFFFFFFFDFF800

mem[X,0x0000000080000884] -> 0x8F93
mem[X,0x0000000080000886] -> 0x1FFF
[550] [M]: 0x0000000080000884 (0x1FFF8F93) addi t6, t6, 0x1ff
x31 <- 0xFFFFFFFFFFDFF9FF

mem[X,0x0000000080000888] -> 0x9F93
mem[X,0x000000008000088A] -> 0x00BF
[551] [M]: 0x0000000080000888 (0x00BF9F93) slli t6, t6, 0xb
x31 <- 0xFFFFFFFEFFCFF800

mem[X,0x000000008000088C] -> 0x8F93
mem[X,0x000000008000088E] -> 0x7FFF
[552] [M]: 0x000000008000088C (0x7FFF8F93) addi t6, t6, 0x7ff
x31 <- 0xFFFFFFFEFFCFFFFF

mem[X,0x0000000080000890] -> 0x9F93
mem[X,0x0000000080000892] -> 0x00AF
[553] [M]: 0x0000000080000890 (0x00AF9F93) slli t6, t6, 0xa
x31 <- 0xFFFFFBFF3FFFFC00

mem[X,0x0000000080000894] -> 0x8F93
mem[X,0x0000000080000896] -> 0x3FFF
[554] [M]: 0x0000000080000894 (0x3FFF8F93) addi t6, t6, 0x3ff
x31 <- 0xFFFFFBFF3FFFFFFF

mem[X,0x0000000080000898] -> 0xA21B
mem[X,0x000000008000089A] -> 0xEBFE
[555] [M]: 0x0000000080000898 (0xEBFEA21B) pssha.w.w0 tp, t4, t6
x4 <- 0x0000002000400000

mem[X,0x000000008000089C] -> 0x3823
mem[X,0x000000008000089E] -> 0x0443
[556] [M]: 0x000000008000089C (0x04433823) sd tp, 0x50(t1)
mem[0x00000000800051F0] <- 0x0000002000400000

mem[X,0x00000000800008A0] -> 0x0237
mem[X,0x00000000800008A2] -> 0xFFFC
[557] [M]: 0x00000000800008A0 (0xFFFC0237) lui tp, -0x40
x4 <- 0xFFFFFFFFFFFC0000

mem[X,0x00000000800008A4] -> 0x0213
mem[X,0x00000000800008A6] -> 0xFFF2
[558] [M]: 0x00000000800008A4 (0xFFF20213) addi tp, tp, -0x1
x4 <- 0xFFFFFFFFFFFBFFFF

mem[X,0x00000000800008A8] -> 0x1213
mem[X,0x00000000800008AA] -> 0x00B2
[559] [M]: 0x00000000800008A8 (0x00B21213) slli tp, tp, 0xb
x4 <- 0xFFFFFFFFDFFFF800

mem[X,0x00000000800008AC] -> 0x0213
mem[X,0x00000000800008AE] -> 0x0082
[560] [M]: 0x00000000800008AC (0x00820213) addi tp, tp, 0x8
x4 <- 0xFFFFFFFFDFFFF808

mem[X,0x00000000800008B0] -> 0x1213
mem[X,0x00000000800008B2] -> 0x00B2
[561] [M]: 0x00000000800008B0 (0x00B21213) slli tp, tp, 0xb
x4 <- 0xFFFFFEFFFFC04000

mem[X,0x00000000800008B4] -> 0x0213
mem[X,0x00000000800008B6] -> 0x0002
[562] [M]: 0x00000000800008B4 (0x00020213) addi tp, tp, 0x0
x4 <- 0xFFFFFEFFFFC04000

mem[X,0x00000000800008B8] -> 0x1213
mem[X,0x00000000800008BA] -> 0x00A2
[563] [M]: 0x00000000800008B8 (0x00A21213) slli tp, tp, 0xa
x4 <- 0xFFFBFFFF01000000

mem[X,0x00000000800008BC] -> 0x80B7
mem[X,0x00000000800008BE] -> 0xFFFF
[564] [M]: 0x00000000800008BC (0xFFFF80B7) lui ra, -0x8
x1 <- 0xFFFFFFFFFFFF8000

mem[X,0x00000000800008C0] -> 0x8093
mem[X,0x00000000800008C2] -> 0xFFF0
[565] [M]: 0x00000000800008C0 (0xFFF08093) addi ra, ra, -0x1
x1 <- 0xFFFFFFFFFFFF7FFF

mem[X,0x00000000800008C4] -> 0x9093
mem[X,0x00000000800008C6] -> 0x00B0
[566] [M]: 0x00000000800008C4 (0x00B09093) slli ra, ra, 0xb
x1 <- 0xFFFFFFFFFBFFF800

mem[X,0x00000000800008C8] -> 0x8093
mem[X,0x00000000800008CA] -> 0x0000
[567] [M]: 0x00000000800008C8 (0x00008093) addi ra, ra, 0x0
x1 <- 0xFFFFFFFFFBFFF800

mem[X,0x00000000800008CC] -> 0x9093
mem[X,0x00000000800008CE] -> 0x00B0
[568] [M]: 0x00000000800008CC (0x00B09093) slli ra, ra, 0xb
x1 <- 0xFFFFFFDFFFC00000

mem[X,0x00000000800008D0] -> 0x8093
mem[X,0x00000000800008D2] -> 0x2000
[569] [M]: 0x00000000800008D0 (0x20008093) addi ra, ra, 0x200
x1 <- 0xFFFFFFDFFFC00200

mem[X,0x00000000800008D4] -> 0x9093
mem[X,0x00000000800008D6] -> 0x00A0
[570] [M]: 0x00000000800008D4 (0x00A09093) slli ra, ra, 0xa
x1 <- 0xFFFF7FFF00080000

mem[X,0x00000000800008D8] -> 0x299B
mem[X,0x00000000800008DA] -> 0xEA12
[571] [M]: 0x00000000800008D8 (0xEA12299B) pssha.w.w0 s3, tp, ra
x19 <- 0xFFFBFFFF01000000

mem[X,0x00000000800008DC] -> 0x3C23
mem[X,0x00000000800008DE] -> 0x0533
[572] [M]: 0x00000000800008DC (0x05333C23) sd s3, 0x58(t1)
mem[0x00000000800051F8] <- 0xFFFBFFFF01000000

mem[X,0x00000000800008E0] -> 0x0013
mem[X,0x00000000800008E2] -> 0x3810
[573] [M]: 0x00000000800008E0 (0x38100013) addi zero, zero, 0x381

mem[X,0x00000000800008E4] -> 0x1013
mem[X,0x00000000800008E6] -> 0x0190
[574] [M]: 0x00000000800008E4 (0x01901013) slli zero, zero, 0x19

mem[X,0x00000000800008E8] -> 0x07B7
mem[X,0x00000000800008EA] -> 0xFFC0
[575] [M]: 0x00000000800008E8 (0xFFC007B7) lui a5, -0x400
x15 <- 0xFFFFFFFFFFC00000

mem[X,0x00000000800008EC] -> 0x8793
mem[X,0x00000000800008EE] -> 0xFFF7
[576] [M]: 0x00000000800008EC (0xFFF78793) addi a5, a5, -0x1
x15 <- 0xFFFFFFFFFFBFFFFF

mem[X,0x00000000800008F0] -> 0x9793
mem[X,0x00000000800008F2] -> 0x00B7
[577] [M]: 0x00000000800008F0 (0x00B79793) slli a5, a5, 0xb
x15 <- 0xFFFFFFFDFFFFF800

mem[X,0x00000000800008F4] -> 0x8793
mem[X,0x00000000800008F6] -> 0x7FF7
[578] [M]: 0x00000000800008F4 (0x7FF78793) addi a5, a5, 0x7ff
x15 <- 0xFFFFFFFDFFFFFFFF

mem[X,0x00000000800008F8] -> 0x9793
mem[X,0x00000000800008FA] -> 0x00B7
[579] [M]: 0x00000000800008F8 (0x00B79793) slli a5, a5, 0xb
x15 <- 0xFFFFEFFFFFFFF800

mem[X,0x00000000800008FC] -> 0x8793
mem[X,0x00000000800008FE] -> 0x7FF7
[580] [M]: 0x00000000800008FC (0x7FF78793) addi a5, a5, 0x7ff
x15 <- 0xFFFFEFFFFFFFFFFF

mem[X,0x0000000080000900] -> 0x9793
mem[X,0x0000000080000902] -> 0x00A7
[581] [M]: 0x0000000080000900 (0x00A79793) slli a5, a5, 0xa
x15 <- 0xFFBFFFFFFFFFFC00

mem[X,0x0000000080000904] -> 0x8793
mem[X,0x0000000080000906] -> 0x3FE7
[582] [M]: 0x0000000080000904 (0x3FE78793) addi a5, a5, 0x3fe
x15 <- 0xFFBFFFFFFFFFFFFE

mem[X,0x0000000080000908] -> 0x2D9B
mem[X,0x000000008000090A] -> 0xEAF0
[583] [M]: 0x0000000080000908 (0xEAF02D9B) pssha.w.w0 s11, zero, a5
x27 <- 0x0000000000000000

mem[X,0x000000008000090C] -> 0x3023
mem[X,0x000000008000090E] -> 0x07B3
[584] [M]: 0x000000008000090C (0x07B33023) sd s11, 0x60(t1)
mem[0x0000000080005200] <- 0x0000000000000000

mem[X,0x0000000080000910] -> 0x03B7
mem[X,0x0000000080000912] -> 0x0001
[585] [M]: 0x0000000080000910 (0x000103B7) lui t2, 0x10
x7 <- 0x0000000000010000

mem[X,0x0000000080000914] -> 0x8393
mem[X,0x0000000080000916] -> 0x0013
[586] [M]: 0x0000000080000914 (0x00138393) addi t2, t2, 0x1
x7 <- 0x0000000000010001

mem[X,0x0000000080000918] -> 0x9393
mem[X,0x000000008000091A] -> 0x01A3
[587] [M]: 0x0000000080000918 (0x01A39393) slli t2, t2, 0x1a
x7 <- 0x0000040004000000

mem[X,0x000000008000091C] -> 0x0F13
mem[X,0x000000008000091E] -> 0x0010
[588] [M]: 0x000000008000091C (0x00100F13) addi t5, zero, 0x1
x30 <- 0x0000000000000001

mem[X,0x0000000080000920] -> 0x1F13
mem[X,0x0000000080000922] -> 0x00DF
[589] [M]: 0x0000000080000920 (0x00DF1F13) slli t5, t5, 0xd
x30 <- 0x0000000000002000

mem[X,0x0000000080000924] -> 0x4F13
mem[X,0x0000000080000926] -> 0xFFFF
[590] [M]: 0x0000000080000924 (0xFFFF4F13) xori t5, t5, -0x1
x30 <- 0xFFFFFFFFFFFFDFFF

mem[X,0x0000000080000928] -> 0xA51B
mem[X,0x000000008000092A] -> 0xEBE3
[591] [M]: 0x0000000080000928 (0xEBE3A51B) pssha.w.w0 a0, t2, t5
x10 <- 0x0000020002000000

mem[X,0x000000008000092C] -> 0x3423
mem[X,0x000000008000092E] -> 0x06A3
[592] [M]: 0x000000008000092C (0x06A33423) sd a0, 0x68(t1)
mem[0x0000000080005208] <- 0x0000020002000000

mem[X,0x0000000080000930] -> 0x0013
mem[X,0x0000000080000932] -> 0x0000
[593] [M]: 0x0000000080000930 (0x00000013) addi zero, zero, 0x0

mem[X,0x0000000080000934] -> 0x0013
mem[X,0x0000000080000936] -> 0x0000
[594] [M]: 0x0000000080000934 (0x00000013) addi zero, zero, 0x0

mem[X,0x0000000080000938] -> 0x0013
mem[X,0x000000008000093A] -> 0x0000
[595] [M]: 0x0000000080000938 (0x00000013) addi zero, zero, 0x0

mem[X,0x000000008000093C] -> 0x0013
mem[X,0x000000008000093E] -> 0x0000
[596] [M]: 0x000000008000093C (0x00000013) addi zero, zero, 0x0

mem[X,0x0000000080000940] -> 0x5097
mem[X,0x0000000080000942] -> 0x0000
[597] [M]: 0x0000000080000940 (0x00005097) auipc ra, 0x5
x1 <- 0x0000000080005940

mem[X,0x0000000080000944] -> 0x8093
mem[X,0x0000000080000946] -> 0x8D00
[598] [M]: 0x0000000080000944 (0x8D008093) addi ra, ra, -0x730
x1 <- 0x0000000080005210

mem[X,0x0000000080000948] -> 0x0013
mem[X,0x000000008000094A] -> 0x0000
[599] [M]: 0x0000000080000948 (0x00000013) addi zero, zero, 0x0

clint::tick mtime <- 0x0000000000000006
 clint timer pending at mtime 0x0000000000000006
htif::tick 0x0000000000000000
mem[X,0x000000008000094C] -> 0x0013
mem[X,0x000000008000094E] -> 0x0000
[600] [M]: 0x000000008000094C (0x00000013) addi zero, zero, 0x0

mem[X,0x0000000080000950] -> 0x0013
mem[X,0x0000000080000952] -> 0x0000
[601] [M]: 0x0000000080000950 (0x00000013) addi zero, zero, 0x0

mem[X,0x0000000080000954] -> 0x0013
mem[X,0x0000000080000956] -> 0x0000
[602] [M]: 0x0000000080000954 (0x00000013) addi zero, zero, 0x0

mem[X,0x0000000080000958] -> 0x0013
mem[X,0x000000008000095A] -> 0x0000
[603] [M]: 0x0000000080000958 (0x00000013) addi zero, zero, 0x0

mem[X,0x000000008000095C] -> 0x0013
mem[X,0x000000008000095E] -> 0x0000
[604] [M]: 0x000000008000095C (0x00000013) addi zero, zero, 0x0

mem[X,0x0000000080000960] -> 0x0C37
mem[X,0x0000000080000962] -> 0x0400
[605] [M]: 0x0000000080000960 (0x04000C37) lui s8, 0x4000
x24 <- 0x0000000004000000

mem[X,0x0000000080000964] -> 0x0C13
mem[X,0x0000000080000966] -> 0x000C
[606] [M]: 0x0000000080000964 (0x000C0C13) addi s8, s8, 0x0
x24 <- 0x0000000004000000

mem[X,0x0000000080000968] -> 0x1C13
mem[X,0x000000008000096A] -> 0x00BC
[607] [M]: 0x0000000080000968 (0x00BC1C13) slli s8, s8, 0xb
x24 <- 0x0000002000000000

mem[X,0x000000008000096C] -> 0x0C13
mem[X,0x000000008000096E] -> 0x040C
[608] [M]: 0x000000008000096C (0x040C0C13) addi s8, s8, 0x40
x24 <- 0x0000002000000040

mem[X,0x0000000080000970] -> 0x1C13
mem[X,0x0000000080000972] -> 0x00BC
[609] [M]: 0x0000000080000970 (0x00BC1C13) slli s8, s8, 0xb
x24 <- 0x0001000000020000

mem[X,0x0000000080000974] -> 0x0C13
mem[X,0x0000000080000976] -> 0x000C
[610] [M]: 0x0000000080000974 (0x000C0C13) addi s8, s8, 0x0
x24 <- 0x0001000000020000

mem[X,0x0000000080000978] -> 0x1C13
mem[X,0x000000008000097A] -> 0x00AC
[611] [M]: 0x0000000080000978 (0x00AC1C13) slli s8, s8, 0xa
x24 <- 0x0400000008000000

mem[X,0x000000008000097C] -> 0x0B37
mem[X,0x000000008000097E] -> 0xC000
[612] [M]: 0x000000008000097C (0xC0000B37) lui s6, -0x40000
x22 <- 0xFFFFFFFFC0000000

mem[X,0x0000000080000980] -> 0x0B13
mem[X,0x0000000080000982] -> 0xFFFB
[613] [M]: 0x0000000080000980 (0xFFFB0B13) addi s6, s6, -0x1
x22 <- 0xFFFFFFFFBFFFFFFF

mem[X,0x0000000080000984] -> 0x1B13
mem[X,0x0000000080000986] -> 0x00BB
[614] [M]: 0x0000000080000984 (0x00BB1B13) slli s6, s6, 0xb
x22 <- 0xFFFFFDFFFFFFF800

mem[X,0x0000000080000988] -> 0x0B13
mem[X,0x000000008000098A] -> 0x080B
[615] [M]: 0x0000000080000988 (0x080B0B13) addi s6, s6, 0x80
x22 <- 0xFFFFFDFFFFFFF880

mem[X,0x000000008000098C] -> 0x1B13
mem[X,0x000000008000098E] -> 0x00BB
[616] [M]: 0x000000008000098C (0x00BB1B13) slli s6, s6, 0xb
x22 <- 0xFFEFFFFFFFC40000

mem[X,0x0000000080000990] -> 0x0B13
mem[X,0x0000000080000992] -> 0x000B
[617] [M]: 0x0000000080000990 (0x000B0B13) addi s6, s6, 0x0
x22 <- 0xFFEFFFFFFFC40000

mem[X,0x0000000080000994] -> 0x1B13
mem[X,0x0000000080000996] -> 0x00AB
[618] [M]: 0x0000000080000994 (0x00AB1B13) slli s6, s6, 0xa
x22 <- 0xBFFFFFFF10000000

mem[X,0x0000000080000998] -> 0x2F1B
mem[X,0x000000008000099A] -> 0xEB6C
[619] [M]: 0x0000000080000998 (0xEB6C2F1B) pssha.w.w0 t5, s8, s6
x30 <- 0x0400000008000000

mem[X,0x000000008000099C] -> 0xB023
mem[X,0x000000008000099E] -> 0x01E0
[620] [M]: 0x000000008000099C (0x01E0B023) sd t5, 0x0(ra)
mem[0x0000000080005210] <- 0x0400000008000000

mem[X,0x00000000800009A0] -> 0x0F13
mem[X,0x00000000800009A2] -> 0x0010
[621] [M]: 0x00000000800009A0 (0x00100F13) addi t5, zero, 0x1
x30 <- 0x0000000000000001

mem[X,0x00000000800009A4] -> 0x1F13
mem[X,0x00000000800009A6] -> 0x01CF
[622] [M]: 0x00000000800009A4 (0x01CF1F13) slli t5, t5, 0x1c
x30 <- 0x0000000010000000

mem[X,0x00000000800009A8] -> 0x0EB7
mem[X,0x00000000800009AA] -> 0x0000
[623] [M]: 0x00000000800009A8 (0x00000EB7) lui t4, 0x0
x29 <- 0x0000000000000000

mem[X,0x00000000800009AC] -> 0x8E93
mem[X,0x00000000800009AE] -> 0xFF6E
[624] [M]: 0x00000000800009AC (0xFF6E8E93) addi t4, t4, -0xa
x29 <- 0xFFFFFFFFFFFFFFF6

mem[X,0x00000000800009B0] -> 0x9E93
mem[X,0x00000000800009B2] -> 0x00BE
[625] [M]: 0x00000000800009B0 (0x00BE9E93) slli t4, t4, 0xb
x29 <- 0xFFFFFFFFFFFFB000

mem[X,0x00000000800009B4] -> 0x8E93
mem[X,0x00000000800009B6] -> 0x7FFE
[626] [M]: 0x00000000800009B4 (0x7FFE8E93) addi t4, t4, 0x7ff
x29 <- 0xFFFFFFFFFFFFB7FF

mem[X,0x00000000800009B8] -> 0x9E93
mem[X,0x00000000800009BA] -> 0x00BE
[627] [M]: 0x00000000800009B8 (0x00BE9E93) slli t4, t4, 0xb
x29 <- 0xFFFFFFFFFDBFF800

mem[X,0x00000000800009BC] -> 0x8E93
mem[X,0x00000000800009BE] -> 0x7FFE
[628] [M]: 0x00000000800009BC (0x7FFE8E93) addi t4, t4, 0x7ff
x29 <- 0xFFFFFFFFFDBFFFFF

mem[X,0x00000000800009C0] -> 0x9E93
mem[X,0x00000000800009C2] -> 0x00AE
[629] [M]: 0x00000000800009C0 (0x00AE9E93) slli t4, t4, 0xa
x29 <- 0xFFFFFFF6FFFFFC00

mem[X,0x00000000800009C4] -> 0x8E93
mem[X,0x00000000800009C6] -> 0x3F6E
[630] [M]: 0x00000000800009C4 (0x3F6E8E93) addi t4, t4, 0x3f6
x29 <- 0xFFFFFFF6FFFFFFF6

mem[X,0x00000000800009C8] -> 0x2F9B
mem[X,0x00000000800009CA] -> 0xEBDF
[631] [M]: 0x00000000800009C8 (0xEBDF2F9B) pssha.w.w0 t6, t5, t4
x31 <- 0x0000000000040000

mem[X,0x00000000800009CC] -> 0xB423
mem[X,0x00000000800009CE] -> 0x01F0
[632] [M]: 0x00000000800009CC (0x01F0B423) sd t6, 0x8(ra)
mem[0x0000000080005218] <- 0x0000000000040000

mem[X,0x00000000800009D0] -> 0x0F37
mem[X,0x00000000800009D2] -> 0x0002
[633] [M]: 0x00000000800009D0 (0x00020F37) lui t5, 0x20
x30 <- 0x0000000000020000

mem[X,0x00000000800009D4] -> 0x0F13
mem[X,0x00000000800009D6] -> 0x001F
[634] [M]: 0x00000000800009D4 (0x001F0F13) addi t5, t5, 0x1
x30 <- 0x0000000000020001

mem[X,0x00000000800009D8] -> 0x1F13
mem[X,0x00000000800009DA] -> 0x01DF
[635] [M]: 0x00000000800009D8 (0x01DF1F13) slli t5, t5, 0x1d
x30 <- 0x0000400020000000

mem[X,0x00000000800009DC] -> 0x0E93
mem[X,0x00000000800009DE] -> 0xFFF0
[636] [M]: 0x00000000800009DC (0xFFF00E93) addi t4, zero, -0x1
x29 <- 0xFFFFFFFFFFFFFFFF

mem[X,0x00000000800009E0] -> 0xDE93
mem[X,0x00000000800009E2] -> 0x03CE
[637] [M]: 0x00000000800009E0 (0x03CEDE93) srli t4, t4, 0x3c
x29 <- 0x000000000000000F

mem[X,0x00000000800009E4] -> 0x9E93
mem[X,0x00000000800009E6] -> 0x01EE
[638] [M]: 0x00000000800009E4 (0x01EE9E93) slli t4, t4, 0x1e
x29 <- 0x00000003C0000000

mem[X,0x00000000800009E8] -> 0x2F9B
mem[X,0x00000000800009EA] -> 0xEBDF
[639] [M]: 0x00000000800009E8 (0xEBDF2F9B) pssha.w.w0 t6, t5, t4
x31 <- 0x0000400020000000

mem[X,0x00000000800009EC] -> 0xB823
mem[X,0x00000000800009EE] -> 0x01F0
[640] [M]: 0x00000000800009EC (0x01F0B823) sd t6, 0x10(ra)
mem[0x0000000080005220] <- 0x0000400020000000

mem[X,0x00000000800009F0] -> 0x0F37
mem[X,0x00000000800009F2] -> 0x0000
[641] [M]: 0x00000000800009F0 (0x00000F37) lui t5, 0x0
x30 <- 0x0000000000000000

mem[X,0x00000000800009F4] -> 0x0F13
mem[X,0x00000000800009F6] -> 0xFFEF
[642] [M]: 0x00000000800009F4 (0xFFEF0F13) addi t5, t5, -0x2
x30 <- 0xFFFFFFFFFFFFFFFE

mem[X,0x00000000800009F8] -> 0x1F13
mem[X,0x00000000800009FA] -> 0x00BF
[643] [M]: 0x00000000800009F8 (0x00BF1F13) slli t5, t5, 0xb
x30 <- 0xFFFFFFFFFFFFF000

mem[X,0x00000000800009FC] -> 0x0F13
mem[X,0x00000000800009FE] -> 0x200F
[644] [M]: 0x00000000800009FC (0x200F0F13) addi t5, t5, 0x200
x30 <- 0xFFFFFFFFFFFFF200

mem[X,0x0000000080000A00] -> 0x1F13
mem[X,0x0000000080000A02] -> 0x00BF
[645] [M]: 0x0000000080000A00 (0x00BF1F13) slli t5, t5, 0xb
x30 <- 0xFFFFFFFFFF900000

mem[X,0x0000000080000A04] -> 0x0F13
mem[X,0x0000000080000A06] -> 0x000F
[646] [M]: 0x0000000080000A04 (0x000F0F13) addi t5, t5, 0x0
x30 <- 0xFFFFFFFFFF900000

mem[X,0x0000000080000A08] -> 0x1F13
mem[X,0x0000000080000A0A] -> 0x00AF
[647] [M]: 0x0000000080000A08 (0x00AF1F13) slli t5, t5, 0xa
x30 <- 0xFFFFFFFE40000000

mem[X,0x0000000080000A0C] -> 0x0EB7
mem[X,0x0000000080000A0E] -> 0xC000
[648] [M]: 0x0000000080000A0C (0xC0000EB7) lui t4, -0x40000
x29 <- 0xFFFFFFFFC0000000

mem[X,0x0000000080000A10] -> 0x8E93
mem[X,0x0000000080000A12] -> 0x000E
[649] [M]: 0x0000000080000A10 (0x000E8E93) addi t4, t4, 0x0
x29 <- 0xFFFFFFFFC0000000

mem[X,0x0000000080000A14] -> 0x9E93
mem[X,0x0000000080000A16] -> 0x00BE
[650] [M]: 0x0000000080000A14 (0x00BE9E93) slli t4, t4, 0xb
x29 <- 0xFFFFFE0000000000

mem[X,0x0000000080000A18] -> 0x8E93
mem[X,0x0000000080000A1A] -> 0x010E
[651] [M]: 0x0000000080000A18 (0x010E8E93) addi t4, t4, 0x10
x29 <- 0xFFFFFE0000000010

mem[X,0x0000000080000A1C] -> 0x9E93
mem[X,0x0000000080000A1E] -> 0x00BE
[652] [M]: 0x0000000080000A1C (0x00BE9E93) slli t4, t4, 0xb
x29 <- 0xFFF0000000008000

mem[X,0x0000000080000A20] -> 0x8E93
mem[X,0x0000000080000A22] -> 0x000E
[653] [M]: 0x0000000080000A20 (0x000E8E93) addi t4, t4, 0x0
x29 <- 0xFFF0000000008000

mem[X,0x0000000080000A24] -> 0x9E93
mem[X,0x0000000080000A26] -> 0x00AE
[654] [M]: 0x0000000080000A24 (0x00AE9E93) slli t4, t4, 0xa
x29 <- 0xC000000002000000

mem[X,0x0000000080000A28] -> 0x2F9B
mem[X,0x0000000080000A2A] -> 0xEBDF
[655] [M]: 0x0000000080000A28 (0xEBDF2F9B) pssha.w.w0 t6, t5, t4
x31 <- 0xFFFFFFFE40000000

mem[X,0x0000000080000A2C] -> 0xBC23
mem[X,0x0000000080000A2E] -> 0x01F0
[656] [M]: 0x0000000080000A2C (0x01F0BC23) sd t6, 0x18(ra)
mem[0x0000000080005228] <- 0xFFFFFFFE40000000

mem[X,0x0000000080000A30] -> 0x0F37
mem[X,0x0000000080000A32] -> 0x0000
[657] [M]: 0x0000000080000A30 (0x00000F37) lui t5, 0x0
x30 <- 0x0000000000000000

mem[X,0x0000000080000A34] -> 0x0F13
mem[X,0x0000000080000A36] -> 0x009F
[658] [M]: 0x0000000080000A34 (0x009F0F13) addi t5, t5, 0x9
x30 <- 0x0000000000000009

mem[X,0x0000000080000A38] -> 0x1F13
mem[X,0x0000000080000A3A] -> 0x00BF
[659] [M]: 0x0000000080000A38 (0x00BF1F13) slli t5, t5, 0xb
x30 <- 0x0000000000004800

mem[X,0x0000000080000A3C] -> 0x0F13
mem[X,0x0000000080000A3E] -> 0x7FFF
[660] [M]: 0x0000000080000A3C (0x7FFF0F13) addi t5, t5, 0x7ff
x30 <- 0x0000000000004FFF

mem[X,0x0000000080000A40] -> 0x1F13
mem[X,0x0000000080000A42] -> 0x00BF
[661] [M]: 0x0000000080000A40 (0x00BF1F13) slli t5, t5, 0xb
x30 <- 0x00000000027FF800

mem[X,0x0000000080000A44] -> 0x0F13
mem[X,0x0000000080000A46] -> 0x7FFF
[662] [M]: 0x0000000080000A44 (0x7FFF0F13) addi t5, t5, 0x7ff
x30 <- 0x00000000027FFFFF

mem[X,0x0000000080000A48] -> 0x1F13
mem[X,0x0000000080000A4A] -> 0x00AF
[663] [M]: 0x0000000080000A48 (0x00AF1F13) slli t5, t5, 0xa
x30 <- 0x00000009FFFFFC00

mem[X,0x0000000080000A4C] -> 0x0F13
mem[X,0x0000000080000A4E] -> 0x3FEF
[664] [M]: 0x0000000080000A4C (0x3FEF0F13) addi t5, t5, 0x3fe
x30 <- 0x00000009FFFFFFFE

mem[X,0x0000000080000A50] -> 0x0EB7
mem[X,0x0000000080000A52] -> 0x0000
[665] [M]: 0x0000000080000A50 (0x00000EB7) lui t4, 0x0
x29 <- 0x0000000000000000

mem[X,0x0000000080000A54] -> 0x8E93
mem[X,0x0000000080000A56] -> 0x007E
[666] [M]: 0x0000000080000A54 (0x007E8E93) addi t4, t4, 0x7
x29 <- 0x0000000000000007

mem[X,0x0000000080000A58] -> 0x9E93
mem[X,0x0000000080000A5A] -> 0x00BE
[667] [M]: 0x0000000080000A58 (0x00BE9E93) slli t4, t4, 0xb
x29 <- 0x0000000000003800

mem[X,0x0000000080000A5C] -> 0x8E93
mem[X,0x0000000080000A5E] -> 0x7FFE
[668] [M]: 0x0000000080000A5C (0x7FFE8E93) addi t4, t4, 0x7ff
x29 <- 0x0000000000003FFF

mem[X,0x0000000080000A60] -> 0x9E93
mem[X,0x0000000080000A62] -> 0x00BE
[669] [M]: 0x0000000080000A60 (0x00BE9E93) slli t4, t4, 0xb
x29 <- 0x0000000001FFF800

mem[X,0x0000000080000A64] -> 0x8E93
mem[X,0x0000000080000A66] -> 0x7FFE
[670] [M]: 0x0000000080000A64 (0x7FFE8E93) addi t4, t4, 0x7ff
x29 <- 0x0000000001FFFFFF

mem[X,0x0000000080000A68] -> 0x9E93
mem[X,0x0000000080000A6A] -> 0x00AE
[671] [M]: 0x0000000080000A68 (0x00AE9E93) slli t4, t4, 0xa
x29 <- 0x00000007FFFFFC00

mem[X,0x0000000080000A6C] -> 0x8E93
mem[X,0x0000000080000A6E] -> 0x3BFE
[672] [M]: 0x0000000080000A6C (0x3BFE8E93) addi t4, t4, 0x3bf
x29 <- 0x00000007FFFFFFBF

mem[X,0x0000000080000A70] -> 0x2F9B
mem[X,0x0000000080000A72] -> 0xEBDF
[673] [M]: 0x0000000080000A70 (0xEBDF2F9B) pssha.w.w0 t6, t5, t4
x31 <- 0x00000004FFFFFFFF

mem[X,0x0000000080000A74] -> 0xB023
mem[X,0x0000000080000A76] -> 0x03F0
[674] [M]: 0x0000000080000A74 (0x03F0B023) sd t6, 0x20(ra)
mem[0x0000000080005230] <- 0x00000004FFFFFFFF

mem[X,0x0000000080000A78] -> 0x0F37
mem[X,0x0000000080000A7A] -> 0x0000
[675] [M]: 0x0000000080000A78 (0x00000F37) lui t5, 0x0
x30 <- 0x0000000000000000

mem[X,0x0000000080000A7C] -> 0x0F13
mem[X,0x0000000080000A7E] -> 0xEFFF
[676] [M]: 0x0000000080000A7C (0xEFFF0F13) addi t5, t5, -0x101
x30 <- 0xFFFFFFFFFFFFFEFF

mem[X,0x0000000080000A80] -> 0x1F13
mem[X,0x0000000080000A82] -> 0x00BF
[677] [M]: 0x0000000080000A80 (0x00BF1F13) slli t5, t5, 0xb
x30 <- 0xFFFFFFFFFFF7F800

mem[X,0x0000000080000A84] -> 0x0F13
mem[X,0x0000000080000A86] -> 0x7FFF
[678] [M]: 0x0000000080000A84 (0x7FFF0F13) addi t5, t5, 0x7ff
x30 <- 0xFFFFFFFFFFF7FFFF

mem[X,0x0000000080000A88] -> 0x1F13
mem[X,0x0000000080000A8A] -> 0x00BF
[679] [M]: 0x0000000080000A88 (0x00BF1F13) slli t5, t5, 0xb
x30 <- 0xFFFFFFFFBFFFF800

mem[X,0x0000000080000A8C] -> 0x0F13
mem[X,0x0000000080000A8E] -> 0x7FFF
[680] [M]: 0x0000000080000A8C (0x7FFF0F13) addi t5, t5, 0x7ff
x30 <- 0xFFFFFFFFBFFFFFFF

mem[X,0x0000000080000A90] -> 0x1F13
mem[X,0x0000000080000A92] -> 0x00AF
[681] [M]: 0x0000000080000A90 (0x00AF1F13) slli t5, t5, 0xa
x30 <- 0xFFFFFEFFFFFFFC00

mem[X,0x0000000080000A94] -> 0x0F13
mem[X,0x0000000080000A96] -> 0x3FDF
[682] [M]: 0x0000000080000A94 (0x3FDF0F13) addi t5, t5, 0x3fd
x30 <- 0xFFFFFEFFFFFFFFFD

mem[X,0x0000000080000A98] -> 0x0EB7
mem[X,0x0000000080000A9A] -> 0xFFE0
[683] [M]: 0x0000000080000A98 (0xFFE00EB7) lui t4, -0x200
x29 <- 0xFFFFFFFFFFE00000

mem[X,0x0000000080000A9C] -> 0x8E93
mem[X,0x0000000080000A9E] -> 0xFFFE
[684] [M]: 0x0000000080000A9C (0xFFFE8E93) addi t4, t4, -0x1
x29 <- 0xFFFFFFFFFFDFFFFF

mem[X,0x0000000080000AA0] -> 0x9E93
mem[X,0x0000000080000AA2] -> 0x00BE
[685] [M]: 0x0000000080000AA0 (0x00BE9E93) slli t4, t4, 0xb
x29 <- 0xFFFFFFFEFFFFF800

mem[X,0x0000000080000AA4] -> 0x8E93
mem[X,0x0000000080000AA6] -> 0x000E
[686] [M]: 0x0000000080000AA4 (0x000E8E93) addi t4, t4, 0x0
x29 <- 0xFFFFFFFEFFFFF800

mem[X,0x0000000080000AA8] -> 0x9E93
mem[X,0x0000000080000AAA] -> 0x00BE
[687] [M]: 0x0000000080000AA8 (0x00BE9E93) slli t4, t4, 0xb
x29 <- 0xFFFFF7FFFFC00000

mem[X,0x0000000080000AAC] -> 0x8E93
mem[X,0x0000000080000AAE] -> 0x400E
[688] [M]: 0x0000000080000AAC (0x400E8E93) addi t4, t4, 0x400
x29 <- 0xFFFFF7FFFFC00400

mem[X,0x0000000080000AB0] -> 0x9E93
mem[X,0x0000000080000AB2] -> 0x00AE
[689] [M]: 0x0000000080000AB0 (0x00AE9E93) slli t4, t4, 0xa
x29 <- 0xFFDFFFFF00100000

mem[X,0x0000000080000AB4] -> 0x2F9B
mem[X,0x0000000080000AB6] -> 0xEBDF
[690] [M]: 0x0000000080000AB4 (0xEBDF2F9B) pssha.w.w0 t6, t5, t4
x31 <- 0xFFFFFEFFFFFFFFFD

mem[X,0x0000000080000AB8] -> 0xB423
mem[X,0x0000000080000ABA] -> 0x03F0
[691] [M]: 0x0000000080000AB8 (0x03F0B423) sd t6, 0x28(ra)
mem[0x0000000080005238] <- 0xFFFFFEFFFFFFFFFD

mem[X,0x0000000080000ABC] -> 0x0F37
mem[X,0x0000000080000ABE] -> 0x0000
[692] [M]: 0x0000000080000ABC (0x00000F37) lui t5, 0x0
x30 <- 0x0000000000000000

mem[X,0x0000000080000AC0] -> 0x0F13
mem[X,0x0000000080000AC2] -> 0xEFFF
[693] [M]: 0x0000000080000AC0 (0xEFFF0F13) addi t5, t5, -0x101
x30 <- 0xFFFFFFFFFFFFFEFF

mem[X,0x0000000080000AC4] -> 0x1F13
mem[X,0x0000000080000AC6] -> 0x00BF
[694] [M]: 0x0000000080000AC4 (0x00BF1F13) slli t5, t5, 0xb
x30 <- 0xFFFFFFFFFFF7F800

mem[X,0x0000000080000AC8] -> 0x0F13
mem[X,0x0000000080000ACA] -> 0x7FFF
[695] [M]: 0x0000000080000AC8 (0x7FFF0F13) addi t5, t5, 0x7ff
x30 <- 0xFFFFFFFFFFF7FFFF

mem[X,0x0000000080000ACC] -> 0x1F13
mem[X,0x0000000080000ACE] -> 0x00BF
[696] [M]: 0x0000000080000ACC (0x00BF1F13) slli t5, t5, 0xb
x30 <- 0xFFFFFFFFBFFFF800

mem[X,0x0000000080000AD0] -> 0x0F13
mem[X,0x0000000080000AD2] -> 0x7FFF
[697] [M]: 0x0000000080000AD0 (0x7FFF0F13) addi t5, t5, 0x7ff
x30 <- 0xFFFFFFFFBFFFFFFF

mem[X,0x0000000080000AD4] -> 0x1F13
mem[X,0x0000000080000AD6] -> 0x00AF
[698] [M]: 0x0000000080000AD4 (0x00AF1F13) slli t5, t5, 0xa
x30 <- 0xFFFFFEFFFFFFFC00

mem[X,0x0000000080000AD8] -> 0x0F13
mem[X,0x0000000080000ADA] -> 0x3FBF
[699] [M]: 0x0000000080000AD8 (0x3FBF0F13) addi t5, t5, 0x3fb
x30 <- 0xFFFFFEFFFFFFFFFB

clint::tick mtime <- 0x0000000000000007
 clint timer pending at mtime 0x0000000000000007
htif::tick 0x0000000000000000
mem[X,0x0000000080000ADC] -> 0x0EB7
mem[X,0x0000000080000ADE] -> 0x0040
[700] [M]: 0x0000000080000ADC (0x00400EB7) lui t4, 0x400
x29 <- 0x0000000000400000

mem[X,0x0000000080000AE0] -> 0x8E93
mem[X,0x0000000080000AE2] -> 0x000E
[701] [M]: 0x0000000080000AE0 (0x000E8E93) addi t4, t4, 0x0
x29 <- 0x0000000000400000

mem[X,0x0000000080000AE4] -> 0x9E93
mem[X,0x0000000080000AE6] -> 0x00BE
[702] [M]: 0x0000000080000AE4 (0x00BE9E93) slli t4, t4, 0xb
x29 <- 0x0000000200000000

mem[X,0x0000000080000AE8] -> 0x8E93
mem[X,0x0000000080000AEA] -> 0x000E
[703] [M]: 0x0000000080000AE8 (0x000E8E93) addi t4, t4, 0x0
x29 <- 0x0000000200000000

mem[X,0x0000000080000AEC] -> 0x9E93
mem[X,0x0000000080000AEE] -> 0x00BE
[704] [M]: 0x0000000080000AEC (0x00BE9E93) slli t4, t4, 0xb
x29 <- 0x0000100000000000

mem[X,0x0000000080000AF0] -> 0x8E93
mem[X,0x0000000080000AF2] -> 0x004E
[705] [M]: 0x0000000080000AF0 (0x004E8E93) addi t4, t4, 0x4
x29 <- 0x0000100000000004

mem[X,0x0000000080000AF4] -> 0x9E93
mem[X,0x0000000080000AF6] -> 0x00AE
[706] [M]: 0x0000000080000AF4 (0x00AE9E93) slli t4, t4, 0xa
x29 <- 0x0040000000001000

mem[X,0x0000000080000AF8] -> 0x2F9B
mem[X,0x0000000080000AFA] -> 0xEBDF
[707] [M]: 0x0000000080000AF8 (0xEBDF2F9B) pssha.w.w0 t6, t5, t4
x31 <- 0xFFFFFEFFFFFFFFFB

mem[X,0x0000000080000AFC] -> 0xB823
mem[X,0x0000000080000AFE] -> 0x03F0
[708] [M]: 0x0000000080000AFC (0x03F0B823) sd t6, 0x30(ra)
mem[0x0000000080005240] <- 0xFFFFFEFFFFFFFFFB

mem[X,0x0000000080000B00] -> 0x0F13
mem[X,0x0000000080000B02] -> 0xFF70
[709] [M]: 0x0000000080000B00 (0xFF700F13) addi t5, zero, -0x9
x30 <- 0xFFFFFFFFFFFFFFF7

mem[X,0x0000000080000B04] -> 0x0EB7
mem[X,0x0000000080000B06] -> 0x0000
[710] [M]: 0x0000000080000B04 (0x00000EB7) lui t4, 0x0
x29 <- 0x0000000000000000

mem[X,0x0000000080000B08] -> 0x8E93
mem[X,0x0000000080000B0A] -> 0x200E
[711] [M]: 0x0000000080000B08 (0x200E8E93) addi t4, t4, 0x200
x29 <- 0x0000000000000200

mem[X,0x0000000080000B0C] -> 0x9E93
mem[X,0x0000000080000B0E] -> 0x00BE
[712] [M]: 0x0000000080000B0C (0x00BE9E93) slli t4, t4, 0xb
x29 <- 0x0000000000100000

mem[X,0x0000000080000B10] -> 0x8E93
mem[X,0x0000000080000B12] -> 0x7FFE
[713] [M]: 0x0000000080000B10 (0x7FFE8E93) addi t4, t4, 0x7ff
x29 <- 0x00000000001007FF

mem[X,0x0000000080000B14] -> 0x9E93
mem[X,0x0000000080000B16] -> 0x00BE
[714] [M]: 0x0000000080000B14 (0x00BE9E93) slli t4, t4, 0xb
x29 <- 0x00000000803FF800

mem[X,0x0000000080000B18] -> 0x8E93
mem[X,0x0000000080000B1A] -> 0x7FFE
[715] [M]: 0x0000000080000B18 (0x7FFE8E93) addi t4, t4, 0x7ff
x29 <- 0x00000000803FFFFF

mem[X,0x0000000080000B1C] -> 0x9E93
mem[X,0x0000000080000B1E] -> 0x00AE
[716] [M]: 0x0000000080000B1C (0x00AE9E93) slli t4, t4, 0xa
x29 <- 0x00000200FFFFFC00

mem[X,0x0000000080000B20] -> 0x8E93
mem[X,0x0000000080000B22] -> 0x3F6E
[717] [M]: 0x0000000080000B20 (0x3F6E8E93) addi t4, t4, 0x3f6
x29 <- 0x00000200FFFFFFF6

mem[X,0x0000000080000B24] -> 0x2F9B
mem[X,0x0000000080000B26] -> 0xEBDF
[718] [M]: 0x0000000080000B24 (0xEBDF2F9B) pssha.w.w0 t6, t5, t4
x31 <- 0xFFFFFFFFFFFFFFFF

mem[X,0x0000000080000B28] -> 0xBC23
mem[X,0x0000000080000B2A] -> 0x03F0
[719] [M]: 0x0000000080000B28 (0x03F0BC23) sd t6, 0x38(ra)
mem[0x0000000080005248] <- 0xFFFFFFFFFFFFFFFF

mem[X,0x0000000080000B2C] -> 0x0F37
mem[X,0x0000000080000B2E] -> 0x0000
[720] [M]: 0x0000000080000B2C (0x00000F37) lui t5, 0x0
x30 <- 0x0000000000000000

mem[X,0x0000000080000B30] -> 0x0F13
mem[X,0x0000000080000B32] -> 0xFEFF
[721] [M]: 0x0000000080000B30 (0xFEFF0F13) addi t5, t5, -0x11
x30 <- 0xFFFFFFFFFFFFFFEF

mem[X,0x0000000080000B34] -> 0x1F13
mem[X,0x0000000080000B36] -> 0x00BF
[722] [M]: 0x0000000080000B34 (0x00BF1F13) slli t5, t5, 0xb
x30 <- 0xFFFFFFFFFFFF7800

mem[X,0x0000000080000B38] -> 0x0F13
mem[X,0x0000000080000B3A] -> 0x7FFF
[723] [M]: 0x0000000080000B38 (0x7FFF0F13) addi t5, t5, 0x7ff
x30 <- 0xFFFFFFFFFFFF7FFF

mem[X,0x0000000080000B3C] -> 0x1F13
mem[X,0x0000000080000B3E] -> 0x00BF
[724] [M]: 0x0000000080000B3C (0x00BF1F13) slli t5, t5, 0xb
x30 <- 0xFFFFFFFFFBFFF800

mem[X,0x0000000080000B40] -> 0x0F13
mem[X,0x0000000080000B42] -> 0x7FFF
[725] [M]: 0x0000000080000B40 (0x7FFF0F13) addi t5, t5, 0x7ff
x30 <- 0xFFFFFFFFFBFFFFFF

mem[X,0x0000000080000B44] -> 0x1F13
mem[X,0x0000000080000B46] -> 0x00AF
[726] [M]: 0x0000000080000B44 (0x00AF1F13) slli t5, t5, 0xa
x30 <- 0xFFFFFFEFFFFFFC00

mem[X,0x0000000080000B48] -> 0x0F13
mem[X,0x0000000080000B4A] -> 0x3EFF
[727] [M]: 0x0000000080000B48 (0x3EFF0F13) addi t5, t5, 0x3ef
x30 <- 0xFFFFFFEFFFFFFFEF

mem[X,0x0000000080000B4C] -> 0x0EB7
mem[X,0x0000000080000B4E] -> 0x0010
[728] [M]: 0x0000000080000B4C (0x00100EB7) lui t4, 0x100
x29 <- 0x0000000000100000

mem[X,0x0000000080000B50] -> 0x8E93
mem[X,0x0000000080000B52] -> 0x001E
[729] [M]: 0x0000000080000B50 (0x001E8E93) addi t4, t4, 0x1
x29 <- 0x0000000000100001

mem[X,0x0000000080000B54] -> 0x9E93
mem[X,0x0000000080000B56] -> 0x011E
[730] [M]: 0x0000000080000B54 (0x011E9E93) slli t4, t4, 0x11
x29 <- 0x0000002000020000

mem[X,0x0000000080000B58] -> 0x2F9B
mem[X,0x0000000080000B5A] -> 0xEBDF
[731] [M]: 0x0000000080000B58 (0xEBDF2F9B) pssha.w.w0 t6, t5, t4
x31 <- 0xFFFFFFEFFFFFFFEF

mem[X,0x0000000080000B5C] -> 0xB023
mem[X,0x0000000080000B5E] -> 0x05F0
[732] [M]: 0x0000000080000B5C (0x05F0B023) sd t6, 0x40(ra)
mem[0x0000000080005250] <- 0xFFFFFFEFFFFFFFEF

mem[X,0x0000000080000B60] -> 0x0F37
mem[X,0x0000000080000B62] -> 0x0000
[733] [M]: 0x0000000080000B60 (0x00000F37) lui t5, 0x0
x30 <- 0x0000000000000000

mem[X,0x0000000080000B64] -> 0x0F13
mem[X,0x0000000080000B66] -> 0x001F
[734] [M]: 0x0000000080000B64 (0x001F0F13) addi t5, t5, 0x1
x30 <- 0x0000000000000001

mem[X,0x0000000080000B68] -> 0x1F13
mem[X,0x0000000080000B6A] -> 0x00BF
[735] [M]: 0x0000000080000B68 (0x00BF1F13) slli t5, t5, 0xb
x30 <- 0x0000000000000800

mem[X,0x0000000080000B6C] -> 0x0F13
mem[X,0x0000000080000B6E] -> 0x7FFF
[736] [M]: 0x0000000080000B6C (0x7FFF0F13) addi t5, t5, 0x7ff
x30 <- 0x0000000000000FFF

mem[X,0x0000000080000B70] -> 0x1F13
mem[X,0x0000000080000B72] -> 0x00BF
[737] [M]: 0x0000000080000B70 (0x00BF1F13) slli t5, t5, 0xb
x30 <- 0x00000000007FF800

mem[X,0x0000000080000B74] -> 0x0F13
mem[X,0x0000000080000B76] -> 0x7FFF
[738] [M]: 0x0000000080000B74 (0x7FFF0F13) addi t5, t5, 0x7ff
x30 <- 0x00000000007FFFFF

mem[X,0x0000000080000B78] -> 0x1F13
mem[X,0x0000000080000B7A] -> 0x00AF
[739] [M]: 0x0000000080000B78 (0x00AF1F13) slli t5, t5, 0xa
x30 <- 0x00000001FFFFFC00

mem[X,0x0000000080000B7C] -> 0x0F13
mem[X,0x0000000080000B7E] -> 0x3DFF
[740] [M]: 0x0000000080000B7C (0x3DFF0F13) addi t5, t5, 0x3df
x30 <- 0x00000001FFFFFFDF

mem[X,0x0000000080000B80] -> 0xCEB7
mem[X,0x0000000080000B82] -> 0xFFFF
[741] [M]: 0x0000000080000B80 (0xFFFFCEB7) lui t4, -0x4
x29 <- 0xFFFFFFFFFFFFC000

mem[X,0x0000000080000B84] -> 0x8E93
mem[X,0x0000000080000B86] -> 0xFFFE
[742] [M]: 0x0000000080000B84 (0xFFFE8E93) addi t4, t4, -0x1
x29 <- 0xFFFFFFFFFFFFBFFF

mem[X,0x0000000080000B88] -> 0x9E93
mem[X,0x0000000080000B8A] -> 0x00BE
[743] [M]: 0x0000000080000B88 (0x00BE9E93) slli t4, t4, 0xb
x29 <- 0xFFFFFFFFFDFFF800

mem[X,0x0000000080000B8C] -> 0x8E93
mem[X,0x0000000080000B8E] -> 0x010E
[744] [M]: 0x0000000080000B8C (0x010E8E93) addi t4, t4, 0x10
x29 <- 0xFFFFFFFFFDFFF810

mem[X,0x0000000080000B90] -> 0x9E93
mem[X,0x0000000080000B92] -> 0x00BE
[745] [M]: 0x0000000080000B90 (0x00BE9E93) slli t4, t4, 0xb
x29 <- 0xFFFFFFEFFFC08000

mem[X,0x0000000080000B94] -> 0x8E93
mem[X,0x0000000080000B96] -> 0x000E
[746] [M]: 0x0000000080000B94 (0x000E8E93) addi t4, t4, 0x0
x29 <- 0xFFFFFFEFFFC08000

mem[X,0x0000000080000B98] -> 0x9E93
mem[X,0x0000000080000B9A] -> 0x00AE
[747] [M]: 0x0000000080000B98 (0x00AE9E93) slli t4, t4, 0xa
x29 <- 0xFFFFBFFF02000000

mem[X,0x0000000080000B9C] -> 0x2F9B
mem[X,0x0000000080000B9E] -> 0xEBDF
[748] [M]: 0x0000000080000B9C (0xEBDF2F9B) pssha.w.w0 t6, t5, t4
x31 <- 0x00000001FFFFFFDF

mem[X,0x0000000080000BA0] -> 0xB423
mem[X,0x0000000080000BA2] -> 0x05F0
[749] [M]: 0x0000000080000BA0 (0x05F0B423) sd t6, 0x48(ra)
mem[0x0000000080005258] <- 0x00000001FFFFFFDF

mem[X,0x0000000080000BA4] -> 0xEF37
mem[X,0x0000000080000BA6] -> 0xFFFF
[750] [M]: 0x0000000080000BA4 (0xFFFFEF37) lui t5, -0x2
x30 <- 0xFFFFFFFFFFFFE000

mem[X,0x0000000080000BA8] -> 0x0F13
mem[X,0x0000000080000BAA] -> 0xFFFF
[751] [M]: 0x0000000080000BA8 (0xFFFF0F13) addi t5, t5, -0x1
x30 <- 0xFFFFFFFFFFFFDFFF

mem[X,0x0000000080000BAC] -> 0x1F13
mem[X,0x0000000080000BAE] -> 0x00BF
[752] [M]: 0x0000000080000BAC (0x00BF1F13) slli t5, t5, 0xb
x30 <- 0xFFFFFFFFFEFFF800

mem[X,0x0000000080000BB0] -> 0x0F13
mem[X,0x0000000080000BB2] -> 0x7FFF
[753] [M]: 0x0000000080000BB0 (0x7FFF0F13) addi t5, t5, 0x7ff
x30 <- 0xFFFFFFFFFEFFFFFF

mem[X,0x0000000080000BB4] -> 0x1F13
mem[X,0x0000000080000BB6] -> 0x00BF
[754] [M]: 0x0000000080000BB4 (0x00BF1F13) slli t5, t5, 0xb
x30 <- 0xFFFFFFF7FFFFF800

mem[X,0x0000000080000BB8] -> 0x0F13
mem[X,0x0000000080000BBA] -> 0x7FFF
[755] [M]: 0x0000000080000BB8 (0x7FFF0F13) addi t5, t5, 0x7ff
x30 <- 0xFFFFFFF7FFFFFFFF

mem[X,0x0000000080000BBC] -> 0x1F13
mem[X,0x0000000080000BBE] -> 0x00AF
[756] [M]: 0x0000000080000BBC (0x00AF1F13) slli t5, t5, 0xa
x30 <- 0xFFFFDFFFFFFFFC00

mem[X,0x0000000080000BC0] -> 0x0F13
mem[X,0x0000000080000BC2] -> 0x3BFF
[757] [M]: 0x0000000080000BC0 (0x3BFF0F13) addi t5, t5, 0x3bf
x30 <- 0xFFFFDFFFFFFFFFBF

mem[X,0x0000000080000BC4] -> 0x0EB7
mem[X,0x0000000080000BC6] -> 0x0000
[758] [M]: 0x0000000080000BC4 (0x00000EB7) lui t4, 0x0
x29 <- 0x0000000000000000

mem[X,0x0000000080000BC8] -> 0x8E93
mem[X,0x0000000080000BCA] -> 0xDFFE
[759] [M]: 0x0000000080000BC8 (0xDFFE8E93) addi t4, t4, -0x201
x29 <- 0xFFFFFFFFFFFFFDFF

mem[X,0x0000000080000BCC] -> 0x9E93
mem[X,0x0000000080000BCE] -> 0x00BE
[760] [M]: 0x0000000080000BCC (0x00BE9E93) slli t4, t4, 0xb
x29 <- 0xFFFFFFFFFFEFF800

mem[X,0x0000000080000BD0] -> 0x8E93
mem[X,0x0000000080000BD2] -> 0x000E
[761] [M]: 0x0000000080000BD0 (0x000E8E93) addi t4, t4, 0x0
x29 <- 0xFFFFFFFFFFEFF800

mem[X,0x0000000080000BD4] -> 0x9E93
mem[X,0x0000000080000BD6] -> 0x00BE
[762] [M]: 0x0000000080000BD4 (0x00BE9E93) slli t4, t4, 0xb
x29 <- 0xFFFFFFFF7FC00000

mem[X,0x0000000080000BD8] -> 0x8E93
mem[X,0x0000000080000BDA] -> 0x000E
[763] [M]: 0x0000000080000BD8 (0x000E8E93) addi t4, t4, 0x0
x29 <- 0xFFFFFFFF7FC00000

mem[X,0x0000000080000BDC] -> 0x9E93
mem[X,0x0000000080000BDE] -> 0x00AE
[764] [M]: 0x0000000080000BDC (0x00AE9E93) slli t4, t4, 0xa
x29 <- 0xFFFFFDFF00000000

mem[X,0x0000000080000BE0] -> 0x8E93
mem[X,0x0000000080000BE2] -> 0x008E
[765] [M]: 0x0000000080000BE0 (0x008E8E93) addi t4, t4, 0x8
x29 <- 0xFFFFFDFF00000008

mem[X,0x0000000080000BE4] -> 0x2F9B
mem[X,0x0000000080000BE6] -> 0xEBDF
[766] [M]: 0x0000000080000BE4 (0xEBDF2F9B) pssha.w.w0 t6, t5, t4
x31 <- 0xFFDFFF00FFFFBF00

mem[X,0x0000000080000BE8] -> 0xB823
mem[X,0x0000000080000BEA] -> 0x05F0
[767] [M]: 0x0000000080000BE8 (0x05F0B823) sd t6, 0x50(ra)
mem[0x0000000080005260] <- 0xFFDFFF00FFFFBF00

mem[X,0x0000000080000BEC] -> 0x0F37
mem[X,0x0000000080000BEE] -> 0x8000
[768] [M]: 0x0000000080000BEC (0x80000F37) lui t5, -0x80000
x30 <- 0xFFFFFFFF80000000

mem[X,0x0000000080000BF0] -> 0x0F13
mem[X,0x0000000080000BF2] -> 0x000F
[769] [M]: 0x0000000080000BF0 (0x000F0F13) addi t5, t5, 0x0
x30 <- 0xFFFFFFFF80000000

mem[X,0x0000000080000BF4] -> 0x1F13
mem[X,0x0000000080000BF6] -> 0x00BF
[770] [M]: 0x0000000080000BF4 (0x00BF1F13) slli t5, t5, 0xb
x30 <- 0xFFFFFC0000000000

mem[X,0x0000000080000BF8] -> 0x0F13
mem[X,0x0000000080000BFA] -> 0x7FFF
[771] [M]: 0x0000000080000BF8 (0x7FFF0F13) addi t5, t5, 0x7ff
x30 <- 0xFFFFFC00000007FF

mem[X,0x0000000080000BFC] -> 0x1F13
mem[X,0x0000000080000BFE] -> 0x00BF
[772] [M]: 0x0000000080000BFC (0x00BF1F13) slli t5, t5, 0xb
x30 <- 0xFFE00000003FF800

mem[X,0x0000000080000C00] -> 0x0F13
mem[X,0x0000000080000C02] -> 0x7FFF
[773] [M]: 0x0000000080000C00 (0x7FFF0F13) addi t5, t5, 0x7ff
x30 <- 0xFFE00000003FFFFF

mem[X,0x0000000080000C04] -> 0x1F13
mem[X,0x0000000080000C06] -> 0x00AF
[774] [M]: 0x0000000080000C04 (0x00AF1F13) slli t5, t5, 0xa
x30 <- 0x80000000FFFFFC00

mem[X,0x0000000080000C08] -> 0x0F13
mem[X,0x0000000080000C0A] -> 0x37FF
[775] [M]: 0x0000000080000C08 (0x37FF0F13) addi t5, t5, 0x37f
x30 <- 0x80000000FFFFFF7F

mem[X,0x0000000080000C0C] -> 0x0EB7
mem[X,0x0000000080000C0E] -> 0xFFF8
[776] [M]: 0x0000000080000C0C (0xFFF80EB7) lui t4, -0x80
x29 <- 0xFFFFFFFFFFF80000

mem[X,0x0000000080000C10] -> 0x8E93
mem[X,0x0000000080000C12] -> 0xFFFE
[777] [M]: 0x0000000080000C10 (0xFFFE8E93) addi t4, t4, -0x1
x29 <- 0xFFFFFFFFFFF7FFFF

mem[X,0x0000000080000C14] -> 0x9E93
mem[X,0x0000000080000C16] -> 0x00BE
[778] [M]: 0x0000000080000C14 (0x00BE9E93) slli t4, t4, 0xb
x29 <- 0xFFFFFFFFBFFFF800

mem[X,0x0000000080000C18] -> 0x8E93
mem[X,0x0000000080000C1A] -> 0x7FFE
[779] [M]: 0x0000000080000C18 (0x7FFE8E93) addi t4, t4, 0x7ff
x29 <- 0xFFFFFFFFBFFFFFFF

mem[X,0x0000000080000C1C] -> 0x9E93
mem[X,0x0000000080000C1E] -> 0x00BE
[780] [M]: 0x0000000080000C1C (0x00BE9E93) slli t4, t4, 0xb
x29 <- 0xFFFFFDFFFFFFF800

mem[X,0x0000000080000C20] -> 0x8E93
mem[X,0x0000000080000C22] -> 0x7FFE
[781] [M]: 0x0000000080000C20 (0x7FFE8E93) addi t4, t4, 0x7ff
x29 <- 0xFFFFFDFFFFFFFFFF

mem[X,0x0000000080000C24] -> 0x9E93
mem[X,0x0000000080000C26] -> 0x00AE
[782] [M]: 0x0000000080000C24 (0x00AE9E93) slli t4, t4, 0xa
x29 <- 0xFFF7FFFFFFFFFC00

mem[X,0x0000000080000C28] -> 0x8E93
mem[X,0x0000000080000C2A] -> 0x3F7E
[783] [M]: 0x0000000080000C28 (0x3F7E8E93) addi t4, t4, 0x3f7
x29 <- 0xFFF7FFFFFFFFFFF7

mem[X,0x0000000080000C2C] -> 0x2F9B
mem[X,0x0000000080000C2E] -> 0xEBDF
[784] [M]: 0x0000000080000C2C (0xEBDF2F9B) pssha.w.w0 t6, t5, t4
x31 <- 0xFFC00000FFFFFFFF

mem[X,0x0000000080000C30] -> 0xBC23
mem[X,0x0000000080000C32] -> 0x05F0
[785] [M]: 0x0000000080000C30 (0x05F0BC23) sd t6, 0x58(ra)
mem[0x0000000080005268] <- 0xFFC00000FFFFFFFF

mem[X,0x0000000080000C34] -> 0x0F37
mem[X,0x0000000080000C36] -> 0xFFF0
[786] [M]: 0x0000000080000C34 (0xFFF00F37) lui t5, -0x100
x30 <- 0xFFFFFFFFFFF00000

mem[X,0x0000000080000C38] -> 0x0F13
mem[X,0x0000000080000C3A] -> 0xFFFF
[787] [M]: 0x0000000080000C38 (0xFFFF0F13) addi t5, t5, -0x1
x30 <- 0xFFFFFFFFFFEFFFFF

mem[X,0x0000000080000C3C] -> 0x1F13
mem[X,0x0000000080000C3E] -> 0x00BF
[788] [M]: 0x0000000080000C3C (0x00BF1F13) slli t5, t5, 0xb
x30 <- 0xFFFFFFFF7FFFF800

mem[X,0x0000000080000C40] -> 0x0F13
mem[X,0x0000000080000C42] -> 0x7FFF
[789] [M]: 0x0000000080000C40 (0x7FFF0F13) addi t5, t5, 0x7ff
x30 <- 0xFFFFFFFF7FFFFFFF

mem[X,0x0000000080000C44] -> 0x1F13
mem[X,0x0000000080000C46] -> 0x00BF
[790] [M]: 0x0000000080000C44 (0x00BF1F13) slli t5, t5, 0xb
x30 <- 0xFFFFFBFFFFFFF800

mem[X,0x0000000080000C48] -> 0x0F13
mem[X,0x0000000080000C4A] -> 0x7FFF
[791] [M]: 0x0000000080000C48 (0x7FFF0F13) addi t5, t5, 0x7ff
x30 <- 0xFFFFFBFFFFFFFFFF

mem[X,0x0000000080000C4C] -> 0x1F13
mem[X,0x0000000080000C4E] -> 0x00AF
[792] [M]: 0x0000000080000C4C (0x00AF1F13) slli t5, t5, 0xa
x30 <- 0xFFEFFFFFFFFFFC00

mem[X,0x0000000080000C50] -> 0x0F13
mem[X,0x0000000080000C52] -> 0x2FFF
[793] [M]: 0x0000000080000C50 (0x2FFF0F13) addi t5, t5, 0x2ff
x30 <- 0xFFEFFFFFFFFFFEFF

mem[X,0x0000000080000C54] -> 0x0EB7
mem[X,0x0000000080000C56] -> 0x0000
[794] [M]: 0x0000000080000C54 (0x00000EB7) lui t4, 0x0
x29 <- 0x0000000000000000

mem[X,0x0000000080000C58] -> 0x8E93
mem[X,0x0000000080000C5A] -> 0xFDFE
[795] [M]: 0x0000000080000C58 (0xFDFE8E93) addi t4, t4, -0x21
x29 <- 0xFFFFFFFFFFFFFFDF

mem[X,0x0000000080000C5C] -> 0x9E93
mem[X,0x0000000080000C5E] -> 0x00BE
[796] [M]: 0x0000000080000C5C (0x00BE9E93) slli t4, t4, 0xb
x29 <- 0xFFFFFFFFFFFEF800

mem[X,0x0000000080000C60] -> 0x8E93
mem[X,0x0000000080000C62] -> 0x000E
[797] [M]: 0x0000000080000C60 (0x000E8E93) addi t4, t4, 0x0
x29 <- 0xFFFFFFFFFFFEF800

mem[X,0x0000000080000C64] -> 0x9E93
mem[X,0x0000000080000C66] -> 0x00BE
[798] [M]: 0x0000000080000C64 (0x00BE9E93) slli t4, t4, 0xb
x29 <- 0xFFFFFFFFF7C00000

mem[X,0x0000000080000C68] -> 0x8E93
mem[X,0x0000000080000C6A] -> 0x000E
[799] [M]: 0x0000000080000C68 (0x000E8E93) addi t4, t4, 0x0
x29 <- 0xFFFFFFFFF7C00000

clint::tick mtime <- 0x0000000000000008
 clint timer pending at mtime 0x0000000000000008
htif::tick 0x0000000000000000
mem[X,0x0000000080000C6C] -> 0x9E93
mem[X,0x0000000080000C6E] -> 0x00AE
[800] [M]: 0x0000000080000C6C (0x00AE9E93) slli t4, t4, 0xa
x29 <- 0xFFFFFFDF00000000

mem[X,0x0000000080000C70] -> 0x8E93
mem[X,0x0000000080000C72] -> 0x007E
[801] [M]: 0x0000000080000C70 (0x007E8E93) addi t4, t4, 0x7
x29 <- 0xFFFFFFDF00000007

mem[X,0x0000000080000C74] -> 0x2F9B
mem[X,0x0000000080000C76] -> 0xEBDF
[802] [M]: 0x0000000080000C74 (0xEBDF2F9B) pssha.w.w0 t6, t5, t4
x31 <- 0xF7FFFF80FFFF7F80

mem[X,0x0000000080000C78] -> 0xB023
mem[X,0x0000000080000C7A] -> 0x07F0
[803] [M]: 0x0000000080000C78 (0x07F0B023) sd t6, 0x60(ra)
mem[0x0000000080005270] <- 0xF7FFFF80FFFF7F80

mem[X,0x0000000080000C7C] -> 0x0F37
mem[X,0x0000000080000C7E] -> 0xFE00
[804] [M]: 0x0000000080000C7C (0xFE000F37) lui t5, -0x2000
x30 <- 0xFFFFFFFFFE000000

mem[X,0x0000000080000C80] -> 0x0F13
mem[X,0x0000000080000C82] -> 0xFFFF
[805] [M]: 0x0000000080000C80 (0xFFFF0F13) addi t5, t5, -0x1
x30 <- 0xFFFFFFFFFDFFFFFF

mem[X,0x0000000080000C84] -> 0x1F13
mem[X,0x0000000080000C86] -> 0x00BF
[806] [M]: 0x0000000080000C84 (0x00BF1F13) slli t5, t5, 0xb
x30 <- 0xFFFFFFEFFFFFF800

mem[X,0x0000000080000C88] -> 0x0F13
mem[X,0x0000000080000C8A] -> 0x7FFF
[807] [M]: 0x0000000080000C88 (0x7FFF0F13) addi t5, t5, 0x7ff
x30 <- 0xFFFFFFEFFFFFFFFF

mem[X,0x0000000080000C8C] -> 0x1F13
mem[X,0x0000000080000C8E] -> 0x00BF
[808] [M]: 0x0000000080000C8C (0x00BF1F13) slli t5, t5, 0xb
x30 <- 0xFFFF7FFFFFFFF800

mem[X,0x0000000080000C90] -> 0x0F13
mem[X,0x0000000080000C92] -> 0x7FFF
[809] [M]: 0x0000000080000C90 (0x7FFF0F13) addi t5, t5, 0x7ff
x30 <- 0xFFFF7FFFFFFFFFFF

mem[X,0x0000000080000C94] -> 0x1F13
mem[X,0x0000000080000C96] -> 0x00AF
[810] [M]: 0x0000000080000C94 (0x00AF1F13) slli t5, t5, 0xa
x30 <- 0xFDFFFFFFFFFFFC00

mem[X,0x0000000080000C98] -> 0x0F13
mem[X,0x0000000080000C9A] -> 0x1FFF
[811] [M]: 0x0000000080000C98 (0x1FFF0F13) addi t5, t5, 0x1ff
x30 <- 0xFDFFFFFFFFFFFDFF

mem[X,0x0000000080000C9C] -> 0x0EB7
mem[X,0x0000000080000C9E] -> 0x0000
[812] [M]: 0x0000000080000C9C (0x00000EB7) lui t4, 0x0
x29 <- 0x0000000000000000

mem[X,0x0000000080000CA0] -> 0x8E93
mem[X,0x0000000080000CA2] -> 0xFFDE
[813] [M]: 0x0000000080000CA0 (0xFFDE8E93) addi t4, t4, -0x3
x29 <- 0xFFFFFFFFFFFFFFFD

mem[X,0x0000000080000CA4] -> 0x9E93
mem[X,0x0000000080000CA6] -> 0x00BE
[814] [M]: 0x0000000080000CA4 (0x00BE9E93) slli t4, t4, 0xb
x29 <- 0xFFFFFFFFFFFFE800

mem[X,0x0000000080000CA8] -> 0x8E93
mem[X,0x0000000080000CAA] -> 0x000E
[815] [M]: 0x0000000080000CA8 (0x000E8E93) addi t4, t4, 0x0
x29 <- 0xFFFFFFFFFFFFE800

mem[X,0x0000000080000CAC] -> 0x9E93
mem[X,0x0000000080000CAE] -> 0x00BE
[816] [M]: 0x0000000080000CAC (0x00BE9E93) slli t4, t4, 0xb
x29 <- 0xFFFFFFFFFF400000

mem[X,0x0000000080000CB0] -> 0x8E93
mem[X,0x0000000080000CB2] -> 0x080E
[817] [M]: 0x0000000080000CB0 (0x080E8E93) addi t4, t4, 0x80
x29 <- 0xFFFFFFFFFF400080

mem[X,0x0000000080000CB4] -> 0x9E93
mem[X,0x0000000080000CB6] -> 0x00AE
[818] [M]: 0x0000000080000CB4 (0x00AE9E93) slli t4, t4, 0xa
x29 <- 0xFFFFFFFD00020000

mem[X,0x0000000080000CB8] -> 0x2F9B
mem[X,0x0000000080000CBA] -> 0xEBDF
[819] [M]: 0x0000000080000CB8 (0xEBDF2F9B) pssha.w.w0 t6, t5, t4
x31 <- 0xFDFFFFFFFFFFFDFF

mem[X,0x0000000080000CBC] -> 0xB423
mem[X,0x0000000080000CBE] -> 0x07F0
[820] [M]: 0x0000000080000CBC (0x07F0B423) sd t6, 0x68(ra)
mem[0x0000000080005278] <- 0xFDFFFFFFFFFFFDFF

mem[X,0x0000000080000CC0] -> 0x0F37
mem[X,0x0000000080000CC2] -> 0xFF00
[821] [M]: 0x0000000080000CC0 (0xFF000F37) lui t5, -0x1000
x30 <- 0xFFFFFFFFFF000000

mem[X,0x0000000080000CC4] -> 0x0F13
mem[X,0x0000000080000CC6] -> 0xFFFF
[822] [M]: 0x0000000080000CC4 (0xFFFF0F13) addi t5, t5, -0x1
x30 <- 0xFFFFFFFFFEFFFFFF

mem[X,0x0000000080000CC8] -> 0x1F13
mem[X,0x0000000080000CCA] -> 0x00BF
[823] [M]: 0x0000000080000CC8 (0x00BF1F13) slli t5, t5, 0xb
x30 <- 0xFFFFFFF7FFFFF800

mem[X,0x0000000080000CCC] -> 0x0F13
mem[X,0x0000000080000CCE] -> 0x7FFF
[824] [M]: 0x0000000080000CCC (0x7FFF0F13) addi t5, t5, 0x7ff
x30 <- 0xFFFFFFF7FFFFFFFF

mem[X,0x0000000080000CD0] -> 0x1F13
mem[X,0x0000000080000CD2] -> 0x00BF
[825] [M]: 0x0000000080000CD0 (0x00BF1F13) slli t5, t5, 0xb
x30 <- 0xFFFFBFFFFFFFF800

mem[X,0x0000000080000CD4] -> 0x0F13
mem[X,0x0000000080000CD6] -> 0x7FEF
[826] [M]: 0x0000000080000CD4 (0x7FEF0F13) addi t5, t5, 0x7fe
x30 <- 0xFFFFBFFFFFFFFFFE

mem[X,0x0000000080000CD8] -> 0x1F13
mem[X,0x0000000080000CDA] -> 0x00AF
[827] [M]: 0x0000000080000CD8 (0x00AF1F13) slli t5, t5, 0xa
x30 <- 0xFEFFFFFFFFFFF800

mem[X,0x0000000080000CDC] -> 0x0F13
mem[X,0x0000000080000CDE] -> 0x3FFF
[828] [M]: 0x0000000080000CDC (0x3FFF0F13) addi t5, t5, 0x3ff
x30 <- 0xFEFFFFFFFFFFFBFF

mem[X,0x0000000080000CE0] -> 0x8EB7
mem[X,0x0000000080000CE2] -> 0xFFFF
[829] [M]: 0x0000000080000CE0 (0xFFFF8EB7) lui t4, -0x8
x29 <- 0xFFFFFFFFFFFF8000

mem[X,0x0000000080000CE4] -> 0x8E93
mem[X,0x0000000080000CE6] -> 0xFFFE
[830] [M]: 0x0000000080000CE4 (0xFFFE8E93) addi t4, t4, -0x1
x29 <- 0xFFFFFFFFFFFF7FFF

mem[X,0x0000000080000CE8] -> 0x9E93
mem[X,0x0000000080000CEA] -> 0x00BE
[831] [M]: 0x0000000080000CE8 (0x00BE9E93) slli t4, t4, 0xb
x29 <- 0xFFFFFFFFFBFFF800

mem[X,0x0000000080000CEC] -> 0x8E93
mem[X,0x0000000080000CEE] -> 0x7FFE
[832] [M]: 0x0000000080000CEC (0x7FFE8E93) addi t4, t4, 0x7ff
x29 <- 0xFFFFFFFFFBFFFFFF

mem[X,0x0000000080000CF0] -> 0x9E93
mem[X,0x0000000080000CF2] -> 0x00BE
[833] [M]: 0x0000000080000CF0 (0x00BE9E93) slli t4, t4, 0xb
x29 <- 0xFFFFFFDFFFFFF800

mem[X,0x0000000080000CF4] -> 0x8E93
mem[X,0x0000000080000CF6] -> 0x7FBE
[834] [M]: 0x0000000080000CF4 (0x7FBE8E93) addi t4, t4, 0x7fb
x29 <- 0xFFFFFFDFFFFFFFFB

mem[X,0x0000000080000CF8] -> 0x9E93
mem[X,0x0000000080000CFA] -> 0x00AE
[835] [M]: 0x0000000080000CF8 (0x00AE9E93) slli t4, t4, 0xa
x29 <- 0xFFFF7FFFFFFFEC00

mem[X,0x0000000080000CFC] -> 0x8E93
mem[X,0x0000000080000CFE] -> 0x3FFE
[836] [M]: 0x0000000080000CFC (0x3FFE8E93) addi t4, t4, 0x3ff
x29 <- 0xFFFF7FFFFFFFEFFF

mem[X,0x0000000080000D00] -> 0x2F9B
mem[X,0x0000000080000D02] -> 0xEBDF
[837] [M]: 0x0000000080000D00 (0xEBDF2F9B) pssha.w.w0 t6, t5, t4
x31 <- 0xFF7FFFFFFFFFFDFF

mem[X,0x0000000080000D04] -> 0xB823
mem[X,0x0000000080000D06] -> 0x07F0
[838] [M]: 0x0000000080000D04 (0x07F0B823) sd t6, 0x70(ra)
mem[0x0000000080005280] <- 0xFF7FFFFFFFFFFDFF

mem[X,0x0000000080000D08] -> 0x0F37
mem[X,0x0000000080000D0A] -> 0x0000
[839] [M]: 0x0000000080000D08 (0x00000F37) lui t5, 0x0
x30 <- 0x0000000000000000

mem[X,0x0000000080000D0C] -> 0x0F13
mem[X,0x0000000080000D0E] -> 0x000F
[840] [M]: 0x0000000080000D0C (0x000F0F13) addi t5, t5, 0x0
x30 <- 0x0000000000000000

mem[X,0x0000000080000D10] -> 0x1F13
mem[X,0x0000000080000D12] -> 0x00BF
[841] [M]: 0x0000000080000D10 (0x00BF1F13) slli t5, t5, 0xb
x30 <- 0x0000000000000000

mem[X,0x0000000080000D14] -> 0x0F13
mem[X,0x0000000080000D16] -> 0x7FFF
[842] [M]: 0x0000000080000D14 (0x7FFF0F13) addi t5, t5, 0x7ff
x30 <- 0x00000000000007FF

mem[X,0x0000000080000D18] -> 0x1F13
mem[X,0x0000000080000D1A] -> 0x00BF
[843] [M]: 0x0000000080000D18 (0x00BF1F13) slli t5, t5, 0xb
x30 <- 0x00000000003FF800

mem[X,0x0000000080000D1C] -> 0x0F13
mem[X,0x0000000080000D1E] -> 0x7FDF
[844] [M]: 0x0000000080000D1C (0x7FDF0F13) addi t5, t5, 0x7fd
x30 <- 0x00000000003FFFFD

mem[X,0x0000000080000D20] -> 0x1F13
mem[X,0x0000000080000D22] -> 0x00AF
[845] [M]: 0x0000000080000D20 (0x00AF1F13) slli t5, t5, 0xa
x30 <- 0x00000000FFFFF400

mem[X,0x0000000080000D24] -> 0x0F13
mem[X,0x0000000080000D26] -> 0x3FFF
[846] [M]: 0x0000000080000D24 (0x3FFF0F13) addi t5, t5, 0x3ff
x30 <- 0x00000000FFFFF7FF

mem[X,0x0000000080000D28] -> 0x0EB7
mem[X,0x0000000080000D2A] -> 0x0000
[847] [M]: 0x0000000080000D28 (0x00000EB7) lui t4, 0x0
x29 <- 0x0000000000000000

mem[X,0x0000000080000D2C] -> 0x8E93
mem[X,0x0000000080000D2E] -> 0x010E
[848] [M]: 0x0000000080000D2C (0x010E8E93) addi t4, t4, 0x10
x29 <- 0x0000000000000010

mem[X,0x0000000080000D30] -> 0x9E93
mem[X,0x0000000080000D32] -> 0x00BE
[849] [M]: 0x0000000080000D30 (0x00BE9E93) slli t4, t4, 0xb
x29 <- 0x0000000000008000

mem[X,0x0000000080000D34] -> 0x8E93
mem[X,0x0000000080000D36] -> 0x7FFE
[850] [M]: 0x0000000080000D34 (0x7FFE8E93) addi t4, t4, 0x7ff
x29 <- 0x00000000000087FF

mem[X,0x0000000080000D38] -> 0x9E93
mem[X,0x0000000080000D3A] -> 0x00BE
[851] [M]: 0x0000000080000D38 (0x00BE9E93) slli t4, t4, 0xb
x29 <- 0x00000000043FF800

mem[X,0x0000000080000D3C] -> 0x8E93
mem[X,0x0000000080000D3E] -> 0x7FFE
[852] [M]: 0x0000000080000D3C (0x7FFE8E93) addi t4, t4, 0x7ff
x29 <- 0x00000000043FFFFF

mem[X,0x0000000080000D40] -> 0x9E93
mem[X,0x0000000080000D42] -> 0x00AE
[853] [M]: 0x0000000080000D40 (0x00AE9E93) slli t4, t4, 0xa
x29 <- 0x00000010FFFFFC00

mem[X,0x0000000080000D44] -> 0x8E93
mem[X,0x0000000080000D46] -> 0x3F7E
[854] [M]: 0x0000000080000D44 (0x3F7E8E93) addi t4, t4, 0x3f7
x29 <- 0x00000010FFFFFFF7

mem[X,0x0000000080000D48] -> 0x2F9B
mem[X,0x0000000080000D4A] -> 0xEBDF
[855] [M]: 0x0000000080000D48 (0xEBDF2F9B) pssha.w.w0 t6, t5, t4
x31 <- 0x00000000FFFFFFFB

mem[X,0x0000000080000D4C] -> 0xBC23
mem[X,0x0000000080000D4E] -> 0x07F0
[856] [M]: 0x0000000080000D4C (0x07F0BC23) sd t6, 0x78(ra)
mem[0x0000000080005288] <- 0x00000000FFFFFFFB

mem[X,0x0000000080000D50] -> 0x0F37
mem[X,0x0000000080000D52] -> 0xF800
[857] [M]: 0x0000000080000D50 (0xF8000F37) lui t5, -0x8000
x30 <- 0xFFFFFFFFF8000000

mem[X,0x0000000080000D54] -> 0x0F13
mem[X,0x0000000080000D56] -> 0xFFFF
[858] [M]: 0x0000000080000D54 (0xFFFF0F13) addi t5, t5, -0x1
x30 <- 0xFFFFFFFFF7FFFFFF

mem[X,0x0000000080000D58] -> 0x1F13
mem[X,0x0000000080000D5A] -> 0x00BF
[859] [M]: 0x0000000080000D58 (0x00BF1F13) slli t5, t5, 0xb
x30 <- 0xFFFFFFBFFFFFF800

mem[X,0x0000000080000D5C] -> 0x0F13
mem[X,0x0000000080000D5E] -> 0x7FFF
[860] [M]: 0x0000000080000D5C (0x7FFF0F13) addi t5, t5, 0x7ff
x30 <- 0xFFFFFFBFFFFFFFFF

mem[X,0x0000000080000D60] -> 0x1F13
mem[X,0x0000000080000D62] -> 0x00BF
[861] [M]: 0x0000000080000D60 (0x00BF1F13) slli t5, t5, 0xb
x30 <- 0xFFFDFFFFFFFFF800

mem[X,0x0000000080000D64] -> 0x0F13
mem[X,0x0000000080000D66] -> 0x7FBF
[862] [M]: 0x0000000080000D64 (0x7FBF0F13) addi t5, t5, 0x7fb
x30 <- 0xFFFDFFFFFFFFFFFB

mem[X,0x0000000080000D68] -> 0x1F13
mem[X,0x0000000080000D6A] -> 0x00AF
[863] [M]: 0x0000000080000D68 (0x00AF1F13) slli t5, t5, 0xa
x30 <- 0xF7FFFFFFFFFFEC00

mem[X,0x0000000080000D6C] -> 0x0F13
mem[X,0x0000000080000D6E] -> 0x3FFF
[864] [M]: 0x0000000080000D6C (0x3FFF0F13) addi t5, t5, 0x3ff
x30 <- 0xF7FFFFFFFFFFEFFF

mem[X,0x0000000080000D70] -> 0x0EB7
mem[X,0x0000000080000D72] -> 0xFFE0
[865] [M]: 0x0000000080000D70 (0xFFE00EB7) lui t4, -0x200
x29 <- 0xFFFFFFFFFFE00000

mem[X,0x0000000080000D74] -> 0x8E93
mem[X,0x0000000080000D76] -> 0xFFFE
[866] [M]: 0x0000000080000D74 (0xFFFE8E93) addi t4, t4, -0x1
x29 <- 0xFFFFFFFFFFDFFFFF

mem[X,0x0000000080000D78] -> 0x9E93
mem[X,0x0000000080000D7A] -> 0x00BE
[867] [M]: 0x0000000080000D78 (0x00BE9E93) slli t4, t4, 0xb
x29 <- 0xFFFFFFFEFFFFF800

mem[X,0x0000000080000D7C] -> 0x8E93
mem[X,0x0000000080000D7E] -> 0x77FE
[868] [M]: 0x0000000080000D7C (0x77FE8E93) addi t4, t4, 0x77f
x29 <- 0xFFFFFFFEFFFFFF7F

mem[X,0x0000000080000D80] -> 0x9E93
mem[X,0x0000000080000D82] -> 0x00BE
[869] [M]: 0x0000000080000D80 (0x00BE9E93) slli t4, t4, 0xb
x29 <- 0xFFFFF7FFFFFBF800

mem[X,0x0000000080000D84] -> 0x8E93
mem[X,0x0000000080000D86] -> 0x7FFE
[870] [M]: 0x0000000080000D84 (0x7FFE8E93) addi t4, t4, 0x7ff
x29 <- 0xFFFFF7FFFFFBFFFF

mem[X,0x0000000080000D88] -> 0x9E93
mem[X,0x0000000080000D8A] -> 0x00AE
[871] [M]: 0x0000000080000D88 (0x00AE9E93) slli t4, t4, 0xa
x29 <- 0xFFDFFFFFEFFFFC00

mem[X,0x0000000080000D8C] -> 0x8E93
mem[X,0x0000000080000D8E] -> 0x3FFE
[872] [M]: 0x0000000080000D8C (0x3FFE8E93) addi t4, t4, 0x3ff
x29 <- 0xFFDFFFFFEFFFFFFF

mem[X,0x0000000080000D90] -> 0x2F9B
mem[X,0x0000000080000D92] -> 0xEBDF
[873] [M]: 0x0000000080000D90 (0xEBDF2F9B) pssha.w.w0 t6, t5, t4
x31 <- 0xFBFFFFFFFFFFF7FF

mem[X,0x0000000080000D94] -> 0xB023
mem[X,0x0000000080000D96] -> 0x09F0
[874] [M]: 0x0000000080000D94 (0x09F0B023) sd t6, 0x80(ra)
mem[0x0000000080005290] <- 0xFBFFFFFFFFFFF7FF

mem[X,0x0000000080000D98] -> 0x0F37
mem[X,0x0000000080000D9A] -> 0x0000
[875] [M]: 0x0000000080000D98 (0x00000F37) lui t5, 0x0
x30 <- 0x0000000000000000

mem[X,0x0000000080000D9C] -> 0x0F13
mem[X,0x0000000080000D9E] -> 0xFF9F
[876] [M]: 0x0000000080000D9C (0xFF9F0F13) addi t5, t5, -0x7
x30 <- 0xFFFFFFFFFFFFFFF9

mem[X,0x0000000080000DA0] -> 0x1F13
mem[X,0x0000000080000DA2] -> 0x00BF
[877] [M]: 0x0000000080000DA0 (0x00BF1F13) slli t5, t5, 0xb
x30 <- 0xFFFFFFFFFFFFC800

mem[X,0x0000000080000DA4] -> 0x0F13
mem[X,0x0000000080000DA6] -> 0x7FFF
[878] [M]: 0x0000000080000DA4 (0x7FFF0F13) addi t5, t5, 0x7ff
x30 <- 0xFFFFFFFFFFFFCFFF

mem[X,0x0000000080000DA8] -> 0x1F13
mem[X,0x0000000080000DAA] -> 0x00BF
[879] [M]: 0x0000000080000DA8 (0x00BF1F13) slli t5, t5, 0xb
x30 <- 0xFFFFFFFFFE7FF800

mem[X,0x0000000080000DAC] -> 0x0F13
mem[X,0x0000000080000DAE] -> 0x7F7F
[880] [M]: 0x0000000080000DAC (0x7F7F0F13) addi t5, t5, 0x7f7
x30 <- 0xFFFFFFFFFE7FFFF7

mem[X,0x0000000080000DB0] -> 0x1F13
mem[X,0x0000000080000DB2] -> 0x00AF
[881] [M]: 0x0000000080000DB0 (0x00AF1F13) slli t5, t5, 0xa
x30 <- 0xFFFFFFF9FFFFDC00

mem[X,0x0000000080000DB4] -> 0x0F13
mem[X,0x0000000080000DB6] -> 0x3FFF
[882] [M]: 0x0000000080000DB4 (0x3FFF0F13) addi t5, t5, 0x3ff
x30 <- 0xFFFFFFF9FFFFDFFF

mem[X,0x0000000080000DB8] -> 0x0EB7
mem[X,0x0000000080000DBA] -> 0xFF80
[883] [M]: 0x0000000080000DB8 (0xFF800EB7) lui t4, -0x800
x29 <- 0xFFFFFFFFFF800000

mem[X,0x0000000080000DBC] -> 0x8E93
mem[X,0x0000000080000DBE] -> 0xFFFE
[884] [M]: 0x0000000080000DBC (0xFFFE8E93) addi t4, t4, -0x1
x29 <- 0xFFFFFFFFFF7FFFFF

mem[X,0x0000000080000DC0] -> 0x9E93
mem[X,0x0000000080000DC2] -> 0x00BE
[885] [M]: 0x0000000080000DC0 (0x00BE9E93) slli t4, t4, 0xb
x29 <- 0xFFFFFFFBFFFFF800

mem[X,0x0000000080000DC4] -> 0x8E93
mem[X,0x0000000080000DC6] -> 0x000E
[886] [M]: 0x0000000080000DC4 (0x000E8E93) addi t4, t4, 0x0
x29 <- 0xFFFFFFFBFFFFF800

mem[X,0x0000000080000DC8] -> 0x9E93
mem[X,0x0000000080000DCA] -> 0x00BE
[887] [M]: 0x0000000080000DC8 (0x00BE9E93) slli t4, t4, 0xb
x29 <- 0xFFFFDFFFFFC00000

mem[X,0x0000000080000DCC] -> 0x8E93
mem[X,0x0000000080000DCE] -> 0x000E
[888] [M]: 0x0000000080000DCC (0x000E8E93) addi t4, t4, 0x0
x29 <- 0xFFFFDFFFFFC00000

mem[X,0x0000000080000DD0] -> 0x9E93
mem[X,0x0000000080000DD2] -> 0x00AE
[889] [M]: 0x0000000080000DD0 (0x00AE9E93) slli t4, t4, 0xa
x29 <- 0xFF7FFFFF00000000

mem[X,0x0000000080000DD4] -> 0x8E93
mem[X,0x0000000080000DD6] -> 0x004E
[890] [M]: 0x0000000080000DD4 (0x004E8E93) addi t4, t4, 0x4
x29 <- 0xFF7FFFFF00000004

mem[X,0x0000000080000DD8] -> 0x2F9B
mem[X,0x0000000080000DDA] -> 0xEBDF
[891] [M]: 0x0000000080000DD8 (0xEBDF2F9B) pssha.w.w0 t6, t5, t4
x31 <- 0xFFFFFF90FFFDFFF0

mem[X,0x0000000080000DDC] -> 0xB423
mem[X,0x0000000080000DDE] -> 0x09F0
[892] [M]: 0x0000000080000DDC (0x09F0B423) sd t6, 0x88(ra)
mem[0x0000000080005298] <- 0xFFFFFF90FFFDFFF0

mem[X,0x0000000080000DE0] -> 0x0F37
mem[X,0x0000000080000DE2] -> 0x0010
[893] [M]: 0x0000000080000DE0 (0x00100F37) lui t5, 0x100
x30 <- 0x0000000000100000

mem[X,0x0000000080000DE4] -> 0x0F13
mem[X,0x0000000080000DE6] -> 0x000F
[894] [M]: 0x0000000080000DE4 (0x000F0F13) addi t5, t5, 0x0
x30 <- 0x0000000000100000

mem[X,0x0000000080000DE8] -> 0x1F13
mem[X,0x0000000080000DEA] -> 0x00BF
[895] [M]: 0x0000000080000DE8 (0x00BF1F13) slli t5, t5, 0xb
x30 <- 0x0000000080000000

mem[X,0x0000000080000DEC] -> 0x0F13
mem[X,0x0000000080000DEE] -> 0x7FFF
[896] [M]: 0x0000000080000DEC (0x7FFF0F13) addi t5, t5, 0x7ff
x30 <- 0x00000000800007FF

mem[X,0x0000000080000DF0] -> 0x1F13
mem[X,0x0000000080000DF2] -> 0x00BF
[897] [M]: 0x0000000080000DF0 (0x00BF1F13) slli t5, t5, 0xb
x30 <- 0x00000400003FF800

mem[X,0x0000000080000DF4] -> 0x0F13
mem[X,0x0000000080000DF6] -> 0x7EFF
[898] [M]: 0x0000000080000DF4 (0x7EFF0F13) addi t5, t5, 0x7ef
x30 <- 0x00000400003FFFEF

mem[X,0x0000000080000DF8] -> 0x1F13
mem[X,0x0000000080000DFA] -> 0x00AF
[899] [M]: 0x0000000080000DF8 (0x00AF1F13) slli t5, t5, 0xa
x30 <- 0x00100000FFFFBC00

clint::tick mtime <- 0x0000000000000009
 clint timer pending at mtime 0x0000000000000009
htif::tick 0x0000000000000000
mem[X,0x0000000080000DFC] -> 0x0F13
mem[X,0x0000000080000DFE] -> 0x3FFF
[900] [M]: 0x0000000080000DFC (0x3FFF0F13) addi t5, t5, 0x3ff
x30 <- 0x00100000FFFFBFFF

mem[X,0x0000000080000E00] -> 0x0EB7
mem[X,0x0000000080000E02] -> 0x0000
[901] [M]: 0x0000000080000E00 (0x00000EB7) lui t4, 0x0
x29 <- 0x0000000000000000

mem[X,0x0000000080000E04] -> 0x8E93
mem[X,0x0000000080000E06] -> 0xFF8E
[902] [M]: 0x0000000080000E04 (0xFF8E8E93) addi t4, t4, -0x8
x29 <- 0xFFFFFFFFFFFFFFF8

mem[X,0x0000000080000E08] -> 0x9E93
mem[X,0x0000000080000E0A] -> 0x00BE
[903] [M]: 0x0000000080000E08 (0x00BE9E93) slli t4, t4, 0xb
x29 <- 0xFFFFFFFFFFFFC000

mem[X,0x0000000080000E0C] -> 0x8E93
mem[X,0x0000000080000E0E] -> 0x7FFE
[904] [M]: 0x0000000080000E0C (0x7FFE8E93) addi t4, t4, 0x7ff
x29 <- 0xFFFFFFFFFFFFC7FF

mem[X,0x0000000080000E10] -> 0x9E93
mem[X,0x0000000080000E12] -> 0x00BE
[905] [M]: 0x0000000080000E10 (0x00BE9E93) slli t4, t4, 0xb
x29 <- 0xFFFFFFFFFE3FF800

mem[X,0x0000000080000E14] -> 0x8E93
mem[X,0x0000000080000E16] -> 0x7FFE
[906] [M]: 0x0000000080000E14 (0x7FFE8E93) addi t4, t4, 0x7ff
x29 <- 0xFFFFFFFFFE3FFFFF

mem[X,0x0000000080000E18] -> 0x9E93
mem[X,0x0000000080000E1A] -> 0x00AE
[907] [M]: 0x0000000080000E18 (0x00AE9E93) slli t4, t4, 0xa
x29 <- 0xFFFFFFF8FFFFFC00

mem[X,0x0000000080000E1C] -> 0x8E93
mem[X,0x0000000080000E1E] -> 0x1FFE
[908] [M]: 0x0000000080000E1C (0x1FFE8E93) addi t4, t4, 0x1ff
x29 <- 0xFFFFFFF8FFFFFDFF

mem[X,0x0000000080000E20] -> 0x2F9B
mem[X,0x0000000080000E22] -> 0xEBDF
[909] [M]: 0x0000000080000E20 (0xEBDF2F9B) pssha.w.w0 t6, t5, t4
x31 <- 0x00080000FFFFDFFF

mem[X,0x0000000080000E24] -> 0xB823
mem[X,0x0000000080000E26] -> 0x09F0
[910] [M]: 0x0000000080000E24 (0x09F0B823) sd t6, 0x90(ra)
mem[0x00000000800052A0] <- 0x00080000FFFFDFFF

mem[X,0x0000000080000E28] -> 0x0F37
mem[X,0x0000000080000E2A] -> 0x0000
[911] [M]: 0x0000000080000E28 (0x00000F37) lui t5, 0x0
x30 <- 0x0000000000000000

mem[X,0x0000000080000E2C] -> 0x0F13
mem[X,0x0000000080000E2E] -> 0xFFDF
[912] [M]: 0x0000000080000E2C (0xFFDF0F13) addi t5, t5, -0x3
x30 <- 0xFFFFFFFFFFFFFFFD

mem[X,0x0000000080000E30] -> 0x1F13
mem[X,0x0000000080000E32] -> 0x00BF
[913] [M]: 0x0000000080000E30 (0x00BF1F13) slli t5, t5, 0xb
x30 <- 0xFFFFFFFFFFFFE800

mem[X,0x0000000080000E34] -> 0x0F13
mem[X,0x0000000080000E36] -> 0x7FFF
[914] [M]: 0x0000000080000E34 (0x7FFF0F13) addi t5, t5, 0x7ff
x30 <- 0xFFFFFFFFFFFFEFFF

mem[X,0x0000000080000E38] -> 0x1F13
mem[X,0x0000000080000E3A] -> 0x00BF
[915] [M]: 0x0000000080000E38 (0x00BF1F13) slli t5, t5, 0xb
x30 <- 0xFFFFFFFFFF7FF800

mem[X,0x0000000080000E3C] -> 0x0F13
mem[X,0x0000000080000E3E] -> 0x7DFF
[916] [M]: 0x0000000080000E3C (0x7DFF0F13) addi t5, t5, 0x7df
x30 <- 0xFFFFFFFFFF7FFFDF

mem[X,0x0000000080000E40] -> 0x1F13
mem[X,0x0000000080000E42] -> 0x00AF
[917] [M]: 0x0000000080000E40 (0x00AF1F13) slli t5, t5, 0xa
x30 <- 0xFFFFFFFDFFFF7C00

mem[X,0x0000000080000E44] -> 0x0F13
mem[X,0x0000000080000E46] -> 0x3FFF
[918] [M]: 0x0000000080000E44 (0x3FFF0F13) addi t5, t5, 0x3ff
x30 <- 0xFFFFFFFDFFFF7FFF

mem[X,0x0000000080000E48] -> 0x1EB7
mem[X,0x0000000080000E4A] -> 0x0000
[919] [M]: 0x0000000080000E48 (0x00001EB7) lui t4, 0x1
x29 <- 0x0000000000001000

mem[X,0x0000000080000E4C] -> 0x8E93
mem[X,0x0000000080000E4E] -> 0x800E
[920] [M]: 0x0000000080000E4C (0x800E8E93) addi t4, t4, -0x800
x29 <- 0x0000000000000800

mem[X,0x0000000080000E50] -> 0x9E93
mem[X,0x0000000080000E52] -> 0x00BE
[921] [M]: 0x0000000080000E50 (0x00BE9E93) slli t4, t4, 0xb
x29 <- 0x0000000000400000

mem[X,0x0000000080000E54] -> 0x8E93
mem[X,0x0000000080000E56] -> 0x7F7E
[922] [M]: 0x0000000080000E54 (0x7F7E8E93) addi t4, t4, 0x7f7
x29 <- 0x00000000004007F7

mem[X,0x0000000080000E58] -> 0x9E93
mem[X,0x0000000080000E5A] -> 0x00BE
[923] [M]: 0x0000000080000E58 (0x00BE9E93) slli t4, t4, 0xb
x29 <- 0x00000002003FB800

mem[X,0x0000000080000E5C] -> 0x8E93
mem[X,0x0000000080000E5E] -> 0x7FFE
[924] [M]: 0x0000000080000E5C (0x7FFE8E93) addi t4, t4, 0x7ff
x29 <- 0x00000002003FBFFF

mem[X,0x0000000080000E60] -> 0x9E93
mem[X,0x0000000080000E62] -> 0x00AE
[925] [M]: 0x0000000080000E60 (0x00AE9E93) slli t4, t4, 0xa
x29 <- 0x00000800FEFFFC00

mem[X,0x0000000080000E64] -> 0x8E93
mem[X,0x0000000080000E66] -> 0x3FFE
[926] [M]: 0x0000000080000E64 (0x3FFE8E93) addi t4, t4, 0x3ff
x29 <- 0x00000800FEFFFFFF

mem[X,0x0000000080000E68] -> 0x2F9B
mem[X,0x0000000080000E6A] -> 0xEBDF
[927] [M]: 0x0000000080000E68 (0xEBDF2F9B) pssha.w.w0 t6, t5, t4
x31 <- 0xFFFFFFFEFFFFBFFF

mem[X,0x0000000080000E6C] -> 0xBC23
mem[X,0x0000000080000E6E] -> 0x09F0
[928] [M]: 0x0000000080000E6C (0x09F0BC23) sd t6, 0x98(ra)
mem[0x00000000800052A8] <- 0xFFFFFFFEFFFFBFFF

mem[X,0x0000000080000E70] -> 0x0F37
mem[X,0x0000000080000E72] -> 0x0000
[929] [M]: 0x0000000080000E70 (0x00000F37) lui t5, 0x0
x30 <- 0x0000000000000000

mem[X,0x0000000080000E74] -> 0x0F13
mem[X,0x0000000080000E76] -> 0x008F
[930] [M]: 0x0000000080000E74 (0x008F0F13) addi t5, t5, 0x8
x30 <- 0x0000000000000008

mem[X,0x0000000080000E78] -> 0x1F13
mem[X,0x0000000080000E7A] -> 0x00BF
[931] [M]: 0x0000000080000E78 (0x00BF1F13) slli t5, t5, 0xb
x30 <- 0x0000000000004000

mem[X,0x0000000080000E7C] -> 0x0F13
mem[X,0x0000000080000E7E] -> 0x7FFF
[932] [M]: 0x0000000080000E7C (0x7FFF0F13) addi t5, t5, 0x7ff
x30 <- 0x00000000000047FF

mem[X,0x0000000080000E80] -> 0x1F13
mem[X,0x0000000080000E82] -> 0x00BF
[933] [M]: 0x0000000080000E80 (0x00BF1F13) slli t5, t5, 0xb
x30 <- 0x00000000023FF800

mem[X,0x0000000080000E84] -> 0x0F13
mem[X,0x0000000080000E86] -> 0x7BFF
[934] [M]: 0x0000000080000E84 (0x7BFF0F13) addi t5, t5, 0x7bf
x30 <- 0x00000000023FFFBF

mem[X,0x0000000080000E88] -> 0x1F13
mem[X,0x0000000080000E8A] -> 0x00AF
[935] [M]: 0x0000000080000E88 (0x00AF1F13) slli t5, t5, 0xa
x30 <- 0x00000008FFFEFC00

mem[X,0x0000000080000E8C] -> 0x0F13
mem[X,0x0000000080000E8E] -> 0x3FFF
[936] [M]: 0x0000000080000E8C (0x3FFF0F13) addi t5, t5, 0x3ff
x30 <- 0x00000008FFFEFFFF

mem[X,0x0000000080000E90] -> 0x0EB7
mem[X,0x0000000080000E92] -> 0x0000
[937] [M]: 0x0000000080000E90 (0x00000EB7) lui t4, 0x0
x29 <- 0x0000000000000000

mem[X,0x0000000080000E94] -> 0x8E93
mem[X,0x0000000080000E96] -> 0x020E
[938] [M]: 0x0000000080000E94 (0x020E8E93) addi t4, t4, 0x20
x29 <- 0x0000000000000020

mem[X,0x0000000080000E98] -> 0x9E93
mem[X,0x0000000080000E9A] -> 0x00BE
[939] [M]: 0x0000000080000E98 (0x00BE9E93) slli t4, t4, 0xb
x29 <- 0x0000000000010000

mem[X,0x0000000080000E9C] -> 0x8E93
mem[X,0x0000000080000E9E] -> 0x7FDE
[940] [M]: 0x0000000080000E9C (0x7FDE8E93) addi t4, t4, 0x7fd
x29 <- 0x00000000000107FD

mem[X,0x0000000080000EA0] -> 0x9E93
mem[X,0x0000000080000EA2] -> 0x00BE
[941] [M]: 0x0000000080000EA0 (0x00BE9E93) slli t4, t4, 0xb
x29 <- 0x00000000083FE800

mem[X,0x0000000080000EA4] -> 0x8E93
mem[X,0x0000000080000EA6] -> 0x7FFE
[942] [M]: 0x0000000080000EA4 (0x7FFE8E93) addi t4, t4, 0x7ff
x29 <- 0x00000000083FEFFF

mem[X,0x0000000080000EA8] -> 0x9E93
mem[X,0x0000000080000EAA] -> 0x00AE
[943] [M]: 0x0000000080000EA8 (0x00AE9E93) slli t4, t4, 0xa
x29 <- 0x00000020FFBFFC00

mem[X,0x0000000080000EAC] -> 0x8E93
mem[X,0x0000000080000EAE] -> 0x3FFE
[944] [M]: 0x0000000080000EAC (0x3FFE8E93) addi t4, t4, 0x3ff
x29 <- 0x00000020FFBFFFFF

mem[X,0x0000000080000EB0] -> 0x2F9B
mem[X,0x0000000080000EB2] -> 0xEBDF
[945] [M]: 0x0000000080000EB0 (0xEBDF2F9B) pssha.w.w0 t6, t5, t4
x31 <- 0x00000004FFFF7FFF

mem[X,0x0000000080000EB4] -> 0xB023
mem[X,0x0000000080000EB6] -> 0x0BF0
[946] [M]: 0x0000000080000EB4 (0x0BF0B023) sd t6, 0xa0(ra)
mem[0x00000000800052B0] <- 0x00000004FFFF7FFF

mem[X,0x0000000080000EB8] -> 0x0F37
mem[X,0x0000000080000EBA] -> 0xF800
[947] [M]: 0x0000000080000EB8 (0xF8000F37) lui t5, -0x8000
x30 <- 0xFFFFFFFFF8000000

mem[X,0x0000000080000EBC] -> 0x0F13
mem[X,0x0000000080000EBE] -> 0xFFFF
[948] [M]: 0x0000000080000EBC (0xFFFF0F13) addi t5, t5, -0x1
x30 <- 0xFFFFFFFFF7FFFFFF

mem[X,0x0000000080000EC0] -> 0x1F13
mem[X,0x0000000080000EC2] -> 0x00BF
[949] [M]: 0x0000000080000EC0 (0x00BF1F13) slli t5, t5, 0xb
x30 <- 0xFFFFFFBFFFFFF800

mem[X,0x0000000080000EC4] -> 0x0F13
mem[X,0x0000000080000EC6] -> 0x7FFF
[950] [M]: 0x0000000080000EC4 (0x7FFF0F13) addi t5, t5, 0x7ff
x30 <- 0xFFFFFFBFFFFFFFFF

mem[X,0x0000000080000EC8] -> 0x1F13
mem[X,0x0000000080000ECA] -> 0x00BF
[951] [M]: 0x0000000080000EC8 (0x00BF1F13) slli t5, t5, 0xb
x30 <- 0xFFFDFFFFFFFFF800

mem[X,0x0000000080000ECC] -> 0x0F13
mem[X,0x0000000080000ECE] -> 0x7FFF
[952] [M]: 0x0000000080000ECC (0x7FFF0F13) addi t5, t5, 0x7ff
x30 <- 0xFFFDFFFFFFFFFFFF

mem[X,0x0000000080000ED0] -> 0x1F13
mem[X,0x0000000080000ED2] -> 0x00AF
[953] [M]: 0x0000000080000ED0 (0x00AF1F13) slli t5, t5, 0xa
x30 <- 0xF7FFFFFFFFFFFC00

mem[X,0x0000000080000ED4] -> 0x0F13
mem[X,0x0000000080000ED6] -> 0x3BFF
[954] [M]: 0x0000000080000ED4 (0x3BFF0F13) addi t5, t5, 0x3bf
x30 <- 0xF7FFFFFFFFFFFFBF

mem[X,0x0000000080000ED8] -> 0x0EB7
mem[X,0x0000000080000EDA] -> 0xFFFE
[955] [M]: 0x0000000080000ED8 (0xFFFE0EB7) lui t4, -0x20
x29 <- 0xFFFFFFFFFFFE0000

mem[X,0x0000000080000EDC] -> 0x8E93
mem[X,0x0000000080000EDE] -> 0xFFFE
[956] [M]: 0x0000000080000EDC (0xFFFE8E93) addi t4, t4, -0x1
x29 <- 0xFFFFFFFFFFFDFFFF

mem[X,0x0000000080000EE0] -> 0x9E93
mem[X,0x0000000080000EE2] -> 0x00BE
[957] [M]: 0x0000000080000EE0 (0x00BE9E93) slli t4, t4, 0xb
x29 <- 0xFFFFFFFFEFFFF800

mem[X,0x0000000080000EE4] -> 0x8E93
mem[X,0x0000000080000EE6] -> 0x7FFE
[958] [M]: 0x0000000080000EE4 (0x7FFE8E93) addi t4, t4, 0x7ff
x29 <- 0xFFFFFFFFEFFFFFFF

mem[X,0x0000000080000EE8] -> 0x9E93
mem[X,0x0000000080000EEA] -> 0x00BE
[959] [M]: 0x0000000080000EE8 (0x00BE9E93) slli t4, t4, 0xb
x29 <- 0xFFFFFF7FFFFFF800

mem[X,0x0000000080000EEC] -> 0x8E93
mem[X,0x0000000080000EEE] -> 0x7FFE
[960] [M]: 0x0000000080000EEC (0x7FFE8E93) addi t4, t4, 0x7ff
x29 <- 0xFFFFFF7FFFFFFFFF

mem[X,0x0000000080000EF0] -> 0x9E93
mem[X,0x0000000080000EF2] -> 0x00AE
[961] [M]: 0x0000000080000EF0 (0x00AE9E93) slli t4, t4, 0xa
x29 <- 0xFFFDFFFFFFFFFC00

mem[X,0x0000000080000EF4] -> 0x8E93
mem[X,0x0000000080000EF6] -> 0x3F8E
[962] [M]: 0x0000000080000EF4 (0x3F8E8E93) addi t4, t4, 0x3f8
x29 <- 0xFFFDFFFFFFFFFFF8

mem[X,0x0000000080000EF8] -> 0x2F9B
mem[X,0x0000000080000EFA] -> 0xEBDF
[963] [M]: 0x0000000080000EF8 (0xEBDF2F9B) pssha.w.w0 t6, t5, t4
x31 <- 0xFFF7FFFFFFFFFFFF

mem[X,0x0000000080000EFC] -> 0xB423
mem[X,0x0000000080000EFE] -> 0x0BF0
[964] [M]: 0x0000000080000EFC (0x0BF0B423) sd t6, 0xa8(ra)
mem[0x00000000800052B8] <- 0xFFF7FFFFFFFFFFFF

mem[X,0x0000000080000F00] -> 0x0F37
mem[X,0x0000000080000F02] -> 0x0000
[965] [M]: 0x0000000080000F00 (0x00000F37) lui t5, 0x0
x30 <- 0x0000000000000000

mem[X,0x0000000080000F04] -> 0x0F13
mem[X,0x0000000080000F06] -> 0xDFFF
[966] [M]: 0x0000000080000F04 (0xDFFF0F13) addi t5, t5, -0x201
x30 <- 0xFFFFFFFFFFFFFDFF

mem[X,0x0000000080000F08] -> 0x1F13
mem[X,0x0000000080000F0A] -> 0x00BF
[967] [M]: 0x0000000080000F08 (0x00BF1F13) slli t5, t5, 0xb
x30 <- 0xFFFFFFFFFFEFF800

mem[X,0x0000000080000F0C] -> 0x0F13
mem[X,0x0000000080000F0E] -> 0x2AAF
[968] [M]: 0x0000000080000F0C (0x2AAF0F13) addi t5, t5, 0x2aa
x30 <- 0xFFFFFFFFFFEFFAAA

mem[X,0x0000000080000F10] -> 0x1F13
mem[X,0x0000000080000F12] -> 0x00BF
[969] [M]: 0x0000000080000F10 (0x00BF1F13) slli t5, t5, 0xb
x30 <- 0xFFFFFFFF7FD55000

mem[X,0x0000000080000F14] -> 0x0F13
mem[X,0x0000000080000F16] -> 0x555F
[970] [M]: 0x0000000080000F14 (0x555F0F13) addi t5, t5, 0x555
x30 <- 0xFFFFFFFF7FD55555

mem[X,0x0000000080000F18] -> 0x1F13
mem[X,0x0000000080000F1A] -> 0x00AF
[971] [M]: 0x0000000080000F18 (0x00AF1F13) slli t5, t5, 0xa
x30 <- 0xFFFFFDFF55555400

mem[X,0x0000000080000F1C] -> 0x0F13
mem[X,0x0000000080000F1E] -> 0x155F
[972] [M]: 0x0000000080000F1C (0x155F0F13) addi t5, t5, 0x155
x30 <- 0xFFFFFDFF55555555

mem[X,0x0000000080000F20] -> 0x0EB7
mem[X,0x0000000080000F22] -> 0xFFFC
[973] [M]: 0x0000000080000F20 (0xFFFC0EB7) lui t4, -0x40
x29 <- 0xFFFFFFFFFFFC0000

mem[X,0x0000000080000F24] -> 0x8E93
mem[X,0x0000000080000F26] -> 0xFFFE
[974] [M]: 0x0000000080000F24 (0xFFFE8E93) addi t4, t4, -0x1
x29 <- 0xFFFFFFFFFFFBFFFF

mem[X,0x0000000080000F28] -> 0x9E93
mem[X,0x0000000080000F2A] -> 0x00BE
[975] [M]: 0x0000000080000F28 (0x00BE9E93) slli t4, t4, 0xb
x29 <- 0xFFFFFFFFDFFFF800

mem[X,0x0000000080000F2C] -> 0x8E93
mem[X,0x0000000080000F2E] -> 0x555E
[976] [M]: 0x0000000080000F2C (0x555E8E93) addi t4, t4, 0x555
x29 <- 0xFFFFFFFFDFFFFD55

mem[X,0x0000000080000F30] -> 0x9E93
mem[X,0x0000000080000F32] -> 0x00BE
[977] [M]: 0x0000000080000F30 (0x00BE9E93) slli t4, t4, 0xb
x29 <- 0xFFFFFEFFFFEAA800

mem[X,0x0000000080000F34] -> 0x8E93
mem[X,0x0000000080000F36] -> 0x2AAE
[978] [M]: 0x0000000080000F34 (0x2AAE8E93) addi t4, t4, 0x2aa
x29 <- 0xFFFFFEFFFFEAAAAA

mem[X,0x0000000080000F38] -> 0x9E93
mem[X,0x0000000080000F3A] -> 0x00AE
[979] [M]: 0x0000000080000F38 (0x00AE9E93) slli t4, t4, 0xa
x29 <- 0xFFFBFFFFAAAAA800

mem[X,0x0000000080000F3C] -> 0x8E93
mem[X,0x0000000080000F3E] -> 0x2AAE
[980] [M]: 0x0000000080000F3C (0x2AAE8E93) addi t4, t4, 0x2aa
x29 <- 0xFFFBFFFFAAAAAAAA

mem[X,0x0000000080000F40] -> 0x2F9B
mem[X,0x0000000080000F42] -> 0xEBDF
[981] [M]: 0x0000000080000F40 (0xEBDF2F9B) pssha.w.w0 t6, t5, t4
x31 <- 0xFFFFFFFF00000155

mem[X,0x0000000080000F44] -> 0xB823
mem[X,0x0000000080000F46] -> 0x0BF0
[982] [M]: 0x0000000080000F44 (0x0BF0B823) sd t6, 0xb0(ra)
mem[0x00000000800052C0] <- 0xFFFFFFFF00000155

mem[X,0x0000000080000F48] -> 0x0F37
mem[X,0x0000000080000F4A] -> 0x0000
[983] [M]: 0x0000000080000F48 (0x00000F37) lui t5, 0x0
x30 <- 0x0000000000000000

mem[X,0x0000000080000F4C] -> 0x0F13
mem[X,0x0000000080000F4E] -> 0xFFEF
[984] [M]: 0x0000000080000F4C (0xFFEF0F13) addi t5, t5, -0x2
x30 <- 0xFFFFFFFFFFFFFFFE

mem[X,0x0000000080000F50] -> 0x1F13
mem[X,0x0000000080000F52] -> 0x00BF
[985] [M]: 0x0000000080000F50 (0x00BF1F13) slli t5, t5, 0xb
x30 <- 0xFFFFFFFFFFFFF000

mem[X,0x0000000080000F54] -> 0x0F13
mem[X,0x0000000080000F56] -> 0x000F
[986] [M]: 0x0000000080000F54 (0x000F0F13) addi t5, t5, 0x0
x30 <- 0xFFFFFFFFFFFFF000

mem[X,0x0000000080000F58] -> 0x1F13
mem[X,0x0000000080000F5A] -> 0x00BF
[987] [M]: 0x0000000080000F58 (0x00BF1F13) slli t5, t5, 0xb
x30 <- 0xFFFFFFFFFF800000

mem[X,0x0000000080000F5C] -> 0x0F13
mem[X,0x0000000080000F5E] -> 0x040F
[988] [M]: 0x0000000080000F5C (0x040F0F13) addi t5, t5, 0x40
x30 <- 0xFFFFFFFFFF800040

mem[X,0x0000000080000F60] -> 0x1F13
mem[X,0x0000000080000F62] -> 0x00AF
[989] [M]: 0x0000000080000F60 (0x00AF1F13) slli t5, t5, 0xa
x30 <- 0xFFFFFFFE00010000

mem[X,0x0000000080000F64] -> 0x0EB7
mem[X,0x0000000080000F66] -> 0xFE00
[990] [M]: 0x0000000080000F64 (0xFE000EB7) lui t4, -0x2000
x29 <- 0xFFFFFFFFFE000000

mem[X,0x0000000080000F68] -> 0x8E93
mem[X,0x0000000080000F6A] -> 0xFFFE
[991] [M]: 0x0000000080000F68 (0xFFFE8E93) addi t4, t4, -0x1
x29 <- 0xFFFFFFFFFDFFFFFF

mem[X,0x0000000080000F6C] -> 0x9E93
mem[X,0x0000000080000F6E] -> 0x00BE
[992] [M]: 0x0000000080000F6C (0x00BE9E93) slli t4, t4, 0xb
x29 <- 0xFFFFFFEFFFFFF800

mem[X,0x0000000080000F70] -> 0x8E93
mem[X,0x0000000080000F72] -> 0x7FFE
[993] [M]: 0x0000000080000F70 (0x7FFE8E93) addi t4, t4, 0x7ff
x29 <- 0xFFFFFFEFFFFFFFFF

mem[X,0x0000000080000F74] -> 0x9E93
mem[X,0x0000000080000F76] -> 0x00BE
[994] [M]: 0x0000000080000F74 (0x00BE9E93) slli t4, t4, 0xb
x29 <- 0xFFFF7FFFFFFFF800

mem[X,0x0000000080000F78] -> 0x8E93
mem[X,0x0000000080000F7A] -> 0x7FFE
[995] [M]: 0x0000000080000F78 (0x7FFE8E93) addi t4, t4, 0x7ff
x29 <- 0xFFFF7FFFFFFFFFFF

mem[X,0x0000000080000F7C] -> 0x9E93
mem[X,0x0000000080000F7E] -> 0x00AE
[996] [M]: 0x0000000080000F7C (0x00AE9E93) slli t4, t4, 0xa
x29 <- 0xFDFFFFFFFFFFFC00

mem[X,0x0000000080000F80] -> 0x8E93
mem[X,0x0000000080000F82] -> 0x3F6E
[997] [M]: 0x0000000080000F80 (0x3F6E8E93) addi t4, t4, 0x3f6
x29 <- 0xFDFFFFFFFFFFFFF6

mem[X,0x0000000080000F84] -> 0x2F9B
mem[X,0x0000000080000F86] -> 0xEBDF
[998] [M]: 0x0000000080000F84 (0xEBDF2F9B) pssha.w.w0 t6, t5, t4
x31 <- 0xFFFFFFFF00000040

mem[X,0x0000000080000F88] -> 0xBC23
mem[X,0x0000000080000F8A] -> 0x0BF0
[999] [M]: 0x0000000080000F88 (0x0BF0BC23) sd t6, 0xb8(ra)
mem[0x00000000800052C8] <- 0xFFFFFFFF00000040

clint::tick mtime <- 0x000000000000000A
 clint timer pending at mtime 0x000000000000000A
htif::tick 0x0000000000000000
mem[X,0x0000000080000F8C] -> 0x0F37
mem[X,0x0000000080000F8E] -> 0xFFC0
[1000] [M]: 0x0000000080000F8C (0xFFC00F37) lui t5, -0x400
x30 <- 0xFFFFFFFFFFC00000

mem[X,0x0000000080000F90] -> 0x0F13
mem[X,0x0000000080000F92] -> 0xFFFF
[1001] [M]: 0x0000000080000F90 (0xFFFF0F13) addi t5, t5, -0x1
x30 <- 0xFFFFFFFFFFBFFFFF

mem[X,0x0000000080000F94] -> 0x1F13
mem[X,0x0000000080000F96] -> 0x00BF
[1002] [M]: 0x0000000080000F94 (0x00BF1F13) slli t5, t5, 0xb
x30 <- 0xFFFFFFFDFFFFF800

mem[X,0x0000000080000F98] -> 0x0F13
mem[X,0x0000000080000F9A] -> 0x7FFF
[1003] [M]: 0x0000000080000F98 (0x7FFF0F13) addi t5, t5, 0x7ff
x30 <- 0xFFFFFFFDFFFFFFFF

mem[X,0x0000000080000F9C] -> 0x1F13
mem[X,0x0000000080000F9E] -> 0x00BF
[1004] [M]: 0x0000000080000F9C (0x00BF1F13) slli t5, t5, 0xb
x30 <- 0xFFFFEFFFFFFFF800

mem[X,0x0000000080000FA0] -> 0x0F13
mem[X,0x0000000080000FA2] -> 0x7DFF
[1005] [M]: 0x0000000080000FA0 (0x7DFF0F13) addi t5, t5, 0x7df
x30 <- 0xFFFFEFFFFFFFFFDF

mem[X,0x0000000080000FA4] -> 0x1F13
mem[X,0x0000000080000FA6] -> 0x00AF
[1006] [M]: 0x0000000080000FA4 (0x00AF1F13) slli t5, t5, 0xa
x30 <- 0xFFBFFFFFFFFF7C00

mem[X,0x0000000080000FA8] -> 0x0F13
mem[X,0x0000000080000FAA] -> 0x3FFF
[1007] [M]: 0x0000000080000FA8 (0x3FFF0F13) addi t5, t5, 0x3ff
x30 <- 0xFFBFFFFFFFFF7FFF

mem[X,0x0000000080000FAC] -> 0x0EB7
mem[X,0x0000000080000FAE] -> 0xF800
[1008] [M]: 0x0000000080000FAC (0xF8000EB7) lui t4, -0x8000
x29 <- 0xFFFFFFFFF8000000

mem[X,0x0000000080000FB0] -> 0x8E93
mem[X,0x0000000080000FB2] -> 0xFFFE
[1009] [M]: 0x0000000080000FB0 (0xFFFE8E93) addi t4, t4, -0x1
x29 <- 0xFFFFFFFFF7FFFFFF

mem[X,0x0000000080000FB4] -> 0x9E93
mem[X,0x0000000080000FB6] -> 0x00BE
[1010] [M]: 0x0000000080000FB4 (0x00BE9E93) slli t4, t4, 0xb
x29 <- 0xFFFFFFBFFFFFF800

mem[X,0x0000000080000FB8] -> 0x8E93
mem[X,0x0000000080000FBA] -> 0x400E
[1011] [M]: 0x0000000080000FB8 (0x400E8E93) addi t4, t4, 0x400
x29 <- 0xFFFFFFBFFFFFFC00

mem[X,0x0000000080000FBC] -> 0x9E93
mem[X,0x0000000080000FBE] -> 0x00BE
[1012] [M]: 0x0000000080000FBC (0x00BE9E93) slli t4, t4, 0xb
x29 <- 0xFFFDFFFFFFE00000

mem[X,0x0000000080000FC0] -> 0x8E93
mem[X,0x0000000080000FC2] -> 0x000E
[1013] [M]: 0x0000000080000FC0 (0x000E8E93) addi t4, t4, 0x0
x29 <- 0xFFFDFFFFFFE00000

mem[X,0x0000000080000FC4] -> 0x9E93
mem[X,0x0000000080000FC6] -> 0x00AE
[1014] [M]: 0x0000000080000FC4 (0x00AE9E93) slli t4, t4, 0xa
x29 <- 0xF7FFFFFF80000000

mem[X,0x0000000080000FC8] -> 0x2F9B
mem[X,0x0000000080000FCA] -> 0xEBDF
[1015] [M]: 0x0000000080000FC8 (0xEBDF2F9B) pssha.w.w0 t6, t5, t4
x31 <- 0xFFBFFFFFFFFF7FFF

mem[X,0x0000000080000FCC] -> 0xB023
mem[X,0x0000000080000FCE] -> 0x0DF0
[1016] [M]: 0x0000000080000FCC (0x0DF0B023) sd t6, 0xc0(ra)
mem[0x00000000800052D0] <- 0xFFBFFFFFFFFF7FFF

mem[X,0x0000000080000FD0] -> 0x0F37
mem[X,0x0000000080000FD2] -> 0xFF80
[1017] [M]: 0x0000000080000FD0 (0xFF800F37) lui t5, -0x800
x30 <- 0xFFFFFFFFFF800000

mem[X,0x0000000080000FD4] -> 0x0F13
mem[X,0x0000000080000FD6] -> 0xFFFF
[1018] [M]: 0x0000000080000FD4 (0xFFFF0F13) addi t5, t5, -0x1
x30 <- 0xFFFFFFFFFF7FFFFF

mem[X,0x0000000080000FD8] -> 0x1F13
mem[X,0x0000000080000FDA] -> 0x00BF
[1019] [M]: 0x0000000080000FD8 (0x00BF1F13) slli t5, t5, 0xb
x30 <- 0xFFFFFFFBFFFFF800

mem[X,0x0000000080000FDC] -> 0x0F13
mem[X,0x0000000080000FDE] -> 0x7FFF
[1020] [M]: 0x0000000080000FDC (0x7FFF0F13) addi t5, t5, 0x7ff
x30 <- 0xFFFFFFFBFFFFFFFF

mem[X,0x0000000080000FE0] -> 0x1F13
mem[X,0x0000000080000FE2] -> 0x00BF
[1021] [M]: 0x0000000080000FE0 (0x00BF1F13) slli t5, t5, 0xb
x30 <- 0xFFFFDFFFFFFFF800

mem[X,0x0000000080000FE4] -> 0x0F13
mem[X,0x0000000080000FE6] -> 0x7FFF
[1022] [M]: 0x0000000080000FE4 (0x7FFF0F13) addi t5, t5, 0x7ff
x30 <- 0xFFFFDFFFFFFFFFFF

mem[X,0x0000000080000FE8] -> 0x1F13
mem[X,0x0000000080000FEA] -> 0x00AF
[1023] [M]: 0x0000000080000FE8 (0x00AF1F13) slli t5, t5, 0xa
x30 <- 0xFF7FFFFFFFFFFC00

mem[X,0x0000000080000FEC] -> 0x0F13
mem[X,0x0000000080000FEE] -> 0x3F6F
[1024] [M]: 0x0000000080000FEC (0x3F6F0F13) addi t5, t5, 0x3f6
x30 <- 0xFF7FFFFFFFFFFFF6

mem[X,0x0000000080000FF0] -> 0x0EB7
mem[X,0x0000000080000FF2] -> 0xF000
[1025] [M]: 0x0000000080000FF0 (0xF0000EB7) lui t4, -0x10000
x29 <- 0xFFFFFFFFF0000000

mem[X,0x0000000080000FF4] -> 0x8E93
mem[X,0x0000000080000FF6] -> 0xFFFE
[1026] [M]: 0x0000000080000FF4 (0xFFFE8E93) addi t4, t4, -0x1
x29 <- 0xFFFFFFFFEFFFFFFF

mem[X,0x0000000080000FF8] -> 0x9E93
mem[X,0x0000000080000FFA] -> 0x00BE
[1027] [M]: 0x0000000080000FF8 (0x00BE9E93) slli t4, t4, 0xb
x29 <- 0xFFFFFF7FFFFFF800

mem[X,0x0000000080000FFC] -> 0x8E93
mem[X,0x0000000080000FFE] -> 0x7FFE
[1028] [M]: 0x0000000080000FFC (0x7FFE8E93) addi t4, t4, 0x7ff
x29 <- 0xFFFFFF7FFFFFFFFF

mem[X,0x0000000080001000] -> 0x9E93
mem[X,0x0000000080001002] -> 0x00BE
[1029] [M]: 0x0000000080001000 (0x00BE9E93) slli t4, t4, 0xb
x29 <- 0xFFFBFFFFFFFFF800

mem[X,0x0000000080001004] -> 0x8E93
mem[X,0x0000000080001006] -> 0x7FBE
[1030] [M]: 0x0000000080001004 (0x7FBE8E93) addi t4, t4, 0x7fb
x29 <- 0xFFFBFFFFFFFFFFFB

mem[X,0x0000000080001008] -> 0x9E93
mem[X,0x000000008000100A] -> 0x00AE
[1031] [M]: 0x0000000080001008 (0x00AE9E93) slli t4, t4, 0xa
x29 <- 0xEFFFFFFFFFFFEC00

mem[X,0x000000008000100C] -> 0x8E93
mem[X,0x000000008000100E] -> 0x3FFE
[1032] [M]: 0x000000008000100C (0x3FFE8E93) addi t4, t4, 0x3ff
x29 <- 0xEFFFFFFFFFFFEFFF

mem[X,0x0000000080001010] -> 0x2F9B
mem[X,0x0000000080001012] -> 0xEBDF
[1033] [M]: 0x0000000080001010 (0xEBDF2F9B) pssha.w.w0 t6, t5, t4
x31 <- 0xFFBFFFFFFFFFFFFB

mem[X,0x0000000080001014] -> 0xB423
mem[X,0x0000000080001016] -> 0x0DF0
[1034] [M]: 0x0000000080001014 (0x0DF0B423) sd t6, 0xc8(ra)
mem[0x00000000800052D8] <- 0xFFBFFFFFFFFFFFFB

mem[X,0x0000000080001018] -> 0x0F37
mem[X,0x000000008000101A] -> 0x0000
[1035] [M]: 0x0000000080001018 (0x00000F37) lui t5, 0x0
x30 <- 0x0000000000000000

mem[X,0x000000008000101C] -> 0x0F13
mem[X,0x000000008000101E] -> 0xFF6F
[1036] [M]: 0x000000008000101C (0xFF6F0F13) addi t5, t5, -0xa
x30 <- 0xFFFFFFFFFFFFFFF6

mem[X,0x0000000080001020] -> 0x1F13
mem[X,0x0000000080001022] -> 0x00BF
[1037] [M]: 0x0000000080001020 (0x00BF1F13) slli t5, t5, 0xb
x30 <- 0xFFFFFFFFFFFFB000

mem[X,0x0000000080001024] -> 0x0F13
mem[X,0x0000000080001026] -> 0x7FFF
[1038] [M]: 0x0000000080001024 (0x7FFF0F13) addi t5, t5, 0x7ff
x30 <- 0xFFFFFFFFFFFFB7FF

mem[X,0x0000000080001028] -> 0x1F13
mem[X,0x000000008000102A] -> 0x00BF
[1039] [M]: 0x0000000080001028 (0x00BF1F13) slli t5, t5, 0xb
x30 <- 0xFFFFFFFFFDBFF800

mem[X,0x000000008000102C] -> 0x0F13
mem[X,0x000000008000102E] -> 0x7FFF
[1040] [M]: 0x000000008000102C (0x7FFF0F13) addi t5, t5, 0x7ff
x30 <- 0xFFFFFFFFFDBFFFFF

mem[X,0x0000000080001030] -> 0x1F13
mem[X,0x0000000080001032] -> 0x00AF
[1041] [M]: 0x0000000080001030 (0x00AF1F13) slli t5, t5, 0xa
x30 <- 0xFFFFFFF6FFFFFC00

mem[X,0x0000000080001034] -> 0x0F13
mem[X,0x0000000080001036] -> 0x3FCF
[1042] [M]: 0x0000000080001034 (0x3FCF0F13) addi t5, t5, 0x3fc
x30 <- 0xFFFFFFF6FFFFFFFC

mem[X,0x0000000080001038] -> 0x5EB7
mem[X,0x000000008000103A] -> 0x5555
[1043] [M]: 0x0000000080001038 (0x55555EB7) lui t4, 0x55555
x29 <- 0x0000000055555000

mem[X,0x000000008000103C] -> 0x8E93
mem[X,0x000000008000103E] -> 0x555E
[1044] [M]: 0x000000008000103C (0x555E8E93) addi t4, t4, 0x555
x29 <- 0x0000000055555555

mem[X,0x0000000080001040] -> 0x9E93
mem[X,0x0000000080001042] -> 0x00BE
[1045] [M]: 0x0000000080001040 (0x00BE9E93) slli t4, t4, 0xb
x29 <- 0x000002AAAAAAA800

mem[X,0x0000000080001044] -> 0x8E93
mem[X,0x0000000080001046] -> 0x7FFE
[1046] [M]: 0x0000000080001044 (0x7FFE8E93) addi t4, t4, 0x7ff
x29 <- 0x000002AAAAAAAFFF

mem[X,0x0000000080001048] -> 0x9E93
mem[X,0x000000008000104A] -> 0x00BE
[1047] [M]: 0x0000000080001048 (0x00BE9E93) slli t4, t4, 0xb
x29 <- 0x00155555557FF800

mem[X,0x000000008000104C] -> 0x8E93
mem[X,0x000000008000104E] -> 0x7FEE
[1048] [M]: 0x000000008000104C (0x7FEE8E93) addi t4, t4, 0x7fe
x29 <- 0x00155555557FFFFE

mem[X,0x0000000080001050] -> 0x9E93
mem[X,0x0000000080001052] -> 0x00AE
[1049] [M]: 0x0000000080001050 (0x00AE9E93) slli t4, t4, 0xa
x29 <- 0x55555555FFFFF800

mem[X,0x0000000080001054] -> 0x8E93
mem[X,0x0000000080001056] -> 0x3FFE
[1050] [M]: 0x0000000080001054 (0x3FFE8E93) addi t4, t4, 0x3ff
x29 <- 0x55555555FFFFFBFF

mem[X,0x0000000080001058] -> 0x2F9B
mem[X,0x000000008000105A] -> 0xEBDF
[1051] [M]: 0x0000000080001058 (0xEBDF2F9B) pssha.w.w0 t6, t5, t4
x31 <- 0xFFFFFFFBFFFFFFFE

mem[X,0x000000008000105C] -> 0xB823
mem[X,0x000000008000105E] -> 0x0DF0
[1052] [M]: 0x000000008000105C (0x0DF0B823) sd t6, 0xd0(ra)
mem[0x00000000800052E0] <- 0xFFFFFFFBFFFFFFFE

mem[X,0x0000000080001060] -> 0x8F37
mem[X,0x0000000080001062] -> 0x0000
[1053] [M]: 0x0000000080001060 (0x00008F37) lui t5, 0x8
x30 <- 0x0000000000008000

mem[X,0x0000000080001064] -> 0x0F13
mem[X,0x0000000080001066] -> 0x000F
[1054] [M]: 0x0000000080001064 (0x000F0F13) addi t5, t5, 0x0
x30 <- 0x0000000000008000

mem[X,0x0000000080001068] -> 0x1F13
mem[X,0x000000008000106A] -> 0x00BF
[1055] [M]: 0x0000000080001068 (0x00BF1F13) slli t5, t5, 0xb
x30 <- 0x0000000004000000

mem[X,0x000000008000106C] -> 0x0F13
mem[X,0x000000008000106E] -> 0x000F
[1056] [M]: 0x000000008000106C (0x000F0F13) addi t5, t5, 0x0
x30 <- 0x0000000004000000

mem[X,0x0000000080001070] -> 0x1F13
mem[X,0x0000000080001072] -> 0x00BF
[1057] [M]: 0x0000000080001070 (0x00BF1F13) slli t5, t5, 0xb
x30 <- 0x0000002000000000

mem[X,0x0000000080001074] -> 0x0F13
mem[X,0x0000000080001076] -> 0x000F
[1058] [M]: 0x0000000080001074 (0x000F0F13) addi t5, t5, 0x0
x30 <- 0x0000002000000000

mem[X,0x0000000080001078] -> 0x1F13
mem[X,0x000000008000107A] -> 0x00AF
[1059] [M]: 0x0000000080001078 (0x00AF1F13) slli t5, t5, 0xa
x30 <- 0x0000800000000000

mem[X,0x000000008000107C] -> 0x0F13
mem[X,0x000000008000107E] -> 0x007F
[1060] [M]: 0x000000008000107C (0x007F0F13) addi t5, t5, 0x7
x30 <- 0x0000800000000007

mem[X,0x0000000080001080] -> 0x0EB7
mem[X,0x0000000080001082] -> 0x2000
[1061] [M]: 0x0000000080001080 (0x20000EB7) lui t4, 0x20000
x29 <- 0x0000000020000000

mem[X,0x0000000080001084] -> 0x8E93
mem[X,0x0000000080001086] -> 0x000E
[1062] [M]: 0x0000000080001084 (0x000E8E93) addi t4, t4, 0x0
x29 <- 0x0000000020000000

mem[X,0x0000000080001088] -> 0x9E93
mem[X,0x000000008000108A] -> 0x00BE
[1063] [M]: 0x0000000080001088 (0x00BE9E93) slli t4, t4, 0xb
x29 <- 0x0000010000000000

mem[X,0x000000008000108C] -> 0x8E93
mem[X,0x000000008000108E] -> 0x000E
[1064] [M]: 0x000000008000108C (0x000E8E93) addi t4, t4, 0x0
x29 <- 0x0000010000000000

mem[X,0x0000000080001090] -> 0x9E93
mem[X,0x0000000080001092] -> 0x00BE
[1065] [M]: 0x0000000080001090 (0x00BE9E93) slli t4, t4, 0xb
x29 <- 0x0008000000000000

mem[X,0x0000000080001094] -> 0x8E93
mem[X,0x0000000080001096] -> 0x000E
[1066] [M]: 0x0000000080001094 (0x000E8E93) addi t4, t4, 0x0
x29 <- 0x0008000000000000

mem[X,0x0000000080001098] -> 0x9E93
mem[X,0x000000008000109A] -> 0x00AE
[1067] [M]: 0x0000000080001098 (0x00AE9E93) slli t4, t4, 0xa
x29 <- 0x2000000000000000

mem[X,0x000000008000109C] -> 0x8E93
mem[X,0x000000008000109E] -> 0x007E
[1068] [M]: 0x000000008000109C (0x007E8E93) addi t4, t4, 0x7
x29 <- 0x2000000000000007

mem[X,0x00000000800010A0] -> 0x2F9B
mem[X,0x00000000800010A2] -> 0xEBDF
[1069] [M]: 0x00000000800010A0 (0xEBDF2F9B) pssha.w.w0 t6, t5, t4
x31 <- 0x0040000000000380

mem[X,0x00000000800010A4] -> 0xBC23
mem[X,0x00000000800010A6] -> 0x0DF0
[1070] [M]: 0x00000000800010A4 (0x0DF0BC23) sd t6, 0xd8(ra)
mem[0x00000000800052E8] <- 0x0040000000000380

mem[X,0x00000000800010A8] -> 0x0F13
mem[X,0x00000000800010AA] -> 0x0010
[1071] [M]: 0x00000000800010A8 (0x00100F13) addi t5, zero, 0x1
x30 <- 0x0000000000000001

mem[X,0x00000000800010AC] -> 0x1F13
mem[X,0x00000000800010AE] -> 0x033F
[1072] [M]: 0x00000000800010AC (0x033F1F13) slli t5, t5, 0x33
x30 <- 0x0008000000000000

mem[X,0x00000000800010B0] -> 0x0EB7
mem[X,0x00000000800010B2] -> 0x0008
[1073] [M]: 0x00000000800010B0 (0x00080EB7) lui t4, 0x80
x29 <- 0x0000000000080000

mem[X,0x00000000800010B4] -> 0x8E93
mem[X,0x00000000800010B6] -> 0x000E
[1074] [M]: 0x00000000800010B4 (0x000E8E93) addi t4, t4, 0x0
x29 <- 0x0000000000080000

mem[X,0x00000000800010B8] -> 0x9E93
mem[X,0x00000000800010BA] -> 0x00BE
[1075] [M]: 0x00000000800010B8 (0x00BE9E93) slli t4, t4, 0xb
x29 <- 0x0000000040000000

mem[X,0x00000000800010BC] -> 0x8E93
mem[X,0x00000000800010BE] -> 0x000E
[1076] [M]: 0x00000000800010BC (0x000E8E93) addi t4, t4, 0x0
x29 <- 0x0000000040000000

mem[X,0x00000000800010C0] -> 0x9E93
mem[X,0x00000000800010C2] -> 0x00BE
[1077] [M]: 0x00000000800010C0 (0x00BE9E93) slli t4, t4, 0xb
x29 <- 0x0000020000000000

mem[X,0x00000000800010C4] -> 0x8E93
mem[X,0x00000000800010C6] -> 0x040E
[1078] [M]: 0x00000000800010C4 (0x040E8E93) addi t4, t4, 0x40
x29 <- 0x0000020000000040

mem[X,0x00000000800010C8] -> 0x9E93
mem[X,0x00000000800010CA] -> 0x00AE
[1079] [M]: 0x00000000800010C8 (0x00AE9E93) slli t4, t4, 0xa
x29 <- 0x0008000000010000

mem[X,0x00000000800010CC] -> 0x2F9B
mem[X,0x00000000800010CE] -> 0xEBDF
[1080] [M]: 0x00000000800010CC (0xEBDF2F9B) pssha.w.w0 t6, t5, t4
x31 <- 0x0008000000000000

mem[X,0x00000000800010D0] -> 0xB023
mem[X,0x00000000800010D2] -> 0x0FF0
[1081] [M]: 0x00000000800010D0 (0x0FF0B023) sd t6, 0xe0(ra)
mem[0x00000000800052F0] <- 0x0008000000000000

mem[X,0x00000000800010D4] -> 0x0F37
mem[X,0x00000000800010D6] -> 0x0000
[1082] [M]: 0x00000000800010D4 (0x00000F37) lui t5, 0x0
x30 <- 0x0000000000000000

mem[X,0x00000000800010D8] -> 0x0F13
mem[X,0x00000000800010DA] -> 0x006F
[1083] [M]: 0x00000000800010D8 (0x006F0F13) addi t5, t5, 0x6
x30 <- 0x0000000000000006

mem[X,0x00000000800010DC] -> 0x1F13
mem[X,0x00000000800010DE] -> 0x00BF
[1084] [M]: 0x00000000800010DC (0x00BF1F13) slli t5, t5, 0xb
x30 <- 0x0000000000003000

mem[X,0x00000000800010E0] -> 0x0F13
mem[X,0x00000000800010E2] -> 0x7FFF
[1085] [M]: 0x00000000800010E0 (0x7FFF0F13) addi t5, t5, 0x7ff
x30 <- 0x00000000000037FF

mem[X,0x00000000800010E4] -> 0x1F13
mem[X,0x00000000800010E6] -> 0x00BF
[1086] [M]: 0x00000000800010E4 (0x00BF1F13) slli t5, t5, 0xb
x30 <- 0x0000000001BFF800

mem[X,0x00000000800010E8] -> 0x0F13
mem[X,0x00000000800010EA] -> 0x77FF
[1087] [M]: 0x00000000800010E8 (0x77FF0F13) addi t5, t5, 0x77f
x30 <- 0x0000000001BFFF7F

mem[X,0x00000000800010EC] -> 0x1F13
mem[X,0x00000000800010EE] -> 0x00AF
[1088] [M]: 0x00000000800010EC (0x00AF1F13) slli t5, t5, 0xa
x30 <- 0x00000006FFFDFC00

mem[X,0x00000000800010F0] -> 0x0F13
mem[X,0x00000000800010F2] -> 0x3FFF
[1089] [M]: 0x00000000800010F0 (0x3FFF0F13) addi t5, t5, 0x3ff
x30 <- 0x00000006FFFDFFFF

mem[X,0x00000000800010F4] -> 0x0EB7
mem[X,0x00000000800010F6] -> 0x0000
[1090] [M]: 0x00000000800010F4 (0x00000EB7) lui t4, 0x0
x29 <- 0x0000000000000000

mem[X,0x00000000800010F8] -> 0x8E93
mem[X,0x00000000800010FA] -> 0xFF8E
[1091] [M]: 0x00000000800010F8 (0xFF8E8E93) addi t4, t4, -0x8
x29 <- 0xFFFFFFFFFFFFFFF8

mem[X,0x00000000800010FC] -> 0x9E93
mem[X,0x00000000800010FE] -> 0x00BE
[1092] [M]: 0x00000000800010FC (0x00BE9E93) slli t4, t4, 0xb
x29 <- 0xFFFFFFFFFFFFC000

mem[X,0x0000000080001100] -> 0x8E93
mem[X,0x0000000080001102] -> 0x7F7E
[1093] [M]: 0x0000000080001100 (0x7F7E8E93) addi t4, t4, 0x7f7
x29 <- 0xFFFFFFFFFFFFC7F7

mem[X,0x0000000080001104] -> 0x9E93
mem[X,0x0000000080001106] -> 0x00BE
[1094] [M]: 0x0000000080001104 (0x00BE9E93) slli t4, t4, 0xb
x29 <- 0xFFFFFFFFFE3FB800

mem[X,0x0000000080001108] -> 0x8E93
mem[X,0x000000008000110A] -> 0x7FFE
[1095] [M]: 0x0000000080001108 (0x7FFE8E93) addi t4, t4, 0x7ff
x29 <- 0xFFFFFFFFFE3FBFFF

mem[X,0x000000008000110C] -> 0x9E93
mem[X,0x000000008000110E] -> 0x00AE
[1096] [M]: 0x000000008000110C (0x00AE9E93) slli t4, t4, 0xa
x29 <- 0xFFFFFFF8FEFFFC00

mem[X,0x0000000080001110] -> 0x8E93
mem[X,0x0000000080001112] -> 0x3FFE
[1097] [M]: 0x0000000080001110 (0x3FFE8E93) addi t4, t4, 0x3ff
x29 <- 0xFFFFFFF8FEFFFFFF

mem[X,0x0000000080001114] -> 0x2F9B
mem[X,0x0000000080001116] -> 0xEBDF
[1098] [M]: 0x0000000080001114 (0xEBDF2F9B) pssha.w.w0 t6, t5, t4
x31 <- 0x00000003FFFEFFFF

mem[X,0x0000000080001118] -> 0xB423
mem[X,0x000000008000111A] -> 0x0FF0
[1099] [M]: 0x0000000080001118 (0x0FF0B423) sd t6, 0xe8(ra)
mem[0x00000000800052F8] <- 0x00000003FFFEFFFF

clint::tick mtime <- 0x000000000000000B
 clint timer pending at mtime 0x000000000000000B
htif::tick 0x0000000000000000
mem[X,0x000000008000111C] -> 0x0F37
mem[X,0x000000008000111E] -> 0xF000
[1100] [M]: 0x000000008000111C (0xF0000F37) lui t5, -0x10000
x30 <- 0xFFFFFFFFF0000000

mem[X,0x0000000080001120] -> 0x0F13
mem[X,0x0000000080001122] -> 0xFFFF
[1101] [M]: 0x0000000080001120 (0xFFFF0F13) addi t5, t5, -0x1
x30 <- 0xFFFFFFFFEFFFFFFF

mem[X,0x0000000080001124] -> 0x1F13
mem[X,0x0000000080001126] -> 0x00BF
[1102] [M]: 0x0000000080001124 (0x00BF1F13) slli t5, t5, 0xb
x30 <- 0xFFFFFF7FFFFFF800

mem[X,0x0000000080001128] -> 0x0F13
mem[X,0x000000008000112A] -> 0x7FFF
[1103] [M]: 0x0000000080001128 (0x7FFF0F13) addi t5, t5, 0x7ff
x30 <- 0xFFFFFF7FFFFFFFFF

mem[X,0x000000008000112C] -> 0x1F13
mem[X,0x000000008000112E] -> 0x00BF
[1104] [M]: 0x000000008000112C (0x00BF1F13) slli t5, t5, 0xb
x30 <- 0xFFFBFFFFFFFFF800

mem[X,0x0000000080001130] -> 0x0F13
mem[X,0x0000000080001132] -> 0x6FFF
[1105] [M]: 0x0000000080001130 (0x6FFF0F13) addi t5, t5, 0x6ff
x30 <- 0xFFFBFFFFFFFFFEFF

mem[X,0x0000000080001134] -> 0x1F13
mem[X,0x0000000080001136] -> 0x00AF
[1106] [M]: 0x0000000080001134 (0x00AF1F13) slli t5, t5, 0xa
x30 <- 0xEFFFFFFFFFFBFC00

mem[X,0x0000000080001138] -> 0x0F13
mem[X,0x000000008000113A] -> 0x3FFF
[1107] [M]: 0x0000000080001138 (0x3FFF0F13) addi t5, t5, 0x3ff
x30 <- 0xEFFFFFFFFFFBFFFF

mem[X,0x000000008000113C] -> 0x0EB7
mem[X,0x000000008000113E] -> 0x0200
[1108] [M]: 0x000000008000113C (0x02000EB7) lui t4, 0x2000
x29 <- 0x0000000002000000

mem[X,0x0000000080001140] -> 0x8E93
mem[X,0x0000000080001142] -> 0x000E
[1109] [M]: 0x0000000080001140 (0x000E8E93) addi t4, t4, 0x0
x29 <- 0x0000000002000000

mem[X,0x0000000080001144] -> 0x9E93
mem[X,0x0000000080001146] -> 0x00BE
[1110] [M]: 0x0000000080001144 (0x00BE9E93) slli t4, t4, 0xb
x29 <- 0x0000001000000000

mem[X,0x0000000080001148] -> 0x8E93
mem[X,0x000000008000114A] -> 0x7FFE
[1111] [M]: 0x0000000080001148 (0x7FFE8E93) addi t4, t4, 0x7ff
x29 <- 0x00000010000007FF

mem[X,0x000000008000114C] -> 0x9E93
mem[X,0x000000008000114E] -> 0x00BE
[1112] [M]: 0x000000008000114C (0x00BE9E93) slli t4, t4, 0xb
x29 <- 0x00008000003FF800

mem[X,0x0000000080001150] -> 0x8E93
mem[X,0x0000000080001152] -> 0x77FE
[1113] [M]: 0x0000000080001150 (0x77FE8E93) addi t4, t4, 0x77f
x29 <- 0x00008000003FFF7F

mem[X,0x0000000080001154] -> 0x9E93
mem[X,0x0000000080001156] -> 0x00AE
[1114] [M]: 0x0000000080001154 (0x00AE9E93) slli t4, t4, 0xa
x29 <- 0x02000000FFFDFC00

mem[X,0x0000000080001158] -> 0x8E93
mem[X,0x000000008000115A] -> 0x3FFE
[1115] [M]: 0x0000000080001158 (0x3FFE8E93) addi t4, t4, 0x3ff
x29 <- 0x02000000FFFDFFFF

mem[X,0x000000008000115C] -> 0x2F9B
mem[X,0x000000008000115E] -> 0xEBDF
[1116] [M]: 0x000000008000115C (0xEBDF2F9B) pssha.w.w0 t6, t5, t4
x31 <- 0xF7FFFFFFFFFDFFFF

mem[X,0x0000000080001160] -> 0xB823
mem[X,0x0000000080001162] -> 0x0FF0
[1117] [M]: 0x0000000080001160 (0x0FF0B823) sd t6, 0xf0(ra)
mem[0x0000000080005300] <- 0xF7FFFFFFFFFDFFFF

mem[X,0x0000000080001164] -> 0x1F37
mem[X,0x0000000080001166] -> 0x0000
[1118] [M]: 0x0000000080001164 (0x00001F37) lui t5, 0x1
x30 <- 0x0000000000001000

mem[X,0x0000000080001168] -> 0x0F13
mem[X,0x000000008000116A] -> 0x800F
[1119] [M]: 0x0000000080001168 (0x800F0F13) addi t5, t5, -0x800
x30 <- 0x0000000000000800

mem[X,0x000000008000116C] -> 0x1F13
mem[X,0x000000008000116E] -> 0x00BF
[1120] [M]: 0x000000008000116C (0x00BF1F13) slli t5, t5, 0xb
x30 <- 0x0000000000400000

mem[X,0x0000000080001170] -> 0x0F13
mem[X,0x0000000080001172] -> 0x7FFF
[1121] [M]: 0x0000000080001170 (0x7FFF0F13) addi t5, t5, 0x7ff
x30 <- 0x00000000004007FF

mem[X,0x0000000080001174] -> 0x1F13
mem[X,0x0000000080001176] -> 0x00BF
[1122] [M]: 0x0000000080001174 (0x00BF1F13) slli t5, t5, 0xb
x30 <- 0x00000002003FF800

mem[X,0x0000000080001178] -> 0x0F13
mem[X,0x000000008000117A] -> 0x5FFF
[1123] [M]: 0x0000000080001178 (0x5FFF0F13) addi t5, t5, 0x5ff
x30 <- 0x00000002003FFDFF

mem[X,0x000000008000117C] -> 0x1F13
mem[X,0x000000008000117E] -> 0x00AF
[1124] [M]: 0x000000008000117C (0x00AF1F13) slli t5, t5, 0xa
x30 <- 0x00000800FFF7FC00

mem[X,0x0000000080001180] -> 0x0F13
mem[X,0x0000000080001182] -> 0x3FFF
[1125] [M]: 0x0000000080001180 (0x3FFF0F13) addi t5, t5, 0x3ff
x30 <- 0x00000800FFF7FFFF

mem[X,0x0000000080001184] -> 0x0EB7
mem[X,0x0000000080001186] -> 0xFFFF
[1126] [M]: 0x0000000080001184 (0xFFFF0EB7) lui t4, -0x10
x29 <- 0xFFFFFFFFFFFF0000

mem[X,0x0000000080001188] -> 0x8E93
mem[X,0x000000008000118A] -> 0xFFFE
[1127] [M]: 0x0000000080001188 (0xFFFE8E93) addi t4, t4, -0x1
x29 <- 0xFFFFFFFFFFFEFFFF

mem[X,0x000000008000118C] -> 0x9E93
mem[X,0x000000008000118E] -> 0x00BE
[1128] [M]: 0x000000008000118C (0x00BE9E93) slli t4, t4, 0xb
x29 <- 0xFFFFFFFFF7FFF800

mem[X,0x0000000080001190] -> 0x8E93
mem[X,0x0000000080001192] -> 0x7FFE
[1129] [M]: 0x0000000080001190 (0x7FFE8E93) addi t4, t4, 0x7ff
x29 <- 0xFFFFFFFFF7FFFFFF

mem[X,0x0000000080001194] -> 0x9E93
mem[X,0x0000000080001196] -> 0x00BE
[1130] [M]: 0x0000000080001194 (0x00BE9E93) slli t4, t4, 0xb
x29 <- 0xFFFFFFBFFFFFF800

mem[X,0x0000000080001198] -> 0x8E93
mem[X,0x000000008000119A] -> 0x7FFE
[1131] [M]: 0x0000000080001198 (0x7FFE8E93) addi t4, t4, 0x7ff
x29 <- 0xFFFFFFBFFFFFFFFF

mem[X,0x000000008000119C] -> 0x9E93
mem[X,0x000000008000119E] -> 0x00AE
[1132] [M]: 0x000000008000119C (0x00AE9E93) slli t4, t4, 0xa
x29 <- 0xFFFEFFFFFFFFFC00

mem[X,0x00000000800011A0] -> 0x8E93
mem[X,0x00000000800011A2] -> 0x1FFE
[1133] [M]: 0x00000000800011A0 (0x1FFE8E93) addi t4, t4, 0x1ff
x29 <- 0xFFFEFFFFFFFFFDFF

mem[X,0x00000000800011A4] -> 0x2F9B
mem[X,0x00000000800011A6] -> 0xEBDF
[1134] [M]: 0x00000000800011A4 (0xEBDF2F9B) pssha.w.w0 t6, t5, t4
x31 <- 0x00000400FFFBFFFF

mem[X,0x00000000800011A8] -> 0xBC23
mem[X,0x00000000800011AA] -> 0x0FF0
[1135] [M]: 0x00000000800011A8 (0x0FF0BC23) sd t6, 0xf8(ra)
mem[0x0000000080005308] <- 0x00000400FFFBFFFF

mem[X,0x00000000800011AC] -> 0x0F37
mem[X,0x00000000800011AE] -> 0x4000
[1136] [M]: 0x00000000800011AC (0x40000F37) lui t5, 0x40000
x30 <- 0x0000000040000000

mem[X,0x00000000800011B0] -> 0x0F13
mem[X,0x00000000800011B2] -> 0x000F
[1137] [M]: 0x00000000800011B0 (0x000F0F13) addi t5, t5, 0x0
x30 <- 0x0000000040000000

mem[X,0x00000000800011B4] -> 0x1F13
mem[X,0x00000000800011B6] -> 0x00BF
[1138] [M]: 0x00000000800011B4 (0x00BF1F13) slli t5, t5, 0xb
x30 <- 0x0000020000000000

mem[X,0x00000000800011B8] -> 0x0F13
mem[X,0x00000000800011BA] -> 0x7FFF
[1139] [M]: 0x00000000800011B8 (0x7FFF0F13) addi t5, t5, 0x7ff
x30 <- 0x00000200000007FF

mem[X,0x00000000800011BC] -> 0x1F13
mem[X,0x00000000800011BE] -> 0x00BF
[1140] [M]: 0x00000000800011BC (0x00BF1F13) slli t5, t5, 0xb
x30 <- 0x00100000003FF800

mem[X,0x00000000800011C0] -> 0x0F13
mem[X,0x00000000800011C2] -> 0x3FFF
[1141] [M]: 0x00000000800011C0 (0x3FFF0F13) addi t5, t5, 0x3ff
x30 <- 0x00100000003FFBFF

mem[X,0x00000000800011C4] -> 0x1F13
mem[X,0x00000000800011C6] -> 0x00AF
[1142] [M]: 0x00000000800011C4 (0x00AF1F13) slli t5, t5, 0xa
x30 <- 0x40000000FFEFFC00

mem[X,0x00000000800011C8] -> 0x0F13
mem[X,0x00000000800011CA] -> 0x3FFF
[1143] [M]: 0x00000000800011C8 (0x3FFF0F13) addi t5, t5, 0x3ff
x30 <- 0x40000000FFEFFFFF

mem[X,0x00000000800011CC] -> 0x0EB7
mem[X,0x00000000800011CE] -> 0xFFFC
[1144] [M]: 0x00000000800011CC (0xFFFC0EB7) lui t4, -0x40
x29 <- 0xFFFFFFFFFFFC0000

mem[X,0x00000000800011D0] -> 0x8E93
mem[X,0x00000000800011D2] -> 0xFFFE
[1145] [M]: 0x00000000800011D0 (0xFFFE8E93) addi t4, t4, -0x1
x29 <- 0xFFFFFFFFFFFBFFFF

mem[X,0x00000000800011D4] -> 0x9E93
mem[X,0x00000000800011D6] -> 0x00BE
[1146] [M]: 0x00000000800011D4 (0x00BE9E93) slli t4, t4, 0xb
x29 <- 0xFFFFFFFFDFFFF800

mem[X,0x00000000800011D8] -> 0x8E93
mem[X,0x00000000800011DA] -> 0x77FE
[1147] [M]: 0x00000000800011D8 (0x77FE8E93) addi t4, t4, 0x77f
x29 <- 0xFFFFFFFFDFFFFF7F

mem[X,0x00000000800011DC] -> 0x9E93
mem[X,0x00000000800011DE] -> 0x00BE
[1148] [M]: 0x00000000800011DC (0x00BE9E93) slli t4, t4, 0xb
x29 <- 0xFFFFFEFFFFFBF800

mem[X,0x00000000800011E0] -> 0x8E93
mem[X,0x00000000800011E2] -> 0x7FFE
[1149] [M]: 0x00000000800011E0 (0x7FFE8E93) addi t4, t4, 0x7ff
x29 <- 0xFFFFFEFFFFFBFFFF

mem[X,0x00000000800011E4] -> 0x9E93
mem[X,0x00000000800011E6] -> 0x00AE
[1150] [M]: 0x00000000800011E4 (0x00AE9E93) slli t4, t4, 0xa
x29 <- 0xFFFBFFFFEFFFFC00

mem[X,0x00000000800011E8] -> 0x8E93
mem[X,0x00000000800011EA] -> 0x3FFE
[1151] [M]: 0x00000000800011E8 (0x3FFE8E93) addi t4, t4, 0x3ff
x29 <- 0xFFFBFFFFEFFFFFFF

mem[X,0x00000000800011EC] -> 0x2F9B
mem[X,0x00000000800011EE] -> 0xEBDF
[1152] [M]: 0x00000000800011EC (0xEBDF2F9B) pssha.w.w0 t6, t5, t4
x31 <- 0x20000000FFF7FFFF

mem[X,0x00000000800011F0] -> 0xB023
mem[X,0x00000000800011F2] -> 0x11F0
[1153] [M]: 0x00000000800011F0 (0x11F0B023) sd t6, 0x100(ra)
mem[0x0000000080005310] <- 0x20000000FFF7FFFF

mem[X,0x00000000800011F4] -> 0x0F37
mem[X,0x00000000800011F6] -> 0x0100
[1154] [M]: 0x00000000800011F4 (0x01000F37) lui t5, 0x1000
x30 <- 0x0000000001000000

mem[X,0x00000000800011F8] -> 0x0F13
mem[X,0x00000000800011FA] -> 0x000F
[1155] [M]: 0x00000000800011F8 (0x000F0F13) addi t5, t5, 0x0
x30 <- 0x0000000001000000

mem[X,0x00000000800011FC] -> 0x1F13
mem[X,0x00000000800011FE] -> 0x00BF
[1156] [M]: 0x00000000800011FC (0x00BF1F13) slli t5, t5, 0xb
x30 <- 0x0000000800000000

mem[X,0x0000000080001200] -> 0x0F13
mem[X,0x0000000080001202] -> 0x7FEF
[1157] [M]: 0x0000000080001200 (0x7FEF0F13) addi t5, t5, 0x7fe
x30 <- 0x00000008000007FE

mem[X,0x0000000080001204] -> 0x1F13
mem[X,0x0000000080001206] -> 0x00BF
[1158] [M]: 0x0000000080001204 (0x00BF1F13) slli t5, t5, 0xb
x30 <- 0x00004000003FF000

mem[X,0x0000000080001208] -> 0x0F13
mem[X,0x000000008000120A] -> 0x7FFF
[1159] [M]: 0x0000000080001208 (0x7FFF0F13) addi t5, t5, 0x7ff
x30 <- 0x00004000003FF7FF

mem[X,0x000000008000120C] -> 0x1F13
mem[X,0x000000008000120E] -> 0x00AF
[1160] [M]: 0x000000008000120C (0x00AF1F13) slli t5, t5, 0xa
x30 <- 0x01000000FFDFFC00

mem[X,0x0000000080001210] -> 0x0F13
mem[X,0x0000000080001212] -> 0x3FFF
[1161] [M]: 0x0000000080001210 (0x3FFF0F13) addi t5, t5, 0x3ff
x30 <- 0x01000000FFDFFFFF

mem[X,0x0000000080001214] -> 0x0EB7
mem[X,0x0000000080001216] -> 0x0000
[1162] [M]: 0x0000000080001214 (0x00000EB7) lui t4, 0x0
x29 <- 0x0000000000000000

mem[X,0x0000000080001218] -> 0x8E93
mem[X,0x000000008000121A] -> 0xBFFE
[1163] [M]: 0x0000000080001218 (0xBFFE8E93) addi t4, t4, -0x401
x29 <- 0xFFFFFFFFFFFFFBFF

mem[X,0x000000008000121C] -> 0x9E93
mem[X,0x000000008000121E] -> 0x00BE
[1164] [M]: 0x000000008000121C (0x00BE9E93) slli t4, t4, 0xb
x29 <- 0xFFFFFFFFFFDFF800

mem[X,0x0000000080001220] -> 0x8E93
mem[X,0x0000000080001222] -> 0x010E
[1165] [M]: 0x0000000080001220 (0x010E8E93) addi t4, t4, 0x10
x29 <- 0xFFFFFFFFFFDFF810

mem[X,0x0000000080001224] -> 0x9E93
mem[X,0x0000000080001226] -> 0x00BE
[1166] [M]: 0x0000000080001224 (0x00BE9E93) slli t4, t4, 0xb
x29 <- 0xFFFFFFFEFFC08000

mem[X,0x0000000080001228] -> 0x8E93
mem[X,0x000000008000122A] -> 0x000E
[1167] [M]: 0x0000000080001228 (0x000E8E93) addi t4, t4, 0x0
x29 <- 0xFFFFFFFEFFC08000

mem[X,0x000000008000122C] -> 0x9E93
mem[X,0x000000008000122E] -> 0x00AE
[1168] [M]: 0x000000008000122C (0x00AE9E93) slli t4, t4, 0xa
x29 <- 0xFFFFFBFF02000000

mem[X,0x0000000080001230] -> 0x2F9B
mem[X,0x0000000080001232] -> 0xEBDF
[1169] [M]: 0x0000000080001230 (0xEBDF2F9B) pssha.w.w0 t6, t5, t4
x31 <- 0x01000000FFDFFFFF

mem[X,0x0000000080001234] -> 0xB423
mem[X,0x0000000080001236] -> 0x11F0
[1170] [M]: 0x0000000080001234 (0x11F0B423) sd t6, 0x108(ra)
mem[0x0000000080005318] <- 0x01000000FFDFFFFF

mem[X,0x0000000080001238] -> 0x0F37
mem[X,0x000000008000123A] -> 0x0000
[1171] [M]: 0x0000000080001238 (0x00000F37) lui t5, 0x0
x30 <- 0x0000000000000000

mem[X,0x000000008000123C] -> 0x0F13
mem[X,0x000000008000123E] -> 0xFDFF
[1172] [M]: 0x000000008000123C (0xFDFF0F13) addi t5, t5, -0x21
x30 <- 0xFFFFFFFFFFFFFFDF

mem[X,0x0000000080001240] -> 0x1F13
mem[X,0x0000000080001242] -> 0x00BF
[1173] [M]: 0x0000000080001240 (0x00BF1F13) slli t5, t5, 0xb
x30 <- 0xFFFFFFFFFFFEF800

mem[X,0x0000000080001244] -> 0x0F13
mem[X,0x0000000080001246] -> 0x7FDF
[1174] [M]: 0x0000000080001244 (0x7FDF0F13) addi t5, t5, 0x7fd
x30 <- 0xFFFFFFFFFFFEFFFD

mem[X,0x0000000080001248] -> 0x1F13
mem[X,0x000000008000124A] -> 0x00BF
[1175] [M]: 0x0000000080001248 (0x00BF1F13) slli t5, t5, 0xb
x30 <- 0xFFFFFFFFF7FFE800

mem[X,0x000000008000124C] -> 0x0F13
mem[X,0x000000008000124E] -> 0x7FFF
[1176] [M]: 0x000000008000124C (0x7FFF0F13) addi t5, t5, 0x7ff
x30 <- 0xFFFFFFFFF7FFEFFF

mem[X,0x0000000080001250] -> 0x1F13
mem[X,0x0000000080001252] -> 0x00AF
[1177] [M]: 0x0000000080001250 (0x00AF1F13) slli t5, t5, 0xa
x30 <- 0xFFFFFFDFFFBFFC00

mem[X,0x0000000080001254] -> 0x0F13
mem[X,0x0000000080001256] -> 0x3FFF
[1178] [M]: 0x0000000080001254 (0x3FFF0F13) addi t5, t5, 0x3ff
x30 <- 0xFFFFFFDFFFBFFFFF

mem[X,0x0000000080001258] -> 0x8EB7
mem[X,0x000000008000125A] -> 0xFFFF
[1179] [M]: 0x0000000080001258 (0xFFFF8EB7) lui t4, -0x8
x29 <- 0xFFFFFFFFFFFF8000

mem[X,0x000000008000125C] -> 0x8E93
mem[X,0x000000008000125E] -> 0xFFFE
[1180] [M]: 0x000000008000125C (0xFFFE8E93) addi t4, t4, -0x1
x29 <- 0xFFFFFFFFFFFF7FFF

mem[X,0x0000000080001260] -> 0x9E93
mem[X,0x0000000080001262] -> 0x00BE
[1181] [M]: 0x0000000080001260 (0x00BE9E93) slli t4, t4, 0xb
x29 <- 0xFFFFFFFFFBFFF800

mem[X,0x0000000080001264] -> 0x8E93
mem[X,0x0000000080001266] -> 0x7FFE
[1182] [M]: 0x0000000080001264 (0x7FFE8E93) addi t4, t4, 0x7ff
x29 <- 0xFFFFFFFFFBFFFFFF

mem[X,0x0000000080001268] -> 0x9E93
mem[X,0x000000008000126A] -> 0x00BE
[1183] [M]: 0x0000000080001268 (0x00BE9E93) slli t4, t4, 0xb
x29 <- 0xFFFFFFDFFFFFF800

mem[X,0x000000008000126C] -> 0x8E93
mem[X,0x000000008000126E] -> 0x3FFE
[1184] [M]: 0x000000008000126C (0x3FFE8E93) addi t4, t4, 0x3ff
x29 <- 0xFFFFFFDFFFFFFBFF

mem[X,0x0000000080001270] -> 0x9E93
mem[X,0x0000000080001272] -> 0x00AE
[1185] [M]: 0x0000000080001270 (0x00AE9E93) slli t4, t4, 0xa
x29 <- 0xFFFF7FFFFFEFFC00

mem[X,0x0000000080001274] -> 0x8E93
mem[X,0x0000000080001276] -> 0x3FFE
[1186] [M]: 0x0000000080001274 (0x3FFE8E93) addi t4, t4, 0x3ff
x29 <- 0xFFFF7FFFFFEFFFFF

mem[X,0x0000000080001278] -> 0x2F9B
mem[X,0x000000008000127A] -> 0xEBDF
[1187] [M]: 0x0000000080001278 (0xEBDF2F9B) pssha.w.w0 t6, t5, t4
x31 <- 0xFFFFFFEFFFDFFFFF

mem[X,0x000000008000127C] -> 0xB823
mem[X,0x000000008000127E] -> 0x11F0
[1188] [M]: 0x000000008000127C (0x11F0B823) sd t6, 0x110(ra)
mem[0x0000000080005320] <- 0xFFFFFFEFFFDFFFFF

mem[X,0x0000000080001280] -> 0x0F37
mem[X,0x0000000080001282] -> 0x0000
[1189] [M]: 0x0000000080001280 (0x00000F37) lui t5, 0x0
x30 <- 0x0000000000000000

mem[X,0x0000000080001284] -> 0x0F13
mem[X,0x0000000080001286] -> 0x001F
[1190] [M]: 0x0000000080001284 (0x001F0F13) addi t5, t5, 0x1
x30 <- 0x0000000000000001

mem[X,0x0000000080001288] -> 0x1F13
mem[X,0x000000008000128A] -> 0x00BF
[1191] [M]: 0x0000000080001288 (0x00BF1F13) slli t5, t5, 0xb
x30 <- 0x0000000000000800

mem[X,0x000000008000128C] -> 0x0F13
mem[X,0x000000008000128E] -> 0x7FBF
[1192] [M]: 0x000000008000128C (0x7FBF0F13) addi t5, t5, 0x7fb
x30 <- 0x0000000000000FFB

mem[X,0x0000000080001290] -> 0x1F13
mem[X,0x0000000080001292] -> 0x00BF
[1193] [M]: 0x0000000080001290 (0x00BF1F13) slli t5, t5, 0xb
x30 <- 0x00000000007FD800

mem[X,0x0000000080001294] -> 0x0F13
mem[X,0x0000000080001296] -> 0x7FFF
[1194] [M]: 0x0000000080001294 (0x7FFF0F13) addi t5, t5, 0x7ff
x30 <- 0x00000000007FDFFF

mem[X,0x0000000080001298] -> 0x1F13
mem[X,0x000000008000129A] -> 0x00AF
[1195] [M]: 0x0000000080001298 (0x00AF1F13) slli t5, t5, 0xa
x30 <- 0x00000001FF7FFC00

mem[X,0x000000008000129C] -> 0x0F13
mem[X,0x000000008000129E] -> 0x3FFF
[1196] [M]: 0x000000008000129C (0x3FFF0F13) addi t5, t5, 0x3ff
x30 <- 0x00000001FF7FFFFF

mem[X,0x00000000800012A0] -> 0x0EB7
mem[X,0x00000000800012A2] -> 0x0000
[1197] [M]: 0x00000000800012A0 (0x00000EB7) lui t4, 0x0
x29 <- 0x0000000000000000

mem[X,0x00000000800012A4] -> 0x8E93
mem[X,0x00000000800012A6] -> 0xFFCE
[1198] [M]: 0x00000000800012A4 (0xFFCE8E93) addi t4, t4, -0x4
x29 <- 0xFFFFFFFFFFFFFFFC

mem[X,0x00000000800012A8] -> 0x9E93
mem[X,0x00000000800012AA] -> 0x00BE
[1199] [M]: 0x00000000800012A8 (0x00BE9E93) slli t4, t4, 0xb
x29 <- 0xFFFFFFFFFFFFE000

clint::tick mtime <- 0x000000000000000C
 clint timer pending at mtime 0x000000000000000C
htif::tick 0x0000000000000000
mem[X,0x00000000800012AC] -> 0x8E93
mem[X,0x00000000800012AE] -> 0x7FFE
[1200] [M]: 0x00000000800012AC (0x7FFE8E93) addi t4, t4, 0x7ff
x29 <- 0xFFFFFFFFFFFFE7FF

mem[X,0x00000000800012B0] -> 0x9E93
mem[X,0x00000000800012B2] -> 0x00BE
[1201] [M]: 0x00000000800012B0 (0x00BE9E93) slli t4, t4, 0xb
x29 <- 0xFFFFFFFFFF3FF800

mem[X,0x00000000800012B4] -> 0x8E93
mem[X,0x00000000800012B6] -> 0x7BFE
[1202] [M]: 0x00000000800012B4 (0x7BFE8E93) addi t4, t4, 0x7bf
x29 <- 0xFFFFFFFFFF3FFFBF

mem[X,0x00000000800012B8] -> 0x9E93
mem[X,0x00000000800012BA] -> 0x00AE
[1203] [M]: 0x00000000800012B8 (0x00AE9E93) slli t4, t4, 0xa
x29 <- 0xFFFFFFFCFFFEFC00

mem[X,0x00000000800012BC] -> 0x8E93
mem[X,0x00000000800012BE] -> 0x3FFE
[1204] [M]: 0x00000000800012BC (0x3FFE8E93) addi t4, t4, 0x3ff
x29 <- 0xFFFFFFFCFFFEFFFF

mem[X,0x00000000800012C0] -> 0x2F9B
mem[X,0x00000000800012C2] -> 0xEBDF
[1205] [M]: 0x00000000800012C0 (0xEBDF2F9B) pssha.w.w0 t6, t5, t4
x31 <- 0x00000000FFBFFFFF

mem[X,0x00000000800012C4] -> 0xBC23
mem[X,0x00000000800012C6] -> 0x11F0
[1206] [M]: 0x00000000800012C4 (0x11F0BC23) sd t6, 0x118(ra)
mem[0x0000000080005328] <- 0x00000000FFBFFFFF

mem[X,0x00000000800012C8] -> 0x0F37
mem[X,0x00000000800012CA] -> 0xFC00
[1207] [M]: 0x00000000800012C8 (0xFC000F37) lui t5, -0x4000
x30 <- 0xFFFFFFFFFC000000

mem[X,0x00000000800012CC] -> 0x0F13
mem[X,0x00000000800012CE] -> 0xFFFF
[1208] [M]: 0x00000000800012CC (0xFFFF0F13) addi t5, t5, -0x1
x30 <- 0xFFFFFFFFFBFFFFFF

mem[X,0x00000000800012D0] -> 0x1F13
mem[X,0x00000000800012D2] -> 0x00BF
[1209] [M]: 0x00000000800012D0 (0x00BF1F13) slli t5, t5, 0xb
x30 <- 0xFFFFFFDFFFFFF800

mem[X,0x00000000800012D4] -> 0x0F13
mem[X,0x00000000800012D6] -> 0x7F7F
[1210] [M]: 0x00000000800012D4 (0x7F7F0F13) addi t5, t5, 0x7f7
x30 <- 0xFFFFFFDFFFFFFFF7

mem[X,0x00000000800012D8] -> 0x1F13
mem[X,0x00000000800012DA] -> 0x00BF
[1211] [M]: 0x00000000800012D8 (0x00BF1F13) slli t5, t5, 0xb
x30 <- 0xFFFEFFFFFFFFB800

mem[X,0x00000000800012DC] -> 0x0F13
mem[X,0x00000000800012DE] -> 0x7FFF
[1212] [M]: 0x00000000800012DC (0x7FFF0F13) addi t5, t5, 0x7ff
x30 <- 0xFFFEFFFFFFFFBFFF

mem[X,0x00000000800012E0] -> 0x1F13
mem[X,0x00000000800012E2] -> 0x00AF
[1213] [M]: 0x00000000800012E0 (0x00AF1F13) slli t5, t5, 0xa
x30 <- 0xFBFFFFFFFEFFFC00

mem[X,0x00000000800012E4] -> 0x0F13
mem[X,0x00000000800012E6] -> 0x3FFF
[1214] [M]: 0x00000000800012E4 (0x3FFF0F13) addi t5, t5, 0x3ff
x30 <- 0xFBFFFFFFFEFFFFFF

mem[X,0x00000000800012E8] -> 0x1EB7
mem[X,0x00000000800012EA] -> 0x0000
[1215] [M]: 0x00000000800012E8 (0x00001EB7) lui t4, 0x1
x29 <- 0x0000000000001000

mem[X,0x00000000800012EC] -> 0x8E93
mem[X,0x00000000800012EE] -> 0x000E
[1216] [M]: 0x00000000800012EC (0x000E8E93) addi t4, t4, 0x0
x29 <- 0x0000000000001000

mem[X,0x00000000800012F0] -> 0x9E93
mem[X,0x00000000800012F2] -> 0x00BE
[1217] [M]: 0x00000000800012F0 (0x00BE9E93) slli t4, t4, 0xb
x29 <- 0x0000000000800000

mem[X,0x00000000800012F4] -> 0x8E93
mem[X,0x00000000800012F6] -> 0x7FFE
[1218] [M]: 0x00000000800012F4 (0x7FFE8E93) addi t4, t4, 0x7ff
x29 <- 0x00000000008007FF

mem[X,0x00000000800012F8] -> 0x9E93
mem[X,0x00000000800012FA] -> 0x00BE
[1219] [M]: 0x00000000800012F8 (0x00BE9E93) slli t4, t4, 0xb
x29 <- 0x00000004003FF800

mem[X,0x00000000800012FC] -> 0x8E93
mem[X,0x00000000800012FE] -> 0x7FEE
[1220] [M]: 0x00000000800012FC (0x7FEE8E93) addi t4, t4, 0x7fe
x29 <- 0x00000004003FFFFE

mem[X,0x0000000080001300] -> 0x9E93
mem[X,0x0000000080001302] -> 0x00AE
[1221] [M]: 0x0000000080001300 (0x00AE9E93) slli t4, t4, 0xa
x29 <- 0x00001000FFFFF800

mem[X,0x0000000080001304] -> 0x8E93
mem[X,0x0000000080001306] -> 0x3FFE
[1222] [M]: 0x0000000080001304 (0x3FFE8E93) addi t4, t4, 0x3ff
x29 <- 0x00001000FFFFFBFF

mem[X,0x0000000080001308] -> 0x2F9B
mem[X,0x000000008000130A] -> 0xEBDF
[1223] [M]: 0x0000000080001308 (0xEBDF2F9B) pssha.w.w0 t6, t5, t4
x31 <- 0xFDFFFFFFFF7FFFFF

mem[X,0x000000008000130C] -> 0xB023
mem[X,0x000000008000130E] -> 0x13F0
[1224] [M]: 0x000000008000130C (0x13F0B023) sd t6, 0x120(ra)
mem[0x0000000080005330] <- 0xFDFFFFFFFF7FFFFF

mem[X,0x0000000080001310] -> 0x2F37
mem[X,0x0000000080001312] -> 0x0000
[1225] [M]: 0x0000000080001310 (0x00002F37) lui t5, 0x2
x30 <- 0x0000000000002000

mem[X,0x0000000080001314] -> 0x0F13
mem[X,0x0000000080001316] -> 0x000F
[1226] [M]: 0x0000000080001314 (0x000F0F13) addi t5, t5, 0x0
x30 <- 0x0000000000002000

mem[X,0x0000000080001318] -> 0x1F13
mem[X,0x000000008000131A] -> 0x00BF
[1227] [M]: 0x0000000080001318 (0x00BF1F13) slli t5, t5, 0xb
x30 <- 0x0000000001000000

mem[X,0x000000008000131C] -> 0x0F13
mem[X,0x000000008000131E] -> 0x7EFF
[1228] [M]: 0x000000008000131C (0x7EFF0F13) addi t5, t5, 0x7ef
x30 <- 0x00000000010007EF

mem[X,0x0000000080001320] -> 0x1F13
mem[X,0x0000000080001322] -> 0x00BF
[1229] [M]: 0x0000000080001320 (0x00BF1F13) slli t5, t5, 0xb
x30 <- 0x00000008003F7800

mem[X,0x0000000080001324] -> 0x0F13
mem[X,0x0000000080001326] -> 0x7FFF
[1230] [M]: 0x0000000080001324 (0x7FFF0F13) addi t5, t5, 0x7ff
x30 <- 0x00000008003F7FFF

mem[X,0x0000000080001328] -> 0x1F13
mem[X,0x000000008000132A] -> 0x00AF
[1231] [M]: 0x0000000080001328 (0x00AF1F13) slli t5, t5, 0xa
x30 <- 0x00002000FDFFFC00

mem[X,0x000000008000132C] -> 0x0F13
mem[X,0x000000008000132E] -> 0x3FFF
[1232] [M]: 0x000000008000132C (0x3FFF0F13) addi t5, t5, 0x3ff
x30 <- 0x00002000FDFFFFFF

mem[X,0x0000000080001330] -> 0x0EB7
mem[X,0x0000000080001332] -> 0x0000
[1233] [M]: 0x0000000080001330 (0x00000EB7) lui t4, 0x0
x29 <- 0x0000000000000000

mem[X,0x0000000080001334] -> 0x8E93
mem[X,0x0000000080001336] -> 0xFF7E
[1234] [M]: 0x0000000080001334 (0xFF7E8E93) addi t4, t4, -0x9
x29 <- 0xFFFFFFFFFFFFFFF7

mem[X,0x0000000080001338] -> 0x9E93
mem[X,0x000000008000133A] -> 0x00BE
[1235] [M]: 0x0000000080001338 (0x00BE9E93) slli t4, t4, 0xb
x29 <- 0xFFFFFFFFFFFFB800

mem[X,0x000000008000133C] -> 0x8E93
mem[X,0x000000008000133E] -> 0x080E
[1236] [M]: 0x000000008000133C (0x080E8E93) addi t4, t4, 0x80
x29 <- 0xFFFFFFFFFFFFB880

mem[X,0x0000000080001340] -> 0x9E93
mem[X,0x0000000080001342] -> 0x00BE
[1237] [M]: 0x0000000080001340 (0x00BE9E93) slli t4, t4, 0xb
x29 <- 0xFFFFFFFFFDC40000

mem[X,0x0000000080001344] -> 0x8E93
mem[X,0x0000000080001346] -> 0x000E
[1238] [M]: 0x0000000080001344 (0x000E8E93) addi t4, t4, 0x0
x29 <- 0xFFFFFFFFFDC40000

mem[X,0x0000000080001348] -> 0x9E93
mem[X,0x000000008000134A] -> 0x00AE
[1239] [M]: 0x0000000080001348 (0x00AE9E93) slli t4, t4, 0xa
x29 <- 0xFFFFFFF710000000

mem[X,0x000000008000134C] -> 0x2F9B
mem[X,0x000000008000134E] -> 0xEBDF
[1240] [M]: 0x000000008000134C (0xEBDF2F9B) pssha.w.w0 t6, t5, t4
x31 <- 0x00002000FDFFFFFF

mem[X,0x0000000080001350] -> 0xB423
mem[X,0x0000000080001352] -> 0x13F0
[1241] [M]: 0x0000000080001350 (0x13F0B423) sd t6, 0x128(ra)
mem[0x0000000080005338] <- 0x00002000FDFFFFFF

mem[X,0x0000000080001354] -> 0x0F37
mem[X,0x0000000080001356] -> 0x0000
[1242] [M]: 0x0000000080001354 (0x00000F37) lui t5, 0x0
x30 <- 0x0000000000000000

mem[X,0x0000000080001358] -> 0x0F13
mem[X,0x000000008000135A] -> 0x005F
[1243] [M]: 0x0000000080001358 (0x005F0F13) addi t5, t5, 0x5
x30 <- 0x0000000000000005

mem[X,0x000000008000135C] -> 0x1F13
mem[X,0x000000008000135E] -> 0x00BF
[1244] [M]: 0x000000008000135C (0x00BF1F13) slli t5, t5, 0xb
x30 <- 0x0000000000002800

mem[X,0x0000000080001360] -> 0x0F13
mem[X,0x0000000080001362] -> 0x7DFF
[1245] [M]: 0x0000000080001360 (0x7DFF0F13) addi t5, t5, 0x7df
x30 <- 0x0000000000002FDF

mem[X,0x0000000080001364] -> 0x1F13
mem[X,0x0000000080001366] -> 0x00BF
[1246] [M]: 0x0000000080001364 (0x00BF1F13) slli t5, t5, 0xb
x30 <- 0x00000000017EF800

mem[X,0x0000000080001368] -> 0x0F13
mem[X,0x000000008000136A] -> 0x7FFF
[1247] [M]: 0x0000000080001368 (0x7FFF0F13) addi t5, t5, 0x7ff
x30 <- 0x00000000017EFFFF

mem[X,0x000000008000136C] -> 0x1F13
mem[X,0x000000008000136E] -> 0x00AF
[1248] [M]: 0x000000008000136C (0x00AF1F13) slli t5, t5, 0xa
x30 <- 0x00000005FBFFFC00

mem[X,0x0000000080001370] -> 0x0F13
mem[X,0x0000000080001372] -> 0x3FFF
[1249] [M]: 0x0000000080001370 (0x3FFF0F13) addi t5, t5, 0x3ff
x30 <- 0x00000005FBFFFFFF

mem[X,0x0000000080001374] -> 0x0EB7
mem[X,0x0000000080001376] -> 0x0400
[1250] [M]: 0x0000000080001374 (0x04000EB7) lui t4, 0x4000
x29 <- 0x0000000004000000

mem[X,0x0000000080001378] -> 0x8E93
mem[X,0x000000008000137A] -> 0x001E
[1251] [M]: 0x0000000080001378 (0x001E8E93) addi t4, t4, 0x1
x29 <- 0x0000000004000001

mem[X,0x000000008000137C] -> 0x9E93
mem[X,0x000000008000137E] -> 0x00DE
[1252] [M]: 0x000000008000137C (0x00DE9E93) slli t4, t4, 0xd
x29 <- 0x0000008000002000

mem[X,0x0000000080001380] -> 0x2F9B
mem[X,0x0000000080001382] -> 0xEBDF
[1253] [M]: 0x0000000080001380 (0xEBDF2F9B) pssha.w.w0 t6, t5, t4
x31 <- 0x00000005FBFFFFFF

mem[X,0x0000000080001384] -> 0xB823
mem[X,0x0000000080001386] -> 0x13F0
[1254] [M]: 0x0000000080001384 (0x13F0B823) sd t6, 0x130(ra)
mem[0x0000000080005340] <- 0x00000005FBFFFFFF

mem[X,0x0000000080001388] -> 0x0F37
mem[X,0x000000008000138A] -> 0x0000
[1255] [M]: 0x0000000080001388 (0x00000F37) lui t5, 0x0
x30 <- 0x0000000000000000

mem[X,0x000000008000138C] -> 0x0F13
mem[X,0x000000008000138E] -> 0xFDFF
[1256] [M]: 0x000000008000138C (0xFDFF0F13) addi t5, t5, -0x21
x30 <- 0xFFFFFFFFFFFFFFDF

mem[X,0x0000000080001390] -> 0x1F13
mem[X,0x0000000080001392] -> 0x00BF
[1257] [M]: 0x0000000080001390 (0x00BF1F13) slli t5, t5, 0xb
x30 <- 0xFFFFFFFFFFFEF800

mem[X,0x0000000080001394] -> 0x0F13
mem[X,0x0000000080001396] -> 0x7BFF
[1258] [M]: 0x0000000080001394 (0x7BFF0F13) addi t5, t5, 0x7bf
x30 <- 0xFFFFFFFFFFFEFFBF

mem[X,0x0000000080001398] -> 0x1F13
mem[X,0x000000008000139A] -> 0x00BF
[1259] [M]: 0x0000000080001398 (0x00BF1F13) slli t5, t5, 0xb
x30 <- 0xFFFFFFFFF7FDF800

mem[X,0x000000008000139C] -> 0x0F13
mem[X,0x000000008000139E] -> 0x7FFF
[1260] [M]: 0x000000008000139C (0x7FFF0F13) addi t5, t5, 0x7ff
x30 <- 0xFFFFFFFFF7FDFFFF

mem[X,0x00000000800013A0] -> 0x1F13
mem[X,0x00000000800013A2] -> 0x00AF
[1261] [M]: 0x00000000800013A0 (0x00AF1F13) slli t5, t5, 0xa
x30 <- 0xFFFFFFDFF7FFFC00

mem[X,0x00000000800013A4] -> 0x0F13
mem[X,0x00000000800013A6] -> 0x3FFF
[1262] [M]: 0x00000000800013A4 (0x3FFF0F13) addi t5, t5, 0x3ff
x30 <- 0xFFFFFFDFF7FFFFFF

mem[X,0x00000000800013A8] -> 0x0E93
mem[X,0x00000000800013AA] -> 0xFFF0
[1263] [M]: 0x00000000800013A8 (0xFFF00E93) addi t4, zero, -0x1
x29 <- 0xFFFFFFFFFFFFFFFF

mem[X,0x00000000800013AC] -> 0xDE93
mem[X,0x00000000800013AE] -> 0x01FE
[1264] [M]: 0x00000000800013AC (0x01FEDE93) srli t4, t4, 0x1f
x29 <- 0x00000001FFFFFFFF

mem[X,0x00000000800013B0] -> 0x9E93
mem[X,0x00000000800013B2] -> 0x001E
[1265] [M]: 0x00000000800013B0 (0x001E9E93) slli t4, t4, 0x1
x29 <- 0x00000003FFFFFFFE

mem[X,0x00000000800013B4] -> 0x2F9B
mem[X,0x00000000800013B6] -> 0xEBDF
[1266] [M]: 0x00000000800013B4 (0xEBDF2F9B) pssha.w.w0 t6, t5, t4
x31 <- 0xFFFFFFF7FDFFFFFF

mem[X,0x00000000800013B8] -> 0xBC23
mem[X,0x00000000800013BA] -> 0x13F0
[1267] [M]: 0x00000000800013B8 (0x13F0BC23) sd t6, 0x138(ra)
mem[0x0000000080005348] <- 0xFFFFFFF7FDFFFFFF

mem[X,0x00000000800013BC] -> 0xBF37
mem[X,0x00000000800013BE] -> 0xAAAA
[1268] [M]: 0x00000000800013BC (0xAAAABF37) lui t5, -0x55555
x30 <- 0xFFFFFFFFAAAAB000

mem[X,0x00000000800013C0] -> 0x0F13
mem[X,0x00000000800013C2] -> 0xAAAF
[1269] [M]: 0x00000000800013C0 (0xAAAF0F13) addi t5, t5, -0x556
x30 <- 0xFFFFFFFFAAAAAAAA

mem[X,0x00000000800013C4] -> 0x1F13
mem[X,0x00000000800013C6] -> 0x00BF
[1270] [M]: 0x00000000800013C4 (0x00BF1F13) slli t5, t5, 0xb
x30 <- 0xFFFFFD5555555000

mem[X,0x00000000800013C8] -> 0x0F13
mem[X,0x00000000800013CA] -> 0x77FF
[1271] [M]: 0x00000000800013C8 (0x77FF0F13) addi t5, t5, 0x77f
x30 <- 0xFFFFFD555555577F

mem[X,0x00000000800013CC] -> 0x1F13
mem[X,0x00000000800013CE] -> 0x00BF
[1272] [M]: 0x00000000800013CC (0x00BF1F13) slli t5, t5, 0xb
x30 <- 0xFFEAAAAAAABBF800

mem[X,0x00000000800013D0] -> 0x0F13
mem[X,0x00000000800013D2] -> 0x7FFF
[1273] [M]: 0x00000000800013D0 (0x7FFF0F13) addi t5, t5, 0x7ff
x30 <- 0xFFEAAAAAAABBFFFF

mem[X,0x00000000800013D4] -> 0x1F13
mem[X,0x00000000800013D6] -> 0x00AF
[1274] [M]: 0x00000000800013D4 (0x00AF1F13) slli t5, t5, 0xa
x30 <- 0xAAAAAAAAEFFFFC00

mem[X,0x00000000800013D8] -> 0x0F13
mem[X,0x00000000800013DA] -> 0x3FFF
[1275] [M]: 0x00000000800013D8 (0x3FFF0F13) addi t5, t5, 0x3ff
x30 <- 0xAAAAAAAAEFFFFFFF

mem[X,0x00000000800013DC] -> 0x0EB7
mem[X,0x00000000800013DE] -> 0xFFFC
[1276] [M]: 0x00000000800013DC (0xFFFC0EB7) lui t4, -0x40
x29 <- 0xFFFFFFFFFFFC0000

mem[X,0x00000000800013E0] -> 0x8E93
mem[X,0x00000000800013E2] -> 0xFFFE
[1277] [M]: 0x00000000800013E0 (0xFFFE8E93) addi t4, t4, -0x1
x29 <- 0xFFFFFFFFFFFBFFFF

mem[X,0x00000000800013E4] -> 0x9E93
mem[X,0x00000000800013E6] -> 0x00BE
[1278] [M]: 0x00000000800013E4 (0x00BE9E93) slli t4, t4, 0xb
x29 <- 0xFFFFFFFFDFFFF800

mem[X,0x00000000800013E8] -> 0x8E93
mem[X,0x00000000800013EA] -> 0x7FDE
[1279] [M]: 0x00000000800013E8 (0x7FDE8E93) addi t4, t4, 0x7fd
x29 <- 0xFFFFFFFFDFFFFFFD

mem[X,0x00000000800013EC] -> 0x9E93
mem[X,0x00000000800013EE] -> 0x00BE
[1280] [M]: 0x00000000800013EC (0x00BE9E93) slli t4, t4, 0xb
x29 <- 0xFFFFFEFFFFFFE800

mem[X,0x00000000800013F0] -> 0x8E93
mem[X,0x00000000800013F2] -> 0x7FFE
[1281] [M]: 0x00000000800013F0 (0x7FFE8E93) addi t4, t4, 0x7ff
x29 <- 0xFFFFFEFFFFFFEFFF

mem[X,0x00000000800013F4] -> 0x9E93
mem[X,0x00000000800013F6] -> 0x00AE
[1282] [M]: 0x00000000800013F4 (0x00AE9E93) slli t4, t4, 0xa
x29 <- 0xFFFBFFFFFFBFFC00

mem[X,0x00000000800013F8] -> 0x8E93
mem[X,0x00000000800013FA] -> 0x3FFE
[1283] [M]: 0x00000000800013F8 (0x3FFE8E93) addi t4, t4, 0x3ff
x29 <- 0xFFFBFFFFFFBFFFFF

mem[X,0x00000000800013FC] -> 0x2F9B
mem[X,0x00000000800013FE] -> 0xEBDF
[1284] [M]: 0x00000000800013FC (0xEBDF2F9B) pssha.w.w0 t6, t5, t4
x31 <- 0xD5555555F7FFFFFF

mem[X,0x0000000080001400] -> 0xB023
mem[X,0x0000000080001402] -> 0x15F0
[1285] [M]: 0x0000000080001400 (0x15F0B023) sd t6, 0x140(ra)
mem[0x0000000080005350] <- 0xD5555555F7FFFFFF

mem[X,0x0000000080001404] -> 0x0F37
mem[X,0x0000000080001406] -> 0x0010
[1286] [M]: 0x0000000080001404 (0x00100F37) lui t5, 0x100
x30 <- 0x0000000000100000

mem[X,0x0000000080001408] -> 0x0F13
mem[X,0x000000008000140A] -> 0x000F
[1287] [M]: 0x0000000080001408 (0x000F0F13) addi t5, t5, 0x0
x30 <- 0x0000000000100000

mem[X,0x000000008000140C] -> 0x1F13
mem[X,0x000000008000140E] -> 0x00BF
[1288] [M]: 0x000000008000140C (0x00BF1F13) slli t5, t5, 0xb
x30 <- 0x0000000080000000

mem[X,0x0000000080001410] -> 0x0F13
mem[X,0x0000000080001412] -> 0x6FFF
[1289] [M]: 0x0000000080001410 (0x6FFF0F13) addi t5, t5, 0x6ff
x30 <- 0x00000000800006FF

mem[X,0x0000000080001414] -> 0x1F13
mem[X,0x0000000080001416] -> 0x00BF
[1290] [M]: 0x0000000080001414 (0x00BF1F13) slli t5, t5, 0xb
x30 <- 0x000004000037F800

mem[X,0x0000000080001418] -> 0x0F13
mem[X,0x000000008000141A] -> 0x7FFF
[1291] [M]: 0x0000000080001418 (0x7FFF0F13) addi t5, t5, 0x7ff
x30 <- 0x000004000037FFFF

mem[X,0x000000008000141C] -> 0x1F13
mem[X,0x000000008000141E] -> 0x00AF
[1292] [M]: 0x000000008000141C (0x00AF1F13) slli t5, t5, 0xa
x30 <- 0x00100000DFFFFC00

mem[X,0x0000000080001420] -> 0x0F13
mem[X,0x0000000080001422] -> 0x3FFF
[1293] [M]: 0x0000000080001420 (0x3FFF0F13) addi t5, t5, 0x3ff
x30 <- 0x00100000DFFFFFFF

mem[X,0x0000000080001424] -> 0x0EB7
mem[X,0x0000000080001426] -> 0x0000
[1294] [M]: 0x0000000080001424 (0x00000EB7) lui t4, 0x0
x29 <- 0x0000000000000000

mem[X,0x0000000080001428] -> 0x8E93
mem[X,0x000000008000142A] -> 0x020E
[1295] [M]: 0x0000000080001428 (0x020E8E93) addi t4, t4, 0x20
x29 <- 0x0000000000000020

mem[X,0x000000008000142C] -> 0x9E93
mem[X,0x000000008000142E] -> 0x00BE
[1296] [M]: 0x000000008000142C (0x00BE9E93) slli t4, t4, 0xb
x29 <- 0x0000000000010000

mem[X,0x0000000080001430] -> 0x8E93
mem[X,0x0000000080001432] -> 0x7FFE
[1297] [M]: 0x0000000080001430 (0x7FFE8E93) addi t4, t4, 0x7ff
x29 <- 0x00000000000107FF

mem[X,0x0000000080001434] -> 0x9E93
mem[X,0x0000000080001436] -> 0x00BE
[1298] [M]: 0x0000000080001434 (0x00BE9E93) slli t4, t4, 0xb
x29 <- 0x00000000083FF800

mem[X,0x0000000080001438] -> 0x8E93
mem[X,0x000000008000143A] -> 0x3FFE
[1299] [M]: 0x0000000080001438 (0x3FFE8E93) addi t4, t4, 0x3ff
x29 <- 0x00000000083FFBFF

clint::tick mtime <- 0x000000000000000D
 clint timer pending at mtime 0x000000000000000D
htif::tick 0x0000000000000000
mem[X,0x000000008000143C] -> 0x9E93
mem[X,0x000000008000143E] -> 0x00AE
[1300] [M]: 0x000000008000143C (0x00AE9E93) slli t4, t4, 0xa
x29 <- 0x00000020FFEFFC00

mem[X,0x0000000080001440] -> 0x8E93
mem[X,0x0000000080001442] -> 0x3FFE
[1301] [M]: 0x0000000080001440 (0x3FFE8E93) addi t4, t4, 0x3ff
x29 <- 0x00000020FFEFFFFF

mem[X,0x0000000080001444] -> 0x2F9B
mem[X,0x0000000080001446] -> 0xEBDF
[1302] [M]: 0x0000000080001444 (0xEBDF2F9B) pssha.w.w0 t6, t5, t4
x31 <- 0x00080000EFFFFFFF

mem[X,0x0000000080001448] -> 0xB423
mem[X,0x000000008000144A] -> 0x15F0
[1303] [M]: 0x0000000080001448 (0x15F0B423) sd t6, 0x148(ra)
mem[0x0000000080005358] <- 0x00080000EFFFFFFF

mem[X,0x000000008000144C] -> 0x0F37
mem[X,0x000000008000144E] -> 0x4000
[1304] [M]: 0x000000008000144C (0x40000F37) lui t5, 0x40000
x30 <- 0x0000000040000000

mem[X,0x0000000080001450] -> 0x0F13
mem[X,0x0000000080001452] -> 0xFFFF
[1305] [M]: 0x0000000080001450 (0xFFFF0F13) addi t5, t5, -0x1
x30 <- 0x000000003FFFFFFF

mem[X,0x0000000080001454] -> 0x1F13
mem[X,0x0000000080001456] -> 0x00BF
[1306] [M]: 0x0000000080001454 (0x00BF1F13) slli t5, t5, 0xb
x30 <- 0x000001FFFFFFF800

mem[X,0x0000000080001458] -> 0x0F13
mem[X,0x000000008000145A] -> 0x5FFF
[1307] [M]: 0x0000000080001458 (0x5FFF0F13) addi t5, t5, 0x5ff
x30 <- 0x000001FFFFFFFDFF

mem[X,0x000000008000145C] -> 0x1F13
mem[X,0x000000008000145E] -> 0x00BF
[1308] [M]: 0x000000008000145C (0x00BF1F13) slli t5, t5, 0xb
x30 <- 0x000FFFFFFFEFF800

mem[X,0x0000000080001460] -> 0x0F13
mem[X,0x0000000080001462] -> 0x7FFF
[1309] [M]: 0x0000000080001460 (0x7FFF0F13) addi t5, t5, 0x7ff
x30 <- 0x000FFFFFFFEFFFFF

mem[X,0x0000000080001464] -> 0x1F13
mem[X,0x0000000080001466] -> 0x00AF
[1310] [M]: 0x0000000080001464 (0x00AF1F13) slli t5, t5, 0xa
x30 <- 0x3FFFFFFFBFFFFC00

mem[X,0x0000000080001468] -> 0x0F13
mem[X,0x000000008000146A] -> 0x3FFF
[1311] [M]: 0x0000000080001468 (0x3FFF0F13) addi t5, t5, 0x3ff
x30 <- 0x3FFFFFFFBFFFFFFF

mem[X,0x000000008000146C] -> 0x0EB7
mem[X,0x000000008000146E] -> 0x0020
[1312] [M]: 0x000000008000146C (0x00200EB7) lui t4, 0x200
x29 <- 0x0000000000200000

mem[X,0x0000000080001470] -> 0x8E93
mem[X,0x0000000080001472] -> 0x000E
[1313] [M]: 0x0000000080001470 (0x000E8E93) addi t4, t4, 0x0
x29 <- 0x0000000000200000

mem[X,0x0000000080001474] -> 0x9E93
mem[X,0x0000000080001476] -> 0x00BE
[1314] [M]: 0x0000000080001474 (0x00BE9E93) slli t4, t4, 0xb
x29 <- 0x0000000100000000

mem[X,0x0000000080001478] -> 0x8E93
mem[X,0x000000008000147A] -> 0x7F7E
[1315] [M]: 0x0000000080001478 (0x7F7E8E93) addi t4, t4, 0x7f7
x29 <- 0x00000001000007F7

mem[X,0x000000008000147C] -> 0x9E93
mem[X,0x000000008000147E] -> 0x00BE
[1316] [M]: 0x000000008000147C (0x00BE9E93) slli t4, t4, 0xb
x29 <- 0x00000800003FB800

mem[X,0x0000000080001480] -> 0x8E93
mem[X,0x0000000080001482] -> 0x7FFE
[1317] [M]: 0x0000000080001480 (0x7FFE8E93) addi t4, t4, 0x7ff
x29 <- 0x00000800003FBFFF

mem[X,0x0000000080001484] -> 0x9E93
mem[X,0x0000000080001486] -> 0x00AE
[1318] [M]: 0x0000000080001484 (0x00AE9E93) slli t4, t4, 0xa
x29 <- 0x00200000FEFFFC00

mem[X,0x0000000080001488] -> 0x8E93
mem[X,0x000000008000148A] -> 0x3FFE
[1319] [M]: 0x0000000080001488 (0x3FFE8E93) addi t4, t4, 0x3ff
x29 <- 0x00200000FEFFFFFF

mem[X,0x000000008000148C] -> 0x2F9B
mem[X,0x000000008000148E] -> 0xEBDF
[1320] [M]: 0x000000008000148C (0xEBDF2F9B) pssha.w.w0 t6, t5, t4
x31 <- 0x1FFFFFFFDFFFFFFF

mem[X,0x0000000080001490] -> 0xB823
mem[X,0x0000000080001492] -> 0x15F0
[1321] [M]: 0x0000000080001490 (0x15F0B823) sd t6, 0x150(ra)
mem[0x0000000080005360] <- 0x1FFFFFFFDFFFFFFF

mem[X,0x0000000080001494] -> 0x8F37
mem[X,0x0000000080001496] -> 0xFFFF
[1322] [M]: 0x0000000080001494 (0xFFFF8F37) lui t5, -0x8
x30 <- 0xFFFFFFFFFFFF8000

mem[X,0x0000000080001498] -> 0x0F13
mem[X,0x000000008000149A] -> 0xFFFF
[1323] [M]: 0x0000000080001498 (0xFFFF0F13) addi t5, t5, -0x1
x30 <- 0xFFFFFFFFFFFF7FFF

mem[X,0x000000008000149C] -> 0x1F13
mem[X,0x000000008000149E] -> 0x00BF
[1324] [M]: 0x000000008000149C (0x00BF1F13) slli t5, t5, 0xb
x30 <- 0xFFFFFFFFFBFFF800

mem[X,0x00000000800014A0] -> 0x0F13
mem[X,0x00000000800014A2] -> 0x555F
[1325] [M]: 0x00000000800014A0 (0x555F0F13) addi t5, t5, 0x555
x30 <- 0xFFFFFFFFFBFFFD55

mem[X,0x00000000800014A4] -> 0x1F13
mem[X,0x00000000800014A6] -> 0x00BF
[1326] [M]: 0x00000000800014A4 (0x00BF1F13) slli t5, t5, 0xb
x30 <- 0xFFFFFFDFFFEAA800

mem[X,0x00000000800014A8] -> 0x0F13
mem[X,0x00000000800014AA] -> 0x2AAF
[1327] [M]: 0x00000000800014A8 (0x2AAF0F13) addi t5, t5, 0x2aa
x30 <- 0xFFFFFFDFFFEAAAAA

mem[X,0x00000000800014AC] -> 0x1F13
mem[X,0x00000000800014AE] -> 0x00AF
[1328] [M]: 0x00000000800014AC (0x00AF1F13) slli t5, t5, 0xa
x30 <- 0xFFFF7FFFAAAAA800

mem[X,0x00000000800014B0] -> 0x0F13
mem[X,0x00000000800014B2] -> 0x2AAF
[1329] [M]: 0x00000000800014B0 (0x2AAF0F13) addi t5, t5, 0x2aa
x30 <- 0xFFFF7FFFAAAAAAAA

mem[X,0x00000000800014B4] -> 0x0EB7
mem[X,0x00000000800014B6] -> 0x0000
[1330] [M]: 0x00000000800014B4 (0x00000EB7) lui t4, 0x0
x29 <- 0x0000000000000000

mem[X,0x00000000800014B8] -> 0x8E93
mem[X,0x00000000800014BA] -> 0xFF7E
[1331] [M]: 0x00000000800014B8 (0xFF7E8E93) addi t4, t4, -0x9
x29 <- 0xFFFFFFFFFFFFFFF7

mem[X,0x00000000800014BC] -> 0x9E93
mem[X,0x00000000800014BE] -> 0x00BE
[1332] [M]: 0x00000000800014BC (0x00BE9E93) slli t4, t4, 0xb
x29 <- 0xFFFFFFFFFFFFB800

mem[X,0x00000000800014C0] -> 0x8E93
mem[X,0x00000000800014C2] -> 0x7FFE
[1333] [M]: 0x00000000800014C0 (0x7FFE8E93) addi t4, t4, 0x7ff
x29 <- 0xFFFFFFFFFFFFBFFF

mem[X,0x00000000800014C4] -> 0x9E93
mem[X,0x00000000800014C6] -> 0x00BE
[1334] [M]: 0x00000000800014C4 (0x00BE9E93) slli t4, t4, 0xb
x29 <- 0xFFFFFFFFFDFFF800

mem[X,0x00000000800014C8] -> 0x8E93
mem[X,0x00000000800014CA] -> 0x7FFE
[1335] [M]: 0x00000000800014C8 (0x7FFE8E93) addi t4, t4, 0x7ff
x29 <- 0xFFFFFFFFFDFFFFFF

mem[X,0x00000000800014CC] -> 0x9E93
mem[X,0x00000000800014CE] -> 0x00AE
[1336] [M]: 0x00000000800014CC (0x00AE9E93) slli t4, t4, 0xa
x29 <- 0xFFFFFFF7FFFFFC00

mem[X,0x00000000800014D0] -> 0x8E93
mem[X,0x00000000800014D2] -> 0x2FFE
[1337] [M]: 0x00000000800014D0 (0x2FFE8E93) addi t4, t4, 0x2ff
x29 <- 0xFFFFFFF7FFFFFEFF

mem[X,0x00000000800014D4] -> 0x2F9B
mem[X,0x00000000800014D6] -> 0xEBDF
[1338] [M]: 0x00000000800014D4 (0xEBDF2F9B) pssha.w.w0 t6, t5, t4
x31 <- 0xFFFFBFFFD5555555

mem[X,0x00000000800014D8] -> 0xBC23
mem[X,0x00000000800014DA] -> 0x15F0
[1339] [M]: 0x00000000800014D8 (0x15F0BC23) sd t6, 0x158(ra)
mem[0x0000000080005368] <- 0xFFFFBFFFD5555555

mem[X,0x00000000800014DC] -> 0x0F37
mem[X,0x00000000800014DE] -> 0x8000
[1340] [M]: 0x00000000800014DC (0x80000F37) lui t5, -0x80000
x30 <- 0xFFFFFFFF80000000

mem[X,0x00000000800014E0] -> 0x0F13
mem[X,0x00000000800014E2] -> 0xFFFF
[1341] [M]: 0x00000000800014E0 (0xFFFF0F13) addi t5, t5, -0x1
x30 <- 0xFFFFFFFF7FFFFFFF

mem[X,0x00000000800014E4] -> 0x1F13
mem[X,0x00000000800014E6] -> 0x00BF
[1342] [M]: 0x00000000800014E4 (0x00BF1F13) slli t5, t5, 0xb
x30 <- 0xFFFFFBFFFFFFF800

mem[X,0x00000000800014E8] -> 0x0F13
mem[X,0x00000000800014EA] -> 0x000F
[1343] [M]: 0x00000000800014E8 (0x000F0F13) addi t5, t5, 0x0
x30 <- 0xFFFFFBFFFFFFF800

mem[X,0x00000000800014EC] -> 0x1F13
mem[X,0x00000000800014EE] -> 0x00BF
[1344] [M]: 0x00000000800014EC (0x00BF1F13) slli t5, t5, 0xb
x30 <- 0xFFDFFFFFFFC00000

mem[X,0x00000000800014F0] -> 0x0F13
mem[X,0x00000000800014F2] -> 0x000F
[1345] [M]: 0x00000000800014F0 (0x000F0F13) addi t5, t5, 0x0
x30 <- 0xFFDFFFFFFFC00000

mem[X,0x00000000800014F4] -> 0x1F13
mem[X,0x00000000800014F6] -> 0x00AF
[1346] [M]: 0x00000000800014F4 (0x00AF1F13) slli t5, t5, 0xa
x30 <- 0x7FFFFFFF00000000

mem[X,0x00000000800014F8] -> 0x0F13
mem[X,0x00000000800014FA] -> 0x003F
[1347] [M]: 0x00000000800014F8 (0x003F0F13) addi t5, t5, 0x3
x30 <- 0x7FFFFFFF00000003

mem[X,0x00000000800014FC] -> 0xFEB7
mem[X,0x00000000800014FE] -> 0xFFFF
[1348] [M]: 0x00000000800014FC (0xFFFFFEB7) lui t4, -0x1
x29 <- 0xFFFFFFFFFFFFF000

mem[X,0x0000000080001500] -> 0x8E93
mem[X,0x0000000080001502] -> 0xFFFE
[1349] [M]: 0x0000000080001500 (0xFFFE8E93) addi t4, t4, -0x1
x29 <- 0xFFFFFFFFFFFFEFFF

mem[X,0x0000000080001504] -> 0x9E93
mem[X,0x0000000080001506] -> 0x00BE
[1350] [M]: 0x0000000080001504 (0x00BE9E93) slli t4, t4, 0xb
x29 <- 0xFFFFFFFFFF7FF800

mem[X,0x0000000080001508] -> 0x8E93
mem[X,0x000000008000150A] -> 0x000E
[1351] [M]: 0x0000000080001508 (0x000E8E93) addi t4, t4, 0x0
x29 <- 0xFFFFFFFFFF7FF800

mem[X,0x000000008000150C] -> 0x9E93
mem[X,0x000000008000150E] -> 0x00BE
[1352] [M]: 0x000000008000150C (0x00BE9E93) slli t4, t4, 0xb
x29 <- 0xFFFFFFFBFFC00000

mem[X,0x0000000080001510] -> 0x8E93
mem[X,0x0000000080001512] -> 0x000E
[1353] [M]: 0x0000000080001510 (0x000E8E93) addi t4, t4, 0x0
x29 <- 0xFFFFFFFBFFC00000

mem[X,0x0000000080001514] -> 0x9E93
mem[X,0x0000000080001516] -> 0x00AE
[1354] [M]: 0x0000000080001514 (0x00AE9E93) slli t4, t4, 0xa
x29 <- 0xFFFFEFFF00000000

mem[X,0x0000000080001518] -> 0x8E93
mem[X,0x000000008000151A] -> 0x003E
[1355] [M]: 0x0000000080001518 (0x003E8E93) addi t4, t4, 0x3
x29 <- 0xFFFFEFFF00000003

mem[X,0x000000008000151C] -> 0x2F9B
mem[X,0x000000008000151E] -> 0xEBDF
[1356] [M]: 0x000000008000151C (0xEBDF2F9B) pssha.w.w0 t6, t5, t4
x31 <- 0xFFFFFFF800000018

mem[X,0x0000000080001520] -> 0xB023
mem[X,0x0000000080001522] -> 0x17F0
[1357] [M]: 0x0000000080001520 (0x17F0B023) sd t6, 0x160(ra)
mem[0x0000000080005370] <- 0xFFFFFFF800000018

mem[X,0x0000000080001524] -> 0x0F37
mem[X,0x0000000080001526] -> 0x0000
[1358] [M]: 0x0000000080001524 (0x00000F37) lui t5, 0x0
x30 <- 0x0000000000000000

mem[X,0x0000000080001528] -> 0x0F13
mem[X,0x000000008000152A] -> 0x002F
[1359] [M]: 0x0000000080001528 (0x002F0F13) addi t5, t5, 0x2
x30 <- 0x0000000000000002

mem[X,0x000000008000152C] -> 0x1F13
mem[X,0x000000008000152E] -> 0x00BF
[1360] [M]: 0x000000008000152C (0x00BF1F13) slli t5, t5, 0xb
x30 <- 0x0000000000001000

mem[X,0x0000000080001530] -> 0x0F13
mem[X,0x0000000080001532] -> 0x000F
[1361] [M]: 0x0000000080001530 (0x000F0F13) addi t5, t5, 0x0
x30 <- 0x0000000000001000

mem[X,0x0000000080001534] -> 0x1F13
mem[X,0x0000000080001536] -> 0x00BF
[1362] [M]: 0x0000000080001534 (0x00BF1F13) slli t5, t5, 0xb
x30 <- 0x0000000000800000

mem[X,0x0000000080001538] -> 0x0F13
mem[X,0x000000008000153A] -> 0x000F
[1363] [M]: 0x0000000080001538 (0x000F0F13) addi t5, t5, 0x0
x30 <- 0x0000000000800000

mem[X,0x000000008000153C] -> 0x1F13
mem[X,0x000000008000153E] -> 0x00AF
[1364] [M]: 0x000000008000153C (0x00AF1F13) slli t5, t5, 0xa
x30 <- 0x0000000200000000

mem[X,0x0000000080001540] -> 0x0F13
mem[X,0x0000000080001542] -> 0x002F
[1365] [M]: 0x0000000080001540 (0x002F0F13) addi t5, t5, 0x2
x30 <- 0x0000000200000002

mem[X,0x0000000080001544] -> 0xFEB7
mem[X,0x0000000080001546] -> 0xFFFF
[1366] [M]: 0x0000000080001544 (0xFFFFFEB7) lui t4, -0x1
x29 <- 0xFFFFFFFFFFFFF000

mem[X,0x0000000080001548] -> 0x8E93
mem[X,0x000000008000154A] -> 0x7FFE
[1367] [M]: 0x0000000080001548 (0x7FFE8E93) addi t4, t4, 0x7ff
x29 <- 0xFFFFFFFFFFFFF7FF

mem[X,0x000000008000154C] -> 0x9E93
mem[X,0x000000008000154E] -> 0x00BE
[1368] [M]: 0x000000008000154C (0x00BE9E93) slli t4, t4, 0xb
x29 <- 0xFFFFFFFFFFBFF800

mem[X,0x0000000080001550] -> 0x8E93
mem[X,0x0000000080001552] -> 0x000E
[1369] [M]: 0x0000000080001550 (0x000E8E93) addi t4, t4, 0x0
x29 <- 0xFFFFFFFFFFBFF800

mem[X,0x0000000080001554] -> 0x9E93
mem[X,0x0000000080001556] -> 0x00BE
[1370] [M]: 0x0000000080001554 (0x00BE9E93) slli t4, t4, 0xb
x29 <- 0xFFFFFFFDFFC00000

mem[X,0x0000000080001558] -> 0x8E93
mem[X,0x000000008000155A] -> 0x400E
[1371] [M]: 0x0000000080001558 (0x400E8E93) addi t4, t4, 0x400
x29 <- 0xFFFFFFFDFFC00400

mem[X,0x000000008000155C] -> 0x9E93
mem[X,0x000000008000155E] -> 0x00AE
[1372] [M]: 0x000000008000155C (0x00AE9E93) slli t4, t4, 0xa
x29 <- 0xFFFFF7FF00100000

mem[X,0x0000000080001560] -> 0x2F9B
mem[X,0x0000000080001562] -> 0xEBDF
[1373] [M]: 0x0000000080001560 (0xEBDF2F9B) pssha.w.w0 t6, t5, t4
x31 <- 0x0000000200000002

mem[X,0x0000000080001564] -> 0xB423
mem[X,0x0000000080001566] -> 0x17F0
[1374] [M]: 0x0000000080001564 (0x17F0B423) sd t6, 0x168(ra)
mem[0x0000000080005378] <- 0x0000000200000002

mem[X,0x0000000080001568] -> 0x0F37
mem[X,0x000000008000156A] -> 0x0400
[1375] [M]: 0x0000000080001568 (0x04000F37) lui t5, 0x4000
x30 <- 0x0000000004000000

mem[X,0x000000008000156C] -> 0x0F13
mem[X,0x000000008000156E] -> 0x001F
[1376] [M]: 0x000000008000156C (0x001F0F13) addi t5, t5, 0x1
x30 <- 0x0000000004000001

mem[X,0x0000000080001570] -> 0x1F13
mem[X,0x0000000080001572] -> 0x008F
[1377] [M]: 0x0000000080001570 (0x008F1F13) slli t5, t5, 0x8
x30 <- 0x0000000400000100

mem[X,0x0000000080001574] -> 0x0E93
mem[X,0x0000000080001576] -> 0x0190
[1378] [M]: 0x0000000080001574 (0x01900E93) addi t4, zero, 0x19
x29 <- 0x0000000000000019

mem[X,0x0000000080001578] -> 0x9E93
mem[X,0x000000008000157A] -> 0x01EE
[1379] [M]: 0x0000000080001578 (0x01EE9E93) slli t4, t4, 0x1e
x29 <- 0x0000000640000000

mem[X,0x000000008000157C] -> 0x2F9B
mem[X,0x000000008000157E] -> 0xEBDF
[1380] [M]: 0x000000008000157C (0xEBDF2F9B) pssha.w.w0 t6, t5, t4
x31 <- 0x0000000400000100

mem[X,0x0000000080001580] -> 0xB823
mem[X,0x0000000080001582] -> 0x17F0
[1381] [M]: 0x0000000080001580 (0x17F0B823) sd t6, 0x170(ra)
mem[0x0000000080005380] <- 0x0000000400000100

mem[X,0x0000000080001584] -> 0x0F37
mem[X,0x0000000080001586] -> 0x0000
[1382] [M]: 0x0000000080001584 (0x00000F37) lui t5, 0x0
x30 <- 0x0000000000000000

mem[X,0x0000000080001588] -> 0x0F13
mem[X,0x000000008000158A] -> 0x010F
[1383] [M]: 0x0000000080001588 (0x010F0F13) addi t5, t5, 0x10
x30 <- 0x0000000000000010

mem[X,0x000000008000158C] -> 0x1F13
mem[X,0x000000008000158E] -> 0x00BF
[1384] [M]: 0x000000008000158C (0x00BF1F13) slli t5, t5, 0xb
x30 <- 0x0000000000008000

mem[X,0x0000000080001590] -> 0x0F13
mem[X,0x0000000080001592] -> 0x7FFF
[1385] [M]: 0x0000000080001590 (0x7FFF0F13) addi t5, t5, 0x7ff
x30 <- 0x00000000000087FF

mem[X,0x0000000080001594] -> 0x1F13
mem[X,0x0000000080001596] -> 0x00BF
[1386] [M]: 0x0000000080001594 (0x00BF1F13) slli t5, t5, 0xb
x30 <- 0x00000000043FF800

mem[X,0x0000000080001598] -> 0x0F13
mem[X,0x000000008000159A] -> 0x7DFF
[1387] [M]: 0x0000000080001598 (0x7DFF0F13) addi t5, t5, 0x7df
x30 <- 0x00000000043FFFDF

mem[X,0x000000008000159C] -> 0x1F13
mem[X,0x000000008000159E] -> 0x00AF
[1388] [M]: 0x000000008000159C (0x00AF1F13) slli t5, t5, 0xa
x30 <- 0x00000010FFFF7C00

mem[X,0x00000000800015A0] -> 0x0F13
mem[X,0x00000000800015A2] -> 0x3FFF
[1389] [M]: 0x00000000800015A0 (0x3FFF0F13) addi t5, t5, 0x3ff
x30 <- 0x00000010FFFF7FFF

mem[X,0x00000000800015A4] -> 0x0EB7
mem[X,0x00000000800015A6] -> 0x0000
[1390] [M]: 0x00000000800015A4 (0x00000EB7) lui t4, 0x0
x29 <- 0x0000000000000000

mem[X,0x00000000800015A8] -> 0x8E93
mem[X,0x00000000800015AA] -> 0x020E
[1391] [M]: 0x00000000800015A8 (0x020E8E93) addi t4, t4, 0x20
x29 <- 0x0000000000000020

mem[X,0x00000000800015AC] -> 0x9E93
mem[X,0x00000000800015AE] -> 0x00BE
[1392] [M]: 0x00000000800015AC (0x00BE9E93) slli t4, t4, 0xb
x29 <- 0x0000000000010000

mem[X,0x00000000800015B0] -> 0x8E93
mem[X,0x00000000800015B2] -> 0x3FFE
[1393] [M]: 0x00000000800015B0 (0x3FFE8E93) addi t4, t4, 0x3ff
x29 <- 0x00000000000103FF

mem[X,0x00000000800015B4] -> 0x9E93
mem[X,0x00000000800015B6] -> 0x00BE
[1394] [M]: 0x00000000800015B4 (0x00BE9E93) slli t4, t4, 0xb
x29 <- 0x00000000081FF800

mem[X,0x00000000800015B8] -> 0x8E93
mem[X,0x00000000800015BA] -> 0x7FFE
[1395] [M]: 0x00000000800015B8 (0x7FFE8E93) addi t4, t4, 0x7ff
x29 <- 0x00000000081FFFFF

mem[X,0x00000000800015BC] -> 0x9E93
mem[X,0x00000000800015BE] -> 0x00AE
[1396] [M]: 0x00000000800015BC (0x00AE9E93) slli t4, t4, 0xa
x29 <- 0x000000207FFFFC00

mem[X,0x00000000800015C0] -> 0x8E93
mem[X,0x00000000800015C2] -> 0x3FFE
[1397] [M]: 0x00000000800015C0 (0x3FFE8E93) addi t4, t4, 0x3ff
x29 <- 0x000000207FFFFFFF

mem[X,0x00000000800015C4] -> 0x2F9B
mem[X,0x00000000800015C6] -> 0xEBDF
[1398] [M]: 0x00000000800015C4 (0xEBDF2F9B) pssha.w.w0 t6, t5, t4
x31 <- 0x00000008FFFFBFFF

mem[X,0x00000000800015C8] -> 0xBC23
mem[X,0x00000000800015CA] -> 0x17F0
[1399] [M]: 0x00000000800015C8 (0x17F0BC23) sd t6, 0x178(ra)
mem[0x0000000080005388] <- 0x00000008FFFFBFFF

clint::tick mtime <- 0x000000000000000E
 clint timer pending at mtime 0x000000000000000E
htif::tick 0x0000000000000000
mem[X,0x00000000800015CC] -> 0x0F13
mem[X,0x00000000800015CE] -> 0x0830
[1400] [M]: 0x00000000800015CC (0x08300F13) addi t5, zero, 0x83
x30 <- 0x0000000000000083

mem[X,0x00000000800015D0] -> 0x1F13
mem[X,0x00000000800015D2] -> 0x01EF
[1401] [M]: 0x00000000800015D0 (0x01EF1F13) slli t5, t5, 0x1e
x30 <- 0x00000020C0000000

mem[X,0x00000000800015D4] -> 0x8EB7
mem[X,0x00000000800015D6] -> 0xFFFF
[1402] [M]: 0x00000000800015D4 (0xFFFF8EB7) lui t4, -0x8
x29 <- 0xFFFFFFFFFFFF8000

mem[X,0x00000000800015D8] -> 0x8E93
mem[X,0x00000000800015DA] -> 0xFFFE
[1403] [M]: 0x00000000800015D8 (0xFFFE8E93) addi t4, t4, -0x1
x29 <- 0xFFFFFFFFFFFF7FFF

mem[X,0x00000000800015DC] -> 0x9E93
mem[X,0x00000000800015DE] -> 0x00BE
[1404] [M]: 0x00000000800015DC (0x00BE9E93) slli t4, t4, 0xb
x29 <- 0xFFFFFFFFFBFFF800

mem[X,0x00000000800015E0] -> 0x8E93
mem[X,0x00000000800015E2] -> 0x000E
[1405] [M]: 0x00000000800015E0 (0x000E8E93) addi t4, t4, 0x0
x29 <- 0xFFFFFFFFFBFFF800

mem[X,0x00000000800015E4] -> 0x9E93
mem[X,0x00000000800015E6] -> 0x00BE
[1406] [M]: 0x00000000800015E4 (0x00BE9E93) slli t4, t4, 0xb
x29 <- 0xFFFFFFDFFFC00000

mem[X,0x00000000800015E8] -> 0x8E93
mem[X,0x00000000800015EA] -> 0x400E
[1407] [M]: 0x00000000800015E8 (0x400E8E93) addi t4, t4, 0x400
x29 <- 0xFFFFFFDFFFC00400

mem[X,0x00000000800015EC] -> 0x9E93
mem[X,0x00000000800015EE] -> 0x00AE
[1408] [M]: 0x00000000800015EC (0x00AE9E93) slli t4, t4, 0xa
x29 <- 0xFFFF7FFF00100000

mem[X,0x00000000800015F0] -> 0x2F9B
mem[X,0x00000000800015F2] -> 0xEBDF
[1409] [M]: 0x00000000800015F0 (0xEBDF2F9B) pssha.w.w0 t6, t5, t4
x31 <- 0x00000020C0000000

mem[X,0x00000000800015F4] -> 0xB023
mem[X,0x00000000800015F6] -> 0x19F0
[1410] [M]: 0x00000000800015F4 (0x19F0B023) sd t6, 0x180(ra)
mem[0x0000000080005390] <- 0x00000020C0000000

mem[X,0x00000000800015F8] -> 0x0F37
mem[X,0x00000000800015FA] -> 0x0000
[1411] [M]: 0x00000000800015F8 (0x00000F37) lui t5, 0x0
x30 <- 0x0000000000000000

mem[X,0x00000000800015FC] -> 0x0F13
mem[X,0x00000000800015FE] -> 0x200F
[1412] [M]: 0x00000000800015FC (0x200F0F13) addi t5, t5, 0x200
x30 <- 0x0000000000000200

mem[X,0x0000000080001600] -> 0x1F13
mem[X,0x0000000080001602] -> 0x00BF
[1413] [M]: 0x0000000080001600 (0x00BF1F13) slli t5, t5, 0xb
x30 <- 0x0000000000100000

mem[X,0x0000000080001604] -> 0x0F13
mem[X,0x0000000080001606] -> 0x7FFF
[1414] [M]: 0x0000000080001604 (0x7FFF0F13) addi t5, t5, 0x7ff
x30 <- 0x00000000001007FF

mem[X,0x0000000080001608] -> 0x1F13
mem[X,0x000000008000160A] -> 0x00BF
[1415] [M]: 0x0000000080001608 (0x00BF1F13) slli t5, t5, 0xb
x30 <- 0x00000000803FF800

mem[X,0x000000008000160C] -> 0x0F13
mem[X,0x000000008000160E] -> 0x7FFF
[1416] [M]: 0x000000008000160C (0x7FFF0F13) addi t5, t5, 0x7ff
x30 <- 0x00000000803FFFFF

mem[X,0x0000000080001610] -> 0x1F13
mem[X,0x0000000080001612] -> 0x00AF
[1417] [M]: 0x0000000080001610 (0x00AF1F13) slli t5, t5, 0xa
x30 <- 0x00000200FFFFFC00

mem[X,0x0000000080001614] -> 0x0F13
mem[X,0x0000000080001616] -> 0x3FFF
[1418] [M]: 0x0000000080001614 (0x3FFF0F13) addi t5, t5, 0x3ff
x30 <- 0x00000200FFFFFFFF

mem[X,0x0000000080001618] -> 0x0EB7
mem[X,0x000000008000161A] -> 0xFFFE
[1419] [M]: 0x0000000080001618 (0xFFFE0EB7) lui t4, -0x20
x29 <- 0xFFFFFFFFFFFE0000

mem[X,0x000000008000161C] -> 0x8E93
mem[X,0x000000008000161E] -> 0xFFFE
[1420] [M]: 0x000000008000161C (0xFFFE8E93) addi t4, t4, -0x1
x29 <- 0xFFFFFFFFFFFDFFFF

mem[X,0x0000000080001620] -> 0x9E93
mem[X,0x0000000080001622] -> 0x00BE
[1421] [M]: 0x0000000080001620 (0x00BE9E93) slli t4, t4, 0xb
x29 <- 0xFFFFFFFFEFFFF800

mem[X,0x0000000080001624] -> 0x8E93
mem[X,0x0000000080001626] -> 0x7FFE
[1422] [M]: 0x0000000080001624 (0x7FFE8E93) addi t4, t4, 0x7ff
x29 <- 0xFFFFFFFFEFFFFFFF

mem[X,0x0000000080001628] -> 0x9E93
mem[X,0x000000008000162A] -> 0x00BE
[1423] [M]: 0x0000000080001628 (0x00BE9E93) slli t4, t4, 0xb
x29 <- 0xFFFFFF7FFFFFF800

mem[X,0x000000008000162C] -> 0x8E93
mem[X,0x000000008000162E] -> 0x7FFE
[1424] [M]: 0x000000008000162C (0x7FFE8E93) addi t4, t4, 0x7ff
x29 <- 0xFFFFFF7FFFFFFFFF

mem[X,0x0000000080001630] -> 0x9E93
mem[X,0x0000000080001632] -> 0x00AE
[1425] [M]: 0x0000000080001630 (0x00AE9E93) slli t4, t4, 0xa
x29 <- 0xFFFDFFFFFFFFFC00

mem[X,0x0000000080001634] -> 0x8E93
mem[X,0x0000000080001636] -> 0x3F9E
[1426] [M]: 0x0000000080001634 (0x3F9E8E93) addi t4, t4, 0x3f9
x29 <- 0xFFFDFFFFFFFFFFF9

mem[X,0x0000000080001638] -> 0x2F9B
mem[X,0x000000008000163A] -> 0xEBDF
[1427] [M]: 0x0000000080001638 (0xEBDF2F9B) pssha.w.w0 t6, t5, t4
x31 <- 0x00000004FFFFFFFF

mem[X,0x000000008000163C] -> 0xB423
mem[X,0x000000008000163E] -> 0x19F0
[1428] [M]: 0x000000008000163C (0x19F0B423) sd t6, 0x188(ra)
mem[0x0000000080005398] <- 0x00000004FFFFFFFF

mem[X,0x0000000080001640] -> 0x1F37
mem[X,0x0000000080001642] -> 0x0000
[1429] [M]: 0x0000000080001640 (0x00001F37) lui t5, 0x1
x30 <- 0x0000000000001000

mem[X,0x0000000080001644] -> 0x0F13
mem[X,0x0000000080001646] -> 0x000F
[1430] [M]: 0x0000000080001644 (0x000F0F13) addi t5, t5, 0x0
x30 <- 0x0000000000001000

mem[X,0x0000000080001648] -> 0x1F13
mem[X,0x000000008000164A] -> 0x00BF
[1431] [M]: 0x0000000080001648 (0x00BF1F13) slli t5, t5, 0xb
x30 <- 0x0000000000800000

mem[X,0x000000008000164C] -> 0x0F13
mem[X,0x000000008000164E] -> 0x7FFF
[1432] [M]: 0x000000008000164C (0x7FFF0F13) addi t5, t5, 0x7ff
x30 <- 0x00000000008007FF

mem[X,0x0000000080001650] -> 0x1F13
mem[X,0x0000000080001652] -> 0x00BF
[1433] [M]: 0x0000000080001650 (0x00BF1F13) slli t5, t5, 0xb
x30 <- 0x00000004003FF800

mem[X,0x0000000080001654] -> 0x0F13
mem[X,0x0000000080001656] -> 0x7FFF
[1434] [M]: 0x0000000080001654 (0x7FFF0F13) addi t5, t5, 0x7ff
x30 <- 0x00000004003FFFFF

mem[X,0x0000000080001658] -> 0x1F13
mem[X,0x000000008000165A] -> 0x00AF
[1435] [M]: 0x0000000080001658 (0x00AF1F13) slli t5, t5, 0xa
x30 <- 0x00001000FFFFFC00

mem[X,0x000000008000165C] -> 0x0F13
mem[X,0x000000008000165E] -> 0x3FEF
[1436] [M]: 0x000000008000165C (0x3FEF0F13) addi t5, t5, 0x3fe
x30 <- 0x00001000FFFFFFFE

mem[X,0x0000000080001660] -> 0x0EB7
mem[X,0x0000000080001662] -> 0x0000
[1437] [M]: 0x0000000080001660 (0x00000EB7) lui t4, 0x0
x29 <- 0x0000000000000000

mem[X,0x0000000080001664] -> 0x8E93
mem[X,0x0000000080001666] -> 0x020E
[1438] [M]: 0x0000000080001664 (0x020E8E93) addi t4, t4, 0x20
x29 <- 0x0000000000000020

mem[X,0x0000000080001668] -> 0x9E93
mem[X,0x000000008000166A] -> 0x00BE
[1439] [M]: 0x0000000080001668 (0x00BE9E93) slli t4, t4, 0xb
x29 <- 0x0000000000010000

mem[X,0x000000008000166C] -> 0x8E93
mem[X,0x000000008000166E] -> 0x7FFE
[1440] [M]: 0x000000008000166C (0x7FFE8E93) addi t4, t4, 0x7ff
x29 <- 0x00000000000107FF

mem[X,0x0000000080001670] -> 0x9E93
mem[X,0x0000000080001672] -> 0x00BE
[1441] [M]: 0x0000000080001670 (0x00BE9E93) slli t4, t4, 0xb
x29 <- 0x00000000083FF800

mem[X,0x0000000080001674] -> 0x8E93
mem[X,0x0000000080001676] -> 0x3FFE
[1442] [M]: 0x0000000080001674 (0x3FFE8E93) addi t4, t4, 0x3ff
x29 <- 0x00000000083FFBFF

mem[X,0x0000000080001678] -> 0x9E93
mem[X,0x000000008000167A] -> 0x00AE
[1443] [M]: 0x0000000080001678 (0x00AE9E93) slli t4, t4, 0xa
x29 <- 0x00000020FFEFFC00

mem[X,0x000000008000167C] -> 0x8E93
mem[X,0x000000008000167E] -> 0x3FFE
[1444] [M]: 0x000000008000167C (0x3FFE8E93) addi t4, t4, 0x3ff
x29 <- 0x00000020FFEFFFFF

mem[X,0x0000000080001680] -> 0x2F9B
mem[X,0x0000000080001682] -> 0xEBDF
[1445] [M]: 0x0000000080001680 (0xEBDF2F9B) pssha.w.w0 t6, t5, t4
x31 <- 0x00000800FFFFFFFF

mem[X,0x0000000080001684] -> 0xB823
mem[X,0x0000000080001686] -> 0x19F0
[1446] [M]: 0x0000000080001684 (0x19F0B823) sd t6, 0x190(ra)
mem[0x00000000800053A0] <- 0x00000800FFFFFFFF

mem[X,0x0000000080001688] -> 0x0F37
mem[X,0x000000008000168A] -> 0x0001
[1447] [M]: 0x0000000080001688 (0x00010F37) lui t5, 0x10
x30 <- 0x0000000000010000

mem[X,0x000000008000168C] -> 0x0F13
mem[X,0x000000008000168E] -> 0x000F
[1448] [M]: 0x000000008000168C (0x000F0F13) addi t5, t5, 0x0
x30 <- 0x0000000000010000

mem[X,0x0000000080001690] -> 0x1F13
mem[X,0x0000000080001692] -> 0x00BF
[1449] [M]: 0x0000000080001690 (0x00BF1F13) slli t5, t5, 0xb
x30 <- 0x0000000008000000

mem[X,0x0000000080001694] -> 0x0F13
mem[X,0x0000000080001696] -> 0x000F
[1450] [M]: 0x0000000080001694 (0x000F0F13) addi t5, t5, 0x0
x30 <- 0x0000000008000000

mem[X,0x0000000080001698] -> 0x1F13
mem[X,0x000000008000169A] -> 0x00BF
[1451] [M]: 0x0000000080001698 (0x00BF1F13) slli t5, t5, 0xb
x30 <- 0x0000004000000000

mem[X,0x000000008000169C] -> 0x0F13
mem[X,0x000000008000169E] -> 0x000F
[1452] [M]: 0x000000008000169C (0x000F0F13) addi t5, t5, 0x0
x30 <- 0x0000004000000000

mem[X,0x00000000800016A0] -> 0x1F13
mem[X,0x00000000800016A2] -> 0x00AF
[1453] [M]: 0x00000000800016A0 (0x00AF1F13) slli t5, t5, 0xa
x30 <- 0x0001000000000000

mem[X,0x00000000800016A4] -> 0x0F13
mem[X,0x00000000800016A6] -> 0x200F
[1454] [M]: 0x00000000800016A4 (0x200F0F13) addi t5, t5, 0x200
x30 <- 0x0001000000000200

mem[X,0x00000000800016A8] -> 0x0EB7
mem[X,0x00000000800016AA] -> 0xFFF0
[1455] [M]: 0x00000000800016A8 (0xFFF00EB7) lui t4, -0x100
x29 <- 0xFFFFFFFFFFF00000

mem[X,0x00000000800016AC] -> 0x8E93
mem[X,0x00000000800016AE] -> 0xFFFE
[1456] [M]: 0x00000000800016AC (0xFFFE8E93) addi t4, t4, -0x1
x29 <- 0xFFFFFFFFFFEFFFFF

mem[X,0x00000000800016B0] -> 0x9E93
mem[X,0x00000000800016B2] -> 0x00BE
[1457] [M]: 0x00000000800016B0 (0x00BE9E93) slli t4, t4, 0xb
x29 <- 0xFFFFFFFF7FFFF800

mem[X,0x00000000800016B4] -> 0x8E93
mem[X,0x00000000800016B6] -> 0x000E
[1458] [M]: 0x00000000800016B4 (0x000E8E93) addi t4, t4, 0x0
x29 <- 0xFFFFFFFF7FFFF800

mem[X,0x00000000800016B8] -> 0x9E93
mem[X,0x00000000800016BA] -> 0x00BE
[1459] [M]: 0x00000000800016B8 (0x00BE9E93) slli t4, t4, 0xb
x29 <- 0xFFFFFBFFFFC00000

mem[X,0x00000000800016BC] -> 0x8E93
mem[X,0x00000000800016BE] -> 0x000E
[1460] [M]: 0x00000000800016BC (0x000E8E93) addi t4, t4, 0x0
x29 <- 0xFFFFFBFFFFC00000

mem[X,0x00000000800016C0] -> 0x9E93
mem[X,0x00000000800016C2] -> 0x00AE
[1461] [M]: 0x00000000800016C0 (0x00AE9E93) slli t4, t4, 0xa
x29 <- 0xFFEFFFFF00000000

mem[X,0x00000000800016C4] -> 0x8E93
mem[X,0x00000000800016C6] -> 0x006E
[1462] [M]: 0x00000000800016C4 (0x006E8E93) addi t4, t4, 0x6
x29 <- 0xFFEFFFFF00000006

mem[X,0x00000000800016C8] -> 0x2F9B
mem[X,0x00000000800016CA] -> 0xEBDF
[1463] [M]: 0x00000000800016C8 (0xEBDF2F9B) pssha.w.w0 t6, t5, t4
x31 <- 0x0040000000008000

mem[X,0x00000000800016CC] -> 0xBC23
mem[X,0x00000000800016CE] -> 0x19F0
[1464] [M]: 0x00000000800016CC (0x19F0BC23) sd t6, 0x198(ra)
mem[0x00000000800053A8] <- 0x0040000000008000

mem[X,0x00000000800016D0] -> 0x0F37
mem[X,0x00000000800016D2] -> 0x0002
[1465] [M]: 0x00000000800016D0 (0x00020F37) lui t5, 0x20
x30 <- 0x0000000000020000

mem[X,0x00000000800016D4] -> 0x0F13
mem[X,0x00000000800016D6] -> 0x000F
[1466] [M]: 0x00000000800016D4 (0x000F0F13) addi t5, t5, 0x0
x30 <- 0x0000000000020000

mem[X,0x00000000800016D8] -> 0x1F13
mem[X,0x00000000800016DA] -> 0x00BF
[1467] [M]: 0x00000000800016D8 (0x00BF1F13) slli t5, t5, 0xb
x30 <- 0x0000000010000000

mem[X,0x00000000800016DC] -> 0x0F13
mem[X,0x00000000800016DE] -> 0x000F
[1468] [M]: 0x00000000800016DC (0x000F0F13) addi t5, t5, 0x0
x30 <- 0x0000000010000000

mem[X,0x00000000800016E0] -> 0x1F13
mem[X,0x00000000800016E2] -> 0x00BF
[1469] [M]: 0x00000000800016E0 (0x00BF1F13) slli t5, t5, 0xb
x30 <- 0x0000008000000000

mem[X,0x00000000800016E4] -> 0x0F13
mem[X,0x00000000800016E6] -> 0x000F
[1470] [M]: 0x00000000800016E4 (0x000F0F13) addi t5, t5, 0x0
x30 <- 0x0000008000000000

mem[X,0x00000000800016E8] -> 0x1F13
mem[X,0x00000000800016EA] -> 0x00AF
[1471] [M]: 0x00000000800016E8 (0x00AF1F13) slli t5, t5, 0xa
x30 <- 0x0002000000000000

mem[X,0x00000000800016EC] -> 0x0F13
mem[X,0x00000000800016EE] -> 0x006F
[1472] [M]: 0x00000000800016EC (0x006F0F13) addi t5, t5, 0x6
x30 <- 0x0002000000000006

mem[X,0x00000000800016F0] -> 0x0EB7
mem[X,0x00000000800016F2] -> 0xF000
[1473] [M]: 0x00000000800016F0 (0xF0000EB7) lui t4, -0x10000
x29 <- 0xFFFFFFFFF0000000

mem[X,0x00000000800016F4] -> 0x8E93
mem[X,0x00000000800016F6] -> 0xFFFE
[1474] [M]: 0x00000000800016F4 (0xFFFE8E93) addi t4, t4, -0x1
x29 <- 0xFFFFFFFFEFFFFFFF

mem[X,0x00000000800016F8] -> 0x9E93
mem[X,0x00000000800016FA] -> 0x00BE
[1475] [M]: 0x00000000800016F8 (0x00BE9E93) slli t4, t4, 0xb
x29 <- 0xFFFFFF7FFFFFF800

mem[X,0x00000000800016FC] -> 0x8E93
mem[X,0x00000000800016FE] -> 0x200E
[1476] [M]: 0x00000000800016FC (0x200E8E93) addi t4, t4, 0x200
x29 <- 0xFFFFFF7FFFFFFA00

mem[X,0x0000000080001700] -> 0x9E93
mem[X,0x0000000080001702] -> 0x00BE
[1477] [M]: 0x0000000080001700 (0x00BE9E93) slli t4, t4, 0xb
x29 <- 0xFFFBFFFFFFD00000

mem[X,0x0000000080001704] -> 0x8E93
mem[X,0x0000000080001706] -> 0x000E
[1478] [M]: 0x0000000080001704 (0x000E8E93) addi t4, t4, 0x0
x29 <- 0xFFFBFFFFFFD00000

mem[X,0x0000000080001708] -> 0x9E93
mem[X,0x000000008000170A] -> 0x00AE
[1479] [M]: 0x0000000080001708 (0x00AE9E93) slli t4, t4, 0xa
x29 <- 0xEFFFFFFF40000000

mem[X,0x000000008000170C] -> 0x2F9B
mem[X,0x000000008000170E] -> 0xEBDF
[1480] [M]: 0x000000008000170C (0xEBDF2F9B) pssha.w.w0 t6, t5, t4
x31 <- 0x0002000000000006

mem[X,0x0000000080001710] -> 0xB023
mem[X,0x0000000080001712] -> 0x1BF0
[1481] [M]: 0x0000000080001710 (0x1BF0B023) sd t6, 0x1a0(ra)
mem[0x00000000800053B0] <- 0x0002000000000006

mem[X,0x0000000080001714] -> 0x0F37
mem[X,0x0000000080001716] -> 0x0080
[1482] [M]: 0x0000000080001714 (0x00800F37) lui t5, 0x800
x30 <- 0x0000000000800000

mem[X,0x0000000080001718] -> 0x0F13
mem[X,0x000000008000171A] -> 0x001F
[1483] [M]: 0x0000000080001718 (0x001F0F13) addi t5, t5, 0x1
x30 <- 0x0000000000800001

mem[X,0x000000008000171C] -> 0x1F13
mem[X,0x000000008000171E] -> 0x01BF
[1484] [M]: 0x000000008000171C (0x01BF1F13) slli t5, t5, 0x1b
x30 <- 0x0004000008000000

mem[X,0x0000000080001720] -> 0xFEB7
mem[X,0x0000000080001722] -> 0xFFFF
[1485] [M]: 0x0000000080001720 (0xFFFFFEB7) lui t4, -0x1
x29 <- 0xFFFFFFFFFFFFF000

mem[X,0x0000000080001724] -> 0x8E93
mem[X,0x0000000080001726] -> 0x7FFE
[1486] [M]: 0x0000000080001724 (0x7FFE8E93) addi t4, t4, 0x7ff
x29 <- 0xFFFFFFFFFFFFF7FF

mem[X,0x0000000080001728] -> 0x9E93
mem[X,0x000000008000172A] -> 0x00BE
[1487] [M]: 0x0000000080001728 (0x00BE9E93) slli t4, t4, 0xb
x29 <- 0xFFFFFFFFFFBFF800

mem[X,0x000000008000172C] -> 0x8E93
mem[X,0x000000008000172E] -> 0x7FFE
[1488] [M]: 0x000000008000172C (0x7FFE8E93) addi t4, t4, 0x7ff
x29 <- 0xFFFFFFFFFFBFFFFF

mem[X,0x0000000080001730] -> 0x9E93
mem[X,0x0000000080001732] -> 0x00BE
[1489] [M]: 0x0000000080001730 (0x00BE9E93) slli t4, t4, 0xb
x29 <- 0xFFFFFFFDFFFFF800

mem[X,0x0000000080001734] -> 0x8E93
mem[X,0x0000000080001736] -> 0x7FBE
[1490] [M]: 0x0000000080001734 (0x7FBE8E93) addi t4, t4, 0x7fb
x29 <- 0xFFFFFFFDFFFFFFFB

mem[X,0x0000000080001738] -> 0x9E93
mem[X,0x000000008000173A] -> 0x00AE
[1491] [M]: 0x0000000080001738 (0x00AE9E93) slli t4, t4, 0xa
x29 <- 0xFFFFF7FFFFFFEC00

mem[X,0x000000008000173C] -> 0x8E93
mem[X,0x000000008000173E] -> 0x3FFE
[1492] [M]: 0x000000008000173C (0x3FFE8E93) addi t4, t4, 0x3ff
x29 <- 0xFFFFF7FFFFFFEFFF

mem[X,0x0000000080001740] -> 0x2F9B
mem[X,0x0000000080001742] -> 0xEBDF
[1493] [M]: 0x0000000080001740 (0xEBDF2F9B) pssha.w.w0 t6, t5, t4
x31 <- 0x0002000004000000

mem[X,0x0000000080001744] -> 0xB423
mem[X,0x0000000080001746] -> 0x1BF0
[1494] [M]: 0x0000000080001744 (0x1BF0B423) sd t6, 0x1a8(ra)
mem[0x00000000800053B8] <- 0x0002000004000000

mem[X,0x0000000080001748] -> 0x0F37
mem[X,0x000000008000174A] -> 0x0020
[1495] [M]: 0x0000000080001748 (0x00200F37) lui t5, 0x200
x30 <- 0x0000000000200000

mem[X,0x000000008000174C] -> 0x0F13
mem[X,0x000000008000174E] -> 0x000F
[1496] [M]: 0x000000008000174C (0x000F0F13) addi t5, t5, 0x0
x30 <- 0x0000000000200000

mem[X,0x0000000080001750] -> 0x1F13
mem[X,0x0000000080001752] -> 0x00BF
[1497] [M]: 0x0000000080001750 (0x00BF1F13) slli t5, t5, 0xb
x30 <- 0x0000000100000000

mem[X,0x0000000080001754] -> 0x0F13
mem[X,0x0000000080001756] -> 0x000F
[1498] [M]: 0x0000000080001754 (0x000F0F13) addi t5, t5, 0x0
x30 <- 0x0000000100000000

mem[X,0x0000000080001758] -> 0x1F13
mem[X,0x000000008000175A] -> 0x00BF
[1499] [M]: 0x0000000080001758 (0x00BF1F13) slli t5, t5, 0xb
x30 <- 0x0000080000000000

clint::tick mtime <- 0x000000000000000F
 clint timer pending at mtime 0x000000000000000F
htif::tick 0x0000000000000000
mem[X,0x000000008000175C] -> 0x0F13
mem[X,0x000000008000175E] -> 0x000F
[1500] [M]: 0x000000008000175C (0x000F0F13) addi t5, t5, 0x0
x30 <- 0x0000080000000000

mem[X,0x0000000080001760] -> 0x1F13
mem[X,0x0000000080001762] -> 0x00AF
[1501] [M]: 0x0000000080001760 (0x00AF1F13) slli t5, t5, 0xa
x30 <- 0x0020000000000000

mem[X,0x0000000080001764] -> 0x0F13
mem[X,0x0000000080001766] -> 0x005F
[1502] [M]: 0x0000000080001764 (0x005F0F13) addi t5, t5, 0x5
x30 <- 0x0020000000000005

mem[X,0x0000000080001768] -> 0x0E93
mem[X,0x000000008000176A] -> 0x0010
[1503] [M]: 0x0000000080001768 (0x00100E93) addi t4, zero, 0x1
x29 <- 0x0000000000000001

mem[X,0x000000008000176C] -> 0x9E93
mem[X,0x000000008000176E] -> 0x01CE
[1504] [M]: 0x000000008000176C (0x01CE9E93) slli t4, t4, 0x1c
x29 <- 0x0000000010000000

mem[X,0x0000000080001770] -> 0xCE93
mem[X,0x0000000080001772] -> 0xFFFE
[1505] [M]: 0x0000000080001770 (0xFFFECE93) xori t4, t4, -0x1
x29 <- 0xFFFFFFFFEFFFFFFF

mem[X,0x0000000080001774] -> 0x2F9B
mem[X,0x0000000080001776] -> 0xEBDF
[1506] [M]: 0x0000000080001774 (0xEBDF2F9B) pssha.w.w0 t6, t5, t4
x31 <- 0x0010000000000002

mem[X,0x0000000080001778] -> 0xB823
mem[X,0x000000008000177A] -> 0x1BF0
[1507] [M]: 0x0000000080001778 (0x1BF0B823) sd t6, 0x1b0(ra)
mem[0x00000000800053C0] <- 0x0010000000000002

mem[X,0x000000008000177C] -> 0x0F37
mem[X,0x000000008000177E] -> 0x0040
[1508] [M]: 0x000000008000177C (0x00400F37) lui t5, 0x400
x30 <- 0x0000000000400000

mem[X,0x0000000080001780] -> 0x0F13
mem[X,0x0000000080001782] -> 0x000F
[1509] [M]: 0x0000000080001780 (0x000F0F13) addi t5, t5, 0x0
x30 <- 0x0000000000400000

mem[X,0x0000000080001784] -> 0x1F13
mem[X,0x0000000080001786] -> 0x00BF
[1510] [M]: 0x0000000080001784 (0x00BF1F13) slli t5, t5, 0xb
x30 <- 0x0000000200000000

mem[X,0x0000000080001788] -> 0x0F13
mem[X,0x000000008000178A] -> 0x555F
[1511] [M]: 0x0000000080001788 (0x555F0F13) addi t5, t5, 0x555
x30 <- 0x0000000200000555

mem[X,0x000000008000178C] -> 0x1F13
mem[X,0x000000008000178E] -> 0x00BF
[1512] [M]: 0x000000008000178C (0x00BF1F13) slli t5, t5, 0xb
x30 <- 0x00001000002AA800

mem[X,0x0000000080001790] -> 0x0F13
mem[X,0x0000000080001792] -> 0x2AAF
[1513] [M]: 0x0000000080001790 (0x2AAF0F13) addi t5, t5, 0x2aa
x30 <- 0x00001000002AAAAA

mem[X,0x0000000080001794] -> 0x1F13
mem[X,0x0000000080001796] -> 0x00AF
[1514] [M]: 0x0000000080001794 (0x00AF1F13) slli t5, t5, 0xa
x30 <- 0x00400000AAAAA800

mem[X,0x0000000080001798] -> 0x0F13
mem[X,0x000000008000179A] -> 0x2AAF
[1515] [M]: 0x0000000080001798 (0x2AAF0F13) addi t5, t5, 0x2aa
x30 <- 0x00400000AAAAAAAA

mem[X,0x000000008000179C] -> 0x0EB7
mem[X,0x000000008000179E] -> 0x0000
[1516] [M]: 0x000000008000179C (0x00000EB7) lui t4, 0x0
x29 <- 0x0000000000000000

mem[X,0x00000000800017A0] -> 0x8E93
mem[X,0x00000000800017A2] -> 0x040E
[1517] [M]: 0x00000000800017A0 (0x040E8E93) addi t4, t4, 0x40
x29 <- 0x0000000000000040

mem[X,0x00000000800017A4] -> 0x9E93
mem[X,0x00000000800017A6] -> 0x00BE
[1518] [M]: 0x00000000800017A4 (0x00BE9E93) slli t4, t4, 0xb
x29 <- 0x0000000000020000

mem[X,0x00000000800017A8] -> 0x8E93
mem[X,0x00000000800017AA] -> 0x7FFE
[1519] [M]: 0x00000000800017A8 (0x7FFE8E93) addi t4, t4, 0x7ff
x29 <- 0x00000000000207FF

mem[X,0x00000000800017AC] -> 0x9E93
mem[X,0x00000000800017AE] -> 0x00BE
[1520] [M]: 0x00000000800017AC (0x00BE9E93) slli t4, t4, 0xb
x29 <- 0x00000000103FF800

mem[X,0x00000000800017B0] -> 0x8E93
mem[X,0x00000000800017B2] -> 0x7BFE
[1521] [M]: 0x00000000800017B0 (0x7BFE8E93) addi t4, t4, 0x7bf
x29 <- 0x00000000103FFFBF

mem[X,0x00000000800017B4] -> 0x9E93
mem[X,0x00000000800017B6] -> 0x00AE
[1522] [M]: 0x00000000800017B4 (0x00AE9E93) slli t4, t4, 0xa
x29 <- 0x00000040FFFEFC00

mem[X,0x00000000800017B8] -> 0x8E93
mem[X,0x00000000800017BA] -> 0x3FFE
[1523] [M]: 0x00000000800017B8 (0x3FFE8E93) addi t4, t4, 0x3ff
x29 <- 0x00000040FFFEFFFF

mem[X,0x00000000800017BC] -> 0x2F9B
mem[X,0x00000000800017BE] -> 0xEBDF
[1524] [M]: 0x00000000800017BC (0xEBDF2F9B) pssha.w.w0 t6, t5, t4
x31 <- 0x00200000D5555555

mem[X,0x00000000800017C0] -> 0xBC23
mem[X,0x00000000800017C2] -> 0x1BF0
[1525] [M]: 0x00000000800017C0 (0x1BF0BC23) sd t6, 0x1b8(ra)
mem[0x00000000800053C8] <- 0x00200000D5555555

mem[X,0x00000000800017C4] -> 0x0F37
mem[X,0x00000000800017C6] -> 0x0080
[1526] [M]: 0x00000000800017C4 (0x00800F37) lui t5, 0x800
x30 <- 0x0000000000800000

mem[X,0x00000000800017C8] -> 0x0F13
mem[X,0x00000000800017CA] -> 0x000F
[1527] [M]: 0x00000000800017C8 (0x000F0F13) addi t5, t5, 0x0
x30 <- 0x0000000000800000

mem[X,0x00000000800017CC] -> 0x1F13
mem[X,0x00000000800017CE] -> 0x00BF
[1528] [M]: 0x00000000800017CC (0x00BF1F13) slli t5, t5, 0xb
x30 <- 0x0000000400000000

mem[X,0x00000000800017D0] -> 0x0F13
mem[X,0x00000000800017D2] -> 0x7FFF
[1529] [M]: 0x00000000800017D0 (0x7FFF0F13) addi t5, t5, 0x7ff
x30 <- 0x00000004000007FF

mem[X,0x00000000800017D4] -> 0x1F13
mem[X,0x00000000800017D6] -> 0x00BF
[1530] [M]: 0x00000000800017D4 (0x00BF1F13) slli t5, t5, 0xb
x30 <- 0x00002000003FF800

mem[X,0x00000000800017D8] -> 0x0F13
mem[X,0x00000000800017DA] -> 0x7FDF
[1531] [M]: 0x00000000800017D8 (0x7FDF0F13) addi t5, t5, 0x7fd
x30 <- 0x00002000003FFFFD

mem[X,0x00000000800017DC] -> 0x1F13
mem[X,0x00000000800017DE] -> 0x00AF
[1532] [M]: 0x00000000800017DC (0x00AF1F13) slli t5, t5, 0xa
x30 <- 0x00800000FFFFF400

mem[X,0x00000000800017E0] -> 0x0F13
mem[X,0x00000000800017E2] -> 0x3FFF
[1533] [M]: 0x00000000800017E0 (0x3FFF0F13) addi t5, t5, 0x3ff
x30 <- 0x00800000FFFFF7FF

mem[X,0x00000000800017E4] -> 0x0EB7
mem[X,0x00000000800017E6] -> 0x0001
[1534] [M]: 0x00000000800017E4 (0x00010EB7) lui t4, 0x10
x29 <- 0x0000000000010000

mem[X,0x00000000800017E8] -> 0x8E93
mem[X,0x00000000800017EA] -> 0x000E
[1535] [M]: 0x00000000800017E8 (0x000E8E93) addi t4, t4, 0x0
x29 <- 0x0000000000010000

mem[X,0x00000000800017EC] -> 0x9E93
mem[X,0x00000000800017EE] -> 0x00BE
[1536] [M]: 0x00000000800017EC (0x00BE9E93) slli t4, t4, 0xb
x29 <- 0x0000000008000000

mem[X,0x00000000800017F0] -> 0x8E93
mem[X,0x00000000800017F2] -> 0x000E
[1537] [M]: 0x00000000800017F0 (0x000E8E93) addi t4, t4, 0x0
x29 <- 0x0000000008000000

mem[X,0x00000000800017F4] -> 0x9E93
mem[X,0x00000000800017F6] -> 0x00BE
[1538] [M]: 0x00000000800017F4 (0x00BE9E93) slli t4, t4, 0xb
x29 <- 0x0000004000000000

mem[X,0x00000000800017F8] -> 0x8E93
mem[X,0x00000000800017FA] -> 0x000E
[1539] [M]: 0x00000000800017F8 (0x000E8E93) addi t4, t4, 0x0
x29 <- 0x0000004000000000

mem[X,0x00000000800017FC] -> 0x9E93
mem[X,0x00000000800017FE] -> 0x00AE
[1540] [M]: 0x00000000800017FC (0x00AE9E93) slli t4, t4, 0xa
x29 <- 0x0001000000000000

mem[X,0x0000000080001800] -> 0x8E93
mem[X,0x0000000080001802] -> 0x080E
[1541] [M]: 0x0000000080001800 (0x080E8E93) addi t4, t4, 0x80
x29 <- 0x0001000000000080

mem[X,0x0000000080001804] -> 0x2F9B
mem[X,0x0000000080001806] -> 0xEBDF
[1542] [M]: 0x0000000080001804 (0xEBDF2F9B) pssha.w.w0 t6, t5, t4
x31 <- 0x00800000FFFFF7FF

mem[X,0x0000000080001808] -> 0xB023
mem[X,0x000000008000180A] -> 0x1DF0
[1543] [M]: 0x0000000080001808 (0x1DF0B023) sd t6, 0x1c0(ra)
mem[0x00000000800053D0] <- 0x00800000FFFFF7FF

mem[X,0x000000008000180C] -> 0x0F37
mem[X,0x000000008000180E] -> 0x0800
[1544] [M]: 0x000000008000180C (0x08000F37) lui t5, 0x8000
x30 <- 0x0000000008000000

mem[X,0x0000000080001810] -> 0x0F13
mem[X,0x0000000080001812] -> 0x000F
[1545] [M]: 0x0000000080001810 (0x000F0F13) addi t5, t5, 0x0
x30 <- 0x0000000008000000

mem[X,0x0000000080001814] -> 0x1F13
mem[X,0x0000000080001816] -> 0x00BF
[1546] [M]: 0x0000000080001814 (0x00BF1F13) slli t5, t5, 0xb
x30 <- 0x0000004000000000

mem[X,0x0000000080001818] -> 0x0F13
mem[X,0x000000008000181A] -> 0x000F
[1547] [M]: 0x0000000080001818 (0x000F0F13) addi t5, t5, 0x0
x30 <- 0x0000004000000000

mem[X,0x000000008000181C] -> 0x1F13
mem[X,0x000000008000181E] -> 0x00BF
[1548] [M]: 0x000000008000181C (0x00BF1F13) slli t5, t5, 0xb
x30 <- 0x0002000000000000

mem[X,0x0000000080001820] -> 0x0F13
mem[X,0x0000000080001822] -> 0x200F
[1549] [M]: 0x0000000080001820 (0x200F0F13) addi t5, t5, 0x200
x30 <- 0x0002000000000200

mem[X,0x0000000080001824] -> 0x1F13
mem[X,0x0000000080001826] -> 0x00AF
[1550] [M]: 0x0000000080001824 (0x00AF1F13) slli t5, t5, 0xa
x30 <- 0x0800000000080000

mem[X,0x0000000080001828] -> 0x0EB7
mem[X,0x000000008000182A] -> 0x0000
[1551] [M]: 0x0000000080001828 (0x00000EB7) lui t4, 0x0
x29 <- 0x0000000000000000

mem[X,0x000000008000182C] -> 0x8E93
mem[X,0x000000008000182E] -> 0xFFDE
[1552] [M]: 0x000000008000182C (0xFFDE8E93) addi t4, t4, -0x3
x29 <- 0xFFFFFFFFFFFFFFFD

mem[X,0x0000000080001830] -> 0x9E93
mem[X,0x0000000080001832] -> 0x00BE
[1553] [M]: 0x0000000080001830 (0x00BE9E93) slli t4, t4, 0xb
x29 <- 0xFFFFFFFFFFFFE800

mem[X,0x0000000080001834] -> 0x8E93
mem[X,0x0000000080001836] -> 0x080E
[1554] [M]: 0x0000000080001834 (0x080E8E93) addi t4, t4, 0x80
x29 <- 0xFFFFFFFFFFFFE880

mem[X,0x0000000080001838] -> 0x9E93
mem[X,0x000000008000183A] -> 0x00BE
[1555] [M]: 0x0000000080001838 (0x00BE9E93) slli t4, t4, 0xb
x29 <- 0xFFFFFFFFFF440000

mem[X,0x000000008000183C] -> 0x8E93
mem[X,0x000000008000183E] -> 0x000E
[1556] [M]: 0x000000008000183C (0x000E8E93) addi t4, t4, 0x0
x29 <- 0xFFFFFFFFFF440000

mem[X,0x0000000080001840] -> 0x9E93
mem[X,0x0000000080001842] -> 0x00AE
[1557] [M]: 0x0000000080001840 (0x00AE9E93) slli t4, t4, 0xa
x29 <- 0xFFFFFFFD10000000

mem[X,0x0000000080001844] -> 0x2F9B
mem[X,0x0000000080001846] -> 0xEBDF
[1558] [M]: 0x0000000080001844 (0xEBDF2F9B) pssha.w.w0 t6, t5, t4
x31 <- 0x0800000000080000

mem[X,0x0000000080001848] -> 0xB423
mem[X,0x000000008000184A] -> 0x1DF0
[1559] [M]: 0x0000000080001848 (0x1DF0B423) sd t6, 0x1c8(ra)
mem[0x00000000800053D8] <- 0x0800000000080000

mem[X,0x000000008000184C] -> 0x0F37
mem[X,0x000000008000184E] -> 0x1000
[1560] [M]: 0x000000008000184C (0x10000F37) lui t5, 0x10000
x30 <- 0x0000000010000000

mem[X,0x0000000080001850] -> 0x0F13
mem[X,0x0000000080001852] -> 0x000F
[1561] [M]: 0x0000000080001850 (0x000F0F13) addi t5, t5, 0x0
x30 <- 0x0000000010000000

mem[X,0x0000000080001854] -> 0x1F13
mem[X,0x0000000080001856] -> 0x00BF
[1562] [M]: 0x0000000080001854 (0x00BF1F13) slli t5, t5, 0xb
x30 <- 0x0000008000000000

mem[X,0x0000000080001858] -> 0x0F13
mem[X,0x000000008000185A] -> 0x000F
[1563] [M]: 0x0000000080001858 (0x000F0F13) addi t5, t5, 0x0
x30 <- 0x0000008000000000

mem[X,0x000000008000185C] -> 0x1F13
mem[X,0x000000008000185E] -> 0x00BF
[1564] [M]: 0x000000008000185C (0x00BF1F13) slli t5, t5, 0xb
x30 <- 0x0004000000000000

mem[X,0x0000000080001860] -> 0x0F13
mem[X,0x0000000080001862] -> 0x000F
[1565] [M]: 0x0000000080001860 (0x000F0F13) addi t5, t5, 0x0
x30 <- 0x0004000000000000

mem[X,0x0000000080001864] -> 0x1F13
mem[X,0x0000000080001866] -> 0x00AF
[1566] [M]: 0x0000000080001864 (0x00AF1F13) slli t5, t5, 0xa
x30 <- 0x1000000000000000

mem[X,0x0000000080001868] -> 0x0F13
mem[X,0x000000008000186A] -> 0x008F
[1567] [M]: 0x0000000080001868 (0x008F0F13) addi t5, t5, 0x8
x30 <- 0x1000000000000008

mem[X,0x000000008000186C] -> 0x0EB7
mem[X,0x000000008000186E] -> 0xC000
[1568] [M]: 0x000000008000186C (0xC0000EB7) lui t4, -0x40000
x29 <- 0xFFFFFFFFC0000000

mem[X,0x0000000080001870] -> 0x8E93
mem[X,0x0000000080001872] -> 0xFFFE
[1569] [M]: 0x0000000080001870 (0xFFFE8E93) addi t4, t4, -0x1
x29 <- 0xFFFFFFFFBFFFFFFF

mem[X,0x0000000080001874] -> 0x9E93
mem[X,0x0000000080001876] -> 0x00BE
[1570] [M]: 0x0000000080001874 (0x00BE9E93) slli t4, t4, 0xb
x29 <- 0xFFFFFDFFFFFFF800

mem[X,0x0000000080001878] -> 0x8E93
mem[X,0x000000008000187A] -> 0x000E
[1571] [M]: 0x0000000080001878 (0x000E8E93) addi t4, t4, 0x0
x29 <- 0xFFFFFDFFFFFFF800

mem[X,0x000000008000187C] -> 0x9E93
mem[X,0x000000008000187E] -> 0x00BE
[1572] [M]: 0x000000008000187C (0x00BE9E93) slli t4, t4, 0xb
x29 <- 0xFFEFFFFFFFC00000

mem[X,0x0000000080001880] -> 0x8E93
mem[X,0x0000000080001882] -> 0x000E
[1573] [M]: 0x0000000080001880 (0x000E8E93) addi t4, t4, 0x0
x29 <- 0xFFEFFFFFFFC00000

mem[X,0x0000000080001884] -> 0x9E93
mem[X,0x0000000080001886] -> 0x00AE
[1574] [M]: 0x0000000080001884 (0x00AE9E93) slli t4, t4, 0xa
x29 <- 0xBFFFFFFF00000000

mem[X,0x0000000080001888] -> 0x8E93
mem[X,0x000000008000188A] -> 0x200E
[1575] [M]: 0x0000000080001888 (0x200E8E93) addi t4, t4, 0x200
x29 <- 0xBFFFFFFF00000200

mem[X,0x000000008000188C] -> 0x2F9B
mem[X,0x000000008000188E] -> 0xEBDF
[1576] [M]: 0x000000008000188C (0xEBDF2F9B) pssha.w.w0 t6, t5, t4
x31 <- 0x1000000000000008

mem[X,0x0000000080001890] -> 0xB823
mem[X,0x0000000080001892] -> 0x1DF0
[1577] [M]: 0x0000000080001890 (0x1DF0B823) sd t6, 0x1d0(ra)
mem[0x00000000800053E0] <- 0x1000000000000008

mem[X,0x0000000080001894] -> 0x0F37
mem[X,0x0000000080001896] -> 0x2000
[1578] [M]: 0x0000000080001894 (0x20000F37) lui t5, 0x20000
x30 <- 0x0000000020000000

mem[X,0x0000000080001898] -> 0x0F13
mem[X,0x000000008000189A] -> 0x000F
[1579] [M]: 0x0000000080001898 (0x000F0F13) addi t5, t5, 0x0
x30 <- 0x0000000020000000

mem[X,0x000000008000189C] -> 0x1F13
mem[X,0x000000008000189E] -> 0x00BF
[1580] [M]: 0x000000008000189C (0x00BF1F13) slli t5, t5, 0xb
x30 <- 0x0000010000000000

mem[X,0x00000000800018A0] -> 0x0F13
mem[X,0x00000000800018A2] -> 0x000F
[1581] [M]: 0x00000000800018A0 (0x000F0F13) addi t5, t5, 0x0
x30 <- 0x0000010000000000

mem[X,0x00000000800018A4] -> 0x1F13
mem[X,0x00000000800018A6] -> 0x00BF
[1582] [M]: 0x00000000800018A4 (0x00BF1F13) slli t5, t5, 0xb
x30 <- 0x0008000000000000

mem[X,0x00000000800018A8] -> 0x0F13
mem[X,0x00000000800018AA] -> 0x001F
[1583] [M]: 0x00000000800018A8 (0x001F0F13) addi t5, t5, 0x1
x30 <- 0x0008000000000001

mem[X,0x00000000800018AC] -> 0x1F13
mem[X,0x00000000800018AE] -> 0x00AF
[1584] [M]: 0x00000000800018AC (0x00AF1F13) slli t5, t5, 0xa
x30 <- 0x2000000000000400

mem[X,0x00000000800018B0] -> 0xEEB7
mem[X,0x00000000800018B2] -> 0xFFFF
[1585] [M]: 0x00000000800018B0 (0xFFFFEEB7) lui t4, -0x2
x29 <- 0xFFFFFFFFFFFFE000

mem[X,0x00000000800018B4] -> 0x8E93
mem[X,0x00000000800018B6] -> 0xFFFE
[1586] [M]: 0x00000000800018B4 (0xFFFE8E93) addi t4, t4, -0x1
x29 <- 0xFFFFFFFFFFFFDFFF

mem[X,0x00000000800018B8] -> 0x9E93
mem[X,0x00000000800018BA] -> 0x00BE
[1587] [M]: 0x00000000800018B8 (0x00BE9E93) slli t4, t4, 0xb
x29 <- 0xFFFFFFFFFEFFF800

mem[X,0x00000000800018BC] -> 0x8E93
mem[X,0x00000000800018BE] -> 0x200E
[1588] [M]: 0x00000000800018BC (0x200E8E93) addi t4, t4, 0x200
x29 <- 0xFFFFFFFFFEFFFA00

mem[X,0x00000000800018C0] -> 0x9E93
mem[X,0x00000000800018C2] -> 0x00BE
[1589] [M]: 0x00000000800018C0 (0x00BE9E93) slli t4, t4, 0xb
x29 <- 0xFFFFFFF7FFD00000

mem[X,0x00000000800018C4] -> 0x8E93
mem[X,0x00000000800018C6] -> 0x000E
[1590] [M]: 0x00000000800018C4 (0x000E8E93) addi t4, t4, 0x0
x29 <- 0xFFFFFFF7FFD00000

mem[X,0x00000000800018C8] -> 0x9E93
mem[X,0x00000000800018CA] -> 0x00AE
[1591] [M]: 0x00000000800018C8 (0x00AE9E93) slli t4, t4, 0xa
x29 <- 0xFFFFDFFF40000000

mem[X,0x00000000800018CC] -> 0x2F9B
mem[X,0x00000000800018CE] -> 0xEBDF
[1592] [M]: 0x00000000800018CC (0xEBDF2F9B) pssha.w.w0 t6, t5, t4
x31 <- 0x2000000000000400

mem[X,0x00000000800018D0] -> 0xBC23
mem[X,0x00000000800018D2] -> 0x1DF0
[1593] [M]: 0x00000000800018D0 (0x1DF0BC23) sd t6, 0x1d8(ra)
mem[0x00000000800053E8] <- 0x2000000000000400

mem[X,0x00000000800018D4] -> 0x0F37
mem[X,0x00000000800018D6] -> 0x0000
[1594] [M]: 0x00000000800018D4 (0x00000F37) lui t5, 0x0
x30 <- 0x0000000000000000

mem[X,0x00000000800018D8] -> 0x0F13
mem[X,0x00000000800018DA] -> 0xFFBF
[1595] [M]: 0x00000000800018D8 (0xFFBF0F13) addi t5, t5, -0x5
x30 <- 0xFFFFFFFFFFFFFFFB

mem[X,0x00000000800018DC] -> 0x1F13
mem[X,0x00000000800018DE] -> 0x00BF
[1596] [M]: 0x00000000800018DC (0x00BF1F13) slli t5, t5, 0xb
x30 <- 0xFFFFFFFFFFFFD800

mem[X,0x00000000800018E0] -> 0x0F13
mem[X,0x00000000800018E2] -> 0x000F
[1597] [M]: 0x00000000800018E0 (0x000F0F13) addi t5, t5, 0x0
x30 <- 0xFFFFFFFFFFFFD800

mem[X,0x00000000800018E4] -> 0x1F13
mem[X,0x00000000800018E6] -> 0x00BF
[1598] [M]: 0x00000000800018E4 (0x00BF1F13) slli t5, t5, 0xb
x30 <- 0xFFFFFFFFFEC00000

mem[X,0x00000000800018E8] -> 0x0F13
mem[X,0x00000000800018EA] -> 0x008F
[1599] [M]: 0x00000000800018E8 (0x008F0F13) addi t5, t5, 0x8
x30 <- 0xFFFFFFFFFEC00008

clint::tick mtime <- 0x0000000000000010
 clint timer pending at mtime 0x0000000000000010
htif::tick 0x0000000000000000
mem[X,0x00000000800018EC] -> 0x1F13
mem[X,0x00000000800018EE] -> 0x00AF
[1600] [M]: 0x00000000800018EC (0x00AF1F13) slli t5, t5, 0xa
x30 <- 0xFFFFFFFB00002000

mem[X,0x00000000800018F0] -> 0x0EB7
mem[X,0x00000000800018F2] -> 0x4000
[1601] [M]: 0x00000000800018F0 (0x40000EB7) lui t4, 0x40000
x29 <- 0x0000000040000000

mem[X,0x00000000800018F4] -> 0x8E93
mem[X,0x00000000800018F6] -> 0x000E
[1602] [M]: 0x00000000800018F4 (0x000E8E93) addi t4, t4, 0x0
x29 <- 0x0000000040000000

mem[X,0x00000000800018F8] -> 0x9E93
mem[X,0x00000000800018FA] -> 0x00BE
[1603] [M]: 0x00000000800018F8 (0x00BE9E93) slli t4, t4, 0xb
x29 <- 0x0000020000000000

mem[X,0x00000000800018FC] -> 0x8E93
mem[X,0x00000000800018FE] -> 0x7FFE
[1604] [M]: 0x00000000800018FC (0x7FFE8E93) addi t4, t4, 0x7ff
x29 <- 0x00000200000007FF

mem[X,0x0000000080001900] -> 0x9E93
mem[X,0x0000000080001902] -> 0x00BE
[1605] [M]: 0x0000000080001900 (0x00BE9E93) slli t4, t4, 0xb
x29 <- 0x00100000003FF800

mem[X,0x0000000080001904] -> 0x8E93
mem[X,0x0000000080001906] -> 0x7FFE
[1606] [M]: 0x0000000080001904 (0x7FFE8E93) addi t4, t4, 0x7ff
x29 <- 0x00100000003FFFFF

mem[X,0x0000000080001908] -> 0x9E93
mem[X,0x000000008000190A] -> 0x00AE
[1607] [M]: 0x0000000080001908 (0x00AE9E93) slli t4, t4, 0xa
x29 <- 0x40000000FFFFFC00

mem[X,0x000000008000190C] -> 0x8E93
mem[X,0x000000008000190E] -> 0x3EFE
[1608] [M]: 0x000000008000190C (0x3EFE8E93) addi t4, t4, 0x3ef
x29 <- 0x40000000FFFFFFEF

mem[X,0x0000000080001910] -> 0x2F9B
mem[X,0x0000000080001912] -> 0xEBDF
[1609] [M]: 0x0000000080001910 (0xEBDF2F9B) pssha.w.w0 t6, t5, t4
x31 <- 0xFFFFFFFF00000000

mem[X,0x0000000080001914] -> 0xB023
mem[X,0x0000000080001916] -> 0x1FF0
[1610] [M]: 0x0000000080001914 (0x1FF0B023) sd t6, 0x1e0(ra)
mem[0x00000000800053F0] <- 0xFFFFFFFF00000000

mem[X,0x0000000080001918] -> 0x0F37
mem[X,0x000000008000191A] -> 0x0000
[1611] [M]: 0x0000000080001918 (0x00000F37) lui t5, 0x0
x30 <- 0x0000000000000000

mem[X,0x000000008000191C] -> 0x0F13
mem[X,0x000000008000191E] -> 0xFF7F
[1612] [M]: 0x000000008000191C (0xFF7F0F13) addi t5, t5, -0x9
x30 <- 0xFFFFFFFFFFFFFFF7

mem[X,0x0000000080001920] -> 0x1F13
mem[X,0x0000000080001922] -> 0x00BF
[1613] [M]: 0x0000000080001920 (0x00BF1F13) slli t5, t5, 0xb
x30 <- 0xFFFFFFFFFFFFB800

mem[X,0x0000000080001924] -> 0x0F13
mem[X,0x0000000080001926] -> 0x000F
[1614] [M]: 0x0000000080001924 (0x000F0F13) addi t5, t5, 0x0
x30 <- 0xFFFFFFFFFFFFB800

mem[X,0x0000000080001928] -> 0x1F13
mem[X,0x000000008000192A] -> 0x00BF
[1615] [M]: 0x0000000080001928 (0x00BF1F13) slli t5, t5, 0xb
x30 <- 0xFFFFFFFFFDC00000

mem[X,0x000000008000192C] -> 0x0F13
mem[X,0x000000008000192E] -> 0x000F
[1616] [M]: 0x000000008000192C (0x000F0F13) addi t5, t5, 0x0
x30 <- 0xFFFFFFFFFDC00000

mem[X,0x0000000080001930] -> 0x1F13
mem[X,0x0000000080001932] -> 0x00AF
[1617] [M]: 0x0000000080001930 (0x00AF1F13) slli t5, t5, 0xa
x30 <- 0xFFFFFFF700000000

mem[X,0x0000000080001934] -> 0x0F13
mem[X,0x0000000080001936] -> 0x080F
[1618] [M]: 0x0000000080001934 (0x080F0F13) addi t5, t5, 0x80
x30 <- 0xFFFFFFF700000080

mem[X,0x0000000080001938] -> 0x0EB7
mem[X,0x000000008000193A] -> 0x0000
[1619] [M]: 0x0000000080001938 (0x00000EB7) lui t4, 0x0
x29 <- 0x0000000000000000

mem[X,0x000000008000193C] -> 0x8E93
mem[X,0x000000008000193E] -> 0xBFFE
[1620] [M]: 0x000000008000193C (0xBFFE8E93) addi t4, t4, -0x401
x29 <- 0xFFFFFFFFFFFFFBFF

mem[X,0x0000000080001940] -> 0x9E93
mem[X,0x0000000080001942] -> 0x00BE
[1621] [M]: 0x0000000080001940 (0x00BE9E93) slli t4, t4, 0xb
x29 <- 0xFFFFFFFFFFDFF800

mem[X,0x0000000080001944] -> 0x8E93
mem[X,0x0000000080001946] -> 0x600E
[1622] [M]: 0x0000000080001944 (0x600E8E93) addi t4, t4, 0x600
x29 <- 0xFFFFFFFFFFDFFE00

mem[X,0x0000000080001948] -> 0x9E93
mem[X,0x000000008000194A] -> 0x00BE
[1623] [M]: 0x0000000080001948 (0x00BE9E93) slli t4, t4, 0xb
x29 <- 0xFFFFFFFEFFF00000

mem[X,0x000000008000194C] -> 0x8E93
mem[X,0x000000008000194E] -> 0x000E
[1624] [M]: 0x000000008000194C (0x000E8E93) addi t4, t4, 0x0
x29 <- 0xFFFFFFFEFFF00000

mem[X,0x0000000080001950] -> 0x9E93
mem[X,0x0000000080001952] -> 0x00AE
[1625] [M]: 0x0000000080001950 (0x00AE9E93) slli t4, t4, 0xa
x29 <- 0xFFFFFBFFC0000000

mem[X,0x0000000080001954] -> 0x2F9B
mem[X,0x0000000080001956] -> 0xEBDF
[1626] [M]: 0x0000000080001954 (0xEBDF2F9B) pssha.w.w0 t6, t5, t4
x31 <- 0xFFFFFFF700000080

mem[X,0x0000000080001958] -> 0xB423
mem[X,0x000000008000195A] -> 0x1FF0
[1627] [M]: 0x0000000080001958 (0x1FF0B423) sd t6, 0x1e8(ra)
mem[0x00000000800053F8] <- 0xFFFFFFF700000080

mem[X,0x000000008000195C] -> 0x0F37
mem[X,0x000000008000195E] -> 0xE000
[1628] [M]: 0x000000008000195C (0xE0000F37) lui t5, -0x20000
x30 <- 0xFFFFFFFFE0000000

mem[X,0x0000000080001960] -> 0x0F13
mem[X,0x0000000080001962] -> 0xFFFF
[1629] [M]: 0x0000000080001960 (0xFFFF0F13) addi t5, t5, -0x1
x30 <- 0xFFFFFFFFDFFFFFFF

mem[X,0x0000000080001964] -> 0x1F13
mem[X,0x0000000080001966] -> 0x00BF
[1630] [M]: 0x0000000080001964 (0x00BF1F13) slli t5, t5, 0xb
x30 <- 0xFFFFFEFFFFFFF800

mem[X,0x0000000080001968] -> 0x0F13
mem[X,0x000000008000196A] -> 0x7FFF
[1631] [M]: 0x0000000080001968 (0x7FFF0F13) addi t5, t5, 0x7ff
x30 <- 0xFFFFFEFFFFFFFFFF

mem[X,0x000000008000196C] -> 0x1F13
mem[X,0x000000008000196E] -> 0x00BF
[1632] [M]: 0x000000008000196C (0x00BF1F13) slli t5, t5, 0xb
x30 <- 0xFFF7FFFFFFFFF800

mem[X,0x0000000080001970] -> 0x0F13
mem[X,0x0000000080001972] -> 0x7FEF
[1633] [M]: 0x0000000080001970 (0x7FEF0F13) addi t5, t5, 0x7fe
x30 <- 0xFFF7FFFFFFFFFFFE

mem[X,0x0000000080001974] -> 0x1F13
mem[X,0x0000000080001976] -> 0x00AF
[1634] [M]: 0x0000000080001974 (0x00AF1F13) slli t5, t5, 0xa
x30 <- 0xDFFFFFFFFFFFF800

mem[X,0x0000000080001978] -> 0x0F13
mem[X,0x000000008000197A] -> 0x3FFF
[1635] [M]: 0x0000000080001978 (0x3FFF0F13) addi t5, t5, 0x3ff
x30 <- 0xDFFFFFFFFFFFFBFF

mem[X,0x000000008000197C] -> 0x0E93
mem[X,0x000000008000197E] -> 0xFFF0
[1636] [M]: 0x000000008000197C (0xFFF00E93) addi t4, zero, -0x1
x29 <- 0xFFFFFFFFFFFFFFFF

mem[X,0x0000000080001980] -> 0xDE93
mem[X,0x0000000080001982] -> 0x021E
[1637] [M]: 0x0000000080001980 (0x021EDE93) srli t4, t4, 0x21
x29 <- 0x000000007FFFFFFF

mem[X,0x0000000080001984] -> 0x9E93
mem[X,0x0000000080001986] -> 0x001E
[1638] [M]: 0x0000000080001984 (0x001E9E93) slli t4, t4, 0x1
x29 <- 0x00000000FFFFFFFE

mem[X,0x0000000080001988] -> 0xCE93
mem[X,0x000000008000198A] -> 0xFFFE
[1639] [M]: 0x0000000080001988 (0xFFFECE93) xori t4, t4, -0x1
x29 <- 0xFFFFFFFF00000001

mem[X,0x000000008000198C] -> 0x2F9B
mem[X,0x000000008000198E] -> 0xEBDF
[1640] [M]: 0x000000008000198C (0xEBDF2F9B) pssha.w.w0 t6, t5, t4
x31 <- 0xBFFFFFFEFFFFF7FE

mem[X,0x0000000080001990] -> 0xB823
mem[X,0x0000000080001992] -> 0x1FF0
[1641] [M]: 0x0000000080001990 (0x1FF0B823) sd t6, 0x1f0(ra)
mem[0x0000000080005400] <- 0xBFFFFFFEFFFFF7FE

mem[X,0x0000000080001994] -> 0x0F37
mem[X,0x0000000080001996] -> 0xC000
[1642] [M]: 0x0000000080001994 (0xC0000F37) lui t5, -0x40000
x30 <- 0xFFFFFFFFC0000000

mem[X,0x0000000080001998] -> 0x0F13
mem[X,0x000000008000199A] -> 0xFFFF
[1643] [M]: 0x0000000080001998 (0xFFFF0F13) addi t5, t5, -0x1
x30 <- 0xFFFFFFFFBFFFFFFF

mem[X,0x000000008000199C] -> 0x1F13
mem[X,0x000000008000199E] -> 0x00BF
[1644] [M]: 0x000000008000199C (0x00BF1F13) slli t5, t5, 0xb
x30 <- 0xFFFFFDFFFFFFF800

mem[X,0x00000000800019A0] -> 0x0F13
mem[X,0x00000000800019A2] -> 0x000F
[1645] [M]: 0x00000000800019A0 (0x000F0F13) addi t5, t5, 0x0
x30 <- 0xFFFFFDFFFFFFF800

mem[X,0x00000000800019A4] -> 0x1F13
mem[X,0x00000000800019A6] -> 0x00BF
[1646] [M]: 0x00000000800019A4 (0x00BF1F13) slli t5, t5, 0xb
x30 <- 0xFFEFFFFFFFC00000

mem[X,0x00000000800019A8] -> 0x0F13
mem[X,0x00000000800019AA] -> 0x400F
[1647] [M]: 0x00000000800019A8 (0x400F0F13) addi t5, t5, 0x400
x30 <- 0xFFEFFFFFFFC00400

mem[X,0x00000000800019AC] -> 0x1F13
mem[X,0x00000000800019AE] -> 0x00AF
[1648] [M]: 0x00000000800019AC (0x00AF1F13) slli t5, t5, 0xa
x30 <- 0xBFFFFFFF00100000

mem[X,0x00000000800019B0] -> 0x0EB7
mem[X,0x00000000800019B2] -> 0xFFF8
[1649] [M]: 0x00000000800019B0 (0xFFF80EB7) lui t4, -0x80
x29 <- 0xFFFFFFFFFFF80000

mem[X,0x00000000800019B4] -> 0x8E93
mem[X,0x00000000800019B6] -> 0xFFFE
[1650] [M]: 0x00000000800019B4 (0xFFFE8E93) addi t4, t4, -0x1
x29 <- 0xFFFFFFFFFFF7FFFF

mem[X,0x00000000800019B8] -> 0x9E93
mem[X,0x00000000800019BA] -> 0x00BE
[1651] [M]: 0x00000000800019B8 (0x00BE9E93) slli t4, t4, 0xb
x29 <- 0xFFFFFFFFBFFFF800

mem[X,0x00000000800019BC] -> 0x8E93
mem[X,0x00000000800019BE] -> 0x001E
[1652] [M]: 0x00000000800019BC (0x001E8E93) addi t4, t4, 0x1
x29 <- 0xFFFFFFFFBFFFF801

mem[X,0x00000000800019C0] -> 0x9E93
mem[X,0x00000000800019C2] -> 0x00BE
[1653] [M]: 0x00000000800019C0 (0x00BE9E93) slli t4, t4, 0xb
x29 <- 0xFFFFFDFFFFC00800

mem[X,0x00000000800019C4] -> 0x8E93
mem[X,0x00000000800019C6] -> 0x000E
[1654] [M]: 0x00000000800019C4 (0x000E8E93) addi t4, t4, 0x0
x29 <- 0xFFFFFDFFFFC00800

mem[X,0x00000000800019C8] -> 0x9E93
mem[X,0x00000000800019CA] -> 0x00AE
[1655] [M]: 0x00000000800019C8 (0x00AE9E93) slli t4, t4, 0xa
x29 <- 0xFFF7FFFF00200000

mem[X,0x00000000800019CC] -> 0x2F9B
mem[X,0x00000000800019CE] -> 0xEBDF
[1656] [M]: 0x00000000800019CC (0xEBDF2F9B) pssha.w.w0 t6, t5, t4
x31 <- 0xBFFFFFFF00100000

mem[X,0x00000000800019D0] -> 0xBC23
mem[X,0x00000000800019D2] -> 0x1FF0
[1657] [M]: 0x00000000800019D0 (0x1FF0BC23) sd t6, 0x1f8(ra)
mem[0x0000000080005408] <- 0xBFFFFFFF00100000

mem[X,0x00000000800019D4] -> 0x5F37
mem[X,0x00000000800019D6] -> 0x5555
[1658] [M]: 0x00000000800019D4 (0x55555F37) lui t5, 0x55555
x30 <- 0x0000000055555000

mem[X,0x00000000800019D8] -> 0x0F13
mem[X,0x00000000800019DA] -> 0x555F
[1659] [M]: 0x00000000800019D8 (0x555F0F13) addi t5, t5, 0x555
x30 <- 0x0000000055555555

mem[X,0x00000000800019DC] -> 0x1F13
mem[X,0x00000000800019DE] -> 0x00BF
[1660] [M]: 0x00000000800019DC (0x00BF1F13) slli t5, t5, 0xb
x30 <- 0x000002AAAAAAA800

mem[X,0x00000000800019E0] -> 0x0F13
mem[X,0x00000000800019E2] -> 0x7DFF
[1661] [M]: 0x00000000800019E0 (0x7DFF0F13) addi t5, t5, 0x7df
x30 <- 0x000002AAAAAAAFDF

mem[X,0x00000000800019E4] -> 0x1F13
mem[X,0x00000000800019E6] -> 0x00BF
[1662] [M]: 0x00000000800019E4 (0x00BF1F13) slli t5, t5, 0xb
x30 <- 0x00155555557EF800

mem[X,0x00000000800019E8] -> 0x0F13
mem[X,0x00000000800019EA] -> 0x7FFF
[1663] [M]: 0x00000000800019E8 (0x7FFF0F13) addi t5, t5, 0x7ff
x30 <- 0x00155555557EFFFF

mem[X,0x00000000800019EC] -> 0x1F13
mem[X,0x00000000800019EE] -> 0x00AF
[1664] [M]: 0x00000000800019EC (0x00AF1F13) slli t5, t5, 0xa
x30 <- 0x55555555FBFFFC00

mem[X,0x00000000800019F0] -> 0x0F13
mem[X,0x00000000800019F2] -> 0x3FFF
[1665] [M]: 0x00000000800019F0 (0x3FFF0F13) addi t5, t5, 0x3ff
x30 <- 0x55555555FBFFFFFF

mem[X,0x00000000800019F4] -> 0x0EB7
mem[X,0x00000000800019F6] -> 0x4000
[1666] [M]: 0x00000000800019F4 (0x40000EB7) lui t4, 0x40000
x29 <- 0x0000000040000000

mem[X,0x00000000800019F8] -> 0x8E93
mem[X,0x00000000800019FA] -> 0xFFFE
[1667] [M]: 0x00000000800019F8 (0xFFFE8E93) addi t4, t4, -0x1
x29 <- 0x000000003FFFFFFF

mem[X,0x00000000800019FC] -> 0x9E93
mem[X,0x00000000800019FE] -> 0x00BE
[1668] [M]: 0x00000000800019FC (0x00BE9E93) slli t4, t4, 0xb
x29 <- 0x000001FFFFFFF800

mem[X,0x0000000080001A00] -> 0x8E93
mem[X,0x0000000080001A02] -> 0x000E
[1669] [M]: 0x0000000080001A00 (0x000E8E93) addi t4, t4, 0x0
x29 <- 0x000001FFFFFFF800

mem[X,0x0000000080001A04] -> 0x9E93
mem[X,0x0000000080001A06] -> 0x00BE
[1670] [M]: 0x0000000080001A04 (0x00BE9E93) slli t4, t4, 0xb
x29 <- 0x000FFFFFFFC00000

mem[X,0x0000000080001A08] -> 0x8E93
mem[X,0x0000000080001A0A] -> 0x001E
[1671] [M]: 0x0000000080001A08 (0x001E8E93) addi t4, t4, 0x1
x29 <- 0x000FFFFFFFC00001

mem[X,0x0000000080001A0C] -> 0x9E93
mem[X,0x0000000080001A0E] -> 0x00AE
[1672] [M]: 0x0000000080001A0C (0x00AE9E93) slli t4, t4, 0xa
x29 <- 0x3FFFFFFF00000400

mem[X,0x0000000080001A10] -> 0x2F9B
mem[X,0x0000000080001A12] -> 0xEBDF
[1673] [M]: 0x0000000080001A10 (0xEBDF2F9B) pssha.w.w0 t6, t5, t4
x31 <- 0x55555555FBFFFFFF

mem[X,0x0000000080001A14] -> 0xB023
mem[X,0x0000000080001A16] -> 0x21F0
[1674] [M]: 0x0000000080001A14 (0x21F0B023) sd t6, 0x200(ra)
mem[0x0000000080005410] <- 0x55555555FBFFFFFF

mem[X,0x0000000080001A18] -> 0x0F37
mem[X,0x0000000080001A1A] -> 0x0000
[1675] [M]: 0x0000000080001A18 (0x00000F37) lui t5, 0x0
x30 <- 0x0000000000000000

mem[X,0x0000000080001A1C] -> 0x0F13
mem[X,0x0000000080001A1E] -> 0x200F
[1676] [M]: 0x0000000080001A1C (0x200F0F13) addi t5, t5, 0x200
x30 <- 0x0000000000000200

mem[X,0x0000000080001A20] -> 0x1F13
mem[X,0x0000000080001A22] -> 0x00BF
[1677] [M]: 0x0000000080001A20 (0x00BF1F13) slli t5, t5, 0xb
x30 <- 0x0000000000100000

mem[X,0x0000000080001A24] -> 0x0F13
mem[X,0x0000000080001A26] -> 0x000F
[1678] [M]: 0x0000000080001A24 (0x000F0F13) addi t5, t5, 0x0
x30 <- 0x0000000000100000

mem[X,0x0000000080001A28] -> 0x1F13
mem[X,0x0000000080001A2A] -> 0x00BF
[1679] [M]: 0x0000000080001A28 (0x00BF1F13) slli t5, t5, 0xb
x30 <- 0x0000000080000000

mem[X,0x0000000080001A2C] -> 0x0F13
mem[X,0x0000000080001A2E] -> 0x000F
[1680] [M]: 0x0000000080001A2C (0x000F0F13) addi t5, t5, 0x0
x30 <- 0x0000000080000000

mem[X,0x0000000080001A30] -> 0x1F13
mem[X,0x0000000080001A32] -> 0x00AF
[1681] [M]: 0x0000000080001A30 (0x00AF1F13) slli t5, t5, 0xa
x30 <- 0x0000020000000000

mem[X,0x0000000080001A34] -> 0x0F13
mem[X,0x0000000080001A36] -> 0x080F
[1682] [M]: 0x0000000080001A34 (0x080F0F13) addi t5, t5, 0x80
x30 <- 0x0000020000000080

mem[X,0x0000000080001A38] -> 0x0EB7
mem[X,0x0000000080001A3A] -> 0x2000
[1683] [M]: 0x0000000080001A38 (0x20000EB7) lui t4, 0x20000
x29 <- 0x0000000020000000

mem[X,0x0000000080001A3C] -> 0x8E93
mem[X,0x0000000080001A3E] -> 0x000E
[1684] [M]: 0x0000000080001A3C (0x000E8E93) addi t4, t4, 0x0
x29 <- 0x0000000020000000

mem[X,0x0000000080001A40] -> 0x9E93
mem[X,0x0000000080001A42] -> 0x00BE
[1685] [M]: 0x0000000080001A40 (0x00BE9E93) slli t4, t4, 0xb
x29 <- 0x0000010000000000

mem[X,0x0000000080001A44] -> 0x8E93
mem[X,0x0000000080001A46] -> 0x7FFE
[1686] [M]: 0x0000000080001A44 (0x7FFE8E93) addi t4, t4, 0x7ff
x29 <- 0x00000100000007FF

mem[X,0x0000000080001A48] -> 0x9E93
mem[X,0x0000000080001A4A] -> 0x00BE
[1687] [M]: 0x0000000080001A48 (0x00BE9E93) slli t4, t4, 0xb
x29 <- 0x00080000003FF800

mem[X,0x0000000080001A4C] -> 0x8E93
mem[X,0x0000000080001A4E] -> 0x7FFE
[1688] [M]: 0x0000000080001A4C (0x7FFE8E93) addi t4, t4, 0x7ff
x29 <- 0x00080000003FFFFF

mem[X,0x0000000080001A50] -> 0x9E93
mem[X,0x0000000080001A52] -> 0x00AE
[1689] [M]: 0x0000000080001A50 (0x00AE9E93) slli t4, t4, 0xa
x29 <- 0x20000000FFFFFC00

mem[X,0x0000000080001A54] -> 0x8E93
mem[X,0x0000000080001A56] -> 0x3FFE
[1690] [M]: 0x0000000080001A54 (0x3FFE8E93) addi t4, t4, 0x3ff
x29 <- 0x20000000FFFFFFFF

mem[X,0x0000000080001A58] -> 0x2F9B
mem[X,0x0000000080001A5A] -> 0xEBDF
[1691] [M]: 0x0000000080001A58 (0xEBDF2F9B) pssha.w.w0 t6, t5, t4
x31 <- 0x0000010000000040

mem[X,0x0000000080001A5C] -> 0xB423
mem[X,0x0000000080001A5E] -> 0x21F0
[1692] [M]: 0x0000000080001A5C (0x21F0B423) sd t6, 0x208(ra)
mem[0x0000000080005418] <- 0x0000010000000040

mem[X,0x0000000080001A60] -> 0x0F37
mem[X,0x0000000080001A62] -> 0x0000
[1693] [M]: 0x0000000080001A60 (0x00000F37) lui t5, 0x0
x30 <- 0x0000000000000000

mem[X,0x0000000080001A64] -> 0x0F13
mem[X,0x0000000080001A66] -> 0xFFCF
[1694] [M]: 0x0000000080001A64 (0xFFCF0F13) addi t5, t5, -0x4
x30 <- 0xFFFFFFFFFFFFFFFC

mem[X,0x0000000080001A68] -> 0x1F13
mem[X,0x0000000080001A6A] -> 0x00BF
[1695] [M]: 0x0000000080001A68 (0x00BF1F13) slli t5, t5, 0xb
x30 <- 0xFFFFFFFFFFFFE000

mem[X,0x0000000080001A6C] -> 0x0F13
mem[X,0x0000000080001A6E] -> 0x008F
[1696] [M]: 0x0000000080001A6C (0x008F0F13) addi t5, t5, 0x8
x30 <- 0xFFFFFFFFFFFFE008

mem[X,0x0000000080001A70] -> 0x1F13
mem[X,0x0000000080001A72] -> 0x00BF
[1697] [M]: 0x0000000080001A70 (0x00BF1F13) slli t5, t5, 0xb
x30 <- 0xFFFFFFFFFF004000

mem[X,0x0000000080001A74] -> 0x0F13
mem[X,0x0000000080001A76] -> 0x000F
[1698] [M]: 0x0000000080001A74 (0x000F0F13) addi t5, t5, 0x0
x30 <- 0xFFFFFFFFFF004000

mem[X,0x0000000080001A78] -> 0x1F13
mem[X,0x0000000080001A7A] -> 0x00AF
[1699] [M]: 0x0000000080001A78 (0x00AF1F13) slli t5, t5, 0xa
x30 <- 0xFFFFFFFC01000000

clint::tick mtime <- 0x0000000000000011
 clint timer pending at mtime 0x0000000000000011
htif::tick 0x0000000000000000
mem[X,0x0000000080001A7C] -> 0x0E93
mem[X,0x0000000080001A7E] -> 0x0010
[1700] [M]: 0x0000000080001A7C (0x00100E93) addi t4, zero, 0x1
x29 <- 0x0000000000000001

mem[X,0x0000000080001A80] -> 0x9E93
mem[X,0x0000000080001A82] -> 0x023E
[1701] [M]: 0x0000000080001A80 (0x023E9E93) slli t4, t4, 0x23
x29 <- 0x0000000800000000

mem[X,0x0000000080001A84] -> 0x2F9B
mem[X,0x0000000080001A86] -> 0xEBDF
[1702] [M]: 0x0000000080001A84 (0xEBDF2F9B) pssha.w.w0 t6, t5, t4
x31 <- 0xFFFFFFFC01000000

mem[X,0x0000000080001A88] -> 0xB823
mem[X,0x0000000080001A8A] -> 0x21F0
[1703] [M]: 0x0000000080001A88 (0x21F0B823) sd t6, 0x210(ra)
mem[0x0000000080005420] <- 0xFFFFFFFC01000000

mem[X,0x0000000080001A8C] -> 0x0F37
mem[X,0x0000000080001A8E] -> 0x0000
[1704] [M]: 0x0000000080001A8C (0x00000F37) lui t5, 0x0
x30 <- 0x0000000000000000

mem[X,0x0000000080001A90] -> 0x0F13
mem[X,0x0000000080001A92] -> 0x400F
[1705] [M]: 0x0000000080001A90 (0x400F0F13) addi t5, t5, 0x400
x30 <- 0x0000000000000400

mem[X,0x0000000080001A94] -> 0x1F13
mem[X,0x0000000080001A96] -> 0x00BF
[1706] [M]: 0x0000000080001A94 (0x00BF1F13) slli t5, t5, 0xb
x30 <- 0x0000000000200000

mem[X,0x0000000080001A98] -> 0x0F13
mem[X,0x0000000080001A9A] -> 0x3FFF
[1707] [M]: 0x0000000080001A98 (0x3FFF0F13) addi t5, t5, 0x3ff
x30 <- 0x00000000002003FF

mem[X,0x0000000080001A9C] -> 0x1F13
mem[X,0x0000000080001A9E] -> 0x00BF
[1708] [M]: 0x0000000080001A9C (0x00BF1F13) slli t5, t5, 0xb
x30 <- 0x00000001001FF800

mem[X,0x0000000080001AA0] -> 0x0F13
mem[X,0x0000000080001AA2] -> 0x7FFF
[1709] [M]: 0x0000000080001AA0 (0x7FFF0F13) addi t5, t5, 0x7ff
x30 <- 0x00000001001FFFFF

mem[X,0x0000000080001AA4] -> 0x1F13
mem[X,0x0000000080001AA6] -> 0x00AF
[1710] [M]: 0x0000000080001AA4 (0x00AF1F13) slli t5, t5, 0xa
x30 <- 0x000004007FFFFC00

mem[X,0x0000000080001AA8] -> 0x0F13
mem[X,0x0000000080001AAA] -> 0x3FFF
[1711] [M]: 0x0000000080001AA8 (0x3FFF0F13) addi t5, t5, 0x3ff
x30 <- 0x000004007FFFFFFF

mem[X,0x0000000080001AAC] -> 0x1EB7
mem[X,0x0000000080001AAE] -> 0x0000
[1712] [M]: 0x0000000080001AAC (0x00001EB7) lui t4, 0x1
x29 <- 0x0000000000001000

mem[X,0x0000000080001AB0] -> 0x8E93
mem[X,0x0000000080001AB2] -> 0x800E
[1713] [M]: 0x0000000080001AB0 (0x800E8E93) addi t4, t4, -0x800
x29 <- 0x0000000000000800

mem[X,0x0000000080001AB4] -> 0x9E93
mem[X,0x0000000080001AB6] -> 0x00BE
[1714] [M]: 0x0000000080001AB4 (0x00BE9E93) slli t4, t4, 0xb
x29 <- 0x0000000000400000

mem[X,0x0000000080001AB8] -> 0x8E93
mem[X,0x0000000080001ABA] -> 0x000E
[1715] [M]: 0x0000000080001AB8 (0x000E8E93) addi t4, t4, 0x0
x29 <- 0x0000000000400000

mem[X,0x0000000080001ABC] -> 0x9E93
mem[X,0x0000000080001ABE] -> 0x00BE
[1716] [M]: 0x0000000080001ABC (0x00BE9E93) slli t4, t4, 0xb
x29 <- 0x0000000200000000

mem[X,0x0000000080001AC0] -> 0x8E93
mem[X,0x0000000080001AC2] -> 0x000E
[1717] [M]: 0x0000000080001AC0 (0x000E8E93) addi t4, t4, 0x0
x29 <- 0x0000000200000000

mem[X,0x0000000080001AC4] -> 0x9E93
mem[X,0x0000000080001AC6] -> 0x00AE
[1718] [M]: 0x0000000080001AC4 (0x00AE9E93) slli t4, t4, 0xa
x29 <- 0x0000080000000000

mem[X,0x0000000080001AC8] -> 0x8E93
mem[X,0x0000000080001ACA] -> 0x002E
[1719] [M]: 0x0000000080001AC8 (0x002E8E93) addi t4, t4, 0x2
x29 <- 0x0000080000000002

mem[X,0x0000000080001ACC] -> 0x2F9B
mem[X,0x0000000080001ACE] -> 0xEBDF
[1720] [M]: 0x0000000080001ACC (0xEBDF2F9B) pssha.w.w0 t6, t5, t4
x31 <- 0x00001000FFFFFFFC

mem[X,0x0000000080001AD0] -> 0xBC23
mem[X,0x0000000080001AD2] -> 0x21F0
[1721] [M]: 0x0000000080001AD0 (0x21F0BC23) sd t6, 0x218(ra)
mem[0x0000000080005428] <- 0x00001000FFFFFFFC

mem[X,0x0000000080001AD4] -> 0x0F37
mem[X,0x0000000080001AD6] -> 0xFFE0
[1722] [M]: 0x0000000080001AD4 (0xFFE00F37) lui t5, -0x200
x30 <- 0xFFFFFFFFFFE00000

mem[X,0x0000000080001AD8] -> 0x0F13
mem[X,0x0000000080001ADA] -> 0xFFFF
[1723] [M]: 0x0000000080001AD8 (0xFFFF0F13) addi t5, t5, -0x1
x30 <- 0xFFFFFFFFFFDFFFFF

mem[X,0x0000000080001ADC] -> 0x1F13
mem[X,0x0000000080001ADE] -> 0x00BF
[1724] [M]: 0x0000000080001ADC (0x00BF1F13) slli t5, t5, 0xb
x30 <- 0xFFFFFFFEFFFFF800

mem[X,0x0000000080001AE0] -> 0x0F13
mem[X,0x0000000080001AE2] -> 0x200F
[1725] [M]: 0x0000000080001AE0 (0x200F0F13) addi t5, t5, 0x200
x30 <- 0xFFFFFFFEFFFFFA00

mem[X,0x0000000080001AE4] -> 0x1F13
mem[X,0x0000000080001AE6] -> 0x00BF
[1726] [M]: 0x0000000080001AE4 (0x00BF1F13) slli t5, t5, 0xb
x30 <- 0xFFFFF7FFFFD00000

mem[X,0x0000000080001AE8] -> 0x0F13
mem[X,0x0000000080001AEA] -> 0x000F
[1727] [M]: 0x0000000080001AE8 (0x000F0F13) addi t5, t5, 0x0
x30 <- 0xFFFFF7FFFFD00000

mem[X,0x0000000080001AEC] -> 0x1F13
mem[X,0x0000000080001AEE] -> 0x00AF
[1728] [M]: 0x0000000080001AEC (0x00AF1F13) slli t5, t5, 0xa
x30 <- 0xFFDFFFFF40000000

mem[X,0x0000000080001AF0] -> 0x0EB7
mem[X,0x0000000080001AF2] -> 0x0100
[1729] [M]: 0x0000000080001AF0 (0x01000EB7) lui t4, 0x1000
x29 <- 0x0000000001000000

mem[X,0x0000000080001AF4] -> 0x8E93
mem[X,0x0000000080001AF6] -> 0x000E
[1730] [M]: 0x0000000080001AF4 (0x000E8E93) addi t4, t4, 0x0
x29 <- 0x0000000001000000

mem[X,0x0000000080001AF8] -> 0x9E93
mem[X,0x0000000080001AFA] -> 0x00BE
[1731] [M]: 0x0000000080001AF8 (0x00BE9E93) slli t4, t4, 0xb
x29 <- 0x0000000800000000

mem[X,0x0000000080001AFC] -> 0x8E93
mem[X,0x0000000080001AFE] -> 0x000E
[1732] [M]: 0x0000000080001AFC (0x000E8E93) addi t4, t4, 0x0
x29 <- 0x0000000800000000

mem[X,0x0000000080001B00] -> 0x9E93
mem[X,0x0000000080001B02] -> 0x00BE
[1733] [M]: 0x0000000080001B00 (0x00BE9E93) slli t4, t4, 0xb
x29 <- 0x0000400000000000

mem[X,0x0000000080001B04] -> 0x8E93
mem[X,0x0000000080001B06] -> 0x000E
[1734] [M]: 0x0000000080001B04 (0x000E8E93) addi t4, t4, 0x0
x29 <- 0x0000400000000000

mem[X,0x0000000080001B08] -> 0x9E93
mem[X,0x0000000080001B0A] -> 0x00AE
[1735] [M]: 0x0000000080001B08 (0x00AE9E93) slli t4, t4, 0xa
x29 <- 0x0100000000000000

mem[X,0x0000000080001B0C] -> 0x8E93
mem[X,0x0000000080001B0E] -> 0x020E
[1736] [M]: 0x0000000080001B0C (0x020E8E93) addi t4, t4, 0x20
x29 <- 0x0100000000000020

mem[X,0x0000000080001B10] -> 0x2F9B
mem[X,0x0000000080001B12] -> 0xEBDF
[1737] [M]: 0x0000000080001B10 (0xEBDF2F9B) pssha.w.w0 t6, t5, t4
x31 <- 0xFFFFFFFF00000000

mem[X,0x0000000080001B14] -> 0xB023
mem[X,0x0000000080001B16] -> 0x23F0
[1738] [M]: 0x0000000080001B14 (0x23F0B023) sd t6, 0x220(ra)
mem[0x0000000080005430] <- 0xFFFFFFFF00000000

mem[X,0x0000000080001B18] -> 0x0F37
mem[X,0x0000000080001B1A] -> 0xC000
[1739] [M]: 0x0000000080001B18 (0xC0000F37) lui t5, -0x40000
x30 <- 0xFFFFFFFFC0000000

mem[X,0x0000000080001B1C] -> 0x0F13
mem[X,0x0000000080001B1E] -> 0xFFFF
[1740] [M]: 0x0000000080001B1C (0xFFFF0F13) addi t5, t5, -0x1
x30 <- 0xFFFFFFFFBFFFFFFF

mem[X,0x0000000080001B20] -> 0x1F13
mem[X,0x0000000080001B22] -> 0x00BF
[1741] [M]: 0x0000000080001B20 (0x00BF1F13) slli t5, t5, 0xb
x30 <- 0xFFFFFDFFFFFFF800

mem[X,0x0000000080001B24] -> 0x0F13
mem[X,0x0000000080001B26] -> 0x000F
[1742] [M]: 0x0000000080001B24 (0x000F0F13) addi t5, t5, 0x0
x30 <- 0xFFFFFDFFFFFFF800

mem[X,0x0000000080001B28] -> 0x1F13
mem[X,0x0000000080001B2A] -> 0x00BF
[1743] [M]: 0x0000000080001B28 (0x00BF1F13) slli t5, t5, 0xb
x30 <- 0xFFEFFFFFFFC00000

mem[X,0x0000000080001B2C] -> 0x0F13
mem[X,0x0000000080001B2E] -> 0x004F
[1744] [M]: 0x0000000080001B2C (0x004F0F13) addi t5, t5, 0x4
x30 <- 0xFFEFFFFFFFC00004

mem[X,0x0000000080001B30] -> 0x1F13
mem[X,0x0000000080001B32] -> 0x00AF
[1745] [M]: 0x0000000080001B30 (0x00AF1F13) slli t5, t5, 0xa
x30 <- 0xBFFFFFFF00001000

mem[X,0x0000000080001B34] -> 0x0EB7
mem[X,0x0000000080001B36] -> 0x2000
[1746] [M]: 0x0000000080001B34 (0x20000EB7) lui t4, 0x20000
x29 <- 0x0000000020000000

mem[X,0x0000000080001B38] -> 0x8E93
mem[X,0x0000000080001B3A] -> 0x001E
[1747] [M]: 0x0000000080001B38 (0x001E8E93) addi t4, t4, 0x1
x29 <- 0x0000000020000001

mem[X,0x0000000080001B3C] -> 0x9E93
mem[X,0x0000000080001B3E] -> 0x008E
[1748] [M]: 0x0000000080001B3C (0x008E9E93) slli t4, t4, 0x8
x29 <- 0x0000002000000100

mem[X,0x0000000080001B40] -> 0x2F9B
mem[X,0x0000000080001B42] -> 0xEBDF
[1749] [M]: 0x0000000080001B40 (0xEBDF2F9B) pssha.w.w0 t6, t5, t4
x31 <- 0xBFFFFFFF00001000

mem[X,0x0000000080001B44] -> 0xB423
mem[X,0x0000000080001B46] -> 0x23F0
[1750] [M]: 0x0000000080001B44 (0x23F0B423) sd t6, 0x228(ra)
mem[0x0000000080005438] <- 0xBFFFFFFF00001000

mem[X,0x0000000080001B48] -> 0x4F37
mem[X,0x0000000080001B4A] -> 0x0000
[1751] [M]: 0x0000000080001B48 (0x00004F37) lui t5, 0x4
x30 <- 0x0000000000004000

mem[X,0x0000000080001B4C] -> 0x0F13
mem[X,0x0000000080001B4E] -> 0x000F
[1752] [M]: 0x0000000080001B4C (0x000F0F13) addi t5, t5, 0x0
x30 <- 0x0000000000004000

mem[X,0x0000000080001B50] -> 0x1F13
mem[X,0x0000000080001B52] -> 0x00BF
[1753] [M]: 0x0000000080001B50 (0x00BF1F13) slli t5, t5, 0xb
x30 <- 0x0000000002000000

mem[X,0x0000000080001B54] -> 0x0F13
mem[X,0x0000000080001B56] -> 0x7FFF
[1754] [M]: 0x0000000080001B54 (0x7FFF0F13) addi t5, t5, 0x7ff
x30 <- 0x00000000020007FF

mem[X,0x0000000080001B58] -> 0x1F13
mem[X,0x0000000080001B5A] -> 0x00BF
[1755] [M]: 0x0000000080001B58 (0x00BF1F13) slli t5, t5, 0xb
x30 <- 0x00000010003FF800

mem[X,0x0000000080001B5C] -> 0x0F13
mem[X,0x0000000080001B5E] -> 0x7DFF
[1756] [M]: 0x0000000080001B5C (0x7DFF0F13) addi t5, t5, 0x7df
x30 <- 0x00000010003FFFDF

mem[X,0x0000000080001B60] -> 0x1F13
mem[X,0x0000000080001B62] -> 0x00AF
[1757] [M]: 0x0000000080001B60 (0x00AF1F13) slli t5, t5, 0xa
x30 <- 0x00004000FFFF7C00

mem[X,0x0000000080001B64] -> 0x0F13
mem[X,0x0000000080001B66] -> 0x3FFF
[1758] [M]: 0x0000000080001B64 (0x3FFF0F13) addi t5, t5, 0x3ff
x30 <- 0x00004000FFFF7FFF

mem[X,0x0000000080001B68] -> 0x1EB7
mem[X,0x0000000080001B6A] -> 0x0000
[1759] [M]: 0x0000000080001B68 (0x00001EB7) lui t4, 0x1
x29 <- 0x0000000000001000

mem[X,0x0000000080001B6C] -> 0x8E93
mem[X,0x0000000080001B6E] -> 0x800E
[1760] [M]: 0x0000000080001B6C (0x800E8E93) addi t4, t4, -0x800
x29 <- 0x0000000000000800

mem[X,0x0000000080001B70] -> 0x9E93
mem[X,0x0000000080001B72] -> 0x00BE
[1761] [M]: 0x0000000080001B70 (0x00BE9E93) slli t4, t4, 0xb
x29 <- 0x0000000000400000

mem[X,0x0000000080001B74] -> 0x8E93
mem[X,0x0000000080001B76] -> 0x000E
[1762] [M]: 0x0000000080001B74 (0x000E8E93) addi t4, t4, 0x0
x29 <- 0x0000000000400000

mem[X,0x0000000080001B78] -> 0x9E93
mem[X,0x0000000080001B7A] -> 0x00BE
[1763] [M]: 0x0000000080001B78 (0x00BE9E93) slli t4, t4, 0xb
x29 <- 0x0000000200000000

mem[X,0x0000000080001B7C] -> 0x8E93
mem[X,0x0000000080001B7E] -> 0x002E
[1764] [M]: 0x0000000080001B7C (0x002E8E93) addi t4, t4, 0x2
x29 <- 0x0000000200000002

mem[X,0x0000000080001B80] -> 0x9E93
mem[X,0x0000000080001B82] -> 0x00AE
[1765] [M]: 0x0000000080001B80 (0x00AE9E93) slli t4, t4, 0xa
x29 <- 0x0000080000000800

mem[X,0x0000000080001B84] -> 0x2F9B
mem[X,0x0000000080001B86] -> 0xEBDF
[1766] [M]: 0x0000000080001B84 (0xEBDF2F9B) pssha.w.w0 t6, t5, t4
x31 <- 0x00004000FFFF7FFF

mem[X,0x0000000080001B88] -> 0xB823
mem[X,0x0000000080001B8A] -> 0x23F0
[1767] [M]: 0x0000000080001B88 (0x23F0B823) sd t6, 0x230(ra)
mem[0x0000000080005440] <- 0x00004000FFFF7FFF

mem[X,0x0000000080001B8C] -> 0x0F37
mem[X,0x0000000080001B8E] -> 0x0000
[1768] [M]: 0x0000000080001B8C (0x00000F37) lui t5, 0x0
x30 <- 0x0000000000000000

mem[X,0x0000000080001B90] -> 0x0F13
mem[X,0x0000000080001B92] -> 0xFFCF
[1769] [M]: 0x0000000080001B90 (0xFFCF0F13) addi t5, t5, -0x4
x30 <- 0xFFFFFFFFFFFFFFFC

mem[X,0x0000000080001B94] -> 0x1F13
mem[X,0x0000000080001B96] -> 0x00BF
[1770] [M]: 0x0000000080001B94 (0x00BF1F13) slli t5, t5, 0xb
x30 <- 0xFFFFFFFFFFFFE000

mem[X,0x0000000080001B98] -> 0x0F13
mem[X,0x0000000080001B9A] -> 0x7FFF
[1771] [M]: 0x0000000080001B98 (0x7FFF0F13) addi t5, t5, 0x7ff
x30 <- 0xFFFFFFFFFFFFE7FF

mem[X,0x0000000080001B9C] -> 0x1F13
mem[X,0x0000000080001B9E] -> 0x00BF
[1772] [M]: 0x0000000080001B9C (0x00BF1F13) slli t5, t5, 0xb
x30 <- 0xFFFFFFFFFF3FF800

mem[X,0x0000000080001BA0] -> 0x0F13
mem[X,0x0000000080001BA2] -> 0x7FFF
[1773] [M]: 0x0000000080001BA0 (0x7FFF0F13) addi t5, t5, 0x7ff
x30 <- 0xFFFFFFFFFF3FFFFF

mem[X,0x0000000080001BA4] -> 0x1F13
mem[X,0x0000000080001BA6] -> 0x00AF
[1774] [M]: 0x0000000080001BA4 (0x00AF1F13) slli t5, t5, 0xa
x30 <- 0xFFFFFFFCFFFFFC00

mem[X,0x0000000080001BA8] -> 0x0F13
mem[X,0x0000000080001BAA] -> 0x3FDF
[1775] [M]: 0x0000000080001BA8 (0x3FDF0F13) addi t5, t5, 0x3fd
x30 <- 0xFFFFFFFCFFFFFFFD

mem[X,0x0000000080001BAC] -> 0x0EB7
mem[X,0x0000000080001BAE] -> 0xFC00
[1776] [M]: 0x0000000080001BAC (0xFC000EB7) lui t4, -0x4000
x29 <- 0xFFFFFFFFFC000000

mem[X,0x0000000080001BB0] -> 0x8E93
mem[X,0x0000000080001BB2] -> 0xFFFE
[1777] [M]: 0x0000000080001BB0 (0xFFFE8E93) addi t4, t4, -0x1
x29 <- 0xFFFFFFFFFBFFFFFF

mem[X,0x0000000080001BB4] -> 0x9E93
mem[X,0x0000000080001BB6] -> 0x00BE
[1778] [M]: 0x0000000080001BB4 (0x00BE9E93) slli t4, t4, 0xb
x29 <- 0xFFFFFFDFFFFFF800

mem[X,0x0000000080001BB8] -> 0x8E93
mem[X,0x0000000080001BBA] -> 0x000E
[1779] [M]: 0x0000000080001BB8 (0x000E8E93) addi t4, t4, 0x0
x29 <- 0xFFFFFFDFFFFFF800

mem[X,0x0000000080001BBC] -> 0x9E93
mem[X,0x0000000080001BBE] -> 0x00BE
[1780] [M]: 0x0000000080001BBC (0x00BE9E93) slli t4, t4, 0xb
x29 <- 0xFFFEFFFFFFC00000

mem[X,0x0000000080001BC0] -> 0x8E93
mem[X,0x0000000080001BC2] -> 0x020E
[1781] [M]: 0x0000000080001BC0 (0x020E8E93) addi t4, t4, 0x20
x29 <- 0xFFFEFFFFFFC00020

mem[X,0x0000000080001BC4] -> 0x9E93
mem[X,0x0000000080001BC6] -> 0x00AE
[1782] [M]: 0x0000000080001BC4 (0x00AE9E93) slli t4, t4, 0xa
x29 <- 0xFBFFFFFF00008000

mem[X,0x0000000080001BC8] -> 0x2F9B
mem[X,0x0000000080001BCA] -> 0xEBDF
[1783] [M]: 0x0000000080001BC8 (0xEBDF2F9B) pssha.w.w0 t6, t5, t4
x31 <- 0xFFFFFFFCFFFFFFFD

mem[X,0x0000000080001BCC] -> 0xBC23
mem[X,0x0000000080001BCE] -> 0x23F0
[1784] [M]: 0x0000000080001BCC (0x23F0BC23) sd t6, 0x238(ra)
mem[0x0000000080005448] <- 0xFFFFFFFCFFFFFFFD

mem[X,0x0000000080001BD0] -> 0x0F37
mem[X,0x0000000080001BD2] -> 0x0000
[1785] [M]: 0x0000000080001BD0 (0x00000F37) lui t5, 0x0
x30 <- 0x0000000000000000

mem[X,0x0000000080001BD4] -> 0x0F13
mem[X,0x0000000080001BD6] -> 0xFF9F
[1786] [M]: 0x0000000080001BD4 (0xFF9F0F13) addi t5, t5, -0x7
x30 <- 0xFFFFFFFFFFFFFFF9

mem[X,0x0000000080001BD8] -> 0x1F13
mem[X,0x0000000080001BDA] -> 0x00BF
[1787] [M]: 0x0000000080001BD8 (0x00BF1F13) slli t5, t5, 0xb
x30 <- 0xFFFFFFFFFFFFC800

mem[X,0x0000000080001BDC] -> 0x0F13
mem[X,0x0000000080001BDE] -> 0x7FFF
[1788] [M]: 0x0000000080001BDC (0x7FFF0F13) addi t5, t5, 0x7ff
x30 <- 0xFFFFFFFFFFFFCFFF

mem[X,0x0000000080001BE0] -> 0x1F13
mem[X,0x0000000080001BE2] -> 0x00BF
[1789] [M]: 0x0000000080001BE0 (0x00BF1F13) slli t5, t5, 0xb
x30 <- 0xFFFFFFFFFE7FF800

mem[X,0x0000000080001BE4] -> 0x0F13
mem[X,0x0000000080001BE6] -> 0x7BFF
[1790] [M]: 0x0000000080001BE4 (0x7BFF0F13) addi t5, t5, 0x7bf
x30 <- 0xFFFFFFFFFE7FFFBF

mem[X,0x0000000080001BE8] -> 0x1F13
mem[X,0x0000000080001BEA] -> 0x00AF
[1791] [M]: 0x0000000080001BE8 (0x00AF1F13) slli t5, t5, 0xa
x30 <- 0xFFFFFFF9FFFEFC00

mem[X,0x0000000080001BEC] -> 0x0F13
mem[X,0x0000000080001BEE] -> 0x3FFF
[1792] [M]: 0x0000000080001BEC (0x3FFF0F13) addi t5, t5, 0x3ff
x30 <- 0xFFFFFFF9FFFEFFFF

mem[X,0x0000000080001BF0] -> 0x0EB7
mem[X,0x0000000080001BF2] -> 0xFF80
[1793] [M]: 0x0000000080001BF0 (0xFF800EB7) lui t4, -0x800
x29 <- 0xFFFFFFFFFF800000

mem[X,0x0000000080001BF4] -> 0x8E93
mem[X,0x0000000080001BF6] -> 0xFFFE
[1794] [M]: 0x0000000080001BF4 (0xFFFE8E93) addi t4, t4, -0x1
x29 <- 0xFFFFFFFFFF7FFFFF

mem[X,0x0000000080001BF8] -> 0x9E93
mem[X,0x0000000080001BFA] -> 0x00BE
[1795] [M]: 0x0000000080001BF8 (0x00BE9E93) slli t4, t4, 0xb
x29 <- 0xFFFFFFFBFFFFF800

mem[X,0x0000000080001BFC] -> 0x8E93
mem[X,0x0000000080001BFE] -> 0x000E
[1796] [M]: 0x0000000080001BFC (0x000E8E93) addi t4, t4, 0x0
x29 <- 0xFFFFFFFBFFFFF800

mem[X,0x0000000080001C00] -> 0x9E93
mem[X,0x0000000080001C02] -> 0x00BE
[1797] [M]: 0x0000000080001C00 (0x00BE9E93) slli t4, t4, 0xb
x29 <- 0xFFFFDFFFFFC00000

mem[X,0x0000000080001C04] -> 0x8E93
mem[X,0x0000000080001C06] -> 0x100E
[1798] [M]: 0x0000000080001C04 (0x100E8E93) addi t4, t4, 0x100
x29 <- 0xFFFFDFFFFFC00100

mem[X,0x0000000080001C08] -> 0x9E93
mem[X,0x0000000080001C0A] -> 0x00AE
[1799] [M]: 0x0000000080001C08 (0x00AE9E93) slli t4, t4, 0xa
x29 <- 0xFF7FFFFF00040000

clint::tick mtime <- 0x0000000000000012
 clint timer pending at mtime 0x0000000000000012
htif::tick 0x0000000000000000
mem[X,0x0000000080001C0C] -> 0x2F9B
mem[X,0x0000000080001C0E] -> 0xEBDF
[1800] [M]: 0x0000000080001C0C (0xEBDF2F9B) pssha.w.w0 t6, t5, t4
x31 <- 0xFFFFFFF9FFFEFFFF

mem[X,0x0000000080001C10] -> 0xB023
mem[X,0x0000000080001C12] -> 0x25F0
[1801] [M]: 0x0000000080001C10 (0x25F0B023) sd t6, 0x240(ra)
mem[0x0000000080005450] <- 0xFFFFFFF9FFFEFFFF

mem[X,0x0000000080001C14] -> 0x0F37
mem[X,0x0000000080001C16] -> 0x0000
[1802] [M]: 0x0000000080001C14 (0x00000F37) lui t5, 0x0
x30 <- 0x0000000000000000

mem[X,0x0000000080001C18] -> 0x0F13
mem[X,0x0000000080001C1A] -> 0x003F
[1803] [M]: 0x0000000080001C18 (0x003F0F13) addi t5, t5, 0x3
x30 <- 0x0000000000000003

mem[X,0x0000000080001C1C] -> 0x1F13
mem[X,0x0000000080001C1E] -> 0x00BF
[1804] [M]: 0x0000000080001C1C (0x00BF1F13) slli t5, t5, 0xb
x30 <- 0x0000000000001800

mem[X,0x0000000080001C20] -> 0x0F13
mem[X,0x0000000080001C22] -> 0x77FF
[1805] [M]: 0x0000000080001C20 (0x77FF0F13) addi t5, t5, 0x77f
x30 <- 0x0000000000001F7F

mem[X,0x0000000080001C24] -> 0x1F13
mem[X,0x0000000080001C26] -> 0x00BF
[1806] [M]: 0x0000000080001C24 (0x00BF1F13) slli t5, t5, 0xb
x30 <- 0x0000000000FBF800

mem[X,0x0000000080001C28] -> 0x0F13
mem[X,0x0000000080001C2A] -> 0x7FFF
[1807] [M]: 0x0000000080001C28 (0x7FFF0F13) addi t5, t5, 0x7ff
x30 <- 0x0000000000FBFFFF

mem[X,0x0000000080001C2C] -> 0x1F13
mem[X,0x0000000080001C2E] -> 0x00AF
[1808] [M]: 0x0000000080001C2C (0x00AF1F13) slli t5, t5, 0xa
x30 <- 0x00000003EFFFFC00

mem[X,0x0000000080001C30] -> 0x0F13
mem[X,0x0000000080001C32] -> 0x3FFF
[1809] [M]: 0x0000000080001C30 (0x3FFF0F13) addi t5, t5, 0x3ff
x30 <- 0x00000003EFFFFFFF

mem[X,0x0000000080001C34] -> 0x0EB7
mem[X,0x0000000080001C36] -> 0x0040
[1810] [M]: 0x0000000080001C34 (0x00400EB7) lui t4, 0x400
x29 <- 0x0000000000400000

mem[X,0x0000000080001C38] -> 0x8E93
mem[X,0x0000000080001C3A] -> 0x001E
[1811] [M]: 0x0000000080001C38 (0x001E8E93) addi t4, t4, 0x1
x29 <- 0x0000000000400001

mem[X,0x0000000080001C3C] -> 0x9E93
mem[X,0x0000000080001C3E] -> 0x016E
[1812] [M]: 0x0000000080001C3C (0x016E9E93) slli t4, t4, 0x16
x29 <- 0x0000100000400000

mem[X,0x0000000080001C40] -> 0x2F9B
mem[X,0x0000000080001C42] -> 0xEBDF
[1813] [M]: 0x0000000080001C40 (0xEBDF2F9B) pssha.w.w0 t6, t5, t4
x31 <- 0x00000003EFFFFFFF

mem[X,0x0000000080001C44] -> 0xB423
mem[X,0x0000000080001C46] -> 0x25F0
[1814] [M]: 0x0000000080001C44 (0x25F0B423) sd t6, 0x248(ra)
mem[0x0000000080005458] <- 0x00000003EFFFFFFF

mem[X,0x0000000080001C48] -> 0x0F37
mem[X,0x0000000080001C4A] -> 0x0400
[1815] [M]: 0x0000000080001C48 (0x04000F37) lui t5, 0x4000
x30 <- 0x0000000004000000

mem[X,0x0000000080001C4C] -> 0x0F13
mem[X,0x0000000080001C4E] -> 0x001F
[1816] [M]: 0x0000000080001C4C (0x001F0F13) addi t5, t5, 0x1
x30 <- 0x0000000004000001

mem[X,0x0000000080001C50] -> 0x1F13
mem[X,0x0000000080001C52] -> 0x017F
[1817] [M]: 0x0000000080001C50 (0x017F1F13) slli t5, t5, 0x17
x30 <- 0x0002000000800000

mem[X,0x0000000080001C54] -> 0x0EB7
mem[X,0x0000000080001C56] -> 0xFFFE
[1818] [M]: 0x0000000080001C54 (0xFFFE0EB7) lui t4, -0x20
x29 <- 0xFFFFFFFFFFFE0000

mem[X,0x0000000080001C58] -> 0x8E93
mem[X,0x0000000080001C5A] -> 0xFFFE
[1819] [M]: 0x0000000080001C58 (0xFFFE8E93) addi t4, t4, -0x1
x29 <- 0xFFFFFFFFFFFDFFFF

mem[X,0x0000000080001C5C] -> 0x9E93
mem[X,0x0000000080001C5E] -> 0x00BE
[1820] [M]: 0x0000000080001C5C (0x00BE9E93) slli t4, t4, 0xb
x29 <- 0xFFFFFFFFEFFFF800

mem[X,0x0000000080001C60] -> 0x8E93
mem[X,0x0000000080001C62] -> 0x008E
[1821] [M]: 0x0000000080001C60 (0x008E8E93) addi t4, t4, 0x8
x29 <- 0xFFFFFFFFEFFFF808

mem[X,0x0000000080001C64] -> 0x9E93
mem[X,0x0000000080001C66] -> 0x00BE
[1822] [M]: 0x0000000080001C64 (0x00BE9E93) slli t4, t4, 0xb
x29 <- 0xFFFFFF7FFFC04000

mem[X,0x0000000080001C68] -> 0x8E93
mem[X,0x0000000080001C6A] -> 0x000E
[1823] [M]: 0x0000000080001C68 (0x000E8E93) addi t4, t4, 0x0
x29 <- 0xFFFFFF7FFFC04000

mem[X,0x0000000080001C6C] -> 0x9E93
mem[X,0x0000000080001C6E] -> 0x00AE
[1824] [M]: 0x0000000080001C6C (0x00AE9E93) slli t4, t4, 0xa
x29 <- 0xFFFDFFFF01000000

mem[X,0x0000000080001C70] -> 0x2F9B
mem[X,0x0000000080001C72] -> 0xEBDF
[1825] [M]: 0x0000000080001C70 (0xEBDF2F9B) pssha.w.w0 t6, t5, t4
x31 <- 0x0002000000800000

mem[X,0x0000000080001C74] -> 0xB823
mem[X,0x0000000080001C76] -> 0x25F0
[1826] [M]: 0x0000000080001C74 (0x25F0B823) sd t6, 0x250(ra)
mem[0x0000000080005460] <- 0x0002000000800000

mem[X,0x0000000080001C78] -> 0x0F37
mem[X,0x0000000080001C7A] -> 0x0000
[1827] [M]: 0x0000000080001C78 (0x00000F37) lui t5, 0x0
x30 <- 0x0000000000000000

mem[X,0x0000000080001C7C] -> 0x0F13
mem[X,0x0000000080001C7E] -> 0x005F
[1828] [M]: 0x0000000080001C7C (0x005F0F13) addi t5, t5, 0x5
x30 <- 0x0000000000000005

mem[X,0x0000000080001C80] -> 0x1F13
mem[X,0x0000000080001C82] -> 0x00BF
[1829] [M]: 0x0000000080001C80 (0x00BF1F13) slli t5, t5, 0xb
x30 <- 0x0000000000002800

mem[X,0x0000000080001C84] -> 0x0F13
mem[X,0x0000000080001C86] -> 0x000F
[1830] [M]: 0x0000000080001C84 (0x000F0F13) addi t5, t5, 0x0
x30 <- 0x0000000000002800

mem[X,0x0000000080001C88] -> 0x1F13
mem[X,0x0000000080001C8A] -> 0x00BF
[1831] [M]: 0x0000000080001C88 (0x00BF1F13) slli t5, t5, 0xb
x30 <- 0x0000000001400000

mem[X,0x0000000080001C8C] -> 0x0F13
mem[X,0x0000000080001C8E] -> 0x000F
[1832] [M]: 0x0000000080001C8C (0x000F0F13) addi t5, t5, 0x0
x30 <- 0x0000000001400000

mem[X,0x0000000080001C90] -> 0x1F13
mem[X,0x0000000080001C92] -> 0x00AF
[1833] [M]: 0x0000000080001C90 (0x00AF1F13) slli t5, t5, 0xa
x30 <- 0x0000000500000000

mem[X,0x0000000080001C94] -> 0x0F13
mem[X,0x0000000080001C96] -> 0x008F
[1834] [M]: 0x0000000080001C94 (0x008F0F13) addi t5, t5, 0x8
x30 <- 0x0000000500000008

mem[X,0x0000000080001C98] -> 0x0E93
mem[X,0x0000000080001C9A] -> 0x1010
[1835] [M]: 0x0000000080001C98 (0x10100E93) addi t4, zero, 0x101
x29 <- 0x0000000000000101

mem[X,0x0000000080001C9C] -> 0x9E93
mem[X,0x0000000080001C9E] -> 0x01AE
[1836] [M]: 0x0000000080001C9C (0x01AE9E93) slli t4, t4, 0x1a
x29 <- 0x0000000404000000

mem[X,0x0000000080001CA0] -> 0x2F9B
mem[X,0x0000000080001CA2] -> 0xEBDF
[1837] [M]: 0x0000000080001CA0 (0xEBDF2F9B) pssha.w.w0 t6, t5, t4
x31 <- 0x0000000500000008

mem[X,0x0000000080001CA4] -> 0xBC23
mem[X,0x0000000080001CA6] -> 0x25F0
[1838] [M]: 0x0000000080001CA4 (0x25F0BC23) sd t6, 0x258(ra)
mem[0x0000000080005468] <- 0x0000000500000008

mem[X,0x0000000080001CA8] -> 0x0F37
mem[X,0x0000000080001CAA] -> 0x0200
[1839] [M]: 0x0000000080001CA8 (0x02000F37) lui t5, 0x2000
x30 <- 0x0000000002000000

mem[X,0x0000000080001CAC] -> 0x0F13
mem[X,0x0000000080001CAE] -> 0x000F
[1840] [M]: 0x0000000080001CAC (0x000F0F13) addi t5, t5, 0x0
x30 <- 0x0000000002000000

mem[X,0x0000000080001CB0] -> 0x1F13
mem[X,0x0000000080001CB2] -> 0x00BF
[1841] [M]: 0x0000000080001CB0 (0x00BF1F13) slli t5, t5, 0xb
x30 <- 0x0000001000000000

mem[X,0x0000000080001CB4] -> 0x0F13
mem[X,0x0000000080001CB6] -> 0x7FFF
[1842] [M]: 0x0000000080001CB4 (0x7FFF0F13) addi t5, t5, 0x7ff
x30 <- 0x00000010000007FF

mem[X,0x0000000080001CB8] -> 0x1F13
mem[X,0x0000000080001CBA] -> 0x00BF
[1843] [M]: 0x0000000080001CB8 (0x00BF1F13) slli t5, t5, 0xb
x30 <- 0x00008000003FF800

mem[X,0x0000000080001CBC] -> 0x0F13
mem[X,0x0000000080001CBE] -> 0x7FFF
[1844] [M]: 0x0000000080001CBC (0x7FFF0F13) addi t5, t5, 0x7ff
x30 <- 0x00008000003FFFFF

mem[X,0x0000000080001CC0] -> 0x1F13
mem[X,0x0000000080001CC2] -> 0x00AF
[1845] [M]: 0x0000000080001CC0 (0x00AF1F13) slli t5, t5, 0xa
x30 <- 0x02000000FFFFFC00

mem[X,0x0000000080001CC4] -> 0x0F13
mem[X,0x0000000080001CC6] -> 0x3F6F
[1846] [M]: 0x0000000080001CC4 (0x3F6F0F13) addi t5, t5, 0x3f6
x30 <- 0x02000000FFFFFFF6

mem[X,0x0000000080001CC8] -> 0x0E93
mem[X,0x0000000080001CCA] -> 0x1010
[1847] [M]: 0x0000000080001CC8 (0x10100E93) addi t4, zero, 0x101
x29 <- 0x0000000000000101

mem[X,0x0000000080001CCC] -> 0x9E93
mem[X,0x0000000080001CCE] -> 0x01DE
[1848] [M]: 0x0000000080001CCC (0x01DE9E93) slli t4, t4, 0x1d
x29 <- 0x0000002020000000

mem[X,0x0000000080001CD0] -> 0x2F9B
mem[X,0x0000000080001CD2] -> 0xEBDF
[1849] [M]: 0x0000000080001CD0 (0xEBDF2F9B) pssha.w.w0 t6, t5, t4
x31 <- 0x02000000FFFFFFF6

mem[X,0x0000000080001CD4] -> 0xB023
mem[X,0x0000000080001CD6] -> 0x27F0
[1850] [M]: 0x0000000080001CD4 (0x27F0B023) sd t6, 0x260(ra)
mem[0x0000000080005470] <- 0x02000000FFFFFFF6

mem[X,0x0000000080001CD8] -> 0x0F37
mem[X,0x0000000080001CDA] -> 0x0020
[1851] [M]: 0x0000000080001CD8 (0x00200F37) lui t5, 0x200
x30 <- 0x0000000000200000

mem[X,0x0000000080001CDC] -> 0x0F13
mem[X,0x0000000080001CDE] -> 0x001F
[1852] [M]: 0x0000000080001CDC (0x001F0F13) addi t5, t5, 0x1
x30 <- 0x0000000000200001

mem[X,0x0000000080001CE0] -> 0x1F13
mem[X,0x0000000080001CE2] -> 0x01FF
[1853] [M]: 0x0000000080001CE0 (0x01FF1F13) slli t5, t5, 0x1f
x30 <- 0x0010000080000000

mem[X,0x0000000080001CE4] -> 0x0EB7
mem[X,0x0000000080001CE6] -> 0x0000
[1854] [M]: 0x0000000080001CE4 (0x00000EB7) lui t4, 0x0
x29 <- 0x0000000000000000

mem[X,0x0000000080001CE8] -> 0x8E93
mem[X,0x0000000080001CEA] -> 0x080E
[1855] [M]: 0x0000000080001CE8 (0x080E8E93) addi t4, t4, 0x80
x29 <- 0x0000000000000080

mem[X,0x0000000080001CEC] -> 0x9E93
mem[X,0x0000000080001CEE] -> 0x00BE
[1856] [M]: 0x0000000080001CEC (0x00BE9E93) slli t4, t4, 0xb
x29 <- 0x0000000000040000

mem[X,0x0000000080001CF0] -> 0x8E93
mem[X,0x0000000080001CF2] -> 0x7FFE
[1857] [M]: 0x0000000080001CF0 (0x7FFE8E93) addi t4, t4, 0x7ff
x29 <- 0x00000000000407FF

mem[X,0x0000000080001CF4] -> 0x9E93
mem[X,0x0000000080001CF6] -> 0x00BE
[1858] [M]: 0x0000000080001CF4 (0x00BE9E93) slli t4, t4, 0xb
x29 <- 0x00000000203FF800

mem[X,0x0000000080001CF8] -> 0x8E93
mem[X,0x0000000080001CFA] -> 0x7FFE
[1859] [M]: 0x0000000080001CF8 (0x7FFE8E93) addi t4, t4, 0x7ff
x29 <- 0x00000000203FFFFF

mem[X,0x0000000080001CFC] -> 0x9E93
mem[X,0x0000000080001CFE] -> 0x00AE
[1860] [M]: 0x0000000080001CFC (0x00AE9E93) slli t4, t4, 0xa
x29 <- 0x00000080FFFFFC00

mem[X,0x0000000080001D00] -> 0x8E93
mem[X,0x0000000080001D02] -> 0x3FDE
[1861] [M]: 0x0000000080001D00 (0x3FDE8E93) addi t4, t4, 0x3fd
x29 <- 0x00000080FFFFFFFD

mem[X,0x0000000080001D04] -> 0x2F9B
mem[X,0x0000000080001D06] -> 0xEBDF
[1862] [M]: 0x0000000080001D04 (0xEBDF2F9B) pssha.w.w0 t6, t5, t4
x31 <- 0x00020000F0000000

mem[X,0x0000000080001D08] -> 0xB423
mem[X,0x0000000080001D0A] -> 0x27F0
[1863] [M]: 0x0000000080001D08 (0x27F0B423) sd t6, 0x268(ra)
mem[0x0000000080005478] <- 0x00020000F0000000

mem[X,0x0000000080001D0C] -> 0x8F37
mem[X,0x0000000080001D0E] -> 0x0000
[1864] [M]: 0x0000000080001D0C (0x00008F37) lui t5, 0x8
x30 <- 0x0000000000008000

mem[X,0x0000000080001D10] -> 0x0F13
mem[X,0x0000000080001D12] -> 0x000F
[1865] [M]: 0x0000000080001D10 (0x000F0F13) addi t5, t5, 0x0
x30 <- 0x0000000000008000

mem[X,0x0000000080001D14] -> 0x1F13
mem[X,0x0000000080001D16] -> 0x00BF
[1866] [M]: 0x0000000080001D14 (0x00BF1F13) slli t5, t5, 0xb
x30 <- 0x0000000004000000

mem[X,0x0000000080001D18] -> 0x0F13
mem[X,0x0000000080001D1A] -> 0x7FFF
[1867] [M]: 0x0000000080001D18 (0x7FFF0F13) addi t5, t5, 0x7ff
x30 <- 0x00000000040007FF

mem[X,0x0000000080001D1C] -> 0x1F13
mem[X,0x0000000080001D1E] -> 0x00BF
[1868] [M]: 0x0000000080001D1C (0x00BF1F13) slli t5, t5, 0xb
x30 <- 0x00000020003FF800

mem[X,0x0000000080001D20] -> 0x0F13
mem[X,0x0000000080001D22] -> 0x7FFF
[1869] [M]: 0x0000000080001D20 (0x7FFF0F13) addi t5, t5, 0x7ff
x30 <- 0x00000020003FFFFF

mem[X,0x0000000080001D24] -> 0x1F13
mem[X,0x0000000080001D26] -> 0x00AF
[1870] [M]: 0x0000000080001D24 (0x00AF1F13) slli t5, t5, 0xa
x30 <- 0x00008000FFFFFC00

mem[X,0x0000000080001D28] -> 0x0F13
mem[X,0x0000000080001D2A] -> 0x3FFF
[1871] [M]: 0x0000000080001D28 (0x3FFF0F13) addi t5, t5, 0x3ff
x30 <- 0x00008000FFFFFFFF

mem[X,0x0000000080001D2C] -> 0x0EB7
mem[X,0x0000000080001D2E] -> 0x0000
[1872] [M]: 0x0000000080001D2C (0x00000EB7) lui t4, 0x0
x29 <- 0x0000000000000000

mem[X,0x0000000080001D30] -> 0x8E93
mem[X,0x0000000080001D32] -> 0x007E
[1873] [M]: 0x0000000080001D30 (0x007E8E93) addi t4, t4, 0x7
x29 <- 0x0000000000000007

mem[X,0x0000000080001D34] -> 0x9E93
mem[X,0x0000000080001D36] -> 0x00BE
[1874] [M]: 0x0000000080001D34 (0x00BE9E93) slli t4, t4, 0xb
x29 <- 0x0000000000003800

mem[X,0x0000000080001D38] -> 0x8E93
mem[X,0x0000000080001D3A] -> 0x7FFE
[1875] [M]: 0x0000000080001D38 (0x7FFE8E93) addi t4, t4, 0x7ff
x29 <- 0x0000000000003FFF

mem[X,0x0000000080001D3C] -> 0x9E93
mem[X,0x0000000080001D3E] -> 0x00BE
[1876] [M]: 0x0000000080001D3C (0x00BE9E93) slli t4, t4, 0xb
x29 <- 0x0000000001FFF800

mem[X,0x0000000080001D40] -> 0x8E93
mem[X,0x0000000080001D42] -> 0x7FFE
[1877] [M]: 0x0000000080001D40 (0x7FFE8E93) addi t4, t4, 0x7ff
x29 <- 0x0000000001FFFFFF

mem[X,0x0000000080001D44] -> 0x9E93
mem[X,0x0000000080001D46] -> 0x00AE
[1878] [M]: 0x0000000080001D44 (0x00AE9E93) slli t4, t4, 0xa
x29 <- 0x00000007FFFFFC00

mem[X,0x0000000080001D48] -> 0x8E93
mem[X,0x0000000080001D4A] -> 0x3FBE
[1879] [M]: 0x0000000080001D48 (0x3FBE8E93) addi t4, t4, 0x3fb
x29 <- 0x00000007FFFFFFFB

mem[X,0x0000000080001D4C] -> 0x2F9B
mem[X,0x0000000080001D4E] -> 0xEBDF
[1880] [M]: 0x0000000080001D4C (0xEBDF2F9B) pssha.w.w0 t6, t5, t4
x31 <- 0x00000400FFFFFFFF

mem[X,0x0000000080001D50] -> 0xB823
mem[X,0x0000000080001D52] -> 0x27F0
[1881] [M]: 0x0000000080001D50 (0x27F0B823) sd t6, 0x270(ra)
mem[0x0000000080005480] <- 0x00000400FFFFFFFF

mem[X,0x0000000080001D54] -> 0x0F37
mem[X,0x0000000080001D56] -> 0x4000
[1882] [M]: 0x0000000080001D54 (0x40000F37) lui t5, 0x40000
x30 <- 0x0000000040000000

mem[X,0x0000000080001D58] -> 0x0F13
mem[X,0x0000000080001D5A] -> 0x000F
[1883] [M]: 0x0000000080001D58 (0x000F0F13) addi t5, t5, 0x0
x30 <- 0x0000000040000000

mem[X,0x0000000080001D5C] -> 0x1F13
mem[X,0x0000000080001D5E] -> 0x00BF
[1884] [M]: 0x0000000080001D5C (0x00BF1F13) slli t5, t5, 0xb
x30 <- 0x0000020000000000

mem[X,0x0000000080001D60] -> 0x0F13
mem[X,0x0000000080001D62] -> 0x7F7F
[1885] [M]: 0x0000000080001D60 (0x7F7F0F13) addi t5, t5, 0x7f7
x30 <- 0x00000200000007F7

mem[X,0x0000000080001D64] -> 0x1F13
mem[X,0x0000000080001D66] -> 0x00BF
[1886] [M]: 0x0000000080001D64 (0x00BF1F13) slli t5, t5, 0xb
x30 <- 0x00100000003FB800

mem[X,0x0000000080001D68] -> 0x0F13
mem[X,0x0000000080001D6A] -> 0x7FFF
[1887] [M]: 0x0000000080001D68 (0x7FFF0F13) addi t5, t5, 0x7ff
x30 <- 0x00100000003FBFFF

mem[X,0x0000000080001D6C] -> 0x1F13
mem[X,0x0000000080001D6E] -> 0x00AF
[1888] [M]: 0x0000000080001D6C (0x00AF1F13) slli t5, t5, 0xa
x30 <- 0x40000000FEFFFC00

mem[X,0x0000000080001D70] -> 0x0F13
mem[X,0x0000000080001D72] -> 0x3FFF
[1889] [M]: 0x0000000080001D70 (0x3FFF0F13) addi t5, t5, 0x3ff
x30 <- 0x40000000FEFFFFFF

mem[X,0x0000000080001D74] -> 0x0EB7
mem[X,0x0000000080001D76] -> 0x0000
[1890] [M]: 0x0000000080001D74 (0x00000EB7) lui t4, 0x0
x29 <- 0x0000000000000000

mem[X,0x0000000080001D78] -> 0x8E93
mem[X,0x0000000080001D7A] -> 0xEFFE
[1891] [M]: 0x0000000080001D78 (0xEFFE8E93) addi t4, t4, -0x101
x29 <- 0xFFFFFFFFFFFFFEFF

mem[X,0x0000000080001D7C] -> 0x9E93
mem[X,0x0000000080001D7E] -> 0x00BE
[1892] [M]: 0x0000000080001D7C (0x00BE9E93) slli t4, t4, 0xb
x29 <- 0xFFFFFFFFFFF7F800

mem[X,0x0000000080001D80] -> 0x8E93
mem[X,0x0000000080001D82] -> 0x7FFE
[1893] [M]: 0x0000000080001D80 (0x7FFE8E93) addi t4, t4, 0x7ff
x29 <- 0xFFFFFFFFFFF7FFFF

mem[X,0x0000000080001D84] -> 0x9E93
mem[X,0x0000000080001D86] -> 0x00BE
[1894] [M]: 0x0000000080001D84 (0x00BE9E93) slli t4, t4, 0xb
x29 <- 0xFFFFFFFFBFFFF800

mem[X,0x0000000080001D88] -> 0x8E93
mem[X,0x0000000080001D8A] -> 0x7FFE
[1895] [M]: 0x0000000080001D88 (0x7FFE8E93) addi t4, t4, 0x7ff
x29 <- 0xFFFFFFFFBFFFFFFF

mem[X,0x0000000080001D8C] -> 0x9E93
mem[X,0x0000000080001D8E] -> 0x00AE
[1896] [M]: 0x0000000080001D8C (0x00AE9E93) slli t4, t4, 0xa
x29 <- 0xFFFFFEFFFFFFFC00

mem[X,0x0000000080001D90] -> 0x8E93
mem[X,0x0000000080001D92] -> 0x3DFE
[1897] [M]: 0x0000000080001D90 (0x3DFE8E93) addi t4, t4, 0x3df
x29 <- 0xFFFFFEFFFFFFFFDF

mem[X,0x0000000080001D94] -> 0x2F9B
mem[X,0x0000000080001D96] -> 0xEBDF
[1898] [M]: 0x0000000080001D94 (0xEBDF2F9B) pssha.w.w0 t6, t5, t4
x31 <- 0x0000000080000000

mem[X,0x0000000080001D98] -> 0xBC23
mem[X,0x0000000080001D9A] -> 0x27F0
[1899] [M]: 0x0000000080001D98 (0x27F0BC23) sd t6, 0x278(ra)
mem[0x0000000080005488] <- 0x0000000080000000

clint::tick mtime <- 0x0000000000000013
 clint timer pending at mtime 0x0000000000000013
htif::tick 0x0000000000000000
mem[X,0x0000000080001D9C] -> 0x0F37
mem[X,0x0000000080001D9E] -> 0xFE00
[1900] [M]: 0x0000000080001D9C (0xFE000F37) lui t5, -0x2000
x30 <- 0xFFFFFFFFFE000000

mem[X,0x0000000080001DA0] -> 0x0F13
mem[X,0x0000000080001DA2] -> 0xFFFF
[1901] [M]: 0x0000000080001DA0 (0xFFFF0F13) addi t5, t5, -0x1
x30 <- 0xFFFFFFFFFDFFFFFF

mem[X,0x0000000080001DA4] -> 0x1F13
mem[X,0x0000000080001DA6] -> 0x00BF
[1902] [M]: 0x0000000080001DA4 (0x00BF1F13) slli t5, t5, 0xb
x30 <- 0xFFFFFFEFFFFFF800

mem[X,0x0000000080001DA8] -> 0x0F13
mem[X,0x0000000080001DAA] -> 0x000F
[1903] [M]: 0x0000000080001DA8 (0x000F0F13) addi t5, t5, 0x0
x30 <- 0xFFFFFFEFFFFFF800

mem[X,0x0000000080001DAC] -> 0x1F13
mem[X,0x0000000080001DAE] -> 0x00BF
[1904] [M]: 0x0000000080001DAC (0x00BF1F13) slli t5, t5, 0xb
x30 <- 0xFFFF7FFFFFC00000

mem[X,0x0000000080001DB0] -> 0x0F13
mem[X,0x0000000080001DB2] -> 0x000F
[1905] [M]: 0x0000000080001DB0 (0x000F0F13) addi t5, t5, 0x0
x30 <- 0xFFFF7FFFFFC00000

mem[X,0x0000000080001DB4] -> 0x1F13
mem[X,0x0000000080001DB6] -> 0x00AF
[1906] [M]: 0x0000000080001DB4 (0x00AF1F13) slli t5, t5, 0xa
x30 <- 0xFDFFFFFF00000000

mem[X,0x0000000080001DB8] -> 0x0F13
mem[X,0x0000000080001DBA] -> 0x001F
[1907] [M]: 0x0000000080001DB8 (0x001F0F13) addi t5, t5, 0x1
x30 <- 0xFDFFFFFF00000001

mem[X,0x0000000080001DBC] -> 0x0EB7
mem[X,0x0000000080001DBE] -> 0xFF00
[1908] [M]: 0x0000000080001DBC (0xFF000EB7) lui t4, -0x1000
x29 <- 0xFFFFFFFFFF000000

mem[X,0x0000000080001DC0] -> 0x8E93
mem[X,0x0000000080001DC2] -> 0xFFFE
[1909] [M]: 0x0000000080001DC0 (0xFFFE8E93) addi t4, t4, -0x1
x29 <- 0xFFFFFFFFFEFFFFFF

mem[X,0x0000000080001DC4] -> 0x9E93
mem[X,0x0000000080001DC6] -> 0x00BE
[1910] [M]: 0x0000000080001DC4 (0x00BE9E93) slli t4, t4, 0xb
x29 <- 0xFFFFFFF7FFFFF800

mem[X,0x0000000080001DC8] -> 0x8E93
mem[X,0x0000000080001DCA] -> 0x7FFE
[1911] [M]: 0x0000000080001DC8 (0x7FFE8E93) addi t4, t4, 0x7ff
x29 <- 0xFFFFFFF7FFFFFFFF

mem[X,0x0000000080001DCC] -> 0x9E93
mem[X,0x0000000080001DCE] -> 0x00BE
[1912] [M]: 0x0000000080001DCC (0x00BE9E93) slli t4, t4, 0xb
x29 <- 0xFFFFBFFFFFFFF800

mem[X,0x0000000080001DD0] -> 0x8E93
mem[X,0x0000000080001DD2] -> 0x7FFE
[1913] [M]: 0x0000000080001DD0 (0x7FFE8E93) addi t4, t4, 0x7ff
x29 <- 0xFFFFBFFFFFFFFFFF

mem[X,0x0000000080001DD4] -> 0x9E93
mem[X,0x0000000080001DD6] -> 0x00AE
[1914] [M]: 0x0000000080001DD4 (0x00AE9E93) slli t4, t4, 0xa
x29 <- 0xFEFFFFFFFFFFFC00

mem[X,0x0000000080001DD8] -> 0x8E93
mem[X,0x0000000080001DDA] -> 0x37FE
[1915] [M]: 0x0000000080001DD8 (0x37FE8E93) addi t4, t4, 0x37f
x29 <- 0xFEFFFFFFFFFFFF7F

mem[X,0x0000000080001DDC] -> 0x2F9B
mem[X,0x0000000080001DDE] -> 0xEBDF
[1916] [M]: 0x0000000080001DDC (0xEBDF2F9B) pssha.w.w0 t6, t5, t4
x31 <- 0xFEFFFFFF00000000

mem[X,0x0000000080001DE0] -> 0xB023
mem[X,0x0000000080001DE2] -> 0x29F0
[1917] [M]: 0x0000000080001DE0 (0x29F0B023) sd t6, 0x280(ra)
mem[0x0000000080005490] <- 0xFEFFFFFF00000000

mem[X,0x0000000080001DE4] -> 0x0F37
mem[X,0x0000000080001DE6] -> 0x0005
[1918] [M]: 0x0000000080001DE4 (0x00050F37) lui t5, 0x50
x30 <- 0x0000000000050000

mem[X,0x0000000080001DE8] -> 0x0F13
mem[X,0x0000000080001DEA] -> 0x001F
[1919] [M]: 0x0000000080001DE8 (0x001F0F13) addi t5, t5, 0x1
x30 <- 0x0000000000050001

mem[X,0x0000000080001DEC] -> 0x1F13
mem[X,0x0000000080001DEE] -> 0x010F
[1920] [M]: 0x0000000080001DEC (0x010F1F13) slli t5, t5, 0x10
x30 <- 0x0000000500010000

mem[X,0x0000000080001DF0] -> 0x0EB7
mem[X,0x0000000080001DF2] -> 0xF800
[1921] [M]: 0x0000000080001DF0 (0xF8000EB7) lui t4, -0x8000
x29 <- 0xFFFFFFFFF8000000

mem[X,0x0000000080001DF4] -> 0x8E93
mem[X,0x0000000080001DF6] -> 0xFFFE
[1922] [M]: 0x0000000080001DF4 (0xFFFE8E93) addi t4, t4, -0x1
x29 <- 0xFFFFFFFFF7FFFFFF

mem[X,0x0000000080001DF8] -> 0x9E93
mem[X,0x0000000080001DFA] -> 0x00BE
[1923] [M]: 0x0000000080001DF8 (0x00BE9E93) slli t4, t4, 0xb
x29 <- 0xFFFFFFBFFFFFF800

mem[X,0x0000000080001DFC] -> 0x8E93
mem[X,0x0000000080001DFE] -> 0x7FFE
[1924] [M]: 0x0000000080001DFC (0x7FFE8E93) addi t4, t4, 0x7ff
x29 <- 0xFFFFFFBFFFFFFFFF

mem[X,0x0000000080001E00] -> 0x9E93
mem[X,0x0000000080001E02] -> 0x00BE
[1925] [M]: 0x0000000080001E00 (0x00BE9E93) slli t4, t4, 0xb
x29 <- 0xFFFDFFFFFFFFF800

mem[X,0x0000000080001E04] -> 0x8E93
mem[X,0x0000000080001E06] -> 0x7FDE
[1926] [M]: 0x0000000080001E04 (0x7FDE8E93) addi t4, t4, 0x7fd
x29 <- 0xFFFDFFFFFFFFFFFD

mem[X,0x0000000080001E08] -> 0x9E93
mem[X,0x0000000080001E0A] -> 0x00AE
[1927] [M]: 0x0000000080001E08 (0x00AE9E93) slli t4, t4, 0xa
x29 <- 0xF7FFFFFFFFFFF400

mem[X,0x0000000080001E0C] -> 0x8E93
mem[X,0x0000000080001E0E] -> 0x3FFE
[1928] [M]: 0x0000000080001E0C (0x3FFE8E93) addi t4, t4, 0x3ff
x29 <- 0xF7FFFFFFFFFFF7FF

mem[X,0x0000000080001E10] -> 0x2F9B
mem[X,0x0000000080001E12] -> 0xEBDF
[1929] [M]: 0x0000000080001E10 (0xEBDF2F9B) pssha.w.w0 t6, t5, t4
x31 <- 0x0000000200008000

mem[X,0x0000000080001E14] -> 0xB423
mem[X,0x0000000080001E16] -> 0x29F0
[1930] [M]: 0x0000000080001E14 (0x29F0B423) sd t6, 0x288(ra)
mem[0x0000000080005498] <- 0x0000000200008000

mem[X,0x0000000080001E18] -> 0x0F37
mem[X,0x0000000080001E1A] -> 0x0008
[1931] [M]: 0x0000000080001E18 (0x00080F37) lui t5, 0x80
x30 <- 0x0000000000080000

mem[X,0x0000000080001E1C] -> 0x0F13
mem[X,0x0000000080001E1E] -> 0x000F
[1932] [M]: 0x0000000080001E1C (0x000F0F13) addi t5, t5, 0x0
x30 <- 0x0000000000080000

mem[X,0x0000000080001E20] -> 0x1F13
mem[X,0x0000000080001E22] -> 0x00BF
[1933] [M]: 0x0000000080001E20 (0x00BF1F13) slli t5, t5, 0xb
x30 <- 0x0000000040000000

mem[X,0x0000000080001E24] -> 0x0F13
mem[X,0x0000000080001E26] -> 0x2AAF
[1934] [M]: 0x0000000080001E24 (0x2AAF0F13) addi t5, t5, 0x2aa
x30 <- 0x00000000400002AA

mem[X,0x0000000080001E28] -> 0x1F13
mem[X,0x0000000080001E2A] -> 0x00BF
[1935] [M]: 0x0000000080001E28 (0x00BF1F13) slli t5, t5, 0xb
x30 <- 0x0000020000155000

mem[X,0x0000000080001E2C] -> 0x0F13
mem[X,0x0000000080001E2E] -> 0x555F
[1936] [M]: 0x0000000080001E2C (0x555F0F13) addi t5, t5, 0x555
x30 <- 0x0000020000155555

mem[X,0x0000000080001E30] -> 0x1F13
mem[X,0x0000000080001E32] -> 0x00AF
[1937] [M]: 0x0000000080001E30 (0x00AF1F13) slli t5, t5, 0xa
x30 <- 0x0008000055555400

mem[X,0x0000000080001E34] -> 0x0F13
mem[X,0x0000000080001E36] -> 0x155F
[1938] [M]: 0x0000000080001E34 (0x155F0F13) addi t5, t5, 0x155
x30 <- 0x0008000055555555

mem[X,0x0000000080001E38] -> 0x4EB7
mem[X,0x0000000080001E3A] -> 0x0000
[1939] [M]: 0x0000000080001E38 (0x00004EB7) lui t4, 0x4
x29 <- 0x0000000000004000

mem[X,0x0000000080001E3C] -> 0x8E93
mem[X,0x0000000080001E3E] -> 0x000E
[1940] [M]: 0x0000000080001E3C (0x000E8E93) addi t4, t4, 0x0
x29 <- 0x0000000000004000

mem[X,0x0000000080001E40] -> 0x9E93
mem[X,0x0000000080001E42] -> 0x00BE
[1941] [M]: 0x0000000080001E40 (0x00BE9E93) slli t4, t4, 0xb
x29 <- 0x0000000002000000

mem[X,0x0000000080001E44] -> 0x8E93
mem[X,0x0000000080001E46] -> 0x7FFE
[1942] [M]: 0x0000000080001E44 (0x7FFE8E93) addi t4, t4, 0x7ff
x29 <- 0x00000000020007FF

mem[X,0x0000000080001E48] -> 0x9E93
mem[X,0x0000000080001E4A] -> 0x00BE
[1943] [M]: 0x0000000080001E48 (0x00BE9E93) slli t4, t4, 0xb
x29 <- 0x00000010003FF800

mem[X,0x0000000080001E4C] -> 0x8E93
mem[X,0x0000000080001E4E] -> 0x7EFE
[1944] [M]: 0x0000000080001E4C (0x7EFE8E93) addi t4, t4, 0x7ef
x29 <- 0x00000010003FFFEF

mem[X,0x0000000080001E50] -> 0x9E93
mem[X,0x0000000080001E52] -> 0x00AE
[1945] [M]: 0x0000000080001E50 (0x00AE9E93) slli t4, t4, 0xa
x29 <- 0x00004000FFFFBC00

mem[X,0x0000000080001E54] -> 0x8E93
mem[X,0x0000000080001E56] -> 0x3FFE
[1946] [M]: 0x0000000080001E54 (0x3FFE8E93) addi t4, t4, 0x3ff
x29 <- 0x00004000FFFFBFFF

mem[X,0x0000000080001E58] -> 0x2F9B
mem[X,0x0000000080001E5A] -> 0xEBDF
[1947] [M]: 0x0000000080001E58 (0xEBDF2F9B) pssha.w.w0 t6, t5, t4
x31 <- 0x000400002AAAAAAA

mem[X,0x0000000080001E5C] -> 0xB823
mem[X,0x0000000080001E5E] -> 0x29F0
[1948] [M]: 0x0000000080001E5C (0x29F0B823) sd t6, 0x290(ra)
mem[0x00000000800054A0] <- 0x000400002AAAAAAA

mem[X,0x0000000080001E60] -> 0x5F37
mem[X,0x0000000080001E62] -> 0x5555
[1949] [M]: 0x0000000080001E60 (0x55555F37) lui t5, 0x55555
x30 <- 0x0000000055555000

mem[X,0x0000000080001E64] -> 0x0F13
mem[X,0x0000000080001E66] -> 0x555F
[1950] [M]: 0x0000000080001E64 (0x555F0F13) addi t5, t5, 0x555
x30 <- 0x0000000055555555

mem[X,0x0000000080001E68] -> 0x1F13
mem[X,0x0000000080001E6A] -> 0x00BF
[1951] [M]: 0x0000000080001E68 (0x00BF1F13) slli t5, t5, 0xb
x30 <- 0x000002AAAAAAA800

mem[X,0x0000000080001E6C] -> 0x0F13
mem[X,0x0000000080001E6E] -> 0x200F
[1952] [M]: 0x0000000080001E6C (0x200F0F13) addi t5, t5, 0x200
x30 <- 0x000002AAAAAAAA00

mem[X,0x0000000080001E70] -> 0x1F13
mem[X,0x0000000080001E72] -> 0x00BF
[1953] [M]: 0x0000000080001E70 (0x00BF1F13) slli t5, t5, 0xb
x30 <- 0x0015555555500000

mem[X,0x0000000080001E74] -> 0x0F13
mem[X,0x0000000080001E76] -> 0x000F
[1954] [M]: 0x0000000080001E74 (0x000F0F13) addi t5, t5, 0x0
x30 <- 0x0015555555500000

mem[X,0x0000000080001E78] -> 0x1F13
mem[X,0x0000000080001E7A] -> 0x00AF
[1955] [M]: 0x0000000080001E78 (0x00AF1F13) slli t5, t5, 0xa
x30 <- 0x5555555540000000

mem[X,0x0000000080001E7C] -> 0x0EB7
mem[X,0x0000000080001E7E] -> 0x0001
[1956] [M]: 0x0000000080001E7C (0x00010EB7) lui t4, 0x10
x29 <- 0x0000000000010000

mem[X,0x0000000080001E80] -> 0x8E93
mem[X,0x0000000080001E82] -> 0x000E
[1957] [M]: 0x0000000080001E80 (0x000E8E93) addi t4, t4, 0x0
x29 <- 0x0000000000010000

mem[X,0x0000000080001E84] -> 0x9E93
mem[X,0x0000000080001E86] -> 0x00BE
[1958] [M]: 0x0000000080001E84 (0x00BE9E93) slli t4, t4, 0xb
x29 <- 0x0000000008000000

mem[X,0x0000000080001E88] -> 0x8E93
mem[X,0x0000000080001E8A] -> 0x7FFE
[1959] [M]: 0x0000000080001E88 (0x7FFE8E93) addi t4, t4, 0x7ff
x29 <- 0x00000000080007FF

mem[X,0x0000000080001E8C] -> 0x9E93
mem[X,0x0000000080001E8E] -> 0x00BE
[1960] [M]: 0x0000000080001E8C (0x00BE9E93) slli t4, t4, 0xb
x29 <- 0x00000040003FF800

mem[X,0x0000000080001E90] -> 0x8E93
mem[X,0x0000000080001E92] -> 0x7DFE
[1961] [M]: 0x0000000080001E90 (0x7DFE8E93) addi t4, t4, 0x7df
x29 <- 0x00000040003FFFDF

mem[X,0x0000000080001E94] -> 0x9E93
mem[X,0x0000000080001E96] -> 0x00AE
[1962] [M]: 0x0000000080001E94 (0x00AE9E93) slli t4, t4, 0xa
x29 <- 0x00010000FFFF7C00

mem[X,0x0000000080001E98] -> 0x8E93
mem[X,0x0000000080001E9A] -> 0x3FFE
[1963] [M]: 0x0000000080001E98 (0x3FFE8E93) addi t4, t4, 0x3ff
x29 <- 0x00010000FFFF7FFF

mem[X,0x0000000080001E9C] -> 0x2F9B
mem[X,0x0000000080001E9E] -> 0xEBDF
[1964] [M]: 0x0000000080001E9C (0xEBDF2F9B) pssha.w.w0 t6, t5, t4
x31 <- 0x2AAAAAAA20000000

mem[X,0x0000000080001EA0] -> 0xBC23
mem[X,0x0000000080001EA2] -> 0x29F0
[1965] [M]: 0x0000000080001EA0 (0x29F0BC23) sd t6, 0x298(ra)
mem[0x00000000800054A8] <- 0x2AAAAAAA20000000

mem[X,0x0000000080001EA4] -> 0x0F37
mem[X,0x0000000080001EA6] -> 0x0000
[1966] [M]: 0x0000000080001EA4 (0x00000F37) lui t5, 0x0
x30 <- 0x0000000000000000

mem[X,0x0000000080001EA8] -> 0x0F13
mem[X,0x0000000080001EAA] -> 0xFF8F
[1967] [M]: 0x0000000080001EA8 (0xFF8F0F13) addi t5, t5, -0x8
x30 <- 0xFFFFFFFFFFFFFFF8

mem[X,0x0000000080001EAC] -> 0x1F13
mem[X,0x0000000080001EAE] -> 0x00BF
[1968] [M]: 0x0000000080001EAC (0x00BF1F13) slli t5, t5, 0xb
x30 <- 0xFFFFFFFFFFFFC000

mem[X,0x0000000080001EB0] -> 0x0F13
mem[X,0x0000000080001EB2] -> 0x7FFF
[1969] [M]: 0x0000000080001EB0 (0x7FFF0F13) addi t5, t5, 0x7ff
x30 <- 0xFFFFFFFFFFFFC7FF

mem[X,0x0000000080001EB4] -> 0x1F13
mem[X,0x0000000080001EB6] -> 0x00BF
[1970] [M]: 0x0000000080001EB4 (0x00BF1F13) slli t5, t5, 0xb
x30 <- 0xFFFFFFFFFE3FF800

mem[X,0x0000000080001EB8] -> 0x0F13
mem[X,0x0000000080001EBA] -> 0x7DFF
[1971] [M]: 0x0000000080001EB8 (0x7DFF0F13) addi t5, t5, 0x7df
x30 <- 0xFFFFFFFFFE3FFFDF

mem[X,0x0000000080001EBC] -> 0x1F13
mem[X,0x0000000080001EBE] -> 0x00AF
[1972] [M]: 0x0000000080001EBC (0x00AF1F13) slli t5, t5, 0xa
x30 <- 0xFFFFFFF8FFFF7C00

mem[X,0x0000000080001EC0] -> 0x0F13
mem[X,0x0000000080001EC2] -> 0x3FFF
[1973] [M]: 0x0000000080001EC0 (0x3FFF0F13) addi t5, t5, 0x3ff
x30 <- 0xFFFFFFF8FFFF7FFF

mem[X,0x0000000080001EC4] -> 0x0EB7
mem[X,0x0000000080001EC6] -> 0x0002
[1974] [M]: 0x0000000080001EC4 (0x00020EB7) lui t4, 0x20
x29 <- 0x0000000000020000

mem[X,0x0000000080001EC8] -> 0x8E93
mem[X,0x0000000080001ECA] -> 0x000E
[1975] [M]: 0x0000000080001EC8 (0x000E8E93) addi t4, t4, 0x0
x29 <- 0x0000000000020000

mem[X,0x0000000080001ECC] -> 0x9E93
mem[X,0x0000000080001ECE] -> 0x00BE
[1976] [M]: 0x0000000080001ECC (0x00BE9E93) slli t4, t4, 0xb
x29 <- 0x0000000010000000

mem[X,0x0000000080001ED0] -> 0x8E93
mem[X,0x0000000080001ED2] -> 0x7FFE
[1977] [M]: 0x0000000080001ED0 (0x7FFE8E93) addi t4, t4, 0x7ff
x29 <- 0x00000000100007FF

mem[X,0x0000000080001ED4] -> 0x9E93
mem[X,0x0000000080001ED6] -> 0x00BE
[1978] [M]: 0x0000000080001ED4 (0x00BE9E93) slli t4, t4, 0xb
x29 <- 0x00000080003FF800

mem[X,0x0000000080001ED8] -> 0x8E93
mem[X,0x0000000080001EDA] -> 0x6FFE
[1979] [M]: 0x0000000080001ED8 (0x6FFE8E93) addi t4, t4, 0x6ff
x29 <- 0x00000080003FFEFF

mem[X,0x0000000080001EDC] -> 0x9E93
mem[X,0x0000000080001EDE] -> 0x00AE
[1980] [M]: 0x0000000080001EDC (0x00AE9E93) slli t4, t4, 0xa
x29 <- 0x00020000FFFBFC00

mem[X,0x0000000080001EE0] -> 0x8E93
mem[X,0x0000000080001EE2] -> 0x3FFE
[1981] [M]: 0x0000000080001EE0 (0x3FFE8E93) addi t4, t4, 0x3ff
x29 <- 0x00020000FFFBFFFF

mem[X,0x0000000080001EE4] -> 0x2F9B
mem[X,0x0000000080001EE6] -> 0xEBDF
[1982] [M]: 0x0000000080001EE4 (0xEBDF2F9B) pssha.w.w0 t6, t5, t4
x31 <- 0xFFFFFFFCFFFFBFFF

mem[X,0x0000000080001EE8] -> 0xB023
mem[X,0x0000000080001EEA] -> 0x2BF0
[1983] [M]: 0x0000000080001EE8 (0x2BF0B023) sd t6, 0x2a0(ra)
mem[0x00000000800054B0] <- 0xFFFFFFFCFFFFBFFF

mem[X,0x0000000080001EEC] -> 0x0F37
mem[X,0x0000000080001EEE] -> 0x8000
[1984] [M]: 0x0000000080001EEC (0x80000F37) lui t5, -0x80000
x30 <- 0xFFFFFFFF80000000

mem[X,0x0000000080001EF0] -> 0x0F13
mem[X,0x0000000080001EF2] -> 0x000F
[1985] [M]: 0x0000000080001EF0 (0x000F0F13) addi t5, t5, 0x0
x30 <- 0xFFFFFFFF80000000

mem[X,0x0000000080001EF4] -> 0x1F13
mem[X,0x0000000080001EF6] -> 0x00BF
[1986] [M]: 0x0000000080001EF4 (0x00BF1F13) slli t5, t5, 0xb
x30 <- 0xFFFFFC0000000000

mem[X,0x0000000080001EF8] -> 0x0F13
mem[X,0x0000000080001EFA] -> 0x7FFF
[1987] [M]: 0x0000000080001EF8 (0x7FFF0F13) addi t5, t5, 0x7ff
x30 <- 0xFFFFFC00000007FF

mem[X,0x0000000080001EFC] -> 0x1F13
mem[X,0x0000000080001EFE] -> 0x00BF
[1988] [M]: 0x0000000080001EFC (0x00BF1F13) slli t5, t5, 0xb
x30 <- 0xFFE00000003FF800

mem[X,0x0000000080001F00] -> 0x0F13
mem[X,0x0000000080001F02] -> 0x7FFF
[1989] [M]: 0x0000000080001F00 (0x7FFF0F13) addi t5, t5, 0x7ff
x30 <- 0xFFE00000003FFFFF

mem[X,0x0000000080001F04] -> 0x1F13
mem[X,0x0000000080001F06] -> 0x00AF
[1990] [M]: 0x0000000080001F04 (0x00AF1F13) slli t5, t5, 0xa
x30 <- 0x80000000FFFFFC00

mem[X,0x0000000080001F08] -> 0x0F13
mem[X,0x0000000080001F0A] -> 0x3F7F
[1991] [M]: 0x0000000080001F08 (0x3F7F0F13) addi t5, t5, 0x3f7
x30 <- 0x80000000FFFFFFF7

mem[X,0x0000000080001F0C] -> 0x0EB7
mem[X,0x0000000080001F0E] -> 0xFE00
[1992] [M]: 0x0000000080001F0C (0xFE000EB7) lui t4, -0x2000
x29 <- 0xFFFFFFFFFE000000

mem[X,0x0000000080001F10] -> 0x8E93
mem[X,0x0000000080001F12] -> 0xFFFE
[1993] [M]: 0x0000000080001F10 (0xFFFE8E93) addi t4, t4, -0x1
x29 <- 0xFFFFFFFFFDFFFFFF

mem[X,0x0000000080001F14] -> 0x9E93
mem[X,0x0000000080001F16] -> 0x00BE
[1994] [M]: 0x0000000080001F14 (0x00BE9E93) slli t4, t4, 0xb
x29 <- 0xFFFFFFEFFFFFF800

mem[X,0x0000000080001F18] -> 0x8E93
mem[X,0x0000000080001F1A] -> 0x7FFE
[1995] [M]: 0x0000000080001F18 (0x7FFE8E93) addi t4, t4, 0x7ff
x29 <- 0xFFFFFFEFFFFFFFFF

mem[X,0x0000000080001F1C] -> 0x9E93
mem[X,0x0000000080001F1E] -> 0x00BE
[1996] [M]: 0x0000000080001F1C (0x00BE9E93) slli t4, t4, 0xb
x29 <- 0xFFFF7FFFFFFFF800

mem[X,0x0000000080001F20] -> 0x8E93
mem[X,0x0000000080001F22] -> 0x5FFE
[1997] [M]: 0x0000000080001F20 (0x5FFE8E93) addi t4, t4, 0x5ff
x29 <- 0xFFFF7FFFFFFFFDFF

mem[X,0x0000000080001F24] -> 0x9E93
mem[X,0x0000000080001F26] -> 0x00AE
[1998] [M]: 0x0000000080001F24 (0x00AE9E93) slli t4, t4, 0xa
x29 <- 0xFDFFFFFFFFF7FC00

mem[X,0x0000000080001F28] -> 0x8E93
mem[X,0x0000000080001F2A] -> 0x3FFE
[1999] [M]: 0x0000000080001F28 (0x3FFE8E93) addi t4, t4, 0x3ff
x29 <- 0xFDFFFFFFFFF7FFFF

clint::tick mtime <- 0x0000000000000014
 clint timer pending at mtime 0x0000000000000014
htif::tick 0x0000000000000000
mem[X,0x0000000080001F2C] -> 0x2F9B
mem[X,0x0000000080001F2E] -> 0xEBDF
[2000] [M]: 0x0000000080001F2C (0xEBDF2F9B) pssha.w.w0 t6, t5, t4
x31 <- 0xC0000000FFFFFFFB

mem[X,0x0000000080001F30] -> 0xB423
mem[X,0x0000000080001F32] -> 0x2BF0
[2001] [M]: 0x0000000080001F30 (0x2BF0B423) sd t6, 0x2a8(ra)
mem[0x00000000800054B8] <- 0xC0000000FFFFFFFB

mem[X,0x0000000080001F34] -> 0x0F37
mem[X,0x0000000080001F36] -> 0xFFFC
[2002] [M]: 0x0000000080001F34 (0xFFFC0F37) lui t5, -0x40
x30 <- 0xFFFFFFFFFFFC0000

mem[X,0x0000000080001F38] -> 0x0F13
mem[X,0x0000000080001F3A] -> 0xFFFF
[2003] [M]: 0x0000000080001F38 (0xFFFF0F13) addi t5, t5, -0x1
x30 <- 0xFFFFFFFFFFFBFFFF

mem[X,0x0000000080001F3C] -> 0x1F13
mem[X,0x0000000080001F3E] -> 0x00BF
[2004] [M]: 0x0000000080001F3C (0x00BF1F13) slli t5, t5, 0xb
x30 <- 0xFFFFFFFFDFFFF800

mem[X,0x0000000080001F40] -> 0x0F13
mem[X,0x0000000080001F42] -> 0x77FF
[2005] [M]: 0x0000000080001F40 (0x77FF0F13) addi t5, t5, 0x77f
x30 <- 0xFFFFFFFFDFFFFF7F

mem[X,0x0000000080001F44] -> 0x1F13
mem[X,0x0000000080001F46] -> 0x00BF
[2006] [M]: 0x0000000080001F44 (0x00BF1F13) slli t5, t5, 0xb
x30 <- 0xFFFFFEFFFFFBF800

mem[X,0x0000000080001F48] -> 0x0F13
mem[X,0x0000000080001F4A] -> 0x7FFF
[2007] [M]: 0x0000000080001F48 (0x7FFF0F13) addi t5, t5, 0x7ff
x30 <- 0xFFFFFEFFFFFBFFFF

mem[X,0x0000000080001F4C] -> 0x1F13
mem[X,0x0000000080001F4E] -> 0x00AF
[2008] [M]: 0x0000000080001F4C (0x00AF1F13) slli t5, t5, 0xa
x30 <- 0xFFFBFFFFEFFFFC00

mem[X,0x0000000080001F50] -> 0x0F13
mem[X,0x0000000080001F52] -> 0x3FFF
[2009] [M]: 0x0000000080001F50 (0x3FFF0F13) addi t5, t5, 0x3ff
x30 <- 0xFFFBFFFFEFFFFFFF

mem[X,0x0000000080001F54] -> 0x0EB7
mem[X,0x0000000080001F56] -> 0x0000
[2010] [M]: 0x0000000080001F54 (0x00000EB7) lui t4, 0x0
x29 <- 0x0000000000000000

mem[X,0x0000000080001F58] -> 0x8E93
mem[X,0x0000000080001F5A] -> 0x006E
[2011] [M]: 0x0000000080001F58 (0x006E8E93) addi t4, t4, 0x6
x29 <- 0x0000000000000006

mem[X,0x0000000080001F5C] -> 0x9E93
mem[X,0x0000000080001F5E] -> 0x00BE
[2012] [M]: 0x0000000080001F5C (0x00BE9E93) slli t4, t4, 0xb
x29 <- 0x0000000000003000

mem[X,0x0000000080001F60] -> 0x8E93
mem[X,0x0000000080001F62] -> 0x7FEE
[2013] [M]: 0x0000000080001F60 (0x7FEE8E93) addi t4, t4, 0x7fe
x29 <- 0x00000000000037FE

mem[X,0x0000000080001F64] -> 0x9E93
mem[X,0x0000000080001F66] -> 0x00BE
[2014] [M]: 0x0000000080001F64 (0x00BE9E93) slli t4, t4, 0xb
x29 <- 0x0000000001BFF000

mem[X,0x0000000080001F68] -> 0x8E93
mem[X,0x0000000080001F6A] -> 0x7FFE
[2015] [M]: 0x0000000080001F68 (0x7FFE8E93) addi t4, t4, 0x7ff
x29 <- 0x0000000001BFF7FF

mem[X,0x0000000080001F6C] -> 0x9E93
mem[X,0x0000000080001F6E] -> 0x00AE
[2016] [M]: 0x0000000080001F6C (0x00AE9E93) slli t4, t4, 0xa
x29 <- 0x00000006FFDFFC00

mem[X,0x0000000080001F70] -> 0x8E93
mem[X,0x0000000080001F72] -> 0x3FFE
[2017] [M]: 0x0000000080001F70 (0x3FFE8E93) addi t4, t4, 0x3ff
x29 <- 0x00000006FFDFFFFF

mem[X,0x0000000080001F74] -> 0x2F9B
mem[X,0x0000000080001F76] -> 0xEBDF
[2018] [M]: 0x0000000080001F74 (0xEBDF2F9B) pssha.w.w0 t6, t5, t4
x31 <- 0xFFFDFFFFF7FFFFFF

mem[X,0x0000000080001F78] -> 0xB823
mem[X,0x0000000080001F7A] -> 0x2BF0
[2019] [M]: 0x0000000080001F78 (0x2BF0B823) sd t6, 0x2b0(ra)
mem[0x00000000800054C0] <- 0xFFFDFFFFF7FFFFFF

mem[X,0x0000000080001F7C] -> 0x0F37
mem[X,0x0000000080001F7E] -> 0x0800
[2020] [M]: 0x0000000080001F7C (0x08000F37) lui t5, 0x8000
x30 <- 0x0000000008000000

mem[X,0x0000000080001F80] -> 0x0F13
mem[X,0x0000000080001F82] -> 0x001F
[2021] [M]: 0x0000000080001F80 (0x001F0F13) addi t5, t5, 0x1
x30 <- 0x0000000008000001

mem[X,0x0000000080001F84] -> 0x1F13
mem[X,0x0000000080001F86] -> 0x01DF
[2022] [M]: 0x0000000080001F84 (0x01DF1F13) slli t5, t5, 0x1d
x30 <- 0x0100000020000000

mem[X,0x0000000080001F88] -> 0x0EB7
mem[X,0x0000000080001F8A] -> 0xFFFF
[2023] [M]: 0x0000000080001F88 (0xFFFF0EB7) lui t4, -0x10
x29 <- 0xFFFFFFFFFFFF0000

mem[X,0x0000000080001F8C] -> 0x8E93
mem[X,0x0000000080001F8E] -> 0xFFFE
[2024] [M]: 0x0000000080001F8C (0xFFFE8E93) addi t4, t4, -0x1
x29 <- 0xFFFFFFFFFFFEFFFF

mem[X,0x0000000080001F90] -> 0x9E93
mem[X,0x0000000080001F92] -> 0x00BE
[2025] [M]: 0x0000000080001F90 (0x00BE9E93) slli t4, t4, 0xb
x29 <- 0xFFFFFFFFF7FFF800

mem[X,0x0000000080001F94] -> 0x8E93
mem[X,0x0000000080001F96] -> 0x7FBE
[2026] [M]: 0x0000000080001F94 (0x7FBE8E93) addi t4, t4, 0x7fb
x29 <- 0xFFFFFFFFF7FFFFFB

mem[X,0x0000000080001F98] -> 0x9E93
mem[X,0x0000000080001F9A] -> 0x00BE
[2027] [M]: 0x0000000080001F98 (0x00BE9E93) slli t4, t4, 0xb
x29 <- 0xFFFFFFBFFFFFD800

mem[X,0x0000000080001F9C] -> 0x8E93
mem[X,0x0000000080001F9E] -> 0x7FFE
[2028] [M]: 0x0000000080001F9C (0x7FFE8E93) addi t4, t4, 0x7ff
x29 <- 0xFFFFFFBFFFFFDFFF

mem[X,0x0000000080001FA0] -> 0x9E93
mem[X,0x0000000080001FA2] -> 0x00AE
[2029] [M]: 0x0000000080001FA0 (0x00AE9E93) slli t4, t4, 0xa
x29 <- 0xFFFEFFFFFF7FFC00

mem[X,0x0000000080001FA4] -> 0x8E93
mem[X,0x0000000080001FA6] -> 0x3FFE
[2030] [M]: 0x0000000080001FA4 (0x3FFE8E93) addi t4, t4, 0x3ff
x29 <- 0xFFFEFFFFFF7FFFFF

mem[X,0x0000000080001FA8] -> 0x2F9B
mem[X,0x0000000080001FAA] -> 0xEBDF
[2031] [M]: 0x0000000080001FA8 (0xEBDF2F9B) pssha.w.w0 t6, t5, t4
x31 <- 0x0080000010000000

mem[X,0x0000000080001FAC] -> 0xBC23
mem[X,0x0000000080001FAE] -> 0x2BF0
[2032] [M]: 0x0000000080001FAC (0x2BF0BC23) sd t6, 0x2b8(ra)
mem[0x00000000800054C8] <- 0x0080000010000000

mem[X,0x0000000080001FB0] -> 0x0F37
mem[X,0x0000000080001FB2] -> 0x0000
[2033] [M]: 0x0000000080001FB0 (0x00000F37) lui t5, 0x0
x30 <- 0x0000000000000000

mem[X,0x0000000080001FB4] -> 0x0F13
mem[X,0x0000000080001FB6] -> 0xFFEF
[2034] [M]: 0x0000000080001FB4 (0xFFEF0F13) addi t5, t5, -0x2
x30 <- 0xFFFFFFFFFFFFFFFE

mem[X,0x0000000080001FB8] -> 0x1F13
mem[X,0x0000000080001FBA] -> 0x00BF
[2035] [M]: 0x0000000080001FB8 (0x00BF1F13) slli t5, t5, 0xb
x30 <- 0xFFFFFFFFFFFFF000

mem[X,0x0000000080001FBC] -> 0x0F13
mem[X,0x0000000080001FBE] -> 0x7FFF
[2036] [M]: 0x0000000080001FBC (0x7FFF0F13) addi t5, t5, 0x7ff
x30 <- 0xFFFFFFFFFFFFF7FF

mem[X,0x0000000080001FC0] -> 0x1F13
mem[X,0x0000000080001FC2] -> 0x00BF
[2037] [M]: 0x0000000080001FC0 (0x00BF1F13) slli t5, t5, 0xb
x30 <- 0xFFFFFFFFFFBFF800

mem[X,0x0000000080001FC4] -> 0x0F13
mem[X,0x0000000080001FC6] -> 0x7FFF
[2038] [M]: 0x0000000080001FC4 (0x7FFF0F13) addi t5, t5, 0x7ff
x30 <- 0xFFFFFFFFFFBFFFFF

mem[X,0x0000000080001FC8] -> 0x1F13
mem[X,0x0000000080001FCA] -> 0x00AF
[2039] [M]: 0x0000000080001FC8 (0x00AF1F13) slli t5, t5, 0xa
x30 <- 0xFFFFFFFEFFFFFC00

mem[X,0x0000000080001FCC] -> 0x0F13
mem[X,0x0000000080001FCE] -> 0x3F7F
[2040] [M]: 0x0000000080001FCC (0x3F7F0F13) addi t5, t5, 0x3f7
x30 <- 0xFFFFFFFEFFFFFFF7

mem[X,0x0000000080001FD0] -> 0x0EB7
mem[X,0x0000000080001FD2] -> 0xFFF8
[2041] [M]: 0x0000000080001FD0 (0xFFF80EB7) lui t4, -0x80
x29 <- 0xFFFFFFFFFFF80000

mem[X,0x0000000080001FD4] -> 0x8E93
mem[X,0x0000000080001FD6] -> 0xFFFE
[2042] [M]: 0x0000000080001FD4 (0xFFFE8E93) addi t4, t4, -0x1
x29 <- 0xFFFFFFFFFFF7FFFF

mem[X,0x0000000080001FD8] -> 0x9E93
mem[X,0x0000000080001FDA] -> 0x00BE
[2043] [M]: 0x0000000080001FD8 (0x00BE9E93) slli t4, t4, 0xb
x29 <- 0xFFFFFFFFBFFFF800

mem[X,0x0000000080001FDC] -> 0x8E93
mem[X,0x0000000080001FDE] -> 0x7EFE
[2044] [M]: 0x0000000080001FDC (0x7EFE8E93) addi t4, t4, 0x7ef
x29 <- 0xFFFFFFFFBFFFFFEF

mem[X,0x0000000080001FE0] -> 0x9E93
mem[X,0x0000000080001FE2] -> 0x00BE
[2045] [M]: 0x0000000080001FE0 (0x00BE9E93) slli t4, t4, 0xb
x29 <- 0xFFFFFDFFFFFF7800

mem[X,0x0000000080001FE4] -> 0x8E93
mem[X,0x0000000080001FE6] -> 0x7FFE
[2046] [M]: 0x0000000080001FE4 (0x7FFE8E93) addi t4, t4, 0x7ff
x29 <- 0xFFFFFDFFFFFF7FFF

mem[X,0x0000000080001FE8] -> 0x9E93
mem[X,0x0000000080001FEA] -> 0x00AE
[2047] [M]: 0x0000000080001FE8 (0x00AE9E93) slli t4, t4, 0xa
x29 <- 0xFFF7FFFFFDFFFC00

mem[X,0x0000000080001FEC] -> 0x8E93
mem[X,0x0000000080001FEE] -> 0x3FFE
[2048] [M]: 0x0000000080001FEC (0x3FFE8E93) addi t4, t4, 0x3ff
x29 <- 0xFFF7FFFFFDFFFFFF

mem[X,0x0000000080001FF0] -> 0x2F9B
mem[X,0x0000000080001FF2] -> 0xEBDF
[2049] [M]: 0x0000000080001FF0 (0xEBDF2F9B) pssha.w.w0 t6, t5, t4
x31 <- 0xFFFFFFFFFFFFFFFB

mem[X,0x0000000080001FF4] -> 0xB023
mem[X,0x0000000080001FF6] -> 0x2DF0
[2050] [M]: 0x0000000080001FF4 (0x2DF0B023) sd t6, 0x2c0(ra)
mem[0x00000000800054D0] <- 0xFFFFFFFFFFFFFFFB

mem[X,0x0000000080001FF8] -> 0x4F37
mem[X,0x0000000080001FFA] -> 0x0000
[2051] [M]: 0x0000000080001FF8 (0x00004F37) lui t5, 0x4
x30 <- 0x0000000000004000

mem[X,0x0000000080001FFC] -> 0x0F13
mem[X,0x0000000080001FFE] -> 0x000F
[2052] [M]: 0x0000000080001FFC (0x000F0F13) addi t5, t5, 0x0
x30 <- 0x0000000000004000

mem[X,0x0000000080002000] -> 0x1F13
mem[X,0x0000000080002002] -> 0x00BF
[2053] [M]: 0x0000000080002000 (0x00BF1F13) slli t5, t5, 0xb
x30 <- 0x0000000002000000

mem[X,0x0000000080002004] -> 0x0F13
mem[X,0x0000000080002006] -> 0x6FFF
[2054] [M]: 0x0000000080002004 (0x6FFF0F13) addi t5, t5, 0x6ff
x30 <- 0x00000000020006FF

mem[X,0x0000000080002008] -> 0x1F13
mem[X,0x000000008000200A] -> 0x00BF
[2055] [M]: 0x0000000080002008 (0x00BF1F13) slli t5, t5, 0xb
x30 <- 0x000000100037F800

mem[X,0x000000008000200C] -> 0x0F13
mem[X,0x000000008000200E] -> 0x7FFF
[2056] [M]: 0x000000008000200C (0x7FFF0F13) addi t5, t5, 0x7ff
x30 <- 0x000000100037FFFF

mem[X,0x0000000080002010] -> 0x1F13
mem[X,0x0000000080002012] -> 0x00AF
[2057] [M]: 0x0000000080002010 (0x00AF1F13) slli t5, t5, 0xa
x30 <- 0x00004000DFFFFC00

mem[X,0x0000000080002014] -> 0x0F13
mem[X,0x0000000080002016] -> 0x3FFF
[2058] [M]: 0x0000000080002014 (0x3FFF0F13) addi t5, t5, 0x3ff
x30 <- 0x00004000DFFFFFFF

mem[X,0x0000000080002018] -> 0x0EB7
mem[X,0x000000008000201A] -> 0x0001
[2059] [M]: 0x0000000080002018 (0x00010EB7) lui t4, 0x10
x29 <- 0x0000000000010000

mem[X,0x000000008000201C] -> 0x8E93
mem[X,0x000000008000201E] -> 0x000E
[2060] [M]: 0x000000008000201C (0x000E8E93) addi t4, t4, 0x0
x29 <- 0x0000000000010000

mem[X,0x0000000080002020] -> 0x9E93
mem[X,0x0000000080002022] -> 0x00BE
[2061] [M]: 0x0000000080002020 (0x00BE9E93) slli t4, t4, 0xb
x29 <- 0x0000000008000000

mem[X,0x0000000080002024] -> 0x8E93
mem[X,0x0000000080002026] -> 0x7DFE
[2062] [M]: 0x0000000080002024 (0x7DFE8E93) addi t4, t4, 0x7df
x29 <- 0x00000000080007DF

mem[X,0x0000000080002028] -> 0x9E93
mem[X,0x000000008000202A] -> 0x00BE
[2063] [M]: 0x0000000080002028 (0x00BE9E93) slli t4, t4, 0xb
x29 <- 0x00000040003EF800

mem[X,0x000000008000202C] -> 0x8E93
mem[X,0x000000008000202E] -> 0x7FFE
[2064] [M]: 0x000000008000202C (0x7FFE8E93) addi t4, t4, 0x7ff
x29 <- 0x00000040003EFFFF

mem[X,0x0000000080002030] -> 0x9E93
mem[X,0x0000000080002032] -> 0x00AE
[2065] [M]: 0x0000000080002030 (0x00AE9E93) slli t4, t4, 0xa
x29 <- 0x00010000FBFFFC00

mem[X,0x0000000080002034] -> 0x8E93
mem[X,0x0000000080002036] -> 0x3FFE
[2066] [M]: 0x0000000080002034 (0x3FFE8E93) addi t4, t4, 0x3ff
x29 <- 0x00010000FBFFFFFF

mem[X,0x0000000080002038] -> 0x2F9B
mem[X,0x000000008000203A] -> 0xEBDF
[2067] [M]: 0x0000000080002038 (0xEBDF2F9B) pssha.w.w0 t6, t5, t4
x31 <- 0x00002000EFFFFFFF

mem[X,0x000000008000203C] -> 0xB423
mem[X,0x000000008000203E] -> 0x2DF0
[2068] [M]: 0x000000008000203C (0x2DF0B423) sd t6, 0x2c8(ra)
mem[0x00000000800054D8] <- 0x00002000EFFFFFFF

mem[X,0x0000000080002040] -> 0x0F37
mem[X,0x0000000080002042] -> 0x0000
[2069] [M]: 0x0000000080002040 (0x00000F37) lui t5, 0x0
x30 <- 0x0000000000000000

mem[X,0x0000000080002044] -> 0x0F13
mem[X,0x0000000080002046] -> 0xDFFF
[2070] [M]: 0x0000000080002044 (0xDFFF0F13) addi t5, t5, -0x201
x30 <- 0xFFFFFFFFFFFFFDFF

mem[X,0x0000000080002048] -> 0x1F13
mem[X,0x000000008000204A] -> 0x00BF
[2071] [M]: 0x0000000080002048 (0x00BF1F13) slli t5, t5, 0xb
x30 <- 0xFFFFFFFFFFEFF800

mem[X,0x000000008000204C] -> 0x0F13
mem[X,0x000000008000204E] -> 0x000F
[2072] [M]: 0x000000008000204C (0x000F0F13) addi t5, t5, 0x0
x30 <- 0xFFFFFFFFFFEFF800

mem[X,0x0000000080002050] -> 0x1F13
mem[X,0x0000000080002052] -> 0x00BF
[2073] [M]: 0x0000000080002050 (0x00BF1F13) slli t5, t5, 0xb
x30 <- 0xFFFFFFFF7FC00000

mem[X,0x0000000080002054] -> 0x0F13
mem[X,0x0000000080002056] -> 0x000F
[2074] [M]: 0x0000000080002054 (0x000F0F13) addi t5, t5, 0x0
x30 <- 0xFFFFFFFF7FC00000

mem[X,0x0000000080002058] -> 0x1F13
mem[X,0x000000008000205A] -> 0x00AF
[2075] [M]: 0x0000000080002058 (0x00AF1F13) slli t5, t5, 0xa
x30 <- 0xFFFFFDFF00000000

mem[X,0x000000008000205C] -> 0x0F13
mem[X,0x000000008000205E] -> 0x040F
[2076] [M]: 0x000000008000205C (0x040F0F13) addi t5, t5, 0x40
x30 <- 0xFFFFFDFF00000040

mem[X,0x0000000080002060] -> 0x0EB7
mem[X,0x0000000080002062] -> 0xF800
[2077] [M]: 0x0000000080002060 (0xF8000EB7) lui t4, -0x8000
x29 <- 0xFFFFFFFFF8000000

mem[X,0x0000000080002064] -> 0x8E93
mem[X,0x0000000080002066] -> 0xFFFE
[2078] [M]: 0x0000000080002064 (0xFFFE8E93) addi t4, t4, -0x1
x29 <- 0xFFFFFFFFF7FFFFFF

mem[X,0x0000000080002068] -> 0x9E93
mem[X,0x000000008000206A] -> 0x00BE
[2079] [M]: 0x0000000080002068 (0x00BE9E93) slli t4, t4, 0xb
x29 <- 0xFFFFFFBFFFFFF800

mem[X,0x000000008000206C] -> 0x8E93
mem[X,0x000000008000206E] -> 0x7BFE
[2080] [M]: 0x000000008000206C (0x7BFE8E93) addi t4, t4, 0x7bf
x29 <- 0xFFFFFFBFFFFFFFBF

mem[X,0x0000000080002070] -> 0x9E93
mem[X,0x0000000080002072] -> 0x00BE
[2081] [M]: 0x0000000080002070 (0x00BE9E93) slli t4, t4, 0xb
x29 <- 0xFFFDFFFFFFFDF800

mem[X,0x0000000080002074] -> 0x8E93
mem[X,0x0000000080002076] -> 0x7FFE
[2082] [M]: 0x0000000080002074 (0x7FFE8E93) addi t4, t4, 0x7ff
x29 <- 0xFFFDFFFFFFFDFFFF

mem[X,0x0000000080002078] -> 0x9E93
mem[X,0x000000008000207A] -> 0x00AE
[2083] [M]: 0x0000000080002078 (0x00AE9E93) slli t4, t4, 0xa
x29 <- 0xF7FFFFFFF7FFFC00

mem[X,0x000000008000207C] -> 0x8E93
mem[X,0x000000008000207E] -> 0x3FFE
[2084] [M]: 0x000000008000207C (0x3FFE8E93) addi t4, t4, 0x3ff
x29 <- 0xF7FFFFFFF7FFFFFF

mem[X,0x0000000080002080] -> 0x2F9B
mem[X,0x0000000080002082] -> 0xEBDF
[2085] [M]: 0x0000000080002080 (0xEBDF2F9B) pssha.w.w0 t6, t5, t4
x31 <- 0xFFFFFEFF00000020

mem[X,0x0000000080002084] -> 0xB823
mem[X,0x0000000080002086] -> 0x2DF0
[2086] [M]: 0x0000000080002084 (0x2DF0B823) sd t6, 0x2d0(ra)
mem[0x00000000800054E0] <- 0xFFFFFEFF00000020

mem[X,0x0000000080002088] -> 0x0F37
mem[X,0x000000008000208A] -> 0x0000
[2087] [M]: 0x0000000080002088 (0x00000F37) lui t5, 0x0
x30 <- 0x0000000000000000

mem[X,0x000000008000208C] -> 0x0F13
mem[X,0x000000008000208E] -> 0x006F
[2088] [M]: 0x000000008000208C (0x006F0F13) addi t5, t5, 0x6
x30 <- 0x0000000000000006

mem[X,0x0000000080002090] -> 0x1F13
mem[X,0x0000000080002092] -> 0x00BF
[2089] [M]: 0x0000000080002090 (0x00BF1F13) slli t5, t5, 0xb
x30 <- 0x0000000000003000

mem[X,0x0000000080002094] -> 0x0F13
mem[X,0x0000000080002096] -> 0x6FFF
[2090] [M]: 0x0000000080002094 (0x6FFF0F13) addi t5, t5, 0x6ff
x30 <- 0x00000000000036FF

mem[X,0x0000000080002098] -> 0x1F13
mem[X,0x000000008000209A] -> 0x00BF
[2091] [M]: 0x0000000080002098 (0x00BF1F13) slli t5, t5, 0xb
x30 <- 0x0000000001B7F800

mem[X,0x000000008000209C] -> 0x0F13
mem[X,0x000000008000209E] -> 0x7FFF
[2092] [M]: 0x000000008000209C (0x7FFF0F13) addi t5, t5, 0x7ff
x30 <- 0x0000000001B7FFFF

mem[X,0x00000000800020A0] -> 0x1F13
mem[X,0x00000000800020A2] -> 0x00AF
[2093] [M]: 0x00000000800020A0 (0x00AF1F13) slli t5, t5, 0xa
x30 <- 0x00000006DFFFFC00

mem[X,0x00000000800020A4] -> 0x0F13
mem[X,0x00000000800020A6] -> 0x3FFF
[2094] [M]: 0x00000000800020A4 (0x3FFF0F13) addi t5, t5, 0x3ff
x30 <- 0x00000006DFFFFFFF

mem[X,0x00000000800020A8] -> 0x0EB7
mem[X,0x00000000800020AA] -> 0x0400
[2095] [M]: 0x00000000800020A8 (0x04000EB7) lui t4, 0x4000
x29 <- 0x0000000004000000

mem[X,0x00000000800020AC] -> 0x8E93
mem[X,0x00000000800020AE] -> 0x000E
[2096] [M]: 0x00000000800020AC (0x000E8E93) addi t4, t4, 0x0
x29 <- 0x0000000004000000

mem[X,0x00000000800020B0] -> 0x9E93
mem[X,0x00000000800020B2] -> 0x00BE
[2097] [M]: 0x00000000800020B0 (0x00BE9E93) slli t4, t4, 0xb
x29 <- 0x0000002000000000

mem[X,0x00000000800020B4] -> 0x8E93
mem[X,0x00000000800020B6] -> 0x6FFE
[2098] [M]: 0x00000000800020B4 (0x6FFE8E93) addi t4, t4, 0x6ff
x29 <- 0x00000020000006FF

mem[X,0x00000000800020B8] -> 0x9E93
mem[X,0x00000000800020BA] -> 0x00BE
[2099] [M]: 0x00000000800020B8 (0x00BE9E93) slli t4, t4, 0xb
x29 <- 0x000100000037F800

clint::tick mtime <- 0x0000000000000015
 clint timer pending at mtime 0x0000000000000015
htif::tick 0x0000000000000000
mem[X,0x00000000800020BC] -> 0x8E93
mem[X,0x00000000800020BE] -> 0x7FFE
[2100] [M]: 0x00000000800020BC (0x7FFE8E93) addi t4, t4, 0x7ff
x29 <- 0x000100000037FFFF

mem[X,0x00000000800020C0] -> 0x9E93
mem[X,0x00000000800020C2] -> 0x00AE
[2101] [M]: 0x00000000800020C0 (0x00AE9E93) slli t4, t4, 0xa
x29 <- 0x04000000DFFFFC00

mem[X,0x00000000800020C4] -> 0x8E93
mem[X,0x00000000800020C6] -> 0x3FFE
[2102] [M]: 0x00000000800020C4 (0x3FFE8E93) addi t4, t4, 0x3ff
x29 <- 0x04000000DFFFFFFF

mem[X,0x00000000800020C8] -> 0x2F9B
mem[X,0x00000000800020CA] -> 0xEBDF
[2103] [M]: 0x00000000800020C8 (0xEBDF2F9B) pssha.w.w0 t6, t5, t4
x31 <- 0x00000003EFFFFFFF

mem[X,0x00000000800020CC] -> 0xBC23
mem[X,0x00000000800020CE] -> 0x2DF0
[2104] [M]: 0x00000000800020CC (0x2DF0BC23) sd t6, 0x2d8(ra)
mem[0x00000000800054E8] <- 0x00000003EFFFFFFF

mem[X,0x00000000800020D0] -> 0x0F37
mem[X,0x00000000800020D2] -> 0xFFE0
[2105] [M]: 0x00000000800020D0 (0xFFE00F37) lui t5, -0x200
x30 <- 0xFFFFFFFFFFE00000

mem[X,0x00000000800020D4] -> 0x0F13
mem[X,0x00000000800020D6] -> 0xFFFF
[2106] [M]: 0x00000000800020D4 (0xFFFF0F13) addi t5, t5, -0x1
x30 <- 0xFFFFFFFFFFDFFFFF

mem[X,0x00000000800020D8] -> 0x1F13
mem[X,0x00000000800020DA] -> 0x00BF
[2107] [M]: 0x00000000800020D8 (0x00BF1F13) slli t5, t5, 0xb
x30 <- 0xFFFFFFFEFFFFF800

mem[X,0x00000000800020DC] -> 0x0F13
mem[X,0x00000000800020DE] -> 0x000F
[2108] [M]: 0x00000000800020DC (0x000F0F13) addi t5, t5, 0x0
x30 <- 0xFFFFFFFEFFFFF800

mem[X,0x00000000800020E0] -> 0x1F13
mem[X,0x00000000800020E2] -> 0x00BF
[2109] [M]: 0x00000000800020E0 (0x00BF1F13) slli t5, t5, 0xb
x30 <- 0xFFFFF7FFFFC00000

mem[X,0x00000000800020E4] -> 0x0F13
mem[X,0x00000000800020E6] -> 0x020F
[2110] [M]: 0x00000000800020E4 (0x020F0F13) addi t5, t5, 0x20
x30 <- 0xFFFFF7FFFFC00020

mem[X,0x00000000800020E8] -> 0x1F13
mem[X,0x00000000800020EA] -> 0x00AF
[2111] [M]: 0x00000000800020E8 (0x00AF1F13) slli t5, t5, 0xa
x30 <- 0xFFDFFFFF00008000

mem[X,0x00000000800020EC] -> 0x0EB7
mem[X,0x00000000800020EE] -> 0x0002
[2112] [M]: 0x00000000800020EC (0x00020EB7) lui t4, 0x20
x29 <- 0x0000000000020000

mem[X,0x00000000800020F0] -> 0x8E93
mem[X,0x00000000800020F2] -> 0x000E
[2113] [M]: 0x00000000800020F0 (0x000E8E93) addi t4, t4, 0x0
x29 <- 0x0000000000020000

mem[X,0x00000000800020F4] -> 0x9E93
mem[X,0x00000000800020F6] -> 0x00BE
[2114] [M]: 0x00000000800020F4 (0x00BE9E93) slli t4, t4, 0xb
x29 <- 0x0000000010000000

mem[X,0x00000000800020F8] -> 0x8E93
mem[X,0x00000000800020FA] -> 0x5FFE
[2115] [M]: 0x00000000800020F8 (0x5FFE8E93) addi t4, t4, 0x5ff
x29 <- 0x00000000100005FF

mem[X,0x00000000800020FC] -> 0x9E93
mem[X,0x00000000800020FE] -> 0x00BE
[2116] [M]: 0x00000000800020FC (0x00BE9E93) slli t4, t4, 0xb
x29 <- 0x00000080002FF800

mem[X,0x0000000080002100] -> 0x8E93
mem[X,0x0000000080002102] -> 0x7FFE
[2117] [M]: 0x0000000080002100 (0x7FFE8E93) addi t4, t4, 0x7ff
x29 <- 0x00000080002FFFFF

mem[X,0x0000000080002104] -> 0x9E93
mem[X,0x0000000080002106] -> 0x00AE
[2118] [M]: 0x0000000080002104 (0x00AE9E93) slli t4, t4, 0xa
x29 <- 0x00020000BFFFFC00

mem[X,0x0000000080002108] -> 0x8E93
mem[X,0x000000008000210A] -> 0x3FFE
[2119] [M]: 0x0000000080002108 (0x3FFE8E93) addi t4, t4, 0x3ff
x29 <- 0x00020000BFFFFFFF

mem[X,0x000000008000210C] -> 0x2F9B
mem[X,0x000000008000210E] -> 0xEBDF
[2120] [M]: 0x000000008000210C (0xEBDF2F9B) pssha.w.w0 t6, t5, t4
x31 <- 0xFFEFFFFF00004000

mem[X,0x0000000080002110] -> 0xB023
mem[X,0x0000000080002112] -> 0x2FF0
[2121] [M]: 0x0000000080002110 (0x2FF0B023) sd t6, 0x2e0(ra)
mem[0x00000000800054F0] <- 0xFFEFFFFF00004000

mem[X,0x0000000080002114] -> 0x0F37
mem[X,0x0000000080002116] -> 0x0040
[2122] [M]: 0x0000000080002114 (0x00400F37) lui t5, 0x400
x30 <- 0x0000000000400000

mem[X,0x0000000080002118] -> 0x0F13
mem[X,0x000000008000211A] -> 0x000F
[2123] [M]: 0x0000000080002118 (0x000F0F13) addi t5, t5, 0x0
x30 <- 0x0000000000400000

mem[X,0x000000008000211C] -> 0x1F13
mem[X,0x000000008000211E] -> 0x00BF
[2124] [M]: 0x000000008000211C (0x00BF1F13) slli t5, t5, 0xb
x30 <- 0x0000000200000000

mem[X,0x0000000080002120] -> 0x0F13
mem[X,0x0000000080002122] -> 0x2AAF
[2125] [M]: 0x0000000080002120 (0x2AAF0F13) addi t5, t5, 0x2aa
x30 <- 0x00000002000002AA

mem[X,0x0000000080002124] -> 0x1F13
mem[X,0x0000000080002126] -> 0x00BF
[2126] [M]: 0x0000000080002124 (0x00BF1F13) slli t5, t5, 0xb
x30 <- 0x0000100000155000

mem[X,0x0000000080002128] -> 0x0F13
mem[X,0x000000008000212A] -> 0x555F
[2127] [M]: 0x0000000080002128 (0x555F0F13) addi t5, t5, 0x555
x30 <- 0x0000100000155555

mem[X,0x000000008000212C] -> 0x1F13
mem[X,0x000000008000212E] -> 0x00AF
[2128] [M]: 0x000000008000212C (0x00AF1F13) slli t5, t5, 0xa
x30 <- 0x0040000055555400

mem[X,0x0000000080002130] -> 0x0F13
mem[X,0x0000000080002132] -> 0x155F
[2129] [M]: 0x0000000080002130 (0x155F0F13) addi t5, t5, 0x155
x30 <- 0x0040000055555555

mem[X,0x0000000080002134] -> 0x0EB7
mem[X,0x0000000080002136] -> 0x0000
[2130] [M]: 0x0000000080002134 (0x00000EB7) lui t4, 0x0
x29 <- 0x0000000000000000

mem[X,0x0000000080002138] -> 0x8E93
mem[X,0x000000008000213A] -> 0xFFDE
[2131] [M]: 0x0000000080002138 (0xFFDE8E93) addi t4, t4, -0x3
x29 <- 0xFFFFFFFFFFFFFFFD

mem[X,0x000000008000213C] -> 0x9E93
mem[X,0x000000008000213E] -> 0x00BE
[2132] [M]: 0x000000008000213C (0x00BE9E93) slli t4, t4, 0xb
x29 <- 0xFFFFFFFFFFFFE800

mem[X,0x0000000080002140] -> 0x8E93
mem[X,0x0000000080002142] -> 0x2AAE
[2133] [M]: 0x0000000080002140 (0x2AAE8E93) addi t4, t4, 0x2aa
x29 <- 0xFFFFFFFFFFFFEAAA

mem[X,0x0000000080002144] -> 0x9E93
mem[X,0x0000000080002146] -> 0x00BE
[2134] [M]: 0x0000000080002144 (0x00BE9E93) slli t4, t4, 0xb
x29 <- 0xFFFFFFFFFF555000

mem[X,0x0000000080002148] -> 0x8E93
mem[X,0x000000008000214A] -> 0x555E
[2135] [M]: 0x0000000080002148 (0x555E8E93) addi t4, t4, 0x555
x29 <- 0xFFFFFFFFFF555555

mem[X,0x000000008000214C] -> 0x9E93
mem[X,0x000000008000214E] -> 0x00AE
[2136] [M]: 0x000000008000214C (0x00AE9E93) slli t4, t4, 0xa
x29 <- 0xFFFFFFFD55555400

mem[X,0x0000000080002150] -> 0x8E93
mem[X,0x0000000080002152] -> 0x155E
[2137] [M]: 0x0000000080002150 (0x155E8E93) addi t4, t4, 0x155
x29 <- 0xFFFFFFFD55555555

mem[X,0x0000000080002154] -> 0x2F9B
mem[X,0x0000000080002156] -> 0xEBDF
[2138] [M]: 0x0000000080002154 (0xEBDF2F9B) pssha.w.w0 t6, t5, t4
x31 <- 0x00000000AAA00000

mem[X,0x0000000080002158] -> 0xB423
mem[X,0x000000008000215A] -> 0x2FF0
[2139] [M]: 0x0000000080002158 (0x2FF0B423) sd t6, 0x2e8(ra)
mem[0x00000000800054F8] <- 0x00000000AAA00000

mem[X,0x000000008000215C] -> 0x0F37
mem[X,0x000000008000215E] -> 0x0000
[2140] [M]: 0x000000008000215C (0x00000F37) lui t5, 0x0
x30 <- 0x0000000000000000

mem[X,0x0000000080002160] -> 0x0F13
mem[X,0x0000000080002162] -> 0xFF6F
[2141] [M]: 0x0000000080002160 (0xFF6F0F13) addi t5, t5, -0xa
x30 <- 0xFFFFFFFFFFFFFFF6

mem[X,0x0000000080002164] -> 0x1F13
mem[X,0x0000000080002166] -> 0x00BF
[2142] [M]: 0x0000000080002164 (0x00BF1F13) slli t5, t5, 0xb
x30 <- 0xFFFFFFFFFFFFB000

mem[X,0x0000000080002168] -> 0x0F13
mem[X,0x000000008000216A] -> 0x000F
[2143] [M]: 0x0000000080002168 (0x000F0F13) addi t5, t5, 0x0
x30 <- 0xFFFFFFFFFFFFB000

mem[X,0x000000008000216C] -> 0x1F13
mem[X,0x000000008000216E] -> 0x00BF
[2144] [M]: 0x000000008000216C (0x00BF1F13) slli t5, t5, 0xb
x30 <- 0xFFFFFFFFFD800000

mem[X,0x0000000080002170] -> 0x0F13
mem[X,0x0000000080002172] -> 0x000F
[2145] [M]: 0x0000000080002170 (0x000F0F13) addi t5, t5, 0x0
x30 <- 0xFFFFFFFFFD800000

mem[X,0x0000000080002174] -> 0x1F13
mem[X,0x0000000080002176] -> 0x00AF
[2146] [M]: 0x0000000080002174 (0x00AF1F13) slli t5, t5, 0xa
x30 <- 0xFFFFFFF600000000

mem[X,0x0000000080002178] -> 0x0F13
mem[X,0x000000008000217A] -> 0x003F
[2147] [M]: 0x0000000080002178 (0x003F0F13) addi t5, t5, 0x3
x30 <- 0xFFFFFFF600000003

mem[X,0x000000008000217C] -> 0x0EB7
mem[X,0x000000008000217E] -> 0x8000
[2148] [M]: 0x000000008000217C (0x80000EB7) lui t4, -0x80000
x29 <- 0xFFFFFFFF80000000

mem[X,0x0000000080002180] -> 0x8E93
mem[X,0x0000000080002182] -> 0x000E
[2149] [M]: 0x0000000080002180 (0x000E8E93) addi t4, t4, 0x0
x29 <- 0xFFFFFFFF80000000

mem[X,0x0000000080002184] -> 0x9E93
mem[X,0x0000000080002186] -> 0x00BE
[2150] [M]: 0x0000000080002184 (0x00BE9E93) slli t4, t4, 0xb
x29 <- 0xFFFFFC0000000000

mem[X,0x0000000080002188] -> 0x8E93
mem[X,0x000000008000218A] -> 0x7FFE
[2151] [M]: 0x0000000080002188 (0x7FFE8E93) addi t4, t4, 0x7ff
x29 <- 0xFFFFFC00000007FF

mem[X,0x000000008000218C] -> 0x9E93
mem[X,0x000000008000218E] -> 0x00BE
[2152] [M]: 0x000000008000218C (0x00BE9E93) slli t4, t4, 0xb
x29 <- 0xFFE00000003FF800

mem[X,0x0000000080002190] -> 0x8E93
mem[X,0x0000000080002192] -> 0x7EFE
[2153] [M]: 0x0000000080002190 (0x7EFE8E93) addi t4, t4, 0x7ef
x29 <- 0xFFE00000003FFFEF

mem[X,0x0000000080002194] -> 0x9E93
mem[X,0x0000000080002196] -> 0x00AE
[2154] [M]: 0x0000000080002194 (0x00AE9E93) slli t4, t4, 0xa
x29 <- 0x80000000FFFFBC00

mem[X,0x0000000080002198] -> 0x8E93
mem[X,0x000000008000219A] -> 0x3FFE
[2155] [M]: 0x0000000080002198 (0x3FFE8E93) addi t4, t4, 0x3ff
x29 <- 0x80000000FFFFBFFF

mem[X,0x000000008000219C] -> 0x2F9B
mem[X,0x000000008000219E] -> 0xEBDF
[2156] [M]: 0x000000008000219C (0xEBDF2F9B) pssha.w.w0 t6, t5, t4
x31 <- 0xFFFFFFFB00000001

mem[X,0x00000000800021A0] -> 0xB823
mem[X,0x00000000800021A2] -> 0x2FF0
[2157] [M]: 0x00000000800021A0 (0x2FF0B823) sd t6, 0x2f0(ra)
mem[0x0000000080005500] <- 0xFFFFFFFB00000001

mem[X,0x00000000800021A4] -> 0x0F37
mem[X,0x00000000800021A6] -> 0xFFF8
[2158] [M]: 0x00000000800021A4 (0xFFF80F37) lui t5, -0x80
x30 <- 0xFFFFFFFFFFF80000

mem[X,0x00000000800021A8] -> 0x0F13
mem[X,0x00000000800021AA] -> 0xFFFF
[2159] [M]: 0x00000000800021A8 (0xFFFF0F13) addi t5, t5, -0x1
x30 <- 0xFFFFFFFFFFF7FFFF

mem[X,0x00000000800021AC] -> 0x1F13
mem[X,0x00000000800021AE] -> 0x00BF
[2160] [M]: 0x00000000800021AC (0x00BF1F13) slli t5, t5, 0xb
x30 <- 0xFFFFFFFFBFFFF800

mem[X,0x00000000800021B0] -> 0x0F13
mem[X,0x00000000800021B2] -> 0x77FF
[2161] [M]: 0x00000000800021B0 (0x77FF0F13) addi t5, t5, 0x77f
x30 <- 0xFFFFFFFFBFFFFF7F

mem[X,0x00000000800021B4] -> 0x1F13
mem[X,0x00000000800021B6] -> 0x00BF
[2162] [M]: 0x00000000800021B4 (0x00BF1F13) slli t5, t5, 0xb
x30 <- 0xFFFFFDFFFFFBF800

mem[X,0x00000000800021B8] -> 0x0F13
mem[X,0x00000000800021BA] -> 0x7FFF
[2163] [M]: 0x00000000800021B8 (0x7FFF0F13) addi t5, t5, 0x7ff
x30 <- 0xFFFFFDFFFFFBFFFF

mem[X,0x00000000800021BC] -> 0x1F13
mem[X,0x00000000800021BE] -> 0x00AF
[2164] [M]: 0x00000000800021BC (0x00AF1F13) slli t5, t5, 0xa
x30 <- 0xFFF7FFFFEFFFFC00

mem[X,0x00000000800021C0] -> 0x0F13
mem[X,0x00000000800021C2] -> 0x3FFF
[2165] [M]: 0x00000000800021C0 (0x3FFF0F13) addi t5, t5, 0x3ff
x30 <- 0xFFF7FFFFEFFFFFFF

mem[X,0x00000000800021C4] -> 0x0EB7
mem[X,0x00000000800021C6] -> 0x0000
[2166] [M]: 0x00000000800021C4 (0x00000EB7) lui t4, 0x0
x29 <- 0x0000000000000000

mem[X,0x00000000800021C8] -> 0x8E93
mem[X,0x00000000800021CA] -> 0x000E
[2167] [M]: 0x00000000800021C8 (0x000E8E93) addi t4, t4, 0x0
x29 <- 0x0000000000000000

mem[X,0x00000000800021CC] -> 0x9E93
mem[X,0x00000000800021CE] -> 0x00BE
[2168] [M]: 0x00000000800021CC (0x00BE9E93) slli t4, t4, 0xb
x29 <- 0x0000000000000000

mem[X,0x00000000800021D0] -> 0x8E93
mem[X,0x00000000800021D2] -> 0x7F7E
[2169] [M]: 0x00000000800021D0 (0x7F7E8E93) addi t4, t4, 0x7f7
x29 <- 0x00000000000007F7

mem[X,0x00000000800021D4] -> 0x9E93
mem[X,0x00000000800021D6] -> 0x00BE
[2170] [M]: 0x00000000800021D4 (0x00BE9E93) slli t4, t4, 0xb
x29 <- 0x00000000003FB800

mem[X,0x00000000800021D8] -> 0x8E93
mem[X,0x00000000800021DA] -> 0x7FFE
[2171] [M]: 0x00000000800021D8 (0x7FFE8E93) addi t4, t4, 0x7ff
x29 <- 0x00000000003FBFFF

mem[X,0x00000000800021DC] -> 0x9E93
mem[X,0x00000000800021DE] -> 0x00AE
[2172] [M]: 0x00000000800021DC (0x00AE9E93) slli t4, t4, 0xa
x29 <- 0x00000000FEFFFC00

mem[X,0x00000000800021E0] -> 0x8E93
mem[X,0x00000000800021E2] -> 0x3FFE
[2173] [M]: 0x00000000800021E0 (0x3FFE8E93) addi t4, t4, 0x3ff
x29 <- 0x00000000FEFFFFFF

mem[X,0x00000000800021E4] -> 0x2F9B
mem[X,0x00000000800021E6] -> 0xEBDF
[2174] [M]: 0x00000000800021E4 (0xEBDF2F9B) pssha.w.w0 t6, t5, t4
x31 <- 0xFFFBFFFFF7FFFFFF

mem[X,0x00000000800021E8] -> 0xBC23
mem[X,0x00000000800021EA] -> 0x2FF0
[2175] [M]: 0x00000000800021E8 (0x2FF0BC23) sd t6, 0x2f8(ra)
mem[0x0000000080005508] <- 0xFFFBFFFFF7FFFFFF

mem[X,0x00000000800021EC] -> 0x0F37
mem[X,0x00000000800021EE] -> 0x0800
[2176] [M]: 0x00000000800021EC (0x08000F37) lui t5, 0x8000
x30 <- 0x0000000008000000

mem[X,0x00000000800021F0] -> 0x0F13
mem[X,0x00000000800021F2] -> 0x001F
[2177] [M]: 0x00000000800021F0 (0x001F0F13) addi t5, t5, 0x1
x30 <- 0x0000000008000001

mem[X,0x00000000800021F4] -> 0x1F13
mem[X,0x00000000800021F6] -> 0x01EF
[2178] [M]: 0x00000000800021F4 (0x01EF1F13) slli t5, t5, 0x1e
x30 <- 0x0200000040000000

mem[X,0x00000000800021F8] -> 0x0E93
mem[X,0x00000000800021FA] -> 0x0010
[2179] [M]: 0x00000000800021F8 (0x00100E93) addi t4, zero, 0x1
x29 <- 0x0000000000000001

mem[X,0x00000000800021FC] -> 0x9E93
mem[X,0x00000000800021FE] -> 0x020E
[2180] [M]: 0x00000000800021FC (0x020E9E93) slli t4, t4, 0x20
x29 <- 0x0000000100000000

mem[X,0x0000000080002200] -> 0x2F9B
mem[X,0x0000000080002202] -> 0xEBDF
[2181] [M]: 0x0000000080002200 (0xEBDF2F9B) pssha.w.w0 t6, t5, t4
x31 <- 0x0200000040000000

mem[X,0x0000000080002204] -> 0xB023
mem[X,0x0000000080002206] -> 0x31F0
[2182] [M]: 0x0000000080002204 (0x31F0B023) sd t6, 0x300(ra)
mem[0x0000000080005510] <- 0x0200000040000000

mem[X,0x0000000080002208] -> 0x0F37
mem[X,0x000000008000220A] -> 0x0000
[2183] [M]: 0x0000000080002208 (0x00000F37) lui t5, 0x0
x30 <- 0x0000000000000000

mem[X,0x000000008000220C] -> 0x0F13
mem[X,0x000000008000220E] -> 0x001F
[2184] [M]: 0x000000008000220C (0x001F0F13) addi t5, t5, 0x1
x30 <- 0x0000000000000001

mem[X,0x0000000080002210] -> 0x1F13
mem[X,0x0000000080002212] -> 0x00BF
[2185] [M]: 0x0000000080002210 (0x00BF1F13) slli t5, t5, 0xb
x30 <- 0x0000000000000800

mem[X,0x0000000080002214] -> 0x0F13
mem[X,0x0000000080002216] -> 0x1FFF
[2186] [M]: 0x0000000080002214 (0x1FFF0F13) addi t5, t5, 0x1ff
x30 <- 0x00000000000009FF

mem[X,0x0000000080002218] -> 0x1F13
mem[X,0x000000008000221A] -> 0x00BF
[2187] [M]: 0x0000000080002218 (0x00BF1F13) slli t5, t5, 0xb
x30 <- 0x00000000004FF800

mem[X,0x000000008000221C] -> 0x0F13
mem[X,0x000000008000221E] -> 0x7FFF
[2188] [M]: 0x000000008000221C (0x7FFF0F13) addi t5, t5, 0x7ff
x30 <- 0x00000000004FFFFF

mem[X,0x0000000080002220] -> 0x1F13
mem[X,0x0000000080002222] -> 0x00AF
[2189] [M]: 0x0000000080002220 (0x00AF1F13) slli t5, t5, 0xa
x30 <- 0x000000013FFFFC00

mem[X,0x0000000080002224] -> 0x0F13
mem[X,0x0000000080002226] -> 0x3FFF
[2190] [M]: 0x0000000080002224 (0x3FFF0F13) addi t5, t5, 0x3ff
x30 <- 0x000000013FFFFFFF

mem[X,0x0000000080002228] -> 0x0EB7
mem[X,0x000000008000222A] -> 0x8000
[2191] [M]: 0x0000000080002228 (0x80000EB7) lui t4, -0x80000
x29 <- 0xFFFFFFFF80000000

mem[X,0x000000008000222C] -> 0x8E93
mem[X,0x000000008000222E] -> 0xFFFE
[2192] [M]: 0x000000008000222C (0xFFFE8E93) addi t4, t4, -0x1
x29 <- 0xFFFFFFFF7FFFFFFF

mem[X,0x0000000080002230] -> 0x9E93
mem[X,0x0000000080002232] -> 0x00BE
[2193] [M]: 0x0000000080002230 (0x00BE9E93) slli t4, t4, 0xb
x29 <- 0xFFFFFBFFFFFFF800

mem[X,0x0000000080002234] -> 0x8E93
mem[X,0x0000000080002236] -> 0x000E
[2194] [M]: 0x0000000080002234 (0x000E8E93) addi t4, t4, 0x0
x29 <- 0xFFFFFBFFFFFFF800

mem[X,0x0000000080002238] -> 0x9E93
mem[X,0x000000008000223A] -> 0x00BE
[2195] [M]: 0x0000000080002238 (0x00BE9E93) slli t4, t4, 0xb
x29 <- 0xFFDFFFFFFFC00000

mem[X,0x000000008000223C] -> 0x8E93
mem[X,0x000000008000223E] -> 0x000E
[2196] [M]: 0x000000008000223C (0x000E8E93) addi t4, t4, 0x0
x29 <- 0xFFDFFFFFFFC00000

mem[X,0x0000000080002240] -> 0x9E93
mem[X,0x0000000080002242] -> 0x00AE
[2197] [M]: 0x0000000080002240 (0x00AE9E93) slli t4, t4, 0xa
x29 <- 0x7FFFFFFF00000000

mem[X,0x0000000080002244] -> 0x8E93
mem[X,0x0000000080002246] -> 0x004E
[2198] [M]: 0x0000000080002244 (0x004E8E93) addi t4, t4, 0x4
x29 <- 0x7FFFFFFF00000004

mem[X,0x0000000080002248] -> 0x2F9B
mem[X,0x000000008000224A] -> 0xEBDF
[2199] [M]: 0x0000000080002248 (0xEBDF2F9B) pssha.w.w0 t6, t5, t4
x31 <- 0x00000010FFFFFFF0

clint::tick mtime <- 0x0000000000000016
 clint timer pending at mtime 0x0000000000000016
htif::tick 0x0000000000000000
mem[X,0x000000008000224C] -> 0xB423
mem[X,0x000000008000224E] -> 0x31F0
[2200] [M]: 0x000000008000224C (0x31F0B423) sd t6, 0x308(ra)
mem[0x0000000080005518] <- 0x00000010FFFFFFF0

mem[X,0x0000000080002250] -> 0x0F37
mem[X,0x0000000080002252] -> 0xFF80
[2201] [M]: 0x0000000080002250 (0xFF800F37) lui t5, -0x800
x30 <- 0xFFFFFFFFFF800000

mem[X,0x0000000080002254] -> 0x0F13
mem[X,0x0000000080002256] -> 0xFFFF
[2202] [M]: 0x0000000080002254 (0xFFFF0F13) addi t5, t5, -0x1
x30 <- 0xFFFFFFFFFF7FFFFF

mem[X,0x0000000080002258] -> 0x1F13
mem[X,0x000000008000225A] -> 0x00BF
[2203] [M]: 0x0000000080002258 (0x00BF1F13) slli t5, t5, 0xb
x30 <- 0xFFFFFFFBFFFFF800

mem[X,0x000000008000225C] -> 0x0F13
mem[X,0x000000008000225E] -> 0x000F
[2204] [M]: 0x000000008000225C (0x000F0F13) addi t5, t5, 0x0
x30 <- 0xFFFFFFFBFFFFF800

mem[X,0x0000000080002260] -> 0x1F13
mem[X,0x0000000080002262] -> 0x00BF
[2205] [M]: 0x0000000080002260 (0x00BF1F13) slli t5, t5, 0xb
x30 <- 0xFFFFDFFFFFC00000

mem[X,0x0000000080002264] -> 0x0F13
mem[X,0x0000000080002266] -> 0x200F
[2206] [M]: 0x0000000080002264 (0x200F0F13) addi t5, t5, 0x200
x30 <- 0xFFFFDFFFFFC00200

mem[X,0x0000000080002268] -> 0x1F13
mem[X,0x000000008000226A] -> 0x00AF
[2207] [M]: 0x0000000080002268 (0x00AF1F13) slli t5, t5, 0xa
x30 <- 0xFF7FFFFF00080000

mem[X,0x000000008000226C] -> 0x0E93
mem[X,0x000000008000226E] -> 0x1010
[2208] [M]: 0x000000008000226C (0x10100E93) addi t4, zero, 0x101
x29 <- 0x0000000000000101

mem[X,0x0000000080002270] -> 0x9E93
mem[X,0x0000000080002272] -> 0x019E
[2209] [M]: 0x0000000080002270 (0x019E9E93) slli t4, t4, 0x19
x29 <- 0x0000000202000000

mem[X,0x0000000080002274] -> 0x2F9B
mem[X,0x0000000080002276] -> 0xEBDF
[2210] [M]: 0x0000000080002274 (0xEBDF2F9B) pssha.w.w0 t6, t5, t4
x31 <- 0xFF7FFFFF00080000

mem[X,0x0000000080002278] -> 0xB823
mem[X,0x000000008000227A] -> 0x31F0
[2211] [M]: 0x0000000080002278 (0x31F0B823) sd t6, 0x310(ra)
mem[0x0000000080005520] <- 0xFF7FFFFF00080000

mem[X,0x000000008000227C] -> 0x0F37
mem[X,0x000000008000227E] -> 0x4000
[2212] [M]: 0x000000008000227C (0x40000F37) lui t5, 0x40000
x30 <- 0x0000000040000000

mem[X,0x0000000080002280] -> 0x0F13
mem[X,0x0000000080002282] -> 0x001F
[2213] [M]: 0x0000000080002280 (0x001F0F13) addi t5, t5, 0x1
x30 <- 0x0000000040000001

mem[X,0x0000000080002284] -> 0x1F13
mem[X,0x0000000080002286] -> 0x00DF
[2214] [M]: 0x0000000080002284 (0x00DF1F13) slli t5, t5, 0xd
x30 <- 0x0000080000002000

mem[X,0x0000000080002288] -> 0x0EB7
mem[X,0x000000008000228A] -> 0x0000
[2215] [M]: 0x0000000080002288 (0x00000EB7) lui t4, 0x0
x29 <- 0x0000000000000000

mem[X,0x000000008000228C] -> 0x8E93
mem[X,0x000000008000228E] -> 0x100E
[2216] [M]: 0x000000008000228C (0x100E8E93) addi t4, t4, 0x100
x29 <- 0x0000000000000100

mem[X,0x0000000080002290] -> 0x9E93
mem[X,0x0000000080002292] -> 0x00BE
[2217] [M]: 0x0000000080002290 (0x00BE9E93) slli t4, t4, 0xb
x29 <- 0x0000000000080000

mem[X,0x0000000080002294] -> 0x8E93
mem[X,0x0000000080002296] -> 0x7FFE
[2218] [M]: 0x0000000080002294 (0x7FFE8E93) addi t4, t4, 0x7ff
x29 <- 0x00000000000807FF

mem[X,0x0000000080002298] -> 0x9E93
mem[X,0x000000008000229A] -> 0x00BE
[2219] [M]: 0x0000000080002298 (0x00BE9E93) slli t4, t4, 0xb
x29 <- 0x00000000403FF800

mem[X,0x000000008000229C] -> 0x8E93
mem[X,0x000000008000229E] -> 0x7DFE
[2220] [M]: 0x000000008000229C (0x7DFE8E93) addi t4, t4, 0x7df
x29 <- 0x00000000403FFFDF

mem[X,0x00000000800022A0] -> 0x9E93
mem[X,0x00000000800022A2] -> 0x00AE
[2221] [M]: 0x00000000800022A0 (0x00AE9E93) slli t4, t4, 0xa
x29 <- 0x00000100FFFF7C00

mem[X,0x00000000800022A4] -> 0x8E93
mem[X,0x00000000800022A6] -> 0x3FFE
[2222] [M]: 0x00000000800022A4 (0x3FFE8E93) addi t4, t4, 0x3ff
x29 <- 0x00000100FFFF7FFF

mem[X,0x00000000800022A8] -> 0x2F9B
mem[X,0x00000000800022AA] -> 0xEBDF
[2223] [M]: 0x00000000800022A8 (0xEBDF2F9B) pssha.w.w0 t6, t5, t4
x31 <- 0x0000040000001000

mem[X,0x00000000800022AC] -> 0xBC23
mem[X,0x00000000800022AE] -> 0x31F0
[2224] [M]: 0x00000000800022AC (0x31F0BC23) sd t6, 0x318(ra)
mem[0x0000000080005528] <- 0x0000040000001000

mem[X,0x00000000800022B0] -> 0x0F37
mem[X,0x00000000800022B2] -> 0x6000
[2225] [M]: 0x00000000800022B0 (0x60000F37) lui t5, 0x60000
x30 <- 0x0000000060000000

mem[X,0x00000000800022B4] -> 0x0F13
mem[X,0x00000000800022B6] -> 0x001F
[2226] [M]: 0x00000000800022B4 (0x001F0F13) addi t5, t5, 0x1
x30 <- 0x0000000060000001

mem[X,0x00000000800022B8] -> 0x1F13
mem[X,0x00000000800022BA] -> 0x004F
[2227] [M]: 0x00000000800022B8 (0x004F1F13) slli t5, t5, 0x4
x30 <- 0x0000000600000010

mem[X,0x00000000800022BC] -> 0x0EB7
mem[X,0x00000000800022BE] -> 0x0000
[2228] [M]: 0x00000000800022BC (0x00000EB7) lui t4, 0x0
x29 <- 0x0000000000000000

mem[X,0x00000000800022C0] -> 0x8E93
mem[X,0x00000000800022C2] -> 0x400E
[2229] [M]: 0x00000000800022C0 (0x400E8E93) addi t4, t4, 0x400
x29 <- 0x0000000000000400

mem[X,0x00000000800022C4] -> 0x9E93
mem[X,0x00000000800022C6] -> 0x00BE
[2230] [M]: 0x00000000800022C4 (0x00BE9E93) slli t4, t4, 0xb
x29 <- 0x0000000000200000

mem[X,0x00000000800022C8] -> 0x8E93
mem[X,0x00000000800022CA] -> 0x7FFE
[2231] [M]: 0x00000000800022C8 (0x7FFE8E93) addi t4, t4, 0x7ff
x29 <- 0x00000000002007FF

mem[X,0x00000000800022CC] -> 0x9E93
mem[X,0x00000000800022CE] -> 0x00BE
[2232] [M]: 0x00000000800022CC (0x00BE9E93) slli t4, t4, 0xb
x29 <- 0x00000001003FF800

mem[X,0x00000000800022D0] -> 0x8E93
mem[X,0x00000000800022D2] -> 0x7F7E
[2233] [M]: 0x00000000800022D0 (0x7F7E8E93) addi t4, t4, 0x7f7
x29 <- 0x00000001003FFFF7

mem[X,0x00000000800022D4] -> 0x9E93
mem[X,0x00000000800022D6] -> 0x00AE
[2234] [M]: 0x00000000800022D4 (0x00AE9E93) slli t4, t4, 0xa
x29 <- 0x00000400FFFFDC00

mem[X,0x00000000800022D8] -> 0x8E93
mem[X,0x00000000800022DA] -> 0x3FFE
[2235] [M]: 0x00000000800022D8 (0x3FFE8E93) addi t4, t4, 0x3ff
x29 <- 0x00000400FFFFDFFF

mem[X,0x00000000800022DC] -> 0x2F9B
mem[X,0x00000000800022DE] -> 0xEBDF
[2236] [M]: 0x00000000800022DC (0xEBDF2F9B) pssha.w.w0 t6, t5, t4
x31 <- 0x0000000300000008

mem[X,0x00000000800022E0] -> 0xB023
mem[X,0x00000000800022E2] -> 0x33F0
[2237] [M]: 0x00000000800022E0 (0x33F0B023) sd t6, 0x320(ra)
mem[0x0000000080005530] <- 0x0000000300000008

mem[X,0x00000000800022E4] -> 0x0F37
mem[X,0x00000000800022E6] -> 0x0002
[2238] [M]: 0x00000000800022E4 (0x00020F37) lui t5, 0x20
x30 <- 0x0000000000020000

mem[X,0x00000000800022E8] -> 0x0F13
mem[X,0x00000000800022EA] -> 0x000F
[2239] [M]: 0x00000000800022E8 (0x000F0F13) addi t5, t5, 0x0
x30 <- 0x0000000000020000

mem[X,0x00000000800022EC] -> 0x1F13
mem[X,0x00000000800022EE] -> 0x00BF
[2240] [M]: 0x00000000800022EC (0x00BF1F13) slli t5, t5, 0xb
x30 <- 0x0000000010000000

mem[X,0x00000000800022F0] -> 0x0F13
mem[X,0x00000000800022F2] -> 0x000F
[2241] [M]: 0x00000000800022F0 (0x000F0F13) addi t5, t5, 0x0
x30 <- 0x0000000010000000

mem[X,0x00000000800022F4] -> 0x1F13
mem[X,0x00000000800022F6] -> 0x00BF
[2242] [M]: 0x00000000800022F4 (0x00BF1F13) slli t5, t5, 0xb
x30 <- 0x0000008000000000

mem[X,0x00000000800022F8] -> 0x0F13
mem[X,0x00000000800022FA] -> 0x000F
[2243] [M]: 0x00000000800022F8 (0x000F0F13) addi t5, t5, 0x0
x30 <- 0x0000008000000000

mem[X,0x00000000800022FC] -> 0x1F13
mem[X,0x00000000800022FE] -> 0x00AF
[2244] [M]: 0x00000000800022FC (0x00AF1F13) slli t5, t5, 0xa
x30 <- 0x0002000000000000

mem[X,0x0000000080002300] -> 0x0F13
mem[X,0x0000000080002302] -> 0x004F
[2245] [M]: 0x0000000080002300 (0x004F0F13) addi t5, t5, 0x4
x30 <- 0x0002000000000004

mem[X,0x0000000080002304] -> 0x2EB7
mem[X,0x0000000080002306] -> 0x0000
[2246] [M]: 0x0000000080002304 (0x00002EB7) lui t4, 0x2
x29 <- 0x0000000000002000

mem[X,0x0000000080002308] -> 0x8E93
mem[X,0x000000008000230A] -> 0x000E
[2247] [M]: 0x0000000080002308 (0x000E8E93) addi t4, t4, 0x0
x29 <- 0x0000000000002000

mem[X,0x000000008000230C] -> 0x9E93
mem[X,0x000000008000230E] -> 0x00BE
[2248] [M]: 0x000000008000230C (0x00BE9E93) slli t4, t4, 0xb
x29 <- 0x0000000001000000

mem[X,0x0000000080002310] -> 0x8E93
mem[X,0x0000000080002312] -> 0x7EFE
[2249] [M]: 0x0000000080002310 (0x7EFE8E93) addi t4, t4, 0x7ef
x29 <- 0x00000000010007EF

mem[X,0x0000000080002314] -> 0x9E93
mem[X,0x0000000080002316] -> 0x00BE
[2250] [M]: 0x0000000080002314 (0x00BE9E93) slli t4, t4, 0xb
x29 <- 0x00000008003F7800

mem[X,0x0000000080002318] -> 0x8E93
mem[X,0x000000008000231A] -> 0x7FFE
[2251] [M]: 0x0000000080002318 (0x7FFE8E93) addi t4, t4, 0x7ff
x29 <- 0x00000008003F7FFF

mem[X,0x000000008000231C] -> 0x9E93
mem[X,0x000000008000231E] -> 0x00AE
[2252] [M]: 0x000000008000231C (0x00AE9E93) slli t4, t4, 0xa
x29 <- 0x00002000FDFFFC00

mem[X,0x0000000080002320] -> 0x8E93
mem[X,0x0000000080002322] -> 0x3FFE
[2253] [M]: 0x0000000080002320 (0x3FFE8E93) addi t4, t4, 0x3ff
x29 <- 0x00002000FDFFFFFF

mem[X,0x0000000080002324] -> 0x2F9B
mem[X,0x0000000080002326] -> 0xEBDF
[2254] [M]: 0x0000000080002324 (0xEBDF2F9B) pssha.w.w0 t6, t5, t4
x31 <- 0x0001000000000002

mem[X,0x0000000080002328] -> 0xB423
mem[X,0x000000008000232A] -> 0x33F0
[2255] [M]: 0x0000000080002328 (0x33F0B423) sd t6, 0x328(ra)
mem[0x0000000080005538] <- 0x0001000000000002

mem[X,0x000000008000232C] -> 0x0F37
mem[X,0x000000008000232E] -> 0x0000
[2256] [M]: 0x000000008000232C (0x00000F37) lui t5, 0x0
x30 <- 0x0000000000000000

mem[X,0x0000000080002330] -> 0x0F13
mem[X,0x0000000080002332] -> 0xEFFF
[2257] [M]: 0x0000000080002330 (0xEFFF0F13) addi t5, t5, -0x101
x30 <- 0xFFFFFFFFFFFFFEFF

mem[X,0x0000000080002334] -> 0x1F13
mem[X,0x0000000080002336] -> 0x00BF
[2258] [M]: 0x0000000080002334 (0x00BF1F13) slli t5, t5, 0xb
x30 <- 0xFFFFFFFFFFF7F800

mem[X,0x0000000080002338] -> 0x0F13
mem[X,0x000000008000233A] -> 0x000F
[2259] [M]: 0x0000000080002338 (0x000F0F13) addi t5, t5, 0x0
x30 <- 0xFFFFFFFFFFF7F800

mem[X,0x000000008000233C] -> 0x1F13
mem[X,0x000000008000233E] -> 0x00BF
[2260] [M]: 0x000000008000233C (0x00BF1F13) slli t5, t5, 0xb
x30 <- 0xFFFFFFFFBFC00000

mem[X,0x0000000080002340] -> 0x0F13
mem[X,0x0000000080002342] -> 0x000F
[2261] [M]: 0x0000000080002340 (0x000F0F13) addi t5, t5, 0x0
x30 <- 0xFFFFFFFFBFC00000

mem[X,0x0000000080002344] -> 0x1F13
mem[X,0x0000000080002346] -> 0x00AF
[2262] [M]: 0x0000000080002344 (0x00AF1F13) slli t5, t5, 0xa
x30 <- 0xFFFFFEFF00000000

mem[X,0x0000000080002348] -> 0x0F13
mem[X,0x000000008000234A] -> 0x100F
[2263] [M]: 0x0000000080002348 (0x100F0F13) addi t5, t5, 0x100
x30 <- 0xFFFFFEFF00000100

mem[X,0x000000008000234C] -> 0x0EB7
mem[X,0x000000008000234E] -> 0x0010
[2264] [M]: 0x000000008000234C (0x00100EB7) lui t4, 0x100
x29 <- 0x0000000000100000

mem[X,0x0000000080002350] -> 0x8E93
mem[X,0x0000000080002352] -> 0x000E
[2265] [M]: 0x0000000080002350 (0x000E8E93) addi t4, t4, 0x0
x29 <- 0x0000000000100000

mem[X,0x0000000080002354] -> 0x9E93
mem[X,0x0000000080002356] -> 0x00BE
[2266] [M]: 0x0000000080002354 (0x00BE9E93) slli t4, t4, 0xb
x29 <- 0x0000000080000000

mem[X,0x0000000080002358] -> 0x8E93
mem[X,0x000000008000235A] -> 0x000E
[2267] [M]: 0x0000000080002358 (0x000E8E93) addi t4, t4, 0x0
x29 <- 0x0000000080000000

mem[X,0x000000008000235C] -> 0x9E93
mem[X,0x000000008000235E] -> 0x00BE
[2268] [M]: 0x000000008000235C (0x00BE9E93) slli t4, t4, 0xb
x29 <- 0x0000040000000000

mem[X,0x0000000080002360] -> 0x8E93
mem[X,0x0000000080002362] -> 0x000E
[2269] [M]: 0x0000000080002360 (0x000E8E93) addi t4, t4, 0x0
x29 <- 0x0000040000000000

mem[X,0x0000000080002364] -> 0x9E93
mem[X,0x0000000080002366] -> 0x00AE
[2270] [M]: 0x0000000080002364 (0x00AE9E93) slli t4, t4, 0xa
x29 <- 0x0010000000000000

mem[X,0x0000000080002368] -> 0x8E93
mem[X,0x000000008000236A] -> 0x007E
[2271] [M]: 0x0000000080002368 (0x007E8E93) addi t4, t4, 0x7
x29 <- 0x0010000000000007

mem[X,0x000000008000236C] -> 0x2F9B
mem[X,0x000000008000236E] -> 0xEBDF
[2272] [M]: 0x000000008000236C (0xEBDF2F9B) pssha.w.w0 t6, t5, t4
x31 <- 0xFFFF7F8000008000

mem[X,0x0000000080002370] -> 0xB823
mem[X,0x0000000080002372] -> 0x33F0
[2273] [M]: 0x0000000080002370 (0x33F0B823) sd t6, 0x330(ra)
mem[0x0000000080005540] <- 0xFFFF7F8000008000

mem[X,0x0000000080002374] -> 0x0F37
mem[X,0x0000000080002376] -> 0xFF80
[2274] [M]: 0x0000000080002374 (0xFF800F37) lui t5, -0x800
x30 <- 0xFFFFFFFFFF800000

mem[X,0x0000000080002378] -> 0x0F13
mem[X,0x000000008000237A] -> 0xFFFF
[2275] [M]: 0x0000000080002378 (0xFFFF0F13) addi t5, t5, -0x1
x30 <- 0xFFFFFFFFFF7FFFFF

mem[X,0x000000008000237C] -> 0x1F13
mem[X,0x000000008000237E] -> 0x00BF
[2276] [M]: 0x000000008000237C (0x00BF1F13) slli t5, t5, 0xb
x30 <- 0xFFFFFFFBFFFFF800

mem[X,0x0000000080002380] -> 0x0F13
mem[X,0x0000000080002382] -> 0x3FFF
[2277] [M]: 0x0000000080002380 (0x3FFF0F13) addi t5, t5, 0x3ff
x30 <- 0xFFFFFFFBFFFFFBFF

mem[X,0x0000000080002384] -> 0x1F13
mem[X,0x0000000080002386] -> 0x00BF
[2278] [M]: 0x0000000080002384 (0x00BF1F13) slli t5, t5, 0xb
x30 <- 0xFFFFDFFFFFDFF800

mem[X,0x0000000080002388] -> 0x0F13
mem[X,0x000000008000238A] -> 0x7FFF
[2279] [M]: 0x0000000080002388 (0x7FFF0F13) addi t5, t5, 0x7ff
x30 <- 0xFFFFDFFFFFDFFFFF

mem[X,0x000000008000238C] -> 0x1F13
mem[X,0x000000008000238E] -> 0x00AF
[2280] [M]: 0x000000008000238C (0x00AF1F13) slli t5, t5, 0xa
x30 <- 0xFF7FFFFF7FFFFC00

mem[X,0x0000000080002390] -> 0x0F13
mem[X,0x0000000080002392] -> 0x3FFF
[2281] [M]: 0x0000000080002390 (0x3FFF0F13) addi t5, t5, 0x3ff
x30 <- 0xFF7FFFFF7FFFFFFF

mem[X,0x0000000080002394] -> 0x0EB7
mem[X,0x0000000080002396] -> 0x0080
[2282] [M]: 0x0000000080002394 (0x00800EB7) lui t4, 0x800
x29 <- 0x0000000000800000

mem[X,0x0000000080002398] -> 0x8E93
mem[X,0x000000008000239A] -> 0x000E
[2283] [M]: 0x0000000080002398 (0x000E8E93) addi t4, t4, 0x0
x29 <- 0x0000000000800000

mem[X,0x000000008000239C] -> 0x9E93
mem[X,0x000000008000239E] -> 0x00BE
[2284] [M]: 0x000000008000239C (0x00BE9E93) slli t4, t4, 0xb
x29 <- 0x0000000400000000

mem[X,0x00000000800023A0] -> 0x8E93
mem[X,0x00000000800023A2] -> 0x000E
[2285] [M]: 0x00000000800023A0 (0x000E8E93) addi t4, t4, 0x0
x29 <- 0x0000000400000000

mem[X,0x00000000800023A4] -> 0x9E93
mem[X,0x00000000800023A6] -> 0x00BE
[2286] [M]: 0x00000000800023A4 (0x00BE9E93) slli t4, t4, 0xb
x29 <- 0x0000200000000000

mem[X,0x00000000800023A8] -> 0x8E93
mem[X,0x00000000800023AA] -> 0x000E
[2287] [M]: 0x00000000800023A8 (0x000E8E93) addi t4, t4, 0x0
x29 <- 0x0000200000000000

mem[X,0x00000000800023AC] -> 0x9E93
mem[X,0x00000000800023AE] -> 0x00AE
[2288] [M]: 0x00000000800023AC (0x00AE9E93) slli t4, t4, 0xa
x29 <- 0x0080000000000000

mem[X,0x00000000800023B0] -> 0x8E93
mem[X,0x00000000800023B2] -> 0x080E
[2289] [M]: 0x00000000800023B0 (0x080E8E93) addi t4, t4, 0x80
x29 <- 0x0080000000000080

mem[X,0x00000000800023B4] -> 0x2F9B
mem[X,0x00000000800023B6] -> 0xEBDF
[2290] [M]: 0x00000000800023B4 (0xEBDF2F9B) pssha.w.w0 t6, t5, t4
x31 <- 0xFF7FFFFF7FFFFFFF

mem[X,0x00000000800023B8] -> 0xBC23
mem[X,0x00000000800023BA] -> 0x33F0
[2291] [M]: 0x00000000800023B8 (0x33F0BC23) sd t6, 0x338(ra)
mem[0x0000000080005548] <- 0xFF7FFFFF7FFFFFFF

mem[X,0x00000000800023BC] -> 0x0F37
mem[X,0x00000000800023BE] -> 0x0000
[2292] [M]: 0x00000000800023BC (0x00000F37) lui t5, 0x0
x30 <- 0x0000000000000000

mem[X,0x00000000800023C0] -> 0x0F13
mem[X,0x00000000800023C2] -> 0xFF9F
[2293] [M]: 0x00000000800023C0 (0xFF9F0F13) addi t5, t5, -0x7
x30 <- 0xFFFFFFFFFFFFFFF9

mem[X,0x00000000800023C4] -> 0x1F13
mem[X,0x00000000800023C6] -> 0x00BF
[2294] [M]: 0x00000000800023C4 (0x00BF1F13) slli t5, t5, 0xb
x30 <- 0xFFFFFFFFFFFFC800

mem[X,0x00000000800023C8] -> 0x0F13
mem[X,0x00000000800023CA] -> 0x7FFF
[2295] [M]: 0x00000000800023C8 (0x7FFF0F13) addi t5, t5, 0x7ff
x30 <- 0xFFFFFFFFFFFFCFFF

mem[X,0x00000000800023CC] -> 0x1F13
mem[X,0x00000000800023CE] -> 0x00BF
[2296] [M]: 0x00000000800023CC (0x00BF1F13) slli t5, t5, 0xb
x30 <- 0xFFFFFFFFFE7FF800

mem[X,0x00000000800023D0] -> 0x0F13
mem[X,0x00000000800023D2] -> 0x7DFF
[2297] [M]: 0x00000000800023D0 (0x7DFF0F13) addi t5, t5, 0x7df
x30 <- 0xFFFFFFFFFE7FFFDF

mem[X,0x00000000800023D4] -> 0x1F13
mem[X,0x00000000800023D6] -> 0x00AF
[2298] [M]: 0x00000000800023D4 (0x00AF1F13) slli t5, t5, 0xa
x30 <- 0xFFFFFFF9FFFF7C00

mem[X,0x00000000800023D8] -> 0x0F13
mem[X,0x00000000800023DA] -> 0x3FFF
[2299] [M]: 0x00000000800023D8 (0x3FFF0F13) addi t5, t5, 0x3ff
x30 <- 0xFFFFFFF9FFFF7FFF

clint::tick mtime <- 0x0000000000000017
 clint timer pending at mtime 0x0000000000000017
htif::tick 0x0000000000000000
mem[X,0x00000000800023DC] -> 0x0EB7
mem[X,0x00000000800023DE] -> 0x2000
[2300] [M]: 0x00000000800023DC (0x20000EB7) lui t4, 0x20000
x29 <- 0x0000000020000000

mem[X,0x00000000800023E0] -> 0x8E93
mem[X,0x00000000800023E2] -> 0x003E
[2301] [M]: 0x00000000800023E0 (0x003E8E93) addi t4, t4, 0x3
x29 <- 0x0000000020000003

mem[X,0x00000000800023E4] -> 0x9E93
mem[X,0x00000000800023E6] -> 0x01EE
[2302] [M]: 0x00000000800023E4 (0x01EE9E93) slli t4, t4, 0x1e
x29 <- 0x08000000C0000000

mem[X,0x00000000800023E8] -> 0x2F9B
mem[X,0x00000000800023EA] -> 0xEBDF
[2303] [M]: 0x00000000800023E8 (0xEBDF2F9B) pssha.w.w0 t6, t5, t4
x31 <- 0xFFFFFFF9FFFF7FFF

mem[X,0x00000000800023EC] -> 0xB023
mem[X,0x00000000800023EE] -> 0x35F0
[2304] [M]: 0x00000000800023EC (0x35F0B023) sd t6, 0x340(ra)
mem[0x0000000080005550] <- 0xFFFFFFF9FFFF7FFF

mem[X,0x00000000800023F0] -> 0x0F37
mem[X,0x00000000800023F2] -> 0x0040
[2305] [M]: 0x00000000800023F0 (0x00400F37) lui t5, 0x400
x30 <- 0x0000000000400000

mem[X,0x00000000800023F4] -> 0x0F13
mem[X,0x00000000800023F6] -> 0x000F
[2306] [M]: 0x00000000800023F4 (0x000F0F13) addi t5, t5, 0x0
x30 <- 0x0000000000400000

mem[X,0x00000000800023F8] -> 0x1F13
mem[X,0x00000000800023FA] -> 0x00BF
[2307] [M]: 0x00000000800023F8 (0x00BF1F13) slli t5, t5, 0xb
x30 <- 0x0000000200000000

mem[X,0x00000000800023FC] -> 0x0F13
mem[X,0x00000000800023FE] -> 0x7FFF
[2308] [M]: 0x00000000800023FC (0x7FFF0F13) addi t5, t5, 0x7ff
x30 <- 0x00000002000007FF

mem[X,0x0000000080002400] -> 0x1F13
mem[X,0x0000000080002402] -> 0x00BF
[2309] [M]: 0x0000000080002400 (0x00BF1F13) slli t5, t5, 0xb
x30 <- 0x00001000003FF800

mem[X,0x0000000080002404] -> 0x0F13
mem[X,0x0000000080002406] -> 0x5FFF
[2310] [M]: 0x0000000080002404 (0x5FFF0F13) addi t5, t5, 0x5ff
x30 <- 0x00001000003FFDFF

mem[X,0x0000000080002408] -> 0x1F13
mem[X,0x000000008000240A] -> 0x00AF
[2311] [M]: 0x0000000080002408 (0x00AF1F13) slli t5, t5, 0xa
x30 <- 0x00400000FFF7FC00

mem[X,0x000000008000240C] -> 0x0F13
mem[X,0x000000008000240E] -> 0x3FFF
[2312] [M]: 0x000000008000240C (0x3FFF0F13) addi t5, t5, 0x3ff
x30 <- 0x00400000FFF7FFFF

mem[X,0x0000000080002410] -> 0x0EB7
mem[X,0x0000000080002412] -> 0x1000
[2313] [M]: 0x0000000080002410 (0x10000EB7) lui t4, 0x10000
x29 <- 0x0000000010000000

mem[X,0x0000000080002414] -> 0x8E93
mem[X,0x0000000080002416] -> 0x000E
[2314] [M]: 0x0000000080002414 (0x000E8E93) addi t4, t4, 0x0
x29 <- 0x0000000010000000

mem[X,0x0000000080002418] -> 0x9E93
mem[X,0x000000008000241A] -> 0x00BE
[2315] [M]: 0x0000000080002418 (0x00BE9E93) slli t4, t4, 0xb
x29 <- 0x0000008000000000

mem[X,0x000000008000241C] -> 0x8E93
mem[X,0x000000008000241E] -> 0x000E
[2316] [M]: 0x000000008000241C (0x000E8E93) addi t4, t4, 0x0
x29 <- 0x0000008000000000

mem[X,0x0000000080002420] -> 0x9E93
mem[X,0x0000000080002422] -> 0x00BE
[2317] [M]: 0x0000000080002420 (0x00BE9E93) slli t4, t4, 0xb
x29 <- 0x0004000000000000

mem[X,0x0000000080002424] -> 0x8E93
mem[X,0x0000000080002426] -> 0x400E
[2318] [M]: 0x0000000080002424 (0x400E8E93) addi t4, t4, 0x400
x29 <- 0x0004000000000400

mem[X,0x0000000080002428] -> 0x9E93
mem[X,0x000000008000242A] -> 0x00AE
[2319] [M]: 0x0000000080002428 (0x00AE9E93) slli t4, t4, 0xa
x29 <- 0x1000000000100000

mem[X,0x000000008000242C] -> 0x2F9B
mem[X,0x000000008000242E] -> 0xEBDF
[2320] [M]: 0x000000008000242C (0xEBDF2F9B) pssha.w.w0 t6, t5, t4
x31 <- 0x00400000FFF7FFFF

mem[X,0x0000000080002430] -> 0xB423
mem[X,0x0000000080002432] -> 0x35F0
[2321] [M]: 0x0000000080002430 (0x35F0B423) sd t6, 0x348(ra)
mem[0x0000000080005558] <- 0x00400000FFF7FFFF

mem[X,0x0000000080002434] -> 0x0F37
mem[X,0x0000000080002436] -> 0x0000
[2322] [M]: 0x0000000080002434 (0x00000F37) lui t5, 0x0
x30 <- 0x0000000000000000

mem[X,0x0000000080002438] -> 0x0F13
mem[X,0x000000008000243A] -> 0xFBFF
[2323] [M]: 0x0000000080002438 (0xFBFF0F13) addi t5, t5, -0x41
x30 <- 0xFFFFFFFFFFFFFFBF

mem[X,0x000000008000243C] -> 0x1F13
mem[X,0x000000008000243E] -> 0x00BF
[2324] [M]: 0x000000008000243C (0x00BF1F13) slli t5, t5, 0xb
x30 <- 0xFFFFFFFFFFFDF800

mem[X,0x0000000080002440] -> 0x0F13
mem[X,0x0000000080002442] -> 0x7FEF
[2325] [M]: 0x0000000080002440 (0x7FEF0F13) addi t5, t5, 0x7fe
x30 <- 0xFFFFFFFFFFFDFFFE

mem[X,0x0000000080002444] -> 0x1F13
mem[X,0x0000000080002446] -> 0x00BF
[2326] [M]: 0x0000000080002444 (0x00BF1F13) slli t5, t5, 0xb
x30 <- 0xFFFFFFFFEFFFF000

mem[X,0x0000000080002448] -> 0x0F13
mem[X,0x000000008000244A] -> 0x7FFF
[2327] [M]: 0x0000000080002448 (0x7FFF0F13) addi t5, t5, 0x7ff
x30 <- 0xFFFFFFFFEFFFF7FF

mem[X,0x000000008000244C] -> 0x1F13
mem[X,0x000000008000244E] -> 0x00AF
[2328] [M]: 0x000000008000244C (0x00AF1F13) slli t5, t5, 0xa
x30 <- 0xFFFFFFBFFFDFFC00

mem[X,0x0000000080002450] -> 0x0F13
mem[X,0x0000000080002452] -> 0x3FFF
[2329] [M]: 0x0000000080002450 (0x3FFF0F13) addi t5, t5, 0x3ff
x30 <- 0xFFFFFFBFFFDFFFFF

mem[X,0x0000000080002454] -> 0xCEB7
mem[X,0x0000000080002456] -> 0xFFFF
[2330] [M]: 0x0000000080002454 (0xFFFFCEB7) lui t4, -0x4
x29 <- 0xFFFFFFFFFFFFC000

mem[X,0x0000000080002458] -> 0x8E93
mem[X,0x000000008000245A] -> 0xFFFE
[2331] [M]: 0x0000000080002458 (0xFFFE8E93) addi t4, t4, -0x1
x29 <- 0xFFFFFFFFFFFFBFFF

mem[X,0x000000008000245C] -> 0x9E93
mem[X,0x000000008000245E] -> 0x00BE
[2332] [M]: 0x000000008000245C (0x00BE9E93) slli t4, t4, 0xb
x29 <- 0xFFFFFFFFFDFFF800

mem[X,0x0000000080002460] -> 0x8E93
mem[X,0x0000000080002462] -> 0x000E
[2333] [M]: 0x0000000080002460 (0x000E8E93) addi t4, t4, 0x0
x29 <- 0xFFFFFFFFFDFFF800

mem[X,0x0000000080002464] -> 0x9E93
mem[X,0x0000000080002466] -> 0x00BE
[2334] [M]: 0x0000000080002464 (0x00BE9E93) slli t4, t4, 0xb
x29 <- 0xFFFFFFEFFFC00000

mem[X,0x0000000080002468] -> 0x8E93
mem[X,0x000000008000246A] -> 0x008E
[2335] [M]: 0x0000000080002468 (0x008E8E93) addi t4, t4, 0x8
x29 <- 0xFFFFFFEFFFC00008

mem[X,0x000000008000246C] -> 0x9E93
mem[X,0x000000008000246E] -> 0x00AE
[2336] [M]: 0x000000008000246C (0x00AE9E93) slli t4, t4, 0xa
x29 <- 0xFFFFBFFF00002000

mem[X,0x0000000080002470] -> 0x2F9B
mem[X,0x0000000080002472] -> 0xEBDF
[2337] [M]: 0x0000000080002470 (0xEBDF2F9B) pssha.w.w0 t6, t5, t4
x31 <- 0xFFFFFFBFFFDFFFFF

mem[X,0x0000000080002474] -> 0xB823
mem[X,0x0000000080002476] -> 0x35F0
[2338] [M]: 0x0000000080002474 (0x35F0B823) sd t6, 0x350(ra)
mem[0x0000000080005560] <- 0xFFFFFFBFFFDFFFFF

mem[X,0x0000000080002478] -> 0x0F37
mem[X,0x000000008000247A] -> 0x0000
[2339] [M]: 0x0000000080002478 (0x00000F37) lui t5, 0x0
x30 <- 0x0000000000000000

mem[X,0x000000008000247C] -> 0x0F13
mem[X,0x000000008000247E] -> 0xF7FF
[2340] [M]: 0x000000008000247C (0xF7FF0F13) addi t5, t5, -0x81
x30 <- 0xFFFFFFFFFFFFFF7F

mem[X,0x0000000080002480] -> 0x1F13
mem[X,0x0000000080002482] -> 0x00BF
[2341] [M]: 0x0000000080002480 (0x00BF1F13) slli t5, t5, 0xb
x30 <- 0xFFFFFFFFFFFBF800

mem[X,0x0000000080002484] -> 0x0F13
mem[X,0x0000000080002486] -> 0x000F
[2342] [M]: 0x0000000080002484 (0x000F0F13) addi t5, t5, 0x0
x30 <- 0xFFFFFFFFFFFBF800

mem[X,0x0000000080002488] -> 0x1F13
mem[X,0x000000008000248A] -> 0x00BF
[2343] [M]: 0x0000000080002488 (0x00BF1F13) slli t5, t5, 0xb
x30 <- 0xFFFFFFFFDFC00000

mem[X,0x000000008000248C] -> 0x0F13
mem[X,0x000000008000248E] -> 0x000F
[2344] [M]: 0x000000008000248C (0x000F0F13) addi t5, t5, 0x0
x30 <- 0xFFFFFFFFDFC00000

mem[X,0x0000000080002490] -> 0x1F13
mem[X,0x0000000080002492] -> 0x00AF
[2345] [M]: 0x0000000080002490 (0x00AF1F13) slli t5, t5, 0xa
x30 <- 0xFFFFFF7F00000000

mem[X,0x0000000080002494] -> 0x0F13
mem[X,0x0000000080002496] -> 0x080F
[2346] [M]: 0x0000000080002494 (0x080F0F13) addi t5, t5, 0x80
x30 <- 0xFFFFFF7F00000080

mem[X,0x0000000080002498] -> 0x0EB7
mem[X,0x000000008000249A] -> 0x0200
[2347] [M]: 0x0000000080002498 (0x02000EB7) lui t4, 0x2000
x29 <- 0x0000000002000000

mem[X,0x000000008000249C] -> 0x8E93
mem[X,0x000000008000249E] -> 0x000E
[2348] [M]: 0x000000008000249C (0x000E8E93) addi t4, t4, 0x0
x29 <- 0x0000000002000000

mem[X,0x00000000800024A0] -> 0x9E93
mem[X,0x00000000800024A2] -> 0x00BE
[2349] [M]: 0x00000000800024A0 (0x00BE9E93) slli t4, t4, 0xb
x29 <- 0x0000001000000000

mem[X,0x00000000800024A4] -> 0x8E93
mem[X,0x00000000800024A6] -> 0x010E
[2350] [M]: 0x00000000800024A4 (0x010E8E93) addi t4, t4, 0x10
x29 <- 0x0000001000000010

mem[X,0x00000000800024A8] -> 0x9E93
mem[X,0x00000000800024AA] -> 0x00BE
[2351] [M]: 0x00000000800024A8 (0x00BE9E93) slli t4, t4, 0xb
x29 <- 0x0000800000008000

mem[X,0x00000000800024AC] -> 0x8E93
mem[X,0x00000000800024AE] -> 0x000E
[2352] [M]: 0x00000000800024AC (0x000E8E93) addi t4, t4, 0x0
x29 <- 0x0000800000008000

mem[X,0x00000000800024B0] -> 0x9E93
mem[X,0x00000000800024B2] -> 0x00AE
[2353] [M]: 0x00000000800024B0 (0x00AE9E93) slli t4, t4, 0xa
x29 <- 0x0200000002000000

mem[X,0x00000000800024B4] -> 0x2F9B
mem[X,0x00000000800024B6] -> 0xEBDF
[2354] [M]: 0x00000000800024B4 (0xEBDF2F9B) pssha.w.w0 t6, t5, t4
x31 <- 0xFFFFFF7F00000080

mem[X,0x00000000800024B8] -> 0xBC23
mem[X,0x00000000800024BA] -> 0x35F0
[2355] [M]: 0x00000000800024B8 (0x35F0BC23) sd t6, 0x358(ra)
mem[0x0000000080005568] <- 0xFFFFFF7F00000080

mem[X,0x00000000800024BC] -> 0x0F37
mem[X,0x00000000800024BE] -> 0xFFFC
[2356] [M]: 0x00000000800024BC (0xFFFC0F37) lui t5, -0x40
x30 <- 0xFFFFFFFFFFFC0000

mem[X,0x00000000800024C0] -> 0x0F13
mem[X,0x00000000800024C2] -> 0xFFFF
[2357] [M]: 0x00000000800024C0 (0xFFFF0F13) addi t5, t5, -0x1
x30 <- 0xFFFFFFFFFFFBFFFF

mem[X,0x00000000800024C4] -> 0x1F13
mem[X,0x00000000800024C6] -> 0x00BF
[2358] [M]: 0x00000000800024C4 (0x00BF1F13) slli t5, t5, 0xb
x30 <- 0xFFFFFFFFDFFFF800

mem[X,0x00000000800024C8] -> 0x0F13
mem[X,0x00000000800024CA] -> 0x000F
[2359] [M]: 0x00000000800024C8 (0x000F0F13) addi t5, t5, 0x0
x30 <- 0xFFFFFFFFDFFFF800

mem[X,0x00000000800024CC] -> 0x1F13
mem[X,0x00000000800024CE] -> 0x00BF
[2360] [M]: 0x00000000800024CC (0x00BF1F13) slli t5, t5, 0xb
x30 <- 0xFFFFFEFFFFC00000

mem[X,0x00000000800024D0] -> 0x0F13
mem[X,0x00000000800024D2] -> 0x200F
[2361] [M]: 0x00000000800024D0 (0x200F0F13) addi t5, t5, 0x200
x30 <- 0xFFFFFEFFFFC00200

mem[X,0x00000000800024D4] -> 0x1F13
mem[X,0x00000000800024D6] -> 0x00AF
[2362] [M]: 0x00000000800024D4 (0x00AF1F13) slli t5, t5, 0xa
x30 <- 0xFFFBFFFF00080000

mem[X,0x00000000800024D8] -> 0x0EB7
mem[X,0x00000000800024DA] -> 0x0000
[2363] [M]: 0x00000000800024D8 (0x00000EB7) lui t4, 0x0
x29 <- 0x0000000000000000

mem[X,0x00000000800024DC] -> 0x8E93
mem[X,0x00000000800024DE] -> 0xFFEE
[2364] [M]: 0x00000000800024DC (0xFFEE8E93) addi t4, t4, -0x2
x29 <- 0xFFFFFFFFFFFFFFFE

mem[X,0x00000000800024E0] -> 0x9E93
mem[X,0x00000000800024E2] -> 0x00BE
[2365] [M]: 0x00000000800024E0 (0x00BE9E93) slli t4, t4, 0xb
x29 <- 0xFFFFFFFFFFFFF000

mem[X,0x00000000800024E4] -> 0x8E93
mem[X,0x00000000800024E6] -> 0x7FFE
[2366] [M]: 0x00000000800024E4 (0x7FFE8E93) addi t4, t4, 0x7ff
x29 <- 0xFFFFFFFFFFFFF7FF

mem[X,0x00000000800024E8] -> 0x9E93
mem[X,0x00000000800024EA] -> 0x00BE
[2367] [M]: 0x00000000800024E8 (0x00BE9E93) slli t4, t4, 0xb
x29 <- 0xFFFFFFFFFFBFF800

mem[X,0x00000000800024EC] -> 0x8E93
mem[X,0x00000000800024EE] -> 0x6FFE
[2368] [M]: 0x00000000800024EC (0x6FFE8E93) addi t4, t4, 0x6ff
x29 <- 0xFFFFFFFFFFBFFEFF

mem[X,0x00000000800024F0] -> 0x9E93
mem[X,0x00000000800024F2] -> 0x00AE
[2369] [M]: 0x00000000800024F0 (0x00AE9E93) slli t4, t4, 0xa
x29 <- 0xFFFFFFFEFFFBFC00

mem[X,0x00000000800024F4] -> 0x8E93
mem[X,0x00000000800024F6] -> 0x3FFE
[2370] [M]: 0x00000000800024F4 (0x3FFE8E93) addi t4, t4, 0x3ff
x29 <- 0xFFFFFFFEFFFBFFFF

mem[X,0x00000000800024F8] -> 0x2F9B
mem[X,0x00000000800024FA] -> 0xEBDF
[2371] [M]: 0x00000000800024F8 (0xEBDF2F9B) pssha.w.w0 t6, t5, t4
x31 <- 0xFFFDFFFF00040000

mem[X,0x00000000800024FC] -> 0xB023
mem[X,0x00000000800024FE] -> 0x37F0
[2372] [M]: 0x00000000800024FC (0x37F0B023) sd t6, 0x360(ra)
mem[0x0000000080005570] <- 0xFFFDFFFF00040000

mem[X,0x0000000080002500] -> 0x0F37
mem[X,0x0000000080002502] -> 0x0000
[2373] [M]: 0x0000000080002500 (0x00000F37) lui t5, 0x0
x30 <- 0x0000000000000000

mem[X,0x0000000080002504] -> 0x0F13
mem[X,0x0000000080002506] -> 0xBFFF
[2374] [M]: 0x0000000080002504 (0xBFFF0F13) addi t5, t5, -0x401
x30 <- 0xFFFFFFFFFFFFFBFF

mem[X,0x0000000080002508] -> 0x1F13
mem[X,0x000000008000250A] -> 0x00BF
[2375] [M]: 0x0000000080002508 (0x00BF1F13) slli t5, t5, 0xb
x30 <- 0xFFFFFFFFFFDFF800

mem[X,0x000000008000250C] -> 0x0F13
mem[X,0x000000008000250E] -> 0x000F
[2376] [M]: 0x000000008000250C (0x000F0F13) addi t5, t5, 0x0
x30 <- 0xFFFFFFFFFFDFF800

mem[X,0x0000000080002510] -> 0x1F13
mem[X,0x0000000080002512] -> 0x00BF
[2377] [M]: 0x0000000080002510 (0x00BF1F13) slli t5, t5, 0xb
x30 <- 0xFFFFFFFEFFC00000

mem[X,0x0000000080002514] -> 0x0F13
mem[X,0x0000000080002516] -> 0x000F
[2378] [M]: 0x0000000080002514 (0x000F0F13) addi t5, t5, 0x0
x30 <- 0xFFFFFFFEFFC00000

mem[X,0x0000000080002518] -> 0x1F13
mem[X,0x000000008000251A] -> 0x00AF
[2379] [M]: 0x0000000080002518 (0x00AF1F13) slli t5, t5, 0xa
x30 <- 0xFFFFFBFF00000000

mem[X,0x000000008000251C] -> 0x0F13
mem[X,0x000000008000251E] -> 0x002F
[2380] [M]: 0x000000008000251C (0x002F0F13) addi t5, t5, 0x2
x30 <- 0xFFFFFBFF00000002

mem[X,0x0000000080002520] -> 0x0EB7
mem[X,0x0000000080002522] -> 0x0000
[2381] [M]: 0x0000000080002520 (0x00000EB7) lui t4, 0x0
x29 <- 0x0000000000000000

mem[X,0x0000000080002524] -> 0x8E93
mem[X,0x0000000080002526] -> 0x010E
[2382] [M]: 0x0000000080002524 (0x010E8E93) addi t4, t4, 0x10
x29 <- 0x0000000000000010

mem[X,0x0000000080002528] -> 0x9E93
mem[X,0x000000008000252A] -> 0x00BE
[2383] [M]: 0x0000000080002528 (0x00BE9E93) slli t4, t4, 0xb
x29 <- 0x0000000000008000

mem[X,0x000000008000252C] -> 0x8E93
mem[X,0x000000008000252E] -> 0x7FFE
[2384] [M]: 0x000000008000252C (0x7FFE8E93) addi t4, t4, 0x7ff
x29 <- 0x00000000000087FF

mem[X,0x0000000080002530] -> 0x9E93
mem[X,0x0000000080002532] -> 0x00BE
[2385] [M]: 0x0000000080002530 (0x00BE9E93) slli t4, t4, 0xb
x29 <- 0x00000000043FF800

mem[X,0x0000000080002534] -> 0x8E93
mem[X,0x0000000080002536] -> 0x7FFE
[2386] [M]: 0x0000000080002534 (0x7FFE8E93) addi t4, t4, 0x7ff
x29 <- 0x00000000043FFFFF

mem[X,0x0000000080002538] -> 0x9E93
mem[X,0x000000008000253A] -> 0x00AE
[2387] [M]: 0x0000000080002538 (0x00AE9E93) slli t4, t4, 0xa
x29 <- 0x00000010FFFFFC00

mem[X,0x000000008000253C] -> 0x8E93
mem[X,0x000000008000253E] -> 0x3F9E
[2388] [M]: 0x000000008000253C (0x3F9E8E93) addi t4, t4, 0x3f9
x29 <- 0x00000010FFFFFFF9

mem[X,0x0000000080002540] -> 0x2F9B
mem[X,0x0000000080002542] -> 0xEBDF
[2389] [M]: 0x0000000080002540 (0xEBDF2F9B) pssha.w.w0 t6, t5, t4
x31 <- 0xFFFFFFF700000000

mem[X,0x0000000080002544] -> 0xB423
mem[X,0x0000000080002546] -> 0x37F0
[2390] [M]: 0x0000000080002544 (0x37F0B423) sd t6, 0x368(ra)
mem[0x0000000080005578] <- 0xFFFFFFF700000000

mem[X,0x0000000080002548] -> 0x8F37
mem[X,0x000000008000254A] -> 0x0000
[2391] [M]: 0x0000000080002548 (0x00008F37) lui t5, 0x8
x30 <- 0x0000000000008000

mem[X,0x000000008000254C] -> 0x0F13
mem[X,0x000000008000254E] -> 0x001F
[2392] [M]: 0x000000008000254C (0x001F0F13) addi t5, t5, 0x1
x30 <- 0x0000000000008001

mem[X,0x0000000080002550] -> 0x1F13
mem[X,0x0000000080002552] -> 0x01FF
[2393] [M]: 0x0000000080002550 (0x01FF1F13) slli t5, t5, 0x1f
x30 <- 0x0000400080000000

mem[X,0x0000000080002554] -> 0x0EB7
mem[X,0x0000000080002556] -> 0x0000
[2394] [M]: 0x0000000080002554 (0x00000EB7) lui t4, 0x0
x29 <- 0x0000000000000000

mem[X,0x0000000080002558] -> 0x8E93
mem[X,0x000000008000255A] -> 0xFFBE
[2395] [M]: 0x0000000080002558 (0xFFBE8E93) addi t4, t4, -0x5
x29 <- 0xFFFFFFFFFFFFFFFB

mem[X,0x000000008000255C] -> 0x9E93
mem[X,0x000000008000255E] -> 0x00BE
[2396] [M]: 0x000000008000255C (0x00BE9E93) slli t4, t4, 0xb
x29 <- 0xFFFFFFFFFFFFD800

mem[X,0x0000000080002560] -> 0x8E93
mem[X,0x0000000080002562] -> 0x010E
[2397] [M]: 0x0000000080002560 (0x010E8E93) addi t4, t4, 0x10
x29 <- 0xFFFFFFFFFFFFD810

mem[X,0x0000000080002564] -> 0x9E93
mem[X,0x0000000080002566] -> 0x00BE
[2398] [M]: 0x0000000080002564 (0x00BE9E93) slli t4, t4, 0xb
x29 <- 0xFFFFFFFFFEC08000

mem[X,0x0000000080002568] -> 0x8E93
mem[X,0x000000008000256A] -> 0x000E
[2399] [M]: 0x0000000080002568 (0x000E8E93) addi t4, t4, 0x0
x29 <- 0xFFFFFFFFFEC08000

clint::tick mtime <- 0x0000000000000018
 clint timer pending at mtime 0x0000000000000018
htif::tick 0x0000000000000000
mem[X,0x000000008000256C] -> 0x9E93
mem[X,0x000000008000256E] -> 0x00AE
[2400] [M]: 0x000000008000256C (0x00AE9E93) slli t4, t4, 0xa
x29 <- 0xFFFFFFFB02000000

mem[X,0x0000000080002570] -> 0x2F9B
mem[X,0x0000000080002572] -> 0xEBDF
[2401] [M]: 0x0000000080002570 (0xEBDF2F9B) pssha.w.w0 t6, t5, t4
x31 <- 0x0000400080000000

mem[X,0x0000000080002574] -> 0xB823
mem[X,0x0000000080002576] -> 0x37F0
[2402] [M]: 0x0000000080002574 (0x37F0B823) sd t6, 0x370(ra)
mem[0x0000000080005580] <- 0x0000400080000000

mem[X,0x0000000080002578] -> 0xFF37
mem[X,0x000000008000257A] -> 0xFFFF
[2403] [M]: 0x0000000080002578 (0xFFFFFF37) lui t5, -0x1
x30 <- 0xFFFFFFFFFFFFF000

mem[X,0x000000008000257C] -> 0x0F13
mem[X,0x000000008000257E] -> 0x7FFF
[2404] [M]: 0x000000008000257C (0x7FFF0F13) addi t5, t5, 0x7ff
x30 <- 0xFFFFFFFFFFFFF7FF

mem[X,0x0000000080002580] -> 0x1F13
mem[X,0x0000000080002582] -> 0x00BF
[2405] [M]: 0x0000000080002580 (0x00BF1F13) slli t5, t5, 0xb
x30 <- 0xFFFFFFFFFFBFF800

mem[X,0x0000000080002584] -> 0x0F13
mem[X,0x0000000080002586] -> 0x000F
[2406] [M]: 0x0000000080002584 (0x000F0F13) addi t5, t5, 0x0
x30 <- 0xFFFFFFFFFFBFF800

mem[X,0x0000000080002588] -> 0x1F13
mem[X,0x000000008000258A] -> 0x00BF
[2407] [M]: 0x0000000080002588 (0x00BF1F13) slli t5, t5, 0xb
x30 <- 0xFFFFFFFDFFC00000

mem[X,0x000000008000258C] -> 0x0F13
mem[X,0x000000008000258E] -> 0x040F
[2408] [M]: 0x000000008000258C (0x040F0F13) addi t5, t5, 0x40
x30 <- 0xFFFFFFFDFFC00040

mem[X,0x0000000080002590] -> 0x1F13
mem[X,0x0000000080002592] -> 0x00AF
[2409] [M]: 0x0000000080002590 (0x00AF1F13) slli t5, t5, 0xa
x30 <- 0xFFFFF7FF00010000

mem[X,0x0000000080002594] -> 0x0EB7
mem[X,0x0000000080002596] -> 0x0000
[2410] [M]: 0x0000000080002594 (0x00000EB7) lui t4, 0x0
x29 <- 0x0000000000000000

mem[X,0x0000000080002598] -> 0x8E93
mem[X,0x000000008000259A] -> 0xBFFE
[2411] [M]: 0x0000000080002598 (0xBFFE8E93) addi t4, t4, -0x401
x29 <- 0xFFFFFFFFFFFFFBFF

mem[X,0x000000008000259C] -> 0x9E93
mem[X,0x000000008000259E] -> 0x00BE
[2412] [M]: 0x000000008000259C (0x00BE9E93) slli t4, t4, 0xb
x29 <- 0xFFFFFFFFFFDFF800

mem[X,0x00000000800025A0] -> 0x8E93
mem[X,0x00000000800025A2] -> 0x000E
[2413] [M]: 0x00000000800025A0 (0x000E8E93) addi t4, t4, 0x0
x29 <- 0xFFFFFFFFFFDFF800

mem[X,0x00000000800025A4] -> 0x9E93
mem[X,0x00000000800025A6] -> 0x00BE
[2414] [M]: 0x00000000800025A4 (0x00BE9E93) slli t4, t4, 0xb
x29 <- 0xFFFFFFFEFFC00000

mem[X,0x00000000800025A8] -> 0x8E93
mem[X,0x00000000800025AA] -> 0x000E
[2415] [M]: 0x00000000800025A8 (0x000E8E93) addi t4, t4, 0x0
x29 <- 0xFFFFFFFEFFC00000

mem[X,0x00000000800025AC] -> 0x9E93
mem[X,0x00000000800025AE] -> 0x00AE
[2416] [M]: 0x00000000800025AC (0x00AE9E93) slli t4, t4, 0xa
x29 <- 0xFFFFFBFF00000000

mem[X,0x00000000800025B0] -> 0x8E93
mem[X,0x00000000800025B2] -> 0x009E
[2417] [M]: 0x00000000800025B0 (0x009E8E93) addi t4, t4, 0x9
x29 <- 0xFFFFFBFF00000009

mem[X,0x00000000800025B4] -> 0x2F9B
mem[X,0x00000000800025B6] -> 0xEBDF
[2418] [M]: 0x00000000800025B4 (0xEBDF2F9B) pssha.w.w0 t6, t5, t4
x31 <- 0xFFEFFE0002000000

mem[X,0x00000000800025B8] -> 0xBC23
mem[X,0x00000000800025BA] -> 0x37F0
[2419] [M]: 0x00000000800025B8 (0x37F0BC23) sd t6, 0x378(ra)
mem[0x0000000080005588] <- 0xFFEFFE0002000000

mem[X,0x00000000800025BC] -> 0xCF37
mem[X,0x00000000800025BE] -> 0xFFFF
[2420] [M]: 0x00000000800025BC (0xFFFFCF37) lui t5, -0x4
x30 <- 0xFFFFFFFFFFFFC000

mem[X,0x00000000800025C0] -> 0x0F13
mem[X,0x00000000800025C2] -> 0xFFFF
[2421] [M]: 0x00000000800025C0 (0xFFFF0F13) addi t5, t5, -0x1
x30 <- 0xFFFFFFFFFFFFBFFF

mem[X,0x00000000800025C4] -> 0x1F13
mem[X,0x00000000800025C6] -> 0x00BF
[2422] [M]: 0x00000000800025C4 (0x00BF1F13) slli t5, t5, 0xb
x30 <- 0xFFFFFFFFFDFFF800

mem[X,0x00000000800025C8] -> 0x0F13
mem[X,0x00000000800025CA] -> 0x2AAF
[2423] [M]: 0x00000000800025C8 (0x2AAF0F13) addi t5, t5, 0x2aa
x30 <- 0xFFFFFFFFFDFFFAAA

mem[X,0x00000000800025CC] -> 0x1F13
mem[X,0x00000000800025CE] -> 0x00BF
[2424] [M]: 0x00000000800025CC (0x00BF1F13) slli t5, t5, 0xb
x30 <- 0xFFFFFFEFFFD55000

mem[X,0x00000000800025D0] -> 0x0F13
mem[X,0x00000000800025D2] -> 0x555F
[2425] [M]: 0x00000000800025D0 (0x555F0F13) addi t5, t5, 0x555
x30 <- 0xFFFFFFEFFFD55555

mem[X,0x00000000800025D4] -> 0x1F13
mem[X,0x00000000800025D6] -> 0x00AF
[2426] [M]: 0x00000000800025D4 (0x00AF1F13) slli t5, t5, 0xa
x30 <- 0xFFFFBFFF55555400

mem[X,0x00000000800025D8] -> 0x0F13
mem[X,0x00000000800025DA] -> 0x155F
[2427] [M]: 0x00000000800025D8 (0x155F0F13) addi t5, t5, 0x155
x30 <- 0xFFFFBFFF55555555

mem[X,0x00000000800025DC] -> 0x8EB7
mem[X,0x00000000800025DE] -> 0x0000
[2428] [M]: 0x00000000800025DC (0x00008EB7) lui t4, 0x8
x29 <- 0x0000000000008000

mem[X,0x00000000800025E0] -> 0x8E93
mem[X,0x00000000800025E2] -> 0x000E
[2429] [M]: 0x00000000800025E0 (0x000E8E93) addi t4, t4, 0x0
x29 <- 0x0000000000008000

mem[X,0x00000000800025E4] -> 0x9E93
mem[X,0x00000000800025E6] -> 0x00BE
[2430] [M]: 0x00000000800025E4 (0x00BE9E93) slli t4, t4, 0xb
x29 <- 0x0000000004000000

mem[X,0x00000000800025E8] -> 0x8E93
mem[X,0x00000000800025EA] -> 0x000E
[2431] [M]: 0x00000000800025E8 (0x000E8E93) addi t4, t4, 0x0
x29 <- 0x0000000004000000

mem[X,0x00000000800025EC] -> 0x9E93
mem[X,0x00000000800025EE] -> 0x00BE
[2432] [M]: 0x00000000800025EC (0x00BE9E93) slli t4, t4, 0xb
x29 <- 0x0000002000000000

mem[X,0x00000000800025F0] -> 0x8E93
mem[X,0x00000000800025F2] -> 0x010E
[2433] [M]: 0x00000000800025F0 (0x010E8E93) addi t4, t4, 0x10
x29 <- 0x0000002000000010

mem[X,0x00000000800025F4] -> 0x9E93
mem[X,0x00000000800025F6] -> 0x00AE
[2434] [M]: 0x00000000800025F4 (0x00AE9E93) slli t4, t4, 0xa
x29 <- 0x0000800000004000

mem[X,0x00000000800025F8] -> 0x2F9B
mem[X,0x00000000800025FA] -> 0xEBDF
[2435] [M]: 0x00000000800025F8 (0xEBDF2F9B) pssha.w.w0 t6, t5, t4
x31 <- 0xFFFFBFFF55555555

mem[X,0x00000000800025FC] -> 0xB023
mem[X,0x00000000800025FE] -> 0x39F0
[2436] [M]: 0x00000000800025FC (0x39F0B023) sd t6, 0x380(ra)
mem[0x0000000080005590] <- 0xFFFFBFFF55555555

mem[X,0x0000000080002600] -> 0x0F37
mem[X,0x0000000080002602] -> 0x0000
[2437] [M]: 0x0000000080002600 (0x00000F37) lui t5, 0x0
x30 <- 0x0000000000000000

mem[X,0x0000000080002604] -> 0x0F13
mem[X,0x0000000080002606] -> 0x004F
[2438] [M]: 0x0000000080002604 (0x004F0F13) addi t5, t5, 0x4
x30 <- 0x0000000000000004

mem[X,0x0000000080002608] -> 0x1F13
mem[X,0x000000008000260A] -> 0x00BF
[2439] [M]: 0x0000000080002608 (0x00BF1F13) slli t5, t5, 0xb
x30 <- 0x0000000000002000

mem[X,0x000000008000260C] -> 0x0F13
mem[X,0x000000008000260E] -> 0x7F7F
[2440] [M]: 0x000000008000260C (0x7F7F0F13) addi t5, t5, 0x7f7
x30 <- 0x00000000000027F7

mem[X,0x0000000080002610] -> 0x1F13
mem[X,0x0000000080002612] -> 0x00BF
[2441] [M]: 0x0000000080002610 (0x00BF1F13) slli t5, t5, 0xb
x30 <- 0x00000000013FB800

mem[X,0x0000000080002614] -> 0x0F13
mem[X,0x0000000080002616] -> 0x7FFF
[2442] [M]: 0x0000000080002614 (0x7FFF0F13) addi t5, t5, 0x7ff
x30 <- 0x00000000013FBFFF

mem[X,0x0000000080002618] -> 0x1F13
mem[X,0x000000008000261A] -> 0x00AF
[2443] [M]: 0x0000000080002618 (0x00AF1F13) slli t5, t5, 0xa
x30 <- 0x00000004FEFFFC00

mem[X,0x000000008000261C] -> 0x0F13
mem[X,0x000000008000261E] -> 0x3FFF
[2444] [M]: 0x000000008000261C (0x3FFF0F13) addi t5, t5, 0x3ff
x30 <- 0x00000004FEFFFFFF

mem[X,0x0000000080002620] -> 0x0EB7
mem[X,0x0000000080002622] -> 0x0000
[2445] [M]: 0x0000000080002620 (0x00000EB7) lui t4, 0x0
x29 <- 0x0000000000000000

mem[X,0x0000000080002624] -> 0x8E93
mem[X,0x0000000080002626] -> 0xFBFE
[2446] [M]: 0x0000000080002624 (0xFBFE8E93) addi t4, t4, -0x41
x29 <- 0xFFFFFFFFFFFFFFBF

mem[X,0x0000000080002628] -> 0x9E93
mem[X,0x000000008000262A] -> 0x00BE
[2447] [M]: 0x0000000080002628 (0x00BE9E93) slli t4, t4, 0xb
x29 <- 0xFFFFFFFFFFFDF800

mem[X,0x000000008000262C] -> 0x8E93
mem[X,0x000000008000262E] -> 0x7FFE
[2448] [M]: 0x000000008000262C (0x7FFE8E93) addi t4, t4, 0x7ff
x29 <- 0xFFFFFFFFFFFDFFFF

mem[X,0x0000000080002630] -> 0x9E93
mem[X,0x0000000080002632] -> 0x00BE
[2449] [M]: 0x0000000080002630 (0x00BE9E93) slli t4, t4, 0xb
x29 <- 0xFFFFFFFFEFFFF800

mem[X,0x0000000080002634] -> 0x8E93
mem[X,0x0000000080002636] -> 0x7FBE
[2450] [M]: 0x0000000080002634 (0x7FBE8E93) addi t4, t4, 0x7fb
x29 <- 0xFFFFFFFFEFFFFFFB

mem[X,0x0000000080002638] -> 0x9E93
mem[X,0x000000008000263A] -> 0x00AE
[2451] [M]: 0x0000000080002638 (0x00AE9E93) slli t4, t4, 0xa
x29 <- 0xFFFFFFBFFFFFEC00

mem[X,0x000000008000263C] -> 0x8E93
mem[X,0x000000008000263E] -> 0x3FFE
[2452] [M]: 0x000000008000263C (0x3FFE8E93) addi t4, t4, 0x3ff
x29 <- 0xFFFFFFBFFFFFEFFF

mem[X,0x0000000080002640] -> 0x2F9B
mem[X,0x0000000080002642] -> 0xEBDF
[2453] [M]: 0x0000000080002640 (0xEBDF2F9B) pssha.w.w0 t6, t5, t4
x31 <- 0x00000002FF7FFFFF

mem[X,0x0000000080002644] -> 0xB423
mem[X,0x0000000080002646] -> 0x39F0
[2454] [M]: 0x0000000080002644 (0x39F0B423) sd t6, 0x388(ra)
mem[0x0000000080005598] <- 0x00000002FF7FFFFF

mem[X,0x0000000080002648] -> 0x0F37
mem[X,0x000000008000264A] -> 0xFE00
[2455] [M]: 0x0000000080002648 (0xFE000F37) lui t5, -0x2000
x30 <- 0xFFFFFFFFFE000000

mem[X,0x000000008000264C] -> 0x0F13
mem[X,0x000000008000264E] -> 0xFFFF
[2456] [M]: 0x000000008000264C (0xFFFF0F13) addi t5, t5, -0x1
x30 <- 0xFFFFFFFFFDFFFFFF

mem[X,0x0000000080002650] -> 0x1F13
mem[X,0x0000000080002652] -> 0x00BF
[2457] [M]: 0x0000000080002650 (0x00BF1F13) slli t5, t5, 0xb
x30 <- 0xFFFFFFEFFFFFF800

mem[X,0x0000000080002654] -> 0x0F13
mem[X,0x0000000080002656] -> 0x000F
[2458] [M]: 0x0000000080002654 (0x000F0F13) addi t5, t5, 0x0
x30 <- 0xFFFFFFEFFFFFF800

mem[X,0x0000000080002658] -> 0x1F13
mem[X,0x000000008000265A] -> 0x00BF
[2459] [M]: 0x0000000080002658 (0x00BF1F13) slli t5, t5, 0xb
x30 <- 0xFFFF7FFFFFC00000

mem[X,0x000000008000265C] -> 0x0F13
mem[X,0x000000008000265E] -> 0x200F
[2460] [M]: 0x000000008000265C (0x200F0F13) addi t5, t5, 0x200
x30 <- 0xFFFF7FFFFFC00200

mem[X,0x0000000080002660] -> 0x1F13
mem[X,0x0000000080002662] -> 0x00AF
[2461] [M]: 0x0000000080002660 (0x00AF1F13) slli t5, t5, 0xa
x30 <- 0xFDFFFFFF00080000

mem[X,0x0000000080002664] -> 0x0EB7
mem[X,0x0000000080002666] -> 0x0000
[2462] [M]: 0x0000000080002664 (0x00000EB7) lui t4, 0x0
x29 <- 0x0000000000000000

mem[X,0x0000000080002668] -> 0x8E93
mem[X,0x000000008000266A] -> 0xF7FE
[2463] [M]: 0x0000000080002668 (0xF7FE8E93) addi t4, t4, -0x81
x29 <- 0xFFFFFFFFFFFFFF7F

mem[X,0x000000008000266C] -> 0x9E93
mem[X,0x000000008000266E] -> 0x00BE
[2464] [M]: 0x000000008000266C (0x00BE9E93) slli t4, t4, 0xb
x29 <- 0xFFFFFFFFFFFBF800

mem[X,0x0000000080002670] -> 0x8E93
mem[X,0x0000000080002672] -> 0x000E
[2465] [M]: 0x0000000080002670 (0x000E8E93) addi t4, t4, 0x0
x29 <- 0xFFFFFFFFFFFBF800

mem[X,0x0000000080002674] -> 0x9E93
mem[X,0x0000000080002676] -> 0x00BE
[2466] [M]: 0x0000000080002674 (0x00BE9E93) slli t4, t4, 0xb
x29 <- 0xFFFFFFFFDFC00000

mem[X,0x0000000080002678] -> 0x8E93
mem[X,0x000000008000267A] -> 0x002E
[2467] [M]: 0x0000000080002678 (0x002E8E93) addi t4, t4, 0x2
x29 <- 0xFFFFFFFFDFC00002

mem[X,0x000000008000267C] -> 0x9E93
mem[X,0x000000008000267E] -> 0x00AE
[2468] [M]: 0x000000008000267C (0x00AE9E93) slli t4, t4, 0xa
x29 <- 0xFFFFFF7F00000800

mem[X,0x0000000080002680] -> 0x2F9B
mem[X,0x0000000080002682] -> 0xEBDF
[2469] [M]: 0x0000000080002680 (0xEBDF2F9B) pssha.w.w0 t6, t5, t4
x31 <- 0xFDFFFFFF00080000

mem[X,0x0000000080002684] -> 0xB823
mem[X,0x0000000080002686] -> 0x39F0
[2470] [M]: 0x0000000080002684 (0x39F0B823) sd t6, 0x390(ra)
mem[0x00000000800055A0] <- 0xFDFFFFFF00080000

mem[X,0x0000000080002688] -> 0x0F37
mem[X,0x000000008000268A] -> 0xFFFF
[2471] [M]: 0x0000000080002688 (0xFFFF0F37) lui t5, -0x10
x30 <- 0xFFFFFFFFFFFF0000

mem[X,0x000000008000268C] -> 0x0F13
mem[X,0x000000008000268E] -> 0xFFFF
[2472] [M]: 0x000000008000268C (0xFFFF0F13) addi t5, t5, -0x1
x30 <- 0xFFFFFFFFFFFEFFFF

mem[X,0x0000000080002690] -> 0x1F13
mem[X,0x0000000080002692] -> 0x00BF
[2473] [M]: 0x0000000080002690 (0x00BF1F13) slli t5, t5, 0xb
x30 <- 0xFFFFFFFFF7FFF800

mem[X,0x0000000080002694] -> 0x0F13
mem[X,0x0000000080002696] -> 0x555F
[2474] [M]: 0x0000000080002694 (0x555F0F13) addi t5, t5, 0x555
x30 <- 0xFFFFFFFFF7FFFD55

mem[X,0x0000000080002698] -> 0x1F13
mem[X,0x000000008000269A] -> 0x00BF
[2475] [M]: 0x0000000080002698 (0x00BF1F13) slli t5, t5, 0xb
x30 <- 0xFFFFFFBFFFEAA800

mem[X,0x000000008000269C] -> 0x0F13
mem[X,0x000000008000269E] -> 0x2AAF
[2476] [M]: 0x000000008000269C (0x2AAF0F13) addi t5, t5, 0x2aa
x30 <- 0xFFFFFFBFFFEAAAAA

mem[X,0x00000000800026A0] -> 0x1F13
mem[X,0x00000000800026A2] -> 0x00AF
[2477] [M]: 0x00000000800026A0 (0x00AF1F13) slli t5, t5, 0xa
x30 <- 0xFFFEFFFFAAAAA800

mem[X,0x00000000800026A4] -> 0x0F13
mem[X,0x00000000800026A6] -> 0x2AAF
[2478] [M]: 0x00000000800026A4 (0x2AAF0F13) addi t5, t5, 0x2aa
x30 <- 0xFFFEFFFFAAAAAAAA

mem[X,0x00000000800026A8] -> 0x0EB7
mem[X,0x00000000800026AA] -> 0x0000
[2479] [M]: 0x00000000800026A8 (0x00000EB7) lui t4, 0x0
x29 <- 0x0000000000000000

mem[X,0x00000000800026AC] -> 0x8E93
mem[X,0x00000000800026AE] -> 0x007E
[2480] [M]: 0x00000000800026AC (0x007E8E93) addi t4, t4, 0x7
x29 <- 0x0000000000000007

mem[X,0x00000000800026B0] -> 0x9E93
mem[X,0x00000000800026B2] -> 0x00BE
[2481] [M]: 0x00000000800026B0 (0x00BE9E93) slli t4, t4, 0xb
x29 <- 0x0000000000003800

mem[X,0x00000000800026B4] -> 0x8E93
mem[X,0x00000000800026B6] -> 0x7BFE
[2482] [M]: 0x00000000800026B4 (0x7BFE8E93) addi t4, t4, 0x7bf
x29 <- 0x0000000000003FBF

mem[X,0x00000000800026B8] -> 0x9E93
mem[X,0x00000000800026BA] -> 0x00BE
[2483] [M]: 0x00000000800026B8 (0x00BE9E93) slli t4, t4, 0xb
x29 <- 0x0000000001FDF800

mem[X,0x00000000800026BC] -> 0x8E93
mem[X,0x00000000800026BE] -> 0x7FFE
[2484] [M]: 0x00000000800026BC (0x7FFE8E93) addi t4, t4, 0x7ff
x29 <- 0x0000000001FDFFFF

mem[X,0x00000000800026C0] -> 0x9E93
mem[X,0x00000000800026C2] -> 0x00AE
[2485] [M]: 0x00000000800026C0 (0x00AE9E93) slli t4, t4, 0xa
x29 <- 0x00000007F7FFFC00

mem[X,0x00000000800026C4] -> 0x8E93
mem[X,0x00000000800026C6] -> 0x3FFE
[2486] [M]: 0x00000000800026C4 (0x3FFE8E93) addi t4, t4, 0x3ff
x29 <- 0x00000007F7FFFFFF

mem[X,0x00000000800026C8] -> 0x2F9B
mem[X,0x00000000800026CA] -> 0xEBDF
[2487] [M]: 0x00000000800026C8 (0xEBDF2F9B) pssha.w.w0 t6, t5, t4
x31 <- 0xFFFF7FFFD5555555

mem[X,0x00000000800026CC] -> 0xBC23
mem[X,0x00000000800026CE] -> 0x39F0
[2488] [M]: 0x00000000800026CC (0x39F0BC23) sd t6, 0x398(ra)
mem[0x00000000800055A8] <- 0xFFFF7FFFD5555555

mem[X,0x00000000800026D0] -> 0x0F37
mem[X,0x00000000800026D2] -> 0x0000
[2489] [M]: 0x00000000800026D0 (0x00000F37) lui t5, 0x0
x30 <- 0x0000000000000000

mem[X,0x00000000800026D4] -> 0x0F13
mem[X,0x00000000800026D6] -> 0xFDFF
[2490] [M]: 0x00000000800026D4 (0xFDFF0F13) addi t5, t5, -0x21
x30 <- 0xFFFFFFFFFFFFFFDF

mem[X,0x00000000800026D8] -> 0x1F13
mem[X,0x00000000800026DA] -> 0x00BF
[2491] [M]: 0x00000000800026D8 (0x00BF1F13) slli t5, t5, 0xb
x30 <- 0xFFFFFFFFFFFEF800

mem[X,0x00000000800026DC] -> 0x0F13
mem[X,0x00000000800026DE] -> 0x000F
[2492] [M]: 0x00000000800026DC (0x000F0F13) addi t5, t5, 0x0
x30 <- 0xFFFFFFFFFFFEF800

mem[X,0x00000000800026E0] -> 0x1F13
mem[X,0x00000000800026E2] -> 0x00BF
[2493] [M]: 0x00000000800026E0 (0x00BF1F13) slli t5, t5, 0xb
x30 <- 0xFFFFFFFFF7C00000

mem[X,0x00000000800026E4] -> 0x0F13
mem[X,0x00000000800026E6] -> 0x000F
[2494] [M]: 0x00000000800026E4 (0x000F0F13) addi t5, t5, 0x0
x30 <- 0xFFFFFFFFF7C00000

mem[X,0x00000000800026E8] -> 0x1F13
mem[X,0x00000000800026EA] -> 0x00AF
[2495] [M]: 0x00000000800026E8 (0x00AF1F13) slli t5, t5, 0xa
x30 <- 0xFFFFFFDF00000000

mem[X,0x00000000800026EC] -> 0x0EB7
mem[X,0x00000000800026EE] -> 0x0000
[2496] [M]: 0x00000000800026EC (0x00000EB7) lui t4, 0x0
x29 <- 0x0000000000000000

mem[X,0x00000000800026F0] -> 0x8E93
mem[X,0x00000000800026F2] -> 0xFEFE
[2497] [M]: 0x00000000800026F0 (0xFEFE8E93) addi t4, t4, -0x11
x29 <- 0xFFFFFFFFFFFFFFEF

mem[X,0x00000000800026F4] -> 0x9E93
mem[X,0x00000000800026F6] -> 0x00BE
[2498] [M]: 0x00000000800026F4 (0x00BE9E93) slli t4, t4, 0xb
x29 <- 0xFFFFFFFFFFFF7800

mem[X,0x00000000800026F8] -> 0x8E93
mem[X,0x00000000800026FA] -> 0x000E
[2499] [M]: 0x00000000800026F8 (0x000E8E93) addi t4, t4, 0x0
x29 <- 0xFFFFFFFFFFFF7800

clint::tick mtime <- 0x0000000000000019
 clint timer pending at mtime 0x0000000000000019
htif::tick 0x0000000000000000
mem[X,0x00000000800026FC] -> 0x9E93
mem[X,0x00000000800026FE] -> 0x00BE
[2500] [M]: 0x00000000800026FC (0x00BE9E93) slli t4, t4, 0xb
x29 <- 0xFFFFFFFFFBC00000

mem[X,0x0000000080002700] -> 0x8E93
mem[X,0x0000000080002702] -> 0x000E
[2501] [M]: 0x0000000080002700 (0x000E8E93) addi t4, t4, 0x0
x29 <- 0xFFFFFFFFFBC00000

mem[X,0x0000000080002704] -> 0x9E93
mem[X,0x0000000080002706] -> 0x00AE
[2502] [M]: 0x0000000080002704 (0x00AE9E93) slli t4, t4, 0xa
x29 <- 0xFFFFFFEF00000000

mem[X,0x0000000080002708] -> 0x8E93
mem[X,0x000000008000270A] -> 0x005E
[2503] [M]: 0x0000000080002708 (0x005E8E93) addi t4, t4, 0x5
x29 <- 0xFFFFFFEF00000005

mem[X,0x000000008000270C] -> 0x2F9B
mem[X,0x000000008000270E] -> 0xEBDF
[2504] [M]: 0x000000008000270C (0xEBDF2F9B) pssha.w.w0 t6, t5, t4
x31 <- 0xFFFFFBE000000000

mem[X,0x0000000080002710] -> 0xB023
mem[X,0x0000000080002712] -> 0x3BF0
[2505] [M]: 0x0000000080002710 (0x3BF0B023) sd t6, 0x3a0(ra)
mem[0x00000000800055B0] <- 0xFFFFFBE000000000

mem[X,0x0000000080002714] -> 0x0F37
mem[X,0x0000000080002716] -> 0x0010
[2506] [M]: 0x0000000080002714 (0x00100F37) lui t5, 0x100
x30 <- 0x0000000000100000

mem[X,0x0000000080002718] -> 0x0F13
mem[X,0x000000008000271A] -> 0x000F
[2507] [M]: 0x0000000080002718 (0x000F0F13) addi t5, t5, 0x0
x30 <- 0x0000000000100000

mem[X,0x000000008000271C] -> 0x1F13
mem[X,0x000000008000271E] -> 0x00BF
[2508] [M]: 0x000000008000271C (0x00BF1F13) slli t5, t5, 0xb
x30 <- 0x0000000080000000

mem[X,0x0000000080002720] -> 0x0F13
mem[X,0x0000000080002722] -> 0x001F
[2509] [M]: 0x0000000080002720 (0x001F0F13) addi t5, t5, 0x1
x30 <- 0x0000000080000001

mem[X,0x0000000080002724] -> 0x1F13
mem[X,0x0000000080002726] -> 0x00BF
[2510] [M]: 0x0000000080002724 (0x00BF1F13) slli t5, t5, 0xb
x30 <- 0x0000040000000800

mem[X,0x0000000080002728] -> 0x0F13
mem[X,0x000000008000272A] -> 0x000F
[2511] [M]: 0x0000000080002728 (0x000F0F13) addi t5, t5, 0x0
x30 <- 0x0000040000000800

mem[X,0x000000008000272C] -> 0x1F13
mem[X,0x000000008000272E] -> 0x00AF
[2512] [M]: 0x000000008000272C (0x00AF1F13) slli t5, t5, 0xa
x30 <- 0x0010000000200000

mem[X,0x0000000080002730] -> 0x4EB7
mem[X,0x0000000080002732] -> 0x0000
[2513] [M]: 0x0000000080002730 (0x00004EB7) lui t4, 0x4
x29 <- 0x0000000000004000

mem[X,0x0000000080002734] -> 0x8E93
mem[X,0x0000000080002736] -> 0x000E
[2514] [M]: 0x0000000080002734 (0x000E8E93) addi t4, t4, 0x0
x29 <- 0x0000000000004000

mem[X,0x0000000080002738] -> 0x9E93
mem[X,0x000000008000273A] -> 0x00BE
[2515] [M]: 0x0000000080002738 (0x00BE9E93) slli t4, t4, 0xb
x29 <- 0x0000000002000000

mem[X,0x000000008000273C] -> 0x8E93
mem[X,0x000000008000273E] -> 0x7FFE
[2516] [M]: 0x000000008000273C (0x7FFE8E93) addi t4, t4, 0x7ff
x29 <- 0x00000000020007FF

mem[X,0x0000000080002740] -> 0x9E93
mem[X,0x0000000080002742] -> 0x00BE
[2517] [M]: 0x0000000080002740 (0x00BE9E93) slli t4, t4, 0xb
x29 <- 0x00000010003FF800

mem[X,0x0000000080002744] -> 0x8E93
mem[X,0x0000000080002746] -> 0x3FFE
[2518] [M]: 0x0000000080002744 (0x3FFE8E93) addi t4, t4, 0x3ff
x29 <- 0x00000010003FFBFF

mem[X,0x0000000080002748] -> 0x9E93
mem[X,0x000000008000274A] -> 0x00AE
[2519] [M]: 0x0000000080002748 (0x00AE9E93) slli t4, t4, 0xa
x29 <- 0x00004000FFEFFC00

mem[X,0x000000008000274C] -> 0x8E93
mem[X,0x000000008000274E] -> 0x3FFE
[2520] [M]: 0x000000008000274C (0x3FFE8E93) addi t4, t4, 0x3ff
x29 <- 0x00004000FFEFFFFF

mem[X,0x0000000080002750] -> 0x2F9B
mem[X,0x0000000080002752] -> 0xEBDF
[2521] [M]: 0x0000000080002750 (0xEBDF2F9B) pssha.w.w0 t6, t5, t4
x31 <- 0x0008000000100000

mem[X,0x0000000080002754] -> 0xB423
mem[X,0x0000000080002756] -> 0x3BF0
[2522] [M]: 0x0000000080002754 (0x3BF0B423) sd t6, 0x3a8(ra)
mem[0x00000000800055B8] <- 0x0008000000100000

mem[X,0x0000000080002758] -> 0x0F13
mem[X,0x000000008000275A] -> 0x3810
[2523] [M]: 0x0000000080002758 (0x38100F13) addi t5, zero, 0x381
x30 <- 0x0000000000000381

mem[X,0x000000008000275C] -> 0x1F13
mem[X,0x000000008000275E] -> 0x019F
[2524] [M]: 0x000000008000275C (0x019F1F13) slli t5, t5, 0x19
x30 <- 0x0000000702000000

mem[X,0x0000000080002760] -> 0x0EB7
mem[X,0x0000000080002762] -> 0xFFC0
[2525] [M]: 0x0000000080002760 (0xFFC00EB7) lui t4, -0x400
x29 <- 0xFFFFFFFFFFC00000

mem[X,0x0000000080002764] -> 0x8E93
mem[X,0x0000000080002766] -> 0xFFFE
[2526] [M]: 0x0000000080002764 (0xFFFE8E93) addi t4, t4, -0x1
x29 <- 0xFFFFFFFFFFBFFFFF

mem[X,0x0000000080002768] -> 0x9E93
mem[X,0x000000008000276A] -> 0x00BE
[2527] [M]: 0x0000000080002768 (0x00BE9E93) slli t4, t4, 0xb
x29 <- 0xFFFFFFFDFFFFF800

mem[X,0x000000008000276C] -> 0x8E93
mem[X,0x000000008000276E] -> 0x7FFE
[2528] [M]: 0x000000008000276C (0x7FFE8E93) addi t4, t4, 0x7ff
x29 <- 0xFFFFFFFDFFFFFFFF

mem[X,0x0000000080002770] -> 0x9E93
mem[X,0x0000000080002772] -> 0x00BE
[2529] [M]: 0x0000000080002770 (0x00BE9E93) slli t4, t4, 0xb
x29 <- 0xFFFFEFFFFFFFF800

mem[X,0x0000000080002774] -> 0x8E93
mem[X,0x0000000080002776] -> 0x7FFE
[2530] [M]: 0x0000000080002774 (0x7FFE8E93) addi t4, t4, 0x7ff
x29 <- 0xFFFFEFFFFFFFFFFF

mem[X,0x0000000080002778] -> 0x9E93
mem[X,0x000000008000277A] -> 0x00AE
[2531] [M]: 0x0000000080002778 (0x00AE9E93) slli t4, t4, 0xa
x29 <- 0xFFBFFFFFFFFFFC00

mem[X,0x000000008000277C] -> 0x8E93
mem[X,0x000000008000277E] -> 0x3FEE
[2532] [M]: 0x000000008000277C (0x3FEE8E93) addi t4, t4, 0x3fe
x29 <- 0xFFBFFFFFFFFFFFFE

mem[X,0x0000000080002780] -> 0x2F9B
mem[X,0x0000000080002782] -> 0xEBDF
[2533] [M]: 0x0000000080002780 (0xEBDF2F9B) pssha.w.w0 t6, t5, t4
x31 <- 0x0000000100800000

mem[X,0x0000000080002784] -> 0xB823
mem[X,0x0000000080002786] -> 0x3BF0
[2534] [M]: 0x0000000080002784 (0x3BF0B823) sd t6, 0x3b0(ra)
mem[0x00000000800055C0] <- 0x0000000100800000

mem[X,0x0000000080002788] -> 0x006F
mem[X,0x000000008000278A] -> 0x0380
[2535] [M]: 0x0000000080002788 (0x0380006F) jal zero, 0x38

mem[X,0x00000000800027C0] -> 0x0093
mem[X,0x00000000800027C2] -> 0x0010
[2536] [M]: 0x00000000800027C0 (0x00100093) addi ra, zero, 0x1
x1 <- 0x0000000000000001

mem[X,0x00000000800027C4] -> 0x1F17
mem[X,0x00000000800027C6] -> 0x0000
[2537] [M]: 0x00000000800027C4 (0x00001F17) auipc t5, 0x1
x30 <- 0x00000000800037C4

mem[X,0x00000000800027C8] -> 0x2E23
mem[X,0x00000000800027CA] -> 0x821F
[2538] [M]: 0x00000000800027C8 (0x821F2E23) sw ra, -0x7c4(t5)
htif[0x0000000080003000] <- 0x00000001

mem[X,0x00000000800027CC] -> 0xF06F
mem[X,0x00000000800027CE] -> 0xFF9F
[2539] [M]: 0x00000000800027CC (0xFF9FF06F) jal zero, -0x8

mem[X,0x00000000800027C4] -> 0x1F17
mem[X,0x00000000800027C6] -> 0x0000
[2540] [M]: 0x00000000800027C4 (0x00001F17) auipc t5, 0x1
x30 <- 0x00000000800037C4

mem[X,0x00000000800027C8] -> 0x2E23
mem[X,0x00000000800027CA] -> 0x821F
[2541] [M]: 0x00000000800027C8 (0x821F2E23) sw ra, -0x7c4(t5)
htif[0x0000000080003000] <- 0x00000001

mem[X,0x00000000800027CC] -> 0xF06F
mem[X,0x00000000800027CE] -> 0xFF9F
[2542] [M]: 0x00000000800027CC (0xFF9FF06F) jal zero, -0x8

mem[X,0x00000000800027C4] -> 0x1F17
mem[X,0x00000000800027C6] -> 0x0000
[2543] [M]: 0x00000000800027C4 (0x00001F17) auipc t5, 0x1
x30 <- 0x00000000800037C4

mem[X,0x00000000800027C8] -> 0x2E23
mem[X,0x00000000800027CA] -> 0x821F
[2544] [M]: 0x00000000800027C8 (0x821F2E23) sw ra, -0x7c4(t5)
htif[0x0000000080003000] <- 0x00000001
htif-syscall-proxy cmd: 0x000000000001

SUCCESS
