using /home/chsu/rvp-workspace/test-example/riscof_work/psshar.h.h0-01.S/ref/Reference-sail_c_simulator.signature for test-signature output.
tohost located at 0x80001000
Running file ref.elf.
ELF Entry @ 0x80000000
begin_signature: 0x80003110
end_signature: 0x80003250
CSR mstatus <- 0x00000000 (input: 0x00000000)
mem[X,0x00001000] -> 0x0297
mem[X,0x00001002] -> 0x0000
[0] [M]: 0x00001000 (0x00000297) auipc t0, 0x0
x5 <- 0x00001000

mem[X,0x00001004] -> 0x8593
mem[X,0x00001006] -> 0x0202
[1] [M]: 0x00001004 (0x02028593) addi a1, t0, 0x20
x11 <- 0x00001020

mem[X,0x00001008] -> 0x2573
mem[X,0x0000100A] -> 0xF140
[2] [M]: 0x00001008 (0xF1402573) csrrs a0, mhartid, zero
CSR mhartid -> 0x00000000
x10 <- 0x00000000

mem[X,0x0000100C] -> 0xA283
mem[X,0x0000100E] -> 0x0182
[3] [M]: 0x0000100C (0x0182A283) lw t0, 0x18(t0)
mem[R,0x00001018] -> 0x80000000
x5 <- 0x80000000

mem[X,0x00001010] -> 0x8067
mem[X,0x00001012] -> 0x0002
[4] [M]: 0x00001010 (0x00028067) jalr zero, 0x0(t0)

mem[X,0x80000000] -> 0x0837
mem[X,0x80000002] -> 0x7D5C
[5] [M]: 0x80000000 (0x7D5C0837) lui a6, 0x7d5c0
x16 <- 0x7D5C0000

mem[X,0x80000004] -> 0x0813
mem[X,0x80000006] -> 0xDDB8
[6] [M]: 0x80000004 (0xDDB80813) addi a6, a6, -0x225
x16 <- 0x7D5BFDDB

mem[X,0x80000008] -> 0x5893
mem[X,0x8000000A] -> 0x0078
[7] [M]: 0x80000008 (0x00785893) srli a7, a6, 0x7
x17 <- 0x00FAB7FB

mem[X,0x8000000C] -> 0x5793
mem[X,0x8000000E] -> 0x0198
[8] [M]: 0x8000000C (0x01985793) srli a5, a6, 0x19
x15 <- 0x0000003E

mem[X,0x80000010] -> 0xE8B3
mem[X,0x80000012] -> 0x00F8
[9] [M]: 0x80000010 (0x00F8E8B3) or a7, a7, a5
x17 <- 0x00FAB7FF

mem[X,0x80000014] -> 0xD913
mem[X,0x80000016] -> 0x0078
[10] [M]: 0x80000014 (0x0078D913) srli s2, a7, 0x7
x18 <- 0x0001F56F

mem[X,0x80000018] -> 0xD793
mem[X,0x8000001A] -> 0x0198
[11] [M]: 0x80000018 (0x0198D793) srli a5, a7, 0x19
x15 <- 0x00000000

mem[X,0x8000001C] -> 0x6933
mem[X,0x8000001E] -> 0x00F9
[12] [M]: 0x8000001C (0x00F96933) or s2, s2, a5
x18 <- 0x0001F56F

mem[X,0x80000020] -> 0x5993
mem[X,0x80000022] -> 0x0079
[13] [M]: 0x80000020 (0x00795993) srli s3, s2, 0x7
x19 <- 0x000003EA

mem[X,0x80000024] -> 0x5793
mem[X,0x80000026] -> 0x0199
[14] [M]: 0x80000024 (0x01995793) srli a5, s2, 0x19
x15 <- 0x00000000

mem[X,0x80000028] -> 0xE9B3
mem[X,0x8000002A] -> 0x00F9
[15] [M]: 0x80000028 (0x00F9E9B3) or s3, s3, a5
x19 <- 0x000003EA

mem[X,0x8000002C] -> 0xDA13
mem[X,0x8000002E] -> 0x0079
[16] [M]: 0x8000002C (0x0079DA13) srli s4, s3, 0x7
x20 <- 0x00000007

mem[X,0x80000030] -> 0xD793
mem[X,0x80000032] -> 0x0199
[17] [M]: 0x80000030 (0x0199D793) srli a5, s3, 0x19
x15 <- 0x00000000

mem[X,0x80000034] -> 0x6A33
mem[X,0x80000036] -> 0x00FA
[18] [M]: 0x80000034 (0x00FA6A33) or s4, s4, a5
x20 <- 0x00000007

mem[X,0x80000038] -> 0x5A93
mem[X,0x8000003A] -> 0x007A
[19] [M]: 0x80000038 (0x007A5A93) srli s5, s4, 0x7
x21 <- 0x00000000

mem[X,0x8000003C] -> 0x5793
mem[X,0x8000003E] -> 0x019A
[20] [M]: 0x8000003C (0x019A5793) srli a5, s4, 0x19
x15 <- 0x00000000

mem[X,0x80000040] -> 0xEAB3
mem[X,0x80000042] -> 0x00FA
[21] [M]: 0x80000040 (0x00FAEAB3) or s5, s5, a5
x21 <- 0x00000000

mem[X,0x80000044] -> 0xDB13
mem[X,0x80000046] -> 0x007A
[22] [M]: 0x80000044 (0x007ADB13) srli s6, s5, 0x7
x22 <- 0x00000000

mem[X,0x80000048] -> 0xD793
mem[X,0x8000004A] -> 0x019A
[23] [M]: 0x80000048 (0x019AD793) srli a5, s5, 0x19
x15 <- 0x00000000

mem[X,0x8000004C] -> 0x6B33
mem[X,0x8000004E] -> 0x00FB
[24] [M]: 0x8000004C (0x00FB6B33) or s6, s6, a5
x22 <- 0x00000000

mem[X,0x80000050] -> 0x5B93
mem[X,0x80000052] -> 0x007B
[25] [M]: 0x80000050 (0x007B5B93) srli s7, s6, 0x7
x23 <- 0x00000000

mem[X,0x80000054] -> 0x5793
mem[X,0x80000056] -> 0x019B
[26] [M]: 0x80000054 (0x019B5793) srli a5, s6, 0x19
x15 <- 0x00000000

mem[X,0x80000058] -> 0xEBB3
mem[X,0x8000005A] -> 0x00FB
[27] [M]: 0x80000058 (0x00FBEBB3) or s7, s7, a5
x23 <- 0x00000000

mem[X,0x8000005C] -> 0xDC13
mem[X,0x8000005E] -> 0x007B
[28] [M]: 0x8000005C (0x007BDC13) srli s8, s7, 0x7
x24 <- 0x00000000

mem[X,0x80000060] -> 0xD793
mem[X,0x80000062] -> 0x019B
[29] [M]: 0x80000060 (0x019BD793) srli a5, s7, 0x19
x15 <- 0x00000000

mem[X,0x80000064] -> 0x6C33
mem[X,0x80000066] -> 0x00FC
[30] [M]: 0x80000064 (0x00FC6C33) or s8, s8, a5
x24 <- 0x00000000

mem[X,0x80000068] -> 0x5C93
mem[X,0x8000006A] -> 0x007C
[31] [M]: 0x80000068 (0x007C5C93) srli s9, s8, 0x7
x25 <- 0x00000000

mem[X,0x8000006C] -> 0x5793
mem[X,0x8000006E] -> 0x019C
[32] [M]: 0x8000006C (0x019C5793) srli a5, s8, 0x19
x15 <- 0x00000000

mem[X,0x80000070] -> 0xECB3
mem[X,0x80000072] -> 0x00FC
[33] [M]: 0x80000070 (0x00FCECB3) or s9, s9, a5
x25 <- 0x00000000

mem[X,0x80000074] -> 0xDD13
mem[X,0x80000076] -> 0x007C
[34] [M]: 0x80000074 (0x007CDD13) srli s10, s9, 0x7
x26 <- 0x00000000

mem[X,0x80000078] -> 0xD793
mem[X,0x8000007A] -> 0x019C
[35] [M]: 0x80000078 (0x019CD793) srli a5, s9, 0x19
x15 <- 0x00000000

mem[X,0x8000007C] -> 0x6D33
mem[X,0x8000007E] -> 0x00FD
[36] [M]: 0x8000007C (0x00FD6D33) or s10, s10, a5
x26 <- 0x00000000

mem[X,0x80000080] -> 0x5D93
mem[X,0x80000082] -> 0x007D
[37] [M]: 0x80000080 (0x007D5D93) srli s11, s10, 0x7
x27 <- 0x00000000

mem[X,0x80000084] -> 0x5793
mem[X,0x80000086] -> 0x019D
[38] [M]: 0x80000084 (0x019D5793) srli a5, s10, 0x19
x15 <- 0x00000000

mem[X,0x80000088] -> 0xEDB3
mem[X,0x8000008A] -> 0x00FD
[39] [M]: 0x80000088 (0x00FDEDB3) or s11, s11, a5
x27 <- 0x00000000

mem[X,0x8000008C] -> 0xDE13
mem[X,0x8000008E] -> 0x007D
[40] [M]: 0x8000008C (0x007DDE13) srli t3, s11, 0x7
x28 <- 0x00000000

mem[X,0x80000090] -> 0xD793
mem[X,0x80000092] -> 0x019D
[41] [M]: 0x80000090 (0x019DD793) srli a5, s11, 0x19
x15 <- 0x00000000

mem[X,0x80000094] -> 0x6E33
mem[X,0x80000096] -> 0x00FE
[42] [M]: 0x80000094 (0x00FE6E33) or t3, t3, a5
x28 <- 0x00000000

mem[X,0x80000098] -> 0x5E93
mem[X,0x8000009A] -> 0x007E
[43] [M]: 0x80000098 (0x007E5E93) srli t4, t3, 0x7
x29 <- 0x00000000

mem[X,0x8000009C] -> 0x5793
mem[X,0x8000009E] -> 0x019E
[44] [M]: 0x8000009C (0x019E5793) srli a5, t3, 0x19
x15 <- 0x00000000

mem[X,0x800000A0] -> 0xEEB3
mem[X,0x800000A2] -> 0x00FE
[45] [M]: 0x800000A0 (0x00FEEEB3) or t4, t4, a5
x29 <- 0x00000000

mem[X,0x800000A4] -> 0xDF13
mem[X,0x800000A6] -> 0x007E
[46] [M]: 0x800000A4 (0x007EDF13) srli t5, t4, 0x7
x30 <- 0x00000000

mem[X,0x800000A8] -> 0xD793
mem[X,0x800000AA] -> 0x019E
[47] [M]: 0x800000A8 (0x019ED793) srli a5, t4, 0x19
x15 <- 0x00000000

mem[X,0x800000AC] -> 0x6F33
mem[X,0x800000AE] -> 0x00FF
[48] [M]: 0x800000AC (0x00FF6F33) or t5, t5, a5
x30 <- 0x00000000

mem[X,0x800000B0] -> 0xC0B7
mem[X,0x800000B2] -> 0xFEED
[49] [M]: 0x800000B0 (0xFEEDC0B7) lui ra, -0x1124
x1 <- 0xFEEDC000

mem[X,0x800000B4] -> 0x8093
mem[X,0x800000B6] -> 0xEAD0
[50] [M]: 0x800000B4 (0xEAD08093) addi ra, ra, -0x153
x1 <- 0xFEEDBEAD

mem[X,0x800000B8] -> 0xD113
mem[X,0x800000BA] -> 0x0070
[51] [M]: 0x800000B8 (0x0070D113) srli sp, ra, 0x7
x2 <- 0x01FDDB7D

mem[X,0x800000BC] -> 0xD793
mem[X,0x800000BE] -> 0x0190
[52] [M]: 0x800000BC (0x0190D793) srli a5, ra, 0x19
x15 <- 0x0000007F

mem[X,0x800000C0] -> 0x6133
mem[X,0x800000C2] -> 0x00F1
[53] [M]: 0x800000C0 (0x00F16133) or sp, sp, a5
x2 <- 0x01FDDB7F

mem[X,0x800000C4] -> 0x5193
mem[X,0x800000C6] -> 0x0071
[54] [M]: 0x800000C4 (0x00715193) srli gp, sp, 0x7
x3 <- 0x0003FBB6

mem[X,0x800000C8] -> 0x5793
mem[X,0x800000CA] -> 0x0191
[55] [M]: 0x800000C8 (0x01915793) srli a5, sp, 0x19
x15 <- 0x00000000

mem[X,0x800000CC] -> 0xE1B3
mem[X,0x800000CE] -> 0x00F1
[56] [M]: 0x800000CC (0x00F1E1B3) or gp, gp, a5
x3 <- 0x0003FBB6

mem[X,0x800000D0] -> 0xD213
mem[X,0x800000D2] -> 0x0071
[57] [M]: 0x800000D0 (0x0071D213) srli tp, gp, 0x7
x4 <- 0x000007F7

mem[X,0x800000D4] -> 0xD793
mem[X,0x800000D6] -> 0x0191
[58] [M]: 0x800000D4 (0x0191D793) srli a5, gp, 0x19
x15 <- 0x00000000

mem[X,0x800000D8] -> 0x6233
mem[X,0x800000DA] -> 0x00F2
[59] [M]: 0x800000D8 (0x00F26233) or tp, tp, a5
x4 <- 0x000007F7

mem[X,0x800000DC] -> 0x5293
mem[X,0x800000DE] -> 0x0072
[60] [M]: 0x800000DC (0x00725293) srli t0, tp, 0x7
x5 <- 0x0000000F

mem[X,0x800000E0] -> 0x5793
mem[X,0x800000E2] -> 0x0192
[61] [M]: 0x800000E0 (0x01925793) srli a5, tp, 0x19
x15 <- 0x00000000

mem[X,0x800000E4] -> 0xE2B3
mem[X,0x800000E6] -> 0x00F2
[62] [M]: 0x800000E4 (0x00F2E2B3) or t0, t0, a5
x5 <- 0x0000000F

mem[X,0x800000E8] -> 0xD313
mem[X,0x800000EA] -> 0x0072
[63] [M]: 0x800000E8 (0x0072D313) srli t1, t0, 0x7
x6 <- 0x00000000

mem[X,0x800000EC] -> 0xD793
mem[X,0x800000EE] -> 0x0192
[64] [M]: 0x800000EC (0x0192D793) srli a5, t0, 0x19
x15 <- 0x00000000

mem[X,0x800000F0] -> 0x6333
mem[X,0x800000F2] -> 0x00F3
[65] [M]: 0x800000F0 (0x00F36333) or t1, t1, a5
x6 <- 0x00000000

mem[X,0x800000F4] -> 0x5393
mem[X,0x800000F6] -> 0x0073
[66] [M]: 0x800000F4 (0x00735393) srli t2, t1, 0x7
x7 <- 0x00000000

mem[X,0x800000F8] -> 0x5793
mem[X,0x800000FA] -> 0x0193
[67] [M]: 0x800000F8 (0x01935793) srli a5, t1, 0x19
x15 <- 0x00000000

mem[X,0x800000FC] -> 0xE3B3
mem[X,0x800000FE] -> 0x00F3
[68] [M]: 0x800000FC (0x00F3E3B3) or t2, t2, a5
x7 <- 0x00000000

mem[X,0x80000100] -> 0xD413
mem[X,0x80000102] -> 0x0073
[69] [M]: 0x80000100 (0x0073D413) srli fp, t2, 0x7
x8 <- 0x00000000

mem[X,0x80000104] -> 0xD793
mem[X,0x80000106] -> 0x0193
[70] [M]: 0x80000104 (0x0193D793) srli a5, t2, 0x19
x15 <- 0x00000000

mem[X,0x80000108] -> 0x6433
mem[X,0x8000010A] -> 0x00F4
[71] [M]: 0x80000108 (0x00F46433) or fp, fp, a5
x8 <- 0x00000000

mem[X,0x8000010C] -> 0x5493
mem[X,0x8000010E] -> 0x0074
[72] [M]: 0x8000010C (0x00745493) srli s1, fp, 0x7
x9 <- 0x00000000

mem[X,0x80000110] -> 0x5793
mem[X,0x80000112] -> 0x0194
[73] [M]: 0x80000110 (0x01945793) srli a5, fp, 0x19
x15 <- 0x00000000

mem[X,0x80000114] -> 0xE4B3
mem[X,0x80000116] -> 0x00F4
[74] [M]: 0x80000114 (0x00F4E4B3) or s1, s1, a5
x9 <- 0x00000000

mem[X,0x80000118] -> 0xD513
mem[X,0x8000011A] -> 0x0074
[75] [M]: 0x80000118 (0x0074D513) srli a0, s1, 0x7
x10 <- 0x00000000

mem[X,0x8000011C] -> 0xD793
mem[X,0x8000011E] -> 0x0194
[76] [M]: 0x8000011C (0x0194D793) srli a5, s1, 0x19
x15 <- 0x00000000

mem[X,0x80000120] -> 0x6533
mem[X,0x80000122] -> 0x00F5
[77] [M]: 0x80000120 (0x00F56533) or a0, a0, a5
x10 <- 0x00000000

mem[X,0x80000124] -> 0x5593
mem[X,0x80000126] -> 0x0075
[78] [M]: 0x80000124 (0x00755593) srli a1, a0, 0x7
x11 <- 0x00000000

mem[X,0x80000128] -> 0x5793
mem[X,0x8000012A] -> 0x0195
[79] [M]: 0x80000128 (0x01955793) srli a5, a0, 0x19
x15 <- 0x00000000

mem[X,0x8000012C] -> 0xE5B3
mem[X,0x8000012E] -> 0x00F5
[80] [M]: 0x8000012C (0x00F5E5B3) or a1, a1, a5
x11 <- 0x00000000

mem[X,0x80000130] -> 0xD613
mem[X,0x80000132] -> 0x0075
[81] [M]: 0x80000130 (0x0075D613) srli a2, a1, 0x7
x12 <- 0x00000000

mem[X,0x80000134] -> 0xD793
mem[X,0x80000136] -> 0x0195
[82] [M]: 0x80000134 (0x0195D793) srli a5, a1, 0x19
x15 <- 0x00000000

mem[X,0x80000138] -> 0x6633
mem[X,0x8000013A] -> 0x00F6
[83] [M]: 0x80000138 (0x00F66633) or a2, a2, a5
x12 <- 0x00000000

mem[X,0x8000013C] -> 0x5693
mem[X,0x8000013E] -> 0x0076
[84] [M]: 0x8000013C (0x00765693) srli a3, a2, 0x7
x13 <- 0x00000000

mem[X,0x80000140] -> 0x5793
mem[X,0x80000142] -> 0x0196
[85] [M]: 0x80000140 (0x01965793) srli a5, a2, 0x19
x15 <- 0x00000000

mem[X,0x80000144] -> 0xE6B3
mem[X,0x80000146] -> 0x00F6
[86] [M]: 0x80000144 (0x00F6E6B3) or a3, a3, a5
x13 <- 0x00000000

mem[X,0x80000148] -> 0x0013
mem[X,0x8000014A] -> 0x0000
[87] [M]: 0x80000148 (0x00000013) addi zero, zero, 0x0

mem[X,0x8000014C] -> 0x0013
mem[X,0x8000014E] -> 0x0000
[88] [M]: 0x8000014C (0x00000013) addi zero, zero, 0x0

mem[X,0x80000150] -> 0x0013
mem[X,0x80000152] -> 0x0000
[89] [M]: 0x80000150 (0x00000013) addi zero, zero, 0x0

mem[X,0x80000154] -> 0x0013
mem[X,0x80000156] -> 0x0000
[90] [M]: 0x80000154 (0x00000013) addi zero, zero, 0x0

mem[X,0x80000158] -> 0x0013
mem[X,0x8000015A] -> 0x0000
[91] [M]: 0x80000158 (0x00000013) addi zero, zero, 0x0

mem[X,0x8000015C] -> 0x0013
mem[X,0x8000015E] -> 0x0000
[92] [M]: 0x8000015C (0x00000013) addi zero, zero, 0x0

mem[X,0x80000160] -> 0x3297
mem[X,0x80000162] -> 0x0000
[93] [M]: 0x80000160 (0x00003297) auipc t0, 0x3
x5 <- 0x80003160

mem[X,0x80000164] -> 0x8293
mem[X,0x80000166] -> 0xFB42
[94] [M]: 0x80000164 (0xFB428293) addi t0, t0, -0x4c
x5 <- 0x80003114

mem[X,0x80000168] -> 0x0013
mem[X,0x8000016A] -> 0x0000
[95] [M]: 0x80000168 (0x00000013) addi zero, zero, 0x0

mem[X,0x8000016C] -> 0x0013
mem[X,0x8000016E] -> 0x0000
[96] [M]: 0x8000016C (0x00000013) addi zero, zero, 0x0

mem[X,0x80000170] -> 0x0013
mem[X,0x80000172] -> 0x0000
[97] [M]: 0x80000170 (0x00000013) addi zero, zero, 0x0

mem[X,0x80000174] -> 0x0013
mem[X,0x80000176] -> 0x0000
[98] [M]: 0x80000174 (0x00000013) addi zero, zero, 0x0

mem[X,0x80000178] -> 0x0013
mem[X,0x8000017A] -> 0x0000
[99] [M]: 0x80000178 (0x00000013) addi zero, zero, 0x0

clint::tick mtime <- 0x0000000000000001
 clint timer pending at mtime 0x0000000000000001
htif::tick 0x0000000000000000
mem[X,0x8000017C] -> 0x0013
mem[X,0x8000017E] -> 0x0000
[100] [M]: 0x8000017C (0x00000013) addi zero, zero, 0x0

mem[X,0x80000180] -> 0x85B7
mem[X,0x80000182] -> 0xFFBF
[101] [M]: 0x80000180 (0xFFBF85B7) lui a1, -0x408
x11 <- 0xFFBF8000

mem[X,0x80000184] -> 0x24B7
mem[X,0x80000186] -> 0xBFFF
[102] [M]: 0x80000184 (0xBFFF24B7) lui s1, -0x4000e
x9 <- 0xBFFF2000

mem[X,0x80000188] -> 0xA11B
mem[X,0x8000018A] -> 0xF895
[103] [M]: 0x80000188 (0xF895A11B) psshar.h.h0 sp, a1, s1
x2 <- 0xFFBF8000

mem[X,0x8000018C] -> 0xA023
mem[X,0x8000018E] -> 0x0022
[104] [M]: 0x8000018C (0x0022A023) sw sp, 0x0(t0)
mem[0x80003114] <- 0xFFBF8000

mem[X,0x80000190] -> 0x0237
mem[X,0x80000192] -> 0x8000
[105] [M]: 0x80000190 (0x80000237) lui tp, -0x80000
x4 <- 0x80000000

mem[X,0x80000194] -> 0x0213
mem[X,0x80000196] -> 0xFFF2
[106] [M]: 0x80000194 (0xFFF20213) addi tp, tp, -0x1
x4 <- 0x7FFFFFFF

mem[X,0x80000198] -> 0x8237
mem[X,0x8000019A] -> 0xFFFD
[107] [M]: 0x80000198 (0xFFFD8237) lui tp, -0x28
x4 <- 0xFFFD8000

mem[X,0x8000019C] -> 0x221B
mem[X,0x8000019E] -> 0xF842
[108] [M]: 0x8000019C (0xF842221B) psshar.h.h0 tp, tp, tp
x4 <- 0xFFFD8000

mem[X,0x800001A0] -> 0xA223
mem[X,0x800001A2] -> 0x0042
[109] [M]: 0x800001A0 (0x0042A223) sw tp, 0x4(t0)
mem[0x80003118] <- 0xFFFD8000

mem[X,0x800001A4] -> 0x0837
mem[X,0x800001A6] -> 0x0100
[110] [M]: 0x800001A4 (0x01000837) lui a6, 0x1000
x16 <- 0x01000000

mem[X,0x800001A8] -> 0x0737
mem[X,0x800001AA] -> 0xFFFA
[111] [M]: 0x800001A8 (0xFFFA0737) lui a4, -0x60
x14 <- 0xFFFA0000

mem[X,0x800001AC] -> 0x0713
mem[X,0x800001AE] -> 0xFBF7
[112] [M]: 0x800001AC (0xFBF70713) addi a4, a4, -0x41
x14 <- 0xFFF9FFBF

mem[X,0x800001B0] -> 0x271B
mem[X,0x800001B2] -> 0xF8E8
[113] [M]: 0x800001B0 (0xF8E8271B) psshar.h.h0 a4, a6, a4
x14 <- 0x00800000

mem[X,0x800001B4] -> 0xA423
mem[X,0x800001B6] -> 0x00E2
[114] [M]: 0x800001B4 (0x00E2A423) sw a4, 0x8(t0)
mem[0x8000311C] <- 0x00800000

mem[X,0x800001B8] -> 0x0E37
mem[X,0x800001BA] -> 0xFFFF
[115] [M]: 0x800001B8 (0xFFFF0E37) lui t3, -0x10
x28 <- 0xFFFF0000

mem[X,0x800001BC] -> 0x0E13
mem[X,0x800001BE] -> 0x001E
[116] [M]: 0x800001BC (0x001E0E13) addi t3, t3, 0x1
x28 <- 0xFFFF0001

mem[X,0x800001C0] -> 0x1E37
mem[X,0x800001C2] -> 0xFFFB
[117] [M]: 0x800001C0 (0xFFFB1E37) lui t3, -0x4f
x28 <- 0xFFFB1000

mem[X,0x800001C4] -> 0x0E13
mem[X,0x800001C6] -> 0x800E
[118] [M]: 0x800001C4 (0x800E0E13) addi t3, t3, -0x800
x28 <- 0xFFFB0800

mem[X,0x800001C8] -> 0x259B
mem[X,0x800001CA] -> 0xF9CE
[119] [M]: 0x800001C8 (0xF9CE259B) psshar.h.h0 a1, t3, t3
x11 <- 0xFFFB0800

mem[X,0x800001CC] -> 0xA623
mem[X,0x800001CE] -> 0x00B2
[120] [M]: 0x800001CC (0x00B2A623) sw a1, 0xc(t0)
mem[0x80003120] <- 0xFFFB0800

mem[X,0x800001D0] -> 0x8437
mem[X,0x800001D2] -> 0xC000
[121] [M]: 0x800001D0 (0xC0008437) lui fp, -0x3fff8
x8 <- 0xC0008000

mem[X,0x800001D4] -> 0x0413
mem[X,0x800001D6] -> 0xFFF4
[122] [M]: 0x800001D4 (0xFFF40413) addi fp, fp, -0x1
x8 <- 0xC0007FFF

mem[X,0x800001D8] -> 0x0DB7
mem[X,0x800001DA] -> 0x0007
[123] [M]: 0x800001D8 (0x00070DB7) lui s11, 0x70
x27 <- 0x00070000

mem[X,0x800001DC] -> 0x8D93
mem[X,0x800001DE] -> 0xDFFD
[124] [M]: 0x800001DC (0xDFFD8D93) addi s11, s11, -0x201
x27 <- 0x0006FDFF

mem[X,0x800001E0] -> 0x241B
mem[X,0x800001E2] -> 0xF9B4
[125] [M]: 0x800001E0 (0xF9B4241B) psshar.h.h0 fp, fp, s11
x8 <- 0xE0004000

mem[X,0x800001E4] -> 0xA823
mem[X,0x800001E6] -> 0x0082
[126] [M]: 0x800001E4 (0x0082A823) sw fp, 0x10(t0)
mem[0x80003124] <- 0xE0004000

mem[X,0x800001E8] -> 0x04B7
mem[X,0x800001EA] -> 0x8000
[127] [M]: 0x800001E8 (0x800004B7) lui s1, -0x80000
x9 <- 0x80000000

mem[X,0x800001EC] -> 0x8493
mem[X,0x800001EE] -> 0x0024
[128] [M]: 0x800001EC (0x00248493) addi s1, s1, 0x2
x9 <- 0x80000002

mem[X,0x800001F0] -> 0x0137
mem[X,0x800001F2] -> 0xFC00
[129] [M]: 0x800001F0 (0xFC000137) lui sp, -0x4000
x2 <- 0xFC000000

mem[X,0x800001F4] -> 0x0113
mem[X,0x800001F6] -> 0xEFF1
[130] [M]: 0x800001F4 (0xEFF10113) addi sp, sp, -0x101
x2 <- 0xFBFFFEFF

mem[X,0x800001F8] -> 0xA99B
mem[X,0x800001FA] -> 0xF824
[131] [M]: 0x800001F8 (0xF824A99B) psshar.h.h0 s3, s1, sp
x19 <- 0xC0000001

mem[X,0x800001FC] -> 0xAA23
mem[X,0x800001FE] -> 0x0132
[132] [M]: 0x800001FC (0x0132AA23) sw s3, 0x14(t0)
mem[0x80003128] <- 0xC0000001

mem[X,0x80000200] -> 0x07B7
mem[X,0x80000202] -> 0xFF7F
[133] [M]: 0x80000200 (0xFF7F07B7) lui a5, -0x810
x15 <- 0xFF7F0000

mem[X,0x80000204] -> 0x8793
mem[X,0x80000206] -> 0x0047
[134] [M]: 0x80000204 (0x00478793) addi a5, a5, 0x4
x15 <- 0xFF7F0004

mem[X,0x80000208] -> 0xCD37
mem[X,0x8000020A] -> 0x0000
[135] [M]: 0x80000208 (0x0000CD37) lui s10, 0xc
x26 <- 0x0000C000

mem[X,0x8000020C] -> 0xA01B
mem[X,0x8000020E] -> 0xF9A7
[136] [M]: 0x8000020C (0xF9A7A01B) psshar.h.h0 zero, a5, s10

mem[X,0x80000210] -> 0xAC23
mem[X,0x80000212] -> 0x0002
[137] [M]: 0x80000210 (0x0002AC23) sw zero, 0x18(t0)
mem[0x8000312C] <- 0x00000000

mem[X,0x80000214] -> 0x0A37
mem[X,0x80000216] -> 0xFFEF
[138] [M]: 0x80000214 (0xFFEF0A37) lui s4, -0x110
x20 <- 0xFFEF0000

mem[X,0x80000218] -> 0x0A13
mem[X,0x8000021A] -> 0x008A
[139] [M]: 0x80000218 (0x008A0A13) addi s4, s4, 0x8
x20 <- 0xFFEF0008

mem[X,0x8000021C] -> 0x0C37
mem[X,0x8000021E] -> 0x0100
[140] [M]: 0x8000021C (0x01000C37) lui s8, 0x1000
x24 <- 0x01000000

mem[X,0x80000220] -> 0x0C13
mem[X,0x80000222] -> 0x010C
[141] [M]: 0x80000220 (0x010C0C13) addi s8, s8, 0x10
x24 <- 0x01000010

mem[X,0x80000224] -> 0x269B
mem[X,0x80000226] -> 0xF98A
[142] [M]: 0x80000224 (0xF98A269B) psshar.h.h0 a3, s4, s8
x13 <- 0x00000000

mem[X,0x80000228] -> 0xAE23
mem[X,0x8000022A] -> 0x00D2
[143] [M]: 0x80000228 (0x00D2AE23) sw a3, 0x1c(t0)
mem[0x80003130] <- 0x00000000

mem[X,0x8000022C] -> 0x0737
mem[X,0x8000022E] -> 0xFFFC
[144] [M]: 0x8000022C (0xFFFC0737) lui a4, -0x40
x14 <- 0xFFFC0000

mem[X,0x80000230] -> 0x0713
mem[X,0x80000232] -> 0x0107
[145] [M]: 0x80000230 (0x01070713) addi a4, a4, 0x10
x14 <- 0xFFFC0010

mem[X,0x80000234] -> 0x0837
mem[X,0x80000236] -> 0x0005
[146] [M]: 0x80000234 (0x00050837) lui a6, 0x50
x16 <- 0x00050000

mem[X,0x80000238] -> 0x0813
mem[X,0x8000023A] -> 0x0808
[147] [M]: 0x80000238 (0x08080813) addi a6, a6, 0x80
x16 <- 0x00050080

mem[X,0x8000023C] -> 0x209B
mem[X,0x8000023E] -> 0xF907
[148] [M]: 0x8000023C (0xF907209B) psshar.h.h0 ra, a4, a6
x1 <- 0xFFFC0010

mem[X,0x80000240] -> 0xA023
mem[X,0x80000242] -> 0x0212
[149] [M]: 0x80000240 (0x0212A023) sw ra, 0x20(t0)
mem[0x80003134] <- 0xFFFC0010

mem[X,0x80000244] -> 0x0337
mem[X,0x80000246] -> 0x2000
[150] [M]: 0x80000244 (0x20000337) lui t1, 0x20000
x6 <- 0x20000000

mem[X,0x80000248] -> 0x0313
mem[X,0x8000024A] -> 0x0203
[151] [M]: 0x80000248 (0x02030313) addi t1, t1, 0x20
x6 <- 0x20000020

mem[X,0x8000024C] -> 0x0F37
mem[X,0x8000024E] -> 0xFFFD
[152] [M]: 0x8000024C (0xFFFD0F37) lui t5, -0x30
x30 <- 0xFFFD0000

mem[X,0x80000250] -> 0x0F13
mem[X,0x80000252] -> 0x080F
[153] [M]: 0x80000250 (0x080F0F13) addi t5, t5, 0x80
x30 <- 0xFFFD0080

mem[X,0x80000254] -> 0x2C1B
mem[X,0x80000256] -> 0xF9E3
[154] [M]: 0x80000254 (0xF9E32C1B) psshar.h.h0 s8, t1, t5
x24 <- 0x20000020

mem[X,0x80000258] -> 0xA223
mem[X,0x8000025A] -> 0x0382
[155] [M]: 0x80000258 (0x0382A223) sw s8, 0x24(t0)
mem[0x80003138] <- 0x20000020

mem[X,0x8000025C] -> 0x0137
mem[X,0x8000025E] -> 0x0001
[156] [M]: 0x8000025C (0x00010137) lui sp, 0x10
x2 <- 0x00010000

mem[X,0x80000260] -> 0x0113
mem[X,0x80000262] -> 0x0401
[157] [M]: 0x80000260 (0x04010113) addi sp, sp, 0x40
x2 <- 0x00010040

mem[X,0x80000264] -> 0x0B37
mem[X,0x80000266] -> 0xE000
[158] [M]: 0x80000264 (0xE0000B37) lui s6, -0x20000
x22 <- 0xE0000000

mem[X,0x80000268] -> 0x0B13
mem[X,0x8000026A] -> 0xFF6B
[159] [M]: 0x80000268 (0xFF6B0B13) addi s6, s6, -0xa
x22 <- 0xDFFFFFF6

mem[X,0x8000026C] -> 0x2E9B
mem[X,0x8000026E] -> 0xF961
[160] [M]: 0x8000026C (0xF9612E9B) psshar.h.h0 t4, sp, s6
x29 <- 0x00000000

mem[X,0x80000270] -> 0xA423
mem[X,0x80000272] -> 0x03D2
[161] [M]: 0x80000270 (0x03D2A423) sw t4, 0x28(t0)
mem[0x8000313C] <- 0x00000000

mem[X,0x80000274] -> 0x0993
mem[X,0x80000276] -> 0x0800
[162] [M]: 0x80000274 (0x08000993) addi s3, zero, 0x80
x19 <- 0x00000080

mem[X,0x80000278] -> 0x01B7
mem[X,0x8000027A] -> 0x0005
[163] [M]: 0x80000278 (0x000501B7) lui gp, 0x50
x3 <- 0x00050000

mem[X,0x8000027C] -> 0x8193
mem[X,0x8000027E] -> 0xFEF1
[164] [M]: 0x8000027C (0xFEF18193) addi gp, gp, -0x11
x3 <- 0x0004FFEF

mem[X,0x80000280] -> 0xA91B
mem[X,0x80000282] -> 0xF839
[165] [M]: 0x80000280 (0xF839A91B) psshar.h.h0 s2, s3, gp
x18 <- 0x00000000

mem[X,0x80000284] -> 0xA623
mem[X,0x80000286] -> 0x0322
[166] [M]: 0x80000284 (0x0322A623) sw s2, 0x2c(t0)
mem[0x80003140] <- 0x00000000

mem[X,0x80000288] -> 0x0C37
mem[X,0x8000028A] -> 0xFFDF
[167] [M]: 0x80000288 (0xFFDF0C37) lui s8, -0x210
x24 <- 0xFFDF0000

mem[X,0x8000028C] -> 0x0C13
mem[X,0x8000028E] -> 0x100C
[168] [M]: 0x8000028C (0x100C0C13) addi s8, s8, 0x100
x24 <- 0xFFDF0100

mem[X,0x80000290] -> 0x0EB7
mem[X,0x80000292] -> 0x0081
[169] [M]: 0x80000290 (0x00810EB7) lui t4, 0x810
x29 <- 0x00810000

mem[X,0x80000294] -> 0x8E93
mem[X,0x80000296] -> 0xFFEE
[170] [M]: 0x80000294 (0xFFEE8E93) addi t4, t4, -0x2
x29 <- 0x0080FFFE

mem[X,0x80000298] -> 0x2F9B
mem[X,0x8000029A] -> 0xF9DC
[171] [M]: 0x80000298 (0xF9DC2F9B) psshar.h.h0 t6, s8, t4
x31 <- 0xFFF80040

mem[X,0x8000029C] -> 0xA823
mem[X,0x8000029E] -> 0x03F2
[172] [M]: 0x8000029C (0x03F2A823) sw t6, 0x30(t0)
mem[0x80003144] <- 0xFFF80040

mem[X,0x800002A0] -> 0x0D37
mem[X,0x800002A2] -> 0xEFFF
[173] [M]: 0x800002A0 (0xEFFF0D37) lui s10, -0x10010
x26 <- 0xEFFF0000

mem[X,0x800002A4] -> 0x0D13
mem[X,0x800002A6] -> 0x200D
[174] [M]: 0x800002A4 (0x200D0D13) addi s10, s10, 0x200
x26 <- 0xEFFF0200

mem[X,0x800002A8] -> 0x8537
mem[X,0x800002AA] -> 0x3FFF
[175] [M]: 0x800002A8 (0x3FFF8537) lui a0, 0x3fff8
x10 <- 0x3FFF8000

mem[X,0x800002AC] -> 0x0513
mem[X,0x800002AE] -> 0xFFF5
[176] [M]: 0x800002AC (0xFFF50513) addi a0, a0, -0x1
x10 <- 0x3FFF7FFF

mem[X,0x800002B0] -> 0x2A9B
mem[X,0x800002B2] -> 0xF8AD
[177] [M]: 0x800002B0 (0xF8AD2A9B) psshar.h.h0 s5, s10, a0
x21 <- 0xF8000100

mem[X,0x800002B4] -> 0xAA23
mem[X,0x800002B6] -> 0x0352
[178] [M]: 0x800002B4 (0x0352AA23) sw s5, 0x34(t0)
mem[0x80003148] <- 0xF8000100

mem[X,0x800002B8] -> 0x0EB7
mem[X,0x800002BA] -> 0xFFEF
[179] [M]: 0x800002B8 (0xFFEF0EB7) lui t4, -0x110
x29 <- 0xFFEF0000

mem[X,0x800002BC] -> 0x8E93
mem[X,0x800002BE] -> 0x400E
[180] [M]: 0x800002BC (0x400E8E93) addi t4, t4, 0x400
x29 <- 0xFFEF0400

mem[X,0x800002C0] -> 0x8A37
mem[X,0x800002C2] -> 0xFFF6
[181] [M]: 0x800002C0 (0xFFF68A37) lui s4, -0x98
x20 <- 0xFFF68000

mem[X,0x800002C4] -> 0x0A13
mem[X,0x800002C6] -> 0xFFFA
[182] [M]: 0x800002C4 (0xFFFA0A13) addi s4, s4, -0x1
x20 <- 0xFFF67FFF

mem[X,0x800002C8] -> 0xA89B
mem[X,0x800002CA] -> 0xF94E
[183] [M]: 0x800002C8 (0xF94EA89B) psshar.h.h0 a7, t4, s4
x17 <- 0xFFF80200

mem[X,0x800002CC] -> 0xAC23
mem[X,0x800002CE] -> 0x0312
[184] [M]: 0x800002CC (0x0312AC23) sw a7, 0x38(t0)
mem[0x8000314C] <- 0xFFF80200

mem[X,0x800002D0] -> 0x0013
mem[X,0x800002D2] -> 0x0000
[185] [M]: 0x800002D0 (0x00000013) addi zero, zero, 0x0

mem[X,0x800002D4] -> 0x0013
mem[X,0x800002D6] -> 0x0000
[186] [M]: 0x800002D4 (0x00000013) addi zero, zero, 0x0

mem[X,0x800002D8] -> 0x0013
mem[X,0x800002DA] -> 0x0000
[187] [M]: 0x800002D8 (0x00000013) addi zero, zero, 0x0

mem[X,0x800002DC] -> 0x0013
mem[X,0x800002DE] -> 0x0000
[188] [M]: 0x800002DC (0x00000013) addi zero, zero, 0x0

mem[X,0x800002E0] -> 0x3117
mem[X,0x800002E2] -> 0x0000
[189] [M]: 0x800002E0 (0x00003117) auipc sp, 0x3
x2 <- 0x800032E0

mem[X,0x800002E4] -> 0x0113
mem[X,0x800002E6] -> 0xE701
[190] [M]: 0x800002E4 (0xE7010113) addi sp, sp, -0x190
x2 <- 0x80003150

mem[X,0x800002E8] -> 0x0013
mem[X,0x800002EA] -> 0x0000
[191] [M]: 0x800002E8 (0x00000013) addi zero, zero, 0x0

mem[X,0x800002EC] -> 0x0013
mem[X,0x800002EE] -> 0x0000
[192] [M]: 0x800002EC (0x00000013) addi zero, zero, 0x0

mem[X,0x800002F0] -> 0x0013
mem[X,0x800002F2] -> 0x0000
[193] [M]: 0x800002F0 (0x00000013) addi zero, zero, 0x0

mem[X,0x800002F4] -> 0x0013
mem[X,0x800002F6] -> 0x0000
[194] [M]: 0x800002F4 (0x00000013) addi zero, zero, 0x0

mem[X,0x800002F8] -> 0x0013
mem[X,0x800002FA] -> 0x0000
[195] [M]: 0x800002F8 (0x00000013) addi zero, zero, 0x0

mem[X,0x800002FC] -> 0x0013
mem[X,0x800002FE] -> 0x0000
[196] [M]: 0x800002FC (0x00000013) addi zero, zero, 0x0

mem[X,0x80000300] -> 0x1DB7
mem[X,0x80000302] -> 0xFFF9
[197] [M]: 0x80000300 (0xFFF91DB7) lui s11, -0x6f
x27 <- 0xFFF91000

mem[X,0x80000304] -> 0x8D93
mem[X,0x80000306] -> 0x800D
[198] [M]: 0x80000304 (0x800D8D93) addi s11, s11, -0x800
x27 <- 0xFFF90800

mem[X,0x80000308] -> 0x0FB7
mem[X,0x8000030A] -> 0xAAAB
[199] [M]: 0x80000308 (0xAAAB0FB7) lui t6, -0x55550
x31 <- 0xAAAB0000

clint::tick mtime <- 0x0000000000000002
 clint timer pending at mtime 0x0000000000000002
htif::tick 0x0000000000000000
mem[X,0x8000030C] -> 0x8F93
mem[X,0x8000030E] -> 0xFFEF
[200] [M]: 0x8000030C (0xFFEF8F93) addi t6, t6, -0x2
x31 <- 0xAAAAFFFE

mem[X,0x80000310] -> 0xA49B
mem[X,0x80000312] -> 0xF9FD
[201] [M]: 0x80000310 (0xF9FDA49B) psshar.h.h0 s1, s11, t6
x9 <- 0xFFFE0200

mem[X,0x80000314] -> 0x2023
mem[X,0x80000316] -> 0x0091
[202] [M]: 0x80000314 (0x00912023) sw s1, 0x0(sp)
mem[0x80003150] <- 0xFFFE0200

mem[X,0x80000318] -> 0x1AB7
mem[X,0x8000031A] -> 0x2000
[203] [M]: 0x80000318 (0x20001AB7) lui s5, 0x20001
x21 <- 0x20001000

mem[X,0x8000031C] -> 0x4937
mem[X,0x8000031E] -> 0xBFFF
[204] [M]: 0x8000031C (0xBFFF4937) lui s2, -0x4000c
x18 <- 0xBFFF4000

mem[X,0x80000320] -> 0xA61B
mem[X,0x80000322] -> 0xF92A
[205] [M]: 0x80000320 (0xF92AA61B) psshar.h.h0 a2, s5, s2
x12 <- 0x20001000

mem[X,0x80000324] -> 0x2223
mem[X,0x80000326] -> 0x00C1
[206] [M]: 0x80000324 (0x00C12223) sw a2, 0x4(sp)
mem[0x80003154] <- 0x20001000

mem[X,0x80000328] -> 0x2537
mem[X,0x8000032A] -> 0x0020
[207] [M]: 0x80000328 (0x00202537) lui a0, 0x202
x10 <- 0x00202000

mem[X,0x8000032C] -> 0x06B7
mem[X,0x8000032E] -> 0x0008
[208] [M]: 0x8000032C (0x000806B7) lui a3, 0x80
x13 <- 0x00080000

mem[X,0x80000330] -> 0x8693
mem[X,0x80000332] -> 0x4006
[209] [M]: 0x80000330 (0x40068693) addi a3, a3, 0x400
x13 <- 0x00080400

mem[X,0x80000334] -> 0x2B9B
mem[X,0x80000336] -> 0xF8D5
[210] [M]: 0x80000334 (0xF8D52B9B) psshar.h.h0 s7, a0, a3
x23 <- 0x00202000

mem[X,0x80000338] -> 0x2423
mem[X,0x8000033A] -> 0x0171
[211] [M]: 0x80000338 (0x01712423) sw s7, 0x8(sp)
mem[0x80003158] <- 0x00202000

mem[X,0x8000033C] -> 0x4637
mem[X,0x8000033E] -> 0xEFFF
[212] [M]: 0x8000033C (0xEFFF4637) lui a2, -0x1000c
x12 <- 0xEFFF4000

mem[X,0x80000340] -> 0x47B7
mem[X,0x80000342] -> 0x0003
[213] [M]: 0x80000340 (0x000347B7) lui a5, 0x34
x15 <- 0x00034000

mem[X,0x80000344] -> 0x8793
mem[X,0x80000346] -> 0xFFF7
[214] [M]: 0x80000344 (0xFFF78793) addi a5, a5, -0x1
x15 <- 0x00033FFF

mem[X,0x80000348] -> 0x2C9B
mem[X,0x8000034A] -> 0xF8F6
[215] [M]: 0x80000348 (0xF8F62C9B) psshar.h.h0 s9, a2, a5
x25 <- 0xF8002000

mem[X,0x8000034C] -> 0x2623
mem[X,0x8000034E] -> 0x0191
[216] [M]: 0x8000034C (0x01912623) sw s9, 0xc(sp)
mem[0x8000315C] <- 0xF8002000

mem[X,0x80000350] -> 0x0CB7
mem[X,0x80000352] -> 0x0003
[217] [M]: 0x80000350 (0x00030CB7) lui s9, 0x30
x25 <- 0x00030000

mem[X,0x80000354] -> 0x8C93
mem[X,0x80000356] -> 0xFFEC
[218] [M]: 0x80000354 (0xFFEC8C93) addi s9, s9, -0x2
x25 <- 0x0002FFFE

mem[X,0x80000358] -> 0x0637
mem[X,0x8000035A] -> 0xEFFF
[219] [M]: 0x80000358 (0xEFFF0637) lui a2, -0x10010
x12 <- 0xEFFF0000

mem[X,0x8000035C] -> 0x0613
mem[X,0x8000035E] -> 0x0076
[220] [M]: 0x8000035C (0x00760613) addi a2, a2, 0x7
x12 <- 0xEFFF0007

mem[X,0x80000360] -> 0xA79B
mem[X,0x80000362] -> 0xF8CC
[221] [M]: 0x80000360 (0xF8CCA79B) psshar.h.h0 a5, s9, a2
x15 <- 0x0100FF00

mem[X,0x80000364] -> 0x2823
mem[X,0x80000366] -> 0x00F1
[222] [M]: 0x80000364 (0x00F12823) sw a5, 0x10(sp)
mem[0x80003160] <- 0x0100FF00

mem[X,0x80000368] -> 0x03B7
mem[X,0x8000036A] -> 0x2001
[223] [M]: 0x80000368 (0x200103B7) lui t2, 0x20010
x7 <- 0x20010000

mem[X,0x8000036C] -> 0x8393
mem[X,0x8000036E] -> 0xFFD3
[224] [M]: 0x8000036C (0xFFD38393) addi t2, t2, -0x3
x7 <- 0x2000FFFD

mem[X,0x80000370] -> 0x5337
mem[X,0x80000372] -> 0xF7FF
[225] [M]: 0x80000370 (0xF7FF5337) lui t1, -0x800b
x6 <- 0xF7FF5000

mem[X,0x80000374] -> 0x0313
mem[X,0x80000376] -> 0x5553
[226] [M]: 0x80000374 (0x55530313) addi t1, t1, 0x555
x6 <- 0xF7FF5555

mem[X,0x80000378] -> 0xAD9B
mem[X,0x8000037A] -> 0xF863
[227] [M]: 0x80000378 (0xF863AD9B) psshar.h.h0 s11, t2, t1
x27 <- 0x00040000

mem[X,0x8000037C] -> 0x2A23
mem[X,0x8000037E] -> 0x01B1
[228] [M]: 0x8000037C (0x01B12A23) sw s11, 0x14(sp)
mem[0x80003164] <- 0x00040000

mem[X,0x80000380] -> 0x0B13
mem[X,0x80000382] -> 0xFFB0
[229] [M]: 0x80000380 (0xFFB00B13) addi s6, zero, -0x5
x22 <- 0xFFFFFFFB

mem[X,0x80000384] -> 0x00B7
mem[X,0x80000386] -> 0xFFE0
[230] [M]: 0x80000384 (0xFFE000B7) lui ra, -0x200
x1 <- 0xFFE00000

mem[X,0x80000388] -> 0x8093
mem[X,0x8000038A] -> 0xFFD0
[231] [M]: 0x80000388 (0xFFD08093) addi ra, ra, -0x3
x1 <- 0xFFDFFFFD

mem[X,0x8000038C] -> 0x281B
mem[X,0x8000038E] -> 0xF81B
[232] [M]: 0x8000038C (0xF81B281B) psshar.h.h0 a6, s6, ra
x16 <- 0x0000FFFF

mem[X,0x80000390] -> 0x2C23
mem[X,0x80000392] -> 0x0101
[233] [M]: 0x80000390 (0x01012C23) sw a6, 0x18(sp)
mem[0x80003168] <- 0x0000FFFF

mem[X,0x80000394] -> 0x08B7
mem[X,0x80000396] -> 0x0006
[234] [M]: 0x80000394 (0x000608B7) lui a7, 0x60
x17 <- 0x00060000

mem[X,0x80000398] -> 0x8893
mem[X,0x8000039A] -> 0xFF78
[235] [M]: 0x80000398 (0xFF788893) addi a7, a7, -0x9
x17 <- 0x0005FFF7

mem[X,0x8000039C] -> 0x09B7
mem[X,0x8000039E] -> 0x8000
[236] [M]: 0x8000039C (0x800009B7) lui s3, -0x80000
x19 <- 0x80000000

mem[X,0x800003A0] -> 0x8993
mem[X,0x800003A2] -> 0x0099
[237] [M]: 0x800003A0 (0x00998993) addi s3, s3, 0x9
x19 <- 0x80000009

mem[X,0x800003A4] -> 0xAD1B
mem[X,0x800003A6] -> 0xF938
[238] [M]: 0x800003A4 (0xF938AD1B) psshar.h.h0 s10, a7, s3
x26 <- 0x0A00EE00

mem[X,0x800003A8] -> 0x2E23
mem[X,0x800003AA] -> 0x01A1
[239] [M]: 0x800003A8 (0x01A12E23) sw s10, 0x1c(sp)
mem[0x8000316C] <- 0x0A00EE00

mem[X,0x800003AC] -> 0x0FB7
mem[X,0x800003AE] -> 0x0006
[240] [M]: 0x800003AC (0x00060FB7) lui t6, 0x60
x31 <- 0x00060000

mem[X,0x800003B0] -> 0x8F93
mem[X,0x800003B2] -> 0xFEFF
[241] [M]: 0x800003B0 (0xFEFF8F93) addi t6, t6, -0x11
x31 <- 0x0005FFEF

mem[X,0x800003B4] -> 0x85B7
mem[X,0x800003B6] -> 0x0007
[242] [M]: 0x800003B4 (0x000785B7) lui a1, 0x78
x11 <- 0x00078000

mem[X,0x800003B8] -> 0xA39B
mem[X,0x800003BA] -> 0xF8BF
[243] [M]: 0x800003B8 (0xF8BFA39B) psshar.h.h0 t2, t6, a1
x7 <- 0x0005FFEF

mem[X,0x800003BC] -> 0x2023
mem[X,0x800003BE] -> 0x0271
[244] [M]: 0x800003BC (0x02712023) sw t2, 0x20(sp)
mem[0x80003170] <- 0x0005FFEF

mem[X,0x800003C0] -> 0x00B7
mem[X,0x800003C2] -> 0x4000
[245] [M]: 0x800003C0 (0x400000B7) lui ra, 0x40000
x1 <- 0x40000000

mem[X,0x800003C4] -> 0x8093
mem[X,0x800003C6] -> 0xFDF0
[246] [M]: 0x800003C4 (0xFDF08093) addi ra, ra, -0x21
x1 <- 0x3FFFFFDF

mem[X,0x800003C8] -> 0xC3B7
mem[X,0x800003CA] -> 0x0020
[247] [M]: 0x800003C8 (0x0020C3B7) lui t2, 0x20c
x7 <- 0x0020C000

mem[X,0x800003CC] -> 0x8393
mem[X,0x800003CE] -> 0xFFF3
[248] [M]: 0x800003CC (0xFFF38393) addi t2, t2, -0x1
x7 <- 0x0020BFFF

mem[X,0x800003D0] -> 0xA51B
mem[X,0x800003D2] -> 0xF870
[249] [M]: 0x800003D0 (0xF870A51B) psshar.h.h0 a0, ra, t2
x10 <- 0x2000FFF0

mem[X,0x800003D4] -> 0x2223
mem[X,0x800003D6] -> 0x02A1
[250] [M]: 0x800003D4 (0x02A12223) sw a0, 0x24(sp)
mem[0x80003174] <- 0x2000FFF0

mem[X,0x800003D8] -> 0x02B7
mem[X,0x800003DA] -> 0xAAAB
[251] [M]: 0x800003D8 (0xAAAB02B7) lui t0, -0x55550
x5 <- 0xAAAB0000

mem[X,0x800003DC] -> 0x8293
mem[X,0x800003DE] -> 0xFBF2
[252] [M]: 0x800003DC (0xFBF28293) addi t0, t0, -0x41
x5 <- 0xAAAAFFBF

mem[X,0x800003E0] -> 0x0437
mem[X,0x800003E2] -> 0x000A
[253] [M]: 0x800003E0 (0x000A0437) lui fp, 0xa0
x8 <- 0x000A0000

mem[X,0x800003E4] -> 0x0413
mem[X,0x800003E6] -> 0xF7F4
[254] [M]: 0x800003E4 (0xF7F40413) addi fp, fp, -0x81
x8 <- 0x0009FF7F

mem[X,0x800003E8] -> 0xAF1B
mem[X,0x800003EA] -> 0xF882
[255] [M]: 0x800003E8 (0xF882AF1B) psshar.h.h0 t5, t0, fp
x30 <- 0xD555FFE0

mem[X,0x800003EC] -> 0x2423
mem[X,0x800003EE] -> 0x03E1
[256] [M]: 0x800003EC (0x03E12423) sw t5, 0x28(sp)
mem[0x80003178] <- 0xD555FFE0

mem[X,0x800003F0] -> 0x0BB7
mem[X,0x800003F2] -> 0xF000
[257] [M]: 0x800003F0 (0xF0000BB7) lui s7, -0x10000
x23 <- 0xF0000000

mem[X,0x800003F4] -> 0x8B93
mem[X,0x800003F6] -> 0xF7FB
[258] [M]: 0x800003F4 (0xF7FB8B93) addi s7, s7, -0x81
x23 <- 0xEFFFFF7F

mem[X,0x800003F8] -> 0x08B7
mem[X,0x800003FA] -> 0xFF00
[259] [M]: 0x800003F8 (0xFF0008B7) lui a7, -0x1000
x17 <- 0xFF000000

mem[X,0x800003FC] -> 0x8893
mem[X,0x800003FE] -> 0xFF98
[260] [M]: 0x800003FC (0xFF988893) addi a7, a7, -0x7
x17 <- 0xFEFFFFF9

mem[X,0x80000400] -> 0xA19B
mem[X,0x80000402] -> 0xF91B
[261] [M]: 0x80000400 (0xF91BA19B) psshar.h.h0 gp, s7, a7
x3 <- 0xFFE0FFFF

mem[X,0x80000404] -> 0x2623
mem[X,0x80000406] -> 0x0231
[262] [M]: 0x80000404 (0x02312623) sw gp, 0x2c(sp)
mem[0x8000317C] <- 0xFFE0FFFF

mem[X,0x80000408] -> 0x01B7
mem[X,0x8000040A] -> 0x5556
[263] [M]: 0x80000408 (0x555601B7) lui gp, 0x55560
x3 <- 0x55560000

mem[X,0x8000040C] -> 0x8193
mem[X,0x8000040E] -> 0xEFF1
[264] [M]: 0x8000040C (0xEFF18193) addi gp, gp, -0x101
x3 <- 0x5555FEFF

mem[X,0x80000410] -> 0x0293
mem[X,0x80000412] -> 0x0020
[265] [M]: 0x80000410 (0x00200293) addi t0, zero, 0x2
x5 <- 0x00000002

mem[X,0x80000414] -> 0xAA1B
mem[X,0x80000416] -> 0xF851
[266] [M]: 0x80000414 (0xF851AA1B) psshar.h.h0 s4, gp, t0
x20 <- 0x5554FBFC

mem[X,0x80000418] -> 0x2823
mem[X,0x8000041A] -> 0x0341
[267] [M]: 0x80000418 (0x03412823) sw s4, 0x30(sp)
mem[0x80003180] <- 0x5554FBFC

mem[X,0x8000041C] -> 0x06B7
mem[X,0x8000041E] -> 0x8001
[268] [M]: 0x8000041C (0x800106B7) lui a3, -0x7fff0
x13 <- 0x80010000

mem[X,0x80000420] -> 0x8693
mem[X,0x80000422] -> 0xDFF6
[269] [M]: 0x80000420 (0xDFF68693) addi a3, a3, -0x201
x13 <- 0x8000FDFF

mem[X,0x80000424] -> 0x0CB7
mem[X,0x80000426] -> 0xFFF7
[270] [M]: 0x80000424 (0xFFF70CB7) lui s9, -0x90
x25 <- 0xFFF70000

mem[X,0x80000428] -> 0x8C93
mem[X,0x8000042A] -> 0xFFBC
[271] [M]: 0x80000428 (0xFFBC8C93) addi s9, s9, -0x5
x25 <- 0xFFF6FFFB

mem[X,0x8000042C] -> 0xA31B
mem[X,0x8000042E] -> 0xF996
[272] [M]: 0x8000042C (0xF996A31B) psshar.h.h0 t1, a3, s9
x6 <- 0xFC00FFF0

mem[X,0x80000430] -> 0x2A23
mem[X,0x80000432] -> 0x0261
[273] [M]: 0x80000430 (0x02612A23) sw t1, 0x34(sp)
mem[0x80003184] <- 0xFC00FFF0

mem[X,0x80000434] -> 0x0937
mem[X,0x80000436] -> 0x8001
[274] [M]: 0x80000434 (0x80010937) lui s2, -0x7fff0
x18 <- 0x80010000

mem[X,0x80000438] -> 0x0913
mem[X,0x8000043A] -> 0xBFF9
[275] [M]: 0x80000438 (0xBFF90913) addi s2, s2, -0x401
x18 <- 0x8000FBFF

mem[X,0x8000043C] -> 0x0BB7
mem[X,0x8000043E] -> 0xFFF7
[276] [M]: 0x8000043C (0xFFF70BB7) lui s7, -0x90
x23 <- 0xFFF70000

mem[X,0x80000440] -> 0x8B93
mem[X,0x80000442] -> 0xEFFB
[277] [M]: 0x80000440 (0xEFFB8B93) addi s7, s7, -0x101
x23 <- 0xFFF6FEFF

mem[X,0x80000444] -> 0x2E1B
mem[X,0x80000446] -> 0xF979
[278] [M]: 0x80000444 (0xF9792E1B) psshar.h.h0 t3, s2, s7
x28 <- 0xC000FE00

mem[X,0x80000448] -> 0x2C23
mem[X,0x8000044A] -> 0x03C1
[279] [M]: 0x80000448 (0x03C12C23) sw t3, 0x38(sp)
mem[0x80003188] <- 0xC000FE00

mem[X,0x8000044C] -> 0x0013
mem[X,0x8000044E] -> 0x0000
[280] [M]: 0x8000044C (0x00000013) addi zero, zero, 0x0

mem[X,0x80000450] -> 0x0013
mem[X,0x80000452] -> 0x0000
[281] [M]: 0x80000450 (0x00000013) addi zero, zero, 0x0

mem[X,0x80000454] -> 0x0013
mem[X,0x80000456] -> 0x0000
[282] [M]: 0x80000454 (0x00000013) addi zero, zero, 0x0

mem[X,0x80000458] -> 0x0013
mem[X,0x8000045A] -> 0x0000
[283] [M]: 0x80000458 (0x00000013) addi zero, zero, 0x0

mem[X,0x8000045C] -> 0x0013
mem[X,0x8000045E] -> 0x0000
[284] [M]: 0x8000045C (0x00000013) addi zero, zero, 0x0

mem[X,0x80000460] -> 0x3097
mem[X,0x80000462] -> 0x0000
[285] [M]: 0x80000460 (0x00003097) auipc ra, 0x3
x1 <- 0x80003460

mem[X,0x80000464] -> 0x8093
mem[X,0x80000466] -> 0xD2C0
[286] [M]: 0x80000464 (0xD2C08093) addi ra, ra, -0x2d4
x1 <- 0x8000318C

mem[X,0x80000468] -> 0x0013
mem[X,0x8000046A] -> 0x0000
[287] [M]: 0x80000468 (0x00000013) addi zero, zero, 0x0

mem[X,0x8000046C] -> 0x0013
mem[X,0x8000046E] -> 0x0000
[288] [M]: 0x8000046C (0x00000013) addi zero, zero, 0x0

mem[X,0x80000470] -> 0x0013
mem[X,0x80000472] -> 0x0000
[289] [M]: 0x80000470 (0x00000013) addi zero, zero, 0x0

mem[X,0x80000474] -> 0x0013
mem[X,0x80000476] -> 0x0000
[290] [M]: 0x80000474 (0x00000013) addi zero, zero, 0x0

mem[X,0x80000478] -> 0x0013
mem[X,0x8000047A] -> 0x0000
[291] [M]: 0x80000478 (0x00000013) addi zero, zero, 0x0

mem[X,0x8000047C] -> 0x0013
mem[X,0x8000047E] -> 0x0000
[292] [M]: 0x8000047C (0x00000013) addi zero, zero, 0x0

mem[X,0x80000480] -> 0xF037
mem[X,0x80000482] -> 0xC000
[293] [M]: 0x80000480 (0xC000F037) lui zero, -0x3fff1

mem[X,0x80000484] -> 0x0013
mem[X,0x80000486] -> 0x7FF0
[294] [M]: 0x80000484 (0x7FF00013) addi zero, zero, 0x7ff

mem[X,0x80000488] -> 0x0AB7
mem[X,0x8000048A] -> 0xFE00
[295] [M]: 0x80000488 (0xFE000AB7) lui s5, -0x2000
x21 <- 0xFE000000

mem[X,0x8000048C] -> 0x8A93
mem[X,0x8000048E] -> 0xFFFA
[296] [M]: 0x8000048C (0xFFFA8A93) addi s5, s5, -0x1
x21 <- 0xFDFFFFFF

mem[X,0x80000490] -> 0x229B
mem[X,0x80000492] -> 0xF950
[297] [M]: 0x80000490 (0xF950229B) psshar.h.h0 t0, zero, s5
x5 <- 0x00000000

mem[X,0x80000494] -> 0xA023
mem[X,0x80000496] -> 0x0050
[298] [M]: 0x80000494 (0x0050A023) sw t0, 0x0(ra)
mem[0x8000318C] <- 0x00000000

mem[X,0x80000498] -> 0x0F37
mem[X,0x8000049A] -> 0x0008
[299] [M]: 0x80000498 (0x00080F37) lui t5, 0x80
x30 <- 0x00080000

clint::tick mtime <- 0x0000000000000003
 clint timer pending at mtime 0x0000000000000003
htif::tick 0x0000000000000000
mem[X,0x8000049C] -> 0x0F13
mem[X,0x8000049E] -> 0x003F
[300] [M]: 0x8000049C (0x003F0F13) addi t5, t5, 0x3
x30 <- 0x00080003

mem[X,0x800004A0] -> 0x0037
mem[X,0x800004A2] -> 0xFFF8
[301] [M]: 0x800004A0 (0xFFF80037) lui zero, -0x80

mem[X,0x800004A4] -> 0x0013
mem[X,0x800004A6] -> 0xDFF0
[302] [M]: 0x800004A4 (0xDFF00013) addi zero, zero, -0x201

mem[X,0x800004A8] -> 0x2B1B
mem[X,0x800004AA] -> 0xF80F
[303] [M]: 0x800004A8 (0xF80F2B1B) psshar.h.h0 s6, t5, zero
x22 <- 0x00080003

mem[X,0x800004AC] -> 0xA223
mem[X,0x800004AE] -> 0x0160
[304] [M]: 0x800004AC (0x0160A223) sw s6, 0x4(ra)
mem[0x80003190] <- 0x00080003

mem[X,0x800004B0] -> 0x0F37
mem[X,0x800004B2] -> 0x0400
[305] [M]: 0x800004B0 (0x04000F37) lui t5, 0x4000
x30 <- 0x04000000

mem[X,0x800004B4] -> 0x0F13
mem[X,0x800004B6] -> 0x008F
[306] [M]: 0x800004B4 (0x008F0F13) addi t5, t5, 0x8
x30 <- 0x04000008

mem[X,0x800004B8] -> 0x0EB7
mem[X,0x800004BA] -> 0xFFF0
[307] [M]: 0x800004B8 (0xFFF00EB7) lui t4, -0x100
x29 <- 0xFFF00000

mem[X,0x800004BC] -> 0x8E93
mem[X,0x800004BE] -> 0xEFFE
[308] [M]: 0x800004BC (0xEFFE8E93) addi t4, t4, -0x101
x29 <- 0xFFEFFEFF

mem[X,0x800004C0] -> 0x2F9B
mem[X,0x800004C2] -> 0xF9DF
[309] [M]: 0x800004C0 (0xF9DF2F9B) psshar.h.h0 t6, t5, t4
x31 <- 0x02000004

mem[X,0x800004C4] -> 0xA423
mem[X,0x800004C6] -> 0x01F0
[310] [M]: 0x800004C4 (0x01F0A423) sw t6, 0x8(ra)
mem[0x80003194] <- 0x02000004

mem[X,0x800004C8] -> 0x0F37
mem[X,0x800004CA] -> 0xFF80
[311] [M]: 0x800004C8 (0xFF800F37) lui t5, -0x800
x30 <- 0xFF800000

mem[X,0x800004CC] -> 0x0F13
mem[X,0x800004CE] -> 0xFFAF
[312] [M]: 0x800004CC (0xFFAF0F13) addi t5, t5, -0x6
x30 <- 0xFF7FFFFA

mem[X,0x800004D0] -> 0x0EB7
mem[X,0x800004D2] -> 0xFFBF
[313] [M]: 0x800004D0 (0xFFBF0EB7) lui t4, -0x410
x29 <- 0xFFBF0000

mem[X,0x800004D4] -> 0x8E93
mem[X,0x800004D6] -> 0x080E
[314] [M]: 0x800004D4 (0x080E8E93) addi t4, t4, 0x80
x29 <- 0xFFBF0080

mem[X,0x800004D8] -> 0x2F9B
mem[X,0x800004DA] -> 0xF9DF
[315] [M]: 0x800004D8 (0xF9DF2F9B) psshar.h.h0 t6, t5, t4
x31 <- 0xFF7FFFFA

mem[X,0x800004DC] -> 0xA623
mem[X,0x800004DE] -> 0x01F0
[316] [M]: 0x800004DC (0x01F0A623) sw t6, 0xc(ra)
mem[0x80003198] <- 0xFF7FFFFA

mem[X,0x800004E0] -> 0x1F37
mem[X,0x800004E2] -> 0xBFFF
[317] [M]: 0x800004E0 (0xBFFF1F37) lui t5, -0x4000f
x30 <- 0xBFFF1000

mem[X,0x800004E4] -> 0x0F13
mem[X,0x800004E6] -> 0x800F
[318] [M]: 0x800004E4 (0x800F0F13) addi t5, t5, -0x800
x30 <- 0xBFFF0800

mem[X,0x800004E8] -> 0x0EB7
mem[X,0x800004EA] -> 0xFF80
[319] [M]: 0x800004E8 (0xFF800EB7) lui t4, -0x800
x29 <- 0xFF800000

mem[X,0x800004EC] -> 0x8E93
mem[X,0x800004EE] -> 0xFFCE
[320] [M]: 0x800004EC (0xFFCE8E93) addi t4, t4, -0x4
x29 <- 0xFF7FFFFC

mem[X,0x800004F0] -> 0x2F9B
mem[X,0x800004F2] -> 0xF9DF
[321] [M]: 0x800004F0 (0xF9DF2F9B) psshar.h.h0 t6, t5, t4
x31 <- 0xFC000080

mem[X,0x800004F4] -> 0xA823
mem[X,0x800004F6] -> 0x01F0
[322] [M]: 0x800004F4 (0x01F0A823) sw t6, 0x10(ra)
mem[0x8000319C] <- 0xFC000080

mem[X,0x800004F8] -> 0x0F37
mem[X,0x800004FA] -> 0xFFFF
[323] [M]: 0x800004F8 (0xFFFF0F37) lui t5, -0x10
x30 <- 0xFFFF0000

mem[X,0x800004FC] -> 0x0F13
mem[X,0x800004FE] -> 0xFFDF
[324] [M]: 0x800004FC (0xFFDF0F13) addi t5, t5, -0x3
x30 <- 0xFFFEFFFD

mem[X,0x80000500] -> 0x0EB7
mem[X,0x80000502] -> 0x5555
[325] [M]: 0x80000500 (0x55550EB7) lui t4, 0x55550
x29 <- 0x55550000

mem[X,0x80000504] -> 0x8E93
mem[X,0x80000506] -> 0x007E
[326] [M]: 0x80000504 (0x007E8E93) addi t4, t4, 0x7
x29 <- 0x55550007

mem[X,0x80000508] -> 0x2F9B
mem[X,0x8000050A] -> 0xF9DF
[327] [M]: 0x80000508 (0xF9DF2F9B) psshar.h.h0 t6, t5, t4
x31 <- 0xFF00FE80

mem[X,0x8000050C] -> 0xAA23
mem[X,0x8000050E] -> 0x01F0
[328] [M]: 0x8000050C (0x01F0AA23) sw t6, 0x14(ra)
mem[0x800031A0] <- 0xFF00FE80

mem[X,0x80000510] -> 0x0F37
mem[X,0x80000512] -> 0x0080
[329] [M]: 0x80000510 (0x00800F37) lui t5, 0x800
x30 <- 0x00800000

mem[X,0x80000514] -> 0x0F13
mem[X,0x80000516] -> 0x100F
[330] [M]: 0x80000514 (0x100F0F13) addi t5, t5, 0x100
x30 <- 0x00800100

mem[X,0x80000518] -> 0x0EB7
mem[X,0x8000051A] -> 0x0009
[331] [M]: 0x80000518 (0x00090EB7) lui t4, 0x90
x29 <- 0x00090000

mem[X,0x8000051C] -> 0x8E93
mem[X,0x8000051E] -> 0x100E
[332] [M]: 0x8000051C (0x100E8E93) addi t4, t4, 0x100
x29 <- 0x00090100

mem[X,0x80000520] -> 0x2F9B
mem[X,0x80000522] -> 0xF9DF
[333] [M]: 0x80000520 (0xF9DF2F9B) psshar.h.h0 t6, t5, t4
x31 <- 0x00800100

mem[X,0x80000524] -> 0xAC23
mem[X,0x80000526] -> 0x01F0
[334] [M]: 0x80000524 (0x01F0AC23) sw t6, 0x18(ra)
mem[0x800031A4] <- 0x00800100

mem[X,0x80000528] -> 0x0F37
mem[X,0x8000052A] -> 0xFFF8
[335] [M]: 0x80000528 (0xFFF80F37) lui t5, -0x80
x30 <- 0xFFF80000

mem[X,0x8000052C] -> 0x0F13
mem[X,0x8000052E] -> 0x006F
[336] [M]: 0x8000052C (0x006F0F13) addi t5, t5, 0x6
x30 <- 0xFFF80006

mem[X,0x80000530] -> 0x0EB7
mem[X,0x80000532] -> 0xFFF8
[337] [M]: 0x80000530 (0xFFF80EB7) lui t4, -0x80
x29 <- 0xFFF80000

mem[X,0x80000534] -> 0x8E93
mem[X,0x80000536] -> 0x004E
[338] [M]: 0x80000534 (0x004E8E93) addi t4, t4, 0x4
x29 <- 0xFFF80004

mem[X,0x80000538] -> 0x2F9B
mem[X,0x8000053A] -> 0xF9DF
[339] [M]: 0x80000538 (0xF9DF2F9B) psshar.h.h0 t6, t5, t4
x31 <- 0xFF800060

mem[X,0x8000053C] -> 0xAE23
mem[X,0x8000053E] -> 0x01F0
[340] [M]: 0x8000053C (0x01F0AE23) sw t6, 0x1c(ra)
mem[0x800031A8] <- 0xFF800060

mem[X,0x80000540] -> 0xFF37
mem[X,0x80000542] -> 0xFEFF
[341] [M]: 0x80000540 (0xFEFFFF37) lui t5, -0x1001
x30 <- 0xFEFFF000

mem[X,0x80000544] -> 0x0F13
mem[X,0x80000546] -> 0xFFFF
[342] [M]: 0x80000544 (0xFFFF0F13) addi t5, t5, -0x1
x30 <- 0xFEFFEFFF

mem[X,0x80000548] -> 0x0EB7
mem[X,0x8000054A] -> 0x0200
[343] [M]: 0x80000548 (0x02000EB7) lui t4, 0x2000
x29 <- 0x02000000

mem[X,0x8000054C] -> 0x8E93
mem[X,0x8000054E] -> 0x010E
[344] [M]: 0x8000054C (0x010E8E93) addi t4, t4, 0x10
x29 <- 0x02000010

mem[X,0x80000550] -> 0x2F9B
mem[X,0x80000552] -> 0xF9DF
[345] [M]: 0x80000550 (0xF9DF2F9B) psshar.h.h0 t6, t5, t4
x31 <- 0x00000000

mem[X,0x80000554] -> 0xA023
mem[X,0x80000556] -> 0x03F0
[346] [M]: 0x80000554 (0x03F0A023) sw t6, 0x20(ra)
mem[0x800031AC] <- 0x00000000

mem[X,0x80000558] -> 0xEF37
mem[X,0x8000055A] -> 0x0005
[347] [M]: 0x80000558 (0x0005EF37) lui t5, 0x5e
x30 <- 0x0005E000

mem[X,0x8000055C] -> 0x0F13
mem[X,0x8000055E] -> 0xFFFF
[348] [M]: 0x8000055C (0xFFFF0F13) addi t5, t5, -0x1
x30 <- 0x0005DFFF

mem[X,0x80000560] -> 0x0EB7
mem[X,0x80000562] -> 0xF7FF
[349] [M]: 0x80000560 (0xF7FF0EB7) lui t4, -0x8010
x29 <- 0xF7FF0000

mem[X,0x80000564] -> 0x8E93
mem[X,0x80000566] -> 0x005E
[350] [M]: 0x80000564 (0x005E8E93) addi t4, t4, 0x5
x29 <- 0xF7FF0005

mem[X,0x80000568] -> 0x2F9B
mem[X,0x8000056A] -> 0xF9DF
[351] [M]: 0x80000568 (0xF9DF2F9B) psshar.h.h0 t6, t5, t4
x31 <- 0x00A0FFE0

mem[X,0x8000056C] -> 0xA223
mem[X,0x8000056E] -> 0x03F0
[352] [M]: 0x8000056C (0x03F0A223) sw t6, 0x24(ra)
mem[0x800031B0] <- 0x00A0FFE0

mem[X,0x80000570] -> 0xCF37
mem[X,0x80000572] -> 0xFFFE
[353] [M]: 0x80000570 (0xFFFECF37) lui t5, -0x14
x30 <- 0xFFFEC000

mem[X,0x80000574] -> 0x0F13
mem[X,0x80000576] -> 0xFFFF
[354] [M]: 0x80000574 (0xFFFF0F13) addi t5, t5, -0x1
x30 <- 0xFFFEBFFF

mem[X,0x80000578] -> 0x0EB7
mem[X,0x8000057A] -> 0x0005
[355] [M]: 0x80000578 (0x00050EB7) lui t4, 0x50
x29 <- 0x00050000

mem[X,0x8000057C] -> 0x8E93
mem[X,0x8000057E] -> 0x008E
[356] [M]: 0x8000057C (0x008E8E93) addi t4, t4, 0x8
x29 <- 0x00050008

mem[X,0x80000580] -> 0x2F9B
mem[X,0x80000582] -> 0xF9DF
[357] [M]: 0x80000580 (0xF9DF2F9B) psshar.h.h0 t6, t5, t4
x31 <- 0xFE00FF00

mem[X,0x80000584] -> 0xA423
mem[X,0x80000586] -> 0x03F0
[358] [M]: 0x80000584 (0x03F0A423) sw t6, 0x28(ra)
mem[0x800031B4] <- 0xFE00FF00

mem[X,0x80000588] -> 0x5F37
mem[X,0x8000058A] -> 0xFFDF
[359] [M]: 0x80000588 (0xFFDF5F37) lui t5, -0x20b
x30 <- 0xFFDF5000

mem[X,0x8000058C] -> 0x0F13
mem[X,0x8000058E] -> 0x555F
[360] [M]: 0x8000058C (0x555F0F13) addi t5, t5, 0x555
x30 <- 0xFFDF5555

mem[X,0x80000590] -> 0x0EB7
mem[X,0x80000592] -> 0xFFBF
[361] [M]: 0x80000590 (0xFFBF0EB7) lui t4, -0x410
x29 <- 0xFFBF0000

mem[X,0x80000594] -> 0x8E93
mem[X,0x80000596] -> 0x005E
[362] [M]: 0x80000594 (0x005E8E93) addi t4, t4, 0x5
x29 <- 0xFFBF0005

mem[X,0x80000598] -> 0x2F9B
mem[X,0x8000059A] -> 0xF9DF
[363] [M]: 0x80000598 (0xF9DF2F9B) psshar.h.h0 t6, t5, t4
x31 <- 0xFBE0AAA0

mem[X,0x8000059C] -> 0xA623
mem[X,0x8000059E] -> 0x03F0
[364] [M]: 0x8000059C (0x03F0A623) sw t6, 0x2c(ra)
mem[0x800031B8] <- 0xFBE0AAA0

mem[X,0x800005A0] -> 0xBF37
mem[X,0x800005A2] -> 0xFEFF
[365] [M]: 0x800005A0 (0xFEFFBF37) lui t5, -0x1005
x30 <- 0xFEFFB000

mem[X,0x800005A4] -> 0x0F13
mem[X,0x800005A6] -> 0xAAAF
[366] [M]: 0x800005A4 (0xAAAF0F13) addi t5, t5, -0x556
x30 <- 0xFEFFAAAA

mem[X,0x800005A8] -> 0x0EB7
mem[X,0x800005AA] -> 0x0801
[367] [M]: 0x800005A8 (0x08010EB7) lui t4, 0x8010
x29 <- 0x08010000

mem[X,0x800005AC] -> 0x8E93
mem[X,0x800005AE] -> 0xFF7E
[368] [M]: 0x800005AC (0xFF7E8E93) addi t4, t4, -0x9
x29 <- 0x0800FFF7

mem[X,0x800005B0] -> 0x2F9B
mem[X,0x800005B2] -> 0xF9DF
[369] [M]: 0x800005B0 (0xF9DF2F9B) psshar.h.h0 t6, t5, t4
x31 <- 0xFFFFFFD5

mem[X,0x800005B4] -> 0xA823
mem[X,0x800005B6] -> 0x03F0
[370] [M]: 0x800005B4 (0x03F0A823) sw t6, 0x30(ra)
mem[0x800031BC] <- 0xFFFFFFD5

mem[X,0x800005B8] -> 0x8F37
mem[X,0x800005BA] -> 0x0004
[371] [M]: 0x800005B8 (0x00048F37) lui t5, 0x48
x30 <- 0x00048000

mem[X,0x800005BC] -> 0xCEB7
mem[X,0x800005BE] -> 0x0400
[372] [M]: 0x800005BC (0x0400CEB7) lui t4, 0x400c
x29 <- 0x0400C000

mem[X,0x800005C0] -> 0x8E93
mem[X,0x800005C2] -> 0xFFFE
[373] [M]: 0x800005C0 (0xFFFE8E93) addi t4, t4, -0x1
x29 <- 0x0400BFFF

mem[X,0x800005C4] -> 0x2F9B
mem[X,0x800005C6] -> 0xF9DF
[374] [M]: 0x800005C4 (0xF9DF2F9B) psshar.h.h0 t6, t5, t4
x31 <- 0x0002C000

mem[X,0x800005C8] -> 0xAA23
mem[X,0x800005CA] -> 0x03F0
[375] [M]: 0x800005C8 (0x03F0AA23) sw t6, 0x34(ra)
mem[0x800031C0] <- 0x0002C000

mem[X,0x800005CC] -> 0x5F37
mem[X,0x800005CE] -> 0x0010
[376] [M]: 0x800005CC (0x00105F37) lui t5, 0x105
x30 <- 0x00105000

mem[X,0x800005D0] -> 0x0F13
mem[X,0x800005D2] -> 0x555F
[377] [M]: 0x800005D0 (0x555F0F13) addi t5, t5, 0x555
x30 <- 0x00105555

mem[X,0x800005D4] -> 0x0EB7
mem[X,0x800005D6] -> 0x0006
[378] [M]: 0x800005D4 (0x00060EB7) lui t4, 0x60
x29 <- 0x00060000

mem[X,0x800005D8] -> 0x8E93
mem[X,0x800005DA] -> 0xFF8E
[379] [M]: 0x800005D8 (0xFF8E8E93) addi t4, t4, -0x8
x29 <- 0x0005FFF8

mem[X,0x800005DC] -> 0x2F9B
mem[X,0x800005DE] -> 0xF9DF
[380] [M]: 0x800005DC (0xF9DF2F9B) psshar.h.h0 t6, t5, t4
x31 <- 0x00000055

mem[X,0x800005E0] -> 0xAC23
mem[X,0x800005E2] -> 0x03F0
[381] [M]: 0x800005E0 (0x03F0AC23) sw t6, 0x38(ra)
mem[0x800031C4] <- 0x00000055

mem[X,0x800005E4] -> 0x0F37
mem[X,0x800005E6] -> 0x0041
[382] [M]: 0x800005E4 (0x00410F37) lui t5, 0x410
x30 <- 0x00410000

mem[X,0x800005E8] -> 0x0F13
mem[X,0x800005EA] -> 0xEFFF
[383] [M]: 0x800005E8 (0xEFFF0F13) addi t5, t5, -0x101
x30 <- 0x0040FEFF

mem[X,0x800005EC] -> 0x0EB7
mem[X,0x800005EE] -> 0x0801
[384] [M]: 0x800005EC (0x08010EB7) lui t4, 0x8010
x29 <- 0x08010000

mem[X,0x800005F0] -> 0x8E93
mem[X,0x800005F2] -> 0xF7FE
[385] [M]: 0x800005F0 (0xF7FE8E93) addi t4, t4, -0x81
x29 <- 0x0800FF7F

mem[X,0x800005F4] -> 0x2F9B
mem[X,0x800005F6] -> 0xF9DF
[386] [M]: 0x800005F4 (0xF9DF2F9B) psshar.h.h0 t6, t5, t4
x31 <- 0x0020FF80

mem[X,0x800005F8] -> 0xAE23
mem[X,0x800005FA] -> 0x03F0
[387] [M]: 0x800005F8 (0x03F0AE23) sw t6, 0x3c(ra)
mem[0x800031C8] <- 0x0020FF80

mem[X,0x800005FC] -> 0x0F37
mem[X,0x800005FE] -> 0x0200
[388] [M]: 0x800005FC (0x02000F37) lui t5, 0x2000
x30 <- 0x02000000

mem[X,0x80000600] -> 0x0F13
mem[X,0x80000602] -> 0x400F
[389] [M]: 0x80000600 (0x400F0F13) addi t5, t5, 0x400
x30 <- 0x02000400

mem[X,0x80000604] -> 0x0EB7
mem[X,0x80000606] -> 0x2001
[390] [M]: 0x80000604 (0x20010EB7) lui t4, 0x20010
x29 <- 0x20010000

mem[X,0x80000608] -> 0x8E93
mem[X,0x8000060A] -> 0xFFAE
[391] [M]: 0x80000608 (0xFFAE8E93) addi t4, t4, -0x6
x29 <- 0x2000FFFA

mem[X,0x8000060C] -> 0x2F9B
mem[X,0x8000060E] -> 0xF9DF
[392] [M]: 0x8000060C (0xF9DF2F9B) psshar.h.h0 t6, t5, t4
x31 <- 0x00080010

mem[X,0x80000610] -> 0xA023
mem[X,0x80000612] -> 0x05F0
[393] [M]: 0x80000610 (0x05F0A023) sw t6, 0x40(ra)
mem[0x800031CC] <- 0x00080010

mem[X,0x80000614] -> 0x0F37
mem[X,0x80000616] -> 0x0800
[394] [M]: 0x80000614 (0x08000F37) lui t5, 0x8000
x30 <- 0x08000000

mem[X,0x80000618] -> 0x0F13
mem[X,0x8000061A] -> 0x001F
[395] [M]: 0x80000618 (0x001F0F13) addi t5, t5, 0x1
x30 <- 0x08000001

mem[X,0x8000061C] -> 0x0E93
mem[X,0x8000061E] -> 0xF7F0
[396] [M]: 0x8000061C (0xF7F00E93) addi t4, zero, -0x81
x29 <- 0xFFFFFF7F

mem[X,0x80000620] -> 0x2F9B
mem[X,0x80000622] -> 0xF9DF
[397] [M]: 0x80000620 (0xF9DF2F9B) psshar.h.h0 t6, t5, t4
x31 <- 0x04000001

mem[X,0x80000624] -> 0xA223
mem[X,0x80000626] -> 0x05F0
[398] [M]: 0x80000624 (0x05F0A223) sw t6, 0x44(ra)
mem[0x800031D0] <- 0x04000001

mem[X,0x80000628] -> 0x0F37
mem[X,0x8000062A] -> 0xFE00
[399] [M]: 0x80000628 (0xFE000F37) lui t5, -0x2000
x30 <- 0xFE000000

clint::tick mtime <- 0x0000000000000004
 clint timer pending at mtime 0x0000000000000004
htif::tick 0x0000000000000000
mem[X,0x8000062C] -> 0x0F13
mem[X,0x8000062E] -> 0xFDFF
[400] [M]: 0x8000062C (0xFDFF0F13) addi t5, t5, -0x21
x30 <- 0xFDFFFFDF

mem[X,0x80000630] -> 0x0EB7
mem[X,0x80000632] -> 0x0004
[401] [M]: 0x80000630 (0x00040EB7) lui t4, 0x40
x29 <- 0x00040000

mem[X,0x80000634] -> 0x8E93
mem[X,0x80000636] -> 0xFFEE
[402] [M]: 0x80000634 (0xFFEE8E93) addi t4, t4, -0x2
x29 <- 0x0003FFFE

mem[X,0x80000638] -> 0x2F9B
mem[X,0x8000063A] -> 0xF9DF
[403] [M]: 0x80000638 (0xF9DF2F9B) psshar.h.h0 t6, t5, t4
x31 <- 0xFF80FFF8

mem[X,0x8000063C] -> 0xA423
mem[X,0x8000063E] -> 0x05F0
[404] [M]: 0x8000063C (0x05F0A423) sw t6, 0x48(ra)
mem[0x800031D4] <- 0xFF80FFF8

mem[X,0x80000640] -> 0xFF37
mem[X,0x80000642] -> 0xFBFF
[405] [M]: 0x80000640 (0xFBFFFF37) lui t5, -0x4001
x30 <- 0xFBFFF000

mem[X,0x80000644] -> 0x0F13
mem[X,0x80000646] -> 0x7FFF
[406] [M]: 0x80000644 (0x7FFF0F13) addi t5, t5, 0x7ff
x30 <- 0xFBFFF7FF

mem[X,0x80000648] -> 0x4EB7
mem[X,0x8000064A] -> 0x5555
[407] [M]: 0x80000648 (0x55554EB7) lui t4, 0x55554
x29 <- 0x55554000

mem[X,0x8000064C] -> 0x8E93
mem[X,0x8000064E] -> 0xFFFE
[408] [M]: 0x8000064C (0xFFFE8E93) addi t4, t4, -0x1
x29 <- 0x55553FFF

mem[X,0x80000650] -> 0x2F9B
mem[X,0x80000652] -> 0xF9DF
[409] [M]: 0x80000650 (0xF9DF2F9B) psshar.h.h0 t6, t5, t4
x31 <- 0xFE00FC00

mem[X,0x80000654] -> 0xA623
mem[X,0x80000656] -> 0x05F0
[410] [M]: 0x80000654 (0x05F0A623) sw t6, 0x4c(ra)
mem[0x800031D8] <- 0xFE00FC00

mem[X,0x80000658] -> 0x0F37
mem[X,0x8000065A] -> 0xF800
[411] [M]: 0x80000658 (0xF8000F37) lui t5, -0x8000
x30 <- 0xF8000000

mem[X,0x8000065C] -> 0x0F13
mem[X,0x8000065E] -> 0xFBFF
[412] [M]: 0x8000065C (0xFBFF0F13) addi t5, t5, -0x41
x30 <- 0xF7FFFFBF

mem[X,0x80000660] -> 0x0EB7
mem[X,0x80000662] -> 0xFF00
[413] [M]: 0x80000660 (0xFF000EB7) lui t4, -0x1000
x29 <- 0xFF000000

mem[X,0x80000664] -> 0x8E93
mem[X,0x80000666] -> 0xFF9E
[414] [M]: 0x80000664 (0xFF9E8E93) addi t4, t4, -0x7
x29 <- 0xFEFFFFF9

mem[X,0x80000668] -> 0x2F9B
mem[X,0x8000066A] -> 0xF9DF
[415] [M]: 0x80000668 (0xF9DF2F9B) psshar.h.h0 t6, t5, t4
x31 <- 0xFFF0FFFF

mem[X,0x8000066C] -> 0xA823
mem[X,0x8000066E] -> 0x05F0
[416] [M]: 0x8000066C (0x05F0A823) sw t6, 0x50(ra)
mem[0x800031DC] <- 0xFFF0FFFF

mem[X,0x80000670] -> 0x2F37
mem[X,0x80000672] -> 0xDFFF
[417] [M]: 0x80000670 (0xDFFF2F37) lui t5, -0x2000e
x30 <- 0xDFFF2000

mem[X,0x80000674] -> 0x0EB7
mem[X,0x80000676] -> 0x0002
[418] [M]: 0x80000674 (0x00020EB7) lui t4, 0x20
x29 <- 0x00020000

mem[X,0x80000678] -> 0x8E93
mem[X,0x8000067A] -> 0xBFFE
[419] [M]: 0x80000678 (0xBFFE8E93) addi t4, t4, -0x401
x29 <- 0x0001FBFF

mem[X,0x8000067C] -> 0x2F9B
mem[X,0x8000067E] -> 0xF9DF
[420] [M]: 0x8000067C (0xF9DF2F9B) psshar.h.h0 t6, t5, t4
x31 <- 0xF0001000

mem[X,0x80000680] -> 0xAA23
mem[X,0x80000682] -> 0x05F0
[421] [M]: 0x80000680 (0x05F0AA23) sw t6, 0x54(ra)
mem[0x800031E0] <- 0xF0001000

mem[X,0x80000684] -> 0x0F37
mem[X,0x80000686] -> 0xF800
[422] [M]: 0x80000684 (0xF8000F37) lui t5, -0x8000
x30 <- 0xF8000000

mem[X,0x80000688] -> 0x0F13
mem[X,0x8000068A] -> 0xFDFF
[423] [M]: 0x80000688 (0xFDFF0F13) addi t5, t5, -0x21
x30 <- 0xF7FFFFDF

mem[X,0x8000068C] -> 0x0EB7
mem[X,0x8000068E] -> 0x8000
[424] [M]: 0x8000068C (0x80000EB7) lui t4, -0x80000
x29 <- 0x80000000

mem[X,0x80000690] -> 0x2F9B
mem[X,0x80000692] -> 0xF9DF
[425] [M]: 0x80000690 (0xF9DF2F9B) psshar.h.h0 t6, t5, t4
x31 <- 0xF7FFFFDF

mem[X,0x80000694] -> 0xAC23
mem[X,0x80000696] -> 0x05F0
[426] [M]: 0x80000694 (0x05F0AC23) sw t6, 0x58(ra)
mem[0x800031E4] <- 0xF7FFFFDF

mem[X,0x80000698] -> 0x0F37
mem[X,0x8000069A] -> 0xFFFF
[427] [M]: 0x80000698 (0xFFFF0F37) lui t5, -0x10
x30 <- 0xFFFF0000

mem[X,0x8000069C] -> 0x0F13
mem[X,0x8000069E] -> 0x009F
[428] [M]: 0x8000069C (0x009F0F13) addi t5, t5, 0x9
x30 <- 0xFFFF0009

mem[X,0x800006A0] -> 0x0EB7
mem[X,0x800006A2] -> 0xFFDF
[429] [M]: 0x800006A0 (0xFFDF0EB7) lui t4, -0x210
x29 <- 0xFFDF0000

mem[X,0x800006A4] -> 0x8E93
mem[X,0x800006A6] -> 0x001E
[430] [M]: 0x800006A4 (0x001E8E93) addi t4, t4, 0x1
x29 <- 0xFFDF0001

mem[X,0x800006A8] -> 0x2F9B
mem[X,0x800006AA] -> 0xF9DF
[431] [M]: 0x800006A8 (0xF9DF2F9B) psshar.h.h0 t6, t5, t4
x31 <- 0xFFFE0012

mem[X,0x800006AC] -> 0xAE23
mem[X,0x800006AE] -> 0x05F0
[432] [M]: 0x800006AC (0x05F0AE23) sw t6, 0x5c(ra)
mem[0x800031E8] <- 0xFFFE0012

mem[X,0x800006B0] -> 0x8F37
mem[X,0x800006B2] -> 0x3FFF
[433] [M]: 0x800006B0 (0x3FFF8F37) lui t5, 0x3fff8
x30 <- 0x3FFF8000

mem[X,0x800006B4] -> 0x0F13
mem[X,0x800006B6] -> 0xFFFF
[434] [M]: 0x800006B4 (0xFFFF0F13) addi t5, t5, -0x1
x30 <- 0x3FFF7FFF

mem[X,0x800006B8] -> 0x0EB7
mem[X,0x800006BA] -> 0x0009
[435] [M]: 0x800006B8 (0x00090EB7) lui t4, 0x90
x29 <- 0x00090000

mem[X,0x800006BC] -> 0x8E93
mem[X,0x800006BE] -> 0x020E
[436] [M]: 0x800006BC (0x020E8E93) addi t4, t4, 0x20
x29 <- 0x00090020

mem[X,0x800006C0] -> 0x2F9B
mem[X,0x800006C2] -> 0xF9DF
[437] [M]: 0x800006C0 (0xF9DF2F9B) psshar.h.h0 t6, t5, t4
x31 <- 0x3FFF7FFF

mem[X,0x800006C4] -> 0xA023
mem[X,0x800006C6] -> 0x07F0
[438] [M]: 0x800006C4 (0x07F0A023) sw t6, 0x60(ra)
mem[0x800031EC] <- 0x3FFF7FFF

mem[X,0x800006C8] -> 0x0F37
mem[X,0x800006CA] -> 0xFFF6
[439] [M]: 0x800006C8 (0xFFF60F37) lui t5, -0xa0
x30 <- 0xFFF60000

mem[X,0x800006CC] -> 0x0F13
mem[X,0x800006CE] -> 0x003F
[440] [M]: 0x800006CC (0x003F0F13) addi t5, t5, 0x3
x30 <- 0xFFF60003

mem[X,0x800006D0] -> 0x0EB7
mem[X,0x800006D2] -> 0xFEFF
[441] [M]: 0x800006D0 (0xFEFF0EB7) lui t4, -0x1010
x29 <- 0xFEFF0000

mem[X,0x800006D4] -> 0x8E93
mem[X,0x800006D6] -> 0x040E
[442] [M]: 0x800006D4 (0x040E8E93) addi t4, t4, 0x40
x29 <- 0xFEFF0040

mem[X,0x800006D8] -> 0x2F9B
mem[X,0x800006DA] -> 0xF9DF
[443] [M]: 0x800006D8 (0xF9DF2F9B) psshar.h.h0 t6, t5, t4
x31 <- 0xFFF60003

mem[X,0x800006DC] -> 0xA223
mem[X,0x800006DE] -> 0x07F0
[444] [M]: 0x800006DC (0x07F0A223) sw t6, 0x64(ra)
mem[0x800031F0] <- 0xFFF60003

mem[X,0x800006E0] -> 0x1F37
mem[X,0x800006E2] -> 0x0400
[445] [M]: 0x800006E0 (0x04001F37) lui t5, 0x4001
x30 <- 0x04001000

mem[X,0x800006E4] -> 0x0EB7
mem[X,0x800006E6] -> 0x0006
[446] [M]: 0x800006E4 (0x00060EB7) lui t4, 0x60
x29 <- 0x00060000

mem[X,0x800006E8] -> 0x8E93
mem[X,0x800006EA] -> 0x200E
[447] [M]: 0x800006E8 (0x200E8E93) addi t4, t4, 0x200
x29 <- 0x00060200

mem[X,0x800006EC] -> 0x2F9B
mem[X,0x800006EE] -> 0xF9DF
[448] [M]: 0x800006EC (0xF9DF2F9B) psshar.h.h0 t6, t5, t4
x31 <- 0x04001000

mem[X,0x800006F0] -> 0xA423
mem[X,0x800006F2] -> 0x07F0
[449] [M]: 0x800006F0 (0x07F0A423) sw t6, 0x68(ra)
mem[0x800031F4] <- 0x04001000

mem[X,0x800006F4] -> 0x0F37
mem[X,0x800006F6] -> 0x4001
[450] [M]: 0x800006F4 (0x40010F37) lui t5, 0x40010
x30 <- 0x40010000

mem[X,0x800006F8] -> 0x0F13
mem[X,0x800006FA] -> 0xFBFF
[451] [M]: 0x800006F8 (0xFBFF0F13) addi t5, t5, -0x41
x30 <- 0x4000FFBF

mem[X,0x800006FC] -> 0x1EB7
mem[X,0x800006FE] -> 0x4000
[452] [M]: 0x800006FC (0x40001EB7) lui t4, 0x40001
x29 <- 0x40001000

mem[X,0x80000700] -> 0x2F9B
mem[X,0x80000702] -> 0xF9DF
[453] [M]: 0x80000700 (0xF9DF2F9B) psshar.h.h0 t6, t5, t4
x31 <- 0x4000FFBF

mem[X,0x80000704] -> 0xA623
mem[X,0x80000706] -> 0x07F0
[454] [M]: 0x80000704 (0x07F0A623) sw t6, 0x6c(ra)
mem[0x800031F8] <- 0x4000FFBF

mem[X,0x80000708] -> 0x0F37
mem[X,0x8000070A] -> 0xFC00
[455] [M]: 0x80000708 (0xFC000F37) lui t5, -0x4000
x30 <- 0xFC000000

mem[X,0x8000070C] -> 0x0F13
mem[X,0x8000070E] -> 0xBFFF
[456] [M]: 0x8000070C (0xBFFF0F13) addi t5, t5, -0x401
x30 <- 0xFBFFFBFF

mem[X,0x80000710] -> 0x0EB7
mem[X,0x80000712] -> 0xE000
[457] [M]: 0x80000710 (0xE0000EB7) lui t4, -0x20000
x29 <- 0xE0000000

mem[X,0x80000714] -> 0x8E93
mem[X,0x80000716] -> 0xFDFE
[458] [M]: 0x80000714 (0xFDFE8E93) addi t4, t4, -0x21
x29 <- 0xDFFFFFDF

mem[X,0x80000718] -> 0x2F9B
mem[X,0x8000071A] -> 0xF9DF
[459] [M]: 0x80000718 (0xF9DF2F9B) psshar.h.h0 t6, t5, t4
x31 <- 0xFE00FE00

mem[X,0x8000071C] -> 0xA823
mem[X,0x8000071E] -> 0x07F0
[460] [M]: 0x8000071C (0x07F0A823) sw t6, 0x70(ra)
mem[0x800031FC] <- 0xFE00FE00

mem[X,0x80000720] -> 0xBF37
mem[X,0x80000722] -> 0x0040
[461] [M]: 0x80000720 (0x0040BF37) lui t5, 0x40b
x30 <- 0x0040B000

mem[X,0x80000724] -> 0x0F13
mem[X,0x80000726] -> 0xAAAF
[462] [M]: 0x80000724 (0xAAAF0F13) addi t5, t5, -0x556
x30 <- 0x0040AAAA

mem[X,0x80000728] -> 0xFEB7
mem[X,0x8000072A] -> 0x0080
[463] [M]: 0x80000728 (0x0080FEB7) lui t4, 0x80f
x29 <- 0x0080F000

mem[X,0x8000072C] -> 0x8E93
mem[X,0x8000072E] -> 0x7FFE
[464] [M]: 0x8000072C (0x7FFE8E93) addi t4, t4, 0x7ff
x29 <- 0x0080F7FF

mem[X,0x80000730] -> 0x2F9B
mem[X,0x80000732] -> 0xF9DF
[465] [M]: 0x80000730 (0xF9DF2F9B) psshar.h.h0 t6, t5, t4
x31 <- 0x0020D555

mem[X,0x80000734] -> 0xAA23
mem[X,0x80000736] -> 0x07F0
[466] [M]: 0x80000734 (0x07F0AA23) sw t6, 0x74(ra)
mem[0x80003200] <- 0x0020D555

mem[X,0x80000738] -> 0x0F37
mem[X,0x8000073A] -> 0x0200
[467] [M]: 0x80000738 (0x02000F37) lui t5, 0x2000
x30 <- 0x02000000

mem[X,0x8000073C] -> 0x0F13
mem[X,0x8000073E] -> 0x009F
[468] [M]: 0x8000073C (0x009F0F13) addi t5, t5, 0x9
x30 <- 0x02000009

mem[X,0x80000740] -> 0xFEB7
mem[X,0x80000742] -> 0x0100
[469] [M]: 0x80000740 (0x0100FEB7) lui t4, 0x100f
x29 <- 0x0100F000

mem[X,0x80000744] -> 0x8E93
mem[X,0x80000746] -> 0xFFFE
[470] [M]: 0x80000744 (0xFFFE8E93) addi t4, t4, -0x1
x29 <- 0x0100EFFF

mem[X,0x80000748] -> 0x2F9B
mem[X,0x8000074A] -> 0xF9DF
[471] [M]: 0x80000748 (0xF9DF2F9B) psshar.h.h0 t6, t5, t4
x31 <- 0x01000005

mem[X,0x8000074C] -> 0xAC23
mem[X,0x8000074E] -> 0x07F0
[472] [M]: 0x8000074C (0x07F0AC23) sw t6, 0x78(ra)
mem[0x80003204] <- 0x01000005

mem[X,0x80000750] -> 0x0F37
mem[X,0x80000752] -> 0xFFFD
[473] [M]: 0x80000750 (0xFFFD0F37) lui t5, -0x30
x30 <- 0xFFFD0000

mem[X,0x80000754] -> 0x0F13
mem[X,0x80000756] -> 0x008F
[474] [M]: 0x80000754 (0x008F0F13) addi t5, t5, 0x8
x30 <- 0xFFFD0008

mem[X,0x80000758] -> 0xEEB7
mem[X,0x8000075A] -> 0xFFDF
[475] [M]: 0x80000758 (0xFFDFEEB7) lui t4, -0x202
x29 <- 0xFFDFE000

mem[X,0x8000075C] -> 0x8E93
mem[X,0x8000075E] -> 0xFFFE
[476] [M]: 0x8000075C (0xFFFE8E93) addi t4, t4, -0x1
x29 <- 0xFFDFDFFF

mem[X,0x80000760] -> 0x2F9B
mem[X,0x80000762] -> 0xF9DF
[477] [M]: 0x80000760 (0xF9DF2F9B) psshar.h.h0 t6, t5, t4
x31 <- 0xFFFF0004

mem[X,0x80000764] -> 0xAE23
mem[X,0x80000766] -> 0x07F0
[478] [M]: 0x80000764 (0x07F0AE23) sw t6, 0x7c(ra)
mem[0x80003208] <- 0xFFFF0004

mem[X,0x80000768] -> 0x0F37
mem[X,0x8000076A] -> 0xFFF6
[479] [M]: 0x80000768 (0xFFF60F37) lui t5, -0xa0
x30 <- 0xFFF60000

mem[X,0x8000076C] -> 0x0F13
mem[X,0x8000076E] -> 0x001F
[480] [M]: 0x8000076C (0x001F0F13) addi t5, t5, 0x1
x30 <- 0xFFF60001

mem[X,0x80000770] -> 0xBEB7
mem[X,0x80000772] -> 0x3FFF
[481] [M]: 0x80000770 (0x3FFFBEB7) lui t4, 0x3fffb
x29 <- 0x3FFFB000

mem[X,0x80000774] -> 0x8E93
mem[X,0x80000776] -> 0xAAAE
[482] [M]: 0x80000774 (0xAAAE8E93) addi t4, t4, -0x556
x29 <- 0x3FFFAAAA

mem[X,0x80000778] -> 0x2F9B
mem[X,0x8000077A] -> 0xF9DF
[483] [M]: 0x80000778 (0xF9DF2F9B) psshar.h.h0 t6, t5, t4
x31 <- 0xD8000400

mem[X,0x8000077C] -> 0xA023
mem[X,0x8000077E] -> 0x09F0
[484] [M]: 0x8000077C (0x09F0A023) sw t6, 0x80(ra)
mem[0x8000320C] <- 0xD8000400

mem[X,0x80000780] -> 0x0F37
mem[X,0x80000782] -> 0xFFF8
[485] [M]: 0x80000780 (0xFFF80F37) lui t5, -0x80
x30 <- 0xFFF80000

mem[X,0x80000784] -> 0x0F13
mem[X,0x80000786] -> 0x100F
[486] [M]: 0x80000784 (0x100F0F13) addi t5, t5, 0x100
x30 <- 0xFFF80100

mem[X,0x80000788] -> 0x0EB7
mem[X,0x8000078A] -> 0x7FFF
[487] [M]: 0x80000788 (0x7FFF0EB7) lui t4, 0x7fff0
x29 <- 0x7FFF0000

mem[X,0x8000078C] -> 0x8E93
mem[X,0x8000078E] -> 0x001E
[488] [M]: 0x8000078C (0x001E8E93) addi t4, t4, 0x1
x29 <- 0x7FFF0001

mem[X,0x80000790] -> 0x2F9B
mem[X,0x80000792] -> 0xF9DF
[489] [M]: 0x80000790 (0xF9DF2F9B) psshar.h.h0 t6, t5, t4
x31 <- 0xFFF00200

mem[X,0x80000794] -> 0xA223
mem[X,0x80000796] -> 0x09F0
[490] [M]: 0x80000794 (0x09F0A223) sw t6, 0x84(ra)
mem[0x80003210] <- 0xFFF00200

mem[X,0x80000798] -> 0x0F37
mem[X,0x8000079A] -> 0x0001
[491] [M]: 0x80000798 (0x00010F37) lui t5, 0x10
x30 <- 0x00010000

mem[X,0x8000079C] -> 0x0F13
mem[X,0x8000079E] -> 0x004F
[492] [M]: 0x8000079C (0x004F0F13) addi t5, t5, 0x4
x30 <- 0x00010004

mem[X,0x800007A0] -> 0x0EB7
mem[X,0x800007A2] -> 0x0002
[493] [M]: 0x800007A0 (0x00020EB7) lui t4, 0x20
x29 <- 0x00020000

mem[X,0x800007A4] -> 0x8E93
mem[X,0x800007A6] -> 0x002E
[494] [M]: 0x800007A4 (0x002E8E93) addi t4, t4, 0x2
x29 <- 0x00020002

mem[X,0x800007A8] -> 0x2F9B
mem[X,0x800007AA] -> 0xF9DF
[495] [M]: 0x800007A8 (0xF9DF2F9B) psshar.h.h0 t6, t5, t4
x31 <- 0x00040010

mem[X,0x800007AC] -> 0xA423
mem[X,0x800007AE] -> 0x09F0
[496] [M]: 0x800007AC (0x09F0A423) sw t6, 0x88(ra)
mem[0x80003214] <- 0x00040010

mem[X,0x800007B0] -> 0x0F37
mem[X,0x800007B2] -> 0x1000
[497] [M]: 0x800007B0 (0x10000F37) lui t5, 0x10000
x30 <- 0x10000000

mem[X,0x800007B4] -> 0x0F13
mem[X,0x800007B6] -> 0x008F
[498] [M]: 0x800007B4 (0x008F0F13) addi t5, t5, 0x8
x30 <- 0x10000008

mem[X,0x800007B8] -> 0x0EB7
mem[X,0x800007BA] -> 0x8001
[499] [M]: 0x800007B8 (0x80010EB7) lui t4, -0x7fff0
x29 <- 0x80010000

clint::tick mtime <- 0x0000000000000005
 clint timer pending at mtime 0x0000000000000005
htif::tick 0x0000000000000000
mem[X,0x800007BC] -> 0x8E93
mem[X,0x800007BE] -> 0xFF9E
[500] [M]: 0x800007BC (0xFF9E8E93) addi t4, t4, -0x7
x29 <- 0x8000FFF9

mem[X,0x800007C0] -> 0x2F9B
mem[X,0x800007C2] -> 0xF9DF
[501] [M]: 0x800007C0 (0xF9DF2F9B) psshar.h.h0 t6, t5, t4
x31 <- 0x00200000

mem[X,0x800007C4] -> 0xA623
mem[X,0x800007C6] -> 0x09F0
[502] [M]: 0x800007C4 (0x09F0A623) sw t6, 0x8c(ra)
mem[0x80003218] <- 0x00200000

mem[X,0x800007C8] -> 0xBF37
mem[X,0x800007CA] -> 0xFEFF
[503] [M]: 0x800007C8 (0xFEFFBF37) lui t5, -0x1005
x30 <- 0xFEFFB000

mem[X,0x800007CC] -> 0x0F13
mem[X,0x800007CE] -> 0xAAAF
[504] [M]: 0x800007CC (0xAAAF0F13) addi t5, t5, -0x556
x30 <- 0xFEFFAAAA

mem[X,0x800007D0] -> 0x0EB7
mem[X,0x800007D2] -> 0x0011
[505] [M]: 0x800007D0 (0x00110EB7) lui t4, 0x110
x29 <- 0x00110000

mem[X,0x800007D4] -> 0x8E93
mem[X,0x800007D6] -> 0xFFFE
[506] [M]: 0x800007D4 (0xFFFE8E93) addi t4, t4, -0x1
x29 <- 0x0010FFFF

mem[X,0x800007D8] -> 0x2F9B
mem[X,0x800007DA] -> 0xF9DF
[507] [M]: 0x800007D8 (0xF9DF2F9B) psshar.h.h0 t6, t5, t4
x31 <- 0xFF80D555

mem[X,0x800007DC] -> 0xA823
mem[X,0x800007DE] -> 0x09F0
[508] [M]: 0x800007DC (0x09F0A823) sw t6, 0x90(ra)
mem[0x8000321C] <- 0xFF80D555

mem[X,0x800007E0] -> 0x4F37
mem[X,0x800007E2] -> 0xF7FF
[509] [M]: 0x800007E0 (0xF7FF4F37) lui t5, -0x800c
x30 <- 0xF7FF4000

mem[X,0x800007E4] -> 0x0F13
mem[X,0x800007E6] -> 0xFFFF
[510] [M]: 0x800007E4 (0xFFFF0F13) addi t5, t5, -0x1
x30 <- 0xF7FF3FFF

mem[X,0x800007E8] -> 0x4EB7
mem[X,0x800007EA] -> 0x0040
[511] [M]: 0x800007E8 (0x00404EB7) lui t4, 0x404
x29 <- 0x00404000

mem[X,0x800007EC] -> 0x2F9B
mem[X,0x800007EE] -> 0xF9DF
[512] [M]: 0x800007EC (0xF9DF2F9B) psshar.h.h0 t6, t5, t4
x31 <- 0xF7FF3FFF

mem[X,0x800007F0] -> 0xAA23
mem[X,0x800007F2] -> 0x09F0
[513] [M]: 0x800007F0 (0x09F0AA23) sw t6, 0x94(ra)
mem[0x80003220] <- 0xF7FF3FFF

mem[X,0x800007F4] -> 0x0F37
mem[X,0x800007F6] -> 0xFFFB
[514] [M]: 0x800007F4 (0xFFFB0F37) lui t5, -0x50
x30 <- 0xFFFB0000

mem[X,0x800007F8] -> 0x0F13
mem[X,0x800007FA] -> 0x010F
[515] [M]: 0x800007F8 (0x010F0F13) addi t5, t5, 0x10
x30 <- 0xFFFB0010

mem[X,0x800007FC] -> 0x0EB7
mem[X,0x800007FE] -> 0xFFE0
[516] [M]: 0x800007FC (0xFFE00EB7) lui t4, -0x200
x29 <- 0xFFE00000

mem[X,0x80000800] -> 0x8E93
mem[X,0x80000802] -> 0xFF7E
[517] [M]: 0x80000800 (0xFF7E8E93) addi t4, t4, -0x9
x29 <- 0xFFDFFFF7

mem[X,0x80000804] -> 0x2F9B
mem[X,0x80000806] -> 0xF9DF
[518] [M]: 0x80000804 (0xF9DF2F9B) psshar.h.h0 t6, t5, t4
x31 <- 0x00000000

mem[X,0x80000808] -> 0xAC23
mem[X,0x8000080A] -> 0x09F0
[519] [M]: 0x80000808 (0x09F0AC23) sw t6, 0x98(ra)
mem[0x80003224] <- 0x00000000

mem[X,0x8000080C] -> 0x0F37
mem[X,0x8000080E] -> 0xFFF7
[520] [M]: 0x8000080C (0xFFF70F37) lui t5, -0x90
x30 <- 0xFFF70000

mem[X,0x80000810] -> 0x0F13
mem[X,0x80000812] -> 0x009F
[521] [M]: 0x80000810 (0x009F0F13) addi t5, t5, 0x9
x30 <- 0xFFF70009

mem[X,0x80000814] -> 0x0EB7
mem[X,0x80000816] -> 0xFFF8
[522] [M]: 0x80000814 (0xFFF80EB7) lui t4, -0x80
x29 <- 0xFFF80000

mem[X,0x80000818] -> 0x8E93
mem[X,0x8000081A] -> 0x008E
[523] [M]: 0x80000818 (0x008E8E93) addi t4, t4, 0x8
x29 <- 0xFFF80008

mem[X,0x8000081C] -> 0x2F9B
mem[X,0x8000081E] -> 0xF9DF
[524] [M]: 0x8000081C (0xF9DF2F9B) psshar.h.h0 t6, t5, t4
x31 <- 0xF7000900

mem[X,0x80000820] -> 0xAE23
mem[X,0x80000822] -> 0x09F0
[525] [M]: 0x80000820 (0x09F0AE23) sw t6, 0x9c(ra)
mem[0x80003228] <- 0xF7000900

mem[X,0x80000824] -> 0x1F37
mem[X,0x80000826] -> 0xFEFF
[526] [M]: 0x80000824 (0xFEFF1F37) lui t5, -0x100f
x30 <- 0xFEFF1000

mem[X,0x80000828] -> 0x0EB7
mem[X,0x8000082A] -> 0x1001
[527] [M]: 0x80000828 (0x10010EB7) lui t4, 0x10010
x29 <- 0x10010000

mem[X,0x8000082C] -> 0x8E93
mem[X,0x8000082E] -> 0xFFEE
[528] [M]: 0x8000082C (0xFFEE8E93) addi t4, t4, -0x2
x29 <- 0x1000FFFE

mem[X,0x80000830] -> 0x2F9B
mem[X,0x80000832] -> 0xF9DF
[529] [M]: 0x80000830 (0xF9DF2F9B) psshar.h.h0 t6, t5, t4
x31 <- 0xFFC00400

mem[X,0x80000834] -> 0xA023
mem[X,0x80000836] -> 0x0BF0
[530] [M]: 0x80000834 (0x0BF0A023) sw t6, 0xa0(ra)
mem[0x8000322C] <- 0xFFC00400

mem[X,0x80000838] -> 0x0F37
mem[X,0x8000083A] -> 0xFC00
[531] [M]: 0x80000838 (0xFC000F37) lui t5, -0x4000
x30 <- 0xFC000000

mem[X,0x8000083C] -> 0x0F13
mem[X,0x8000083E] -> 0xFDFF
[532] [M]: 0x8000083C (0xFDFF0F13) addi t5, t5, -0x21
x30 <- 0xFBFFFFDF

mem[X,0x80000840] -> 0x0EB7
mem[X,0x80000842] -> 0xFFFF
[533] [M]: 0x80000840 (0xFFFF0EB7) lui t4, -0x10
x29 <- 0xFFFF0000

mem[X,0x80000844] -> 0x8E93
mem[X,0x80000846] -> 0xFFCE
[534] [M]: 0x80000844 (0xFFCE8E93) addi t4, t4, -0x4
x29 <- 0xFFFEFFFC

mem[X,0x80000848] -> 0x2F9B
mem[X,0x8000084A] -> 0xF9DF
[535] [M]: 0x80000848 (0xF9DF2F9B) psshar.h.h0 t6, t5, t4
x31 <- 0xFFC0FFFE

mem[X,0x8000084C] -> 0xA223
mem[X,0x8000084E] -> 0x0BF0
[536] [M]: 0x8000084C (0x0BF0A223) sw t6, 0xa4(ra)
mem[0x80003230] <- 0xFFC0FFFE

mem[X,0x80000850] -> 0x0F37
mem[X,0x80000852] -> 0x8000
[537] [M]: 0x80000850 (0x80000F37) lui t5, -0x80000
x30 <- 0x80000000

mem[X,0x80000854] -> 0x0F13
mem[X,0x80000856] -> 0xFFFF
[538] [M]: 0x80000854 (0xFFFF0F13) addi t5, t5, -0x1
x30 <- 0x7FFFFFFF

mem[X,0x80000858] -> 0x8EB7
mem[X,0x8000085A] -> 0xFFFD
[539] [M]: 0x80000858 (0xFFFD8EB7) lui t4, -0x28
x29 <- 0xFFFD8000

mem[X,0x8000085C] -> 0x2F9B
mem[X,0x8000085E] -> 0xF9DF
[540] [M]: 0x8000085C (0xF9DF2F9B) psshar.h.h0 t6, t5, t4
x31 <- 0x7FFFFFFF

mem[X,0x80000860] -> 0xA423
mem[X,0x80000862] -> 0x0BF0
[541] [M]: 0x80000860 (0x0BF0A423) sw t6, 0xa8(ra)
mem[0x80003234] <- 0x7FFFFFFF

mem[X,0x80000864] -> 0x0F37
mem[X,0x80000866] -> 0xFFFF
[542] [M]: 0x80000864 (0xFFFF0F37) lui t5, -0x10
x30 <- 0xFFFF0000

mem[X,0x80000868] -> 0x0F13
mem[X,0x8000086A] -> 0x001F
[543] [M]: 0x80000868 (0x001F0F13) addi t5, t5, 0x1
x30 <- 0xFFFF0001

mem[X,0x8000086C] -> 0x1EB7
mem[X,0x8000086E] -> 0xFFFB
[544] [M]: 0x8000086C (0xFFFB1EB7) lui t4, -0x4f
x29 <- 0xFFFB1000

mem[X,0x80000870] -> 0x8E93
mem[X,0x80000872] -> 0x800E
[545] [M]: 0x80000870 (0x800E8E93) addi t4, t4, -0x800
x29 <- 0xFFFB0800

mem[X,0x80000874] -> 0x2F9B
mem[X,0x80000876] -> 0xF9DF
[546] [M]: 0x80000874 (0xF9DF2F9B) psshar.h.h0 t6, t5, t4
x31 <- 0xFFFF0001

mem[X,0x80000878] -> 0xA623
mem[X,0x8000087A] -> 0x0BF0
[547] [M]: 0x80000878 (0x0BF0A623) sw t6, 0xac(ra)
mem[0x80003238] <- 0xFFFF0001

mem[X,0x8000087C] -> 0xFF37
mem[X,0x8000087E] -> 0xC000
[548] [M]: 0x8000087C (0xC000FF37) lui t5, -0x3fff1
x30 <- 0xC000F000

mem[X,0x80000880] -> 0x0F13
mem[X,0x80000882] -> 0x7FFF
[549] [M]: 0x80000880 (0x7FFF0F13) addi t5, t5, 0x7ff
x30 <- 0xC000F7FF

mem[X,0x80000884] -> 0x0EB7
mem[X,0x80000886] -> 0xFE00
[550] [M]: 0x80000884 (0xFE000EB7) lui t4, -0x2000
x29 <- 0xFE000000

mem[X,0x80000888] -> 0x8E93
mem[X,0x8000088A] -> 0xFFFE
[551] [M]: 0x80000888 (0xFFFE8E93) addi t4, t4, -0x1
x29 <- 0xFDFFFFFF

mem[X,0x8000088C] -> 0x2F9B
mem[X,0x8000088E] -> 0xF9DF
[552] [M]: 0x8000088C (0xF9DF2F9B) psshar.h.h0 t6, t5, t4
x31 <- 0xE000FC00

mem[X,0x80000890] -> 0xA823
mem[X,0x80000892] -> 0x0BF0
[553] [M]: 0x80000890 (0x0BF0A823) sw t6, 0xb0(ra)
mem[0x8000323C] <- 0xE000FC00

mem[X,0x80000894] -> 0x0F37
mem[X,0x80000896] -> 0x0008
[554] [M]: 0x80000894 (0x00080F37) lui t5, 0x80
x30 <- 0x00080000

mem[X,0x80000898] -> 0x0F13
mem[X,0x8000089A] -> 0x003F
[555] [M]: 0x80000898 (0x003F0F13) addi t5, t5, 0x3
x30 <- 0x00080003

mem[X,0x8000089C] -> 0x0EB7
mem[X,0x8000089E] -> 0xFFF8
[556] [M]: 0x8000089C (0xFFF80EB7) lui t4, -0x80
x29 <- 0xFFF80000

mem[X,0x800008A0] -> 0x8E93
mem[X,0x800008A2] -> 0xDFFE
[557] [M]: 0x800008A0 (0xDFFE8E93) addi t4, t4, -0x201
x29 <- 0xFFF7FDFF

mem[X,0x800008A4] -> 0x2F9B
mem[X,0x800008A6] -> 0xF9DF
[558] [M]: 0x800008A4 (0xF9DF2F9B) psshar.h.h0 t6, t5, t4
x31 <- 0x00040002

mem[X,0x800008A8] -> 0xAA23
mem[X,0x800008AA] -> 0x0BF0
[559] [M]: 0x800008A8 (0x0BF0AA23) sw t6, 0xb4(ra)
mem[0x80003240] <- 0x00040002

mem[X,0x800008AC] -> 0x006F
mem[X,0x800008AE] -> 0x0200
[560] [M]: 0x800008AC (0x0200006F) jal zero, 0x20

mem[X,0x800008CC] -> 0x0093
mem[X,0x800008CE] -> 0x0010
[561] [M]: 0x800008CC (0x00100093) addi ra, zero, 0x1
x1 <- 0x00000001

mem[X,0x800008D0] -> 0x0F17
mem[X,0x800008D2] -> 0x0000
[562] [M]: 0x800008D0 (0x00000F17) auipc t5, 0x0
x30 <- 0x800008D0

mem[X,0x800008D4] -> 0x2823
mem[X,0x800008D6] -> 0x721F
[563] [M]: 0x800008D4 (0x721F2823) sw ra, 0x730(t5)
htif[0x80001000] <- 0x00000001

mem[X,0x800008D8] -> 0xF06F
mem[X,0x800008DA] -> 0xFF9F
[564] [M]: 0x800008D8 (0xFF9FF06F) jal zero, -0x8

mem[X,0x800008D0] -> 0x0F17
mem[X,0x800008D2] -> 0x0000
[565] [M]: 0x800008D0 (0x00000F17) auipc t5, 0x0
x30 <- 0x800008D0

mem[X,0x800008D4] -> 0x2823
mem[X,0x800008D6] -> 0x721F
[566] [M]: 0x800008D4 (0x721F2823) sw ra, 0x730(t5)
htif[0x80001000] <- 0x00000001

mem[X,0x800008D8] -> 0xF06F
mem[X,0x800008DA] -> 0xFF9F
[567] [M]: 0x800008D8 (0xFF9FF06F) jal zero, -0x8

mem[X,0x800008D0] -> 0x0F17
mem[X,0x800008D2] -> 0x0000
[568] [M]: 0x800008D0 (0x00000F17) auipc t5, 0x0
x30 <- 0x800008D0

mem[X,0x800008D4] -> 0x2823
mem[X,0x800008D6] -> 0x721F
[569] [M]: 0x800008D4 (0x721F2823) sw ra, 0x730(t5)
htif[0x80001000] <- 0x00000001
htif-syscall-proxy cmd: 0x000000000001

SUCCESS
