using /home/chsu/rvp-workspace/test-example/riscof_work/padd.b.b0-01.S/ref/Reference-sail_c_simulator.signature for test-signature output.
tohost located at 0x80001000
Running file ref.elf.
ELF Entry @ 0x80000000
begin_signature: 0x80003110
end_signature: 0x80003230
CSR mstatus <- 0x00000000 (input: 0x00000000)
mem[X,0x00001000] -> 0x0297
mem[X,0x00001002] -> 0x0000
[0] [M]: 0x00001000 (0x00000297) auipc t0, 0x0
x5 <- 0x00001000

mem[X,0x00001004] -> 0x8593
mem[X,0x00001006] -> 0x0202
[1] [M]: 0x00001004 (0x02028593) addi a1, t0, 0x20
x11 <- 0x00001020

mem[X,0x00001008] -> 0x2573
mem[X,0x0000100A] -> 0xF140
[2] [M]: 0x00001008 (0xF1402573) csrrs a0, mhartid, zero
CSR mhartid -> 0x00000000
x10 <- 0x00000000

mem[X,0x0000100C] -> 0xA283
mem[X,0x0000100E] -> 0x0182
[3] [M]: 0x0000100C (0x0182A283) lw t0, 0x18(t0)
mem[R,0x00001018] -> 0x80000000
x5 <- 0x80000000

mem[X,0x00001010] -> 0x8067
mem[X,0x00001012] -> 0x0002
[4] [M]: 0x00001010 (0x00028067) jalr zero, 0x0(t0)

mem[X,0x80000000] -> 0x0837
mem[X,0x80000002] -> 0x7D5C
[5] [M]: 0x80000000 (0x7D5C0837) lui a6, 0x7d5c0
x16 <- 0x7D5C0000

mem[X,0x80000004] -> 0x0813
mem[X,0x80000006] -> 0xDDB8
[6] [M]: 0x80000004 (0xDDB80813) addi a6, a6, -0x225
x16 <- 0x7D5BFDDB

mem[X,0x80000008] -> 0x5893
mem[X,0x8000000A] -> 0x0078
[7] [M]: 0x80000008 (0x00785893) srli a7, a6, 0x7
x17 <- 0x00FAB7FB

mem[X,0x8000000C] -> 0x5793
mem[X,0x8000000E] -> 0x0198
[8] [M]: 0x8000000C (0x01985793) srli a5, a6, 0x19
x15 <- 0x0000003E

mem[X,0x80000010] -> 0xE8B3
mem[X,0x80000012] -> 0x00F8
[9] [M]: 0x80000010 (0x00F8E8B3) or a7, a7, a5
x17 <- 0x00FAB7FF

mem[X,0x80000014] -> 0xD913
mem[X,0x80000016] -> 0x0078
[10] [M]: 0x80000014 (0x0078D913) srli s2, a7, 0x7
x18 <- 0x0001F56F

mem[X,0x80000018] -> 0xD793
mem[X,0x8000001A] -> 0x0198
[11] [M]: 0x80000018 (0x0198D793) srli a5, a7, 0x19
x15 <- 0x00000000

mem[X,0x8000001C] -> 0x6933
mem[X,0x8000001E] -> 0x00F9
[12] [M]: 0x8000001C (0x00F96933) or s2, s2, a5
x18 <- 0x0001F56F

mem[X,0x80000020] -> 0x5993
mem[X,0x80000022] -> 0x0079
[13] [M]: 0x80000020 (0x00795993) srli s3, s2, 0x7
x19 <- 0x000003EA

mem[X,0x80000024] -> 0x5793
mem[X,0x80000026] -> 0x0199
[14] [M]: 0x80000024 (0x01995793) srli a5, s2, 0x19
x15 <- 0x00000000

mem[X,0x80000028] -> 0xE9B3
mem[X,0x8000002A] -> 0x00F9
[15] [M]: 0x80000028 (0x00F9E9B3) or s3, s3, a5
x19 <- 0x000003EA

mem[X,0x8000002C] -> 0xDA13
mem[X,0x8000002E] -> 0x0079
[16] [M]: 0x8000002C (0x0079DA13) srli s4, s3, 0x7
x20 <- 0x00000007

mem[X,0x80000030] -> 0xD793
mem[X,0x80000032] -> 0x0199
[17] [M]: 0x80000030 (0x0199D793) srli a5, s3, 0x19
x15 <- 0x00000000

mem[X,0x80000034] -> 0x6A33
mem[X,0x80000036] -> 0x00FA
[18] [M]: 0x80000034 (0x00FA6A33) or s4, s4, a5
x20 <- 0x00000007

mem[X,0x80000038] -> 0x5A93
mem[X,0x8000003A] -> 0x007A
[19] [M]: 0x80000038 (0x007A5A93) srli s5, s4, 0x7
x21 <- 0x00000000

mem[X,0x8000003C] -> 0x5793
mem[X,0x8000003E] -> 0x019A
[20] [M]: 0x8000003C (0x019A5793) srli a5, s4, 0x19
x15 <- 0x00000000

mem[X,0x80000040] -> 0xEAB3
mem[X,0x80000042] -> 0x00FA
[21] [M]: 0x80000040 (0x00FAEAB3) or s5, s5, a5
x21 <- 0x00000000

mem[X,0x80000044] -> 0xDB13
mem[X,0x80000046] -> 0x007A
[22] [M]: 0x80000044 (0x007ADB13) srli s6, s5, 0x7
x22 <- 0x00000000

mem[X,0x80000048] -> 0xD793
mem[X,0x8000004A] -> 0x019A
[23] [M]: 0x80000048 (0x019AD793) srli a5, s5, 0x19
x15 <- 0x00000000

mem[X,0x8000004C] -> 0x6B33
mem[X,0x8000004E] -> 0x00FB
[24] [M]: 0x8000004C (0x00FB6B33) or s6, s6, a5
x22 <- 0x00000000

mem[X,0x80000050] -> 0x5B93
mem[X,0x80000052] -> 0x007B
[25] [M]: 0x80000050 (0x007B5B93) srli s7, s6, 0x7
x23 <- 0x00000000

mem[X,0x80000054] -> 0x5793
mem[X,0x80000056] -> 0x019B
[26] [M]: 0x80000054 (0x019B5793) srli a5, s6, 0x19
x15 <- 0x00000000

mem[X,0x80000058] -> 0xEBB3
mem[X,0x8000005A] -> 0x00FB
[27] [M]: 0x80000058 (0x00FBEBB3) or s7, s7, a5
x23 <- 0x00000000

mem[X,0x8000005C] -> 0xDC13
mem[X,0x8000005E] -> 0x007B
[28] [M]: 0x8000005C (0x007BDC13) srli s8, s7, 0x7
x24 <- 0x00000000

mem[X,0x80000060] -> 0xD793
mem[X,0x80000062] -> 0x019B
[29] [M]: 0x80000060 (0x019BD793) srli a5, s7, 0x19
x15 <- 0x00000000

mem[X,0x80000064] -> 0x6C33
mem[X,0x80000066] -> 0x00FC
[30] [M]: 0x80000064 (0x00FC6C33) or s8, s8, a5
x24 <- 0x00000000

mem[X,0x80000068] -> 0x5C93
mem[X,0x8000006A] -> 0x007C
[31] [M]: 0x80000068 (0x007C5C93) srli s9, s8, 0x7
x25 <- 0x00000000

mem[X,0x8000006C] -> 0x5793
mem[X,0x8000006E] -> 0x019C
[32] [M]: 0x8000006C (0x019C5793) srli a5, s8, 0x19
x15 <- 0x00000000

mem[X,0x80000070] -> 0xECB3
mem[X,0x80000072] -> 0x00FC
[33] [M]: 0x80000070 (0x00FCECB3) or s9, s9, a5
x25 <- 0x00000000

mem[X,0x80000074] -> 0xDD13
mem[X,0x80000076] -> 0x007C
[34] [M]: 0x80000074 (0x007CDD13) srli s10, s9, 0x7
x26 <- 0x00000000

mem[X,0x80000078] -> 0xD793
mem[X,0x8000007A] -> 0x019C
[35] [M]: 0x80000078 (0x019CD793) srli a5, s9, 0x19
x15 <- 0x00000000

mem[X,0x8000007C] -> 0x6D33
mem[X,0x8000007E] -> 0x00FD
[36] [M]: 0x8000007C (0x00FD6D33) or s10, s10, a5
x26 <- 0x00000000

mem[X,0x80000080] -> 0x5D93
mem[X,0x80000082] -> 0x007D
[37] [M]: 0x80000080 (0x007D5D93) srli s11, s10, 0x7
x27 <- 0x00000000

mem[X,0x80000084] -> 0x5793
mem[X,0x80000086] -> 0x019D
[38] [M]: 0x80000084 (0x019D5793) srli a5, s10, 0x19
x15 <- 0x00000000

mem[X,0x80000088] -> 0xEDB3
mem[X,0x8000008A] -> 0x00FD
[39] [M]: 0x80000088 (0x00FDEDB3) or s11, s11, a5
x27 <- 0x00000000

mem[X,0x8000008C] -> 0xDE13
mem[X,0x8000008E] -> 0x007D
[40] [M]: 0x8000008C (0x007DDE13) srli t3, s11, 0x7
x28 <- 0x00000000

mem[X,0x80000090] -> 0xD793
mem[X,0x80000092] -> 0x019D
[41] [M]: 0x80000090 (0x019DD793) srli a5, s11, 0x19
x15 <- 0x00000000

mem[X,0x80000094] -> 0x6E33
mem[X,0x80000096] -> 0x00FE
[42] [M]: 0x80000094 (0x00FE6E33) or t3, t3, a5
x28 <- 0x00000000

mem[X,0x80000098] -> 0x5E93
mem[X,0x8000009A] -> 0x007E
[43] [M]: 0x80000098 (0x007E5E93) srli t4, t3, 0x7
x29 <- 0x00000000

mem[X,0x8000009C] -> 0x5793
mem[X,0x8000009E] -> 0x019E
[44] [M]: 0x8000009C (0x019E5793) srli a5, t3, 0x19
x15 <- 0x00000000

mem[X,0x800000A0] -> 0xEEB3
mem[X,0x800000A2] -> 0x00FE
[45] [M]: 0x800000A0 (0x00FEEEB3) or t4, t4, a5
x29 <- 0x00000000

mem[X,0x800000A4] -> 0xDF13
mem[X,0x800000A6] -> 0x007E
[46] [M]: 0x800000A4 (0x007EDF13) srli t5, t4, 0x7
x30 <- 0x00000000

mem[X,0x800000A8] -> 0xD793
mem[X,0x800000AA] -> 0x019E
[47] [M]: 0x800000A8 (0x019ED793) srli a5, t4, 0x19
x15 <- 0x00000000

mem[X,0x800000AC] -> 0x6F33
mem[X,0x800000AE] -> 0x00FF
[48] [M]: 0x800000AC (0x00FF6F33) or t5, t5, a5
x30 <- 0x00000000

mem[X,0x800000B0] -> 0xC0B7
mem[X,0x800000B2] -> 0xFEED
[49] [M]: 0x800000B0 (0xFEEDC0B7) lui ra, -0x1124
x1 <- 0xFEEDC000

mem[X,0x800000B4] -> 0x8093
mem[X,0x800000B6] -> 0xEAD0
[50] [M]: 0x800000B4 (0xEAD08093) addi ra, ra, -0x153
x1 <- 0xFEEDBEAD

mem[X,0x800000B8] -> 0xD113
mem[X,0x800000BA] -> 0x0070
[51] [M]: 0x800000B8 (0x0070D113) srli sp, ra, 0x7
x2 <- 0x01FDDB7D

mem[X,0x800000BC] -> 0xD793
mem[X,0x800000BE] -> 0x0190
[52] [M]: 0x800000BC (0x0190D793) srli a5, ra, 0x19
x15 <- 0x0000007F

mem[X,0x800000C0] -> 0x6133
mem[X,0x800000C2] -> 0x00F1
[53] [M]: 0x800000C0 (0x00F16133) or sp, sp, a5
x2 <- 0x01FDDB7F

mem[X,0x800000C4] -> 0x5193
mem[X,0x800000C6] -> 0x0071
[54] [M]: 0x800000C4 (0x00715193) srli gp, sp, 0x7
x3 <- 0x0003FBB6

mem[X,0x800000C8] -> 0x5793
mem[X,0x800000CA] -> 0x0191
[55] [M]: 0x800000C8 (0x01915793) srli a5, sp, 0x19
x15 <- 0x00000000

mem[X,0x800000CC] -> 0xE1B3
mem[X,0x800000CE] -> 0x00F1
[56] [M]: 0x800000CC (0x00F1E1B3) or gp, gp, a5
x3 <- 0x0003FBB6

mem[X,0x800000D0] -> 0xD213
mem[X,0x800000D2] -> 0x0071
[57] [M]: 0x800000D0 (0x0071D213) srli tp, gp, 0x7
x4 <- 0x000007F7

mem[X,0x800000D4] -> 0xD793
mem[X,0x800000D6] -> 0x0191
[58] [M]: 0x800000D4 (0x0191D793) srli a5, gp, 0x19
x15 <- 0x00000000

mem[X,0x800000D8] -> 0x6233
mem[X,0x800000DA] -> 0x00F2
[59] [M]: 0x800000D8 (0x00F26233) or tp, tp, a5
x4 <- 0x000007F7

mem[X,0x800000DC] -> 0x5293
mem[X,0x800000DE] -> 0x0072
[60] [M]: 0x800000DC (0x00725293) srli t0, tp, 0x7
x5 <- 0x0000000F

mem[X,0x800000E0] -> 0x5793
mem[X,0x800000E2] -> 0x0192
[61] [M]: 0x800000E0 (0x01925793) srli a5, tp, 0x19
x15 <- 0x00000000

mem[X,0x800000E4] -> 0xE2B3
mem[X,0x800000E6] -> 0x00F2
[62] [M]: 0x800000E4 (0x00F2E2B3) or t0, t0, a5
x5 <- 0x0000000F

mem[X,0x800000E8] -> 0xD313
mem[X,0x800000EA] -> 0x0072
[63] [M]: 0x800000E8 (0x0072D313) srli t1, t0, 0x7
x6 <- 0x00000000

mem[X,0x800000EC] -> 0xD793
mem[X,0x800000EE] -> 0x0192
[64] [M]: 0x800000EC (0x0192D793) srli a5, t0, 0x19
x15 <- 0x00000000

mem[X,0x800000F0] -> 0x6333
mem[X,0x800000F2] -> 0x00F3
[65] [M]: 0x800000F0 (0x00F36333) or t1, t1, a5
x6 <- 0x00000000

mem[X,0x800000F4] -> 0x5393
mem[X,0x800000F6] -> 0x0073
[66] [M]: 0x800000F4 (0x00735393) srli t2, t1, 0x7
x7 <- 0x00000000

mem[X,0x800000F8] -> 0x5793
mem[X,0x800000FA] -> 0x0193
[67] [M]: 0x800000F8 (0x01935793) srli a5, t1, 0x19
x15 <- 0x00000000

mem[X,0x800000FC] -> 0xE3B3
mem[X,0x800000FE] -> 0x00F3
[68] [M]: 0x800000FC (0x00F3E3B3) or t2, t2, a5
x7 <- 0x00000000

mem[X,0x80000100] -> 0xD413
mem[X,0x80000102] -> 0x0073
[69] [M]: 0x80000100 (0x0073D413) srli fp, t2, 0x7
x8 <- 0x00000000

mem[X,0x80000104] -> 0xD793
mem[X,0x80000106] -> 0x0193
[70] [M]: 0x80000104 (0x0193D793) srli a5, t2, 0x19
x15 <- 0x00000000

mem[X,0x80000108] -> 0x6433
mem[X,0x8000010A] -> 0x00F4
[71] [M]: 0x80000108 (0x00F46433) or fp, fp, a5
x8 <- 0x00000000

mem[X,0x8000010C] -> 0x5493
mem[X,0x8000010E] -> 0x0074
[72] [M]: 0x8000010C (0x00745493) srli s1, fp, 0x7
x9 <- 0x00000000

mem[X,0x80000110] -> 0x5793
mem[X,0x80000112] -> 0x0194
[73] [M]: 0x80000110 (0x01945793) srli a5, fp, 0x19
x15 <- 0x00000000

mem[X,0x80000114] -> 0xE4B3
mem[X,0x80000116] -> 0x00F4
[74] [M]: 0x80000114 (0x00F4E4B3) or s1, s1, a5
x9 <- 0x00000000

mem[X,0x80000118] -> 0xD513
mem[X,0x8000011A] -> 0x0074
[75] [M]: 0x80000118 (0x0074D513) srli a0, s1, 0x7
x10 <- 0x00000000

mem[X,0x8000011C] -> 0xD793
mem[X,0x8000011E] -> 0x0194
[76] [M]: 0x8000011C (0x0194D793) srli a5, s1, 0x19
x15 <- 0x00000000

mem[X,0x80000120] -> 0x6533
mem[X,0x80000122] -> 0x00F5
[77] [M]: 0x80000120 (0x00F56533) or a0, a0, a5
x10 <- 0x00000000

mem[X,0x80000124] -> 0x5593
mem[X,0x80000126] -> 0x0075
[78] [M]: 0x80000124 (0x00755593) srli a1, a0, 0x7
x11 <- 0x00000000

mem[X,0x80000128] -> 0x5793
mem[X,0x8000012A] -> 0x0195
[79] [M]: 0x80000128 (0x01955793) srli a5, a0, 0x19
x15 <- 0x00000000

mem[X,0x8000012C] -> 0xE5B3
mem[X,0x8000012E] -> 0x00F5
[80] [M]: 0x8000012C (0x00F5E5B3) or a1, a1, a5
x11 <- 0x00000000

mem[X,0x80000130] -> 0xD613
mem[X,0x80000132] -> 0x0075
[81] [M]: 0x80000130 (0x0075D613) srli a2, a1, 0x7
x12 <- 0x00000000

mem[X,0x80000134] -> 0xD793
mem[X,0x80000136] -> 0x0195
[82] [M]: 0x80000134 (0x0195D793) srli a5, a1, 0x19
x15 <- 0x00000000

mem[X,0x80000138] -> 0x6633
mem[X,0x8000013A] -> 0x00F6
[83] [M]: 0x80000138 (0x00F66633) or a2, a2, a5
x12 <- 0x00000000

mem[X,0x8000013C] -> 0x5693
mem[X,0x8000013E] -> 0x0076
[84] [M]: 0x8000013C (0x00765693) srli a3, a2, 0x7
x13 <- 0x00000000

mem[X,0x80000140] -> 0x5793
mem[X,0x80000142] -> 0x0196
[85] [M]: 0x80000140 (0x01965793) srli a5, a2, 0x19
x15 <- 0x00000000

mem[X,0x80000144] -> 0xE6B3
mem[X,0x80000146] -> 0x00F6
[86] [M]: 0x80000144 (0x00F6E6B3) or a3, a3, a5
x13 <- 0x00000000

mem[X,0x80000148] -> 0x0013
mem[X,0x8000014A] -> 0x0000
[87] [M]: 0x80000148 (0x00000013) addi zero, zero, 0x0

mem[X,0x8000014C] -> 0x0013
mem[X,0x8000014E] -> 0x0000
[88] [M]: 0x8000014C (0x00000013) addi zero, zero, 0x0

mem[X,0x80000150] -> 0x0013
mem[X,0x80000152] -> 0x0000
[89] [M]: 0x80000150 (0x00000013) addi zero, zero, 0x0

mem[X,0x80000154] -> 0x0013
mem[X,0x80000156] -> 0x0000
[90] [M]: 0x80000154 (0x00000013) addi zero, zero, 0x0

mem[X,0x80000158] -> 0x0013
mem[X,0x8000015A] -> 0x0000
[91] [M]: 0x80000158 (0x00000013) addi zero, zero, 0x0

mem[X,0x8000015C] -> 0x0013
mem[X,0x8000015E] -> 0x0000
[92] [M]: 0x8000015C (0x00000013) addi zero, zero, 0x0

mem[X,0x80000160] -> 0x3097
mem[X,0x80000162] -> 0x0000
[93] [M]: 0x80000160 (0x00003097) auipc ra, 0x3
x1 <- 0x80003160

mem[X,0x80000164] -> 0x8093
mem[X,0x80000166] -> 0xFB40
[94] [M]: 0x80000164 (0xFB408093) addi ra, ra, -0x4c
x1 <- 0x80003114

mem[X,0x80000168] -> 0x0013
mem[X,0x8000016A] -> 0x0000
[95] [M]: 0x80000168 (0x00000013) addi zero, zero, 0x0

mem[X,0x8000016C] -> 0x0013
mem[X,0x8000016E] -> 0x0000
[96] [M]: 0x8000016C (0x00000013) addi zero, zero, 0x0

mem[X,0x80000170] -> 0x0013
mem[X,0x80000172] -> 0x0000
[97] [M]: 0x80000170 (0x00000013) addi zero, zero, 0x0

mem[X,0x80000174] -> 0x0013
mem[X,0x80000176] -> 0x0000
[98] [M]: 0x80000174 (0x00000013) addi zero, zero, 0x0

mem[X,0x80000178] -> 0x0013
mem[X,0x8000017A] -> 0x0000
[99] [M]: 0x80000178 (0x00000013) addi zero, zero, 0x0

clint::tick mtime <- 0x0000000000000001
 clint timer pending at mtime 0x0000000000000001
htif::tick 0x0000000000000000
mem[X,0x8000017C] -> 0x0013
mem[X,0x8000017E] -> 0x0000
[100] [M]: 0x8000017C (0x00000013) addi zero, zero, 0x0

mem[X,0x80000180] -> 0x0937
mem[X,0x80000182] -> 0xBF21
[101] [M]: 0x80000180 (0xBF210937) lui s2, -0x40df0
x18 <- 0xBF210000

mem[X,0x80000184] -> 0x0913
mem[X,0x80000186] -> 0x8809
[102] [M]: 0x80000184 (0x88090913) addi s2, s2, -0x780
x18 <- 0xBF20F880

mem[X,0x80000188] -> 0x0E37
mem[X,0x8000018A] -> 0x08FC
[103] [M]: 0x80000188 (0x08FC0E37) lui t3, 0x8fc0
x28 <- 0x08FC0000

mem[X,0x8000018C] -> 0x0E13
mem[X,0x8000018E] -> 0x502E
[104] [M]: 0x8000018C (0x502E0E13) addi t3, t3, 0x502
x28 <- 0x08FC0502

mem[X,0x80000190] -> 0x239B
mem[X,0x80000192] -> 0x9DC9
[105] [M]: 0x80000190 (0x9DC9239B) padd.b.b0 t2, s2, t3
x7 <- 0xC71CFD82

mem[X,0x80000194] -> 0xA023
mem[X,0x80000196] -> 0x0070
[106] [M]: 0x80000194 (0x0070A023) sw t2, 0x0(ra)
mem[0x80003114] <- 0xC71CFD82

mem[X,0x80000198] -> 0x0BB7
mem[X,0x8000019A] -> 0xFA07
[107] [M]: 0x80000198 (0xFA070BB7) lui s7, -0x5f90
x23 <- 0xFA070000

mem[X,0x8000019C] -> 0x8B93
mem[X,0x8000019E] -> 0x2FFB
[108] [M]: 0x8000019C (0x2FFB8B93) addi s7, s7, 0x2ff
x23 <- 0xFA0702FF

mem[X,0x800001A0] -> 0xCBB7
mem[X,0x800001A2] -> 0x06FF
[109] [M]: 0x800001A0 (0x06FFCBB7) lui s7, 0x6ffc
x23 <- 0x06FFC000

mem[X,0x800001A4] -> 0x8B93
mem[X,0x800001A6] -> 0x0FAB
[110] [M]: 0x800001A4 (0x0FAB8B93) addi s7, s7, 0xfa
x23 <- 0x06FFC0FA

mem[X,0x800001A8] -> 0xAB9B
mem[X,0x800001AA] -> 0x9D7B
[111] [M]: 0x800001A8 (0x9D7BAB9B) padd.b.b0 s7, s7, s7
x23 <- 0x0CFE80F4

mem[X,0x800001AC] -> 0xA223
mem[X,0x800001AE] -> 0x0170
[112] [M]: 0x800001AC (0x0170A223) sw s7, 0x4(ra)
mem[0x80003118] <- 0x0CFE80F4

mem[X,0x800001B0] -> 0x0F37
mem[X,0x800001B2] -> 0xFF09
[113] [M]: 0x800001B0 (0xFF090F37) lui t5, -0xf70
x30 <- 0xFF090000

mem[X,0x800001B4] -> 0x0F13
mem[X,0x800001B6] -> 0xD00F
[114] [M]: 0x800001B4 (0xD00F0F13) addi t5, t5, -0x300
x30 <- 0xFF08FD00

mem[X,0x800001B8] -> 0xEEB7
mem[X,0x800001BA] -> 0x80BF
[115] [M]: 0x800001B8 (0x80BFEEB7) lui t4, -0x7f402
x29 <- 0x80BFE000

mem[X,0x800001BC] -> 0x8E93
mem[X,0x800001BE] -> 0xF80E
[116] [M]: 0x800001BC (0xF80E8E93) addi t4, t4, -0x80
x29 <- 0x80BFDF80

mem[X,0x800001C0] -> 0x2E9B
mem[X,0x800001C2] -> 0x9DDF
[117] [M]: 0x800001C0 (0x9DDF2E9B) padd.b.b0 t4, t5, t4
x29 <- 0x7FC7DC80

mem[X,0x800001C4] -> 0xA423
mem[X,0x800001C6] -> 0x01D0
[118] [M]: 0x800001C4 (0x01D0A423) sw t4, 0x8(ra)
mem[0x8000311C] <- 0x7FC7DC80

mem[X,0x800001C8] -> 0xF4B7
mem[X,0x800001CA] -> 0x20FF
[119] [M]: 0x800001C8 (0x20FFF4B7) lui s1, 0x20fff
x9 <- 0x20FFF000

mem[X,0x800001CC] -> 0x8493
mem[X,0x800001CE] -> 0x6014
[120] [M]: 0x800001CC (0x60148493) addi s1, s1, 0x601
x9 <- 0x20FFF601

mem[X,0x800001D0] -> 0x04B7
mem[X,0x800001D2] -> 0xEFFB
[121] [M]: 0x800001D0 (0xEFFB04B7) lui s1, -0x10050
x9 <- 0xEFFB0000

mem[X,0x800001D4] -> 0x8493
mem[X,0x800001D6] -> 0x5FF4
[122] [M]: 0x800001D4 (0x5FF48493) addi s1, s1, 0x5ff
x9 <- 0xEFFB05FF

mem[X,0x800001D8] -> 0xAD9B
mem[X,0x800001DA] -> 0x9C94
[123] [M]: 0x800001D8 (0x9C94AD9B) padd.b.b0 s11, s1, s1
x27 <- 0xDEF60AFE

mem[X,0x800001DC] -> 0xA623
mem[X,0x800001DE] -> 0x01B0
[124] [M]: 0x800001DC (0x01B0A623) sw s11, 0xc(ra)
mem[0x80003120] <- 0xDEF60AFE

mem[X,0x800001E0] -> 0x41B7
mem[X,0x800001E2] -> 0x10FC
[125] [M]: 0x800001E0 (0x10FC41B7) lui gp, 0x10fc4
x3 <- 0x10FC4000

mem[X,0x800001E4] -> 0x8193
mem[X,0x800001E6] -> 0xF7F1
[126] [M]: 0x800001E4 (0xF7F18193) addi gp, gp, -0x81
x3 <- 0x10FC3F7F

mem[X,0x800001E8] -> 0xC6B7
mem[X,0x800001EA] -> 0x3FC0
[127] [M]: 0x800001E8 (0x3FC0C6B7) lui a3, 0x3fc0c
x13 <- 0x3FC0C000

mem[X,0x800001EC] -> 0x8693
mem[X,0x800001EE] -> 0x0AA6
[128] [M]: 0x800001EC (0x0AA68693) addi a3, a3, 0xaa
x13 <- 0x3FC0C0AA

mem[X,0x800001F0] -> 0xA19B
mem[X,0x800001F2] -> 0x9CD1
[129] [M]: 0x800001F0 (0x9CD1A19B) padd.b.b0 gp, gp, a3
x3 <- 0x4FBCFF29

mem[X,0x800001F4] -> 0xA823
mem[X,0x800001F6] -> 0x0030
[130] [M]: 0x800001F4 (0x0030A823) sw gp, 0x10(ra)
mem[0x80003124] <- 0x4FBCFF29

mem[X,0x800001F8] -> 0x0137
mem[X,0x800001FA] -> 0x55FC
[131] [M]: 0x800001F8 (0x55FC0137) lui sp, 0x55fc0
x2 <- 0x55FC0000

mem[X,0x800001FC] -> 0x0113
mem[X,0x800001FE] -> 0x7021
[132] [M]: 0x800001FC (0x70210113) addi sp, sp, 0x702
x2 <- 0x55FC0702

mem[X,0x80000200] -> 0x1637
mem[X,0x80000202] -> 0x203F
[133] [M]: 0x80000200 (0x203F1637) lui a2, 0x203f1
x12 <- 0x203F1000

mem[X,0x80000204] -> 0x0613
mem[X,0x80000206] -> 0x9FE6
[134] [M]: 0x80000204 (0x9FE60613) addi a2, a2, -0x602
x12 <- 0x203F09FE

mem[X,0x80000208] -> 0x2A1B
mem[X,0x8000020A] -> 0x9CC1
[135] [M]: 0x80000208 (0x9CC12A1B) padd.b.b0 s4, sp, a2
x20 <- 0x753B1000

mem[X,0x8000020C] -> 0xAA23
mem[X,0x8000020E] -> 0x0140
[136] [M]: 0x8000020C (0x0140AA23) sw s4, 0x14(ra)
mem[0x80003128] <- 0x753B1000

mem[X,0x80000210] -> 0x1D37
mem[X,0x80000212] -> 0x4004
[137] [M]: 0x80000210 (0x40041D37) lui s10, 0x40041
x26 <- 0x40041000

mem[X,0x80000214] -> 0x0D13
mem[X,0x80000216] -> 0x804D
[138] [M]: 0x80000214 (0x804D0D13) addi s10, s10, -0x7fc
x26 <- 0x40040804

mem[X,0x80000218] -> 0x4AB7
mem[X,0x8000021A] -> 0xF8FE
[139] [M]: 0x80000218 (0xF8FE4AB7) lui s5, -0x701c
x21 <- 0xF8FE4000

mem[X,0x8000021C] -> 0x8A93
mem[X,0x8000021E] -> 0x0F9A
[140] [M]: 0x8000021C (0x0F9A8A93) addi s5, s5, 0xf9
x21 <- 0xF8FE40F9

mem[X,0x80000220] -> 0x251B
mem[X,0x80000222] -> 0x9D5D
[141] [M]: 0x80000220 (0x9D5D251B) padd.b.b0 a0, s10, s5
x10 <- 0x380248FD

mem[X,0x80000224] -> 0xAC23
mem[X,0x80000226] -> 0x00A0
[142] [M]: 0x80000224 (0x00A0AC23) sw a0, 0x18(ra)
mem[0x8000312C] <- 0x380248FD

mem[X,0x80000228] -> 0x09B7
mem[X,0x8000022A] -> 0x02FF
[143] [M]: 0x80000228 (0x02FF09B7) lui s3, 0x2ff0
x19 <- 0x02FF0000

mem[X,0x8000022C] -> 0x8993
mem[X,0x8000022E] -> 0xF089
[144] [M]: 0x8000022C (0xF0898993) addi s3, s3, -0xf8
x19 <- 0x02FEFF08

mem[X,0x80000230] -> 0x0937
mem[X,0x80000232] -> 0x0255
[145] [M]: 0x80000230 (0x02550937) lui s2, 0x2550
x18 <- 0x02550000

mem[X,0x80000234] -> 0x0913
mem[X,0x80000236] -> 0x4F69
[146] [M]: 0x80000234 (0x4F690913) addi s2, s2, 0x4f6
x18 <- 0x025504F6

mem[X,0x80000238] -> 0xA69B
mem[X,0x8000023A] -> 0x9D29
[147] [M]: 0x80000238 (0x9D29A69B) padd.b.b0 a3, s3, s2
x13 <- 0x045303FE

mem[X,0x8000023C] -> 0xAE23
mem[X,0x8000023E] -> 0x00D0
[148] [M]: 0x8000023C (0x00D0AE23) sw a3, 0x1c(ra)
mem[0x80003130] <- 0x045303FE

mem[X,0x80000240] -> 0x5CB7
mem[X,0x80000242] -> 0xDF20
[149] [M]: 0x80000240 (0xDF205CB7) lui s9, -0x20dfb
x25 <- 0xDF205000

mem[X,0x80000244] -> 0x8C93
mem[X,0x80000246] -> 0x510C
[150] [M]: 0x80000244 (0x510C8C93) addi s9, s9, 0x510
x25 <- 0xDF205510

mem[X,0x80000248] -> 0x0837
mem[X,0x8000024A] -> 0x3FF0
[151] [M]: 0x80000248 (0x3FF00837) lui a6, 0x3ff00
x16 <- 0x3FF00000

mem[X,0x8000024C] -> 0x0813
mem[X,0x8000024E] -> 0xBFE8
[152] [M]: 0x8000024C (0xBFE80813) addi a6, a6, -0x402
x16 <- 0x3FEFFBFE

mem[X,0x80000250] -> 0xA11B
mem[X,0x80000252] -> 0x9D0C
[153] [M]: 0x80000250 (0x9D0CA11B) padd.b.b0 sp, s9, a6
x2 <- 0x1E0F500E

mem[X,0x80000254] -> 0xA023
mem[X,0x80000256] -> 0x0220
[154] [M]: 0x80000254 (0x0220A023) sw sp, 0x20(ra)
mem[0x80003134] <- 0x1E0F500E

mem[X,0x80000258] -> 0x2437
mem[X,0x8000025A] -> 0x4006
[155] [M]: 0x80000258 (0x40062437) lui fp, 0x40062
x8 <- 0x40062000

mem[X,0x8000025C] -> 0x0413
mem[X,0x8000025E] -> 0x0204
[156] [M]: 0x8000025C (0x02040413) addi fp, fp, 0x20
x8 <- 0x40062020

mem[X,0x80000260] -> 0x08B7
mem[X,0x80000262] -> 0x05F7
[157] [M]: 0x80000260 (0x05F708B7) lui a7, 0x5f70
x17 <- 0x05F70000

mem[X,0x80000264] -> 0x8893
mem[X,0x80000266] -> 0xA7F8
[158] [M]: 0x80000264 (0xA7F88893) addi a7, a7, -0x581
x17 <- 0x05F6FA7F

mem[X,0x80000268] -> 0x259B
mem[X,0x8000026A] -> 0x9D14
[159] [M]: 0x80000268 (0x9D14259B) padd.b.b0 a1, fp, a7
x11 <- 0x45FC1A9F

mem[X,0x8000026C] -> 0xA223
mem[X,0x8000026E] -> 0x02B0
[160] [M]: 0x8000026C (0x02B0A223) sw a1, 0x24(ra)
mem[0x80003138] <- 0x45FC1A9F

mem[X,0x80000270] -> 0x0E37
mem[X,0x80000272] -> 0x8080
[161] [M]: 0x80000270 (0x80800E37) lui t3, -0x7f800
x28 <- 0x80800000

mem[X,0x80000274] -> 0x0E13
mem[X,0x80000276] -> 0x940E
[162] [M]: 0x80000274 (0x940E0E13) addi t3, t3, -0x6c0
x28 <- 0x807FF940

mem[X,0x80000278] -> 0x1B37
mem[X,0x8000027A] -> 0x03FE
[163] [M]: 0x80000278 (0x03FE1B37) lui s6, 0x3fe1
x22 <- 0x03FE1000

mem[X,0x8000027C] -> 0x0B13
mem[X,0x8000027E] -> 0x8F9B
[164] [M]: 0x8000027C (0x8F9B0B13) addi s6, s6, -0x707
x22 <- 0x03FE08F9

mem[X,0x80000280] -> 0x229B
mem[X,0x80000282] -> 0x9D6E
[165] [M]: 0x80000280 (0x9D6E229B) padd.b.b0 t0, t3, s6
x5 <- 0x837D0139

mem[X,0x80000284] -> 0xA423
mem[X,0x80000286] -> 0x0250
[166] [M]: 0x80000284 (0x0250A423) sw t0, 0x28(ra)
mem[0x8000313C] <- 0x837D0139

mem[X,0x80000288] -> 0x0037
mem[X,0x8000028A] -> 0xFA81
[167] [M]: 0x80000288 (0xFA810037) lui zero, -0x57f0

mem[X,0x8000028C] -> 0x0013
mem[X,0x8000028E] -> 0x9FE0
[168] [M]: 0x8000028C (0x9FE00013) addi zero, zero, -0x602

mem[X,0x80000290] -> 0x0437
mem[X,0x80000292] -> 0xF63F
[169] [M]: 0x80000290 (0xF63F0437) lui fp, -0x9c10
x8 <- 0xF63F0000

mem[X,0x80000294] -> 0x0413
mem[X,0x80000296] -> 0x7FF4
[170] [M]: 0x80000294 (0x7FF40413) addi fp, fp, 0x7ff
x8 <- 0xF63F07FF

mem[X,0x80000298] -> 0x221B
mem[X,0x8000029A] -> 0x9C80
[171] [M]: 0x80000298 (0x9C80221B) padd.b.b0 tp, zero, fp
x4 <- 0xF63F07FF

mem[X,0x8000029C] -> 0xA623
mem[X,0x8000029E] -> 0x0240
[172] [M]: 0x8000029C (0x0240A623) sw tp, 0x2c(ra)
mem[0x80003140] <- 0xF63F07FF

mem[X,0x800002A0] -> 0xB737
mem[X,0x800002A2] -> 0x09FD
[173] [M]: 0x800002A0 (0x09FDB737) lui a4, 0x9fdb
x14 <- 0x09FDB000

mem[X,0x800002A4] -> 0x0713
mem[X,0x800002A6] -> 0xAFD7
[174] [M]: 0x800002A4 (0xAFD70713) addi a4, a4, -0x503
x14 <- 0x09FDAAFD

mem[X,0x800002A8] -> 0x81B7
mem[X,0x800002AA] -> 0xF9FD
[175] [M]: 0x800002A8 (0xF9FD81B7) lui gp, -0x6028
x3 <- 0xF9FD8000

mem[X,0x800002AC] -> 0x8193
mem[X,0x800002AE] -> 0x0201
[176] [M]: 0x800002AC (0x02018193) addi gp, gp, 0x20
x3 <- 0xF9FD8020

mem[X,0x800002B0] -> 0x299B
mem[X,0x800002B2] -> 0x9C37
[177] [M]: 0x800002B0 (0x9C37299B) padd.b.b0 s3, a4, gp
x19 <- 0x02FA2A1D

mem[X,0x800002B4] -> 0xA823
mem[X,0x800002B6] -> 0x0330
[178] [M]: 0x800002B4 (0x0330A823) sw s3, 0x30(ra)
mem[0x80003144] <- 0x02FA2A1D

mem[X,0x800002B8] -> 0x0013
mem[X,0x800002BA] -> 0x0000
[179] [M]: 0x800002B8 (0x00000013) addi zero, zero, 0x0

mem[X,0x800002BC] -> 0x0013
mem[X,0x800002BE] -> 0x0000
[180] [M]: 0x800002BC (0x00000013) addi zero, zero, 0x0

mem[X,0x800002C0] -> 0x3197
mem[X,0x800002C2] -> 0x0000
[181] [M]: 0x800002C0 (0x00003197) auipc gp, 0x3
x3 <- 0x800032C0

mem[X,0x800002C4] -> 0x8193
mem[X,0x800002C6] -> 0xE881
[182] [M]: 0x800002C4 (0xE8818193) addi gp, gp, -0x178
x3 <- 0x80003148

mem[X,0x800002C8] -> 0x0013
mem[X,0x800002CA] -> 0x0000
[183] [M]: 0x800002C8 (0x00000013) addi zero, zero, 0x0

mem[X,0x800002CC] -> 0x0013
mem[X,0x800002CE] -> 0x0000
[184] [M]: 0x800002CC (0x00000013) addi zero, zero, 0x0

mem[X,0x800002D0] -> 0x0013
mem[X,0x800002D2] -> 0x0000
[185] [M]: 0x800002D0 (0x00000013) addi zero, zero, 0x0

mem[X,0x800002D4] -> 0x0013
mem[X,0x800002D6] -> 0x0000
[186] [M]: 0x800002D4 (0x00000013) addi zero, zero, 0x0

mem[X,0x800002D8] -> 0x0013
mem[X,0x800002DA] -> 0x0000
[187] [M]: 0x800002D8 (0x00000013) addi zero, zero, 0x0

mem[X,0x800002DC] -> 0x0013
mem[X,0x800002DE] -> 0x0000
[188] [M]: 0x800002DC (0x00000013) addi zero, zero, 0x0

mem[X,0x800002E0] -> 0x1C37
mem[X,0x800002E2] -> 0x80F7
[189] [M]: 0x800002E0 (0x80F71C37) lui s8, -0x7f08f
x24 <- 0x80F71000

mem[X,0x800002E4] -> 0x0C13
mem[X,0x800002E6] -> 0x8FBC
[190] [M]: 0x800002E4 (0x8FBC0C13) addi s8, s8, -0x705
x24 <- 0x80F708FB

mem[X,0x800002E8] -> 0x0737
mem[X,0x800002EA] -> 0xFD41
[191] [M]: 0x800002E8 (0xFD410737) lui a4, -0x2bf0
x14 <- 0xFD410000

mem[X,0x800002EC] -> 0x0713
mem[X,0x800002EE] -> 0xB557
[192] [M]: 0x800002EC (0xB5570713) addi a4, a4, -0x4ab
x14 <- 0xFD40FB55

mem[X,0x800002F0] -> 0x231B
mem[X,0x800002F2] -> 0x9CEC
[193] [M]: 0x800002F0 (0x9CEC231B) padd.b.b0 t1, s8, a4
x6 <- 0x7D370350

mem[X,0x800002F4] -> 0xA023
mem[X,0x800002F6] -> 0x0061
[194] [M]: 0x800002F4 (0x0061A023) sw t1, 0x0(gp)
mem[0x80003148] <- 0x7D370350

mem[X,0x800002F8] -> 0x0637
mem[X,0x800002FA] -> 0x55AB
[195] [M]: 0x800002F8 (0x55AB0637) lui a2, 0x55ab0
x12 <- 0x55AB0000

mem[X,0x800002FC] -> 0x0613
mem[X,0x800002FE] -> 0xAF76
[196] [M]: 0x800002FC (0xAF760613) addi a2, a2, -0x509
x12 <- 0x55AAFAF7

mem[X,0x80000300] -> 0xF537
mem[X,0x80000302] -> 0x3F80
[197] [M]: 0x80000300 (0x3F80F537) lui a0, 0x3f80f
x10 <- 0x3F80F000

mem[X,0x80000304] -> 0x0513
mem[X,0x80000306] -> 0xF205
[198] [M]: 0x80000304 (0xF2050513) addi a0, a0, -0xe0
x10 <- 0x3F80EF20

mem[X,0x80000308] -> 0x2F9B
mem[X,0x8000030A] -> 0x9CA6
[199] [M]: 0x80000308 (0x9CA62F9B) padd.b.b0 t6, a2, a0
x31 <- 0x942AE917

clint::tick mtime <- 0x0000000000000002
 clint timer pending at mtime 0x0000000000000002
htif::tick 0x0000000000000000
mem[X,0x8000030C] -> 0xA223
mem[X,0x8000030E] -> 0x01F1
[200] [M]: 0x8000030C (0x01F1A223) sw t6, 0x4(gp)
mem[0x8000314C] <- 0x942AE917

mem[X,0x80000310] -> 0x0337
mem[X,0x80000312] -> 0xFFF6
[201] [M]: 0x80000310 (0xFFF60337) lui t1, -0xa0
x6 <- 0xFFF60000

mem[X,0x80000314] -> 0x0313
mem[X,0x80000316] -> 0x2EF3
[202] [M]: 0x80000314 (0x2EF30313) addi t1, t1, 0x2ef
x6 <- 0xFFF602EF

mem[X,0x80000318] -> 0x8C37
mem[X,0x8000031A] -> 0x5520
[203] [M]: 0x80000318 (0x55208C37) lui s8, 0x55208
x24 <- 0x55208000

mem[X,0x8000031C] -> 0x0C13
mem[X,0x8000031E] -> 0x0C0C
[204] [M]: 0x8000031C (0x0C0C0C13) addi s8, s8, 0xc0
x24 <- 0x552080C0

mem[X,0x80000320] -> 0x249B
mem[X,0x80000322] -> 0x9D83
[205] [M]: 0x80000320 (0x9D83249B) padd.b.b0 s1, t1, s8
x9 <- 0x541682AF

mem[X,0x80000324] -> 0xA423
mem[X,0x80000326] -> 0x0091
[206] [M]: 0x80000324 (0x0091A423) sw s1, 0x8(gp)
mem[0x80003150] <- 0x541682AF

mem[X,0x80000328] -> 0x0237
mem[X,0x8000032A] -> 0x0220
[207] [M]: 0x80000328 (0x02200237) lui tp, 0x2200
x4 <- 0x02200000

mem[X,0x8000032C] -> 0x0213
mem[X,0x8000032E] -> 0x7DF2
[208] [M]: 0x8000032C (0x7DF20213) addi tp, tp, 0x7df
x4 <- 0x022007DF

mem[X,0x80000330] -> 0xED37
mem[X,0x80000332] -> 0xF73F
[209] [M]: 0x80000330 (0xF73FED37) lui s10, -0x8c02
x26 <- 0xF73FE000

mem[X,0x80000334] -> 0x0D13
mem[X,0x80000336] -> 0xF7FD
[210] [M]: 0x80000334 (0xF7FD0D13) addi s10, s10, -0x81
x26 <- 0xF73FDF7F

mem[X,0x80000338] -> 0x2B1B
mem[X,0x8000033A] -> 0x9DA2
[211] [M]: 0x80000338 (0x9DA22B1B) padd.b.b0 s6, tp, s10
x22 <- 0xF95FE65E

mem[X,0x8000033C] -> 0xA623
mem[X,0x8000033E] -> 0x0161
[212] [M]: 0x8000033C (0x0161A623) sw s6, 0xc(gp)
mem[0x80003154] <- 0xF95FE65E

mem[X,0x80000340] -> 0x0B37
mem[X,0x80000342] -> 0xFBFF
[213] [M]: 0x80000340 (0xFBFF0B37) lui s6, -0x4010
x22 <- 0xFBFF0000

mem[X,0x80000344] -> 0x0B13
mem[X,0x80000346] -> 0x2BFB
[214] [M]: 0x80000344 (0x2BFB0B13) addi s6, s6, 0x2bf
x22 <- 0xFBFF02BF

mem[X,0x80000348] -> 0x53B7
mem[X,0x8000034A] -> 0xF8FD
[215] [M]: 0x80000348 (0xF8FD53B7) lui t2, -0x702b
x7 <- 0xF8FD5000

mem[X,0x8000034C] -> 0x8393
mem[X,0x8000034E] -> 0x5FA3
[216] [M]: 0x8000034C (0x5FA38393) addi t2, t2, 0x5fa
x7 <- 0xF8FD55FA

mem[X,0x80000350] -> 0x2C9B
mem[X,0x80000352] -> 0x9C7B
[217] [M]: 0x80000350 (0x9C7B2C9B) padd.b.b0 s9, s6, t2
x25 <- 0xF3FC57B9

mem[X,0x80000354] -> 0xA823
mem[X,0x80000356] -> 0x0191
[218] [M]: 0x80000354 (0x0191A823) sw s9, 0x10(gp)
mem[0x80003158] <- 0xF3FC57B9

mem[X,0x80000358] -> 0x1A37
mem[X,0x8000035A] -> 0x05EF
[219] [M]: 0x80000358 (0x05EF1A37) lui s4, 0x5ef1
x20 <- 0x05EF1000

mem[X,0x8000035C] -> 0x0A13
mem[X,0x8000035E] -> 0x855A
[220] [M]: 0x8000035C (0x855A0A13) addi s4, s4, -0x7ab
x20 <- 0x05EF0855

mem[X,0x80000360] -> 0x0137
mem[X,0x80000362] -> 0xFC11
[221] [M]: 0x80000360 (0xFC110137) lui sp, -0x3ef0
x2 <- 0xFC110000

mem[X,0x80000364] -> 0x0113
mem[X,0x80000366] -> 0x9051
[222] [M]: 0x80000364 (0x90510113) addi sp, sp, -0x6fb
x2 <- 0xFC10F905

mem[X,0x80000368] -> 0x2E1B
mem[X,0x8000036A] -> 0x9C2A
[223] [M]: 0x80000368 (0x9C2A2E1B) padd.b.b0 t3, s4, sp
x28 <- 0x01FF015A

mem[X,0x8000036C] -> 0xAA23
mem[X,0x8000036E] -> 0x01C1
[224] [M]: 0x8000036C (0x01C1AA23) sw t3, 0x14(gp)
mem[0x8000315C] <- 0x01FF015A

mem[X,0x80000370] -> 0x02B7
mem[X,0x80000372] -> 0x097F
[225] [M]: 0x80000370 (0x097F02B7) lui t0, 0x97f0
x5 <- 0x097F0000

mem[X,0x80000374] -> 0x8293
mem[X,0x80000376] -> 0x4AA2
[226] [M]: 0x80000374 (0x4AA28293) addi t0, t0, 0x4aa
x5 <- 0x097F04AA

mem[X,0x80000378] -> 0x8237
mem[X,0x8000037A] -> 0x00FB
[227] [M]: 0x80000378 (0x00FB8237) lui tp, 0xfb8
x4 <- 0x00FB8000

mem[X,0x8000037C] -> 0x0213
mem[X,0x8000037E] -> 0x0FB2
[228] [M]: 0x8000037C (0x0FB20213) addi tp, tp, 0xfb
x4 <- 0x00FB80FB

mem[X,0x80000380] -> 0xA71B
mem[X,0x80000382] -> 0x9C42
[229] [M]: 0x80000380 (0x9C42A71B) padd.b.b0 a4, t0, tp
x14 <- 0x097A84A5

mem[X,0x80000384] -> 0xAC23
mem[X,0x80000386] -> 0x00E1
[230] [M]: 0x80000384 (0x00E1AC23) sw a4, 0x18(gp)
mem[0x80003160] <- 0x097A84A5

mem[X,0x80000388] -> 0x8AB7
mem[X,0x8000038A] -> 0x20EF
[231] [M]: 0x80000388 (0x20EF8AB7) lui s5, 0x20ef8
x21 <- 0x20EF8000

mem[X,0x8000038C] -> 0x8A93
mem[X,0x8000038E] -> 0x0DFA
[232] [M]: 0x8000038C (0x0DFA8A93) addi s5, s5, 0xdf
x21 <- 0x20EF80DF

mem[X,0x80000390] -> 0x0FB7
mem[X,0x80000392] -> 0x0909
[233] [M]: 0x80000390 (0x09090FB7) lui t6, 0x9090
x31 <- 0x09090000

mem[X,0x80000394] -> 0x8F93
mem[X,0x80000396] -> 0xC08F
[234] [M]: 0x80000394 (0xC08F8F93) addi t6, t6, -0x3f8
x31 <- 0x0908FC08

mem[X,0x80000398] -> 0xA09B
mem[X,0x8000039A] -> 0x9DFA
[235] [M]: 0x80000398 (0x9DFAA09B) padd.b.b0 ra, s5, t6
x1 <- 0x29F77CE7

mem[X,0x8000039C] -> 0xAE23
mem[X,0x8000039E] -> 0x0011
[236] [M]: 0x8000039C (0x0011AE23) sw ra, 0x1c(gp)
mem[0x80003164] <- 0x29F77CE7

mem[X,0x800003A0] -> 0x0FB7
mem[X,0x800003A2] -> 0x4005
[237] [M]: 0x800003A0 (0x40050FB7) lui t6, 0x40050
x31 <- 0x40050000

mem[X,0x800003A4] -> 0x8F93
mem[X,0x800003A6] -> 0x009F
[238] [M]: 0x800003A4 (0x009F8F93) addi t6, t6, 0x9
x31 <- 0x40050009

mem[X,0x800003A8] -> 0x02B7
mem[X,0x800003AA] -> 0xFB00
[239] [M]: 0x800003A8 (0xFB0002B7) lui t0, -0x5000
x5 <- 0xFB000000

mem[X,0x800003AC] -> 0x8293
mem[X,0x800003AE] -> 0x1052
[240] [M]: 0x800003AC (0x10528293) addi t0, t0, 0x105
x5 <- 0xFB000105

mem[X,0x800003B0] -> 0xA81B
mem[X,0x800003B2] -> 0x9C5F
[241] [M]: 0x800003B0 (0x9C5FA81B) padd.b.b0 a6, t6, t0
x16 <- 0x3B05010E

mem[X,0x800003B4] -> 0xA023
mem[X,0x800003B6] -> 0x0301
[242] [M]: 0x800003B4 (0x0301A023) sw a6, 0x20(gp)
mem[0x80003168] <- 0x3B05010E

mem[X,0x800003B8] -> 0x0EB7
mem[X,0x800003BA] -> 0xDF40
[243] [M]: 0x800003B8 (0xDF400EB7) lui t4, -0x20c00
x29 <- 0xDF400000

mem[X,0x800003BC] -> 0x8E93
mem[X,0x800003BE] -> 0x101E
[244] [M]: 0x800003BC (0x101E8E93) addi t4, t4, 0x101
x29 <- 0xDF400101

mem[X,0x800003C0] -> 0x09B7
mem[X,0x800003C2] -> 0x0608
[245] [M]: 0x800003C0 (0x060809B7) lui s3, 0x6080
x19 <- 0x06080000

mem[X,0x800003C4] -> 0x8993
mem[X,0x800003C6] -> 0x37F9
[246] [M]: 0x800003C4 (0x37F98993) addi s3, s3, 0x37f
x19 <- 0x0608037F

mem[X,0x800003C8] -> 0xA41B
mem[X,0x800003CA] -> 0x9D3E
[247] [M]: 0x800003C8 (0x9D3EA41B) padd.b.b0 fp, t4, s3
x8 <- 0xE5480480

mem[X,0x800003CC] -> 0xA223
mem[X,0x800003CE] -> 0x0281
[248] [M]: 0x800003CC (0x0281A223) sw fp, 0x24(gp)
mem[0x8000316C] <- 0xE5480480

mem[X,0x800003D0] -> 0x8537
mem[X,0x800003D2] -> 0x8055
[249] [M]: 0x800003D0 (0x80558537) lui a0, -0x7faa8
x10 <- 0x80558000

mem[X,0x800003D4] -> 0x0513
mem[X,0x800003D6] -> 0xFFC5
[250] [M]: 0x800003D4 (0xFFC50513) addi a0, a0, -0x4
x10 <- 0x80557FFC

mem[X,0x800003D8] -> 0x15B7
mem[X,0x800003DA] -> 0x40F9
[251] [M]: 0x800003D8 (0x40F915B7) lui a1, 0x40f91
x11 <- 0x40F91000

mem[X,0x800003DC] -> 0x8593
mem[X,0x800003DE] -> 0x9FE5
[252] [M]: 0x800003DC (0x9FE58593) addi a1, a1, -0x602
x11 <- 0x40F909FE

mem[X,0x800003E0] -> 0x289B
mem[X,0x800003E2] -> 0x9CB5
[253] [M]: 0x800003E0 (0x9CB5289B) padd.b.b0 a7, a0, a1
x17 <- 0xC04E88FA

mem[X,0x800003E4] -> 0xA423
mem[X,0x800003E6] -> 0x0311
[254] [M]: 0x800003E4 (0x0311A423) sw a7, 0x28(gp)
mem[0x80003170] <- 0xC04E88FA

mem[X,0x800003E8] -> 0x15B7
mem[X,0x800003EA] -> 0x40EF
[255] [M]: 0x800003E8 (0x40EF15B7) lui a1, 0x40ef1
x11 <- 0x40EF1000

mem[X,0x800003EC] -> 0x8593
mem[X,0x800003EE] -> 0x0F95
[256] [M]: 0x800003EC (0x0F958593) addi a1, a1, 0xf9
x11 <- 0x40EF10F9

mem[X,0x800003F0] -> 0xFDB7
mem[X,0x800003F2] -> 0xAA20
[257] [M]: 0x800003F0 (0xAA20FDB7) lui s11, -0x55df1
x27 <- 0xAA20F000

mem[X,0x800003F4] -> 0x8D93
mem[X,0x800003F6] -> 0xF10D
[258] [M]: 0x800003F4 (0xF10D8D93) addi s11, s11, -0xf0
x27 <- 0xAA20EF10

mem[X,0x800003F8] -> 0xAC1B
mem[X,0x800003FA] -> 0x9DB5
[259] [M]: 0x800003F8 (0x9DB5AC1B) padd.b.b0 s8, a1, s11
x24 <- 0xEA0FFF09

mem[X,0x800003FC] -> 0xA623
mem[X,0x800003FE] -> 0x0381
[260] [M]: 0x800003FC (0x0381A623) sw s8, 0x2c(gp)
mem[0x80003174] <- 0xEA0FFF09

mem[X,0x80000400] -> 0x0DB7
mem[X,0x80000402] -> 0x55FA
[261] [M]: 0x80000400 (0x55FA0DB7) lui s11, 0x55fa0
x27 <- 0x55FA0000

mem[X,0x80000404] -> 0x8D93
mem[X,0x80000406] -> 0x53FD
[262] [M]: 0x80000404 (0x53FD8D93) addi s11, s11, 0x53f
x27 <- 0x55FA053F

mem[X,0x80000408] -> 0xCCB7
mem[X,0x8000040A] -> 0x02F7
[263] [M]: 0x80000408 (0x02F7CCB7) lui s9, 0x2f7c
x25 <- 0x02F7C000

mem[X,0x8000040C] -> 0x8C93
mem[X,0x8000040E] -> 0x0BFC
[264] [M]: 0x8000040C (0x0BFC8C93) addi s9, s9, 0xbf
x25 <- 0x02F7C0BF

mem[X,0x80000410] -> 0xAA9B
mem[X,0x80000412] -> 0x9D9D
[265] [M]: 0x80000410 (0x9D9DAA9B) padd.b.b0 s5, s11, s9
x21 <- 0x57F1C5FE

mem[X,0x80000414] -> 0xA823
mem[X,0x80000416] -> 0x0351
[266] [M]: 0x80000414 (0x0351A823) sw s5, 0x30(gp)
mem[0x80003178] <- 0x57F1C5FE

mem[X,0x80000418] -> 0x07B7
mem[X,0x8000041A] -> 0x8100
[267] [M]: 0x80000418 (0x810007B7) lui a5, -0x7f000
x15 <- 0x81000000

mem[X,0x8000041C] -> 0x8793
mem[X,0x8000041E] -> 0xE057
[268] [M]: 0x8000041C (0xE0578793) addi a5, a5, -0x1fb
x15 <- 0x80FFFE05

mem[X,0x80000420] -> 0x0037
mem[X,0x80000422] -> 0xC0DF
[269] [M]: 0x80000420 (0xC0DF0037) lui zero, -0x3f210

mem[X,0x80000424] -> 0x0013
mem[X,0x80000426] -> 0x1050
[270] [M]: 0x80000424 (0x10500013) addi zero, zero, 0x105

mem[X,0x80000428] -> 0xA91B
mem[X,0x8000042A] -> 0x9C07
[271] [M]: 0x80000428 (0x9C07A91B) padd.b.b0 s2, a5, zero
x18 <- 0x80FFFE05

mem[X,0x8000042C] -> 0xAA23
mem[X,0x8000042E] -> 0x0321
[272] [M]: 0x8000042C (0x0321AA23) sw s2, 0x34(gp)
mem[0x8000317C] <- 0x80FFFE05

mem[X,0x80000430] -> 0x0013
mem[X,0x80000432] -> 0x0000
[273] [M]: 0x80000430 (0x00000013) addi zero, zero, 0x0

mem[X,0x80000434] -> 0x0013
mem[X,0x80000436] -> 0x0000
[274] [M]: 0x80000434 (0x00000013) addi zero, zero, 0x0

mem[X,0x80000438] -> 0x0013
mem[X,0x8000043A] -> 0x0000
[275] [M]: 0x80000438 (0x00000013) addi zero, zero, 0x0

mem[X,0x8000043C] -> 0x0013
mem[X,0x8000043E] -> 0x0000
[276] [M]: 0x8000043C (0x00000013) addi zero, zero, 0x0

mem[X,0x80000440] -> 0x3117
mem[X,0x80000442] -> 0x0000
[277] [M]: 0x80000440 (0x00003117) auipc sp, 0x3
x2 <- 0x80003440

mem[X,0x80000444] -> 0x0113
mem[X,0x80000446] -> 0xD401
[278] [M]: 0x80000444 (0xD4010113) addi sp, sp, -0x2c0
x2 <- 0x80003180

mem[X,0x80000448] -> 0x0013
mem[X,0x8000044A] -> 0x0000
[279] [M]: 0x80000448 (0x00000013) addi zero, zero, 0x0

mem[X,0x8000044C] -> 0x0013
mem[X,0x8000044E] -> 0x0000
[280] [M]: 0x8000044C (0x00000013) addi zero, zero, 0x0

mem[X,0x80000450] -> 0x0013
mem[X,0x80000452] -> 0x0000
[281] [M]: 0x80000450 (0x00000013) addi zero, zero, 0x0

mem[X,0x80000454] -> 0x0013
mem[X,0x80000456] -> 0x0000
[282] [M]: 0x80000454 (0x00000013) addi zero, zero, 0x0

mem[X,0x80000458] -> 0x0013
mem[X,0x8000045A] -> 0x0000
[283] [M]: 0x80000458 (0x00000013) addi zero, zero, 0x0

mem[X,0x8000045C] -> 0x0013
mem[X,0x8000045E] -> 0x0000
[284] [M]: 0x8000045C (0x00000013) addi zero, zero, 0x0

mem[X,0x80000460] -> 0x03B7
mem[X,0x80000462] -> 0x0321
[285] [M]: 0x80000460 (0x032103B7) lui t2, 0x3210
x7 <- 0x03210000

mem[X,0x80000464] -> 0x8393
mem[X,0x80000466] -> 0xD043
[286] [M]: 0x80000464 (0xD0438393) addi t2, t2, -0x2fc
x7 <- 0x0320FD04

mem[X,0x80000468] -> 0x4A37
mem[X,0x8000046A] -> 0x02AA
[287] [M]: 0x80000468 (0x02AA4A37) lui s4, 0x2aa4
x20 <- 0x02AA4000

mem[X,0x8000046C] -> 0xAD1B
mem[X,0x8000046E] -> 0x9D43
[288] [M]: 0x8000046C (0x9D43AD1B) padd.b.b0 s10, t2, s4
x26 <- 0x05CA3D04

mem[X,0x80000470] -> 0x2023
mem[X,0x80000472] -> 0x01A1
[289] [M]: 0x80000470 (0x01A12023) sw s10, 0x0(sp)
mem[0x80003180] <- 0x05CA3D04

mem[X,0x80000474] -> 0xF837
mem[X,0x80000476] -> 0x00F9
[290] [M]: 0x80000474 (0x00F9F837) lui a6, 0xf9f
x16 <- 0x00F9F000

mem[X,0x80000478] -> 0x0813
mem[X,0x8000047A] -> 0x6F78
[291] [M]: 0x80000478 (0x6F780813) addi a6, a6, 0x6f7
x16 <- 0x00F9F6F7

mem[X,0x8000047C] -> 0xF7B7
mem[X,0x8000047E] -> 0xFFAA
[292] [M]: 0x8000047C (0xFFAAF7B7) lui a5, -0x551
x15 <- 0xFFAAF000

mem[X,0x80000480] -> 0x8793
mem[X,0x80000482] -> 0x7107
[293] [M]: 0x80000480 (0x71078793) addi a5, a5, 0x710
x15 <- 0xFFAAF710

mem[X,0x80000484] -> 0x261B
mem[X,0x80000486] -> 0x9CF8
[294] [M]: 0x80000484 (0x9CF8261B) padd.b.b0 a2, a6, a5
x12 <- 0xFFA3ED07

mem[X,0x80000488] -> 0x2223
mem[X,0x8000048A] -> 0x00C1
[295] [M]: 0x80000488 (0x00C12223) sw a2, 0x4(sp)
mem[0x80003184] <- 0xFFA3ED07

mem[X,0x8000048C] -> 0x08B7
mem[X,0x8000048E] -> 0x06F0
[296] [M]: 0x8000048C (0x06F008B7) lui a7, 0x6f00
x17 <- 0x06F00000

mem[X,0x80000490] -> 0x8893
mem[X,0x80000492] -> 0x8028
[297] [M]: 0x80000490 (0x80288893) addi a7, a7, -0x7fe
x17 <- 0x06EFF802

mem[X,0x80000494] -> 0x0F37
mem[X,0x80000496] -> 0x01F7
[298] [M]: 0x80000494 (0x01F70F37) lui t5, 0x1f70
x30 <- 0x01F70000

mem[X,0x80000498] -> 0x0F13
mem[X,0x8000049A] -> 0x855F
[299] [M]: 0x80000498 (0x855F0F13) addi t5, t5, -0x7ab
x30 <- 0x01F6F855

clint::tick mtime <- 0x0000000000000003
 clint timer pending at mtime 0x0000000000000003
htif::tick 0x0000000000000000
mem[X,0x8000049C] -> 0xA79B
mem[X,0x8000049E] -> 0x9DE8
[300] [M]: 0x8000049C (0x9DE8A79B) padd.b.b0 a5, a7, t5
x15 <- 0x07E5F057

mem[X,0x800004A0] -> 0x2423
mem[X,0x800004A2] -> 0x00F1
[301] [M]: 0x800004A0 (0x00F12423) sw a5, 0x8(sp)
mem[0x80003188] <- 0x07E5F057

mem[X,0x800004A4] -> 0x06B7
mem[X,0x800004A6] -> 0x07F8
[302] [M]: 0x800004A4 (0x07F806B7) lui a3, 0x7f80
x13 <- 0x07F80000

mem[X,0x800004A8] -> 0x8693
mem[X,0x800004AA] -> 0xF066
[303] [M]: 0x800004A8 (0xF0668693) addi a3, a3, -0xfa
x13 <- 0x07F7FF06

mem[X,0x800004AC] -> 0x00B7
mem[X,0x800004AE] -> 0x7FFD
[304] [M]: 0x800004AC (0x7FFD00B7) lui ra, 0x7ffd0
x1 <- 0x7FFD0000

mem[X,0x800004B0] -> 0x8093
mem[X,0x800004B2] -> 0x2C00
[305] [M]: 0x800004B0 (0x2C008093) addi ra, ra, 0x2c0
x1 <- 0x7FFD02C0

mem[X,0x800004B4] -> 0xAF1B
mem[X,0x800004B6] -> 0x9C16
[306] [M]: 0x800004B4 (0x9C16AF1B) padd.b.b0 t5, a3, ra
x30 <- 0x86F401C6

mem[X,0x800004B8] -> 0x2623
mem[X,0x800004BA] -> 0x01E1
[307] [M]: 0x800004B8 (0x01E12623) sw t5, 0xc(sp)
mem[0x8000318C] <- 0x86F401C6

mem[X,0x800004BC] -> 0x00B7
mem[X,0x800004BE] -> 0x2009
[308] [M]: 0x800004BC (0x200900B7) lui ra, 0x20090
x1 <- 0x20090000

mem[X,0x800004C0] -> 0x8093
mem[X,0x800004C2] -> 0x03F0
[309] [M]: 0x800004C0 (0x03F08093) addi ra, ra, 0x3f
x1 <- 0x2009003F

mem[X,0x800004C4] -> 0x0337
mem[X,0x800004C6] -> 0x040A
[310] [M]: 0x800004C4 (0x040A0337) lui t1, 0x40a0
x6 <- 0x040A0000

mem[X,0x800004C8] -> 0x0313
mem[X,0x800004CA] -> 0xC053
[311] [M]: 0x800004C8 (0xC0530313) addi t1, t1, -0x3fb
x6 <- 0x0409FC05

mem[X,0x800004CC] -> 0xA01B
mem[X,0x800004CE] -> 0x9C60
[312] [M]: 0x800004CC (0x9C60A01B) padd.b.b0 zero, ra, t1

mem[X,0x800004D0] -> 0x2823
mem[X,0x800004D2] -> 0x0001
[313] [M]: 0x800004D0 (0x00012823) sw zero, 0x10(sp)
mem[0x80003190] <- 0x00000000

mem[X,0x800004D4] -> 0x0F37
mem[X,0x800004D6] -> 0x5508
[314] [M]: 0x800004D4 (0x55080F37) lui t5, 0x55080
x30 <- 0x55080000

mem[X,0x800004D8] -> 0x0F13
mem[X,0x800004DA] -> 0xEAAF
[315] [M]: 0x800004D8 (0xEAAF0F13) addi t5, t5, -0x156
x30 <- 0x5507FEAA

mem[X,0x800004DC] -> 0xFEB7
mem[X,0x800004DE] -> 0x1004
[316] [M]: 0x800004DC (0x1004FEB7) lui t4, 0x1004f
x29 <- 0x1004F000

mem[X,0x800004E0] -> 0x8E93
mem[X,0x800004E2] -> 0x605E
[317] [M]: 0x800004E0 (0x605E8E93) addi t4, t4, 0x605
x29 <- 0x1004F605

mem[X,0x800004E4] -> 0x2F9B
mem[X,0x800004E6] -> 0x9DDF
[318] [M]: 0x800004E4 (0x9DDF2F9B) padd.b.b0 t6, t5, t4
x31 <- 0x650BF4AF

mem[X,0x800004E8] -> 0x2A23
mem[X,0x800004EA] -> 0x01F1
[319] [M]: 0x800004E8 (0x01F12A23) sw t6, 0x14(sp)
mem[0x80003194] <- 0x650BF4AF

mem[X,0x800004EC] -> 0x0F37
mem[X,0x800004EE] -> 0x0004
[320] [M]: 0x800004EC (0x00040F37) lui t5, 0x40
x30 <- 0x00040000

mem[X,0x800004F0] -> 0x0F13
mem[X,0x800004F2] -> 0x23FF
[321] [M]: 0x800004F0 (0x23FF0F13) addi t5, t5, 0x23f
x30 <- 0x0004023F

mem[X,0x800004F4] -> 0x0EB7
mem[X,0x800004F6] -> 0xFEE0
[322] [M]: 0x800004F4 (0xFEE00EB7) lui t4, -0x1200
x29 <- 0xFEE00000

mem[X,0x800004F8] -> 0x8E93
mem[X,0x800004FA] -> 0xDF9E
[323] [M]: 0x800004F8 (0xDF9E8E93) addi t4, t4, -0x207
x29 <- 0xFEDFFDF9

mem[X,0x800004FC] -> 0x2F9B
mem[X,0x800004FE] -> 0x9DDF
[324] [M]: 0x800004FC (0x9DDF2F9B) padd.b.b0 t6, t5, t4
x31 <- 0xFEE3FF38

mem[X,0x80000500] -> 0x2C23
mem[X,0x80000502] -> 0x01F1
[325] [M]: 0x80000500 (0x01F12C23) sw t6, 0x18(sp)
mem[0x80003198] <- 0xFEE3FF38

mem[X,0x80000504] -> 0x0F37
mem[X,0x80000506] -> 0x06FA
[326] [M]: 0x80000504 (0x06FA0F37) lui t5, 0x6fa0
x30 <- 0x06FA0000

mem[X,0x80000508] -> 0x0F13
mem[X,0x8000050A] -> 0x380F
[327] [M]: 0x80000508 (0x380F0F13) addi t5, t5, 0x380
x30 <- 0x06FA0380

mem[X,0x8000050C] -> 0xFEB7
mem[X,0x8000050E] -> 0xDF40
[328] [M]: 0x8000050C (0xDF40FEB7) lui t4, -0x20bf1
x29 <- 0xDF40F000

mem[X,0x80000510] -> 0x8E93
mem[X,0x80000512] -> 0x680E
[329] [M]: 0x80000510 (0x680E8E93) addi t4, t4, 0x680
x29 <- 0xDF40F680

mem[X,0x80000514] -> 0x2F9B
mem[X,0x80000516] -> 0x9DDF
[330] [M]: 0x80000514 (0x9DDF2F9B) padd.b.b0 t6, t5, t4
x31 <- 0xE53AF900

mem[X,0x80000518] -> 0x2E23
mem[X,0x8000051A] -> 0x01F1
[331] [M]: 0x80000518 (0x01F12E23) sw t6, 0x1c(sp)
mem[0x8000319C] <- 0xE53AF900

mem[X,0x8000051C] -> 0x0F37
mem[X,0x8000051E] -> 0xFDFE
[332] [M]: 0x8000051C (0xFDFE0F37) lui t5, -0x2020
x30 <- 0xFDFE0000

mem[X,0x80000520] -> 0x0F13
mem[X,0x80000522] -> 0x920F
[333] [M]: 0x80000520 (0x920F0F13) addi t5, t5, -0x6e0
x30 <- 0xFDFDF920

mem[X,0x80000524] -> 0x4EB7
mem[X,0x80000526] -> 0xBFAA
[334] [M]: 0x80000524 (0xBFAA4EB7) lui t4, -0x4055c
x29 <- 0xBFAA4000

mem[X,0x80000528] -> 0x8E93
mem[X,0x8000052A] -> 0xFF6E
[335] [M]: 0x80000528 (0xFF6E8E93) addi t4, t4, -0xa
x29 <- 0xBFAA3FF6

mem[X,0x8000052C] -> 0x2F9B
mem[X,0x8000052E] -> 0x9DDF
[336] [M]: 0x8000052C (0x9DDF2F9B) padd.b.b0 t6, t5, t4
x31 <- 0xBCA73816

mem[X,0x80000530] -> 0x2023
mem[X,0x80000532] -> 0x03F1
[337] [M]: 0x80000530 (0x03F12023) sw t6, 0x20(sp)
mem[0x800031A0] <- 0xBCA73816

mem[X,0x80000534] -> 0x4F37
mem[X,0x80000536] -> 0xFA03
[338] [M]: 0x80000534 (0xFA034F37) lui t5, -0x5fcc
x30 <- 0xFA034000

mem[X,0x80000538] -> 0x0F13
mem[X,0x8000053A] -> 0x009F
[339] [M]: 0x80000538 (0x009F0F13) addi t5, t5, 0x9
x30 <- 0xFA034009

mem[X,0x8000053C] -> 0x0EB7
mem[X,0x8000053E] -> 0xDF04
[340] [M]: 0x8000053C (0xDF040EB7) lui t4, -0x20fc0
x29 <- 0xDF040000

mem[X,0x80000540] -> 0x8E93
mem[X,0x80000542] -> 0x708E
[341] [M]: 0x80000540 (0x708E8E93) addi t4, t4, 0x708
x29 <- 0xDF040708

mem[X,0x80000544] -> 0x2F9B
mem[X,0x80000546] -> 0x9DDF
[342] [M]: 0x80000544 (0x9DDF2F9B) padd.b.b0 t6, t5, t4
x31 <- 0xD9074711

mem[X,0x80000548] -> 0x2223
mem[X,0x8000054A] -> 0x03F1
[343] [M]: 0x80000548 (0x03F12223) sw t6, 0x24(sp)
mem[0x800031A4] <- 0xD9074711

mem[X,0x8000054C] -> 0x0F37
mem[X,0x8000054E] -> 0x0104
[344] [M]: 0x8000054C (0x01040F37) lui t5, 0x1040
x30 <- 0x01040000

mem[X,0x80000550] -> 0x0F13
mem[X,0x80000552] -> 0xBFBF
[345] [M]: 0x80000550 (0xBFBF0F13) addi t5, t5, -0x405
x30 <- 0x0103FBFB

mem[X,0x80000554] -> 0x0EB7
mem[X,0x80000556] -> 0x10F8
[346] [M]: 0x80000554 (0x10F80EB7) lui t4, 0x10f80
x29 <- 0x10F80000

mem[X,0x80000558] -> 0x8E93
mem[X,0x8000055A] -> 0x63FE
[347] [M]: 0x80000558 (0x63FE8E93) addi t4, t4, 0x63f
x29 <- 0x10F8063F

mem[X,0x8000055C] -> 0x2F9B
mem[X,0x8000055E] -> 0x9DDF
[348] [M]: 0x8000055C (0x9DDF2F9B) padd.b.b0 t6, t5, t4
x31 <- 0x11FB013A

mem[X,0x80000560] -> 0x2423
mem[X,0x80000562] -> 0x03F1
[349] [M]: 0x80000560 (0x03F12423) sw t6, 0x28(sp)
mem[0x800031A8] <- 0x11FB013A

mem[X,0x80000564] -> 0xFF37
mem[X,0x80000566] -> 0x20FF
[350] [M]: 0x80000564 (0x20FFFF37) lui t5, 0x20fff
x30 <- 0x20FFF000

mem[X,0x80000568] -> 0x0F13
mem[X,0x8000056A] -> 0x7F6F
[351] [M]: 0x80000568 (0x7F6F0F13) addi t5, t5, 0x7f6
x30 <- 0x20FFF7F6

mem[X,0x8000056C] -> 0x0EB7
mem[X,0x8000056E] -> 0xAA40
[352] [M]: 0x8000056C (0xAA400EB7) lui t4, -0x55c00
x29 <- 0xAA400000

mem[X,0x80000570] -> 0x8E93
mem[X,0x80000572] -> 0xE02E
[353] [M]: 0x80000570 (0xE02E8E93) addi t4, t4, -0x1fe
x29 <- 0xAA3FFE02

mem[X,0x80000574] -> 0x2F9B
mem[X,0x80000576] -> 0x9DDF
[354] [M]: 0x80000574 (0x9DDF2F9B) padd.b.b0 t6, t5, t4
x31 <- 0xCA3EF5F8

mem[X,0x80000578] -> 0x2623
mem[X,0x8000057A] -> 0x03F1
[355] [M]: 0x80000578 (0x03F12623) sw t6, 0x2c(sp)
mem[0x800031AC] <- 0xCA3EF5F8

mem[X,0x8000057C] -> 0xFF37
mem[X,0x8000057E] -> 0xAA08
[356] [M]: 0x8000057C (0xAA08FF37) lui t5, -0x55f71
x30 <- 0xAA08F000

mem[X,0x80000580] -> 0x0F13
mem[X,0x80000582] -> 0xF02F
[357] [M]: 0x80000580 (0xF02F0F13) addi t5, t5, -0xfe
x30 <- 0xAA08EF02

mem[X,0x80000584] -> 0x4EB7
mem[X,0x80000586] -> 0x01EF
[358] [M]: 0x80000584 (0x01EF4EB7) lui t4, 0x1ef4
x29 <- 0x01EF4000

mem[X,0x80000588] -> 0x8E93
mem[X,0x8000058A] -> 0x0FFE
[359] [M]: 0x80000588 (0x0FFE8E93) addi t4, t4, 0xff
x29 <- 0x01EF40FF

mem[X,0x8000058C] -> 0x2F9B
mem[X,0x8000058E] -> 0x9DDF
[360] [M]: 0x8000058C (0x9DDF2F9B) padd.b.b0 t6, t5, t4
x31 <- 0xABF72F01

mem[X,0x80000590] -> 0x2823
mem[X,0x80000592] -> 0x03F1
[361] [M]: 0x80000590 (0x03F12823) sw t6, 0x30(sp)
mem[0x800031B0] <- 0xABF72F01

mem[X,0x80000594] -> 0xEF37
mem[X,0x80000596] -> 0xFA07
[362] [M]: 0x80000594 (0xFA07EF37) lui t5, -0x5f82
x30 <- 0xFA07E000

mem[X,0x80000598] -> 0x0F13
mem[X,0x8000059A] -> 0xFEFF
[363] [M]: 0x80000598 (0xFEFF0F13) addi t5, t5, -0x11
x30 <- 0xFA07DFEF

mem[X,0x8000059C] -> 0x0EB7
mem[X,0x8000059E] -> 0x5501
[364] [M]: 0x8000059C (0x55010EB7) lui t4, 0x55010
x29 <- 0x55010000

mem[X,0x800005A0] -> 0x8E93
mem[X,0x800005A2] -> 0x4BFE
[365] [M]: 0x800005A0 (0x4BFE8E93) addi t4, t4, 0x4bf
x29 <- 0x550104BF

mem[X,0x800005A4] -> 0x2F9B
mem[X,0x800005A6] -> 0x9DDF
[366] [M]: 0x800005A4 (0x9DDF2F9B) padd.b.b0 t6, t5, t4
x31 <- 0x4F08E3AE

mem[X,0x800005A8] -> 0x2A23
mem[X,0x800005AA] -> 0x03F1
[367] [M]: 0x800005A8 (0x03F12A23) sw t6, 0x34(sp)
mem[0x800031B4] <- 0x4F08E3AE

mem[X,0x800005AC] -> 0xFF37
mem[X,0x800005AE] -> 0x7F10
[368] [M]: 0x800005AC (0x7F10FF37) lui t5, 0x7f10f
x30 <- 0x7F10F000

mem[X,0x800005B0] -> 0x0F13
mem[X,0x800005B2] -> 0xF07F
[369] [M]: 0x800005B0 (0xF07F0F13) addi t5, t5, -0xf9
x30 <- 0x7F10EF07

mem[X,0x800005B4] -> 0x0EB7
mem[X,0x800005B6] -> 0x10E0
[370] [M]: 0x800005B4 (0x10E00EB7) lui t4, 0x10e00
x29 <- 0x10E00000

mem[X,0x800005B8] -> 0x8E93
mem[X,0x800005BA] -> 0xB80E
[371] [M]: 0x800005B8 (0xB80E8E93) addi t4, t4, -0x480
x29 <- 0x10DFFB80

mem[X,0x800005BC] -> 0x2F9B
mem[X,0x800005BE] -> 0x9DDF
[372] [M]: 0x800005BC (0x9DDF2F9B) padd.b.b0 t6, t5, t4
x31 <- 0x8FEFEA87

mem[X,0x800005C0] -> 0x2C23
mem[X,0x800005C2] -> 0x03F1
[373] [M]: 0x800005C0 (0x03F12C23) sw t6, 0x38(sp)
mem[0x800031B8] <- 0x8FEFEA87

mem[X,0x800005C4] -> 0x0F37
mem[X,0x800005C6] -> 0x04F7
[374] [M]: 0x800005C4 (0x04F70F37) lui t5, 0x4f70
x30 <- 0x04F70000

mem[X,0x800005C8] -> 0x0F13
mem[X,0x800005CA] -> 0xD00F
[375] [M]: 0x800005C8 (0xD00F0F13) addi t5, t5, -0x300
x30 <- 0x04F6FD00

mem[X,0x800005CC] -> 0x0EB7
mem[X,0x800005CE] -> 0x0201
[376] [M]: 0x800005CC (0x02010EB7) lui t4, 0x2010
x29 <- 0x02010000

mem[X,0x800005D0] -> 0x8E93
mem[X,0x800005D2] -> 0x6F6E
[377] [M]: 0x800005D0 (0x6F6E8E93) addi t4, t4, 0x6f6
x29 <- 0x020106F6

mem[X,0x800005D4] -> 0x2F9B
mem[X,0x800005D6] -> 0x9DDF
[378] [M]: 0x800005D4 (0x9DDF2F9B) padd.b.b0 t6, t5, t4
x31 <- 0x06F703F6

mem[X,0x800005D8] -> 0x2E23
mem[X,0x800005DA] -> 0x03F1
[379] [M]: 0x800005D8 (0x03F12E23) sw t6, 0x3c(sp)
mem[0x800031BC] <- 0x06F703F6

mem[X,0x800005DC] -> 0x0F37
mem[X,0x800005DE] -> 0x0805
[380] [M]: 0x800005DC (0x08050F37) lui t5, 0x8050
x30 <- 0x08050000

mem[X,0x800005E0] -> 0x0F13
mem[X,0x800005E2] -> 0x455F
[381] [M]: 0x800005E0 (0x455F0F13) addi t5, t5, 0x455
x30 <- 0x08050455

mem[X,0x800005E4] -> 0xCEB7
mem[X,0x800005E6] -> 0x0908
[382] [M]: 0x800005E4 (0x0908CEB7) lui t4, 0x908c
x29 <- 0x0908C000

mem[X,0x800005E8] -> 0x8E93
mem[X,0x800005EA] -> 0x0FAE
[383] [M]: 0x800005E8 (0x0FAE8E93) addi t4, t4, 0xfa
x29 <- 0x0908C0FA

mem[X,0x800005EC] -> 0x2F9B
mem[X,0x800005EE] -> 0x9DDF
[384] [M]: 0x800005EC (0x9DDF2F9B) padd.b.b0 t6, t5, t4
x31 <- 0x110DC44F

mem[X,0x800005F0] -> 0x2023
mem[X,0x800005F2] -> 0x05F1
[385] [M]: 0x800005F0 (0x05F12023) sw t6, 0x40(sp)
mem[0x800031C0] <- 0x110DC44F

mem[X,0x800005F4] -> 0x4F37
mem[X,0x800005F6] -> 0xFEF8
[386] [M]: 0x800005F4 (0xFEF84F37) lui t5, -0x107c
x30 <- 0xFEF84000

mem[X,0x800005F8] -> 0x0F13
mem[X,0x800005FA] -> 0x0EFF
[387] [M]: 0x800005F8 (0x0EFF0F13) addi t5, t5, 0xef
x30 <- 0xFEF840EF

mem[X,0x800005FC] -> 0xCEB7
mem[X,0x800005FE] -> 0xF810
[388] [M]: 0x800005FC (0xF810CEB7) lui t4, -0x7ef4
x29 <- 0xF810C000

mem[X,0x80000600] -> 0x8E93
mem[X,0x80000602] -> 0xF08E
[389] [M]: 0x80000600 (0xF08E8E93) addi t4, t4, -0xf8
x29 <- 0xF810BF08

mem[X,0x80000604] -> 0x2F9B
mem[X,0x80000606] -> 0x9DDF
[390] [M]: 0x80000604 (0x9DDF2F9B) padd.b.b0 t6, t5, t4
x31 <- 0xF608FFF7

mem[X,0x80000608] -> 0x2223
mem[X,0x8000060A] -> 0x05F1
[391] [M]: 0x80000608 (0x05F12223) sw t6, 0x44(sp)
mem[0x800031C4] <- 0xF608FFF7

mem[X,0x8000060C] -> 0x0F37
mem[X,0x8000060E] -> 0xF7FB
[392] [M]: 0x8000060C (0xF7FB0F37) lui t5, -0x8050
x30 <- 0xF7FB0000

mem[X,0x80000610] -> 0x0F13
mem[X,0x80000612] -> 0xEFCF
[393] [M]: 0x80000610 (0xEFCF0F13) addi t5, t5, -0x104
x30 <- 0xF7FAFEFC

mem[X,0x80000614] -> 0x0EB7
mem[X,0x80000616] -> 0x5507
[394] [M]: 0x80000614 (0x55070EB7) lui t4, 0x55070
x29 <- 0x55070000

mem[X,0x80000618] -> 0x8E93
mem[X,0x8000061A] -> 0x820E
[395] [M]: 0x80000618 (0x820E8E93) addi t4, t4, -0x7e0
x29 <- 0x5506F820

mem[X,0x8000061C] -> 0x2F9B
mem[X,0x8000061E] -> 0x9DDF
[396] [M]: 0x8000061C (0x9DDF2F9B) padd.b.b0 t6, t5, t4
x31 <- 0x4C00F61C

mem[X,0x80000620] -> 0x2423
mem[X,0x80000622] -> 0x05F1
[397] [M]: 0x80000620 (0x05F12423) sw t6, 0x48(sp)
mem[0x800031C8] <- 0x4C00F61C

mem[X,0x80000624] -> 0x0F37
mem[X,0x80000626] -> 0xEF20
[398] [M]: 0x80000624 (0xEF200F37) lui t5, -0x10e00
x30 <- 0xEF200000

mem[X,0x80000628] -> 0x0F13
mem[X,0x8000062A] -> 0x480F
[399] [M]: 0x80000628 (0x480F0F13) addi t5, t5, 0x480
x30 <- 0xEF200480

clint::tick mtime <- 0x0000000000000004
 clint timer pending at mtime 0x0000000000000004
htif::tick 0x0000000000000000
mem[X,0x8000062C] -> 0x0EB7
mem[X,0x8000062E] -> 0x0206
[400] [M]: 0x8000062C (0x02060EB7) lui t4, 0x2060
x29 <- 0x02060000

mem[X,0x80000630] -> 0x8E93
mem[X,0x80000632] -> 0xB55E
[401] [M]: 0x80000630 (0xB55E8E93) addi t4, t4, -0x4ab
x29 <- 0x0205FB55

mem[X,0x80000634] -> 0x2F9B
mem[X,0x80000636] -> 0x9DDF
[402] [M]: 0x80000634 (0x9DDF2F9B) padd.b.b0 t6, t5, t4
x31 <- 0xF125FFD5

mem[X,0x80000638] -> 0x2623
mem[X,0x8000063A] -> 0x05F1
[403] [M]: 0x80000638 (0x05F12623) sw t6, 0x4c(sp)
mem[0x800031CC] <- 0xF125FFD5

mem[X,0x8000063C] -> 0x0F37
mem[X,0x8000063E] -> 0x0905
[404] [M]: 0x8000063C (0x09050F37) lui t5, 0x9050
x30 <- 0x09050000

mem[X,0x80000640] -> 0x0F13
mem[X,0x80000642] -> 0xC05F
[405] [M]: 0x80000640 (0xC05F0F13) addi t5, t5, -0x3fb
x30 <- 0x0904FC05

mem[X,0x80000644] -> 0x0EB7
mem[X,0x80000646] -> 0x0806
[406] [M]: 0x80000644 (0x08060EB7) lui t4, 0x8060
x29 <- 0x08060000

mem[X,0x80000648] -> 0x8E93
mem[X,0x8000064A] -> 0x301E
[407] [M]: 0x80000648 (0x301E8E93) addi t4, t4, 0x301
x29 <- 0x08060301

mem[X,0x8000064C] -> 0x2F9B
mem[X,0x8000064E] -> 0x9DDF
[408] [M]: 0x8000064C (0x9DDF2F9B) padd.b.b0 t6, t5, t4
x31 <- 0x110AFF06

mem[X,0x80000650] -> 0x2823
mem[X,0x80000652] -> 0x05F1
[409] [M]: 0x80000650 (0x05F12823) sw t6, 0x50(sp)
mem[0x800031D0] <- 0x110AFF06

mem[X,0x80000654] -> 0x0F37
mem[X,0x80000656] -> 0x0708
[410] [M]: 0x80000654 (0x07080F37) lui t5, 0x7080
x30 <- 0x07080000

mem[X,0x80000658] -> 0x0F13
mem[X,0x8000065A] -> 0xB80F
[411] [M]: 0x80000658 (0xB80F0F13) addi t5, t5, -0x480
x30 <- 0x0707FB80

mem[X,0x8000065C] -> 0x0EB7
mem[X,0x8000065E] -> 0xFDFF
[412] [M]: 0x8000065C (0xFDFF0EB7) lui t4, -0x2010
x29 <- 0xFDFF0000

mem[X,0x80000660] -> 0x8E93
mem[X,0x80000662] -> 0x304E
[413] [M]: 0x80000660 (0x304E8E93) addi t4, t4, 0x304
x29 <- 0xFDFF0304

mem[X,0x80000664] -> 0x2F9B
mem[X,0x80000666] -> 0x9DDF
[414] [M]: 0x80000664 (0x9DDF2F9B) padd.b.b0 t6, t5, t4
x31 <- 0x0406FE84

mem[X,0x80000668] -> 0x2A23
mem[X,0x8000066A] -> 0x05F1
[415] [M]: 0x80000668 (0x05F12A23) sw t6, 0x54(sp)
mem[0x800031D4] <- 0x0406FE84

mem[X,0x8000066C] -> 0x0F37
mem[X,0x8000066E] -> 0xFDFF
[416] [M]: 0x8000066C (0xFDFF0F37) lui t5, -0x2010
x30 <- 0xFDFF0000

mem[X,0x80000670] -> 0x0F13
mem[X,0x80000672] -> 0xC7FF
[417] [M]: 0x80000670 (0xC7FF0F13) addi t5, t5, -0x381
x30 <- 0xFDFEFC7F

mem[X,0x80000674] -> 0x0EB7
mem[X,0x80000676] -> 0xC081
[418] [M]: 0x80000674 (0xC0810EB7) lui t4, -0x3f7f0
x29 <- 0xC0810000

mem[X,0x80000678] -> 0x8E93
mem[X,0x8000067A] -> 0x840E
[419] [M]: 0x80000678 (0x840E8E93) addi t4, t4, -0x7c0
x29 <- 0xC080F840

mem[X,0x8000067C] -> 0x2F9B
mem[X,0x8000067E] -> 0x9DDF
[420] [M]: 0x8000067C (0x9DDF2F9B) padd.b.b0 t6, t5, t4
x31 <- 0xBD7EF4BF

mem[X,0x80000680] -> 0x2C23
mem[X,0x80000682] -> 0x05F1
[421] [M]: 0x80000680 (0x05F12C23) sw t6, 0x58(sp)
mem[0x800031D8] <- 0xBD7EF4BF

mem[X,0x80000684] -> 0xFF37
mem[X,0x80000686] -> 0x3F02
[422] [M]: 0x80000684 (0x3F02FF37) lui t5, 0x3f02f
x30 <- 0x3F02F000

mem[X,0x80000688] -> 0x0F13
mem[X,0x8000068A] -> 0x605F
[423] [M]: 0x80000688 (0x605F0F13) addi t5, t5, 0x605
x30 <- 0x3F02F605

mem[X,0x8000068C] -> 0x1EB7
mem[X,0x8000068E] -> 0xDFDF
[424] [M]: 0x8000068C (0xDFDF1EB7) lui t4, -0x2020f
x29 <- 0xDFDF1000

mem[X,0x80000690] -> 0x8E93
mem[X,0x80000692] -> 0x0FDE
[425] [M]: 0x80000690 (0x0FDE8E93) addi t4, t4, 0xfd
x29 <- 0xDFDF10FD

mem[X,0x80000694] -> 0x2F9B
mem[X,0x80000696] -> 0x9DDF
[426] [M]: 0x80000694 (0x9DDF2F9B) padd.b.b0 t6, t5, t4
x31 <- 0x1EE10602

mem[X,0x80000698] -> 0x2E23
mem[X,0x8000069A] -> 0x05F1
[427] [M]: 0x80000698 (0x05F12E23) sw t6, 0x5c(sp)
mem[0x800031DC] <- 0x1EE10602

mem[X,0x8000069C] -> 0x0F37
mem[X,0x8000069E] -> 0xAAF8
[428] [M]: 0x8000069C (0xAAF80F37) lui t5, -0x55080
x30 <- 0xAAF80000

mem[X,0x800006A0] -> 0x0F13
mem[X,0x800006A2] -> 0xEAAF
[429] [M]: 0x800006A0 (0xEAAF0F13) addi t5, t5, -0x156
x30 <- 0xAAF7FEAA

mem[X,0x800006A4] -> 0x0EB7
mem[X,0x800006A6] -> 0x0808
[430] [M]: 0x800006A4 (0x08080EB7) lui t4, 0x8080
x29 <- 0x08080000

mem[X,0x800006A8] -> 0x8E93
mem[X,0x800006AA] -> 0x2F7E
[431] [M]: 0x800006A8 (0x2F7E8E93) addi t4, t4, 0x2f7
x29 <- 0x080802F7

mem[X,0x800006AC] -> 0x2F9B
mem[X,0x800006AE] -> 0x9DDF
[432] [M]: 0x800006AC (0x9DDF2F9B) padd.b.b0 t6, t5, t4
x31 <- 0xB2FF00A1

mem[X,0x800006B0] -> 0x2023
mem[X,0x800006B2] -> 0x07F1
[433] [M]: 0x800006B0 (0x07F12023) sw t6, 0x60(sp)
mem[0x800031E0] <- 0xB2FF00A1

mem[X,0x800006B4] -> 0x2F37
mem[X,0x800006B6] -> 0xF6F6
[434] [M]: 0x800006B4 (0xF6F62F37) lui t5, -0x909e
x30 <- 0xF6F62000

mem[X,0x800006B8] -> 0x0F13
mem[X,0x800006BA] -> 0x0F8F
[435] [M]: 0x800006B8 (0x0F8F0F13) addi t5, t5, 0xf8
x30 <- 0xF6F620F8

mem[X,0x800006BC] -> 0x0EB7
mem[X,0x800006BE] -> 0xF656
[436] [M]: 0x800006BC (0xF6560EB7) lui t4, -0x9aa0
x29 <- 0xF6560000

mem[X,0x800006C0] -> 0x8E93
mem[X,0x800006C2] -> 0xBDFE
[437] [M]: 0x800006C0 (0xBDFE8E93) addi t4, t4, -0x421
x29 <- 0xF655FBDF

mem[X,0x800006C4] -> 0x2F9B
mem[X,0x800006C6] -> 0x9DDF
[438] [M]: 0x800006C4 (0x9DDF2F9B) padd.b.b0 t6, t5, t4
x31 <- 0xEC4B1BD7

mem[X,0x800006C8] -> 0x2223
mem[X,0x800006CA] -> 0x07F1
[439] [M]: 0x800006C8 (0x07F12223) sw t6, 0x64(sp)
mem[0x800031E4] <- 0xEC4B1BD7

mem[X,0x800006CC] -> 0xCF37
mem[X,0x800006CE] -> 0x7F55
[440] [M]: 0x800006CC (0x7F55CF37) lui t5, 0x7f55c
x30 <- 0x7F55C000

mem[X,0x800006D0] -> 0x0F13
mem[X,0x800006D2] -> 0xFFDF
[441] [M]: 0x800006D0 (0xFFDF0F13) addi t5, t5, -0x3
x30 <- 0x7F55BFFD

mem[X,0x800006D4] -> 0x1EB7
mem[X,0x800006D6] -> 0xF909
[442] [M]: 0x800006D4 (0xF9091EB7) lui t4, -0x6f6f
x29 <- 0xF9091000

mem[X,0x800006D8] -> 0x8E93
mem[X,0x800006DA] -> 0x800E
[443] [M]: 0x800006D8 (0x800E8E93) addi t4, t4, -0x800
x29 <- 0xF9090800

mem[X,0x800006DC] -> 0x2F9B
mem[X,0x800006DE] -> 0x9DDF
[444] [M]: 0x800006DC (0x9DDF2F9B) padd.b.b0 t6, t5, t4
x31 <- 0x785EC7FD

mem[X,0x800006E0] -> 0x2423
mem[X,0x800006E2] -> 0x07F1
[445] [M]: 0x800006E0 (0x07F12423) sw t6, 0x68(sp)
mem[0x800031E8] <- 0x785EC7FD

mem[X,0x800006E4] -> 0x5F37
mem[X,0x800006E6] -> 0xDF03
[446] [M]: 0x800006E4 (0xDF035F37) lui t5, -0x20fcb
x30 <- 0xDF035000

mem[X,0x800006E8] -> 0x0F13
mem[X,0x800006EA] -> 0x5DFF
[447] [M]: 0x800006E8 (0x5DFF0F13) addi t5, t5, 0x5df
x30 <- 0xDF0355DF

mem[X,0x800006EC] -> 0x0EB7
mem[X,0x800006EE] -> 0xBF11
[448] [M]: 0x800006EC (0xBF110EB7) lui t4, -0x40ef0
x29 <- 0xBF110000

mem[X,0x800006F0] -> 0x8E93
mem[X,0x800006F2] -> 0xFF7E
[449] [M]: 0x800006F0 (0xFF7E8E93) addi t4, t4, -0x9
x29 <- 0xBF10FFF7

mem[X,0x800006F4] -> 0x2F9B
mem[X,0x800006F6] -> 0x9DDF
[450] [M]: 0x800006F4 (0x9DDF2F9B) padd.b.b0 t6, t5, t4
x31 <- 0x9E1354D6

mem[X,0x800006F8] -> 0x2623
mem[X,0x800006FA] -> 0x07F1
[451] [M]: 0x800006F8 (0x07F12623) sw t6, 0x6c(sp)
mem[0x800031EC] <- 0x9E1354D6

mem[X,0x800006FC] -> 0x0F37
mem[X,0x800006FE] -> 0xFE04
[452] [M]: 0x800006FC (0xFE040F37) lui t5, -0x1fc0
x30 <- 0xFE040000

mem[X,0x80000700] -> 0x0F13
mem[X,0x80000702] -> 0x380F
[453] [M]: 0x80000700 (0x380F0F13) addi t5, t5, 0x380
x30 <- 0xFE040380

mem[X,0x80000704] -> 0x0EB7
mem[X,0x80000706] -> 0xFF40
[454] [M]: 0x80000704 (0xFF400EB7) lui t4, -0xc00
x29 <- 0xFF400000

mem[X,0x80000708] -> 0x8E93
mem[X,0x8000070A] -> 0x0AAE
[455] [M]: 0x80000708 (0x0AAE8E93) addi t4, t4, 0xaa
x29 <- 0xFF4000AA

mem[X,0x8000070C] -> 0x2F9B
mem[X,0x8000070E] -> 0x9DDF
[456] [M]: 0x8000070C (0x9DDF2F9B) padd.b.b0 t6, t5, t4
x31 <- 0xFD44032A

mem[X,0x80000710] -> 0x2823
mem[X,0x80000712] -> 0x07F1
[457] [M]: 0x80000710 (0x07F12823) sw t6, 0x70(sp)
mem[0x800031F0] <- 0xFD44032A

mem[X,0x80000714] -> 0x0F37
mem[X,0x80000716] -> 0xF7F8
[458] [M]: 0x80000714 (0xF7F80F37) lui t5, -0x8080
x30 <- 0xF7F80000

mem[X,0x80000718] -> 0x0F13
mem[X,0x8000071A] -> 0x5FFF
[459] [M]: 0x80000718 (0x5FFF0F13) addi t5, t5, 0x5ff
x30 <- 0xF7F805FF

mem[X,0x8000071C] -> 0x8EB7
mem[X,0x8000071E] -> 0x0406
[460] [M]: 0x8000071C (0x04068EB7) lui t4, 0x4068
x29 <- 0x04068000

mem[X,0x80000720] -> 0x8E93
mem[X,0x80000722] -> 0xFDFE
[461] [M]: 0x80000720 (0xFDFE8E93) addi t4, t4, -0x21
x29 <- 0x04067FDF

mem[X,0x80000724] -> 0x2F9B
mem[X,0x80000726] -> 0x9DDF
[462] [M]: 0x80000724 (0x9DDF2F9B) padd.b.b0 t6, t5, t4
x31 <- 0xFBFE84DE

mem[X,0x80000728] -> 0x2A23
mem[X,0x8000072A] -> 0x07F1
[463] [M]: 0x80000728 (0x07F12A23) sw t6, 0x74(sp)
mem[0x800031F4] <- 0xFBFE84DE

mem[X,0x8000072C] -> 0x0F37
mem[X,0x8000072E] -> 0x0900
[464] [M]: 0x8000072C (0x09000F37) lui t5, 0x9000
x30 <- 0x09000000

mem[X,0x80000730] -> 0x0F13
mem[X,0x80000732] -> 0x3EFF
[465] [M]: 0x80000730 (0x3EFF0F13) addi t5, t5, 0x3ef
x30 <- 0x090003EF

mem[X,0x80000734] -> 0x4EB7
mem[X,0x80000736] -> 0x80BF
[466] [M]: 0x80000734 (0x80BF4EB7) lui t4, -0x7f40c
x29 <- 0x80BF4000

mem[X,0x80000738] -> 0x8E93
mem[X,0x8000073A] -> 0x009E
[467] [M]: 0x80000738 (0x009E8E93) addi t4, t4, 0x9
x29 <- 0x80BF4009

mem[X,0x8000073C] -> 0x2F9B
mem[X,0x8000073E] -> 0x9DDF
[468] [M]: 0x8000073C (0x9DDF2F9B) padd.b.b0 t6, t5, t4
x31 <- 0x89BF43F8

mem[X,0x80000740] -> 0x2C23
mem[X,0x80000742] -> 0x07F1
[469] [M]: 0x80000740 (0x07F12C23) sw t6, 0x78(sp)
mem[0x800031F8] <- 0x89BF43F8

mem[X,0x80000744] -> 0x0F37
mem[X,0x80000746] -> 0x3F01
[470] [M]: 0x80000744 (0x3F010F37) lui t5, 0x3f010
x30 <- 0x3F010000

mem[X,0x80000748] -> 0x0F13
mem[X,0x8000074A] -> 0x1FAF
[471] [M]: 0x80000748 (0x1FAF0F13) addi t5, t5, 0x1fa
x30 <- 0x3F0101FA

mem[X,0x8000074C] -> 0x0EB7
mem[X,0x8000074E] -> 0x0502
[472] [M]: 0x8000074C (0x05020EB7) lui t4, 0x5020
x29 <- 0x05020000

mem[X,0x80000750] -> 0x8E93
mem[X,0x80000752] -> 0x708E
[473] [M]: 0x80000750 (0x708E8E93) addi t4, t4, 0x708
x29 <- 0x05020708

mem[X,0x80000754] -> 0x2F9B
mem[X,0x80000756] -> 0x9DDF
[474] [M]: 0x80000754 (0x9DDF2F9B) padd.b.b0 t6, t5, t4
x31 <- 0x44030802

mem[X,0x80000758] -> 0x2E23
mem[X,0x8000075A] -> 0x07F1
[475] [M]: 0x80000758 (0x07F12E23) sw t6, 0x7c(sp)
mem[0x800031FC] <- 0x44030802

mem[X,0x8000075C] -> 0x0F37
mem[X,0x8000075E] -> 0xF902
[476] [M]: 0x8000075C (0xF9020F37) lui t5, -0x6fe0
x30 <- 0xF9020000

mem[X,0x80000760] -> 0x0F13
mem[X,0x80000762] -> 0x709F
[477] [M]: 0x80000760 (0x709F0F13) addi t5, t5, 0x709
x30 <- 0xF9020709

mem[X,0x80000764] -> 0x2EB7
mem[X,0x80000766] -> 0x0303
[478] [M]: 0x80000764 (0x03032EB7) lui t4, 0x3032
x29 <- 0x03032000

mem[X,0x80000768] -> 0x8E93
mem[X,0x8000076A] -> 0x0DFE
[479] [M]: 0x80000768 (0x0DFE8E93) addi t4, t4, 0xdf
x29 <- 0x030320DF

mem[X,0x8000076C] -> 0x2F9B
mem[X,0x8000076E] -> 0x9DDF
[480] [M]: 0x8000076C (0x9DDF2F9B) padd.b.b0 t6, t5, t4
x31 <- 0xFC0527E8

mem[X,0x80000770] -> 0x2023
mem[X,0x80000772] -> 0x09F1
[481] [M]: 0x80000770 (0x09F12023) sw t6, 0x80(sp)
mem[0x80003200] <- 0xFC0527E8

mem[X,0x80000774] -> 0x4F37
mem[X,0x80000776] -> 0x08FB
[482] [M]: 0x80000774 (0x08FB4F37) lui t5, 0x8fb4
x30 <- 0x08FB4000

mem[X,0x80000778] -> 0x0F13
mem[X,0x8000077A] -> 0xFF6F
[483] [M]: 0x80000778 (0xFF6F0F13) addi t5, t5, -0xa
x30 <- 0x08FB3FF6

mem[X,0x8000077C] -> 0x2EB7
mem[X,0x8000077E] -> 0xFEF8
[484] [M]: 0x8000077C (0xFEF82EB7) lui t4, -0x107e
x29 <- 0xFEF82000

mem[X,0x80000780] -> 0x8E93
mem[X,0x80000782] -> 0x004E
[485] [M]: 0x80000780 (0x004E8E93) addi t4, t4, 0x4
x29 <- 0xFEF82004

mem[X,0x80000784] -> 0x2F9B
mem[X,0x80000786] -> 0x9DDF
[486] [M]: 0x80000784 (0x9DDF2F9B) padd.b.b0 t6, t5, t4
x31 <- 0x06F35FFA

mem[X,0x80000788] -> 0x2223
mem[X,0x8000078A] -> 0x09F1
[487] [M]: 0x80000788 (0x09F12223) sw t6, 0x84(sp)
mem[0x80003204] <- 0x06F35FFA

mem[X,0x8000078C] -> 0x0F37
mem[X,0x8000078E] -> 0x047F
[488] [M]: 0x8000078C (0x047F0F37) lui t5, 0x47f0
x30 <- 0x047F0000

mem[X,0x80000790] -> 0x0F13
mem[X,0x80000792] -> 0x007F
[489] [M]: 0x80000790 (0x007F0F13) addi t5, t5, 0x7
x30 <- 0x047F0007

mem[X,0x80000794] -> 0xBEB7
mem[X,0x80000796] -> 0xFFEF
[490] [M]: 0x80000794 (0xFFEFBEB7) lui t4, -0x105
x29 <- 0xFFEFB000

mem[X,0x80000798] -> 0x8E93
mem[X,0x8000079A] -> 0xA05E
[491] [M]: 0x80000798 (0xA05E8E93) addi t4, t4, -0x5fb
x29 <- 0xFFEFAA05

mem[X,0x8000079C] -> 0x2F9B
mem[X,0x8000079E] -> 0x9DDF
[492] [M]: 0x8000079C (0x9DDF2F9B) padd.b.b0 t6, t5, t4
x31 <- 0x036EAA0C

mem[X,0x800007A0] -> 0x2423
mem[X,0x800007A2] -> 0x09F1
[493] [M]: 0x800007A0 (0x09F12423) sw t6, 0x88(sp)
mem[0x80003208] <- 0x036EAA0C

mem[X,0x800007A4] -> 0xEF37
mem[X,0x800007A6] -> 0xAADF
[494] [M]: 0x800007A4 (0xAADFEF37) lui t5, -0x55202
x30 <- 0xAADFE000

mem[X,0x800007A8] -> 0x0F13
mem[X,0x800007AA] -> 0xFFAF
[495] [M]: 0x800007A8 (0xFFAF0F13) addi t5, t5, -0x6
x30 <- 0xAADFDFFA

mem[X,0x800007AC] -> 0x0EB7
mem[X,0x800007AE] -> 0xBF21
[496] [M]: 0x800007AC (0xBF210EB7) lui t4, -0x40df0
x29 <- 0xBF210000

mem[X,0x800007B0] -> 0x8E93
mem[X,0x800007B2] -> 0xC04E
[497] [M]: 0x800007B0 (0xC04E8E93) addi t4, t4, -0x3fc
x29 <- 0xBF20FC04

mem[X,0x800007B4] -> 0x2F9B
mem[X,0x800007B6] -> 0x9DDF
[498] [M]: 0x800007B4 (0x9DDF2F9B) padd.b.b0 t6, t5, t4
x31 <- 0x69FFDBFE

mem[X,0x800007B8] -> 0x2623
mem[X,0x800007BA] -> 0x09F1
[499] [M]: 0x800007B8 (0x09F12623) sw t6, 0x8c(sp)
mem[0x8000320C] <- 0x69FFDBFE

clint::tick mtime <- 0x0000000000000005
 clint timer pending at mtime 0x0000000000000005
htif::tick 0x0000000000000000
mem[X,0x800007BC] -> 0xFF37
mem[X,0x800007BE] -> 0x40BF
[500] [M]: 0x800007BC (0x40BFFF37) lui t5, 0x40bff
x30 <- 0x40BFF000

mem[X,0x800007C0] -> 0x0F13
mem[X,0x800007C2] -> 0x7AAF
[501] [M]: 0x800007C0 (0x7AAF0F13) addi t5, t5, 0x7aa
x30 <- 0x40BFF7AA

mem[X,0x800007C4] -> 0xBEB7
mem[X,0x800007C6] -> 0xFF08
[502] [M]: 0x800007C4 (0xFF08BEB7) lui t4, -0xf75
x29 <- 0xFF08B000

mem[X,0x800007C8] -> 0x8E93
mem[X,0x800007CA] -> 0xA00E
[503] [M]: 0x800007C8 (0xA00E8E93) addi t4, t4, -0x600
x29 <- 0xFF08AA00

mem[X,0x800007CC] -> 0x2F9B
mem[X,0x800007CE] -> 0x9DDF
[504] [M]: 0x800007CC (0x9DDF2F9B) padd.b.b0 t6, t5, t4
x31 <- 0x3FC7A1AA

mem[X,0x800007D0] -> 0x2823
mem[X,0x800007D2] -> 0x09F1
[505] [M]: 0x800007D0 (0x09F12823) sw t6, 0x90(sp)
mem[0x80003210] <- 0x3FC7A1AA

mem[X,0x800007D4] -> 0x8F37
mem[X,0x800007D6] -> 0x55AA
[506] [M]: 0x800007D4 (0x55AA8F37) lui t5, 0x55aa8
x30 <- 0x55AA8000

mem[X,0x800007D8] -> 0x0F13
mem[X,0x800007DA] -> 0xF05F
[507] [M]: 0x800007D8 (0xF05F0F13) addi t5, t5, -0xfb
x30 <- 0x55AA7F05

mem[X,0x800007DC] -> 0xFEB7
mem[X,0x800007DE] -> 0x407F
[508] [M]: 0x800007DC (0x407FFEB7) lui t4, 0x407ff
x29 <- 0x407FF000

mem[X,0x800007E0] -> 0x8E93
mem[X,0x800007E2] -> 0x704E
[509] [M]: 0x800007E0 (0x704E8E93) addi t4, t4, 0x704
x29 <- 0x407FF704

mem[X,0x800007E4] -> 0x2F9B
mem[X,0x800007E6] -> 0x9DDF
[510] [M]: 0x800007E4 (0x9DDF2F9B) padd.b.b0 t6, t5, t4
x31 <- 0x95297609

mem[X,0x800007E8] -> 0x2A23
mem[X,0x800007EA] -> 0x09F1
[511] [M]: 0x800007E8 (0x09F12A23) sw t6, 0x94(sp)
mem[0x80003214] <- 0x95297609

mem[X,0x800007EC] -> 0x8F37
mem[X,0x800007EE] -> 0xFC3F
[512] [M]: 0x800007EC (0xFC3F8F37) lui t5, -0x3c08
x30 <- 0xFC3F8000

mem[X,0x800007F0] -> 0x0F13
mem[X,0x800007F2] -> 0x040F
[513] [M]: 0x800007F0 (0x040F0F13) addi t5, t5, 0x40
x30 <- 0xFC3F8040

mem[X,0x800007F4] -> 0x0EB7
mem[X,0x800007F6] -> 0xBFBF
[514] [M]: 0x800007F4 (0xBFBF0EB7) lui t4, -0x40410
x29 <- 0xBFBF0000

mem[X,0x800007F8] -> 0x8E93
mem[X,0x800007FA] -> 0x5EFE
[515] [M]: 0x800007F8 (0x5EFE8E93) addi t4, t4, 0x5ef
x29 <- 0xBFBF05EF

mem[X,0x800007FC] -> 0x2F9B
mem[X,0x800007FE] -> 0x9DDF
[516] [M]: 0x800007FC (0x9DDF2F9B) padd.b.b0 t6, t5, t4
x31 <- 0xBBFE852F

mem[X,0x80000800] -> 0x2C23
mem[X,0x80000802] -> 0x09F1
[517] [M]: 0x80000800 (0x09F12C23) sw t6, 0x98(sp)
mem[0x80003218] <- 0xBBFE852F

mem[X,0x80000804] -> 0xFF37
mem[X,0x80000806] -> 0x20FF
[518] [M]: 0x80000804 (0x20FFFF37) lui t5, 0x20fff
x30 <- 0x20FFF000

mem[X,0x80000808] -> 0x0F13
mem[X,0x8000080A] -> 0x601F
[519] [M]: 0x80000808 (0x601F0F13) addi t5, t5, 0x601
x30 <- 0x20FFF601

mem[X,0x8000080C] -> 0x0EB7
mem[X,0x8000080E] -> 0xEFFB
[520] [M]: 0x8000080C (0xEFFB0EB7) lui t4, -0x10050
x29 <- 0xEFFB0000

mem[X,0x80000810] -> 0x8E93
mem[X,0x80000812] -> 0x5FFE
[521] [M]: 0x80000810 (0x5FFE8E93) addi t4, t4, 0x5ff
x29 <- 0xEFFB05FF

mem[X,0x80000814] -> 0x2F9B
mem[X,0x80000816] -> 0x9DDF
[522] [M]: 0x80000814 (0x9DDF2F9B) padd.b.b0 t6, t5, t4
x31 <- 0x0FFAFB00

mem[X,0x80000818] -> 0x2E23
mem[X,0x8000081A] -> 0x09F1
[523] [M]: 0x80000818 (0x09F12E23) sw t6, 0x9c(sp)
mem[0x8000321C] <- 0x0FFAFB00

mem[X,0x8000081C] -> 0x0F37
mem[X,0x8000081E] -> 0xFA81
[524] [M]: 0x8000081C (0xFA810F37) lui t5, -0x57f0
x30 <- 0xFA810000

mem[X,0x80000820] -> 0x0F13
mem[X,0x80000822] -> 0x9FEF
[525] [M]: 0x80000820 (0x9FEF0F13) addi t5, t5, -0x602
x30 <- 0xFA80F9FE

mem[X,0x80000824] -> 0x0EB7
mem[X,0x80000826] -> 0xF63F
[526] [M]: 0x80000824 (0xF63F0EB7) lui t4, -0x9c10
x29 <- 0xF63F0000

mem[X,0x80000828] -> 0x8E93
mem[X,0x8000082A] -> 0x7FFE
[527] [M]: 0x80000828 (0x7FFE8E93) addi t4, t4, 0x7ff
x29 <- 0xF63F07FF

mem[X,0x8000082C] -> 0x2F9B
mem[X,0x8000082E] -> 0x9DDF
[528] [M]: 0x8000082C (0x9DDF2F9B) padd.b.b0 t6, t5, t4
x31 <- 0xF0BF00FD

mem[X,0x80000830] -> 0x2023
mem[X,0x80000832] -> 0x0BF1
[529] [M]: 0x80000830 (0x0BF12023) sw t6, 0xa0(sp)
mem[0x80003220] <- 0xF0BF00FD

mem[X,0x80000834] -> 0x006F
mem[X,0x80000836] -> 0x0200
[530] [M]: 0x80000834 (0x0200006F) jal zero, 0x20

mem[X,0x80000854] -> 0x0093
mem[X,0x80000856] -> 0x0010
[531] [M]: 0x80000854 (0x00100093) addi ra, zero, 0x1
x1 <- 0x00000001

mem[X,0x80000858] -> 0x0F17
mem[X,0x8000085A] -> 0x0000
[532] [M]: 0x80000858 (0x00000F17) auipc t5, 0x0
x30 <- 0x80000858

mem[X,0x8000085C] -> 0x2423
mem[X,0x8000085E] -> 0x7A1F
[533] [M]: 0x8000085C (0x7A1F2423) sw ra, 0x7a8(t5)
htif[0x80001000] <- 0x00000001

mem[X,0x80000860] -> 0xF06F
mem[X,0x80000862] -> 0xFF9F
[534] [M]: 0x80000860 (0xFF9FF06F) jal zero, -0x8

mem[X,0x80000858] -> 0x0F17
mem[X,0x8000085A] -> 0x0000
[535] [M]: 0x80000858 (0x00000F17) auipc t5, 0x0
x30 <- 0x80000858

mem[X,0x8000085C] -> 0x2423
mem[X,0x8000085E] -> 0x7A1F
[536] [M]: 0x8000085C (0x7A1F2423) sw ra, 0x7a8(t5)
htif[0x80001000] <- 0x00000001

mem[X,0x80000860] -> 0xF06F
mem[X,0x80000862] -> 0xFF9F
[537] [M]: 0x80000860 (0xFF9FF06F) jal zero, -0x8

mem[X,0x80000858] -> 0x0F17
mem[X,0x8000085A] -> 0x0000
[538] [M]: 0x80000858 (0x00000F17) auipc t5, 0x0
x30 <- 0x80000858

mem[X,0x8000085C] -> 0x2423
mem[X,0x8000085E] -> 0x7A1F
[539] [M]: 0x8000085C (0x7A1F2423) sw ra, 0x7a8(t5)
htif[0x80001000] <- 0x00000001
htif-syscall-proxy cmd: 0x000000000001

SUCCESS
