using /home/chsu/rvp-workspace/test-32/riscof_work/pmulq.h-01.S/ref/Reference-sail_c_simulator.signature for test-signature output.
tohost located at 0x80001000
Running file ref.elf.
ELF Entry @ 0x80000000
begin_signature: 0x80003110
end_signature: 0x80003260
CSR mstatus <- 0x00000000 (input: 0x00000000)
mem[X,0x00001000] -> 0x0297
mem[X,0x00001002] -> 0x0000
[0] [M]: 0x00001000 (0x00000297) auipc t0, 0x0
x5 <- 0x00001000

mem[X,0x00001004] -> 0x8593
mem[X,0x00001006] -> 0x0202
[1] [M]: 0x00001004 (0x02028593) addi a1, t0, 0x20
x11 <- 0x00001020

mem[X,0x00001008] -> 0x2573
mem[X,0x0000100A] -> 0xF140
[2] [M]: 0x00001008 (0xF1402573) csrrs a0, mhartid, zero
CSR mhartid -> 0x00000000
x10 <- 0x00000000

mem[X,0x0000100C] -> 0xA283
mem[X,0x0000100E] -> 0x0182
[3] [M]: 0x0000100C (0x0182A283) lw t0, 0x18(t0)
mem[R,0x00001018] -> 0x80000000
x5 <- 0x80000000

mem[X,0x00001010] -> 0x8067
mem[X,0x00001012] -> 0x0002
[4] [M]: 0x00001010 (0x00028067) jalr zero, 0x0(t0)

mem[X,0x80000000] -> 0x0837
mem[X,0x80000002] -> 0x7D5C
[5] [M]: 0x80000000 (0x7D5C0837) lui a6, 0x7d5c0
x16 <- 0x7D5C0000

mem[X,0x80000004] -> 0x0813
mem[X,0x80000006] -> 0xDDB8
[6] [M]: 0x80000004 (0xDDB80813) addi a6, a6, -0x225
x16 <- 0x7D5BFDDB

mem[X,0x80000008] -> 0x5893
mem[X,0x8000000A] -> 0x0078
[7] [M]: 0x80000008 (0x00785893) srli a7, a6, 0x7
x17 <- 0x00FAB7FB

mem[X,0x8000000C] -> 0x5793
mem[X,0x8000000E] -> 0x0198
[8] [M]: 0x8000000C (0x01985793) srli a5, a6, 0x19
x15 <- 0x0000003E

mem[X,0x80000010] -> 0xE8B3
mem[X,0x80000012] -> 0x00F8
[9] [M]: 0x80000010 (0x00F8E8B3) or a7, a7, a5
x17 <- 0x00FAB7FF

mem[X,0x80000014] -> 0xD913
mem[X,0x80000016] -> 0x0078
[10] [M]: 0x80000014 (0x0078D913) srli s2, a7, 0x7
x18 <- 0x0001F56F

mem[X,0x80000018] -> 0xD793
mem[X,0x8000001A] -> 0x0198
[11] [M]: 0x80000018 (0x0198D793) srli a5, a7, 0x19
x15 <- 0x00000000

mem[X,0x8000001C] -> 0x6933
mem[X,0x8000001E] -> 0x00F9
[12] [M]: 0x8000001C (0x00F96933) or s2, s2, a5
x18 <- 0x0001F56F

mem[X,0x80000020] -> 0x5993
mem[X,0x80000022] -> 0x0079
[13] [M]: 0x80000020 (0x00795993) srli s3, s2, 0x7
x19 <- 0x000003EA

mem[X,0x80000024] -> 0x5793
mem[X,0x80000026] -> 0x0199
[14] [M]: 0x80000024 (0x01995793) srli a5, s2, 0x19
x15 <- 0x00000000

mem[X,0x80000028] -> 0xE9B3
mem[X,0x8000002A] -> 0x00F9
[15] [M]: 0x80000028 (0x00F9E9B3) or s3, s3, a5
x19 <- 0x000003EA

mem[X,0x8000002C] -> 0xDA13
mem[X,0x8000002E] -> 0x0079
[16] [M]: 0x8000002C (0x0079DA13) srli s4, s3, 0x7
x20 <- 0x00000007

mem[X,0x80000030] -> 0xD793
mem[X,0x80000032] -> 0x0199
[17] [M]: 0x80000030 (0x0199D793) srli a5, s3, 0x19
x15 <- 0x00000000

mem[X,0x80000034] -> 0x6A33
mem[X,0x80000036] -> 0x00FA
[18] [M]: 0x80000034 (0x00FA6A33) or s4, s4, a5
x20 <- 0x00000007

mem[X,0x80000038] -> 0x5A93
mem[X,0x8000003A] -> 0x007A
[19] [M]: 0x80000038 (0x007A5A93) srli s5, s4, 0x7
x21 <- 0x00000000

mem[X,0x8000003C] -> 0x5793
mem[X,0x8000003E] -> 0x019A
[20] [M]: 0x8000003C (0x019A5793) srli a5, s4, 0x19
x15 <- 0x00000000

mem[X,0x80000040] -> 0xEAB3
mem[X,0x80000042] -> 0x00FA
[21] [M]: 0x80000040 (0x00FAEAB3) or s5, s5, a5
x21 <- 0x00000000

mem[X,0x80000044] -> 0xDB13
mem[X,0x80000046] -> 0x007A
[22] [M]: 0x80000044 (0x007ADB13) srli s6, s5, 0x7
x22 <- 0x00000000

mem[X,0x80000048] -> 0xD793
mem[X,0x8000004A] -> 0x019A
[23] [M]: 0x80000048 (0x019AD793) srli a5, s5, 0x19
x15 <- 0x00000000

mem[X,0x8000004C] -> 0x6B33
mem[X,0x8000004E] -> 0x00FB
[24] [M]: 0x8000004C (0x00FB6B33) or s6, s6, a5
x22 <- 0x00000000

mem[X,0x80000050] -> 0x5B93
mem[X,0x80000052] -> 0x007B
[25] [M]: 0x80000050 (0x007B5B93) srli s7, s6, 0x7
x23 <- 0x00000000

mem[X,0x80000054] -> 0x5793
mem[X,0x80000056] -> 0x019B
[26] [M]: 0x80000054 (0x019B5793) srli a5, s6, 0x19
x15 <- 0x00000000

mem[X,0x80000058] -> 0xEBB3
mem[X,0x8000005A] -> 0x00FB
[27] [M]: 0x80000058 (0x00FBEBB3) or s7, s7, a5
x23 <- 0x00000000

mem[X,0x8000005C] -> 0xDC13
mem[X,0x8000005E] -> 0x007B
[28] [M]: 0x8000005C (0x007BDC13) srli s8, s7, 0x7
x24 <- 0x00000000

mem[X,0x80000060] -> 0xD793
mem[X,0x80000062] -> 0x019B
[29] [M]: 0x80000060 (0x019BD793) srli a5, s7, 0x19
x15 <- 0x00000000

mem[X,0x80000064] -> 0x6C33
mem[X,0x80000066] -> 0x00FC
[30] [M]: 0x80000064 (0x00FC6C33) or s8, s8, a5
x24 <- 0x00000000

mem[X,0x80000068] -> 0x5C93
mem[X,0x8000006A] -> 0x007C
[31] [M]: 0x80000068 (0x007C5C93) srli s9, s8, 0x7
x25 <- 0x00000000

mem[X,0x8000006C] -> 0x5793
mem[X,0x8000006E] -> 0x019C
[32] [M]: 0x8000006C (0x019C5793) srli a5, s8, 0x19
x15 <- 0x00000000

mem[X,0x80000070] -> 0xECB3
mem[X,0x80000072] -> 0x00FC
[33] [M]: 0x80000070 (0x00FCECB3) or s9, s9, a5
x25 <- 0x00000000

mem[X,0x80000074] -> 0xDD13
mem[X,0x80000076] -> 0x007C
[34] [M]: 0x80000074 (0x007CDD13) srli s10, s9, 0x7
x26 <- 0x00000000

mem[X,0x80000078] -> 0xD793
mem[X,0x8000007A] -> 0x019C
[35] [M]: 0x80000078 (0x019CD793) srli a5, s9, 0x19
x15 <- 0x00000000

mem[X,0x8000007C] -> 0x6D33
mem[X,0x8000007E] -> 0x00FD
[36] [M]: 0x8000007C (0x00FD6D33) or s10, s10, a5
x26 <- 0x00000000

mem[X,0x80000080] -> 0x5D93
mem[X,0x80000082] -> 0x007D
[37] [M]: 0x80000080 (0x007D5D93) srli s11, s10, 0x7
x27 <- 0x00000000

mem[X,0x80000084] -> 0x5793
mem[X,0x80000086] -> 0x019D
[38] [M]: 0x80000084 (0x019D5793) srli a5, s10, 0x19
x15 <- 0x00000000

mem[X,0x80000088] -> 0xEDB3
mem[X,0x8000008A] -> 0x00FD
[39] [M]: 0x80000088 (0x00FDEDB3) or s11, s11, a5
x27 <- 0x00000000

mem[X,0x8000008C] -> 0xDE13
mem[X,0x8000008E] -> 0x007D
[40] [M]: 0x8000008C (0x007DDE13) srli t3, s11, 0x7
x28 <- 0x00000000

mem[X,0x80000090] -> 0xD793
mem[X,0x80000092] -> 0x019D
[41] [M]: 0x80000090 (0x019DD793) srli a5, s11, 0x19
x15 <- 0x00000000

mem[X,0x80000094] -> 0x6E33
mem[X,0x80000096] -> 0x00FE
[42] [M]: 0x80000094 (0x00FE6E33) or t3, t3, a5
x28 <- 0x00000000

mem[X,0x80000098] -> 0x5E93
mem[X,0x8000009A] -> 0x007E
[43] [M]: 0x80000098 (0x007E5E93) srli t4, t3, 0x7
x29 <- 0x00000000

mem[X,0x8000009C] -> 0x5793
mem[X,0x8000009E] -> 0x019E
[44] [M]: 0x8000009C (0x019E5793) srli a5, t3, 0x19
x15 <- 0x00000000

mem[X,0x800000A0] -> 0xEEB3
mem[X,0x800000A2] -> 0x00FE
[45] [M]: 0x800000A0 (0x00FEEEB3) or t4, t4, a5
x29 <- 0x00000000

mem[X,0x800000A4] -> 0xDF13
mem[X,0x800000A6] -> 0x007E
[46] [M]: 0x800000A4 (0x007EDF13) srli t5, t4, 0x7
x30 <- 0x00000000

mem[X,0x800000A8] -> 0xD793
mem[X,0x800000AA] -> 0x019E
[47] [M]: 0x800000A8 (0x019ED793) srli a5, t4, 0x19
x15 <- 0x00000000

mem[X,0x800000AC] -> 0x6F33
mem[X,0x800000AE] -> 0x00FF
[48] [M]: 0x800000AC (0x00FF6F33) or t5, t5, a5
x30 <- 0x00000000

mem[X,0x800000B0] -> 0xC0B7
mem[X,0x800000B2] -> 0xFEED
[49] [M]: 0x800000B0 (0xFEEDC0B7) lui ra, -0x1124
x1 <- 0xFEEDC000

mem[X,0x800000B4] -> 0x8093
mem[X,0x800000B6] -> 0xEAD0
[50] [M]: 0x800000B4 (0xEAD08093) addi ra, ra, -0x153
x1 <- 0xFEEDBEAD

mem[X,0x800000B8] -> 0xD113
mem[X,0x800000BA] -> 0x0070
[51] [M]: 0x800000B8 (0x0070D113) srli sp, ra, 0x7
x2 <- 0x01FDDB7D

mem[X,0x800000BC] -> 0xD793
mem[X,0x800000BE] -> 0x0190
[52] [M]: 0x800000BC (0x0190D793) srli a5, ra, 0x19
x15 <- 0x0000007F

mem[X,0x800000C0] -> 0x6133
mem[X,0x800000C2] -> 0x00F1
[53] [M]: 0x800000C0 (0x00F16133) or sp, sp, a5
x2 <- 0x01FDDB7F

mem[X,0x800000C4] -> 0x5193
mem[X,0x800000C6] -> 0x0071
[54] [M]: 0x800000C4 (0x00715193) srli gp, sp, 0x7
x3 <- 0x0003FBB6

mem[X,0x800000C8] -> 0x5793
mem[X,0x800000CA] -> 0x0191
[55] [M]: 0x800000C8 (0x01915793) srli a5, sp, 0x19
x15 <- 0x00000000

mem[X,0x800000CC] -> 0xE1B3
mem[X,0x800000CE] -> 0x00F1
[56] [M]: 0x800000CC (0x00F1E1B3) or gp, gp, a5
x3 <- 0x0003FBB6

mem[X,0x800000D0] -> 0xD213
mem[X,0x800000D2] -> 0x0071
[57] [M]: 0x800000D0 (0x0071D213) srli tp, gp, 0x7
x4 <- 0x000007F7

mem[X,0x800000D4] -> 0xD793
mem[X,0x800000D6] -> 0x0191
[58] [M]: 0x800000D4 (0x0191D793) srli a5, gp, 0x19
x15 <- 0x00000000

mem[X,0x800000D8] -> 0x6233
mem[X,0x800000DA] -> 0x00F2
[59] [M]: 0x800000D8 (0x00F26233) or tp, tp, a5
x4 <- 0x000007F7

mem[X,0x800000DC] -> 0x5293
mem[X,0x800000DE] -> 0x0072
[60] [M]: 0x800000DC (0x00725293) srli t0, tp, 0x7
x5 <- 0x0000000F

mem[X,0x800000E0] -> 0x5793
mem[X,0x800000E2] -> 0x0192
[61] [M]: 0x800000E0 (0x01925793) srli a5, tp, 0x19
x15 <- 0x00000000

mem[X,0x800000E4] -> 0xE2B3
mem[X,0x800000E6] -> 0x00F2
[62] [M]: 0x800000E4 (0x00F2E2B3) or t0, t0, a5
x5 <- 0x0000000F

mem[X,0x800000E8] -> 0xD313
mem[X,0x800000EA] -> 0x0072
[63] [M]: 0x800000E8 (0x0072D313) srli t1, t0, 0x7
x6 <- 0x00000000

mem[X,0x800000EC] -> 0xD793
mem[X,0x800000EE] -> 0x0192
[64] [M]: 0x800000EC (0x0192D793) srli a5, t0, 0x19
x15 <- 0x00000000

mem[X,0x800000F0] -> 0x6333
mem[X,0x800000F2] -> 0x00F3
[65] [M]: 0x800000F0 (0x00F36333) or t1, t1, a5
x6 <- 0x00000000

mem[X,0x800000F4] -> 0x5393
mem[X,0x800000F6] -> 0x0073
[66] [M]: 0x800000F4 (0x00735393) srli t2, t1, 0x7
x7 <- 0x00000000

mem[X,0x800000F8] -> 0x5793
mem[X,0x800000FA] -> 0x0193
[67] [M]: 0x800000F8 (0x01935793) srli a5, t1, 0x19
x15 <- 0x00000000

mem[X,0x800000FC] -> 0xE3B3
mem[X,0x800000FE] -> 0x00F3
[68] [M]: 0x800000FC (0x00F3E3B3) or t2, t2, a5
x7 <- 0x00000000

mem[X,0x80000100] -> 0xD413
mem[X,0x80000102] -> 0x0073
[69] [M]: 0x80000100 (0x0073D413) srli fp, t2, 0x7
x8 <- 0x00000000

mem[X,0x80000104] -> 0xD793
mem[X,0x80000106] -> 0x0193
[70] [M]: 0x80000104 (0x0193D793) srli a5, t2, 0x19
x15 <- 0x00000000

mem[X,0x80000108] -> 0x6433
mem[X,0x8000010A] -> 0x00F4
[71] [M]: 0x80000108 (0x00F46433) or fp, fp, a5
x8 <- 0x00000000

mem[X,0x8000010C] -> 0x5493
mem[X,0x8000010E] -> 0x0074
[72] [M]: 0x8000010C (0x00745493) srli s1, fp, 0x7
x9 <- 0x00000000

mem[X,0x80000110] -> 0x5793
mem[X,0x80000112] -> 0x0194
[73] [M]: 0x80000110 (0x01945793) srli a5, fp, 0x19
x15 <- 0x00000000

mem[X,0x80000114] -> 0xE4B3
mem[X,0x80000116] -> 0x00F4
[74] [M]: 0x80000114 (0x00F4E4B3) or s1, s1, a5
x9 <- 0x00000000

mem[X,0x80000118] -> 0xD513
mem[X,0x8000011A] -> 0x0074
[75] [M]: 0x80000118 (0x0074D513) srli a0, s1, 0x7
x10 <- 0x00000000

mem[X,0x8000011C] -> 0xD793
mem[X,0x8000011E] -> 0x0194
[76] [M]: 0x8000011C (0x0194D793) srli a5, s1, 0x19
x15 <- 0x00000000

mem[X,0x80000120] -> 0x6533
mem[X,0x80000122] -> 0x00F5
[77] [M]: 0x80000120 (0x00F56533) or a0, a0, a5
x10 <- 0x00000000

mem[X,0x80000124] -> 0x5593
mem[X,0x80000126] -> 0x0075
[78] [M]: 0x80000124 (0x00755593) srli a1, a0, 0x7
x11 <- 0x00000000

mem[X,0x80000128] -> 0x5793
mem[X,0x8000012A] -> 0x0195
[79] [M]: 0x80000128 (0x01955793) srli a5, a0, 0x19
x15 <- 0x00000000

mem[X,0x8000012C] -> 0xE5B3
mem[X,0x8000012E] -> 0x00F5
[80] [M]: 0x8000012C (0x00F5E5B3) or a1, a1, a5
x11 <- 0x00000000

mem[X,0x80000130] -> 0xD613
mem[X,0x80000132] -> 0x0075
[81] [M]: 0x80000130 (0x0075D613) srli a2, a1, 0x7
x12 <- 0x00000000

mem[X,0x80000134] -> 0xD793
mem[X,0x80000136] -> 0x0195
[82] [M]: 0x80000134 (0x0195D793) srli a5, a1, 0x19
x15 <- 0x00000000

mem[X,0x80000138] -> 0x6633
mem[X,0x8000013A] -> 0x00F6
[83] [M]: 0x80000138 (0x00F66633) or a2, a2, a5
x12 <- 0x00000000

mem[X,0x8000013C] -> 0x5693
mem[X,0x8000013E] -> 0x0076
[84] [M]: 0x8000013C (0x00765693) srli a3, a2, 0x7
x13 <- 0x00000000

mem[X,0x80000140] -> 0x5793
mem[X,0x80000142] -> 0x0196
[85] [M]: 0x80000140 (0x01965793) srli a5, a2, 0x19
x15 <- 0x00000000

mem[X,0x80000144] -> 0xE6B3
mem[X,0x80000146] -> 0x00F6
[86] [M]: 0x80000144 (0x00F6E6B3) or a3, a3, a5
x13 <- 0x00000000

mem[X,0x80000148] -> 0x0013
mem[X,0x8000014A] -> 0x0000
[87] [M]: 0x80000148 (0x00000013) addi zero, zero, 0x0

mem[X,0x8000014C] -> 0x0013
mem[X,0x8000014E] -> 0x0000
[88] [M]: 0x8000014C (0x00000013) addi zero, zero, 0x0

mem[X,0x80000150] -> 0x0013
mem[X,0x80000152] -> 0x0000
[89] [M]: 0x80000150 (0x00000013) addi zero, zero, 0x0

mem[X,0x80000154] -> 0x0013
mem[X,0x80000156] -> 0x0000
[90] [M]: 0x80000154 (0x00000013) addi zero, zero, 0x0

mem[X,0x80000158] -> 0x0013
mem[X,0x8000015A] -> 0x0000
[91] [M]: 0x80000158 (0x00000013) addi zero, zero, 0x0

mem[X,0x8000015C] -> 0x0013
mem[X,0x8000015E] -> 0x0000
[92] [M]: 0x8000015C (0x00000013) addi zero, zero, 0x0

mem[X,0x80000160] -> 0x3397
mem[X,0x80000162] -> 0x0000
[93] [M]: 0x80000160 (0x00003397) auipc t2, 0x3
x7 <- 0x80003160

mem[X,0x80000164] -> 0x8393
mem[X,0x80000166] -> 0xFB43
[94] [M]: 0x80000164 (0xFB438393) addi t2, t2, -0x4c
x7 <- 0x80003114

mem[X,0x80000168] -> 0x0013
mem[X,0x8000016A] -> 0x0000
[95] [M]: 0x80000168 (0x00000013) addi zero, zero, 0x0

mem[X,0x8000016C] -> 0x0013
mem[X,0x8000016E] -> 0x0000
[96] [M]: 0x8000016C (0x00000013) addi zero, zero, 0x0

mem[X,0x80000170] -> 0x0013
mem[X,0x80000172] -> 0x0000
[97] [M]: 0x80000170 (0x00000013) addi zero, zero, 0x0

mem[X,0x80000174] -> 0x0013
mem[X,0x80000176] -> 0x0000
[98] [M]: 0x80000174 (0x00000013) addi zero, zero, 0x0

mem[X,0x80000178] -> 0x0013
mem[X,0x8000017A] -> 0x0000
[99] [M]: 0x80000178 (0x00000013) addi zero, zero, 0x0

clint::tick mtime <- 0x0000000000000001
 clint timer pending at mtime 0x0000000000000001
htif::tick 0x0000000000000000
mem[X,0x8000017C] -> 0x0013
mem[X,0x8000017E] -> 0x0000
[100] [M]: 0x8000017C (0x00000013) addi zero, zero, 0x0

mem[X,0x80000180] -> 0x8E37
mem[X,0x80000182] -> 0xFFFA
[101] [M]: 0x80000180 (0xFFFA8E37) lui t3, -0x58
x28 <- 0xFFFA8000

mem[X,0x80000184] -> 0xB8B7
mem[X,0x80000186] -> 0xAAAA
[102] [M]: 0x80000184 (0xAAAAB8B7) lui a7, -0x55555
x17 <- 0xAAAAB000

mem[X,0x80000188] -> 0x8893
mem[X,0x8000018A] -> 0xAAA8
[103] [M]: 0x80000188 (0xAAA88893) addi a7, a7, -0x556
x17 <- 0xAAAAAAAA

mem[X,0x8000018C] -> 0x7ABB
mem[X,0x8000018E] -> 0xD11E
[104] [M]: 0x8000018C (0xD11E7ABB) pmulq.h s5, t3, a7
x21 <- 0x00045556

mem[X,0x80000190] -> 0xA023
mem[X,0x80000192] -> 0x0153
[105] [M]: 0x80000190 (0x0153A023) sw s5, 0x0(t2)
mem[0x80003114] <- 0x00045556

mem[X,0x80000194] -> 0x0A37
mem[X,0x80000196] -> 0xFFC0
[106] [M]: 0x80000194 (0xFFC00A37) lui s4, -0x400
x20 <- 0xFFC00000

mem[X,0x80000198] -> 0x0A13
mem[X,0x8000019A] -> 0xFFFA
[107] [M]: 0x80000198 (0xFFFA0A13) addi s4, s4, -0x1
x20 <- 0xFFBFFFFF

mem[X,0x8000019C] -> 0x0E37
mem[X,0x8000019E] -> 0x0009
[108] [M]: 0x8000019C (0x00090E37) lui t3, 0x90
x28 <- 0x00090000

mem[X,0x800001A0] -> 0x0E13
mem[X,0x800001A2] -> 0x100E
[109] [M]: 0x800001A0 (0x100E0E13) addi t3, t3, 0x100
x28 <- 0x00090100

mem[X,0x800001A4] -> 0x7E3B
mem[X,0x800001A6] -> 0xD1CA
[110] [M]: 0x800001A4 (0xD1CA7E3B) pmulq.h t3, s4, t3
x28 <- 0xFFFFFFFF

mem[X,0x800001A8] -> 0xA223
mem[X,0x800001AA] -> 0x01C3
[111] [M]: 0x800001A8 (0x01C3A223) sw t3, 0x4(t2)
mem[0x80003118] <- 0xFFFFFFFF

mem[X,0x800001AC] -> 0x0837
mem[X,0x800001AE] -> 0xEFFF
[112] [M]: 0x800001AC (0xEFFF0837) lui a6, -0x10010
x16 <- 0xEFFF0000

mem[X,0x800001B0] -> 0x8837
mem[X,0x800001B2] -> 0xBFFF
[113] [M]: 0x800001B0 (0xBFFF8837) lui a6, -0x40008
x16 <- 0xBFFF8000

mem[X,0x800001B4] -> 0x0813
mem[X,0x800001B6] -> 0xFFF8
[114] [M]: 0x800001B4 (0xFFF80813) addi a6, a6, -0x1
x16 <- 0xBFFF7FFF

mem[X,0x800001B8] -> 0x783B
mem[X,0x800001BA] -> 0xD108
[115] [M]: 0x800001B8 (0xD108783B) pmulq.h a6, a6, a6
x16 <- 0x20017FFE

mem[X,0x800001BC] -> 0xA423
mem[X,0x800001BE] -> 0x0103
[116] [M]: 0x800001BC (0x0103A423) sw a6, 0x8(t2)
mem[0x8000311C] <- 0x20017FFE

mem[X,0x800001C0] -> 0x0137
mem[X,0x800001C2] -> 0x0200
[117] [M]: 0x800001C0 (0x02000137) lui sp, 0x2000
x2 <- 0x02000000

mem[X,0x800001C4] -> 0x0113
mem[X,0x800001C6] -> 0x0011
[118] [M]: 0x800001C4 (0x00110113) addi sp, sp, 0x1
x2 <- 0x02000001

mem[X,0x800001C8] -> 0x8137
mem[X,0x800001CA] -> 0xFBFF
[119] [M]: 0x800001C8 (0xFBFF8137) lui sp, -0x4008
x2 <- 0xFBFF8000

mem[X,0x800001CC] -> 0x78BB
mem[X,0x800001CE] -> 0xD021
[120] [M]: 0x800001CC (0xD02178BB) pmulq.h a7, sp, sp
x17 <- 0x00208000

mem[X,0x800001D0] -> 0xA623
mem[X,0x800001D2] -> 0x0113
[121] [M]: 0x800001D0 (0x0113A623) sw a7, 0xc(t2)
mem[0x80003120] <- 0x00208000

mem[X,0x800001D4] -> 0x8D37
mem[X,0x800001D6] -> 0x0040
[122] [M]: 0x800001D4 (0x00408D37) lui s10, 0x408
x26 <- 0x00408000

mem[X,0x800001D8] -> 0x0D13
mem[X,0x800001DA] -> 0xFFFD
[123] [M]: 0x800001D8 (0xFFFD0D13) addi s10, s10, -0x1
x26 <- 0x00407FFF

mem[X,0x800001DC] -> 0x00B7
mem[X,0x800001DE] -> 0x0100
[124] [M]: 0x800001DC (0x010000B7) lui ra, 0x1000
x1 <- 0x01000000

mem[X,0x800001E0] -> 0x8093
mem[X,0x800001E2] -> 0x0200
[125] [M]: 0x800001E0 (0x02008093) addi ra, ra, 0x20
x1 <- 0x01000020

mem[X,0x800001E4] -> 0x7D3B
mem[X,0x800001E6] -> 0xD01D
[126] [M]: 0x800001E4 (0xD01D7D3B) pmulq.h s10, s10, ra
x26 <- 0x0000001F

mem[X,0x800001E8] -> 0xA823
mem[X,0x800001EA] -> 0x01A3
[127] [M]: 0x800001E8 (0x01A3A823) sw s10, 0x10(t2)
mem[0x80003124] <- 0x0000001F

mem[X,0x800001EC] -> 0x0C93
mem[X,0x800001EE] -> 0x0020
[128] [M]: 0x800001EC (0x00200C93) addi s9, zero, 0x2
x25 <- 0x00000002

mem[X,0x800001F0] -> 0x0C37
mem[X,0x800001F2] -> 0xFFFD
[129] [M]: 0x800001F0 (0xFFFD0C37) lui s8, -0x30
x24 <- 0xFFFD0000

mem[X,0x800001F4] -> 0x0C13
mem[X,0x800001F6] -> 0xFFFC
[130] [M]: 0x800001F4 (0xFFFC0C13) addi s8, s8, -0x1
x24 <- 0xFFFCFFFF

mem[X,0x800001F8] -> 0xF93B
mem[X,0x800001FA] -> 0xD18C
[131] [M]: 0x800001F8 (0xD18CF93B) pmulq.h s2, s9, s8
x18 <- 0x0000FFFF

mem[X,0x800001FC] -> 0xAA23
mem[X,0x800001FE] -> 0x0123
[132] [M]: 0x800001FC (0x0123AA23) sw s2, 0x14(t2)
mem[0x80003128] <- 0x0000FFFF

mem[X,0x80000200] -> 0x0937
mem[X,0x80000202] -> 0xFFFC
[133] [M]: 0x80000200 (0xFFFC0937) lui s2, -0x40
x18 <- 0xFFFC0000

mem[X,0x80000204] -> 0x0913
mem[X,0x80000206] -> 0x0049
[134] [M]: 0x80000204 (0x00490913) addi s2, s2, 0x4
x18 <- 0xFFFC0004

mem[X,0x80000208] -> 0x0037
mem[X,0x8000020A] -> 0xC000
[135] [M]: 0x80000208 (0xC0000037) lui zero, -0x40000

mem[X,0x8000020C] -> 0x0013
mem[X,0x8000020E] -> 0x1000
[136] [M]: 0x8000020C (0x10000013) addi zero, zero, 0x100

mem[X,0x80000210] -> 0x71BB
mem[X,0x80000212] -> 0xD009
[137] [M]: 0x80000210 (0xD00971BB) pmulq.h gp, s2, zero
x3 <- 0x00000000

mem[X,0x80000214] -> 0xAC23
mem[X,0x80000216] -> 0x0033
[138] [M]: 0x80000214 (0x0033AC23) sw gp, 0x18(t2)
mem[0x8000312C] <- 0x00000000

mem[X,0x80000218] -> 0x0437
mem[X,0x8000021A] -> 0xFFDF
[139] [M]: 0x80000218 (0xFFDF0437) lui fp, -0x210
x8 <- 0xFFDF0000

mem[X,0x8000021C] -> 0x0413
mem[X,0x8000021E] -> 0x0084
[140] [M]: 0x8000021C (0x00840413) addi fp, fp, 0x8
x8 <- 0xFFDF0008

mem[X,0x80000220] -> 0x0B37
mem[X,0x80000222] -> 0x0011
[141] [M]: 0x80000220 (0x00110B37) lui s6, 0x110
x22 <- 0x00110000

mem[X,0x80000224] -> 0x0B13
mem[X,0x80000226] -> 0xFFDB
[142] [M]: 0x80000224 (0xFFDB0B13) addi s6, s6, -0x3
x22 <- 0x0010FFFD

mem[X,0x80000228] -> 0x7A3B
mem[X,0x8000022A] -> 0xD164
[143] [M]: 0x80000228 (0xD1647A3B) pmulq.h s4, fp, s6
x20 <- 0xFFFFFFFF

mem[X,0x8000022C] -> 0xAE23
mem[X,0x8000022E] -> 0x0143
[144] [M]: 0x8000022C (0x0143AE23) sw s4, 0x1c(t2)
mem[0x80003130] <- 0xFFFFFFFF

mem[X,0x80000230] -> 0x0AB7
mem[X,0x80000232] -> 0x0002
[145] [M]: 0x80000230 (0x00020AB7) lui s5, 0x20
x21 <- 0x00020000

mem[X,0x80000234] -> 0x8A93
mem[X,0x80000236] -> 0x010A
[146] [M]: 0x80000234 (0x010A8A93) addi s5, s5, 0x10
x21 <- 0x00020010

mem[X,0x80000238] -> 0x4937
mem[X,0x8000023A] -> 0xAAAA
[147] [M]: 0x80000238 (0xAAAA4937) lui s2, -0x5555c
x18 <- 0xAAAA4000

mem[X,0x8000023C] -> 0x0913
mem[X,0x8000023E] -> 0xFFF9
[148] [M]: 0x8000023C (0xFFF90913) addi s2, s2, -0x1
x18 <- 0xAAAA3FFF

mem[X,0x80000240] -> 0xF9BB
mem[X,0x80000242] -> 0xD12A
[149] [M]: 0x80000240 (0xD12AF9BB) pmulq.h s3, s5, s2
x19 <- 0xFFFE0007

mem[X,0x80000244] -> 0xA023
mem[X,0x80000246] -> 0x0333
[150] [M]: 0x80000244 (0x0333A023) sw s3, 0x20(t2)
mem[0x80003134] <- 0xFFFE0007

mem[X,0x80000248] -> 0x02B7
mem[X,0x8000024A] -> 0xDFFF
[151] [M]: 0x80000248 (0xDFFF02B7) lui t0, -0x20010
x5 <- 0xDFFF0000

mem[X,0x8000024C] -> 0x8293
mem[X,0x8000024E] -> 0x0202
[152] [M]: 0x8000024C (0x02028293) addi t0, t0, 0x20
x5 <- 0xDFFF0020

mem[X,0x80000250] -> 0x8737
mem[X,0x80000252] -> 0xFFFE
[153] [M]: 0x80000250 (0xFFFE8737) lui a4, -0x18
x14 <- 0xFFFE8000

mem[X,0x80000254] -> 0x0713
mem[X,0x80000256] -> 0xFFF7
[154] [M]: 0x80000254 (0xFFF70713) addi a4, a4, -0x1
x14 <- 0xFFFE7FFF

mem[X,0x80000258] -> 0xFEBB
mem[X,0x8000025A] -> 0xD0E2
[155] [M]: 0x80000258 (0xD0E2FEBB) pmulq.h t4, t0, a4
x29 <- 0x0000001F

mem[X,0x8000025C] -> 0xA223
mem[X,0x8000025E] -> 0x03D3
[156] [M]: 0x8000025C (0x03D3A223) sw t4, 0x24(t2)
mem[0x80003138] <- 0x0000001F

mem[X,0x80000260] -> 0x0737
mem[X,0x80000262] -> 0x7FFF
[157] [M]: 0x80000260 (0x7FFF0737) lui a4, 0x7fff0
x14 <- 0x7FFF0000

mem[X,0x80000264] -> 0x0713
mem[X,0x80000266] -> 0x0407
[158] [M]: 0x80000264 (0x04070713) addi a4, a4, 0x40
x14 <- 0x7FFF0040

mem[X,0x80000268] -> 0x01B7
mem[X,0x8000026A] -> 0xFFF8
[159] [M]: 0x80000268 (0xFFF801B7) lui gp, -0x80
x3 <- 0xFFF80000

mem[X,0x8000026C] -> 0x8193
mem[X,0x8000026E] -> 0xFBF1
[160] [M]: 0x8000026C (0xFBF18193) addi gp, gp, -0x41
x3 <- 0xFFF7FFBF

mem[X,0x80000270] -> 0x743B
mem[X,0x80000272] -> 0xD037
[161] [M]: 0x80000270 (0xD037743B) pmulq.h fp, a4, gp
x8 <- 0xFFF7FFFF

mem[X,0x80000274] -> 0xA423
mem[X,0x80000276] -> 0x0283
[162] [M]: 0x80000274 (0x0283A423) sw fp, 0x28(t2)
mem[0x8000313C] <- 0xFFF7FFFF

mem[X,0x80000278] -> 0x0C37
mem[X,0x8000027A] -> 0xFFEF
[163] [M]: 0x80000278 (0xFFEF0C37) lui s8, -0x110
x24 <- 0xFFEF0000

mem[X,0x8000027C] -> 0x0C13
mem[X,0x8000027E] -> 0x080C
[164] [M]: 0x8000027C (0x080C0C13) addi s8, s8, 0x80
x24 <- 0xFFEF0080

mem[X,0x80000280] -> 0x0FB7
mem[X,0x80000282] -> 0xFFFD
[165] [M]: 0x80000280 (0xFFFD0FB7) lui t6, -0x30
x31 <- 0xFFFD0000

mem[X,0x80000284] -> 0x8F93
mem[X,0x80000286] -> 0xFDFF
[166] [M]: 0x80000284 (0xFDFF8F93) addi t6, t6, -0x21
x31 <- 0xFFFCFFDF

mem[X,0x80000288] -> 0x773B
mem[X,0x8000028A] -> 0xD1FC
[167] [M]: 0x80000288 (0xD1FC773B) pmulq.h a4, s8, t6
x14 <- 0x0000FFFF

mem[X,0x8000028C] -> 0xA623
mem[X,0x8000028E] -> 0x02E3
[168] [M]: 0x8000028C (0x02E3A623) sw a4, 0x2c(t2)
mem[0x80003140] <- 0x0000FFFF

mem[X,0x80000290] -> 0x00B7
mem[X,0x80000292] -> 0xFFFB
[169] [M]: 0x80000290 (0xFFFB00B7) lui ra, -0x50
x1 <- 0xFFFB0000

mem[X,0x80000294] -> 0x8093
mem[X,0x80000296] -> 0x1000
[170] [M]: 0x80000294 (0x10008093) addi ra, ra, 0x100
x1 <- 0xFFFB0100

mem[X,0x80000298] -> 0x0237
mem[X,0x8000029A] -> 0x1000
[171] [M]: 0x80000298 (0x10000237) lui tp, 0x10000
x4 <- 0x10000000

mem[X,0x8000029C] -> 0xF7BB
mem[X,0x8000029E] -> 0xD040
[172] [M]: 0x8000029C (0xD040F7BB) pmulq.h a5, ra, tp
x15 <- 0xFFFF0000

mem[X,0x800002A0] -> 0xA823
mem[X,0x800002A2] -> 0x02F3
[173] [M]: 0x800002A0 (0x02F3A823) sw a5, 0x30(t2)
mem[0x80003144] <- 0xFFFF0000

mem[X,0x800002A4] -> 0x08B7
mem[X,0x800002A6] -> 0x0004
[174] [M]: 0x800002A4 (0x000408B7) lui a7, 0x40
x17 <- 0x00040000

mem[X,0x800002A8] -> 0x8893
mem[X,0x800002AA] -> 0x2008
[175] [M]: 0x800002A8 (0x20088893) addi a7, a7, 0x200
x17 <- 0x00040200

mem[X,0x800002AC] -> 0x1F37
mem[X,0x800002AE] -> 0x0010
[176] [M]: 0x800002AC (0x00101F37) lui t5, 0x101
x30 <- 0x00101000

mem[X,0x800002B0] -> 0xFBBB
mem[X,0x800002B2] -> 0xD1E8
[177] [M]: 0x800002B0 (0xD1E8FBBB) pmulq.h s7, a7, t5
x23 <- 0x00000040

mem[X,0x800002B4] -> 0xAA23
mem[X,0x800002B6] -> 0x0373
[178] [M]: 0x800002B4 (0x0373AA23) sw s7, 0x34(t2)
mem[0x80003148] <- 0x00000040

mem[X,0x800002B8] -> 0x04B7
mem[X,0x800002BA] -> 0xFDFF
[179] [M]: 0x800002B8 (0xFDFF04B7) lui s1, -0x2010
x9 <- 0xFDFF0000

mem[X,0x800002BC] -> 0x8493
mem[X,0x800002BE] -> 0x4004
[180] [M]: 0x800002BC (0x40048493) addi s1, s1, 0x400
x9 <- 0xFDFF0400

mem[X,0x800002C0] -> 0x1337
mem[X,0x800002C2] -> 0xDFFF
[181] [M]: 0x800002C0 (0xDFFF1337) lui t1, -0x2000f
x6 <- 0xDFFF1000

mem[X,0x800002C4] -> 0x0313
mem[X,0x800002C6] -> 0x8003
[182] [M]: 0x800002C4 (0x80030313) addi t1, t1, -0x800
x6 <- 0xDFFF0800

mem[X,0x800002C8] -> 0xF5BB
mem[X,0x800002CA] -> 0xD064
[183] [M]: 0x800002C8 (0xD064F5BB) pmulq.h a1, s1, t1
x11 <- 0x00800040

mem[X,0x800002CC] -> 0xAC23
mem[X,0x800002CE] -> 0x02B3
[184] [M]: 0x800002CC (0x02B3AC23) sw a1, 0x38(t2)
mem[0x8000314C] <- 0x00800040

mem[X,0x800002D0] -> 0x0013
mem[X,0x800002D2] -> 0x0000
[185] [M]: 0x800002D0 (0x00000013) addi zero, zero, 0x0

mem[X,0x800002D4] -> 0x0013
mem[X,0x800002D6] -> 0x0000
[186] [M]: 0x800002D4 (0x00000013) addi zero, zero, 0x0

mem[X,0x800002D8] -> 0x0013
mem[X,0x800002DA] -> 0x0000
[187] [M]: 0x800002D8 (0x00000013) addi zero, zero, 0x0

mem[X,0x800002DC] -> 0x0013
mem[X,0x800002DE] -> 0x0000
[188] [M]: 0x800002DC (0x00000013) addi zero, zero, 0x0

mem[X,0x800002E0] -> 0x3717
mem[X,0x800002E2] -> 0x0000
[189] [M]: 0x800002E0 (0x00003717) auipc a4, 0x3
x14 <- 0x800032E0

mem[X,0x800002E4] -> 0x0713
mem[X,0x800002E6] -> 0xE707
[190] [M]: 0x800002E4 (0xE7070713) addi a4, a4, -0x190
x14 <- 0x80003150

mem[X,0x800002E8] -> 0x0013
mem[X,0x800002EA] -> 0x0000
[191] [M]: 0x800002E8 (0x00000013) addi zero, zero, 0x0

mem[X,0x800002EC] -> 0x0013
mem[X,0x800002EE] -> 0x0000
[192] [M]: 0x800002EC (0x00000013) addi zero, zero, 0x0

mem[X,0x800002F0] -> 0x0013
mem[X,0x800002F2] -> 0x0000
[193] [M]: 0x800002F0 (0x00000013) addi zero, zero, 0x0

mem[X,0x800002F4] -> 0x0013
mem[X,0x800002F6] -> 0x0000
[194] [M]: 0x800002F4 (0x00000013) addi zero, zero, 0x0

mem[X,0x800002F8] -> 0x0013
mem[X,0x800002FA] -> 0x0000
[195] [M]: 0x800002F8 (0x00000013) addi zero, zero, 0x0

mem[X,0x800002FC] -> 0x0013
mem[X,0x800002FE] -> 0x0000
[196] [M]: 0x800002FC (0x00000013) addi zero, zero, 0x0

mem[X,0x80000300] -> 0x1FB7
mem[X,0x80000302] -> 0xFFFC
[197] [M]: 0x80000300 (0xFFFC1FB7) lui t6, -0x3f
x31 <- 0xFFFC1000

mem[X,0x80000304] -> 0x8F93
mem[X,0x80000306] -> 0x800F
[198] [M]: 0x80000304 (0x800F8F93) addi t6, t6, -0x800
x31 <- 0xFFFC0800

mem[X,0x80000308] -> 0x06B7
mem[X,0x8000030A] -> 0xFFFE
[199] [M]: 0x80000308 (0xFFFE06B7) lui a3, -0x20
x13 <- 0xFFFE0000

clint::tick mtime <- 0x0000000000000002
 clint timer pending at mtime 0x0000000000000002
htif::tick 0x0000000000000000
mem[X,0x8000030C] -> 0x8693
mem[X,0x8000030E] -> 0xFFD6
[200] [M]: 0x8000030C (0xFFD68693) addi a3, a3, -0x3
x13 <- 0xFFFDFFFD

mem[X,0x80000310] -> 0xF03B
mem[X,0x80000312] -> 0xD0DF
[201] [M]: 0x80000310 (0xD0DFF03B) pmulq.h zero, t6, a3

mem[X,0x80000314] -> 0x2023
mem[X,0x80000316] -> 0x0007
[202] [M]: 0x80000314 (0x00072023) sw zero, 0x0(a4)
mem[0x80003150] <- 0x00000000

mem[X,0x80000318] -> 0x1BB7
mem[X,0x8000031A] -> 0x7FFF
[203] [M]: 0x80000318 (0x7FFF1BB7) lui s7, 0x7fff1
x23 <- 0x7FFF1000

mem[X,0x8000031C] -> 0x0637
mem[X,0x8000031E] -> 0xFFFE
[204] [M]: 0x8000031C (0xFFFE0637) lui a2, -0x20
x12 <- 0xFFFE0000

mem[X,0x80000320] -> 0x0613
mem[X,0x80000322] -> 0xFF86
[205] [M]: 0x80000320 (0xFF860613) addi a2, a2, -0x8
x12 <- 0xFFFDFFF8

mem[X,0x80000324] -> 0xF13B
mem[X,0x80000326] -> 0xD0CB
[206] [M]: 0x80000324 (0xD0CBF13B) pmulq.h sp, s7, a2
x2 <- 0xFFFDFFFF

mem[X,0x80000328] -> 0x2223
mem[X,0x8000032A] -> 0x0027
[207] [M]: 0x80000328 (0x00272223) sw sp, 0x4(a4)
mem[0x80003154] <- 0xFFFDFFFF

mem[X,0x8000032C] -> 0x2637
mem[X,0x8000032E] -> 0x2000
[208] [M]: 0x8000032C (0x20002637) lui a2, 0x20002
x12 <- 0x20002000

mem[X,0x80000330] -> 0xF5B7
mem[X,0x80000332] -> 0x0040
[209] [M]: 0x80000330 (0x0040F5B7) lui a1, 0x40f
x11 <- 0x0040F000

mem[X,0x80000334] -> 0x8593
mem[X,0x80000336] -> 0xFFF5
[210] [M]: 0x80000334 (0xFFF58593) addi a1, a1, -0x1
x11 <- 0x0040EFFF

mem[X,0x80000338] -> 0x7CBB
mem[X,0x8000033A] -> 0xD0B6
[211] [M]: 0x80000338 (0xD0B67CBB) pmulq.h s9, a2, a1
x25 <- 0x0010FBFF

mem[X,0x8000033C] -> 0x2423
mem[X,0x8000033E] -> 0x0197
[212] [M]: 0x8000033C (0x01972423) sw s9, 0x8(a4)
mem[0x80003158] <- 0x0010FBFF

mem[X,0x80000340] -> 0x46B7
mem[X,0x80000342] -> 0x7FFF
[213] [M]: 0x80000340 (0x7FFF46B7) lui a3, 0x7fff4
x13 <- 0x7FFF4000

mem[X,0x80000344] -> 0x1EB7
mem[X,0x80000346] -> 0xFFF6
[214] [M]: 0x80000344 (0xFFF61EB7) lui t4, -0x9f
x29 <- 0xFFF61000

mem[X,0x80000348] -> 0x8E93
mem[X,0x8000034A] -> 0x800E
[215] [M]: 0x80000348 (0x800E8E93) addi t4, t4, -0x800
x29 <- 0xFFF60800

mem[X,0x8000034C] -> 0xF0BB
mem[X,0x8000034E] -> 0xD1D6
[216] [M]: 0x8000034C (0xD1D6F0BB) pmulq.h ra, a3, t4
x1 <- 0xFFF60400

mem[X,0x80000350] -> 0x2623
mem[X,0x80000352] -> 0x0017
[217] [M]: 0x80000350 (0x00172623) sw ra, 0xc(a4)
mem[0x8000315C] <- 0xFFF60400

mem[X,0x80000354] -> 0x01B7
mem[X,0x80000356] -> 0x4001
[218] [M]: 0x80000354 (0x400101B7) lui gp, 0x40010
x3 <- 0x40010000

mem[X,0x80000358] -> 0x8193
mem[X,0x8000035A] -> 0xFFE1
[219] [M]: 0x80000358 (0xFFE18193) addi gp, gp, -0x2
x3 <- 0x4000FFFE

mem[X,0x8000035C] -> 0x07B7
mem[X,0x8000035E] -> 0x4000
[220] [M]: 0x8000035C (0x400007B7) lui a5, 0x40000
x15 <- 0x40000000

mem[X,0x80000360] -> 0x8793
mem[X,0x80000362] -> 0xFF87
[221] [M]: 0x80000360 (0xFF878793) addi a5, a5, -0x8
x15 <- 0x3FFFFFF8

mem[X,0x80000364] -> 0xFDBB
mem[X,0x80000366] -> 0xD0F1
[222] [M]: 0x80000364 (0xD0F1FDBB) pmulq.h s11, gp, a5
x27 <- 0x1FFF0000

mem[X,0x80000368] -> 0x2823
mem[X,0x8000036A] -> 0x01B7
[223] [M]: 0x80000368 (0x01B72823) sw s11, 0x10(a4)
mem[0x80003160] <- 0x1FFF0000

mem[X,0x8000036C] -> 0x07B7
mem[X,0x8000036E] -> 0xC001
[224] [M]: 0x8000036C (0xC00107B7) lui a5, -0x3fff0
x15 <- 0xC0010000

mem[X,0x80000370] -> 0x8793
mem[X,0x80000372] -> 0xFFD7
[225] [M]: 0x80000370 (0xFFD78793) addi a5, a5, -0x3
x15 <- 0xC000FFFD

mem[X,0x80000374] -> 0xCCB7
mem[X,0x80000376] -> 0x0006
[226] [M]: 0x80000374 (0x0006CCB7) lui s9, 0x6c
x25 <- 0x0006C000

mem[X,0x80000378] -> 0x8C93
mem[X,0x8000037A] -> 0xFFFC
[227] [M]: 0x80000378 (0xFFFC8C93) addi s9, s9, -0x1
x25 <- 0x0006BFFF

mem[X,0x8000037C] -> 0xF33B
mem[X,0x8000037E] -> 0xD197
[228] [M]: 0x8000037C (0xD197F33B) pmulq.h t1, a5, s9
x6 <- 0xFFFD0001

mem[X,0x80000380] -> 0x2A23
mem[X,0x80000382] -> 0x0067
[229] [M]: 0x80000380 (0x00672A23) sw t1, 0x14(a4)
mem[0x80003164] <- 0xFFFD0001

mem[X,0x80000384] -> 0x0F37
mem[X,0x80000386] -> 0x0021
[230] [M]: 0x80000384 (0x00210F37) lui t5, 0x210
x30 <- 0x00210000

mem[X,0x80000388] -> 0x0F13
mem[X,0x8000038A] -> 0xFFBF
[231] [M]: 0x80000388 (0xFFBF0F13) addi t5, t5, -0x5
x30 <- 0x0020FFFB

mem[X,0x8000038C] -> 0x0537
mem[X,0x8000038E] -> 0xF800
[232] [M]: 0x8000038C (0xF8000537) lui a0, -0x8000
x10 <- 0xF8000000

mem[X,0x80000390] -> 0x0513
mem[X,0x80000392] -> 0xFF65
[233] [M]: 0x80000390 (0xFF650513) addi a0, a0, -0xa
x10 <- 0xF7FFFFF6

mem[X,0x80000394] -> 0x72BB
mem[X,0x80000396] -> 0xD0AF
[234] [M]: 0x80000394 (0xD0AF72BB) pmulq.h t0, t5, a0
x5 <- 0xFFFD0000

mem[X,0x80000398] -> 0x2C23
mem[X,0x8000039A] -> 0x0057
[235] [M]: 0x80000398 (0x00572C23) sw t0, 0x18(a4)
mem[0x80003168] <- 0xFFFD0000

mem[X,0x8000039C] -> 0x05B7
mem[X,0x8000039E] -> 0x0201
[236] [M]: 0x8000039C (0x020105B7) lui a1, 0x2010
x11 <- 0x02010000

mem[X,0x800003A0] -> 0x8593
mem[X,0x800003A2] -> 0xFF75
[237] [M]: 0x800003A0 (0xFF758593) addi a1, a1, -0x9
x11 <- 0x0200FFF7

mem[X,0x800003A4] -> 0xF2B7
mem[X,0x800003A6] -> 0x1000
[238] [M]: 0x800003A4 (0x1000F2B7) lui t0, 0x1000f
x5 <- 0x1000F000

mem[X,0x800003A8] -> 0x8293
mem[X,0x800003AA] -> 0x7FF2
[239] [M]: 0x800003A8 (0x7FF28293) addi t0, t0, 0x7ff
x5 <- 0x1000F7FF

mem[X,0x800003AC] -> 0xF63B
mem[X,0x800003AE] -> 0xD055
[240] [M]: 0x800003AC (0xD055F63B) pmulq.h a2, a1, t0
x12 <- 0x00400000

mem[X,0x800003B0] -> 0x2E23
mem[X,0x800003B2] -> 0x00C7
[241] [M]: 0x800003B0 (0x00C72E23) sw a2, 0x1c(a4)
mem[0x8000316C] <- 0x00400000

mem[X,0x800003B4] -> 0x0EB7
mem[X,0x800003B6] -> 0xAAAB
[242] [M]: 0x800003B4 (0xAAAB0EB7) lui t4, -0x55550
x29 <- 0xAAAB0000

mem[X,0x800003B8] -> 0x8E93
mem[X,0x800003BA] -> 0xFEFE
[243] [M]: 0x800003B8 (0xFEFE8E93) addi t4, t4, -0x11
x29 <- 0xAAAAFFEF

mem[X,0x800003BC] -> 0x03B7
mem[X,0x800003BE] -> 0xFF7F
[244] [M]: 0x800003BC (0xFF7F03B7) lui t2, -0x810
x7 <- 0xFF7F0000

mem[X,0x800003C0] -> 0x8393
mem[X,0x800003C2] -> 0x1003
[245] [M]: 0x800003C0 (0x10038393) addi t2, t2, 0x100
x7 <- 0xFF7F0100

mem[X,0x800003C4] -> 0xF4BB
mem[X,0x800003C6] -> 0xD07E
[246] [M]: 0x800003C4 (0xD07EF4BB) pmulq.h s1, t4, t2
x9 <- 0x0056FFFF

mem[X,0x800003C8] -> 0x2023
mem[X,0x800003CA] -> 0x0297
[247] [M]: 0x800003C8 (0x02972023) sw s1, 0x20(a4)
mem[0x80003170] <- 0x0056FFFF

mem[X,0x800003CC] -> 0x0537
mem[X,0x800003CE] -> 0xC001
[248] [M]: 0x800003CC (0xC0010537) lui a0, -0x3fff0
x10 <- 0xC0010000

mem[X,0x800003D0] -> 0x0513
mem[X,0x800003D2] -> 0xFDF5
[249] [M]: 0x800003D0 (0xFDF50513) addi a0, a0, -0x21
x10 <- 0xC000FFDF

mem[X,0x800003D4] -> 0x0DB7
mem[X,0x800003D6] -> 0xFFFF
[250] [M]: 0x800003D4 (0xFFFF0DB7) lui s11, -0x10
x27 <- 0xFFFF0000

mem[X,0x800003D8] -> 0x8D93
mem[X,0x800003DA] -> 0x010D
[251] [M]: 0x800003D8 (0x010D8D93) addi s11, s11, 0x10
x27 <- 0xFFFF0010

mem[X,0x800003DC] -> 0x7B3B
mem[X,0x800003DE] -> 0xD1B5
[252] [M]: 0x800003DC (0xD1B57B3B) pmulq.h s6, a0, s11
x22 <- 0x0000FFFF

mem[X,0x800003E0] -> 0x2223
mem[X,0x800003E2] -> 0x0367
[253] [M]: 0x800003E0 (0x03672223) sw s6, 0x24(a4)
mem[0x80003174] <- 0x0000FFFF

mem[X,0x800003E4] -> 0x0337
mem[X,0x800003E6] -> 0x0003
[254] [M]: 0x800003E4 (0x00030337) lui t1, 0x30
x6 <- 0x00030000

mem[X,0x800003E8] -> 0x0313
mem[X,0x800003EA] -> 0xFBF3
[255] [M]: 0x800003E8 (0xFBF30313) addi t1, t1, -0x41
x6 <- 0x0002FFBF

mem[X,0x800003EC] -> 0x0AB7
mem[X,0x800003EE] -> 0xFFFE
[256] [M]: 0x800003EC (0xFFFE0AB7) lui s5, -0x20
x21 <- 0xFFFE0000

mem[X,0x800003F0] -> 0x8A93
mem[X,0x800003F2] -> 0xEFFA
[257] [M]: 0x800003F0 (0xEFFA8A93) addi s5, s5, -0x101
x21 <- 0xFFFDFEFF

mem[X,0x800003F4] -> 0x723B
mem[X,0x800003F6] -> 0xD153
[258] [M]: 0x800003F4 (0xD153723B) pmulq.h tp, t1, s5
x4 <- 0xFFFF0000

mem[X,0x800003F8] -> 0x2423
mem[X,0x800003FA] -> 0x0247
[259] [M]: 0x800003F8 (0x02472423) sw tp, 0x28(a4)
mem[0x80003178] <- 0xFFFF0000

mem[X,0x800003FC] -> 0x0037
mem[X,0x800003FE] -> 0x1001
[260] [M]: 0x800003FC (0x10010037) lui zero, 0x10010

mem[X,0x80000400] -> 0x0013
mem[X,0x80000402] -> 0xF7F0
[261] [M]: 0x80000400 (0xF7F00013) addi zero, zero, -0x81

mem[X,0x80000404] -> 0x04B7
mem[X,0x80000406] -> 0xC000
[262] [M]: 0x80000404 (0xC00004B7) lui s1, -0x40000
x9 <- 0xC0000000

mem[X,0x80000408] -> 0x8493
mem[X,0x8000040A] -> 0x0034
[263] [M]: 0x80000408 (0x00348493) addi s1, s1, 0x3
x9 <- 0xC0000003

mem[X,0x8000040C] -> 0x7FBB
mem[X,0x8000040E] -> 0xD090
[264] [M]: 0x8000040C (0xD0907FBB) pmulq.h t6, zero, s1
x31 <- 0x00000000

mem[X,0x80000410] -> 0x2623
mem[X,0x80000412] -> 0x03F7
[265] [M]: 0x80000410 (0x03F72623) sw t6, 0x2c(a4)
mem[0x8000317C] <- 0x00000000

mem[X,0x80000414] -> 0x0DB7
mem[X,0x80000416] -> 0x0004
[266] [M]: 0x80000414 (0x00040DB7) lui s11, 0x40
x27 <- 0x00040000

mem[X,0x80000418] -> 0x8D93
mem[X,0x8000041A] -> 0xEFFD
[267] [M]: 0x80000418 (0xEFFD8D93) addi s11, s11, -0x101
x27 <- 0x0003FEFF

mem[X,0x8000041C] -> 0x09B7
mem[X,0x8000041E] -> 0xFC00
[268] [M]: 0x8000041C (0xFC0009B7) lui s3, -0x4000
x19 <- 0xFC000000

mem[X,0x80000420] -> 0x8993
mem[X,0x80000422] -> 0xFFA9
[269] [M]: 0x80000420 (0xFFA98993) addi s3, s3, -0x6
x19 <- 0xFBFFFFFA

mem[X,0x80000424] -> 0xF6BB
mem[X,0x80000426] -> 0xD13D
[270] [M]: 0x80000424 (0xD13DF6BB) pmulq.h a3, s11, s3
x13 <- 0xFFFF0000

mem[X,0x80000428] -> 0x2823
mem[X,0x8000042A] -> 0x02D7
[271] [M]: 0x80000428 (0x02D72823) sw a3, 0x30(a4)
mem[0x80003180] <- 0xFFFF0000

mem[X,0x8000042C] -> 0x09B7
mem[X,0x8000042E] -> 0xAAAB
[272] [M]: 0x8000042C (0xAAAB09B7) lui s3, -0x55550
x19 <- 0xAAAB0000

mem[X,0x80000430] -> 0x8993
mem[X,0x80000432] -> 0xDFF9
[273] [M]: 0x80000430 (0xDFF98993) addi s3, s3, -0x201
x19 <- 0xAAAAFDFF

mem[X,0x80000434] -> 0x0BB7
mem[X,0x80000436] -> 0x0004
[274] [M]: 0x80000434 (0x00040BB7) lui s7, 0x40
x23 <- 0x00040000

mem[X,0x80000438] -> 0x8B93
mem[X,0x8000043A] -> 0xFFDB
[275] [M]: 0x80000438 (0xFFDB8B93) addi s7, s7, -0x3
x23 <- 0x0003FFFD

mem[X,0x8000043C] -> 0xFF3B
mem[X,0x8000043E] -> 0xD179
[276] [M]: 0x8000043C (0xD179FF3B) pmulq.h t5, s3, s7
x30 <- 0xFFFD0000

mem[X,0x80000440] -> 0x2A23
mem[X,0x80000442] -> 0x03E7
[277] [M]: 0x80000440 (0x03E72A23) sw t5, 0x34(a4)
mem[0x80003184] <- 0xFFFD0000

mem[X,0x80000444] -> 0x03B7
mem[X,0x80000446] -> 0xFFFB
[278] [M]: 0x80000444 (0xFFFB03B7) lui t2, -0x50
x7 <- 0xFFFB0000

mem[X,0x80000448] -> 0x8393
mem[X,0x8000044A] -> 0xBFF3
[279] [M]: 0x80000448 (0xBFF38393) addi t2, t2, -0x401
x7 <- 0xFFFAFBFF

mem[X,0x8000044C] -> 0x0A37
mem[X,0x8000044E] -> 0xFBFF
[280] [M]: 0x8000044C (0xFBFF0A37) lui s4, -0x4010
x20 <- 0xFBFF0000

mem[X,0x80000450] -> 0x0A13
mem[X,0x80000452] -> 0x100A
[281] [M]: 0x80000450 (0x100A0A13) addi s4, s4, 0x100
x20 <- 0xFBFF0100

mem[X,0x80000454] -> 0xF53B
mem[X,0x80000456] -> 0xD143
[282] [M]: 0x80000454 (0xD143F53B) pmulq.h a0, t2, s4
x10 <- 0x0000FFF7

mem[X,0x80000458] -> 0x2C23
mem[X,0x8000045A] -> 0x02A7
[283] [M]: 0x80000458 (0x02A72C23) sw a0, 0x38(a4)
mem[0x80003188] <- 0x0000FFF7

mem[X,0x8000045C] -> 0xF237
mem[X,0x8000045E] -> 0x0002
[284] [M]: 0x8000045C (0x0002F237) lui tp, 0x2f
x4 <- 0x0002F000

mem[X,0x80000460] -> 0x0213
mem[X,0x80000462] -> 0x7FF2
[285] [M]: 0x80000460 (0x7FF20213) addi tp, tp, 0x7ff
x4 <- 0x0002F7FF

mem[X,0x80000464] -> 0x0437
mem[X,0x80000466] -> 0x0007
[286] [M]: 0x80000464 (0x00070437) lui fp, 0x70
x8 <- 0x00070000

mem[X,0x80000468] -> 0x73BB
mem[X,0x8000046A] -> 0xD082
[287] [M]: 0x80000468 (0xD08273BB) pmulq.h t2, tp, fp
x7 <- 0x00000000

mem[X,0x8000046C] -> 0x2E23
mem[X,0x8000046E] -> 0x0277
[288] [M]: 0x8000046C (0x02772E23) sw t2, 0x3c(a4)
mem[0x8000318C] <- 0x00000000

mem[X,0x80000470] -> 0xFB37
mem[X,0x80000472] -> 0x0020
[289] [M]: 0x80000470 (0x0020FB37) lui s6, 0x20f
x22 <- 0x0020F000

mem[X,0x80000474] -> 0x0B13
mem[X,0x80000476] -> 0xFFFB
[290] [M]: 0x80000474 (0xFFFB0B13) addi s6, s6, -0x1
x22 <- 0x0020EFFF

mem[X,0x80000478] -> 0x0D37
mem[X,0x8000047A] -> 0xE000
[291] [M]: 0x80000478 (0xE0000D37) lui s10, -0x20000
x26 <- 0xE0000000

mem[X,0x8000047C] -> 0x0D13
mem[X,0x8000047E] -> 0xF7FD
[292] [M]: 0x8000047C (0xF7FD0D13) addi s10, s10, -0x81
x26 <- 0xDFFFFF7F

mem[X,0x80000480] -> 0x7C3B
mem[X,0x80000482] -> 0xD1AB
[293] [M]: 0x80000480 (0xD1AB7C3B) pmulq.h s8, s6, s10
x24 <- 0xFFF70010

mem[X,0x80000484] -> 0x2023
mem[X,0x80000486] -> 0x0587
[294] [M]: 0x80000484 (0x05872023) sw s8, 0x40(a4)
mem[0x80003190] <- 0xFFF70010

mem[X,0x80000488] -> 0x0013
mem[X,0x8000048A] -> 0x0000
[295] [M]: 0x80000488 (0x00000013) addi zero, zero, 0x0

mem[X,0x8000048C] -> 0x0013
mem[X,0x8000048E] -> 0x0000
[296] [M]: 0x8000048C (0x00000013) addi zero, zero, 0x0

mem[X,0x80000490] -> 0x0013
mem[X,0x80000492] -> 0x0000
[297] [M]: 0x80000490 (0x00000013) addi zero, zero, 0x0

mem[X,0x80000494] -> 0x0013
mem[X,0x80000496] -> 0x0000
[298] [M]: 0x80000494 (0x00000013) addi zero, zero, 0x0

mem[X,0x80000498] -> 0x0013
mem[X,0x8000049A] -> 0x0000
[299] [M]: 0x80000498 (0x00000013) addi zero, zero, 0x0

clint::tick mtime <- 0x0000000000000003
 clint timer pending at mtime 0x0000000000000003
htif::tick 0x0000000000000000
mem[X,0x8000049C] -> 0x0013
mem[X,0x8000049E] -> 0x0000
[300] [M]: 0x8000049C (0x00000013) addi zero, zero, 0x0

mem[X,0x800004A0] -> 0x3097
mem[X,0x800004A2] -> 0x0000
[301] [M]: 0x800004A0 (0x00003097) auipc ra, 0x3
x1 <- 0x800034A0

mem[X,0x800004A4] -> 0x8093
mem[X,0x800004A6] -> 0xCF40
[302] [M]: 0x800004A4 (0xCF408093) addi ra, ra, -0x30c
x1 <- 0x80003194

mem[X,0x800004A8] -> 0x0013
mem[X,0x800004AA] -> 0x0000
[303] [M]: 0x800004A8 (0x00000013) addi zero, zero, 0x0

mem[X,0x800004AC] -> 0x0013
mem[X,0x800004AE] -> 0x0000
[304] [M]: 0x800004AC (0x00000013) addi zero, zero, 0x0

mem[X,0x800004B0] -> 0x0013
mem[X,0x800004B2] -> 0x0000
[305] [M]: 0x800004B0 (0x00000013) addi zero, zero, 0x0

mem[X,0x800004B4] -> 0x0013
mem[X,0x800004B6] -> 0x0000
[306] [M]: 0x800004B4 (0x00000013) addi zero, zero, 0x0

mem[X,0x800004B8] -> 0x0013
mem[X,0x800004BA] -> 0x0000
[307] [M]: 0x800004B8 (0x00000013) addi zero, zero, 0x0

mem[X,0x800004BC] -> 0x0013
mem[X,0x800004BE] -> 0x0000
[308] [M]: 0x800004BC (0x00000013) addi zero, zero, 0x0

mem[X,0x800004C0] -> 0xEF37
mem[X,0x800004C2] -> 0x0020
[309] [M]: 0x800004C0 (0x0020EF37) lui t5, 0x20e
x30 <- 0x0020E000

mem[X,0x800004C4] -> 0x0F13
mem[X,0x800004C6] -> 0xFFFF
[310] [M]: 0x800004C4 (0xFFFF0F13) addi t5, t5, -0x1
x30 <- 0x0020DFFF

mem[X,0x800004C8] -> 0x0EB7
mem[X,0x800004CA] -> 0xFFFC
[311] [M]: 0x800004C8 (0xFFFC0EB7) lui t4, -0x40
x29 <- 0xFFFC0000

mem[X,0x800004CC] -> 0x8E93
mem[X,0x800004CE] -> 0xF7FE
[312] [M]: 0x800004CC (0xF7FE8E93) addi t4, t4, -0x81
x29 <- 0xFFFBFF7F

mem[X,0x800004D0] -> 0x7FBB
mem[X,0x800004D2] -> 0xD1DF
[313] [M]: 0x800004D0 (0xD1DF7FBB) pmulq.h t6, t5, t4
x31 <- 0xFFFF0020

mem[X,0x800004D4] -> 0xA023
mem[X,0x800004D6] -> 0x01F0
[314] [M]: 0x800004D4 (0x01F0A023) sw t6, 0x0(ra)
mem[0x80003194] <- 0xFFFF0020

mem[X,0x800004D8] -> 0x2F37
mem[X,0x800004DA] -> 0x1000
[315] [M]: 0x800004D8 (0x10002F37) lui t5, 0x10002
x30 <- 0x10002000

mem[X,0x800004DC] -> 0x0EB7
mem[X,0x800004DE] -> 0xFFF0
[316] [M]: 0x800004DC (0xFFF00EB7) lui t4, -0x100
x29 <- 0xFFF00000

mem[X,0x800004E0] -> 0x8E93
mem[X,0x800004E2] -> 0xF7FE
[317] [M]: 0x800004E0 (0xF7FE8E93) addi t4, t4, -0x81
x29 <- 0xFFEFFF7F

mem[X,0x800004E4] -> 0x7FBB
mem[X,0x800004E6] -> 0xD1DF
[318] [M]: 0x800004E4 (0xD1DF7FBB) pmulq.h t6, t5, t4
x31 <- 0xFFFDFFDF

mem[X,0x800004E8] -> 0xA223
mem[X,0x800004EA] -> 0x01F0
[319] [M]: 0x800004E8 (0x01F0A223) sw t6, 0x4(ra)
mem[0x80003198] <- 0xFFFDFFDF

mem[X,0x800004EC] -> 0x0F37
mem[X,0x800004EE] -> 0x0004
[320] [M]: 0x800004EC (0x00040F37) lui t5, 0x40
x30 <- 0x00040000

mem[X,0x800004F0] -> 0x0F13
mem[X,0x800004F2] -> 0xFFCF
[321] [M]: 0x800004F0 (0xFFCF0F13) addi t5, t5, -0x4
x30 <- 0x0003FFFC

mem[X,0x800004F4] -> 0x0EB7
mem[X,0x800004F6] -> 0xFFE0
[322] [M]: 0x800004F4 (0xFFE00EB7) lui t4, -0x200
x29 <- 0xFFE00000

mem[X,0x800004F8] -> 0x8E93
mem[X,0x800004FA] -> 0xFDFE
[323] [M]: 0x800004F8 (0xFDFE8E93) addi t4, t4, -0x21
x29 <- 0xFFDFFFDF

mem[X,0x800004FC] -> 0x7FBB
mem[X,0x800004FE] -> 0xD1DF
[324] [M]: 0x800004FC (0xD1DF7FBB) pmulq.h t6, t5, t4
x31 <- 0xFFFF0000

mem[X,0x80000500] -> 0xA423
mem[X,0x80000502] -> 0x01F0
[325] [M]: 0x80000500 (0x01F0A423) sw t6, 0x8(ra)
mem[0x8000319C] <- 0xFFFF0000

mem[X,0x80000504] -> 0x0F37
mem[X,0x80000506] -> 0xC000
[326] [M]: 0x80000504 (0xC0000F37) lui t5, -0x40000
x30 <- 0xC0000000

mem[X,0x80000508] -> 0x0F13
mem[X,0x8000050A] -> 0xFF7F
[327] [M]: 0x80000508 (0xFF7F0F13) addi t5, t5, -0x9
x30 <- 0xBFFFFFF7

mem[X,0x8000050C] -> 0x0EB7
mem[X,0x8000050E] -> 0xFFC0
[328] [M]: 0x8000050C (0xFFC00EB7) lui t4, -0x400
x29 <- 0xFFC00000

mem[X,0x80000510] -> 0x8E93
mem[X,0x80000512] -> 0xFBFE
[329] [M]: 0x80000510 (0xFBFE8E93) addi t4, t4, -0x41
x29 <- 0xFFBFFFBF

mem[X,0x80000514] -> 0x7FBB
mem[X,0x80000516] -> 0xD1DF
[330] [M]: 0x80000514 (0xD1DF7FBB) pmulq.h t6, t5, t4
x31 <- 0x00200000

mem[X,0x80000518] -> 0xA623
mem[X,0x8000051A] -> 0x01F0
[331] [M]: 0x80000518 (0x01F0A623) sw t6, 0xc(ra)
mem[0x800031A0] <- 0x00200000

mem[X,0x8000051C] -> 0x0F37
mem[X,0x8000051E] -> 0x0005
[332] [M]: 0x8000051C (0x00050F37) lui t5, 0x50
x30 <- 0x00050000

mem[X,0x80000520] -> 0x0F13
mem[X,0x80000522] -> 0xFF9F
[333] [M]: 0x80000520 (0xFF9F0F13) addi t5, t5, -0x7
x30 <- 0x0004FFF9

mem[X,0x80000524] -> 0xEEB7
mem[X,0x80000526] -> 0xFEFF
[334] [M]: 0x80000524 (0xFEFFEEB7) lui t4, -0x1002
x29 <- 0xFEFFE000

mem[X,0x80000528] -> 0x8E93
mem[X,0x8000052A] -> 0xFFFE
[335] [M]: 0x80000528 (0xFFFE8E93) addi t4, t4, -0x1
x29 <- 0xFEFFDFFF

mem[X,0x8000052C] -> 0x7FBB
mem[X,0x8000052E] -> 0xD1DF
[336] [M]: 0x8000052C (0xD1DF7FBB) pmulq.h t6, t5, t4
x31 <- 0xFFFF0001

mem[X,0x80000530] -> 0xA823
mem[X,0x80000532] -> 0x01F0
[337] [M]: 0x80000530 (0x01F0A823) sw t6, 0x10(ra)
mem[0x800031A4] <- 0xFFFF0001

mem[X,0x80000534] -> 0x0F37
mem[X,0x80000536] -> 0x0200
[338] [M]: 0x80000534 (0x02000F37) lui t5, 0x2000
x30 <- 0x02000000

mem[X,0x80000538] -> 0x0F13
mem[X,0x8000053A] -> 0x400F
[339] [M]: 0x80000538 (0x400F0F13) addi t5, t5, 0x400
x30 <- 0x02000400

mem[X,0x8000053C] -> 0xFEB7
mem[X,0x8000053E] -> 0xFDFF
[340] [M]: 0x8000053C (0xFDFFFEB7) lui t4, -0x2001
x29 <- 0xFDFFF000

mem[X,0x80000540] -> 0x8E93
mem[X,0x80000542] -> 0xFFFE
[341] [M]: 0x80000540 (0xFFFE8E93) addi t4, t4, -0x1
x29 <- 0xFDFFEFFF

mem[X,0x80000544] -> 0x7FBB
mem[X,0x80000546] -> 0xD1DF
[342] [M]: 0x80000544 (0xD1DF7FBB) pmulq.h t6, t5, t4
x31 <- 0xFFF7FF7F

mem[X,0x80000548] -> 0xAA23
mem[X,0x8000054A] -> 0x01F0
[343] [M]: 0x80000548 (0x01F0AA23) sw t6, 0x14(ra)
mem[0x800031A8] <- 0xFFF7FF7F

mem[X,0x8000054C] -> 0x0F37
mem[X,0x8000054E] -> 0x0080
[344] [M]: 0x8000054C (0x00800F37) lui t5, 0x800
x30 <- 0x00800000

mem[X,0x80000550] -> 0x0F13
mem[X,0x80000552] -> 0x080F
[345] [M]: 0x80000550 (0x080F0F13) addi t5, t5, 0x80
x30 <- 0x00800080

mem[X,0x80000554] -> 0x0EB7
mem[X,0x80000556] -> 0xEFFF
[346] [M]: 0x80000554 (0xEFFF0EB7) lui t4, -0x10010
x29 <- 0xEFFF0000

mem[X,0x80000558] -> 0x8E93
mem[X,0x8000055A] -> 0x004E
[347] [M]: 0x80000558 (0x004E8E93) addi t4, t4, 0x4
x29 <- 0xEFFF0004

mem[X,0x8000055C] -> 0x7FBB
mem[X,0x8000055E] -> 0xD1DF
[348] [M]: 0x8000055C (0xD1DF7FBB) pmulq.h t6, t5, t4
x31 <- 0xFFEF0000

mem[X,0x80000560] -> 0xAC23
mem[X,0x80000562] -> 0x01F0
[349] [M]: 0x80000560 (0x01F0AC23) sw t6, 0x18(ra)
mem[0x800031AC] <- 0xFFEF0000

mem[X,0x80000564] -> 0x0F37
mem[X,0x80000566] -> 0x1000
[350] [M]: 0x80000564 (0x10000F37) lui t5, 0x10000
x30 <- 0x10000000

mem[X,0x80000568] -> 0x0F13
mem[X,0x8000056A] -> 0x040F
[351] [M]: 0x80000568 (0x040F0F13) addi t5, t5, 0x40
x30 <- 0x10000040

mem[X,0x8000056C] -> 0x0EB7
mem[X,0x8000056E] -> 0x5555
[352] [M]: 0x8000056C (0x55550EB7) lui t4, 0x55550
x29 <- 0x55550000

mem[X,0x80000570] -> 0x8E93
mem[X,0x80000572] -> 0x003E
[353] [M]: 0x80000570 (0x003E8E93) addi t4, t4, 0x3
x29 <- 0x55550003

mem[X,0x80000574] -> 0x7FBB
mem[X,0x80000576] -> 0xD1DF
[354] [M]: 0x80000574 (0xD1DF7FBB) pmulq.h t6, t5, t4
x31 <- 0x0AAA0000

mem[X,0x80000578] -> 0xAE23
mem[X,0x8000057A] -> 0x01F0
[355] [M]: 0x80000578 (0x01F0AE23) sw t6, 0x1c(ra)
mem[0x800031B0] <- 0x0AAA0000

mem[X,0x8000057C] -> 0x0F37
mem[X,0x8000057E] -> 0x0003
[356] [M]: 0x8000057C (0x00030F37) lui t5, 0x30
x30 <- 0x00030000

mem[X,0x80000580] -> 0x0F13
mem[X,0x80000582] -> 0xFF9F
[357] [M]: 0x80000580 (0xFF9F0F13) addi t5, t5, -0x7
x30 <- 0x0002FFF9

mem[X,0x80000584] -> 0x0EB7
mem[X,0x80000586] -> 0x0401
[358] [M]: 0x80000584 (0x04010EB7) lui t4, 0x4010
x29 <- 0x04010000

mem[X,0x80000588] -> 0x8E93
mem[X,0x8000058A] -> 0xFF9E
[359] [M]: 0x80000588 (0xFF9E8E93) addi t4, t4, -0x7
x29 <- 0x0400FFF9

mem[X,0x8000058C] -> 0x7FBB
mem[X,0x8000058E] -> 0xD1DF
[360] [M]: 0x8000058C (0xD1DF7FBB) pmulq.h t6, t5, t4
x31 <- 0x00000000

mem[X,0x80000590] -> 0xA023
mem[X,0x80000592] -> 0x03F0
[361] [M]: 0x80000590 (0x03F0A023) sw t6, 0x20(ra)
mem[0x800031B4] <- 0x00000000

mem[X,0x80000594] -> 0x4F37
mem[X,0x80000596] -> 0x0040
[362] [M]: 0x80000594 (0x00404F37) lui t5, 0x404
x30 <- 0x00404000

mem[X,0x80000598] -> 0x1EB7
mem[X,0x8000059A] -> 0x0040
[363] [M]: 0x80000598 (0x00401EB7) lui t4, 0x401
x29 <- 0x00401000

mem[X,0x8000059C] -> 0x8E93
mem[X,0x8000059E] -> 0x800E
[364] [M]: 0x8000059C (0x800E8E93) addi t4, t4, -0x800
x29 <- 0x00400800

mem[X,0x800005A0] -> 0x7FBB
mem[X,0x800005A2] -> 0xD1DF
[365] [M]: 0x800005A0 (0xD1DF7FBB) pmulq.h t6, t5, t4
x31 <- 0x00000400

mem[X,0x800005A4] -> 0xA223
mem[X,0x800005A6] -> 0x03F0
[366] [M]: 0x800005A4 (0x03F0A223) sw t6, 0x24(ra)
mem[0x800031B8] <- 0x00000400

mem[X,0x800005A8] -> 0xCF37
mem[X,0x800005AA] -> 0x0005
[367] [M]: 0x800005A8 (0x0005CF37) lui t5, 0x5c
x30 <- 0x0005C000

mem[X,0x800005AC] -> 0x0F13
mem[X,0x800005AE] -> 0xFFFF
[368] [M]: 0x800005AC (0xFFFF0F13) addi t5, t5, -0x1
x30 <- 0x0005BFFF

mem[X,0x800005B0] -> 0x4EB7
mem[X,0x800005B2] -> 0x0002
[369] [M]: 0x800005B0 (0x00024EB7) lui t4, 0x24
x29 <- 0x00024000

mem[X,0x800005B4] -> 0x7FBB
mem[X,0x800005B6] -> 0xD1DF
[370] [M]: 0x800005B4 (0xD1DF7FBB) pmulq.h t6, t5, t4
x31 <- 0x0000DFFF

mem[X,0x800005B8] -> 0xA423
mem[X,0x800005BA] -> 0x03F0
[371] [M]: 0x800005B8 (0x03F0A423) sw t6, 0x28(ra)
mem[0x800031BC] <- 0x0000DFFF

mem[X,0x800005BC] -> 0x5F37
mem[X,0x800005BE] -> 0x0010
[372] [M]: 0x800005BC (0x00105F37) lui t5, 0x105
x30 <- 0x00105000

mem[X,0x800005C0] -> 0x0F13
mem[X,0x800005C2] -> 0x555F
[373] [M]: 0x800005C0 (0x555F0F13) addi t5, t5, 0x555
x30 <- 0x00105555

mem[X,0x800005C4] -> 0x0EB7
mem[X,0x800005C6] -> 0x4000
[374] [M]: 0x800005C4 (0x40000EB7) lui t4, 0x40000
x29 <- 0x40000000

mem[X,0x800005C8] -> 0x8E93
mem[X,0x800005CA] -> 0xFFBE
[375] [M]: 0x800005C8 (0xFFBE8E93) addi t4, t4, -0x5
x29 <- 0x3FFFFFFB

mem[X,0x800005CC] -> 0x7FBB
mem[X,0x800005CE] -> 0xD1DF
[376] [M]: 0x800005CC (0xD1DF7FBB) pmulq.h t6, t5, t4
x31 <- 0x0007FFFC

mem[X,0x800005D0] -> 0xA623
mem[X,0x800005D2] -> 0x03F0
[377] [M]: 0x800005D0 (0x03F0A623) sw t6, 0x2c(ra)
mem[0x800031C0] <- 0x0007FFFC

mem[X,0x800005D4] -> 0xBF37
mem[X,0x800005D6] -> 0x0009
[378] [M]: 0x800005D4 (0x0009BF37) lui t5, 0x9b
x30 <- 0x0009B000

mem[X,0x800005D8] -> 0x0F13
mem[X,0x800005DA] -> 0xAAAF
[379] [M]: 0x800005D8 (0xAAAF0F13) addi t5, t5, -0x556
x30 <- 0x0009AAAA

mem[X,0x800005DC] -> 0x0EB7
mem[X,0x800005DE] -> 0x1000
[380] [M]: 0x800005DC (0x10000EB7) lui t4, 0x10000
x29 <- 0x10000000

mem[X,0x800005E0] -> 0x8E93
mem[X,0x800005E2] -> 0x009E
[381] [M]: 0x800005E0 (0x009E8E93) addi t4, t4, 0x9
x29 <- 0x10000009

mem[X,0x800005E4] -> 0x7FBB
mem[X,0x800005E6] -> 0xD1DF
[382] [M]: 0x800005E4 (0xD1DF7FBB) pmulq.h t6, t5, t4
x31 <- 0x0001FFF9

mem[X,0x800005E8] -> 0xA823
mem[X,0x800005EA] -> 0x03F0
[383] [M]: 0x800005E8 (0x03F0A823) sw t6, 0x30(ra)
mem[0x800031C4] <- 0x0001FFF9

mem[X,0x800005EC] -> 0x0F37
mem[X,0x800005EE] -> 0x8001
[384] [M]: 0x800005EC (0x80010F37) lui t5, -0x7fff0
x30 <- 0x80010000

mem[X,0x800005F0] -> 0x0F13
mem[X,0x800005F2] -> 0xFFAF
[385] [M]: 0x800005F0 (0xFFAF0F13) addi t5, t5, -0x6
x30 <- 0x8000FFFA

mem[X,0x800005F4] -> 0x0EB7
mem[X,0x800005F6] -> 0x0004
[386] [M]: 0x800005F4 (0x00040EB7) lui t4, 0x40
x29 <- 0x00040000

mem[X,0x800005F8] -> 0x8E93
mem[X,0x800005FA] -> 0x008E
[387] [M]: 0x800005F8 (0x008E8E93) addi t4, t4, 0x8
x29 <- 0x00040008

mem[X,0x800005FC] -> 0x7FBB
mem[X,0x800005FE] -> 0xD1DF
[388] [M]: 0x800005FC (0xD1DF7FBB) pmulq.h t6, t5, t4
x31 <- 0xFFFCFFFF

mem[X,0x80000600] -> 0xAA23
mem[X,0x80000602] -> 0x03F0
[389] [M]: 0x80000600 (0x03F0AA23) sw t6, 0x34(ra)
mem[0x800031C8] <- 0xFFFCFFFF

mem[X,0x80000604] -> 0x0F37
mem[X,0x80000606] -> 0xFFFF
[390] [M]: 0x80000604 (0xFFFF0F37) lui t5, -0x10
x30 <- 0xFFFF0000

mem[X,0x80000608] -> 0x0F13
mem[X,0x8000060A] -> 0x020F
[391] [M]: 0x80000608 (0x020F0F13) addi t5, t5, 0x20
x30 <- 0xFFFF0020

mem[X,0x8000060C] -> 0x0EB7
mem[X,0x8000060E] -> 0xFFF0
[392] [M]: 0x8000060C (0xFFF00EB7) lui t4, -0x100
x29 <- 0xFFF00000

mem[X,0x80000610] -> 0x8E93
mem[X,0x80000612] -> 0xFFEE
[393] [M]: 0x80000610 (0xFFEE8E93) addi t4, t4, -0x2
x29 <- 0xFFEFFFFE

mem[X,0x80000614] -> 0x7FBB
mem[X,0x80000616] -> 0xD1DF
[394] [M]: 0x80000614 (0xD1DF7FBB) pmulq.h t6, t5, t4
x31 <- 0x0000FFFF

mem[X,0x80000618] -> 0xAC23
mem[X,0x8000061A] -> 0x03F0
[395] [M]: 0x80000618 (0x03F0AC23) sw t6, 0x38(ra)
mem[0x800031CC] <- 0x0000FFFF

mem[X,0x8000061C] -> 0x0F37
mem[X,0x8000061E] -> 0x0002
[396] [M]: 0x8000061C (0x00020F37) lui t5, 0x20
x30 <- 0x00020000

mem[X,0x80000620] -> 0x0F13
mem[X,0x80000622] -> 0xBFFF
[397] [M]: 0x80000620 (0xBFFF0F13) addi t5, t5, -0x401
x30 <- 0x0001FBFF

mem[X,0x80000624] -> 0x0EB7
mem[X,0x80000626] -> 0xFF80
[398] [M]: 0x80000624 (0xFF800EB7) lui t4, -0x800
x29 <- 0xFF800000

mem[X,0x80000628] -> 0x8E93
mem[X,0x8000062A] -> 0xFF8E
[399] [M]: 0x80000628 (0xFF8E8E93) addi t4, t4, -0x8
x29 <- 0xFF7FFFF8

clint::tick mtime <- 0x0000000000000004
 clint timer pending at mtime 0x0000000000000004
htif::tick 0x0000000000000000
mem[X,0x8000062C] -> 0x7FBB
mem[X,0x8000062E] -> 0xD1DF
[400] [M]: 0x8000062C (0xD1DF7FBB) pmulq.h t6, t5, t4
x31 <- 0xFFFF0000

mem[X,0x80000630] -> 0xAE23
mem[X,0x80000632] -> 0x03F0
[401] [M]: 0x80000630 (0x03F0AE23) sw t6, 0x3c(ra)
mem[0x800031D0] <- 0xFFFF0000

mem[X,0x80000634] -> 0x0F37
mem[X,0x80000636] -> 0x0009
[402] [M]: 0x80000634 (0x00090F37) lui t5, 0x90
x30 <- 0x00090000

mem[X,0x80000638] -> 0x0F13
mem[X,0x8000063A] -> 0xBFFF
[403] [M]: 0x80000638 (0xBFFF0F13) addi t5, t5, -0x401
x30 <- 0x0008FBFF

mem[X,0x8000063C] -> 0xBEB7
mem[X,0x8000063E] -> 0x3FFF
[404] [M]: 0x8000063C (0x3FFFBEB7) lui t4, 0x3fffb
x29 <- 0x3FFFB000

mem[X,0x80000640] -> 0x8E93
mem[X,0x80000642] -> 0xAAAE
[405] [M]: 0x80000640 (0xAAAE8E93) addi t4, t4, -0x556
x29 <- 0x3FFFAAAA

mem[X,0x80000644] -> 0x7FBB
mem[X,0x80000646] -> 0xD1DF
[406] [M]: 0x80000644 (0xD1DF7FBB) pmulq.h t6, t5, t4
x31 <- 0x000302AB

mem[X,0x80000648] -> 0xA023
mem[X,0x8000064A] -> 0x05F0
[407] [M]: 0x80000648 (0x05F0A023) sw t6, 0x40(ra)
mem[0x800031D4] <- 0x000302AB

mem[X,0x8000064C] -> 0x0F37
mem[X,0x8000064E] -> 0x0101
[408] [M]: 0x8000064C (0x01010F37) lui t5, 0x1010
x30 <- 0x01010000

mem[X,0x80000650] -> 0x0F13
mem[X,0x80000652] -> 0xBFFF
[409] [M]: 0x80000650 (0xBFFF0F13) addi t5, t5, -0x401
x30 <- 0x0100FBFF

mem[X,0x80000654] -> 0x0EB7
mem[X,0x80000656] -> 0x0004
[410] [M]: 0x80000654 (0x00040EB7) lui t4, 0x40
x29 <- 0x00040000

mem[X,0x80000658] -> 0x7FBB
mem[X,0x8000065A] -> 0xD1DF
[411] [M]: 0x80000658 (0xD1DF7FBB) pmulq.h t6, t5, t4
x31 <- 0x00000000

mem[X,0x8000065C] -> 0xA223
mem[X,0x8000065E] -> 0x05F0
[412] [M]: 0x8000065C (0x05F0A223) sw t6, 0x44(ra)
mem[0x800031D8] <- 0x00000000

mem[X,0x80000660] -> 0x0F37
mem[X,0x80000662] -> 0x0401
[413] [M]: 0x80000660 (0x04010F37) lui t5, 0x4010
x30 <- 0x04010000

mem[X,0x80000664] -> 0x0F13
mem[X,0x80000666] -> 0xF7FF
[414] [M]: 0x80000664 (0xF7FF0F13) addi t5, t5, -0x81
x30 <- 0x0400FF7F

mem[X,0x80000668] -> 0xCEB7
mem[X,0x8000066A] -> 0xFFF7
[415] [M]: 0x80000668 (0xFFF7CEB7) lui t4, -0x84
x29 <- 0xFFF7C000

mem[X,0x8000066C] -> 0x8E93
mem[X,0x8000066E] -> 0xFFFE
[416] [M]: 0x8000066C (0xFFFE8E93) addi t4, t4, -0x1
x29 <- 0xFFF7BFFF

mem[X,0x80000670] -> 0x7FBB
mem[X,0x80000672] -> 0xD1DF
[417] [M]: 0x80000670 (0xD1DF7FBB) pmulq.h t6, t5, t4
x31 <- 0xFFFF0040

mem[X,0x80000674] -> 0xA423
mem[X,0x80000676] -> 0x05F0
[418] [M]: 0x80000674 (0x05F0A423) sw t6, 0x48(ra)
mem[0x800031DC] <- 0xFFFF0040

mem[X,0x80000678] -> 0x0F37
mem[X,0x8000067A] -> 0x0800
[419] [M]: 0x80000678 (0x08000F37) lui t5, 0x8000
x30 <- 0x08000000

mem[X,0x8000067C] -> 0x1EB7
mem[X,0x8000067E] -> 0x0020
[420] [M]: 0x8000067C (0x00201EB7) lui t4, 0x201
x29 <- 0x00201000

mem[X,0x80000680] -> 0x8E93
mem[X,0x80000682] -> 0x800E
[421] [M]: 0x80000680 (0x800E8E93) addi t4, t4, -0x800
x29 <- 0x00200800

mem[X,0x80000684] -> 0x7FBB
mem[X,0x80000686] -> 0xD1DF
[422] [M]: 0x80000684 (0xD1DF7FBB) pmulq.h t6, t5, t4
x31 <- 0x00020000

mem[X,0x80000688] -> 0xA623
mem[X,0x8000068A] -> 0x05F0
[423] [M]: 0x80000688 (0x05F0A623) sw t6, 0x4c(ra)
mem[0x800031E0] <- 0x00020000

mem[X,0x8000068C] -> 0x0F37
mem[X,0x8000068E] -> 0xFC00
[424] [M]: 0x8000068C (0xFC000F37) lui t5, -0x4000
x30 <- 0xFC000000

mem[X,0x80000690] -> 0x0F13
mem[X,0x80000692] -> 0xFF9F
[425] [M]: 0x80000690 (0xFF9F0F13) addi t5, t5, -0x7
x30 <- 0xFBFFFFF9

mem[X,0x80000694] -> 0x0EB7
mem[X,0x80000696] -> 0x0040
[426] [M]: 0x80000694 (0x00400EB7) lui t4, 0x400
x29 <- 0x00400000

mem[X,0x80000698] -> 0x8E93
mem[X,0x8000069A] -> 0x002E
[427] [M]: 0x80000698 (0x002E8E93) addi t4, t4, 0x2
x29 <- 0x00400002

mem[X,0x8000069C] -> 0x7FBB
mem[X,0x8000069E] -> 0xD1DF
[428] [M]: 0x8000069C (0xD1DF7FBB) pmulq.h t6, t5, t4
x31 <- 0xFFFDFFFF

mem[X,0x800006A0] -> 0xA823
mem[X,0x800006A2] -> 0x05F0
[429] [M]: 0x800006A0 (0x05F0A823) sw t6, 0x50(ra)
mem[0x800031E4] <- 0xFFFDFFFF

mem[X,0x800006A4] -> 0x0F37
mem[X,0x800006A6] -> 0xF800
[430] [M]: 0x800006A4 (0xF8000F37) lui t5, -0x8000
x30 <- 0xF8000000

mem[X,0x800006A8] -> 0x0F13
mem[X,0x800006AA] -> 0xFF7F
[431] [M]: 0x800006A8 (0xFF7F0F13) addi t5, t5, -0x9
x30 <- 0xF7FFFFF7

mem[X,0x800006AC] -> 0x0EB7
mem[X,0x800006AE] -> 0xFFF9
[432] [M]: 0x800006AC (0xFFF90EB7) lui t4, -0x70
x29 <- 0xFFF90000

mem[X,0x800006B0] -> 0x8E93
mem[X,0x800006B2] -> 0xFDFE
[433] [M]: 0x800006B0 (0xFDFE8E93) addi t4, t4, -0x21
x29 <- 0xFFF8FFDF

mem[X,0x800006B4] -> 0x7FBB
mem[X,0x800006B6] -> 0xD1DF
[434] [M]: 0x800006B4 (0xD1DF7FBB) pmulq.h t6, t5, t4
x31 <- 0x00000000

mem[X,0x800006B8] -> 0xAA23
mem[X,0x800006BA] -> 0x05F0
[435] [M]: 0x800006B8 (0x05F0AA23) sw t6, 0x54(ra)
mem[0x800031E8] <- 0x00000000

mem[X,0x800006BC] -> 0x0F37
mem[X,0x800006BE] -> 0x5556
[436] [M]: 0x800006BC (0x55560F37) lui t5, 0x55560
x30 <- 0x55560000

mem[X,0x800006C0] -> 0x0F13
mem[X,0x800006C2] -> 0xF7FF
[437] [M]: 0x800006C0 (0xF7FF0F13) addi t5, t5, -0x81
x30 <- 0x5555FF7F

mem[X,0x800006C4] -> 0x0EB7
mem[X,0x800006C6] -> 0xF7FF
[438] [M]: 0x800006C4 (0xF7FF0EB7) lui t4, -0x8010
x29 <- 0xF7FF0000

mem[X,0x800006C8] -> 0x8E93
mem[X,0x800006CA] -> 0x009E
[439] [M]: 0x800006C8 (0x009E8E93) addi t4, t4, 0x9
x29 <- 0xF7FF0009

mem[X,0x800006CC] -> 0x7FBB
mem[X,0x800006CE] -> 0xD1DF
[440] [M]: 0x800006CC (0xD1DF7FBB) pmulq.h t6, t5, t4
x31 <- 0xFAAAFFFF

mem[X,0x800006D0] -> 0xAC23
mem[X,0x800006D2] -> 0x05F0
[441] [M]: 0x800006D0 (0x05F0AC23) sw t6, 0x58(ra)
mem[0x800031EC] <- 0xFAAAFFFF

mem[X,0x800006D4] -> 0x0F37
mem[X,0x800006D6] -> 0xFFFA
[442] [M]: 0x800006D4 (0xFFFA0F37) lui t5, -0x60
x30 <- 0xFFFA0000

mem[X,0x800006D8] -> 0x0F13
mem[X,0x800006DA] -> 0x040F
[443] [M]: 0x800006D8 (0x040F0F13) addi t5, t5, 0x40
x30 <- 0xFFFA0040

mem[X,0x800006DC] -> 0x0E93
mem[X,0x800006DE] -> 0x0010
[444] [M]: 0x800006DC (0x00100E93) addi t4, zero, 0x1
x29 <- 0x00000001

mem[X,0x800006E0] -> 0x7FBB
mem[X,0x800006E2] -> 0xD1DF
[445] [M]: 0x800006E0 (0xD1DF7FBB) pmulq.h t6, t5, t4
x31 <- 0x00000000

mem[X,0x800006E4] -> 0xAE23
mem[X,0x800006E6] -> 0x05F0
[446] [M]: 0x800006E4 (0x05F0AE23) sw t6, 0x5c(ra)
mem[0x800031F0] <- 0x00000000

mem[X,0x800006E8] -> 0x0F37
mem[X,0x800006EA] -> 0xFFF0
[447] [M]: 0x800006E8 (0xFFF00F37) lui t5, -0x100
x30 <- 0xFFF00000

mem[X,0x800006EC] -> 0x0F13
mem[X,0x800006EE] -> 0xFDFF
[448] [M]: 0x800006EC (0xFDFF0F13) addi t5, t5, -0x21
x30 <- 0xFFEFFFDF

mem[X,0x800006F0] -> 0x0EB7
mem[X,0x800006F2] -> 0xBFFF
[449] [M]: 0x800006F0 (0xBFFF0EB7) lui t4, -0x40010
x29 <- 0xBFFF0000

mem[X,0x800006F4] -> 0x8E93
mem[X,0x800006F6] -> 0x040E
[450] [M]: 0x800006F4 (0x040E8E93) addi t4, t4, 0x40
x29 <- 0xBFFF0040

mem[X,0x800006F8] -> 0x7FBB
mem[X,0x800006FA] -> 0xD1DF
[451] [M]: 0x800006F8 (0xD1DF7FBB) pmulq.h t6, t5, t4
x31 <- 0x0008FFFF

mem[X,0x800006FC] -> 0xA023
mem[X,0x800006FE] -> 0x07F0
[452] [M]: 0x800006FC (0x07F0A023) sw t6, 0x60(ra)
mem[0x800031F4] <- 0x0008FFFF

mem[X,0x80000700] -> 0x0F37
mem[X,0x80000702] -> 0xC001
[453] [M]: 0x80000700 (0xC0010F37) lui t5, -0x3fff0
x30 <- 0xC0010000

mem[X,0x80000704] -> 0x0F13
mem[X,0x80000706] -> 0xEFFF
[454] [M]: 0x80000704 (0xEFFF0F13) addi t5, t5, -0x101
x30 <- 0xC000FEFF

mem[X,0x80000708] -> 0x0EB7
mem[X,0x8000070A] -> 0xF7FF
[455] [M]: 0x80000708 (0xF7FF0EB7) lui t4, -0x8010
x29 <- 0xF7FF0000

mem[X,0x8000070C] -> 0x8E93
mem[X,0x8000070E] -> 0x080E
[456] [M]: 0x8000070C (0x080E8E93) addi t4, t4, 0x80
x29 <- 0xF7FF0080

mem[X,0x80000710] -> 0x7FBB
mem[X,0x80000712] -> 0xD1DF
[457] [M]: 0x80000710 (0xD1DF7FBB) pmulq.h t6, t5, t4
x31 <- 0x0400FFFE

mem[X,0x80000714] -> 0xA223
mem[X,0x80000716] -> 0x07F0
[458] [M]: 0x80000714 (0x07F0A223) sw t6, 0x64(ra)
mem[0x800031F8] <- 0x0400FFFE

mem[X,0x80000718] -> 0x0F37
mem[X,0x8000071A] -> 0x7FFF
[459] [M]: 0x80000718 (0x7FFF0F37) lui t5, 0x7fff0
x30 <- 0x7FFF0000

mem[X,0x8000071C] -> 0x0F13
mem[X,0x8000071E] -> 0x080F
[460] [M]: 0x8000071C (0x080F0F13) addi t5, t5, 0x80
x30 <- 0x7FFF0080

mem[X,0x80000720] -> 0x0EB7
mem[X,0x80000722] -> 0xFFF6
[461] [M]: 0x80000720 (0xFFF60EB7) lui t4, -0xa0
x29 <- 0xFFF60000

mem[X,0x80000724] -> 0x8E93
mem[X,0x80000726] -> 0x200E
[462] [M]: 0x80000724 (0x200E8E93) addi t4, t4, 0x200
x29 <- 0xFFF60200

mem[X,0x80000728] -> 0x7FBB
mem[X,0x8000072A] -> 0xD1DF
[463] [M]: 0x80000728 (0xD1DF7FBB) pmulq.h t6, t5, t4
x31 <- 0xFFF60002

mem[X,0x8000072C] -> 0xA423
mem[X,0x8000072E] -> 0x07F0
[464] [M]: 0x8000072C (0x07F0A423) sw t6, 0x68(ra)
mem[0x800031FC] <- 0xFFF60002

mem[X,0x80000730] -> 0x0F37
mem[X,0x80000732] -> 0xFFFE
[465] [M]: 0x80000730 (0xFFFE0F37) lui t5, -0x20
x30 <- 0xFFFE0000

mem[X,0x80000734] -> 0x0F13
mem[X,0x80000736] -> 0x008F
[466] [M]: 0x80000734 (0x008F0F13) addi t5, t5, 0x8
x30 <- 0xFFFE0008

mem[X,0x80000738] -> 0x0EB7
mem[X,0x8000073A] -> 0xC001
[467] [M]: 0x80000738 (0xC0010EB7) lui t4, -0x3fff0
x29 <- 0xC0010000

mem[X,0x8000073C] -> 0x8E93
mem[X,0x8000073E] -> 0xFF6E
[468] [M]: 0x8000073C (0xFF6E8E93) addi t4, t4, -0xa
x29 <- 0xC000FFF6

mem[X,0x80000740] -> 0x7FBB
mem[X,0x80000742] -> 0xD1DF
[469] [M]: 0x80000740 (0xD1DF7FBB) pmulq.h t6, t5, t4
x31 <- 0x0001FFFF

mem[X,0x80000744] -> 0xA623
mem[X,0x80000746] -> 0x07F0
[470] [M]: 0x80000744 (0x07F0A623) sw t6, 0x6c(ra)
mem[0x80003200] <- 0x0001FFFF

mem[X,0x80000748] -> 0x1F37
mem[X,0x8000074A] -> 0xF7FF
[471] [M]: 0x80000748 (0xF7FF1F37) lui t5, -0x800f
x30 <- 0xF7FF1000

mem[X,0x8000074C] -> 0x0EB7
mem[X,0x8000074E] -> 0x0080
[472] [M]: 0x8000074C (0x00800EB7) lui t4, 0x800
x29 <- 0x00800000

mem[X,0x80000750] -> 0x8E93
mem[X,0x80000752] -> 0x400E
[473] [M]: 0x80000750 (0x400E8E93) addi t4, t4, 0x400
x29 <- 0x00800400

mem[X,0x80000754] -> 0x7FBB
mem[X,0x80000756] -> 0xD1DF
[474] [M]: 0x80000754 (0xD1DF7FBB) pmulq.h t6, t5, t4
x31 <- 0xFFF70080

mem[X,0x80000758] -> 0xA823
mem[X,0x8000075A] -> 0x07F0
[475] [M]: 0x80000758 (0x07F0A823) sw t6, 0x70(ra)
mem[0x80003204] <- 0xFFF70080

mem[X,0x8000075C] -> 0x5F37
mem[X,0x8000075E] -> 0x0007
[476] [M]: 0x8000075C (0x00075F37) lui t5, 0x75
x30 <- 0x00075000

mem[X,0x80000760] -> 0x0F13
mem[X,0x80000762] -> 0x555F
[477] [M]: 0x80000760 (0x555F0F13) addi t5, t5, 0x555
x30 <- 0x00075555

mem[X,0x80000764] -> 0x2EB7
mem[X,0x80000766] -> 0xFFF6
[478] [M]: 0x80000764 (0xFFF62EB7) lui t4, -0x9e
x29 <- 0xFFF62000

mem[X,0x80000768] -> 0x7FBB
mem[X,0x8000076A] -> 0xD1DF
[479] [M]: 0x80000768 (0xD1DF7FBB) pmulq.h t6, t5, t4
x31 <- 0xFFFF1555

mem[X,0x8000076C] -> 0xAA23
mem[X,0x8000076E] -> 0x07F0
[480] [M]: 0x8000076C (0x07F0AA23) sw t6, 0x74(ra)
mem[0x80003208] <- 0xFFFF1555

mem[X,0x80000770] -> 0x0F37
mem[X,0x80000772] -> 0x0400
[481] [M]: 0x80000770 (0x04000F37) lui t5, 0x4000
x30 <- 0x04000000

mem[X,0x80000774] -> 0x0EB7
mem[X,0x80000776] -> 0x0081
[482] [M]: 0x80000774 (0x00810EB7) lui t4, 0x810
x29 <- 0x00810000

mem[X,0x80000778] -> 0x8E93
mem[X,0x8000077A] -> 0xFF7E
[483] [M]: 0x80000778 (0xFF7E8E93) addi t4, t4, -0x9
x29 <- 0x0080FFF7

mem[X,0x8000077C] -> 0x7FBB
mem[X,0x8000077E] -> 0xD1DF
[484] [M]: 0x8000077C (0xD1DF7FBB) pmulq.h t6, t5, t4
x31 <- 0x00040000

mem[X,0x80000780] -> 0xAC23
mem[X,0x80000782] -> 0x07F0
[485] [M]: 0x80000780 (0x07F0AC23) sw t6, 0x78(ra)
mem[0x8000320C] <- 0x00040000

mem[X,0x80000784] -> 0x0F37
mem[X,0x80000786] -> 0xFF80
[486] [M]: 0x80000784 (0xFF800F37) lui t5, -0x800
x30 <- 0xFF800000

mem[X,0x80000788] -> 0x0F13
mem[X,0x8000078A] -> 0xFFFF
[487] [M]: 0x80000788 (0xFFFF0F13) addi t5, t5, -0x1
x30 <- 0xFF7FFFFF

mem[X,0x8000078C] -> 0x0EB7
mem[X,0x8000078E] -> 0x0006
[488] [M]: 0x8000078C (0x00060EB7) lui t4, 0x60
x29 <- 0x00060000

mem[X,0x80000790] -> 0x8E93
mem[X,0x80000792] -> 0xFF7E
[489] [M]: 0x80000790 (0xFF7E8E93) addi t4, t4, -0x9
x29 <- 0x0005FFF7

mem[X,0x80000794] -> 0x7FBB
mem[X,0x80000796] -> 0xD1DF
[490] [M]: 0x80000794 (0xD1DF7FBB) pmulq.h t6, t5, t4
x31 <- 0xFFFF0000

mem[X,0x80000798] -> 0xAE23
mem[X,0x8000079A] -> 0x07F0
[491] [M]: 0x80000798 (0x07F0AE23) sw t6, 0x7c(ra)
mem[0x80003210] <- 0xFFFF0000

mem[X,0x8000079C] -> 0x0F37
mem[X,0x8000079E] -> 0x0040
[492] [M]: 0x8000079C (0x00400F37) lui t5, 0x400
x30 <- 0x00400000

mem[X,0x800007A0] -> 0x0F13
mem[X,0x800007A2] -> 0x005F
[493] [M]: 0x800007A0 (0x005F0F13) addi t5, t5, 0x5
x30 <- 0x00400005

mem[X,0x800007A4] -> 0x0EB7
mem[X,0x800007A6] -> 0x0003
[494] [M]: 0x800007A4 (0x00030EB7) lui t4, 0x30
x29 <- 0x00030000

mem[X,0x800007A8] -> 0x8E93
mem[X,0x800007AA] -> 0xDFFE
[495] [M]: 0x800007A8 (0xDFFE8E93) addi t4, t4, -0x201
x29 <- 0x0002FDFF

mem[X,0x800007AC] -> 0x7FBB
mem[X,0x800007AE] -> 0xD1DF
[496] [M]: 0x800007AC (0xD1DF7FBB) pmulq.h t6, t5, t4
x31 <- 0x0000FFFF

mem[X,0x800007B0] -> 0xA023
mem[X,0x800007B2] -> 0x09F0
[497] [M]: 0x800007B0 (0x09F0A023) sw t6, 0x80(ra)
mem[0x80003214] <- 0x0000FFFF

mem[X,0x800007B4] -> 0x8F37
mem[X,0x800007B6] -> 0xFF7F
[498] [M]: 0x800007B4 (0xFF7F8F37) lui t5, -0x808
x30 <- 0xFF7F8000

mem[X,0x800007B8] -> 0x0F13
mem[X,0x800007BA] -> 0xFFFF
[499] [M]: 0x800007B8 (0xFFFF0F13) addi t5, t5, -0x1
x30 <- 0xFF7F7FFF

clint::tick mtime <- 0x0000000000000005
 clint timer pending at mtime 0x0000000000000005
htif::tick 0x0000000000000000
mem[X,0x800007BC] -> 0x0EB7
mem[X,0x800007BE] -> 0x0401
[500] [M]: 0x800007BC (0x04010EB7) lui t4, 0x4010
x29 <- 0x04010000

mem[X,0x800007C0] -> 0x8E93
mem[X,0x800007C2] -> 0xBFFE
[501] [M]: 0x800007C0 (0xBFFE8E93) addi t4, t4, -0x401
x29 <- 0x0400FBFF

mem[X,0x800007C4] -> 0x7FBB
mem[X,0x800007C6] -> 0xD1DF
[502] [M]: 0x800007C4 (0xD1DF7FBB) pmulq.h t6, t5, t4
x31 <- 0xFFFBFBFF

mem[X,0x800007C8] -> 0xA223
mem[X,0x800007CA] -> 0x09F0
[503] [M]: 0x800007C8 (0x09F0A223) sw t6, 0x84(ra)
mem[0x80003218] <- 0xFFFBFBFF

mem[X,0x800007CC] -> 0x0F37
mem[X,0x800007CE] -> 0xFF80
[504] [M]: 0x800007CC (0xFF800F37) lui t5, -0x800
x30 <- 0xFF800000

mem[X,0x800007D0] -> 0x0F13
mem[X,0x800007D2] -> 0xFFCF
[505] [M]: 0x800007D0 (0xFFCF0F13) addi t5, t5, -0x4
x30 <- 0xFF7FFFFC

mem[X,0x800007D4] -> 0x5EB7
mem[X,0x800007D6] -> 0xFFFC
[506] [M]: 0x800007D4 (0xFFFC5EB7) lui t4, -0x3b
x29 <- 0xFFFC5000

mem[X,0x800007D8] -> 0x8E93
mem[X,0x800007DA] -> 0x555E
[507] [M]: 0x800007D8 (0x555E8E93) addi t4, t4, 0x555
x29 <- 0xFFFC5555

mem[X,0x800007DC] -> 0x7FBB
mem[X,0x800007DE] -> 0xD1DF
[508] [M]: 0x800007DC (0xD1DF7FBB) pmulq.h t6, t5, t4
x31 <- 0x0000FFFD

mem[X,0x800007E0] -> 0xA423
mem[X,0x800007E2] -> 0x09F0
[509] [M]: 0x800007E0 (0x09F0A423) sw t6, 0x88(ra)
mem[0x8000321C] <- 0x0000FFFD

mem[X,0x800007E4] -> 0x0F37
mem[X,0x800007E6] -> 0xE000
[510] [M]: 0x800007E4 (0xE0000F37) lui t5, -0x20000
x30 <- 0xE0000000

mem[X,0x800007E8] -> 0x0F13
mem[X,0x800007EA] -> 0xFFCF
[511] [M]: 0x800007E8 (0xFFCF0F13) addi t5, t5, -0x4
x30 <- 0xDFFFFFFC

mem[X,0x800007EC] -> 0x0EB7
mem[X,0x800007EE] -> 0x8001
[512] [M]: 0x800007EC (0x80010EB7) lui t4, -0x7fff0
x29 <- 0x80010000

mem[X,0x800007F0] -> 0x8E93
mem[X,0x800007F2] -> 0xFF8E
[513] [M]: 0x800007F0 (0xFF8E8E93) addi t4, t4, -0x8
x29 <- 0x8000FFF8

mem[X,0x800007F4] -> 0x7FBB
mem[X,0x800007F6] -> 0xD1DF
[514] [M]: 0x800007F4 (0xD1DF7FBB) pmulq.h t6, t5, t4
x31 <- 0x20010000

mem[X,0x800007F8] -> 0xA623
mem[X,0x800007FA] -> 0x09F0
[515] [M]: 0x800007F8 (0x09F0A623) sw t6, 0x8c(ra)
mem[0x80003220] <- 0x20010000

mem[X,0x800007FC] -> 0x0F37
mem[X,0x800007FE] -> 0xFE00
[516] [M]: 0x800007FC (0xFE000F37) lui t5, -0x2000
x30 <- 0xFE000000

mem[X,0x80000800] -> 0x0F13
mem[X,0x80000802] -> 0xF7FF
[517] [M]: 0x80000800 (0xF7FF0F13) addi t5, t5, -0x81
x30 <- 0xFDFFFF7F

mem[X,0x80000804] -> 0xEEB7
mem[X,0x80000806] -> 0x0001
[518] [M]: 0x80000804 (0x0001EEB7) lui t4, 0x1e
x29 <- 0x0001E000

mem[X,0x80000808] -> 0x8E93
mem[X,0x8000080A] -> 0xFFFE
[519] [M]: 0x80000808 (0xFFFE8E93) addi t4, t4, -0x1
x29 <- 0x0001DFFF

mem[X,0x8000080C] -> 0x7FBB
mem[X,0x8000080E] -> 0xD1DF
[520] [M]: 0x8000080C (0xD1DF7FBB) pmulq.h t6, t5, t4
x31 <- 0xFFFF0020

mem[X,0x80000810] -> 0xA823
mem[X,0x80000812] -> 0x09F0
[521] [M]: 0x80000810 (0x09F0A823) sw t6, 0x90(ra)
mem[0x80003224] <- 0xFFFF0020

mem[X,0x80000814] -> 0x0F37
mem[X,0x80000816] -> 0x0005
[522] [M]: 0x80000814 (0x00050F37) lui t5, 0x50
x30 <- 0x00050000

mem[X,0x80000818] -> 0x0F13
mem[X,0x8000081A] -> 0xFFBF
[523] [M]: 0x80000818 (0xFFBF0F13) addi t5, t5, -0x5
x30 <- 0x0004FFFB

mem[X,0x8000081C] -> 0x0EB7
mem[X,0x8000081E] -> 0x7FFF
[524] [M]: 0x8000081C (0x7FFF0EB7) lui t4, 0x7fff0
x29 <- 0x7FFF0000

mem[X,0x80000820] -> 0x7FBB
mem[X,0x80000822] -> 0xD1DF
[525] [M]: 0x80000820 (0xD1DF7FBB) pmulq.h t6, t5, t4
x31 <- 0x00030000

mem[X,0x80000824] -> 0xAA23
mem[X,0x80000826] -> 0x09F0
[526] [M]: 0x80000824 (0x09F0AA23) sw t6, 0x94(ra)
mem[0x80003228] <- 0x00030000

mem[X,0x80000828] -> 0x0F37
mem[X,0x8000082A] -> 0xFEFF
[527] [M]: 0x80000828 (0xFEFF0F37) lui t5, -0x1010
x30 <- 0xFEFF0000

mem[X,0x8000082C] -> 0x0F13
mem[X,0x8000082E] -> 0x400F
[528] [M]: 0x8000082C (0x400F0F13) addi t5, t5, 0x400
x30 <- 0xFEFF0400

mem[X,0x80000830] -> 0x0EB7
mem[X,0x80000832] -> 0xC001
[529] [M]: 0x80000830 (0xC0010EB7) lui t4, -0x3fff0
x29 <- 0xC0010000

mem[X,0x80000834] -> 0x8E93
mem[X,0x80000836] -> 0xFEFE
[530] [M]: 0x80000834 (0xFEFE8E93) addi t4, t4, -0x11
x29 <- 0xC000FFEF

mem[X,0x80000838] -> 0x7FBB
mem[X,0x8000083A] -> 0xD1DF
[531] [M]: 0x80000838 (0xD1DF7FBB) pmulq.h t6, t5, t4
x31 <- 0x0080FFFF

mem[X,0x8000083C] -> 0xAC23
mem[X,0x8000083E] -> 0x09F0
[532] [M]: 0x8000083C (0x09F0AC23) sw t6, 0x98(ra)
mem[0x8000322C] <- 0x0080FFFF

mem[X,0x80000840] -> 0xFF37
mem[X,0x80000842] -> 0x3FFF
[533] [M]: 0x80000840 (0x3FFFFF37) lui t5, 0x3ffff
x30 <- 0x3FFFF000

mem[X,0x80000844] -> 0x0F13
mem[X,0x80000846] -> 0x7FFF
[534] [M]: 0x80000844 (0x7FFF0F13) addi t5, t5, 0x7ff
x30 <- 0x3FFFF7FF

mem[X,0x80000848] -> 0x0EB7
mem[X,0x8000084A] -> 0x0009
[535] [M]: 0x80000848 (0x00090EB7) lui t4, 0x90
x29 <- 0x00090000

mem[X,0x8000084C] -> 0x8E93
mem[X,0x8000084E] -> 0xFFEE
[536] [M]: 0x8000084C (0xFFEE8E93) addi t4, t4, -0x2
x29 <- 0x0008FFFE

mem[X,0x80000850] -> 0x7FBB
mem[X,0x80000852] -> 0xD1DF
[537] [M]: 0x80000850 (0xD1DF7FBB) pmulq.h t6, t5, t4
x31 <- 0x00030000

mem[X,0x80000854] -> 0xAE23
mem[X,0x80000856] -> 0x09F0
[538] [M]: 0x80000854 (0x09F0AE23) sw t6, 0x9c(ra)
mem[0x80003230] <- 0x00030000

mem[X,0x80000858] -> 0x0F37
mem[X,0x8000085A] -> 0xFFFE
[539] [M]: 0x80000858 (0xFFFE0F37) lui t5, -0x20
x30 <- 0xFFFE0000

mem[X,0x8000085C] -> 0x0F13
mem[X,0x8000085E] -> 0xFFDF
[540] [M]: 0x8000085C (0xFFDF0F13) addi t5, t5, -0x3
x30 <- 0xFFFDFFFD

mem[X,0x80000860] -> 0x0EB7
mem[X,0x80000862] -> 0x0004
[541] [M]: 0x80000860 (0x00040EB7) lui t4, 0x40
x29 <- 0x00040000

mem[X,0x80000864] -> 0x8E93
mem[X,0x80000866] -> 0x100E
[542] [M]: 0x80000864 (0x100E8E93) addi t4, t4, 0x100
x29 <- 0x00040100

mem[X,0x80000868] -> 0x7FBB
mem[X,0x8000086A] -> 0xD1DF
[543] [M]: 0x80000868 (0xD1DF7FBB) pmulq.h t6, t5, t4
x31 <- 0xFFFFFFFF

mem[X,0x8000086C] -> 0xA023
mem[X,0x8000086E] -> 0x0BF0
[544] [M]: 0x8000086C (0x0BF0A023) sw t6, 0xa0(ra)
mem[0x80003234] <- 0xFFFFFFFF

mem[X,0x80000870] -> 0x0F37
mem[X,0x80000872] -> 0x0801
[545] [M]: 0x80000870 (0x08010F37) lui t5, 0x8010
x30 <- 0x08010000

mem[X,0x80000874] -> 0x0F13
mem[X,0x80000876] -> 0xFFBF
[546] [M]: 0x80000874 (0xFFBF0F13) addi t5, t5, -0x5
x30 <- 0x0800FFFB

mem[X,0x80000878] -> 0x0EB7
mem[X,0x8000087A] -> 0x0200
[547] [M]: 0x80000878 (0x02000EB7) lui t4, 0x2000
x29 <- 0x02000000

mem[X,0x8000087C] -> 0x8E93
mem[X,0x8000087E] -> 0x002E
[548] [M]: 0x8000087C (0x002E8E93) addi t4, t4, 0x2
x29 <- 0x02000002

mem[X,0x80000880] -> 0x7FBB
mem[X,0x80000882] -> 0xD1DF
[549] [M]: 0x80000880 (0xD1DF7FBB) pmulq.h t6, t5, t4
x31 <- 0x0020FFFF

mem[X,0x80000884] -> 0xA223
mem[X,0x80000886] -> 0x0BF0
[550] [M]: 0x80000884 (0x0BF0A223) sw t6, 0xa4(ra)
mem[0x80003238] <- 0x0020FFFF

mem[X,0x80000888] -> 0x0F37
mem[X,0x8000088A] -> 0xFFF8
[551] [M]: 0x80000888 (0xFFF80F37) lui t5, -0x80
x30 <- 0xFFF80000

mem[X,0x8000088C] -> 0x0F13
mem[X,0x8000088E] -> 0xBFFF
[552] [M]: 0x8000088C (0xBFFF0F13) addi t5, t5, -0x401
x30 <- 0xFFF7FBFF

mem[X,0x80000890] -> 0x0EB7
mem[X,0x80000892] -> 0x0004
[553] [M]: 0x80000890 (0x00040EB7) lui t4, 0x40
x29 <- 0x00040000

mem[X,0x80000894] -> 0x8E93
mem[X,0x80000896] -> 0xFFCE
[554] [M]: 0x80000894 (0xFFCE8E93) addi t4, t4, -0x4
x29 <- 0x0003FFFC

mem[X,0x80000898] -> 0x7FBB
mem[X,0x8000089A] -> 0xD1DF
[555] [M]: 0x80000898 (0xD1DF7FBB) pmulq.h t6, t5, t4
x31 <- 0xFFFF0000

mem[X,0x8000089C] -> 0xA423
mem[X,0x8000089E] -> 0x0BF0
[556] [M]: 0x8000089C (0x0BF0A423) sw t6, 0xa8(ra)
mem[0x8000323C] <- 0xFFFF0000

mem[X,0x800008A0] -> 0x4F37
mem[X,0x800008A2] -> 0xFFFF
[557] [M]: 0x800008A0 (0xFFFF4F37) lui t5, -0xc
x30 <- 0xFFFF4000

mem[X,0x800008A4] -> 0x0EB7
mem[X,0x800008A6] -> 0x0801
[558] [M]: 0x800008A4 (0x08010EB7) lui t4, 0x8010
x29 <- 0x08010000

mem[X,0x800008A8] -> 0x8E93
mem[X,0x800008AA] -> 0xFFDE
[559] [M]: 0x800008A8 (0xFFDE8E93) addi t4, t4, -0x3
x29 <- 0x0800FFFD

mem[X,0x800008AC] -> 0x7FBB
mem[X,0x800008AE] -> 0xD1DF
[560] [M]: 0x800008AC (0xD1DF7FBB) pmulq.h t6, t5, t4
x31 <- 0xFFFFFFFE

mem[X,0x800008B0] -> 0xA623
mem[X,0x800008B2] -> 0x0BF0
[561] [M]: 0x800008B0 (0x0BF0A623) sw t6, 0xac(ra)
mem[0x80003240] <- 0xFFFFFFFE

mem[X,0x800008B4] -> 0x2F37
mem[X,0x800008B6] -> 0x0100
[562] [M]: 0x800008B4 (0x01002F37) lui t5, 0x1002
x30 <- 0x01002000

mem[X,0x800008B8] -> 0x4EB7
mem[X,0x800008BA] -> 0x2000
[563] [M]: 0x800008B8 (0x20004EB7) lui t4, 0x20004
x29 <- 0x20004000

mem[X,0x800008BC] -> 0x7FBB
mem[X,0x800008BE] -> 0xD1DF
[564] [M]: 0x800008BC (0xD1DF7FBB) pmulq.h t6, t5, t4
x31 <- 0x00401000

mem[X,0x800008C0] -> 0xA823
mem[X,0x800008C2] -> 0x0BF0
[565] [M]: 0x800008C0 (0x0BF0A823) sw t6, 0xb0(ra)
mem[0x80003244] <- 0x00401000

mem[X,0x800008C4] -> 0x0F37
mem[X,0x800008C6] -> 0x8000
[566] [M]: 0x800008C4 (0x80000F37) lui t5, -0x80000
x30 <- 0x80000000

mem[X,0x800008C8] -> 0x0F13
mem[X,0x800008CA] -> 0xFFCF
[567] [M]: 0x800008C8 (0xFFCF0F13) addi t5, t5, -0x4
x30 <- 0x7FFFFFFC

mem[X,0x800008CC] -> 0x8EB7
mem[X,0x800008CE] -> 0x4000
[568] [M]: 0x800008CC (0x40008EB7) lui t4, 0x40008
x29 <- 0x40008000

mem[X,0x800008D0] -> 0x8E93
mem[X,0x800008D2] -> 0xFFFE
[569] [M]: 0x800008D0 (0xFFFE8E93) addi t4, t4, -0x1
x29 <- 0x40007FFF

mem[X,0x800008D4] -> 0x7FBB
mem[X,0x800008D6] -> 0xD1DF
[570] [M]: 0x800008D4 (0xD1DF7FBB) pmulq.h t6, t5, t4
x31 <- 0x3FFFFFFC

mem[X,0x800008D8] -> 0xAA23
mem[X,0x800008DA] -> 0x0BF0
[571] [M]: 0x800008D8 (0x0BF0AA23) sw t6, 0xb4(ra)
mem[0x80003248] <- 0x3FFFFFFC

mem[X,0x800008DC] -> 0x0F37
mem[X,0x800008DE] -> 0xEFFF
[572] [M]: 0x800008DC (0xEFFF0F37) lui t5, -0x10010
x30 <- 0xEFFF0000

mem[X,0x800008E0] -> 0x8EB7
mem[X,0x800008E2] -> 0xBFFF
[573] [M]: 0x800008E0 (0xBFFF8EB7) lui t4, -0x40008
x29 <- 0xBFFF8000

mem[X,0x800008E4] -> 0x8E93
mem[X,0x800008E6] -> 0xFFFE
[574] [M]: 0x800008E4 (0xFFFE8E93) addi t4, t4, -0x1
x29 <- 0xBFFF7FFF

mem[X,0x800008E8] -> 0x7FBB
mem[X,0x800008EA] -> 0xD1DF
[575] [M]: 0x800008E8 (0xD1DF7FBB) pmulq.h t6, t5, t4
x31 <- 0x08000000

mem[X,0x800008EC] -> 0xAC23
mem[X,0x800008EE] -> 0x0BF0
[576] [M]: 0x800008EC (0x0BF0AC23) sw t6, 0xb8(ra)
mem[0x8000324C] <- 0x08000000

mem[X,0x800008F0] -> 0x0F37
mem[X,0x800008F2] -> 0x0200
[577] [M]: 0x800008F0 (0x02000F37) lui t5, 0x2000
x30 <- 0x02000000

mem[X,0x800008F4] -> 0x0F13
mem[X,0x800008F6] -> 0x001F
[578] [M]: 0x800008F4 (0x001F0F13) addi t5, t5, 0x1
x30 <- 0x02000001

mem[X,0x800008F8] -> 0x8EB7
mem[X,0x800008FA] -> 0xFBFF
[579] [M]: 0x800008F8 (0xFBFF8EB7) lui t4, -0x4008
x29 <- 0xFBFF8000

mem[X,0x800008FC] -> 0x7FBB
mem[X,0x800008FE] -> 0xD1DF
[580] [M]: 0x800008FC (0xD1DF7FBB) pmulq.h t6, t5, t4
x31 <- 0xFFEFFFFF

mem[X,0x80000900] -> 0xAE23
mem[X,0x80000902] -> 0x0BF0
[581] [M]: 0x80000900 (0x0BF0AE23) sw t6, 0xbc(ra)
mem[0x80003250] <- 0xFFEFFFFF

mem[X,0x80000904] -> 0x0F37
mem[X,0x80000906] -> 0xFFFC
[582] [M]: 0x80000904 (0xFFFC0F37) lui t5, -0x40
x30 <- 0xFFFC0000

mem[X,0x80000908] -> 0x0F13
mem[X,0x8000090A] -> 0x004F
[583] [M]: 0x80000908 (0x004F0F13) addi t5, t5, 0x4
x30 <- 0xFFFC0004

mem[X,0x8000090C] -> 0x0EB7
mem[X,0x8000090E] -> 0xC000
[584] [M]: 0x8000090C (0xC0000EB7) lui t4, -0x40000
x29 <- 0xC0000000

mem[X,0x80000910] -> 0x8E93
mem[X,0x80000912] -> 0x100E
[585] [M]: 0x80000910 (0x100E8E93) addi t4, t4, 0x100
x29 <- 0xC0000100

mem[X,0x80000914] -> 0x7FBB
mem[X,0x80000916] -> 0xD1DF
[586] [M]: 0x80000914 (0xD1DF7FBB) pmulq.h t6, t5, t4
x31 <- 0x00020000

mem[X,0x80000918] -> 0xA023
mem[X,0x8000091A] -> 0x0DF0
[587] [M]: 0x80000918 (0x0DF0A023) sw t6, 0xc0(ra)
mem[0x80003254] <- 0x00020000

mem[X,0x8000091C] -> 0x1F37
mem[X,0x8000091E] -> 0xFFFC
[588] [M]: 0x8000091C (0xFFFC1F37) lui t5, -0x3f
x30 <- 0xFFFC1000

mem[X,0x80000920] -> 0x0F13
mem[X,0x80000922] -> 0x800F
[589] [M]: 0x80000920 (0x800F0F13) addi t5, t5, -0x800
x30 <- 0xFFFC0800

mem[X,0x80000924] -> 0x0EB7
mem[X,0x80000926] -> 0xFFFE
[590] [M]: 0x80000924 (0xFFFE0EB7) lui t4, -0x20
x29 <- 0xFFFE0000

mem[X,0x80000928] -> 0x8E93
mem[X,0x8000092A] -> 0xFFDE
[591] [M]: 0x80000928 (0xFFDE8E93) addi t4, t4, -0x3
x29 <- 0xFFFDFFFD

mem[X,0x8000092C] -> 0x7FBB
mem[X,0x8000092E] -> 0xD1DF
[592] [M]: 0x8000092C (0xD1DF7FBB) pmulq.h t6, t5, t4
x31 <- 0x0000FFFF

mem[X,0x80000930] -> 0xA223
mem[X,0x80000932] -> 0x0DF0
[593] [M]: 0x80000930 (0x0DF0A223) sw t6, 0xc4(ra)
mem[0x80003258] <- 0x0000FFFF

mem[X,0x80000934] -> 0x006F
mem[X,0x80000936] -> 0x0200
[594] [M]: 0x80000934 (0x0200006F) jal zero, 0x20

mem[X,0x80000954] -> 0x0093
mem[X,0x80000956] -> 0x0010
[595] [M]: 0x80000954 (0x00100093) addi ra, zero, 0x1
x1 <- 0x00000001

mem[X,0x80000958] -> 0x0F17
mem[X,0x8000095A] -> 0x0000
[596] [M]: 0x80000958 (0x00000F17) auipc t5, 0x0
x30 <- 0x80000958

mem[X,0x8000095C] -> 0x2423
mem[X,0x8000095E] -> 0x6A1F
[597] [M]: 0x8000095C (0x6A1F2423) sw ra, 0x6a8(t5)
htif[0x80001000] <- 0x00000001

mem[X,0x80000960] -> 0xF06F
mem[X,0x80000962] -> 0xFF9F
[598] [M]: 0x80000960 (0xFF9FF06F) jal zero, -0x8

mem[X,0x80000958] -> 0x0F17
mem[X,0x8000095A] -> 0x0000
[599] [M]: 0x80000958 (0x00000F17) auipc t5, 0x0
x30 <- 0x80000958

clint::tick mtime <- 0x0000000000000006
 clint timer pending at mtime 0x0000000000000006
htif::tick 0x0000000000000001
mem[X,0x8000095C] -> 0x2423
mem[X,0x8000095E] -> 0x6A1F
[600] [M]: 0x8000095C (0x6A1F2423) sw ra, 0x6a8(t5)
htif[0x80001000] <- 0x00000001

mem[X,0x80000960] -> 0xF06F
mem[X,0x80000962] -> 0xFF9F
[601] [M]: 0x80000960 (0xFF9FF06F) jal zero, -0x8

mem[X,0x80000958] -> 0x0F17
mem[X,0x8000095A] -> 0x0000
[602] [M]: 0x80000958 (0x00000F17) auipc t5, 0x0
x30 <- 0x80000958

mem[X,0x8000095C] -> 0x2423
mem[X,0x8000095E] -> 0x6A1F
[603] [M]: 0x8000095C (0x6A1F2423) sw ra, 0x6a8(t5)
htif[0x80001000] <- 0x00000001
htif-syscall-proxy cmd: 0x000000000001

SUCCESS
