using /home/chsu/rvp-workspace/test-64/riscof_work/pmulhsu.h.be-01.S/ref/Reference-sail_c_simulator.signature for test-signature output.
tohost located at 0x80002000
Running file ref.elf.
ELF Entry @ 0x80000000
begin_signature: 0x80004110
end_signature: 0x80004450
CSR mstatus <- 0x0000000A00000000 (input: 0x0000000000000000)
mem[X,0x0000000000001000] -> 0x0297
mem[X,0x0000000000001002] -> 0x0000
[0] [M]: 0x0000000000001000 (0x00000297) auipc t0, 0x0
x5 <- 0x0000000000001000

mem[X,0x0000000000001004] -> 0x8593
mem[X,0x0000000000001006] -> 0x0202
[1] [M]: 0x0000000000001004 (0x02028593) addi a1, t0, 0x20
x11 <- 0x0000000000001020

mem[X,0x0000000000001008] -> 0x2573
mem[X,0x000000000000100A] -> 0xF140
[2] [M]: 0x0000000000001008 (0xF1402573) csrrs a0, mhartid, zero
CSR mhartid -> 0x0000000000000000
x10 <- 0x0000000000000000

mem[X,0x000000000000100C] -> 0xB283
mem[X,0x000000000000100E] -> 0x0182
[3] [M]: 0x000000000000100C (0x0182B283) ld t0, 0x18(t0)
mem[R,0x0000000000001018] -> 0x0000000080000000
x5 <- 0x0000000080000000

mem[X,0x0000000000001010] -> 0x8067
mem[X,0x0000000000001012] -> 0x0002
[4] [M]: 0x0000000000001010 (0x00028067) jalr zero, 0x0(t0)

mem[X,0x0000000080000000] -> 0x0837
mem[X,0x0000000080000002] -> 0x7D5C
[5] [M]: 0x0000000080000000 (0x7D5C0837) lui a6, 0x7d5c0
x16 <- 0x000000007D5C0000

mem[X,0x0000000080000004] -> 0x0813
mem[X,0x0000000080000006] -> 0xDDB8
[6] [M]: 0x0000000080000004 (0xDDB80813) addi a6, a6, -0x225
x16 <- 0x000000007D5BFDDB

mem[X,0x0000000080000008] -> 0x1813
mem[X,0x000000008000000A] -> 0x00B8
[7] [M]: 0x0000000080000008 (0x00B81813) slli a6, a6, 0xb
x16 <- 0x000003EADFEED800

mem[X,0x000000008000000C] -> 0x0813
mem[X,0x000000008000000E] -> 0x3EA8
[8] [M]: 0x000000008000000C (0x3EA80813) addi a6, a6, 0x3ea
x16 <- 0x000003EADFEEDBEA

mem[X,0x0000000080000010] -> 0x1813
mem[X,0x0000000080000012] -> 0x00B8
[9] [M]: 0x0000000080000010 (0x00B81813) slli a6, a6, 0xb
x16 <- 0x001F56FF76DF5000

mem[X,0x0000000080000014] -> 0x0813
mem[X,0x0000000080000016] -> 0x6FF8
[10] [M]: 0x0000000080000014 (0x6FF80813) addi a6, a6, 0x6ff
x16 <- 0x001F56FF76DF56FF

mem[X,0x0000000080000018] -> 0x1813
mem[X,0x000000008000001A] -> 0x00A8
[11] [M]: 0x0000000080000018 (0x00A81813) slli a6, a6, 0xa
x16 <- 0x7D5BFDDB7D5BFC00

mem[X,0x000000008000001C] -> 0x0813
mem[X,0x000000008000001E] -> 0x1DB8
[12] [M]: 0x000000008000001C (0x1DB80813) addi a6, a6, 0x1db
x16 <- 0x7D5BFDDB7D5BFDDB

mem[X,0x0000000080000020] -> 0x5893
mem[X,0x0000000080000022] -> 0x0078
[13] [M]: 0x0000000080000020 (0x00785893) srli a7, a6, 0x7
x17 <- 0x00FAB7FBB6FAB7FB

mem[X,0x0000000080000024] -> 0x5793
mem[X,0x0000000080000026] -> 0x0398
[14] [M]: 0x0000000080000024 (0x03985793) srli a5, a6, 0x39
x15 <- 0x000000000000003E

mem[X,0x0000000080000028] -> 0xE8B3
mem[X,0x000000008000002A] -> 0x00F8
[15] [M]: 0x0000000080000028 (0x00F8E8B3) or a7, a7, a5
x17 <- 0x00FAB7FBB6FAB7FF

mem[X,0x000000008000002C] -> 0xD913
mem[X,0x000000008000002E] -> 0x0078
[16] [M]: 0x000000008000002C (0x0078D913) srli s2, a7, 0x7
x18 <- 0x0001F56FF76DF56F

mem[X,0x0000000080000030] -> 0xD793
mem[X,0x0000000080000032] -> 0x0398
[17] [M]: 0x0000000080000030 (0x0398D793) srli a5, a7, 0x39
x15 <- 0x0000000000000000

mem[X,0x0000000080000034] -> 0x6933
mem[X,0x0000000080000036] -> 0x00F9
[18] [M]: 0x0000000080000034 (0x00F96933) or s2, s2, a5
x18 <- 0x0001F56FF76DF56F

mem[X,0x0000000080000038] -> 0x5993
mem[X,0x000000008000003A] -> 0x0079
[19] [M]: 0x0000000080000038 (0x00795993) srli s3, s2, 0x7
x19 <- 0x000003EADFEEDBEA

mem[X,0x000000008000003C] -> 0x5793
mem[X,0x000000008000003E] -> 0x0399
[20] [M]: 0x000000008000003C (0x03995793) srli a5, s2, 0x39
x15 <- 0x0000000000000000

mem[X,0x0000000080000040] -> 0xE9B3
mem[X,0x0000000080000042] -> 0x00F9
[21] [M]: 0x0000000080000040 (0x00F9E9B3) or s3, s3, a5
x19 <- 0x000003EADFEEDBEA

mem[X,0x0000000080000044] -> 0xDA13
mem[X,0x0000000080000046] -> 0x0079
[22] [M]: 0x0000000080000044 (0x0079DA13) srli s4, s3, 0x7
x20 <- 0x00000007D5BFDDB7

mem[X,0x0000000080000048] -> 0xD793
mem[X,0x000000008000004A] -> 0x0399
[23] [M]: 0x0000000080000048 (0x0399D793) srli a5, s3, 0x39
x15 <- 0x0000000000000000

mem[X,0x000000008000004C] -> 0x6A33
mem[X,0x000000008000004E] -> 0x00FA
[24] [M]: 0x000000008000004C (0x00FA6A33) or s4, s4, a5
x20 <- 0x00000007D5BFDDB7

mem[X,0x0000000080000050] -> 0x5A93
mem[X,0x0000000080000052] -> 0x007A
[25] [M]: 0x0000000080000050 (0x007A5A93) srli s5, s4, 0x7
x21 <- 0x000000000FAB7FBB

mem[X,0x0000000080000054] -> 0x5793
mem[X,0x0000000080000056] -> 0x039A
[26] [M]: 0x0000000080000054 (0x039A5793) srli a5, s4, 0x39
x15 <- 0x0000000000000000

mem[X,0x0000000080000058] -> 0xEAB3
mem[X,0x000000008000005A] -> 0x00FA
[27] [M]: 0x0000000080000058 (0x00FAEAB3) or s5, s5, a5
x21 <- 0x000000000FAB7FBB

mem[X,0x000000008000005C] -> 0xDB13
mem[X,0x000000008000005E] -> 0x007A
[28] [M]: 0x000000008000005C (0x007ADB13) srli s6, s5, 0x7
x22 <- 0x00000000001F56FF

mem[X,0x0000000080000060] -> 0xD793
mem[X,0x0000000080000062] -> 0x039A
[29] [M]: 0x0000000080000060 (0x039AD793) srli a5, s5, 0x39
x15 <- 0x0000000000000000

mem[X,0x0000000080000064] -> 0x6B33
mem[X,0x0000000080000066] -> 0x00FB
[30] [M]: 0x0000000080000064 (0x00FB6B33) or s6, s6, a5
x22 <- 0x00000000001F56FF

mem[X,0x0000000080000068] -> 0x5B93
mem[X,0x000000008000006A] -> 0x007B
[31] [M]: 0x0000000080000068 (0x007B5B93) srli s7, s6, 0x7
x23 <- 0x0000000000003EAD

mem[X,0x000000008000006C] -> 0x5793
mem[X,0x000000008000006E] -> 0x039B
[32] [M]: 0x000000008000006C (0x039B5793) srli a5, s6, 0x39
x15 <- 0x0000000000000000

mem[X,0x0000000080000070] -> 0xEBB3
mem[X,0x0000000080000072] -> 0x00FB
[33] [M]: 0x0000000080000070 (0x00FBEBB3) or s7, s7, a5
x23 <- 0x0000000000003EAD

mem[X,0x0000000080000074] -> 0xDC13
mem[X,0x0000000080000076] -> 0x007B
[34] [M]: 0x0000000080000074 (0x007BDC13) srli s8, s7, 0x7
x24 <- 0x000000000000007D

mem[X,0x0000000080000078] -> 0xD793
mem[X,0x000000008000007A] -> 0x039B
[35] [M]: 0x0000000080000078 (0x039BD793) srli a5, s7, 0x39
x15 <- 0x0000000000000000

mem[X,0x000000008000007C] -> 0x6C33
mem[X,0x000000008000007E] -> 0x00FC
[36] [M]: 0x000000008000007C (0x00FC6C33) or s8, s8, a5
x24 <- 0x000000000000007D

mem[X,0x0000000080000080] -> 0x5C93
mem[X,0x0000000080000082] -> 0x007C
[37] [M]: 0x0000000080000080 (0x007C5C93) srli s9, s8, 0x7
x25 <- 0x0000000000000000

mem[X,0x0000000080000084] -> 0x5793
mem[X,0x0000000080000086] -> 0x039C
[38] [M]: 0x0000000080000084 (0x039C5793) srli a5, s8, 0x39
x15 <- 0x0000000000000000

mem[X,0x0000000080000088] -> 0xECB3
mem[X,0x000000008000008A] -> 0x00FC
[39] [M]: 0x0000000080000088 (0x00FCECB3) or s9, s9, a5
x25 <- 0x0000000000000000

mem[X,0x000000008000008C] -> 0xDD13
mem[X,0x000000008000008E] -> 0x007C
[40] [M]: 0x000000008000008C (0x007CDD13) srli s10, s9, 0x7
x26 <- 0x0000000000000000

mem[X,0x0000000080000090] -> 0xD793
mem[X,0x0000000080000092] -> 0x039C
[41] [M]: 0x0000000080000090 (0x039CD793) srli a5, s9, 0x39
x15 <- 0x0000000000000000

mem[X,0x0000000080000094] -> 0x6D33
mem[X,0x0000000080000096] -> 0x00FD
[42] [M]: 0x0000000080000094 (0x00FD6D33) or s10, s10, a5
x26 <- 0x0000000000000000

mem[X,0x0000000080000098] -> 0x5D93
mem[X,0x000000008000009A] -> 0x007D
[43] [M]: 0x0000000080000098 (0x007D5D93) srli s11, s10, 0x7
x27 <- 0x0000000000000000

mem[X,0x000000008000009C] -> 0x5793
mem[X,0x000000008000009E] -> 0x039D
[44] [M]: 0x000000008000009C (0x039D5793) srli a5, s10, 0x39
x15 <- 0x0000000000000000

mem[X,0x00000000800000A0] -> 0xEDB3
mem[X,0x00000000800000A2] -> 0x00FD
[45] [M]: 0x00000000800000A0 (0x00FDEDB3) or s11, s11, a5
x27 <- 0x0000000000000000

mem[X,0x00000000800000A4] -> 0xDE13
mem[X,0x00000000800000A6] -> 0x007D
[46] [M]: 0x00000000800000A4 (0x007DDE13) srli t3, s11, 0x7
x28 <- 0x0000000000000000

mem[X,0x00000000800000A8] -> 0xD793
mem[X,0x00000000800000AA] -> 0x039D
[47] [M]: 0x00000000800000A8 (0x039DD793) srli a5, s11, 0x39
x15 <- 0x0000000000000000

mem[X,0x00000000800000AC] -> 0x6E33
mem[X,0x00000000800000AE] -> 0x00FE
[48] [M]: 0x00000000800000AC (0x00FE6E33) or t3, t3, a5
x28 <- 0x0000000000000000

mem[X,0x00000000800000B0] -> 0x5E93
mem[X,0x00000000800000B2] -> 0x007E
[49] [M]: 0x00000000800000B0 (0x007E5E93) srli t4, t3, 0x7
x29 <- 0x0000000000000000

mem[X,0x00000000800000B4] -> 0x5793
mem[X,0x00000000800000B6] -> 0x039E
[50] [M]: 0x00000000800000B4 (0x039E5793) srli a5, t3, 0x39
x15 <- 0x0000000000000000

mem[X,0x00000000800000B8] -> 0xEEB3
mem[X,0x00000000800000BA] -> 0x00FE
[51] [M]: 0x00000000800000B8 (0x00FEEEB3) or t4, t4, a5
x29 <- 0x0000000000000000

mem[X,0x00000000800000BC] -> 0xDF13
mem[X,0x00000000800000BE] -> 0x007E
[52] [M]: 0x00000000800000BC (0x007EDF13) srli t5, t4, 0x7
x30 <- 0x0000000000000000

mem[X,0x00000000800000C0] -> 0xD793
mem[X,0x00000000800000C2] -> 0x039E
[53] [M]: 0x00000000800000C0 (0x039ED793) srli a5, t4, 0x39
x15 <- 0x0000000000000000

mem[X,0x00000000800000C4] -> 0x6F33
mem[X,0x00000000800000C6] -> 0x00FF
[54] [M]: 0x00000000800000C4 (0x00FF6F33) or t5, t5, a5
x30 <- 0x0000000000000000

mem[X,0x00000000800000C8] -> 0xC0B7
mem[X,0x00000000800000CA] -> 0xFEED
[55] [M]: 0x00000000800000C8 (0xFEEDC0B7) lui ra, -0x1124
x1 <- 0xFFFFFFFFFEEDC000

mem[X,0x00000000800000CC] -> 0x8093
mem[X,0x00000000800000CE] -> 0xEAD0
[56] [M]: 0x00000000800000CC (0xEAD08093) addi ra, ra, -0x153
x1 <- 0xFFFFFFFFFEEDBEAD

mem[X,0x00000000800000D0] -> 0x9093
mem[X,0x00000000800000D2] -> 0x00B0
[57] [M]: 0x00000000800000D0 (0x00B09093) slli ra, ra, 0xb
x1 <- 0xFFFFFFF76DF56800

mem[X,0x00000000800000D4] -> 0x8093
mem[X,0x00000000800000D6] -> 0x7F70
[58] [M]: 0x00000000800000D4 (0x7F708093) addi ra, ra, 0x7f7
x1 <- 0xFFFFFFF76DF56FF7

mem[X,0x00000000800000D8] -> 0x9093
mem[X,0x00000000800000DA] -> 0x00B0
[59] [M]: 0x00000000800000D8 (0x00B09093) slli ra, ra, 0xb
x1 <- 0xFFFFBB6FAB7FB800

mem[X,0x00000000800000DC] -> 0x8093
mem[X,0x00000000800000DE] -> 0x36F0
[60] [M]: 0x00000000800000DC (0x36F08093) addi ra, ra, 0x36f
x1 <- 0xFFFFBB6FAB7FBB6F

mem[X,0x00000000800000E0] -> 0x9093
mem[X,0x00000000800000E2] -> 0x00A0
[61] [M]: 0x00000000800000E0 (0x00A09093) slli ra, ra, 0xa
x1 <- 0xFEEDBEADFEEDBC00

mem[X,0x00000000800000E4] -> 0x8093
mem[X,0x00000000800000E6] -> 0x2AD0
[62] [M]: 0x00000000800000E4 (0x2AD08093) addi ra, ra, 0x2ad
x1 <- 0xFEEDBEADFEEDBEAD

mem[X,0x00000000800000E8] -> 0xD113
mem[X,0x00000000800000EA] -> 0x0070
[63] [M]: 0x00000000800000E8 (0x0070D113) srli sp, ra, 0x7
x2 <- 0x01FDDB7D5BFDDB7D

mem[X,0x00000000800000EC] -> 0xD793
mem[X,0x00000000800000EE] -> 0x0390
[64] [M]: 0x00000000800000EC (0x0390D793) srli a5, ra, 0x39
x15 <- 0x000000000000007F

mem[X,0x00000000800000F0] -> 0x6133
mem[X,0x00000000800000F2] -> 0x00F1
[65] [M]: 0x00000000800000F0 (0x00F16133) or sp, sp, a5
x2 <- 0x01FDDB7D5BFDDB7F

mem[X,0x00000000800000F4] -> 0x5193
mem[X,0x00000000800000F6] -> 0x0071
[66] [M]: 0x00000000800000F4 (0x00715193) srli gp, sp, 0x7
x3 <- 0x0003FBB6FAB7FBB6

mem[X,0x00000000800000F8] -> 0x5793
mem[X,0x00000000800000FA] -> 0x0391
[67] [M]: 0x00000000800000F8 (0x03915793) srli a5, sp, 0x39
x15 <- 0x0000000000000000

mem[X,0x00000000800000FC] -> 0xE1B3
mem[X,0x00000000800000FE] -> 0x00F1
[68] [M]: 0x00000000800000FC (0x00F1E1B3) or gp, gp, a5
x3 <- 0x0003FBB6FAB7FBB6

mem[X,0x0000000080000100] -> 0xD213
mem[X,0x0000000080000102] -> 0x0071
[69] [M]: 0x0000000080000100 (0x0071D213) srli tp, gp, 0x7
x4 <- 0x000007F76DF56FF7

mem[X,0x0000000080000104] -> 0xD793
mem[X,0x0000000080000106] -> 0x0391
[70] [M]: 0x0000000080000104 (0x0391D793) srli a5, gp, 0x39
x15 <- 0x0000000000000000

mem[X,0x0000000080000108] -> 0x6233
mem[X,0x000000008000010A] -> 0x00F2
[71] [M]: 0x0000000080000108 (0x00F26233) or tp, tp, a5
x4 <- 0x000007F76DF56FF7

mem[X,0x000000008000010C] -> 0x5293
mem[X,0x000000008000010E] -> 0x0072
[72] [M]: 0x000000008000010C (0x00725293) srli t0, tp, 0x7
x5 <- 0x0000000FEEDBEADF

mem[X,0x0000000080000110] -> 0x5793
mem[X,0x0000000080000112] -> 0x0392
[73] [M]: 0x0000000080000110 (0x03925793) srli a5, tp, 0x39
x15 <- 0x0000000000000000

mem[X,0x0000000080000114] -> 0xE2B3
mem[X,0x0000000080000116] -> 0x00F2
[74] [M]: 0x0000000080000114 (0x00F2E2B3) or t0, t0, a5
x5 <- 0x0000000FEEDBEADF

mem[X,0x0000000080000118] -> 0xD313
mem[X,0x000000008000011A] -> 0x0072
[75] [M]: 0x0000000080000118 (0x0072D313) srli t1, t0, 0x7
x6 <- 0x000000001FDDB7D5

mem[X,0x000000008000011C] -> 0xD793
mem[X,0x000000008000011E] -> 0x0392
[76] [M]: 0x000000008000011C (0x0392D793) srli a5, t0, 0x39
x15 <- 0x0000000000000000

mem[X,0x0000000080000120] -> 0x6333
mem[X,0x0000000080000122] -> 0x00F3
[77] [M]: 0x0000000080000120 (0x00F36333) or t1, t1, a5
x6 <- 0x000000001FDDB7D5

mem[X,0x0000000080000124] -> 0x5393
mem[X,0x0000000080000126] -> 0x0073
[78] [M]: 0x0000000080000124 (0x00735393) srli t2, t1, 0x7
x7 <- 0x00000000003FBB6F

mem[X,0x0000000080000128] -> 0x5793
mem[X,0x000000008000012A] -> 0x0393
[79] [M]: 0x0000000080000128 (0x03935793) srli a5, t1, 0x39
x15 <- 0x0000000000000000

mem[X,0x000000008000012C] -> 0xE3B3
mem[X,0x000000008000012E] -> 0x00F3
[80] [M]: 0x000000008000012C (0x00F3E3B3) or t2, t2, a5
x7 <- 0x00000000003FBB6F

mem[X,0x0000000080000130] -> 0xD413
mem[X,0x0000000080000132] -> 0x0073
[81] [M]: 0x0000000080000130 (0x0073D413) srli fp, t2, 0x7
x8 <- 0x0000000000007F76

mem[X,0x0000000080000134] -> 0xD793
mem[X,0x0000000080000136] -> 0x0393
[82] [M]: 0x0000000080000134 (0x0393D793) srli a5, t2, 0x39
x15 <- 0x0000000000000000

mem[X,0x0000000080000138] -> 0x6433
mem[X,0x000000008000013A] -> 0x00F4
[83] [M]: 0x0000000080000138 (0x00F46433) or fp, fp, a5
x8 <- 0x0000000000007F76

mem[X,0x000000008000013C] -> 0x5493
mem[X,0x000000008000013E] -> 0x0074
[84] [M]: 0x000000008000013C (0x00745493) srli s1, fp, 0x7
x9 <- 0x00000000000000FE

mem[X,0x0000000080000140] -> 0x5793
mem[X,0x0000000080000142] -> 0x0394
[85] [M]: 0x0000000080000140 (0x03945793) srli a5, fp, 0x39
x15 <- 0x0000000000000000

mem[X,0x0000000080000144] -> 0xE4B3
mem[X,0x0000000080000146] -> 0x00F4
[86] [M]: 0x0000000080000144 (0x00F4E4B3) or s1, s1, a5
x9 <- 0x00000000000000FE

mem[X,0x0000000080000148] -> 0xD513
mem[X,0x000000008000014A] -> 0x0074
[87] [M]: 0x0000000080000148 (0x0074D513) srli a0, s1, 0x7
x10 <- 0x0000000000000001

mem[X,0x000000008000014C] -> 0xD793
mem[X,0x000000008000014E] -> 0x0394
[88] [M]: 0x000000008000014C (0x0394D793) srli a5, s1, 0x39
x15 <- 0x0000000000000000

mem[X,0x0000000080000150] -> 0x6533
mem[X,0x0000000080000152] -> 0x00F5
[89] [M]: 0x0000000080000150 (0x00F56533) or a0, a0, a5
x10 <- 0x0000000000000001

mem[X,0x0000000080000154] -> 0x5593
mem[X,0x0000000080000156] -> 0x0075
[90] [M]: 0x0000000080000154 (0x00755593) srli a1, a0, 0x7
x11 <- 0x0000000000000000

mem[X,0x0000000080000158] -> 0x5793
mem[X,0x000000008000015A] -> 0x0395
[91] [M]: 0x0000000080000158 (0x03955793) srli a5, a0, 0x39
x15 <- 0x0000000000000000

mem[X,0x000000008000015C] -> 0xE5B3
mem[X,0x000000008000015E] -> 0x00F5
[92] [M]: 0x000000008000015C (0x00F5E5B3) or a1, a1, a5
x11 <- 0x0000000000000000

mem[X,0x0000000080000160] -> 0xD613
mem[X,0x0000000080000162] -> 0x0075
[93] [M]: 0x0000000080000160 (0x0075D613) srli a2, a1, 0x7
x12 <- 0x0000000000000000

mem[X,0x0000000080000164] -> 0xD793
mem[X,0x0000000080000166] -> 0x0395
[94] [M]: 0x0000000080000164 (0x0395D793) srli a5, a1, 0x39
x15 <- 0x0000000000000000

mem[X,0x0000000080000168] -> 0x6633
mem[X,0x000000008000016A] -> 0x00F6
[95] [M]: 0x0000000080000168 (0x00F66633) or a2, a2, a5
x12 <- 0x0000000000000000

mem[X,0x000000008000016C] -> 0x5693
mem[X,0x000000008000016E] -> 0x0076
[96] [M]: 0x000000008000016C (0x00765693) srli a3, a2, 0x7
x13 <- 0x0000000000000000

mem[X,0x0000000080000170] -> 0x5793
mem[X,0x0000000080000172] -> 0x0396
[97] [M]: 0x0000000080000170 (0x03965793) srli a5, a2, 0x39
x15 <- 0x0000000000000000

mem[X,0x0000000080000174] -> 0xE6B3
mem[X,0x0000000080000176] -> 0x00F6
[98] [M]: 0x0000000080000174 (0x00F6E6B3) or a3, a3, a5
x13 <- 0x0000000000000000

mem[X,0x0000000080000178] -> 0x0013
mem[X,0x000000008000017A] -> 0x0000
[99] [M]: 0x0000000080000178 (0x00000013) addi zero, zero, 0x0

clint::tick mtime <- 0x0000000000000001
 clint timer pending at mtime 0x0000000000000001
htif::tick 0x0000000000000000
mem[X,0x000000008000017C] -> 0x0013
mem[X,0x000000008000017E] -> 0x0000
[100] [M]: 0x000000008000017C (0x00000013) addi zero, zero, 0x0

mem[X,0x0000000080000180] -> 0x4097
mem[X,0x0000000080000182] -> 0x0000
[101] [M]: 0x0000000080000180 (0x00004097) auipc ra, 0x4
x1 <- 0x0000000080004180

mem[X,0x0000000080000184] -> 0x8093
mem[X,0x0000000080000186] -> 0xF980
[102] [M]: 0x0000000080000184 (0xF9808093) addi ra, ra, -0x68
x1 <- 0x0000000080004118

mem[X,0x0000000080000188] -> 0x0013
mem[X,0x000000008000018A] -> 0x0000
[103] [M]: 0x0000000080000188 (0x00000013) addi zero, zero, 0x0

mem[X,0x000000008000018C] -> 0x0013
mem[X,0x000000008000018E] -> 0x0000
[104] [M]: 0x000000008000018C (0x00000013) addi zero, zero, 0x0

mem[X,0x0000000080000190] -> 0x0013
mem[X,0x0000000080000192] -> 0x0000
[105] [M]: 0x0000000080000190 (0x00000013) addi zero, zero, 0x0

mem[X,0x0000000080000194] -> 0x0013
mem[X,0x0000000080000196] -> 0x0000
[106] [M]: 0x0000000080000194 (0x00000013) addi zero, zero, 0x0

mem[X,0x0000000080000198] -> 0x0013
mem[X,0x000000008000019A] -> 0x0000
[107] [M]: 0x0000000080000198 (0x00000013) addi zero, zero, 0x0

mem[X,0x000000008000019C] -> 0x0013
mem[X,0x000000008000019E] -> 0x0000
[108] [M]: 0x000000008000019C (0x00000013) addi zero, zero, 0x0

mem[X,0x00000000800001A0] -> 0x0DB7
mem[X,0x00000000800001A2] -> 0xFFF7
[109] [M]: 0x00000000800001A0 (0xFFF70DB7) lui s11, -0x90
x27 <- 0xFFFFFFFFFFF70000

mem[X,0x00000000800001A4] -> 0x8D93
mem[X,0x00000000800001A6] -> 0xFFAD
[110] [M]: 0x00000000800001A4 (0xFFAD8D93) addi s11, s11, -0x6
x27 <- 0xFFFFFFFFFFF6FFFA

mem[X,0x00000000800001A8] -> 0x9D93
mem[X,0x00000000800001AA] -> 0x00BD
[111] [M]: 0x00000000800001A8 (0x00BD9D93) slli s11, s11, 0xb
x27 <- 0xFFFFFFFFB7FFD000

mem[X,0x00000000800001AC] -> 0x8D93
mem[X,0x00000000800001AE] -> 0x400D
[112] [M]: 0x00000000800001AC (0x400D8D93) addi s11, s11, 0x400
x27 <- 0xFFFFFFFFB7FFD400

mem[X,0x00000000800001B0] -> 0x9D93
mem[X,0x00000000800001B2] -> 0x00BD
[113] [M]: 0x00000000800001B0 (0x00BD9D93) slli s11, s11, 0xb
x27 <- 0xFFFFFDBFFEA00000

mem[X,0x00000000800001B4] -> 0x8D93
mem[X,0x00000000800001B6] -> 0x020D
[114] [M]: 0x00000000800001B4 (0x020D8D93) addi s11, s11, 0x20
x27 <- 0xFFFFFDBFFEA00020

mem[X,0x00000000800001B8] -> 0x9D93
mem[X,0x00000000800001BA] -> 0x00AD
[115] [M]: 0x00000000800001B8 (0x00AD9D93) slli s11, s11, 0xa
x27 <- 0xFFF6FFFA80008000

mem[X,0x00000000800001BC] -> 0x0F37
mem[X,0x00000000800001BE] -> 0xFF7F
[116] [M]: 0x00000000800001BC (0xFF7F0F37) lui t5, -0x810
x30 <- 0xFFFFFFFFFF7F0000

mem[X,0x00000000800001C0] -> 0x0F13
mem[X,0x00000000800001C2] -> 0x001F
[117] [M]: 0x00000000800001C0 (0x001F0F13) addi t5, t5, 0x1
x30 <- 0xFFFFFFFFFF7F0001

mem[X,0x00000000800001C4] -> 0x1F13
mem[X,0x00000000800001C6] -> 0x00BF
[118] [M]: 0x00000000800001C4 (0x00BF1F13) slli t5, t5, 0xb
x30 <- 0xFFFFFFFBF8000800

mem[X,0x00000000800001C8] -> 0x0F13
mem[X,0x00000000800001CA] -> 0x000F
[119] [M]: 0x00000000800001C8 (0x000F0F13) addi t5, t5, 0x0
x30 <- 0xFFFFFFFBF8000800

mem[X,0x00000000800001CC] -> 0x1F13
mem[X,0x00000000800001CE] -> 0x00BF
[120] [M]: 0x00000000800001CC (0x00BF1F13) slli t5, t5, 0xb
x30 <- 0xFFFFDFC000400000

mem[X,0x00000000800001D0] -> 0x0F13
mem[X,0x00000000800001D2] -> 0x0CFF
[121] [M]: 0x00000000800001D0 (0x0CFF0F13) addi t5, t5, 0xcf
x30 <- 0xFFFFDFC0004000CF

mem[X,0x00000000800001D4] -> 0x1F13
mem[X,0x00000000800001D6] -> 0x00AF
[122] [M]: 0x00000000800001D4 (0x00AF1F13) slli t5, t5, 0xa
x30 <- 0xFF7F000100033C00

mem[X,0x00000000800001D8] -> 0x0F13
mem[X,0x00000000800001DA] -> 0x3FFF
[123] [M]: 0x00000000800001D8 (0x3FFF0F13) addi t5, t5, 0x3ff
x30 <- 0xFF7F000100033FFF

mem[X,0x00000000800001DC] -> 0xFF3B
mem[X,0x00000000800001DE] -> 0xA5ED
[124] [M]: 0x00000000800001DC (0xA5EDFF3B) pmulhsu.h.be t5, s11, t5
x30 <- 0xFFFFFFFFFFFEFF80

mem[X,0x00000000800001E0] -> 0xB023
mem[X,0x00000000800001E2] -> 0x01E0
[125] [M]: 0x00000000800001E0 (0x01E0B023) sd t5, 0x0(ra)
mem[0x0000000080004118] <- 0xFFFFFFFFFFFEFF80

mem[X,0x00000000800001E4] -> 0x0AB7
mem[X,0x00000000800001E6] -> 0x7FFF
[126] [M]: 0x00000000800001E4 (0x7FFF0AB7) lui s5, 0x7fff0
x21 <- 0x000000007FFF0000

mem[X,0x00000000800001E8] -> 0x8A93
mem[X,0x00000000800001EA] -> 0x006A
[127] [M]: 0x00000000800001E8 (0x006A8A93) addi s5, s5, 0x6
x21 <- 0x000000007FFF0006

mem[X,0x00000000800001EC] -> 0x9A93
mem[X,0x00000000800001EE] -> 0x00BA
[128] [M]: 0x00000000800001EC (0x00BA9A93) slli s5, s5, 0xb
x21 <- 0x000003FFF8003000

mem[X,0x00000000800001F0] -> 0x8A93
mem[X,0x00000000800001F2] -> 0x7FFA
[129] [M]: 0x00000000800001F0 (0x7FFA8A93) addi s5, s5, 0x7ff
x21 <- 0x000003FFF80037FF

mem[X,0x00000000800001F4] -> 0x9A93
mem[X,0x00000000800001F6] -> 0x00BA
[130] [M]: 0x00000000800001F4 (0x00BA9A93) slli s5, s5, 0xb
x21 <- 0x001FFFC001BFF800

mem[X,0x00000000800001F8] -> 0x8A93
mem[X,0x00000000800001FA] -> 0x67FA
[131] [M]: 0x00000000800001F8 (0x67FA8A93) addi s5, s5, 0x67f
x21 <- 0x001FFFC001BFFE7F

mem[X,0x00000000800001FC] -> 0x9A93
mem[X,0x00000000800001FE] -> 0x00AA
[132] [M]: 0x00000000800001FC (0x00AA9A93) slli s5, s5, 0xa
x21 <- 0x7FFF0006FFF9FC00

mem[X,0x0000000080000200] -> 0x8A93
mem[X,0x0000000080000202] -> 0x3FFA
[133] [M]: 0x0000000080000200 (0x3FFA8A93) addi s5, s5, 0x3ff
x21 <- 0x7FFF0006FFF9FFFF

mem[X,0x0000000080000204] -> 0x0AB7
mem[X,0x0000000080000206] -> 0x7FFF
[134] [M]: 0x0000000080000204 (0x7FFF0AB7) lui s5, 0x7fff0
x21 <- 0x000000007FFF0000

mem[X,0x0000000080000208] -> 0x8A93
mem[X,0x000000008000020A] -> 0x000A
[135] [M]: 0x0000000080000208 (0x000A8A93) addi s5, s5, 0x0
x21 <- 0x000000007FFF0000

mem[X,0x000000008000020C] -> 0x9A93
mem[X,0x000000008000020E] -> 0x00BA
[136] [M]: 0x000000008000020C (0x00BA9A93) slli s5, s5, 0xb
x21 <- 0x000003FFF8000000

mem[X,0x0000000080000210] -> 0x8A93
mem[X,0x0000000080000212] -> 0x004A
[137] [M]: 0x0000000080000210 (0x004A8A93) addi s5, s5, 0x4
x21 <- 0x000003FFF8000004

mem[X,0x0000000080000214] -> 0x9A93
mem[X,0x0000000080000216] -> 0x00BA
[138] [M]: 0x0000000080000214 (0x00BA9A93) slli s5, s5, 0xb
x21 <- 0x001FFFC000002000

mem[X,0x0000000080000218] -> 0x8A93
mem[X,0x000000008000021A] -> 0x000A
[139] [M]: 0x0000000080000218 (0x000A8A93) addi s5, s5, 0x0
x21 <- 0x001FFFC000002000

mem[X,0x000000008000021C] -> 0x9A93
mem[X,0x000000008000021E] -> 0x00AA
[140] [M]: 0x000000008000021C (0x00AA9A93) slli s5, s5, 0xa
x21 <- 0x7FFF000000800000

mem[X,0x0000000080000220] -> 0x8A93
mem[X,0x0000000080000222] -> 0x040A
[141] [M]: 0x0000000080000220 (0x040A8A93) addi s5, s5, 0x40
x21 <- 0x7FFF000000800040

mem[X,0x0000000080000224] -> 0xFFBB
mem[X,0x0000000080000226] -> 0xA55A
[142] [M]: 0x0000000080000224 (0xA55AFFBB) pmulhsu.h.be t6, s5, s5
x31 <- 0x007F000000000000

mem[X,0x0000000080000228] -> 0xB423
mem[X,0x000000008000022A] -> 0x01F0
[143] [M]: 0x0000000080000228 (0x01F0B423) sd t6, 0x8(ra)
mem[0x0000000080004120] <- 0x007F000000000000

mem[X,0x000000008000022C] -> 0xF3B7
mem[X,0x000000008000022E] -> 0xFBFF
[144] [M]: 0x000000008000022C (0xFBFFF3B7) lui t2, -0x4001
x7 <- 0xFFFFFFFFFBFFF000

mem[X,0x0000000080000230] -> 0x8393
mem[X,0x0000000080000232] -> 0x7FF3
[145] [M]: 0x0000000080000230 (0x7FF38393) addi t2, t2, 0x7ff
x7 <- 0xFFFFFFFFFBFFF7FF

mem[X,0x0000000080000234] -> 0x9393
mem[X,0x0000000080000236] -> 0x00B3
[146] [M]: 0x0000000080000234 (0x00B39393) slli t2, t2, 0xb
x7 <- 0xFFFFFFDFFFBFF800

mem[X,0x0000000080000238] -> 0x8393
mem[X,0x000000008000023A] -> 0x7FD3
[147] [M]: 0x0000000080000238 (0x7FD38393) addi t2, t2, 0x7fd
x7 <- 0xFFFFFFDFFFBFFFFD

mem[X,0x000000008000023C] -> 0x9393
mem[X,0x000000008000023E] -> 0x00B3
[148] [M]: 0x000000008000023C (0x00B39393) slli t2, t2, 0xb
x7 <- 0xFFFEFFFDFFFFE800

mem[X,0x0000000080000240] -> 0x8393
mem[X,0x0000000080000242] -> 0x7C03
[149] [M]: 0x0000000080000240 (0x7C038393) addi t2, t2, 0x7c0
x7 <- 0xFFFEFFFDFFFFEFC0

mem[X,0x0000000080000244] -> 0x9393
mem[X,0x0000000080000246] -> 0x00A3
[150] [M]: 0x0000000080000244 (0x00A39393) slli t2, t2, 0xa
x7 <- 0xFBFFF7FFFFBF0000

mem[X,0x0000000080000248] -> 0x43B7
mem[X,0x000000008000024A] -> 0xDFFF
[151] [M]: 0x0000000080000248 (0xDFFF43B7) lui t2, -0x2000c
x7 <- 0xFFFFFFFFDFFF4000

mem[X,0x000000008000024C] -> 0x8393
mem[X,0x000000008000024E] -> 0x0003
[152] [M]: 0x000000008000024C (0x00038393) addi t2, t2, 0x0
x7 <- 0xFFFFFFFFDFFF4000

mem[X,0x0000000080000250] -> 0x9393
mem[X,0x0000000080000252] -> 0x00B3
[153] [M]: 0x0000000080000250 (0x00B39393) slli t2, t2, 0xb
x7 <- 0xFFFFFEFFFA000000

mem[X,0x0000000080000254] -> 0x8393
mem[X,0x0000000080000256] -> 0x0003
[154] [M]: 0x0000000080000254 (0x00038393) addi t2, t2, 0x0
x7 <- 0xFFFFFEFFFA000000

mem[X,0x0000000080000258] -> 0x9393
mem[X,0x000000008000025A] -> 0x00B3
[155] [M]: 0x0000000080000258 (0x00B39393) slli t2, t2, 0xb
x7 <- 0xFFF7FFD000000000

mem[X,0x000000008000025C] -> 0x8393
mem[X,0x000000008000025E] -> 0x1483
[156] [M]: 0x000000008000025C (0x14838393) addi t2, t2, 0x148
x7 <- 0xFFF7FFD000000148

mem[X,0x0000000080000260] -> 0x9393
mem[X,0x0000000080000262] -> 0x00A3
[157] [M]: 0x0000000080000260 (0x00A39393) slli t2, t2, 0xa
x7 <- 0xDFFF400000052000

mem[X,0x0000000080000264] -> 0xF3BB
mem[X,0x0000000080000266] -> 0xA473
[158] [M]: 0x0000000080000264 (0xA473F3BB) pmulhsu.h.be t2, t2, t2
x7 <- 0xFFE0000000000000

mem[X,0x0000000080000268] -> 0xB823
mem[X,0x000000008000026A] -> 0x0070
[159] [M]: 0x0000000080000268 (0x0070B823) sd t2, 0x10(ra)
mem[0x0000000080004128] <- 0xFFE0000000000000

mem[X,0x000000008000026C] -> 0x0037
mem[X,0x000000008000026E] -> 0xFFFB
[160] [M]: 0x000000008000026C (0xFFFB0037) lui zero, -0x50

mem[X,0x0000000080000270] -> 0x0013
mem[X,0x0000000080000272] -> 0xFBF0
[161] [M]: 0x0000000080000270 (0xFBF00013) addi zero, zero, -0x41

mem[X,0x0000000080000274] -> 0x1013
mem[X,0x0000000080000276] -> 0x00B0
[162] [M]: 0x0000000080000274 (0x00B01013) slli zero, zero, 0xb

mem[X,0x0000000080000278] -> 0x0013
mem[X,0x000000008000027A] -> 0x0040
[163] [M]: 0x0000000080000278 (0x00400013) addi zero, zero, 0x4

mem[X,0x000000008000027C] -> 0x1013
mem[X,0x000000008000027E] -> 0x00B0
[164] [M]: 0x000000008000027C (0x00B01013) slli zero, zero, 0xb

mem[X,0x0000000080000280] -> 0x0013
mem[X,0x0000000080000282] -> 0x0000
[165] [M]: 0x0000000080000280 (0x00000013) addi zero, zero, 0x0

mem[X,0x0000000080000284] -> 0x1013
mem[X,0x0000000080000286] -> 0x00A0
[166] [M]: 0x0000000080000284 (0x00A01013) slli zero, zero, 0xa

mem[X,0x0000000080000288] -> 0x0013
mem[X,0x000000008000028A] -> 0x0010
[167] [M]: 0x0000000080000288 (0x00100013) addi zero, zero, 0x1

mem[X,0x000000008000028C] -> 0x0137
mem[X,0x000000008000028E] -> 0x0004
[168] [M]: 0x000000008000028C (0x00040137) lui sp, 0x40
x2 <- 0x0000000000040000

mem[X,0x0000000080000290] -> 0x0113
mem[X,0x0000000080000292] -> 0x0051
[169] [M]: 0x0000000080000290 (0x00510113) addi sp, sp, 0x5
x2 <- 0x0000000000040005

mem[X,0x0000000080000294] -> 0x1113
mem[X,0x0000000080000296] -> 0x00B1
[170] [M]: 0x0000000080000294 (0x00B11113) slli sp, sp, 0xb
x2 <- 0x0000000020002800

mem[X,0x0000000080000298] -> 0x0113
mem[X,0x000000008000029A] -> 0x7FE1
[171] [M]: 0x0000000080000298 (0x7FE10113) addi sp, sp, 0x7fe
x2 <- 0x0000000020002FFE

mem[X,0x000000008000029C] -> 0x1113
mem[X,0x000000008000029E] -> 0x00B1
[172] [M]: 0x000000008000029C (0x00B11113) slli sp, sp, 0xb
x2 <- 0x00000100017FF000

mem[X,0x00000000800002A0] -> 0x0113
mem[X,0x00000000800002A2] -> 0x7DF1
[173] [M]: 0x00000000800002A0 (0x7DF10113) addi sp, sp, 0x7df
x2 <- 0x00000100017FF7DF

mem[X,0x00000000800002A4] -> 0x1113
mem[X,0x00000000800002A6] -> 0x00A1
[174] [M]: 0x00000000800002A4 (0x00A11113) slli sp, sp, 0xa
x2 <- 0x00040005FFDF7C00

mem[X,0x00000000800002A8] -> 0x0113
mem[X,0x00000000800002AA] -> 0x3FF1
[175] [M]: 0x00000000800002A8 (0x3FF10113) addi sp, sp, 0x3ff
x2 <- 0x00040005FFDF7FFF

mem[X,0x00000000800002AC] -> 0x703B
mem[X,0x00000000800002AE] -> 0xA420
[176] [M]: 0x00000000800002AC (0xA420703B) pmulhsu.h.be zero, zero, sp

mem[X,0x00000000800002B0] -> 0xBC23
mem[X,0x00000000800002B2] -> 0x0000
[177] [M]: 0x00000000800002B0 (0x0000BC23) sd zero, 0x18(ra)
mem[0x0000000080004130] <- 0x0000000000000000

mem[X,0x00000000800002B4] -> 0x0637
mem[X,0x00000000800002B6] -> 0x4000
[178] [M]: 0x00000000800002B4 (0x40000637) lui a2, 0x40000
x12 <- 0x0000000040000000

mem[X,0x00000000800002B8] -> 0x0613
mem[X,0x00000000800002BA] -> 0xFF86
[179] [M]: 0x00000000800002B8 (0xFF860613) addi a2, a2, -0x8
x12 <- 0x000000003FFFFFF8

mem[X,0x00000000800002BC] -> 0x1613
mem[X,0x00000000800002BE] -> 0x00B6
[180] [M]: 0x00000000800002BC (0x00B61613) slli a2, a2, 0xb
x12 <- 0x000001FFFFFFC000

mem[X,0x00000000800002C0] -> 0x0613
mem[X,0x00000000800002C2] -> 0x7FF6
[181] [M]: 0x00000000800002C0 (0x7FF60613) addi a2, a2, 0x7ff
x12 <- 0x000001FFFFFFC7FF

mem[X,0x00000000800002C4] -> 0x1613
mem[X,0x00000000800002C6] -> 0x00B6
[182] [M]: 0x00000000800002C4 (0x00B61613) slli a2, a2, 0xb
x12 <- 0x000FFFFFFE3FF800

mem[X,0x00000000800002C8] -> 0x0613
mem[X,0x00000000800002CA] -> 0x5DF6
[183] [M]: 0x00000000800002C8 (0x5DF60613) addi a2, a2, 0x5df
x12 <- 0x000FFFFFFE3FFDDF

mem[X,0x00000000800002CC] -> 0x1613
mem[X,0x00000000800002CE] -> 0x00A6
[184] [M]: 0x00000000800002CC (0x00A61613) slli a2, a2, 0xa
x12 <- 0x3FFFFFF8FFF77C00

mem[X,0x00000000800002D0] -> 0x0613
mem[X,0x00000000800002D2] -> 0x3FF6
[185] [M]: 0x00000000800002D0 (0x3FF60613) addi a2, a2, 0x3ff
x12 <- 0x3FFFFFF8FFF77FFF

mem[X,0x00000000800002D4] -> 0xFBB7
mem[X,0x00000000800002D6] -> 0xFFBF
[186] [M]: 0x00000000800002D4 (0xFFBFFBB7) lui s7, -0x401
x23 <- 0xFFFFFFFFFFBFF000

mem[X,0x00000000800002D8] -> 0x8B93
mem[X,0x00000000800002DA] -> 0x7FFB
[187] [M]: 0x00000000800002D8 (0x7FFB8B93) addi s7, s7, 0x7ff
x23 <- 0xFFFFFFFFFFBFF7FF

mem[X,0x00000000800002DC] -> 0x9B93
mem[X,0x00000000800002DE] -> 0x00BB
[188] [M]: 0x00000000800002DC (0x00BB9B93) slli s7, s7, 0xb
x23 <- 0xFFFFFFFDFFBFF800

mem[X,0x00000000800002E0] -> 0x8B93
mem[X,0x00000000800002E2] -> 0x004B
[189] [M]: 0x00000000800002E0 (0x004B8B93) addi s7, s7, 0x4
x23 <- 0xFFFFFFFDFFBFF804

mem[X,0x00000000800002E4] -> 0x9B93
mem[X,0x00000000800002E6] -> 0x00BB
[190] [M]: 0x00000000800002E4 (0x00BB9B93) slli s7, s7, 0xb
x23 <- 0xFFFFEFFDFFC02000

mem[X,0x00000000800002E8] -> 0x8B93
mem[X,0x00000000800002EA] -> 0x03DB
[191] [M]: 0x00000000800002E8 (0x03DB8B93) addi s7, s7, 0x3d
x23 <- 0xFFFFEFFDFFC0203D

mem[X,0x00000000800002EC] -> 0x9B93
mem[X,0x00000000800002EE] -> 0x00AB
[192] [M]: 0x00000000800002EC (0x00AB9B93) slli s7, s7, 0xa
x23 <- 0xFFBFF7FF0080F400

mem[X,0x00000000800002F0] -> 0x8B93
mem[X,0x00000000800002F2] -> 0x3FFB
[193] [M]: 0x00000000800002F0 (0x3FFB8B93) addi s7, s7, 0x3ff
x23 <- 0xFFBFF7FF0080F7FF

mem[X,0x00000000800002F4] -> 0x7D3B
mem[X,0x00000000800002F6] -> 0xA576
[194] [M]: 0x00000000800002F4 (0xA5767D3B) pmulhsu.h.be s10, a2, s7
x26 <- 0x002FFFFFFFFF007F

mem[X,0x00000000800002F8] -> 0xB023
mem[X,0x00000000800002FA] -> 0x03A0
[195] [M]: 0x00000000800002F8 (0x03A0B023) sd s10, 0x20(ra)
mem[0x0000000080004138] <- 0x002FFFFFFFFF007F

mem[X,0x00000000800002FC] -> 0x1437
mem[X,0x00000000800002FE] -> 0x0008
[196] [M]: 0x00000000800002FC (0x00081437) lui fp, 0x81
x8 <- 0x0000000000081000

mem[X,0x0000000080000300] -> 0x0413
mem[X,0x0000000080000302] -> 0x0004
[197] [M]: 0x0000000080000300 (0x00040413) addi fp, fp, 0x0
x8 <- 0x0000000000081000

mem[X,0x0000000080000304] -> 0x1413
mem[X,0x0000000080000306] -> 0x00B4
[198] [M]: 0x0000000080000304 (0x00B41413) slli fp, fp, 0xb
x8 <- 0x0000000040800000

mem[X,0x0000000080000308] -> 0x0413
mem[X,0x000000008000030A] -> 0x7FD4
[199] [M]: 0x0000000080000308 (0x7FD40413) addi fp, fp, 0x7fd
x8 <- 0x00000000408007FD

clint::tick mtime <- 0x0000000000000002
 clint timer pending at mtime 0x0000000000000002
htif::tick 0x0000000000000000
mem[X,0x000000008000030C] -> 0x1413
mem[X,0x000000008000030E] -> 0x00B4
[200] [M]: 0x000000008000030C (0x00B41413) slli fp, fp, 0xb
x8 <- 0x00000204003FE800

mem[X,0x0000000080000310] -> 0x0413
mem[X,0x0000000080000312] -> 0x7C04
[201] [M]: 0x0000000080000310 (0x7C040413) addi fp, fp, 0x7c0
x8 <- 0x00000204003FEFC0

mem[X,0x0000000080000314] -> 0x1413
mem[X,0x0000000080000316] -> 0x00A4
[202] [M]: 0x0000000080000314 (0x00A41413) slli fp, fp, 0xa
x8 <- 0x00081000FFBF0000

mem[X,0x0000000080000318] -> 0x0413
mem[X,0x000000008000031A] -> 0x0024
[203] [M]: 0x0000000080000318 (0x00240413) addi fp, fp, 0x2
x8 <- 0x00081000FFBF0002

mem[X,0x000000008000031C] -> 0x0CB7
mem[X,0x000000008000031E] -> 0xFFF0
[204] [M]: 0x000000008000031C (0xFFF00CB7) lui s9, -0x100
x25 <- 0xFFFFFFFFFFF00000

mem[X,0x0000000080000320] -> 0x8C93
mem[X,0x0000000080000322] -> 0xBFFC
[205] [M]: 0x0000000080000320 (0xBFFC8C93) addi s9, s9, -0x401
x25 <- 0xFFFFFFFFFFEFFBFF

mem[X,0x0000000080000324] -> 0x9C93
mem[X,0x0000000080000326] -> 0x00BC
[206] [M]: 0x0000000080000324 (0x00BC9C93) slli s9, s9, 0xb
x25 <- 0xFFFFFFFF7FDFF800

mem[X,0x0000000080000328] -> 0x8C93
mem[X,0x000000008000032A] -> 0x7FFC
[207] [M]: 0x0000000080000328 (0x7FFC8C93) addi s9, s9, 0x7ff
x25 <- 0xFFFFFFFF7FDFFFFF

mem[X,0x000000008000032C] -> 0x9C93
mem[X,0x000000008000032E] -> 0x00BC
[208] [M]: 0x000000008000032C (0x00BC9C93) slli s9, s9, 0xb
x25 <- 0xFFFFFBFEFFFFF800

mem[X,0x0000000080000330] -> 0x8C93
mem[X,0x0000000080000332] -> 0x63BC
[209] [M]: 0x0000000080000330 (0x63BC8C93) addi s9, s9, 0x63b
x25 <- 0xFFFFFBFEFFFFFE3B

mem[X,0x0000000080000334] -> 0x9C93
mem[X,0x0000000080000336] -> 0x00AC
[210] [M]: 0x0000000080000334 (0x00AC9C93) slli s9, s9, 0xa
x25 <- 0xFFEFFBFFFFF8EC00

mem[X,0x0000000080000338] -> 0x8C93
mem[X,0x000000008000033A] -> 0x3FFC
[211] [M]: 0x0000000080000338 (0x3FFC8C93) addi s9, s9, 0x3ff
x25 <- 0xFFEFFBFFFFF8EFFF

mem[X,0x000000008000033C] -> 0x72BB
mem[X,0x000000008000033E] -> 0xA594
[212] [M]: 0x000000008000033C (0xA59472BB) pmulhsu.h.be t0, fp, s9
x5 <- 0x0000000FFFFF0000

mem[X,0x0000000080000340] -> 0xB423
mem[X,0x0000000080000342] -> 0x0250
[213] [M]: 0x0000000080000340 (0x0250B423) sd t0, 0x28(ra)
mem[0x0000000080004140] <- 0x0000000FFFFF0000

mem[X,0x0000000080000344] -> 0x0BB7
mem[X,0x0000000080000346] -> 0x0800
[214] [M]: 0x0000000080000344 (0x08000BB7) lui s7, 0x8000
x23 <- 0x0000000008000000

mem[X,0x0000000080000348] -> 0x8B93
mem[X,0x000000008000034A] -> 0x004B
[215] [M]: 0x0000000080000348 (0x004B8B93) addi s7, s7, 0x4
x23 <- 0x0000000008000004

mem[X,0x000000008000034C] -> 0x9B93
mem[X,0x000000008000034E] -> 0x00BB
[216] [M]: 0x000000008000034C (0x00BB9B93) slli s7, s7, 0xb
x23 <- 0x0000004000002000

mem[X,0x0000000080000350] -> 0x8B93
mem[X,0x0000000080000352] -> 0x020B
[217] [M]: 0x0000000080000350 (0x020B8B93) addi s7, s7, 0x20
x23 <- 0x0000004000002020

mem[X,0x0000000080000354] -> 0x9B93
mem[X,0x0000000080000356] -> 0x00BB
[218] [M]: 0x0000000080000354 (0x00BB9B93) slli s7, s7, 0xb
x23 <- 0x0002000001010000

mem[X,0x0000000080000358] -> 0x8B93
mem[X,0x000000008000035A] -> 0x000B
[219] [M]: 0x0000000080000358 (0x000B8B93) addi s7, s7, 0x0
x23 <- 0x0002000001010000

mem[X,0x000000008000035C] -> 0x9B93
mem[X,0x000000008000035E] -> 0x00AB
[220] [M]: 0x000000008000035C (0x00AB9B93) slli s7, s7, 0xa
x23 <- 0x0800000404000000

mem[X,0x0000000080000360] -> 0x8B93
mem[X,0x0000000080000362] -> 0x004B
[221] [M]: 0x0000000080000360 (0x004B8B93) addi s7, s7, 0x4
x23 <- 0x0800000404000004

mem[X,0x0000000080000364] -> 0x0737
mem[X,0x0000000080000366] -> 0x0009
[222] [M]: 0x0000000080000364 (0x00090737) lui a4, 0x90
x14 <- 0x0000000000090000

mem[X,0x0000000080000368] -> 0x0713
mem[X,0x000000008000036A] -> 0x0097
[223] [M]: 0x0000000080000368 (0x00970713) addi a4, a4, 0x9
x14 <- 0x0000000000090009

mem[X,0x000000008000036C] -> 0x1713
mem[X,0x000000008000036E] -> 0x00B7
[224] [M]: 0x000000008000036C (0x00B71713) slli a4, a4, 0xb
x14 <- 0x0000000048004800

mem[X,0x0000000080000370] -> 0x0713
mem[X,0x0000000080000372] -> 0x0027
[225] [M]: 0x0000000080000370 (0x00270713) addi a4, a4, 0x2
x14 <- 0x0000000048004802

mem[X,0x0000000080000374] -> 0x1713
mem[X,0x0000000080000376] -> 0x00B7
[226] [M]: 0x0000000080000374 (0x00B71713) slli a4, a4, 0xb
x14 <- 0x0000024002401000

mem[X,0x0000000080000378] -> 0x0713
mem[X,0x000000008000037A] -> 0x03F7
[227] [M]: 0x0000000080000378 (0x03F70713) addi a4, a4, 0x3f
x14 <- 0x000002400240103F

mem[X,0x000000008000037C] -> 0x1713
mem[X,0x000000008000037E] -> 0x00A7
[228] [M]: 0x000000008000037C (0x00A71713) slli a4, a4, 0xa
x14 <- 0x000900090040FC00

mem[X,0x0000000080000380] -> 0x0713
mem[X,0x0000000080000382] -> 0x2FF7
[229] [M]: 0x0000000080000380 (0x2FF70713) addi a4, a4, 0x2ff
x14 <- 0x000900090040FEFF

mem[X,0x0000000080000384] -> 0xF9BB
mem[X,0x0000000080000386] -> 0xA4EB
[230] [M]: 0x0000000080000384 (0xA4EBF9BB) pmulhsu.h.be s3, s7, a4
x19 <- 0x0000000000010000

mem[X,0x0000000080000388] -> 0xB823
mem[X,0x000000008000038A] -> 0x0330
[231] [M]: 0x0000000080000388 (0x0330B823) sd s3, 0x30(ra)
mem[0x0000000080004148] <- 0x0000000000010000

mem[X,0x000000008000038C] -> 0x05B7
mem[X,0x000000008000038E] -> 0x0006
[232] [M]: 0x000000008000038C (0x000605B7) lui a1, 0x60
x11 <- 0x0000000000060000

mem[X,0x0000000080000390] -> 0x8593
mem[X,0x0000000080000392] -> 0xFF95
[233] [M]: 0x0000000080000390 (0xFF958593) addi a1, a1, -0x7
x11 <- 0x000000000005FFF9

mem[X,0x0000000080000394] -> 0x9593
mem[X,0x0000000080000396] -> 0x00B5
[234] [M]: 0x0000000080000394 (0x00B59593) slli a1, a1, 0xb
x11 <- 0x000000002FFFC800

mem[X,0x0000000080000398] -> 0x8593
mem[X,0x000000008000039A] -> 0x7BF5
[235] [M]: 0x0000000080000398 (0x7BF58593) addi a1, a1, 0x7bf
x11 <- 0x000000002FFFCFBF

mem[X,0x000000008000039C] -> 0x9593
mem[X,0x000000008000039E] -> 0x00B5
[236] [M]: 0x000000008000039C (0x00B59593) slli a1, a1, 0xb
x11 <- 0x0000017FFE7DF800

mem[X,0x00000000800003A0] -> 0x8593
mem[X,0x00000000800003A2] -> 0x7C05
[237] [M]: 0x00000000800003A0 (0x7C058593) addi a1, a1, 0x7c0
x11 <- 0x0000017FFE7DFFC0

mem[X,0x00000000800003A4] -> 0x9593
mem[X,0x00000000800003A6] -> 0x00A5
[238] [M]: 0x00000000800003A4 (0x00A59593) slli a1, a1, 0xa
x11 <- 0x0005FFF9F7FF0000

mem[X,0x00000000800003A8] -> 0x8593
mem[X,0x00000000800003AA] -> 0x0085
[239] [M]: 0x00000000800003A8 (0x00858593) addi a1, a1, 0x8
x11 <- 0x0005FFF9F7FF0008

mem[X,0x00000000800003AC] -> 0x0037
mem[X,0x00000000800003AE] -> 0xFF7F
[240] [M]: 0x00000000800003AC (0xFF7F0037) lui zero, -0x810

mem[X,0x00000000800003B0] -> 0x0013
mem[X,0x00000000800003B2] -> 0x0090
[241] [M]: 0x00000000800003B0 (0x00900013) addi zero, zero, 0x9

mem[X,0x00000000800003B4] -> 0x1013
mem[X,0x00000000800003B6] -> 0x00B0
[242] [M]: 0x00000000800003B4 (0x00B01013) slli zero, zero, 0xb

mem[X,0x00000000800003B8] -> 0x0013
mem[X,0x00000000800003BA] -> 0x6FF0
[243] [M]: 0x00000000800003B8 (0x6FF00013) addi zero, zero, 0x6ff

mem[X,0x00000000800003BC] -> 0x1013
mem[X,0x00000000800003BE] -> 0x00B0
[244] [M]: 0x00000000800003BC (0x00B01013) slli zero, zero, 0xb

mem[X,0x00000000800003C0] -> 0x0013
mem[X,0x00000000800003C2] -> 0x7FF0
[245] [M]: 0x00000000800003C0 (0x7FF00013) addi zero, zero, 0x7ff

mem[X,0x00000000800003C4] -> 0x1013
mem[X,0x00000000800003C6] -> 0x00A0
[246] [M]: 0x00000000800003C4 (0x00A01013) slli zero, zero, 0xa

mem[X,0x00000000800003C8] -> 0x0013
mem[X,0x00000000800003CA] -> 0x3FC0
[247] [M]: 0x00000000800003C8 (0x3FC00013) addi zero, zero, 0x3fc

mem[X,0x00000000800003CC] -> 0xFEBB
mem[X,0x00000000800003CE] -> 0xA405
[248] [M]: 0x00000000800003CC (0xA405FEBB) pmulhsu.h.be t4, a1, zero
x29 <- 0x0000000000000000

mem[X,0x00000000800003D0] -> 0xBC23
mem[X,0x00000000800003D2] -> 0x03D0
[249] [M]: 0x00000000800003D0 (0x03D0BC23) sd t4, 0x38(ra)
mem[0x0000000080004150] <- 0x0000000000000000

mem[X,0x00000000800003D4] -> 0x0537
mem[X,0x00000000800003D6] -> 0xFFF7
[250] [M]: 0x00000000800003D4 (0xFFF70537) lui a0, -0x90
x10 <- 0xFFFFFFFFFFF70000

mem[X,0x00000000800003D8] -> 0x0513
mem[X,0x00000000800003DA] -> 0x0805
[251] [M]: 0x00000000800003D8 (0x08050513) addi a0, a0, 0x80
x10 <- 0xFFFFFFFFFFF70080

mem[X,0x00000000800003DC] -> 0x1513
mem[X,0x00000000800003DE] -> 0x00B5
[252] [M]: 0x00000000800003DC (0x00B51513) slli a0, a0, 0xb
x10 <- 0xFFFFFFFFB8040000

mem[X,0x00000000800003E0] -> 0x0513
mem[X,0x00000000800003E2] -> 0x0045
[253] [M]: 0x00000000800003E0 (0x00450513) addi a0, a0, 0x4
x10 <- 0xFFFFFFFFB8040004

mem[X,0x00000000800003E4] -> 0x1513
mem[X,0x00000000800003E6] -> 0x00B5
[254] [M]: 0x00000000800003E4 (0x00B51513) slli a0, a0, 0xb
x10 <- 0xFFFFFDC020002000

mem[X,0x00000000800003E8] -> 0x0513
mem[X,0x00000000800003EA] -> 0x0005
[255] [M]: 0x00000000800003E8 (0x00050513) addi a0, a0, 0x0
x10 <- 0xFFFFFDC020002000

mem[X,0x00000000800003EC] -> 0x1513
mem[X,0x00000000800003EE] -> 0x00A5
[256] [M]: 0x00000000800003EC (0x00A51513) slli a0, a0, 0xa
x10 <- 0xFFF7008000800000

mem[X,0x00000000800003F0] -> 0x0513
mem[X,0x00000000800003F2] -> 0x0105
[257] [M]: 0x00000000800003F0 (0x01050513) addi a0, a0, 0x10
x10 <- 0xFFF7008000800010

mem[X,0x00000000800003F4] -> 0x0337
mem[X,0x00000000800003F6] -> 0xFFFE
[258] [M]: 0x00000000800003F4 (0xFFFE0337) lui t1, -0x20
x6 <- 0xFFFFFFFFFFFE0000

mem[X,0x00000000800003F8] -> 0x0313
mem[X,0x00000000800003FA] -> 0x0803
[259] [M]: 0x00000000800003F8 (0x08030313) addi t1, t1, 0x80
x6 <- 0xFFFFFFFFFFFE0080

mem[X,0x00000000800003FC] -> 0x1313
mem[X,0x00000000800003FE] -> 0x00B3
[260] [M]: 0x00000000800003FC (0x00B31313) slli t1, t1, 0xb
x6 <- 0xFFFFFFFFF0040000

mem[X,0x0000000080000400] -> 0x0313
mem[X,0x0000000080000402] -> 0x7F73
[261] [M]: 0x0000000080000400 (0x7F730313) addi t1, t1, 0x7f7
x6 <- 0xFFFFFFFFF00407F7

mem[X,0x0000000080000404] -> 0x1313
mem[X,0x0000000080000406] -> 0x00B3
[262] [M]: 0x0000000080000404 (0x00B31313) slli t1, t1, 0xb
x6 <- 0xFFFFFF80203FB800

mem[X,0x0000000080000408] -> 0x0313
mem[X,0x000000008000040A] -> 0x7FF3
[263] [M]: 0x0000000080000408 (0x7FF30313) addi t1, t1, 0x7ff
x6 <- 0xFFFFFF80203FBFFF

mem[X,0x000000008000040C] -> 0x1313
mem[X,0x000000008000040E] -> 0x00A3
[264] [M]: 0x000000008000040C (0x00A31313) slli t1, t1, 0xa
x6 <- 0xFFFE0080FEFFFC00

mem[X,0x0000000080000410] -> 0x0313
mem[X,0x0000000080000412] -> 0x37F3
[265] [M]: 0x0000000080000410 (0x37F30313) addi t1, t1, 0x37f
x6 <- 0xFFFE0080FEFFFF7F

mem[X,0x0000000080000414] -> 0x75BB
mem[X,0x0000000080000416] -> 0xA465
[266] [M]: 0x0000000080000414 (0xA46575BB) pmulhsu.h.be a1, a0, t1
x11 <- 0xFFFF000000000000

mem[X,0x0000000080000418] -> 0xB023
mem[X,0x000000008000041A] -> 0x04B0
[267] [M]: 0x0000000080000418 (0x04B0B023) sd a1, 0x40(ra)
mem[0x0000000080004158] <- 0xFFFF000000000000

mem[X,0x000000008000041C] -> 0x8CB7
mem[X,0x000000008000041E] -> 0xFFF8
[268] [M]: 0x000000008000041C (0xFFF88CB7) lui s9, -0x78
x25 <- 0xFFFFFFFFFFF88000

mem[X,0x0000000080000420] -> 0x8C93
mem[X,0x0000000080000422] -> 0x000C
[269] [M]: 0x0000000080000420 (0x000C8C93) addi s9, s9, 0x0
x25 <- 0xFFFFFFFFFFF88000

mem[X,0x0000000080000424] -> 0x9C93
mem[X,0x0000000080000426] -> 0x00BC
[270] [M]: 0x0000000080000424 (0x00BC9C93) slli s9, s9, 0xb
x25 <- 0xFFFFFFFFC4000000

mem[X,0x0000000080000428] -> 0x8C93
mem[X,0x000000008000042A] -> 0x7FBC
[271] [M]: 0x0000000080000428 (0x7FBC8C93) addi s9, s9, 0x7fb
x25 <- 0xFFFFFFFFC40007FB

mem[X,0x000000008000042C] -> 0x9C93
mem[X,0x000000008000042E] -> 0x00BC
[272] [M]: 0x000000008000042C (0x00BC9C93) slli s9, s9, 0xb
x25 <- 0xFFFFFE20003FD800

mem[X,0x0000000080000430] -> 0x8C93
mem[X,0x0000000080000432] -> 0x7C0C
[273] [M]: 0x0000000080000430 (0x7C0C8C93) addi s9, s9, 0x7c0
x25 <- 0xFFFFFE20003FDFC0

mem[X,0x0000000080000434] -> 0x9C93
mem[X,0x0000000080000436] -> 0x00AC
[274] [M]: 0x0000000080000434 (0x00AC9C93) slli s9, s9, 0xa
x25 <- 0xFFF88000FF7F0000

mem[X,0x0000000080000438] -> 0x8C93
mem[X,0x000000008000043A] -> 0x020C
[275] [M]: 0x0000000080000438 (0x020C8C93) addi s9, s9, 0x20
x25 <- 0xFFF88000FF7F0020

mem[X,0x000000008000043C] -> 0x07B7
mem[X,0x000000008000043E] -> 0xAAAB
[276] [M]: 0x000000008000043C (0xAAAB07B7) lui a5, -0x55550
x15 <- 0xFFFFFFFFAAAB0000

mem[X,0x0000000080000440] -> 0x8793
mem[X,0x0000000080000442] -> 0xFF87
[277] [M]: 0x0000000080000440 (0xFF878793) addi a5, a5, -0x8
x15 <- 0xFFFFFFFFAAAAFFF8

mem[X,0x0000000080000444] -> 0x9793
mem[X,0x0000000080000446] -> 0x00B7
[278] [M]: 0x0000000080000444 (0x00B79793) slli a5, a5, 0xb
x15 <- 0xFFFFFD5557FFC000

mem[X,0x0000000080000448] -> 0x8793
mem[X,0x000000008000044A] -> 0x2AA7
[279] [M]: 0x0000000080000448 (0x2AA78793) addi a5, a5, 0x2aa
x15 <- 0xFFFFFD5557FFC2AA

mem[X,0x000000008000044C] -> 0x9793
mem[X,0x000000008000044E] -> 0x00B7
[280] [M]: 0x000000008000044C (0x00B79793) slli a5, a5, 0xb
x15 <- 0xFFEAAABFFE155000

mem[X,0x0000000080000450] -> 0x8793
mem[X,0x0000000080000452] -> 0x5407
[281] [M]: 0x0000000080000450 (0x54078793) addi a5, a5, 0x540
x15 <- 0xFFEAAABFFE155540

mem[X,0x0000000080000454] -> 0x9793
mem[X,0x0000000080000456] -> 0x00A7
[282] [M]: 0x0000000080000454 (0x00A79793) slli a5, a5, 0xa
x15 <- 0xAAAAFFF855550000

mem[X,0x0000000080000458] -> 0x8793
mem[X,0x000000008000045A] -> 0x0077
[283] [M]: 0x0000000080000458 (0x00778793) addi a5, a5, 0x7
x15 <- 0xAAAAFFF855550007

mem[X,0x000000008000045C] -> 0xF93B
mem[X,0x000000008000045E] -> 0xA4FC
[284] [M]: 0x000000008000045C (0xA4FCF93B) pmulhsu.h.be s2, s9, a5
x18 <- 0xFFFFFF84FFFF0000

mem[X,0x0000000080000460] -> 0xB423
mem[X,0x0000000080000462] -> 0x0520
[285] [M]: 0x0000000080000460 (0x0520B423) sd s2, 0x48(ra)
mem[0x0000000080004160] <- 0xFFFFFF84FFFF0000

mem[X,0x0000000080000464] -> 0x0737
mem[X,0x0000000080000466] -> 0xFDFF
[286] [M]: 0x0000000080000464 (0xFDFF0737) lui a4, -0x2010
x14 <- 0xFFFFFFFFFDFF0000

mem[X,0x0000000080000468] -> 0x0713
mem[X,0x000000008000046A] -> 0x0077
[287] [M]: 0x0000000080000468 (0x00770713) addi a4, a4, 0x7
x14 <- 0xFFFFFFFFFDFF0007

mem[X,0x000000008000046C] -> 0x1713
mem[X,0x000000008000046E] -> 0x00B7
[288] [M]: 0x000000008000046C (0x00B71713) slli a4, a4, 0xb
x14 <- 0xFFFFFFEFF8003800

mem[X,0x0000000080000470] -> 0x0713
mem[X,0x0000000080000472] -> 0x7FF7
[289] [M]: 0x0000000080000470 (0x7FF70713) addi a4, a4, 0x7ff
x14 <- 0xFFFFFFEFF8003FFF

mem[X,0x0000000080000474] -> 0x1713
mem[X,0x0000000080000476] -> 0x00B7
[290] [M]: 0x0000000080000474 (0x00B71713) slli a4, a4, 0xb
x14 <- 0xFFFF7FC001FFF800

mem[X,0x0000000080000478] -> 0x0713
mem[X,0x000000008000047A] -> 0x6007
[291] [M]: 0x0000000080000478 (0x60070713) addi a4, a4, 0x600
x14 <- 0xFFFF7FC001FFFE00

mem[X,0x000000008000047C] -> 0x1713
mem[X,0x000000008000047E] -> 0x00A7
[292] [M]: 0x000000008000047C (0x00A71713) slli a4, a4, 0xa
x14 <- 0xFDFF0007FFF80000

mem[X,0x0000000080000480] -> 0x0713
mem[X,0x0000000080000482] -> 0x0407
[293] [M]: 0x0000000080000480 (0x04070713) addi a4, a4, 0x40
x14 <- 0xFDFF0007FFF80040

mem[X,0x0000000080000484] -> 0x8EB7
mem[X,0x0000000080000486] -> 0x0200
[294] [M]: 0x0000000080000484 (0x02008EB7) lui t4, 0x2008
x29 <- 0x0000000002008000

mem[X,0x0000000080000488] -> 0x8E93
mem[X,0x000000008000048A] -> 0x000E
[295] [M]: 0x0000000080000488 (0x000E8E93) addi t4, t4, 0x0
x29 <- 0x0000000002008000

mem[X,0x000000008000048C] -> 0x9E93
mem[X,0x000000008000048E] -> 0x00BE
[296] [M]: 0x000000008000048C (0x00BE9E93) slli t4, t4, 0xb
x29 <- 0x0000001004000000

mem[X,0x0000000080000490] -> 0x8E93
mem[X,0x0000000080000492] -> 0x000E
[297] [M]: 0x0000000080000490 (0x000E8E93) addi t4, t4, 0x0
x29 <- 0x0000001004000000

mem[X,0x0000000080000494] -> 0x9E93
mem[X,0x0000000080000496] -> 0x00BE
[298] [M]: 0x0000000080000494 (0x00BE9E93) slli t4, t4, 0xb
x29 <- 0x0000802000000000

mem[X,0x0000000080000498] -> 0x8E93
mem[X,0x000000008000049A] -> 0x0BFE
[299] [M]: 0x0000000080000498 (0x0BFE8E93) addi t4, t4, 0xbf
x29 <- 0x00008020000000BF

clint::tick mtime <- 0x0000000000000003
 clint timer pending at mtime 0x0000000000000003
htif::tick 0x0000000000000000
mem[X,0x000000008000049C] -> 0x9E93
mem[X,0x000000008000049E] -> 0x00AE
[300] [M]: 0x000000008000049C (0x00AE9E93) slli t4, t4, 0xa
x29 <- 0x020080000002FC00

mem[X,0x00000000800004A0] -> 0x8E93
mem[X,0x00000000800004A2] -> 0x3FCE
[301] [M]: 0x00000000800004A0 (0x3FCE8E93) addi t4, t4, 0x3fc
x29 <- 0x020080000002FFFC

mem[X,0x00000000800004A4] -> 0x78BB
mem[X,0x00000000800004A6] -> 0xA5D7
[302] [M]: 0x00000000800004A4 (0xA5D778BB) pmulhsu.h.be a7, a4, t4
x17 <- 0x00000000FFFF0000

mem[X,0x00000000800004A8] -> 0xB823
mem[X,0x00000000800004AA] -> 0x0510
[303] [M]: 0x00000000800004A8 (0x0510B823) sd a7, 0x50(ra)
mem[0x0000000080004168] <- 0x00000000FFFF0000

mem[X,0x00000000800004AC] -> 0x4937
mem[X,0x00000000800004AE] -> 0xFFFB
[304] [M]: 0x00000000800004AC (0xFFFB4937) lui s2, -0x4c
x18 <- 0xFFFFFFFFFFFB4000

mem[X,0x00000000800004B0] -> 0x0913
mem[X,0x00000000800004B2] -> 0xFFF9
[305] [M]: 0x00000000800004B0 (0xFFF90913) addi s2, s2, -0x1
x18 <- 0xFFFFFFFFFFFB3FFF

mem[X,0x00000000800004B4] -> 0x1913
mem[X,0x00000000800004B6] -> 0x00B9
[306] [M]: 0x00000000800004B4 (0x00B91913) slli s2, s2, 0xb
x18 <- 0xFFFFFFFFD9FFF800

mem[X,0x00000000800004B8] -> 0x0913
mem[X,0x00000000800004BA] -> 0x3FF9
[307] [M]: 0x00000000800004B8 (0x3FF90913) addi s2, s2, 0x3ff
x18 <- 0xFFFFFFFFD9FFFBFF

mem[X,0x00000000800004BC] -> 0x1913
mem[X,0x00000000800004BE] -> 0x00B9
[308] [M]: 0x00000000800004BC (0x00B91913) slli s2, s2, 0xb
x18 <- 0xFFFFFECFFFDFF800

mem[X,0x00000000800004C0] -> 0x0913
mem[X,0x00000000800004C2] -> 0x7C09
[309] [M]: 0x00000000800004C0 (0x7C090913) addi s2, s2, 0x7c0
x18 <- 0xFFFFFECFFFDFFFC0

mem[X,0x00000000800004C4] -> 0x1913
mem[X,0x00000000800004C6] -> 0x00A9
[310] [M]: 0x00000000800004C4 (0x00A91913) slli s2, s2, 0xa
x18 <- 0xFFFB3FFF7FFF0000

mem[X,0x00000000800004C8] -> 0x0913
mem[X,0x00000000800004CA] -> 0x0809
[311] [M]: 0x00000000800004C8 (0x08090913) addi s2, s2, 0x80
x18 <- 0xFFFB3FFF7FFF0080

mem[X,0x00000000800004CC] -> 0x0D37
mem[X,0x00000000800004CE] -> 0x1001
[312] [M]: 0x00000000800004CC (0x10010D37) lui s10, 0x10010
x26 <- 0x0000000010010000

mem[X,0x00000000800004D0] -> 0x0D13
mem[X,0x00000000800004D2] -> 0xFF9D
[313] [M]: 0x00000000800004D0 (0xFF9D0D13) addi s10, s10, -0x7
x26 <- 0x000000001000FFF9

mem[X,0x00000000800004D4] -> 0x1D13
mem[X,0x00000000800004D6] -> 0x00BD
[314] [M]: 0x00000000800004D4 (0x00BD1D13) slli s10, s10, 0xb
x26 <- 0x0000008007FFC800

mem[X,0x00000000800004D8] -> 0x0D13
mem[X,0x00000000800004DA] -> 0x7FFD
[315] [M]: 0x00000000800004D8 (0x7FFD0D13) addi s10, s10, 0x7ff
x26 <- 0x0000008007FFCFFF

mem[X,0x00000000800004DC] -> 0x1D13
mem[X,0x00000000800004DE] -> 0x00BD
[316] [M]: 0x00000000800004DC (0x00BD1D13) slli s10, s10, 0xb
x26 <- 0x0004003FFE7FF800

mem[X,0x00000000800004E0] -> 0x0D13
mem[X,0x00000000800004E2] -> 0x3E0D
[317] [M]: 0x00000000800004E0 (0x3E0D0D13) addi s10, s10, 0x3e0
x26 <- 0x0004003FFE7FFBE0

mem[X,0x00000000800004E4] -> 0x1D13
mem[X,0x00000000800004E6] -> 0x00AD
[318] [M]: 0x00000000800004E4 (0x00AD1D13) slli s10, s10, 0xa
x26 <- 0x1000FFF9FFEF8000

mem[X,0x00000000800004E8] -> 0x7A3B
mem[X,0x00000000800004EA] -> 0xA5A9
[319] [M]: 0x00000000800004E8 (0xA5A97A3B) pmulhsu.h.be s4, s2, s10
x20 <- 0x0000003E00770000

mem[X,0x00000000800004EC] -> 0xBC23
mem[X,0x00000000800004EE] -> 0x0540
[320] [M]: 0x00000000800004EC (0x0540BC23) sd s4, 0x58(ra)
mem[0x0000000080004170] <- 0x0000003E00770000

mem[X,0x00000000800004F0] -> 0x0B37
mem[X,0x00000000800004F2] -> 0x0011
[321] [M]: 0x00000000800004F0 (0x00110B37) lui s6, 0x110
x22 <- 0x0000000000110000

mem[X,0x00000000800004F4] -> 0x0B13
mem[X,0x00000000800004F6] -> 0xFEFB
[322] [M]: 0x00000000800004F4 (0xFEFB0B13) addi s6, s6, -0x11
x22 <- 0x000000000010FFEF

mem[X,0x00000000800004F8] -> 0x1B13
mem[X,0x00000000800004FA] -> 0x00BB
[323] [M]: 0x00000000800004F8 (0x00BB1B13) slli s6, s6, 0xb
x22 <- 0x0000000087FF7800

mem[X,0x00000000800004FC] -> 0x0B13
mem[X,0x00000000800004FE] -> 0x002B
[324] [M]: 0x00000000800004FC (0x002B0B13) addi s6, s6, 0x2
x22 <- 0x0000000087FF7802

mem[X,0x0000000080000500] -> 0x1B13
mem[X,0x0000000080000502] -> 0x00BB
[325] [M]: 0x0000000080000500 (0x00BB1B13) slli s6, s6, 0xb
x22 <- 0x0000043FFBC01000

mem[X,0x0000000080000504] -> 0x0B13
mem[X,0x0000000080000506] -> 0x000B
[326] [M]: 0x0000000080000504 (0x000B0B13) addi s6, s6, 0x0
x22 <- 0x0000043FFBC01000

mem[X,0x0000000080000508] -> 0x1B13
mem[X,0x000000008000050A] -> 0x00AB
[327] [M]: 0x0000000080000508 (0x00AB1B13) slli s6, s6, 0xa
x22 <- 0x0010FFEF00400000

mem[X,0x000000008000050C] -> 0x0B13
mem[X,0x000000008000050E] -> 0x100B
[328] [M]: 0x000000008000050C (0x100B0B13) addi s6, s6, 0x100
x22 <- 0x0010FFEF00400100

mem[X,0x0000000080000510] -> 0x0637
mem[X,0x0000000080000512] -> 0x4000
[329] [M]: 0x0000000080000510 (0x40000637) lui a2, 0x40000
x12 <- 0x0000000040000000

mem[X,0x0000000080000514] -> 0x0613
mem[X,0x0000000080000516] -> 0xBFF6
[330] [M]: 0x0000000080000514 (0xBFF60613) addi a2, a2, -0x401
x12 <- 0x000000003FFFFBFF

mem[X,0x0000000080000518] -> 0x1613
mem[X,0x000000008000051A] -> 0x00B6
[331] [M]: 0x0000000080000518 (0x00B61613) slli a2, a2, 0xb
x12 <- 0x000001FFFFDFF800

mem[X,0x000000008000051C] -> 0x0613
mem[X,0x000000008000051E] -> 0x2AA6
[332] [M]: 0x000000008000051C (0x2AA60613) addi a2, a2, 0x2aa
x12 <- 0x000001FFFFDFFAAA

mem[X,0x0000000080000520] -> 0x1613
mem[X,0x0000000080000522] -> 0x00B6
[333] [M]: 0x0000000080000520 (0x00B61613) slli a2, a2, 0xb
x12 <- 0x000FFFFEFFD55000

mem[X,0x0000000080000524] -> 0x0613
mem[X,0x0000000080000526] -> 0x5406
[334] [M]: 0x0000000080000524 (0x54060613) addi a2, a2, 0x540
x12 <- 0x000FFFFEFFD55540

mem[X,0x0000000080000528] -> 0x1613
mem[X,0x000000008000052A] -> 0x00A6
[335] [M]: 0x0000000080000528 (0x00A61613) slli a2, a2, 0xa
x12 <- 0x3FFFFBFF55550000

mem[X,0x000000008000052C] -> 0x0613
mem[X,0x000000008000052E] -> 0x0026
[336] [M]: 0x000000008000052C (0x00260613) addi a2, a2, 0x2
x12 <- 0x3FFFFBFF55550002

mem[X,0x0000000080000530] -> 0x783B
mem[X,0x0000000080000532] -> 0xA4CB
[337] [M]: 0x0000000080000530 (0xA4CB783B) pmulhsu.h.be a6, s6, a2
x16 <- 0x0000FFFF00000000

mem[X,0x0000000080000534] -> 0xB023
mem[X,0x0000000080000536] -> 0x0700
[338] [M]: 0x0000000080000534 (0x0700B023) sd a6, 0x60(ra)
mem[0x0000000080004178] <- 0x0000FFFF00000000

mem[X,0x0000000080000538] -> 0xC7B7
mem[X,0x000000008000053A] -> 0xFDFF
[339] [M]: 0x0000000080000538 (0xFDFFC7B7) lui a5, -0x2004
x15 <- 0xFFFFFFFFFDFFC000

mem[X,0x000000008000053C] -> 0x8793
mem[X,0x000000008000053E] -> 0xFFF7
[340] [M]: 0x000000008000053C (0xFFF78793) addi a5, a5, -0x1
x15 <- 0xFFFFFFFFFDFFBFFF

mem[X,0x0000000080000540] -> 0x9793
mem[X,0x0000000080000542] -> 0x00B7
[341] [M]: 0x0000000080000540 (0x00B79793) slli a5, a5, 0xb
x15 <- 0xFFFFFFEFFDFFF800

mem[X,0x0000000080000544] -> 0x8793
mem[X,0x0000000080000546] -> 0x7FF7
[342] [M]: 0x0000000080000544 (0x7FF78793) addi a5, a5, 0x7ff
x15 <- 0xFFFFFFEFFDFFFFFF

mem[X,0x0000000080000548] -> 0x9793
mem[X,0x000000008000054A] -> 0x00B7
[343] [M]: 0x0000000080000548 (0x00B79793) slli a5, a5, 0xb
x15 <- 0xFFFF7FEFFFFFF800

mem[X,0x000000008000054C] -> 0x8793
mem[X,0x000000008000054E] -> 0x6C07
[344] [M]: 0x000000008000054C (0x6C078793) addi a5, a5, 0x6c0
x15 <- 0xFFFF7FEFFFFFFEC0

mem[X,0x0000000080000550] -> 0x9793
mem[X,0x0000000080000552] -> 0x00A7
[345] [M]: 0x0000000080000550 (0x00A79793) slli a5, a5, 0xa
x15 <- 0xFDFFBFFFFFFB0000

mem[X,0x0000000080000554] -> 0x8793
mem[X,0x0000000080000556] -> 0x2007
[346] [M]: 0x0000000080000554 (0x20078793) addi a5, a5, 0x200
x15 <- 0xFDFFBFFFFFFB0200

mem[X,0x0000000080000558] -> 0x0DB7
mem[X,0x000000008000055A] -> 0x0040
[347] [M]: 0x0000000080000558 (0x00400DB7) lui s11, 0x400
x27 <- 0x0000000000400000

mem[X,0x000000008000055C] -> 0x8D93
mem[X,0x000000008000055E] -> 0x008D
[348] [M]: 0x000000008000055C (0x008D8D93) addi s11, s11, 0x8
x27 <- 0x0000000000400008

mem[X,0x0000000080000560] -> 0x9D93
mem[X,0x0000000080000562] -> 0x00BD
[349] [M]: 0x0000000080000560 (0x00BD9D93) slli s11, s11, 0xb
x27 <- 0x0000000200004000

mem[X,0x0000000080000564] -> 0x8D93
mem[X,0x0000000080000566] -> 0x000D
[350] [M]: 0x0000000080000564 (0x000D8D93) addi s11, s11, 0x0
x27 <- 0x0000000200004000

mem[X,0x0000000080000568] -> 0x9D93
mem[X,0x000000008000056A] -> 0x00BD
[351] [M]: 0x0000000080000568 (0x00BD9D93) slli s11, s11, 0xb
x27 <- 0x0000100002000000

mem[X,0x000000008000056C] -> 0x8D93
mem[X,0x000000008000056E] -> 0x100D
[352] [M]: 0x000000008000056C (0x100D8D93) addi s11, s11, 0x100
x27 <- 0x0000100002000100

mem[X,0x0000000080000570] -> 0x9D93
mem[X,0x0000000080000572] -> 0x00AD
[353] [M]: 0x0000000080000570 (0x00AD9D93) slli s11, s11, 0xa
x27 <- 0x0040000800040000

mem[X,0x0000000080000574] -> 0x8D93
mem[X,0x0000000080000576] -> 0x080D
[354] [M]: 0x0000000080000574 (0x080D8D93) addi s11, s11, 0x80
x27 <- 0x0040000800040080

mem[X,0x0000000080000578] -> 0xF6BB
mem[X,0x000000008000057A] -> 0xA5B7
[355] [M]: 0x0000000080000578 (0xA5B7F6BB) pmulhsu.h.be a3, a5, s11
x13 <- 0xFFFFFFFDFFFF0001

mem[X,0x000000008000057C] -> 0xB423
mem[X,0x000000008000057E] -> 0x06D0
[356] [M]: 0x000000008000057C (0x06D0B423) sd a3, 0x68(ra)
mem[0x0000000080004180] <- 0xFFFFFFFDFFFF0001

mem[X,0x0000000080000580] -> 0x08B7
mem[X,0x0000000080000582] -> 0x0002
[357] [M]: 0x0000000080000580 (0x000208B7) lui a7, 0x20
x17 <- 0x0000000000020000

mem[X,0x0000000080000584] -> 0x8893
mem[X,0x0000000080000586] -> 0x2008
[358] [M]: 0x0000000080000584 (0x20088893) addi a7, a7, 0x200
x17 <- 0x0000000000020200

mem[X,0x0000000080000588] -> 0x9893
mem[X,0x000000008000058A] -> 0x00B8
[359] [M]: 0x0000000080000588 (0x00B89893) slli a7, a7, 0xb
x17 <- 0x0000000010100000

mem[X,0x000000008000058C] -> 0x8893
mem[X,0x000000008000058E] -> 0x0108
[360] [M]: 0x000000008000058C (0x01088893) addi a7, a7, 0x10
x17 <- 0x0000000010100010

mem[X,0x0000000080000590] -> 0x9893
mem[X,0x0000000080000592] -> 0x00B8
[361] [M]: 0x0000000080000590 (0x00B89893) slli a7, a7, 0xb
x17 <- 0x0000008080008000

mem[X,0x0000000080000594] -> 0x8893
mem[X,0x0000000080000596] -> 0x0018
[362] [M]: 0x0000000080000594 (0x00188893) addi a7, a7, 0x1
x17 <- 0x0000008080008001

mem[X,0x0000000080000598] -> 0x9893
mem[X,0x000000008000059A] -> 0x00A8
[363] [M]: 0x0000000080000598 (0x00A89893) slli a7, a7, 0xa
x17 <- 0x0002020002000400

mem[X,0x000000008000059C] -> 0x0FB7
mem[X,0x000000008000059E] -> 0x8000
[364] [M]: 0x000000008000059C (0x80000FB7) lui t6, -0x80000
x31 <- 0xFFFFFFFF80000000

mem[X,0x00000000800005A0] -> 0x8F93
mem[X,0x00000000800005A2] -> 0x200F
[365] [M]: 0x00000000800005A0 (0x200F8F93) addi t6, t6, 0x200
x31 <- 0xFFFFFFFF80000200

mem[X,0x00000000800005A4] -> 0x9F93
mem[X,0x00000000800005A6] -> 0x00BF
[366] [M]: 0x00000000800005A4 (0x00BF9F93) slli t6, t6, 0xb
x31 <- 0xFFFFFC0000100000

mem[X,0x00000000800005A8] -> 0x8F93
mem[X,0x00000000800005AA] -> 0x004F
[367] [M]: 0x00000000800005A8 (0x004F8F93) addi t6, t6, 0x4
x31 <- 0xFFFFFC0000100004

mem[X,0x00000000800005AC] -> 0x9F93
mem[X,0x00000000800005AE] -> 0x00BF
[368] [M]: 0x00000000800005AC (0x00BF9F93) slli t6, t6, 0xb
x31 <- 0xFFE0000080002000

mem[X,0x00000000800005B0] -> 0x8F93
mem[X,0x00000000800005B2] -> 0x03FF
[369] [M]: 0x00000000800005B0 (0x03FF8F93) addi t6, t6, 0x3f
x31 <- 0xFFE000008000203F

mem[X,0x00000000800005B4] -> 0x9F93
mem[X,0x00000000800005B6] -> 0x00AF
[370] [M]: 0x00000000800005B4 (0x00AF9F93) slli t6, t6, 0xa
x31 <- 0x800002000080FC00

mem[X,0x00000000800005B8] -> 0x8F93
mem[X,0x00000000800005BA] -> 0x3FCF
[371] [M]: 0x00000000800005B8 (0x3FCF8F93) addi t6, t6, 0x3fc
x31 <- 0x800002000080FFFC

mem[X,0x00000000800005BC] -> 0xFCBB
mem[X,0x00000000800005BE] -> 0xA5F8
[372] [M]: 0x00000000800005BC (0xA5F8FCBB) pmulhsu.h.be s9, a7, t6
x25 <- 0x0000000000010003

mem[X,0x00000000800005C0] -> 0xB823
mem[X,0x00000000800005C2] -> 0x0790
[373] [M]: 0x00000000800005C0 (0x0790B823) sd s9, 0x70(ra)
mem[0x0000000080004188] <- 0x0000000000010003

mem[X,0x00000000800005C4] -> 0x01B7
mem[X,0x00000000800005C6] -> 0x8000
[374] [M]: 0x00000000800005C4 (0x800001B7) lui gp, -0x80000
x3 <- 0xFFFFFFFF80000000

mem[X,0x00000000800005C8] -> 0x8193
mem[X,0x00000000800005CA] -> 0xDFF1
[375] [M]: 0x00000000800005C8 (0xDFF18193) addi gp, gp, -0x201
x3 <- 0xFFFFFFFF7FFFFDFF

mem[X,0x00000000800005CC] -> 0x9193
mem[X,0x00000000800005CE] -> 0x00B1
[376] [M]: 0x00000000800005CC (0x00B19193) slli gp, gp, 0xb
x3 <- 0xFFFFFBFFFFEFF800

mem[X,0x00000000800005D0] -> 0x8193
mem[X,0x00000000800005D2] -> 0x0001
[377] [M]: 0x00000000800005D0 (0x00018193) addi gp, gp, 0x0
x3 <- 0xFFFFFBFFFFEFF800

mem[X,0x00000000800005D4] -> 0x9193
mem[X,0x00000000800005D6] -> 0x00B1
[378] [M]: 0x00000000800005D4 (0x00B19193) slli gp, gp, 0xb
x3 <- 0xFFDFFFFF7FC00000

mem[X,0x00000000800005D8] -> 0x8193
mem[X,0x00000000800005DA] -> 0x0C21
[379] [M]: 0x00000000800005D8 (0x0C218193) addi gp, gp, 0xc2
x3 <- 0xFFDFFFFF7FC000C2

mem[X,0x00000000800005DC] -> 0x9193
mem[X,0x00000000800005DE] -> 0x00A1
[380] [M]: 0x00000000800005DC (0x00A19193) slli gp, gp, 0xa
x3 <- 0x7FFFFDFF00030800

mem[X,0x00000000800005E0] -> 0x0A37
mem[X,0x00000000800005E2] -> 0xFFE0
[381] [M]: 0x00000000800005E0 (0xFFE00A37) lui s4, -0x200
x20 <- 0xFFFFFFFFFFE00000

mem[X,0x00000000800005E4] -> 0x0A13
mem[X,0x00000000800005E6] -> 0xFFDA
[382] [M]: 0x00000000800005E4 (0xFFDA0A13) addi s4, s4, -0x3
x20 <- 0xFFFFFFFFFFDFFFFD

mem[X,0x00000000800005E8] -> 0x1A13
mem[X,0x00000000800005EA] -> 0x00BA
[383] [M]: 0x00000000800005E8 (0x00BA1A13) slli s4, s4, 0xb
x20 <- 0xFFFFFFFEFFFFE800

mem[X,0x00000000800005EC] -> 0x0A13
mem[X,0x00000000800005EE] -> 0x7FBA
[384] [M]: 0x00000000800005EC (0x7FBA0A13) addi s4, s4, 0x7fb
x20 <- 0xFFFFFFFEFFFFEFFB

mem[X,0x00000000800005F0] -> 0x1A13
mem[X,0x00000000800005F2] -> 0x00BA
[385] [M]: 0x00000000800005F0 (0x00BA1A13) slli s4, s4, 0xb
x20 <- 0xFFFFF7FFFF7FD800

mem[X,0x00000000800005F4] -> 0x0A13
mem[X,0x00000000800005F6] -> 0x7FFA
[386] [M]: 0x00000000800005F4 (0x7FFA0A13) addi s4, s4, 0x7ff
x20 <- 0xFFFFF7FFFF7FDFFF

mem[X,0x00000000800005F8] -> 0x1A13
mem[X,0x00000000800005FA] -> 0x00AA
[387] [M]: 0x00000000800005F8 (0x00AA1A13) slli s4, s4, 0xa
x20 <- 0xFFDFFFFDFF7FFC00

mem[X,0x00000000800005FC] -> 0x0A13
mem[X,0x00000000800005FE] -> 0x3F9A
[388] [M]: 0x00000000800005FC (0x3F9A0A13) addi s4, s4, 0x3f9
x20 <- 0xFFDFFFFDFF7FFFF9

mem[X,0x0000000080000600] -> 0xFE3B
mem[X,0x0000000080000602] -> 0xA541
[389] [M]: 0x0000000080000600 (0xA541FE3B) pmulhsu.h.be t3, gp, s4
x28 <- 0x006FFFFE00000007

mem[X,0x0000000080000604] -> 0xBC23
mem[X,0x0000000080000606] -> 0x07C0
[390] [M]: 0x0000000080000604 (0x07C0BC23) sd t3, 0x78(ra)
mem[0x0000000080004190] <- 0x006FFFFE00000007

mem[X,0x0000000080000608] -> 0x0013
mem[X,0x000000008000060A] -> 0x0000
[391] [M]: 0x0000000080000608 (0x00000013) addi zero, zero, 0x0

mem[X,0x000000008000060C] -> 0x0013
mem[X,0x000000008000060E] -> 0x0000
[392] [M]: 0x000000008000060C (0x00000013) addi zero, zero, 0x0

mem[X,0x0000000080000610] -> 0x0013
mem[X,0x0000000080000612] -> 0x0000
[393] [M]: 0x0000000080000610 (0x00000013) addi zero, zero, 0x0

mem[X,0x0000000080000614] -> 0x0013
mem[X,0x0000000080000616] -> 0x0000
[394] [M]: 0x0000000080000614 (0x00000013) addi zero, zero, 0x0

mem[X,0x0000000080000618] -> 0x0013
mem[X,0x000000008000061A] -> 0x0000
[395] [M]: 0x0000000080000618 (0x00000013) addi zero, zero, 0x0

mem[X,0x000000008000061C] -> 0x0013
mem[X,0x000000008000061E] -> 0x0000
[396] [M]: 0x000000008000061C (0x00000013) addi zero, zero, 0x0

mem[X,0x0000000080000620] -> 0x4397
mem[X,0x0000000080000622] -> 0x0000
[397] [M]: 0x0000000080000620 (0x00004397) auipc t2, 0x4
x7 <- 0x0000000080004620

mem[X,0x0000000080000624] -> 0x8393
mem[X,0x0000000080000626] -> 0xB783
[398] [M]: 0x0000000080000624 (0xB7838393) addi t2, t2, -0x488
x7 <- 0x0000000080004198

mem[X,0x0000000080000628] -> 0x0013
mem[X,0x000000008000062A] -> 0x0000
[399] [M]: 0x0000000080000628 (0x00000013) addi zero, zero, 0x0

clint::tick mtime <- 0x0000000000000004
 clint timer pending at mtime 0x0000000000000004
htif::tick 0x0000000000000000
mem[X,0x000000008000062C] -> 0x0013
mem[X,0x000000008000062E] -> 0x0000
[400] [M]: 0x000000008000062C (0x00000013) addi zero, zero, 0x0

mem[X,0x0000000080000630] -> 0x0013
mem[X,0x0000000080000632] -> 0x0000
[401] [M]: 0x0000000080000630 (0x00000013) addi zero, zero, 0x0

mem[X,0x0000000080000634] -> 0x0013
mem[X,0x0000000080000636] -> 0x0000
[402] [M]: 0x0000000080000634 (0x00000013) addi zero, zero, 0x0

mem[X,0x0000000080000638] -> 0x0013
mem[X,0x000000008000063A] -> 0x0000
[403] [M]: 0x0000000080000638 (0x00000013) addi zero, zero, 0x0

mem[X,0x000000008000063C] -> 0x0013
mem[X,0x000000008000063E] -> 0x0000
[404] [M]: 0x000000008000063C (0x00000013) addi zero, zero, 0x0

mem[X,0x0000000080000640] -> 0xC6B7
mem[X,0x0000000080000642] -> 0xFFFE
[405] [M]: 0x0000000080000640 (0xFFFEC6B7) lui a3, -0x14
x13 <- 0xFFFFFFFFFFFEC000

mem[X,0x0000000080000644] -> 0x8693
mem[X,0x0000000080000646] -> 0x0006
[406] [M]: 0x0000000080000644 (0x00068693) addi a3, a3, 0x0
x13 <- 0xFFFFFFFFFFFEC000

mem[X,0x0000000080000648] -> 0x9693
mem[X,0x000000008000064A] -> 0x00B6
[407] [M]: 0x0000000080000648 (0x00B69693) slli a3, a3, 0xb
x13 <- 0xFFFFFFFFF6000000

mem[X,0x000000008000064C] -> 0x8693
mem[X,0x000000008000064E] -> 0x0806
[408] [M]: 0x000000008000064C (0x08068693) addi a3, a3, 0x80
x13 <- 0xFFFFFFFFF6000080

mem[X,0x0000000080000650] -> 0x9693
mem[X,0x0000000080000652] -> 0x00B6
[409] [M]: 0x0000000080000650 (0x00B69693) slli a3, a3, 0xb
x13 <- 0xFFFFFFB000040000

mem[X,0x0000000080000654] -> 0x8693
mem[X,0x0000000080000656] -> 0x0046
[410] [M]: 0x0000000080000654 (0x00468693) addi a3, a3, 0x4
x13 <- 0xFFFFFFB000040004

mem[X,0x0000000080000658] -> 0x9693
mem[X,0x000000008000065A] -> 0x00A6
[411] [M]: 0x0000000080000658 (0x00A69693) slli a3, a3, 0xa
x13 <- 0xFFFEC00010001000

mem[X,0x000000008000065C] -> 0x0837
mem[X,0x000000008000065E] -> 0xFFEF
[412] [M]: 0x000000008000065C (0xFFEF0837) lui a6, -0x110
x16 <- 0xFFFFFFFFFFEF0000

mem[X,0x0000000080000660] -> 0x0813
mem[X,0x0000000080000662] -> 0x4008
[413] [M]: 0x0000000080000660 (0x40080813) addi a6, a6, 0x400
x16 <- 0xFFFFFFFFFFEF0400

mem[X,0x0000000080000664] -> 0x1813
mem[X,0x0000000080000666] -> 0x00B8
[414] [M]: 0x0000000080000664 (0x00B81813) slli a6, a6, 0xb
x16 <- 0xFFFFFFFF78200000

mem[X,0x0000000080000668] -> 0x0813
mem[X,0x000000008000066A] -> 0x2008
[415] [M]: 0x0000000080000668 (0x20080813) addi a6, a6, 0x200
x16 <- 0xFFFFFFFF78200200

mem[X,0x000000008000066C] -> 0x1813
mem[X,0x000000008000066E] -> 0x00B8
[416] [M]: 0x000000008000066C (0x00B81813) slli a6, a6, 0xb
x16 <- 0xFFFFFBC100100000

mem[X,0x0000000080000670] -> 0x0813
mem[X,0x0000000080000672] -> 0x03B8
[417] [M]: 0x0000000080000670 (0x03B80813) addi a6, a6, 0x3b
x16 <- 0xFFFFFBC10010003B

mem[X,0x0000000080000674] -> 0x1813
mem[X,0x0000000080000676] -> 0x00A8
[418] [M]: 0x0000000080000674 (0x00A81813) slli a6, a6, 0xa
x16 <- 0xFFEF04004000EC00

mem[X,0x0000000080000678] -> 0x0813
mem[X,0x000000008000067A] -> 0x3FF8
[419] [M]: 0x0000000080000678 (0x3FF80813) addi a6, a6, 0x3ff
x16 <- 0xFFEF04004000EFFF

mem[X,0x000000008000067C] -> 0xF53B
mem[X,0x000000008000067E] -> 0xA506
[420] [M]: 0x000000008000067C (0xA506F53B) pmulhsu.h.be a0, a3, a6
x10 <- 0xFFFF00000000000F

mem[X,0x0000000080000680] -> 0xB023
mem[X,0x0000000080000682] -> 0x00A3
[421] [M]: 0x0000000080000680 (0x00A3B023) sd a0, 0x0(t2)
mem[0x0000000080004198] <- 0xFFFF00000000000F

mem[X,0x0000000080000684] -> 0xF337
mem[X,0x0000000080000686] -> 0x7FFF
[422] [M]: 0x0000000080000684 (0x7FFFF337) lui t1, 0x7ffff
x6 <- 0x000000007FFFF000

mem[X,0x0000000080000688] -> 0x0313
mem[X,0x000000008000068A] -> 0xFFF3
[423] [M]: 0x0000000080000688 (0xFFF30313) addi t1, t1, -0x1
x6 <- 0x000000007FFFEFFF

mem[X,0x000000008000068C] -> 0x1313
mem[X,0x000000008000068E] -> 0x00B3
[424] [M]: 0x000000008000068C (0x00B31313) slli t1, t1, 0xb
x6 <- 0x000003FFFF7FF800

mem[X,0x0000000080000690] -> 0x0313
mem[X,0x0000000080000692] -> 0x7DF3
[425] [M]: 0x0000000080000690 (0x7DF30313) addi t1, t1, 0x7df
x6 <- 0x000003FFFF7FFFDF

mem[X,0x0000000080000694] -> 0x1313
mem[X,0x0000000080000696] -> 0x00B3
[426] [M]: 0x0000000080000694 (0x00B31313) slli t1, t1, 0xb
x6 <- 0x001FFFFBFFFEF800

mem[X,0x0000000080000698] -> 0x0313
mem[X,0x000000008000069A] -> 0x7C83
[427] [M]: 0x0000000080000698 (0x7C830313) addi t1, t1, 0x7c8
x6 <- 0x001FFFFBFFFEFFC8

mem[X,0x000000008000069C] -> 0x1313
mem[X,0x000000008000069E] -> 0x00A3
[428] [M]: 0x000000008000069C (0x00A31313) slli t1, t1, 0xa
x6 <- 0x7FFFEFFFFBFF2000

mem[X,0x00000000800006A0] -> 0x04B7
mem[X,0x00000000800006A2] -> 0x0100
[429] [M]: 0x00000000800006A0 (0x010004B7) lui s1, 0x1000
x9 <- 0x0000000001000000

mem[X,0x00000000800006A4] -> 0x8493
mem[X,0x00000000800006A6] -> 0x0034
[430] [M]: 0x00000000800006A4 (0x00348493) addi s1, s1, 0x3
x9 <- 0x0000000001000003

mem[X,0x00000000800006A8] -> 0x9493
mem[X,0x00000000800006AA] -> 0x00B4
[431] [M]: 0x00000000800006A8 (0x00B49493) slli s1, s1, 0xb
x9 <- 0x0000000800001800

mem[X,0x00000000800006AC] -> 0x8493
mem[X,0x00000000800006AE] -> 0x77F4
[432] [M]: 0x00000000800006AC (0x77F48493) addi s1, s1, 0x77f
x9 <- 0x0000000800001F7F

mem[X,0x00000000800006B0] -> 0x9493
mem[X,0x00000000800006B2] -> 0x00B4
[433] [M]: 0x00000000800006B0 (0x00B49493) slli s1, s1, 0xb
x9 <- 0x0000400000FBF800

mem[X,0x00000000800006B4] -> 0x8493
mem[X,0x00000000800006B6] -> 0x7DF4
[434] [M]: 0x00000000800006B4 (0x7DF48493) addi s1, s1, 0x7df
x9 <- 0x0000400000FBFFDF

mem[X,0x00000000800006B8] -> 0x9493
mem[X,0x00000000800006BA] -> 0x00A4
[435] [M]: 0x00000000800006B8 (0x00A49493) slli s1, s1, 0xa
x9 <- 0x01000003EFFF7C00

mem[X,0x00000000800006BC] -> 0x8493
mem[X,0x00000000800006BE] -> 0x3FF4
[436] [M]: 0x00000000800006BC (0x3FF48493) addi s1, s1, 0x3ff
x9 <- 0x01000003EFFF7FFF

mem[X,0x00000000800006C0] -> 0x763B
mem[X,0x00000000800006C2] -> 0xA493
[437] [M]: 0x00000000800006C0 (0xA493763B) pmulhsu.h.be a2, t1, s1
x12 <- 0x0000FFFFFFFC001F

mem[X,0x00000000800006C4] -> 0xB423
mem[X,0x00000000800006C6] -> 0x00C3
[438] [M]: 0x00000000800006C4 (0x00C3B423) sd a2, 0x8(t2)
mem[0x00000000800041A0] <- 0x0000FFFFFFFC001F

mem[X,0x00000000800006C8] -> 0x0D37
mem[X,0x00000000800006CA] -> 0x8000
[439] [M]: 0x00000000800006C8 (0x80000D37) lui s10, -0x80000
x26 <- 0xFFFFFFFF80000000

mem[X,0x00000000800006CC] -> 0x0D13
mem[X,0x00000000800006CE] -> 0x100D
[440] [M]: 0x00000000800006CC (0x100D0D13) addi s10, s10, 0x100
x26 <- 0xFFFFFFFF80000100

mem[X,0x00000000800006D0] -> 0x1D13
mem[X,0x00000000800006D2] -> 0x00BD
[441] [M]: 0x00000000800006D0 (0x00BD1D13) slli s10, s10, 0xb
x26 <- 0xFFFFFC0000080000

mem[X,0x00000000800006D4] -> 0x0D13
mem[X,0x00000000800006D6] -> 0x7FFD
[442] [M]: 0x00000000800006D4 (0x7FFD0D13) addi s10, s10, 0x7ff
x26 <- 0xFFFFFC00000807FF

mem[X,0x00000000800006D8] -> 0x1D13
mem[X,0x00000000800006DA] -> 0x00BD
[443] [M]: 0x00000000800006D8 (0x00BD1D13) slli s10, s10, 0xb
x26 <- 0xFFE00000403FF800

mem[X,0x00000000800006DC] -> 0x0D13
mem[X,0x00000000800006DE] -> 0x650D
[444] [M]: 0x00000000800006DC (0x650D0D13) addi s10, s10, 0x650
x26 <- 0xFFE00000403FFE50

mem[X,0x00000000800006E0] -> 0x1D13
mem[X,0x00000000800006E2] -> 0x00AD
[445] [M]: 0x00000000800006E0 (0x00AD1D13) slli s10, s10, 0xa
x26 <- 0x80000100FFF94000

mem[X,0x00000000800006E4] -> 0x0B37
mem[X,0x00000000800006E6] -> 0xBFFF
[446] [M]: 0x00000000800006E4 (0xBFFF0B37) lui s6, -0x40010
x22 <- 0xFFFFFFFFBFFF0000

mem[X,0x00000000800006E8] -> 0x0B13
mem[X,0x00000000800006EA] -> 0x007B
[447] [M]: 0x00000000800006E8 (0x007B0B13) addi s6, s6, 0x7
x22 <- 0xFFFFFFFFBFFF0007

mem[X,0x00000000800006EC] -> 0x1B13
mem[X,0x00000000800006EE] -> 0x00BB
[448] [M]: 0x00000000800006EC (0x00BB1B13) slli s6, s6, 0xb
x22 <- 0xFFFFFDFFF8003800

mem[X,0x00000000800006F0] -> 0x0B13
mem[X,0x00000000800006F2] -> 0x000B
[449] [M]: 0x00000000800006F0 (0x000B0B13) addi s6, s6, 0x0
x22 <- 0xFFFFFDFFF8003800

mem[X,0x00000000800006F4] -> 0x1B13
mem[X,0x00000000800006F6] -> 0x00BB
[450] [M]: 0x00000000800006F4 (0x00BB1B13) slli s6, s6, 0xb
x22 <- 0xFFEFFFC001C00000

mem[X,0x00000000800006F8] -> 0x0B13
mem[X,0x00000000800006FA] -> 0x0C0B
[451] [M]: 0x00000000800006F8 (0x0C0B0B13) addi s6, s6, 0xc0
x22 <- 0xFFEFFFC001C000C0

mem[X,0x00000000800006FC] -> 0x1B13
mem[X,0x00000000800006FE] -> 0x00AB
[452] [M]: 0x00000000800006FC (0x00AB1B13) slli s6, s6, 0xa
x22 <- 0xBFFF000700030000

mem[X,0x0000000080000700] -> 0x0B13
mem[X,0x0000000080000702] -> 0x006B
[453] [M]: 0x0000000080000700 (0x006B0B13) addi s6, s6, 0x6
x22 <- 0xBFFF000700030006

mem[X,0x0000000080000704] -> 0x7DBB
mem[X,0x0000000080000706] -> 0xA56D
[454] [M]: 0x0000000080000704 (0xA56D7DBB) pmulhsu.h.be s11, s10, s6
x27 <- 0xFF800000FFFF0001

mem[X,0x0000000080000708] -> 0xB823
mem[X,0x000000008000070A] -> 0x01B3
[455] [M]: 0x0000000080000708 (0x01B3B823) sd s11, 0x10(t2)
mem[0x00000000800041A8] <- 0xFF800000FFFF0001

mem[X,0x000000008000070C] -> 0x5137
mem[X,0x000000008000070E] -> 0x0009
[456] [M]: 0x000000008000070C (0x00095137) lui sp, 0x95
x2 <- 0x0000000000095000

mem[X,0x0000000080000710] -> 0x0113
mem[X,0x0000000080000712] -> 0x5551
[457] [M]: 0x0000000080000710 (0x55510113) addi sp, sp, 0x555
x2 <- 0x0000000000095555

mem[X,0x0000000080000714] -> 0x1113
mem[X,0x0000000080000716] -> 0x00B1
[458] [M]: 0x0000000080000714 (0x00B11113) slli sp, sp, 0xb
x2 <- 0x000000004AAAA800

mem[X,0x0000000080000718] -> 0x0113
mem[X,0x000000008000071A] -> 0x1FF1
[459] [M]: 0x0000000080000718 (0x1FF10113) addi sp, sp, 0x1ff
x2 <- 0x000000004AAAA9FF

mem[X,0x000000008000071C] -> 0x1113
mem[X,0x000000008000071E] -> 0x00B1
[460] [M]: 0x000000008000071C (0x00B11113) slli sp, sp, 0xb
x2 <- 0x00000255554FF800

mem[X,0x0000000080000720] -> 0x0113
mem[X,0x0000000080000722] -> 0x7FF1
[461] [M]: 0x0000000080000720 (0x7FF10113) addi sp, sp, 0x7ff
x2 <- 0x00000255554FFFFF

mem[X,0x0000000080000724] -> 0x1113
mem[X,0x0000000080000726] -> 0x00A1
[462] [M]: 0x0000000080000724 (0x00A11113) slli sp, sp, 0xa
x2 <- 0x000955553FFFFC00

mem[X,0x0000000080000728] -> 0x0113
mem[X,0x000000008000072A] -> 0x3FE1
[463] [M]: 0x0000000080000728 (0x3FE10113) addi sp, sp, 0x3fe
x2 <- 0x000955553FFFFFFE

mem[X,0x000000008000072C] -> 0xB2B7
mem[X,0x000000008000072E] -> 0x1000
[464] [M]: 0x000000008000072C (0x1000B2B7) lui t0, 0x1000b
x5 <- 0x000000001000B000

mem[X,0x0000000080000730] -> 0x8293
mem[X,0x0000000080000732] -> 0xAAA2
[465] [M]: 0x0000000080000730 (0xAAA28293) addi t0, t0, -0x556
x5 <- 0x000000001000AAAA

mem[X,0x0000000080000734] -> 0x9293
mem[X,0x0000000080000736] -> 0x00B2
[466] [M]: 0x0000000080000734 (0x00B29293) slli t0, t0, 0xb
x5 <- 0x0000008005555000

mem[X,0x0000000080000738] -> 0x8293
mem[X,0x000000008000073A] -> 0x7FF2
[467] [M]: 0x0000000080000738 (0x7FF28293) addi t0, t0, 0x7ff
x5 <- 0x00000080055557FF

mem[X,0x000000008000073C] -> 0x9293
mem[X,0x000000008000073E] -> 0x00B2
[468] [M]: 0x000000008000073C (0x00B29293) slli t0, t0, 0xb
x5 <- 0x0004002AAABFF800

mem[X,0x0000000080000740] -> 0x8293
mem[X,0x0000000080000742] -> 0x5FD2
[469] [M]: 0x0000000080000740 (0x5FD28293) addi t0, t0, 0x5fd
x5 <- 0x0004002AAABFFDFD

mem[X,0x0000000080000744] -> 0x9293
mem[X,0x0000000080000746] -> 0x00A2
[470] [M]: 0x0000000080000744 (0x00A29293) slli t0, t0, 0xa
x5 <- 0x1000AAAAFFF7F400

mem[X,0x0000000080000748] -> 0x8293
mem[X,0x000000008000074A] -> 0x3FF2
[471] [M]: 0x0000000080000748 (0x3FF28293) addi t0, t0, 0x3ff
x5 <- 0x1000AAAAFFF7F7FF

mem[X,0x000000008000074C] -> 0x7ABB
mem[X,0x000000008000074E] -> 0xA451
[472] [M]: 0x000000008000074C (0xA4517ABB) pmulhsu.h.be s5, sp, t0
x21 <- 0x00000038003DFFFF

mem[X,0x0000000080000750] -> 0xBC23
mem[X,0x0000000080000752] -> 0x0153
[473] [M]: 0x0000000080000750 (0x0153BC23) sd s5, 0x18(t2)
mem[0x00000000800041B0] <- 0x00000038003DFFFF

mem[X,0x0000000080000754] -> 0x09B7
mem[X,0x0000000080000756] -> 0x0400
[474] [M]: 0x0000000080000754 (0x040009B7) lui s3, 0x4000
x19 <- 0x0000000004000000

mem[X,0x0000000080000758] -> 0x8993
mem[X,0x000000008000075A] -> 0x4009
[475] [M]: 0x0000000080000758 (0x40098993) addi s3, s3, 0x400
x19 <- 0x0000000004000400

mem[X,0x000000008000075C] -> 0x9993
mem[X,0x000000008000075E] -> 0x00B9
[476] [M]: 0x000000008000075C (0x00B99993) slli s3, s3, 0xb
x19 <- 0x0000002000200000

mem[X,0x0000000080000760] -> 0x8993
mem[X,0x0000000080000762] -> 0x0009
[477] [M]: 0x0000000080000760 (0x00098993) addi s3, s3, 0x0
x19 <- 0x0000002000200000

mem[X,0x0000000080000764] -> 0x9993
mem[X,0x0000000080000766] -> 0x00B9
[478] [M]: 0x0000000080000764 (0x00B99993) slli s3, s3, 0xb
x19 <- 0x0001000100000000

mem[X,0x0000000080000768] -> 0x8993
mem[X,0x000000008000076A] -> 0x13F9
[479] [M]: 0x0000000080000768 (0x13F98993) addi s3, s3, 0x13f
x19 <- 0x000100010000013F

mem[X,0x000000008000076C] -> 0x9993
mem[X,0x000000008000076E] -> 0x00A9
[480] [M]: 0x000000008000076C (0x00A99993) slli s3, s3, 0xa
x19 <- 0x040004000004FC00

mem[X,0x0000000080000770] -> 0x8993
mem[X,0x0000000080000772] -> 0x3FD9
[481] [M]: 0x0000000080000770 (0x3FD98993) addi s3, s3, 0x3fd
x19 <- 0x040004000004FFFD

mem[X,0x0000000080000774] -> 0xF237
mem[X,0x0000000080000776] -> 0xFFFA
[482] [M]: 0x0000000080000774 (0xFFFAF237) lui tp, -0x51
x4 <- 0xFFFFFFFFFFFAF000

mem[X,0x0000000080000778] -> 0x0213
mem[X,0x000000008000077A] -> 0xFFF2
[483] [M]: 0x0000000080000778 (0xFFF20213) addi tp, tp, -0x1
x4 <- 0xFFFFFFFFFFFAEFFF

mem[X,0x000000008000077C] -> 0x1213
mem[X,0x000000008000077E] -> 0x00B2
[484] [M]: 0x000000008000077C (0x00B21213) slli tp, tp, 0xb
x4 <- 0xFFFFFFFFD77FF800

mem[X,0x0000000080000780] -> 0x0213
mem[X,0x0000000080000782] -> 0x77F2
[485] [M]: 0x0000000080000780 (0x77F20213) addi tp, tp, 0x77f
x4 <- 0xFFFFFFFFD77FFF7F

mem[X,0x0000000080000784] -> 0x1213
mem[X,0x0000000080000786] -> 0x00B2
[486] [M]: 0x0000000080000784 (0x00B21213) slli tp, tp, 0xb
x4 <- 0xFFFFFEBBFFFBF800

mem[X,0x0000000080000788] -> 0x0213
mem[X,0x000000008000078A] -> 0x7C02
[487] [M]: 0x0000000080000788 (0x7C020213) addi tp, tp, 0x7c0
x4 <- 0xFFFFFEBBFFFBFFC0

mem[X,0x000000008000078C] -> 0x1213
mem[X,0x000000008000078E] -> 0x00A2
[488] [M]: 0x000000008000078C (0x00A21213) slli tp, tp, 0xa
x4 <- 0xFFFAEFFFEFFF0000

mem[X,0x0000000080000790] -> 0x0213
mem[X,0x0000000080000792] -> 0x0062
[489] [M]: 0x0000000080000790 (0x00620213) addi tp, tp, 0x6
x4 <- 0xFFFAEFFFEFFF0006

mem[X,0x0000000080000794] -> 0xF33B
mem[X,0x0000000080000796] -> 0xA449
[490] [M]: 0x0000000080000794 (0xA449F33B) pmulhsu.h.be t1, s3, tp
x6 <- 0x000300030000FFFF

mem[X,0x0000000080000798] -> 0xB023
mem[X,0x000000008000079A] -> 0x0263
[491] [M]: 0x0000000080000798 (0x0263B023) sd t1, 0x20(t2)
mem[0x00000000800041B8] <- 0x000300030000FFFF

mem[X,0x000000008000079C] -> 0x0A37
mem[X,0x000000008000079E] -> 0x0007
[492] [M]: 0x000000008000079C (0x00070A37) lui s4, 0x70
x20 <- 0x0000000000070000

mem[X,0x00000000800007A0] -> 0x0A13
mem[X,0x00000000800007A2] -> 0xFF9A
[493] [M]: 0x00000000800007A0 (0xFF9A0A13) addi s4, s4, -0x7
x20 <- 0x000000000006FFF9

mem[X,0x00000000800007A4] -> 0x1A13
mem[X,0x00000000800007A6] -> 0x00BA
[494] [M]: 0x00000000800007A4 (0x00BA1A13) slli s4, s4, 0xb
x20 <- 0x0000000037FFC800

mem[X,0x00000000800007A8] -> 0x0A13
mem[X,0x00000000800007AA] -> 0x200A
[495] [M]: 0x00000000800007A8 (0x200A0A13) addi s4, s4, 0x200
x20 <- 0x0000000037FFCA00

mem[X,0x00000000800007AC] -> 0x1A13
mem[X,0x00000000800007AE] -> 0x00BA
[496] [M]: 0x00000000800007AC (0x00BA1A13) slli s4, s4, 0xb
x20 <- 0x000001BFFE500000

mem[X,0x00000000800007B0] -> 0x0A13
mem[X,0x00000000800007B2] -> 0x03FA
[497] [M]: 0x00000000800007B0 (0x03FA0A13) addi s4, s4, 0x3f
x20 <- 0x000001BFFE50003F

mem[X,0x00000000800007B4] -> 0x1A13
mem[X,0x00000000800007B6] -> 0x00AA
[498] [M]: 0x00000000800007B4 (0x00AA1A13) slli s4, s4, 0xa
x20 <- 0x0006FFF94000FC00

mem[X,0x00000000800007B8] -> 0x0A13
mem[X,0x00000000800007BA] -> 0x3FBA
[499] [M]: 0x00000000800007B8 (0x3FBA0A13) addi s4, s4, 0x3fb
x20 <- 0x0006FFF94000FFFB

clint::tick mtime <- 0x0000000000000005
 clint timer pending at mtime 0x0000000000000005
htif::tick 0x0000000000000000
mem[X,0x00000000800007BC] -> 0x0C37
mem[X,0x00000000800007BE] -> 0x0081
[500] [M]: 0x00000000800007BC (0x00810C37) lui s8, 0x810
x24 <- 0x0000000000810000

mem[X,0x00000000800007C0] -> 0x0C13
mem[X,0x00000000800007C2] -> 0xFFAC
[501] [M]: 0x00000000800007C0 (0xFFAC0C13) addi s8, s8, -0x6
x24 <- 0x000000000080FFFA

mem[X,0x00000000800007C4] -> 0x1C13
mem[X,0x00000000800007C6] -> 0x00BC
[502] [M]: 0x00000000800007C4 (0x00BC1C13) slli s8, s8, 0xb
x24 <- 0x0000000407FFD000

mem[X,0x00000000800007C8] -> 0x0C13
mem[X,0x00000000800007CA] -> 0x6FFC
[503] [M]: 0x00000000800007C8 (0x6FFC0C13) addi s8, s8, 0x6ff
x24 <- 0x0000000407FFD6FF

mem[X,0x00000000800007CC] -> 0x1C13
mem[X,0x00000000800007CE] -> 0x00BC
[504] [M]: 0x00000000800007CC (0x00BC1C13) slli s8, s8, 0xb
x24 <- 0x0000203FFEB7F800

mem[X,0x00000000800007D0] -> 0x0C13
mem[X,0x00000000800007D2] -> 0x7F7C
[505] [M]: 0x00000000800007D0 (0x7F7C0C13) addi s8, s8, 0x7f7
x24 <- 0x0000203FFEB7FFF7

mem[X,0x00000000800007D4] -> 0x1C13
mem[X,0x00000000800007D6] -> 0x00AC
[506] [M]: 0x00000000800007D4 (0x00AC1C13) slli s8, s8, 0xa
x24 <- 0x0080FFFADFFFDC00

mem[X,0x00000000800007D8] -> 0x0C13
mem[X,0x00000000800007DA] -> 0x3FFC
[507] [M]: 0x00000000800007D8 (0x3FFC0C13) addi s8, s8, 0x3ff
x24 <- 0x0080FFFADFFFDFFF

mem[X,0x00000000800007DC] -> 0x773B
mem[X,0x00000000800007DE] -> 0xA58A
[508] [M]: 0x00000000800007DC (0xA58A773B) pmulhsu.h.be a4, s4, s8
x14 <- 0x0000FFFF003FFFFF

mem[X,0x00000000800007E0] -> 0xB423
mem[X,0x00000000800007E2] -> 0x02E3
[509] [M]: 0x00000000800007E0 (0x02E3B423) sd a4, 0x28(t2)
mem[0x00000000800041C0] <- 0x0000FFFF003FFFFF

mem[X,0x00000000800007E4] -> 0x0837
mem[X,0x00000000800007E6] -> 0xFFF8
[510] [M]: 0x00000000800007E4 (0xFFF80837) lui a6, -0x80
x16 <- 0xFFFFFFFFFFF80000

mem[X,0x00000000800007E8] -> 0x0813
mem[X,0x00000000800007EA] -> 0x0088
[511] [M]: 0x00000000800007E8 (0x00880813) addi a6, a6, 0x8
x16 <- 0xFFFFFFFFFFF80008

mem[X,0x00000000800007EC] -> 0x1813
mem[X,0x00000000800007EE] -> 0x00B8
[512] [M]: 0x00000000800007EC (0x00B81813) slli a6, a6, 0xb
x16 <- 0xFFFFFFFFC0004000

mem[X,0x00000000800007F0] -> 0x0813
mem[X,0x00000000800007F2] -> 0x7FF8
[513] [M]: 0x00000000800007F0 (0x7FF80813) addi a6, a6, 0x7ff
x16 <- 0xFFFFFFFFC00047FF

mem[X,0x00000000800007F4] -> 0x1813
mem[X,0x00000000800007F6] -> 0x00B8
[514] [M]: 0x00000000800007F4 (0x00B81813) slli a6, a6, 0xb
x16 <- 0xFFFFFE00023FF800

mem[X,0x00000000800007F8] -> 0x0813
mem[X,0x00000000800007FA] -> 0x67F8
[515] [M]: 0x00000000800007F8 (0x67F80813) addi a6, a6, 0x67f
x16 <- 0xFFFFFE00023FFE7F

mem[X,0x00000000800007FC] -> 0x1813
mem[X,0x00000000800007FE] -> 0x00A8
[516] [M]: 0x00000000800007FC (0x00A81813) slli a6, a6, 0xa
x16 <- 0xFFF80008FFF9FC00

mem[X,0x0000000080000800] -> 0x0813
mem[X,0x0000000080000802] -> 0x3F78
[517] [M]: 0x0000000080000800 (0x3F780813) addi a6, a6, 0x3f7
x16 <- 0xFFF80008FFF9FFF7

mem[X,0x0000000080000804] -> 0xF8B7
mem[X,0x0000000080000806] -> 0xEFFF
[518] [M]: 0x0000000080000804 (0xEFFFF8B7) lui a7, -0x10001
x17 <- 0xFFFFFFFFEFFFF000

mem[X,0x0000000080000808] -> 0x8893
mem[X,0x000000008000080A] -> 0x7FF8
[519] [M]: 0x0000000080000808 (0x7FF88893) addi a7, a7, 0x7ff
x17 <- 0xFFFFFFFFEFFFF7FF

mem[X,0x000000008000080C] -> 0x9893
mem[X,0x000000008000080E] -> 0x00B8
[520] [M]: 0x000000008000080C (0x00B89893) slli a7, a7, 0xb
x17 <- 0xFFFFFF7FFFBFF800

mem[X,0x0000000080000810] -> 0x8893
mem[X,0x0000000080000812] -> 0x7FF8
[521] [M]: 0x0000000080000810 (0x7FF88893) addi a7, a7, 0x7ff
x17 <- 0xFFFFFF7FFFBFFFFF

mem[X,0x0000000080000814] -> 0x9893
mem[X,0x0000000080000816] -> 0x00B8
[522] [M]: 0x0000000080000814 (0x00B89893) slli a7, a7, 0xb
x17 <- 0xFFFBFFFDFFFFF800

mem[X,0x0000000080000818] -> 0x8893
mem[X,0x000000008000081A] -> 0x7C08
[523] [M]: 0x0000000080000818 (0x7C088893) addi a7, a7, 0x7c0
x17 <- 0xFFFBFFFDFFFFFFC0

mem[X,0x000000008000081C] -> 0x9893
mem[X,0x000000008000081E] -> 0x00A8
[524] [M]: 0x000000008000081C (0x00A89893) slli a7, a7, 0xa
x17 <- 0xEFFFF7FFFFFF0000

mem[X,0x0000000080000820] -> 0x8893
mem[X,0x0000000080000822] -> 0x0088
[525] [M]: 0x0000000080000820 (0x00888893) addi a7, a7, 0x8
x17 <- 0xEFFFF7FFFFFF0008

mem[X,0x0000000080000824] -> 0x77BB
mem[X,0x0000000080000826] -> 0xA518
[526] [M]: 0x0000000080000824 (0xA51877BB) pmulhsu.h.be a5, a6, a7
x15 <- 0xFFFF0000FFFFFFFF

mem[X,0x0000000080000828] -> 0xB823
mem[X,0x000000008000082A] -> 0x02F3
[527] [M]: 0x0000000080000828 (0x02F3B823) sd a5, 0x30(t2)
mem[0x00000000800041C8] <- 0xFFFF0000FFFFFFFF

mem[X,0x000000008000082C] -> 0x0237
mem[X,0x000000008000082E] -> 0xFF00
[528] [M]: 0x000000008000082C (0xFF000237) lui tp, -0x1000
x4 <- 0xFFFFFFFFFF000000

mem[X,0x0000000080000830] -> 0x0213
mem[X,0x0000000080000832] -> 0xFF82
[529] [M]: 0x0000000080000830 (0xFF820213) addi tp, tp, -0x8
x4 <- 0xFFFFFFFFFEFFFFF8

mem[X,0x0000000080000834] -> 0x1213
mem[X,0x0000000080000836] -> 0x00B2
[530] [M]: 0x0000000080000834 (0x00B21213) slli tp, tp, 0xb
x4 <- 0xFFFFFFF7FFFFC000

mem[X,0x0000000080000838] -> 0x0213
mem[X,0x000000008000083A] -> 0x7FF2
[531] [M]: 0x0000000080000838 (0x7FF20213) addi tp, tp, 0x7ff
x4 <- 0xFFFFFFF7FFFFC7FF

mem[X,0x000000008000083C] -> 0x1213
mem[X,0x000000008000083E] -> 0x00B2
[532] [M]: 0x000000008000083C (0x00B21213) slli tp, tp, 0xb
x4 <- 0xFFFFBFFFFE3FF800

mem[X,0x0000000080000840] -> 0x0213
mem[X,0x0000000080000842] -> 0x6BF2
[533] [M]: 0x0000000080000840 (0x6BF20213) addi tp, tp, 0x6bf
x4 <- 0xFFFFBFFFFE3FFEBF

mem[X,0x0000000080000844] -> 0x1213
mem[X,0x0000000080000846] -> 0x00A2
[534] [M]: 0x0000000080000844 (0x00A21213) slli tp, tp, 0xa
x4 <- 0xFEFFFFF8FFFAFC00

mem[X,0x0000000080000848] -> 0x0213
mem[X,0x000000008000084A] -> 0x3EF2
[535] [M]: 0x0000000080000848 (0x3EF20213) addi tp, tp, 0x3ef
x4 <- 0xFEFFFFF8FFFAFFEF

mem[X,0x000000008000084C] -> 0x1937
mem[X,0x000000008000084E] -> 0xFFFC
[536] [M]: 0x000000008000084C (0xFFFC1937) lui s2, -0x3f
x18 <- 0xFFFFFFFFFFFC1000

mem[X,0x0000000080000850] -> 0x0913
mem[X,0x0000000080000852] -> 0x8009
[537] [M]: 0x0000000080000850 (0x80090913) addi s2, s2, -0x800
x18 <- 0xFFFFFFFFFFFC0800

mem[X,0x0000000080000854] -> 0x1913
mem[X,0x0000000080000856] -> 0x00B9
[538] [M]: 0x0000000080000854 (0x00B91913) slli s2, s2, 0xb
x18 <- 0xFFFFFFFFE0400000

mem[X,0x0000000080000858] -> 0x0913
mem[X,0x000000008000085A] -> 0x0029
[539] [M]: 0x0000000080000858 (0x00290913) addi s2, s2, 0x2
x18 <- 0xFFFFFFFFE0400002

mem[X,0x000000008000085C] -> 0x1913
mem[X,0x000000008000085E] -> 0x00B9
[540] [M]: 0x000000008000085C (0x00B91913) slli s2, s2, 0xb
x18 <- 0xFFFFFF0200001000

mem[X,0x0000000080000860] -> 0x0913
mem[X,0x0000000080000862] -> 0x0009
[541] [M]: 0x0000000080000860 (0x00090913) addi s2, s2, 0x0
x18 <- 0xFFFFFF0200001000

mem[X,0x0000000080000864] -> 0x1913
mem[X,0x0000000080000866] -> 0x00A9
[542] [M]: 0x0000000080000864 (0x00A91913) slli s2, s2, 0xa
x18 <- 0xFFFC080000400000

mem[X,0x0000000080000868] -> 0x0913
mem[X,0x000000008000086A] -> 0x0079
[543] [M]: 0x0000000080000868 (0x00790913) addi s2, s2, 0x7
x18 <- 0xFFFC080000400007

mem[X,0x000000008000086C] -> 0x7BBB
mem[X,0x000000008000086E] -> 0xA522
[544] [M]: 0x000000008000086C (0xA5227BBB) pmulhsu.h.be s7, tp, s2
x23 <- 0xFFFF0000FFFFFFFF

mem[X,0x0000000080000870] -> 0xBC23
mem[X,0x0000000080000872] -> 0x0373
[545] [M]: 0x0000000080000870 (0x0373BC23) sd s7, 0x38(t2)
mem[0x00000000800041D0] <- 0xFFFF0000FFFFFFFF

mem[X,0x0000000080000874] -> 0x0E37
mem[X,0x0000000080000876] -> 0xC001
[546] [M]: 0x0000000080000874 (0xC0010E37) lui t3, -0x3fff0
x28 <- 0xFFFFFFFFC0010000

mem[X,0x0000000080000878] -> 0x0E13
mem[X,0x000000008000087A] -> 0xFF6E
[547] [M]: 0x0000000080000878 (0xFF6E0E13) addi t3, t3, -0xa
x28 <- 0xFFFFFFFFC000FFF6

mem[X,0x000000008000087C] -> 0x1E13
mem[X,0x000000008000087E] -> 0x00BE
[548] [M]: 0x000000008000087C (0x00BE1E13) slli t3, t3, 0xb
x28 <- 0xFFFFFE0007FFB000

mem[X,0x0000000080000880] -> 0x0E13
mem[X,0x0000000080000882] -> 0x7FFE
[549] [M]: 0x0000000080000880 (0x7FFE0E13) addi t3, t3, 0x7ff
x28 <- 0xFFFFFE0007FFB7FF

mem[X,0x0000000080000884] -> 0x1E13
mem[X,0x0000000080000886] -> 0x00BE
[550] [M]: 0x0000000080000884 (0x00BE1E13) slli t3, t3, 0xb
x28 <- 0xFFF0003FFDBFF800

mem[X,0x0000000080000888] -> 0x0E13
mem[X,0x000000008000088A] -> 0x73FE
[551] [M]: 0x0000000080000888 (0x73FE0E13) addi t3, t3, 0x73f
x28 <- 0xFFF0003FFDBFFF3F

mem[X,0x000000008000088C] -> 0x1E13
mem[X,0x000000008000088E] -> 0x00AE
[552] [M]: 0x000000008000088C (0x00AE1E13) slli t3, t3, 0xa
x28 <- 0xC000FFF6FFFCFC00

mem[X,0x0000000080000890] -> 0x0E13
mem[X,0x0000000080000892] -> 0x3DFE
[553] [M]: 0x0000000080000890 (0x3DFE0E13) addi t3, t3, 0x3df
x28 <- 0xC000FFF6FFFCFFDF

mem[X,0x0000000080000894] -> 0x06B7
mem[X,0x0000000080000896] -> 0x5555
[554] [M]: 0x0000000080000894 (0x555506B7) lui a3, 0x55550
x13 <- 0x0000000055550000

mem[X,0x0000000080000898] -> 0x8693
mem[X,0x000000008000089A] -> 0x0076
[555] [M]: 0x0000000080000898 (0x00768693) addi a3, a3, 0x7
x13 <- 0x0000000055550007

mem[X,0x000000008000089C] -> 0x9693
mem[X,0x000000008000089E] -> 0x00B6
[556] [M]: 0x000000008000089C (0x00B69693) slli a3, a3, 0xb
x13 <- 0x000002AAA8003800

mem[X,0x00000000800008A0] -> 0x8693
mem[X,0x00000000800008A2] -> 0x7FF6
[557] [M]: 0x00000000800008A0 (0x7FF68693) addi a3, a3, 0x7ff
x13 <- 0x000002AAA8003FFF

mem[X,0x00000000800008A4] -> 0x9693
mem[X,0x00000000800008A6] -> 0x00B6
[558] [M]: 0x00000000800008A4 (0x00B69693) slli a3, a3, 0xb
x13 <- 0x0015554001FFF800

mem[X,0x00000000800008A8] -> 0x8693
mem[X,0x00000000800008AA] -> 0x7016
[559] [M]: 0x00000000800008A8 (0x70168693) addi a3, a3, 0x701
x13 <- 0x0015554001FFFF01

mem[X,0x00000000800008AC] -> 0x9693
mem[X,0x00000000800008AE] -> 0x00A6
[560] [M]: 0x00000000800008AC (0x00A69693) slli a3, a3, 0xa
x13 <- 0x55550007FFFC0400

mem[X,0x00000000800008B0] -> 0x7C3B
mem[X,0x00000000800008B2] -> 0xA4DE
[561] [M]: 0x00000000800008B0 (0xA4DE7C3B) pmulhsu.h.be s8, t3, a3
x24 <- 0xFFEAFFFFFFFF0000

mem[X,0x00000000800008B4] -> 0xB023
mem[X,0x00000000800008B6] -> 0x0583
[562] [M]: 0x00000000800008B4 (0x0583B023) sd s8, 0x40(t2)
mem[0x00000000800041D8] <- 0xFFEAFFFFFFFF0000

mem[X,0x00000000800008B8] -> 0x0C37
mem[X,0x00000000800008BA] -> 0xFFE0
[563] [M]: 0x00000000800008B8 (0xFFE00C37) lui s8, -0x200
x24 <- 0xFFFFFFFFFFE00000

mem[X,0x00000000800008BC] -> 0x0C13
mem[X,0x00000000800008BE] -> 0xFEFC
[564] [M]: 0x00000000800008BC (0xFEFC0C13) addi s8, s8, -0x11
x24 <- 0xFFFFFFFFFFDFFFEF

mem[X,0x00000000800008C0] -> 0x1C13
mem[X,0x00000000800008C2] -> 0x00BC
[565] [M]: 0x00000000800008C0 (0x00BC1C13) slli s8, s8, 0xb
x24 <- 0xFFFFFFFEFFFF7800

mem[X,0x00000000800008C4] -> 0x0C13
mem[X,0x00000000800008C6] -> 0x004C
[566] [M]: 0x00000000800008C4 (0x004C0C13) addi s8, s8, 0x4
x24 <- 0xFFFFFFFEFFFF7804

mem[X,0x00000000800008C8] -> 0x1C13
mem[X,0x00000000800008CA] -> 0x00BC
[567] [M]: 0x00000000800008C8 (0x00BC1C13) slli s8, s8, 0xb
x24 <- 0xFFFFF7FFFBC02000

mem[X,0x00000000800008CC] -> 0x0C13
mem[X,0x00000000800008CE] -> 0x03FC
[568] [M]: 0x00000000800008CC (0x03FC0C13) addi s8, s8, 0x3f
x24 <- 0xFFFFF7FFFBC0203F

mem[X,0x00000000800008D0] -> 0x1C13
mem[X,0x00000000800008D2] -> 0x00AC
[569] [M]: 0x00000000800008D0 (0x00AC1C13) slli s8, s8, 0xa
x24 <- 0xFFDFFFEF0080FC00

mem[X,0x00000000800008D4] -> 0x0C13
mem[X,0x00000000800008D6] -> 0x3BFC
[570] [M]: 0x00000000800008D4 (0x3BFC0C13) addi s8, s8, 0x3bf
x24 <- 0xFFDFFFEF0080FFBF

mem[X,0x00000000800008D8] -> 0x0437
mem[X,0x00000000800008DA] -> 0x0011
[571] [M]: 0x00000000800008D8 (0x00110437) lui fp, 0x110
x8 <- 0x0000000000110000

mem[X,0x00000000800008DC] -> 0x0413
mem[X,0x00000000800008DE] -> 0xFF84
[572] [M]: 0x00000000800008DC (0xFF840413) addi fp, fp, -0x8
x8 <- 0x000000000010FFF8

mem[X,0x00000000800008E0] -> 0x1413
mem[X,0x00000000800008E2] -> 0x00B4
[573] [M]: 0x00000000800008E0 (0x00B41413) slli fp, fp, 0xb
x8 <- 0x0000000087FFC000

mem[X,0x00000000800008E4] -> 0x0413
mem[X,0x00000000800008E6] -> 0x5554
[574] [M]: 0x00000000800008E4 (0x55540413) addi fp, fp, 0x555
x8 <- 0x0000000087FFC555

mem[X,0x00000000800008E8] -> 0x1413
mem[X,0x00000000800008EA] -> 0x00B4
[575] [M]: 0x00000000800008E8 (0x00B41413) slli fp, fp, 0xb
x8 <- 0x0000043FFE2AA800

mem[X,0x00000000800008EC] -> 0x0413
mem[X,0x00000000800008EE] -> 0x28F4
[576] [M]: 0x00000000800008EC (0x28F40413) addi fp, fp, 0x28f
x8 <- 0x0000043FFE2AAA8F

mem[X,0x00000000800008F0] -> 0x1413
mem[X,0x00000000800008F2] -> 0x00A4
[577] [M]: 0x00000000800008F0 (0x00A41413) slli fp, fp, 0xa
x8 <- 0x0010FFF8AAAA3C00

mem[X,0x00000000800008F4] -> 0x0413
mem[X,0x00000000800008F6] -> 0x3FF4
[578] [M]: 0x00000000800008F4 (0x3FF40413) addi fp, fp, 0x3ff
x8 <- 0x0010FFF8AAAA3FFF

mem[X,0x00000000800008F8] -> 0x74BB
mem[X,0x00000000800008FA] -> 0xA48C
[579] [M]: 0x00000000800008F8 (0xA48C74BB) pmulhsu.h.be s1, s8, fp
x9 <- 0xFFFFFFFF0000FFFF

mem[X,0x00000000800008FC] -> 0xB423
mem[X,0x00000000800008FE] -> 0x0493
[580] [M]: 0x00000000800008FC (0x0493B423) sd s1, 0x48(t2)
mem[0x00000000800041E0] <- 0xFFFFFFFF0000FFFF

mem[X,0x0000000080000900] -> 0x4F37
mem[X,0x0000000080000902] -> 0xBFFF
[581] [M]: 0x0000000080000900 (0xBFFF4F37) lui t5, -0x4000c
x30 <- 0xFFFFFFFFBFFF4000

mem[X,0x0000000080000904] -> 0x0F13
mem[X,0x0000000080000906] -> 0x000F
[582] [M]: 0x0000000080000904 (0x000F0F13) addi t5, t5, 0x0
x30 <- 0xFFFFFFFFBFFF4000

mem[X,0x0000000080000908] -> 0x1F13
mem[X,0x000000008000090A] -> 0x00BF
[583] [M]: 0x0000000080000908 (0x00BF1F13) slli t5, t5, 0xb
x30 <- 0xFFFFFDFFFA000000

mem[X,0x000000008000090C] -> 0x0F13
mem[X,0x000000008000090E] -> 0x7FDF
[584] [M]: 0x000000008000090C (0x7FDF0F13) addi t5, t5, 0x7fd
x30 <- 0xFFFFFDFFFA0007FD

mem[X,0x0000000080000910] -> 0x1F13
mem[X,0x0000000080000912] -> 0x00BF
[585] [M]: 0x0000000080000910 (0x00BF1F13) slli t5, t5, 0xb
x30 <- 0xFFEFFFD0003FE800

mem[X,0x0000000080000914] -> 0x0F13
mem[X,0x0000000080000916] -> 0x7FFF
[586] [M]: 0x0000000080000914 (0x7FFF0F13) addi t5, t5, 0x7ff
x30 <- 0xFFEFFFD0003FEFFF

mem[X,0x0000000080000918] -> 0x1F13
mem[X,0x000000008000091A] -> 0x00AF
[587] [M]: 0x0000000080000918 (0x00AF1F13) slli t5, t5, 0xa
x30 <- 0xBFFF4000FFBFFC00

mem[X,0x000000008000091C] -> 0x0F13
mem[X,0x000000008000091E] -> 0x37FF
[588] [M]: 0x000000008000091C (0x37FF0F13) addi t5, t5, 0x37f
x30 <- 0xBFFF4000FFBFFF7F

mem[X,0x0000000080000920] -> 0x0537
mem[X,0x0000000080000922] -> 0xFEFF
[589] [M]: 0x0000000080000920 (0xFEFF0537) lui a0, -0x1010
x10 <- 0xFFFFFFFFFEFF0000

mem[X,0x0000000080000924] -> 0x0513
mem[X,0x0000000080000926] -> 0x0025
[590] [M]: 0x0000000080000924 (0x00250513) addi a0, a0, 0x2
x10 <- 0xFFFFFFFFFEFF0002

mem[X,0x0000000080000928] -> 0x1513
mem[X,0x000000008000092A] -> 0x00B5
[591] [M]: 0x0000000080000928 (0x00B51513) slli a0, a0, 0xb
x10 <- 0xFFFFFFF7F8001000

mem[X,0x000000008000092C] -> 0x0513
mem[X,0x000000008000092E] -> 0x0805
[592] [M]: 0x000000008000092C (0x08050513) addi a0, a0, 0x80
x10 <- 0xFFFFFFF7F8001080

mem[X,0x0000000080000930] -> 0x1513
mem[X,0x0000000080000932] -> 0x00B5
[593] [M]: 0x0000000080000930 (0x00B51513) slli a0, a0, 0xb
x10 <- 0xFFFFBFC000840000

mem[X,0x0000000080000934] -> 0x0513
mem[X,0x0000000080000936] -> 0x0005
[594] [M]: 0x0000000080000934 (0x00050513) addi a0, a0, 0x0
x10 <- 0xFFFFBFC000840000

mem[X,0x0000000080000938] -> 0x1513
mem[X,0x000000008000093A] -> 0x00A5
[595] [M]: 0x0000000080000938 (0x00A51513) slli a0, a0, 0xa
x10 <- 0xFEFF000210000000

mem[X,0x000000008000093C] -> 0x0513
mem[X,0x000000008000093E] -> 0x0095
[596] [M]: 0x000000008000093C (0x00950513) addi a0, a0, 0x9
x10 <- 0xFEFF000210000009

mem[X,0x0000000080000940] -> 0x743B
mem[X,0x0000000080000942] -> 0xA4AF
[597] [M]: 0x0000000080000940 (0xA4AF743B) pmulhsu.h.be fp, t5, a0
x8 <- 0xFFC000000000FFFF

mem[X,0x0000000080000944] -> 0xB823
mem[X,0x0000000080000946] -> 0x0483
[598] [M]: 0x0000000080000944 (0x0483B823) sd fp, 0x50(t2)
mem[0x00000000800041E8] <- 0xFFC000000000FFFF

mem[X,0x0000000080000948] -> 0x02B7
mem[X,0x000000008000094A] -> 0xFF7F
[599] [M]: 0x0000000080000948 (0xFF7F02B7) lui t0, -0x810
x5 <- 0xFFFFFFFFFF7F0000

clint::tick mtime <- 0x0000000000000006
 clint timer pending at mtime 0x0000000000000006
htif::tick 0x0000000000000000
mem[X,0x000000008000094C] -> 0x8293
mem[X,0x000000008000094E] -> 0x0202
[600] [M]: 0x000000008000094C (0x02028293) addi t0, t0, 0x20
x5 <- 0xFFFFFFFFFF7F0020

mem[X,0x0000000080000950] -> 0x9293
mem[X,0x0000000080000952] -> 0x00B2
[601] [M]: 0x0000000080000950 (0x00B29293) slli t0, t0, 0xb
x5 <- 0xFFFFFFFBF8010000

mem[X,0x0000000080000954] -> 0x8293
mem[X,0x0000000080000956] -> 0x0012
[602] [M]: 0x0000000080000954 (0x00128293) addi t0, t0, 0x1
x5 <- 0xFFFFFFFBF8010001

mem[X,0x0000000080000958] -> 0x9293
mem[X,0x000000008000095A] -> 0x00B2
[603] [M]: 0x0000000080000958 (0x00B29293) slli t0, t0, 0xb
x5 <- 0xFFFFDFC008000800

mem[X,0x000000008000095C] -> 0x8293
mem[X,0x000000008000095E] -> 0x03F2
[604] [M]: 0x000000008000095C (0x03F28293) addi t0, t0, 0x3f
x5 <- 0xFFFFDFC00800083F

mem[X,0x0000000080000960] -> 0x9293
mem[X,0x0000000080000962] -> 0x00A2
[605] [M]: 0x0000000080000960 (0x00A29293) slli t0, t0, 0xa
x5 <- 0xFF7F00200020FC00

mem[X,0x0000000080000964] -> 0x8293
mem[X,0x0000000080000966] -> 0x2FF2
[606] [M]: 0x0000000080000964 (0x2FF28293) addi t0, t0, 0x2ff
x5 <- 0xFF7F00200020FEFF

mem[X,0x0000000080000968] -> 0x01B7
mem[X,0x000000008000096A] -> 0xFFF7
[607] [M]: 0x0000000080000968 (0xFFF701B7) lui gp, -0x90
x3 <- 0xFFFFFFFFFFF70000

mem[X,0x000000008000096C] -> 0x8193
mem[X,0x000000008000096E] -> 0x0071
[608] [M]: 0x000000008000096C (0x00718193) addi gp, gp, 0x7
x3 <- 0xFFFFFFFFFFF70007

mem[X,0x0000000080000970] -> 0x9193
mem[X,0x0000000080000972] -> 0x00B1
[609] [M]: 0x0000000080000970 (0x00B19193) slli gp, gp, 0xb
x3 <- 0xFFFFFFFFB8003800

mem[X,0x0000000080000974] -> 0x8193
mem[X,0x0000000080000976] -> 0x0001
[610] [M]: 0x0000000080000974 (0x00018193) addi gp, gp, 0x0
x3 <- 0xFFFFFFFFB8003800

mem[X,0x0000000080000978] -> 0x9193
mem[X,0x000000008000097A] -> 0x00B1
[611] [M]: 0x0000000080000978 (0x00B19193) slli gp, gp, 0xb
x3 <- 0xFFFFFDC001C00000

mem[X,0x000000008000097C] -> 0x8193
mem[X,0x000000008000097E] -> 0x15F1
[612] [M]: 0x000000008000097C (0x15F18193) addi gp, gp, 0x15f
x3 <- 0xFFFFFDC001C0015F

mem[X,0x0000000080000980] -> 0x9193
mem[X,0x0000000080000982] -> 0x00A1
[613] [M]: 0x0000000080000980 (0x00A19193) slli gp, gp, 0xa
x3 <- 0xFFF7000700057C00

mem[X,0x0000000080000984] -> 0x8193
mem[X,0x0000000080000986] -> 0x3FF1
[614] [M]: 0x0000000080000984 (0x3FF18193) addi gp, gp, 0x3ff
x3 <- 0xFFF7000700057FFF

mem[X,0x0000000080000988] -> 0xF0BB
mem[X,0x000000008000098A] -> 0xA432
[615] [M]: 0x0000000080000988 (0xA432F0BB) pmulhsu.h.be ra, t0, gp
x1 <- 0xFFFF00000000FFFF

mem[X,0x000000008000098C] -> 0xBC23
mem[X,0x000000008000098E] -> 0x0413
[616] [M]: 0x000000008000098C (0x0413BC23) sd ra, 0x58(t2)
mem[0x00000000800041F0] <- 0xFFFF00000000FFFF

mem[X,0x0000000080000990] -> 0x0013
mem[X,0x0000000080000992] -> 0x0000
[617] [M]: 0x0000000080000990 (0x00000013) addi zero, zero, 0x0

mem[X,0x0000000080000994] -> 0x0013
mem[X,0x0000000080000996] -> 0x0000
[618] [M]: 0x0000000080000994 (0x00000013) addi zero, zero, 0x0

mem[X,0x0000000080000998] -> 0x0013
mem[X,0x000000008000099A] -> 0x0000
[619] [M]: 0x0000000080000998 (0x00000013) addi zero, zero, 0x0

mem[X,0x000000008000099C] -> 0x0013
mem[X,0x000000008000099E] -> 0x0000
[620] [M]: 0x000000008000099C (0x00000013) addi zero, zero, 0x0

mem[X,0x00000000800009A0] -> 0x4297
mem[X,0x00000000800009A2] -> 0x0000
[621] [M]: 0x00000000800009A0 (0x00004297) auipc t0, 0x4
x5 <- 0x00000000800049A0

mem[X,0x00000000800009A4] -> 0x8293
mem[X,0x00000000800009A6] -> 0x8582
[622] [M]: 0x00000000800009A4 (0x85828293) addi t0, t0, -0x7a8
x5 <- 0x00000000800041F8

mem[X,0x00000000800009A8] -> 0x0013
mem[X,0x00000000800009AA] -> 0x0000
[623] [M]: 0x00000000800009A8 (0x00000013) addi zero, zero, 0x0

mem[X,0x00000000800009AC] -> 0x0013
mem[X,0x00000000800009AE] -> 0x0000
[624] [M]: 0x00000000800009AC (0x00000013) addi zero, zero, 0x0

mem[X,0x00000000800009B0] -> 0x0013
mem[X,0x00000000800009B2] -> 0x0000
[625] [M]: 0x00000000800009B0 (0x00000013) addi zero, zero, 0x0

mem[X,0x00000000800009B4] -> 0x0013
mem[X,0x00000000800009B6] -> 0x0000
[626] [M]: 0x00000000800009B4 (0x00000013) addi zero, zero, 0x0

mem[X,0x00000000800009B8] -> 0x0013
mem[X,0x00000000800009BA] -> 0x0000
[627] [M]: 0x00000000800009B8 (0x00000013) addi zero, zero, 0x0

mem[X,0x00000000800009BC] -> 0x0013
mem[X,0x00000000800009BE] -> 0x0000
[628] [M]: 0x00000000800009BC (0x00000013) addi zero, zero, 0x0

mem[X,0x00000000800009C0] -> 0x4EB7
mem[X,0x00000000800009C2] -> 0xFF7F
[629] [M]: 0x00000000800009C0 (0xFF7F4EB7) lui t4, -0x80c
x29 <- 0xFFFFFFFFFF7F4000

mem[X,0x00000000800009C4] -> 0x8E93
mem[X,0x00000000800009C6] -> 0x000E
[630] [M]: 0x00000000800009C4 (0x000E8E93) addi t4, t4, 0x0
x29 <- 0xFFFFFFFFFF7F4000

mem[X,0x00000000800009C8] -> 0x9E93
mem[X,0x00000000800009CA] -> 0x00BE
[631] [M]: 0x00000000800009C8 (0x00BE9E93) slli t4, t4, 0xb
x29 <- 0xFFFFFFFBFA000000

mem[X,0x00000000800009CC] -> 0x8E93
mem[X,0x00000000800009CE] -> 0x7FFE
[632] [M]: 0x00000000800009CC (0x7FFE8E93) addi t4, t4, 0x7ff
x29 <- 0xFFFFFFFBFA0007FF

mem[X,0x00000000800009D0] -> 0x9E93
mem[X,0x00000000800009D2] -> 0x00BE
[633] [M]: 0x00000000800009D0 (0x00BE9E93) slli t4, t4, 0xb
x29 <- 0xFFFFDFD0003FF800

mem[X,0x00000000800009D4] -> 0x8E93
mem[X,0x00000000800009D6] -> 0x6BFE
[634] [M]: 0x00000000800009D4 (0x6BFE8E93) addi t4, t4, 0x6bf
x29 <- 0xFFFFDFD0003FFEBF

mem[X,0x00000000800009D8] -> 0x9E93
mem[X,0x00000000800009DA] -> 0x00AE
[635] [M]: 0x00000000800009D8 (0x00AE9E93) slli t4, t4, 0xa
x29 <- 0xFF7F4000FFFAFC00

mem[X,0x00000000800009DC] -> 0x8E93
mem[X,0x00000000800009DE] -> 0x1FFE
[636] [M]: 0x00000000800009DC (0x1FFE8E93) addi t4, t4, 0x1ff
x29 <- 0xFF7F4000FFFAFDFF

mem[X,0x00000000800009E0] -> 0xB0B7
mem[X,0x00000000800009E2] -> 0x0800
[637] [M]: 0x00000000800009E0 (0x0800B0B7) lui ra, 0x800b
x1 <- 0x000000000800B000

mem[X,0x00000000800009E4] -> 0x8093
mem[X,0x00000000800009E6] -> 0xAAA0
[638] [M]: 0x00000000800009E4 (0xAAA08093) addi ra, ra, -0x556
x1 <- 0x000000000800AAAA

mem[X,0x00000000800009E8] -> 0x9093
mem[X,0x00000000800009EA] -> 0x00B0
[639] [M]: 0x00000000800009E8 (0x00B09093) slli ra, ra, 0xb
x1 <- 0x0000004005555000

mem[X,0x00000000800009EC] -> 0x8093
mem[X,0x00000000800009EE] -> 0x0800
[640] [M]: 0x00000000800009EC (0x08008093) addi ra, ra, 0x80
x1 <- 0x0000004005555080

mem[X,0x00000000800009F0] -> 0x9093
mem[X,0x00000000800009F2] -> 0x00B0
[641] [M]: 0x00000000800009F0 (0x00B09093) slli ra, ra, 0xb
x1 <- 0x0002002AAA840000

mem[X,0x00000000800009F4] -> 0x8093
mem[X,0x00000000800009F6] -> 0x03D0
[642] [M]: 0x00000000800009F4 (0x03D08093) addi ra, ra, 0x3d
x1 <- 0x0002002AAA84003D

mem[X,0x00000000800009F8] -> 0x9093
mem[X,0x00000000800009FA] -> 0x00A0
[643] [M]: 0x00000000800009F8 (0x00A09093) slli ra, ra, 0xa
x1 <- 0x0800AAAA1000F400

mem[X,0x00000000800009FC] -> 0x8093
mem[X,0x00000000800009FE] -> 0x3FF0
[644] [M]: 0x00000000800009FC (0x3FF08093) addi ra, ra, 0x3ff
x1 <- 0x0800AAAA1000F7FF

mem[X,0x0000000080000A00] -> 0xF1BB
mem[X,0x0000000080000A02] -> 0xA41E
[645] [M]: 0x0000000080000A00 (0xA41EF1BB) pmulhsu.h.be gp, t4, ra
x3 <- 0x0000002A0000FFFE

mem[X,0x0000000080000A04] -> 0xB023
mem[X,0x0000000080000A06] -> 0x0032
[646] [M]: 0x0000000080000A04 (0x0032B023) sd gp, 0x0(t0)
mem[0x00000000800041F8] <- 0x0000002A0000FFFE

mem[X,0x0000000080000A08] -> 0x04B7
mem[X,0x0000000080000A0A] -> 0xFFF9
[647] [M]: 0x0000000080000A08 (0xFFF904B7) lui s1, -0x70
x9 <- 0xFFFFFFFFFFF90000

mem[X,0x0000000080000A0C] -> 0x8493
mem[X,0x0000000080000A0E] -> 0xFFC4
[648] [M]: 0x0000000080000A0C (0xFFC48493) addi s1, s1, -0x4
x9 <- 0xFFFFFFFFFFF8FFFC

mem[X,0x0000000080000A10] -> 0x9493
mem[X,0x0000000080000A12] -> 0x00B4
[649] [M]: 0x0000000080000A10 (0x00B49493) slli s1, s1, 0xb
x9 <- 0xFFFFFFFFC7FFE000

mem[X,0x0000000080000A14] -> 0x8493
mem[X,0x0000000080000A16] -> 0x0004
[650] [M]: 0x0000000080000A14 (0x00048493) addi s1, s1, 0x0
x9 <- 0xFFFFFFFFC7FFE000

mem[X,0x0000000080000A18] -> 0x9493
mem[X,0x0000000080000A1A] -> 0x00B4
[651] [M]: 0x0000000080000A18 (0x00B49493) slli s1, s1, 0xb
x9 <- 0xFFFFFE3FFF000000

mem[X,0x0000000080000A1C] -> 0x8493
mem[X,0x0000000080000A1E] -> 0x27E4
[652] [M]: 0x0000000080000A1C (0x27E48493) addi s1, s1, 0x27e
x9 <- 0xFFFFFE3FFF00027E

mem[X,0x0000000080000A20] -> 0x9493
mem[X,0x0000000080000A22] -> 0x00A4
[653] [M]: 0x0000000080000A20 (0x00A49493) slli s1, s1, 0xa
x9 <- 0xFFF8FFFC0009F800

mem[X,0x0000000080000A24] -> 0x8493
mem[X,0x0000000080000A26] -> 0x3FF4
[654] [M]: 0x0000000080000A24 (0x3FF48493) addi s1, s1, 0x3ff
x9 <- 0xFFF8FFFC0009FBFF

mem[X,0x0000000080000A28] -> 0x05B7
mem[X,0x0000000080000A2A] -> 0xFFF7
[655] [M]: 0x0000000080000A28 (0xFFF705B7) lui a1, -0x90
x11 <- 0xFFFFFFFFFFF70000

mem[X,0x0000000080000A2C] -> 0x8593
mem[X,0x0000000080000A2E] -> 0x0015
[656] [M]: 0x0000000080000A2C (0x00158593) addi a1, a1, 0x1
x11 <- 0xFFFFFFFFFFF70001

mem[X,0x0000000080000A30] -> 0x9593
mem[X,0x0000000080000A32] -> 0x00B5
[657] [M]: 0x0000000080000A30 (0x00B59593) slli a1, a1, 0xb
x11 <- 0xFFFFFFFFB8000800

mem[X,0x0000000080000A34] -> 0x8593
mem[X,0x0000000080000A36] -> 0x0005
[658] [M]: 0x0000000080000A34 (0x00058593) addi a1, a1, 0x0
x11 <- 0xFFFFFFFFB8000800

mem[X,0x0000000080000A38] -> 0x9593
mem[X,0x0000000080000A3A] -> 0x00B5
[659] [M]: 0x0000000080000A38 (0x00B59593) slli a1, a1, 0xb
x11 <- 0xFFFFFDC000400000

mem[X,0x0000000080000A3C] -> 0x8593
mem[X,0x0000000080000A3E] -> 0x2015
[660] [M]: 0x0000000080000A3C (0x20158593) addi a1, a1, 0x201
x11 <- 0xFFFFFDC000400201

mem[X,0x0000000080000A40] -> 0x9593
mem[X,0x0000000080000A42] -> 0x00A5
[661] [M]: 0x0000000080000A40 (0x00A59593) slli a1, a1, 0xa
x11 <- 0xFFF7000100080400

mem[X,0x0000000080000A44] -> 0xFB3B
mem[X,0x0000000080000A46] -> 0xA4B4
[662] [M]: 0x0000000080000A44 (0xA4B4FB3B) pmulhsu.h.be s6, s1, a1
x22 <- 0xFFFFFFFF00000000

mem[X,0x0000000080000A48] -> 0xB423
mem[X,0x0000000080000A4A] -> 0x0162
[663] [M]: 0x0000000080000A48 (0x0162B423) sd s6, 0x8(t0)
mem[0x0000000080004200] <- 0xFFFFFFFF00000000

mem[X,0x0000000080000A4C] -> 0x00B7
mem[X,0x0000000080000A4E] -> 0xFFFC
[664] [M]: 0x0000000080000A4C (0xFFFC00B7) lui ra, -0x40
x1 <- 0xFFFFFFFFFFFC0000

mem[X,0x0000000080000A50] -> 0x8093
mem[X,0x0000000080000A52] -> 0x0010
[665] [M]: 0x0000000080000A50 (0x00108093) addi ra, ra, 0x1
x1 <- 0xFFFFFFFFFFFC0001

mem[X,0x0000000080000A54] -> 0x9093
mem[X,0x0000000080000A56] -> 0x00B0
[666] [M]: 0x0000000080000A54 (0x00B09093) slli ra, ra, 0xb
x1 <- 0xFFFFFFFFE0000800

mem[X,0x0000000080000A58] -> 0x8093
mem[X,0x0000000080000A5A] -> 0x4000
[667] [M]: 0x0000000080000A58 (0x40008093) addi ra, ra, 0x400
x1 <- 0xFFFFFFFFE0000C00

mem[X,0x0000000080000A5C] -> 0x9093
mem[X,0x0000000080000A5E] -> 0x00B0
[668] [M]: 0x0000000080000A5C (0x00B09093) slli ra, ra, 0xb
x1 <- 0xFFFFFF0000600000

mem[X,0x0000000080000A60] -> 0x8093
mem[X,0x0000000080000A62] -> 0x03D0
[669] [M]: 0x0000000080000A60 (0x03D08093) addi ra, ra, 0x3d
x1 <- 0xFFFFFF000060003D

mem[X,0x0000000080000A64] -> 0x9093
mem[X,0x0000000080000A66] -> 0x00A0
[670] [M]: 0x0000000080000A64 (0x00A09093) slli ra, ra, 0xa
x1 <- 0xFFFC00018000F400

mem[X,0x0000000080000A68] -> 0x8093
mem[X,0x0000000080000A6A] -> 0x3FF0
[671] [M]: 0x0000000080000A68 (0x3FF08093) addi ra, ra, 0x3ff
x1 <- 0xFFFC00018000F7FF

mem[X,0x0000000080000A6C] -> 0x0E37
mem[X,0x0000000080000A6E] -> 0xC001
[672] [M]: 0x0000000080000A6C (0xC0010E37) lui t3, -0x3fff0
x28 <- 0xFFFFFFFFC0010000

mem[X,0x0000000080000A70] -> 0x0E13
mem[X,0x0000000080000A72] -> 0xFFAE
[673] [M]: 0x0000000080000A70 (0xFFAE0E13) addi t3, t3, -0x6
x28 <- 0xFFFFFFFFC000FFFA

mem[X,0x0000000080000A74] -> 0x1E13
mem[X,0x0000000080000A76] -> 0x00BE
[674] [M]: 0x0000000080000A74 (0x00BE1E13) slli t3, t3, 0xb
x28 <- 0xFFFFFE0007FFD000

mem[X,0x0000000080000A78] -> 0x0E13
mem[X,0x0000000080000A7A] -> 0x7FFE
[675] [M]: 0x0000000080000A78 (0x7FFE0E13) addi t3, t3, 0x7ff
x28 <- 0xFFFFFE0007FFD7FF

mem[X,0x0000000080000A7C] -> 0x1E13
mem[X,0x0000000080000A7E] -> 0x00BE
[676] [M]: 0x0000000080000A7C (0x00BE1E13) slli t3, t3, 0xb
x28 <- 0xFFF0003FFEBFF800

mem[X,0x0000000080000A80] -> 0x0E13
mem[X,0x0000000080000A82] -> 0x5C0E
[677] [M]: 0x0000000080000A80 (0x5C0E0E13) addi t3, t3, 0x5c0
x28 <- 0xFFF0003FFEBFFDC0

mem[X,0x0000000080000A84] -> 0x1E13
mem[X,0x0000000080000A86] -> 0x00AE
[678] [M]: 0x0000000080000A84 (0x00AE1E13) slli t3, t3, 0xa
x28 <- 0xC000FFFAFFF70000

mem[X,0x0000000080000A88] -> 0x0E13
mem[X,0x0000000080000A8A] -> 0x005E
[679] [M]: 0x0000000080000A88 (0x005E0E13) addi t3, t3, 0x5
x28 <- 0xC000FFFAFFF70005

mem[X,0x0000000080000A8C] -> 0xF23B
mem[X,0x0000000080000A8E] -> 0xA5C0
[680] [M]: 0x0000000080000A8C (0xA5C0F23B) pmulhsu.h.be tp, ra, t3
x4 <- 0x00000000FF84FFFF

mem[X,0x0000000080000A90] -> 0xB823
mem[X,0x0000000080000A92] -> 0x0042
[681] [M]: 0x0000000080000A90 (0x0042B823) sd tp, 0x10(t0)
mem[0x0000000080004208] <- 0x00000000FF84FFFF

mem[X,0x0000000080000A94] -> 0x0FB7
mem[X,0x0000000080000A96] -> 0xBFFF
[682] [M]: 0x0000000080000A94 (0xBFFF0FB7) lui t6, -0x40010
x31 <- 0xFFFFFFFFBFFF0000

mem[X,0x0000000080000A98] -> 0x8F93
mem[X,0x0000000080000A9A] -> 0x005F
[683] [M]: 0x0000000080000A98 (0x005F8F93) addi t6, t6, 0x5
x31 <- 0xFFFFFFFFBFFF0005

mem[X,0x0000000080000A9C] -> 0x9F93
mem[X,0x0000000080000A9E] -> 0x00BF
[684] [M]: 0x0000000080000A9C (0x00BF9F93) slli t6, t6, 0xb
x31 <- 0xFFFFFDFFF8002800

mem[X,0x0000000080000AA0] -> 0x8F93
mem[X,0x0000000080000AA2] -> 0x2AAF
[685] [M]: 0x0000000080000AA0 (0x2AAF8F93) addi t6, t6, 0x2aa
x31 <- 0xFFFFFDFFF8002AAA

mem[X,0x0000000080000AA4] -> 0x9F93
mem[X,0x0000000080000AA6] -> 0x00BF
[686] [M]: 0x0000000080000AA4 (0x00BF9F93) slli t6, t6, 0xb
x31 <- 0xFFEFFFC001555000

mem[X,0x0000000080000AA8] -> 0x8F93
mem[X,0x0000000080000AAA] -> 0x57BF
[687] [M]: 0x0000000080000AA8 (0x57BF8F93) addi t6, t6, 0x57b
x31 <- 0xFFEFFFC00155557B

mem[X,0x0000000080000AAC] -> 0x9F93
mem[X,0x0000000080000AAE] -> 0x00AF
[688] [M]: 0x0000000080000AAC (0x00AF9F93) slli t6, t6, 0xa
x31 <- 0xBFFF00055555EC00

mem[X,0x0000000080000AB0] -> 0x8F93
mem[X,0x0000000080000AB2] -> 0x3FFF
[689] [M]: 0x0000000080000AB0 (0x3FFF8F93) addi t6, t6, 0x3ff
x31 <- 0xBFFF00055555EFFF

mem[X,0x0000000080000AB4] -> 0x09B7
mem[X,0x0000000080000AB6] -> 0x0041
[690] [M]: 0x0000000080000AB4 (0x004109B7) lui s3, 0x410
x19 <- 0x0000000000410000

mem[X,0x0000000080000AB8] -> 0x8993
mem[X,0x0000000080000ABA] -> 0xFF89
[691] [M]: 0x0000000080000AB8 (0xFF898993) addi s3, s3, -0x8
x19 <- 0x000000000040FFF8

mem[X,0x0000000080000ABC] -> 0x9993
mem[X,0x0000000080000ABE] -> 0x00B9
[692] [M]: 0x0000000080000ABC (0x00B99993) slli s3, s3, 0xb
x19 <- 0x0000000207FFC000

mem[X,0x0000000080000AC0] -> 0x8993
mem[X,0x0000000080000AC2] -> 0x4009
[693] [M]: 0x0000000080000AC0 (0x40098993) addi s3, s3, 0x400
x19 <- 0x0000000207FFC400

mem[X,0x0000000080000AC4] -> 0x9993
mem[X,0x0000000080000AC6] -> 0x00B9
[694] [M]: 0x0000000080000AC4 (0x00B99993) slli s3, s3, 0xb
x19 <- 0x0000103FFE200000

mem[X,0x0000000080000AC8] -> 0x8993
mem[X,0x0000000080000ACA] -> 0x03F9
[695] [M]: 0x0000000080000AC8 (0x03F98993) addi s3, s3, 0x3f
x19 <- 0x0000103FFE20003F

mem[X,0x0000000080000ACC] -> 0x9993
mem[X,0x0000000080000ACE] -> 0x00A9
[696] [M]: 0x0000000080000ACC (0x00A99993) slli s3, s3, 0xa
x19 <- 0x0040FFF88000FC00

mem[X,0x0000000080000AD0] -> 0x8993
mem[X,0x0000000080000AD2] -> 0x3FA9
[697] [M]: 0x0000000080000AD0 (0x3FA98993) addi s3, s3, 0x3fa
x19 <- 0x0040FFF88000FFFA

mem[X,0x0000000080000AD4] -> 0xF13B
mem[X,0x0000000080000AD6] -> 0xA53F
[698] [M]: 0x0000000080000AD4 (0xA53FF13B) pmulhsu.h.be sp, t6, s3
x2 <- 0xFFEF00000000FFF0

mem[X,0x0000000080000AD8] -> 0xBC23
mem[X,0x0000000080000ADA] -> 0x0022
[699] [M]: 0x0000000080000AD8 (0x0022BC23) sd sp, 0x18(t0)
mem[0x0000000080004210] <- 0xFFEF00000000FFF0

clint::tick mtime <- 0x0000000000000007
 clint timer pending at mtime 0x0000000000000007
htif::tick 0x0000000000000000
mem[X,0x0000000080000ADC] -> 0x0F37
mem[X,0x0000000080000ADE] -> 0x5556
[700] [M]: 0x0000000080000ADC (0x55560F37) lui t5, 0x55560
x30 <- 0x0000000055560000

mem[X,0x0000000080000AE0] -> 0x0F13
mem[X,0x0000000080000AE2] -> 0xFF9F
[701] [M]: 0x0000000080000AE0 (0xFF9F0F13) addi t5, t5, -0x7
x30 <- 0x000000005555FFF9

mem[X,0x0000000080000AE4] -> 0x1F13
mem[X,0x0000000080000AE6] -> 0x00BF
[702] [M]: 0x0000000080000AE4 (0x00BF1F13) slli t5, t5, 0xb
x30 <- 0x000002AAAFFFC800

mem[X,0x0000000080000AE8] -> 0x0F13
mem[X,0x0000000080000AEA] -> 0x7EFF
[703] [M]: 0x0000000080000AE8 (0x7EFF0F13) addi t5, t5, 0x7ef
x30 <- 0x000002AAAFFFCFEF

mem[X,0x0000000080000AEC] -> 0x1F13
mem[X,0x0000000080000AEE] -> 0x00BF
[704] [M]: 0x0000000080000AEC (0x00BF1F13) slli t5, t5, 0xb
x30 <- 0x0015557FFE7F7800

mem[X,0x0000000080000AF0] -> 0x0F13
mem[X,0x0000000080000AF2] -> 0x7F7F
[705] [M]: 0x0000000080000AF0 (0x7F7F0F13) addi t5, t5, 0x7f7
x30 <- 0x0015557FFE7F7FF7

mem[X,0x0000000080000AF4] -> 0x1F13
mem[X,0x0000000080000AF6] -> 0x00AF
[706] [M]: 0x0000000080000AF4 (0x00AF1F13) slli t5, t5, 0xa
x30 <- 0x5555FFF9FDFFDC00

mem[X,0x0000000080000AF8] -> 0x0F13
mem[X,0x0000000080000AFA] -> 0x3FFF
[707] [M]: 0x0000000080000AF8 (0x3FFF0F13) addi t5, t5, 0x3ff
x30 <- 0x5555FFF9FDFFDFFF

mem[X,0x0000000080000AFC] -> 0x5EB7
mem[X,0x0000000080000AFE] -> 0x0006
[708] [M]: 0x0000000080000AFC (0x00065EB7) lui t4, 0x65
x29 <- 0x0000000000065000

mem[X,0x0000000080000B00] -> 0x8E93
mem[X,0x0000000080000B02] -> 0x555E
[709] [M]: 0x0000000080000B00 (0x555E8E93) addi t4, t4, 0x555
x29 <- 0x0000000000065555

mem[X,0x0000000080000B04] -> 0x9E93
mem[X,0x0000000080000B06] -> 0x00BE
[710] [M]: 0x0000000080000B04 (0x00BE9E93) slli t4, t4, 0xb
x29 <- 0x0000000032AAA800

mem[X,0x0000000080000B08] -> 0x8E93
mem[X,0x0000000080000B0A] -> 0x77FE
[711] [M]: 0x0000000080000B08 (0x77FE8E93) addi t4, t4, 0x77f
x29 <- 0x0000000032AAAF7F

mem[X,0x0000000080000B0C] -> 0x9E93
mem[X,0x0000000080000B0E] -> 0x00BE
[712] [M]: 0x0000000080000B0C (0x00BE9E93) slli t4, t4, 0xb
x29 <- 0x00000195557BF800

mem[X,0x0000000080000B10] -> 0x8E93
mem[X,0x0000000080000B12] -> 0x7C0E
[713] [M]: 0x0000000080000B10 (0x7C0E8E93) addi t4, t4, 0x7c0
x29 <- 0x00000195557BFFC0

mem[X,0x0000000080000B14] -> 0x9E93
mem[X,0x0000000080000B16] -> 0x00AE
[714] [M]: 0x0000000080000B14 (0x00AE9E93) slli t4, t4, 0xa
x29 <- 0x00065555EFFF0000

mem[X,0x0000000080000B18] -> 0x8E93
mem[X,0x0000000080000B1A] -> 0x004E
[715] [M]: 0x0000000080000B18 (0x004E8E93) addi t4, t4, 0x4
x29 <- 0x00065555EFFF0004

mem[X,0x0000000080000B1C] -> 0x7FBB
mem[X,0x0000000080000B1E] -> 0xA5DF
[716] [M]: 0x0000000080000B1C (0xA5DF7FBB) pmulhsu.h.be t6, t5, t4
x31 <- 0x0001FFFFFFFEFFFF

mem[X,0x0000000080000B20] -> 0xB023
mem[X,0x0000000080000B22] -> 0x03F2
[717] [M]: 0x0000000080000B20 (0x03F2B023) sd t6, 0x20(t0)
mem[0x0000000080004218] <- 0x0001FFFFFFFEFFFF

mem[X,0x0000000080000B24] -> 0x2F37
mem[X,0x0000000080000B26] -> 0x0040
[718] [M]: 0x0000000080000B24 (0x00402F37) lui t5, 0x402
x30 <- 0x0000000000402000

mem[X,0x0000000080000B28] -> 0x0F13
mem[X,0x0000000080000B2A] -> 0x000F
[719] [M]: 0x0000000080000B28 (0x000F0F13) addi t5, t5, 0x0
x30 <- 0x0000000000402000

mem[X,0x0000000080000B2C] -> 0x1F13
mem[X,0x0000000080000B2E] -> 0x00BF
[720] [M]: 0x0000000080000B2C (0x00BF1F13) slli t5, t5, 0xb
x30 <- 0x0000000201000000

mem[X,0x0000000080000B30] -> 0x0F13
mem[X,0x0000000080000B32] -> 0x1FFF
[721] [M]: 0x0000000080000B30 (0x1FFF0F13) addi t5, t5, 0x1ff
x30 <- 0x00000002010001FF

mem[X,0x0000000080000B34] -> 0x1F13
mem[X,0x0000000080000B36] -> 0x00BF
[722] [M]: 0x0000000080000B34 (0x00BF1F13) slli t5, t5, 0xb
x30 <- 0x00001008000FF800

mem[X,0x0000000080000B38] -> 0x0F13
mem[X,0x0000000080000B3A] -> 0x7EFF
[723] [M]: 0x0000000080000B38 (0x7EFF0F13) addi t5, t5, 0x7ef
x30 <- 0x00001008000FFFEF

mem[X,0x0000000080000B3C] -> 0x1F13
mem[X,0x0000000080000B3E] -> 0x00AF
[724] [M]: 0x0000000080000B3C (0x00AF1F13) slli t5, t5, 0xa
x30 <- 0x004020003FFFBC00

mem[X,0x0000000080000B40] -> 0x0F13
mem[X,0x0000000080000B42] -> 0x3FFF
[725] [M]: 0x0000000080000B40 (0x3FFF0F13) addi t5, t5, 0x3ff
x30 <- 0x004020003FFFBFFF

mem[X,0x0000000080000B44] -> 0x0EB7
mem[X,0x0000000080000B46] -> 0x0007
[726] [M]: 0x0000000080000B44 (0x00070EB7) lui t4, 0x70
x29 <- 0x0000000000070000

mem[X,0x0000000080000B48] -> 0x8E93
mem[X,0x0000000080000B4A] -> 0x200E
[727] [M]: 0x0000000080000B48 (0x200E8E93) addi t4, t4, 0x200
x29 <- 0x0000000000070200

mem[X,0x0000000080000B4C] -> 0x9E93
mem[X,0x0000000080000B4E] -> 0x00BE
[728] [M]: 0x0000000080000B4C (0x00BE9E93) slli t4, t4, 0xb
x29 <- 0x0000000038100000

mem[X,0x0000000080000B50] -> 0x8E93
mem[X,0x0000000080000B52] -> 0x3FFE
[729] [M]: 0x0000000080000B50 (0x3FFE8E93) addi t4, t4, 0x3ff
x29 <- 0x00000000381003FF

mem[X,0x0000000080000B54] -> 0x9E93
mem[X,0x0000000080000B56] -> 0x00BE
[730] [M]: 0x0000000080000B54 (0x00BE9E93) slli t4, t4, 0xb
x29 <- 0x000001C0801FF800

mem[X,0x0000000080000B58] -> 0x8E93
mem[X,0x0000000080000B5A] -> 0x7C0E
[731] [M]: 0x0000000080000B58 (0x7C0E8E93) addi t4, t4, 0x7c0
x29 <- 0x000001C0801FFFC0

mem[X,0x0000000080000B5C] -> 0x9E93
mem[X,0x0000000080000B5E] -> 0x00AE
[732] [M]: 0x0000000080000B5C (0x00AE9E93) slli t4, t4, 0xa
x29 <- 0x000702007FFF0000

mem[X,0x0000000080000B60] -> 0x8E93
mem[X,0x0000000080000B62] -> 0x005E
[733] [M]: 0x0000000080000B60 (0x005E8E93) addi t4, t4, 0x5
x29 <- 0x000702007FFF0005

mem[X,0x0000000080000B64] -> 0x7FBB
mem[X,0x0000000080000B66] -> 0xA5DF
[734] [M]: 0x0000000080000B64 (0xA5DF7FBB) pmulhsu.h.be t6, t5, t4
x31 <- 0x00000000003FFFFE

mem[X,0x0000000080000B68] -> 0xB423
mem[X,0x0000000080000B6A] -> 0x03F2
[735] [M]: 0x0000000080000B68 (0x03F2B423) sd t6, 0x28(t0)
mem[0x0000000080004220] <- 0x00000000003FFFFE

mem[X,0x0000000080000B6C] -> 0x0F37
mem[X,0x0000000080000B6E] -> 0xC000
[736] [M]: 0x0000000080000B6C (0xC0000F37) lui t5, -0x40000
x30 <- 0xFFFFFFFFC0000000

mem[X,0x0000000080000B70] -> 0x0F13
mem[X,0x0000000080000B72] -> 0x006F
[737] [M]: 0x0000000080000B70 (0x006F0F13) addi t5, t5, 0x6
x30 <- 0xFFFFFFFFC0000006

mem[X,0x0000000080000B74] -> 0x1F13
mem[X,0x0000000080000B76] -> 0x00BF
[738] [M]: 0x0000000080000B74 (0x00BF1F13) slli t5, t5, 0xb
x30 <- 0xFFFFFE0000003000

mem[X,0x0000000080000B78] -> 0x0F13
mem[X,0x0000000080000B7A] -> 0x1FFF
[739] [M]: 0x0000000080000B78 (0x1FFF0F13) addi t5, t5, 0x1ff
x30 <- 0xFFFFFE00000031FF

mem[X,0x0000000080000B7C] -> 0x1F13
mem[X,0x0000000080000B7E] -> 0x00BF
[740] [M]: 0x0000000080000B7C (0x00BF1F13) slli t5, t5, 0xb
x30 <- 0xFFF00000018FF800

mem[X,0x0000000080000B80] -> 0x0F13
mem[X,0x0000000080000B82] -> 0x7D5F
[741] [M]: 0x0000000080000B80 (0x7D5F0F13) addi t5, t5, 0x7d5
x30 <- 0xFFF00000018FFFD5

mem[X,0x0000000080000B84] -> 0x1F13
mem[X,0x0000000080000B86] -> 0x00AF
[742] [M]: 0x0000000080000B84 (0x00AF1F13) slli t5, t5, 0xa
x30 <- 0xC00000063FFF5400

mem[X,0x0000000080000B88] -> 0x0F13
mem[X,0x0000000080000B8A] -> 0x155F
[743] [M]: 0x0000000080000B88 (0x155F0F13) addi t5, t5, 0x155
x30 <- 0xC00000063FFF5555

mem[X,0x0000000080000B8C] -> 0x0EB7
mem[X,0x0000000080000B8E] -> 0xFFFA
[744] [M]: 0x0000000080000B8C (0xFFFA0EB7) lui t4, -0x60
x29 <- 0xFFFFFFFFFFFA0000

mem[X,0x0000000080000B90] -> 0x8E93
mem[X,0x0000000080000B92] -> 0xBFFE
[745] [M]: 0x0000000080000B90 (0xBFFE8E93) addi t4, t4, -0x401
x29 <- 0xFFFFFFFFFFF9FBFF

mem[X,0x0000000080000B94] -> 0x9E93
mem[X,0x0000000080000B96] -> 0x00BE
[746] [M]: 0x0000000080000B94 (0x00BE9E93) slli t4, t4, 0xb
x29 <- 0xFFFFFFFFCFDFF800

mem[X,0x0000000080000B98] -> 0x8E93
mem[X,0x0000000080000B9A] -> 0x002E
[747] [M]: 0x0000000080000B98 (0x002E8E93) addi t4, t4, 0x2
x29 <- 0xFFFFFFFFCFDFF802

mem[X,0x0000000080000B9C] -> 0x9E93
mem[X,0x0000000080000B9E] -> 0x00BE
[748] [M]: 0x0000000080000B9C (0x00BE9E93) slli t4, t4, 0xb
x29 <- 0xFFFFFE7EFFC01000

mem[X,0x0000000080000BA0] -> 0x8E93
mem[X,0x0000000080000BA2] -> 0x03FE
[749] [M]: 0x0000000080000BA0 (0x03FE8E93) addi t4, t4, 0x3f
x29 <- 0xFFFFFE7EFFC0103F

mem[X,0x0000000080000BA4] -> 0x9E93
mem[X,0x0000000080000BA6] -> 0x00AE
[750] [M]: 0x0000000080000BA4 (0x00AE9E93) slli t4, t4, 0xa
x29 <- 0xFFF9FBFF0040FC00

mem[X,0x0000000080000BA8] -> 0x8E93
mem[X,0x0000000080000BAA] -> 0x1FFE
[751] [M]: 0x0000000080000BA8 (0x1FFE8E93) addi t4, t4, 0x1ff
x29 <- 0xFFF9FBFF0040FDFF

mem[X,0x0000000080000BAC] -> 0x7FBB
mem[X,0x0000000080000BAE] -> 0xA5DF
[752] [M]: 0x0000000080000BAC (0xA5DF7FBB) pmulhsu.h.be t6, t5, t4
x31 <- 0xFFC10000000F0054

mem[X,0x0000000080000BB0] -> 0xB823
mem[X,0x0000000080000BB2] -> 0x03F2
[753] [M]: 0x0000000080000BB0 (0x03F2B823) sd t6, 0x30(t0)
mem[0x0000000080004228] <- 0xFFC10000000F0054

mem[X,0x0000000080000BB4] -> 0xFF37
mem[X,0x0000000080000BB6] -> 0xFFFF
[754] [M]: 0x0000000080000BB4 (0xFFFFFF37) lui t5, -0x1
x30 <- 0xFFFFFFFFFFFFF000

mem[X,0x0000000080000BB8] -> 0x0F13
mem[X,0x0000000080000BBA] -> 0x7FFF
[755] [M]: 0x0000000080000BB8 (0x7FFF0F13) addi t5, t5, 0x7ff
x30 <- 0xFFFFFFFFFFFFF7FF

mem[X,0x0000000080000BBC] -> 0x1F13
mem[X,0x0000000080000BBE] -> 0x00BF
[756] [M]: 0x0000000080000BBC (0x00BF1F13) slli t5, t5, 0xb
x30 <- 0xFFFFFFFFFFBFF800

mem[X,0x0000000080000BC0] -> 0x0F13
mem[X,0x0000000080000BC2] -> 0x7FFF
[757] [M]: 0x0000000080000BC0 (0x7FFF0F13) addi t5, t5, 0x7ff
x30 <- 0xFFFFFFFFFFBFFFFF

mem[X,0x0000000080000BC4] -> 0x1F13
mem[X,0x0000000080000BC6] -> 0x00BF
[758] [M]: 0x0000000080000BC4 (0x00BF1F13) slli t5, t5, 0xb
x30 <- 0xFFFFFFFDFFFFF800

mem[X,0x0000000080000BC8] -> 0x0F13
mem[X,0x0000000080000BCA] -> 0x3EAF
[759] [M]: 0x0000000080000BC8 (0x3EAF0F13) addi t5, t5, 0x3ea
x30 <- 0xFFFFFFFDFFFFFBEA

mem[X,0x0000000080000BCC] -> 0x1F13
mem[X,0x0000000080000BCE] -> 0x00AF
[760] [M]: 0x0000000080000BCC (0x00AF1F13) slli t5, t5, 0xa
x30 <- 0xFFFFF7FFFFEFA800

mem[X,0x0000000080000BD0] -> 0x0F13
mem[X,0x0000000080000BD2] -> 0x2AAF
[761] [M]: 0x0000000080000BD0 (0x2AAF0F13) addi t5, t5, 0x2aa
x30 <- 0xFFFFF7FFFFEFAAAA

mem[X,0x0000000080000BD4] -> 0x0EB7
mem[X,0x0000000080000BD6] -> 0xFFDF
[762] [M]: 0x0000000080000BD4 (0xFFDF0EB7) lui t4, -0x210
x29 <- 0xFFFFFFFFFFDF0000

mem[X,0x0000000080000BD8] -> 0x8E93
mem[X,0x0000000080000BDA] -> 0x008E
[763] [M]: 0x0000000080000BD8 (0x008E8E93) addi t4, t4, 0x8
x29 <- 0xFFFFFFFFFFDF0008

mem[X,0x0000000080000BDC] -> 0x9E93
mem[X,0x0000000080000BDE] -> 0x00BE
[764] [M]: 0x0000000080000BDC (0x00BE9E93) slli t4, t4, 0xb
x29 <- 0xFFFFFFFEF8004000

mem[X,0x0000000080000BE0] -> 0x8E93
mem[X,0x0000000080000BE2] -> 0x000E
[765] [M]: 0x0000000080000BE0 (0x000E8E93) addi t4, t4, 0x0
x29 <- 0xFFFFFFFEF8004000

mem[X,0x0000000080000BE4] -> 0x9E93
mem[X,0x0000000080000BE6] -> 0x00BE
[766] [M]: 0x0000000080000BE4 (0x00BE9E93) slli t4, t4, 0xb
x29 <- 0xFFFFF7C002000000

mem[X,0x0000000080000BE8] -> 0x8E93
mem[X,0x0000000080000BEA] -> 0x13FE
[767] [M]: 0x0000000080000BE8 (0x13FE8E93) addi t4, t4, 0x13f
x29 <- 0xFFFFF7C00200013F

mem[X,0x0000000080000BEC] -> 0x9E93
mem[X,0x0000000080000BEE] -> 0x00AE
[768] [M]: 0x0000000080000BEC (0x00AE9E93) slli t4, t4, 0xa
x29 <- 0xFFDF00080004FC00

mem[X,0x0000000080000BF0] -> 0x8E93
mem[X,0x0000000080000BF2] -> 0x3F6E
[769] [M]: 0x0000000080000BF0 (0x3F6E8E93) addi t4, t4, 0x3f6
x29 <- 0xFFDF00080004FFF6

mem[X,0x0000000080000BF4] -> 0x7FBB
mem[X,0x0000000080000BF6] -> 0xA5DF
[770] [M]: 0x0000000080000BF4 (0xA5DF7FBB) pmulhsu.h.be t6, t5, t4
x31 <- 0xFFFFFFFFFFFFFFAD

mem[X,0x0000000080000BF8] -> 0xBC23
mem[X,0x0000000080000BFA] -> 0x03F2
[771] [M]: 0x0000000080000BF8 (0x03F2BC23) sd t6, 0x38(t0)
mem[0x0000000080004230] <- 0xFFFFFFFFFFFFFFAD

mem[X,0x0000000080000BFC] -> 0x0F37
mem[X,0x0000000080000BFE] -> 0xFFF8
[772] [M]: 0x0000000080000BFC (0xFFF80F37) lui t5, -0x80
x30 <- 0xFFFFFFFFFFF80000

mem[X,0x0000000080000C00] -> 0x0F13
mem[X,0x0000000080000C02] -> 0x003F
[773] [M]: 0x0000000080000C00 (0x003F0F13) addi t5, t5, 0x3
x30 <- 0xFFFFFFFFFFF80003

mem[X,0x0000000080000C04] -> 0x1F13
mem[X,0x0000000080000C06] -> 0x00BF
[774] [M]: 0x0000000080000C04 (0x00BF1F13) slli t5, t5, 0xb
x30 <- 0xFFFFFFFFC0001800

mem[X,0x0000000080000C08] -> 0x0F13
mem[X,0x0000000080000C0A] -> 0x5FFF
[775] [M]: 0x0000000080000C08 (0x5FFF0F13) addi t5, t5, 0x5ff
x30 <- 0xFFFFFFFFC0001DFF

mem[X,0x0000000080000C0C] -> 0x1F13
mem[X,0x0000000080000C0E] -> 0x00BF
[776] [M]: 0x0000000080000C0C (0x00BF1F13) slli t5, t5, 0xb
x30 <- 0xFFFFFE0000EFF800

mem[X,0x0000000080000C10] -> 0x0F13
mem[X,0x0000000080000C12] -> 0x7F7F
[777] [M]: 0x0000000080000C10 (0x7F7F0F13) addi t5, t5, 0x7f7
x30 <- 0xFFFFFE0000EFFFF7

mem[X,0x0000000080000C14] -> 0x1F13
mem[X,0x0000000080000C16] -> 0x00AF
[778] [M]: 0x0000000080000C14 (0x00AF1F13) slli t5, t5, 0xa
x30 <- 0xFFF80003BFFFDC00

mem[X,0x0000000080000C18] -> 0x0F13
mem[X,0x0000000080000C1A] -> 0x3FFF
[779] [M]: 0x0000000080000C18 (0x3FFF0F13) addi t5, t5, 0x3ff
x30 <- 0xFFF80003BFFFDFFF

mem[X,0x0000000080000C1C] -> 0x0EB7
mem[X,0x0000000080000C1E] -> 0x0002
[780] [M]: 0x0000000080000C1C (0x00020EB7) lui t4, 0x20
x29 <- 0x0000000000020000

mem[X,0x0000000080000C20] -> 0x8E93
mem[X,0x0000000080000C22] -> 0x000E
[781] [M]: 0x0000000080000C20 (0x000E8E93) addi t4, t4, 0x0
x29 <- 0x0000000000020000

mem[X,0x0000000080000C24] -> 0x9E93
mem[X,0x0000000080000C26] -> 0x00BE
[782] [M]: 0x0000000080000C24 (0x00BE9E93) slli t4, t4, 0xb
x29 <- 0x0000000010000000

mem[X,0x0000000080000C28] -> 0x8E93
mem[X,0x0000000080000C2A] -> 0x7F7E
[783] [M]: 0x0000000080000C28 (0x7F7E8E93) addi t4, t4, 0x7f7
x29 <- 0x00000000100007F7

mem[X,0x0000000080000C2C] -> 0x9E93
mem[X,0x0000000080000C2E] -> 0x00BE
[784] [M]: 0x0000000080000C2C (0x00BE9E93) slli t4, t4, 0xb
x29 <- 0x00000080003FB800

mem[X,0x0000000080000C30] -> 0x8E93
mem[X,0x0000000080000C32] -> 0x7C0E
[785] [M]: 0x0000000080000C30 (0x7C0E8E93) addi t4, t4, 0x7c0
x29 <- 0x00000080003FBFC0

mem[X,0x0000000080000C34] -> 0x9E93
mem[X,0x0000000080000C36] -> 0x00AE
[786] [M]: 0x0000000080000C34 (0x00AE9E93) slli t4, t4, 0xa
x29 <- 0x00020000FEFF0000

mem[X,0x0000000080000C38] -> 0x8E93
mem[X,0x0000000080000C3A] -> 0x002E
[787] [M]: 0x0000000080000C38 (0x002E8E93) addi t4, t4, 0x2
x29 <- 0x00020000FEFF0002

mem[X,0x0000000080000C3C] -> 0x7FBB
mem[X,0x0000000080000C3E] -> 0xA5DF
[788] [M]: 0x0000000080000C3C (0xA5DF7FBB) pmulhsu.h.be t6, t5, t4
x31 <- 0xFFFF0000FFC0FFFF

mem[X,0x0000000080000C40] -> 0xB023
mem[X,0x0000000080000C42] -> 0x05F2
[789] [M]: 0x0000000080000C40 (0x05F2B023) sd t6, 0x40(t0)
mem[0x0000000080004238] <- 0xFFFF0000FFC0FFFF

mem[X,0x0000000080000C44] -> 0xFF37
mem[X,0x0000000080000C46] -> 0x0004
[790] [M]: 0x0000000080000C44 (0x0004FF37) lui t5, 0x4f
x30 <- 0x000000000004F000

mem[X,0x0000000080000C48] -> 0x0F13
mem[X,0x0000000080000C4A] -> 0x7FFF
[791] [M]: 0x0000000080000C48 (0x7FFF0F13) addi t5, t5, 0x7ff
x30 <- 0x000000000004F7FF

mem[X,0x0000000080000C4C] -> 0x1F13
mem[X,0x0000000080000C4E] -> 0x00BF
[792] [M]: 0x0000000080000C4C (0x00BF1F13) slli t5, t5, 0xb
x30 <- 0x0000000027BFF800

mem[X,0x0000000080000C50] -> 0x0F13
mem[X,0x0000000080000C52] -> 0x77FF
[793] [M]: 0x0000000080000C50 (0x77FF0F13) addi t5, t5, 0x77f
x30 <- 0x0000000027BFFF7F

mem[X,0x0000000080000C54] -> 0x1F13
mem[X,0x0000000080000C56] -> 0x00BF
[794] [M]: 0x0000000080000C54 (0x00BF1F13) slli t5, t5, 0xb
x30 <- 0x0000013DFFFBF800

mem[X,0x0000000080000C58] -> 0x0F13
mem[X,0x0000000080000C5A] -> 0x7FFF
[795] [M]: 0x0000000080000C58 (0x7FFF0F13) addi t5, t5, 0x7ff
x30 <- 0x0000013DFFFBFFFF

mem[X,0x0000000080000C5C] -> 0x1F13
mem[X,0x0000000080000C5E] -> 0x00AF
[796] [M]: 0x0000000080000C5C (0x00AF1F13) slli t5, t5, 0xa
x30 <- 0x0004F7FFEFFFFC00

mem[X,0x0000000080000C60] -> 0x0F13
mem[X,0x0000000080000C62] -> 0x3F6F
[797] [M]: 0x0000000080000C60 (0x3F6F0F13) addi t5, t5, 0x3f6
x30 <- 0x0004F7FFEFFFFFF6

mem[X,0x0000000080000C64] -> 0x0EB7
mem[X,0x0000000080000C66] -> 0x0008
[798] [M]: 0x0000000080000C64 (0x00080EB7) lui t4, 0x80
x29 <- 0x0000000000080000

mem[X,0x0000000080000C68] -> 0x8E93
mem[X,0x0000000080000C6A] -> 0x001E
[799] [M]: 0x0000000080000C68 (0x001E8E93) addi t4, t4, 0x1
x29 <- 0x0000000000080001

clint::tick mtime <- 0x0000000000000008
 clint timer pending at mtime 0x0000000000000008
htif::tick 0x0000000000000000
mem[X,0x0000000080000C6C] -> 0x9E93
mem[X,0x0000000080000C6E] -> 0x00BE
[800] [M]: 0x0000000080000C6C (0x00BE9E93) slli t4, t4, 0xb
x29 <- 0x0000000040000800

mem[X,0x0000000080000C70] -> 0x8E93
mem[X,0x0000000080000C72] -> 0x001E
[801] [M]: 0x0000000080000C70 (0x001E8E93) addi t4, t4, 0x1
x29 <- 0x0000000040000801

mem[X,0x0000000080000C74] -> 0x9E93
mem[X,0x0000000080000C76] -> 0x00BE
[802] [M]: 0x0000000080000C74 (0x00BE9E93) slli t4, t4, 0xb
x29 <- 0x0000020000400800

mem[X,0x0000000080000C78] -> 0x8E93
mem[X,0x0000000080000C7A] -> 0x010E
[803] [M]: 0x0000000080000C78 (0x010E8E93) addi t4, t4, 0x10
x29 <- 0x0000020000400810

mem[X,0x0000000080000C7C] -> 0x9E93
mem[X,0x0000000080000C7E] -> 0x00AE
[804] [M]: 0x0000000080000C7C (0x00AE9E93) slli t4, t4, 0xa
x29 <- 0x0008000100204000

mem[X,0x0000000080000C80] -> 0x7FBB
mem[X,0x0000000080000C82] -> 0xA5DF
[805] [M]: 0x0000000080000C80 (0xA5DF7FBB) pmulhsu.h.be t6, t5, t4
x31 <- 0x0000FFFFFFFD0000

mem[X,0x0000000080000C84] -> 0xB423
mem[X,0x0000000080000C86] -> 0x05F2
[806] [M]: 0x0000000080000C84 (0x05F2B423) sd t6, 0x48(t0)
mem[0x0000000080004240] <- 0x0000FFFFFFFD0000

mem[X,0x0000000080000C88] -> 0x0F37
mem[X,0x0000000080000C8A] -> 0xFF7F
[807] [M]: 0x0000000080000C88 (0xFF7F0F37) lui t5, -0x810
x30 <- 0xFFFFFFFFFF7F0000

mem[X,0x0000000080000C8C] -> 0x0F13
mem[X,0x0000000080000C8E] -> 0x004F
[808] [M]: 0x0000000080000C8C (0x004F0F13) addi t5, t5, 0x4
x30 <- 0xFFFFFFFFFF7F0004

mem[X,0x0000000080000C90] -> 0x1F13
mem[X,0x0000000080000C92] -> 0x00BF
[809] [M]: 0x0000000080000C90 (0x00BF1F13) slli t5, t5, 0xb
x30 <- 0xFFFFFFFBF8002000

mem[X,0x0000000080000C94] -> 0x0F13
mem[X,0x0000000080000C96] -> 0x008F
[810] [M]: 0x0000000080000C94 (0x008F0F13) addi t5, t5, 0x8
x30 <- 0xFFFFFFFBF8002008

mem[X,0x0000000080000C98] -> 0x1F13
mem[X,0x0000000080000C9A] -> 0x00BF
[811] [M]: 0x0000000080000C98 (0x00BF1F13) slli t5, t5, 0xb
x30 <- 0xFFFFDFC001004000

mem[X,0x0000000080000C9C] -> 0x0F13
mem[X,0x0000000080000C9E] -> 0x000F
[812] [M]: 0x0000000080000C9C (0x000F0F13) addi t5, t5, 0x0
x30 <- 0xFFFFDFC001004000

mem[X,0x0000000080000CA0] -> 0x1F13
mem[X,0x0000000080000CA2] -> 0x00AF
[813] [M]: 0x0000000080000CA0 (0x00AF1F13) slli t5, t5, 0xa
x30 <- 0xFF7F000401000000

mem[X,0x0000000080000CA4] -> 0x0F13
mem[X,0x0000000080000CA6] -> 0x006F
[814] [M]: 0x0000000080000CA4 (0x006F0F13) addi t5, t5, 0x6
x30 <- 0xFF7F000401000006

mem[X,0x0000000080000CA8] -> 0x0EB7
mem[X,0x0000000080000CAA] -> 0x0020
[815] [M]: 0x0000000080000CA8 (0x00200EB7) lui t4, 0x200
x29 <- 0x0000000000200000

mem[X,0x0000000080000CAC] -> 0x8E93
mem[X,0x0000000080000CAE] -> 0x080E
[816] [M]: 0x0000000080000CAC (0x080E8E93) addi t4, t4, 0x80
x29 <- 0x0000000000200080

mem[X,0x0000000080000CB0] -> 0x9E93
mem[X,0x0000000080000CB2] -> 0x00BE
[817] [M]: 0x0000000080000CB0 (0x00BE9E93) slli t4, t4, 0xb
x29 <- 0x0000000100040000

mem[X,0x0000000080000CB4] -> 0x8E93
mem[X,0x0000000080000CB6] -> 0x000E
[818] [M]: 0x0000000080000CB4 (0x000E8E93) addi t4, t4, 0x0
x29 <- 0x0000000100040000

mem[X,0x0000000080000CB8] -> 0x9E93
mem[X,0x0000000080000CBA] -> 0x00BE
[819] [M]: 0x0000000080000CB8 (0x00BE9E93) slli t4, t4, 0xb
x29 <- 0x0000080020000000

mem[X,0x0000000080000CBC] -> 0x8E93
mem[X,0x0000000080000CBE] -> 0x140E
[820] [M]: 0x0000000080000CBC (0x140E8E93) addi t4, t4, 0x140
x29 <- 0x0000080020000140

mem[X,0x0000000080000CC0] -> 0x9E93
mem[X,0x0000000080000CC2] -> 0x00AE
[821] [M]: 0x0000000080000CC0 (0x00AE9E93) slli t4, t4, 0xa
x29 <- 0x0020008000050000

mem[X,0x0000000080000CC4] -> 0x8E93
mem[X,0x0000000080000CC6] -> 0x004E
[822] [M]: 0x0000000080000CC4 (0x004E8E93) addi t4, t4, 0x4
x29 <- 0x0020008000050004

mem[X,0x0000000080000CC8] -> 0x7FBB
mem[X,0x0000000080000CCA] -> 0xA5DF
[823] [M]: 0x0000000080000CC8 (0xA5DF7FBB) pmulhsu.h.be t6, t5, t4
x31 <- 0xFFFF000000000000

mem[X,0x0000000080000CCC] -> 0xB823
mem[X,0x0000000080000CCE] -> 0x05F2
[824] [M]: 0x0000000080000CCC (0x05F2B823) sd t6, 0x50(t0)
mem[0x0000000080004248] <- 0xFFFF000000000000

mem[X,0x0000000080000CD0] -> 0xCF37
mem[X,0x0000000080000CD2] -> 0xFFEF
[825] [M]: 0x0000000080000CD0 (0xFFEFCF37) lui t5, -0x104
x30 <- 0xFFFFFFFFFFEFC000

mem[X,0x0000000080000CD4] -> 0x0F13
mem[X,0x0000000080000CD6] -> 0xFFFF
[826] [M]: 0x0000000080000CD4 (0xFFFF0F13) addi t5, t5, -0x1
x30 <- 0xFFFFFFFFFFEFBFFF

mem[X,0x0000000080000CD8] -> 0x1F13
mem[X,0x0000000080000CDA] -> 0x00BF
[827] [M]: 0x0000000080000CD8 (0x00BF1F13) slli t5, t5, 0xb
x30 <- 0xFFFFFFFF7DFFF800

mem[X,0x0000000080000CDC] -> 0x0F13
mem[X,0x0000000080000CDE] -> 0x7FFF
[828] [M]: 0x0000000080000CDC (0x7FFF0F13) addi t5, t5, 0x7ff
x30 <- 0xFFFFFFFF7DFFFFFF

mem[X,0x0000000080000CE0] -> 0x1F13
mem[X,0x0000000080000CE2] -> 0x00BF
[829] [M]: 0x0000000080000CE0 (0x00BF1F13) slli t5, t5, 0xb
x30 <- 0xFFFFFBEFFFFFF800

mem[X,0x0000000080000CE4] -> 0x0F13
mem[X,0x0000000080000CE6] -> 0x72FF
[830] [M]: 0x0000000080000CE4 (0x72FF0F13) addi t5, t5, 0x72f
x30 <- 0xFFFFFBEFFFFFFF2F

mem[X,0x0000000080000CE8] -> 0x1F13
mem[X,0x0000000080000CEA] -> 0x00AF
[831] [M]: 0x0000000080000CE8 (0x00AF1F13) slli t5, t5, 0xa
x30 <- 0xFFEFBFFFFFFCBC00

mem[X,0x0000000080000CEC] -> 0x0F13
mem[X,0x0000000080000CEE] -> 0x3FFF
[832] [M]: 0x0000000080000CEC (0x3FFF0F13) addi t5, t5, 0x3ff
x30 <- 0xFFEFBFFFFFFCBFFF

mem[X,0x0000000080000CF0] -> 0x4EB7
mem[X,0x0000000080000CF2] -> 0x0400
[833] [M]: 0x0000000080000CF0 (0x04004EB7) lui t4, 0x4004
x29 <- 0x0000000004004000

mem[X,0x0000000080000CF4] -> 0x8E93
mem[X,0x0000000080000CF6] -> 0xFFFE
[834] [M]: 0x0000000080000CF4 (0xFFFE8E93) addi t4, t4, -0x1
x29 <- 0x0000000004003FFF

mem[X,0x0000000080000CF8] -> 0x9E93
mem[X,0x0000000080000CFA] -> 0x00BE
[835] [M]: 0x0000000080000CF8 (0x00BE9E93) slli t4, t4, 0xb
x29 <- 0x0000002001FFF800

mem[X,0x0000000080000CFC] -> 0x8E93
mem[X,0x0000000080000CFE] -> 0x7EFE
[836] [M]: 0x0000000080000CFC (0x7EFE8E93) addi t4, t4, 0x7ef
x29 <- 0x0000002001FFFFEF

mem[X,0x0000000080000D00] -> 0x9E93
mem[X,0x0000000080000D02] -> 0x00BE
[837] [M]: 0x0000000080000D00 (0x00BE9E93) slli t4, t4, 0xb
x29 <- 0x0001000FFFFF7800

mem[X,0x0000000080000D04] -> 0x8E93
mem[X,0x0000000080000D06] -> 0x7C0E
[838] [M]: 0x0000000080000D04 (0x7C0E8E93) addi t4, t4, 0x7c0
x29 <- 0x0001000FFFFF7FC0

mem[X,0x0000000080000D08] -> 0x9E93
mem[X,0x0000000080000D0A] -> 0x00AE
[839] [M]: 0x0000000080000D08 (0x00AE9E93) slli t4, t4, 0xa
x29 <- 0x04003FFFFDFF0000

mem[X,0x0000000080000D0C] -> 0x8E93
mem[X,0x0000000080000D0E] -> 0x100E
[840] [M]: 0x0000000080000D0C (0x100E8E93) addi t4, t4, 0x100
x29 <- 0x04003FFFFDFF0100

mem[X,0x0000000080000D10] -> 0x7FBB
mem[X,0x0000000080000D12] -> 0xA5DF
[841] [M]: 0x0000000080000D10 (0xA5DF7FBB) pmulhsu.h.be t6, t5, t4
x31 <- 0x0000FFC0FFFF0000

mem[X,0x0000000080000D14] -> 0xBC23
mem[X,0x0000000080000D16] -> 0x05F2
[842] [M]: 0x0000000080000D14 (0x05F2BC23) sd t6, 0x58(t0)
mem[0x0000000080004250] <- 0x0000FFC0FFFF0000

mem[X,0x0000000080000D18] -> 0xFF37
mem[X,0x0000000080000D1A] -> 0xFFF9
[843] [M]: 0x0000000080000D18 (0xFFF9FF37) lui t5, -0x61
x30 <- 0xFFFFFFFFFFF9F000

mem[X,0x0000000080000D1C] -> 0x0F13
mem[X,0x0000000080000D1E] -> 0x7FFF
[844] [M]: 0x0000000080000D1C (0x7FFF0F13) addi t5, t5, 0x7ff
x30 <- 0xFFFFFFFFFFF9F7FF

mem[X,0x0000000080000D20] -> 0x1F13
mem[X,0x0000000080000D22] -> 0x00BF
[845] [M]: 0x0000000080000D20 (0x00BF1F13) slli t5, t5, 0xb
x30 <- 0xFFFFFFFFCFBFF800

mem[X,0x0000000080000D24] -> 0x0F13
mem[X,0x0000000080000D26] -> 0x7FFF
[846] [M]: 0x0000000080000D24 (0x7FFF0F13) addi t5, t5, 0x7ff
x30 <- 0xFFFFFFFFCFBFFFFF

mem[X,0x0000000080000D28] -> 0x1F13
mem[X,0x0000000080000D2A] -> 0x00BF
[847] [M]: 0x0000000080000D28 (0x00BF1F13) slli t5, t5, 0xb
x30 <- 0xFFFFFE7DFFFFF800

mem[X,0x0000000080000D2C] -> 0x0F13
mem[X,0x0000000080000D2E] -> 0x5C0F
[848] [M]: 0x0000000080000D2C (0x5C0F0F13) addi t5, t5, 0x5c0
x30 <- 0xFFFFFE7DFFFFFDC0

mem[X,0x0000000080000D30] -> 0x1F13
mem[X,0x0000000080000D32] -> 0x00AF
[849] [M]: 0x0000000080000D30 (0x00AF1F13) slli t5, t5, 0xa
x30 <- 0xFFF9F7FFFFF70000

mem[X,0x0000000080000D34] -> 0x0EB7
mem[X,0x0000000080000D36] -> 0x2000
[850] [M]: 0x0000000080000D34 (0x20000EB7) lui t4, 0x20000
x29 <- 0x0000000020000000

mem[X,0x0000000080000D38] -> 0x8E93
mem[X,0x0000000080000D3A] -> 0x000E
[851] [M]: 0x0000000080000D38 (0x000E8E93) addi t4, t4, 0x0
x29 <- 0x0000000020000000

mem[X,0x0000000080000D3C] -> 0x9E93
mem[X,0x0000000080000D3E] -> 0x00BE
[852] [M]: 0x0000000080000D3C (0x00BE9E93) slli t4, t4, 0xb
x29 <- 0x0000010000000000

mem[X,0x0000000080000D40] -> 0x8E93
mem[X,0x0000000080000D42] -> 0x002E
[853] [M]: 0x0000000080000D40 (0x002E8E93) addi t4, t4, 0x2
x29 <- 0x0000010000000002

mem[X,0x0000000080000D44] -> 0x9E93
mem[X,0x0000000080000D46] -> 0x00BE
[854] [M]: 0x0000000080000D44 (0x00BE9E93) slli t4, t4, 0xb
x29 <- 0x0008000000001000

mem[X,0x0000000080000D48] -> 0x8E93
mem[X,0x0000000080000D4A] -> 0x000E
[855] [M]: 0x0000000080000D48 (0x000E8E93) addi t4, t4, 0x0
x29 <- 0x0008000000001000

mem[X,0x0000000080000D4C] -> 0x9E93
mem[X,0x0000000080000D4E] -> 0x00AE
[856] [M]: 0x0000000080000D4C (0x00AE9E93) slli t4, t4, 0xa
x29 <- 0x2000000000400000

mem[X,0x0000000080000D50] -> 0x8E93
mem[X,0x0000000080000D52] -> 0x006E
[857] [M]: 0x0000000080000D50 (0x006E8E93) addi t4, t4, 0x6
x29 <- 0x2000000000400006

mem[X,0x0000000080000D54] -> 0x7FBB
mem[X,0x0000000080000D56] -> 0xA5DF
[858] [M]: 0x0000000080000D54 (0xA5DF7FBB) pmulhsu.h.be t6, t5, t4
x31 <- 0x00000000FFFF0000

mem[X,0x0000000080000D58] -> 0xB023
mem[X,0x0000000080000D5A] -> 0x07F2
[859] [M]: 0x0000000080000D58 (0x07F2B023) sd t6, 0x60(t0)
mem[0x0000000080004258] <- 0x00000000FFFF0000

mem[X,0x0000000080000D5C] -> 0x4F37
mem[X,0x0000000080000D5E] -> 0x0002
[860] [M]: 0x0000000080000D5C (0x00024F37) lui t5, 0x24
x30 <- 0x0000000000024000

mem[X,0x0000000080000D60] -> 0x0F13
mem[X,0x0000000080000D62] -> 0x000F
[861] [M]: 0x0000000080000D60 (0x000F0F13) addi t5, t5, 0x0
x30 <- 0x0000000000024000

mem[X,0x0000000080000D64] -> 0x1F13
mem[X,0x0000000080000D66] -> 0x00BF
[862] [M]: 0x0000000080000D64 (0x00BF1F13) slli t5, t5, 0xb
x30 <- 0x0000000012000000

mem[X,0x0000000080000D68] -> 0x0F13
mem[X,0x0000000080000D6A] -> 0x6FFF
[863] [M]: 0x0000000080000D68 (0x6FFF0F13) addi t5, t5, 0x6ff
x30 <- 0x00000000120006FF

mem[X,0x0000000080000D6C] -> 0x1F13
mem[X,0x0000000080000D6E] -> 0x00BF
[864] [M]: 0x0000000080000D6C (0x00BF1F13) slli t5, t5, 0xb
x30 <- 0x000000900037F800

mem[X,0x0000000080000D70] -> 0x0F13
mem[X,0x0000000080000D72] -> 0x7FFF
[865] [M]: 0x0000000080000D70 (0x7FFF0F13) addi t5, t5, 0x7ff
x30 <- 0x000000900037FFFF

mem[X,0x0000000080000D74] -> 0x1F13
mem[X,0x0000000080000D76] -> 0x00AF
[866] [M]: 0x0000000080000D74 (0x00AF1F13) slli t5, t5, 0xa
x30 <- 0x00024000DFFFFC00

mem[X,0x0000000080000D78] -> 0x0F13
mem[X,0x0000000080000D7A] -> 0x3F9F
[867] [M]: 0x0000000080000D78 (0x3F9F0F13) addi t5, t5, 0x3f9
x30 <- 0x00024000DFFFFFF9

mem[X,0x0000000080000D7C] -> 0x1EB7
mem[X,0x0000000080000D7E] -> 0x4000
[868] [M]: 0x0000000080000D7C (0x40001EB7) lui t4, 0x40001
x29 <- 0x0000000040001000

mem[X,0x0000000080000D80] -> 0x8E93
mem[X,0x0000000080000D82] -> 0x800E
[869] [M]: 0x0000000080000D80 (0x800E8E93) addi t4, t4, -0x800
x29 <- 0x0000000040000800

mem[X,0x0000000080000D84] -> 0x9E93
mem[X,0x0000000080000D86] -> 0x00BE
[870] [M]: 0x0000000080000D84 (0x00BE9E93) slli t4, t4, 0xb
x29 <- 0x0000020000400000

mem[X,0x0000000080000D88] -> 0x8E93
mem[X,0x0000000080000D8A] -> 0x000E
[871] [M]: 0x0000000080000D88 (0x000E8E93) addi t4, t4, 0x0
x29 <- 0x0000020000400000

mem[X,0x0000000080000D8C] -> 0x9E93
mem[X,0x0000000080000D8E] -> 0x00BE
[872] [M]: 0x0000000080000D8C (0x00BE9E93) slli t4, t4, 0xb
x29 <- 0x0010000200000000

mem[X,0x0000000080000D90] -> 0x8E93
mem[X,0x0000000080000D92] -> 0x250E
[873] [M]: 0x0000000080000D90 (0x250E8E93) addi t4, t4, 0x250
x29 <- 0x0010000200000250

mem[X,0x0000000080000D94] -> 0x9E93
mem[X,0x0000000080000D96] -> 0x00AE
[874] [M]: 0x0000000080000D94 (0x00AE9E93) slli t4, t4, 0xa
x29 <- 0x4000080000094000

mem[X,0x0000000080000D98] -> 0x7FBB
mem[X,0x0000000080000D9A] -> 0xA5DF
[875] [M]: 0x0000000080000D98 (0xA5DF7FBB) pmulhsu.h.be t6, t5, t4
x31 <- 0x00000000FFFE0000

mem[X,0x0000000080000D9C] -> 0xB423
mem[X,0x0000000080000D9E] -> 0x07F2
[876] [M]: 0x0000000080000D9C (0x07F2B423) sd t6, 0x68(t0)
mem[0x0000000080004260] <- 0x00000000FFFE0000

mem[X,0x0000000080000DA0] -> 0x0F37
mem[X,0x0000000080000DA2] -> 0x7FFF
[877] [M]: 0x0000000080000DA0 (0x7FFF0F37) lui t5, 0x7fff0
x30 <- 0x000000007FFF0000

mem[X,0x0000000080000DA4] -> 0x0F13
mem[X,0x0000000080000DA6] -> 0x009F
[878] [M]: 0x0000000080000DA4 (0x009F0F13) addi t5, t5, 0x9
x30 <- 0x000000007FFF0009

mem[X,0x0000000080000DA8] -> 0x1F13
mem[X,0x0000000080000DAA] -> 0x00BF
[879] [M]: 0x0000000080000DA8 (0x00BF1F13) slli t5, t5, 0xb
x30 <- 0x000003FFF8004800

mem[X,0x0000000080000DAC] -> 0x0F13
mem[X,0x0000000080000DAE] -> 0x7DFF
[880] [M]: 0x0000000080000DAC (0x7DFF0F13) addi t5, t5, 0x7df
x30 <- 0x000003FFF8004FDF

mem[X,0x0000000080000DB0] -> 0x1F13
mem[X,0x0000000080000DB2] -> 0x00BF
[881] [M]: 0x0000000080000DB0 (0x00BF1F13) slli t5, t5, 0xb
x30 <- 0x001FFFC0027EF800

mem[X,0x0000000080000DB4] -> 0x0F13
mem[X,0x0000000080000DB6] -> 0x7C0F
[882] [M]: 0x0000000080000DB4 (0x7C0F0F13) addi t5, t5, 0x7c0
x30 <- 0x001FFFC0027EFFC0

mem[X,0x0000000080000DB8] -> 0x1F13
mem[X,0x0000000080000DBA] -> 0x00AF
[883] [M]: 0x0000000080000DB8 (0x00AF1F13) slli t5, t5, 0xa
x30 <- 0x7FFF0009FBFF0000

mem[X,0x0000000080000DBC] -> 0x0F13
mem[X,0x0000000080000DBE] -> 0x002F
[884] [M]: 0x0000000080000DBC (0x002F0F13) addi t5, t5, 0x2
x30 <- 0x7FFF0009FBFF0002

mem[X,0x0000000080000DC0] -> 0x0EB7
mem[X,0x0000000080000DC2] -> 0xFFFE
[885] [M]: 0x0000000080000DC0 (0xFFFE0EB7) lui t4, -0x20
x29 <- 0xFFFFFFFFFFFE0000

mem[X,0x0000000080000DC4] -> 0x8E93
mem[X,0x0000000080000DC6] -> 0xFDFE
[886] [M]: 0x0000000080000DC4 (0xFDFE8E93) addi t4, t4, -0x21
x29 <- 0xFFFFFFFFFFFDFFDF

mem[X,0x0000000080000DC8] -> 0x9E93
mem[X,0x0000000080000DCA] -> 0x00BE
[887] [M]: 0x0000000080000DC8 (0x00BE9E93) slli t4, t4, 0xb
x29 <- 0xFFFFFFFFEFFEF800

mem[X,0x0000000080000DCC] -> 0x8E93
mem[X,0x0000000080000DCE] -> 0x000E
[888] [M]: 0x0000000080000DCC (0x000E8E93) addi t4, t4, 0x0
x29 <- 0xFFFFFFFFEFFEF800

mem[X,0x0000000080000DD0] -> 0x9E93
mem[X,0x0000000080000DD2] -> 0x00BE
[889] [M]: 0x0000000080000DD0 (0x00BE9E93) slli t4, t4, 0xb
x29 <- 0xFFFFFF7FF7C00000

mem[X,0x0000000080000DD4] -> 0x8E93
mem[X,0x0000000080000DD6] -> 0x00FE
[890] [M]: 0x0000000080000DD4 (0x00FE8E93) addi t4, t4, 0xf
x29 <- 0xFFFFFF7FF7C0000F

mem[X,0x0000000080000DD8] -> 0x9E93
mem[X,0x0000000080000DDA] -> 0x00AE
[891] [M]: 0x0000000080000DD8 (0x00AE9E93) slli t4, t4, 0xa
x29 <- 0xFFFDFFDF00003C00

mem[X,0x0000000080000DDC] -> 0x8E93
mem[X,0x0000000080000DDE] -> 0x3FFE
[892] [M]: 0x0000000080000DDC (0x3FFE8E93) addi t4, t4, 0x3ff
x29 <- 0xFFFDFFDF00003FFF

mem[X,0x0000000080000DE0] -> 0x7FBB
mem[X,0x0000000080000DE2] -> 0xA5DF
[893] [M]: 0x0000000080000DE0 (0xA5DF7FBB) pmulhsu.h.be t6, t5, t4
x31 <- 0x007E000000000000

mem[X,0x0000000080000DE4] -> 0xB823
mem[X,0x0000000080000DE6] -> 0x07F2
[894] [M]: 0x0000000080000DE4 (0x07F2B823) sd t6, 0x70(t0)
mem[0x0000000080004268] <- 0x007E000000000000

mem[X,0x0000000080000DE8] -> 0x0F37
mem[X,0x0000000080000DEA] -> 0x0400
[895] [M]: 0x0000000080000DE8 (0x04000F37) lui t5, 0x4000
x30 <- 0x0000000004000000

mem[X,0x0000000080000DEC] -> 0x0F13
mem[X,0x0000000080000DEE] -> 0x400F
[896] [M]: 0x0000000080000DEC (0x400F0F13) addi t5, t5, 0x400
x30 <- 0x0000000004000400

mem[X,0x0000000080000DF0] -> 0x1F13
mem[X,0x0000000080000DF2] -> 0x00BF
[897] [M]: 0x0000000080000DF0 (0x00BF1F13) slli t5, t5, 0xb
x30 <- 0x0000002000200000

mem[X,0x0000000080000DF4] -> 0x0F13
mem[X,0x0000000080000DF6] -> 0x2AAF
[898] [M]: 0x0000000080000DF4 (0x2AAF0F13) addi t5, t5, 0x2aa
x30 <- 0x00000020002002AA

mem[X,0x0000000080000DF8] -> 0x1F13
mem[X,0x0000000080000DFA] -> 0x00BF
[899] [M]: 0x0000000080000DF8 (0x00BF1F13) slli t5, t5, 0xb
x30 <- 0x0001000100155000

clint::tick mtime <- 0x0000000000000009
 clint timer pending at mtime 0x0000000000000009
htif::tick 0x0000000000000000
mem[X,0x0000000080000DFC] -> 0x0F13
mem[X,0x0000000080000DFE] -> 0x57FF
[900] [M]: 0x0000000080000DFC (0x57FF0F13) addi t5, t5, 0x57f
x30 <- 0x000100010015557F

mem[X,0x0000000080000E00] -> 0x1F13
mem[X,0x0000000080000E02] -> 0x00AF
[901] [M]: 0x0000000080000E00 (0x00AF1F13) slli t5, t5, 0xa
x30 <- 0x040004005555FC00

mem[X,0x0000000080000E04] -> 0x0F13
mem[X,0x0000000080000E06] -> 0x3DFF
[902] [M]: 0x0000000080000E04 (0x3DFF0F13) addi t5, t5, 0x3df
x30 <- 0x040004005555FFDF

mem[X,0x0000000080000E08] -> 0xCEB7
mem[X,0x0000000080000E0A] -> 0xFFFB
[903] [M]: 0x0000000080000E08 (0xFFFBCEB7) lui t4, -0x44
x29 <- 0xFFFFFFFFFFFBC000

mem[X,0x0000000080000E0C] -> 0x8E93
mem[X,0x0000000080000E0E] -> 0x000E
[904] [M]: 0x0000000080000E0C (0x000E8E93) addi t4, t4, 0x0
x29 <- 0xFFFFFFFFFFFBC000

mem[X,0x0000000080000E10] -> 0x9E93
mem[X,0x0000000080000E12] -> 0x00BE
[905] [M]: 0x0000000080000E10 (0x00BE9E93) slli t4, t4, 0xb
x29 <- 0xFFFFFFFFDE000000

mem[X,0x0000000080000E14] -> 0x8E93
mem[X,0x0000000080000E16] -> 0x5FFE
[906] [M]: 0x0000000080000E14 (0x5FFE8E93) addi t4, t4, 0x5ff
x29 <- 0xFFFFFFFFDE0005FF

mem[X,0x0000000080000E18] -> 0x9E93
mem[X,0x0000000080000E1A] -> 0x00BE
[907] [M]: 0x0000000080000E18 (0x00BE9E93) slli t4, t4, 0xb
x29 <- 0xFFFFFEF0002FF800

mem[X,0x0000000080000E1C] -> 0x8E93
mem[X,0x0000000080000E1E] -> 0x7C0E
[908] [M]: 0x0000000080000E1C (0x7C0E8E93) addi t4, t4, 0x7c0
x29 <- 0xFFFFFEF0002FFFC0

mem[X,0x0000000080000E20] -> 0x9E93
mem[X,0x0000000080000E22] -> 0x00AE
[909] [M]: 0x0000000080000E20 (0x00AE9E93) slli t4, t4, 0xa
x29 <- 0xFFFBC000BFFF0000

mem[X,0x0000000080000E24] -> 0x8E93
mem[X,0x0000000080000E26] -> 0x004E
[910] [M]: 0x0000000080000E24 (0x004E8E93) addi t4, t4, 0x4
x29 <- 0xFFFBC000BFFF0004

mem[X,0x0000000080000E28] -> 0x7FBB
mem[X,0x0000000080000E2A] -> 0xA5DF
[911] [M]: 0x0000000080000E28 (0xA5DF7FBB) pmulhsu.h.be t6, t5, t4
x31 <- 0x000300000054FFFF

mem[X,0x0000000080000E2C] -> 0xBC23
mem[X,0x0000000080000E2E] -> 0x07F2
[912] [M]: 0x0000000080000E2C (0x07F2BC23) sd t6, 0x78(t0)
mem[0x0000000080004270] <- 0x000300000054FFFF

mem[X,0x0000000080000E30] -> 0x0F37
mem[X,0x0000000080000E32] -> 0xFDFF
[913] [M]: 0x0000000080000E30 (0xFDFF0F37) lui t5, -0x2010
x30 <- 0xFFFFFFFFFDFF0000

mem[X,0x0000000080000E34] -> 0x0F13
mem[X,0x0000000080000E36] -> 0x009F
[914] [M]: 0x0000000080000E34 (0x009F0F13) addi t5, t5, 0x9
x30 <- 0xFFFFFFFFFDFF0009

mem[X,0x0000000080000E38] -> 0x1F13
mem[X,0x0000000080000E3A] -> 0x00BF
[915] [M]: 0x0000000080000E38 (0x00BF1F13) slli t5, t5, 0xb
x30 <- 0xFFFFFFEFF8004800

mem[X,0x0000000080000E3C] -> 0x0F13
mem[X,0x0000000080000E3E] -> 0x001F
[916] [M]: 0x0000000080000E3C (0x001F0F13) addi t5, t5, 0x1
x30 <- 0xFFFFFFEFF8004801

mem[X,0x0000000080000E40] -> 0x1F13
mem[X,0x0000000080000E42] -> 0x00BF
[917] [M]: 0x0000000080000E40 (0x00BF1F13) slli t5, t5, 0xb
x30 <- 0xFFFF7FC002400800

mem[X,0x0000000080000E44] -> 0x0F13
mem[X,0x0000000080000E46] -> 0x03DF
[918] [M]: 0x0000000080000E44 (0x03DF0F13) addi t5, t5, 0x3d
x30 <- 0xFFFF7FC00240083D

mem[X,0x0000000080000E48] -> 0x1F13
mem[X,0x0000000080000E4A] -> 0x00AF
[919] [M]: 0x0000000080000E48 (0x00AF1F13) slli t5, t5, 0xa
x30 <- 0xFDFF00090020F400

mem[X,0x0000000080000E4C] -> 0x0F13
mem[X,0x0000000080000E4E] -> 0x3FFF
[920] [M]: 0x0000000080000E4C (0x3FFF0F13) addi t5, t5, 0x3ff
x30 <- 0xFDFF00090020F7FF

mem[X,0x0000000080000E50] -> 0x0EB7
mem[X,0x0000000080000E52] -> 0xFDFF
[921] [M]: 0x0000000080000E50 (0xFDFF0EB7) lui t4, -0x2010
x29 <- 0xFFFFFFFFFDFF0000

mem[X,0x0000000080000E54] -> 0x8E93
mem[X,0x0000000080000E56] -> 0x000E
[922] [M]: 0x0000000080000E54 (0x000E8E93) addi t4, t4, 0x0
x29 <- 0xFFFFFFFFFDFF0000

mem[X,0x0000000080000E58] -> 0x9E93
mem[X,0x0000000080000E5A] -> 0x00BE
[923] [M]: 0x0000000080000E58 (0x00BE9E93) slli t4, t4, 0xb
x29 <- 0xFFFFFFEFF8000000

mem[X,0x0000000080000E5C] -> 0x8E93
mem[X,0x0000000080000E5E] -> 0x002E
[924] [M]: 0x0000000080000E5C (0x002E8E93) addi t4, t4, 0x2
x29 <- 0xFFFFFFEFF8000002

mem[X,0x0000000080000E60] -> 0x9E93
mem[X,0x0000000080000E62] -> 0x00BE
[925] [M]: 0x0000000080000E60 (0x00BE9E93) slli t4, t4, 0xb
x29 <- 0xFFFF7FC000001000

mem[X,0x0000000080000E64] -> 0x8E93
mem[X,0x0000000080000E66] -> 0x01FE
[926] [M]: 0x0000000080000E64 (0x01FE8E93) addi t4, t4, 0x1f
x29 <- 0xFFFF7FC00000101F

mem[X,0x0000000080000E68] -> 0x9E93
mem[X,0x0000000080000E6A] -> 0x00AE
[927] [M]: 0x0000000080000E68 (0x00AE9E93) slli t4, t4, 0xa
x29 <- 0xFDFF000000407C00

mem[X,0x0000000080000E6C] -> 0x8E93
mem[X,0x0000000080000E6E] -> 0x3FFE
[928] [M]: 0x0000000080000E6C (0x3FFE8E93) addi t4, t4, 0x3ff
x29 <- 0xFDFF000000407FFF

mem[X,0x0000000080000E70] -> 0x7FBB
mem[X,0x0000000080000E72] -> 0xA5DF
[929] [M]: 0x0000000080000E70 (0xA5DF7FBB) pmulhsu.h.be t6, t5, t4
x31 <- 0xFFFE00000000FFF8

mem[X,0x0000000080000E74] -> 0xB023
mem[X,0x0000000080000E76] -> 0x09F2
[930] [M]: 0x0000000080000E74 (0x09F2B023) sd t6, 0x80(t0)
mem[0x0000000080004278] <- 0xFFFE00000000FFF8

mem[X,0x0000000080000E78] -> 0x0F37
mem[X,0x0000000080000E7A] -> 0x0008
[931] [M]: 0x0000000080000E78 (0x00080F37) lui t5, 0x80
x30 <- 0x0000000000080000

mem[X,0x0000000080000E7C] -> 0x0F13
mem[X,0x0000000080000E7E] -> 0x004F
[932] [M]: 0x0000000080000E7C (0x004F0F13) addi t5, t5, 0x4
x30 <- 0x0000000000080004

mem[X,0x0000000080000E80] -> 0x1F13
mem[X,0x0000000080000E82] -> 0x00BF
[933] [M]: 0x0000000080000E80 (0x00BF1F13) slli t5, t5, 0xb
x30 <- 0x0000000040002000

mem[X,0x0000000080000E84] -> 0x0F13
mem[X,0x0000000080000E86] -> 0x1FFF
[934] [M]: 0x0000000080000E84 (0x1FFF0F13) addi t5, t5, 0x1ff
x30 <- 0x00000000400021FF

mem[X,0x0000000080000E88] -> 0x1F13
mem[X,0x0000000080000E8A] -> 0x00BF
[935] [M]: 0x0000000080000E88 (0x00BF1F13) slli t5, t5, 0xb
x30 <- 0x00000200010FF800

mem[X,0x0000000080000E8C] -> 0x0F13
mem[X,0x0000000080000E8E] -> 0x7C0F
[936] [M]: 0x0000000080000E8C (0x7C0F0F13) addi t5, t5, 0x7c0
x30 <- 0x00000200010FFFC0

mem[X,0x0000000080000E90] -> 0x1F13
mem[X,0x0000000080000E92] -> 0x00AF
[937] [M]: 0x0000000080000E90 (0x00AF1F13) slli t5, t5, 0xa
x30 <- 0x000800043FFF0000

mem[X,0x0000000080000E94] -> 0x0F13
mem[X,0x0000000080000E96] -> 0x008F
[938] [M]: 0x0000000080000E94 (0x008F0F13) addi t5, t5, 0x8
x30 <- 0x000800043FFF0008

mem[X,0x0000000080000E98] -> 0x0EB7
mem[X,0x0000000080000E9A] -> 0xFC00
[939] [M]: 0x0000000080000E98 (0xFC000EB7) lui t4, -0x4000
x29 <- 0xFFFFFFFFFC000000

mem[X,0x0000000080000E9C] -> 0x8E93
mem[X,0x0000000080000E9E] -> 0xFF9E
[940] [M]: 0x0000000080000E9C (0xFF9E8E93) addi t4, t4, -0x7
x29 <- 0xFFFFFFFFFBFFFFF9

mem[X,0x0000000080000EA0] -> 0x9E93
mem[X,0x0000000080000EA2] -> 0x00BE
[941] [M]: 0x0000000080000EA0 (0x00BE9E93) slli t4, t4, 0xb
x29 <- 0xFFFFFFDFFFFFC800

mem[X,0x0000000080000EA4] -> 0x8E93
mem[X,0x0000000080000EA6] -> 0x002E
[942] [M]: 0x0000000080000EA4 (0x002E8E93) addi t4, t4, 0x2
x29 <- 0xFFFFFFDFFFFFC802

mem[X,0x0000000080000EA8] -> 0x9E93
mem[X,0x0000000080000EAA] -> 0x00BE
[943] [M]: 0x0000000080000EA8 (0x00BE9E93) slli t4, t4, 0xb
x29 <- 0xFFFEFFFFFE401000

mem[X,0x0000000080000EAC] -> 0x8E93
mem[X,0x0000000080000EAE] -> 0x015E
[944] [M]: 0x0000000080000EAC (0x015E8E93) addi t4, t4, 0x15
x29 <- 0xFFFEFFFFFE401015

mem[X,0x0000000080000EB0] -> 0x9E93
mem[X,0x0000000080000EB2] -> 0x00AE
[945] [M]: 0x0000000080000EB0 (0x00AE9E93) slli t4, t4, 0xa
x29 <- 0xFBFFFFF900405400

mem[X,0x0000000080000EB4] -> 0x8E93
mem[X,0x0000000080000EB6] -> 0x155E
[946] [M]: 0x0000000080000EB4 (0x155E8E93) addi t4, t4, 0x155
x29 <- 0xFBFFFFF900405555

mem[X,0x0000000080000EB8] -> 0x7FBB
mem[X,0x0000000080000EBA] -> 0xA5DF
[947] [M]: 0x0000000080000EB8 (0xA5DF7FBB) pmulhsu.h.be t6, t5, t4
x31 <- 0x00000000000F0000

mem[X,0x0000000080000EBC] -> 0xB423
mem[X,0x0000000080000EBE] -> 0x09F2
[948] [M]: 0x0000000080000EBC (0x09F2B423) sd t6, 0x88(t0)
mem[0x0000000080004280] <- 0x00000000000F0000

mem[X,0x0000000080000EC0] -> 0x0F37
mem[X,0x0000000080000EC2] -> 0xFC00
[949] [M]: 0x0000000080000EC0 (0xFC000F37) lui t5, -0x4000
x30 <- 0xFFFFFFFFFC000000

mem[X,0x0000000080000EC4] -> 0x0F13
mem[X,0x0000000080000EC6] -> 0xFFDF
[950] [M]: 0x0000000080000EC4 (0xFFDF0F13) addi t5, t5, -0x3
x30 <- 0xFFFFFFFFFBFFFFFD

mem[X,0x0000000080000EC8] -> 0x1F13
mem[X,0x0000000080000ECA] -> 0x00BF
[951] [M]: 0x0000000080000EC8 (0x00BF1F13) slli t5, t5, 0xb
x30 <- 0xFFFFFFDFFFFFE800

mem[X,0x0000000080000ECC] -> 0x0F13
mem[X,0x0000000080000ECE] -> 0x3FFF
[952] [M]: 0x0000000080000ECC (0x3FFF0F13) addi t5, t5, 0x3ff
x30 <- 0xFFFFFFDFFFFFEBFF

mem[X,0x0000000080000ED0] -> 0x1F13
mem[X,0x0000000080000ED2] -> 0x00BF
[953] [M]: 0x0000000080000ED0 (0x00BF1F13) slli t5, t5, 0xb
x30 <- 0xFFFEFFFFFF5FF800

mem[X,0x0000000080000ED4] -> 0x0F13
mem[X,0x0000000080000ED6] -> 0x7FFF
[954] [M]: 0x0000000080000ED4 (0x7FFF0F13) addi t5, t5, 0x7ff
x30 <- 0xFFFEFFFFFF5FFFFF

mem[X,0x0000000080000ED8] -> 0x1F13
mem[X,0x0000000080000EDA] -> 0x00AF
[955] [M]: 0x0000000080000ED8 (0x00AF1F13) slli t5, t5, 0xa
x30 <- 0xFBFFFFFD7FFFFC00

mem[X,0x0000000080000EDC] -> 0x0F13
mem[X,0x0000000080000EDE] -> 0x3DFF
[956] [M]: 0x0000000080000EDC (0x3DFF0F13) addi t5, t5, 0x3df
x30 <- 0xFBFFFFFD7FFFFFDF

mem[X,0x0000000080000EE0] -> 0x0EB7
mem[X,0x0000000080000EE2] -> 0xF800
[957] [M]: 0x0000000080000EE0 (0xF8000EB7) lui t4, -0x8000
x29 <- 0xFFFFFFFFF8000000

mem[X,0x0000000080000EE4] -> 0x8E93
mem[X,0x0000000080000EE6] -> 0xFF9E
[958] [M]: 0x0000000080000EE4 (0xFF9E8E93) addi t4, t4, -0x7
x29 <- 0xFFFFFFFFF7FFFFF9

mem[X,0x0000000080000EE8] -> 0x9E93
mem[X,0x0000000080000EEA] -> 0x00BE
[959] [M]: 0x0000000080000EE8 (0x00BE9E93) slli t4, t4, 0xb
x29 <- 0xFFFFFFBFFFFFC800

mem[X,0x0000000080000EEC] -> 0x8E93
mem[X,0x0000000080000EEE] -> 0x000E
[960] [M]: 0x0000000080000EEC (0x000E8E93) addi t4, t4, 0x0
x29 <- 0xFFFFFFBFFFFFC800

mem[X,0x0000000080000EF0] -> 0x9E93
mem[X,0x0000000080000EF2] -> 0x00BE
[961] [M]: 0x0000000080000EF0 (0x00BE9E93) slli t4, t4, 0xb
x29 <- 0xFFFDFFFFFE400000

mem[X,0x0000000080000EF4] -> 0x8E93
mem[X,0x0000000080000EF6] -> 0x040E
[962] [M]: 0x0000000080000EF4 (0x040E8E93) addi t4, t4, 0x40
x29 <- 0xFFFDFFFFFE400040

mem[X,0x0000000080000EF8] -> 0x9E93
mem[X,0x0000000080000EFA] -> 0x00AE
[963] [M]: 0x0000000080000EF8 (0x00AE9E93) slli t4, t4, 0xa
x29 <- 0xF7FFFFF900010000

mem[X,0x0000000080000EFC] -> 0x8E93
mem[X,0x0000000080000EFE] -> 0x005E
[964] [M]: 0x0000000080000EFC (0x005E8E93) addi t4, t4, 0x5
x29 <- 0xF7FFFFF900010005

mem[X,0x0000000080000F00] -> 0x7FBB
mem[X,0x0000000080000F02] -> 0xA5DF
[965] [M]: 0x0000000080000F00 (0xA5DF7FBB) pmulhsu.h.be t6, t5, t4
x31 <- 0xFFFCFFFF0000FFFF

mem[X,0x0000000080000F04] -> 0xB823
mem[X,0x0000000080000F06] -> 0x09F2
[966] [M]: 0x0000000080000F04 (0x09F2B823) sd t6, 0x90(t0)
mem[0x0000000080004288] <- 0xFFFCFFFF0000FFFF

mem[X,0x0000000080000F08] -> 0x0F37
mem[X,0x0000000080000F0A] -> 0xDFFF
[967] [M]: 0x0000000080000F08 (0xDFFF0F37) lui t5, -0x20010
x30 <- 0xFFFFFFFFDFFF0000

mem[X,0x0000000080000F0C] -> 0x0F13
mem[X,0x0000000080000F0E] -> 0x020F
[968] [M]: 0x0000000080000F0C (0x020F0F13) addi t5, t5, 0x20
x30 <- 0xFFFFFFFFDFFF0020

mem[X,0x0000000080000F10] -> 0x1F13
mem[X,0x0000000080000F12] -> 0x00BF
[969] [M]: 0x0000000080000F10 (0x00BF1F13) slli t5, t5, 0xb
x30 <- 0xFFFFFEFFF8010000

mem[X,0x0000000080000F14] -> 0x0F13
mem[X,0x0000000080000F16] -> 0x400F
[970] [M]: 0x0000000080000F14 (0x400F0F13) addi t5, t5, 0x400
x30 <- 0xFFFFFEFFF8010400

mem[X,0x0000000080000F18] -> 0x1F13
mem[X,0x0000000080000F1A] -> 0x00BF
[971] [M]: 0x0000000080000F18 (0x00BF1F13) slli t5, t5, 0xb
x30 <- 0xFFF7FFC008200000

mem[X,0x0000000080000F1C] -> 0x0F13
mem[X,0x0000000080000F1E] -> 0x03BF
[972] [M]: 0x0000000080000F1C (0x03BF0F13) addi t5, t5, 0x3b
x30 <- 0xFFF7FFC00820003B

mem[X,0x0000000080000F20] -> 0x1F13
mem[X,0x0000000080000F22] -> 0x00AF
[973] [M]: 0x0000000080000F20 (0x00AF1F13) slli t5, t5, 0xa
x30 <- 0xDFFF00208000EC00

mem[X,0x0000000080000F24] -> 0x0F13
mem[X,0x0000000080000F26] -> 0x3FFF
[974] [M]: 0x0000000080000F24 (0x3FFF0F13) addi t5, t5, 0x3ff
x30 <- 0xDFFF00208000EFFF

mem[X,0x0000000080000F28] -> 0x0EB7
mem[X,0x0000000080000F2A] -> 0xFFF7
[975] [M]: 0x0000000080000F28 (0xFFF70EB7) lui t4, -0x90
x29 <- 0xFFFFFFFFFFF70000

mem[X,0x0000000080000F2C] -> 0x8E93
mem[X,0x0000000080000F2E] -> 0xFF7E
[976] [M]: 0x0000000080000F2C (0xFF7E8E93) addi t4, t4, -0x9
x29 <- 0xFFFFFFFFFFF6FFF7

mem[X,0x0000000080000F30] -> 0x9E93
mem[X,0x0000000080000F32] -> 0x00BE
[977] [M]: 0x0000000080000F30 (0x00BE9E93) slli t4, t4, 0xb
x29 <- 0xFFFFFFFFB7FFB800

mem[X,0x0000000080000F34] -> 0x8E93
mem[X,0x0000000080000F36] -> 0x000E
[978] [M]: 0x0000000080000F34 (0x000E8E93) addi t4, t4, 0x0
x29 <- 0xFFFFFFFFB7FFB800

mem[X,0x0000000080000F38] -> 0x9E93
mem[X,0x0000000080000F3A] -> 0x00BE
[979] [M]: 0x0000000080000F38 (0x00BE9E93) slli t4, t4, 0xb
x29 <- 0xFFFFFDBFFDC00000

mem[X,0x0000000080000F3C] -> 0x8E93
mem[X,0x0000000080000F3E] -> 0x1BBE
[980] [M]: 0x0000000080000F3C (0x1BBE8E93) addi t4, t4, 0x1bb
x29 <- 0xFFFFFDBFFDC001BB

mem[X,0x0000000080000F40] -> 0x9E93
mem[X,0x0000000080000F42] -> 0x00AE
[981] [M]: 0x0000000080000F40 (0x00AE9E93) slli t4, t4, 0xa
x29 <- 0xFFF6FFF70006EC00

mem[X,0x0000000080000F44] -> 0x8E93
mem[X,0x0000000080000F46] -> 0x3FFE
[982] [M]: 0x0000000080000F44 (0x3FFE8E93) addi t4, t4, 0x3ff
x29 <- 0xFFF6FFF70006EFFF

mem[X,0x0000000080000F48] -> 0x7FBB
mem[X,0x0000000080000F4A] -> 0xA5DF
[983] [M]: 0x0000000080000F48 (0xA5DF7FBB) pmulhsu.h.be t6, t5, t4
x31 <- 0xFFE10000FFFDFFF0

mem[X,0x0000000080000F4C] -> 0xBC23
mem[X,0x0000000080000F4E] -> 0x09F2
[984] [M]: 0x0000000080000F4C (0x09F2BC23) sd t6, 0x98(t0)
mem[0x0000000080004290] <- 0xFFE10000FFFDFFF0

mem[X,0x0000000080000F50] -> 0x0F37
mem[X,0x0000000080000F52] -> 0x0005
[985] [M]: 0x0000000080000F50 (0x00050F37) lui t5, 0x50
x30 <- 0x0000000000050000

mem[X,0x0000000080000F54] -> 0x0F13
mem[X,0x0000000080000F56] -> 0x006F
[986] [M]: 0x0000000080000F54 (0x006F0F13) addi t5, t5, 0x6
x30 <- 0x0000000000050006

mem[X,0x0000000080000F58] -> 0x1F13
mem[X,0x0000000080000F5A] -> 0x00BF
[987] [M]: 0x0000000080000F58 (0x00BF1F13) slli t5, t5, 0xb
x30 <- 0x0000000028003000

mem[X,0x0000000080000F5C] -> 0x0F13
mem[X,0x0000000080000F5E] -> 0x7FFF
[988] [M]: 0x0000000080000F5C (0x7FFF0F13) addi t5, t5, 0x7ff
x30 <- 0x00000000280037FF

mem[X,0x0000000080000F60] -> 0x1F13
mem[X,0x0000000080000F62] -> 0x00BF
[989] [M]: 0x0000000080000F60 (0x00BF1F13) slli t5, t5, 0xb
x30 <- 0x0000014001BFF800

mem[X,0x0000000080000F64] -> 0x0F13
mem[X,0x0000000080000F66] -> 0x7FFF
[990] [M]: 0x0000000080000F64 (0x7FFF0F13) addi t5, t5, 0x7ff
x30 <- 0x0000014001BFFFFF

mem[X,0x0000000080000F68] -> 0x1F13
mem[X,0x0000000080000F6A] -> 0x00AF
[991] [M]: 0x0000000080000F68 (0x00AF1F13) slli t5, t5, 0xa
x30 <- 0x00050006FFFFFC00

mem[X,0x0000000080000F6C] -> 0x0F13
mem[X,0x0000000080000F6E] -> 0x2FFF
[992] [M]: 0x0000000080000F6C (0x2FFF0F13) addi t5, t5, 0x2ff
x30 <- 0x00050006FFFFFEFF

mem[X,0x0000000080000F70] -> 0x0EB7
mem[X,0x0000000080000F72] -> 0x0040
[993] [M]: 0x0000000080000F70 (0x00400EB7) lui t4, 0x400
x29 <- 0x0000000000400000

mem[X,0x0000000080000F74] -> 0x8E93
mem[X,0x0000000080000F76] -> 0x040E
[994] [M]: 0x0000000080000F74 (0x040E8E93) addi t4, t4, 0x40
x29 <- 0x0000000000400040

mem[X,0x0000000080000F78] -> 0x9E93
mem[X,0x0000000080000F7A] -> 0x00BE
[995] [M]: 0x0000000080000F78 (0x00BE9E93) slli t4, t4, 0xb
x29 <- 0x0000000200020000

mem[X,0x0000000080000F7C] -> 0x8E93
mem[X,0x0000000080000F7E] -> 0x7FDE
[996] [M]: 0x0000000080000F7C (0x7FDE8E93) addi t4, t4, 0x7fd
x29 <- 0x00000002000207FD

mem[X,0x0000000080000F80] -> 0x9E93
mem[X,0x0000000080000F82] -> 0x00BE
[997] [M]: 0x0000000080000F80 (0x00BE9E93) slli t4, t4, 0xb
x29 <- 0x00001000103FE800

mem[X,0x0000000080000F84] -> 0x8E93
mem[X,0x0000000080000F86] -> 0x7C0E
[998] [M]: 0x0000000080000F84 (0x7C0E8E93) addi t4, t4, 0x7c0
x29 <- 0x00001000103FEFC0

mem[X,0x0000000080000F88] -> 0x9E93
mem[X,0x0000000080000F8A] -> 0x00AE
[999] [M]: 0x0000000080000F88 (0x00AE9E93) slli t4, t4, 0xa
x29 <- 0x00400040FFBF0000

clint::tick mtime <- 0x000000000000000A
 clint timer pending at mtime 0x000000000000000A
htif::tick 0x0000000000000000
mem[X,0x0000000080000F8C] -> 0x8E93
mem[X,0x0000000080000F8E] -> 0x200E
[1000] [M]: 0x0000000080000F8C (0x200E8E93) addi t4, t4, 0x200
x29 <- 0x00400040FFBF0200

mem[X,0x0000000080000F90] -> 0x7FBB
mem[X,0x0000000080000F92] -> 0xA5DF
[1001] [M]: 0x0000000080000F90 (0xA5DF7FBB) pmulhsu.h.be t6, t5, t4
x31 <- 0x00000000FFFF0000

mem[X,0x0000000080000F94] -> 0xB023
mem[X,0x0000000080000F96] -> 0x0BF2
[1002] [M]: 0x0000000080000F94 (0x0BF2B023) sd t6, 0xa0(t0)
mem[0x0000000080004298] <- 0x00000000FFFF0000

mem[X,0x0000000080000F98] -> 0x0F37
mem[X,0x0000000080000F9A] -> 0x0100
[1003] [M]: 0x0000000080000F98 (0x01000F37) lui t5, 0x1000
x30 <- 0x0000000001000000

mem[X,0x0000000080000F9C] -> 0x0F13
mem[X,0x0000000080000F9E] -> 0x005F
[1004] [M]: 0x0000000080000F9C (0x005F0F13) addi t5, t5, 0x5
x30 <- 0x0000000001000005

mem[X,0x0000000080000FA0] -> 0x1F13
mem[X,0x0000000080000FA2] -> 0x00BF
[1005] [M]: 0x0000000080000FA0 (0x00BF1F13) slli t5, t5, 0xb
x30 <- 0x0000000800002800

mem[X,0x0000000080000FA4] -> 0x0F13
mem[X,0x0000000080000FA6] -> 0x000F
[1006] [M]: 0x0000000080000FA4 (0x000F0F13) addi t5, t5, 0x0
x30 <- 0x0000000800002800

mem[X,0x0000000080000FA8] -> 0x1F13
mem[X,0x0000000080000FAA] -> 0x00BF
[1007] [M]: 0x0000000080000FA8 (0x00BF1F13) slli t5, t5, 0xb
x30 <- 0x0000400001400000

mem[X,0x0000000080000FAC] -> 0x0F13
mem[X,0x0000000080000FAE] -> 0x000F
[1008] [M]: 0x0000000080000FAC (0x000F0F13) addi t5, t5, 0x0
x30 <- 0x0000400001400000

mem[X,0x0000000080000FB0] -> 0x1F13
mem[X,0x0000000080000FB2] -> 0x00AF
[1009] [M]: 0x0000000080000FB0 (0x00AF1F13) slli t5, t5, 0xa
x30 <- 0x0100000500000000

mem[X,0x0000000080000FB4] -> 0x0F13
mem[X,0x0000000080000FB6] -> 0x004F
[1010] [M]: 0x0000000080000FB4 (0x004F0F13) addi t5, t5, 0x4
x30 <- 0x0100000500000004

mem[X,0x0000000080000FB8] -> 0xFEB7
mem[X,0x0000000080000FBA] -> 0x0006
[1011] [M]: 0x0000000080000FB8 (0x0006FEB7) lui t4, 0x6f
x29 <- 0x000000000006F000

mem[X,0x0000000080000FBC] -> 0x8E93
mem[X,0x0000000080000FBE] -> 0x7FFE
[1012] [M]: 0x0000000080000FBC (0x7FFE8E93) addi t4, t4, 0x7ff
x29 <- 0x000000000006F7FF

mem[X,0x0000000080000FC0] -> 0x9E93
mem[X,0x0000000080000FC2] -> 0x00BE
[1013] [M]: 0x0000000080000FC0 (0x00BE9E93) slli t4, t4, 0xb
x29 <- 0x0000000037BFF800

mem[X,0x0000000080000FC4] -> 0x8E93
mem[X,0x0000000080000FC6] -> 0x020E
[1014] [M]: 0x0000000080000FC4 (0x020E8E93) addi t4, t4, 0x20
x29 <- 0x0000000037BFF820

mem[X,0x0000000080000FC8] -> 0x9E93
mem[X,0x0000000080000FCA] -> 0x00BE
[1015] [M]: 0x0000000080000FC8 (0x00BE9E93) slli t4, t4, 0xb
x29 <- 0x000001BDFFC10000

mem[X,0x0000000080000FCC] -> 0x8E93
mem[X,0x0000000080000FCE] -> 0x002E
[1016] [M]: 0x0000000080000FCC (0x002E8E93) addi t4, t4, 0x2
x29 <- 0x000001BDFFC10002

mem[X,0x0000000080000FD0] -> 0x9E93
mem[X,0x0000000080000FD2] -> 0x00AE
[1017] [M]: 0x0000000080000FD0 (0x00AE9E93) slli t4, t4, 0xa
x29 <- 0x0006F7FF04000800

mem[X,0x0000000080000FD4] -> 0x7FBB
mem[X,0x0000000080000FD6] -> 0xA5DF
[1018] [M]: 0x0000000080000FD4 (0xA5DF7FBB) pmulhsu.h.be t6, t5, t4
x31 <- 0x0000000000000000

mem[X,0x0000000080000FD8] -> 0xB423
mem[X,0x0000000080000FDA] -> 0x0BF2
[1019] [M]: 0x0000000080000FD8 (0x0BF2B423) sd t6, 0xa8(t0)
mem[0x00000000800042A0] <- 0x0000000000000000

mem[X,0x0000000080000FDC] -> 0xEF37
mem[X,0x0000000080000FDE] -> 0xFF7F
[1020] [M]: 0x0000000080000FDC (0xFF7FEF37) lui t5, -0x802
x30 <- 0xFFFFFFFFFF7FE000

mem[X,0x0000000080000FE0] -> 0x0F13
mem[X,0x0000000080000FE2] -> 0xFFFF
[1021] [M]: 0x0000000080000FE0 (0xFFFF0F13) addi t5, t5, -0x1
x30 <- 0xFFFFFFFFFF7FDFFF

mem[X,0x0000000080000FE4] -> 0x1F13
mem[X,0x0000000080000FE6] -> 0x00BF
[1022] [M]: 0x0000000080000FE4 (0x00BF1F13) slli t5, t5, 0xb
x30 <- 0xFFFFFFFBFEFFF800

mem[X,0x0000000080000FE8] -> 0x0F13
mem[X,0x0000000080000FEA] -> 0x000F
[1023] [M]: 0x0000000080000FE8 (0x000F0F13) addi t5, t5, 0x0
x30 <- 0xFFFFFFFBFEFFF800

mem[X,0x0000000080000FEC] -> 0x1F13
mem[X,0x0000000080000FEE] -> 0x00BF
[1024] [M]: 0x0000000080000FEC (0x00BF1F13) slli t5, t5, 0xb
x30 <- 0xFFFFDFF7FFC00000

mem[X,0x0000000080000FF0] -> 0x0F13
mem[X,0x0000000080000FF2] -> 0x041F
[1025] [M]: 0x0000000080000FF0 (0x041F0F13) addi t5, t5, 0x41
x30 <- 0xFFFFDFF7FFC00041

mem[X,0x0000000080000FF4] -> 0x1F13
mem[X,0x0000000080000FF6] -> 0x00AF
[1026] [M]: 0x0000000080000FF4 (0x00AF1F13) slli t5, t5, 0xa
x30 <- 0xFF7FDFFF00010400

mem[X,0x0000000080000FF8] -> 0xFEB7
mem[X,0x0000000080000FFA] -> 0x0009
[1027] [M]: 0x0000000080000FF8 (0x0009FEB7) lui t4, 0x9f
x29 <- 0x000000000009F000

mem[X,0x0000000080000FFC] -> 0x8E93
mem[X,0x0000000080000FFE] -> 0xFFFE
[1028] [M]: 0x0000000080000FFC (0xFFFE8E93) addi t4, t4, -0x1
x29 <- 0x000000000009EFFF

mem[X,0x0000000080001000] -> 0x9E93
mem[X,0x0000000080001002] -> 0x00BE
[1029] [M]: 0x0000000080001000 (0x00BE9E93) slli t4, t4, 0xb
x29 <- 0x000000004F7FF800

mem[X,0x0000000080001004] -> 0x8E93
mem[X,0x0000000080001006] -> 0x7EFE
[1030] [M]: 0x0000000080001004 (0x7EFE8E93) addi t4, t4, 0x7ef
x29 <- 0x000000004F7FFFEF

mem[X,0x0000000080001008] -> 0x9E93
mem[X,0x000000008000100A] -> 0x00BE
[1031] [M]: 0x0000000080001008 (0x00BE9E93) slli t4, t4, 0xb
x29 <- 0x0000027BFFFF7800

mem[X,0x000000008000100C] -> 0x8E93
mem[X,0x000000008000100E] -> 0x7FEE
[1032] [M]: 0x000000008000100C (0x7FEE8E93) addi t4, t4, 0x7fe
x29 <- 0x0000027BFFFF7FFE

mem[X,0x0000000080001010] -> 0x9E93
mem[X,0x0000000080001012] -> 0x00AE
[1033] [M]: 0x0000000080001010 (0x00AE9E93) slli t4, t4, 0xa
x29 <- 0x0009EFFFFDFFF800

mem[X,0x0000000080001014] -> 0x8E93
mem[X,0x0000000080001016] -> 0x3FFE
[1034] [M]: 0x0000000080001014 (0x3FFE8E93) addi t4, t4, 0x3ff
x29 <- 0x0009EFFFFDFFFBFF

mem[X,0x0000000080001018] -> 0x7FBB
mem[X,0x000000008000101A] -> 0xA5DF
[1035] [M]: 0x0000000080001018 (0xA5DF7FBB) pmulhsu.h.be t6, t5, t4
x31 <- 0xFFFFFFE000000003

mem[X,0x000000008000101C] -> 0xB823
mem[X,0x000000008000101E] -> 0x0BF2
[1036] [M]: 0x000000008000101C (0x0BF2B823) sd t6, 0xb0(t0)
mem[0x00000000800042A8] <- 0xFFFFFFE000000003

mem[X,0x0000000080001020] -> 0x0F37
mem[X,0x0000000080001022] -> 0x0006
[1037] [M]: 0x0000000080001020 (0x00060F37) lui t5, 0x60
x30 <- 0x0000000000060000

mem[X,0x0000000080001024] -> 0x0F13
mem[X,0x0000000080001026] -> 0x020F
[1038] [M]: 0x0000000080001024 (0x020F0F13) addi t5, t5, 0x20
x30 <- 0x0000000000060020

mem[X,0x0000000080001028] -> 0x1F13
mem[X,0x000000008000102A] -> 0x00BF
[1039] [M]: 0x0000000080001028 (0x00BF1F13) slli t5, t5, 0xb
x30 <- 0x0000000030010000

mem[X,0x000000008000102C] -> 0x0F13
mem[X,0x000000008000102E] -> 0x000F
[1040] [M]: 0x000000008000102C (0x000F0F13) addi t5, t5, 0x0
x30 <- 0x0000000030010000

mem[X,0x0000000080001030] -> 0x1F13
mem[X,0x0000000080001032] -> 0x00BF
[1041] [M]: 0x0000000080001030 (0x00BF1F13) slli t5, t5, 0xb
x30 <- 0x0000018008000000

mem[X,0x0000000080001034] -> 0x0F13
mem[X,0x0000000080001036] -> 0x080F
[1042] [M]: 0x0000000080001034 (0x080F0F13) addi t5, t5, 0x80
x30 <- 0x0000018008000080

mem[X,0x0000000080001038] -> 0x1F13
mem[X,0x000000008000103A] -> 0x00AF
[1043] [M]: 0x0000000080001038 (0x00AF1F13) slli t5, t5, 0xa
x30 <- 0x0006002000020000

mem[X,0x000000008000103C] -> 0x0F13
mem[X,0x000000008000103E] -> 0x009F
[1044] [M]: 0x000000008000103C (0x009F0F13) addi t5, t5, 0x9
x30 <- 0x0006002000020009

mem[X,0x0000000080001040] -> 0x0EB7
mem[X,0x0000000080001042] -> 0x0081
[1045] [M]: 0x0000000080001040 (0x00810EB7) lui t4, 0x810
x29 <- 0x0000000000810000

mem[X,0x0000000080001044] -> 0x8E93
mem[X,0x0000000080001046] -> 0xEFFE
[1046] [M]: 0x0000000080001044 (0xEFFE8E93) addi t4, t4, -0x101
x29 <- 0x000000000080FEFF

mem[X,0x0000000080001048] -> 0x9E93
mem[X,0x000000008000104A] -> 0x00BE
[1047] [M]: 0x0000000080001048 (0x00BE9E93) slli t4, t4, 0xb
x29 <- 0x0000000407F7F800

mem[X,0x000000008000104C] -> 0x8E93
mem[X,0x000000008000104E] -> 0x000E
[1048] [M]: 0x000000008000104C (0x000E8E93) addi t4, t4, 0x0
x29 <- 0x0000000407F7F800

mem[X,0x0000000080001050] -> 0x9E93
mem[X,0x0000000080001052] -> 0x00BE
[1049] [M]: 0x0000000080001050 (0x00BE9E93) slli t4, t4, 0xb
x29 <- 0x0000203FBFC00000

mem[X,0x0000000080001054] -> 0x8E93
mem[X,0x0000000080001056] -> 0x100E
[1050] [M]: 0x0000000080001054 (0x100E8E93) addi t4, t4, 0x100
x29 <- 0x0000203FBFC00100

mem[X,0x0000000080001058] -> 0x9E93
mem[X,0x000000008000105A] -> 0x00AE
[1051] [M]: 0x0000000080001058 (0x00AE9E93) slli t4, t4, 0xa
x29 <- 0x0080FEFF00040000

mem[X,0x000000008000105C] -> 0x8E93
mem[X,0x000000008000105E] -> 0x008E
[1052] [M]: 0x000000008000105C (0x008E8E93) addi t4, t4, 0x8
x29 <- 0x0080FEFF00040008

mem[X,0x0000000080001060] -> 0x7FBB
mem[X,0x0000000080001062] -> 0xA5DF
[1053] [M]: 0x0000000080001060 (0xA5DF7FBB) pmulhsu.h.be t6, t5, t4
x31 <- 0x0000000000000000

mem[X,0x0000000080001064] -> 0xBC23
mem[X,0x0000000080001066] -> 0x0BF2
[1054] [M]: 0x0000000080001064 (0x0BF2BC23) sd t6, 0xb8(t0)
mem[0x00000000800042B0] <- 0x0000000000000000

mem[X,0x0000000080001068] -> 0x0F37
mem[X,0x000000008000106A] -> 0xFBFF
[1055] [M]: 0x0000000080001068 (0xFBFF0F37) lui t5, -0x4010
x30 <- 0xFFFFFFFFFBFF0000

mem[X,0x000000008000106C] -> 0x0F13
mem[X,0x000000008000106E] -> 0x080F
[1056] [M]: 0x000000008000106C (0x080F0F13) addi t5, t5, 0x80
x30 <- 0xFFFFFFFFFBFF0080

mem[X,0x0000000080001070] -> 0x1F13
mem[X,0x0000000080001072] -> 0x00BF
[1057] [M]: 0x0000000080001070 (0x00BF1F13) slli t5, t5, 0xb
x30 <- 0xFFFFFFDFF8040000

mem[X,0x0000000080001074] -> 0x0F13
mem[X,0x0000000080001076] -> 0x000F
[1058] [M]: 0x0000000080001074 (0x000F0F13) addi t5, t5, 0x0
x30 <- 0xFFFFFFDFF8040000

mem[X,0x0000000080001078] -> 0x1F13
mem[X,0x000000008000107A] -> 0x00BF
[1059] [M]: 0x0000000080001078 (0x00BF1F13) slli t5, t5, 0xb
x30 <- 0xFFFEFFC020000000

mem[X,0x000000008000107C] -> 0x0F13
mem[X,0x000000008000107E] -> 0x200F
[1060] [M]: 0x000000008000107C (0x200F0F13) addi t5, t5, 0x200
x30 <- 0xFFFEFFC020000200

mem[X,0x0000000080001080] -> 0x1F13
mem[X,0x0000000080001082] -> 0x00AF
[1061] [M]: 0x0000000080001080 (0x00AF1F13) slli t5, t5, 0xa
x30 <- 0xFBFF008000080000

mem[X,0x0000000080001084] -> 0x0F13
mem[X,0x0000000080001086] -> 0x200F
[1062] [M]: 0x0000000080001084 (0x200F0F13) addi t5, t5, 0x200
x30 <- 0xFBFF008000080200

mem[X,0x0000000080001088] -> 0xCEB7
mem[X,0x000000008000108A] -> 0x0800
[1063] [M]: 0x0000000080001088 (0x0800CEB7) lui t4, 0x800c
x29 <- 0x000000000800C000

mem[X,0x000000008000108C] -> 0x8E93
mem[X,0x000000008000108E] -> 0xFFFE
[1064] [M]: 0x000000008000108C (0xFFFE8E93) addi t4, t4, -0x1
x29 <- 0x000000000800BFFF

mem[X,0x0000000080001090] -> 0x9E93
mem[X,0x0000000080001092] -> 0x00BE
[1065] [M]: 0x0000000080001090 (0x00BE9E93) slli t4, t4, 0xb
x29 <- 0x0000004005FFF800

mem[X,0x0000000080001094] -> 0x8E93
mem[X,0x0000000080001096] -> 0x000E
[1066] [M]: 0x0000000080001094 (0x000E8E93) addi t4, t4, 0x0
x29 <- 0x0000004005FFF800

mem[X,0x0000000080001098] -> 0x9E93
mem[X,0x000000008000109A] -> 0x00BE
[1067] [M]: 0x0000000080001098 (0x00BE9E93) slli t4, t4, 0xb
x29 <- 0x0002002FFFC00000

mem[X,0x000000008000109C] -> 0x8E93
mem[X,0x000000008000109E] -> 0x1BFE
[1068] [M]: 0x000000008000109C (0x1BFE8E93) addi t4, t4, 0x1bf
x29 <- 0x0002002FFFC001BF

mem[X,0x00000000800010A0] -> 0x9E93
mem[X,0x00000000800010A2] -> 0x00AE
[1069] [M]: 0x00000000800010A0 (0x00AE9E93) slli t4, t4, 0xa
x29 <- 0x0800BFFF0006FC00

mem[X,0x00000000800010A4] -> 0x8E93
mem[X,0x00000000800010A6] -> 0x3F8E
[1070] [M]: 0x00000000800010A4 (0x3F8E8E93) addi t4, t4, 0x3f8
x29 <- 0x0800BFFF0006FFF8

mem[X,0x00000000800010A8] -> 0x7FBB
mem[X,0x00000000800010AA] -> 0xA5DF
[1071] [M]: 0x00000000800010A8 (0xA5DF7FBB) pmulhsu.h.be t6, t5, t4
x31 <- 0x0000000000000001

mem[X,0x00000000800010AC] -> 0xB023
mem[X,0x00000000800010AE] -> 0x0DF2
[1072] [M]: 0x00000000800010AC (0x0DF2B023) sd t6, 0xc0(t0)
mem[0x00000000800042B8] <- 0x0000000000000001

mem[X,0x00000000800010B0] -> 0x0F37
mem[X,0x00000000800010B2] -> 0xFFF8
[1073] [M]: 0x00000000800010B0 (0xFFF80F37) lui t5, -0x80
x30 <- 0xFFFFFFFFFFF80000

mem[X,0x00000000800010B4] -> 0x0F13
mem[X,0x00000000800010B6] -> 0x006F
[1074] [M]: 0x00000000800010B4 (0x006F0F13) addi t5, t5, 0x6
x30 <- 0xFFFFFFFFFFF80006

mem[X,0x00000000800010B8] -> 0x1F13
mem[X,0x00000000800010BA] -> 0x00BF
[1075] [M]: 0x00000000800010B8 (0x00BF1F13) slli t5, t5, 0xb
x30 <- 0xFFFFFFFFC0003000

mem[X,0x00000000800010BC] -> 0x0F13
mem[X,0x00000000800010BE] -> 0x000F
[1076] [M]: 0x00000000800010BC (0x000F0F13) addi t5, t5, 0x0
x30 <- 0xFFFFFFFFC0003000

mem[X,0x00000000800010C0] -> 0x1F13
mem[X,0x00000000800010C2] -> 0x00BF
[1077] [M]: 0x00000000800010C0 (0x00BF1F13) slli t5, t5, 0xb
x30 <- 0xFFFFFE0001800000

mem[X,0x00000000800010C4] -> 0x0F13
mem[X,0x00000000800010C6] -> 0x43FF
[1078] [M]: 0x00000000800010C4 (0x43FF0F13) addi t5, t5, 0x43f
x30 <- 0xFFFFFE000180043F

mem[X,0x00000000800010C8] -> 0x1F13
mem[X,0x00000000800010CA] -> 0x00AF
[1079] [M]: 0x00000000800010C8 (0x00AF1F13) slli t5, t5, 0xa
x30 <- 0xFFF800060010FC00

mem[X,0x00000000800010CC] -> 0x0F13
mem[X,0x00000000800010CE] -> 0x37FF
[1080] [M]: 0x00000000800010CC (0x37FF0F13) addi t5, t5, 0x37f
x30 <- 0xFFF800060010FF7F

mem[X,0x00000000800010D0] -> 0x0EB7
mem[X,0x00000000800010D2] -> 0xFFFA
[1081] [M]: 0x00000000800010D0 (0xFFFA0EB7) lui t4, -0x60
x29 <- 0xFFFFFFFFFFFA0000

mem[X,0x00000000800010D4] -> 0x8E93
mem[X,0x00000000800010D6] -> 0x009E
[1082] [M]: 0x00000000800010D4 (0x009E8E93) addi t4, t4, 0x9
x29 <- 0xFFFFFFFFFFFA0009

mem[X,0x00000000800010D8] -> 0x9E93
mem[X,0x00000000800010DA] -> 0x00BE
[1083] [M]: 0x00000000800010D8 (0x00BE9E93) slli t4, t4, 0xb
x29 <- 0xFFFFFFFFD0004800

mem[X,0x00000000800010DC] -> 0x8E93
mem[X,0x00000000800010DE] -> 0x400E
[1084] [M]: 0x00000000800010DC (0x400E8E93) addi t4, t4, 0x400
x29 <- 0xFFFFFFFFD0004C00

mem[X,0x00000000800010E0] -> 0x9E93
mem[X,0x00000000800010E2] -> 0x00BE
[1085] [M]: 0x00000000800010E0 (0x00BE9E93) slli t4, t4, 0xb
x29 <- 0xFFFFFE8002600000

mem[X,0x00000000800010E4] -> 0x8E93
mem[X,0x00000000800010E6] -> 0x000E
[1086] [M]: 0x00000000800010E4 (0x000E8E93) addi t4, t4, 0x0
x29 <- 0xFFFFFE8002600000

mem[X,0x00000000800010E8] -> 0x9E93
mem[X,0x00000000800010EA] -> 0x00AE
[1087] [M]: 0x00000000800010E8 (0x00AE9E93) slli t4, t4, 0xa
x29 <- 0xFFFA000980000000

mem[X,0x00000000800010EC] -> 0x8E93
mem[X,0x00000000800010EE] -> 0x020E
[1088] [M]: 0x00000000800010EC (0x020E8E93) addi t4, t4, 0x20
x29 <- 0xFFFA000980000020

mem[X,0x00000000800010F0] -> 0x7FBB
mem[X,0x00000000800010F2] -> 0xA5DF
[1089] [M]: 0x00000000800010F0 (0xA5DF7FBB) pmulhsu.h.be t6, t5, t4
x31 <- 0xFFFF00000000FFFF

mem[X,0x00000000800010F4] -> 0xB423
mem[X,0x00000000800010F6] -> 0x0DF2
[1090] [M]: 0x00000000800010F4 (0x0DF2B423) sd t6, 0xc8(t0)
mem[0x00000000800042C0] <- 0xFFFF00000000FFFF

mem[X,0x00000000800010F8] -> 0x0F37
mem[X,0x00000000800010FA] -> 0x0009
[1091] [M]: 0x00000000800010F8 (0x00090F37) lui t5, 0x90
x30 <- 0x0000000000090000

mem[X,0x00000000800010FC] -> 0x0F13
mem[X,0x00000000800010FE] -> 0x000F
[1092] [M]: 0x00000000800010FC (0x000F0F13) addi t5, t5, 0x0
x30 <- 0x0000000000090000

mem[X,0x0000000080001100] -> 0x1F13
mem[X,0x0000000080001102] -> 0x00BF
[1093] [M]: 0x0000000080001100 (0x00BF1F13) slli t5, t5, 0xb
x30 <- 0x0000000048000000

mem[X,0x0000000080001104] -> 0x0F13
mem[X,0x0000000080001106] -> 0x040F
[1094] [M]: 0x0000000080001104 (0x040F0F13) addi t5, t5, 0x40
x30 <- 0x0000000048000040

mem[X,0x0000000080001108] -> 0x1F13
mem[X,0x000000008000110A] -> 0x00BF
[1095] [M]: 0x0000000080001108 (0x00BF1F13) slli t5, t5, 0xb
x30 <- 0x0000024000020000

mem[X,0x000000008000110C] -> 0x0F13
mem[X,0x000000008000110E] -> 0x001F
[1096] [M]: 0x000000008000110C (0x001F0F13) addi t5, t5, 0x1
x30 <- 0x0000024000020001

mem[X,0x0000000080001110] -> 0x1F13
mem[X,0x0000000080001112] -> 0x00AF
[1097] [M]: 0x0000000080001110 (0x00AF1F13) slli t5, t5, 0xa
x30 <- 0x0009000008000400

mem[X,0x0000000080001114] -> 0x5EB7
mem[X,0x0000000080001116] -> 0xFFFD
[1098] [M]: 0x0000000080001114 (0xFFFD5EB7) lui t4, -0x2b
x29 <- 0xFFFFFFFFFFFD5000

mem[X,0x0000000080001118] -> 0x8E93
mem[X,0x000000008000111A] -> 0x555E
[1099] [M]: 0x0000000080001118 (0x555E8E93) addi t4, t4, 0x555
x29 <- 0xFFFFFFFFFFFD5555

clint::tick mtime <- 0x000000000000000B
 clint timer pending at mtime 0x000000000000000B
htif::tick 0x0000000000000000
mem[X,0x000000008000111C] -> 0x9E93
mem[X,0x000000008000111E] -> 0x00BE
[1100] [M]: 0x000000008000111C (0x00BE9E93) slli t4, t4, 0xb
x29 <- 0xFFFFFFFFEAAAA800

mem[X,0x0000000080001120] -> 0x8E93
mem[X,0x0000000080001122] -> 0x004E
[1101] [M]: 0x0000000080001120 (0x004E8E93) addi t4, t4, 0x4
x29 <- 0xFFFFFFFFEAAAA804

mem[X,0x0000000080001124] -> 0x9E93
mem[X,0x0000000080001126] -> 0x00BE
[1102] [M]: 0x0000000080001124 (0x00BE9E93) slli t4, t4, 0xb
x29 <- 0xFFFFFF5555402000

mem[X,0x0000000080001128] -> 0x8E93
mem[X,0x000000008000112A] -> 0x000E
[1103] [M]: 0x0000000080001128 (0x000E8E93) addi t4, t4, 0x0
x29 <- 0xFFFFFF5555402000

mem[X,0x000000008000112C] -> 0x9E93
mem[X,0x000000008000112E] -> 0x00AE
[1104] [M]: 0x000000008000112C (0x00AE9E93) slli t4, t4, 0xa
x29 <- 0xFFFD555500800000

mem[X,0x0000000080001130] -> 0x8E93
mem[X,0x0000000080001132] -> 0x020E
[1105] [M]: 0x0000000080001130 (0x020E8E93) addi t4, t4, 0x20
x29 <- 0xFFFD555500800020

mem[X,0x0000000080001134] -> 0x7FBB
mem[X,0x0000000080001136] -> 0xA5DF
[1106] [M]: 0x0000000080001134 (0xA5DF7FBB) pmulhsu.h.be t6, t5, t4
x31 <- 0x0000000000040000

mem[X,0x0000000080001138] -> 0xB823
mem[X,0x000000008000113A] -> 0x0DF2
[1107] [M]: 0x0000000080001138 (0x0DF2B823) sd t6, 0xd0(t0)
mem[0x00000000800042C8] <- 0x0000000000040000

mem[X,0x000000008000113C] -> 0x8F37
mem[X,0x000000008000113E] -> 0x0800
[1108] [M]: 0x000000008000113C (0x08008F37) lui t5, 0x8008
x30 <- 0x0000000008008000

mem[X,0x0000000080001140] -> 0x0F13
mem[X,0x0000000080001142] -> 0x000F
[1109] [M]: 0x0000000080001140 (0x000F0F13) addi t5, t5, 0x0
x30 <- 0x0000000008008000

mem[X,0x0000000080001144] -> 0x1F13
mem[X,0x0000000080001146] -> 0x00BF
[1110] [M]: 0x0000000080001144 (0x00BF1F13) slli t5, t5, 0xb
x30 <- 0x0000004004000000

mem[X,0x0000000080001148] -> 0x0F13
mem[X,0x000000008000114A] -> 0x100F
[1111] [M]: 0x0000000080001148 (0x100F0F13) addi t5, t5, 0x100
x30 <- 0x0000004004000100

mem[X,0x000000008000114C] -> 0x1F13
mem[X,0x000000008000114E] -> 0x00BF
[1112] [M]: 0x000000008000114C (0x00BF1F13) slli t5, t5, 0xb
x30 <- 0x0002002000080000

mem[X,0x0000000080001150] -> 0x0F13
mem[X,0x0000000080001152] -> 0x000F
[1113] [M]: 0x0000000080001150 (0x000F0F13) addi t5, t5, 0x0
x30 <- 0x0002002000080000

mem[X,0x0000000080001154] -> 0x1F13
mem[X,0x0000000080001156] -> 0x00AF
[1114] [M]: 0x0000000080001154 (0x00AF1F13) slli t5, t5, 0xa
x30 <- 0x0800800020000000

mem[X,0x0000000080001158] -> 0x0F13
mem[X,0x000000008000115A] -> 0x040F
[1115] [M]: 0x0000000080001158 (0x040F0F13) addi t5, t5, 0x40
x30 <- 0x0800800020000040

mem[X,0x000000008000115C] -> 0x2EB7
mem[X,0x000000008000115E] -> 0x5555
[1116] [M]: 0x000000008000115C (0x55552EB7) lui t4, 0x55552
x29 <- 0x0000000055552000

mem[X,0x0000000080001160] -> 0x8E93
mem[X,0x0000000080001162] -> 0x000E
[1117] [M]: 0x0000000080001160 (0x000E8E93) addi t4, t4, 0x0
x29 <- 0x0000000055552000

mem[X,0x0000000080001164] -> 0x9E93
mem[X,0x0000000080001166] -> 0x00BE
[1118] [M]: 0x0000000080001164 (0x00BE9E93) slli t4, t4, 0xb
x29 <- 0x000002AAA9000000

mem[X,0x0000000080001168] -> 0x8E93
mem[X,0x000000008000116A] -> 0x001E
[1119] [M]: 0x0000000080001168 (0x001E8E93) addi t4, t4, 0x1
x29 <- 0x000002AAA9000001

mem[X,0x000000008000116C] -> 0x9E93
mem[X,0x000000008000116E] -> 0x00BE
[1120] [M]: 0x000000008000116C (0x00BE9E93) slli t4, t4, 0xb
x29 <- 0x0015554800000800

mem[X,0x0000000080001170] -> 0x8E93
mem[X,0x0000000080001172] -> 0x02AE
[1121] [M]: 0x0000000080001170 (0x02AE8E93) addi t4, t4, 0x2a
x29 <- 0x001555480000082A

mem[X,0x0000000080001174] -> 0x9E93
mem[X,0x0000000080001176] -> 0x00AE
[1122] [M]: 0x0000000080001174 (0x00AE9E93) slli t4, t4, 0xa
x29 <- 0x555520000020A800

mem[X,0x0000000080001178] -> 0x8E93
mem[X,0x000000008000117A] -> 0x2AAE
[1123] [M]: 0x0000000080001178 (0x2AAE8E93) addi t4, t4, 0x2aa
x29 <- 0x555520000020AAAA

mem[X,0x000000008000117C] -> 0x7FBB
mem[X,0x000000008000117E] -> 0xA5DF
[1124] [M]: 0x000000008000117C (0xA5DF7FBB) pmulhsu.h.be t6, t5, t4
x31 <- 0x0002000000040000

mem[X,0x0000000080001180] -> 0xBC23
mem[X,0x0000000080001182] -> 0x0DF2
[1125] [M]: 0x0000000080001180 (0x0DF2BC23) sd t6, 0xd8(t0)
mem[0x00000000800042D0] <- 0x0002000000040000

mem[X,0x0000000080001184] -> 0x0F37
mem[X,0x0000000080001186] -> 0x0201
[1126] [M]: 0x0000000080001184 (0x02010F37) lui t5, 0x2010
x30 <- 0x0000000002010000

mem[X,0x0000000080001188] -> 0x0F13
mem[X,0x000000008000118A] -> 0xFFFF
[1127] [M]: 0x0000000080001188 (0xFFFF0F13) addi t5, t5, -0x1
x30 <- 0x000000000200FFFF

mem[X,0x000000008000118C] -> 0x1F13
mem[X,0x000000008000118E] -> 0x00BF
[1128] [M]: 0x000000008000118C (0x00BF1F13) slli t5, t5, 0xb
x30 <- 0x0000001007FFF800

mem[X,0x0000000080001190] -> 0x0F13
mem[X,0x0000000080001192] -> 0x7FFF
[1129] [M]: 0x0000000080001190 (0x7FFF0F13) addi t5, t5, 0x7ff
x30 <- 0x0000001007FFFFFF

mem[X,0x0000000080001194] -> 0x1F13
mem[X,0x0000000080001196] -> 0x00BF
[1130] [M]: 0x0000000080001194 (0x00BF1F13) slli t5, t5, 0xb
x30 <- 0x0000803FFFFFF800

mem[X,0x0000000080001198] -> 0x0F13
mem[X,0x000000008000119A] -> 0x780F
[1131] [M]: 0x0000000080001198 (0x780F0F13) addi t5, t5, 0x780
x30 <- 0x0000803FFFFFFF80

mem[X,0x000000008000119C] -> 0x1F13
mem[X,0x000000008000119E] -> 0x00AF
[1132] [M]: 0x000000008000119C (0x00AF1F13) slli t5, t5, 0xa
x30 <- 0x0200FFFFFFFE0000

mem[X,0x00000000800011A0] -> 0x0F13
mem[X,0x00000000800011A2] -> 0x005F
[1133] [M]: 0x00000000800011A0 (0x005F0F13) addi t5, t5, 0x5
x30 <- 0x0200FFFFFFFE0005

mem[X,0x00000000800011A4] -> 0xCEB7
mem[X,0x00000000800011A6] -> 0xFFF7
[1134] [M]: 0x00000000800011A4 (0xFFF7CEB7) lui t4, -0x84
x29 <- 0xFFFFFFFFFFF7C000

mem[X,0x00000000800011A8] -> 0x8E93
mem[X,0x00000000800011AA] -> 0x000E
[1135] [M]: 0x00000000800011A8 (0x000E8E93) addi t4, t4, 0x0
x29 <- 0xFFFFFFFFFFF7C000

mem[X,0x00000000800011AC] -> 0x9E93
mem[X,0x00000000800011AE] -> 0x00BE
[1136] [M]: 0x00000000800011AC (0x00BE9E93) slli t4, t4, 0xb
x29 <- 0xFFFFFFFFBE000000

mem[X,0x00000000800011B0] -> 0x8E93
mem[X,0x00000000800011B2] -> 0x001E
[1137] [M]: 0x00000000800011B0 (0x001E8E93) addi t4, t4, 0x1
x29 <- 0xFFFFFFFFBE000001

mem[X,0x00000000800011B4] -> 0x9E93
mem[X,0x00000000800011B6] -> 0x00BE
[1138] [M]: 0x00000000800011B4 (0x00BE9E93) slli t4, t4, 0xb
x29 <- 0xFFFFFDF000000800

mem[X,0x00000000800011B8] -> 0x8E93
mem[X,0x00000000800011BA] -> 0x03FE
[1139] [M]: 0x00000000800011B8 (0x03FE8E93) addi t4, t4, 0x3f
x29 <- 0xFFFFFDF00000083F

mem[X,0x00000000800011BC] -> 0x9E93
mem[X,0x00000000800011BE] -> 0x00AE
[1140] [M]: 0x00000000800011BC (0x00AE9E93) slli t4, t4, 0xa
x29 <- 0xFFF7C0000020FC00

mem[X,0x00000000800011C0] -> 0x8E93
mem[X,0x00000000800011C2] -> 0x3F7E
[1141] [M]: 0x00000000800011C0 (0x3F7E8E93) addi t4, t4, 0x3f7
x29 <- 0xFFF7C0000020FFF7

mem[X,0x00000000800011C4] -> 0x7FBB
mem[X,0x00000000800011C6] -> 0xA5DF
[1142] [M]: 0x00000000800011C4 (0xA5DF7FBB) pmulhsu.h.be t6, t5, t4
x31 <- 0x00010000FFFF0000

mem[X,0x00000000800011C8] -> 0xB023
mem[X,0x00000000800011CA] -> 0x0FF2
[1143] [M]: 0x00000000800011C8 (0x0FF2B023) sd t6, 0xe0(t0)
mem[0x00000000800042D8] <- 0x00010000FFFF0000

mem[X,0x00000000800011CC] -> 0x0F37
mem[X,0x00000000800011CE] -> 0x0006
[1144] [M]: 0x00000000800011CC (0x00060F37) lui t5, 0x60
x30 <- 0x0000000000060000

mem[X,0x00000000800011D0] -> 0x0F13
mem[X,0x00000000800011D2] -> 0x002F
[1145] [M]: 0x00000000800011D0 (0x002F0F13) addi t5, t5, 0x2
x30 <- 0x0000000000060002

mem[X,0x00000000800011D4] -> 0x1F13
mem[X,0x00000000800011D6] -> 0x00BF
[1146] [M]: 0x00000000800011D4 (0x00BF1F13) slli t5, t5, 0xb
x30 <- 0x0000000030001000

mem[X,0x00000000800011D8] -> 0x0F13
mem[X,0x00000000800011DA] -> 0x7FFF
[1147] [M]: 0x00000000800011D8 (0x7FFF0F13) addi t5, t5, 0x7ff
x30 <- 0x00000000300017FF

mem[X,0x00000000800011DC] -> 0x1F13
mem[X,0x00000000800011DE] -> 0x00BF
[1148] [M]: 0x00000000800011DC (0x00BF1F13) slli t5, t5, 0xb
x30 <- 0x0000018000BFF800

mem[X,0x00000000800011E0] -> 0x0F13
mem[X,0x00000000800011E2] -> 0x77FF
[1149] [M]: 0x00000000800011E0 (0x77FF0F13) addi t5, t5, 0x77f
x30 <- 0x0000018000BFFF7F

mem[X,0x00000000800011E4] -> 0x1F13
mem[X,0x00000000800011E6] -> 0x00AF
[1150] [M]: 0x00000000800011E4 (0x00AF1F13) slli t5, t5, 0xa
x30 <- 0x00060002FFFDFC00

mem[X,0x00000000800011E8] -> 0x0F13
mem[X,0x00000000800011EA] -> 0x3FAF
[1151] [M]: 0x00000000800011E8 (0x3FAF0F13) addi t5, t5, 0x3fa
x30 <- 0x00060002FFFDFFFA

mem[X,0x00000000800011EC] -> 0x4EB7
mem[X,0x00000000800011EE] -> 0xFFF7
[1152] [M]: 0x00000000800011EC (0xFFF74EB7) lui t4, -0x8c
x29 <- 0xFFFFFFFFFFF74000

mem[X,0x00000000800011F0] -> 0x8E93
mem[X,0x00000000800011F2] -> 0x000E
[1153] [M]: 0x00000000800011F0 (0x000E8E93) addi t4, t4, 0x0
x29 <- 0xFFFFFFFFFFF74000

mem[X,0x00000000800011F4] -> 0x9E93
mem[X,0x00000000800011F6] -> 0x00BE
[1154] [M]: 0x00000000800011F4 (0x00BE9E93) slli t4, t4, 0xb
x29 <- 0xFFFFFFFFBA000000

mem[X,0x00000000800011F8] -> 0x8E93
mem[X,0x00000000800011FA] -> 0x000E
[1155] [M]: 0x00000000800011F8 (0x000E8E93) addi t4, t4, 0x0
x29 <- 0xFFFFFFFFBA000000

mem[X,0x00000000800011FC] -> 0x9E93
mem[X,0x00000000800011FE] -> 0x00BE
[1156] [M]: 0x00000000800011FC (0x00BE9E93) slli t4, t4, 0xb
x29 <- 0xFFFFFDD000000000

mem[X,0x0000000080001200] -> 0x8E93
mem[X,0x0000000080001202] -> 0x1BFE
[1157] [M]: 0x0000000080001200 (0x1BFE8E93) addi t4, t4, 0x1bf
x29 <- 0xFFFFFDD0000001BF

mem[X,0x0000000080001204] -> 0x9E93
mem[X,0x0000000080001206] -> 0x00AE
[1158] [M]: 0x0000000080001204 (0x00AE9E93) slli t4, t4, 0xa
x29 <- 0xFFF740000006FC00

mem[X,0x0000000080001208] -> 0x8E93
mem[X,0x000000008000120A] -> 0x3F7E
[1159] [M]: 0x0000000080001208 (0x3F7E8E93) addi t4, t4, 0x3f7
x29 <- 0xFFF740000006FFF7

mem[X,0x000000008000120C] -> 0x7FBB
mem[X,0x000000008000120E] -> 0xA5DF
[1160] [M]: 0x000000008000120C (0xA5DF7FBB) pmulhsu.h.be t6, t5, t4
x31 <- 0x00000000FFFFFFFF

mem[X,0x0000000080001210] -> 0xB423
mem[X,0x0000000080001212] -> 0x0FF2
[1161] [M]: 0x0000000080001210 (0x0FF2B423) sd t6, 0xe8(t0)
mem[0x00000000800042E0] <- 0x00000000FFFFFFFF

mem[X,0x0000000080001214] -> 0xFF37
mem[X,0x0000000080001216] -> 0x0001
[1162] [M]: 0x0000000080001214 (0x0001FF37) lui t5, 0x1f
x30 <- 0x000000000001F000

mem[X,0x0000000080001218] -> 0x0F13
mem[X,0x000000008000121A] -> 0xFFFF
[1163] [M]: 0x0000000080001218 (0xFFFF0F13) addi t5, t5, -0x1
x30 <- 0x000000000001EFFF

mem[X,0x000000008000121C] -> 0x1F13
mem[X,0x000000008000121E] -> 0x00BF
[1164] [M]: 0x000000008000121C (0x00BF1F13) slli t5, t5, 0xb
x30 <- 0x000000000F7FF800

mem[X,0x0000000080001220] -> 0x0F13
mem[X,0x0000000080001222] -> 0x7FEF
[1165] [M]: 0x0000000080001220 (0x7FEF0F13) addi t5, t5, 0x7fe
x30 <- 0x000000000F7FFFFE

mem[X,0x0000000080001224] -> 0x1F13
mem[X,0x0000000080001226] -> 0x00BF
[1166] [M]: 0x0000000080001224 (0x00BF1F13) slli t5, t5, 0xb
x30 <- 0x0000007BFFFFF000

mem[X,0x0000000080001228] -> 0x0F13
mem[X,0x000000008000122A] -> 0x7E0F
[1167] [M]: 0x0000000080001228 (0x7E0F0F13) addi t5, t5, 0x7e0
x30 <- 0x0000007BFFFFF7E0

mem[X,0x000000008000122C] -> 0x1F13
mem[X,0x000000008000122E] -> 0x00AF
[1168] [M]: 0x000000008000122C (0x00AF1F13) slli t5, t5, 0xa
x30 <- 0x0001EFFFFFDF8000

mem[X,0x0000000080001230] -> 0x0EB7
mem[X,0x0000000080001232] -> 0x0006
[1169] [M]: 0x0000000080001230 (0x00060EB7) lui t4, 0x60
x29 <- 0x0000000000060000

mem[X,0x0000000080001234] -> 0x8E93
mem[X,0x0000000080001236] -> 0x006E
[1170] [M]: 0x0000000080001234 (0x006E8E93) addi t4, t4, 0x6
x29 <- 0x0000000000060006

mem[X,0x0000000080001238] -> 0x9E93
mem[X,0x000000008000123A] -> 0x00BE
[1171] [M]: 0x0000000080001238 (0x00BE9E93) slli t4, t4, 0xb
x29 <- 0x0000000030003000

mem[X,0x000000008000123C] -> 0x8E93
mem[X,0x000000008000123E] -> 0x7FDE
[1172] [M]: 0x000000008000123C (0x7FDE8E93) addi t4, t4, 0x7fd
x29 <- 0x00000000300037FD

mem[X,0x0000000080001240] -> 0x9E93
mem[X,0x0000000080001242] -> 0x00BE
[1173] [M]: 0x0000000080001240 (0x00BE9E93) slli t4, t4, 0xb
x29 <- 0x0000018001BFE800

mem[X,0x0000000080001244] -> 0x8E93
mem[X,0x0000000080001246] -> 0x7FFE
[1174] [M]: 0x0000000080001244 (0x7FFE8E93) addi t4, t4, 0x7ff
x29 <- 0x0000018001BFEFFF

mem[X,0x0000000080001248] -> 0x9E93
mem[X,0x000000008000124A] -> 0x00AE
[1175] [M]: 0x0000000080001248 (0x00AE9E93) slli t4, t4, 0xa
x29 <- 0x00060006FFBFFC00

mem[X,0x000000008000124C] -> 0x8E93
mem[X,0x000000008000124E] -> 0x3EFE
[1176] [M]: 0x000000008000124C (0x3EFE8E93) addi t4, t4, 0x3ef
x29 <- 0x00060006FFBFFFEF

mem[X,0x0000000080001250] -> 0x7FBB
mem[X,0x0000000080001252] -> 0xA5DF
[1177] [M]: 0x0000000080001250 (0xA5DF7FBB) pmulhsu.h.be t6, t5, t4
x31 <- 0x0000FFFFFFFFFF88

mem[X,0x0000000080001254] -> 0xB823
mem[X,0x0000000080001256] -> 0x0FF2
[1178] [M]: 0x0000000080001254 (0x0FF2B823) sd t6, 0xf0(t0)
mem[0x00000000800042E8] <- 0x0000FFFFFFFFFF88

mem[X,0x0000000080001258] -> 0x0F37
mem[X,0x000000008000125A] -> 0xFFFF
[1179] [M]: 0x0000000080001258 (0xFFFF0F37) lui t5, -0x10
x30 <- 0xFFFFFFFFFFFF0000

mem[X,0x000000008000125C] -> 0x0F13
mem[X,0x000000008000125E] -> 0xFEFF
[1180] [M]: 0x000000008000125C (0xFEFF0F13) addi t5, t5, -0x11
x30 <- 0xFFFFFFFFFFFEFFEF

mem[X,0x0000000080001260] -> 0x1F13
mem[X,0x0000000080001262] -> 0x00BF
[1181] [M]: 0x0000000080001260 (0x00BF1F13) slli t5, t5, 0xb
x30 <- 0xFFFFFFFFF7FF7800

mem[X,0x0000000080001264] -> 0x0F13
mem[X,0x0000000080001266] -> 0x7F7F
[1182] [M]: 0x0000000080001264 (0x7F7F0F13) addi t5, t5, 0x7f7
x30 <- 0xFFFFFFFFF7FF7FF7

mem[X,0x0000000080001268] -> 0x1F13
mem[X,0x000000008000126A] -> 0x00BF
[1183] [M]: 0x0000000080001268 (0x00BF1F13) slli t5, t5, 0xb
x30 <- 0xFFFFFFBFFBFFB800

mem[X,0x000000008000126C] -> 0x0F13
mem[X,0x000000008000126E] -> 0x7FFF
[1184] [M]: 0x000000008000126C (0x7FFF0F13) addi t5, t5, 0x7ff
x30 <- 0xFFFFFFBFFBFFBFFF

mem[X,0x0000000080001270] -> 0x1F13
mem[X,0x0000000080001272] -> 0x00AF
[1185] [M]: 0x0000000080001270 (0x00AF1F13) slli t5, t5, 0xa
x30 <- 0xFFFEFFEFFEFFFC00

mem[X,0x0000000080001274] -> 0x0F13
mem[X,0x0000000080001276] -> 0x3F9F
[1186] [M]: 0x0000000080001274 (0x3F9F0F13) addi t5, t5, 0x3f9
x30 <- 0xFFFEFFEFFEFFFFF9

mem[X,0x0000000080001278] -> 0xCEB7
mem[X,0x000000008000127A] -> 0xFFF6
[1187] [M]: 0x0000000080001278 (0xFFF6CEB7) lui t4, -0x94
x29 <- 0xFFFFFFFFFFF6C000

mem[X,0x000000008000127C] -> 0x8E93
mem[X,0x000000008000127E] -> 0x000E
[1188] [M]: 0x000000008000127C (0x000E8E93) addi t4, t4, 0x0
x29 <- 0xFFFFFFFFFFF6C000

mem[X,0x0000000080001280] -> 0x9E93
mem[X,0x0000000080001282] -> 0x00BE
[1189] [M]: 0x0000000080001280 (0x00BE9E93) slli t4, t4, 0xb
x29 <- 0xFFFFFFFFB6000000

mem[X,0x0000000080001284] -> 0x8E93
mem[X,0x0000000080001286] -> 0x7DFE
[1190] [M]: 0x0000000080001284 (0x7DFE8E93) addi t4, t4, 0x7df
x29 <- 0xFFFFFFFFB60007DF

mem[X,0x0000000080001288] -> 0x9E93
mem[X,0x000000008000128A] -> 0x00BE
[1191] [M]: 0x0000000080001288 (0x00BE9E93) slli t4, t4, 0xb
x29 <- 0xFFFFFDB0003EF800

mem[X,0x000000008000128C] -> 0x8E93
mem[X,0x000000008000128E] -> 0x7C0E
[1192] [M]: 0x000000008000128C (0x7C0E8E93) addi t4, t4, 0x7c0
x29 <- 0xFFFFFDB0003EFFC0

mem[X,0x0000000080001290] -> 0x9E93
mem[X,0x0000000080001292] -> 0x00AE
[1193] [M]: 0x0000000080001290 (0x00AE9E93) slli t4, t4, 0xa
x29 <- 0xFFF6C000FBFF0000

mem[X,0x0000000080001294] -> 0x8E93
mem[X,0x0000000080001296] -> 0x002E
[1194] [M]: 0x0000000080001294 (0x002E8E93) addi t4, t4, 0x2
x29 <- 0xFFF6C000FBFF0002

mem[X,0x0000000080001298] -> 0x7FBB
mem[X,0x000000008000129A] -> 0xA5DF
[1195] [M]: 0x0000000080001298 (0xA5DF7FBB) pmulhsu.h.be t6, t5, t4
x31 <- 0xFFFF0000FFFFFFFF

mem[X,0x000000008000129C] -> 0xBC23
mem[X,0x000000008000129E] -> 0x0FF2
[1196] [M]: 0x000000008000129C (0x0FF2BC23) sd t6, 0xf8(t0)
mem[0x00000000800042F0] <- 0xFFFF0000FFFFFFFF

mem[X,0x00000000800012A0] -> 0x4F37
mem[X,0x00000000800012A2] -> 0xFFFD
[1197] [M]: 0x00000000800012A0 (0xFFFD4F37) lui t5, -0x2c
x30 <- 0xFFFFFFFFFFFD4000

mem[X,0x00000000800012A4] -> 0x0F13
mem[X,0x00000000800012A6] -> 0x000F
[1198] [M]: 0x00000000800012A4 (0x000F0F13) addi t5, t5, 0x0
x30 <- 0xFFFFFFFFFFFD4000

mem[X,0x00000000800012A8] -> 0x1F13
mem[X,0x00000000800012AA] -> 0x00BF
[1199] [M]: 0x00000000800012A8 (0x00BF1F13) slli t5, t5, 0xb
x30 <- 0xFFFFFFFFEA000000

clint::tick mtime <- 0x000000000000000C
 clint timer pending at mtime 0x000000000000000C
htif::tick 0x0000000000000000
mem[X,0x00000000800012AC] -> 0x0F13
mem[X,0x00000000800012AE] -> 0x002F
[1200] [M]: 0x00000000800012AC (0x002F0F13) addi t5, t5, 0x2
x30 <- 0xFFFFFFFFEA000002

mem[X,0x00000000800012B0] -> 0x1F13
mem[X,0x00000000800012B2] -> 0x00BF
[1201] [M]: 0x00000000800012B0 (0x00BF1F13) slli t5, t5, 0xb
x30 <- 0xFFFFFF5000001000

mem[X,0x00000000800012B4] -> 0x0F13
mem[X,0x00000000800012B6] -> 0x000F
[1202] [M]: 0x00000000800012B4 (0x000F0F13) addi t5, t5, 0x0
x30 <- 0xFFFFFF5000001000

mem[X,0x00000000800012B8] -> 0x1F13
mem[X,0x00000000800012BA] -> 0x00AF
[1203] [M]: 0x00000000800012B8 (0x00AF1F13) slli t5, t5, 0xa
x30 <- 0xFFFD400000400000

mem[X,0x00000000800012BC] -> 0x0F13
mem[X,0x00000000800012BE] -> 0x005F
[1204] [M]: 0x00000000800012BC (0x005F0F13) addi t5, t5, 0x5
x30 <- 0xFFFD400000400005

mem[X,0x00000000800012C0] -> 0x0EB7
mem[X,0x00000000800012C2] -> 0xFFFE
[1205] [M]: 0x00000000800012C0 (0xFFFE0EB7) lui t4, -0x20
x29 <- 0xFFFFFFFFFFFE0000

mem[X,0x00000000800012C4] -> 0x8E93
mem[X,0x00000000800012C6] -> 0xFFBE
[1206] [M]: 0x00000000800012C4 (0xFFBE8E93) addi t4, t4, -0x5
x29 <- 0xFFFFFFFFFFFDFFFB

mem[X,0x00000000800012C8] -> 0x9E93
mem[X,0x00000000800012CA] -> 0x00BE
[1207] [M]: 0x00000000800012C8 (0x00BE9E93) slli t4, t4, 0xb
x29 <- 0xFFFFFFFFEFFFD800

mem[X,0x00000000800012CC] -> 0x8E93
mem[X,0x00000000800012CE] -> 0x7FEE
[1208] [M]: 0x00000000800012CC (0x7FEE8E93) addi t4, t4, 0x7fe
x29 <- 0xFFFFFFFFEFFFDFFE

mem[X,0x00000000800012D0] -> 0x9E93
mem[X,0x00000000800012D2] -> 0x00BE
[1209] [M]: 0x00000000800012D0 (0x00BE9E93) slli t4, t4, 0xb
x29 <- 0xFFFFFF7FFEFFF000

mem[X,0x00000000800012D4] -> 0x8E93
mem[X,0x00000000800012D6] -> 0x7C8E
[1210] [M]: 0x00000000800012D4 (0x7C8E8E93) addi t4, t4, 0x7c8
x29 <- 0xFFFFFF7FFEFFF7C8

mem[X,0x00000000800012D8] -> 0x9E93
mem[X,0x00000000800012DA] -> 0x00AE
[1211] [M]: 0x00000000800012D8 (0x00AE9E93) slli t4, t4, 0xa
x29 <- 0xFFFDFFFBFFDF2000

mem[X,0x00000000800012DC] -> 0x7FBB
mem[X,0x00000000800012DE] -> 0xA5DF
[1212] [M]: 0x00000000800012DC (0xA5DF7FBB) pmulhsu.h.be t6, t5, t4
x31 <- 0xFFFF003E00000000

mem[X,0x00000000800012E0] -> 0xB023
mem[X,0x00000000800012E2] -> 0x11F2
[1213] [M]: 0x00000000800012E0 (0x11F2B023) sd t6, 0x100(t0)
mem[0x00000000800042F8] <- 0xFFFF003E00000000

mem[X,0x00000000800012E4] -> 0x0F37
mem[X,0x00000000800012E6] -> 0xFFC0
[1214] [M]: 0x00000000800012E4 (0xFFC00F37) lui t5, -0x400
x30 <- 0xFFFFFFFFFFC00000

mem[X,0x00000000800012E8] -> 0x0F13
mem[X,0x00000000800012EA] -> 0xEFFF
[1215] [M]: 0x00000000800012E8 (0xEFFF0F13) addi t5, t5, -0x101
x30 <- 0xFFFFFFFFFFBFFEFF

mem[X,0x00000000800012EC] -> 0x1F13
mem[X,0x00000000800012EE] -> 0x00BF
[1216] [M]: 0x00000000800012EC (0x00BF1F13) slli t5, t5, 0xb
x30 <- 0xFFFFFFFDFFF7F800

mem[X,0x00000000800012F0] -> 0x0F13
mem[X,0x00000000800012F2] -> 0x000F
[1217] [M]: 0x00000000800012F0 (0x000F0F13) addi t5, t5, 0x0
x30 <- 0xFFFFFFFDFFF7F800

mem[X,0x00000000800012F4] -> 0x1F13
mem[X,0x00000000800012F6] -> 0x00BF
[1218] [M]: 0x00000000800012F4 (0x00BF1F13) slli t5, t5, 0xb
x30 <- 0xFFFFEFFFBFC00000

mem[X,0x00000000800012F8] -> 0x0F13
mem[X,0x00000000800012FA] -> 0x000F
[1219] [M]: 0x00000000800012F8 (0x000F0F13) addi t5, t5, 0x0
x30 <- 0xFFFFEFFFBFC00000

mem[X,0x00000000800012FC] -> 0x1F13
mem[X,0x00000000800012FE] -> 0x00AF
[1220] [M]: 0x00000000800012FC (0x00AF1F13) slli t5, t5, 0xa
x30 <- 0xFFBFFEFF00000000

mem[X,0x0000000080001300] -> 0x0F13
mem[X,0x0000000080001302] -> 0x002F
[1221] [M]: 0x0000000080001300 (0x002F0F13) addi t5, t5, 0x2
x30 <- 0xFFBFFEFF00000002

mem[X,0x0000000080001304] -> 0x0EB7
mem[X,0x0000000080001306] -> 0x0041
[1222] [M]: 0x0000000080001304 (0x00410EB7) lui t4, 0x410
x29 <- 0x0000000000410000

mem[X,0x0000000080001308] -> 0x8E93
mem[X,0x000000008000130A] -> 0xFF9E
[1223] [M]: 0x0000000080001308 (0xFF9E8E93) addi t4, t4, -0x7
x29 <- 0x000000000040FFF9

mem[X,0x000000008000130C] -> 0x9E93
mem[X,0x000000008000130E] -> 0x00BE
[1224] [M]: 0x000000008000130C (0x00BE9E93) slli t4, t4, 0xb
x29 <- 0x0000000207FFC800

mem[X,0x0000000080001310] -> 0x8E93
mem[X,0x0000000080001312] -> 0x600E
[1225] [M]: 0x0000000080001310 (0x600E8E93) addi t4, t4, 0x600
x29 <- 0x0000000207FFCE00

mem[X,0x0000000080001314] -> 0x9E93
mem[X,0x0000000080001316] -> 0x00BE
[1226] [M]: 0x0000000080001314 (0x00BE9E93) slli t4, t4, 0xb
x29 <- 0x0000103FFE700000

mem[X,0x0000000080001318] -> 0x8E93
mem[X,0x000000008000131A] -> 0x020E
[1227] [M]: 0x0000000080001318 (0x020E8E93) addi t4, t4, 0x20
x29 <- 0x0000103FFE700020

mem[X,0x000000008000131C] -> 0x9E93
mem[X,0x000000008000131E] -> 0x00AE
[1228] [M]: 0x000000008000131C (0x00AE9E93) slli t4, t4, 0xa
x29 <- 0x0040FFF9C0008000

mem[X,0x0000000080001320] -> 0x7FBB
mem[X,0x0000000080001322] -> 0xA5DF
[1229] [M]: 0x0000000080001320 (0xA5DF7FBB) pmulhsu.h.be t6, t5, t4
x31 <- 0xFFFFFFFF00000000

mem[X,0x0000000080001324] -> 0xB423
mem[X,0x0000000080001326] -> 0x11F2
[1230] [M]: 0x0000000080001324 (0x11F2B423) sd t6, 0x108(t0)
mem[0x0000000080004300] <- 0xFFFFFFFF00000000

mem[X,0x0000000080001328] -> 0x0F37
mem[X,0x000000008000132A] -> 0xF7FF
[1231] [M]: 0x0000000080001328 (0xF7FF0F37) lui t5, -0x8010
x30 <- 0xFFFFFFFFF7FF0000

mem[X,0x000000008000132C] -> 0x0F13
mem[X,0x000000008000132E] -> 0x004F
[1232] [M]: 0x000000008000132C (0x004F0F13) addi t5, t5, 0x4
x30 <- 0xFFFFFFFFF7FF0004

mem[X,0x0000000080001330] -> 0x1F13
mem[X,0x0000000080001332] -> 0x00BF
[1233] [M]: 0x0000000080001330 (0x00BF1F13) slli t5, t5, 0xb
x30 <- 0xFFFFFFBFF8002000

mem[X,0x0000000080001334] -> 0x0F13
mem[X,0x0000000080001336] -> 0x080F
[1234] [M]: 0x0000000080001334 (0x080F0F13) addi t5, t5, 0x80
x30 <- 0xFFFFFFBFF8002080

mem[X,0x0000000080001338] -> 0x1F13
mem[X,0x000000008000133A] -> 0x00BF
[1235] [M]: 0x0000000080001338 (0x00BF1F13) slli t5, t5, 0xb
x30 <- 0xFFFDFFC001040000

mem[X,0x000000008000133C] -> 0x0F13
mem[X,0x000000008000133E] -> 0x000F
[1236] [M]: 0x000000008000133C (0x000F0F13) addi t5, t5, 0x0
x30 <- 0xFFFDFFC001040000

mem[X,0x0000000080001340] -> 0x1F13
mem[X,0x0000000080001342] -> 0x00AF
[1237] [M]: 0x0000000080001340 (0x00AF1F13) slli t5, t5, 0xa
x30 <- 0xF7FF000410000000

mem[X,0x0000000080001344] -> 0x0F13
mem[X,0x0000000080001346] -> 0x005F
[1238] [M]: 0x0000000080001344 (0x005F0F13) addi t5, t5, 0x5
x30 <- 0xF7FF000410000005

mem[X,0x0000000080001348] -> 0x1EB7
mem[X,0x000000008000134A] -> 0x0009
[1239] [M]: 0x0000000080001348 (0x00091EB7) lui t4, 0x91
x29 <- 0x0000000000091000

mem[X,0x000000008000134C] -> 0x8E93
mem[X,0x000000008000134E] -> 0x000E
[1240] [M]: 0x000000008000134C (0x000E8E93) addi t4, t4, 0x0
x29 <- 0x0000000000091000

mem[X,0x0000000080001350] -> 0x9E93
mem[X,0x0000000080001352] -> 0x00BE
[1241] [M]: 0x0000000080001350 (0x00BE9E93) slli t4, t4, 0xb
x29 <- 0x0000000048800000

mem[X,0x0000000080001354] -> 0x8E93
mem[X,0x0000000080001356] -> 0x001E
[1242] [M]: 0x0000000080001354 (0x001E8E93) addi t4, t4, 0x1
x29 <- 0x0000000048800001

mem[X,0x0000000080001358] -> 0x9E93
mem[X,0x000000008000135A] -> 0x00BE
[1243] [M]: 0x0000000080001358 (0x00BE9E93) slli t4, t4, 0xb
x29 <- 0x0000024400000800

mem[X,0x000000008000135C] -> 0x8E93
mem[X,0x000000008000135E] -> 0x000E
[1244] [M]: 0x000000008000135C (0x000E8E93) addi t4, t4, 0x0
x29 <- 0x0000024400000800

mem[X,0x0000000080001360] -> 0x9E93
mem[X,0x0000000080001362] -> 0x00AE
[1245] [M]: 0x0000000080001360 (0x00AE9E93) slli t4, t4, 0xa
x29 <- 0x0009100000200000

mem[X,0x0000000080001364] -> 0x8E93
mem[X,0x0000000080001366] -> 0x020E
[1246] [M]: 0x0000000080001364 (0x020E8E93) addi t4, t4, 0x20
x29 <- 0x0009100000200020

mem[X,0x0000000080001368] -> 0x7FBB
mem[X,0x000000008000136A] -> 0xA5DF
[1247] [M]: 0x0000000080001368 (0xA5DF7FBB) pmulhsu.h.be t6, t5, t4
x31 <- 0xFFFF000000020000

mem[X,0x000000008000136C] -> 0xB823
mem[X,0x000000008000136E] -> 0x11F2
[1248] [M]: 0x000000008000136C (0x11F2B823) sd t6, 0x110(t0)
mem[0x0000000080004308] <- 0xFFFF000000020000

mem[X,0x0000000080001370] -> 0x8F37
mem[X,0x0000000080001372] -> 0xEFFF
[1249] [M]: 0x0000000080001370 (0xEFFF8F37) lui t5, -0x10008
x30 <- 0xFFFFFFFFEFFF8000

mem[X,0x0000000080001374] -> 0x0F13
mem[X,0x0000000080001376] -> 0xFFFF
[1250] [M]: 0x0000000080001374 (0xFFFF0F13) addi t5, t5, -0x1
x30 <- 0xFFFFFFFFEFFF7FFF

mem[X,0x0000000080001378] -> 0x1F13
mem[X,0x000000008000137A] -> 0x00BF
[1251] [M]: 0x0000000080001378 (0x00BF1F13) slli t5, t5, 0xb
x30 <- 0xFFFFFF7FFBFFF800

mem[X,0x000000008000137C] -> 0x0F13
mem[X,0x000000008000137E] -> 0x000F
[1252] [M]: 0x000000008000137C (0x000F0F13) addi t5, t5, 0x0
x30 <- 0xFFFFFF7FFBFFF800

mem[X,0x0000000080001380] -> 0x1F13
mem[X,0x0000000080001382] -> 0x00BF
[1253] [M]: 0x0000000080001380 (0x00BF1F13) slli t5, t5, 0xb
x30 <- 0xFFFBFFDFFFC00000

mem[X,0x0000000080001384] -> 0x0F13
mem[X,0x0000000080001386] -> 0x13FF
[1254] [M]: 0x0000000080001384 (0x13FF0F13) addi t5, t5, 0x13f
x30 <- 0xFFFBFFDFFFC0013F

mem[X,0x0000000080001388] -> 0x1F13
mem[X,0x000000008000138A] -> 0x00AF
[1255] [M]: 0x0000000080001388 (0x00AF1F13) slli t5, t5, 0xa
x30 <- 0xEFFF7FFF0004FC00

mem[X,0x000000008000138C] -> 0x0F13
mem[X,0x000000008000138E] -> 0x3F8F
[1256] [M]: 0x000000008000138C (0x3F8F0F13) addi t5, t5, 0x3f8
x30 <- 0xEFFF7FFF0004FFF8

mem[X,0x0000000080001390] -> 0x8EB7
mem[X,0x0000000080001392] -> 0xFFF6
[1257] [M]: 0x0000000080001390 (0xFFF68EB7) lui t4, -0x98
x29 <- 0xFFFFFFFFFFF68000

mem[X,0x0000000080001394] -> 0x8E93
mem[X,0x0000000080001396] -> 0xFFFE
[1258] [M]: 0x0000000080001394 (0xFFFE8E93) addi t4, t4, -0x1
x29 <- 0xFFFFFFFFFFF67FFF

mem[X,0x0000000080001398] -> 0x9E93
mem[X,0x000000008000139A] -> 0x00BE
[1259] [M]: 0x0000000080001398 (0x00BE9E93) slli t4, t4, 0xb
x29 <- 0xFFFFFFFFB3FFF800

mem[X,0x000000008000139C] -> 0x8E93
mem[X,0x000000008000139E] -> 0x004E
[1260] [M]: 0x000000008000139C (0x004E8E93) addi t4, t4, 0x4
x29 <- 0xFFFFFFFFB3FFF804

mem[X,0x00000000800013A0] -> 0x9E93
mem[X,0x00000000800013A2] -> 0x00BE
[1261] [M]: 0x00000000800013A0 (0x00BE9E93) slli t4, t4, 0xb
x29 <- 0xFFFFFD9FFFC02000

mem[X,0x00000000800013A4] -> 0x8E93
mem[X,0x00000000800013A6] -> 0x02AE
[1262] [M]: 0x00000000800013A4 (0x02AE8E93) addi t4, t4, 0x2a
x29 <- 0xFFFFFD9FFFC0202A

mem[X,0x00000000800013A8] -> 0x9E93
mem[X,0x00000000800013AA] -> 0x00AE
[1263] [M]: 0x00000000800013A8 (0x00AE9E93) slli t4, t4, 0xa
x29 <- 0xFFF67FFF0080A800

mem[X,0x00000000800013AC] -> 0x8E93
mem[X,0x00000000800013AE] -> 0x2AAE
[1264] [M]: 0x00000000800013AC (0x2AAE8E93) addi t4, t4, 0x2aa
x29 <- 0xFFF67FFF0080AAAA

mem[X,0x00000000800013B0] -> 0x7FBB
mem[X,0x00000000800013B2] -> 0xA5DF
[1265] [M]: 0x00000000800013B0 (0xA5DF7FBB) pmulhsu.h.be t6, t5, t4
x31 <- 0xFFF0007F0000FFFF

mem[X,0x00000000800013B4] -> 0xBC23
mem[X,0x00000000800013B6] -> 0x11F2
[1266] [M]: 0x00000000800013B4 (0x11F2BC23) sd t6, 0x118(t0)
mem[0x0000000080004310] <- 0xFFF0007F0000FFFF

mem[X,0x00000000800013B8] -> 0x0F37
mem[X,0x00000000800013BA] -> 0xAAAA
[1267] [M]: 0x00000000800013B8 (0xAAAA0F37) lui t5, -0x55560
x30 <- 0xFFFFFFFFAAAA0000

mem[X,0x00000000800013BC] -> 0x0F13
mem[X,0x00000000800013BE] -> 0x007F
[1268] [M]: 0x00000000800013BC (0x007F0F13) addi t5, t5, 0x7
x30 <- 0xFFFFFFFFAAAA0007

mem[X,0x00000000800013C0] -> 0x1F13
mem[X,0x00000000800013C2] -> 0x00BF
[1269] [M]: 0x00000000800013C0 (0x00BF1F13) slli t5, t5, 0xb
x30 <- 0xFFFFFD5550003800

mem[X,0x00000000800013C4] -> 0x0F13
mem[X,0x00000000800013C6] -> 0x7FFF
[1270] [M]: 0x00000000800013C4 (0x7FFF0F13) addi t5, t5, 0x7ff
x30 <- 0xFFFFFD5550003FFF

mem[X,0x00000000800013C8] -> 0x1F13
mem[X,0x00000000800013CA] -> 0x00BF
[1271] [M]: 0x00000000800013C8 (0x00BF1F13) slli t5, t5, 0xb
x30 <- 0xFFEAAA8001FFF800

mem[X,0x00000000800013CC] -> 0x0F13
mem[X,0x00000000800013CE] -> 0x3FFF
[1272] [M]: 0x00000000800013CC (0x3FFF0F13) addi t5, t5, 0x3ff
x30 <- 0xFFEAAA8001FFFBFF

mem[X,0x00000000800013D0] -> 0x1F13
mem[X,0x00000000800013D2] -> 0x00AF
[1273] [M]: 0x00000000800013D0 (0x00AF1F13) slli t5, t5, 0xa
x30 <- 0xAAAA0007FFEFFC00

mem[X,0x00000000800013D4] -> 0x0F13
mem[X,0x00000000800013D6] -> 0x3F9F
[1274] [M]: 0x00000000800013D4 (0x3F9F0F13) addi t5, t5, 0x3f9
x30 <- 0xAAAA0007FFEFFFF9

mem[X,0x00000000800013D8] -> 0x2EB7
mem[X,0x00000000800013DA] -> 0x2000
[1275] [M]: 0x00000000800013D8 (0x20002EB7) lui t4, 0x20002
x29 <- 0x0000000020002000

mem[X,0x00000000800013DC] -> 0x8E93
mem[X,0x00000000800013DE] -> 0x000E
[1276] [M]: 0x00000000800013DC (0x000E8E93) addi t4, t4, 0x0
x29 <- 0x0000000020002000

mem[X,0x00000000800013E0] -> 0x9E93
mem[X,0x00000000800013E2] -> 0x00BE
[1277] [M]: 0x00000000800013E0 (0x00BE9E93) slli t4, t4, 0xb
x29 <- 0x0000010001000000

mem[X,0x00000000800013E4] -> 0x8E93
mem[X,0x00000000800013E6] -> 0x7FDE
[1278] [M]: 0x00000000800013E4 (0x7FDE8E93) addi t4, t4, 0x7fd
x29 <- 0x00000100010007FD

mem[X,0x00000000800013E8] -> 0x9E93
mem[X,0x00000000800013EA] -> 0x00BE
[1279] [M]: 0x00000000800013E8 (0x00BE9E93) slli t4, t4, 0xb
x29 <- 0x00080008003FE800

mem[X,0x00000000800013EC] -> 0x8E93
mem[X,0x00000000800013EE] -> 0x7D5E
[1280] [M]: 0x00000000800013EC (0x7D5E8E93) addi t4, t4, 0x7d5
x29 <- 0x00080008003FEFD5

mem[X,0x00000000800013F0] -> 0x9E93
mem[X,0x00000000800013F2] -> 0x00AE
[1281] [M]: 0x00000000800013F0 (0x00AE9E93) slli t4, t4, 0xa
x29 <- 0x20002000FFBF5400

mem[X,0x00000000800013F4] -> 0x8E93
mem[X,0x00000000800013F6] -> 0x155E
[1282] [M]: 0x00000000800013F4 (0x155E8E93) addi t4, t4, 0x155
x29 <- 0x20002000FFBF5555

mem[X,0x00000000800013F8] -> 0x7FBB
mem[X,0x00000000800013FA] -> 0xA5DF
[1283] [M]: 0x00000000800013F8 (0xA5DF7FBB) pmulhsu.h.be t6, t5, t4
x31 <- 0x00000000FFFFFFFF

mem[X,0x00000000800013FC] -> 0xB023
mem[X,0x00000000800013FE] -> 0x13F2
[1284] [M]: 0x00000000800013FC (0x13F2B023) sd t6, 0x120(t0)
mem[0x0000000080004318] <- 0x00000000FFFFFFFF

mem[X,0x0000000080001400] -> 0x0F37
mem[X,0x0000000080001402] -> 0xFBFF
[1285] [M]: 0x0000000080001400 (0xFBFF0F37) lui t5, -0x4010
x30 <- 0xFFFFFFFFFBFF0000

mem[X,0x0000000080001404] -> 0x0F13
mem[X,0x0000000080001406] -> 0x100F
[1286] [M]: 0x0000000080001404 (0x100F0F13) addi t5, t5, 0x100
x30 <- 0xFFFFFFFFFBFF0100

mem[X,0x0000000080001408] -> 0x1F13
mem[X,0x000000008000140A] -> 0x00BF
[1287] [M]: 0x0000000080001408 (0x00BF1F13) slli t5, t5, 0xb
x30 <- 0xFFFFFFDFF8080000

mem[X,0x000000008000140C] -> 0x0F13
mem[X,0x000000008000140E] -> 0x004F
[1288] [M]: 0x000000008000140C (0x004F0F13) addi t5, t5, 0x4
x30 <- 0xFFFFFFDFF8080004

mem[X,0x0000000080001410] -> 0x1F13
mem[X,0x0000000080001412] -> 0x00BF
[1289] [M]: 0x0000000080001410 (0x00BF1F13) slli t5, t5, 0xb
x30 <- 0xFFFEFFC040002000

mem[X,0x0000000080001414] -> 0x0F13
mem[X,0x0000000080001416] -> 0x03FF
[1290] [M]: 0x0000000080001414 (0x03FF0F13) addi t5, t5, 0x3f
x30 <- 0xFFFEFFC04000203F

mem[X,0x0000000080001418] -> 0x1F13
mem[X,0x000000008000141A] -> 0x00AF
[1291] [M]: 0x0000000080001418 (0x00AF1F13) slli t5, t5, 0xa
x30 <- 0xFBFF01000080FC00

mem[X,0x000000008000141C] -> 0x0F13
mem[X,0x000000008000141E] -> 0x3F6F
[1292] [M]: 0x000000008000141C (0x3F6F0F13) addi t5, t5, 0x3f6
x30 <- 0xFBFF01000080FFF6

mem[X,0x0000000080001420] -> 0x0EB7
mem[X,0x0000000080001422] -> 0x0000
[1293] [M]: 0x0000000080001420 (0x00000EB7) lui t4, 0x0
x29 <- 0x0000000000000000

mem[X,0x0000000080001424] -> 0x8E93
mem[X,0x0000000080001426] -> 0x020E
[1294] [M]: 0x0000000080001424 (0x020E8E93) addi t4, t4, 0x20
x29 <- 0x0000000000000020

mem[X,0x0000000080001428] -> 0x9E93
mem[X,0x000000008000142A] -> 0x00BE
[1295] [M]: 0x0000000080001428 (0x00BE9E93) slli t4, t4, 0xb
x29 <- 0x0000000000010000

mem[X,0x000000008000142C] -> 0x8E93
mem[X,0x000000008000142E] -> 0x000E
[1296] [M]: 0x000000008000142C (0x000E8E93) addi t4, t4, 0x0
x29 <- 0x0000000000010000

mem[X,0x0000000080001430] -> 0x9E93
mem[X,0x0000000080001432] -> 0x00BE
[1297] [M]: 0x0000000080001430 (0x00BE9E93) slli t4, t4, 0xb
x29 <- 0x0000000008000000

mem[X,0x0000000080001434] -> 0x8E93
mem[X,0x0000000080001436] -> 0x43FE
[1298] [M]: 0x0000000080001434 (0x43FE8E93) addi t4, t4, 0x43f
x29 <- 0x000000000800043F

mem[X,0x0000000080001438] -> 0x9E93
mem[X,0x000000008000143A] -> 0x00AE
[1299] [M]: 0x0000000080001438 (0x00AE9E93) slli t4, t4, 0xa
x29 <- 0x000000200010FC00

clint::tick mtime <- 0x000000000000000D
 clint timer pending at mtime 0x000000000000000D
htif::tick 0x0000000000000000
mem[X,0x000000008000143C] -> 0x8E93
mem[X,0x000000008000143E] -> 0x3FFE
[1300] [M]: 0x000000008000143C (0x3FFE8E93) addi t4, t4, 0x3ff
x29 <- 0x000000200010FFFF

mem[X,0x0000000080001440] -> 0x7FBB
mem[X,0x0000000080001442] -> 0xA5DF
[1301] [M]: 0x0000000080001440 (0xA5DF7FBB) pmulhsu.h.be t6, t5, t4
x31 <- 0x000000000000FFFF

mem[X,0x0000000080001444] -> 0xB423
mem[X,0x0000000080001446] -> 0x13F2
[1302] [M]: 0x0000000080001444 (0x13F2B423) sd t6, 0x128(t0)
mem[0x0000000080004320] <- 0x000000000000FFFF

mem[X,0x0000000080001448] -> 0x4F37
mem[X,0x000000008000144A] -> 0x0007
[1303] [M]: 0x0000000080001448 (0x00074F37) lui t5, 0x74
x30 <- 0x0000000000074000

mem[X,0x000000008000144C] -> 0x0F13
mem[X,0x000000008000144E] -> 0xFFFF
[1304] [M]: 0x000000008000144C (0xFFFF0F13) addi t5, t5, -0x1
x30 <- 0x0000000000073FFF

mem[X,0x0000000080001450] -> 0x1F13
mem[X,0x0000000080001452] -> 0x00BF
[1305] [M]: 0x0000000080001450 (0x00BF1F13) slli t5, t5, 0xb
x30 <- 0x0000000039FFF800

mem[X,0x0000000080001454] -> 0x0F13
mem[X,0x0000000080001456] -> 0x7FFF
[1306] [M]: 0x0000000080001454 (0x7FFF0F13) addi t5, t5, 0x7ff
x30 <- 0x0000000039FFFFFF

mem[X,0x0000000080001458] -> 0x1F13
mem[X,0x000000008000145A] -> 0x00BF
[1307] [M]: 0x0000000080001458 (0x00BF1F13) slli t5, t5, 0xb
x30 <- 0x000001CFFFFFF800

mem[X,0x000000008000145C] -> 0x0F13
mem[X,0x000000008000145E] -> 0x5C0F
[1308] [M]: 0x000000008000145C (0x5C0F0F13) addi t5, t5, 0x5c0
x30 <- 0x000001CFFFFFFDC0

mem[X,0x0000000080001460] -> 0x1F13
mem[X,0x0000000080001462] -> 0x00AF
[1309] [M]: 0x0000000080001460 (0x00AF1F13) slli t5, t5, 0xa
x30 <- 0x00073FFFFFF70000

mem[X,0x0000000080001464] -> 0x0F13
mem[X,0x0000000080001466] -> 0x200F
[1310] [M]: 0x0000000080001464 (0x200F0F13) addi t5, t5, 0x200
x30 <- 0x00073FFFFFF70200

mem[X,0x0000000080001468] -> 0x0EB7
mem[X,0x000000008000146A] -> 0xFFF7
[1311] [M]: 0x0000000080001468 (0xFFF70EB7) lui t4, -0x90
x29 <- 0xFFFFFFFFFFF70000

mem[X,0x000000008000146C] -> 0x8E93
mem[X,0x000000008000146E] -> 0x007E
[1312] [M]: 0x000000008000146C (0x007E8E93) addi t4, t4, 0x7
x29 <- 0xFFFFFFFFFFF70007

mem[X,0x0000000080001470] -> 0x9E93
mem[X,0x0000000080001472] -> 0x00BE
[1313] [M]: 0x0000000080001470 (0x00BE9E93) slli t4, t4, 0xb
x29 <- 0xFFFFFFFFB8003800

mem[X,0x0000000080001474] -> 0x8E93
mem[X,0x0000000080001476] -> 0x000E
[1314] [M]: 0x0000000080001474 (0x000E8E93) addi t4, t4, 0x0
x29 <- 0xFFFFFFFFB8003800

mem[X,0x0000000080001478] -> 0x9E93
mem[X,0x000000008000147A] -> 0x00BE
[1315] [M]: 0x0000000080001478 (0x00BE9E93) slli t4, t4, 0xb
x29 <- 0xFFFFFDC001C00000

mem[X,0x000000008000147C] -> 0x8E93
mem[X,0x000000008000147E] -> 0x400E
[1316] [M]: 0x000000008000147C (0x400E8E93) addi t4, t4, 0x400
x29 <- 0xFFFFFDC001C00400

mem[X,0x0000000080001480] -> 0x9E93
mem[X,0x0000000080001482] -> 0x00AE
[1317] [M]: 0x0000000080001480 (0x00AE9E93) slli t4, t4, 0xa
x29 <- 0xFFF7000700100000

mem[X,0x0000000080001484] -> 0x7FBB
mem[X,0x0000000080001486] -> 0xA5DF
[1318] [M]: 0x0000000080001484 (0xA5DF7FBB) pmulhsu.h.be t6, t5, t4
x31 <- 0x00000001FFFF0000

mem[X,0x0000000080001488] -> 0xB823
mem[X,0x000000008000148A] -> 0x13F2
[1319] [M]: 0x0000000080001488 (0x13F2B823) sd t6, 0x130(t0)
mem[0x0000000080004328] <- 0x00000001FFFF0000

mem[X,0x000000008000148C] -> 0x0F37
mem[X,0x000000008000148E] -> 0x0040
[1320] [M]: 0x000000008000148C (0x00400F37) lui t5, 0x400
x30 <- 0x0000000000400000

mem[X,0x0000000080001490] -> 0x0F13
mem[X,0x0000000080001492] -> 0x001F
[1321] [M]: 0x0000000080001490 (0x001F0F13) addi t5, t5, 0x1
x30 <- 0x0000000000400001

mem[X,0x0000000080001494] -> 0x1F13
mem[X,0x0000000080001496] -> 0x00BF
[1322] [M]: 0x0000000080001494 (0x00BF1F13) slli t5, t5, 0xb
x30 <- 0x0000000200000800

mem[X,0x0000000080001498] -> 0x0F13
mem[X,0x000000008000149A] -> 0x7FFF
[1323] [M]: 0x0000000080001498 (0x7FFF0F13) addi t5, t5, 0x7ff
x30 <- 0x0000000200000FFF

mem[X,0x000000008000149C] -> 0x1F13
mem[X,0x000000008000149E] -> 0x00BF
[1324] [M]: 0x000000008000149C (0x00BF1F13) slli t5, t5, 0xb
x30 <- 0x00001000007FF800

mem[X,0x00000000800014A0] -> 0x0F13
mem[X,0x00000000800014A2] -> 0x73BF
[1325] [M]: 0x00000000800014A0 (0x73BF0F13) addi t5, t5, 0x73b
x30 <- 0x00001000007FFF3B

mem[X,0x00000000800014A4] -> 0x1F13
mem[X,0x00000000800014A6] -> 0x00AF
[1326] [M]: 0x00000000800014A4 (0x00AF1F13) slli t5, t5, 0xa
x30 <- 0x00400001FFFCEC00

mem[X,0x00000000800014A8] -> 0x0F13
mem[X,0x00000000800014AA] -> 0x3FFF
[1327] [M]: 0x00000000800014A8 (0x3FFF0F13) addi t5, t5, 0x3ff
x30 <- 0x00400001FFFCEFFF

mem[X,0x00000000800014AC] -> 0x0EB7
mem[X,0x00000000800014AE] -> 0x0009
[1328] [M]: 0x00000000800014AC (0x00090EB7) lui t4, 0x90
x29 <- 0x0000000000090000

mem[X,0x00000000800014B0] -> 0x8E93
mem[X,0x00000000800014B2] -> 0x000E
[1329] [M]: 0x00000000800014B0 (0x000E8E93) addi t4, t4, 0x0
x29 <- 0x0000000000090000

mem[X,0x00000000800014B4] -> 0x9E93
mem[X,0x00000000800014B6] -> 0x00BE
[1330] [M]: 0x00000000800014B4 (0x00BE9E93) slli t4, t4, 0xb
x29 <- 0x0000000048000000

mem[X,0x00000000800014B8] -> 0x8E93
mem[X,0x00000000800014BA] -> 0x020E
[1331] [M]: 0x00000000800014B8 (0x020E8E93) addi t4, t4, 0x20
x29 <- 0x0000000048000020

mem[X,0x00000000800014BC] -> 0x9E93
mem[X,0x00000000800014BE] -> 0x00BE
[1332] [M]: 0x00000000800014BC (0x00BE9E93) slli t4, t4, 0xb
x29 <- 0x0000024000010000

mem[X,0x00000000800014C0] -> 0x8E93
mem[X,0x00000000800014C2] -> 0x000E
[1333] [M]: 0x00000000800014C0 (0x000E8E93) addi t4, t4, 0x0
x29 <- 0x0000024000010000

mem[X,0x00000000800014C4] -> 0x9E93
mem[X,0x00000000800014C6] -> 0x00AE
[1334] [M]: 0x00000000800014C4 (0x00AE9E93) slli t4, t4, 0xa
x29 <- 0x0009000004000000

mem[X,0x00000000800014C8] -> 0x8E93
mem[X,0x00000000800014CA] -> 0x001E
[1335] [M]: 0x00000000800014C8 (0x001E8E93) addi t4, t4, 0x1
x29 <- 0x0009000004000001

mem[X,0x00000000800014CC] -> 0x7FBB
mem[X,0x00000000800014CE] -> 0xA5DF
[1336] [M]: 0x00000000800014CC (0xA5DF7FBB) pmulhsu.h.be t6, t5, t4
x31 <- 0x000000000000FFFF

mem[X,0x00000000800014D0] -> 0xBC23
mem[X,0x00000000800014D2] -> 0x13F2
[1337] [M]: 0x00000000800014D0 (0x13F2BC23) sd t6, 0x138(t0)
mem[0x0000000080004330] <- 0x000000000000FFFF

mem[X,0x00000000800014D4] -> 0x0F37
mem[X,0x00000000800014D6] -> 0x0008
[1338] [M]: 0x00000000800014D4 (0x00080F37) lui t5, 0x80
x30 <- 0x0000000000080000

mem[X,0x00000000800014D8] -> 0x0F13
mem[X,0x00000000800014DA] -> 0xFFAF
[1339] [M]: 0x00000000800014D8 (0xFFAF0F13) addi t5, t5, -0x6
x30 <- 0x000000000007FFFA

mem[X,0x00000000800014DC] -> 0x1F13
mem[X,0x00000000800014DE] -> 0x00BF
[1340] [M]: 0x00000000800014DC (0x00BF1F13) slli t5, t5, 0xb
x30 <- 0x000000003FFFD000

mem[X,0x00000000800014E0] -> 0x0F13
mem[X,0x00000000800014E2] -> 0x020F
[1341] [M]: 0x00000000800014E0 (0x020F0F13) addi t5, t5, 0x20
x30 <- 0x000000003FFFD020

mem[X,0x00000000800014E4] -> 0x1F13
mem[X,0x00000000800014E6] -> 0x00BF
[1342] [M]: 0x00000000800014E4 (0x00BF1F13) slli t5, t5, 0xb
x30 <- 0x000001FFFE810000

mem[X,0x00000000800014E8] -> 0x0F13
mem[X,0x00000000800014EA] -> 0x01FF
[1343] [M]: 0x00000000800014E8 (0x01FF0F13) addi t5, t5, 0x1f
x30 <- 0x000001FFFE81001F

mem[X,0x00000000800014EC] -> 0x1F13
mem[X,0x00000000800014EE] -> 0x00AF
[1344] [M]: 0x00000000800014EC (0x00AF1F13) slli t5, t5, 0xa
x30 <- 0x0007FFFA04007C00

mem[X,0x00000000800014F0] -> 0x0F13
mem[X,0x00000000800014F2] -> 0x3FFF
[1345] [M]: 0x00000000800014F0 (0x3FFF0F13) addi t5, t5, 0x3ff
x30 <- 0x0007FFFA04007FFF

mem[X,0x00000000800014F4] -> 0x0EB7
mem[X,0x00000000800014F6] -> 0x0400
[1346] [M]: 0x00000000800014F4 (0x04000EB7) lui t4, 0x4000
x29 <- 0x0000000004000000

mem[X,0x00000000800014F8] -> 0x8E93
mem[X,0x00000000800014FA] -> 0x000E
[1347] [M]: 0x00000000800014F8 (0x000E8E93) addi t4, t4, 0x0
x29 <- 0x0000000004000000

mem[X,0x00000000800014FC] -> 0x9E93
mem[X,0x00000000800014FE] -> 0x00BE
[1348] [M]: 0x00000000800014FC (0x00BE9E93) slli t4, t4, 0xb
x29 <- 0x0000002000000000

mem[X,0x0000000080001500] -> 0x8E93
mem[X,0x0000000080001502] -> 0x7FBE
[1349] [M]: 0x0000000080001500 (0x7FBE8E93) addi t4, t4, 0x7fb
x29 <- 0x00000020000007FB

mem[X,0x0000000080001504] -> 0x9E93
mem[X,0x0000000080001506] -> 0x00BE
[1350] [M]: 0x0000000080001504 (0x00BE9E93) slli t4, t4, 0xb
x29 <- 0x00010000003FD800

mem[X,0x0000000080001508] -> 0x8E93
mem[X,0x000000008000150A] -> 0x7C0E
[1351] [M]: 0x0000000080001508 (0x7C0E8E93) addi t4, t4, 0x7c0
x29 <- 0x00010000003FDFC0

mem[X,0x000000008000150C] -> 0x9E93
mem[X,0x000000008000150E] -> 0x00AE
[1352] [M]: 0x000000008000150C (0x00AE9E93) slli t4, t4, 0xa
x29 <- 0x04000000FF7F0000

mem[X,0x0000000080001510] -> 0x8E93
mem[X,0x0000000080001512] -> 0x010E
[1353] [M]: 0x0000000080001510 (0x010E8E93) addi t4, t4, 0x10
x29 <- 0x04000000FF7F0010

mem[X,0x0000000080001514] -> 0x7FBB
mem[X,0x0000000080001516] -> 0xA5DF
[1354] [M]: 0x0000000080001514 (0xA5DF7FBB) pmulhsu.h.be t6, t5, t4
x31 <- 0x0000000000010007

mem[X,0x0000000080001518] -> 0xB023
mem[X,0x000000008000151A] -> 0x15F2
[1355] [M]: 0x0000000080001518 (0x15F2B023) sd t6, 0x140(t0)
mem[0x0000000080004338] <- 0x0000000000010007

mem[X,0x000000008000151C] -> 0x0F37
mem[X,0x000000008000151E] -> 0xFFBF
[1356] [M]: 0x000000008000151C (0xFFBF0F37) lui t5, -0x410
x30 <- 0xFFFFFFFFFFBF0000

mem[X,0x0000000080001520] -> 0x0F13
mem[X,0x0000000080001522] -> 0x005F
[1357] [M]: 0x0000000080001520 (0x005F0F13) addi t5, t5, 0x5
x30 <- 0xFFFFFFFFFFBF0005

mem[X,0x0000000080001524] -> 0x1F13
mem[X,0x0000000080001526] -> 0x00BF
[1358] [M]: 0x0000000080001524 (0x00BF1F13) slli t5, t5, 0xb
x30 <- 0xFFFFFFFDF8002800

mem[X,0x0000000080001528] -> 0x0F13
mem[X,0x000000008000152A] -> 0x3FFF
[1359] [M]: 0x0000000080001528 (0x3FFF0F13) addi t5, t5, 0x3ff
x30 <- 0xFFFFFFFDF8002BFF

mem[X,0x000000008000152C] -> 0x1F13
mem[X,0x000000008000152E] -> 0x00BF
[1360] [M]: 0x000000008000152C (0x00BF1F13) slli t5, t5, 0xb
x30 <- 0xFFFFEFC0015FF800

mem[X,0x0000000080001530] -> 0x0F13
mem[X,0x0000000080001532] -> 0x7D0F
[1361] [M]: 0x0000000080001530 (0x7D0F0F13) addi t5, t5, 0x7d0
x30 <- 0xFFFFEFC0015FFFD0

mem[X,0x0000000080001534] -> 0x1F13
mem[X,0x0000000080001536] -> 0x00AF
[1362] [M]: 0x0000000080001534 (0x00AF1F13) slli t5, t5, 0xa
x30 <- 0xFFBF00057FFF4000

mem[X,0x0000000080001538] -> 0x4EB7
mem[X,0x000000008000153A] -> 0x3FFF
[1363] [M]: 0x0000000080001538 (0x3FFF4EB7) lui t4, 0x3fff4
x29 <- 0x000000003FFF4000

mem[X,0x000000008000153C] -> 0x8E93
mem[X,0x000000008000153E] -> 0x000E
[1364] [M]: 0x000000008000153C (0x000E8E93) addi t4, t4, 0x0
x29 <- 0x000000003FFF4000

mem[X,0x0000000080001540] -> 0x9E93
mem[X,0x0000000080001542] -> 0x00BE
[1365] [M]: 0x0000000080001540 (0x00BE9E93) slli t4, t4, 0xb
x29 <- 0x000001FFFA000000

mem[X,0x0000000080001544] -> 0x8E93
mem[X,0x0000000080001546] -> 0x080E
[1366] [M]: 0x0000000080001544 (0x080E8E93) addi t4, t4, 0x80
x29 <- 0x000001FFFA000080

mem[X,0x0000000080001548] -> 0x9E93
mem[X,0x000000008000154A] -> 0x00BE
[1367] [M]: 0x0000000080001548 (0x00BE9E93) slli t4, t4, 0xb
x29 <- 0x000FFFD000040000

mem[X,0x000000008000154C] -> 0x8E93
mem[X,0x000000008000154E] -> 0x004E
[1368] [M]: 0x000000008000154C (0x004E8E93) addi t4, t4, 0x4
x29 <- 0x000FFFD000040004

mem[X,0x0000000080001550] -> 0x9E93
mem[X,0x0000000080001552] -> 0x00AE
[1369] [M]: 0x0000000080001550 (0x00AE9E93) slli t4, t4, 0xa
x29 <- 0x3FFF400010001000

mem[X,0x0000000080001554] -> 0x7FBB
mem[X,0x0000000080001556] -> 0xA5DF
[1370] [M]: 0x0000000080001554 (0xA5DF7FBB) pmulhsu.h.be t6, t5, t4
x31 <- 0xFFFF000000000000

mem[X,0x0000000080001558] -> 0xB423
mem[X,0x000000008000155A] -> 0x15F2
[1371] [M]: 0x0000000080001558 (0x15F2B423) sd t6, 0x148(t0)
mem[0x0000000080004340] <- 0xFFFF000000000000

mem[X,0x000000008000155C] -> 0x1F37
mem[X,0x000000008000155E] -> 0x0080
[1372] [M]: 0x000000008000155C (0x00801F37) lui t5, 0x801
x30 <- 0x0000000000801000

mem[X,0x0000000080001560] -> 0x0F13
mem[X,0x0000000080001562] -> 0x000F
[1373] [M]: 0x0000000080001560 (0x000F0F13) addi t5, t5, 0x0
x30 <- 0x0000000000801000

mem[X,0x0000000080001564] -> 0x1F13
mem[X,0x0000000080001566] -> 0x00BF
[1374] [M]: 0x0000000080001564 (0x00BF1F13) slli t5, t5, 0xb
x30 <- 0x0000000400800000

mem[X,0x0000000080001568] -> 0x0F13
mem[X,0x000000008000156A] -> 0x008F
[1375] [M]: 0x0000000080001568 (0x008F0F13) addi t5, t5, 0x8
x30 <- 0x0000000400800008

mem[X,0x000000008000156C] -> 0x1F13
mem[X,0x000000008000156E] -> 0x00BF
[1376] [M]: 0x000000008000156C (0x00BF1F13) slli t5, t5, 0xb
x30 <- 0x0000200400004000

mem[X,0x0000000080001570] -> 0x0F13
mem[X,0x0000000080001572] -> 0x000F
[1377] [M]: 0x0000000080001570 (0x000F0F13) addi t5, t5, 0x0
x30 <- 0x0000200400004000

mem[X,0x0000000080001574] -> 0x1F13
mem[X,0x0000000080001576] -> 0x00AF
[1378] [M]: 0x0000000080001574 (0x00AF1F13) slli t5, t5, 0xa
x30 <- 0x0080100001000000

mem[X,0x0000000080001578] -> 0x0F13
mem[X,0x000000008000157A] -> 0x006F
[1379] [M]: 0x0000000080001578 (0x006F0F13) addi t5, t5, 0x6
x30 <- 0x0080100001000006

mem[X,0x000000008000157C] -> 0x0EB7
mem[X,0x000000008000157E] -> 0x0011
[1380] [M]: 0x000000008000157C (0x00110EB7) lui t4, 0x110
x29 <- 0x0000000000110000

mem[X,0x0000000080001580] -> 0x8E93
mem[X,0x0000000080001582] -> 0xFFAE
[1381] [M]: 0x0000000080001580 (0xFFAE8E93) addi t4, t4, -0x6
x29 <- 0x000000000010FFFA

mem[X,0x0000000080001584] -> 0x9E93
mem[X,0x0000000080001586] -> 0x00BE
[1382] [M]: 0x0000000080001584 (0x00BE9E93) slli t4, t4, 0xb
x29 <- 0x0000000087FFD000

mem[X,0x0000000080001588] -> 0x8E93
mem[X,0x000000008000158A] -> 0x080E
[1383] [M]: 0x0000000080001588 (0x080E8E93) addi t4, t4, 0x80
x29 <- 0x0000000087FFD080

mem[X,0x000000008000158C] -> 0x9E93
mem[X,0x000000008000158E] -> 0x00BE
[1384] [M]: 0x000000008000158C (0x00BE9E93) slli t4, t4, 0xb
x29 <- 0x0000043FFE840000

mem[X,0x0000000080001590] -> 0x8E93
mem[X,0x0000000080001592] -> 0x03FE
[1385] [M]: 0x0000000080001590 (0x03FE8E93) addi t4, t4, 0x3f
x29 <- 0x0000043FFE84003F

mem[X,0x0000000080001594] -> 0x9E93
mem[X,0x0000000080001596] -> 0x00AE
[1386] [M]: 0x0000000080001594 (0x00AE9E93) slli t4, t4, 0xa
x29 <- 0x0010FFFA1000FC00

mem[X,0x0000000080001598] -> 0x8E93
mem[X,0x000000008000159A] -> 0x3FEE
[1387] [M]: 0x0000000080001598 (0x3FEE8E93) addi t4, t4, 0x3fe
x29 <- 0x0010FFFA1000FFFE

mem[X,0x000000008000159C] -> 0x7FBB
mem[X,0x000000008000159E] -> 0xA5DF
[1388] [M]: 0x000000008000159C (0xA5DF7FBB) pmulhsu.h.be t6, t5, t4
x31 <- 0x0000000F00000000

mem[X,0x00000000800015A0] -> 0xB823
mem[X,0x00000000800015A2] -> 0x15F2
[1389] [M]: 0x00000000800015A0 (0x15F2B823) sd t6, 0x150(t0)
mem[0x0000000080004348] <- 0x0000000F00000000

mem[X,0x00000000800015A4] -> 0x0F37
mem[X,0x00000000800015A6] -> 0x0001
[1390] [M]: 0x00000000800015A4 (0x00010F37) lui t5, 0x10
x30 <- 0x0000000000010000

mem[X,0x00000000800015A8] -> 0x0F13
mem[X,0x00000000800015AA] -> 0xEFFF
[1391] [M]: 0x00000000800015A8 (0xEFFF0F13) addi t5, t5, -0x101
x30 <- 0x000000000000FEFF

mem[X,0x00000000800015AC] -> 0x1F13
mem[X,0x00000000800015AE] -> 0x00BF
[1392] [M]: 0x00000000800015AC (0x00BF1F13) slli t5, t5, 0xb
x30 <- 0x0000000007F7F800

mem[X,0x00000000800015B0] -> 0x0F13
mem[X,0x00000000800015B2] -> 0x7FDF
[1393] [M]: 0x00000000800015B0 (0x7FDF0F13) addi t5, t5, 0x7fd
x30 <- 0x0000000007F7FFFD

mem[X,0x00000000800015B4] -> 0x1F13
mem[X,0x00000000800015B6] -> 0x00BF
[1394] [M]: 0x00000000800015B4 (0x00BF1F13) slli t5, t5, 0xb
x30 <- 0x0000003FBFFFE800

mem[X,0x00000000800015B8] -> 0x0F13
mem[X,0x00000000800015BA] -> 0x7C1F
[1395] [M]: 0x00000000800015B8 (0x7C1F0F13) addi t5, t5, 0x7c1
x30 <- 0x0000003FBFFFEFC1

mem[X,0x00000000800015BC] -> 0x1F13
mem[X,0x00000000800015BE] -> 0x00AF
[1396] [M]: 0x00000000800015BC (0x00AF1F13) slli t5, t5, 0xa
x30 <- 0x0000FEFFFFBF0400

mem[X,0x00000000800015C0] -> 0x0EB7
mem[X,0x00000000800015C2] -> 0x0800
[1397] [M]: 0x00000000800015C0 (0x08000EB7) lui t4, 0x8000
x29 <- 0x0000000008000000

mem[X,0x00000000800015C4] -> 0x8E93
mem[X,0x00000000800015C6] -> 0x100E
[1398] [M]: 0x00000000800015C4 (0x100E8E93) addi t4, t4, 0x100
x29 <- 0x0000000008000100

mem[X,0x00000000800015C8] -> 0x9E93
mem[X,0x00000000800015CA] -> 0x00BE
[1399] [M]: 0x00000000800015C8 (0x00BE9E93) slli t4, t4, 0xb
x29 <- 0x0000004000080000

clint::tick mtime <- 0x000000000000000E
 clint timer pending at mtime 0x000000000000000E
htif::tick 0x0000000000000000
mem[X,0x00000000800015CC] -> 0x8E93
mem[X,0x00000000800015CE] -> 0x010E
[1400] [M]: 0x00000000800015CC (0x010E8E93) addi t4, t4, 0x10
x29 <- 0x0000004000080010

mem[X,0x00000000800015D0] -> 0x9E93
mem[X,0x00000000800015D2] -> 0x00BE
[1401] [M]: 0x00000000800015D0 (0x00BE9E93) slli t4, t4, 0xb
x29 <- 0x0002000040008000

mem[X,0x00000000800015D4] -> 0x8E93
mem[X,0x00000000800015D6] -> 0x03FE
[1402] [M]: 0x00000000800015D4 (0x03FE8E93) addi t4, t4, 0x3f
x29 <- 0x000200004000803F

mem[X,0x00000000800015D8] -> 0x9E93
mem[X,0x00000000800015DA] -> 0x00AE
[1403] [M]: 0x00000000800015D8 (0x00AE9E93) slli t4, t4, 0xa
x29 <- 0x080001000200FC00

mem[X,0x00000000800015DC] -> 0x8E93
mem[X,0x00000000800015DE] -> 0x3FDE
[1404] [M]: 0x00000000800015DC (0x3FDE8E93) addi t4, t4, 0x3fd
x29 <- 0x080001000200FFFD

mem[X,0x00000000800015E0] -> 0x7FBB
mem[X,0x00000000800015E2] -> 0xA5DF
[1405] [M]: 0x00000000800015E0 (0xA5DF7FBB) pmulhsu.h.be t6, t5, t4
x31 <- 0x0000000000000003

mem[X,0x00000000800015E4] -> 0xBC23
mem[X,0x00000000800015E6] -> 0x15F2
[1406] [M]: 0x00000000800015E4 (0x15F2BC23) sd t6, 0x158(t0)
mem[0x0000000080004350] <- 0x0000000000000003

mem[X,0x00000000800015E8] -> 0x0F37
mem[X,0x00000000800015EA] -> 0xEFFF
[1407] [M]: 0x00000000800015E8 (0xEFFF0F37) lui t5, -0x10010
x30 <- 0xFFFFFFFFEFFF0000

mem[X,0x00000000800015EC] -> 0x0F13
mem[X,0x00000000800015EE] -> 0x008F
[1408] [M]: 0x00000000800015EC (0x008F0F13) addi t5, t5, 0x8
x30 <- 0xFFFFFFFFEFFF0008

mem[X,0x00000000800015F0] -> 0x1F13
mem[X,0x00000000800015F2] -> 0x00BF
[1409] [M]: 0x00000000800015F0 (0x00BF1F13) slli t5, t5, 0xb
x30 <- 0xFFFFFF7FF8004000

mem[X,0x00000000800015F4] -> 0x0F13
mem[X,0x00000000800015F6] -> 0x7FDF
[1410] [M]: 0x00000000800015F4 (0x7FDF0F13) addi t5, t5, 0x7fd
x30 <- 0xFFFFFF7FF80047FD

mem[X,0x00000000800015F8] -> 0x1F13
mem[X,0x00000000800015FA] -> 0x00BF
[1411] [M]: 0x00000000800015F8 (0x00BF1F13) slli t5, t5, 0xb
x30 <- 0xFFFBFFC0023FE800

mem[X,0x00000000800015FC] -> 0x0F13
mem[X,0x00000000800015FE] -> 0x7FFF
[1412] [M]: 0x00000000800015FC (0x7FFF0F13) addi t5, t5, 0x7ff
x30 <- 0xFFFBFFC0023FEFFF

mem[X,0x0000000080001600] -> 0x1F13
mem[X,0x0000000080001602] -> 0x00AF
[1413] [M]: 0x0000000080001600 (0x00AF1F13) slli t5, t5, 0xa
x30 <- 0xEFFF0008FFBFFC00

mem[X,0x0000000080001604] -> 0x0F13
mem[X,0x0000000080001606] -> 0x3EFF
[1414] [M]: 0x0000000080001604 (0x3EFF0F13) addi t5, t5, 0x3ef
x30 <- 0xEFFF0008FFBFFFEF

mem[X,0x0000000080001608] -> 0x5EB7
mem[X,0x000000008000160A] -> 0x2000
[1415] [M]: 0x0000000080001608 (0x20005EB7) lui t4, 0x20005
x29 <- 0x0000000020005000

mem[X,0x000000008000160C] -> 0x8E93
mem[X,0x000000008000160E] -> 0x555E
[1416] [M]: 0x000000008000160C (0x555E8E93) addi t4, t4, 0x555
x29 <- 0x0000000020005555

mem[X,0x0000000080001610] -> 0x9E93
mem[X,0x0000000080001612] -> 0x00BE
[1417] [M]: 0x0000000080001610 (0x00BE9E93) slli t4, t4, 0xb
x29 <- 0x0000010002AAA800

mem[X,0x0000000080001614] -> 0x8E93
mem[X,0x0000000080001616] -> 0x7BFE
[1418] [M]: 0x0000000080001614 (0x7BFE8E93) addi t4, t4, 0x7bf
x29 <- 0x0000010002AAAFBF

mem[X,0x0000000080001618] -> 0x9E93
mem[X,0x000000008000161A] -> 0x00BE
[1419] [M]: 0x0000000080001618 (0x00BE9E93) slli t4, t4, 0xb
x29 <- 0x00080015557DF800

mem[X,0x000000008000161C] -> 0x8E93
mem[X,0x000000008000161E] -> 0x7FFE
[1420] [M]: 0x000000008000161C (0x7FFE8E93) addi t4, t4, 0x7ff
x29 <- 0x00080015557DFFFF

mem[X,0x0000000080001620] -> 0x9E93
mem[X,0x0000000080001622] -> 0x00AE
[1421] [M]: 0x0000000080001620 (0x00AE9E93) slli t4, t4, 0xa
x29 <- 0x20005555F7FFFC00

mem[X,0x0000000080001624] -> 0x8E93
mem[X,0x0000000080001626] -> 0x3FBE
[1422] [M]: 0x0000000080001624 (0x3FBE8E93) addi t4, t4, 0x3fb
x29 <- 0x20005555F7FFFFFB

mem[X,0x0000000080001628] -> 0x7FBB
mem[X,0x000000008000162A] -> 0xA5DF
[1423] [M]: 0x0000000080001628 (0xA5DF7FBB) pmulhsu.h.be t6, t5, t4
x31 <- 0x00000000FFFFFFFF

mem[X,0x000000008000162C] -> 0xB023
mem[X,0x000000008000162E] -> 0x17F2
[1424] [M]: 0x000000008000162C (0x17F2B023) sd t6, 0x160(t0)
mem[0x0000000080004358] <- 0x00000000FFFFFFFF

mem[X,0x0000000080001630] -> 0x0F37
mem[X,0x0000000080001632] -> 0xFFDF
[1425] [M]: 0x0000000080001630 (0xFFDF0F37) lui t5, -0x210
x30 <- 0xFFFFFFFFFFDF0000

mem[X,0x0000000080001634] -> 0x0F13
mem[X,0x0000000080001636] -> 0x100F
[1426] [M]: 0x0000000080001634 (0x100F0F13) addi t5, t5, 0x100
x30 <- 0xFFFFFFFFFFDF0100

mem[X,0x0000000080001638] -> 0x1F13
mem[X,0x000000008000163A] -> 0x00BF
[1427] [M]: 0x0000000080001638 (0x00BF1F13) slli t5, t5, 0xb
x30 <- 0xFFFFFFFEF8080000

mem[X,0x000000008000163C] -> 0x0F13
mem[X,0x000000008000163E] -> 0x000F
[1428] [M]: 0x000000008000163C (0x000F0F13) addi t5, t5, 0x0
x30 <- 0xFFFFFFFEF8080000

mem[X,0x0000000080001640] -> 0x1F13
mem[X,0x0000000080001642] -> 0x00BF
[1429] [M]: 0x0000000080001640 (0x00BF1F13) slli t5, t5, 0xb
x30 <- 0xFFFFF7C040000000

mem[X,0x0000000080001644] -> 0x0F13
mem[X,0x0000000080001646] -> 0x240F
[1430] [M]: 0x0000000080001644 (0x240F0F13) addi t5, t5, 0x240
x30 <- 0xFFFFF7C040000240

mem[X,0x0000000080001648] -> 0x1F13
mem[X,0x000000008000164A] -> 0x00AF
[1431] [M]: 0x0000000080001648 (0x00AF1F13) slli t5, t5, 0xa
x30 <- 0xFFDF010000090000

mem[X,0x000000008000164C] -> 0x0F13
mem[X,0x000000008000164E] -> 0x200F
[1432] [M]: 0x000000008000164C (0x200F0F13) addi t5, t5, 0x200
x30 <- 0xFFDF010000090200

mem[X,0x0000000080001650] -> 0x0EB7
mem[X,0x0000000080001652] -> 0x0003
[1433] [M]: 0x0000000080001650 (0x00030EB7) lui t4, 0x30
x29 <- 0x0000000000030000

mem[X,0x0000000080001654] -> 0x8E93
mem[X,0x0000000080001656] -> 0xFFAE
[1434] [M]: 0x0000000080001654 (0xFFAE8E93) addi t4, t4, -0x6
x29 <- 0x000000000002FFFA

mem[X,0x0000000080001658] -> 0x9E93
mem[X,0x000000008000165A] -> 0x00BE
[1435] [M]: 0x0000000080001658 (0x00BE9E93) slli t4, t4, 0xb
x29 <- 0x0000000017FFD000

mem[X,0x000000008000165C] -> 0x8E93
mem[X,0x000000008000165E] -> 0x000E
[1436] [M]: 0x000000008000165C (0x000E8E93) addi t4, t4, 0x0
x29 <- 0x0000000017FFD000

mem[X,0x0000000080001660] -> 0x9E93
mem[X,0x0000000080001662] -> 0x00BE
[1437] [M]: 0x0000000080001660 (0x00BE9E93) slli t4, t4, 0xb
x29 <- 0x000000BFFE800000

mem[X,0x0000000080001664] -> 0x8E93
mem[X,0x0000000080001666] -> 0x43FE
[1438] [M]: 0x0000000080001664 (0x43FE8E93) addi t4, t4, 0x43f
x29 <- 0x000000BFFE80043F

mem[X,0x0000000080001668] -> 0x9E93
mem[X,0x000000008000166A] -> 0x00AE
[1439] [M]: 0x0000000080001668 (0x00AE9E93) slli t4, t4, 0xa
x29 <- 0x0002FFFA0010FC00

mem[X,0x000000008000166C] -> 0x8E93
mem[X,0x000000008000166E] -> 0x3DFE
[1440] [M]: 0x000000008000166C (0x3DFE8E93) addi t4, t4, 0x3df
x29 <- 0x0002FFFA0010FFDF

mem[X,0x0000000080001670] -> 0x7FBB
mem[X,0x0000000080001672] -> 0xA5DF
[1441] [M]: 0x0000000080001670 (0xA5DF7FBB) pmulhsu.h.be t6, t5, t4
x31 <- 0xFFFF000000000001

mem[X,0x0000000080001674] -> 0xB423
mem[X,0x0000000080001676] -> 0x17F2
[1442] [M]: 0x0000000080001674 (0x17F2B423) sd t6, 0x168(t0)
mem[0x0000000080004360] <- 0xFFFF000000000001

mem[X,0x0000000080001678] -> 0x0F37
mem[X,0x000000008000167A] -> 0xFFBF
[1443] [M]: 0x0000000080001678 (0xFFBF0F37) lui t5, -0x410
x30 <- 0xFFFFFFFFFFBF0000

mem[X,0x000000008000167C] -> 0x0F13
mem[X,0x000000008000167E] -> 0x002F
[1444] [M]: 0x000000008000167C (0x002F0F13) addi t5, t5, 0x2
x30 <- 0xFFFFFFFFFFBF0002

mem[X,0x0000000080001680] -> 0x1F13
mem[X,0x0000000080001682] -> 0x00BF
[1445] [M]: 0x0000000080001680 (0x00BF1F13) slli t5, t5, 0xb
x30 <- 0xFFFFFFFDF8001000

mem[X,0x0000000080001684] -> 0x0F13
mem[X,0x0000000080001686] -> 0x200F
[1446] [M]: 0x0000000080001684 (0x200F0F13) addi t5, t5, 0x200
x30 <- 0xFFFFFFFDF8001200

mem[X,0x0000000080001688] -> 0x1F13
mem[X,0x000000008000168A] -> 0x00BF
[1447] [M]: 0x0000000080001688 (0x00BF1F13) slli t5, t5, 0xb
x30 <- 0xFFFFEFC000900000

mem[X,0x000000008000168C] -> 0x0F13
mem[X,0x000000008000168E] -> 0x03FF
[1448] [M]: 0x000000008000168C (0x03FF0F13) addi t5, t5, 0x3f
x30 <- 0xFFFFEFC00090003F

mem[X,0x0000000080001690] -> 0x1F13
mem[X,0x0000000080001692] -> 0x00AF
[1449] [M]: 0x0000000080001690 (0x00AF1F13) slli t5, t5, 0xa
x30 <- 0xFFBF00024000FC00

mem[X,0x0000000080001694] -> 0x0F13
mem[X,0x0000000080001696] -> 0x3FAF
[1450] [M]: 0x0000000080001694 (0x3FAF0F13) addi t5, t5, 0x3fa
x30 <- 0xFFBF00024000FFFA

mem[X,0x0000000080001698] -> 0x0EB7
mem[X,0x000000008000169A] -> 0x0080
[1451] [M]: 0x0000000080001698 (0x00800EB7) lui t4, 0x800
x29 <- 0x0000000000800000

mem[X,0x000000008000169C] -> 0x8E93
mem[X,0x000000008000169E] -> 0x010E
[1452] [M]: 0x000000008000169C (0x010E8E93) addi t4, t4, 0x10
x29 <- 0x0000000000800010

mem[X,0x00000000800016A0] -> 0x9E93
mem[X,0x00000000800016A2] -> 0x00BE
[1453] [M]: 0x00000000800016A0 (0x00BE9E93) slli t4, t4, 0xb
x29 <- 0x0000000400008000

mem[X,0x00000000800016A4] -> 0x8E93
mem[X,0x00000000800016A6] -> 0x7FFE
[1454] [M]: 0x00000000800016A4 (0x7FFE8E93) addi t4, t4, 0x7ff
x29 <- 0x00000004000087FF

mem[X,0x00000000800016A8] -> 0x9E93
mem[X,0x00000000800016AA] -> 0x00BE
[1455] [M]: 0x00000000800016A8 (0x00BE9E93) slli t4, t4, 0xb
x29 <- 0x00002000043FF800

mem[X,0x00000000800016AC] -> 0x8E93
mem[X,0x00000000800016AE] -> 0x6BFE
[1456] [M]: 0x00000000800016AC (0x6BFE8E93) addi t4, t4, 0x6bf
x29 <- 0x00002000043FFEBF

mem[X,0x00000000800016B0] -> 0x9E93
mem[X,0x00000000800016B2] -> 0x00AE
[1457] [M]: 0x00000000800016B0 (0x00AE9E93) slli t4, t4, 0xa
x29 <- 0x00800010FFFAFC00

mem[X,0x00000000800016B4] -> 0x8E93
mem[X,0x00000000800016B6] -> 0x3BFE
[1458] [M]: 0x00000000800016B4 (0x3BFE8E93) addi t4, t4, 0x3bf
x29 <- 0x00800010FFFAFFBF

mem[X,0x00000000800016B8] -> 0x7FBB
mem[X,0x00000000800016BA] -> 0xA5DF
[1459] [M]: 0x00000000800016B8 (0xA5DF7FBB) pmulhsu.h.be t6, t5, t4
x31 <- 0xFFFF0000003EFFFF

mem[X,0x00000000800016BC] -> 0xB823
mem[X,0x00000000800016BE] -> 0x17F2
[1460] [M]: 0x00000000800016BC (0x17F2B823) sd t6, 0x170(t0)
mem[0x0000000080004368] <- 0xFFFF0000003EFFFF

mem[X,0x00000000800016C0] -> 0x1F37
mem[X,0x00000000800016C2] -> 0x0005
[1461] [M]: 0x00000000800016C0 (0x00051F37) lui t5, 0x51
x30 <- 0x0000000000051000

mem[X,0x00000000800016C4] -> 0x0F13
mem[X,0x00000000800016C6] -> 0x800F
[1462] [M]: 0x00000000800016C4 (0x800F0F13) addi t5, t5, -0x800
x30 <- 0x0000000000050800

mem[X,0x00000000800016C8] -> 0x1F13
mem[X,0x00000000800016CA] -> 0x00BF
[1463] [M]: 0x00000000800016C8 (0x00BF1F13) slli t5, t5, 0xb
x30 <- 0x0000000028400000

mem[X,0x00000000800016CC] -> 0x0F13
mem[X,0x00000000800016CE] -> 0x7FFF
[1464] [M]: 0x00000000800016CC (0x7FFF0F13) addi t5, t5, 0x7ff
x30 <- 0x00000000284007FF

mem[X,0x00000000800016D0] -> 0x1F13
mem[X,0x00000000800016D2] -> 0x00BF
[1465] [M]: 0x00000000800016D0 (0x00BF1F13) slli t5, t5, 0xb
x30 <- 0x00000142003FF800

mem[X,0x00000000800016D4] -> 0x0F13
mem[X,0x00000000800016D6] -> 0x7FFF
[1466] [M]: 0x00000000800016D4 (0x7FFF0F13) addi t5, t5, 0x7ff
x30 <- 0x00000142003FFFFF

mem[X,0x00000000800016D8] -> 0x1F13
mem[X,0x00000000800016DA] -> 0x00AF
[1467] [M]: 0x00000000800016D8 (0x00AF1F13) slli t5, t5, 0xa
x30 <- 0x00050800FFFFFC00

mem[X,0x00000000800016DC] -> 0x0F13
mem[X,0x00000000800016DE] -> 0x3F9F
[1468] [M]: 0x00000000800016DC (0x3F9F0F13) addi t5, t5, 0x3f9
x30 <- 0x00050800FFFFFFF9

mem[X,0x00000000800016E0] -> 0x0EB7
mem[X,0x00000000800016E2] -> 0x0801
[1469] [M]: 0x00000000800016E0 (0x08010EB7) lui t4, 0x8010
x29 <- 0x0000000008010000

mem[X,0x00000000800016E4] -> 0x8E93
mem[X,0x00000000800016E6] -> 0xFFEE
[1470] [M]: 0x00000000800016E4 (0xFFEE8E93) addi t4, t4, -0x2
x29 <- 0x000000000800FFFE

mem[X,0x00000000800016E8] -> 0x9E93
mem[X,0x00000000800016EA] -> 0x00BE
[1471] [M]: 0x00000000800016E8 (0x00BE9E93) slli t4, t4, 0xb
x29 <- 0x0000004007FFF000

mem[X,0x00000000800016EC] -> 0x8E93
mem[X,0x00000000800016EE] -> 0x000E
[1472] [M]: 0x00000000800016EC (0x000E8E93) addi t4, t4, 0x0
x29 <- 0x0000004007FFF000

mem[X,0x00000000800016F0] -> 0x9E93
mem[X,0x00000000800016F2] -> 0x00BE
[1473] [M]: 0x00000000800016F0 (0x00BE9E93) slli t4, t4, 0xb
x29 <- 0x0002003FFF800000

mem[X,0x00000000800016F4] -> 0x8E93
mem[X,0x00000000800016F6] -> 0x06FE
[1474] [M]: 0x00000000800016F4 (0x06FE8E93) addi t4, t4, 0x6f
x29 <- 0x0002003FFF80006F

mem[X,0x00000000800016F8] -> 0x9E93
mem[X,0x00000000800016FA] -> 0x00AE
[1475] [M]: 0x00000000800016F8 (0x00AE9E93) slli t4, t4, 0xa
x29 <- 0x0800FFFE0001BC00

mem[X,0x00000000800016FC] -> 0x8E93
mem[X,0x00000000800016FE] -> 0x3FFE
[1476] [M]: 0x00000000800016FC (0x3FFE8E93) addi t4, t4, 0x3ff
x29 <- 0x0800FFFE0001BFFF

mem[X,0x0000000080001700] -> 0x7FBB
mem[X,0x0000000080001702] -> 0xA5DF
[1477] [M]: 0x0000000080001700 (0xA5DF7FBB) pmulhsu.h.be t6, t5, t4
x31 <- 0x00000007FFFFFFFF

mem[X,0x0000000080001704] -> 0xBC23
mem[X,0x0000000080001706] -> 0x17F2
[1478] [M]: 0x0000000080001704 (0x17F2BC23) sd t6, 0x178(t0)
mem[0x0000000080004370] <- 0x00000007FFFFFFFF

mem[X,0x0000000080001708] -> 0x0F37
mem[X,0x000000008000170A] -> 0x5556
[1479] [M]: 0x0000000080001708 (0x55560F37) lui t5, 0x55560
x30 <- 0x0000000055560000

mem[X,0x000000008000170C] -> 0x0F13
mem[X,0x000000008000170E] -> 0xFBFF
[1480] [M]: 0x000000008000170C (0xFBFF0F13) addi t5, t5, -0x41
x30 <- 0x000000005555FFBF

mem[X,0x0000000080001710] -> 0x1F13
mem[X,0x0000000080001712] -> 0x00BF
[1481] [M]: 0x0000000080001710 (0x00BF1F13) slli t5, t5, 0xb
x30 <- 0x000002AAAFFDF800

mem[X,0x0000000080001714] -> 0x0F13
mem[X,0x0000000080001716] -> 0x400F
[1482] [M]: 0x0000000080001714 (0x400F0F13) addi t5, t5, 0x400
x30 <- 0x000002AAAFFDFC00

mem[X,0x0000000080001718] -> 0x1F13
mem[X,0x000000008000171A] -> 0x00BF
[1483] [M]: 0x0000000080001718 (0x00BF1F13) slli t5, t5, 0xb
x30 <- 0x0015557FEFE00000

mem[X,0x000000008000171C] -> 0x0F13
mem[X,0x000000008000171E] -> 0x03FF
[1484] [M]: 0x000000008000171C (0x03FF0F13) addi t5, t5, 0x3f
x30 <- 0x0015557FEFE0003F

mem[X,0x0000000080001720] -> 0x1F13
mem[X,0x0000000080001722] -> 0x00AF
[1485] [M]: 0x0000000080001720 (0x00AF1F13) slli t5, t5, 0xa
x30 <- 0x5555FFBF8000FC00

mem[X,0x0000000080001724] -> 0x0F13
mem[X,0x0000000080001726] -> 0x3FAF
[1486] [M]: 0x0000000080001724 (0x3FAF0F13) addi t5, t5, 0x3fa
x30 <- 0x5555FFBF8000FFFA

mem[X,0x0000000080001728] -> 0x0EB7
mem[X,0x000000008000172A] -> 0x0003
[1487] [M]: 0x0000000080001728 (0x00030EB7) lui t4, 0x30
x29 <- 0x0000000000030000

mem[X,0x000000008000172C] -> 0x8E93
mem[X,0x000000008000172E] -> 0xDFFE
[1488] [M]: 0x000000008000172C (0xDFFE8E93) addi t4, t4, -0x201
x29 <- 0x000000000002FDFF

mem[X,0x0000000080001730] -> 0x9E93
mem[X,0x0000000080001732] -> 0x00BE
[1489] [M]: 0x0000000080001730 (0x00BE9E93) slli t4, t4, 0xb
x29 <- 0x0000000017EFF800

mem[X,0x0000000080001734] -> 0x8E93
mem[X,0x0000000080001736] -> 0x008E
[1490] [M]: 0x0000000080001734 (0x008E8E93) addi t4, t4, 0x8
x29 <- 0x0000000017EFF808

mem[X,0x0000000080001738] -> 0x9E93
mem[X,0x000000008000173A] -> 0x00BE
[1491] [M]: 0x0000000080001738 (0x00BE9E93) slli t4, t4, 0xb
x29 <- 0x000000BF7FC04000

mem[X,0x000000008000173C] -> 0x8E93
mem[X,0x000000008000173E] -> 0x000E
[1492] [M]: 0x000000008000173C (0x000E8E93) addi t4, t4, 0x0
x29 <- 0x000000BF7FC04000

mem[X,0x0000000080001740] -> 0x9E93
mem[X,0x0000000080001742] -> 0x00AE
[1493] [M]: 0x0000000080001740 (0x00AE9E93) slli t4, t4, 0xa
x29 <- 0x0002FDFF01000000

mem[X,0x0000000080001744] -> 0x8E93
mem[X,0x0000000080001746] -> 0x010E
[1494] [M]: 0x0000000080001744 (0x010E8E93) addi t4, t4, 0x10
x29 <- 0x0002FDFF01000010

mem[X,0x0000000080001748] -> 0x7FBB
mem[X,0x000000008000174A] -> 0xA5DF
[1495] [M]: 0x0000000080001748 (0xA5DF7FBB) pmulhsu.h.be t6, t5, t4
x31 <- 0x0000FFFF0000FFFF

mem[X,0x000000008000174C] -> 0xB023
mem[X,0x000000008000174E] -> 0x19F2
[1496] [M]: 0x000000008000174C (0x19F2B023) sd t6, 0x180(t0)
mem[0x0000000080004378] <- 0x0000FFFF0000FFFF

mem[X,0x0000000080001750] -> 0x0F37
mem[X,0x0000000080001752] -> 0xF000
[1497] [M]: 0x0000000080001750 (0xF0000F37) lui t5, -0x10000
x30 <- 0xFFFFFFFFF0000000

mem[X,0x0000000080001754] -> 0x0F13
mem[X,0x0000000080001756] -> 0xF7FF
[1498] [M]: 0x0000000080001754 (0xF7FF0F13) addi t5, t5, -0x81
x30 <- 0xFFFFFFFFEFFFFF7F

mem[X,0x0000000080001758] -> 0x1F13
mem[X,0x000000008000175A] -> 0x00BF
[1499] [M]: 0x0000000080001758 (0x00BF1F13) slli t5, t5, 0xb
x30 <- 0xFFFFFF7FFFFBF800

clint::tick mtime <- 0x000000000000000F
 clint timer pending at mtime 0x000000000000000F
htif::tick 0x0000000000000000
mem[X,0x000000008000175C] -> 0x0F13
mem[X,0x000000008000175E] -> 0x008F
[1500] [M]: 0x000000008000175C (0x008F0F13) addi t5, t5, 0x8
x30 <- 0xFFFFFF7FFFFBF808

mem[X,0x0000000080001760] -> 0x1F13
mem[X,0x0000000080001762] -> 0x00BF
[1501] [M]: 0x0000000080001760 (0x00BF1F13) slli t5, t5, 0xb
x30 <- 0xFFFBFFFFDFC04000

mem[X,0x0000000080001764] -> 0x0F13
mem[X,0x0000000080001766] -> 0x03FF
[1502] [M]: 0x0000000080001764 (0x03FF0F13) addi t5, t5, 0x3f
x30 <- 0xFFFBFFFFDFC0403F

mem[X,0x0000000080001768] -> 0x1F13
mem[X,0x000000008000176A] -> 0x00AF
[1503] [M]: 0x0000000080001768 (0x00AF1F13) slli t5, t5, 0xa
x30 <- 0xEFFFFF7F0100FC00

mem[X,0x000000008000176C] -> 0x0F13
mem[X,0x000000008000176E] -> 0x3FDF
[1504] [M]: 0x000000008000176C (0x3FDF0F13) addi t5, t5, 0x3fd
x30 <- 0xEFFFFF7F0100FFFD

mem[X,0x0000000080001770] -> 0xFEB7
mem[X,0x0000000080001772] -> 0x101F
[1505] [M]: 0x0000000080001770 (0x101FFEB7) lui t4, 0x101ff
x29 <- 0x00000000101FF000

mem[X,0x0000000080001774] -> 0x8E93
mem[X,0x0000000080001776] -> 0x7E1E
[1506] [M]: 0x0000000080001774 (0x7E1E8E93) addi t4, t4, 0x7e1
x29 <- 0x00000000101FF7E1

mem[X,0x0000000080001778] -> 0x9E93
mem[X,0x000000008000177A] -> 0x01BE
[1507] [M]: 0x0000000080001778 (0x01BE9E93) slli t4, t4, 0x1b
x29 <- 0x0080FFBF08000000

mem[X,0x000000008000177C] -> 0x7FBB
mem[X,0x000000008000177E] -> 0xA5DF
[1508] [M]: 0x000000008000177C (0xA5DF7FBB) pmulhsu.h.be t6, t5, t4
x31 <- 0xFFF7FFFF00000000

mem[X,0x0000000080001780] -> 0xB423
mem[X,0x0000000080001782] -> 0x19F2
[1509] [M]: 0x0000000080001780 (0x19F2B423) sd t6, 0x188(t0)
mem[0x0000000080004380] <- 0xFFF7FFFF00000000

mem[X,0x0000000080001784] -> 0x1F37
mem[X,0x0000000080001786] -> 0x7FFF
[1510] [M]: 0x0000000080001784 (0x7FFF1F37) lui t5, 0x7fff1
x30 <- 0x000000007FFF1000

mem[X,0x0000000080001788] -> 0x0F13
mem[X,0x000000008000178A] -> 0x000F
[1511] [M]: 0x0000000080001788 (0x000F0F13) addi t5, t5, 0x0
x30 <- 0x000000007FFF1000

mem[X,0x000000008000178C] -> 0x1F13
mem[X,0x000000008000178E] -> 0x00BF
[1512] [M]: 0x000000008000178C (0x00BF1F13) slli t5, t5, 0xb
x30 <- 0x000003FFF8800000

mem[X,0x0000000080001790] -> 0x0F13
mem[X,0x0000000080001792] -> 0x7FFF
[1513] [M]: 0x0000000080001790 (0x7FFF0F13) addi t5, t5, 0x7ff
x30 <- 0x000003FFF88007FF

mem[X,0x0000000080001794] -> 0x1F13
mem[X,0x0000000080001796] -> 0x00BF
[1514] [M]: 0x0000000080001794 (0x00BF1F13) slli t5, t5, 0xb
x30 <- 0x001FFFC4003FF800

mem[X,0x0000000080001798] -> 0x0F13
mem[X,0x000000008000179A] -> 0x6FFF
[1515] [M]: 0x0000000080001798 (0x6FFF0F13) addi t5, t5, 0x6ff
x30 <- 0x001FFFC4003FFEFF

mem[X,0x000000008000179C] -> 0x1F13
mem[X,0x000000008000179E] -> 0x00AF
[1516] [M]: 0x000000008000179C (0x00AF1F13) slli t5, t5, 0xa
x30 <- 0x7FFF1000FFFBFC00

mem[X,0x00000000800017A0] -> 0x0F13
mem[X,0x00000000800017A2] -> 0x2FFF
[1517] [M]: 0x00000000800017A0 (0x2FFF0F13) addi t5, t5, 0x2ff
x30 <- 0x7FFF1000FFFBFEFF

mem[X,0x00000000800017A4] -> 0x0EB7
mem[X,0x00000000800017A6] -> 0x7FFF
[1518] [M]: 0x00000000800017A4 (0x7FFF0EB7) lui t4, 0x7fff0
x29 <- 0x000000007FFF0000

mem[X,0x00000000800017A8] -> 0x8E93
mem[X,0x00000000800017AA] -> 0x007E
[1519] [M]: 0x00000000800017A8 (0x007E8E93) addi t4, t4, 0x7
x29 <- 0x000000007FFF0007

mem[X,0x00000000800017AC] -> 0x9E93
mem[X,0x00000000800017AE] -> 0x00BE
[1520] [M]: 0x00000000800017AC (0x00BE9E93) slli t4, t4, 0xb
x29 <- 0x000003FFF8003800

mem[X,0x00000000800017B0] -> 0x8E93
mem[X,0x00000000800017B2] -> 0x100E
[1521] [M]: 0x00000000800017B0 (0x100E8E93) addi t4, t4, 0x100
x29 <- 0x000003FFF8003900

mem[X,0x00000000800017B4] -> 0x9E93
mem[X,0x00000000800017B6] -> 0x00BE
[1522] [M]: 0x00000000800017B4 (0x00BE9E93) slli t4, t4, 0xb
x29 <- 0x001FFFC001C80000

mem[X,0x00000000800017B8] -> 0x8E93
mem[X,0x00000000800017BA] -> 0x000E
[1523] [M]: 0x00000000800017B8 (0x000E8E93) addi t4, t4, 0x0
x29 <- 0x001FFFC001C80000

mem[X,0x00000000800017BC] -> 0x9E93
mem[X,0x00000000800017BE] -> 0x00AE
[1524] [M]: 0x00000000800017BC (0x00AE9E93) slli t4, t4, 0xa
x29 <- 0x7FFF000720000000

mem[X,0x00000000800017C0] -> 0x8E93
mem[X,0x00000000800017C2] -> 0x004E
[1525] [M]: 0x00000000800017C0 (0x004E8E93) addi t4, t4, 0x4
x29 <- 0x7FFF000720000004

mem[X,0x00000000800017C4] -> 0x7FBB
mem[X,0x00000000800017C6] -> 0xA5DF
[1526] [M]: 0x00000000800017C4 (0xA5DF7FBB) pmulhsu.h.be t6, t5, t4
x31 <- 0x007F00000000FFFF

mem[X,0x00000000800017C8] -> 0xB823
mem[X,0x00000000800017CA] -> 0x19F2
[1527] [M]: 0x00000000800017C8 (0x19F2B823) sd t6, 0x190(t0)
mem[0x0000000080004388] <- 0x007F00000000FFFF

mem[X,0x00000000800017CC] -> 0x8F37
mem[X,0x00000000800017CE] -> 0x0003
[1528] [M]: 0x00000000800017CC (0x00038F37) lui t5, 0x38
x30 <- 0x0000000000038000

mem[X,0x00000000800017D0] -> 0x0F13
mem[X,0x00000000800017D2] -> 0x000F
[1529] [M]: 0x00000000800017D0 (0x000F0F13) addi t5, t5, 0x0
x30 <- 0x0000000000038000

mem[X,0x00000000800017D4] -> 0x1F13
mem[X,0x00000000800017D6] -> 0x00BF
[1530] [M]: 0x00000000800017D4 (0x00BF1F13) slli t5, t5, 0xb
x30 <- 0x000000001C000000

mem[X,0x00000000800017D8] -> 0x0F13
mem[X,0x00000000800017DA] -> 0x555F
[1531] [M]: 0x00000000800017D8 (0x555F0F13) addi t5, t5, 0x555
x30 <- 0x000000001C000555

mem[X,0x00000000800017DC] -> 0x1F13
mem[X,0x00000000800017DE] -> 0x00BF
[1532] [M]: 0x00000000800017DC (0x00BF1F13) slli t5, t5, 0xb
x30 <- 0x000000E0002AA800

mem[X,0x00000000800017E0] -> 0x0F13
mem[X,0x00000000800017E2] -> 0x280F
[1533] [M]: 0x00000000800017E0 (0x280F0F13) addi t5, t5, 0x280
x30 <- 0x000000E0002AAA80

mem[X,0x00000000800017E4] -> 0x1F13
mem[X,0x00000000800017E6] -> 0x00AF
[1534] [M]: 0x00000000800017E4 (0x00AF1F13) slli t5, t5, 0xa
x30 <- 0x00038000AAAA0000

mem[X,0x00000000800017E8] -> 0x0F13
mem[X,0x00000000800017EA] -> 0x100F
[1535] [M]: 0x00000000800017E8 (0x100F0F13) addi t5, t5, 0x100
x30 <- 0x00038000AAAA0100

mem[X,0x00000000800017EC] -> 0xFEB7
mem[X,0x00000000800017EE] -> 0x0006
[1536] [M]: 0x00000000800017EC (0x0006FEB7) lui t4, 0x6f
x29 <- 0x000000000006F000

mem[X,0x00000000800017F0] -> 0x8E93
mem[X,0x00000000800017F2] -> 0xFFFE
[1537] [M]: 0x00000000800017F0 (0xFFFE8E93) addi t4, t4, -0x1
x29 <- 0x000000000006EFFF

mem[X,0x00000000800017F4] -> 0x9E93
mem[X,0x00000000800017F6] -> 0x00BE
[1538] [M]: 0x00000000800017F4 (0x00BE9E93) slli t4, t4, 0xb
x29 <- 0x00000000377FF800

mem[X,0x00000000800017F8] -> 0x8E93
mem[X,0x00000000800017FA] -> 0x7FBE
[1539] [M]: 0x00000000800017F8 (0x7FBE8E93) addi t4, t4, 0x7fb
x29 <- 0x00000000377FFFFB

mem[X,0x00000000800017FC] -> 0x9E93
mem[X,0x00000000800017FE] -> 0x00BE
[1540] [M]: 0x00000000800017FC (0x00BE9E93) slli t4, t4, 0xb
x29 <- 0x000001BBFFFFD800

mem[X,0x0000000080001800] -> 0x8E93
mem[X,0x0000000080001802] -> 0x7FFE
[1541] [M]: 0x0000000080001800 (0x7FFE8E93) addi t4, t4, 0x7ff
x29 <- 0x000001BBFFFFDFFF

mem[X,0x0000000080001804] -> 0x9E93
mem[X,0x0000000080001806] -> 0x00AE
[1542] [M]: 0x0000000080001804 (0x00AE9E93) slli t4, t4, 0xa
x29 <- 0x0006EFFFFF7FFC00

mem[X,0x0000000080001808] -> 0x8E93
mem[X,0x000000008000180A] -> 0x3DFE
[1543] [M]: 0x0000000080001808 (0x3DFE8E93) addi t4, t4, 0x3df
x29 <- 0x0006EFFFFF7FFFDF

mem[X,0x000000008000180C] -> 0x7FBB
mem[X,0x000000008000180E] -> 0xA5DF
[1544] [M]: 0x000000008000180C (0xA5DF7FBB) pmulhsu.h.be t6, t5, t4
x31 <- 0x0000FF80FFD50000

mem[X,0x0000000080001810] -> 0xBC23
mem[X,0x0000000080001812] -> 0x19F2
[1545] [M]: 0x0000000080001810 (0x19F2BC23) sd t6, 0x198(t0)
mem[0x0000000080004390] <- 0x0000FF80FFD50000

mem[X,0x0000000080001814] -> 0x0F37
mem[X,0x0000000080001816] -> 0x0010
[1546] [M]: 0x0000000080001814 (0x00100F37) lui t5, 0x100
x30 <- 0x0000000000100000

mem[X,0x0000000080001818] -> 0x0F13
mem[X,0x000000008000181A] -> 0x100F
[1547] [M]: 0x0000000080001818 (0x100F0F13) addi t5, t5, 0x100
x30 <- 0x0000000000100100

mem[X,0x000000008000181C] -> 0x1F13
mem[X,0x000000008000181E] -> 0x00BF
[1548] [M]: 0x000000008000181C (0x00BF1F13) slli t5, t5, 0xb
x30 <- 0x0000000080080000

mem[X,0x0000000080001820] -> 0x0F13
mem[X,0x0000000080001822] -> 0x7FFF
[1549] [M]: 0x0000000080001820 (0x7FFF0F13) addi t5, t5, 0x7ff
x30 <- 0x00000000800807FF

mem[X,0x0000000080001824] -> 0x1F13
mem[X,0x0000000080001826] -> 0x00BF
[1550] [M]: 0x0000000080001824 (0x00BF1F13) slli t5, t5, 0xb
x30 <- 0x00000400403FF800

mem[X,0x0000000080001828] -> 0x0F13
mem[X,0x000000008000182A] -> 0x780F
[1551] [M]: 0x0000000080001828 (0x780F0F13) addi t5, t5, 0x780
x30 <- 0x00000400403FFF80

mem[X,0x000000008000182C] -> 0x1F13
mem[X,0x000000008000182E] -> 0x00AF
[1552] [M]: 0x000000008000182C (0x00AF1F13) slli t5, t5, 0xa
x30 <- 0x00100100FFFE0000

mem[X,0x0000000080001830] -> 0x0F13
mem[X,0x0000000080001832] -> 0x006F
[1553] [M]: 0x0000000080001830 (0x006F0F13) addi t5, t5, 0x6
x30 <- 0x00100100FFFE0006

mem[X,0x0000000080001834] -> 0xCEB7
mem[X,0x0000000080001836] -> 0x0080
[1554] [M]: 0x0000000080001834 (0x0080CEB7) lui t4, 0x80c
x29 <- 0x000000000080C000

mem[X,0x0000000080001838] -> 0x8E93
mem[X,0x000000008000183A] -> 0xFFFE
[1555] [M]: 0x0000000080001838 (0xFFFE8E93) addi t4, t4, -0x1
x29 <- 0x000000000080BFFF

mem[X,0x000000008000183C] -> 0x9E93
mem[X,0x000000008000183E] -> 0x00BE
[1556] [M]: 0x000000008000183C (0x00BE9E93) slli t4, t4, 0xb
x29 <- 0x0000000405FFF800

mem[X,0x0000000080001840] -> 0x8E93
mem[X,0x0000000080001842] -> 0x7FFE
[1557] [M]: 0x0000000080001840 (0x7FFE8E93) addi t4, t4, 0x7ff
x29 <- 0x0000000405FFFFFF

mem[X,0x0000000080001844] -> 0x9E93
mem[X,0x0000000080001846] -> 0x00BE
[1558] [M]: 0x0000000080001844 (0x00BE9E93) slli t4, t4, 0xb
x29 <- 0x0000202FFFFFF800

mem[X,0x0000000080001848] -> 0x8E93
mem[X,0x000000008000184A] -> 0x780E
[1559] [M]: 0x0000000080001848 (0x780E8E93) addi t4, t4, 0x780
x29 <- 0x0000202FFFFFFF80

mem[X,0x000000008000184C] -> 0x9E93
mem[X,0x000000008000184E] -> 0x00AE
[1560] [M]: 0x000000008000184C (0x00AE9E93) slli t4, t4, 0xa
x29 <- 0x0080BFFFFFFE0000

mem[X,0x0000000080001850] -> 0x7FBB
mem[X,0x0000000080001852] -> 0xA5DF
[1561] [M]: 0x0000000080001850 (0xA5DF7FBB) pmulhsu.h.be t6, t5, t4
x31 <- 0x00000000FFFF0000

mem[X,0x0000000080001854] -> 0xB023
mem[X,0x0000000080001856] -> 0x1BF2
[1562] [M]: 0x0000000080001854 (0x1BF2B023) sd t6, 0x1a0(t0)
mem[0x0000000080004398] <- 0x00000000FFFF0000

mem[X,0x0000000080001858] -> 0x0F37
mem[X,0x000000008000185A] -> 0xE000
[1563] [M]: 0x0000000080001858 (0xE0000F37) lui t5, -0x20000
x30 <- 0xFFFFFFFFE0000000

mem[X,0x000000008000185C] -> 0x0F13
mem[X,0x000000008000185E] -> 0xF7FF
[1564] [M]: 0x000000008000185C (0xF7FF0F13) addi t5, t5, -0x81
x30 <- 0xFFFFFFFFDFFFFF7F

mem[X,0x0000000080001860] -> 0x1F13
mem[X,0x0000000080001862] -> 0x00BF
[1565] [M]: 0x0000000080001860 (0x00BF1F13) slli t5, t5, 0xb
x30 <- 0xFFFFFEFFFFFBF800

mem[X,0x0000000080001864] -> 0x0F13
mem[X,0x0000000080001866] -> 0x3FFF
[1566] [M]: 0x0000000080001864 (0x3FFF0F13) addi t5, t5, 0x3ff
x30 <- 0xFFFFFEFFFFFBFBFF

mem[X,0x0000000080001868] -> 0x1F13
mem[X,0x000000008000186A] -> 0x00BF
[1567] [M]: 0x0000000080001868 (0x00BF1F13) slli t5, t5, 0xb
x30 <- 0xFFF7FFFFDFDFF800

mem[X,0x000000008000186C] -> 0x0F13
mem[X,0x000000008000186E] -> 0x7C0F
[1568] [M]: 0x000000008000186C (0x7C0F0F13) addi t5, t5, 0x7c0
x30 <- 0xFFF7FFFFDFDFFFC0

mem[X,0x0000000080001870] -> 0x1F13
mem[X,0x0000000080001872] -> 0x00AF
[1569] [M]: 0x0000000080001870 (0x00AF1F13) slli t5, t5, 0xa
x30 <- 0xDFFFFF7F7FFF0000

mem[X,0x0000000080001874] -> 0x0F13
mem[X,0x0000000080001876] -> 0x004F
[1570] [M]: 0x0000000080001874 (0x004F0F13) addi t5, t5, 0x4
x30 <- 0xDFFFFF7F7FFF0004

mem[X,0x0000000080001878] -> 0x0EB7
mem[X,0x000000008000187A] -> 0x4001
[1571] [M]: 0x0000000080001878 (0x40010EB7) lui t4, 0x40010
x29 <- 0x0000000040010000

mem[X,0x000000008000187C] -> 0x8E93
mem[X,0x000000008000187E] -> 0xEFFE
[1572] [M]: 0x000000008000187C (0xEFFE8E93) addi t4, t4, -0x101
x29 <- 0x000000004000FEFF

mem[X,0x0000000080001880] -> 0x9E93
mem[X,0x0000000080001882] -> 0x00BE
[1573] [M]: 0x0000000080001880 (0x00BE9E93) slli t4, t4, 0xb
x29 <- 0x0000020007F7F800

mem[X,0x0000000080001884] -> 0x8E93
mem[X,0x0000000080001886] -> 0x7FFE
[1574] [M]: 0x0000000080001884 (0x7FFE8E93) addi t4, t4, 0x7ff
x29 <- 0x0000020007F7FFFF

mem[X,0x0000000080001888] -> 0x9E93
mem[X,0x000000008000188A] -> 0x00BE
[1575] [M]: 0x0000000080001888 (0x00BE9E93) slli t4, t4, 0xb
x29 <- 0x0010003FBFFFF800

mem[X,0x000000008000188C] -> 0x8E93
mem[X,0x000000008000188E] -> 0x741E
[1576] [M]: 0x000000008000188C (0x741E8E93) addi t4, t4, 0x741
x29 <- 0x0010003FBFFFFF41

mem[X,0x0000000080001890] -> 0x9E93
mem[X,0x0000000080001892] -> 0x00AE
[1577] [M]: 0x0000000080001890 (0x00AE9E93) slli t4, t4, 0xa
x29 <- 0x4000FEFFFFFD0400

mem[X,0x0000000080001894] -> 0x7FBB
mem[X,0x0000000080001896] -> 0xA5DF
[1578] [M]: 0x0000000080001894 (0xA5DF7FBB) pmulhsu.h.be t6, t5, t4
x31 <- 0x0000FFFF007E0000

mem[X,0x0000000080001898] -> 0xB423
mem[X,0x000000008000189A] -> 0x1BF2
[1579] [M]: 0x0000000080001898 (0x1BF2B423) sd t6, 0x1a8(t0)
mem[0x00000000800043A0] <- 0x0000FFFF007E0000

mem[X,0x000000008000189C] -> 0x8F37
mem[X,0x000000008000189E] -> 0xFFF7
[1580] [M]: 0x000000008000189C (0xFFF78F37) lui t5, -0x88
x30 <- 0xFFFFFFFFFFF78000

mem[X,0x00000000800018A0] -> 0x0F13
mem[X,0x00000000800018A2] -> 0x000F
[1581] [M]: 0x00000000800018A0 (0x000F0F13) addi t5, t5, 0x0
x30 <- 0xFFFFFFFFFFF78000

mem[X,0x00000000800018A4] -> 0x1F13
mem[X,0x00000000800018A6] -> 0x00BF
[1582] [M]: 0x00000000800018A4 (0x00BF1F13) slli t5, t5, 0xb
x30 <- 0xFFFFFFFFBC000000

mem[X,0x00000000800018A8] -> 0x0F13
mem[X,0x00000000800018AA] -> 0x000F
[1583] [M]: 0x00000000800018A8 (0x000F0F13) addi t5, t5, 0x0
x30 <- 0xFFFFFFFFBC000000

mem[X,0x00000000800018AC] -> 0x1F13
mem[X,0x00000000800018AE] -> 0x00BF
[1584] [M]: 0x00000000800018AC (0x00BF1F13) slli t5, t5, 0xb
x30 <- 0xFFFFFDE000000000

mem[X,0x00000000800018B0] -> 0x0F13
mem[X,0x00000000800018B2] -> 0x400F
[1585] [M]: 0x00000000800018B0 (0x400F0F13) addi t5, t5, 0x400
x30 <- 0xFFFFFDE000000400

mem[X,0x00000000800018B4] -> 0x1F13
mem[X,0x00000000800018B6] -> 0x00AF
[1586] [M]: 0x00000000800018B4 (0x00AF1F13) slli t5, t5, 0xa
x30 <- 0xFFF7800000100000

mem[X,0x00000000800018B8] -> 0x0F13
mem[X,0x00000000800018BA] -> 0x100F
[1587] [M]: 0x00000000800018B8 (0x100F0F13) addi t5, t5, 0x100
x30 <- 0xFFF7800000100100

mem[X,0x00000000800018BC] -> 0x0EB7
mem[X,0x00000000800018BE] -> 0x0004
[1588] [M]: 0x00000000800018BC (0x00040EB7) lui t4, 0x40
x29 <- 0x0000000000040000

mem[X,0x00000000800018C0] -> 0x8E93
mem[X,0x00000000800018C2] -> 0xFF7E
[1589] [M]: 0x00000000800018C0 (0xFF7E8E93) addi t4, t4, -0x9
x29 <- 0x000000000003FFF7

mem[X,0x00000000800018C4] -> 0x9E93
mem[X,0x00000000800018C6] -> 0x00BE
[1590] [M]: 0x00000000800018C4 (0x00BE9E93) slli t4, t4, 0xb
x29 <- 0x000000001FFFB800

mem[X,0x00000000800018C8] -> 0x8E93
mem[X,0x00000000800018CA] -> 0x7FFE
[1591] [M]: 0x00000000800018C8 (0x7FFE8E93) addi t4, t4, 0x7ff
x29 <- 0x000000001FFFBFFF

mem[X,0x00000000800018CC] -> 0x9E93
mem[X,0x00000000800018CE] -> 0x00BE
[1592] [M]: 0x00000000800018CC (0x00BE9E93) slli t4, t4, 0xb
x29 <- 0x000000FFFDFFF800

mem[X,0x00000000800018D0] -> 0x8E93
mem[X,0x00000000800018D2] -> 0x6FFE
[1593] [M]: 0x00000000800018D0 (0x6FFE8E93) addi t4, t4, 0x6ff
x29 <- 0x000000FFFDFFFEFF

mem[X,0x00000000800018D4] -> 0x9E93
mem[X,0x00000000800018D6] -> 0x00AE
[1594] [M]: 0x00000000800018D4 (0x00AE9E93) slli t4, t4, 0xa
x29 <- 0x0003FFF7FFFBFC00

mem[X,0x00000000800018D8] -> 0x8E93
mem[X,0x00000000800018DA] -> 0x2FFE
[1595] [M]: 0x00000000800018D8 (0x2FFE8E93) addi t4, t4, 0x2ff
x29 <- 0x0003FFF7FFFBFEFF

mem[X,0x00000000800018DC] -> 0x7FBB
mem[X,0x00000000800018DE] -> 0xA5DF
[1596] [M]: 0x00000000800018DC (0xA5DF7FBB) pmulhsu.h.be t6, t5, t4
x31 <- 0xFFFFFF8400000000

mem[X,0x00000000800018E0] -> 0xB823
mem[X,0x00000000800018E2] -> 0x1BF2
[1597] [M]: 0x00000000800018E0 (0x1BF2B823) sd t6, 0x1b0(t0)
mem[0x00000000800043A8] <- 0xFFFFFF8400000000

mem[X,0x00000000800018E4] -> 0x0F37
mem[X,0x00000000800018E6] -> 0x0040
[1598] [M]: 0x00000000800018E4 (0x00400F37) lui t5, 0x400
x30 <- 0x0000000000400000

mem[X,0x00000000800018E8] -> 0x0F13
mem[X,0x00000000800018EA] -> 0x010F
[1599] [M]: 0x00000000800018E8 (0x010F0F13) addi t5, t5, 0x10
x30 <- 0x0000000000400010

clint::tick mtime <- 0x0000000000000010
 clint timer pending at mtime 0x0000000000000010
htif::tick 0x0000000000000000
mem[X,0x00000000800018EC] -> 0x1F13
mem[X,0x00000000800018EE] -> 0x00BF
[1600] [M]: 0x00000000800018EC (0x00BF1F13) slli t5, t5, 0xb
x30 <- 0x0000000200008000

mem[X,0x00000000800018F0] -> 0x0F13
mem[X,0x00000000800018F2] -> 0x7F7F
[1601] [M]: 0x00000000800018F0 (0x7F7F0F13) addi t5, t5, 0x7f7
x30 <- 0x00000002000087F7

mem[X,0x00000000800018F4] -> 0x1F13
mem[X,0x00000000800018F6] -> 0x00BF
[1602] [M]: 0x00000000800018F4 (0x00BF1F13) slli t5, t5, 0xb
x30 <- 0x00001000043FB800

mem[X,0x00000000800018F8] -> 0x0F13
mem[X,0x00000000800018FA] -> 0x7C0F
[1603] [M]: 0x00000000800018F8 (0x7C0F0F13) addi t5, t5, 0x7c0
x30 <- 0x00001000043FBFC0

mem[X,0x00000000800018FC] -> 0x1F13
mem[X,0x00000000800018FE] -> 0x00AF
[1604] [M]: 0x00000000800018FC (0x00AF1F13) slli t5, t5, 0xa
x30 <- 0x00400010FEFF0000

mem[X,0x0000000080001900] -> 0x0F13
mem[X,0x0000000080001902] -> 0x001F
[1605] [M]: 0x0000000080001900 (0x001F0F13) addi t5, t5, 0x1
x30 <- 0x00400010FEFF0001

mem[X,0x0000000080001904] -> 0x0EB7
mem[X,0x0000000080001906] -> 0xFFFC
[1606] [M]: 0x0000000080001904 (0xFFFC0EB7) lui t4, -0x40
x29 <- 0xFFFFFFFFFFFC0000

mem[X,0x0000000080001908] -> 0x8E93
mem[X,0x000000008000190A] -> 0xFF8E
[1607] [M]: 0x0000000080001908 (0xFF8E8E93) addi t4, t4, -0x8
x29 <- 0xFFFFFFFFFFFBFFF8

mem[X,0x000000008000190C] -> 0x9E93
mem[X,0x000000008000190E] -> 0x00BE
[1608] [M]: 0x000000008000190C (0x00BE9E93) slli t4, t4, 0xb
x29 <- 0xFFFFFFFFDFFFC000

mem[X,0x0000000080001910] -> 0x8E93
mem[X,0x0000000080001912] -> 0x2AAE
[1609] [M]: 0x0000000080001910 (0x2AAE8E93) addi t4, t4, 0x2aa
x29 <- 0xFFFFFFFFDFFFC2AA

mem[X,0x0000000080001914] -> 0x9E93
mem[X,0x0000000080001916] -> 0x00BE
[1610] [M]: 0x0000000080001914 (0x00BE9E93) slli t4, t4, 0xb
x29 <- 0xFFFFFEFFFE155000

mem[X,0x0000000080001918] -> 0x8E93
mem[X,0x000000008000191A] -> 0x57FE
[1611] [M]: 0x0000000080001918 (0x57FE8E93) addi t4, t4, 0x57f
x29 <- 0xFFFFFEFFFE15557F

mem[X,0x000000008000191C] -> 0x9E93
mem[X,0x000000008000191E] -> 0x00AE
[1612] [M]: 0x000000008000191C (0x00AE9E93) slli t4, t4, 0xa
x29 <- 0xFFFBFFF85555FC00

mem[X,0x0000000080001920] -> 0x8E93
mem[X,0x0000000080001922] -> 0x3EFE
[1613] [M]: 0x0000000080001920 (0x3EFE8E93) addi t4, t4, 0x3ef
x29 <- 0xFFFBFFF85555FFEF

mem[X,0x0000000080001924] -> 0x7FBB
mem[X,0x0000000080001926] -> 0xA5DF
[1614] [M]: 0x0000000080001924 (0xA5DF7FBB) pmulhsu.h.be t6, t5, t4
x31 <- 0x00000000FFFF0000

mem[X,0x0000000080001928] -> 0xBC23
mem[X,0x000000008000192A] -> 0x1BF2
[1615] [M]: 0x0000000080001928 (0x1BF2BC23) sd t6, 0x1b8(t0)
mem[0x00000000800043B0] <- 0x00000000FFFF0000

mem[X,0x000000008000192C] -> 0x0F37
mem[X,0x000000008000192E] -> 0x1000
[1616] [M]: 0x000000008000192C (0x10000F37) lui t5, 0x10000
x30 <- 0x0000000010000000

mem[X,0x0000000080001930] -> 0x0F13
mem[X,0x0000000080001932] -> 0x040F
[1617] [M]: 0x0000000080001930 (0x040F0F13) addi t5, t5, 0x40
x30 <- 0x0000000010000040

mem[X,0x0000000080001934] -> 0x1F13
mem[X,0x0000000080001936] -> 0x00BF
[1618] [M]: 0x0000000080001934 (0x00BF1F13) slli t5, t5, 0xb
x30 <- 0x0000008000020000

mem[X,0x0000000080001938] -> 0x0F13
mem[X,0x000000008000193A] -> 0x7FFF
[1619] [M]: 0x0000000080001938 (0x7FFF0F13) addi t5, t5, 0x7ff
x30 <- 0x00000080000207FF

mem[X,0x000000008000193C] -> 0x1F13
mem[X,0x000000008000193E] -> 0x00BF
[1620] [M]: 0x000000008000193C (0x00BF1F13) slli t5, t5, 0xb
x30 <- 0x00040000103FF800

mem[X,0x0000000080001940] -> 0x0F13
mem[X,0x0000000080001942] -> 0x67FF
[1621] [M]: 0x0000000080001940 (0x67FF0F13) addi t5, t5, 0x67f
x30 <- 0x00040000103FFE7F

mem[X,0x0000000080001944] -> 0x1F13
mem[X,0x0000000080001946] -> 0x00AF
[1622] [M]: 0x0000000080001944 (0x00AF1F13) slli t5, t5, 0xa
x30 <- 0x10000040FFF9FC00

mem[X,0x0000000080001948] -> 0x0F13
mem[X,0x000000008000194A] -> 0x1FFF
[1623] [M]: 0x0000000080001948 (0x1FFF0F13) addi t5, t5, 0x1ff
x30 <- 0x10000040FFF9FDFF

mem[X,0x000000008000194C] -> 0x0EB7
mem[X,0x000000008000194E] -> 0x8000
[1624] [M]: 0x000000008000194C (0x80000EB7) lui t4, -0x80000
x29 <- 0xFFFFFFFF80000000

mem[X,0x0000000080001950] -> 0x8E93
mem[X,0x0000000080001952] -> 0xFBFE
[1625] [M]: 0x0000000080001950 (0xFBFE8E93) addi t4, t4, -0x41
x29 <- 0xFFFFFFFF7FFFFFBF

mem[X,0x0000000080001954] -> 0x9E93
mem[X,0x0000000080001956] -> 0x00BE
[1626] [M]: 0x0000000080001954 (0x00BE9E93) slli t4, t4, 0xb
x29 <- 0xFFFFFBFFFFFDF800

mem[X,0x0000000080001958] -> 0x8E93
mem[X,0x000000008000195A] -> 0x7EFE
[1627] [M]: 0x0000000080001958 (0x7EFE8E93) addi t4, t4, 0x7ef
x29 <- 0xFFFFFBFFFFFDFFEF

mem[X,0x000000008000195C] -> 0x9E93
mem[X,0x000000008000195E] -> 0x00BE
[1628] [M]: 0x000000008000195C (0x00BE9E93) slli t4, t4, 0xb
x29 <- 0xFFDFFFFFEFFF7800

mem[X,0x0000000080001960] -> 0x8E93
mem[X,0x0000000080001962] -> 0x7FFE
[1629] [M]: 0x0000000080001960 (0x7FFE8E93) addi t4, t4, 0x7ff
x29 <- 0xFFDFFFFFEFFF7FFF

mem[X,0x0000000080001964] -> 0x9E93
mem[X,0x0000000080001966] -> 0x00AE
[1630] [M]: 0x0000000080001964 (0x00AE9E93) slli t4, t4, 0xa
x29 <- 0x7FFFFFBFFDFFFC00

mem[X,0x0000000080001968] -> 0x8E93
mem[X,0x000000008000196A] -> 0x3FFE
[1631] [M]: 0x0000000080001968 (0x3FFE8E93) addi t4, t4, 0x3ff
x29 <- 0x7FFFFFBFFDFFFFFF

mem[X,0x000000008000196C] -> 0x7FBB
mem[X,0x000000008000196E] -> 0xA5DF
[1632] [M]: 0x000000008000196C (0xA5DF7FBB) pmulhsu.h.be t6, t5, t4
x31 <- 0x000F0000FFFFFFFE

mem[X,0x0000000080001970] -> 0xB023
mem[X,0x0000000080001972] -> 0x1DF2
[1633] [M]: 0x0000000080001970 (0x1DF2B023) sd t6, 0x1c0(t0)
mem[0x00000000800043B8] <- 0x000F0000FFFFFFFE

mem[X,0x0000000080001974] -> 0x0F37
mem[X,0x0000000080001976] -> 0x0200
[1634] [M]: 0x0000000080001974 (0x02000F37) lui t5, 0x2000
x30 <- 0x0000000002000000

mem[X,0x0000000080001978] -> 0x0F13
mem[X,0x000000008000197A] -> 0x000F
[1635] [M]: 0x0000000080001978 (0x000F0F13) addi t5, t5, 0x0
x30 <- 0x0000000002000000

mem[X,0x000000008000197C] -> 0x1F13
mem[X,0x000000008000197E] -> 0x00BF
[1636] [M]: 0x000000008000197C (0x00BF1F13) slli t5, t5, 0xb
x30 <- 0x0000001000000000

mem[X,0x0000000080001980] -> 0x0F13
mem[X,0x0000000080001982] -> 0x000F
[1637] [M]: 0x0000000080001980 (0x000F0F13) addi t5, t5, 0x0
x30 <- 0x0000001000000000

mem[X,0x0000000080001984] -> 0x1F13
mem[X,0x0000000080001986] -> 0x00BF
[1638] [M]: 0x0000000080001984 (0x00BF1F13) slli t5, t5, 0xb
x30 <- 0x0000800000000000

mem[X,0x0000000080001988] -> 0x0F13
mem[X,0x000000008000198A] -> 0x142F
[1639] [M]: 0x0000000080001988 (0x142F0F13) addi t5, t5, 0x142
x30 <- 0x0000800000000142

mem[X,0x000000008000198C] -> 0x1F13
mem[X,0x000000008000198E] -> 0x00AF
[1640] [M]: 0x000000008000198C (0x00AF1F13) slli t5, t5, 0xa
x30 <- 0x0200000000050800

mem[X,0x0000000080001990] -> 0x0EB7
mem[X,0x0000000080001992] -> 0xC000
[1641] [M]: 0x0000000080001990 (0xC0000EB7) lui t4, -0x40000
x29 <- 0xFFFFFFFFC0000000

mem[X,0x0000000080001994] -> 0x8E93
mem[X,0x0000000080001996] -> 0xFFFE
[1642] [M]: 0x0000000080001994 (0xFFFE8E93) addi t4, t4, -0x1
x29 <- 0xFFFFFFFFBFFFFFFF

mem[X,0x0000000080001998] -> 0x9E93
mem[X,0x000000008000199A] -> 0x00BE
[1643] [M]: 0x0000000080001998 (0x00BE9E93) slli t4, t4, 0xb
x29 <- 0xFFFFFDFFFFFFF800

mem[X,0x000000008000199C] -> 0x8E93
mem[X,0x000000008000199E] -> 0x7EFE
[1644] [M]: 0x000000008000199C (0x7EFE8E93) addi t4, t4, 0x7ef
x29 <- 0xFFFFFDFFFFFFFFEF

mem[X,0x00000000800019A0] -> 0x9E93
mem[X,0x00000000800019A2] -> 0x00BE
[1645] [M]: 0x00000000800019A0 (0x00BE9E93) slli t4, t4, 0xb
x29 <- 0xFFEFFFFFFFFF7800

mem[X,0x00000000800019A4] -> 0x8E93
mem[X,0x00000000800019A6] -> 0x7E0E
[1646] [M]: 0x00000000800019A4 (0x7E0E8E93) addi t4, t4, 0x7e0
x29 <- 0xFFEFFFFFFFFF7FE0

mem[X,0x00000000800019A8] -> 0x9E93
mem[X,0x00000000800019AA] -> 0x00AE
[1647] [M]: 0x00000000800019A8 (0x00AE9E93) slli t4, t4, 0xa
x29 <- 0xBFFFFFFFFDFF8000

mem[X,0x00000000800019AC] -> 0x7FBB
mem[X,0x00000000800019AE] -> 0xA5DF
[1648] [M]: 0x00000000800019AC (0xA5DF7FBB) pmulhsu.h.be t6, t5, t4
x31 <- 0x0001000000000000

mem[X,0x00000000800019B0] -> 0xB423
mem[X,0x00000000800019B2] -> 0x1DF2
[1649] [M]: 0x00000000800019B0 (0x1DF2B423) sd t6, 0x1c8(t0)
mem[0x00000000800043C0] <- 0x0001000000000000

mem[X,0x00000000800019B4] -> 0x0F37
mem[X,0x00000000800019B6] -> 0x0041
[1650] [M]: 0x00000000800019B4 (0x00410F37) lui t5, 0x410
x30 <- 0x0000000000410000

mem[X,0x00000000800019B8] -> 0x0F13
mem[X,0x00000000800019BA] -> 0xFDFF
[1651] [M]: 0x00000000800019B8 (0xFDFF0F13) addi t5, t5, -0x21
x30 <- 0x000000000040FFDF

mem[X,0x00000000800019BC] -> 0x1F13
mem[X,0x00000000800019BE] -> 0x00BF
[1652] [M]: 0x00000000800019BC (0x00BF1F13) slli t5, t5, 0xb
x30 <- 0x0000000207FEF800

mem[X,0x00000000800019C0] -> 0x0F13
mem[X,0x00000000800019C2] -> 0x020F
[1653] [M]: 0x00000000800019C0 (0x020F0F13) addi t5, t5, 0x20
x30 <- 0x0000000207FEF820

mem[X,0x00000000800019C4] -> 0x1F13
mem[X,0x00000000800019C6] -> 0x00BF
[1654] [M]: 0x00000000800019C4 (0x00BF1F13) slli t5, t5, 0xb
x30 <- 0x0000103FF7C10000

mem[X,0x00000000800019C8] -> 0x0F13
mem[X,0x00000000800019CA] -> 0x000F
[1655] [M]: 0x00000000800019C8 (0x000F0F13) addi t5, t5, 0x0
x30 <- 0x0000103FF7C10000

mem[X,0x00000000800019CC] -> 0x1F13
mem[X,0x00000000800019CE] -> 0x00AF
[1656] [M]: 0x00000000800019CC (0x00AF1F13) slli t5, t5, 0xa
x30 <- 0x0040FFDF04000000

mem[X,0x00000000800019D0] -> 0x0F13
mem[X,0x00000000800019D2] -> 0x002F
[1657] [M]: 0x00000000800019D0 (0x002F0F13) addi t5, t5, 0x2
x30 <- 0x0040FFDF04000002

mem[X,0x00000000800019D4] -> 0x0EB7
mem[X,0x00000000800019D6] -> 0xFDFF
[1658] [M]: 0x00000000800019D4 (0xFDFF0EB7) lui t4, -0x2010
x29 <- 0xFFFFFFFFFDFF0000

mem[X,0x00000000800019D8] -> 0x8E93
mem[X,0x00000000800019DA] -> 0x004E
[1659] [M]: 0x00000000800019D8 (0x004E8E93) addi t4, t4, 0x4
x29 <- 0xFFFFFFFFFDFF0004

mem[X,0x00000000800019DC] -> 0x9E93
mem[X,0x00000000800019DE] -> 0x00BE
[1660] [M]: 0x00000000800019DC (0x00BE9E93) slli t4, t4, 0xb
x29 <- 0xFFFFFFEFF8002000

mem[X,0x00000000800019E0] -> 0x8E93
mem[X,0x00000000800019E2] -> 0x7FFE
[1661] [M]: 0x00000000800019E0 (0x7FFE8E93) addi t4, t4, 0x7ff
x29 <- 0xFFFFFFEFF80027FF

mem[X,0x00000000800019E4] -> 0x9E93
mem[X,0x00000000800019E6] -> 0x00BE
[1662] [M]: 0x00000000800019E4 (0x00BE9E93) slli t4, t4, 0xb
x29 <- 0xFFFF7FC0013FF800

mem[X,0x00000000800019E8] -> 0x8E93
mem[X,0x00000000800019EA] -> 0x642E
[1663] [M]: 0x00000000800019E8 (0x642E8E93) addi t4, t4, 0x642
x29 <- 0xFFFF7FC0013FFE42

mem[X,0x00000000800019EC] -> 0x9E93
mem[X,0x00000000800019EE] -> 0x00AE
[1664] [M]: 0x00000000800019EC (0x00AE9E93) slli t4, t4, 0xa
x29 <- 0xFDFF0004FFF90800

mem[X,0x00000000800019F0] -> 0x7FBB
mem[X,0x00000000800019F2] -> 0xA5DF
[1665] [M]: 0x00000000800019F0 (0xA5DF7FBB) pmulhsu.h.be t6, t5, t4
x31 <- 0x0000FFFF00030000

mem[X,0x00000000800019F4] -> 0xB823
mem[X,0x00000000800019F6] -> 0x1DF2
[1666] [M]: 0x00000000800019F4 (0x1DF2B823) sd t6, 0x1d0(t0)
mem[0x00000000800043C8] <- 0x0000FFFF00030000

mem[X,0x00000000800019F8] -> 0x0F37
mem[X,0x00000000800019FA] -> 0xFFF7
[1667] [M]: 0x00000000800019F8 (0xFFF70F37) lui t5, -0x90
x30 <- 0xFFFFFFFFFFF70000

mem[X,0x00000000800019FC] -> 0x0F13
mem[X,0x00000000800019FE] -> 0xBFFF
[1668] [M]: 0x00000000800019FC (0xBFFF0F13) addi t5, t5, -0x401
x30 <- 0xFFFFFFFFFFF6FBFF

mem[X,0x0000000080001A00] -> 0x1F13
mem[X,0x0000000080001A02] -> 0x00BF
[1669] [M]: 0x0000000080001A00 (0x00BF1F13) slli t5, t5, 0xb
x30 <- 0xFFFFFFFFB7DFF800

mem[X,0x0000000080001A04] -> 0x0F13
mem[X,0x0000000080001A06] -> 0x200F
[1670] [M]: 0x0000000080001A04 (0x200F0F13) addi t5, t5, 0x200
x30 <- 0xFFFFFFFFB7DFFA00

mem[X,0x0000000080001A08] -> 0x1F13
mem[X,0x0000000080001A0A] -> 0x00BF
[1671] [M]: 0x0000000080001A08 (0x00BF1F13) slli t5, t5, 0xb
x30 <- 0xFFFFFDBEFFD00000

mem[X,0x0000000080001A0C] -> 0x0F13
mem[X,0x0000000080001A0E] -> 0x02AF
[1672] [M]: 0x0000000080001A0C (0x02AF0F13) addi t5, t5, 0x2a
x30 <- 0xFFFFFDBEFFD0002A

mem[X,0x0000000080001A10] -> 0x1F13
mem[X,0x0000000080001A12] -> 0x00AF
[1673] [M]: 0x0000000080001A10 (0x00AF1F13) slli t5, t5, 0xa
x30 <- 0xFFF6FBFF4000A800

mem[X,0x0000000080001A14] -> 0x0F13
mem[X,0x0000000080001A16] -> 0x2AAF
[1674] [M]: 0x0000000080001A14 (0x2AAF0F13) addi t5, t5, 0x2aa
x30 <- 0xFFF6FBFF4000AAAA

mem[X,0x0000000080001A18] -> 0xFEB7
mem[X,0x0000000080001A1A] -> 0xFFF7
[1675] [M]: 0x0000000080001A18 (0xFFF7FEB7) lui t4, -0x81
x29 <- 0xFFFFFFFFFFF7F000

mem[X,0x0000000080001A1C] -> 0x8E93
mem[X,0x0000000080001A1E] -> 0x7FFE
[1676] [M]: 0x0000000080001A1C (0x7FFE8E93) addi t4, t4, 0x7ff
x29 <- 0xFFFFFFFFFFF7F7FF

mem[X,0x0000000080001A20] -> 0x9E93
mem[X,0x0000000080001A22] -> 0x00BE
[1677] [M]: 0x0000000080001A20 (0x00BE9E93) slli t4, t4, 0xb
x29 <- 0xFFFFFFFFBFBFF800

mem[X,0x0000000080001A24] -> 0x8E93
mem[X,0x0000000080001A26] -> 0x020E
[1678] [M]: 0x0000000080001A24 (0x020E8E93) addi t4, t4, 0x20
x29 <- 0xFFFFFFFFBFBFF820

mem[X,0x0000000080001A28] -> 0x9E93
mem[X,0x0000000080001A2A] -> 0x00BE
[1679] [M]: 0x0000000080001A28 (0x00BE9E93) slli t4, t4, 0xb
x29 <- 0xFFFFFDFDFFC10000

mem[X,0x0000000080001A2C] -> 0x8E93
mem[X,0x0000000080001A2E] -> 0x03FE
[1680] [M]: 0x0000000080001A2C (0x03FE8E93) addi t4, t4, 0x3f
x29 <- 0xFFFFFDFDFFC1003F

mem[X,0x0000000080001A30] -> 0x9E93
mem[X,0x0000000080001A32] -> 0x00AE
[1681] [M]: 0x0000000080001A30 (0x00AE9E93) slli t4, t4, 0xa
x29 <- 0xFFF7F7FF0400FC00

mem[X,0x0000000080001A34] -> 0x8E93
mem[X,0x0000000080001A36] -> 0x2FFE
[1682] [M]: 0x0000000080001A34 (0x2FFE8E93) addi t4, t4, 0x2ff
x29 <- 0xFFF7F7FF0400FEFF

mem[X,0x0000000080001A38] -> 0x7FBB
mem[X,0x0000000080001A3A] -> 0xA5DF
[1683] [M]: 0x0000000080001A38 (0xA5DF7FBB) pmulhsu.h.be t6, t5, t4
x31 <- 0xFFFFFFFC0000FFAA

mem[X,0x0000000080001A3C] -> 0xBC23
mem[X,0x0000000080001A3E] -> 0x1DF2
[1684] [M]: 0x0000000080001A3C (0x1DF2BC23) sd t6, 0x1d8(t0)
mem[0x00000000800043D0] <- 0xFFFFFFFC0000FFAA

mem[X,0x0000000080001A40] -> 0xBF37
mem[X,0x0000000080001A42] -> 0xDFFF
[1685] [M]: 0x0000000080001A40 (0xDFFFBF37) lui t5, -0x20005
x30 <- 0xFFFFFFFFDFFFB000

mem[X,0x0000000080001A44] -> 0x0F13
mem[X,0x0000000080001A46] -> 0xAAAF
[1686] [M]: 0x0000000080001A44 (0xAAAF0F13) addi t5, t5, -0x556
x30 <- 0xFFFFFFFFDFFFAAAA

mem[X,0x0000000080001A48] -> 0x1F13
mem[X,0x0000000080001A4A] -> 0x00BF
[1687] [M]: 0x0000000080001A48 (0x00BF1F13) slli t5, t5, 0xb
x30 <- 0xFFFFFEFFFD555000

mem[X,0x0000000080001A4C] -> 0x0F13
mem[X,0x0000000080001A4E] -> 0x000F
[1688] [M]: 0x0000000080001A4C (0x000F0F13) addi t5, t5, 0x0
x30 <- 0xFFFFFEFFFD555000

mem[X,0x0000000080001A50] -> 0x1F13
mem[X,0x0000000080001A52] -> 0x00BF
[1689] [M]: 0x0000000080001A50 (0x00BF1F13) slli t5, t5, 0xb
x30 <- 0xFFF7FFEAAA800000

mem[X,0x0000000080001A54] -> 0x0F13
mem[X,0x0000000080001A56] -> 0x23FF
[1690] [M]: 0x0000000080001A54 (0x23FF0F13) addi t5, t5, 0x23f
x30 <- 0xFFF7FFEAAA80023F

mem[X,0x0000000080001A58] -> 0x1F13
mem[X,0x0000000080001A5A] -> 0x00AF
[1691] [M]: 0x0000000080001A58 (0x00AF1F13) slli t5, t5, 0xa
x30 <- 0xDFFFAAAA0008FC00

mem[X,0x0000000080001A5C] -> 0x0F13
mem[X,0x0000000080001A5E] -> 0x3DFF
[1692] [M]: 0x0000000080001A5C (0x3DFF0F13) addi t5, t5, 0x3df
x30 <- 0xDFFFAAAA0008FFDF

mem[X,0x0000000080001A60] -> 0xFEB7
mem[X,0x0000000080001A62] -> 0xFFFC
[1693] [M]: 0x0000000080001A60 (0xFFFCFEB7) lui t4, -0x31
x29 <- 0xFFFFFFFFFFFCF000

mem[X,0x0000000080001A64] -> 0x8E93
mem[X,0x0000000080001A66] -> 0xFFFE
[1694] [M]: 0x0000000080001A64 (0xFFFE8E93) addi t4, t4, -0x1
x29 <- 0xFFFFFFFFFFFCEFFF

mem[X,0x0000000080001A68] -> 0x9E93
mem[X,0x0000000080001A6A] -> 0x00BE
[1695] [M]: 0x0000000080001A68 (0x00BE9E93) slli t4, t4, 0xb
x29 <- 0xFFFFFFFFE77FF800

mem[X,0x0000000080001A6C] -> 0x8E93
mem[X,0x0000000080001A6E] -> 0x040E
[1696] [M]: 0x0000000080001A6C (0x040E8E93) addi t4, t4, 0x40
x29 <- 0xFFFFFFFFE77FF840

mem[X,0x0000000080001A70] -> 0x9E93
mem[X,0x0000000080001A72] -> 0x00BE
[1697] [M]: 0x0000000080001A70 (0x00BE9E93) slli t4, t4, 0xb
x29 <- 0xFFFFFF3BFFC20000

mem[X,0x0000000080001A74] -> 0x8E93
mem[X,0x0000000080001A76] -> 0x03FE
[1698] [M]: 0x0000000080001A74 (0x03FE8E93) addi t4, t4, 0x3f
x29 <- 0xFFFFFF3BFFC2003F

mem[X,0x0000000080001A78] -> 0x9E93
mem[X,0x0000000080001A7A] -> 0x00AE
[1699] [M]: 0x0000000080001A78 (0x00AE9E93) slli t4, t4, 0xa
x29 <- 0xFFFCEFFF0800FC00

clint::tick mtime <- 0x0000000000000011
 clint timer pending at mtime 0x0000000000000011
htif::tick 0x0000000000000000
mem[X,0x0000000080001A7C] -> 0x8E93
mem[X,0x0000000080001A7E] -> 0x3F8E
[1700] [M]: 0x0000000080001A7C (0x3F8E8E93) addi t4, t4, 0x3f8
x29 <- 0xFFFCEFFF0800FFF8

mem[X,0x0000000080001A80] -> 0x7FBB
mem[X,0x0000000080001A82] -> 0xA5DF
[1701] [M]: 0x0000000080001A80 (0xA5DF7FBB) pmulhsu.h.be t6, t5, t4
x31 <- 0xFFE0FFAA0000FFFF

mem[X,0x0000000080001A84] -> 0xB023
mem[X,0x0000000080001A86] -> 0x1FF2
[1702] [M]: 0x0000000080001A84 (0x1FF2B023) sd t6, 0x1e0(t0)
mem[0x00000000800043D8] <- 0xFFE0FFAA0000FFFF

mem[X,0x0000000080001A88] -> 0x0F37
mem[X,0x0000000080001A8A] -> 0x0100
[1703] [M]: 0x0000000080001A88 (0x01000F37) lui t5, 0x1000
x30 <- 0x0000000001000000

mem[X,0x0000000080001A8C] -> 0x0F13
mem[X,0x0000000080001A8E] -> 0x009F
[1704] [M]: 0x0000000080001A8C (0x009F0F13) addi t5, t5, 0x9
x30 <- 0x0000000001000009

mem[X,0x0000000080001A90] -> 0x1F13
mem[X,0x0000000080001A92] -> 0x00BF
[1705] [M]: 0x0000000080001A90 (0x00BF1F13) slli t5, t5, 0xb
x30 <- 0x0000000800004800

mem[X,0x0000000080001A94] -> 0x0F13
mem[X,0x0000000080001A96] -> 0x7FFF
[1706] [M]: 0x0000000080001A94 (0x7FFF0F13) addi t5, t5, 0x7ff
x30 <- 0x0000000800004FFF

mem[X,0x0000000080001A98] -> 0x1F13
mem[X,0x0000000080001A9A] -> 0x00BF
[1707] [M]: 0x0000000080001A98 (0x00BF1F13) slli t5, t5, 0xb
x30 <- 0x00004000027FF800

mem[X,0x0000000080001A9C] -> 0x0F13
mem[X,0x0000000080001A9E] -> 0x5C0F
[1708] [M]: 0x0000000080001A9C (0x5C0F0F13) addi t5, t5, 0x5c0
x30 <- 0x00004000027FFDC0

mem[X,0x0000000080001AA0] -> 0x1F13
mem[X,0x0000000080001AA2] -> 0x00AF
[1709] [M]: 0x0000000080001AA0 (0x00AF1F13) slli t5, t5, 0xa
x30 <- 0x01000009FFF70000

mem[X,0x0000000080001AA4] -> 0x0F13
mem[X,0x0000000080001AA6] -> 0x008F
[1710] [M]: 0x0000000080001AA4 (0x008F0F13) addi t5, t5, 0x8
x30 <- 0x01000009FFF70008

mem[X,0x0000000080001AA8] -> 0x0EB7
mem[X,0x0000000080001AAA] -> 0xC001
[1711] [M]: 0x0000000080001AA8 (0xC0010EB7) lui t4, -0x3fff0
x29 <- 0xFFFFFFFFC0010000

mem[X,0x0000000080001AAC] -> 0x8E93
mem[X,0x0000000080001AAE] -> 0xFEFE
[1712] [M]: 0x0000000080001AAC (0xFEFE8E93) addi t4, t4, -0x11
x29 <- 0xFFFFFFFFC000FFEF

mem[X,0x0000000080001AB0] -> 0x9E93
mem[X,0x0000000080001AB2] -> 0x00BE
[1713] [M]: 0x0000000080001AB0 (0x00BE9E93) slli t4, t4, 0xb
x29 <- 0xFFFFFE0007FF7800

mem[X,0x0000000080001AB4] -> 0x8E93
mem[X,0x0000000080001AB6] -> 0x7EFE
[1714] [M]: 0x0000000080001AB4 (0x7EFE8E93) addi t4, t4, 0x7ef
x29 <- 0xFFFFFE0007FF7FEF

mem[X,0x0000000080001AB8] -> 0x9E93
mem[X,0x0000000080001ABA] -> 0x00BE
[1715] [M]: 0x0000000080001AB8 (0x00BE9E93) slli t4, t4, 0xb
x29 <- 0xFFF0003FFBFF7800

mem[X,0x0000000080001ABC] -> 0x8E93
mem[X,0x0000000080001ABE] -> 0x7C0E
[1716] [M]: 0x0000000080001ABC (0x7C0E8E93) addi t4, t4, 0x7c0
x29 <- 0xFFF0003FFBFF7FC0

mem[X,0x0000000080001AC0] -> 0x9E93
mem[X,0x0000000080001AC2] -> 0x00AE
[1717] [M]: 0x0000000080001AC0 (0x00AE9E93) slli t4, t4, 0xa
x29 <- 0xC000FFEFFDFF0000

mem[X,0x0000000080001AC4] -> 0x8E93
mem[X,0x0000000080001AC6] -> 0x003E
[1718] [M]: 0x0000000080001AC4 (0x003E8E93) addi t4, t4, 0x3
x29 <- 0xC000FFEFFDFF0003

mem[X,0x0000000080001AC8] -> 0x7FBB
mem[X,0x0000000080001ACA] -> 0xA5DF
[1719] [M]: 0x0000000080001AC8 (0xA5DF7FBB) pmulhsu.h.be t6, t5, t4
x31 <- 0x00000000FFFF0000

mem[X,0x0000000080001ACC] -> 0xB423
mem[X,0x0000000080001ACE] -> 0x1FF2
[1720] [M]: 0x0000000080001ACC (0x1FF2B423) sd t6, 0x1e8(t0)
mem[0x00000000800043E0] <- 0x00000000FFFF0000

mem[X,0x0000000080001AD0] -> 0x0F37
mem[X,0x0000000080001AD2] -> 0xFFFA
[1721] [M]: 0x0000000080001AD0 (0xFFFA0F37) lui t5, -0x60
x30 <- 0xFFFFFFFFFFFA0000

mem[X,0x0000000080001AD4] -> 0x0F13
mem[X,0x0000000080001AD6] -> 0xDFFF
[1722] [M]: 0x0000000080001AD4 (0xDFFF0F13) addi t5, t5, -0x201
x30 <- 0xFFFFFFFFFFF9FDFF

mem[X,0x0000000080001AD8] -> 0x1F13
mem[X,0x0000000080001ADA] -> 0x00BF
[1723] [M]: 0x0000000080001AD8 (0x00BF1F13) slli t5, t5, 0xb
x30 <- 0xFFFFFFFFCFEFF800

mem[X,0x0000000080001ADC] -> 0x0F13
mem[X,0x0000000080001ADE] -> 0x000F
[1724] [M]: 0x0000000080001ADC (0x000F0F13) addi t5, t5, 0x0
x30 <- 0xFFFFFFFFCFEFF800

mem[X,0x0000000080001AE0] -> 0x1F13
mem[X,0x0000000080001AE2] -> 0x00BF
[1725] [M]: 0x0000000080001AE0 (0x00BF1F13) slli t5, t5, 0xb
x30 <- 0xFFFFFE7F7FC00000

mem[X,0x0000000080001AE4] -> 0x0F13
mem[X,0x0000000080001AE6] -> 0x43FF
[1726] [M]: 0x0000000080001AE4 (0x43FF0F13) addi t5, t5, 0x43f
x30 <- 0xFFFFFE7F7FC0043F

mem[X,0x0000000080001AE8] -> 0x1F13
mem[X,0x0000000080001AEA] -> 0x00AF
[1727] [M]: 0x0000000080001AE8 (0x00AF1F13) slli t5, t5, 0xa
x30 <- 0xFFF9FDFF0010FC00

mem[X,0x0000000080001AEC] -> 0x0F13
mem[X,0x0000000080001AEE] -> 0x2FFF
[1728] [M]: 0x0000000080001AEC (0x2FFF0F13) addi t5, t5, 0x2ff
x30 <- 0xFFF9FDFF0010FEFF

mem[X,0x0000000080001AF0] -> 0x0EB7
mem[X,0x0000000080001AF2] -> 0x0005
[1729] [M]: 0x0000000080001AF0 (0x00050EB7) lui t4, 0x50
x29 <- 0x0000000000050000

mem[X,0x0000000080001AF4] -> 0x8E93
mem[X,0x0000000080001AF6] -> 0xF7FE
[1730] [M]: 0x0000000080001AF4 (0xF7FE8E93) addi t4, t4, -0x81
x29 <- 0x000000000004FF7F

mem[X,0x0000000080001AF8] -> 0x9E93
mem[X,0x0000000080001AFA] -> 0x00BE
[1731] [M]: 0x0000000080001AF8 (0x00BE9E93) slli t4, t4, 0xb
x29 <- 0x0000000027FBF800

mem[X,0x0000000080001AFC] -> 0x8E93
mem[X,0x0000000080001AFE] -> 0x001E
[1732] [M]: 0x0000000080001AFC (0x001E8E93) addi t4, t4, 0x1
x29 <- 0x0000000027FBF801

mem[X,0x0000000080001B00] -> 0x9E93
mem[X,0x0000000080001B02] -> 0x00BE
[1733] [M]: 0x0000000080001B00 (0x00BE9E93) slli t4, t4, 0xb
x29 <- 0x0000013FDFC00800

mem[X,0x0000000080001B04] -> 0x8E93
mem[X,0x0000000080001B06] -> 0x03FE
[1734] [M]: 0x0000000080001B04 (0x03FE8E93) addi t4, t4, 0x3f
x29 <- 0x0000013FDFC0083F

mem[X,0x0000000080001B08] -> 0x9E93
mem[X,0x0000000080001B0A] -> 0x00AE
[1735] [M]: 0x0000000080001B08 (0x00AE9E93) slli t4, t4, 0xa
x29 <- 0x0004FF7F0020FC00

mem[X,0x0000000080001B0C] -> 0x8E93
mem[X,0x0000000080001B0E] -> 0x1FFE
[1736] [M]: 0x0000000080001B0C (0x1FFE8E93) addi t4, t4, 0x1ff
x29 <- 0x0004FF7F0020FDFF

mem[X,0x0000000080001B10] -> 0x7FBB
mem[X,0x0000000080001B12] -> 0xA5DF
[1737] [M]: 0x0000000080001B10 (0xA5DF7FBB) pmulhsu.h.be t6, t5, t4
x31 <- 0xFFFFFFFF0000FFFF

mem[X,0x0000000080001B14] -> 0xB823
mem[X,0x0000000080001B16] -> 0x1FF2
[1738] [M]: 0x0000000080001B14 (0x1FF2B823) sd t6, 0x1f0(t0)
mem[0x00000000800043E8] <- 0xFFFFFFFF0000FFFF

mem[X,0x0000000080001B18] -> 0x0F37
mem[X,0x0000000080001B1A] -> 0xFFF9
[1739] [M]: 0x0000000080001B18 (0xFFF90F37) lui t5, -0x70
x30 <- 0xFFFFFFFFFFF90000

mem[X,0x0000000080001B1C] -> 0x0F13
mem[X,0x0000000080001B1E] -> 0xFFBF
[1740] [M]: 0x0000000080001B1C (0xFFBF0F13) addi t5, t5, -0x5
x30 <- 0xFFFFFFFFFFF8FFFB

mem[X,0x0000000080001B20] -> 0x1F13
mem[X,0x0000000080001B22] -> 0x00BF
[1741] [M]: 0x0000000080001B20 (0x00BF1F13) slli t5, t5, 0xb
x30 <- 0xFFFFFFFFC7FFD800

mem[X,0x0000000080001B24] -> 0x0F13
mem[X,0x0000000080001B26] -> 0x000F
[1742] [M]: 0x0000000080001B24 (0x000F0F13) addi t5, t5, 0x0
x30 <- 0xFFFFFFFFC7FFD800

mem[X,0x0000000080001B28] -> 0x1F13
mem[X,0x0000000080001B2A] -> 0x00BF
[1743] [M]: 0x0000000080001B28 (0x00BF1F13) slli t5, t5, 0xb
x30 <- 0xFFFFFE3FFEC00000

mem[X,0x0000000080001B2C] -> 0x0F13
mem[X,0x0000000080001B2E] -> 0x040F
[1744] [M]: 0x0000000080001B2C (0x040F0F13) addi t5, t5, 0x40
x30 <- 0xFFFFFE3FFEC00040

mem[X,0x0000000080001B30] -> 0x1F13
mem[X,0x0000000080001B32] -> 0x00AF
[1745] [M]: 0x0000000080001B30 (0x00AF1F13) slli t5, t5, 0xa
x30 <- 0xFFF8FFFB00010000

mem[X,0x0000000080001B34] -> 0x0F13
mem[X,0x0000000080001B36] -> 0x010F
[1746] [M]: 0x0000000080001B34 (0x010F0F13) addi t5, t5, 0x10
x30 <- 0xFFF8FFFB00010010

mem[X,0x0000000080001B38] -> 0x0EB7
mem[X,0x0000000080001B3A] -> 0x0000
[1747] [M]: 0x0000000080001B38 (0x00000EB7) lui t4, 0x0
x29 <- 0x0000000000000000

mem[X,0x0000000080001B3C] -> 0x8E93
mem[X,0x0000000080001B3E] -> 0x400E
[1748] [M]: 0x0000000080001B3C (0x400E8E93) addi t4, t4, 0x400
x29 <- 0x0000000000000400

mem[X,0x0000000080001B40] -> 0x9E93
mem[X,0x0000000080001B42] -> 0x00BE
[1749] [M]: 0x0000000080001B40 (0x00BE9E93) slli t4, t4, 0xb
x29 <- 0x0000000000200000

mem[X,0x0000000080001B44] -> 0x8E93
mem[X,0x0000000080001B46] -> 0x7FFE
[1750] [M]: 0x0000000080001B44 (0x7FFE8E93) addi t4, t4, 0x7ff
x29 <- 0x00000000002007FF

mem[X,0x0000000080001B48] -> 0x9E93
mem[X,0x0000000080001B4A] -> 0x00BE
[1751] [M]: 0x0000000080001B48 (0x00BE9E93) slli t4, t4, 0xb
x29 <- 0x00000001003FF800

mem[X,0x0000000080001B4C] -> 0x8E93
mem[X,0x0000000080001B4E] -> 0x5C1E
[1752] [M]: 0x0000000080001B4C (0x5C1E8E93) addi t4, t4, 0x5c1
x29 <- 0x00000001003FFDC1

mem[X,0x0000000080001B50] -> 0x9E93
mem[X,0x0000000080001B52] -> 0x00AE
[1753] [M]: 0x0000000080001B50 (0x00AE9E93) slli t4, t4, 0xa
x29 <- 0x00000400FFF70400

mem[X,0x0000000080001B54] -> 0x7FBB
mem[X,0x0000000080001B56] -> 0xA5DF
[1754] [M]: 0x0000000080001B54 (0xA5DF7FBB) pmulhsu.h.be t6, t5, t4
x31 <- 0x0000000000000000

mem[X,0x0000000080001B58] -> 0xBC23
mem[X,0x0000000080001B5A] -> 0x1FF2
[1755] [M]: 0x0000000080001B58 (0x1FF2BC23) sd t6, 0x1f8(t0)
mem[0x00000000800043F0] <- 0x0000000000000000

mem[X,0x0000000080001B5C] -> 0x0F37
mem[X,0x0000000080001B5E] -> 0x0020
[1756] [M]: 0x0000000080001B5C (0x00200F37) lui t5, 0x200
x30 <- 0x0000000000200000

mem[X,0x0000000080001B60] -> 0x0F13
mem[X,0x0000000080001B62] -> 0x007F
[1757] [M]: 0x0000000080001B60 (0x007F0F13) addi t5, t5, 0x7
x30 <- 0x0000000000200007

mem[X,0x0000000080001B64] -> 0x1F13
mem[X,0x0000000080001B66] -> 0x00BF
[1758] [M]: 0x0000000080001B64 (0x00BF1F13) slli t5, t5, 0xb
x30 <- 0x0000000100003800

mem[X,0x0000000080001B68] -> 0x0F13
mem[X,0x0000000080001B6A] -> 0x000F
[1759] [M]: 0x0000000080001B68 (0x000F0F13) addi t5, t5, 0x0
x30 <- 0x0000000100003800

mem[X,0x0000000080001B6C] -> 0x1F13
mem[X,0x0000000080001B6E] -> 0x00BF
[1760] [M]: 0x0000000080001B6C (0x00BF1F13) slli t5, t5, 0xb
x30 <- 0x0000080001C00000

mem[X,0x0000000080001B70] -> 0x0F13
mem[X,0x0000000080001B72] -> 0x081F
[1761] [M]: 0x0000000080001B70 (0x081F0F13) addi t5, t5, 0x81
x30 <- 0x0000080001C00081

mem[X,0x0000000080001B74] -> 0x1F13
mem[X,0x0000000080001B76] -> 0x00AF
[1762] [M]: 0x0000000080001B74 (0x00AF1F13) slli t5, t5, 0xa
x30 <- 0x0020000700020400

mem[X,0x0000000080001B78] -> 0x4EB7
mem[X,0x0000000080001B7A] -> 0x8000
[1763] [M]: 0x0000000080001B78 (0x80004EB7) lui t4, -0x7fffc
x29 <- 0xFFFFFFFF80004000

mem[X,0x0000000080001B7C] -> 0x8E93
mem[X,0x0000000080001B7E] -> 0x000E
[1764] [M]: 0x0000000080001B7C (0x000E8E93) addi t4, t4, 0x0
x29 <- 0xFFFFFFFF80004000

mem[X,0x0000000080001B80] -> 0x9E93
mem[X,0x0000000080001B82] -> 0x00BE
[1765] [M]: 0x0000000080001B80 (0x00BE9E93) slli t4, t4, 0xb
x29 <- 0xFFFFFC0002000000

mem[X,0x0000000080001B84] -> 0x8E93
mem[X,0x0000000080001B86] -> 0x7FFE
[1766] [M]: 0x0000000080001B84 (0x7FFE8E93) addi t4, t4, 0x7ff
x29 <- 0xFFFFFC00020007FF

mem[X,0x0000000080001B88] -> 0x9E93
mem[X,0x0000000080001B8A] -> 0x00BE
[1767] [M]: 0x0000000080001B88 (0x00BE9E93) slli t4, t4, 0xb
x29 <- 0xFFE00010003FF800

mem[X,0x0000000080001B8C] -> 0x8E93
mem[X,0x0000000080001B8E] -> 0x7C0E
[1768] [M]: 0x0000000080001B8C (0x7C0E8E93) addi t4, t4, 0x7c0
x29 <- 0xFFE00010003FFFC0

mem[X,0x0000000080001B90] -> 0x9E93
mem[X,0x0000000080001B92] -> 0x00AE
[1769] [M]: 0x0000000080001B90 (0x00AE9E93) slli t4, t4, 0xa
x29 <- 0x80004000FFFF0000

mem[X,0x0000000080001B94] -> 0x8E93
mem[X,0x0000000080001B96] -> 0x080E
[1770] [M]: 0x0000000080001B94 (0x080E8E93) addi t4, t4, 0x80
x29 <- 0x80004000FFFF0080

mem[X,0x0000000080001B98] -> 0x7FBB
mem[X,0x0000000080001B9A] -> 0xA5DF
[1771] [M]: 0x0000000080001B98 (0xA5DF7FBB) pmulhsu.h.be t6, t5, t4
x31 <- 0x0000000000000002

mem[X,0x0000000080001B9C] -> 0xB023
mem[X,0x0000000080001B9E] -> 0x21F2
[1772] [M]: 0x0000000080001B9C (0x21F2B023) sd t6, 0x200(t0)
mem[0x00000000800043F8] <- 0x0000000000000002

mem[X,0x0000000080001BA0] -> 0x0F37
mem[X,0x0000000080001BA2] -> 0xF800
[1773] [M]: 0x0000000080001BA0 (0xF8000F37) lui t5, -0x8000
x30 <- 0xFFFFFFFFF8000000

mem[X,0x0000000080001BA4] -> 0x0F13
mem[X,0x0000000080001BA6] -> 0xFF7F
[1774] [M]: 0x0000000080001BA4 (0xFF7F0F13) addi t5, t5, -0x9
x30 <- 0xFFFFFFFFF7FFFFF7

mem[X,0x0000000080001BA8] -> 0x1F13
mem[X,0x0000000080001BAA] -> 0x00BF
[1775] [M]: 0x0000000080001BA8 (0x00BF1F13) slli t5, t5, 0xb
x30 <- 0xFFFFFFBFFFFFB800

mem[X,0x0000000080001BAC] -> 0x0F13
mem[X,0x0000000080001BAE] -> 0x3FFF
[1776] [M]: 0x0000000080001BAC (0x3FFF0F13) addi t5, t5, 0x3ff
x30 <- 0xFFFFFFBFFFFFBBFF

mem[X,0x0000000080001BB0] -> 0x1F13
mem[X,0x0000000080001BB2] -> 0x00BF
[1777] [M]: 0x0000000080001BB0 (0x00BF1F13) slli t5, t5, 0xb
x30 <- 0xFFFDFFFFFDDFF800

mem[X,0x0000000080001BB4] -> 0x0F13
mem[X,0x0000000080001BB6] -> 0x7FFF
[1778] [M]: 0x0000000080001BB4 (0x7FFF0F13) addi t5, t5, 0x7ff
x30 <- 0xFFFDFFFFFDDFFFFF

mem[X,0x0000000080001BB8] -> 0x1F13
mem[X,0x0000000080001BBA] -> 0x00AF
[1779] [M]: 0x0000000080001BB8 (0x00AF1F13) slli t5, t5, 0xa
x30 <- 0xF7FFFFF77FFFFC00

mem[X,0x0000000080001BBC] -> 0x0F13
mem[X,0x0000000080001BBE] -> 0x2FFF
[1780] [M]: 0x0000000080001BBC (0x2FFF0F13) addi t5, t5, 0x2ff
x30 <- 0xF7FFFFF77FFFFEFF

mem[X,0x0000000080001BC0] -> 0x0EB7
mem[X,0x0000000080001BC2] -> 0x0100
[1781] [M]: 0x0000000080001BC0 (0x01000EB7) lui t4, 0x1000
x29 <- 0x0000000001000000

mem[X,0x0000000080001BC4] -> 0x8E93
mem[X,0x0000000080001BC6] -> 0x007E
[1782] [M]: 0x0000000080001BC4 (0x007E8E93) addi t4, t4, 0x7
x29 <- 0x0000000001000007

mem[X,0x0000000080001BC8] -> 0x9E93
mem[X,0x0000000080001BCA] -> 0x00BE
[1783] [M]: 0x0000000080001BC8 (0x00BE9E93) slli t4, t4, 0xb
x29 <- 0x0000000800003800

mem[X,0x0000000080001BCC] -> 0x8E93
mem[X,0x0000000080001BCE] -> 0x008E
[1784] [M]: 0x0000000080001BCC (0x008E8E93) addi t4, t4, 0x8
x29 <- 0x0000000800003808

mem[X,0x0000000080001BD0] -> 0x9E93
mem[X,0x0000000080001BD2] -> 0x00BE
[1785] [M]: 0x0000000080001BD0 (0x00BE9E93) slli t4, t4, 0xb
x29 <- 0x0000400001C04000

mem[X,0x0000000080001BD4] -> 0x8E93
mem[X,0x0000000080001BD6] -> 0x000E
[1786] [M]: 0x0000000080001BD4 (0x000E8E93) addi t4, t4, 0x0
x29 <- 0x0000400001C04000

mem[X,0x0000000080001BD8] -> 0x9E93
mem[X,0x0000000080001BDA] -> 0x00AE
[1787] [M]: 0x0000000080001BD8 (0x00AE9E93) slli t4, t4, 0xa
x29 <- 0x0100000701000000

mem[X,0x0000000080001BDC] -> 0x8E93
mem[X,0x0000000080001BDE] -> 0x002E
[1788] [M]: 0x0000000080001BDC (0x002E8E93) addi t4, t4, 0x2
x29 <- 0x0100000701000002

mem[X,0x0000000080001BE0] -> 0x7FBB
mem[X,0x0000000080001BE2] -> 0xA5DF
[1789] [M]: 0x0000000080001BE0 (0xA5DF7FBB) pmulhsu.h.be t6, t5, t4
x31 <- 0x0000FFFF0000FFFF

mem[X,0x0000000080001BE4] -> 0xB423
mem[X,0x0000000080001BE6] -> 0x21F2
[1790] [M]: 0x0000000080001BE4 (0x21F2B423) sd t6, 0x208(t0)
mem[0x0000000080004400] <- 0x0000FFFF0000FFFF

mem[X,0x0000000080001BE8] -> 0x4F37
mem[X,0x0000000080001BEA] -> 0x2000
[1791] [M]: 0x0000000080001BE8 (0x20004F37) lui t5, 0x20004
x30 <- 0x0000000020004000

mem[X,0x0000000080001BEC] -> 0x0F13
mem[X,0x0000000080001BEE] -> 0xFFFF
[1792] [M]: 0x0000000080001BEC (0xFFFF0F13) addi t5, t5, -0x1
x30 <- 0x0000000020003FFF

mem[X,0x0000000080001BF0] -> 0x1F13
mem[X,0x0000000080001BF2] -> 0x00BF
[1793] [M]: 0x0000000080001BF0 (0x00BF1F13) slli t5, t5, 0xb
x30 <- 0x0000010001FFF800

mem[X,0x0000000080001BF4] -> 0x0F13
mem[X,0x0000000080001BF6] -> 0x6FFF
[1794] [M]: 0x0000000080001BF4 (0x6FFF0F13) addi t5, t5, 0x6ff
x30 <- 0x0000010001FFFEFF

mem[X,0x0000000080001BF8] -> 0x1F13
mem[X,0x0000000080001BFA] -> 0x00BF
[1795] [M]: 0x0000000080001BF8 (0x00BF1F13) slli t5, t5, 0xb
x30 <- 0x0008000FFFF7F800

mem[X,0x0000000080001BFC] -> 0x0F13
mem[X,0x0000000080001BFE] -> 0x7FFF
[1796] [M]: 0x0000000080001BFC (0x7FFF0F13) addi t5, t5, 0x7ff
x30 <- 0x0008000FFFF7FFFF

mem[X,0x0000000080001C00] -> 0x1F13
mem[X,0x0000000080001C02] -> 0x00AF
[1797] [M]: 0x0000000080001C00 (0x00AF1F13) slli t5, t5, 0xa
x30 <- 0x20003FFFDFFFFC00

mem[X,0x0000000080001C04] -> 0x0F13
mem[X,0x0000000080001C06] -> 0x2FFF
[1798] [M]: 0x0000000080001C04 (0x2FFF0F13) addi t5, t5, 0x2ff
x30 <- 0x20003FFFDFFFFEFF

mem[X,0x0000000080001C08] -> 0x0EB7
mem[X,0x0000000080001C0A] -> 0xFFFF
[1799] [M]: 0x0000000080001C08 (0xFFFF0EB7) lui t4, -0x10
x29 <- 0xFFFFFFFFFFFF0000

clint::tick mtime <- 0x0000000000000012
 clint timer pending at mtime 0x0000000000000012
htif::tick 0x0000000000000000
mem[X,0x0000000080001C0C] -> 0x8E93
mem[X,0x0000000080001C0E] -> 0x010E
[1800] [M]: 0x0000000080001C0C (0x010E8E93) addi t4, t4, 0x10
x29 <- 0xFFFFFFFFFFFF0010

mem[X,0x0000000080001C10] -> 0x9E93
mem[X,0x0000000080001C12] -> 0x00BE
[1801] [M]: 0x0000000080001C10 (0x00BE9E93) slli t4, t4, 0xb
x29 <- 0xFFFFFFFFF8008000

mem[X,0x0000000080001C14] -> 0x8E93
mem[X,0x0000000080001C16] -> 0x7FFE
[1802] [M]: 0x0000000080001C14 (0x7FFE8E93) addi t4, t4, 0x7ff
x29 <- 0xFFFFFFFFF80087FF

mem[X,0x0000000080001C18] -> 0x9E93
mem[X,0x0000000080001C1A] -> 0x00BE
[1803] [M]: 0x0000000080001C18 (0x00BE9E93) slli t4, t4, 0xb
x29 <- 0xFFFFFFC0043FF800

mem[X,0x0000000080001C1C] -> 0x8E93
mem[X,0x0000000080001C1E] -> 0x5BFE
[1804] [M]: 0x0000000080001C1C (0x5BFE8E93) addi t4, t4, 0x5bf
x29 <- 0xFFFFFFC0043FFDBF

mem[X,0x0000000080001C20] -> 0x9E93
mem[X,0x0000000080001C22] -> 0x00AE
[1805] [M]: 0x0000000080001C20 (0x00AE9E93) slli t4, t4, 0xa
x29 <- 0xFFFF0010FFF6FC00

mem[X,0x0000000080001C24] -> 0x8E93
mem[X,0x0000000080001C26] -> 0x3F8E
[1806] [M]: 0x0000000080001C24 (0x3F8E8E93) addi t4, t4, 0x3f8
x29 <- 0xFFFF0010FFF6FFF8

mem[X,0x0000000080001C28] -> 0x7FBB
mem[X,0x0000000080001C2A] -> 0xA5DF
[1807] [M]: 0x0000000080001C28 (0xA5DF7FBB) pmulhsu.h.be t6, t5, t4
x31 <- 0x001F0003FFE1FFFF

mem[X,0x0000000080001C2C] -> 0xB823
mem[X,0x0000000080001C2E] -> 0x21F2
[1808] [M]: 0x0000000080001C2C (0x21F2B823) sd t6, 0x210(t0)
mem[0x0000000080004408] <- 0x001F0003FFE1FFFF

mem[X,0x0000000080001C30] -> 0xBF37
mem[X,0x0000000080001C32] -> 0x0020
[1809] [M]: 0x0000000080001C30 (0x0020BF37) lui t5, 0x20b
x30 <- 0x000000000020B000

mem[X,0x0000000080001C34] -> 0x0F13
mem[X,0x0000000080001C36] -> 0xAAAF
[1810] [M]: 0x0000000080001C34 (0xAAAF0F13) addi t5, t5, -0x556
x30 <- 0x000000000020AAAA

mem[X,0x0000000080001C38] -> 0x1F13
mem[X,0x0000000080001C3A] -> 0x00BF
[1811] [M]: 0x0000000080001C38 (0x00BF1F13) slli t5, t5, 0xb
x30 <- 0x0000000105555000

mem[X,0x0000000080001C3C] -> 0x0F13
mem[X,0x0000000080001C3E] -> 0x7F7F
[1812] [M]: 0x0000000080001C3C (0x7F7F0F13) addi t5, t5, 0x7f7
x30 <- 0x00000001055557F7

mem[X,0x0000000080001C40] -> 0x1F13
mem[X,0x0000000080001C42] -> 0x00BF
[1813] [M]: 0x0000000080001C40 (0x00BF1F13) slli t5, t5, 0xb
x30 <- 0x0000082AAABFB800

mem[X,0x0000000080001C44] -> 0x0F13
mem[X,0x0000000080001C46] -> 0x7FFF
[1814] [M]: 0x0000000080001C44 (0x7FFF0F13) addi t5, t5, 0x7ff
x30 <- 0x0000082AAABFBFFF

mem[X,0x0000000080001C48] -> 0x1F13
mem[X,0x0000000080001C4A] -> 0x00AF
[1815] [M]: 0x0000000080001C48 (0x00AF1F13) slli t5, t5, 0xa
x30 <- 0x0020AAAAFEFFFC00

mem[X,0x0000000080001C4C] -> 0x0F13
mem[X,0x0000000080001C4E] -> 0x3F8F
[1816] [M]: 0x0000000080001C4C (0x3F8F0F13) addi t5, t5, 0x3f8
x30 <- 0x0020AAAAFEFFFFF8

mem[X,0x0000000080001C50] -> 0xEEB7
mem[X,0x0000000080001C52] -> 0xFFFC
[1817] [M]: 0x0000000080001C50 (0xFFFCEEB7) lui t4, -0x32
x29 <- 0xFFFFFFFFFFFCE000

mem[X,0x0000000080001C54] -> 0x8E93
mem[X,0x0000000080001C56] -> 0xFFFE
[1818] [M]: 0x0000000080001C54 (0xFFFE8E93) addi t4, t4, -0x1
x29 <- 0xFFFFFFFFFFFCDFFF

mem[X,0x0000000080001C58] -> 0x9E93
mem[X,0x0000000080001C5A] -> 0x00BE
[1819] [M]: 0x0000000080001C58 (0x00BE9E93) slli t4, t4, 0xb
x29 <- 0xFFFFFFFFE6FFF800

mem[X,0x0000000080001C5C] -> 0x8E93
mem[X,0x0000000080001C5E] -> 0x000E
[1820] [M]: 0x0000000080001C5C (0x000E8E93) addi t4, t4, 0x0
x29 <- 0xFFFFFFFFE6FFF800

mem[X,0x0000000080001C60] -> 0x9E93
mem[X,0x0000000080001C62] -> 0x00BE
[1821] [M]: 0x0000000080001C60 (0x00BE9E93) slli t4, t4, 0xb
x29 <- 0xFFFFFF37FFC00000

mem[X,0x0000000080001C64] -> 0x8E93
mem[X,0x0000000080001C66] -> 0x12AE
[1822] [M]: 0x0000000080001C64 (0x12AE8E93) addi t4, t4, 0x12a
x29 <- 0xFFFFFF37FFC0012A

mem[X,0x0000000080001C68] -> 0x9E93
mem[X,0x0000000080001C6A] -> 0x00AE
[1823] [M]: 0x0000000080001C68 (0x00AE9E93) slli t4, t4, 0xa
x29 <- 0xFFFCDFFF0004A800

mem[X,0x0000000080001C6C] -> 0x8E93
mem[X,0x0000000080001C6E] -> 0x2AAE
[1824] [M]: 0x0000000080001C6C (0x2AAE8E93) addi t4, t4, 0x2aa
x29 <- 0xFFFCDFFF0004AAAA

mem[X,0x0000000080001C70] -> 0x7FBB
mem[X,0x0000000080001C72] -> 0xA5DF
[1825] [M]: 0x0000000080001C70 (0xA5DF7FBB) pmulhsu.h.be t6, t5, t4
x31 <- 0x0000FFAAFFFFFFFF

mem[X,0x0000000080001C74] -> 0xBC23
mem[X,0x0000000080001C76] -> 0x21F2
[1826] [M]: 0x0000000080001C74 (0x21F2BC23) sd t6, 0x218(t0)
mem[0x0000000080004410] <- 0x0000FFAAFFFFFFFF

mem[X,0x0000000080001C78] -> 0x0F37
mem[X,0x0000000080001C7A] -> 0x0006
[1827] [M]: 0x0000000080001C78 (0x00060F37) lui t5, 0x60
x30 <- 0x0000000000060000

mem[X,0x0000000080001C7C] -> 0x0F13
mem[X,0x0000000080001C7E] -> 0xFFEF
[1828] [M]: 0x0000000080001C7C (0xFFEF0F13) addi t5, t5, -0x2
x30 <- 0x000000000005FFFE

mem[X,0x0000000080001C80] -> 0x1F13
mem[X,0x0000000080001C82] -> 0x00BF
[1829] [M]: 0x0000000080001C80 (0x00BF1F13) slli t5, t5, 0xb
x30 <- 0x000000002FFFF000

mem[X,0x0000000080001C84] -> 0x0F13
mem[X,0x0000000080001C86] -> 0x7FFF
[1830] [M]: 0x0000000080001C84 (0x7FFF0F13) addi t5, t5, 0x7ff
x30 <- 0x000000002FFFF7FF

mem[X,0x0000000080001C88] -> 0x1F13
mem[X,0x0000000080001C8A] -> 0x00BF
[1831] [M]: 0x0000000080001C88 (0x00BF1F13) slli t5, t5, 0xb
x30 <- 0x0000017FFFBFF800

mem[X,0x0000000080001C8C] -> 0x0F13
mem[X,0x0000000080001C8E] -> 0x62FF
[1832] [M]: 0x0000000080001C8C (0x62FF0F13) addi t5, t5, 0x62f
x30 <- 0x0000017FFFBFFE2F

mem[X,0x0000000080001C90] -> 0x1F13
mem[X,0x0000000080001C92] -> 0x00AF
[1833] [M]: 0x0000000080001C90 (0x00AF1F13) slli t5, t5, 0xa
x30 <- 0x0005FFFEFFF8BC00

mem[X,0x0000000080001C94] -> 0x0F13
mem[X,0x0000000080001C96] -> 0x3FFF
[1834] [M]: 0x0000000080001C94 (0x3FFF0F13) addi t5, t5, 0x3ff
x30 <- 0x0005FFFEFFF8BFFF

mem[X,0x0000000080001C98] -> 0x0EB7
mem[X,0x0000000080001C9A] -> 0xDFFF
[1835] [M]: 0x0000000080001C98 (0xDFFF0EB7) lui t4, -0x20010
x29 <- 0xFFFFFFFFDFFF0000

mem[X,0x0000000080001C9C] -> 0x8E93
mem[X,0x0000000080001C9E] -> 0x000E
[1836] [M]: 0x0000000080001C9C (0x000E8E93) addi t4, t4, 0x0
x29 <- 0xFFFFFFFFDFFF0000

mem[X,0x0000000080001CA0] -> 0x9E93
mem[X,0x0000000080001CA2] -> 0x00BE
[1837] [M]: 0x0000000080001CA0 (0x00BE9E93) slli t4, t4, 0xb
x29 <- 0xFFFFFEFFF8000000

mem[X,0x0000000080001CA4] -> 0x8E93
mem[X,0x0000000080001CA6] -> 0x002E
[1838] [M]: 0x0000000080001CA4 (0x002E8E93) addi t4, t4, 0x2
x29 <- 0xFFFFFEFFF8000002

mem[X,0x0000000080001CA8] -> 0x9E93
mem[X,0x0000000080001CAA] -> 0x00BE
[1839] [M]: 0x0000000080001CA8 (0x00BE9E93) slli t4, t4, 0xb
x29 <- 0xFFF7FFC000001000

mem[X,0x0000000080001CAC] -> 0x8E93
mem[X,0x0000000080001CAE] -> 0x002E
[1840] [M]: 0x0000000080001CAC (0x002E8E93) addi t4, t4, 0x2
x29 <- 0xFFF7FFC000001002

mem[X,0x0000000080001CB0] -> 0x9E93
mem[X,0x0000000080001CB2] -> 0x00AE
[1841] [M]: 0x0000000080001CB0 (0x00AE9E93) slli t4, t4, 0xa
x29 <- 0xDFFF000000400800

mem[X,0x0000000080001CB4] -> 0x7FBB
mem[X,0x0000000080001CB6] -> 0xA5DF
[1842] [M]: 0x0000000080001CB4 (0xA5DF7FBB) pmulhsu.h.be t6, t5, t4
x31 <- 0x00000000FFFF0000

mem[X,0x0000000080001CB8] -> 0xB023
mem[X,0x0000000080001CBA] -> 0x23F2
[1843] [M]: 0x0000000080001CB8 (0x23F2B023) sd t6, 0x220(t0)
mem[0x0000000080004418] <- 0x00000000FFFF0000

mem[X,0x0000000080001CBC] -> 0x0F37
mem[X,0x0000000080001CBE] -> 0x4001
[1844] [M]: 0x0000000080001CBC (0x40010F37) lui t5, 0x40010
x30 <- 0x0000000040010000

mem[X,0x0000000080001CC0] -> 0x0F13
mem[X,0x0000000080001CC2] -> 0xBFFF
[1845] [M]: 0x0000000080001CC0 (0xBFFF0F13) addi t5, t5, -0x401
x30 <- 0x000000004000FBFF

mem[X,0x0000000080001CC4] -> 0x1F13
mem[X,0x0000000080001CC6] -> 0x00BF
[1846] [M]: 0x0000000080001CC4 (0x00BF1F13) slli t5, t5, 0xb
x30 <- 0x0000020007DFF800

mem[X,0x0000000080001CC8] -> 0x0F13
mem[X,0x0000000080001CCA] -> 0x008F
[1847] [M]: 0x0000000080001CC8 (0x008F0F13) addi t5, t5, 0x8
x30 <- 0x0000020007DFF808

mem[X,0x0000000080001CCC] -> 0x1F13
mem[X,0x0000000080001CCE] -> 0x00BF
[1848] [M]: 0x0000000080001CCC (0x00BF1F13) slli t5, t5, 0xb
x30 <- 0x0010003EFFC04000

mem[X,0x0000000080001CD0] -> 0x0F13
mem[X,0x0000000080001CD2] -> 0x03FF
[1849] [M]: 0x0000000080001CD0 (0x03FF0F13) addi t5, t5, 0x3f
x30 <- 0x0010003EFFC0403F

mem[X,0x0000000080001CD4] -> 0x1F13
mem[X,0x0000000080001CD6] -> 0x00AF
[1850] [M]: 0x0000000080001CD4 (0x00AF1F13) slli t5, t5, 0xa
x30 <- 0x4000FBFF0100FC00

mem[X,0x0000000080001CD8] -> 0x0F13
mem[X,0x0000000080001CDA] -> 0x1FFF
[1851] [M]: 0x0000000080001CD8 (0x1FFF0F13) addi t5, t5, 0x1ff
x30 <- 0x4000FBFF0100FDFF

mem[X,0x0000000080001CDC] -> 0x0EB7
mem[X,0x0000000080001CDE] -> 0x8001
[1852] [M]: 0x0000000080001CDC (0x80010EB7) lui t4, -0x7fff0
x29 <- 0xFFFFFFFF80010000

mem[X,0x0000000080001CE0] -> 0x8E93
mem[X,0x0000000080001CE2] -> 0xFFAE
[1853] [M]: 0x0000000080001CE0 (0xFFAE8E93) addi t4, t4, -0x6
x29 <- 0xFFFFFFFF8000FFFA

mem[X,0x0000000080001CE4] -> 0x9E93
mem[X,0x0000000080001CE6] -> 0x00BE
[1854] [M]: 0x0000000080001CE4 (0x00BE9E93) slli t4, t4, 0xb
x29 <- 0xFFFFFC0007FFD000

mem[X,0x0000000080001CE8] -> 0x8E93
mem[X,0x0000000080001CEA] -> 0x5FFE
[1855] [M]: 0x0000000080001CE8 (0x5FFE8E93) addi t4, t4, 0x5ff
x29 <- 0xFFFFFC0007FFD5FF

mem[X,0x0000000080001CEC] -> 0x9E93
mem[X,0x0000000080001CEE] -> 0x00BE
[1856] [M]: 0x0000000080001CEC (0x00BE9E93) slli t4, t4, 0xb
x29 <- 0xFFE0003FFEAFF800

mem[X,0x0000000080001CF0] -> 0x8E93
mem[X,0x0000000080001CF2] -> 0x7FFE
[1857] [M]: 0x0000000080001CF0 (0x7FFE8E93) addi t4, t4, 0x7ff
x29 <- 0xFFE0003FFEAFFFFF

mem[X,0x0000000080001CF4] -> 0x9E93
mem[X,0x0000000080001CF6] -> 0x00AE
[1858] [M]: 0x0000000080001CF4 (0x00AE9E93) slli t4, t4, 0xa
x29 <- 0x8000FFFABFFFFC00

mem[X,0x0000000080001CF8] -> 0x8E93
mem[X,0x0000000080001CFA] -> 0x1FFE
[1859] [M]: 0x0000000080001CF8 (0x1FFE8E93) addi t4, t4, 0x1ff
x29 <- 0x8000FFFABFFFFDFF

mem[X,0x0000000080001CFC] -> 0x7FBB
mem[X,0x0000000080001CFE] -> 0xA5DF
[1860] [M]: 0x0000000080001CFC (0xA5DF7FBB) pmulhsu.h.be t6, t5, t4
x31 <- 0x0000FFFC0000FFFE

mem[X,0x0000000080001D00] -> 0xB423
mem[X,0x0000000080001D02] -> 0x23F2
[1861] [M]: 0x0000000080001D00 (0x23F2B423) sd t6, 0x228(t0)
mem[0x0000000080004420] <- 0x0000FFFC0000FFFE

mem[X,0x0000000080001D04] -> 0x0F37
mem[X,0x0000000080001D06] -> 0x0080
[1862] [M]: 0x0000000080001D04 (0x00800F37) lui t5, 0x800
x30 <- 0x0000000000800000

mem[X,0x0000000080001D08] -> 0x0F13
mem[X,0x0000000080001D0A] -> 0x010F
[1863] [M]: 0x0000000080001D08 (0x010F0F13) addi t5, t5, 0x10
x30 <- 0x0000000000800010

mem[X,0x0000000080001D0C] -> 0x1F13
mem[X,0x0000000080001D0E] -> 0x00BF
[1864] [M]: 0x0000000080001D0C (0x00BF1F13) slli t5, t5, 0xb
x30 <- 0x0000000400008000

mem[X,0x0000000080001D10] -> 0x0F13
mem[X,0x0000000080001D12] -> 0x3FFF
[1865] [M]: 0x0000000080001D10 (0x3FFF0F13) addi t5, t5, 0x3ff
x30 <- 0x00000004000083FF

mem[X,0x0000000080001D14] -> 0x1F13
mem[X,0x0000000080001D16] -> 0x00BF
[1866] [M]: 0x0000000080001D14 (0x00BF1F13) slli t5, t5, 0xb
x30 <- 0x00002000041FF800

mem[X,0x0000000080001D18] -> 0x0F13
mem[X,0x0000000080001D1A] -> 0x7FFF
[1867] [M]: 0x0000000080001D18 (0x7FFF0F13) addi t5, t5, 0x7ff
x30 <- 0x00002000041FFFFF

mem[X,0x0000000080001D1C] -> 0x1F13
mem[X,0x0000000080001D1E] -> 0x00AF
[1868] [M]: 0x0000000080001D1C (0x00AF1F13) slli t5, t5, 0xa
x30 <- 0x008000107FFFFC00

mem[X,0x0000000080001D20] -> 0x0F13
mem[X,0x0000000080001D22] -> 0x37FF
[1869] [M]: 0x0000000080001D20 (0x37FF0F13) addi t5, t5, 0x37f
x30 <- 0x008000107FFFFF7F

mem[X,0x0000000080001D24] -> 0xBEB7
mem[X,0x0000000080001D26] -> 0x0001
[1870] [M]: 0x0000000080001D24 (0x0001BEB7) lui t4, 0x1b
x29 <- 0x000000000001B000

mem[X,0x0000000080001D28] -> 0x8E93
mem[X,0x0000000080001D2A] -> 0xAAAE
[1871] [M]: 0x0000000080001D28 (0xAAAE8E93) addi t4, t4, -0x556
x29 <- 0x000000000001AAAA

mem[X,0x0000000080001D2C] -> 0x9E93
mem[X,0x0000000080001D2E] -> 0x00BE
[1872] [M]: 0x0000000080001D2C (0x00BE9E93) slli t4, t4, 0xb
x29 <- 0x000000000D555000

mem[X,0x0000000080001D30] -> 0x8E93
mem[X,0x0000000080001D32] -> 0x008E
[1873] [M]: 0x0000000080001D30 (0x008E8E93) addi t4, t4, 0x8
x29 <- 0x000000000D555008

mem[X,0x0000000080001D34] -> 0x9E93
mem[X,0x0000000080001D36] -> 0x00BE
[1874] [M]: 0x0000000080001D34 (0x00BE9E93) slli t4, t4, 0xb
x29 <- 0x0000006AAA804000

mem[X,0x0000000080001D38] -> 0x8E93
mem[X,0x0000000080001D3A] -> 0x03FE
[1875] [M]: 0x0000000080001D38 (0x03FE8E93) addi t4, t4, 0x3f
x29 <- 0x0000006AAA80403F

mem[X,0x0000000080001D3C] -> 0x9E93
mem[X,0x0000000080001D3E] -> 0x00AE
[1876] [M]: 0x0000000080001D3C (0x00AE9E93) slli t4, t4, 0xa
x29 <- 0x0001AAAA0100FC00

mem[X,0x0000000080001D40] -> 0x8E93
mem[X,0x0000000080001D42] -> 0x3EFE
[1877] [M]: 0x0000000080001D40 (0x3EFE8E93) addi t4, t4, 0x3ef
x29 <- 0x0001AAAA0100FFEF

mem[X,0x0000000080001D44] -> 0x7FBB
mem[X,0x0000000080001D46] -> 0xA5DF
[1878] [M]: 0x0000000080001D44 (0xA5DF7FBB) pmulhsu.h.be t6, t5, t4
x31 <- 0x000000000000FFFF

mem[X,0x0000000080001D48] -> 0xB823
mem[X,0x0000000080001D4A] -> 0x23F2
[1879] [M]: 0x0000000080001D48 (0x23F2B823) sd t6, 0x230(t0)
mem[0x0000000080004428] <- 0x000000000000FFFF

mem[X,0x0000000080001D4C] -> 0x0F37
mem[X,0x0000000080001D4E] -> 0x7FFF
[1880] [M]: 0x0000000080001D4C (0x7FFF0F37) lui t5, 0x7fff0
x30 <- 0x000000007FFF0000

mem[X,0x0000000080001D50] -> 0x0F13
mem[X,0x0000000080001D52] -> 0x006F
[1881] [M]: 0x0000000080001D50 (0x006F0F13) addi t5, t5, 0x6
x30 <- 0x000000007FFF0006

mem[X,0x0000000080001D54] -> 0x1F13
mem[X,0x0000000080001D56] -> 0x00BF
[1882] [M]: 0x0000000080001D54 (0x00BF1F13) slli t5, t5, 0xb
x30 <- 0x000003FFF8003000

mem[X,0x0000000080001D58] -> 0x0F13
mem[X,0x0000000080001D5A] -> 0x7FFF
[1883] [M]: 0x0000000080001D58 (0x7FFF0F13) addi t5, t5, 0x7ff
x30 <- 0x000003FFF80037FF

mem[X,0x0000000080001D5C] -> 0x1F13
mem[X,0x0000000080001D5E] -> 0x00BF
[1884] [M]: 0x0000000080001D5C (0x00BF1F13) slli t5, t5, 0xb
x30 <- 0x001FFFC001BFF800

mem[X,0x0000000080001D60] -> 0x0F13
mem[X,0x0000000080001D62] -> 0x67FF
[1885] [M]: 0x0000000080001D60 (0x67FF0F13) addi t5, t5, 0x67f
x30 <- 0x001FFFC001BFFE7F

mem[X,0x0000000080001D64] -> 0x1F13
mem[X,0x0000000080001D66] -> 0x00AF
[1886] [M]: 0x0000000080001D64 (0x00AF1F13) slli t5, t5, 0xa
x30 <- 0x7FFF0006FFF9FC00

mem[X,0x0000000080001D68] -> 0x0F13
mem[X,0x0000000080001D6A] -> 0x3FFF
[1887] [M]: 0x0000000080001D68 (0x3FFF0F13) addi t5, t5, 0x3ff
x30 <- 0x7FFF0006FFF9FFFF

mem[X,0x0000000080001D6C] -> 0x0EB7
mem[X,0x0000000080001D6E] -> 0x7FFF
[1888] [M]: 0x0000000080001D6C (0x7FFF0EB7) lui t4, 0x7fff0
x29 <- 0x000000007FFF0000

mem[X,0x0000000080001D70] -> 0x8E93
mem[X,0x0000000080001D72] -> 0x000E
[1889] [M]: 0x0000000080001D70 (0x000E8E93) addi t4, t4, 0x0
x29 <- 0x000000007FFF0000

mem[X,0x0000000080001D74] -> 0x9E93
mem[X,0x0000000080001D76] -> 0x00BE
[1890] [M]: 0x0000000080001D74 (0x00BE9E93) slli t4, t4, 0xb
x29 <- 0x000003FFF8000000

mem[X,0x0000000080001D78] -> 0x8E93
mem[X,0x0000000080001D7A] -> 0x004E
[1891] [M]: 0x0000000080001D78 (0x004E8E93) addi t4, t4, 0x4
x29 <- 0x000003FFF8000004

mem[X,0x0000000080001D7C] -> 0x9E93
mem[X,0x0000000080001D7E] -> 0x00BE
[1892] [M]: 0x0000000080001D7C (0x00BE9E93) slli t4, t4, 0xb
x29 <- 0x001FFFC000002000

mem[X,0x0000000080001D80] -> 0x8E93
mem[X,0x0000000080001D82] -> 0x000E
[1893] [M]: 0x0000000080001D80 (0x000E8E93) addi t4, t4, 0x0
x29 <- 0x001FFFC000002000

mem[X,0x0000000080001D84] -> 0x9E93
mem[X,0x0000000080001D86] -> 0x00AE
[1894] [M]: 0x0000000080001D84 (0x00AE9E93) slli t4, t4, 0xa
x29 <- 0x7FFF000000800000

mem[X,0x0000000080001D88] -> 0x8E93
mem[X,0x0000000080001D8A] -> 0x040E
[1895] [M]: 0x0000000080001D88 (0x040E8E93) addi t4, t4, 0x40
x29 <- 0x7FFF000000800040

mem[X,0x0000000080001D8C] -> 0x7FBB
mem[X,0x0000000080001D8E] -> 0xA5DF
[1896] [M]: 0x0000000080001D8C (0xA5DF7FBB) pmulhsu.h.be t6, t5, t4
x31 <- 0x007F0000FFFFFFFF

mem[X,0x0000000080001D90] -> 0xBC23
mem[X,0x0000000080001D92] -> 0x23F2
[1897] [M]: 0x0000000080001D90 (0x23F2BC23) sd t6, 0x238(t0)
mem[0x0000000080004430] <- 0x007F0000FFFFFFFF

mem[X,0x0000000080001D94] -> 0x0F37
mem[X,0x0000000080001D96] -> 0x0006
[1898] [M]: 0x0000000080001D94 (0x00060F37) lui t5, 0x60
x30 <- 0x0000000000060000

mem[X,0x0000000080001D98] -> 0x0F13
mem[X,0x0000000080001D9A] -> 0xFF9F
[1899] [M]: 0x0000000080001D98 (0xFF9F0F13) addi t5, t5, -0x7
x30 <- 0x000000000005FFF9

clint::tick mtime <- 0x0000000000000013
 clint timer pending at mtime 0x0000000000000013
htif::tick 0x0000000000000000
mem[X,0x0000000080001D9C] -> 0x1F13
mem[X,0x0000000080001D9E] -> 0x00BF
[1900] [M]: 0x0000000080001D9C (0x00BF1F13) slli t5, t5, 0xb
x30 <- 0x000000002FFFC800

mem[X,0x0000000080001DA0] -> 0x0F13
mem[X,0x0000000080001DA2] -> 0x7BFF
[1901] [M]: 0x0000000080001DA0 (0x7BFF0F13) addi t5, t5, 0x7bf
x30 <- 0x000000002FFFCFBF

mem[X,0x0000000080001DA4] -> 0x1F13
mem[X,0x0000000080001DA6] -> 0x00BF
[1902] [M]: 0x0000000080001DA4 (0x00BF1F13) slli t5, t5, 0xb
x30 <- 0x0000017FFE7DF800

mem[X,0x0000000080001DA8] -> 0x0F13
mem[X,0x0000000080001DAA] -> 0x7C0F
[1903] [M]: 0x0000000080001DA8 (0x7C0F0F13) addi t5, t5, 0x7c0
x30 <- 0x0000017FFE7DFFC0

mem[X,0x0000000080001DAC] -> 0x1F13
mem[X,0x0000000080001DAE] -> 0x00AF
[1904] [M]: 0x0000000080001DAC (0x00AF1F13) slli t5, t5, 0xa
x30 <- 0x0005FFF9F7FF0000

mem[X,0x0000000080001DB0] -> 0x0F13
mem[X,0x0000000080001DB2] -> 0x008F
[1905] [M]: 0x0000000080001DB0 (0x008F0F13) addi t5, t5, 0x8
x30 <- 0x0005FFF9F7FF0008

mem[X,0x0000000080001DB4] -> 0x0EB7
mem[X,0x0000000080001DB6] -> 0xFF7F
[1906] [M]: 0x0000000080001DB4 (0xFF7F0EB7) lui t4, -0x810
x29 <- 0xFFFFFFFFFF7F0000

mem[X,0x0000000080001DB8] -> 0x8E93
mem[X,0x0000000080001DBA] -> 0x009E
[1907] [M]: 0x0000000080001DB8 (0x009E8E93) addi t4, t4, 0x9
x29 <- 0xFFFFFFFFFF7F0009

mem[X,0x0000000080001DBC] -> 0x9E93
mem[X,0x0000000080001DBE] -> 0x00BE
[1908] [M]: 0x0000000080001DBC (0x00BE9E93) slli t4, t4, 0xb
x29 <- 0xFFFFFFFBF8004800

mem[X,0x0000000080001DC0] -> 0x8E93
mem[X,0x0000000080001DC2] -> 0x6FFE
[1909] [M]: 0x0000000080001DC0 (0x6FFE8E93) addi t4, t4, 0x6ff
x29 <- 0xFFFFFFFBF8004EFF

mem[X,0x0000000080001DC4] -> 0x9E93
mem[X,0x0000000080001DC6] -> 0x00BE
[1910] [M]: 0x0000000080001DC4 (0x00BE9E93) slli t4, t4, 0xb
x29 <- 0xFFFFDFC00277F800

mem[X,0x0000000080001DC8] -> 0x8E93
mem[X,0x0000000080001DCA] -> 0x7FFE
[1911] [M]: 0x0000000080001DC8 (0x7FFE8E93) addi t4, t4, 0x7ff
x29 <- 0xFFFFDFC00277FFFF

mem[X,0x0000000080001DCC] -> 0x9E93
mem[X,0x0000000080001DCE] -> 0x00AE
[1912] [M]: 0x0000000080001DCC (0x00AE9E93) slli t4, t4, 0xa
x29 <- 0xFF7F0009DFFFFC00

mem[X,0x0000000080001DD0] -> 0x8E93
mem[X,0x0000000080001DD2] -> 0x3FCE
[1913] [M]: 0x0000000080001DD0 (0x3FCE8E93) addi t4, t4, 0x3fc
x29 <- 0xFF7F0009DFFFFFFC

mem[X,0x0000000080001DD4] -> 0x7FBB
mem[X,0x0000000080001DD6] -> 0xA5DF
[1914] [M]: 0x0000000080001DD4 (0xA5DF7FBB) pmulhsu.h.be t6, t5, t4
x31 <- 0x0000FFFFFFF80000

mem[X,0x0000000080001DD8] -> 0xB023
mem[X,0x0000000080001DDA] -> 0x25F2
[1915] [M]: 0x0000000080001DD8 (0x25F2B023) sd t6, 0x240(t0)
mem[0x0000000080004438] <- 0x0000FFFFFFF80000

mem[X,0x0000000080001DDC] -> 0x006F
mem[X,0x0000000080001DDE] -> 0x0380
[1916] [M]: 0x0000000080001DDC (0x0380006F) jal zero, 0x38

mem[X,0x0000000080001E14] -> 0x0093
mem[X,0x0000000080001E16] -> 0x0010
[1917] [M]: 0x0000000080001E14 (0x00100093) addi ra, zero, 0x1
x1 <- 0x0000000000000001

mem[X,0x0000000080001E18] -> 0x0F17
mem[X,0x0000000080001E1A] -> 0x0000
[1918] [M]: 0x0000000080001E18 (0x00000F17) auipc t5, 0x0
x30 <- 0x0000000080001E18

mem[X,0x0000000080001E1C] -> 0x2423
mem[X,0x0000000080001E1E] -> 0x1E1F
[1919] [M]: 0x0000000080001E1C (0x1E1F2423) sw ra, 0x1e8(t5)
htif[0x0000000080002000] <- 0x00000001

mem[X,0x0000000080001E20] -> 0xF06F
mem[X,0x0000000080001E22] -> 0xFF9F
[1920] [M]: 0x0000000080001E20 (0xFF9FF06F) jal zero, -0x8

mem[X,0x0000000080001E18] -> 0x0F17
mem[X,0x0000000080001E1A] -> 0x0000
[1921] [M]: 0x0000000080001E18 (0x00000F17) auipc t5, 0x0
x30 <- 0x0000000080001E18

mem[X,0x0000000080001E1C] -> 0x2423
mem[X,0x0000000080001E1E] -> 0x1E1F
[1922] [M]: 0x0000000080001E1C (0x1E1F2423) sw ra, 0x1e8(t5)
htif[0x0000000080002000] <- 0x00000001

mem[X,0x0000000080001E20] -> 0xF06F
mem[X,0x0000000080001E22] -> 0xFF9F
[1923] [M]: 0x0000000080001E20 (0xFF9FF06F) jal zero, -0x8

mem[X,0x0000000080001E18] -> 0x0F17
mem[X,0x0000000080001E1A] -> 0x0000
[1924] [M]: 0x0000000080001E18 (0x00000F17) auipc t5, 0x0
x30 <- 0x0000000080001E18

mem[X,0x0000000080001E1C] -> 0x2423
mem[X,0x0000000080001E1E] -> 0x1E1F
[1925] [M]: 0x0000000080001E1C (0x1E1F2423) sw ra, 0x1e8(t5)
htif[0x0000000080002000] <- 0x00000001
htif-syscall-proxy cmd: 0x000000000001

SUCCESS
