using /home/chsu/rvp-workspace/test-64/riscof_work/pssub.b-01.S/ref/Reference-sail_c_simulator.signature for test-signature output.
tohost located at 0x80002000
Running file ref.elf.
ELF Entry @ 0x80000000
begin_signature: 0x80004110
end_signature: 0x800043b0
CSR mstatus <- 0x0000000A00000000 (input: 0x0000000000000000)
mem[X,0x0000000000001000] -> 0x0297
mem[X,0x0000000000001002] -> 0x0000
[0] [M]: 0x0000000000001000 (0x00000297) auipc t0, 0x0
x5 <- 0x0000000000001000

mem[X,0x0000000000001004] -> 0x8593
mem[X,0x0000000000001006] -> 0x0202
[1] [M]: 0x0000000000001004 (0x02028593) addi a1, t0, 0x20
x11 <- 0x0000000000001020

mem[X,0x0000000000001008] -> 0x2573
mem[X,0x000000000000100A] -> 0xF140
[2] [M]: 0x0000000000001008 (0xF1402573) csrrs a0, mhartid, zero
CSR mhartid -> 0x0000000000000000
x10 <- 0x0000000000000000

mem[X,0x000000000000100C] -> 0xB283
mem[X,0x000000000000100E] -> 0x0182
[3] [M]: 0x000000000000100C (0x0182B283) ld t0, 0x18(t0)
mem[R,0x0000000000001018] -> 0x0000000080000000
x5 <- 0x0000000080000000

mem[X,0x0000000000001010] -> 0x8067
mem[X,0x0000000000001012] -> 0x0002
[4] [M]: 0x0000000000001010 (0x00028067) jalr zero, 0x0(t0)

mem[X,0x0000000080000000] -> 0x0837
mem[X,0x0000000080000002] -> 0x7D5C
[5] [M]: 0x0000000080000000 (0x7D5C0837) lui a6, 0x7d5c0
x16 <- 0x000000007D5C0000

mem[X,0x0000000080000004] -> 0x0813
mem[X,0x0000000080000006] -> 0xDDB8
[6] [M]: 0x0000000080000004 (0xDDB80813) addi a6, a6, -0x225
x16 <- 0x000000007D5BFDDB

mem[X,0x0000000080000008] -> 0x1813
mem[X,0x000000008000000A] -> 0x00B8
[7] [M]: 0x0000000080000008 (0x00B81813) slli a6, a6, 0xb
x16 <- 0x000003EADFEED800

mem[X,0x000000008000000C] -> 0x0813
mem[X,0x000000008000000E] -> 0x3EA8
[8] [M]: 0x000000008000000C (0x3EA80813) addi a6, a6, 0x3ea
x16 <- 0x000003EADFEEDBEA

mem[X,0x0000000080000010] -> 0x1813
mem[X,0x0000000080000012] -> 0x00B8
[9] [M]: 0x0000000080000010 (0x00B81813) slli a6, a6, 0xb
x16 <- 0x001F56FF76DF5000

mem[X,0x0000000080000014] -> 0x0813
mem[X,0x0000000080000016] -> 0x6FF8
[10] [M]: 0x0000000080000014 (0x6FF80813) addi a6, a6, 0x6ff
x16 <- 0x001F56FF76DF56FF

mem[X,0x0000000080000018] -> 0x1813
mem[X,0x000000008000001A] -> 0x00A8
[11] [M]: 0x0000000080000018 (0x00A81813) slli a6, a6, 0xa
x16 <- 0x7D5BFDDB7D5BFC00

mem[X,0x000000008000001C] -> 0x0813
mem[X,0x000000008000001E] -> 0x1DB8
[12] [M]: 0x000000008000001C (0x1DB80813) addi a6, a6, 0x1db
x16 <- 0x7D5BFDDB7D5BFDDB

mem[X,0x0000000080000020] -> 0x5893
mem[X,0x0000000080000022] -> 0x0078
[13] [M]: 0x0000000080000020 (0x00785893) srli a7, a6, 0x7
x17 <- 0x00FAB7FBB6FAB7FB

mem[X,0x0000000080000024] -> 0x5793
mem[X,0x0000000080000026] -> 0x0398
[14] [M]: 0x0000000080000024 (0x03985793) srli a5, a6, 0x39
x15 <- 0x000000000000003E

mem[X,0x0000000080000028] -> 0xE8B3
mem[X,0x000000008000002A] -> 0x00F8
[15] [M]: 0x0000000080000028 (0x00F8E8B3) or a7, a7, a5
x17 <- 0x00FAB7FBB6FAB7FF

mem[X,0x000000008000002C] -> 0xD913
mem[X,0x000000008000002E] -> 0x0078
[16] [M]: 0x000000008000002C (0x0078D913) srli s2, a7, 0x7
x18 <- 0x0001F56FF76DF56F

mem[X,0x0000000080000030] -> 0xD793
mem[X,0x0000000080000032] -> 0x0398
[17] [M]: 0x0000000080000030 (0x0398D793) srli a5, a7, 0x39
x15 <- 0x0000000000000000

mem[X,0x0000000080000034] -> 0x6933
mem[X,0x0000000080000036] -> 0x00F9
[18] [M]: 0x0000000080000034 (0x00F96933) or s2, s2, a5
x18 <- 0x0001F56FF76DF56F

mem[X,0x0000000080000038] -> 0x5993
mem[X,0x000000008000003A] -> 0x0079
[19] [M]: 0x0000000080000038 (0x00795993) srli s3, s2, 0x7
x19 <- 0x000003EADFEEDBEA

mem[X,0x000000008000003C] -> 0x5793
mem[X,0x000000008000003E] -> 0x0399
[20] [M]: 0x000000008000003C (0x03995793) srli a5, s2, 0x39
x15 <- 0x0000000000000000

mem[X,0x0000000080000040] -> 0xE9B3
mem[X,0x0000000080000042] -> 0x00F9
[21] [M]: 0x0000000080000040 (0x00F9E9B3) or s3, s3, a5
x19 <- 0x000003EADFEEDBEA

mem[X,0x0000000080000044] -> 0xDA13
mem[X,0x0000000080000046] -> 0x0079
[22] [M]: 0x0000000080000044 (0x0079DA13) srli s4, s3, 0x7
x20 <- 0x00000007D5BFDDB7

mem[X,0x0000000080000048] -> 0xD793
mem[X,0x000000008000004A] -> 0x0399
[23] [M]: 0x0000000080000048 (0x0399D793) srli a5, s3, 0x39
x15 <- 0x0000000000000000

mem[X,0x000000008000004C] -> 0x6A33
mem[X,0x000000008000004E] -> 0x00FA
[24] [M]: 0x000000008000004C (0x00FA6A33) or s4, s4, a5
x20 <- 0x00000007D5BFDDB7

mem[X,0x0000000080000050] -> 0x5A93
mem[X,0x0000000080000052] -> 0x007A
[25] [M]: 0x0000000080000050 (0x007A5A93) srli s5, s4, 0x7
x21 <- 0x000000000FAB7FBB

mem[X,0x0000000080000054] -> 0x5793
mem[X,0x0000000080000056] -> 0x039A
[26] [M]: 0x0000000080000054 (0x039A5793) srli a5, s4, 0x39
x15 <- 0x0000000000000000

mem[X,0x0000000080000058] -> 0xEAB3
mem[X,0x000000008000005A] -> 0x00FA
[27] [M]: 0x0000000080000058 (0x00FAEAB3) or s5, s5, a5
x21 <- 0x000000000FAB7FBB

mem[X,0x000000008000005C] -> 0xDB13
mem[X,0x000000008000005E] -> 0x007A
[28] [M]: 0x000000008000005C (0x007ADB13) srli s6, s5, 0x7
x22 <- 0x00000000001F56FF

mem[X,0x0000000080000060] -> 0xD793
mem[X,0x0000000080000062] -> 0x039A
[29] [M]: 0x0000000080000060 (0x039AD793) srli a5, s5, 0x39
x15 <- 0x0000000000000000

mem[X,0x0000000080000064] -> 0x6B33
mem[X,0x0000000080000066] -> 0x00FB
[30] [M]: 0x0000000080000064 (0x00FB6B33) or s6, s6, a5
x22 <- 0x00000000001F56FF

mem[X,0x0000000080000068] -> 0x5B93
mem[X,0x000000008000006A] -> 0x007B
[31] [M]: 0x0000000080000068 (0x007B5B93) srli s7, s6, 0x7
x23 <- 0x0000000000003EAD

mem[X,0x000000008000006C] -> 0x5793
mem[X,0x000000008000006E] -> 0x039B
[32] [M]: 0x000000008000006C (0x039B5793) srli a5, s6, 0x39
x15 <- 0x0000000000000000

mem[X,0x0000000080000070] -> 0xEBB3
mem[X,0x0000000080000072] -> 0x00FB
[33] [M]: 0x0000000080000070 (0x00FBEBB3) or s7, s7, a5
x23 <- 0x0000000000003EAD

mem[X,0x0000000080000074] -> 0xDC13
mem[X,0x0000000080000076] -> 0x007B
[34] [M]: 0x0000000080000074 (0x007BDC13) srli s8, s7, 0x7
x24 <- 0x000000000000007D

mem[X,0x0000000080000078] -> 0xD793
mem[X,0x000000008000007A] -> 0x039B
[35] [M]: 0x0000000080000078 (0x039BD793) srli a5, s7, 0x39
x15 <- 0x0000000000000000

mem[X,0x000000008000007C] -> 0x6C33
mem[X,0x000000008000007E] -> 0x00FC
[36] [M]: 0x000000008000007C (0x00FC6C33) or s8, s8, a5
x24 <- 0x000000000000007D

mem[X,0x0000000080000080] -> 0x5C93
mem[X,0x0000000080000082] -> 0x007C
[37] [M]: 0x0000000080000080 (0x007C5C93) srli s9, s8, 0x7
x25 <- 0x0000000000000000

mem[X,0x0000000080000084] -> 0x5793
mem[X,0x0000000080000086] -> 0x039C
[38] [M]: 0x0000000080000084 (0x039C5793) srli a5, s8, 0x39
x15 <- 0x0000000000000000

mem[X,0x0000000080000088] -> 0xECB3
mem[X,0x000000008000008A] -> 0x00FC
[39] [M]: 0x0000000080000088 (0x00FCECB3) or s9, s9, a5
x25 <- 0x0000000000000000

mem[X,0x000000008000008C] -> 0xDD13
mem[X,0x000000008000008E] -> 0x007C
[40] [M]: 0x000000008000008C (0x007CDD13) srli s10, s9, 0x7
x26 <- 0x0000000000000000

mem[X,0x0000000080000090] -> 0xD793
mem[X,0x0000000080000092] -> 0x039C
[41] [M]: 0x0000000080000090 (0x039CD793) srli a5, s9, 0x39
x15 <- 0x0000000000000000

mem[X,0x0000000080000094] -> 0x6D33
mem[X,0x0000000080000096] -> 0x00FD
[42] [M]: 0x0000000080000094 (0x00FD6D33) or s10, s10, a5
x26 <- 0x0000000000000000

mem[X,0x0000000080000098] -> 0x5D93
mem[X,0x000000008000009A] -> 0x007D
[43] [M]: 0x0000000080000098 (0x007D5D93) srli s11, s10, 0x7
x27 <- 0x0000000000000000

mem[X,0x000000008000009C] -> 0x5793
mem[X,0x000000008000009E] -> 0x039D
[44] [M]: 0x000000008000009C (0x039D5793) srli a5, s10, 0x39
x15 <- 0x0000000000000000

mem[X,0x00000000800000A0] -> 0xEDB3
mem[X,0x00000000800000A2] -> 0x00FD
[45] [M]: 0x00000000800000A0 (0x00FDEDB3) or s11, s11, a5
x27 <- 0x0000000000000000

mem[X,0x00000000800000A4] -> 0xDE13
mem[X,0x00000000800000A6] -> 0x007D
[46] [M]: 0x00000000800000A4 (0x007DDE13) srli t3, s11, 0x7
x28 <- 0x0000000000000000

mem[X,0x00000000800000A8] -> 0xD793
mem[X,0x00000000800000AA] -> 0x039D
[47] [M]: 0x00000000800000A8 (0x039DD793) srli a5, s11, 0x39
x15 <- 0x0000000000000000

mem[X,0x00000000800000AC] -> 0x6E33
mem[X,0x00000000800000AE] -> 0x00FE
[48] [M]: 0x00000000800000AC (0x00FE6E33) or t3, t3, a5
x28 <- 0x0000000000000000

mem[X,0x00000000800000B0] -> 0x5E93
mem[X,0x00000000800000B2] -> 0x007E
[49] [M]: 0x00000000800000B0 (0x007E5E93) srli t4, t3, 0x7
x29 <- 0x0000000000000000

mem[X,0x00000000800000B4] -> 0x5793
mem[X,0x00000000800000B6] -> 0x039E
[50] [M]: 0x00000000800000B4 (0x039E5793) srli a5, t3, 0x39
x15 <- 0x0000000000000000

mem[X,0x00000000800000B8] -> 0xEEB3
mem[X,0x00000000800000BA] -> 0x00FE
[51] [M]: 0x00000000800000B8 (0x00FEEEB3) or t4, t4, a5
x29 <- 0x0000000000000000

mem[X,0x00000000800000BC] -> 0xDF13
mem[X,0x00000000800000BE] -> 0x007E
[52] [M]: 0x00000000800000BC (0x007EDF13) srli t5, t4, 0x7
x30 <- 0x0000000000000000

mem[X,0x00000000800000C0] -> 0xD793
mem[X,0x00000000800000C2] -> 0x039E
[53] [M]: 0x00000000800000C0 (0x039ED793) srli a5, t4, 0x39
x15 <- 0x0000000000000000

mem[X,0x00000000800000C4] -> 0x6F33
mem[X,0x00000000800000C6] -> 0x00FF
[54] [M]: 0x00000000800000C4 (0x00FF6F33) or t5, t5, a5
x30 <- 0x0000000000000000

mem[X,0x00000000800000C8] -> 0xC0B7
mem[X,0x00000000800000CA] -> 0xFEED
[55] [M]: 0x00000000800000C8 (0xFEEDC0B7) lui ra, -0x1124
x1 <- 0xFFFFFFFFFEEDC000

mem[X,0x00000000800000CC] -> 0x8093
mem[X,0x00000000800000CE] -> 0xEAD0
[56] [M]: 0x00000000800000CC (0xEAD08093) addi ra, ra, -0x153
x1 <- 0xFFFFFFFFFEEDBEAD

mem[X,0x00000000800000D0] -> 0x9093
mem[X,0x00000000800000D2] -> 0x00B0
[57] [M]: 0x00000000800000D0 (0x00B09093) slli ra, ra, 0xb
x1 <- 0xFFFFFFF76DF56800

mem[X,0x00000000800000D4] -> 0x8093
mem[X,0x00000000800000D6] -> 0x7F70
[58] [M]: 0x00000000800000D4 (0x7F708093) addi ra, ra, 0x7f7
x1 <- 0xFFFFFFF76DF56FF7

mem[X,0x00000000800000D8] -> 0x9093
mem[X,0x00000000800000DA] -> 0x00B0
[59] [M]: 0x00000000800000D8 (0x00B09093) slli ra, ra, 0xb
x1 <- 0xFFFFBB6FAB7FB800

mem[X,0x00000000800000DC] -> 0x8093
mem[X,0x00000000800000DE] -> 0x36F0
[60] [M]: 0x00000000800000DC (0x36F08093) addi ra, ra, 0x36f
x1 <- 0xFFFFBB6FAB7FBB6F

mem[X,0x00000000800000E0] -> 0x9093
mem[X,0x00000000800000E2] -> 0x00A0
[61] [M]: 0x00000000800000E0 (0x00A09093) slli ra, ra, 0xa
x1 <- 0xFEEDBEADFEEDBC00

mem[X,0x00000000800000E4] -> 0x8093
mem[X,0x00000000800000E6] -> 0x2AD0
[62] [M]: 0x00000000800000E4 (0x2AD08093) addi ra, ra, 0x2ad
x1 <- 0xFEEDBEADFEEDBEAD

mem[X,0x00000000800000E8] -> 0xD113
mem[X,0x00000000800000EA] -> 0x0070
[63] [M]: 0x00000000800000E8 (0x0070D113) srli sp, ra, 0x7
x2 <- 0x01FDDB7D5BFDDB7D

mem[X,0x00000000800000EC] -> 0xD793
mem[X,0x00000000800000EE] -> 0x0390
[64] [M]: 0x00000000800000EC (0x0390D793) srli a5, ra, 0x39
x15 <- 0x000000000000007F

mem[X,0x00000000800000F0] -> 0x6133
mem[X,0x00000000800000F2] -> 0x00F1
[65] [M]: 0x00000000800000F0 (0x00F16133) or sp, sp, a5
x2 <- 0x01FDDB7D5BFDDB7F

mem[X,0x00000000800000F4] -> 0x5193
mem[X,0x00000000800000F6] -> 0x0071
[66] [M]: 0x00000000800000F4 (0x00715193) srli gp, sp, 0x7
x3 <- 0x0003FBB6FAB7FBB6

mem[X,0x00000000800000F8] -> 0x5793
mem[X,0x00000000800000FA] -> 0x0391
[67] [M]: 0x00000000800000F8 (0x03915793) srli a5, sp, 0x39
x15 <- 0x0000000000000000

mem[X,0x00000000800000FC] -> 0xE1B3
mem[X,0x00000000800000FE] -> 0x00F1
[68] [M]: 0x00000000800000FC (0x00F1E1B3) or gp, gp, a5
x3 <- 0x0003FBB6FAB7FBB6

mem[X,0x0000000080000100] -> 0xD213
mem[X,0x0000000080000102] -> 0x0071
[69] [M]: 0x0000000080000100 (0x0071D213) srli tp, gp, 0x7
x4 <- 0x000007F76DF56FF7

mem[X,0x0000000080000104] -> 0xD793
mem[X,0x0000000080000106] -> 0x0391
[70] [M]: 0x0000000080000104 (0x0391D793) srli a5, gp, 0x39
x15 <- 0x0000000000000000

mem[X,0x0000000080000108] -> 0x6233
mem[X,0x000000008000010A] -> 0x00F2
[71] [M]: 0x0000000080000108 (0x00F26233) or tp, tp, a5
x4 <- 0x000007F76DF56FF7

mem[X,0x000000008000010C] -> 0x5293
mem[X,0x000000008000010E] -> 0x0072
[72] [M]: 0x000000008000010C (0x00725293) srli t0, tp, 0x7
x5 <- 0x0000000FEEDBEADF

mem[X,0x0000000080000110] -> 0x5793
mem[X,0x0000000080000112] -> 0x0392
[73] [M]: 0x0000000080000110 (0x03925793) srli a5, tp, 0x39
x15 <- 0x0000000000000000

mem[X,0x0000000080000114] -> 0xE2B3
mem[X,0x0000000080000116] -> 0x00F2
[74] [M]: 0x0000000080000114 (0x00F2E2B3) or t0, t0, a5
x5 <- 0x0000000FEEDBEADF

mem[X,0x0000000080000118] -> 0xD313
mem[X,0x000000008000011A] -> 0x0072
[75] [M]: 0x0000000080000118 (0x0072D313) srli t1, t0, 0x7
x6 <- 0x000000001FDDB7D5

mem[X,0x000000008000011C] -> 0xD793
mem[X,0x000000008000011E] -> 0x0392
[76] [M]: 0x000000008000011C (0x0392D793) srli a5, t0, 0x39
x15 <- 0x0000000000000000

mem[X,0x0000000080000120] -> 0x6333
mem[X,0x0000000080000122] -> 0x00F3
[77] [M]: 0x0000000080000120 (0x00F36333) or t1, t1, a5
x6 <- 0x000000001FDDB7D5

mem[X,0x0000000080000124] -> 0x5393
mem[X,0x0000000080000126] -> 0x0073
[78] [M]: 0x0000000080000124 (0x00735393) srli t2, t1, 0x7
x7 <- 0x00000000003FBB6F

mem[X,0x0000000080000128] -> 0x5793
mem[X,0x000000008000012A] -> 0x0393
[79] [M]: 0x0000000080000128 (0x03935793) srli a5, t1, 0x39
x15 <- 0x0000000000000000

mem[X,0x000000008000012C] -> 0xE3B3
mem[X,0x000000008000012E] -> 0x00F3
[80] [M]: 0x000000008000012C (0x00F3E3B3) or t2, t2, a5
x7 <- 0x00000000003FBB6F

mem[X,0x0000000080000130] -> 0xD413
mem[X,0x0000000080000132] -> 0x0073
[81] [M]: 0x0000000080000130 (0x0073D413) srli fp, t2, 0x7
x8 <- 0x0000000000007F76

mem[X,0x0000000080000134] -> 0xD793
mem[X,0x0000000080000136] -> 0x0393
[82] [M]: 0x0000000080000134 (0x0393D793) srli a5, t2, 0x39
x15 <- 0x0000000000000000

mem[X,0x0000000080000138] -> 0x6433
mem[X,0x000000008000013A] -> 0x00F4
[83] [M]: 0x0000000080000138 (0x00F46433) or fp, fp, a5
x8 <- 0x0000000000007F76

mem[X,0x000000008000013C] -> 0x5493
mem[X,0x000000008000013E] -> 0x0074
[84] [M]: 0x000000008000013C (0x00745493) srli s1, fp, 0x7
x9 <- 0x00000000000000FE

mem[X,0x0000000080000140] -> 0x5793
mem[X,0x0000000080000142] -> 0x0394
[85] [M]: 0x0000000080000140 (0x03945793) srli a5, fp, 0x39
x15 <- 0x0000000000000000

mem[X,0x0000000080000144] -> 0xE4B3
mem[X,0x0000000080000146] -> 0x00F4
[86] [M]: 0x0000000080000144 (0x00F4E4B3) or s1, s1, a5
x9 <- 0x00000000000000FE

mem[X,0x0000000080000148] -> 0xD513
mem[X,0x000000008000014A] -> 0x0074
[87] [M]: 0x0000000080000148 (0x0074D513) srli a0, s1, 0x7
x10 <- 0x0000000000000001

mem[X,0x000000008000014C] -> 0xD793
mem[X,0x000000008000014E] -> 0x0394
[88] [M]: 0x000000008000014C (0x0394D793) srli a5, s1, 0x39
x15 <- 0x0000000000000000

mem[X,0x0000000080000150] -> 0x6533
mem[X,0x0000000080000152] -> 0x00F5
[89] [M]: 0x0000000080000150 (0x00F56533) or a0, a0, a5
x10 <- 0x0000000000000001

mem[X,0x0000000080000154] -> 0x5593
mem[X,0x0000000080000156] -> 0x0075
[90] [M]: 0x0000000080000154 (0x00755593) srli a1, a0, 0x7
x11 <- 0x0000000000000000

mem[X,0x0000000080000158] -> 0x5793
mem[X,0x000000008000015A] -> 0x0395
[91] [M]: 0x0000000080000158 (0x03955793) srli a5, a0, 0x39
x15 <- 0x0000000000000000

mem[X,0x000000008000015C] -> 0xE5B3
mem[X,0x000000008000015E] -> 0x00F5
[92] [M]: 0x000000008000015C (0x00F5E5B3) or a1, a1, a5
x11 <- 0x0000000000000000

mem[X,0x0000000080000160] -> 0xD613
mem[X,0x0000000080000162] -> 0x0075
[93] [M]: 0x0000000080000160 (0x0075D613) srli a2, a1, 0x7
x12 <- 0x0000000000000000

mem[X,0x0000000080000164] -> 0xD793
mem[X,0x0000000080000166] -> 0x0395
[94] [M]: 0x0000000080000164 (0x0395D793) srli a5, a1, 0x39
x15 <- 0x0000000000000000

mem[X,0x0000000080000168] -> 0x6633
mem[X,0x000000008000016A] -> 0x00F6
[95] [M]: 0x0000000080000168 (0x00F66633) or a2, a2, a5
x12 <- 0x0000000000000000

mem[X,0x000000008000016C] -> 0x5693
mem[X,0x000000008000016E] -> 0x0076
[96] [M]: 0x000000008000016C (0x00765693) srli a3, a2, 0x7
x13 <- 0x0000000000000000

mem[X,0x0000000080000170] -> 0x5793
mem[X,0x0000000080000172] -> 0x0396
[97] [M]: 0x0000000080000170 (0x03965793) srli a5, a2, 0x39
x15 <- 0x0000000000000000

mem[X,0x0000000080000174] -> 0xE6B3
mem[X,0x0000000080000176] -> 0x00F6
[98] [M]: 0x0000000080000174 (0x00F6E6B3) or a3, a3, a5
x13 <- 0x0000000000000000

mem[X,0x0000000080000178] -> 0x0013
mem[X,0x000000008000017A] -> 0x0000
[99] [M]: 0x0000000080000178 (0x00000013) addi zero, zero, 0x0

clint::tick mtime <- 0x0000000000000001
 clint timer pending at mtime 0x0000000000000001
htif::tick 0x0000000000000000
mem[X,0x000000008000017C] -> 0x0013
mem[X,0x000000008000017E] -> 0x0000
[100] [M]: 0x000000008000017C (0x00000013) addi zero, zero, 0x0

mem[X,0x0000000080000180] -> 0x4217
mem[X,0x0000000080000182] -> 0x0000
[101] [M]: 0x0000000080000180 (0x00004217) auipc tp, 0x4
x4 <- 0x0000000080004180

mem[X,0x0000000080000184] -> 0x0213
mem[X,0x0000000080000186] -> 0xF982
[102] [M]: 0x0000000080000184 (0xF9820213) addi tp, tp, -0x68
x4 <- 0x0000000080004118

mem[X,0x0000000080000188] -> 0x0013
mem[X,0x000000008000018A] -> 0x0000
[103] [M]: 0x0000000080000188 (0x00000013) addi zero, zero, 0x0

mem[X,0x000000008000018C] -> 0x0013
mem[X,0x000000008000018E] -> 0x0000
[104] [M]: 0x000000008000018C (0x00000013) addi zero, zero, 0x0

mem[X,0x0000000080000190] -> 0x0013
mem[X,0x0000000080000192] -> 0x0000
[105] [M]: 0x0000000080000190 (0x00000013) addi zero, zero, 0x0

mem[X,0x0000000080000194] -> 0x0013
mem[X,0x0000000080000196] -> 0x0000
[106] [M]: 0x0000000080000194 (0x00000013) addi zero, zero, 0x0

mem[X,0x0000000080000198] -> 0x0013
mem[X,0x000000008000019A] -> 0x0000
[107] [M]: 0x0000000080000198 (0x00000013) addi zero, zero, 0x0

mem[X,0x000000008000019C] -> 0x0013
mem[X,0x000000008000019E] -> 0x0000
[108] [M]: 0x000000008000019C (0x00000013) addi zero, zero, 0x0

mem[X,0x00000000800001A0] -> 0x8E37
mem[X,0x00000000800001A2] -> 0x09BF
[109] [M]: 0x00000000800001A0 (0x09BF8E37) lui t3, 0x9bf8
x28 <- 0x0000000009BF8000

mem[X,0x00000000800001A4] -> 0x0E13
mem[X,0x00000000800001A6] -> 0x0F6E
[110] [M]: 0x00000000800001A4 (0x0F6E0E13) addi t3, t3, 0xf6
x28 <- 0x0000000009BF80F6

mem[X,0x00000000800001A8] -> 0x1E13
mem[X,0x00000000800001AA] -> 0x00BE
[111] [M]: 0x00000000800001A8 (0x00BE1E13) slli t3, t3, 0xb
x28 <- 0x0000004DFC07B000

mem[X,0x00000000800001AC] -> 0x0E13
mem[X,0x00000000800001AE] -> 0x029E
[112] [M]: 0x00000000800001AC (0x029E0E13) addi t3, t3, 0x29
x28 <- 0x0000004DFC07B029

mem[X,0x00000000800001B0] -> 0x1E13
mem[X,0x00000000800001B2] -> 0x00BE
[113] [M]: 0x00000000800001B0 (0x00BE1E13) slli t3, t3, 0xb
x28 <- 0x00026FE03D814800

mem[X,0x00000000800001B4] -> 0x0E13
mem[X,0x00000000800001B6] -> 0x7C4E
[114] [M]: 0x00000000800001B4 (0x7C4E0E13) addi t3, t3, 0x7c4
x28 <- 0x00026FE03D814FC4

mem[X,0x00000000800001B8] -> 0x1E13
mem[X,0x00000000800001BA] -> 0x00AE
[115] [M]: 0x00000000800001B8 (0x00AE1E13) slli t3, t3, 0xa
x28 <- 0x09BF80F6053F1000

mem[X,0x00000000800001BC] -> 0x0E13
mem[X,0x00000000800001BE] -> 0x080E
[116] [M]: 0x00000000800001BC (0x080E0E13) addi t3, t3, 0x80
x28 <- 0x09BF80F6053F1080

mem[X,0x00000000800001C0] -> 0x19B7
mem[X,0x00000000800001C2] -> 0xC0F8
[117] [M]: 0x00000000800001C0 (0xC0F819B7) lui s3, -0x3f07f
x19 <- 0xFFFFFFFFC0F81000

mem[X,0x00000000800001C4] -> 0x8993
mem[X,0x00000000800001C6] -> 0x9049
[118] [M]: 0x00000000800001C4 (0x90498993) addi s3, s3, -0x6fc
x19 <- 0xFFFFFFFFC0F80904

mem[X,0x00000000800001C8] -> 0x9993
mem[X,0x00000000800001CA] -> 0x00B9
[119] [M]: 0x00000000800001C8 (0x00B99993) slli s3, s3, 0xb
x19 <- 0xFFFFFE07C0482000

mem[X,0x00000000800001CC] -> 0x8993
mem[X,0x00000000800001CE] -> 0x3F89
[120] [M]: 0x00000000800001CC (0x3F898993) addi s3, s3, 0x3f8
x19 <- 0xFFFFFE07C04823F8

mem[X,0x00000000800001D0] -> 0x9993
mem[X,0x00000000800001D2] -> 0x00B9
[121] [M]: 0x00000000800001D0 (0x00B99993) slli s3, s3, 0xb
x19 <- 0xFFF03E02411FC000

mem[X,0x00000000800001D4] -> 0x8993
mem[X,0x00000000800001D6] -> 0x0BF9
[122] [M]: 0x00000000800001D4 (0x0BF98993) addi s3, s3, 0xbf
x19 <- 0xFFF03E02411FC0BF

mem[X,0x00000000800001D8] -> 0x9993
mem[X,0x00000000800001DA] -> 0x00A9
[123] [M]: 0x00000000800001D8 (0x00A99993) slli s3, s3, 0xa
x19 <- 0xC0F809047F02FC00

mem[X,0x00000000800001DC] -> 0x8993
mem[X,0x00000000800001DE] -> 0x0079
[124] [M]: 0x00000000800001DC (0x00798993) addi s3, s3, 0x7
x19 <- 0xC0F809047F02FC07

mem[X,0x00000000800001E0] -> 0x033B
mem[X,0x00000000800001E2] -> 0xD53E
[125] [M]: 0x00000000800001E0 (0xD53E033B) pssub.b t1, t3, s3
x6 <- 0x49C780F2863D1480

mem[X,0x00000000800001E4] -> 0x3023
mem[X,0x00000000800001E6] -> 0x0062
[126] [M]: 0x00000000800001E4 (0x00623023) sd t1, 0x0(tp)
mem[0x0000000080004118] <- 0x49C780F2863D1480

mem[X,0x00000000800001E8] -> 0x18B7
mem[X,0x00000000800001EA] -> 0x0355
[127] [M]: 0x00000000800001E8 (0x035518B7) lui a7, 0x3551
x17 <- 0x0000000003551000

mem[X,0x00000000800001EC] -> 0x8893
mem[X,0x00000000800001EE] -> 0x8FC8
[128] [M]: 0x00000000800001EC (0x8FC88893) addi a7, a7, -0x704
x17 <- 0x00000000035508FC

mem[X,0x00000000800001F0] -> 0x9893
mem[X,0x00000000800001F2] -> 0x00B8
[129] [M]: 0x00000000800001F0 (0x00B89893) slli a7, a7, 0xb
x17 <- 0x0000001AA847E000

mem[X,0x00000000800001F4] -> 0x8893
mem[X,0x00000000800001F6] -> 0x0208
[130] [M]: 0x00000000800001F4 (0x02088893) addi a7, a7, 0x20
x17 <- 0x0000001AA847E020

mem[X,0x00000000800001F8] -> 0x9893
mem[X,0x00000000800001FA] -> 0x00B8
[131] [M]: 0x00000000800001F8 (0x00B89893) slli a7, a7, 0xb
x17 <- 0x0000D5423F010000

mem[X,0x00000000800001FC] -> 0x8893
mem[X,0x00000000800001FE] -> 0x43F8
[132] [M]: 0x00000000800001FC (0x43F88893) addi a7, a7, 0x43f
x17 <- 0x0000D5423F01043F

mem[X,0x0000000080000200] -> 0x9893
mem[X,0x0000000080000202] -> 0x00A8
[133] [M]: 0x0000000080000200 (0x00A89893) slli a7, a7, 0xa
x17 <- 0x035508FC0410FC00

mem[X,0x0000000080000204] -> 0x8893
mem[X,0x0000000080000206] -> 0x1FF8
[134] [M]: 0x0000000080000204 (0x1FF88893) addi a7, a7, 0x1ff
x17 <- 0x035508FC0410FDFF

mem[X,0x0000000080000208] -> 0x01B7
mem[X,0x000000008000020A] -> 0x07F9
[135] [M]: 0x0000000080000208 (0x07F901B7) lui gp, 0x7f90
x3 <- 0x0000000007F90000

mem[X,0x000000008000020C] -> 0x8193
mem[X,0x000000008000020E] -> 0xF401
[136] [M]: 0x000000008000020C (0xF4018193) addi gp, gp, -0xc0
x3 <- 0x0000000007F8FF40

mem[X,0x0000000080000210] -> 0x9193
mem[X,0x0000000080000212] -> 0x00B1
[137] [M]: 0x0000000080000210 (0x00B19193) slli gp, gp, 0xb
x3 <- 0x0000003FC7FA0000

mem[X,0x0000000080000214] -> 0x8193
mem[X,0x0000000080000216] -> 0x2AC1
[138] [M]: 0x0000000080000214 (0x2AC18193) addi gp, gp, 0x2ac
x3 <- 0x0000003FC7FA02AC

mem[X,0x0000000080000218] -> 0x9193
mem[X,0x000000008000021A] -> 0x00B1
[139] [M]: 0x0000000080000218 (0x00B19193) slli gp, gp, 0xb
x3 <- 0x0001FE3FD0156000

mem[X,0x000000008000021C] -> 0x8193
mem[X,0x000000008000021E] -> 0x03F1
[140] [M]: 0x000000008000021C (0x03F18193) addi gp, gp, 0x3f
x3 <- 0x0001FE3FD015603F

mem[X,0x0000000080000220] -> 0x9193
mem[X,0x0000000080000222] -> 0x00A1
[141] [M]: 0x0000000080000220 (0x00A19193) slli gp, gp, 0xa
x3 <- 0x07F8FF405580FC00

mem[X,0x0000000080000224] -> 0x8193
mem[X,0x0000000080000226] -> 0x3FD1
[142] [M]: 0x0000000080000224 (0x3FD18193) addi gp, gp, 0x3fd
x3 <- 0x07F8FF405580FFFD

mem[X,0x0000000080000228] -> 0x81BB
mem[X,0x000000008000022A] -> 0xD438
[143] [M]: 0x0000000080000228 (0xD43881BB) pssub.b gp, a7, gp
x3 <- 0xFC5D09BCAF7FFE02

mem[X,0x000000008000022C] -> 0x3423
mem[X,0x000000008000022E] -> 0x0032
[144] [M]: 0x000000008000022C (0x00323423) sd gp, 0x8(tp)
mem[0x0000000080004120] <- 0xFC5D09BCAF7FFE02

mem[X,0x0000000080000230] -> 0x8637
mem[X,0x0000000080000232] -> 0xF708
[145] [M]: 0x0000000080000230 (0xF7088637) lui a2, -0x8f78
x12 <- 0xFFFFFFFFF7088000

mem[X,0x0000000080000234] -> 0x0613
mem[X,0x0000000080000236] -> 0x0FF6
[146] [M]: 0x0000000080000234 (0x0FF60613) addi a2, a2, 0xff
x12 <- 0xFFFFFFFFF70880FF

mem[X,0x0000000080000238] -> 0x1613
mem[X,0x000000008000023A] -> 0x00B6
[147] [M]: 0x0000000080000238 (0x00B61613) slli a2, a2, 0xb
x12 <- 0xFFFFFFB84407F800

mem[X,0x000000008000023C] -> 0x0613
mem[X,0x000000008000023E] -> 0x7C26
[148] [M]: 0x000000008000023C (0x7C260613) addi a2, a2, 0x7c2
x12 <- 0xFFFFFFB84407FFC2

mem[X,0x0000000080000240] -> 0x1613
mem[X,0x0000000080000242] -> 0x00B6
[149] [M]: 0x0000000080000240 (0x00B61613) slli a2, a2, 0xb
x12 <- 0xFFFDC2203FFE1000

mem[X,0x0000000080000244] -> 0x0613
mem[X,0x0000000080000246] -> 0x5416
[150] [M]: 0x0000000080000244 (0x54160613) addi a2, a2, 0x541
x12 <- 0xFFFDC2203FFE1541

mem[X,0x0000000080000248] -> 0x1613
mem[X,0x000000008000024A] -> 0x00A6
[151] [M]: 0x0000000080000248 (0x00A61613) slli a2, a2, 0xa
x12 <- 0xF70880FFF8550400

mem[X,0x000000008000024C] -> 0x0613
mem[X,0x000000008000024E] -> 0x2006
[152] [M]: 0x000000008000024C (0x20060613) addi a2, a2, 0x200
x12 <- 0xF70880FFF8550600

mem[X,0x0000000080000250] -> 0x0637
mem[X,0x0000000080000252] -> 0xAA02
[153] [M]: 0x0000000080000250 (0xAA020637) lui a2, -0x55fe0
x12 <- 0xFFFFFFFFAA020000

mem[X,0x0000000080000254] -> 0x0613
mem[X,0x0000000080000256] -> 0xDBF6
[154] [M]: 0x0000000080000254 (0xDBF60613) addi a2, a2, -0x241
x12 <- 0xFFFFFFFFAA01FDBF

mem[X,0x0000000080000258] -> 0x1613
mem[X,0x000000008000025A] -> 0x00B6
[155] [M]: 0x0000000080000258 (0x00B61613) slli a2, a2, 0xb
x12 <- 0xFFFFFD500FEDF800

mem[X,0x000000008000025C] -> 0x0613
mem[X,0x000000008000025E] -> 0x1F96
[156] [M]: 0x000000008000025C (0x1F960613) addi a2, a2, 0x1f9
x12 <- 0xFFFFFD500FEDF9F9

mem[X,0x0000000080000260] -> 0x1613
mem[X,0x0000000080000262] -> 0x00B6
[157] [M]: 0x0000000080000260 (0x00B61613) slli a2, a2, 0xb
x12 <- 0xFFEA807F6FCFC800

mem[X,0x0000000080000264] -> 0x0613
mem[X,0x0000000080000266] -> 0x7EF6
[158] [M]: 0x0000000080000264 (0x7EF60613) addi a2, a2, 0x7ef
x12 <- 0xFFEA807F6FCFCFEF

mem[X,0x0000000080000268] -> 0x1613
mem[X,0x000000008000026A] -> 0x00A6
[159] [M]: 0x0000000080000268 (0x00A61613) slli a2, a2, 0xa
x12 <- 0xAA01FDBF3F3FBC00

mem[X,0x000000008000026C] -> 0x0613
mem[X,0x000000008000026E] -> 0x3DF6
[160] [M]: 0x000000008000026C (0x3DF60613) addi a2, a2, 0x3df
x12 <- 0xAA01FDBF3F3FBFDF

mem[X,0x0000000080000270] -> 0x003B
mem[X,0x0000000080000272] -> 0xD4C6
[161] [M]: 0x0000000080000270 (0xD4C6003B) pssub.b zero, a2, a2

mem[X,0x0000000080000274] -> 0x3823
mem[X,0x0000000080000276] -> 0x0002
[162] [M]: 0x0000000080000274 (0x00023823) sd zero, 0x10(tp)
mem[0x0000000080004128] <- 0x0000000000000000

mem[X,0x0000000080000278] -> 0xCDB7
mem[X,0x000000008000027A] -> 0x077F
[163] [M]: 0x0000000080000278 (0x077FCDB7) lui s11, 0x77fc
x27 <- 0x00000000077FC000

mem[X,0x000000008000027C] -> 0x8D93
mem[X,0x000000008000027E] -> 0xF08D
[164] [M]: 0x000000008000027C (0xF08D8D93) addi s11, s11, -0xf8
x27 <- 0x00000000077FBF08

mem[X,0x0000000080000280] -> 0x9D93
mem[X,0x0000000080000282] -> 0x00BD
[165] [M]: 0x0000000080000280 (0x00BD9D93) slli s11, s11, 0xb
x27 <- 0x0000003BFDF84000

mem[X,0x0000000080000284] -> 0x8D93
mem[X,0x0000000080000286] -> 0x100D
[166] [M]: 0x0000000080000284 (0x100D8D93) addi s11, s11, 0x100
x27 <- 0x0000003BFDF84100

mem[X,0x0000000080000288] -> 0x9D93
mem[X,0x000000008000028A] -> 0x00BD
[167] [M]: 0x0000000080000288 (0x00BD9D93) slli s11, s11, 0xb
x27 <- 0x0001DFEFC2080000

mem[X,0x000000008000028C] -> 0x8D93
mem[X,0x000000008000028E] -> 0x140D
[168] [M]: 0x000000008000028C (0x140D8D93) addi s11, s11, 0x140
x27 <- 0x0001DFEFC2080140

mem[X,0x0000000080000290] -> 0x9D93
mem[X,0x0000000080000292] -> 0x00AD
[169] [M]: 0x0000000080000290 (0x00AD9D93) slli s11, s11, 0xa
x27 <- 0x077FBF0820050000

mem[X,0x0000000080000294] -> 0x8D93
mem[X,0x0000000080000296] -> 0x301D
[170] [M]: 0x0000000080000294 (0x301D8D93) addi s11, s11, 0x301
x27 <- 0x077FBF0820050301

mem[X,0x0000000080000298] -> 0x0337
mem[X,0x000000008000029A] -> 0x05F8
[171] [M]: 0x0000000080000298 (0x05F80337) lui t1, 0x5f80
x6 <- 0x0000000005F80000

mem[X,0x000000008000029C] -> 0x0313
mem[X,0x000000008000029E] -> 0x9093
[172] [M]: 0x000000008000029C (0x90930313) addi t1, t1, -0x6f7
x6 <- 0x0000000005F7F909

mem[X,0x00000000800002A0] -> 0x1313
mem[X,0x00000000800002A2] -> 0x00B3
[173] [M]: 0x00000000800002A0 (0x00B31313) slli t1, t1, 0xb
x6 <- 0x0000002FBFC84800

mem[X,0x00000000800002A4] -> 0x0313
mem[X,0x00000000800002A6] -> 0x01F3
[174] [M]: 0x00000000800002A4 (0x01F30313) addi t1, t1, 0x1f
x6 <- 0x0000002FBFC8481F

mem[X,0x00000000800002A8] -> 0x1313
mem[X,0x00000000800002AA] -> 0x00B3
[175] [M]: 0x00000000800002A8 (0x00B31313) slli t1, t1, 0xb
x6 <- 0x00017DFE4240F800

mem[X,0x00000000800002AC] -> 0x0313
mem[X,0x00000000800002AE] -> 0x5803
[176] [M]: 0x00000000800002AC (0x58030313) addi t1, t1, 0x580
x6 <- 0x00017DFE4240FD80

mem[X,0x00000000800002B0] -> 0x1313
mem[X,0x00000000800002B2] -> 0x00A3
[177] [M]: 0x00000000800002B0 (0x00A31313) slli t1, t1, 0xa
x6 <- 0x05F7F90903F60000

mem[X,0x00000000800002B4] -> 0x0313
mem[X,0x00000000800002B6] -> 0x3803
[178] [M]: 0x00000000800002B4 (0x38030313) addi t1, t1, 0x380
x6 <- 0x05F7F90903F60380

mem[X,0x00000000800002B8] -> 0x8DBB
mem[X,0x00000000800002BA] -> 0xD46D
[179] [M]: 0x00000000800002B8 (0xD46D8DBB) pssub.b s11, s11, t1
x27 <- 0x027FC6FF1D0F007F

mem[X,0x00000000800002BC] -> 0x3C23
mem[X,0x00000000800002BE] -> 0x01B2
[180] [M]: 0x00000000800002BC (0x01B23C23) sd s11, 0x18(tp)
mem[0x0000000080004130] <- 0x027FC6FF1D0F007F

mem[X,0x00000000800002C0] -> 0x1937
mem[X,0x00000000800002C2] -> 0x04F9
[181] [M]: 0x00000000800002C0 (0x04F91937) lui s2, 0x4f91
x18 <- 0x0000000004F91000

mem[X,0x00000000800002C4] -> 0x0913
mem[X,0x00000000800002C6] -> 0x0069
[182] [M]: 0x00000000800002C4 (0x00690913) addi s2, s2, 0x6
x18 <- 0x0000000004F91006

mem[X,0x00000000800002C8] -> 0x1913
mem[X,0x00000000800002CA] -> 0x00B9
[183] [M]: 0x00000000800002C8 (0x00B91913) slli s2, s2, 0xb
x18 <- 0x00000027C8803000

mem[X,0x00000000800002CC] -> 0x0913
mem[X,0x00000000800002CE] -> 0x0809
[184] [M]: 0x00000000800002CC (0x08090913) addi s2, s2, 0x80
x18 <- 0x00000027C8803080

mem[X,0x00000000800002D0] -> 0x1913
mem[X,0x00000000800002D2] -> 0x00B9
[185] [M]: 0x00000000800002D0 (0x00B91913) slli s2, s2, 0xb
x18 <- 0x00013E4401840000

mem[X,0x00000000800002D4] -> 0x0913
mem[X,0x00000000800002D6] -> 0x0419
[186] [M]: 0x00000000800002D4 (0x04190913) addi s2, s2, 0x41
x18 <- 0x00013E4401840041

mem[X,0x00000000800002D8] -> 0x1913
mem[X,0x00000000800002DA] -> 0x00A9
[187] [M]: 0x00000000800002D8 (0x00A91913) slli s2, s2, 0xa
x18 <- 0x04F9100610010400

mem[X,0x00000000800002DC] -> 0x0913
mem[X,0x00000000800002DE] -> 0x27F9
[188] [M]: 0x00000000800002DC (0x27F90913) addi s2, s2, 0x27f
x18 <- 0x04F910061001067F

mem[X,0x00000000800002E0] -> 0xC937
mem[X,0x00000000800002E2] -> 0x08EF
[189] [M]: 0x00000000800002E0 (0x08EFC937) lui s2, 0x8efc
x18 <- 0x0000000008EFC000

mem[X,0x00000000800002E4] -> 0x0913
mem[X,0x00000000800002E6] -> 0xF089
[190] [M]: 0x00000000800002E4 (0xF0890913) addi s2, s2, -0xf8
x18 <- 0x0000000008EFBF08

mem[X,0x00000000800002E8] -> 0x1913
mem[X,0x00000000800002EA] -> 0x00B9
[191] [M]: 0x00000000800002E8 (0x00B91913) slli s2, s2, 0xb
x18 <- 0x000000477DF84000

mem[X,0x00000000800002EC] -> 0x0913
mem[X,0x00000000800002EE] -> 0x04F9
[192] [M]: 0x00000000800002EC (0x04F90913) addi s2, s2, 0x4f
x18 <- 0x000000477DF8404F

mem[X,0x00000000800002F0] -> 0x1913
mem[X,0x00000000800002F2] -> 0x00B9
[193] [M]: 0x00000000800002F0 (0x00B91913) slli s2, s2, 0xb
x18 <- 0x00023BEFC2027800

mem[X,0x00000000800002F4] -> 0x0913
mem[X,0x00000000800002F6] -> 0x7FB9
[194] [M]: 0x00000000800002F4 (0x7FB90913) addi s2, s2, 0x7fb
x18 <- 0x00023BEFC2027FFB

mem[X,0x00000000800002F8] -> 0x1913
mem[X,0x00000000800002FA] -> 0x00A9
[195] [M]: 0x00000000800002F8 (0x00A91913) slli s2, s2, 0xa
x18 <- 0x08EFBF0809FFEC00

mem[X,0x00000000800002FC] -> 0x0913
mem[X,0x00000000800002FE] -> 0x37F9
[196] [M]: 0x00000000800002FC (0x37F90913) addi s2, s2, 0x37f
x18 <- 0x08EFBF0809FFEF7F

mem[X,0x0000000080000300] -> 0x093B
mem[X,0x0000000080000302] -> 0xD529
[197] [M]: 0x0000000080000300 (0xD529093B) pssub.b s2, s2, s2
x18 <- 0x0000000000000000

mem[X,0x0000000080000304] -> 0x3023
mem[X,0x0000000080000306] -> 0x0322
[198] [M]: 0x0000000080000304 (0x03223023) sd s2, 0x20(tp)
mem[0x0000000080004138] <- 0x0000000000000000

mem[X,0x0000000080000308] -> 0x0137
mem[X,0x000000008000030A] -> 0xC00A
[199] [M]: 0x0000000080000308 (0xC00A0137) lui sp, -0x3ff60
x2 <- 0xFFFFFFFFC00A0000

clint::tick mtime <- 0x0000000000000002
 clint timer pending at mtime 0x0000000000000002
htif::tick 0x0000000000000000
mem[X,0x000000008000030C] -> 0x0113
mem[X,0x000000008000030E] -> 0x8FD1
[200] [M]: 0x000000008000030C (0x8FD10113) addi sp, sp, -0x703
x2 <- 0xFFFFFFFFC009F8FD

mem[X,0x0000000080000310] -> 0x1113
mem[X,0x0000000080000312] -> 0x00B1
[201] [M]: 0x0000000080000310 (0x00B11113) slli sp, sp, 0xb
x2 <- 0xFFFFFE004FC7E800

mem[X,0x0000000080000314] -> 0x0113
mem[X,0x0000000080000316] -> 0x0091
[202] [M]: 0x0000000080000314 (0x00910113) addi sp, sp, 0x9
x2 <- 0xFFFFFE004FC7E809

mem[X,0x0000000080000318] -> 0x1113
mem[X,0x000000008000031A] -> 0x00B1
[203] [M]: 0x0000000080000318 (0x00B11113) slli sp, sp, 0xb
x2 <- 0xFFF0027E3F404800

mem[X,0x000000008000031C] -> 0x0113
mem[X,0x000000008000031E] -> 0x0011
[204] [M]: 0x000000008000031C (0x00110113) addi sp, sp, 0x1
x2 <- 0xFFF0027E3F404801

mem[X,0x0000000080000320] -> 0x1113
mem[X,0x0000000080000322] -> 0x00A1
[205] [M]: 0x0000000080000320 (0x00A11113) slli sp, sp, 0xa
x2 <- 0xC009F8FD01200400

mem[X,0x0000000080000324] -> 0x0113
mem[X,0x0000000080000326] -> 0x3021
[206] [M]: 0x0000000080000324 (0x30210113) addi sp, sp, 0x302
x2 <- 0xC009F8FD01200702

mem[X,0x0000000080000328] -> 0x0FB7
mem[X,0x000000008000032A] -> 0x0609
[207] [M]: 0x0000000080000328 (0x06090FB7) lui t6, 0x6090
x31 <- 0x0000000006090000

mem[X,0x000000008000032C] -> 0x8F93
mem[X,0x000000008000032E] -> 0x307F
[208] [M]: 0x000000008000032C (0x307F8F93) addi t6, t6, 0x307
x31 <- 0x0000000006090307

mem[X,0x0000000080000330] -> 0x9F93
mem[X,0x0000000080000332] -> 0x00BF
[209] [M]: 0x0000000080000330 (0x00BF9F93) slli t6, t6, 0xb
x31 <- 0x0000003048183800

mem[X,0x0000000080000334] -> 0x8F93
mem[X,0x0000000080000336] -> 0x5F8F
[210] [M]: 0x0000000080000334 (0x5F8F8F93) addi t6, t6, 0x5f8
x31 <- 0x0000003048183DF8

mem[X,0x0000000080000338] -> 0x9F93
mem[X,0x000000008000033A] -> 0x00BF
[211] [M]: 0x0000000080000338 (0x00BF9F93) slli t6, t6, 0xb
x31 <- 0x00018240C1EFC000

mem[X,0x000000008000033C] -> 0x8F93
mem[X,0x000000008000033E] -> 0x11FF
[212] [M]: 0x000000008000033C (0x11FF8F93) addi t6, t6, 0x11f
x31 <- 0x00018240C1EFC11F

mem[X,0x0000000080000340] -> 0x9F93
mem[X,0x0000000080000342] -> 0x00AF
[213] [M]: 0x0000000080000340 (0x00AF9F93) slli t6, t6, 0xa
x31 <- 0x06090307BF047C00

mem[X,0x0000000080000344] -> 0x8F93
mem[X,0x0000000080000346] -> 0x3FCF
[214] [M]: 0x0000000080000344 (0x3FCF8F93) addi t6, t6, 0x3fc
x31 <- 0x06090307BF047FFC

mem[X,0x0000000080000348] -> 0x083B
mem[X,0x000000008000034A] -> 0xD5F1
[215] [M]: 0x0000000080000348 (0xD5F1083B) pssub.b a6, sp, t6
x16 <- 0xBA00F5F6421C8806

mem[X,0x000000008000034C] -> 0x3423
mem[X,0x000000008000034E] -> 0x0302
[216] [M]: 0x000000008000034C (0x03023423) sd a6, 0x28(tp)
mem[0x0000000080004140] <- 0xBA00F5F6421C8806

mem[X,0x0000000080000350] -> 0x8F37
mem[X,0x0000000080000352] -> 0xBFFF
[217] [M]: 0x0000000080000350 (0xBFFF8F37) lui t5, -0x40008
x30 <- 0xFFFFFFFFBFFF8000

mem[X,0x0000000080000354] -> 0x0F13
mem[X,0x0000000080000356] -> 0xF10F
[218] [M]: 0x0000000080000354 (0xF10F0F13) addi t5, t5, -0xf0
x30 <- 0xFFFFFFFFBFFF7F10

mem[X,0x0000000080000358] -> 0x1F13
mem[X,0x000000008000035A] -> 0x00BF
[219] [M]: 0x0000000080000358 (0x00BF1F13) slli t5, t5, 0xb
x30 <- 0xFFFFFDFFFBF88000

mem[X,0x000000008000035C] -> 0x0F13
mem[X,0x000000008000035E] -> 0x5F8F
[220] [M]: 0x000000008000035C (0x5F8F0F13) addi t5, t5, 0x5f8
x30 <- 0xFFFFFDFFFBF885F8

mem[X,0x0000000080000360] -> 0x1F13
mem[X,0x0000000080000362] -> 0x00BF
[221] [M]: 0x0000000080000360 (0x00BF1F13) slli t5, t5, 0xb
x30 <- 0xFFEFFFDFC42FC000

mem[X,0x0000000080000364] -> 0x0F13
mem[X,0x0000000080000366] -> 0x1FFF
[222] [M]: 0x0000000080000364 (0x1FFF0F13) addi t5, t5, 0x1ff
x30 <- 0xFFEFFFDFC42FC1FF

mem[X,0x0000000080000368] -> 0x1F13
mem[X,0x000000008000036A] -> 0x00AF
[223] [M]: 0x0000000080000368 (0x00AF1F13) slli t5, t5, 0xa
x30 <- 0xBFFF7F10BF07FC00

mem[X,0x000000008000036C] -> 0x0F13
mem[X,0x000000008000036E] -> 0x204F
[224] [M]: 0x000000008000036C (0x204F0F13) addi t5, t5, 0x204
x30 <- 0xBFFF7F10BF07FE04

mem[X,0x0000000080000370] -> 0x0AB7
mem[X,0x0000000080000372] -> 0x0009
[225] [M]: 0x0000000080000370 (0x00090AB7) lui s5, 0x90
x21 <- 0x0000000000090000

mem[X,0x0000000080000374] -> 0x8A93
mem[X,0x0000000080000376] -> 0xAF7A
[226] [M]: 0x0000000080000374 (0xAF7A8A93) addi s5, s5, -0x509
x21 <- 0x000000000008FAF7

mem[X,0x0000000080000378] -> 0x9A93
mem[X,0x000000008000037A] -> 0x00BA
[227] [M]: 0x0000000080000378 (0x00BA9A93) slli s5, s5, 0xb
x21 <- 0x0000000047D7B800

mem[X,0x000000008000037C] -> 0x8A93
mem[X,0x000000008000037E] -> 0x7F9A
[228] [M]: 0x000000008000037C (0x7F9A8A93) addi s5, s5, 0x7f9
x21 <- 0x0000000047D7BFF9

mem[X,0x0000000080000380] -> 0x9A93
mem[X,0x0000000080000382] -> 0x00BA
[229] [M]: 0x0000000080000380 (0x00BA9A93) slli s5, s5, 0xb
x21 <- 0x0000023EBDFFC800

mem[X,0x0000000080000384] -> 0x8A93
mem[X,0x0000000080000386] -> 0x7DFA
[230] [M]: 0x0000000080000384 (0x7DFA8A93) addi s5, s5, 0x7df
x21 <- 0x0000023EBDFFCFDF

mem[X,0x0000000080000388] -> 0x9A93
mem[X,0x000000008000038A] -> 0x00AA
[231] [M]: 0x0000000080000388 (0x00AA9A93) slli s5, s5, 0xa
x21 <- 0x0008FAF7FF3F7C00

mem[X,0x000000008000038C] -> 0x8A93
mem[X,0x000000008000038E] -> 0x3DFA
[232] [M]: 0x000000008000038C (0x3DFA8A93) addi s5, s5, 0x3df
x21 <- 0x0008FAF7FF3F7FDF

mem[X,0x0000000080000390] -> 0x06BB
mem[X,0x0000000080000392] -> 0xD55F
[233] [M]: 0x0000000080000390 (0xD55F06BB) pssub.b a3, t5, s5
x13 <- 0xBFF77F19C0C88025

mem[X,0x0000000080000394] -> 0x3823
mem[X,0x0000000080000396] -> 0x02D2
[234] [M]: 0x0000000080000394 (0x02D23823) sd a3, 0x30(tp)
mem[0x0000000080004148] <- 0xBFF77F19C0C88025

mem[X,0x0000000080000398] -> 0x0C37
mem[X,0x000000008000039A] -> 0xF8F8
[235] [M]: 0x0000000080000398 (0xF8F80C37) lui s8, -0x7080
x24 <- 0xFFFFFFFFF8F80000

mem[X,0x000000008000039C] -> 0x0C13
mem[X,0x000000008000039E] -> 0x3EFC
[236] [M]: 0x000000008000039C (0x3EFC0C13) addi s8, s8, 0x3ef
x24 <- 0xFFFFFFFFF8F803EF

mem[X,0x00000000800003A0] -> 0x1C13
mem[X,0x00000000800003A2] -> 0x00BC
[237] [M]: 0x00000000800003A0 (0x00BC1C13) slli s8, s8, 0xb
x24 <- 0xFFFFFFC7C01F7800

mem[X,0x00000000800003A4] -> 0x0C13
mem[X,0x00000000800003A6] -> 0x7D7C
[238] [M]: 0x00000000800003A4 (0x7D7C0C13) addi s8, s8, 0x7d7
x24 <- 0xFFFFFFC7C01F7FD7

mem[X,0x00000000800003A8] -> 0x1C13
mem[X,0x00000000800003AA] -> 0x00BC
[239] [M]: 0x00000000800003A8 (0x00BC1C13) slli s8, s8, 0xb
x24 <- 0xFFFE3E00FBFEB800

mem[X,0x00000000800003AC] -> 0x0C13
mem[X,0x00000000800003AE] -> 0x781C
[240] [M]: 0x00000000800003AC (0x781C0C13) addi s8, s8, 0x781
x24 <- 0xFFFE3E00FBFEBF81

mem[X,0x00000000800003B0] -> 0x1C13
mem[X,0x00000000800003B2] -> 0x00AC
[241] [M]: 0x00000000800003B0 (0x00AC1C13) slli s8, s8, 0xa
x24 <- 0xF8F803EFFAFE0400

mem[X,0x00000000800003B4] -> 0x0C13
mem[X,0x00000000800003B6] -> 0x208C
[242] [M]: 0x00000000800003B4 (0x208C0C13) addi s8, s8, 0x208
x24 <- 0xF8F803EFFAFE0608

mem[X,0x00000000800003B8] -> 0x15B7
mem[X,0x00000000800003BA] -> 0xFBDF
[243] [M]: 0x00000000800003B8 (0xFBDF15B7) lui a1, -0x420f
x11 <- 0xFFFFFFFFFBDF1000

mem[X,0x00000000800003BC] -> 0x8593
mem[X,0x00000000800003BE] -> 0x9DF5
[244] [M]: 0x00000000800003BC (0x9DF58593) addi a1, a1, -0x621
x11 <- 0xFFFFFFFFFBDF09DF

mem[X,0x00000000800003C0] -> 0x9593
mem[X,0x00000000800003C2] -> 0x00B5
[245] [M]: 0x00000000800003C0 (0x00B59593) slli a1, a1, 0xb
x11 <- 0xFFFFFFDEF84EF800

mem[X,0x00000000800003C4] -> 0x8593
mem[X,0x00000000800003C6] -> 0x02D5
[246] [M]: 0x00000000800003C4 (0x02D58593) addi a1, a1, 0x2d
x11 <- 0xFFFFFFDEF84EF82D

mem[X,0x00000000800003C8] -> 0x9593
mem[X,0x00000000800003CA] -> 0x00B5
[247] [M]: 0x00000000800003C8 (0x00B59593) slli a1, a1, 0xb
x11 <- 0xFFFEF7C277C16800

mem[X,0x00000000800003CC] -> 0x8593
mem[X,0x00000000800003CE] -> 0x2805
[248] [M]: 0x00000000800003CC (0x28058593) addi a1, a1, 0x280
x11 <- 0xFFFEF7C277C16A80

mem[X,0x00000000800003D0] -> 0x9593
mem[X,0x00000000800003D2] -> 0x00A5
[249] [M]: 0x00000000800003D0 (0x00A59593) slli a1, a1, 0xa
x11 <- 0xFBDF09DF05AA0000

mem[X,0x00000000800003D4] -> 0x8593
mem[X,0x00000000800003D6] -> 0x1F75
[250] [M]: 0x00000000800003D4 (0x1F758593) addi a1, a1, 0x1f7
x11 <- 0xFBDF09DF05AA01F7

mem[X,0x00000000800003D8] -> 0x043B
mem[X,0x00000000800003DA] -> 0xD4BC
[251] [M]: 0x00000000800003D8 (0xD4BC043B) pssub.b fp, s8, a1
x8 <- 0xFD19FA10F5540511

mem[X,0x00000000800003DC] -> 0x3C23
mem[X,0x00000000800003DE] -> 0x0282
[252] [M]: 0x00000000800003DC (0x02823C23) sd fp, 0x38(tp)
mem[0x0000000080004150] <- 0xFD19FA10F5540511

mem[X,0x00000000800003E0] -> 0x5D37
mem[X,0x00000000800003E2] -> 0x55F7
[253] [M]: 0x00000000800003E0 (0x55F75D37) lui s10, 0x55f75
x26 <- 0x0000000055F75000

mem[X,0x00000000800003E4] -> 0x0D13
mem[X,0x00000000800003E6] -> 0x5DFD
[254] [M]: 0x00000000800003E4 (0x5DFD0D13) addi s10, s10, 0x5df
x26 <- 0x0000000055F755DF

mem[X,0x00000000800003E8] -> 0x1D13
mem[X,0x00000000800003EA] -> 0x00BD
[255] [M]: 0x00000000800003E8 (0x00BD1D13) slli s10, s10, 0xb
x26 <- 0x000002AFBAAEF800

mem[X,0x00000000800003EC] -> 0x0D13
mem[X,0x00000000800003EE] -> 0x7FDD
[256] [M]: 0x00000000800003EC (0x7FDD0D13) addi s10, s10, 0x7fd
x26 <- 0x000002AFBAAEFFFD

mem[X,0x00000000800003F0] -> 0x1D13
mem[X,0x00000000800003F2] -> 0x00BD
[257] [M]: 0x00000000800003F0 (0x00BD1D13) slli s10, s10, 0xb
x26 <- 0x00157DD577FFE800

mem[X,0x00000000800003F4] -> 0x0D13
mem[X,0x00000000800003F6] -> 0x281D
[258] [M]: 0x00000000800003F4 (0x281D0D13) addi s10, s10, 0x281
x26 <- 0x00157DD577FFEA81

mem[X,0x00000000800003F8] -> 0x1D13
mem[X,0x00000000800003FA] -> 0x00AD
[259] [M]: 0x00000000800003F8 (0x00AD1D13) slli s10, s10, 0xa
x26 <- 0x55F755DFFFAA0400

mem[X,0x00000000800003FC] -> 0x0D13
mem[X,0x00000000800003FE] -> 0x310D
[260] [M]: 0x00000000800003FC (0x310D0D13) addi s10, s10, 0x310
x26 <- 0x55F755DFFFAA0710

mem[X,0x0000000080000400] -> 0xBA37
mem[X,0x0000000080000402] -> 0x0455
[261] [M]: 0x0000000080000400 (0x0455BA37) lui s4, 0x455b
x20 <- 0x000000000455B000

mem[X,0x0000000080000404] -> 0x0A13
mem[X,0x0000000080000406] -> 0xAEFA
[262] [M]: 0x0000000080000404 (0xAEFA0A13) addi s4, s4, -0x511
x20 <- 0x000000000455AAEF

mem[X,0x0000000080000408] -> 0x1A13
mem[X,0x000000008000040A] -> 0x00BA
[263] [M]: 0x0000000080000408 (0x00BA1A13) slli s4, s4, 0xb
x20 <- 0x00000022AD577800

mem[X,0x000000008000040C] -> 0x0A13
mem[X,0x000000008000040E] -> 0x7FFA
[264] [M]: 0x000000008000040C (0x7FFA0A13) addi s4, s4, 0x7ff
x20 <- 0x00000022AD577FFF

mem[X,0x0000000080000410] -> 0x1A13
mem[X,0x0000000080000412] -> 0x00BA
[265] [M]: 0x0000000080000410 (0x00BA1A13) slli s4, s4, 0xb
x20 <- 0x0001156ABBFFF800

mem[X,0x0000000080000414] -> 0x0A13
mem[X,0x0000000080000416] -> 0x64FA
[266] [M]: 0x0000000080000414 (0x64FA0A13) addi s4, s4, 0x64f
x20 <- 0x0001156ABBFFFE4F

mem[X,0x0000000080000418] -> 0x1A13
mem[X,0x000000008000041A] -> 0x00AA
[267] [M]: 0x0000000080000418 (0x00AA1A13) slli s4, s4, 0xa
x20 <- 0x0455AAEFFFF93C00

mem[X,0x000000008000041C] -> 0x0A13
mem[X,0x000000008000041E] -> 0x33FA
[268] [M]: 0x000000008000041C (0x33FA0A13) addi s4, s4, 0x33f
x20 <- 0x0455AAEFFFF93F3F

mem[X,0x0000000080000420] -> 0x02BB
mem[X,0x0000000080000422] -> 0xD54D
[269] [M]: 0x0000000080000420 (0xD54D02BB) pssub.b t0, s10, s4
x5 <- 0x51A27FF000B1C8D1

mem[X,0x0000000080000424] -> 0x3023
mem[X,0x0000000080000426] -> 0x0452
[270] [M]: 0x0000000080000424 (0x04523023) sd t0, 0x40(tp)
mem[0x0000000080004158] <- 0x51A27FF000B1C8D1

mem[X,0x0000000080000428] -> 0x04B7
mem[X,0x000000008000042A] -> 0x40E0
[271] [M]: 0x0000000080000428 (0x40E004B7) lui s1, 0x40e00
x9 <- 0x0000000040E00000

mem[X,0x000000008000042C] -> 0x8493
mem[X,0x000000008000042E] -> 0xA3F4
[272] [M]: 0x000000008000042C (0xA3F48493) addi s1, s1, -0x5c1
x9 <- 0x0000000040DFFA3F

mem[X,0x0000000080000430] -> 0x9493
mem[X,0x0000000080000432] -> 0x00B4
[273] [M]: 0x0000000080000430 (0x00B49493) slli s1, s1, 0xb
x9 <- 0x00000206FFD1F800

mem[X,0x0000000080000434] -> 0x8493
mem[X,0x0000000080000436] -> 0x2AE4
[274] [M]: 0x0000000080000434 (0x2AE48493) addi s1, s1, 0x2ae
x9 <- 0x00000206FFD1FAAE

mem[X,0x0000000080000438] -> 0x9493
mem[X,0x000000008000043A] -> 0x00B4
[275] [M]: 0x0000000080000438 (0x00B49493) slli s1, s1, 0xb
x9 <- 0x001037FE8FD57000

mem[X,0x000000008000043C] -> 0x8493
mem[X,0x000000008000043E] -> 0x0044
[276] [M]: 0x000000008000043C (0x00448493) addi s1, s1, 0x4
x9 <- 0x001037FE8FD57004

mem[X,0x0000000080000440] -> 0x9493
mem[X,0x0000000080000442] -> 0x00A4
[277] [M]: 0x0000000080000440 (0x00A49493) slli s1, s1, 0xa
x9 <- 0x40DFFA3F55C01000

mem[X,0x0000000080000444] -> 0x8493
mem[X,0x0000000080000446] -> 0x0204
[278] [M]: 0x0000000080000444 (0x02048493) addi s1, s1, 0x20
x9 <- 0x40DFFA3F55C01020

mem[X,0x0000000080000448] -> 0x0F37
mem[X,0x000000008000044A] -> 0x00F7
[279] [M]: 0x0000000080000448 (0x00F70F37) lui t5, 0xf70
x30 <- 0x0000000000F70000

mem[X,0x000000008000044C] -> 0x0F13
mem[X,0x000000008000044E] -> 0x906F
[280] [M]: 0x000000008000044C (0x906F0F13) addi t5, t5, -0x6fa
x30 <- 0x0000000000F6F906

mem[X,0x0000000080000450] -> 0x1F13
mem[X,0x0000000080000452] -> 0x00BF
[281] [M]: 0x0000000080000450 (0x00BF1F13) slli t5, t5, 0xb
x30 <- 0x00000007B7C83000

mem[X,0x0000000080000454] -> 0x0F13
mem[X,0x0000000080000456] -> 0x036F
[282] [M]: 0x0000000080000454 (0x036F0F13) addi t5, t5, 0x36
x30 <- 0x00000007B7C83036

mem[X,0x0000000080000458] -> 0x1F13
mem[X,0x000000008000045A] -> 0x00BF
[283] [M]: 0x0000000080000458 (0x00BF1F13) slli t5, t5, 0xb
x30 <- 0x00003DBE4181B000

mem[X,0x000000008000045C] -> 0x0F13
mem[X,0x000000008000045E] -> 0x03EF
[284] [M]: 0x000000008000045C (0x03EF0F13) addi t5, t5, 0x3e
x30 <- 0x00003DBE4181B03E

mem[X,0x0000000080000460] -> 0x1F13
mem[X,0x0000000080000462] -> 0x00AF
[285] [M]: 0x0000000080000460 (0x00AF1F13) slli t5, t5, 0xa
x30 <- 0x00F6F90606C0F800

mem[X,0x0000000080000464] -> 0x0F13
mem[X,0x0000000080000466] -> 0x180F
[286] [M]: 0x0000000080000464 (0x180F0F13) addi t5, t5, 0x180
x30 <- 0x00F6F90606C0F980

mem[X,0x0000000080000468] -> 0x863B
mem[X,0x000000008000046A] -> 0xD5E4
[287] [M]: 0x0000000080000468 (0xD5E4863B) pssub.b a2, s1, t5
x12 <- 0x40E901394F00177F

mem[X,0x000000008000046C] -> 0x3423
mem[X,0x000000008000046E] -> 0x04C2
[288] [M]: 0x000000008000046C (0x04C23423) sd a2, 0x48(tp)
mem[0x0000000080004160] <- 0x40E901394F00177F

mem[X,0x0000000080000470] -> 0xFCB7
mem[X,0x0000000080000472] -> 0xFA05
[289] [M]: 0x0000000080000470 (0xFA05FCB7) lui s9, -0x5fa1
x25 <- 0xFFFFFFFFFA05F000

mem[X,0x0000000080000474] -> 0x8C93
mem[X,0x0000000080000476] -> 0x706C
[290] [M]: 0x0000000080000474 (0x706C8C93) addi s9, s9, 0x706
x25 <- 0xFFFFFFFFFA05F706

mem[X,0x0000000080000478] -> 0x9C93
mem[X,0x000000008000047A] -> 0x00BC
[291] [M]: 0x0000000080000478 (0x00BC9C93) slli s9, s9, 0xb
x25 <- 0xFFFFFFD02FB83000

mem[X,0x000000008000047C] -> 0x8C93
mem[X,0x000000008000047E] -> 0x601C
[292] [M]: 0x000000008000047C (0x601C8C93) addi s9, s9, 0x601
x25 <- 0xFFFFFFD02FB83601

mem[X,0x0000000080000480] -> 0x9C93
mem[X,0x0000000080000482] -> 0x00BC
[293] [M]: 0x0000000080000480 (0x00BC9C93) slli s9, s9, 0xb
x25 <- 0xFFFE817DC1B00800

mem[X,0x0000000080000484] -> 0x8C93
mem[X,0x0000000080000486] -> 0x030C
[294] [M]: 0x0000000080000484 (0x030C8C93) addi s9, s9, 0x30
x25 <- 0xFFFE817DC1B00830

mem[X,0x0000000080000488] -> 0x9C93
mem[X,0x000000008000048A] -> 0x00AC
[295] [M]: 0x0000000080000488 (0x00AC9C93) slli s9, s9, 0xa
x25 <- 0xFA05F706C020C000

mem[X,0x000000008000048C] -> 0x8C93
mem[X,0x000000008000048E] -> 0x040C
[296] [M]: 0x000000008000048C (0x040C8C93) addi s9, s9, 0x40
x25 <- 0xFA05F706C020C040

mem[X,0x0000000080000490] -> 0xF737
mem[X,0x0000000080000492] -> 0xFEFF
[297] [M]: 0x0000000080000490 (0xFEFFF737) lui a4, -0x1001
x14 <- 0xFFFFFFFFFEFFF000

mem[X,0x0000000080000494] -> 0x0713
mem[X,0x0000000080000496] -> 0x6FE7
[298] [M]: 0x0000000080000494 (0x6FE70713) addi a4, a4, 0x6fe
x14 <- 0xFFFFFFFFFEFFF6FE

mem[X,0x0000000080000498] -> 0x1713
mem[X,0x000000008000049A] -> 0x00B7
[299] [M]: 0x0000000080000498 (0x00B71713) slli a4, a4, 0xb
x14 <- 0xFFFFFFF7FFB7F000

clint::tick mtime <- 0x0000000000000003
 clint timer pending at mtime 0x0000000000000003
htif::tick 0x0000000000000000
mem[X,0x000000008000049C] -> 0x0713
mem[X,0x000000008000049E] -> 0x0817
[300] [M]: 0x000000008000049C (0x08170713) addi a4, a4, 0x81
x14 <- 0xFFFFFFF7FFB7F081

mem[X,0x00000000800004A0] -> 0x1713
mem[X,0x00000000800004A2] -> 0x00B7
[301] [M]: 0x00000000800004A0 (0x00B71713) slli a4, a4, 0xb
x14 <- 0xFFFFBFFDBF840800

mem[X,0x00000000800004A4] -> 0x0713
mem[X,0x00000000800004A6] -> 0x7EF7
[302] [M]: 0x00000000800004A4 (0x7EF70713) addi a4, a4, 0x7ef
x14 <- 0xFFFFBFFDBF840FEF

mem[X,0x00000000800004A8] -> 0x1713
mem[X,0x00000000800004AA] -> 0x00A7
[303] [M]: 0x00000000800004A8 (0x00A71713) slli a4, a4, 0xa
x14 <- 0xFEFFF6FE103FBC00

mem[X,0x00000000800004AC] -> 0x0713
mem[X,0x00000000800004AE] -> 0x3C07
[304] [M]: 0x00000000800004AC (0x3C070713) addi a4, a4, 0x3c0
x14 <- 0xFEFFF6FE103FBFC0

mem[X,0x00000000800004B0] -> 0x8A3B
mem[X,0x00000000800004B2] -> 0xD4EC
[305] [M]: 0x00000000800004B0 (0xD4EC8A3B) pssub.b s4, s9, a4
x20 <- 0xFC060108B0E1017F

mem[X,0x00000000800004B4] -> 0x3823
mem[X,0x00000000800004B6] -> 0x0542
[306] [M]: 0x00000000800004B4 (0x05423823) sd s4, 0x50(tp)
mem[0x0000000080004168] <- 0xFC060108B0E1017F

mem[X,0x00000000800004B8] -> 0xC7B7
mem[X,0x00000000800004BA] -> 0x07EF
[307] [M]: 0x00000000800004B8 (0x07EFC7B7) lui a5, 0x7efc
x15 <- 0x0000000007EFC000

mem[X,0x00000000800004BC] -> 0x8793
mem[X,0x00000000800004BE] -> 0x0037
[308] [M]: 0x00000000800004BC (0x00378793) addi a5, a5, 0x3
x15 <- 0x0000000007EFC003

mem[X,0x00000000800004C0] -> 0x9793
mem[X,0x00000000800004C2] -> 0x00B7
[309] [M]: 0x00000000800004C0 (0x00B79793) slli a5, a5, 0xb
x15 <- 0x0000003F7E001800

mem[X,0x00000000800004C4] -> 0x8793
mem[X,0x00000000800004C6] -> 0x0287
[310] [M]: 0x00000000800004C4 (0x02878793) addi a5, a5, 0x28
x15 <- 0x0000003F7E001828

mem[X,0x00000000800004C8] -> 0x9793
mem[X,0x00000000800004CA] -> 0x00B7
[311] [M]: 0x00000000800004C8 (0x00B79793) slli a5, a5, 0xb
x15 <- 0x0001FBF000C14000

mem[X,0x00000000800004CC] -> 0x8793
mem[X,0x00000000800004CE] -> 0x1807
[312] [M]: 0x00000000800004CC (0x18078793) addi a5, a5, 0x180
x15 <- 0x0001FBF000C14180

mem[X,0x00000000800004D0] -> 0x9793
mem[X,0x00000000800004D2] -> 0x00A7
[313] [M]: 0x00000000800004D0 (0x00A79793) slli a5, a5, 0xa
x15 <- 0x07EFC00305060000

mem[X,0x00000000800004D4] -> 0x8793
mem[X,0x00000000800004D6] -> 0x1FE7
[314] [M]: 0x00000000800004D4 (0x1FE78793) addi a5, a5, 0x1fe
x15 <- 0x07EFC003050601FE

mem[X,0x00000000800004D8] -> 0x0CB7
mem[X,0x00000000800004DA] -> 0x55FC
[315] [M]: 0x00000000800004D8 (0x55FC0CB7) lui s9, 0x55fc0
x25 <- 0x0000000055FC0000

mem[X,0x00000000800004DC] -> 0x8C93
mem[X,0x00000000800004DE] -> 0xF05C
[316] [M]: 0x00000000800004DC (0xF05C8C93) addi s9, s9, -0xfb
x25 <- 0x0000000055FBFF05

mem[X,0x00000000800004E0] -> 0x9C93
mem[X,0x00000000800004E2] -> 0x00BC
[317] [M]: 0x00000000800004E0 (0x00BC9C93) slli s9, s9, 0xb
x25 <- 0x000002AFDFF82800

mem[X,0x00000000800004E4] -> 0x8C93
mem[X,0x00000000800004E6] -> 0x00DC
[318] [M]: 0x00000000800004E4 (0x00DC8C93) addi s9, s9, 0xd
x25 <- 0x000002AFDFF8280D

mem[X,0x00000000800004E8] -> 0x9C93
mem[X,0x00000000800004EA] -> 0x00BC
[319] [M]: 0x00000000800004E8 (0x00BC9C93) slli s9, s9, 0xb
x25 <- 0x00157EFFC1406800

mem[X,0x00000000800004EC] -> 0x8C93
mem[X,0x00000000800004EE] -> 0x280C
[320] [M]: 0x00000000800004EC (0x280C8C93) addi s9, s9, 0x280
x25 <- 0x00157EFFC1406A80

mem[X,0x00000000800004F0] -> 0x9C93
mem[X,0x00000000800004F2] -> 0x00AC
[321] [M]: 0x00000000800004F0 (0x00AC9C93) slli s9, s9, 0xa
x25 <- 0x55FBFF0501AA0000

mem[X,0x00000000800004F4] -> 0x8C93
mem[X,0x00000000800004F6] -> 0x3F7C
[322] [M]: 0x00000000800004F4 (0x3F7C8C93) addi s9, s9, 0x3f7
x25 <- 0x55FBFF0501AA03F7

mem[X,0x00000000800004F8] -> 0x853B
mem[X,0x00000000800004FA] -> 0xD597
[323] [M]: 0x00000000800004F8 (0xD597853B) pssub.b a0, a5, s9
x10 <- 0xB2F4C1FE045CFE07

mem[X,0x00000000800004FC] -> 0x3C23
mem[X,0x00000000800004FE] -> 0x04A2
[324] [M]: 0x00000000800004FC (0x04A23C23) sd a0, 0x58(tp)
mem[0x0000000080004170] <- 0xB2F4C1FE045CFE07

mem[X,0x0000000080000500] -> 0x0FB7
mem[X,0x0000000080000502] -> 0x2008
[325] [M]: 0x0000000080000500 (0x20080FB7) lui t6, 0x20080
x31 <- 0x0000000020080000

mem[X,0x0000000080000504] -> 0x8F93
mem[X,0x0000000080000506] -> 0xCC0F
[326] [M]: 0x0000000080000504 (0xCC0F8F93) addi t6, t6, -0x340
x31 <- 0x000000002007FCC0

mem[X,0x0000000080000508] -> 0x9F93
mem[X,0x000000008000050A] -> 0x00BF
[327] [M]: 0x0000000080000508 (0x00BF9F93) slli t6, t6, 0xb
x31 <- 0x000001003FE60000

mem[X,0x000000008000050C] -> 0x8F93
mem[X,0x000000008000050E] -> 0x7DFF
[328] [M]: 0x000000008000050C (0x7DFF8F93) addi t6, t6, 0x7df
x31 <- 0x000001003FE607DF

mem[X,0x0000000080000510] -> 0x9F93
mem[X,0x0000000080000512] -> 0x00BF
[329] [M]: 0x0000000080000510 (0x00BF9F93) slli t6, t6, 0xb
x31 <- 0x000801FF303EF800

mem[X,0x0000000080000514] -> 0x8F93
mem[X,0x0000000080000516] -> 0x5AAF
[330] [M]: 0x0000000080000514 (0x5AAF8F93) addi t6, t6, 0x5aa
x31 <- 0x000801FF303EFDAA

mem[X,0x0000000080000518] -> 0x9F93
mem[X,0x000000008000051A] -> 0x00AF
[331] [M]: 0x0000000080000518 (0x00AF9F93) slli t6, t6, 0xa
x31 <- 0x2007FCC0FBF6A800

mem[X,0x000000008000051C] -> 0x8F93
mem[X,0x000000008000051E] -> 0x2FDF
[332] [M]: 0x000000008000051C (0x2FDF8F93) addi t6, t6, 0x2fd
x31 <- 0x2007FCC0FBF6AAFD

mem[X,0x0000000080000520] -> 0x08B7
mem[X,0x0000000080000522] -> 0x0056
[333] [M]: 0x0000000080000520 (0x005608B7) lui a7, 0x560
x17 <- 0x0000000000560000

mem[X,0x0000000080000524] -> 0x8893
mem[X,0x0000000080000526] -> 0x9088
[334] [M]: 0x0000000080000524 (0x90888893) addi a7, a7, -0x6f8
x17 <- 0x000000000055F908

mem[X,0x0000000080000528] -> 0x9893
mem[X,0x000000008000052A] -> 0x00B8
[335] [M]: 0x0000000080000528 (0x00B89893) slli a7, a7, 0xb
x17 <- 0x00000002AFC84000

mem[X,0x000000008000052C] -> 0x8893
mem[X,0x000000008000052E] -> 0x7D08
[336] [M]: 0x000000008000052C (0x7D088893) addi a7, a7, 0x7d0
x17 <- 0x00000002AFC847D0

mem[X,0x0000000080000530] -> 0x9893
mem[X,0x0000000080000532] -> 0x00B8
[337] [M]: 0x0000000080000530 (0x00B89893) slli a7, a7, 0xb
x17 <- 0x0000157E423E8000

mem[X,0x0000000080000534] -> 0x8893
mem[X,0x0000000080000536] -> 0x0908
[338] [M]: 0x0000000080000534 (0x09088893) addi a7, a7, 0x90
x17 <- 0x0000157E423E8090

mem[X,0x0000000080000538] -> 0x9893
mem[X,0x000000008000053A] -> 0x00A8
[339] [M]: 0x0000000080000538 (0x00A89893) slli a7, a7, 0xa
x17 <- 0x0055F908FA024000

mem[X,0x000000008000053C] -> 0x8893
mem[X,0x000000008000053E] -> 0x0058
[340] [M]: 0x000000008000053C (0x00588893) addi a7, a7, 0x5
x17 <- 0x0055F908FA024005

mem[X,0x0000000080000540] -> 0x89BB
mem[X,0x0000000080000542] -> 0xD51F
[341] [M]: 0x0000000080000540 (0xD51F89BB) pssub.b s3, t6, a7
x19 <- 0x20B203B801F480F8

mem[X,0x0000000080000544] -> 0x3023
mem[X,0x0000000080000546] -> 0x0732
[342] [M]: 0x0000000080000544 (0x07323023) sd s3, 0x60(tp)
mem[0x0000000080004178] <- 0x20B203B801F480F8

mem[X,0x0000000080000548] -> 0xC2B7
mem[X,0x000000008000054A] -> 0x4009
[343] [M]: 0x0000000080000548 (0x4009C2B7) lui t0, 0x4009c
x5 <- 0x000000004009C000

mem[X,0x000000008000054C] -> 0x8293
mem[X,0x000000008000054E] -> 0xF3F2
[344] [M]: 0x000000008000054C (0xF3F28293) addi t0, t0, -0xc1
x5 <- 0x000000004009BF3F

mem[X,0x0000000080000550] -> 0x9293
mem[X,0x0000000080000552] -> 0x00B2
[345] [M]: 0x0000000080000550 (0x00B29293) slli t0, t0, 0xb
x5 <- 0x000002004DF9F800

mem[X,0x0000000080000554] -> 0x8293
mem[X,0x0000000080000556] -> 0x1FF2
[346] [M]: 0x0000000080000554 (0x1FF28293) addi t0, t0, 0x1ff
x5 <- 0x000002004DF9F9FF

mem[X,0x0000000080000558] -> 0x9293
mem[X,0x000000008000055A] -> 0x00B2
[347] [M]: 0x0000000080000558 (0x00B29293) slli t0, t0, 0xb
x5 <- 0x0010026FCFCFF800

mem[X,0x000000008000055C] -> 0x8293
mem[X,0x000000008000055E] -> 0x6902
[348] [M]: 0x000000008000055C (0x69028293) addi t0, t0, 0x690
x5 <- 0x0010026FCFCFFE90

mem[X,0x0000000080000560] -> 0x9293
mem[X,0x0000000080000562] -> 0x00A2
[349] [M]: 0x0000000080000560 (0x00A29293) slli t0, t0, 0xa
x5 <- 0x4009BF3F3FFA4000

mem[X,0x0000000080000564] -> 0x8293
mem[X,0x0000000080000566] -> 0x0FB2
[350] [M]: 0x0000000080000564 (0x0FB28293) addi t0, t0, 0xfb
x5 <- 0x4009BF3F3FFA40FB

mem[X,0x0000000080000568] -> 0x0DB7
mem[X,0x000000008000056A] -> 0xEF04
[351] [M]: 0x0000000080000568 (0xEF040DB7) lui s11, -0x10fc0
x27 <- 0xFFFFFFFFEF040000

mem[X,0x000000008000056C] -> 0x8D93
mem[X,0x000000008000056E] -> 0x110D
[352] [M]: 0x000000008000056C (0x110D8D93) addi s11, s11, 0x110
x27 <- 0xFFFFFFFFEF040110

mem[X,0x0000000080000570] -> 0x9D93
mem[X,0x0000000080000572] -> 0x00BD
[353] [M]: 0x0000000080000570 (0x00BD9D93) slli s11, s11, 0xb
x27 <- 0xFFFFFF7820088000

mem[X,0x0000000080000574] -> 0x8D93
mem[X,0x0000000080000576] -> 0x7E3D
[354] [M]: 0x0000000080000574 (0x7E3D8D93) addi s11, s11, 0x7e3
x27 <- 0xFFFFFF78200887E3

mem[X,0x0000000080000578] -> 0x9D93
mem[X,0x000000008000057A] -> 0x00BD
[355] [M]: 0x0000000080000578 (0x00BD9D93) slli s11, s11, 0xb
x27 <- 0xFFFBC100443F1800

mem[X,0x000000008000057C] -> 0x8D93
mem[X,0x000000008000057E] -> 0x7EFD
[356] [M]: 0x000000008000057C (0x7EFD8D93) addi s11, s11, 0x7ef
x27 <- 0xFFFBC100443F1FEF

mem[X,0x0000000080000580] -> 0x9D93
mem[X,0x0000000080000582] -> 0x00AD
[357] [M]: 0x0000000080000580 (0x00AD9D93) slli s11, s11, 0xa
x27 <- 0xEF040110FC7FBC00

mem[X,0x0000000080000584] -> 0x8D93
mem[X,0x0000000080000586] -> 0x308D
[358] [M]: 0x0000000080000584 (0x308D8D93) addi s11, s11, 0x308
x27 <- 0xEF040110FC7FBF08

mem[X,0x0000000080000588] -> 0x84BB
mem[X,0x000000008000058A] -> 0xD5B2
[359] [M]: 0x0000000080000588 (0xD5B284BB) pssub.b s1, t0, s11
x9 <- 0x5105BE2F43807FF3

mem[X,0x000000008000058C] -> 0x3423
mem[X,0x000000008000058E] -> 0x0692
[360] [M]: 0x000000008000058C (0x06923423) sd s1, 0x68(tp)
mem[0x0000000080004180] <- 0x5105BE2F43807FF3

mem[X,0x0000000080000590] -> 0x5437
mem[X,0x0000000080000592] -> 0xC03F
[361] [M]: 0x0000000080000590 (0xC03F5437) lui fp, -0x3fc0b
x8 <- 0xFFFFFFFFC03F5000

mem[X,0x0000000080000594] -> 0x0413
mem[X,0x0000000080000596] -> 0x5064
[362] [M]: 0x0000000080000594 (0x50640413) addi fp, fp, 0x506
x8 <- 0xFFFFFFFFC03F5506

mem[X,0x0000000080000598] -> 0x1413
mem[X,0x000000008000059A] -> 0x00B4
[363] [M]: 0x0000000080000598 (0x00B41413) slli fp, fp, 0xb
x8 <- 0xFFFFFE01FAA83000

mem[X,0x000000008000059C] -> 0x0413
mem[X,0x000000008000059E] -> 0x4024
[364] [M]: 0x000000008000059C (0x40240413) addi fp, fp, 0x402
x8 <- 0xFFFFFE01FAA83402

mem[X,0x00000000800005A0] -> 0x1413
mem[X,0x00000000800005A2] -> 0x00B4
[365] [M]: 0x00000000800005A0 (0x00B41413) slli fp, fp, 0xb
x8 <- 0xFFF00FD541A01000

mem[X,0x00000000800005A4] -> 0x0413
mem[X,0x00000000800005A6] -> 0x03F4
[366] [M]: 0x00000000800005A4 (0x03F40413) addi fp, fp, 0x3f
x8 <- 0xFFF00FD541A0103F

mem[X,0x00000000800005A8] -> 0x1413
mem[X,0x00000000800005AA] -> 0x00A4
[367] [M]: 0x00000000800005A8 (0x00A41413) slli fp, fp, 0xa
x8 <- 0xC03F55068040FC00

mem[X,0x00000000800005AC] -> 0x0413
mem[X,0x00000000800005AE] -> 0x3F74
[368] [M]: 0x00000000800005AC (0x3F740413) addi fp, fp, 0x3f7
x8 <- 0xC03F55068040FFF7

mem[X,0x00000000800005B0] -> 0xEBB7
mem[X,0x00000000800005B2] -> 0x0709
[369] [M]: 0x00000000800005B0 (0x0709EBB7) lui s7, 0x709e
x23 <- 0x000000000709E000

mem[X,0x00000000800005B4] -> 0x8B93
mem[X,0x00000000800005B6] -> 0xFFEB
[370] [M]: 0x00000000800005B4 (0xFFEB8B93) addi s7, s7, -0x2
x23 <- 0x000000000709DFFE

mem[X,0x00000000800005B8] -> 0x9B93
mem[X,0x00000000800005BA] -> 0x00BB
[371] [M]: 0x00000000800005B8 (0x00BB9B93) slli s7, s7, 0xb
x23 <- 0x000000384EFFF000

mem[X,0x00000000800005BC] -> 0x8B93
mem[X,0x00000000800005BE] -> 0x7E5B
[372] [M]: 0x00000000800005BC (0x7E5B8B93) addi s7, s7, 0x7e5
x23 <- 0x000000384EFFF7E5

mem[X,0x00000000800005C0] -> 0x9B93
mem[X,0x00000000800005C2] -> 0x00BB
[373] [M]: 0x00000000800005C0 (0x00BB9B93) slli s7, s7, 0xb
x23 <- 0x0001C277FFBF2800

mem[X,0x00000000800005C4] -> 0x8B93
mem[X,0x00000000800005C6] -> 0x7EAB
[374] [M]: 0x00000000800005C4 (0x7EAB8B93) addi s7, s7, 0x7ea
x23 <- 0x0001C277FFBF2FEA

mem[X,0x00000000800005C8] -> 0x9B93
mem[X,0x00000000800005CA] -> 0x00AB
[375] [M]: 0x00000000800005C8 (0x00AB9B93) slli s7, s7, 0xa
x23 <- 0x0709DFFEFCBFA800

mem[X,0x00000000800005CC] -> 0x8B93
mem[X,0x00000000800005CE] -> 0x209B
[376] [M]: 0x00000000800005CC (0x209B8B93) addi s7, s7, 0x209
x23 <- 0x0709DFFEFCBFAA09

mem[X,0x00000000800005D0] -> 0x00BB
mem[X,0x00000000800005D2] -> 0xD574
[377] [M]: 0x00000000800005D0 (0xD57400BB) pssub.b ra, fp, s7
x1 <- 0xB9367608847F55EE

mem[X,0x00000000800005D4] -> 0x3823
mem[X,0x00000000800005D6] -> 0x0612
[378] [M]: 0x00000000800005D4 (0x06123823) sd ra, 0x70(tp)
mem[0x0000000080004188] <- 0xB9367608847F55EE

mem[X,0x00000000800005D8] -> 0x0013
mem[X,0x00000000800005DA] -> 0x0000
[379] [M]: 0x00000000800005D8 (0x00000013) addi zero, zero, 0x0

mem[X,0x00000000800005DC] -> 0x0013
mem[X,0x00000000800005DE] -> 0x0000
[380] [M]: 0x00000000800005DC (0x00000013) addi zero, zero, 0x0

mem[X,0x00000000800005E0] -> 0x4617
mem[X,0x00000000800005E2] -> 0x0000
[381] [M]: 0x00000000800005E0 (0x00004617) auipc a2, 0x4
x12 <- 0x00000000800045E0

mem[X,0x00000000800005E4] -> 0x0613
mem[X,0x00000000800005E6] -> 0xBB06
[382] [M]: 0x00000000800005E4 (0xBB060613) addi a2, a2, -0x450
x12 <- 0x0000000080004190

mem[X,0x00000000800005E8] -> 0x0013
mem[X,0x00000000800005EA] -> 0x0000
[383] [M]: 0x00000000800005E8 (0x00000013) addi zero, zero, 0x0

mem[X,0x00000000800005EC] -> 0x0013
mem[X,0x00000000800005EE] -> 0x0000
[384] [M]: 0x00000000800005EC (0x00000013) addi zero, zero, 0x0

mem[X,0x00000000800005F0] -> 0x0013
mem[X,0x00000000800005F2] -> 0x0000
[385] [M]: 0x00000000800005F0 (0x00000013) addi zero, zero, 0x0

mem[X,0x00000000800005F4] -> 0x0013
mem[X,0x00000000800005F6] -> 0x0000
[386] [M]: 0x00000000800005F4 (0x00000013) addi zero, zero, 0x0

mem[X,0x00000000800005F8] -> 0x0013
mem[X,0x00000000800005FA] -> 0x0000
[387] [M]: 0x00000000800005F8 (0x00000013) addi zero, zero, 0x0

mem[X,0x00000000800005FC] -> 0x0013
mem[X,0x00000000800005FE] -> 0x0000
[388] [M]: 0x00000000800005FC (0x00000013) addi zero, zero, 0x0

mem[X,0x0000000080000600] -> 0xBAB7
mem[X,0x0000000080000602] -> 0x1002
[389] [M]: 0x0000000080000600 (0x1002BAB7) lui s5, 0x1002b
x21 <- 0x000000001002B000

mem[X,0x0000000080000604] -> 0x8A93
mem[X,0x0000000080000606] -> 0xABFA
[390] [M]: 0x0000000080000604 (0xABFA8A93) addi s5, s5, -0x541
x21 <- 0x000000001002AABF

mem[X,0x0000000080000608] -> 0x9A93
mem[X,0x000000008000060A] -> 0x00BA
[391] [M]: 0x0000000080000608 (0x00BA9A93) slli s5, s5, 0xb
x21 <- 0x000000801555F800

mem[X,0x000000008000060C] -> 0x8A93
mem[X,0x000000008000060E] -> 0x7E8A
[392] [M]: 0x000000008000060C (0x7E8A8A93) addi s5, s5, 0x7e8
x21 <- 0x000000801555FFE8

mem[X,0x0000000080000610] -> 0x9A93
mem[X,0x0000000080000612] -> 0x00BA
[393] [M]: 0x0000000080000610 (0x00BA9A93) slli s5, s5, 0xb
x21 <- 0x000400AAAFFF4000

mem[X,0x0000000080000614] -> 0x8A93
mem[X,0x0000000080000616] -> 0x07EA
[394] [M]: 0x0000000080000614 (0x07EA8A93) addi s5, s5, 0x7e
x21 <- 0x000400AAAFFF407E

mem[X,0x0000000080000618] -> 0x9A93
mem[X,0x000000008000061A] -> 0x00AA
[395] [M]: 0x0000000080000618 (0x00AA9A93) slli s5, s5, 0xa
x21 <- 0x1002AABFFD01F800

mem[X,0x000000008000061C] -> 0x8A93
mem[X,0x000000008000061E] -> 0x0EFA
[396] [M]: 0x000000008000061C (0x0EFA8A93) addi s5, s5, 0xef
x21 <- 0x1002AABFFD01F8EF

mem[X,0x0000000080000620] -> 0xFC37
mem[X,0x0000000080000622] -> 0x8003
[397] [M]: 0x0000000080000620 (0x8003FC37) lui s8, -0x7ffc1
x24 <- 0xFFFFFFFF8003F000

mem[X,0x0000000080000624] -> 0x0C13
mem[X,0x0000000080000626] -> 0x640C
[398] [M]: 0x0000000080000624 (0x640C0C13) addi s8, s8, 0x640
x24 <- 0xFFFFFFFF8003F640

mem[X,0x0000000080000628] -> 0x1C13
mem[X,0x000000008000062A] -> 0x00BC
[399] [M]: 0x0000000080000628 (0x00BC1C13) slli s8, s8, 0xb
x24 <- 0xFFFFFC001FB20000

clint::tick mtime <- 0x0000000000000004
 clint timer pending at mtime 0x0000000000000004
htif::tick 0x0000000000000000
mem[X,0x000000008000062C] -> 0x0C13
mem[X,0x000000008000062E] -> 0x7E0C
[400] [M]: 0x000000008000062C (0x7E0C0C13) addi s8, s8, 0x7e0
x24 <- 0xFFFFFC001FB207E0

mem[X,0x0000000080000630] -> 0x1C13
mem[X,0x0000000080000632] -> 0x00BC
[401] [M]: 0x0000000080000630 (0x00BC1C13) slli s8, s8, 0xb
x24 <- 0xFFE000FD903F0000

mem[X,0x0000000080000634] -> 0x0C13
mem[X,0x0000000080000636] -> 0x004C
[402] [M]: 0x0000000080000634 (0x004C0C13) addi s8, s8, 0x4
x24 <- 0xFFE000FD903F0004

mem[X,0x0000000080000638] -> 0x1C13
mem[X,0x000000008000063A] -> 0x00AC
[403] [M]: 0x0000000080000638 (0x00AC1C13) slli s8, s8, 0xa
x24 <- 0x8003F640FC001000

mem[X,0x000000008000063C] -> 0x0C13
mem[X,0x000000008000063E] -> 0x0F8C
[404] [M]: 0x000000008000063C (0x0F8C0C13) addi s8, s8, 0xf8
x24 <- 0x8003F640FC0010F8

mem[X,0x0000000080000640] -> 0x8EBB
mem[X,0x0000000080000642] -> 0xD58A
[405] [M]: 0x0000000080000640 (0xD58A8EBB) pssub.b t4, s5, s8
x29 <- 0x7FFFB4800101E8F7

mem[X,0x0000000080000644] -> 0x3023
mem[X,0x0000000080000646] -> 0x01D6
[406] [M]: 0x0000000080000644 (0x01D63023) sd t4, 0x0(a2)
mem[0x0000000080004190] <- 0x7FFFB4800101E8F7

mem[X,0x0000000080000648] -> 0x0237
mem[X,0x000000008000064A] -> 0x0710
[407] [M]: 0x0000000080000648 (0x07100237) lui tp, 0x7100
x4 <- 0x0000000007100000

mem[X,0x000000008000064C] -> 0x0213
mem[X,0x000000008000064E] -> 0x7F62
[408] [M]: 0x000000008000064C (0x7F620213) addi tp, tp, 0x7f6
x4 <- 0x00000000071007F6

mem[X,0x0000000080000650] -> 0x1213
mem[X,0x0000000080000652] -> 0x00B2
[409] [M]: 0x0000000080000650 (0x00B21213) slli tp, tp, 0xb
x4 <- 0x00000038803FB000

mem[X,0x0000000080000654] -> 0x0213
mem[X,0x0000000080000656] -> 0x7D92
[410] [M]: 0x0000000080000654 (0x7D920213) addi tp, tp, 0x7d9
x4 <- 0x00000038803FB7D9

mem[X,0x0000000080000658] -> 0x1213
mem[X,0x000000008000065A] -> 0x00B2
[411] [M]: 0x0000000080000658 (0x00B21213) slli tp, tp, 0xb
x4 <- 0x0001C401FDBEC800

mem[X,0x000000008000065C] -> 0x0213
mem[X,0x000000008000065E] -> 0x7FD2
[412] [M]: 0x000000008000065C (0x7FD20213) addi tp, tp, 0x7fd
x4 <- 0x0001C401FDBECFFD

mem[X,0x0000000080000660] -> 0x1213
mem[X,0x0000000080000662] -> 0x00A2
[413] [M]: 0x0000000080000660 (0x00A21213) slli tp, tp, 0xa
x4 <- 0x071007F6FB3FF400

mem[X,0x0000000080000664] -> 0x0213
mem[X,0x0000000080000666] -> 0x3DF2
[414] [M]: 0x0000000080000664 (0x3DF20213) addi tp, tp, 0x3df
x4 <- 0x071007F6FB3FF7DF

mem[X,0x0000000080000668] -> 0x0037
mem[X,0x000000008000066A] -> 0xF921
[415] [M]: 0x0000000080000668 (0xF9210037) lui zero, -0x6df0

mem[X,0x000000008000066C] -> 0x0013
mem[X,0x000000008000066E] -> 0x8FD0
[416] [M]: 0x000000008000066C (0x8FD00013) addi zero, zero, -0x703

mem[X,0x0000000080000670] -> 0x1013
mem[X,0x0000000080000672] -> 0x00B0
[417] [M]: 0x0000000080000670 (0x00B01013) slli zero, zero, 0xb

mem[X,0x0000000080000674] -> 0x0013
mem[X,0x0000000080000676] -> 0x7E00
[418] [M]: 0x0000000080000674 (0x7E000013) addi zero, zero, 0x7e0

mem[X,0x0000000080000678] -> 0x1013
mem[X,0x000000008000067A] -> 0x00B0
[419] [M]: 0x0000000080000678 (0x00B01013) slli zero, zero, 0xb

mem[X,0x000000008000067C] -> 0x0013
mem[X,0x000000008000067E] -> 0x16F0
[420] [M]: 0x000000008000067C (0x16F00013) addi zero, zero, 0x16f

mem[X,0x0000000080000680] -> 0x1013
mem[X,0x0000000080000682] -> 0x00A0
[421] [M]: 0x0000000080000680 (0x00A01013) slli zero, zero, 0xa

mem[X,0x0000000080000684] -> 0x0013
mem[X,0x0000000080000686] -> 0x3050
[422] [M]: 0x0000000080000684 (0x30500013) addi zero, zero, 0x305

mem[X,0x0000000080000688] -> 0x0FBB
mem[X,0x000000008000068A] -> 0xD402
[423] [M]: 0x0000000080000688 (0xD4020FBB) pssub.b t6, tp, zero
x31 <- 0x071007F6FB3FF7DF

mem[X,0x000000008000068C] -> 0x3423
mem[X,0x000000008000068E] -> 0x01F6
[424] [M]: 0x000000008000068C (0x01F63423) sd t6, 0x8(a2)
mem[0x0000000080004198] <- 0x071007F6FB3FF7DF

mem[X,0x0000000080000690] -> 0x8B37
mem[X,0x0000000080000692] -> 0xFDAA
[425] [M]: 0x0000000080000690 (0xFDAA8B37) lui s6, -0x2558
x22 <- 0xFFFFFFFFFDAA8000

mem[X,0x0000000080000694] -> 0x0B13
mem[X,0x0000000080000696] -> 0x006B
[426] [M]: 0x0000000080000694 (0x006B0B13) addi s6, s6, 0x6
x22 <- 0xFFFFFFFFFDAA8006

mem[X,0x0000000080000698] -> 0x1B13
mem[X,0x000000008000069A] -> 0x00BB
[427] [M]: 0x0000000080000698 (0x00BB1B13) slli s6, s6, 0xb
x22 <- 0xFFFFFFED54003000

mem[X,0x000000008000069C] -> 0x0B13
mem[X,0x000000008000069E] -> 0x7D8B
[428] [M]: 0x000000008000069C (0x7D8B0B13) addi s6, s6, 0x7d8
x22 <- 0xFFFFFFED540037D8

mem[X,0x00000000800006A0] -> 0x1B13
mem[X,0x00000000800006A2] -> 0x00BB
[429] [M]: 0x00000000800006A0 (0x00BB1B13) slli s6, s6, 0xb
x22 <- 0xFFFF6AA001BEC000

mem[X,0x00000000800006A4] -> 0x0B13
mem[X,0x00000000800006A6] -> 0x06AB
[430] [M]: 0x00000000800006A4 (0x06AB0B13) addi s6, s6, 0x6a
x22 <- 0xFFFF6AA001BEC06A

mem[X,0x00000000800006A8] -> 0x1B13
mem[X,0x00000000800006AA] -> 0x00AB
[431] [M]: 0x00000000800006A8 (0x00AB1B13) slli s6, s6, 0xa
x22 <- 0xFDAA8006FB01A800

mem[X,0x00000000800006AC] -> 0x0B13
mem[X,0x00000000800006AE] -> 0x2BFB
[432] [M]: 0x00000000800006AC (0x2BFB0B13) addi s6, s6, 0x2bf
x22 <- 0xFDAA8006FB01AABF

mem[X,0x00000000800006B0] -> 0xC837
mem[X,0x00000000800006B2] -> 0x01FF
[433] [M]: 0x00000000800006B0 (0x01FFC837) lui a6, 0x1ffc
x16 <- 0x0000000001FFC000

mem[X,0x00000000800006B4] -> 0x0813
mem[X,0x00000000800006B6] -> 0x0048
[434] [M]: 0x00000000800006B4 (0x00480813) addi a6, a6, 0x4
x16 <- 0x0000000001FFC004

mem[X,0x00000000800006B8] -> 0x1813
mem[X,0x00000000800006BA] -> 0x00B8
[435] [M]: 0x00000000800006B8 (0x00B81813) slli a6, a6, 0xb
x16 <- 0x0000000FFE002000

mem[X,0x00000000800006BC] -> 0x0813
mem[X,0x00000000800006BE] -> 0x0378
[436] [M]: 0x00000000800006BC (0x03780813) addi a6, a6, 0x37
x16 <- 0x0000000FFE002037

mem[X,0x00000000800006C0] -> 0x1813
mem[X,0x00000000800006C2] -> 0x00B8
[437] [M]: 0x00000000800006C0 (0x00B81813) slli a6, a6, 0xb
x16 <- 0x00007FF00101B800

mem[X,0x00000000800006C4] -> 0x0813
mem[X,0x00000000800006C6] -> 0x6028
[438] [M]: 0x00000000800006C4 (0x60280813) addi a6, a6, 0x602
x16 <- 0x00007FF00101BE02

mem[X,0x00000000800006C8] -> 0x1813
mem[X,0x00000000800006CA] -> 0x00A8
[439] [M]: 0x00000000800006C8 (0x00A81813) slli a6, a6, 0xa
x16 <- 0x01FFC00406F80800

mem[X,0x00000000800006CC] -> 0x0813
mem[X,0x00000000800006CE] -> 0x1FA8
[440] [M]: 0x00000000800006CC (0x1FA80813) addi a6, a6, 0x1fa
x16 <- 0x01FFC00406F809FA

mem[X,0x00000000800006D0] -> 0x0C3B
mem[X,0x00000000800006D2] -> 0xD50B
[441] [M]: 0x00000000800006D0 (0xD50B0C3B) pssub.b s8, s6, a6
x24 <- 0xFCABC002F509A1C5

mem[X,0x00000000800006D4] -> 0x3823
mem[X,0x00000000800006D6] -> 0x0186
[442] [M]: 0x00000000800006D4 (0x01863823) sd s8, 0x10(a2)
mem[0x00000000800041A0] <- 0xFCABC002F509A1C5

mem[X,0x00000000800006D8] -> 0x0337
mem[X,0x00000000800006DA] -> 0xC003
[443] [M]: 0x00000000800006D8 (0xC0030337) lui t1, -0x3ffd0
x6 <- 0xFFFFFFFFC0030000

mem[X,0x00000000800006DC] -> 0x0313
mem[X,0x00000000800006DE] -> 0x4103
[444] [M]: 0x00000000800006DC (0x41030313) addi t1, t1, 0x410
x6 <- 0xFFFFFFFFC0030410

mem[X,0x00000000800006E0] -> 0x1313
mem[X,0x00000000800006E2] -> 0x00B3
[445] [M]: 0x00000000800006E0 (0x00B31313) slli t1, t1, 0xb
x6 <- 0xFFFFFE0018208000

mem[X,0x00000000800006E4] -> 0x0313
mem[X,0x00000000800006E6] -> 0x7E03
[446] [M]: 0x00000000800006E4 (0x7E030313) addi t1, t1, 0x7e0
x6 <- 0xFFFFFE00182087E0

mem[X,0x00000000800006E8] -> 0x1313
mem[X,0x00000000800006EA] -> 0x00B3
[447] [M]: 0x00000000800006E8 (0x00B31313) slli t1, t1, 0xb
x6 <- 0xFFF000C1043F0000

mem[X,0x00000000800006EC] -> 0x0313
mem[X,0x00000000800006EE] -> 0x1803
[448] [M]: 0x00000000800006EC (0x18030313) addi t1, t1, 0x180
x6 <- 0xFFF000C1043F0180

mem[X,0x00000000800006F0] -> 0x1313
mem[X,0x00000000800006F2] -> 0x00A3
[449] [M]: 0x00000000800006F0 (0x00A31313) slli t1, t1, 0xa
x6 <- 0xC0030410FC060000

mem[X,0x00000000800006F4] -> 0x0313
mem[X,0x00000000800006F6] -> 0x1553
[450] [M]: 0x00000000800006F4 (0x15530313) addi t1, t1, 0x155
x6 <- 0xC0030410FC060155

mem[X,0x00000000800006F8] -> 0x0B37
mem[X,0x00000000800006FA] -> 0x09BF
[451] [M]: 0x00000000800006F8 (0x09BF0B37) lui s6, 0x9bf0
x22 <- 0x0000000009BF0000

mem[X,0x00000000800006FC] -> 0x0B13
mem[X,0x00000000800006FE] -> 0x303B
[452] [M]: 0x00000000800006FC (0x303B0B13) addi s6, s6, 0x303
x22 <- 0x0000000009BF0303

mem[X,0x0000000080000700] -> 0x1B13
mem[X,0x0000000080000702] -> 0x00BB
[453] [M]: 0x0000000080000700 (0x00BB1B13) slli s6, s6, 0xb
x22 <- 0x0000004DF8181800

mem[X,0x0000000080000704] -> 0x0B13
mem[X,0x0000000080000706] -> 0x7FFB
[454] [M]: 0x0000000080000704 (0x7FFB0B13) addi s6, s6, 0x7ff
x22 <- 0x0000004DF8181FFF

mem[X,0x0000000080000708] -> 0x1B13
mem[X,0x000000008000070A] -> 0x00BB
[455] [M]: 0x0000000080000708 (0x00BB1B13) slli s6, s6, 0xb
x22 <- 0x00026FC0C0FFF800

mem[X,0x000000008000070C] -> 0x0B13
mem[X,0x000000008000070E] -> 0x6FDB
[456] [M]: 0x000000008000070C (0x6FDB0B13) addi s6, s6, 0x6fd
x22 <- 0x00026FC0C0FFFEFD

mem[X,0x0000000080000710] -> 0x1B13
mem[X,0x0000000080000712] -> 0x00AB
[457] [M]: 0x0000000080000710 (0x00AB1B13) slli s6, s6, 0xa
x22 <- 0x09BF0303FFFBF400

mem[X,0x0000000080000714] -> 0x0B13
mem[X,0x0000000080000716] -> 0x305B
[458] [M]: 0x0000000080000714 (0x305B0B13) addi s6, s6, 0x305
x22 <- 0x09BF0303FFFBF705

mem[X,0x0000000080000718] -> 0x0CBB
mem[X,0x000000008000071A] -> 0xD563
[459] [M]: 0x0000000080000718 (0xD5630CBB) pssub.b s9, t1, s6
x25 <- 0xB744010DFD0B0A50

mem[X,0x000000008000071C] -> 0x3C23
mem[X,0x000000008000071E] -> 0x0196
[460] [M]: 0x000000008000071C (0x01963C23) sd s9, 0x18(a2)
mem[0x00000000800041A8] <- 0xB744010DFD0B0A50

mem[X,0x0000000080000720] -> 0x4037
mem[X,0x0000000080000722] -> 0xF6F8
[461] [M]: 0x0000000080000720 (0xF6F84037) lui zero, -0x907c

mem[X,0x0000000080000724] -> 0x0013
mem[X,0x0000000080000726] -> 0xF000
[462] [M]: 0x0000000080000724 (0xF0000013) addi zero, zero, -0x100

mem[X,0x0000000080000728] -> 0x1013
mem[X,0x000000008000072A] -> 0x00B0
[463] [M]: 0x0000000080000728 (0x00B01013) slli zero, zero, 0xb

mem[X,0x000000008000072C] -> 0x0013
mem[X,0x000000008000072E] -> 0x5500
[464] [M]: 0x000000008000072C (0x55000013) addi zero, zero, 0x550

mem[X,0x0000000080000730] -> 0x1013
mem[X,0x0000000080000732] -> 0x00B0
[465] [M]: 0x0000000080000730 (0x00B01013) slli zero, zero, 0xb

mem[X,0x0000000080000734] -> 0x0013
mem[X,0x0000000080000736] -> 0x1FE0
[466] [M]: 0x0000000080000734 (0x1FE00013) addi zero, zero, 0x1fe

mem[X,0x0000000080000738] -> 0x1013
mem[X,0x000000008000073A] -> 0x00A0
[467] [M]: 0x0000000080000738 (0x00A01013) slli zero, zero, 0xa

mem[X,0x000000008000073C] -> 0x0013
mem[X,0x000000008000073E] -> 0x1AA0
[468] [M]: 0x000000008000073C (0x1AA00013) addi zero, zero, 0x1aa

mem[X,0x0000000080000740] -> 0xF4B7
mem[X,0x0000000080000742] -> 0xFE55
[469] [M]: 0x0000000080000740 (0xFE55F4B7) lui s1, -0x1aa1
x9 <- 0xFFFFFFFFFE55F000

mem[X,0x0000000080000744] -> 0x8493
mem[X,0x0000000080000746] -> 0xF084
[470] [M]: 0x0000000080000744 (0xF0848493) addi s1, s1, -0xf8
x9 <- 0xFFFFFFFFFE55EF08

mem[X,0x0000000080000748] -> 0x9493
mem[X,0x000000008000074A] -> 0x00B4
[471] [M]: 0x0000000080000748 (0x00B49493) slli s1, s1, 0xb
x9 <- 0xFFFFFFF2AF784000

mem[X,0x000000008000074C] -> 0x8493
mem[X,0x000000008000074E] -> 0x0084
[472] [M]: 0x000000008000074C (0x00848493) addi s1, s1, 0x8
x9 <- 0xFFFFFFF2AF784008

mem[X,0x0000000080000750] -> 0x9493
mem[X,0x0000000080000752] -> 0x00B4
[473] [M]: 0x0000000080000750 (0x00B49493) slli s1, s1, 0xb
x9 <- 0xFFFF957BC2004000

mem[X,0x0000000080000754] -> 0x8493
mem[X,0x0000000080000756] -> 0x1BE4
[474] [M]: 0x0000000080000754 (0x1BE48493) addi s1, s1, 0x1be
x9 <- 0xFFFF957BC20041BE

mem[X,0x0000000080000758] -> 0x9493
mem[X,0x000000008000075A] -> 0x00A4
[475] [M]: 0x0000000080000758 (0x00A49493) slli s1, s1, 0xa
x9 <- 0xFE55EF080106F800

mem[X,0x000000008000075C] -> 0x8493
mem[X,0x000000008000075E] -> 0x37F4
[476] [M]: 0x000000008000075C (0x37F48493) addi s1, s1, 0x37f
x9 <- 0xFE55EF080106FB7F

mem[X,0x0000000080000760] -> 0x08BB
mem[X,0x0000000080000762] -> 0xD490
[477] [M]: 0x0000000080000760 (0xD49008BB) pssub.b a7, zero, s1
x17 <- 0x02AB11F8FFFA0581

mem[X,0x0000000080000764] -> 0x3023
mem[X,0x0000000080000766] -> 0x0316
[478] [M]: 0x0000000080000764 (0x03163023) sd a7, 0x20(a2)
mem[0x00000000800041B0] <- 0x02AB11F8FFFA0581

mem[X,0x0000000080000768] -> 0x8537
mem[X,0x000000008000076A] -> 0xF603
[479] [M]: 0x0000000080000768 (0xF6038537) lui a0, -0x9fc8
x10 <- 0xFFFFFFFFF6038000

mem[X,0x000000008000076C] -> 0x0513
mem[X,0x000000008000076E] -> 0x0105
[480] [M]: 0x000000008000076C (0x01050513) addi a0, a0, 0x10
x10 <- 0xFFFFFFFFF6038010

mem[X,0x0000000080000770] -> 0x1513
mem[X,0x0000000080000772] -> 0x00B5
[481] [M]: 0x0000000080000770 (0x00B51513) slli a0, a0, 0xb
x10 <- 0xFFFFFFB01C008000

mem[X,0x0000000080000774] -> 0x0513
mem[X,0x0000000080000776] -> 0x1025
[482] [M]: 0x0000000080000774 (0x10250513) addi a0, a0, 0x102
x10 <- 0xFFFFFFB01C008102

mem[X,0x0000000080000778] -> 0x1513
mem[X,0x000000008000077A] -> 0x00B5
[483] [M]: 0x0000000080000778 (0x00B51513) slli a0, a0, 0xb
x10 <- 0xFFFD80E004081000

mem[X,0x000000008000077C] -> 0x0513
mem[X,0x000000008000077E] -> 0x5605
[484] [M]: 0x000000008000077C (0x56050513) addi a0, a0, 0x560
x10 <- 0xFFFD80E004081560

mem[X,0x0000000080000780] -> 0x1513
mem[X,0x0000000080000782] -> 0x00A5
[485] [M]: 0x0000000080000780 (0x00A51513) slli a0, a0, 0xa
x10 <- 0xF603801020558000

mem[X,0x0000000080000784] -> 0x0513
mem[X,0x0000000080000786] -> 0x0FA5
[486] [M]: 0x0000000080000784 (0x0FA50513) addi a0, a0, 0xfa
x10 <- 0xF6038010205580FA

mem[X,0x0000000080000788] -> 0xF7B7
mem[X,0x000000008000078A] -> 0x077F
[487] [M]: 0x0000000080000788 (0x077FF7B7) lui a5, 0x77ff
x15 <- 0x00000000077FF000

mem[X,0x000000008000078C] -> 0x8793
mem[X,0x000000008000078E] -> 0x7807
[488] [M]: 0x000000008000078C (0x78078793) addi a5, a5, 0x780
x15 <- 0x00000000077FF780

mem[X,0x0000000080000790] -> 0x9793
mem[X,0x0000000080000792] -> 0x00B7
[489] [M]: 0x0000000080000790 (0x00B79793) slli a5, a5, 0xb
x15 <- 0x0000003BFFBC0000

mem[X,0x0000000080000794] -> 0x8793
mem[X,0x0000000080000796] -> 0x7C07
[490] [M]: 0x0000000080000794 (0x7C078793) addi a5, a5, 0x7c0
x15 <- 0x0000003BFFBC07C0

mem[X,0x0000000080000798] -> 0x9793
mem[X,0x000000008000079A] -> 0x00B7
[491] [M]: 0x0000000080000798 (0x00B79793) slli a5, a5, 0xb
x15 <- 0x0001DFFDE03E0000

mem[X,0x000000008000079C] -> 0x8793
mem[X,0x000000008000079E] -> 0x1807
[492] [M]: 0x000000008000079C (0x18078793) addi a5, a5, 0x180
x15 <- 0x0001DFFDE03E0180

mem[X,0x00000000800007A0] -> 0x9793
mem[X,0x00000000800007A2] -> 0x00A7
[493] [M]: 0x00000000800007A0 (0x00A79793) slli a5, a5, 0xa
x15 <- 0x077FF780F8060000

mem[X,0x00000000800007A4] -> 0x8793
mem[X,0x00000000800007A6] -> 0x3557
[494] [M]: 0x00000000800007A4 (0x35578793) addi a5, a5, 0x355
x15 <- 0x077FF780F8060355

mem[X,0x00000000800007A8] -> 0x03BB
mem[X,0x00000000800007AA] -> 0xD4F5
[495] [M]: 0x00000000800007A8 (0xD4F503BB) pssub.b t2, a0, a5
x7 <- 0xEF84897F284F80A5

mem[X,0x00000000800007AC] -> 0x3423
mem[X,0x00000000800007AE] -> 0x0276
[496] [M]: 0x00000000800007AC (0x02763423) sd t2, 0x28(a2)
mem[0x00000000800041B8] <- 0xEF84897F284F80A5

mem[X,0x00000000800007B0] -> 0x15B7
mem[X,0x00000000800007B2] -> 0x00F6
[497] [M]: 0x00000000800007B0 (0x00F615B7) lui a1, 0xf61
x11 <- 0x0000000000F61000

mem[X,0x00000000800007B4] -> 0x8593
mem[X,0x00000000800007B6] -> 0x9FE5
[498] [M]: 0x00000000800007B4 (0x9FE58593) addi a1, a1, -0x602
x11 <- 0x0000000000F609FE

mem[X,0x00000000800007B8] -> 0x9593
mem[X,0x00000000800007BA] -> 0x00B5
[499] [M]: 0x00000000800007B8 (0x00B59593) slli a1, a1, 0xb
x11 <- 0x00000007B04FF000

clint::tick mtime <- 0x0000000000000005
 clint timer pending at mtime 0x0000000000000005
htif::tick 0x0000000000000000
mem[X,0x00000000800007BC] -> 0x8593
mem[X,0x00000000800007BE] -> 0x0305
[500] [M]: 0x00000000800007BC (0x03058593) addi a1, a1, 0x30
x11 <- 0x00000007B04FF030

mem[X,0x00000000800007C0] -> 0x9593
mem[X,0x00000000800007C2] -> 0x00B5
[501] [M]: 0x00000000800007C0 (0x00B59593) slli a1, a1, 0xb
x11 <- 0x00003D827F818000

mem[X,0x00000000800007C4] -> 0x8593
mem[X,0x00000000800007C6] -> 0x1C05
[502] [M]: 0x00000000800007C4 (0x1C058593) addi a1, a1, 0x1c0
x11 <- 0x00003D827F8181C0

mem[X,0x00000000800007C8] -> 0x9593
mem[X,0x00000000800007CA] -> 0x00A5
[503] [M]: 0x00000000800007C8 (0x00A59593) slli a1, a1, 0xa
x11 <- 0x00F609FE06070000

mem[X,0x00000000800007CC] -> 0x06B7
mem[X,0x00000000800007CE] -> 0xBF00
[504] [M]: 0x00000000800007CC (0xBF0006B7) lui a3, -0x41000
x13 <- 0xFFFFFFFFBF000000

mem[X,0x00000000800007D0] -> 0x8693
mem[X,0x00000000800007D2] -> 0x2096
[505] [M]: 0x00000000800007D0 (0x20968693) addi a3, a3, 0x209
x13 <- 0xFFFFFFFFBF000209

mem[X,0x00000000800007D4] -> 0x9693
mem[X,0x00000000800007D6] -> 0x00B6
[506] [M]: 0x00000000800007D4 (0x00B69693) slli a3, a3, 0xb
x13 <- 0xFFFFFDF800104800

mem[X,0x00000000800007D8] -> 0x8693
mem[X,0x00000000800007DA] -> 0x7ED6
[507] [M]: 0x00000000800007D8 (0x7ED68693) addi a3, a3, 0x7ed
x13 <- 0xFFFFFDF800104FED

mem[X,0x00000000800007DC] -> 0x9693
mem[X,0x00000000800007DE] -> 0x00B6
[508] [M]: 0x00000000800007DC (0x00B69693) slli a3, a3, 0xb
x13 <- 0xFFEFC000827F6800

mem[X,0x00000000800007E0] -> 0x8693
mem[X,0x00000000800007E2] -> 0x2BD6
[509] [M]: 0x00000000800007E0 (0x2BD68693) addi a3, a3, 0x2bd
x13 <- 0xFFEFC000827F6ABD

mem[X,0x00000000800007E4] -> 0x9693
mem[X,0x00000000800007E6] -> 0x00A6
[510] [M]: 0x00000000800007E4 (0x00A69693) slli a3, a3, 0xa
x13 <- 0xBF000209FDAAF400

mem[X,0x00000000800007E8] -> 0x8693
mem[X,0x00000000800007EA] -> 0x2086
[511] [M]: 0x00000000800007E8 (0x20868693) addi a3, a3, 0x208
x13 <- 0xBF000209FDAAF608

mem[X,0x00000000800007EC] -> 0x813B
mem[X,0x00000000800007EE] -> 0xD4D5
[512] [M]: 0x00000000800007EC (0xD4D5813B) pssub.b sp, a1, a3
x2 <- 0x41F607F5095D0AF8

mem[X,0x00000000800007F0] -> 0x3823
mem[X,0x00000000800007F2] -> 0x0226
[513] [M]: 0x00000000800007F0 (0x02263823) sd sp, 0x30(a2)
mem[0x00000000800041C0] <- 0x41F607F5095D0AF8

mem[X,0x00000000800007F4] -> 0x06B7
mem[X,0x00000000800007F6] -> 0x02FA
[514] [M]: 0x00000000800007F4 (0x02FA06B7) lui a3, 0x2fa0
x13 <- 0x0000000002FA0000

mem[X,0x00000000800007F8] -> 0x8693
mem[X,0x00000000800007FA] -> 0x43F6
[515] [M]: 0x00000000800007F8 (0x43F68693) addi a3, a3, 0x43f
x13 <- 0x0000000002FA043F

mem[X,0x00000000800007FC] -> 0x9693
mem[X,0x00000000800007FE] -> 0x00B6
[516] [M]: 0x00000000800007FC (0x00B69693) slli a3, a3, 0xb
x13 <- 0x00000017D021F800

mem[X,0x0000000080000800] -> 0x8693
mem[X,0x0000000080000802] -> 0x7F86
[517] [M]: 0x0000000080000800 (0x7F868693) addi a3, a3, 0x7f8
x13 <- 0x00000017D021FFF8

mem[X,0x0000000080000804] -> 0x9693
mem[X,0x0000000080000806] -> 0x00B6
[518] [M]: 0x0000000080000804 (0x00B69693) slli a3, a3, 0xb
x13 <- 0x0000BE810FFFC000

mem[X,0x0000000080000808] -> 0x8693
mem[X,0x000000008000080A] -> 0x21F6
[519] [M]: 0x0000000080000808 (0x21F68693) addi a3, a3, 0x21f
x13 <- 0x0000BE810FFFC21F

mem[X,0x000000008000080C] -> 0x9693
mem[X,0x000000008000080E] -> 0x00A6
[520] [M]: 0x000000008000080C (0x00A69693) slli a3, a3, 0xa
x13 <- 0x02FA043FFF087C00

mem[X,0x0000000080000810] -> 0x8693
mem[X,0x0000000080000812] -> 0x3F96
[521] [M]: 0x0000000080000810 (0x3F968693) addi a3, a3, 0x3f9
x13 <- 0x02FA043FFF087FF9

mem[X,0x0000000080000814] -> 0x02B7
mem[X,0x0000000080000816] -> 0x00FC
[522] [M]: 0x0000000080000814 (0x00FC02B7) lui t0, 0xfc0
x5 <- 0x0000000000FC0000

mem[X,0x0000000080000818] -> 0x8293
mem[X,0x000000008000081A] -> 0x7002
[523] [M]: 0x0000000080000818 (0x70028293) addi t0, t0, 0x700
x5 <- 0x0000000000FC0700

mem[X,0x000000008000081C] -> 0x9293
mem[X,0x000000008000081E] -> 0x00B2
[524] [M]: 0x000000008000081C (0x00B29293) slli t0, t0, 0xb
x5 <- 0x00000007E0380000

mem[X,0x0000000080000820] -> 0x8293
mem[X,0x0000000080000822] -> 0x7DE2
[525] [M]: 0x0000000080000820 (0x7DE28293) addi t0, t0, 0x7de
x5 <- 0x00000007E03807DE

mem[X,0x0000000080000824] -> 0x9293
mem[X,0x0000000080000826] -> 0x00B2
[526] [M]: 0x0000000080000824 (0x00B29293) slli t0, t0, 0xb
x5 <- 0x00003F01C03EF000

mem[X,0x0000000080000828] -> 0x8293
mem[X,0x000000008000082A] -> 0x7FE2
[527] [M]: 0x0000000080000828 (0x7FE28293) addi t0, t0, 0x7fe
x5 <- 0x00003F01C03EF7FE

mem[X,0x000000008000082C] -> 0x9293
mem[X,0x000000008000082E] -> 0x00A2
[528] [M]: 0x000000008000082C (0x00A29293) slli t0, t0, 0xa
x5 <- 0x00FC0700FBDFF800

mem[X,0x0000000080000830] -> 0x8293
mem[X,0x0000000080000832] -> 0x3FB2
[529] [M]: 0x0000000080000830 (0x3FB28293) addi t0, t0, 0x3fb
x5 <- 0x00FC0700FBDFFBFB

mem[X,0x0000000080000834] -> 0x8E3B
mem[X,0x0000000080000836] -> 0xD456
[530] [M]: 0x0000000080000834 (0xD4568E3B) pssub.b t3, a3, t0
x28 <- 0x02FEFD3F04297FFE

mem[X,0x0000000080000838] -> 0x3C23
mem[X,0x000000008000083A] -> 0x03C6
[531] [M]: 0x0000000080000838 (0x03C63C23) sd t3, 0x38(a2)
mem[0x00000000800041C8] <- 0x02FEFD3F04297FFE

mem[X,0x000000008000083C] -> 0x0A37
mem[X,0x000000008000083E] -> 0xAAFE
[532] [M]: 0x000000008000083C (0xAAFE0A37) lui s4, -0x55020
x20 <- 0xFFFFFFFFAAFE0000

mem[X,0x0000000080000840] -> 0x0A13
mem[X,0x0000000080000842] -> 0x9AAA
[533] [M]: 0x0000000080000840 (0x9AAA0A13) addi s4, s4, -0x656
x20 <- 0xFFFFFFFFAAFDF9AA

mem[X,0x0000000080000844] -> 0x1A13
mem[X,0x0000000080000846] -> 0x00BA
[534] [M]: 0x0000000080000844 (0x00BA1A13) slli s4, s4, 0xb
x20 <- 0xFFFFFD57EFCD5000

mem[X,0x0000000080000848] -> 0x0A13
mem[X,0x000000008000084A] -> 0x7CFA
[535] [M]: 0x0000000080000848 (0x7CFA0A13) addi s4, s4, 0x7cf
x20 <- 0xFFFFFD57EFCD57CF

mem[X,0x000000008000084C] -> 0x1A13
mem[X,0x000000008000084E] -> 0x00BA
[536] [M]: 0x000000008000084C (0x00BA1A13) slli s4, s4, 0xb
x20 <- 0xFFEABF7E6ABE7800

mem[X,0x0000000080000850] -> 0x0A13
mem[X,0x0000000080000852] -> 0x5C0A
[537] [M]: 0x0000000080000850 (0x5C0A0A13) addi s4, s4, 0x5c0
x20 <- 0xFFEABF7E6ABE7DC0

mem[X,0x0000000080000854] -> 0x1A13
mem[X,0x0000000080000856] -> 0x00AA
[538] [M]: 0x0000000080000854 (0x00AA1A13) slli s4, s4, 0xa
x20 <- 0xAAFDF9AAF9F70000

mem[X,0x0000000080000858] -> 0x0A13
mem[X,0x000000008000085A] -> 0x220A
[539] [M]: 0x0000000080000858 (0x220A0A13) addi s4, s4, 0x220
x20 <- 0xAAFDF9AAF9F70220

mem[X,0x000000008000085C] -> 0x0D37
mem[X,0x000000008000085E] -> 0xFFAB
[540] [M]: 0x000000008000085C (0xFFAB0D37) lui s10, -0x550
x26 <- 0xFFFFFFFFFFAB0000

mem[X,0x0000000080000860] -> 0x0D13
mem[X,0x0000000080000862] -> 0xAF6D
[541] [M]: 0x0000000080000860 (0xAF6D0D13) addi s10, s10, -0x50a
x26 <- 0xFFFFFFFFFFAAFAF6

mem[X,0x0000000080000864] -> 0x1D13
mem[X,0x0000000080000866] -> 0x00BD
[542] [M]: 0x0000000080000864 (0x00BD1D13) slli s10, s10, 0xb
x26 <- 0xFFFFFFFD57D7B000

mem[X,0x0000000080000868] -> 0x0D13
mem[X,0x000000008000086A] -> 0x5F8D
[543] [M]: 0x0000000080000868 (0x5F8D0D13) addi s10, s10, 0x5f8
x26 <- 0xFFFFFFFD57D7B5F8

mem[X,0x000000008000086C] -> 0x1D13
mem[X,0x000000008000086E] -> 0x00BD
[544] [M]: 0x000000008000086C (0x00BD1D13) slli s10, s10, 0xb
x26 <- 0xFFFFEABEBDAFC000

mem[X,0x0000000080000870] -> 0x0D13
mem[X,0x0000000080000872] -> 0x13FD
[545] [M]: 0x0000000080000870 (0x13FD0D13) addi s10, s10, 0x13f
x26 <- 0xFFFFEABEBDAFC13F

mem[X,0x0000000080000874] -> 0x1D13
mem[X,0x0000000080000876] -> 0x00AD
[546] [M]: 0x0000000080000874 (0x00AD1D13) slli s10, s10, 0xa
x26 <- 0xFFAAFAF6BF04FC00

mem[X,0x0000000080000878] -> 0x0D13
mem[X,0x000000008000087A] -> 0x340D
[547] [M]: 0x0000000080000878 (0x340D0D13) addi s10, s10, 0x340
x26 <- 0xFFAAFAF6BF04FF40

mem[X,0x000000008000087C] -> 0x0ABB
mem[X,0x000000008000087E] -> 0xD5AA
[548] [M]: 0x000000008000087C (0xD5AA0ABB) pssub.b s5, s4, s10
x21 <- 0xAB53FFB43AF303E0

mem[X,0x0000000080000880] -> 0x3023
mem[X,0x0000000080000882] -> 0x0556
[549] [M]: 0x0000000080000880 (0x05563023) sd s5, 0x40(a2)
mem[0x00000000800041D0] <- 0xAB53FFB43AF303E0

mem[X,0x0000000080000884] -> 0x2EB7
mem[X,0x0000000080000886] -> 0x09BF
[550] [M]: 0x0000000080000884 (0x09BF2EB7) lui t4, 0x9bf2
x29 <- 0x0000000009BF2000

mem[X,0x0000000080000888] -> 0x8E93
mem[X,0x000000008000088A] -> 0x03FE
[551] [M]: 0x0000000080000888 (0x03FE8E93) addi t4, t4, 0x3f
x29 <- 0x0000000009BF203F

mem[X,0x000000008000088C] -> 0x9E93
mem[X,0x000000008000088E] -> 0x00BE
[552] [M]: 0x000000008000088C (0x00BE9E93) slli t4, t4, 0xb
x29 <- 0x0000004DF901F800

mem[X,0x0000000080000890] -> 0x8E93
mem[X,0x0000000080000892] -> 0x778E
[553] [M]: 0x0000000080000890 (0x778E8E93) addi t4, t4, 0x778
x29 <- 0x0000004DF901FF78

mem[X,0x0000000080000894] -> 0x9E93
mem[X,0x0000000080000896] -> 0x00BE
[554] [M]: 0x0000000080000894 (0x00BE9E93) slli t4, t4, 0xb
x29 <- 0x00026FC80FFBC000

mem[X,0x0000000080000898] -> 0x8E93
mem[X,0x000000008000089A] -> 0x101E
[555] [M]: 0x0000000080000898 (0x101E8E93) addi t4, t4, 0x101
x29 <- 0x00026FC80FFBC101

mem[X,0x000000008000089C] -> 0x9E93
mem[X,0x000000008000089E] -> 0x00AE
[556] [M]: 0x000000008000089C (0x00AE9E93) slli t4, t4, 0xa
x29 <- 0x09BF203FEF040400

mem[X,0x00000000800008A0] -> 0x8E93
mem[X,0x00000000800008A2] -> 0x03FE
[557] [M]: 0x00000000800008A0 (0x03FE8E93) addi t4, t4, 0x3f
x29 <- 0x09BF203FEF04043F

mem[X,0x00000000800008A4] -> 0x0237
mem[X,0x00000000800008A6] -> 0x0905
[558] [M]: 0x00000000800008A4 (0x09050237) lui tp, 0x9050
x4 <- 0x0000000009050000

mem[X,0x00000000800008A8] -> 0x0213
mem[X,0x00000000800008AA] -> 0xF102
[559] [M]: 0x00000000800008A8 (0xF1020213) addi tp, tp, -0xf0
x4 <- 0x000000000904FF10

mem[X,0x00000000800008AC] -> 0x1213
mem[X,0x00000000800008AE] -> 0x00B2
[560] [M]: 0x00000000800008AC (0x00B21213) slli tp, tp, 0xb
x4 <- 0x0000004827F88000

mem[X,0x00000000800008B0] -> 0x0213
mem[X,0x00000000800008B2] -> 0x7DF2
[561] [M]: 0x00000000800008B0 (0x7DF20213) addi tp, tp, 0x7df
x4 <- 0x0000004827F887DF

mem[X,0x00000000800008B4] -> 0x1213
mem[X,0x00000000800008B6] -> 0x00B2
[562] [M]: 0x00000000800008B4 (0x00B21213) slli tp, tp, 0xb
x4 <- 0x0002413FC43EF800

mem[X,0x00000000800008B8] -> 0x0213
mem[X,0x00000000800008BA] -> 0x6602
[563] [M]: 0x00000000800008B8 (0x66020213) addi tp, tp, 0x660
x4 <- 0x0002413FC43EFE60

mem[X,0x00000000800008BC] -> 0x1213
mem[X,0x00000000800008BE] -> 0x00A2
[564] [M]: 0x00000000800008BC (0x00A21213) slli tp, tp, 0xa
x4 <- 0x0904FF10FBF98000

mem[X,0x00000000800008C0] -> 0x0213
mem[X,0x00000000800008C2] -> 0x0FC2
[565] [M]: 0x00000000800008C0 (0x0FC20213) addi tp, tp, 0xfc
x4 <- 0x0904FF10FBF980FC

mem[X,0x00000000800008C4] -> 0x8B3B
mem[X,0x00000000800008C6] -> 0xD44E
[566] [M]: 0x00000000800008C4 (0xD44E8B3B) pssub.b s6, t4, tp
x22 <- 0x00BB212FF40B7F43

mem[X,0x00000000800008C8] -> 0x3423
mem[X,0x00000000800008CA] -> 0x0566
[567] [M]: 0x00000000800008C8 (0x05663423) sd s6, 0x48(a2)
mem[0x00000000800041D8] <- 0x00BB212FF40B7F43

mem[X,0x00000000800008CC] -> 0x0737
mem[X,0x00000000800008CE] -> 0xFF00
[568] [M]: 0x00000000800008CC (0xFF000737) lui a4, -0x1000
x14 <- 0xFFFFFFFFFF000000

mem[X,0x00000000800008D0] -> 0x0713
mem[X,0x00000000800008D2] -> 0x6047
[569] [M]: 0x00000000800008D0 (0x60470713) addi a4, a4, 0x604
x14 <- 0xFFFFFFFFFF000604

mem[X,0x00000000800008D4] -> 0x1713
mem[X,0x00000000800008D6] -> 0x00B7
[570] [M]: 0x00000000800008D4 (0x00B71713) slli a4, a4, 0xb
x14 <- 0xFFFFFFF800302000

mem[X,0x00000000800008D8] -> 0x0713
mem[X,0x00000000800008DA] -> 0x7E87
[571] [M]: 0x00000000800008D8 (0x7E870713) addi a4, a4, 0x7e8
x14 <- 0xFFFFFFF8003027E8

mem[X,0x00000000800008DC] -> 0x1713
mem[X,0x00000000800008DE] -> 0x00B7
[572] [M]: 0x00000000800008DC (0x00B71713) slli a4, a4, 0xb
x14 <- 0xFFFFC001813F4000

mem[X,0x00000000800008E0] -> 0x0713
mem[X,0x00000000800008E2] -> 0x1027
[573] [M]: 0x00000000800008E0 (0x10270713) addi a4, a4, 0x102
x14 <- 0xFFFFC001813F4102

mem[X,0x00000000800008E4] -> 0x1713
mem[X,0x00000000800008E6] -> 0x00A7
[574] [M]: 0x00000000800008E4 (0x00A71713) slli a4, a4, 0xa
x14 <- 0xFF000604FD040800

mem[X,0x00000000800008E8] -> 0x0713
mem[X,0x00000000800008EA] -> 0x0807
[575] [M]: 0x00000000800008E8 (0x08070713) addi a4, a4, 0x80
x14 <- 0xFF000604FD040880

mem[X,0x00000000800008EC] -> 0xC0B7
mem[X,0x00000000800008EE] -> 0x0500
[576] [M]: 0x00000000800008EC (0x0500C0B7) lui ra, 0x500c
x1 <- 0x000000000500C000

mem[X,0x00000000800008F0] -> 0x8093
mem[X,0x00000000800008F2] -> 0xFF80
[577] [M]: 0x00000000800008F0 (0xFF808093) addi ra, ra, -0x8
x1 <- 0x000000000500BFF8

mem[X,0x00000000800008F4] -> 0x9093
mem[X,0x00000000800008F6] -> 0x00B0
[578] [M]: 0x00000000800008F4 (0x00B09093) slli ra, ra, 0xb
x1 <- 0x0000002805FFC000

mem[X,0x00000000800008F8] -> 0x8093
mem[X,0x00000000800008FA] -> 0x7CF0
[579] [M]: 0x00000000800008F8 (0x7CF08093) addi ra, ra, 0x7cf
x1 <- 0x0000002805FFC7CF

mem[X,0x00000000800008FC] -> 0x9093
mem[X,0x00000000800008FE] -> 0x00B0
[580] [M]: 0x00000000800008FC (0x00B09093) slli ra, ra, 0xb
x1 <- 0x0001402FFE3E7800

mem[X,0x0000000080000900] -> 0x8093
mem[X,0x0000000080000902] -> 0x6800
[581] [M]: 0x0000000080000900 (0x68008093) addi ra, ra, 0x680
x1 <- 0x0001402FFE3E7E80

mem[X,0x0000000080000904] -> 0x9093
mem[X,0x0000000080000906] -> 0x00A0
[582] [M]: 0x0000000080000904 (0x00A09093) slli ra, ra, 0xa
x1 <- 0x0500BFF8F9FA0000

mem[X,0x0000000080000908] -> 0x8093
mem[X,0x000000008000090A] -> 0x0040
[583] [M]: 0x0000000080000908 (0x00408093) addi ra, ra, 0x4
x1 <- 0x0500BFF8F9FA0004

mem[X,0x000000008000090C] -> 0x0D3B
mem[X,0x000000008000090E] -> 0xD417
[584] [M]: 0x000000008000090C (0xD4170D3B) pssub.b s10, a4, ra
x26 <- 0xFA00470C040A0880

mem[X,0x0000000080000910] -> 0x3823
mem[X,0x0000000080000912] -> 0x05A6
[585] [M]: 0x0000000080000910 (0x05A63823) sd s10, 0x50(a2)
mem[0x00000000800041E0] <- 0xFA00470C040A0880

mem[X,0x0000000080000914] -> 0xEBB7
mem[X,0x0000000080000916] -> 0xFE20
[586] [M]: 0x0000000080000914 (0xFE20EBB7) lui s7, -0x1df2
x23 <- 0xFFFFFFFFFE20E000

mem[X,0x0000000080000918] -> 0x8B93
mem[X,0x000000008000091A] -> 0xF07B
[587] [M]: 0x0000000080000918 (0xF07B8B93) addi s7, s7, -0xf9
x23 <- 0xFFFFFFFFFE20DF07

mem[X,0x000000008000091C] -> 0x9B93
mem[X,0x000000008000091E] -> 0x00BB
[588] [M]: 0x000000008000091C (0x00BB9B93) slli s7, s7, 0xb
x23 <- 0xFFFFFFF106F83800

mem[X,0x0000000080000920] -> 0x8B93
mem[X,0x0000000080000922] -> 0x7B3B
[589] [M]: 0x0000000080000920 (0x7B3B8B93) addi s7, s7, 0x7b3
x23 <- 0xFFFFFFF106F83FB3

mem[X,0x0000000080000924] -> 0x9B93
mem[X,0x0000000080000926] -> 0x00BB
[590] [M]: 0x0000000080000924 (0x00BB9B93) slli s7, s7, 0xb
x23 <- 0xFFFF8837C1FD9800

mem[X,0x0000000080000928] -> 0x8B93
mem[X,0x000000008000092A] -> 0x7C8B
[591] [M]: 0x0000000080000928 (0x7C8B8B93) addi s7, s7, 0x7c8
x23 <- 0xFFFF8837C1FD9FC8

mem[X,0x000000008000092C] -> 0x9B93
mem[X,0x000000008000092E] -> 0x00AB
[592] [M]: 0x000000008000092C (0x00AB9B93) slli s7, s7, 0xa
x23 <- 0xFE20DF07F67F2000

mem[X,0x0000000080000930] -> 0x8B93
mem[X,0x0000000080000932] -> 0x009B
[593] [M]: 0x0000000080000930 (0x009B8B93) addi s7, s7, 0x9
x23 <- 0xFE20DF07F67F2009

mem[X,0x0000000080000934] -> 0xEEB7
mem[X,0x0000000080000936] -> 0x0405
[594] [M]: 0x0000000080000934 (0x0405EEB7) lui t4, 0x405e
x29 <- 0x000000000405E000

mem[X,0x0000000080000938] -> 0x8E93
mem[X,0x000000008000093A] -> 0xFC0E
[595] [M]: 0x0000000080000938 (0xFC0E8E93) addi t4, t4, -0x40
x29 <- 0x000000000405DFC0

mem[X,0x000000008000093C] -> 0x9E93
mem[X,0x000000008000093E] -> 0x00BE
[596] [M]: 0x000000008000093C (0x00BE9E93) slli t4, t4, 0xb
x29 <- 0x000000202EFE0000

mem[X,0x0000000080000940] -> 0x8E93
mem[X,0x0000000080000942] -> 0x7EFE
[597] [M]: 0x0000000080000940 (0x7EFE8E93) addi t4, t4, 0x7ef
x29 <- 0x000000202EFE07EF

mem[X,0x0000000080000944] -> 0x9E93
mem[X,0x0000000080000946] -> 0x00BE
[598] [M]: 0x0000000080000944 (0x00BE9E93) slli t4, t4, 0xb
x29 <- 0x00010177F03F7800

mem[X,0x0000000080000948] -> 0x8E93
mem[X,0x000000008000094A] -> 0x682E
[599] [M]: 0x0000000080000948 (0x682E8E93) addi t4, t4, 0x682
x29 <- 0x00010177F03F7E82

clint::tick mtime <- 0x0000000000000006
 clint timer pending at mtime 0x0000000000000006
htif::tick 0x0000000000000000
mem[X,0x000000008000094C] -> 0x9E93
mem[X,0x000000008000094E] -> 0x00AE
[600] [M]: 0x000000008000094C (0x00AE9E93) slli t4, t4, 0xa
x29 <- 0x0405DFC0FDFA0800

mem[X,0x0000000080000950] -> 0x8E93
mem[X,0x0000000080000952] -> 0x0FAE
[601] [M]: 0x0000000080000950 (0x0FAE8E93) addi t4, t4, 0xfa
x29 <- 0x0405DFC0FDFA08FA

mem[X,0x0000000080000954] -> 0x85BB
mem[X,0x0000000080000956] -> 0xD5DB
[602] [M]: 0x0000000080000954 (0xD5DB85BB) pssub.b a1, s7, t4
x11 <- 0xFA1B0047F97F180F

mem[X,0x0000000080000958] -> 0x3C23
mem[X,0x000000008000095A] -> 0x04B6
[603] [M]: 0x0000000080000958 (0x04B63C23) sd a1, 0x58(a2)
mem[0x00000000800041E8] <- 0xFA1B0047F97F180F

mem[X,0x000000008000095C] -> 0x0837
mem[X,0x000000008000095E] -> 0x02FF
[604] [M]: 0x000000008000095C (0x02FF0837) lui a6, 0x2ff0
x16 <- 0x0000000002FF0000

mem[X,0x0000000080000960] -> 0x0813
mem[X,0x0000000080000962] -> 0xEF68
[605] [M]: 0x0000000080000960 (0xEF680813) addi a6, a6, -0x10a
x16 <- 0x0000000002FEFEF6

mem[X,0x0000000080000964] -> 0x1813
mem[X,0x0000000080000966] -> 0x00B8
[606] [M]: 0x0000000080000964 (0x00B81813) slli a6, a6, 0xb
x16 <- 0x00000017F7F7B000

mem[X,0x0000000080000968] -> 0x0813
mem[X,0x000000008000096A] -> 0x7B08
[607] [M]: 0x0000000080000968 (0x7B080813) addi a6, a6, 0x7b0
x16 <- 0x00000017F7F7B7B0

mem[X,0x000000008000096C] -> 0x1813
mem[X,0x000000008000096E] -> 0x00B8
[608] [M]: 0x000000008000096C (0x00B81813) slli a6, a6, 0xb
x16 <- 0x0000BFBFBDBD8000

mem[X,0x0000000080000970] -> 0x0813
mem[X,0x0000000080000972] -> 0x03E8
[609] [M]: 0x0000000080000970 (0x03E80813) addi a6, a6, 0x3e
x16 <- 0x0000BFBFBDBD803E

mem[X,0x0000000080000974] -> 0x1813
mem[X,0x0000000080000976] -> 0x00A8
[610] [M]: 0x0000000080000974 (0x00A81813) slli a6, a6, 0xa
x16 <- 0x02FEFEF6F600F800

mem[X,0x0000000080000978] -> 0x0813
mem[X,0x000000008000097A] -> 0x3FB8
[611] [M]: 0x0000000080000978 (0x3FB80813) addi a6, a6, 0x3fb
x16 <- 0x02FEFEF6F600FBFB

mem[X,0x000000008000097C] -> 0x0137
mem[X,0x000000008000097E] -> 0x0304
[612] [M]: 0x000000008000097C (0x03040137) lui sp, 0x3040
x2 <- 0x0000000003040000

mem[X,0x0000000080000980] -> 0x0113
mem[X,0x0000000080000982] -> 0x6551
[613] [M]: 0x0000000080000980 (0x65510113) addi sp, sp, 0x655
x2 <- 0x0000000003040655

mem[X,0x0000000080000984] -> 0x1113
mem[X,0x0000000080000986] -> 0x00B1
[614] [M]: 0x0000000080000984 (0x00B11113) slli sp, sp, 0xb
x2 <- 0x000000182032A800

mem[X,0x0000000080000988] -> 0x0113
mem[X,0x000000008000098A] -> 0x0261
[615] [M]: 0x0000000080000988 (0x02610113) addi sp, sp, 0x26
x2 <- 0x000000182032A826

mem[X,0x000000008000098C] -> 0x1113
mem[X,0x000000008000098E] -> 0x00B1
[616] [M]: 0x000000008000098C (0x00B11113) slli sp, sp, 0xb
x2 <- 0x0000C10195413000

mem[X,0x0000000080000990] -> 0x0113
mem[X,0x0000000080000992] -> 0x0301
[617] [M]: 0x0000000080000990 (0x03010113) addi sp, sp, 0x30
x2 <- 0x0000C10195413030

mem[X,0x0000000080000994] -> 0x1113
mem[X,0x0000000080000996] -> 0x00A1
[618] [M]: 0x0000000080000994 (0x00A11113) slli sp, sp, 0xa
x2 <- 0x0304065504C0C000

mem[X,0x0000000080000998] -> 0x0113
mem[X,0x000000008000099A] -> 0x0091
[619] [M]: 0x0000000080000998 (0x00910113) addi sp, sp, 0x9
x2 <- 0x0304065504C0C009

mem[X,0x000000008000099C] -> 0x0BBB
mem[X,0x000000008000099E] -> 0xD428
[620] [M]: 0x000000008000099C (0xD4280BBB) pssub.b s7, a6, sp
x23 <- 0xFFFAF8A1F2403BF2

mem[X,0x00000000800009A0] -> 0x3023
mem[X,0x00000000800009A2] -> 0x0776
[621] [M]: 0x00000000800009A0 (0x07763023) sd s7, 0x60(a2)
mem[0x00000000800041F0] <- 0xFFFAF8A1F2403BF2

mem[X,0x00000000800009A4] -> 0xB1B7
mem[X,0x00000000800009A6] -> 0xAA09
[622] [M]: 0x00000000800009A4 (0xAA09B1B7) lui gp, -0x55f65
x3 <- 0xFFFFFFFFAA09B000

mem[X,0x00000000800009A8] -> 0x8193
mem[X,0x00000000800009AA] -> 0xAAA1
[623] [M]: 0x00000000800009A8 (0xAAA18193) addi gp, gp, -0x556
x3 <- 0xFFFFFFFFAA09AAAA

mem[X,0x00000000800009AC] -> 0x9193
mem[X,0x00000000800009AE] -> 0x00B1
[624] [M]: 0x00000000800009AC (0x00B19193) slli gp, gp, 0xb
x3 <- 0xFFFFFD504D555000

mem[X,0x00000000800009B0] -> 0x8193
mem[X,0x00000000800009B2] -> 0x3FE1
[625] [M]: 0x00000000800009B0 (0x3FE18193) addi gp, gp, 0x3fe
x3 <- 0xFFFFFD504D5553FE

mem[X,0x00000000800009B4] -> 0x9193
mem[X,0x00000000800009B6] -> 0x00B1
[626] [M]: 0x00000000800009B4 (0x00B19193) slli gp, gp, 0xb
x3 <- 0xFFEA826AAA9FF000

mem[X,0x00000000800009B8] -> 0x8193
mem[X,0x00000000800009BA] -> 0x7FE1
[627] [M]: 0x00000000800009B8 (0x7FE18193) addi gp, gp, 0x7fe
x3 <- 0xFFEA826AAA9FF7FE

mem[X,0x00000000800009BC] -> 0x9193
mem[X,0x00000000800009BE] -> 0x00A1
[628] [M]: 0x00000000800009BC (0x00A19193) slli gp, gp, 0xa
x3 <- 0xAA09AAAA7FDFF800

mem[X,0x00000000800009C0] -> 0x8193
mem[X,0x00000000800009C2] -> 0x2FE1
[629] [M]: 0x00000000800009C0 (0x2FE18193) addi gp, gp, 0x2fe
x3 <- 0xAA09AAAA7FDFFAFE

mem[X,0x00000000800009C4] -> 0x03B7
mem[X,0x00000000800009C6] -> 0xBF06
[630] [M]: 0x00000000800009C4 (0xBF0603B7) lui t2, -0x40fa0
x7 <- 0xFFFFFFFFBF060000

mem[X,0x00000000800009C8] -> 0x8393
mem[X,0x00000000800009CA] -> 0x5AA3
[631] [M]: 0x00000000800009C8 (0x5AA38393) addi t2, t2, 0x5aa
x7 <- 0xFFFFFFFFBF0605AA

mem[X,0x00000000800009CC] -> 0x9393
mem[X,0x00000000800009CE] -> 0x00B3
[632] [M]: 0x00000000800009CC (0x00B39393) slli t2, t2, 0xb
x7 <- 0xFFFFFDF8302D5000

mem[X,0x00000000800009D0] -> 0x8393
mem[X,0x00000000800009D2] -> 0x01A3
[633] [M]: 0x00000000800009D0 (0x01A38393) addi t2, t2, 0x1a
x7 <- 0xFFFFFDF8302D501A

mem[X,0x00000000800009D4] -> 0x9393
mem[X,0x00000000800009D6] -> 0x00B3
[634] [M]: 0x00000000800009D4 (0x00B39393) slli t2, t2, 0xb
x7 <- 0xFFEFC1816A80D000

mem[X,0x00000000800009D8] -> 0x8393
mem[X,0x00000000800009DA] -> 0x5413
[635] [M]: 0x00000000800009D8 (0x54138393) addi t2, t2, 0x541
x7 <- 0xFFEFC1816A80D541

mem[X,0x00000000800009DC] -> 0x9393
mem[X,0x00000000800009DE] -> 0x00A3
[636] [M]: 0x00000000800009DC (0x00A39393) slli t2, t2, 0xa
x7 <- 0xBF0605AA03550400

mem[X,0x00000000800009E0] -> 0x8393
mem[X,0x00000000800009E2] -> 0x0FB3
[637] [M]: 0x00000000800009E0 (0x0FB38393) addi t2, t2, 0xfb
x7 <- 0xBF0605AA035504FB

mem[X,0x00000000800009E4] -> 0x823B
mem[X,0x00000000800009E6] -> 0xD471
[638] [M]: 0x00000000800009E4 (0xD471823B) pssub.b tp, gp, t2
x4 <- 0xEB03A5007C8AF603

mem[X,0x00000000800009E8] -> 0x3423
mem[X,0x00000000800009EA] -> 0x0646
[639] [M]: 0x00000000800009E8 (0x06463423) sd tp, 0x68(a2)
mem[0x00000000800041F8] <- 0xEB03A5007C8AF603

mem[X,0x00000000800009EC] -> 0x40B7
mem[X,0x00000000800009EE] -> 0x40AA
[640] [M]: 0x00000000800009EC (0x40AA40B7) lui ra, 0x40aa4
x1 <- 0x0000000040AA4000

mem[X,0x00000000800009F0] -> 0x8093
mem[X,0x00000000800009F2] -> 0x0F80
[641] [M]: 0x00000000800009F0 (0x0F808093) addi ra, ra, 0xf8
x1 <- 0x0000000040AA40F8

mem[X,0x00000000800009F4] -> 0x9093
mem[X,0x00000000800009F6] -> 0x00B0
[642] [M]: 0x00000000800009F4 (0x00B09093) slli ra, ra, 0xb
x1 <- 0x000002055207C000

mem[X,0x00000000800009F8] -> 0x8093
mem[X,0x00000000800009FA] -> 0x2AF0
[643] [M]: 0x00000000800009F8 (0x2AF08093) addi ra, ra, 0x2af
x1 <- 0x000002055207C2AF

mem[X,0x00000000800009FC] -> 0x9093
mem[X,0x00000000800009FE] -> 0x00B0
[644] [M]: 0x00000000800009FC (0x00B09093) slli ra, ra, 0xb
x1 <- 0x00102A903E157800

mem[X,0x0000000080000A00] -> 0x8093
mem[X,0x0000000080000A02] -> 0x6B00
[645] [M]: 0x0000000080000A00 (0x6B008093) addi ra, ra, 0x6b0
x1 <- 0x00102A903E157EB0

mem[X,0x0000000080000A04] -> 0x9093
mem[X,0x0000000080000A06] -> 0x00A0
[646] [M]: 0x0000000080000A04 (0x00A09093) slli ra, ra, 0xa
x1 <- 0x40AA40F855FAC000

mem[X,0x0000000080000A08] -> 0x8093
mem[X,0x0000000080000A0A] -> 0x0FD0
[647] [M]: 0x0000000080000A08 (0x0FD08093) addi ra, ra, 0xfd
x1 <- 0x40AA40F855FAC0FD

mem[X,0x0000000080000A0C] -> 0x8437
mem[X,0x0000000080000A0E] -> 0x0201
[648] [M]: 0x0000000080000A0C (0x02018437) lui fp, 0x2018
x8 <- 0x0000000002018000

mem[X,0x0000000080000A10] -> 0x0413
mem[X,0x0000000080000A12] -> 0x03F4
[649] [M]: 0x0000000080000A10 (0x03F40413) addi fp, fp, 0x3f
x8 <- 0x000000000201803F

mem[X,0x0000000080000A14] -> 0x1413
mem[X,0x0000000080000A16] -> 0x00B4
[650] [M]: 0x0000000080000A14 (0x00B41413) slli fp, fp, 0xb
x8 <- 0x000000100C01F800

mem[X,0x0000000080000A18] -> 0x0413
mem[X,0x0000000080000A1A] -> 0x0494
[651] [M]: 0x0000000080000A18 (0x04940413) addi fp, fp, 0x49
x8 <- 0x000000100C01F849

mem[X,0x0000000080000A1C] -> 0x1413
mem[X,0x0000000080000A1E] -> 0x00B4
[652] [M]: 0x0000000080000A1C (0x00B41413) slli fp, fp, 0xb
x8 <- 0x000080600FC24800

mem[X,0x0000000080000A20] -> 0x0413
mem[X,0x0000000080000A22] -> 0x0374
[653] [M]: 0x0000000080000A20 (0x03740413) addi fp, fp, 0x37
x8 <- 0x000080600FC24837

mem[X,0x0000000080000A24] -> 0x1413
mem[X,0x0000000080000A26] -> 0x00A4
[654] [M]: 0x0000000080000A24 (0x00A41413) slli fp, fp, 0xa
x8 <- 0x0201803F0920DC00

mem[X,0x0000000080000A28] -> 0x0413
mem[X,0x0000000080000A2A] -> 0x33F4
[655] [M]: 0x0000000080000A28 (0x33F40413) addi fp, fp, 0x33f
x8 <- 0x0201803F0920DF3F

mem[X,0x0000000080000A2C] -> 0x87BB
mem[X,0x0000000080000A2E] -> 0xD480
[656] [M]: 0x0000000080000A2C (0xD48087BB) pssub.b a5, ra, fp
x15 <- 0x3EA97FB94CDAE1BE

mem[X,0x0000000080000A30] -> 0x3823
mem[X,0x0000000080000A32] -> 0x06F6
[657] [M]: 0x0000000080000A30 (0x06F63823) sd a5, 0x70(a2)
mem[0x0000000080004200] <- 0x3EA97FB94CDAE1BE

mem[X,0x0000000080000A34] -> 0x0013
mem[X,0x0000000080000A36] -> 0x0000
[658] [M]: 0x0000000080000A34 (0x00000013) addi zero, zero, 0x0

mem[X,0x0000000080000A38] -> 0x0013
mem[X,0x0000000080000A3A] -> 0x0000
[659] [M]: 0x0000000080000A38 (0x00000013) addi zero, zero, 0x0

mem[X,0x0000000080000A3C] -> 0x0013
mem[X,0x0000000080000A3E] -> 0x0000
[660] [M]: 0x0000000080000A3C (0x00000013) addi zero, zero, 0x0

mem[X,0x0000000080000A40] -> 0x3097
mem[X,0x0000000080000A42] -> 0x0000
[661] [M]: 0x0000000080000A40 (0x00003097) auipc ra, 0x3
x1 <- 0x0000000080003A40

mem[X,0x0000000080000A44] -> 0x8093
mem[X,0x0000000080000A46] -> 0x7C80
[662] [M]: 0x0000000080000A44 (0x7C808093) addi ra, ra, 0x7c8
x1 <- 0x0000000080004208

mem[X,0x0000000080000A48] -> 0x0013
mem[X,0x0000000080000A4A] -> 0x0000
[663] [M]: 0x0000000080000A48 (0x00000013) addi zero, zero, 0x0

mem[X,0x0000000080000A4C] -> 0x0013
mem[X,0x0000000080000A4E] -> 0x0000
[664] [M]: 0x0000000080000A4C (0x00000013) addi zero, zero, 0x0

mem[X,0x0000000080000A50] -> 0x0013
mem[X,0x0000000080000A52] -> 0x0000
[665] [M]: 0x0000000080000A50 (0x00000013) addi zero, zero, 0x0

mem[X,0x0000000080000A54] -> 0x0013
mem[X,0x0000000080000A56] -> 0x0000
[666] [M]: 0x0000000080000A54 (0x00000013) addi zero, zero, 0x0

mem[X,0x0000000080000A58] -> 0x0013
mem[X,0x0000000080000A5A] -> 0x0000
[667] [M]: 0x0000000080000A58 (0x00000013) addi zero, zero, 0x0

mem[X,0x0000000080000A5C] -> 0x0013
mem[X,0x0000000080000A5E] -> 0x0000
[668] [M]: 0x0000000080000A5C (0x00000013) addi zero, zero, 0x0

mem[X,0x0000000080000A60] -> 0xF9B7
mem[X,0x0000000080000A62] -> 0x3F07
[669] [M]: 0x0000000080000A60 (0x3F07F9B7) lui s3, 0x3f07f
x19 <- 0x000000003F07F000

mem[X,0x0000000080000A64] -> 0x8993
mem[X,0x0000000080000A66] -> 0x6FE9
[670] [M]: 0x0000000080000A64 (0x6FE98993) addi s3, s3, 0x6fe
x19 <- 0x000000003F07F6FE

mem[X,0x0000000080000A68] -> 0x9993
mem[X,0x0000000080000A6A] -> 0x00B9
[671] [M]: 0x0000000080000A68 (0x00B99993) slli s3, s3, 0xb
x19 <- 0x000001F83FB7F000

mem[X,0x0000000080000A6C] -> 0x8993
mem[X,0x0000000080000A6E] -> 0x4079
[672] [M]: 0x0000000080000A6C (0x40798993) addi s3, s3, 0x407
x19 <- 0x000001F83FB7F407

mem[X,0x0000000080000A70] -> 0x9993
mem[X,0x0000000080000A72] -> 0x00B9
[673] [M]: 0x0000000080000A70 (0x00B99993) slli s3, s3, 0xb
x19 <- 0x000FC1FDBFA03800

mem[X,0x0000000080000A74] -> 0x8993
mem[X,0x0000000080000A76] -> 0x6409
[674] [M]: 0x0000000080000A74 (0x64098993) addi s3, s3, 0x640
x19 <- 0x000FC1FDBFA03E40

mem[X,0x0000000080000A78] -> 0x9993
mem[X,0x0000000080000A7A] -> 0x00A9
[675] [M]: 0x0000000080000A78 (0x00A99993) slli s3, s3, 0xa
x19 <- 0x3F07F6FE80F90000

mem[X,0x0000000080000A7C] -> 0x8993
mem[X,0x0000000080000A7E] -> 0x2F69
[676] [M]: 0x0000000080000A7C (0x2F698993) addi s3, s3, 0x2f6
x19 <- 0x3F07F6FE80F902F6

mem[X,0x0000000080000A80] -> 0x0537
mem[X,0x0000000080000A82] -> 0xBF08
[677] [M]: 0x0000000080000A80 (0xBF080537) lui a0, -0x40f80
x10 <- 0xFFFFFFFFBF080000

mem[X,0x0000000080000A84] -> 0x0513
mem[X,0x0000000080000A86] -> 0x0015
[678] [M]: 0x0000000080000A84 (0x00150513) addi a0, a0, 0x1
x10 <- 0xFFFFFFFFBF080001

mem[X,0x0000000080000A88] -> 0x1513
mem[X,0x0000000080000A8A] -> 0x00B5
[679] [M]: 0x0000000080000A88 (0x00B51513) slli a0, a0, 0xb
x10 <- 0xFFFFFDF840000800

mem[X,0x0000000080000A8C] -> 0x0513
mem[X,0x0000000080000A8E] -> 0x5505
[680] [M]: 0x0000000080000A8C (0x55050513) addi a0, a0, 0x550
x10 <- 0xFFFFFDF840000D50

mem[X,0x0000000080000A90] -> 0x1513
mem[X,0x0000000080000A92] -> 0x00B5
[681] [M]: 0x0000000080000A90 (0x00B51513) slli a0, a0, 0xb
x10 <- 0xFFEFC200006A8000

mem[X,0x0000000080000A94] -> 0x0513
mem[X,0x0000000080000A96] -> 0x2005
[682] [M]: 0x0000000080000A94 (0x20050513) addi a0, a0, 0x200
x10 <- 0xFFEFC200006A8200

mem[X,0x0000000080000A98] -> 0x1513
mem[X,0x0000000080000A9A] -> 0x00A5
[683] [M]: 0x0000000080000A98 (0x00A51513) slli a0, a0, 0xa
x10 <- 0xBF080001AA080000

mem[X,0x0000000080000A9C] -> 0x0513
mem[X,0x0000000080000A9E] -> 0x0065
[684] [M]: 0x0000000080000A9C (0x00650513) addi a0, a0, 0x6
x10 <- 0xBF080001AA080006

mem[X,0x0000000080000AA0] -> 0x873B
mem[X,0x0000000080000AA2] -> 0xD4A9
[685] [M]: 0x0000000080000AA0 (0xD4A9873B) pssub.b a4, s3, a0
x14 <- 0x7FFFF6FDD6F102F0

mem[X,0x0000000080000AA4] -> 0xB023
mem[X,0x0000000080000AA6] -> 0x00E0
[686] [M]: 0x0000000080000AA4 (0x00E0B023) sd a4, 0x0(ra)
mem[0x0000000080004208] <- 0x7FFFF6FDD6F102F0

mem[X,0x0000000080000AA8] -> 0x03B7
mem[X,0x0000000080000AAA] -> 0xF9FC
[687] [M]: 0x0000000080000AA8 (0xF9FC03B7) lui t2, -0x6040
x7 <- 0xFFFFFFFFF9FC0000

mem[X,0x0000000080000AAC] -> 0x8393
mem[X,0x0000000080000AAE] -> 0x6553
[688] [M]: 0x0000000080000AAC (0x65538393) addi t2, t2, 0x655
x7 <- 0xFFFFFFFFF9FC0655

mem[X,0x0000000080000AB0] -> 0x9393
mem[X,0x0000000080000AB2] -> 0x00B3
[689] [M]: 0x0000000080000AB0 (0x00B39393) slli t2, t2, 0xb
x7 <- 0xFFFFFFCFE032A800

mem[X,0x0000000080000AB4] -> 0x8393
mem[X,0x0000000080000AB6] -> 0x2AF3
[690] [M]: 0x0000000080000AB4 (0x2AF38393) addi t2, t2, 0x2af
x7 <- 0xFFFFFFCFE032AAAF

mem[X,0x0000000080000AB8] -> 0x9393
mem[X,0x0000000080000ABA] -> 0x00B3
[691] [M]: 0x0000000080000AB8 (0x00B39393) slli t2, t2, 0xb
x7 <- 0xFFFE7F0195557800

mem[X,0x0000000080000ABC] -> 0x8393
mem[X,0x0000000080000ABE] -> 0x7FF3
[692] [M]: 0x0000000080000ABC (0x7FF38393) addi t2, t2, 0x7ff
x7 <- 0xFFFE7F0195557FFF

mem[X,0x0000000080000AC0] -> 0x9393
mem[X,0x0000000080000AC2] -> 0x00A3
[693] [M]: 0x0000000080000AC0 (0x00A39393) slli t2, t2, 0xa
x7 <- 0xF9FC065555FFFC00

mem[X,0x0000000080000AC4] -> 0x8393
mem[X,0x0000000080000AC6] -> 0x1403
[694] [M]: 0x0000000080000AC4 (0x14038393) addi t2, t2, 0x140
x7 <- 0xF9FC065555FFFD40

mem[X,0x0000000080000AC8] -> 0x8E37
mem[X,0x0000000080000ACA] -> 0xFC07
[695] [M]: 0x0000000080000AC8 (0xFC078E37) lui t3, -0x3f88
x28 <- 0xFFFFFFFFFC078000

mem[X,0x0000000080000ACC] -> 0x0E13
mem[X,0x0000000080000ACE] -> 0xF7FE
[696] [M]: 0x0000000080000ACC (0xF7FE0E13) addi t3, t3, -0x81
x28 <- 0xFFFFFFFFFC077F7F

mem[X,0x0000000080000AD0] -> 0x1E13
mem[X,0x0000000080000AD2] -> 0x00BE
[697] [M]: 0x0000000080000AD0 (0x00BE1E13) slli t3, t3, 0xb
x28 <- 0xFFFFFFE03BFBF800

mem[X,0x0000000080000AD4] -> 0x0E13
mem[X,0x0000000080000AD6] -> 0x029E
[698] [M]: 0x0000000080000AD4 (0x029E0E13) addi t3, t3, 0x29
x28 <- 0xFFFFFFE03BFBF829

mem[X,0x0000000080000AD8] -> 0x1E13
mem[X,0x0000000080000ADA] -> 0x00BE
[699] [M]: 0x0000000080000AD8 (0x00BE1E13) slli t3, t3, 0xb
x28 <- 0xFFFF01DFDFC14800

clint::tick mtime <- 0x0000000000000007
 clint timer pending at mtime 0x0000000000000007
htif::tick 0x0000000000000000
mem[X,0x0000000080000ADC] -> 0x0E13
mem[X,0x0000000080000ADE] -> 0x7FEE
[700] [M]: 0x0000000080000ADC (0x7FEE0E13) addi t3, t3, 0x7fe
x28 <- 0xFFFF01DFDFC14FFE

mem[X,0x0000000080000AE0] -> 0x1E13
mem[X,0x0000000080000AE2] -> 0x00AE
[701] [M]: 0x0000000080000AE0 (0x00AE1E13) slli t3, t3, 0xa
x28 <- 0xFC077F7F053FF800

mem[X,0x0000000080000AE4] -> 0x0E13
mem[X,0x0000000080000AE6] -> 0x1EFE
[702] [M]: 0x0000000080000AE4 (0x1EFE0E13) addi t3, t3, 0x1ef
x28 <- 0xFC077F7F053FF9EF

mem[X,0x0000000080000AE8] -> 0x8F3B
mem[X,0x0000000080000AEA] -> 0xD5C3
[703] [M]: 0x0000000080000AE8 (0xD5C38F3B) pssub.b t5, t2, t3
x30 <- 0xFDF587D650C00451

mem[X,0x0000000080000AEC] -> 0xB423
mem[X,0x0000000080000AEE] -> 0x01E0
[704] [M]: 0x0000000080000AEC (0x01E0B423) sd t5, 0x8(ra)
mem[0x0000000080004210] <- 0xFDF587D650C00451

mem[X,0x0000000080000AF0] -> 0xEF37
mem[X,0x0000000080000AF2] -> 0xFCF6
[705] [M]: 0x0000000080000AF0 (0xFCF6EF37) lui t5, -0x3092
x30 <- 0xFFFFFFFFFCF6E000

mem[X,0x0000000080000AF4] -> 0x0F13
mem[X,0x0000000080000AF6] -> 0xF80F
[706] [M]: 0x0000000080000AF4 (0xF80F0F13) addi t5, t5, -0x80
x30 <- 0xFFFFFFFFFCF6DF80

mem[X,0x0000000080000AF8] -> 0x1F13
mem[X,0x0000000080000AFA] -> 0x00BF
[707] [M]: 0x0000000080000AF8 (0x00BF1F13) slli t5, t5, 0xb
x30 <- 0xFFFFFFE7B6FC0000

mem[X,0x0000000080000AFC] -> 0x0F13
mem[X,0x0000000080000AFE] -> 0x028F
[708] [M]: 0x0000000080000AFC (0x028F0F13) addi t5, t5, 0x28
x30 <- 0xFFFFFFE7B6FC0028

mem[X,0x0000000080000B00] -> 0x1F13
mem[X,0x0000000080000B02] -> 0x00BF
[709] [M]: 0x0000000080000B00 (0x00BF1F13) slli t5, t5, 0xb
x30 <- 0xFFFF3DB7E0014000

mem[X,0x0000000080000B04] -> 0x0F13
mem[X,0x0000000080000B06] -> 0x140F
[710] [M]: 0x0000000080000B04 (0x140F0F13) addi t5, t5, 0x140
x30 <- 0xFFFF3DB7E0014140

mem[X,0x0000000080000B08] -> 0x1F13
mem[X,0x0000000080000B0A] -> 0x00AF
[711] [M]: 0x0000000080000B08 (0x00AF1F13) slli t5, t5, 0xa
x30 <- 0xFCF6DF8005050000

mem[X,0x0000000080000B0C] -> 0x0EB7
mem[X,0x0000000080000B0E] -> 0xF8FD
[712] [M]: 0x0000000080000B0C (0xF8FD0EB7) lui t4, -0x7030
x29 <- 0xFFFFFFFFF8FD0000

mem[X,0x0000000080000B10] -> 0x8E93
mem[X,0x0000000080000B12] -> 0x401E
[713] [M]: 0x0000000080000B10 (0x401E8E93) addi t4, t4, 0x401
x29 <- 0xFFFFFFFFF8FD0401

mem[X,0x0000000080000B14] -> 0x9E93
mem[X,0x0000000080000B16] -> 0x00BE
[714] [M]: 0x0000000080000B14 (0x00BE9E93) slli t4, t4, 0xb
x29 <- 0xFFFFFFC7E8200800

mem[X,0x0000000080000B18] -> 0x8E93
mem[X,0x0000000080000B1A] -> 0x7FFE
[715] [M]: 0x0000000080000B18 (0x7FFE8E93) addi t4, t4, 0x7ff
x29 <- 0xFFFFFFC7E8200FFF

mem[X,0x0000000080000B1C] -> 0x9E93
mem[X,0x0000000080000B1E] -> 0x00BE
[716] [M]: 0x0000000080000B1C (0x00BE9E93) slli t4, t4, 0xb
x29 <- 0xFFFE3F41007FF800

mem[X,0x0000000080000B20] -> 0x8E93
mem[X,0x0000000080000B22] -> 0x73EE
[717] [M]: 0x0000000080000B20 (0x73EE8E93) addi t4, t4, 0x73e
x29 <- 0xFFFE3F41007FFF3E

mem[X,0x0000000080000B24] -> 0x9E93
mem[X,0x0000000080000B26] -> 0x00AE
[718] [M]: 0x0000000080000B24 (0x00AE9E93) slli t4, t4, 0xa
x29 <- 0xF8FD0401FFFCF800

mem[X,0x0000000080000B28] -> 0x8E93
mem[X,0x0000000080000B2A] -> 0x1FAE
[719] [M]: 0x0000000080000B28 (0x1FAE8E93) addi t4, t4, 0x1fa
x29 <- 0xF8FD0401FFFCF9FA

mem[X,0x0000000080000B2C] -> 0x0FBB
mem[X,0x0000000080000B2E] -> 0xD5DF
[720] [M]: 0x0000000080000B2C (0xD5DF0FBB) pssub.b t6, t5, t4
x31 <- 0x04F9DB8006090706

mem[X,0x0000000080000B30] -> 0xB823
mem[X,0x0000000080000B32] -> 0x01F0
[721] [M]: 0x0000000080000B30 (0x01F0B823) sd t6, 0x10(ra)
mem[0x0000000080004218] <- 0x04F9DB8006090706

mem[X,0x0000000080000B34] -> 0x0F37
mem[X,0x0000000080000B36] -> 0x08DF
[722] [M]: 0x0000000080000B34 (0x08DF0F37) lui t5, 0x8df0
x30 <- 0x0000000008DF0000

mem[X,0x0000000080000B38] -> 0x0F13
mem[X,0x0000000080000B3A] -> 0x1EFF
[723] [M]: 0x0000000080000B38 (0x1EFF0F13) addi t5, t5, 0x1ef
x30 <- 0x0000000008DF01EF

mem[X,0x0000000080000B3C] -> 0x1F13
mem[X,0x0000000080000B3E] -> 0x00BF
[724] [M]: 0x0000000080000B3C (0x00BF1F13) slli t5, t5, 0xb
x30 <- 0x00000046F80F7800

mem[X,0x0000000080000B40] -> 0x0F13
mem[X,0x0000000080000B42] -> 0x557F
[725] [M]: 0x0000000080000B40 (0x557F0F13) addi t5, t5, 0x557
x30 <- 0x00000046F80F7D57

mem[X,0x0000000080000B44] -> 0x1F13
mem[X,0x0000000080000B46] -> 0x00BF
[726] [M]: 0x0000000080000B44 (0x00BF1F13) slli t5, t5, 0xb
x30 <- 0x000237C07BEAB800

mem[X,0x0000000080000B48] -> 0x0F13
mem[X,0x0000000080000B4A] -> 0x7A0F
[727] [M]: 0x0000000080000B48 (0x7A0F0F13) addi t5, t5, 0x7a0
x30 <- 0x000237C07BEABFA0

mem[X,0x0000000080000B4C] -> 0x1F13
mem[X,0x0000000080000B4E] -> 0x00AF
[728] [M]: 0x0000000080000B4C (0x00AF1F13) slli t5, t5, 0xa
x30 <- 0x08DF01EFAAFE8000

mem[X,0x0000000080000B50] -> 0x0F13
mem[X,0x0000000080000B52] -> 0x0FEF
[729] [M]: 0x0000000080000B50 (0x0FEF0F13) addi t5, t5, 0xfe
x30 <- 0x08DF01EFAAFE80FE

mem[X,0x0000000080000B54] -> 0x1EB7
mem[X,0x0000000080000B56] -> 0xFCFE
[730] [M]: 0x0000000080000B54 (0xFCFE1EB7) lui t4, -0x301f
x29 <- 0xFFFFFFFFFCFE1000

mem[X,0x0000000080000B58] -> 0x8E93
mem[X,0x0000000080000B5A] -> 0x8FDE
[731] [M]: 0x0000000080000B58 (0x8FDE8E93) addi t4, t4, -0x703
x29 <- 0xFFFFFFFFFCFE08FD

mem[X,0x0000000080000B5C] -> 0x9E93
mem[X,0x0000000080000B5E] -> 0x00BE
[732] [M]: 0x0000000080000B5C (0x00BE9E93) slli t4, t4, 0xb
x29 <- 0xFFFFFFE7F047E800

mem[X,0x0000000080000B60] -> 0x8E93
mem[X,0x0000000080000B62] -> 0x602E
[733] [M]: 0x0000000080000B60 (0x602E8E93) addi t4, t4, 0x602
x29 <- 0xFFFFFFE7F047EE02

mem[X,0x0000000080000B64] -> 0x9E93
mem[X,0x0000000080000B66] -> 0x00BE
[734] [M]: 0x0000000080000B64 (0x00BE9E93) slli t4, t4, 0xb
x29 <- 0xFFFF3F823F701000

mem[X,0x0000000080000B68] -> 0x8E93
mem[X,0x0000000080000B6A] -> 0x555E
[735] [M]: 0x0000000080000B68 (0x555E8E93) addi t4, t4, 0x555
x29 <- 0xFFFF3F823F701555

mem[X,0x0000000080000B6C] -> 0x9E93
mem[X,0x0000000080000B6E] -> 0x00AE
[736] [M]: 0x0000000080000B6C (0x00AE9E93) slli t4, t4, 0xa
x29 <- 0xFCFE08FDC0555400

mem[X,0x0000000080000B70] -> 0x8E93
mem[X,0x0000000080000B72] -> 0x17FE
[737] [M]: 0x0000000080000B70 (0x17FE8E93) addi t4, t4, 0x17f
x29 <- 0xFCFE08FDC055557F

mem[X,0x0000000080000B74] -> 0x0FBB
mem[X,0x0000000080000B76] -> 0xD5DF
[738] [M]: 0x0000000080000B74 (0xD5DF0FBB) pssub.b t6, t5, t4
x31 <- 0x0CE1F9F2EAA98080

mem[X,0x0000000080000B78] -> 0xBC23
mem[X,0x0000000080000B7A] -> 0x01F0
[739] [M]: 0x0000000080000B78 (0x01F0BC23) sd t6, 0x18(ra)
mem[0x0000000080004220] <- 0x0CE1F9F2EAA98080

mem[X,0x0000000080000B7C] -> 0x0F37
mem[X,0x0000000080000B7E] -> 0xFC7F
[740] [M]: 0x0000000080000B7C (0xFC7F0F37) lui t5, -0x3810
x30 <- 0xFFFFFFFFFC7F0000

mem[X,0x0000000080000B80] -> 0x0F13
mem[X,0x0000000080000B82] -> 0x209F
[741] [M]: 0x0000000080000B80 (0x209F0F13) addi t5, t5, 0x209
x30 <- 0xFFFFFFFFFC7F0209

mem[X,0x0000000080000B84] -> 0x1F13
mem[X,0x0000000080000B86] -> 0x00BF
[742] [M]: 0x0000000080000B84 (0x00BF1F13) slli t5, t5, 0xb
x30 <- 0xFFFFFFE3F8104800

mem[X,0x0000000080000B88] -> 0x0F13
mem[X,0x0000000080000B8A] -> 0x03FF
[743] [M]: 0x0000000080000B88 (0x03FF0F13) addi t5, t5, 0x3f
x30 <- 0xFFFFFFE3F810483F

mem[X,0x0000000080000B8C] -> 0x1F13
mem[X,0x0000000080000B8E] -> 0x00BF
[744] [M]: 0x0000000080000B8C (0x00BF1F13) slli t5, t5, 0xb
x30 <- 0xFFFF1FC08241F800

mem[X,0x0000000080000B90] -> 0x0F13
mem[X,0x0000000080000B92] -> 0x63EF
[745] [M]: 0x0000000080000B90 (0x63EF0F13) addi t5, t5, 0x63e
x30 <- 0xFFFF1FC08241FE3E

mem[X,0x0000000080000B94] -> 0x1F13
mem[X,0x0000000080000B96] -> 0x00AF
[746] [M]: 0x0000000080000B94 (0x00AF1F13) slli t5, t5, 0xa
x30 <- 0xFC7F020907F8F800

mem[X,0x0000000080000B98] -> 0x0F13
mem[X,0x0000000080000B9A] -> 0x204F
[747] [M]: 0x0000000080000B98 (0x204F0F13) addi t5, t5, 0x204
x30 <- 0xFC7F020907F8FA04

mem[X,0x0000000080000B9C] -> 0x1EB7
mem[X,0x0000000080000B9E] -> 0x0940
[748] [M]: 0x0000000080000B9C (0x09401EB7) lui t4, 0x9401
x29 <- 0x0000000009401000

mem[X,0x0000000080000BA0] -> 0x8E93
mem[X,0x0000000080000BA2] -> 0x0DFE
[749] [M]: 0x0000000080000BA0 (0x0DFE8E93) addi t4, t4, 0xdf
x29 <- 0x00000000094010DF

mem[X,0x0000000080000BA4] -> 0x9E93
mem[X,0x0000000080000BA6] -> 0x00BE
[750] [M]: 0x0000000080000BA4 (0x00BE9E93) slli t4, t4, 0xb
x29 <- 0x0000004A0086F800

mem[X,0x0000000080000BA8] -> 0x8E93
mem[X,0x0000000080000BAA] -> 0x778E
[751] [M]: 0x0000000080000BA8 (0x778E8E93) addi t4, t4, 0x778
x29 <- 0x0000004A0086FF78

mem[X,0x0000000080000BAC] -> 0x9E93
mem[X,0x0000000080000BAE] -> 0x00BE
[752] [M]: 0x0000000080000BAC (0x00BE9E93) slli t4, t4, 0xb
x29 <- 0x0002500437FBC000

mem[X,0x0000000080000BB0] -> 0x8E93
mem[X,0x0000000080000BB2] -> 0x000E
[753] [M]: 0x0000000080000BB0 (0x000E8E93) addi t4, t4, 0x0
x29 <- 0x0002500437FBC000

mem[X,0x0000000080000BB4] -> 0x9E93
mem[X,0x0000000080000BB6] -> 0x00AE
[754] [M]: 0x0000000080000BB4 (0x00AE9E93) slli t4, t4, 0xa
x29 <- 0x094010DFEF000000

mem[X,0x0000000080000BB8] -> 0x8E93
mem[X,0x0000000080000BBA] -> 0x3FDE
[755] [M]: 0x0000000080000BB8 (0x3FDE8E93) addi t4, t4, 0x3fd
x29 <- 0x094010DFEF0003FD

mem[X,0x0000000080000BBC] -> 0x0FBB
mem[X,0x0000000080000BBE] -> 0xD5DF
[756] [M]: 0x0000000080000BBC (0xD5DF0FBB) pssub.b t6, t5, t4
x31 <- 0xF33FF22A18F8F707

mem[X,0x0000000080000BC0] -> 0xB023
mem[X,0x0000000080000BC2] -> 0x03F0
[757] [M]: 0x0000000080000BC0 (0x03F0B023) sd t6, 0x20(ra)
mem[0x0000000080004228] <- 0xF33FF22A18F8F707

mem[X,0x0000000080000BC4] -> 0x0F37
mem[X,0x0000000080000BC6] -> 0x03BF
[758] [M]: 0x0000000080000BC4 (0x03BF0F37) lui t5, 0x3bf0
x30 <- 0x0000000003BF0000

mem[X,0x0000000080000BC8] -> 0x0F13
mem[X,0x0000000080000BCA] -> 0x7FDF
[759] [M]: 0x0000000080000BC8 (0x7FDF0F13) addi t5, t5, 0x7fd
x30 <- 0x0000000003BF07FD

mem[X,0x0000000080000BCC] -> 0x1F13
mem[X,0x0000000080000BCE] -> 0x00BF
[760] [M]: 0x0000000080000BCC (0x00BF1F13) slli t5, t5, 0xb
x30 <- 0x0000001DF83FE800

mem[X,0x0000000080000BD0] -> 0x0F13
mem[X,0x0000000080000BD2] -> 0x027F
[761] [M]: 0x0000000080000BD0 (0x027F0F13) addi t5, t5, 0x27
x30 <- 0x0000001DF83FE827

mem[X,0x0000000080000BD4] -> 0x1F13
mem[X,0x0000000080000BD6] -> 0x00BF
[762] [M]: 0x0000000080000BD4 (0x00BF1F13) slli t5, t5, 0xb
x30 <- 0x0000EFC1FF413800

mem[X,0x0000000080000BD8] -> 0x0F13
mem[X,0x0000000080000BDA] -> 0x5FDF
[763] [M]: 0x0000000080000BD8 (0x5FDF0F13) addi t5, t5, 0x5fd
x30 <- 0x0000EFC1FF413DFD

mem[X,0x0000000080000BDC] -> 0x1F13
mem[X,0x0000000080000BDE] -> 0x00AF
[764] [M]: 0x0000000080000BDC (0x00AF1F13) slli t5, t5, 0xa
x30 <- 0x03BF07FD04F7F400

mem[X,0x0000000080000BE0] -> 0x0F13
mem[X,0x0000000080000BE2] -> 0x2DFF
[765] [M]: 0x0000000080000BE0 (0x2DFF0F13) addi t5, t5, 0x2df
x30 <- 0x03BF07FD04F7F6DF

mem[X,0x0000000080000BE4] -> 0x2EB7
mem[X,0x0000000080000BE6] -> 0xEF55
[766] [M]: 0x0000000080000BE4 (0xEF552EB7) lui t4, -0x10aae
x29 <- 0xFFFFFFFFEF552000

mem[X,0x0000000080000BE8] -> 0x8E93
mem[X,0x0000000080000BEA] -> 0x0BFE
[767] [M]: 0x0000000080000BE8 (0x0BFE8E93) addi t4, t4, 0xbf
x29 <- 0xFFFFFFFFEF5520BF

mem[X,0x0000000080000BEC] -> 0x9E93
mem[X,0x0000000080000BEE] -> 0x00BE
[768] [M]: 0x0000000080000BEC (0x00BE9E93) slli t4, t4, 0xb
x29 <- 0xFFFFFF7AA905F800

mem[X,0x0000000080000BF0] -> 0x8E93
mem[X,0x0000000080000BF2] -> 0x5FFE
[769] [M]: 0x0000000080000BF0 (0x5FFE8E93) addi t4, t4, 0x5ff
x29 <- 0xFFFFFF7AA905FDFF

mem[X,0x0000000080000BF4] -> 0x9E93
mem[X,0x0000000080000BF6] -> 0x00BE
[770] [M]: 0x0000000080000BF4 (0x00BE9E93) slli t4, t4, 0xb
x29 <- 0xFFFBD5482FEFF800

mem[X,0x0000000080000BF8] -> 0x8E93
mem[X,0x0000000080000BFA] -> 0x601E
[771] [M]: 0x0000000080000BF8 (0x601E8E93) addi t4, t4, 0x601
x29 <- 0xFFFBD5482FEFFE01

mem[X,0x0000000080000BFC] -> 0x9E93
mem[X,0x0000000080000BFE] -> 0x00AE
[772] [M]: 0x0000000080000BFC (0x00AE9E93) slli t4, t4, 0xa
x29 <- 0xEF5520BFBFF80400

mem[X,0x0000000080000C00] -> 0x8E93
mem[X,0x0000000080000C02] -> 0x0FBE
[773] [M]: 0x0000000080000C00 (0x0FBE8E93) addi t4, t4, 0xfb
x29 <- 0xEF5520BFBFF804FB

mem[X,0x0000000080000C04] -> 0x0FBB
mem[X,0x0000000080000C06] -> 0xD5DF
[774] [M]: 0x0000000080000C04 (0xD5DF0FBB) pssub.b t6, t5, t4
x31 <- 0x1480E73E45FFF2E4

mem[X,0x0000000080000C08] -> 0xB423
mem[X,0x0000000080000C0A] -> 0x03F0
[775] [M]: 0x0000000080000C08 (0x03F0B423) sd t6, 0x28(ra)
mem[0x0000000080004230] <- 0x1480E73E45FFF2E4

mem[X,0x0000000080000C0C] -> 0x0F37
mem[X,0x0000000080000C0E] -> 0x8000
[776] [M]: 0x0000000080000C0C (0x80000F37) lui t5, -0x80000
x30 <- 0xFFFFFFFF80000000

mem[X,0x0000000080000C10] -> 0x0F13
mem[X,0x0000000080000C12] -> 0xC06F
[777] [M]: 0x0000000080000C10 (0xC06F0F13) addi t5, t5, -0x3fa
x30 <- 0xFFFFFFFF7FFFFC06

mem[X,0x0000000080000C14] -> 0x1F13
mem[X,0x0000000080000C16] -> 0x00BF
[778] [M]: 0x0000000080000C14 (0x00BF1F13) slli t5, t5, 0xb
x30 <- 0xFFFFFBFFFFE03000

mem[X,0x0000000080000C18] -> 0x0F13
mem[X,0x0000000080000C1A] -> 0x7BDF
[779] [M]: 0x0000000080000C18 (0x7BDF0F13) addi t5, t5, 0x7bd
x30 <- 0xFFFFFBFFFFE037BD

mem[X,0x0000000080000C1C] -> 0x1F13
mem[X,0x0000000080000C1E] -> 0x00BF
[780] [M]: 0x0000000080000C1C (0x00BF1F13) slli t5, t5, 0xb
x30 <- 0xFFDFFFFF01BDE800

mem[X,0x0000000080000C20] -> 0x0F13
mem[X,0x0000000080000C22] -> 0x2B7F
[781] [M]: 0x0000000080000C20 (0x2B7F0F13) addi t5, t5, 0x2b7
x30 <- 0xFFDFFFFF01BDEAB7

mem[X,0x0000000080000C24] -> 0x1F13
mem[X,0x0000000080000C26] -> 0x00AF
[782] [M]: 0x0000000080000C24 (0x00AF1F13) slli t5, t5, 0xa
x30 <- 0x7FFFFC06F7AADC00

mem[X,0x0000000080000C28] -> 0x0F13
mem[X,0x0000000080000C2A] -> 0x3FCF
[783] [M]: 0x0000000080000C28 (0x3FCF0F13) addi t5, t5, 0x3fc
x30 <- 0x7FFFFC06F7AADFFC

mem[X,0x0000000080000C2C] -> 0x4EB7
mem[X,0x0000000080000C2E] -> 0x40F6
[784] [M]: 0x0000000080000C2C (0x40F64EB7) lui t4, 0x40f64
x29 <- 0x0000000040F64000

mem[X,0x0000000080000C30] -> 0x8E93
mem[X,0x0000000080000C32] -> 0x0FFE
[785] [M]: 0x0000000080000C30 (0x0FFE8E93) addi t4, t4, 0xff
x29 <- 0x0000000040F640FF

mem[X,0x0000000080000C34] -> 0x9E93
mem[X,0x0000000080000C36] -> 0x00BE
[786] [M]: 0x0000000080000C34 (0x00BE9E93) slli t4, t4, 0xb
x29 <- 0x00000207B207F800

mem[X,0x0000000080000C38] -> 0x8E93
mem[X,0x0000000080000C3A] -> 0x048E
[787] [M]: 0x0000000080000C38 (0x048E8E93) addi t4, t4, 0x48
x29 <- 0x00000207B207F848

mem[X,0x0000000080000C3C] -> 0x9E93
mem[X,0x0000000080000C3E] -> 0x00BE
[788] [M]: 0x0000000080000C3C (0x00BE9E93) slli t4, t4, 0xb
x29 <- 0x00103D903FC24000

mem[X,0x0000000080000C40] -> 0x8E93
mem[X,0x0000000080000C42] -> 0x27FE
[789] [M]: 0x0000000080000C40 (0x27FE8E93) addi t4, t4, 0x27f
x29 <- 0x00103D903FC2427F

mem[X,0x0000000080000C44] -> 0x9E93
mem[X,0x0000000080000C46] -> 0x00AE
[790] [M]: 0x0000000080000C44 (0x00AE9E93) slli t4, t4, 0xa
x29 <- 0x40F640FF0909FC00

mem[X,0x0000000080000C48] -> 0x8E93
mem[X,0x0000000080000C4A] -> 0x303E
[791] [M]: 0x0000000080000C48 (0x303E8E93) addi t4, t4, 0x303
x29 <- 0x40F640FF0909FF03

mem[X,0x0000000080000C4C] -> 0x0FBB
mem[X,0x0000000080000C4E] -> 0xD5DF
[792] [M]: 0x0000000080000C4C (0xD5DF0FBB) pssub.b t6, t5, t4
x31 <- 0x3F09BC07EEA1E0F9

mem[X,0x0000000080000C50] -> 0xB823
mem[X,0x0000000080000C52] -> 0x03F0
[793] [M]: 0x0000000080000C50 (0x03F0B823) sd t6, 0x30(ra)
mem[0x0000000080004238] <- 0x3F09BC07EEA1E0F9

mem[X,0x0000000080000C54] -> 0x0F37
mem[X,0x0000000080000C56] -> 0x40FA
[794] [M]: 0x0000000080000C54 (0x40FA0F37) lui t5, 0x40fa0
x30 <- 0x0000000040FA0000

mem[X,0x0000000080000C58] -> 0x0F13
mem[X,0x0000000080000C5A] -> 0x220F
[795] [M]: 0x0000000080000C58 (0x220F0F13) addi t5, t5, 0x220
x30 <- 0x0000000040FA0220

mem[X,0x0000000080000C5C] -> 0x1F13
mem[X,0x0000000080000C5E] -> 0x00BF
[796] [M]: 0x0000000080000C5C (0x00BF1F13) slli t5, t5, 0xb
x30 <- 0x00000207D0110000

mem[X,0x0000000080000C60] -> 0x0F13
mem[X,0x0000000080000C62] -> 0x01FF
[797] [M]: 0x0000000080000C60 (0x01FF0F13) addi t5, t5, 0x1f
x30 <- 0x00000207D011001F

mem[X,0x0000000080000C64] -> 0x1F13
mem[X,0x0000000080000C66] -> 0x00BF
[798] [M]: 0x0000000080000C64 (0x00BF1F13) slli t5, t5, 0xb
x30 <- 0x00103E808800F800

mem[X,0x0000000080000C68] -> 0x0F13
mem[X,0x0000000080000C6A] -> 0x740F
[799] [M]: 0x0000000080000C68 (0x740F0F13) addi t5, t5, 0x740
x30 <- 0x00103E808800FF40

clint::tick mtime <- 0x0000000000000008
 clint timer pending at mtime 0x0000000000000008
htif::tick 0x0000000000000000
mem[X,0x0000000080000C6C] -> 0x1F13
mem[X,0x0000000080000C6E] -> 0x00AF
[800] [M]: 0x0000000080000C6C (0x00AF1F13) slli t5, t5, 0xa
x30 <- 0x40FA022003FD0000

mem[X,0x0000000080000C70] -> 0x0F13
mem[X,0x0000000080000C72] -> 0x0FAF
[801] [M]: 0x0000000080000C70 (0x0FAF0F13) addi t5, t5, 0xfa
x30 <- 0x40FA022003FD00FA

mem[X,0x0000000080000C74] -> 0x0EB7
mem[X,0x0000000080000C76] -> 0x00FE
[802] [M]: 0x0000000080000C74 (0x00FE0EB7) lui t4, 0xfe0
x29 <- 0x0000000000FE0000

mem[X,0x0000000080000C78] -> 0x8E93
mem[X,0x0000000080000C7A] -> 0xEF6E
[803] [M]: 0x0000000080000C78 (0xEF6E8E93) addi t4, t4, -0x10a
x29 <- 0x0000000000FDFEF6

mem[X,0x0000000080000C7C] -> 0x9E93
mem[X,0x0000000080000C7E] -> 0x00BE
[804] [M]: 0x0000000080000C7C (0x00BE9E93) slli t4, t4, 0xb
x29 <- 0x00000007EFF7B000

mem[X,0x0000000080000C80] -> 0x8E93
mem[X,0x0000000080000C82] -> 0x7CEE
[805] [M]: 0x0000000080000C80 (0x7CEE8E93) addi t4, t4, 0x7ce
x29 <- 0x00000007EFF7B7CE

mem[X,0x0000000080000C84] -> 0x9E93
mem[X,0x0000000080000C86] -> 0x00BE
[806] [M]: 0x0000000080000C84 (0x00BE9E93) slli t4, t4, 0xb
x29 <- 0x00003F7FBDBE7000

mem[X,0x0000000080000C88] -> 0x8E93
mem[X,0x0000000080000C8A] -> 0x001E
[807] [M]: 0x0000000080000C88 (0x001E8E93) addi t4, t4, 0x1
x29 <- 0x00003F7FBDBE7001

mem[X,0x0000000080000C8C] -> 0x9E93
mem[X,0x0000000080000C8E] -> 0x00AE
[808] [M]: 0x0000000080000C8C (0x00AE9E93) slli t4, t4, 0xa
x29 <- 0x00FDFEF6F9C00400

mem[X,0x0000000080000C90] -> 0x8E93
mem[X,0x0000000080000C92] -> 0x108E
[809] [M]: 0x0000000080000C90 (0x108E8E93) addi t4, t4, 0x108
x29 <- 0x00FDFEF6F9C00508

mem[X,0x0000000080000C94] -> 0x0FBB
mem[X,0x0000000080000C96] -> 0xD5DF
[810] [M]: 0x0000000080000C94 (0xD5DF0FBB) pssub.b t6, t5, t4
x31 <- 0x40FD042A0A3DFBF2

mem[X,0x0000000080000C98] -> 0xBC23
mem[X,0x0000000080000C9A] -> 0x03F0
[811] [M]: 0x0000000080000C98 (0x03F0BC23) sd t6, 0x38(ra)
mem[0x0000000080004240] <- 0x40FD042A0A3DFBF2

mem[X,0x0000000080000C9C] -> 0xFF37
mem[X,0x0000000080000C9E] -> 0xF8C0
[812] [M]: 0x0000000080000C9C (0xF8C0FF37) lui t5, -0x73f1
x30 <- 0xFFFFFFFFF8C0F000

mem[X,0x0000000080000CA0] -> 0x0F13
mem[X,0x0000000080000CA2] -> 0xF01F
[813] [M]: 0x0000000080000CA0 (0xF01F0F13) addi t5, t5, -0xff
x30 <- 0xFFFFFFFFF8C0EF01

mem[X,0x0000000080000CA4] -> 0x1F13
mem[X,0x0000000080000CA6] -> 0x00BF
[814] [M]: 0x0000000080000CA4 (0x00BF1F13) slli t5, t5, 0xb
x30 <- 0xFFFFFFC607780800

mem[X,0x0000000080000CA8] -> 0x0F13
mem[X,0x0000000080000CAA] -> 0x7F2F
[815] [M]: 0x0000000080000CA8 (0x7F2F0F13) addi t5, t5, 0x7f2
x30 <- 0xFFFFFFC607780FF2

mem[X,0x0000000080000CAC] -> 0x1F13
mem[X,0x0000000080000CAE] -> 0x00BF
[816] [M]: 0x0000000080000CAC (0x00BF1F13) slli t5, t5, 0xb
x30 <- 0xFFFE303BC07F9000

mem[X,0x0000000080000CB0] -> 0x0F13
mem[X,0x0000000080000CB2] -> 0x03EF
[817] [M]: 0x0000000080000CB0 (0x03EF0F13) addi t5, t5, 0x3e
x30 <- 0xFFFE303BC07F903E

mem[X,0x0000000080000CB4] -> 0x1F13
mem[X,0x0000000080000CB6] -> 0x00AF
[818] [M]: 0x0000000080000CB4 (0x00AF1F13) slli t5, t5, 0xa
x30 <- 0xF8C0EF01FE40F800

mem[X,0x0000000080000CB8] -> 0x0F13
mem[X,0x0000000080000CBA] -> 0x004F
[819] [M]: 0x0000000080000CB8 (0x004F0F13) addi t5, t5, 0x4
x30 <- 0xF8C0EF01FE40F804

mem[X,0x0000000080000CBC] -> 0x0EB7
mem[X,0x0000000080000CBE] -> 0xC041
[820] [M]: 0x0000000080000CBC (0xC0410EB7) lui t4, -0x3fbf0
x29 <- 0xFFFFFFFFC0410000

mem[X,0x0000000080000CC0] -> 0x8E93
mem[X,0x0000000080000CC2] -> 0xB07E
[821] [M]: 0x0000000080000CC0 (0xB07E8E93) addi t4, t4, -0x4f9
x29 <- 0xFFFFFFFFC040FB07

mem[X,0x0000000080000CC4] -> 0x9E93
mem[X,0x0000000080000CC6] -> 0x00BE
[822] [M]: 0x0000000080000CC4 (0x00BE9E93) slli t4, t4, 0xb
x29 <- 0xFFFFFE0207D83800

mem[X,0x0000000080000CC8] -> 0x8E93
mem[X,0x0000000080000CCA] -> 0x7B0E
[823] [M]: 0x0000000080000CC8 (0x7B0E8E93) addi t4, t4, 0x7b0
x29 <- 0xFFFFFE0207D83FB0

mem[X,0x0000000080000CCC] -> 0x9E93
mem[X,0x0000000080000CCE] -> 0x00BE
[824] [M]: 0x0000000080000CCC (0x00BE9E93) slli t4, t4, 0xb
x29 <- 0xFFF0103EC1FD8000

mem[X,0x0000000080000CD0] -> 0x8E93
mem[X,0x0000000080000CD2] -> 0x07FE
[825] [M]: 0x0000000080000CD0 (0x07FE8E93) addi t4, t4, 0x7f
x29 <- 0xFFF0103EC1FD807F

mem[X,0x0000000080000CD4] -> 0x9E93
mem[X,0x0000000080000CD6] -> 0x00AE
[826] [M]: 0x0000000080000CD4 (0x00AE9E93) slli t4, t4, 0xa
x29 <- 0xC040FB07F601FC00

mem[X,0x0000000080000CD8] -> 0x8E93
mem[X,0x0000000080000CDA] -> 0x3FAE
[827] [M]: 0x0000000080000CD8 (0x3FAE8E93) addi t4, t4, 0x3fa
x29 <- 0xC040FB07F601FFFA

mem[X,0x0000000080000CDC] -> 0x0FBB
mem[X,0x0000000080000CDE] -> 0xD5DF
[828] [M]: 0x0000000080000CDC (0xD5DF0FBB) pssub.b t6, t5, t4
x31 <- 0x3880F4FA083FF90A

mem[X,0x0000000080000CE0] -> 0xB023
mem[X,0x0000000080000CE2] -> 0x05F0
[829] [M]: 0x0000000080000CE0 (0x05F0B023) sd t6, 0x40(ra)
mem[0x0000000080004248] <- 0x3880F4FA083FF90A

mem[X,0x0000000080000CE4] -> 0x0F37
mem[X,0x0000000080000CE6] -> 0xFA07
[830] [M]: 0x0000000080000CE4 (0xFA070F37) lui t5, -0x5f90
x30 <- 0xFFFFFFFFFA070000

mem[X,0x0000000080000CE8] -> 0x0F13
mem[X,0x0000000080000CEA] -> 0xCC0F
[831] [M]: 0x0000000080000CE8 (0xCC0F0F13) addi t5, t5, -0x340
x30 <- 0xFFFFFFFFFA06FCC0

mem[X,0x0000000080000CEC] -> 0x1F13
mem[X,0x0000000080000CEE] -> 0x00BF
[832] [M]: 0x0000000080000CEC (0x00BF1F13) slli t5, t5, 0xb
x30 <- 0xFFFFFFD037E60000

mem[X,0x0000000080000CF0] -> 0x0F13
mem[X,0x0000000080000CF2] -> 0x5F8F
[833] [M]: 0x0000000080000CF0 (0x5F8F0F13) addi t5, t5, 0x5f8
x30 <- 0xFFFFFFD037E605F8

mem[X,0x0000000080000CF4] -> 0x1F13
mem[X,0x0000000080000CF6] -> 0x00BF
[834] [M]: 0x0000000080000CF4 (0x00BF1F13) slli t5, t5, 0xb
x30 <- 0xFFFE81BF302FC000

mem[X,0x0000000080000CF8] -> 0x0F13
mem[X,0x0000000080000CFA] -> 0x277F
[835] [M]: 0x0000000080000CF8 (0x277F0F13) addi t5, t5, 0x277
x30 <- 0xFFFE81BF302FC277

mem[X,0x0000000080000CFC] -> 0x1F13
mem[X,0x0000000080000CFE] -> 0x00AF
[836] [M]: 0x0000000080000CFC (0x00AF1F13) slli t5, t5, 0xa
x30 <- 0xFA06FCC0BF09DC00

mem[X,0x0000000080000D00] -> 0x0F13
mem[X,0x0000000080000D02] -> 0x3FBF
[837] [M]: 0x0000000080000D00 (0x3FBF0F13) addi t5, t5, 0x3fb
x30 <- 0xFA06FCC0BF09DFFB

mem[X,0x0000000080000D04] -> 0x5EB7
mem[X,0x0000000080000D06] -> 0xFD55
[838] [M]: 0x0000000080000D04 (0xFD555EB7) lui t4, -0x2aab
x29 <- 0xFFFFFFFFFD555000

mem[X,0x0000000080000D08] -> 0x8E93
mem[X,0x0000000080000D0A] -> 0x520E
[839] [M]: 0x0000000080000D08 (0x520E8E93) addi t4, t4, 0x520
x29 <- 0xFFFFFFFFFD555520

mem[X,0x0000000080000D0C] -> 0x9E93
mem[X,0x0000000080000D0E] -> 0x00BE
[840] [M]: 0x0000000080000D0C (0x00BE9E93) slli t4, t4, 0xb
x29 <- 0xFFFFFFEAAAA90000

mem[X,0x0000000080000D10] -> 0x8E93
mem[X,0x0000000080000D12] -> 0x5FCE
[841] [M]: 0x0000000080000D10 (0x5FCE8E93) addi t4, t4, 0x5fc
x29 <- 0xFFFFFFEAAAA905FC

mem[X,0x0000000080000D14] -> 0x9E93
mem[X,0x0000000080000D16] -> 0x00BE
[842] [M]: 0x0000000080000D14 (0x00BE9E93) slli t4, t4, 0xb
x29 <- 0xFFFF5555482FE000

mem[X,0x0000000080000D18] -> 0x8E93
mem[X,0x0000000080000D1A] -> 0x03EE
[843] [M]: 0x0000000080000D18 (0x03EE8E93) addi t4, t4, 0x3e
x29 <- 0xFFFF5555482FE03E

mem[X,0x0000000080000D1C] -> 0x9E93
mem[X,0x0000000080000D1E] -> 0x00AE
[844] [M]: 0x0000000080000D1C (0x00AE9E93) slli t4, t4, 0xa
x29 <- 0xFD555520BF80F800

mem[X,0x0000000080000D20] -> 0x8E93
mem[X,0x0000000080000D22] -> 0x2F6E
[845] [M]: 0x0000000080000D20 (0x2F6E8E93) addi t4, t4, 0x2f6
x29 <- 0xFD555520BF80FAF6

mem[X,0x0000000080000D24] -> 0x0FBB
mem[X,0x0000000080000D26] -> 0xD5DF
[846] [M]: 0x0000000080000D24 (0xD5DF0FBB) pssub.b t6, t5, t4
x31 <- 0xFDB1A7A0007FE505

mem[X,0x0000000080000D28] -> 0xB423
mem[X,0x0000000080000D2A] -> 0x05F0
[847] [M]: 0x0000000080000D28 (0x05F0B423) sd t6, 0x48(ra)
mem[0x0000000080004250] <- 0xFDB1A7A0007FE505

mem[X,0x0000000080000D2C] -> 0x4F37
mem[X,0x0000000080000D2E] -> 0xDFFC
[848] [M]: 0x0000000080000D2C (0xDFFC4F37) lui t5, -0x2003c
x30 <- 0xFFFFFFFFDFFC4000

mem[X,0x0000000080000D30] -> 0x0F13
mem[X,0x0000000080000D32] -> 0xF00F
[849] [M]: 0x0000000080000D30 (0xF00F0F13) addi t5, t5, -0x100
x30 <- 0xFFFFFFFFDFFC3F00

mem[X,0x0000000080000D34] -> 0x1F13
mem[X,0x0000000080000D36] -> 0x00BF
[850] [M]: 0x0000000080000D34 (0x00BF1F13) slli t5, t5, 0xb
x30 <- 0xFFFFFEFFE1F80000

mem[X,0x0000000080000D38] -> 0x0F13
mem[X,0x0000000080000D3A] -> 0x3FFF
[851] [M]: 0x0000000080000D38 (0x3FFF0F13) addi t5, t5, 0x3ff
x30 <- 0xFFFFFEFFE1F803FF

mem[X,0x0000000080000D3C] -> 0x1F13
mem[X,0x0000000080000D3E] -> 0x00BF
[852] [M]: 0x0000000080000D3C (0x00BF1F13) slli t5, t5, 0xb
x30 <- 0xFFF7FF0FC01FF800

mem[X,0x0000000080000D40] -> 0x0F13
mem[X,0x0000000080000D42] -> 0x6E0F
[853] [M]: 0x0000000080000D40 (0x6E0F0F13) addi t5, t5, 0x6e0
x30 <- 0xFFF7FF0FC01FFEE0

mem[X,0x0000000080000D44] -> 0x1F13
mem[X,0x0000000080000D46] -> 0x00AF
[854] [M]: 0x0000000080000D44 (0x00AF1F13) slli t5, t5, 0xa
x30 <- 0xDFFC3F007FFB8000

mem[X,0x0000000080000D48] -> 0x0F13
mem[X,0x0000000080000D4A] -> 0x005F
[855] [M]: 0x0000000080000D48 (0x005F0F13) addi t5, t5, 0x5
x30 <- 0xDFFC3F007FFB8005

mem[X,0x0000000080000D4C] -> 0x0EB7
mem[X,0x0000000080000D4E] -> 0x0680
[856] [M]: 0x0000000080000D4C (0x06800EB7) lui t4, 0x6800
x29 <- 0x0000000006800000

mem[X,0x0000000080000D50] -> 0x8E93
mem[X,0x0000000080000D52] -> 0x500E
[857] [M]: 0x0000000080000D50 (0x500E8E93) addi t4, t4, 0x500
x29 <- 0x0000000006800500

mem[X,0x0000000080000D54] -> 0x9E93
mem[X,0x0000000080000D56] -> 0x00BE
[858] [M]: 0x0000000080000D54 (0x00BE9E93) slli t4, t4, 0xb
x29 <- 0x0000003400280000

mem[X,0x0000000080000D58] -> 0x8E93
mem[X,0x0000000080000D5A] -> 0x7FFE
[859] [M]: 0x0000000080000D58 (0x7FFE8E93) addi t4, t4, 0x7ff
x29 <- 0x00000034002807FF

mem[X,0x0000000080000D5C] -> 0x9E93
mem[X,0x0000000080000D5E] -> 0x00BE
[860] [M]: 0x0000000080000D5C (0x00BE9E93) slli t4, t4, 0xb
x29 <- 0x0001A001403FF800

mem[X,0x0000000080000D60] -> 0x8E93
mem[X,0x0000000080000D62] -> 0x690E
[861] [M]: 0x0000000080000D60 (0x690E8E93) addi t4, t4, 0x690
x29 <- 0x0001A001403FFE90

mem[X,0x0000000080000D64] -> 0x9E93
mem[X,0x0000000080000D66] -> 0x00AE
[862] [M]: 0x0000000080000D64 (0x00AE9E93) slli t4, t4, 0xa
x29 <- 0x06800500FFFA4000

mem[X,0x0000000080000D68] -> 0x8E93
mem[X,0x0000000080000D6A] -> 0x0DFE
[863] [M]: 0x0000000080000D68 (0x0DFE8E93) addi t4, t4, 0xdf
x29 <- 0x06800500FFFA40DF

mem[X,0x0000000080000D6C] -> 0x0FBB
mem[X,0x0000000080000D6E] -> 0xD5DF
[864] [M]: 0x0000000080000D6C (0xD5DF0FBB) pssub.b t6, t5, t4
x31 <- 0xD97C3A007F018026

mem[X,0x0000000080000D70] -> 0xB823
mem[X,0x0000000080000D72] -> 0x05F0
[865] [M]: 0x0000000080000D70 (0x05F0B823) sd t6, 0x50(ra)
mem[0x0000000080004258] <- 0xD97C3A007F018026

mem[X,0x0000000080000D74] -> 0x0F37
mem[X,0x0000000080000D76] -> 0x5502
[866] [M]: 0x0000000080000D74 (0x55020F37) lui t5, 0x55020
x30 <- 0x0000000055020000

mem[X,0x0000000080000D78] -> 0x0F13
mem[X,0x0000000080000D7A] -> 0x005F
[867] [M]: 0x0000000080000D78 (0x005F0F13) addi t5, t5, 0x5
x30 <- 0x0000000055020005

mem[X,0x0000000080000D7C] -> 0x1F13
mem[X,0x0000000080000D7E] -> 0x00BF
[868] [M]: 0x0000000080000D7C (0x00BF1F13) slli t5, t5, 0xb
x30 <- 0x000002A810002800

mem[X,0x0000000080000D80] -> 0x0F13
mem[X,0x0000000080000D82] -> 0x2A8F
[869] [M]: 0x0000000080000D80 (0x2A8F0F13) addi t5, t5, 0x2a8
x30 <- 0x000002A810002AA8

mem[X,0x0000000080000D84] -> 0x1F13
mem[X,0x0000000080000D86] -> 0x00BF
[870] [M]: 0x0000000080000D84 (0x00BF1F13) slli t5, t5, 0xb
x30 <- 0x0015408001554000

mem[X,0x0000000080000D88] -> 0x0F13
mem[X,0x0000000080000D8A] -> 0x0C1F
[871] [M]: 0x0000000080000D88 (0x0C1F0F13) addi t5, t5, 0xc1
x30 <- 0x00154080015540C1

mem[X,0x0000000080000D8C] -> 0x1F13
mem[X,0x0000000080000D8E] -> 0x00AF
[872] [M]: 0x0000000080000D8C (0x00AF1F13) slli t5, t5, 0xa
x30 <- 0x5502000555030400

mem[X,0x0000000080000D90] -> 0x0F13
mem[X,0x0000000080000D92] -> 0x303F
[873] [M]: 0x0000000080000D90 (0x303F0F13) addi t5, t5, 0x303
x30 <- 0x5502000555030703

mem[X,0x0000000080000D94] -> 0x4EB7
mem[X,0x0000000080000D96] -> 0x0202
[874] [M]: 0x0000000080000D94 (0x02024EB7) lui t4, 0x2024
x29 <- 0x0000000002024000

mem[X,0x0000000080000D98] -> 0x8E93
mem[X,0x0000000080000D9A] -> 0x005E
[875] [M]: 0x0000000080000D98 (0x005E8E93) addi t4, t4, 0x5
x29 <- 0x0000000002024005

mem[X,0x0000000080000D9C] -> 0x9E93
mem[X,0x0000000080000D9E] -> 0x00BE
[876] [M]: 0x0000000080000D9C (0x00BE9E93) slli t4, t4, 0xb
x29 <- 0x0000001012002800

mem[X,0x0000000080000DA0] -> 0x8E93
mem[X,0x0000000080000DA2] -> 0x027E
[877] [M]: 0x0000000080000DA0 (0x027E8E93) addi t4, t4, 0x27
x29 <- 0x0000001012002827

mem[X,0x0000000080000DA4] -> 0x9E93
mem[X,0x0000000080000DA6] -> 0x00BE
[878] [M]: 0x0000000080000DA4 (0x00BE9E93) slli t4, t4, 0xb
x29 <- 0x0000809001413800

mem[X,0x0000000080000DA8] -> 0x8E93
mem[X,0x0000000080000DAA] -> 0x701E
[879] [M]: 0x0000000080000DA8 (0x701E8E93) addi t4, t4, 0x701
x29 <- 0x0000809001413F01

mem[X,0x0000000080000DAC] -> 0x9E93
mem[X,0x0000000080000DAE] -> 0x00AE
[880] [M]: 0x0000000080000DAC (0x00AE9E93) slli t4, t4, 0xa
x29 <- 0x0202400504FC0400

mem[X,0x0000000080000DB0] -> 0x8E93
mem[X,0x0000000080000DB2] -> 0x202E
[881] [M]: 0x0000000080000DB0 (0x202E8E93) addi t4, t4, 0x202
x29 <- 0x0202400504FC0602

mem[X,0x0000000080000DB4] -> 0x0FBB
mem[X,0x0000000080000DB6] -> 0xD5DF
[882] [M]: 0x0000000080000DB4 (0xD5DF0FBB) pssub.b t6, t5, t4
x31 <- 0x5300C00051070101

mem[X,0x0000000080000DB8] -> 0xBC23
mem[X,0x0000000080000DBA] -> 0x05F0
[883] [M]: 0x0000000080000DB8 (0x05F0BC23) sd t6, 0x58(ra)
mem[0x0000000080004260] <- 0x5300C00051070101

mem[X,0x0000000080000DBC] -> 0x4F37
mem[X,0x0000000080000DBE] -> 0x01FA
[884] [M]: 0x0000000080000DBC (0x01FA4F37) lui t5, 0x1fa4
x30 <- 0x0000000001FA4000

mem[X,0x0000000080000DC0] -> 0x0F13
mem[X,0x0000000080000DC2] -> 0xFF9F
[885] [M]: 0x0000000080000DC0 (0xFF9F0F13) addi t5, t5, -0x7
x30 <- 0x0000000001FA3FF9

mem[X,0x0000000080000DC4] -> 0x1F13
mem[X,0x0000000080000DC6] -> 0x00BF
[886] [M]: 0x0000000080000DC4 (0x00BF1F13) slli t5, t5, 0xb
x30 <- 0x0000000FD1FFC800

mem[X,0x0000000080000DC8] -> 0x0F13
mem[X,0x0000000080000DCA] -> 0x7F0F
[887] [M]: 0x0000000080000DC8 (0x7F0F0F13) addi t5, t5, 0x7f0
x30 <- 0x0000000FD1FFCFF0

mem[X,0x0000000080000DCC] -> 0x1F13
mem[X,0x0000000080000DCE] -> 0x00BF
[888] [M]: 0x0000000080000DCC (0x00BF1F13) slli t5, t5, 0xb
x30 <- 0x00007E8FFE7F8000

mem[X,0x0000000080000DD0] -> 0x0F13
mem[X,0x0000000080000DD2] -> 0x401F
[889] [M]: 0x0000000080000DD0 (0x401F0F13) addi t5, t5, 0x401
x30 <- 0x00007E8FFE7F8401

mem[X,0x0000000080000DD4] -> 0x1F13
mem[X,0x0000000080000DD6] -> 0x00AF
[890] [M]: 0x0000000080000DD4 (0x00AF1F13) slli t5, t5, 0xa
x30 <- 0x01FA3FF9FE100400

mem[X,0x0000000080000DD8] -> 0x0F13
mem[X,0x0000000080000DDA] -> 0x208F
[891] [M]: 0x0000000080000DD8 (0x208F0F13) addi t5, t5, 0x208
x30 <- 0x01FA3FF9FE100608

mem[X,0x0000000080000DDC] -> 0x8EB7
mem[X,0x0000000080000DDE] -> 0xF610
[892] [M]: 0x0000000080000DDC (0xF6108EB7) lui t4, -0x9ef8
x29 <- 0xFFFFFFFFF6108000

mem[X,0x0000000080000DE0] -> 0x8E93
mem[X,0x0000000080000DE2] -> 0xFAAE
[893] [M]: 0x0000000080000DE0 (0xFAAE8E93) addi t4, t4, -0x56
x29 <- 0xFFFFFFFFF6107FAA

mem[X,0x0000000080000DE4] -> 0x9E93
mem[X,0x0000000080000DE6] -> 0x00BE
[894] [M]: 0x0000000080000DE4 (0x00BE9E93) slli t4, t4, 0xb
x29 <- 0xFFFFFFB083FD5000

mem[X,0x0000000080000DE8] -> 0x8E93
mem[X,0x0000000080000DEA] -> 0x7C0E
[895] [M]: 0x0000000080000DE8 (0x7C0E8E93) addi t4, t4, 0x7c0
x29 <- 0xFFFFFFB083FD57C0

mem[X,0x0000000080000DEC] -> 0x9E93
mem[X,0x0000000080000DEE] -> 0x00BE
[896] [M]: 0x0000000080000DEC (0x00BE9E93) slli t4, t4, 0xb
x29 <- 0xFFFD841FEABE0000

mem[X,0x0000000080000DF0] -> 0x8E93
mem[X,0x0000000080000DF2] -> 0x17EE
[897] [M]: 0x0000000080000DF0 (0x17EE8E93) addi t4, t4, 0x17e
x29 <- 0xFFFD841FEABE017E

mem[X,0x0000000080000DF4] -> 0x9E93
mem[X,0x0000000080000DF6] -> 0x00AE
[898] [M]: 0x0000000080000DF4 (0x00AE9E93) slli t4, t4, 0xa
x29 <- 0xF6107FAAF805F800

mem[X,0x0000000080000DF8] -> 0x8E93
mem[X,0x0000000080000DFA] -> 0x3FDE
[899] [M]: 0x0000000080000DF8 (0x3FDE8E93) addi t4, t4, 0x3fd
x29 <- 0xF6107FAAF805FBFD

clint::tick mtime <- 0x0000000000000009
 clint timer pending at mtime 0x0000000000000009
htif::tick 0x0000000000000000
mem[X,0x0000000080000DFC] -> 0x0FBB
mem[X,0x0000000080000DFE] -> 0xD5DF
[900] [M]: 0x0000000080000DFC (0xD5DF0FBB) pssub.b t6, t5, t4
x31 <- 0x0BEAC04F060B0B0B

mem[X,0x0000000080000E00] -> 0xB023
mem[X,0x0000000080000E02] -> 0x07F0
[901] [M]: 0x0000000080000E00 (0x07F0B023) sd t6, 0x60(ra)
mem[0x0000000080004268] <- 0x0BEAC04F060B0B0B

mem[X,0x0000000080000E04] -> 0x1F37
mem[X,0x0000000080000E06] -> 0x7F40
[902] [M]: 0x0000000080000E04 (0x7F401F37) lui t5, 0x7f401
x30 <- 0x000000007F401000

mem[X,0x0000000080000E08] -> 0x0F13
mem[X,0x0000000080000E0A] -> 0x055F
[903] [M]: 0x0000000080000E08 (0x055F0F13) addi t5, t5, 0x55
x30 <- 0x000000007F401055

mem[X,0x0000000080000E0C] -> 0x1F13
mem[X,0x0000000080000E0E] -> 0x00BF
[904] [M]: 0x0000000080000E0C (0x00BF1F13) slli t5, t5, 0xb
x30 <- 0x000003FA0082A800

mem[X,0x0000000080000E10] -> 0x0F13
mem[X,0x0000000080000E12] -> 0x7D0F
[905] [M]: 0x0000000080000E10 (0x7D0F0F13) addi t5, t5, 0x7d0
x30 <- 0x000003FA0082AFD0

mem[X,0x0000000080000E14] -> 0x1F13
mem[X,0x0000000080000E16] -> 0x00BF
[906] [M]: 0x0000000080000E14 (0x00BF1F13) slli t5, t5, 0xb
x30 <- 0x001FD004157E8000

mem[X,0x0000000080000E18] -> 0x0F13
mem[X,0x0000000080000E1A] -> 0x077F
[907] [M]: 0x0000000080000E18 (0x077F0F13) addi t5, t5, 0x77
x30 <- 0x001FD004157E8077

mem[X,0x0000000080000E1C] -> 0x1F13
mem[X,0x0000000080000E1E] -> 0x00AF
[908] [M]: 0x0000000080000E1C (0x00AF1F13) slli t5, t5, 0xa
x30 <- 0x7F401055FA01DC00

mem[X,0x0000000080000E20] -> 0x0F13
mem[X,0x0000000080000E22] -> 0x303F
[909] [M]: 0x0000000080000E20 (0x303F0F13) addi t5, t5, 0x303
x30 <- 0x7F401055FA01DF03

mem[X,0x0000000080000E24] -> 0x5EB7
mem[X,0x0000000080000E26] -> 0xAA3F
[910] [M]: 0x0000000080000E24 (0xAA3F5EB7) lui t4, -0x55c0b
x29 <- 0xFFFFFFFFAA3F5000

mem[X,0x0000000080000E28] -> 0x8E93
mem[X,0x0000000080000E2A] -> 0x520E
[911] [M]: 0x0000000080000E28 (0x520E8E93) addi t4, t4, 0x520
x29 <- 0xFFFFFFFFAA3F5520

mem[X,0x0000000080000E2C] -> 0x9E93
mem[X,0x0000000080000E2E] -> 0x00BE
[912] [M]: 0x0000000080000E2C (0x00BE9E93) slli t4, t4, 0xb
x29 <- 0xFFFFFD51FAA90000

mem[X,0x0000000080000E30] -> 0x8E93
mem[X,0x0000000080000E32] -> 0x3FFE
[913] [M]: 0x0000000080000E30 (0x3FFE8E93) addi t4, t4, 0x3ff
x29 <- 0xFFFFFD51FAA903FF

mem[X,0x0000000080000E34] -> 0x9E93
mem[X,0x0000000080000E36] -> 0x00BE
[914] [M]: 0x0000000080000E34 (0x00BE9E93) slli t4, t4, 0xb
x29 <- 0xFFEA8FD5481FF800

mem[X,0x0000000080000E38] -> 0x8E93
mem[X,0x0000000080000E3A] -> 0x604E
[915] [M]: 0x0000000080000E38 (0x604E8E93) addi t4, t4, 0x604
x29 <- 0xFFEA8FD5481FFE04

mem[X,0x0000000080000E3C] -> 0x9E93
mem[X,0x0000000080000E3E] -> 0x00AE
[916] [M]: 0x0000000080000E3C (0x00AE9E93) slli t4, t4, 0xa
x29 <- 0xAA3F55207FF81000

mem[X,0x0000000080000E40] -> 0x8E93
mem[X,0x0000000080000E42] -> 0x055E
[917] [M]: 0x0000000080000E40 (0x055E8E93) addi t4, t4, 0x55
x29 <- 0xAA3F55207FF81055

mem[X,0x0000000080000E44] -> 0x0FBB
mem[X,0x0000000080000E46] -> 0xD5DF
[918] [M]: 0x0000000080000E44 (0xD5DF0FBB) pssub.b t6, t5, t4
x31 <- 0x7F01BB358009CFAE

mem[X,0x0000000080000E48] -> 0xB423
mem[X,0x0000000080000E4A] -> 0x07F0
[919] [M]: 0x0000000080000E48 (0x07F0B423) sd t6, 0x68(ra)
mem[0x0000000080004270] <- 0x7F01BB358009CFAE

mem[X,0x0000000080000E4C] -> 0x4F37
mem[X,0x0000000080000E4E] -> 0x08FB
[920] [M]: 0x0000000080000E4C (0x08FB4F37) lui t5, 0x8fb4
x30 <- 0x0000000008FB4000

mem[X,0x0000000080000E50] -> 0x0F13
mem[X,0x0000000080000E52] -> 0xF06F
[921] [M]: 0x0000000080000E50 (0xF06F0F13) addi t5, t5, -0xfa
x30 <- 0x0000000008FB3F06

mem[X,0x0000000080000E54] -> 0x1F13
mem[X,0x0000000080000E56] -> 0x00BF
[922] [M]: 0x0000000080000E54 (0x00BF1F13) slli t5, t5, 0xb
x30 <- 0x00000047D9F83000

mem[X,0x0000000080000E58] -> 0x0F13
mem[X,0x0000000080000E5A] -> 0x01AF
[923] [M]: 0x0000000080000E58 (0x01AF0F13) addi t5, t5, 0x1a
x30 <- 0x00000047D9F8301A

mem[X,0x0000000080000E5C] -> 0x1F13
mem[X,0x0000000080000E5E] -> 0x00BF
[924] [M]: 0x0000000080000E5C (0x00BF1F13) slli t5, t5, 0xb
x30 <- 0x00023ECFC180D000

mem[X,0x0000000080000E60] -> 0x0F13
mem[X,0x0000000080000E62] -> 0x00FF
[925] [M]: 0x0000000080000E60 (0x00FF0F13) addi t5, t5, 0xf
x30 <- 0x00023ECFC180D00F

mem[X,0x0000000080000E64] -> 0x1F13
mem[X,0x0000000080000E66] -> 0x00AF
[926] [M]: 0x0000000080000E64 (0x00AF1F13) slli t5, t5, 0xa
x30 <- 0x08FB3F0603403C00

mem[X,0x0000000080000E68] -> 0x0F13
mem[X,0x0000000080000E6A] -> 0x302F
[927] [M]: 0x0000000080000E68 (0x302F0F13) addi t5, t5, 0x302
x30 <- 0x08FB3F0603403F02

mem[X,0x0000000080000E6C] -> 0x0EB7
mem[X,0x0000000080000E6E] -> 0x09F9
[928] [M]: 0x0000000080000E6C (0x09F90EB7) lui t4, 0x9f90
x29 <- 0x0000000009F90000

mem[X,0x0000000080000E70] -> 0x8E93
mem[X,0x0000000080000E72] -> 0x755E
[929] [M]: 0x0000000080000E70 (0x755E8E93) addi t4, t4, 0x755
x29 <- 0x0000000009F90755

mem[X,0x0000000080000E74] -> 0x9E93
mem[X,0x0000000080000E76] -> 0x00BE
[930] [M]: 0x0000000080000E74 (0x00BE9E93) slli t4, t4, 0xb
x29 <- 0x0000004FC83AA800

mem[X,0x0000000080000E78] -> 0x8E93
mem[X,0x0000000080000E7A] -> 0x205E
[931] [M]: 0x0000000080000E78 (0x205E8E93) addi t4, t4, 0x205
x29 <- 0x0000004FC83AAA05

mem[X,0x0000000080000E7C] -> 0x9E93
mem[X,0x0000000080000E7E] -> 0x00BE
[932] [M]: 0x0000000080000E7C (0x00BE9E93) slli t4, t4, 0xb
x29 <- 0x00027E41D5502800

mem[X,0x0000000080000E80] -> 0x8E93
mem[X,0x0000000080000E82] -> 0x2B7E
[933] [M]: 0x0000000080000E80 (0x2B7E8E93) addi t4, t4, 0x2b7
x29 <- 0x00027E41D5502AB7

mem[X,0x0000000080000E84] -> 0x9E93
mem[X,0x0000000080000E86] -> 0x00AE
[934] [M]: 0x0000000080000E84 (0x00AE9E93) slli t4, t4, 0xa
x29 <- 0x09F9075540AADC00

mem[X,0x0000000080000E88] -> 0x8E93
mem[X,0x0000000080000E8A] -> 0x340E
[935] [M]: 0x0000000080000E88 (0x340E8E93) addi t4, t4, 0x340
x29 <- 0x09F9075540AADF40

mem[X,0x0000000080000E8C] -> 0x0FBB
mem[X,0x0000000080000E8E] -> 0xD5DF
[936] [M]: 0x0000000080000E8C (0xD5DF0FBB) pssub.b t6, t5, t4
x31 <- 0xFF0238B1C37F60C2

mem[X,0x0000000080000E90] -> 0xB823
mem[X,0x0000000080000E92] -> 0x07F0
[937] [M]: 0x0000000080000E90 (0x07F0B823) sd t6, 0x70(ra)
mem[0x0000000080004278] <- 0xFF0238B1C37F60C2

mem[X,0x0000000080000E94] -> 0x0F37
mem[X,0x0000000080000E96] -> 0x803F
[938] [M]: 0x0000000080000E94 (0x803F0F37) lui t5, -0x7fc10
x30 <- 0xFFFFFFFF803F0000

mem[X,0x0000000080000E98] -> 0x0F13
mem[X,0x0000000080000E9A] -> 0x2EFF
[939] [M]: 0x0000000080000E98 (0x2EFF0F13) addi t5, t5, 0x2ef
x30 <- 0xFFFFFFFF803F02EF

mem[X,0x0000000080000E9C] -> 0x1F13
mem[X,0x0000000080000E9E] -> 0x00BF
[940] [M]: 0x0000000080000E9C (0x00BF1F13) slli t5, t5, 0xb
x30 <- 0xFFFFFC01F8177800

mem[X,0x0000000080000EA0] -> 0x0F13
mem[X,0x0000000080000EA2] -> 0x7C0F
[941] [M]: 0x0000000080000EA0 (0x7C0F0F13) addi t5, t5, 0x7c0
x30 <- 0xFFFFFC01F8177FC0

mem[X,0x0000000080000EA4] -> 0x1F13
mem[X,0x0000000080000EA6] -> 0x00BF
[942] [M]: 0x0000000080000EA4 (0x00BF1F13) slli t5, t5, 0xb
x30 <- 0xFFE00FC0BBFE0000

mem[X,0x0000000080000EA8] -> 0x0F13
mem[X,0x0000000080000EAA] -> 0x140F
[943] [M]: 0x0000000080000EA8 (0x140F0F13) addi t5, t5, 0x140
x30 <- 0xFFE00FC0BBFE0140

mem[X,0x0000000080000EAC] -> 0x1F13
mem[X,0x0000000080000EAE] -> 0x00AF
[944] [M]: 0x0000000080000EAC (0x00AF1F13) slli t5, t5, 0xa
x30 <- 0x803F02EFF8050000

mem[X,0x0000000080000EB0] -> 0x0F13
mem[X,0x0000000080000EB2] -> 0x380F
[945] [M]: 0x0000000080000EB0 (0x380F0F13) addi t5, t5, 0x380
x30 <- 0x803F02EFF8050380

mem[X,0x0000000080000EB4] -> 0x0EB7
mem[X,0x0000000080000EB6] -> 0xC000
[946] [M]: 0x0000000080000EB4 (0xC0000EB7) lui t4, -0x40000
x29 <- 0xFFFFFFFFC0000000

mem[X,0x0000000080000EB8] -> 0x8E93
mem[X,0x0000000080000EBA] -> 0x106E
[947] [M]: 0x0000000080000EB8 (0x106E8E93) addi t4, t4, 0x106
x29 <- 0xFFFFFFFFC0000106

mem[X,0x0000000080000EBC] -> 0x9E93
mem[X,0x0000000080000EBE] -> 0x00BE
[948] [M]: 0x0000000080000EBC (0x00BE9E93) slli t4, t4, 0xb
x29 <- 0xFFFFFE0000083000

mem[X,0x0000000080000EC0] -> 0x8E93
mem[X,0x0000000080000EC2] -> 0x778E
[949] [M]: 0x0000000080000EC0 (0x778E8E93) addi t4, t4, 0x778
x29 <- 0xFFFFFE0000083778

mem[X,0x0000000080000EC4] -> 0x9E93
mem[X,0x0000000080000EC6] -> 0x00BE
[950] [M]: 0x0000000080000EC4 (0x00BE9E93) slli t4, t4, 0xb
x29 <- 0xFFF0000041BBC000

mem[X,0x0000000080000EC8] -> 0x8E93
mem[X,0x0000000080000ECA] -> 0x082E
[951] [M]: 0x0000000080000EC8 (0x082E8E93) addi t4, t4, 0x82
x29 <- 0xFFF0000041BBC082

mem[X,0x0000000080000ECC] -> 0x9E93
mem[X,0x0000000080000ECE] -> 0x00AE
[952] [M]: 0x0000000080000ECC (0x00AE9E93) slli t4, t4, 0xa
x29 <- 0xC0000106EF020800

mem[X,0x0000000080000ED0] -> 0x8E93
mem[X,0x0000000080000ED2] -> 0x17FE
[953] [M]: 0x0000000080000ED0 (0x17FE8E93) addi t4, t4, 0x17f
x29 <- 0xC0000106EF02097F

mem[X,0x0000000080000ED4] -> 0x0FBB
mem[X,0x0000000080000ED6] -> 0xD5DF
[954] [M]: 0x0000000080000ED4 (0xD5DF0FBB) pssub.b t6, t5, t4
x31 <- 0xC03F01E90903FA80

mem[X,0x0000000080000ED8] -> 0xBC23
mem[X,0x0000000080000EDA] -> 0x07F0
[955] [M]: 0x0000000080000ED8 (0x07F0BC23) sd t6, 0x78(ra)
mem[0x0000000080004280] <- 0xC03F01E90903FA80

mem[X,0x0000000080000EDC] -> 0x0F37
mem[X,0x0000000080000EDE] -> 0xFBFD
[956] [M]: 0x0000000080000EDC (0xFBFD0F37) lui t5, -0x4030
x30 <- 0xFFFFFFFFFBFD0000

mem[X,0x0000000080000EE0] -> 0x0F13
mem[X,0x0000000080000EE2] -> 0x305F
[957] [M]: 0x0000000080000EE0 (0x305F0F13) addi t5, t5, 0x305
x30 <- 0xFFFFFFFFFBFD0305

mem[X,0x0000000080000EE4] -> 0x1F13
mem[X,0x0000000080000EE6] -> 0x00BF
[958] [M]: 0x0000000080000EE4 (0x00BF1F13) slli t5, t5, 0xb
x30 <- 0xFFFFFFDFE8182800

mem[X,0x0000000080000EE8] -> 0x0F13
mem[X,0x0000000080000EEA] -> 0x027F
[959] [M]: 0x0000000080000EE8 (0x027F0F13) addi t5, t5, 0x27
x30 <- 0xFFFFFFDFE8182827

mem[X,0x0000000080000EEC] -> 0x1F13
mem[X,0x0000000080000EEE] -> 0x00BF
[960] [M]: 0x0000000080000EEC (0x00BF1F13) slli t5, t5, 0xb
x30 <- 0xFFFEFF40C1413800

mem[X,0x0000000080000EF0] -> 0x0F13
mem[X,0x0000000080000EF2] -> 0x640F
[961] [M]: 0x0000000080000EF0 (0x640F0F13) addi t5, t5, 0x640
x30 <- 0xFFFEFF40C1413E40

mem[X,0x0000000080000EF4] -> 0x1F13
mem[X,0x0000000080000EF6] -> 0x00AF
[962] [M]: 0x0000000080000EF4 (0x00AF1F13) slli t5, t5, 0xa
x30 <- 0xFBFD030504F90000

mem[X,0x0000000080000EF8] -> 0x0F13
mem[X,0x0000000080000EFA] -> 0x005F
[963] [M]: 0x0000000080000EF8 (0x005F0F13) addi t5, t5, 0x5
x30 <- 0xFBFD030504F90005

mem[X,0x0000000080000EFC] -> 0x4EB7
mem[X,0x0000000080000EFE] -> 0x0410
[964] [M]: 0x0000000080000EFC (0x04104EB7) lui t4, 0x4104
x29 <- 0x0000000004104000

mem[X,0x0000000080000F00] -> 0x8E93
mem[X,0x0000000080000F02] -> 0xFFBE
[965] [M]: 0x0000000080000F00 (0xFFBE8E93) addi t4, t4, -0x5
x29 <- 0x0000000004103FFB

mem[X,0x0000000080000F04] -> 0x9E93
mem[X,0x0000000080000F06] -> 0x00BE
[966] [M]: 0x0000000080000F04 (0x00BE9E93) slli t4, t4, 0xb
x29 <- 0x0000002081FFD800

mem[X,0x0000000080000F08] -> 0x8E93
mem[X,0x0000000080000F0A] -> 0x7F7E
[967] [M]: 0x0000000080000F08 (0x7F7E8E93) addi t4, t4, 0x7f7
x29 <- 0x0000002081FFDFF7

mem[X,0x0000000080000F0C] -> 0x9E93
mem[X,0x0000000080000F0E] -> 0x00BE
[968] [M]: 0x0000000080000F0C (0x00BE9E93) slli t4, t4, 0xb
x29 <- 0x0001040FFEFFB800

mem[X,0x0000000080000F10] -> 0x8E93
mem[X,0x0000000080000F12] -> 0x701E
[969] [M]: 0x0000000080000F10 (0x701E8E93) addi t4, t4, 0x701
x29 <- 0x0001040FFEFFBF01

mem[X,0x0000000080000F14] -> 0x9E93
mem[X,0x0000000080000F16] -> 0x00AE
[970] [M]: 0x0000000080000F14 (0x00AE9E93) slli t4, t4, 0xa
x29 <- 0x04103FFBFEFC0400

mem[X,0x0000000080000F18] -> 0x8E93
mem[X,0x0000000080000F1A] -> 0x1FEE
[971] [M]: 0x0000000080000F18 (0x1FEE8E93) addi t4, t4, 0x1fe
x29 <- 0x04103FFBFEFC05FE

mem[X,0x0000000080000F1C] -> 0x0FBB
mem[X,0x0000000080000F1E] -> 0xD5DF
[972] [M]: 0x0000000080000F1C (0xD5DF0FBB) pssub.b t6, t5, t4
x31 <- 0xF7EDC40A06FDFB07

mem[X,0x0000000080000F20] -> 0xB023
mem[X,0x0000000080000F22] -> 0x09F0
[973] [M]: 0x0000000080000F20 (0x09F0B023) sd t6, 0x80(ra)
mem[0x0000000080004288] <- 0xF7EDC40A06FDFB07

mem[X,0x0000000080000F24] -> 0x8F37
mem[X,0x0000000080000F26] -> 0xEF06
[974] [M]: 0x0000000080000F24 (0xEF068F37) lui t5, -0x10f98
x30 <- 0xFFFFFFFFEF068000

mem[X,0x0000000080000F28] -> 0x0F13
mem[X,0x0000000080000F2A] -> 0xF00F
[975] [M]: 0x0000000080000F28 (0xF00F0F13) addi t5, t5, -0x100
x30 <- 0xFFFFFFFFEF067F00

mem[X,0x0000000080000F2C] -> 0x1F13
mem[X,0x0000000080000F2E] -> 0x00BF
[976] [M]: 0x0000000080000F2C (0x00BF1F13) slli t5, t5, 0xb
x30 <- 0xFFFFFF7833F80000

mem[X,0x0000000080000F30] -> 0x0F13
mem[X,0x0000000080000F32] -> 0x7B0F
[977] [M]: 0x0000000080000F30 (0x7B0F0F13) addi t5, t5, 0x7b0
x30 <- 0xFFFFFF7833F807B0

mem[X,0x0000000080000F34] -> 0x1F13
mem[X,0x0000000080000F36] -> 0x00BF
[978] [M]: 0x0000000080000F34 (0x00BF1F13) slli t5, t5, 0xb
x30 <- 0xFFFBC19FC03D8000

mem[X,0x0000000080000F38] -> 0x0F13
mem[X,0x0000000080000F3A] -> 0x1B7F
[979] [M]: 0x0000000080000F38 (0x1B7F0F13) addi t5, t5, 0x1b7
x30 <- 0xFFFBC19FC03D81B7

mem[X,0x0000000080000F3C] -> 0x1F13
mem[X,0x0000000080000F3E] -> 0x00AF
[980] [M]: 0x0000000080000F3C (0x00AF1F13) slli t5, t5, 0xa
x30 <- 0xEF067F00F606DC00

mem[X,0x0000000080000F40] -> 0x0F13
mem[X,0x0000000080000F42] -> 0x3FEF
[981] [M]: 0x0000000080000F40 (0x3FEF0F13) addi t5, t5, 0x3fe
x30 <- 0xEF067F00F606DFFE

mem[X,0x0000000080000F44] -> 0x4EB7
mem[X,0x0000000080000F46] -> 0xF901
[982] [M]: 0x0000000080000F44 (0xF9014EB7) lui t4, -0x6fec
x29 <- 0xFFFFFFFFF9014000

mem[X,0x0000000080000F48] -> 0x8E93
mem[X,0x0000000080000F4A] -> 0xFFFE
[983] [M]: 0x0000000080000F48 (0xFFFE8E93) addi t4, t4, -0x1
x29 <- 0xFFFFFFFFF9013FFF

mem[X,0x0000000080000F4C] -> 0x9E93
mem[X,0x0000000080000F4E] -> 0x00BE
[984] [M]: 0x0000000080000F4C (0x00BE9E93) slli t4, t4, 0xb
x29 <- 0xFFFFFFC809FFF800

mem[X,0x0000000080000F50] -> 0x8E93
mem[X,0x0000000080000F52] -> 0x006E
[985] [M]: 0x0000000080000F50 (0x006E8E93) addi t4, t4, 0x6
x29 <- 0xFFFFFFC809FFF806

mem[X,0x0000000080000F54] -> 0x9E93
mem[X,0x0000000080000F56] -> 0x00BE
[986] [M]: 0x0000000080000F54 (0x00BE9E93) slli t4, t4, 0xb
x29 <- 0xFFFE404FFFC03000

mem[X,0x0000000080000F58] -> 0x8E93
mem[X,0x0000000080000F5A] -> 0x001E
[987] [M]: 0x0000000080000F58 (0x001E8E93) addi t4, t4, 0x1
x29 <- 0xFFFE404FFFC03001

mem[X,0x0000000080000F5C] -> 0x9E93
mem[X,0x0000000080000F5E] -> 0x00AE
[988] [M]: 0x0000000080000F5C (0x00AE9E93) slli t4, t4, 0xa
x29 <- 0xF9013FFF00C00400

mem[X,0x0000000080000F60] -> 0x8E93
mem[X,0x0000000080000F62] -> 0x0F8E
[989] [M]: 0x0000000080000F60 (0x0F8E8E93) addi t4, t4, 0xf8
x29 <- 0xF9013FFF00C004F8

mem[X,0x0000000080000F64] -> 0x0FBB
mem[X,0x0000000080000F66] -> 0xD5DF
[990] [M]: 0x0000000080000F64 (0xD5DF0FBB) pssub.b t6, t5, t4
x31 <- 0xF6054001F646DB06

mem[X,0x0000000080000F68] -> 0xB423
mem[X,0x0000000080000F6A] -> 0x09F0
[991] [M]: 0x0000000080000F68 (0x09F0B423) sd t6, 0x88(ra)
mem[0x0000000080004290] <- 0xF6054001F646DB06

mem[X,0x0000000080000F6C] -> 0x8F37
mem[X,0x0000000080000F6E] -> 0xFF06
[992] [M]: 0x0000000080000F6C (0xFF068F37) lui t5, -0xf98
x30 <- 0xFFFFFFFFFF068000

mem[X,0x0000000080000F70] -> 0x0F13
mem[X,0x0000000080000F72] -> 0x0DFF
[993] [M]: 0x0000000080000F70 (0x0DFF0F13) addi t5, t5, 0xdf
x30 <- 0xFFFFFFFFFF0680DF

mem[X,0x0000000080000F74] -> 0x1F13
mem[X,0x0000000080000F76] -> 0x00BF
[994] [M]: 0x0000000080000F74 (0x00BF1F13) slli t5, t5, 0xb
x30 <- 0xFFFFFFF83406F800

mem[X,0x0000000080000F78] -> 0x0F13
mem[X,0x0000000080000F7A] -> 0x7B0F
[995] [M]: 0x0000000080000F78 (0x7B0F0F13) addi t5, t5, 0x7b0
x30 <- 0xFFFFFFF83406FFB0

mem[X,0x0000000080000F7C] -> 0x1F13
mem[X,0x0000000080000F7E] -> 0x00BF
[996] [M]: 0x0000000080000F7C (0x00BF1F13) slli t5, t5, 0xb
x30 <- 0xFFFFC1A037FD8000

mem[X,0x0000000080000F80] -> 0x0F13
mem[X,0x0000000080000F82] -> 0x23EF
[997] [M]: 0x0000000080000F80 (0x23EF0F13) addi t5, t5, 0x23e
x30 <- 0xFFFFC1A037FD823E

mem[X,0x0000000080000F84] -> 0x1F13
mem[X,0x0000000080000F86] -> 0x00AF
[998] [M]: 0x0000000080000F84 (0x00AF1F13) slli t5, t5, 0xa
x30 <- 0xFF0680DFF608F800

mem[X,0x0000000080000F88] -> 0x0F13
mem[X,0x0000000080000F8A] -> 0x307F
[999] [M]: 0x0000000080000F88 (0x307F0F13) addi t5, t5, 0x307
x30 <- 0xFF0680DFF608FB07

clint::tick mtime <- 0x000000000000000A
 clint timer pending at mtime 0x000000000000000A
htif::tick 0x0000000000000000
mem[X,0x0000000080000F8C] -> 0x1EB7
mem[X,0x0000000080000F8E] -> 0x04AA
[1000] [M]: 0x0000000080000F8C (0x04AA1EB7) lui t4, 0x4aa1
x29 <- 0x0000000004AA1000

mem[X,0x0000000080000F90] -> 0x8E93
mem[X,0x0000000080000F92] -> 0x07FE
[1001] [M]: 0x0000000080000F90 (0x07FE8E93) addi t4, t4, 0x7f
x29 <- 0x0000000004AA107F

mem[X,0x0000000080000F94] -> 0x9E93
mem[X,0x0000000080000F96] -> 0x00BE
[1002] [M]: 0x0000000080000F94 (0x00BE9E93) slli t4, t4, 0xb
x29 <- 0x000000255083F800

mem[X,0x0000000080000F98] -> 0x8E93
mem[X,0x0000000080000F9A] -> 0x087E
[1003] [M]: 0x0000000080000F98 (0x087E8E93) addi t4, t4, 0x87
x29 <- 0x000000255083F887

mem[X,0x0000000080000F9C] -> 0x9E93
mem[X,0x0000000080000F9E] -> 0x00BE
[1004] [M]: 0x0000000080000F9C (0x00BE9E93) slli t4, t4, 0xb
x29 <- 0x00012A841FC43800

mem[X,0x0000000080000FA0] -> 0x8E93
mem[X,0x0000000080000FA2] -> 0x5BDE
[1005] [M]: 0x0000000080000FA0 (0x5BDE8E93) addi t4, t4, 0x5bd
x29 <- 0x00012A841FC43DBD

mem[X,0x0000000080000FA4] -> 0x9E93
mem[X,0x0000000080000FA6] -> 0x00AE
[1006] [M]: 0x0000000080000FA4 (0x00AE9E93) slli t4, t4, 0xa
x29 <- 0x04AA107F10F6F400

mem[X,0x0000000080000FA8] -> 0x8E93
mem[X,0x0000000080000FAA] -> 0x3FFE
[1007] [M]: 0x0000000080000FA8 (0x3FFE8E93) addi t4, t4, 0x3ff
x29 <- 0x04AA107F10F6F7FF

mem[X,0x0000000080000FAC] -> 0x0FBB
mem[X,0x0000000080000FAE] -> 0xD5DF
[1008] [M]: 0x0000000080000FAC (0xD5DF0FBB) pssub.b t6, t5, t4
x31 <- 0xFB5C8080E6120408

mem[X,0x0000000080000FB0] -> 0xB823
mem[X,0x0000000080000FB2] -> 0x09F0
[1009] [M]: 0x0000000080000FB0 (0x09F0B823) sd t6, 0x90(ra)
mem[0x0000000080004298] <- 0xFB5C8080E6120408

mem[X,0x0000000080000FB4] -> 0x0F37
mem[X,0x0000000080000FB6] -> 0x03FA
[1010] [M]: 0x0000000080000FB4 (0x03FA0F37) lui t5, 0x3fa0
x30 <- 0x0000000003FA0000

mem[X,0x0000000080000FB8] -> 0x0F13
mem[X,0x0000000080000FBA] -> 0x83FF
[1011] [M]: 0x0000000080000FB8 (0x83FF0F13) addi t5, t5, -0x7c1
x30 <- 0x0000000003F9F83F

mem[X,0x0000000080000FBC] -> 0x1F13
mem[X,0x0000000080000FBE] -> 0x00BF
[1012] [M]: 0x0000000080000FBC (0x00BF1F13) slli t5, t5, 0xb
x30 <- 0x0000001FCFC1F800

mem[X,0x0000000080000FC0] -> 0x0F13
mem[X,0x0000000080000FC2] -> 0x7E0F
[1013] [M]: 0x0000000080000FC0 (0x7E0F0F13) addi t5, t5, 0x7e0
x30 <- 0x0000001FCFC1FFE0

mem[X,0x0000000080000FC4] -> 0x1F13
mem[X,0x0000000080000FC6] -> 0x00BF
[1014] [M]: 0x0000000080000FC4 (0x00BF1F13) slli t5, t5, 0xb
x30 <- 0x0000FE7E0FFF0000

mem[X,0x0000000080000FC8] -> 0x0F13
mem[X,0x0000000080000FCA] -> 0x202F
[1015] [M]: 0x0000000080000FC8 (0x202F0F13) addi t5, t5, 0x202
x30 <- 0x0000FE7E0FFF0202

mem[X,0x0000000080000FCC] -> 0x1F13
mem[X,0x0000000080000FCE] -> 0x00AF
[1016] [M]: 0x0000000080000FCC (0x00AF1F13) slli t5, t5, 0xa
x30 <- 0x03F9F83FFC080800

mem[X,0x0000000080000FD0] -> 0x0F13
mem[X,0x0000000080000FD2] -> 0x080F
[1017] [M]: 0x0000000080000FD0 (0x080F0F13) addi t5, t5, 0x80
x30 <- 0x03F9F83FFC080880

mem[X,0x0000000080000FD4] -> 0x0EB7
mem[X,0x0000000080000FD6] -> 0x2002
[1018] [M]: 0x0000000080000FD4 (0x20020EB7) lui t4, 0x20020
x29 <- 0x0000000020020000

mem[X,0x0000000080000FD8] -> 0x8E93
mem[X,0x0000000080000FDA] -> 0x901E
[1019] [M]: 0x0000000080000FD8 (0x901E8E93) addi t4, t4, -0x6ff
x29 <- 0x000000002001F901

mem[X,0x0000000080000FDC] -> 0x9E93
mem[X,0x0000000080000FDE] -> 0x00BE
[1020] [M]: 0x0000000080000FDC (0x00BE9E93) slli t4, t4, 0xb
x29 <- 0x000001000FC80800

mem[X,0x0000000080000FE0] -> 0x8E93
mem[X,0x0000000080000FE2] -> 0x7CDE
[1021] [M]: 0x0000000080000FE0 (0x7CDE8E93) addi t4, t4, 0x7cd
x29 <- 0x000001000FC80FCD

mem[X,0x0000000080000FE4] -> 0x9E93
mem[X,0x0000000080000FE6] -> 0x00BE
[1022] [M]: 0x0000000080000FE4 (0x00BE9E93) slli t4, t4, 0xb
x29 <- 0x0008007E407E6800

mem[X,0x0000000080000FE8] -> 0x8E93
mem[X,0x0000000080000FEA] -> 0x7FBE
[1023] [M]: 0x0000000080000FE8 (0x7FBE8E93) addi t4, t4, 0x7fb
x29 <- 0x0008007E407E6FFB

mem[X,0x0000000080000FEC] -> 0x9E93
mem[X,0x0000000080000FEE] -> 0x00AE
[1024] [M]: 0x0000000080000FEC (0x00AE9E93) slli t4, t4, 0xa
x29 <- 0x2001F901F9BFEC00

mem[X,0x0000000080000FF0] -> 0x8E93
mem[X,0x0000000080000FF2] -> 0x300E
[1025] [M]: 0x0000000080000FF0 (0x300E8E93) addi t4, t4, 0x300
x29 <- 0x2001F901F9BFEF00

mem[X,0x0000000080000FF4] -> 0x0FBB
mem[X,0x0000000080000FF6] -> 0xD5DF
[1026] [M]: 0x0000000080000FF4 (0xD5DF0FBB) pssub.b t6, t5, t4
x31 <- 0xE3F8FF3E03491980

mem[X,0x0000000080000FF8] -> 0xBC23
mem[X,0x0000000080000FFA] -> 0x09F0
[1027] [M]: 0x0000000080000FF8 (0x09F0BC23) sd t6, 0x98(ra)
mem[0x00000000800042A0] <- 0xE3F8FF3E03491980

mem[X,0x0000000080000FFC] -> 0x0F37
mem[X,0x0000000080000FFE] -> 0xFBAB
[1028] [M]: 0x0000000080000FFC (0xFBAB0F37) lui t5, -0x4550
x30 <- 0xFFFFFFFFFBAB0000

mem[X,0x0000000080001000] -> 0x0F13
mem[X,0x0000000080001002] -> 0xF01F
[1029] [M]: 0x0000000080001000 (0xF01F0F13) addi t5, t5, -0xff
x30 <- 0xFFFFFFFFFBAAFF01

mem[X,0x0000000080001004] -> 0x1F13
mem[X,0x0000000080001006] -> 0x00BF
[1030] [M]: 0x0000000080001004 (0x00BF1F13) slli t5, t5, 0xb
x30 <- 0xFFFFFFDD57F80800

mem[X,0x0000000080001008] -> 0x0F13
mem[X,0x000000008000100A] -> 0x007F
[1031] [M]: 0x0000000080001008 (0x007F0F13) addi t5, t5, 0x7
x30 <- 0xFFFFFFDD57F80807

mem[X,0x000000008000100C] -> 0x1F13
mem[X,0x000000008000100E] -> 0x00BF
[1032] [M]: 0x000000008000100C (0x00BF1F13) slli t5, t5, 0xb
x30 <- 0xFFFEEABFC0403800

mem[X,0x0000000080001010] -> 0x0F13
mem[X,0x0000000080001012] -> 0x7BBF
[1033] [M]: 0x0000000080001010 (0x7BBF0F13) addi t5, t5, 0x7bb
x30 <- 0xFFFEEABFC0403FBB

mem[X,0x0000000080001014] -> 0x1F13
mem[X,0x0000000080001016] -> 0x00AF
[1034] [M]: 0x0000000080001014 (0x00AF1F13) slli t5, t5, 0xa
x30 <- 0xFBAAFF0100FEEC00

mem[X,0x0000000080001018] -> 0x0F13
mem[X,0x000000008000101A] -> 0x380F
[1035] [M]: 0x0000000080001018 (0x380F0F13) addi t5, t5, 0x380
x30 <- 0xFBAAFF0100FEEF80

mem[X,0x000000008000101C] -> 0x0EB7
mem[X,0x000000008000101E] -> 0x0408
[1036] [M]: 0x000000008000101C (0x04080EB7) lui t4, 0x4080
x29 <- 0x0000000004080000

mem[X,0x0000000080001020] -> 0x8E93
mem[X,0x0000000080001022] -> 0x8AAE
[1037] [M]: 0x0000000080001020 (0x8AAE8E93) addi t4, t4, -0x756
x29 <- 0x000000000407F8AA

mem[X,0x0000000080001024] -> 0x9E93
mem[X,0x0000000080001026] -> 0x00BE
[1038] [M]: 0x0000000080001024 (0x00BE9E93) slli t4, t4, 0xb
x29 <- 0x000000203FC55000

mem[X,0x0000000080001028] -> 0x8E93
mem[X,0x000000008000102A] -> 0x407E
[1039] [M]: 0x0000000080001028 (0x407E8E93) addi t4, t4, 0x407
x29 <- 0x000000203FC55407

mem[X,0x000000008000102C] -> 0x9E93
mem[X,0x000000008000102E] -> 0x00BE
[1040] [M]: 0x000000008000102C (0x00BE9E93) slli t4, t4, 0xb
x29 <- 0x000101FE2AA03800

mem[X,0x0000000080001030] -> 0x8E93
mem[X,0x0000000080001032] -> 0x3E0E
[1041] [M]: 0x0000000080001030 (0x3E0E8E93) addi t4, t4, 0x3e0
x29 <- 0x000101FE2AA03BE0

mem[X,0x0000000080001034] -> 0x9E93
mem[X,0x0000000080001036] -> 0x00AE
[1042] [M]: 0x0000000080001034 (0x00AE9E93) slli t4, t4, 0xa
x29 <- 0x0407F8AA80EF8000

mem[X,0x0000000080001038] -> 0x8E93
mem[X,0x000000008000103A] -> 0x001E
[1043] [M]: 0x0000000080001038 (0x001E8E93) addi t4, t4, 0x1
x29 <- 0x0407F8AA80EF8001

mem[X,0x000000008000103C] -> 0x0FBB
mem[X,0x000000008000103E] -> 0xD5DF
[1044] [M]: 0x000000008000103C (0xD5DF0FBB) pssub.b t6, t5, t4
x31 <- 0xF7A307577F0F6F80

mem[X,0x0000000080001040] -> 0xB023
mem[X,0x0000000080001042] -> 0x0BF0
[1045] [M]: 0x0000000080001040 (0x0BF0B023) sd t6, 0xa0(ra)
mem[0x00000000800042A8] <- 0xF7A307577F0F6F80

mem[X,0x0000000080001044] -> 0x0F37
mem[X,0x0000000080001046] -> 0x10FF
[1046] [M]: 0x0000000080001044 (0x10FF0F37) lui t5, 0x10ff0
x30 <- 0x0000000010FF0000

mem[X,0x0000000080001048] -> 0x0F13
mem[X,0x000000008000104A] -> 0x908F
[1047] [M]: 0x0000000080001048 (0x908F0F13) addi t5, t5, -0x6f8
x30 <- 0x0000000010FEF908

mem[X,0x000000008000104C] -> 0x1F13
mem[X,0x000000008000104E] -> 0x00BF
[1048] [M]: 0x000000008000104C (0x00BF1F13) slli t5, t5, 0xb
x30 <- 0x00000087F7C84000

mem[X,0x0000000080001050] -> 0x0F13
mem[X,0x0000000080001052] -> 0x1F8F
[1049] [M]: 0x0000000080001050 (0x1F8F0F13) addi t5, t5, 0x1f8
x30 <- 0x00000087F7C841F8

mem[X,0x0000000080001054] -> 0x1F13
mem[X,0x0000000080001056] -> 0x00BF
[1050] [M]: 0x0000000080001054 (0x00BF1F13) slli t5, t5, 0xb
x30 <- 0x00043FBE420FC000

mem[X,0x0000000080001058] -> 0x0F13
mem[X,0x000000008000105A] -> 0x1EFF
[1051] [M]: 0x0000000080001058 (0x1EFF0F13) addi t5, t5, 0x1ef
x30 <- 0x00043FBE420FC1EF

mem[X,0x000000008000105C] -> 0x1F13
mem[X,0x000000008000105E] -> 0x00AF
[1052] [M]: 0x000000008000105C (0x00AF1F13) slli t5, t5, 0xa
x30 <- 0x10FEF9083F07BC00

mem[X,0x0000000080001060] -> 0x0F13
mem[X,0x0000000080001062] -> 0x306F
[1053] [M]: 0x0000000080001060 (0x306F0F13) addi t5, t5, 0x306
x30 <- 0x10FEF9083F07BF06

mem[X,0x0000000080001064] -> 0x1EB7
mem[X,0x0000000080001066] -> 0x02BF
[1054] [M]: 0x0000000080001064 (0x02BF1EB7) lui t4, 0x2bf1
x29 <- 0x0000000002BF1000

mem[X,0x0000000080001068] -> 0x8E93
mem[X,0x000000008000106A] -> 0x9FAE
[1055] [M]: 0x0000000080001068 (0x9FAE8E93) addi t4, t4, -0x606
x29 <- 0x0000000002BF09FA

mem[X,0x000000008000106C] -> 0x9E93
mem[X,0x000000008000106E] -> 0x00BE
[1056] [M]: 0x000000008000106C (0x00BE9E93) slli t4, t4, 0xb
x29 <- 0x00000015F84FD000

mem[X,0x0000000080001070] -> 0x8E93
mem[X,0x0000000080001072] -> 0x204E
[1057] [M]: 0x0000000080001070 (0x204E8E93) addi t4, t4, 0x204
x29 <- 0x00000015F84FD204

mem[X,0x0000000080001074] -> 0x9E93
mem[X,0x0000000080001076] -> 0x00BE
[1058] [M]: 0x0000000080001074 (0x00BE9E93) slli t4, t4, 0xb
x29 <- 0x0000AFC27E902000

mem[X,0x0000000080001078] -> 0x8E93
mem[X,0x000000008000107A] -> 0x001E
[1059] [M]: 0x0000000080001078 (0x001E8E93) addi t4, t4, 0x1
x29 <- 0x0000AFC27E902001

mem[X,0x000000008000107C] -> 0x9E93
mem[X,0x000000008000107E] -> 0x00AE
[1060] [M]: 0x000000008000107C (0x00AE9E93) slli t4, t4, 0xa
x29 <- 0x02BF09FA40800400

mem[X,0x0000000080001080] -> 0x8E93
mem[X,0x0000000080001082] -> 0x102E
[1061] [M]: 0x0000000080001080 (0x102E8E93) addi t4, t4, 0x102
x29 <- 0x02BF09FA40800502

mem[X,0x0000000080001084] -> 0x0FBB
mem[X,0x0000000080001086] -> 0xD5DF
[1062] [M]: 0x0000000080001084 (0xD5DF0FBB) pssub.b t6, t5, t4
x31 <- 0x0E3FF00EFF7FBA04

mem[X,0x0000000080001088] -> 0xB423
mem[X,0x000000008000108A] -> 0x0BF0
[1063] [M]: 0x0000000080001088 (0x0BF0B423) sd t6, 0xa8(ra)
mem[0x00000000800042B0] <- 0x0E3FF00EFF7FBA04

mem[X,0x000000008000108C] -> 0xFF37
mem[X,0x000000008000108E] -> 0x02F8
[1064] [M]: 0x000000008000108C (0x02F8FF37) lui t5, 0x2f8f
x30 <- 0x0000000002F8F000

mem[X,0x0000000080001090] -> 0x0F13
mem[X,0x0000000080001092] -> 0xF06F
[1065] [M]: 0x0000000080001090 (0xF06F0F13) addi t5, t5, -0xfa
x30 <- 0x0000000002F8EF06

mem[X,0x0000000080001094] -> 0x1F13
mem[X,0x0000000080001096] -> 0x00BF
[1066] [M]: 0x0000000080001094 (0x00BF1F13) slli t5, t5, 0xb
x30 <- 0x00000017C7783000

mem[X,0x0000000080001098] -> 0x0F13
mem[X,0x000000008000109A] -> 0x600F
[1067] [M]: 0x0000000080001098 (0x600F0F13) addi t5, t5, 0x600
x30 <- 0x00000017C7783600

mem[X,0x000000008000109C] -> 0x1F13
mem[X,0x000000008000109E] -> 0x00BF
[1068] [M]: 0x000000008000109C (0x00BF1F13) slli t5, t5, 0xb
x30 <- 0x0000BE3BC1B00000

mem[X,0x00000000800010A0] -> 0x0F13
mem[X,0x00000000800010A2] -> 0x095F
[1069] [M]: 0x00000000800010A0 (0x095F0F13) addi t5, t5, 0x95
x30 <- 0x0000BE3BC1B00095

mem[X,0x00000000800010A4] -> 0x1F13
mem[X,0x00000000800010A6] -> 0x00AF
[1070] [M]: 0x00000000800010A4 (0x00AF1F13) slli t5, t5, 0xa
x30 <- 0x02F8EF06C0025400

mem[X,0x00000000800010A8] -> 0x0F13
mem[X,0x00000000800010AA] -> 0x1BFF
[1071] [M]: 0x00000000800010A8 (0x1BFF0F13) addi t5, t5, 0x1bf
x30 <- 0x02F8EF06C00255BF

mem[X,0x00000000800010AC] -> 0x4EB7
mem[X,0x00000000800010AE] -> 0xC0FA
[1072] [M]: 0x00000000800010AC (0xC0FA4EB7) lui t4, -0x3f05c
x29 <- 0xFFFFFFFFC0FA4000

mem[X,0x00000000800010B0] -> 0x8E93
mem[X,0x00000000800010B2] -> 0xF20E
[1073] [M]: 0x00000000800010B0 (0xF20E8E93) addi t4, t4, -0xe0
x29 <- 0xFFFFFFFFC0FA3F20

mem[X,0x00000000800010B4] -> 0x9E93
mem[X,0x00000000800010B6] -> 0x00BE
[1074] [M]: 0x00000000800010B4 (0x00BE9E93) slli t4, t4, 0xb
x29 <- 0xFFFFFE07D1F90000

mem[X,0x00000000800010B8] -> 0x8E93
mem[X,0x00000000800010BA] -> 0x7C8E
[1075] [M]: 0x00000000800010B8 (0x7C8E8E93) addi t4, t4, 0x7c8
x29 <- 0xFFFFFE07D1F907C8

mem[X,0x00000000800010BC] -> 0x9E93
mem[X,0x00000000800010BE] -> 0x00BE
[1076] [M]: 0x00000000800010BC (0x00BE9E93) slli t4, t4, 0xb
x29 <- 0xFFF03E8FC83E4000

mem[X,0x00000000800010C0] -> 0x8E93
mem[X,0x00000000800010C2] -> 0x140E
[1077] [M]: 0x00000000800010C0 (0x140E8E93) addi t4, t4, 0x140
x29 <- 0xFFF03E8FC83E4140

mem[X,0x00000000800010C4] -> 0x9E93
mem[X,0x00000000800010C6] -> 0x00AE
[1078] [M]: 0x00000000800010C4 (0x00AE9E93) slli t4, t4, 0xa
x29 <- 0xC0FA3F20F9050000

mem[X,0x00000000800010C8] -> 0x8E93
mem[X,0x00000000800010CA] -> 0x180E
[1079] [M]: 0x00000000800010C8 (0x180E8E93) addi t4, t4, 0x180
x29 <- 0xC0FA3F20F9050180

mem[X,0x00000000800010CC] -> 0x0FBB
mem[X,0x00000000800010CE] -> 0xD5DF
[1080] [M]: 0x00000000800010CC (0xD5DF0FBB) pssub.b t6, t5, t4
x31 <- 0x42FEB0E6C7FD543F

mem[X,0x00000000800010D0] -> 0xB823
mem[X,0x00000000800010D2] -> 0x0BF0
[1081] [M]: 0x00000000800010D0 (0x0BF0B823) sd t6, 0xb0(ra)
mem[0x00000000800042B8] <- 0x42FEB0E6C7FD543F

mem[X,0x00000000800010D4] -> 0x4F37
mem[X,0x00000000800010D6] -> 0xFF06
[1082] [M]: 0x00000000800010D4 (0xFF064F37) lui t5, -0xf9c
x30 <- 0xFFFFFFFFFF064000

mem[X,0x00000000800010D8] -> 0x0F13
mem[X,0x00000000800010DA] -> 0x002F
[1083] [M]: 0x00000000800010D8 (0x002F0F13) addi t5, t5, 0x2
x30 <- 0xFFFFFFFFFF064002

mem[X,0x00000000800010DC] -> 0x1F13
mem[X,0x00000000800010DE] -> 0x00BF
[1084] [M]: 0x00000000800010DC (0x00BF1F13) slli t5, t5, 0xb
x30 <- 0xFFFFFFF832001000

mem[X,0x00000000800010E0] -> 0x0F13
mem[X,0x00000000800010E2] -> 0x7BCF
[1085] [M]: 0x00000000800010E0 (0x7BCF0F13) addi t5, t5, 0x7bc
x30 <- 0xFFFFFFF8320017BC

mem[X,0x00000000800010E4] -> 0x1F13
mem[X,0x00000000800010E6] -> 0x00BF
[1086] [M]: 0x00000000800010E4 (0x00BF1F13) slli t5, t5, 0xb
x30 <- 0xFFFFC19000BDE000

mem[X,0x00000000800010E8] -> 0x0F13
mem[X,0x00000000800010EA] -> 0x03BF
[1087] [M]: 0x00000000800010E8 (0x03BF0F13) addi t5, t5, 0x3b
x30 <- 0xFFFFC19000BDE03B

mem[X,0x00000000800010EC] -> 0x1F13
mem[X,0x00000000800010EE] -> 0x00AF
[1088] [M]: 0x00000000800010EC (0x00AF1F13) slli t5, t5, 0xa
x30 <- 0xFF064002F780EC00

mem[X,0x00000000800010F0] -> 0x0F13
mem[X,0x00000000800010F2] -> 0x306F
[1089] [M]: 0x00000000800010F0 (0x306F0F13) addi t5, t5, 0x306
x30 <- 0xFF064002F780EF06

mem[X,0x00000000800010F4] -> 0x1EB7
mem[X,0x00000000800010F6] -> 0xFFDF
[1090] [M]: 0x00000000800010F4 (0xFFDF1EB7) lui t4, -0x20f
x29 <- 0xFFFFFFFFFFDF1000

mem[X,0x00000000800010F8] -> 0x8E93
mem[X,0x00000000800010FA] -> 0x0FDE
[1091] [M]: 0x00000000800010F8 (0x0FDE8E93) addi t4, t4, 0xfd
x29 <- 0xFFFFFFFFFFDF10FD

mem[X,0x00000000800010FC] -> 0x9E93
mem[X,0x00000000800010FE] -> 0x00BE
[1092] [M]: 0x00000000800010FC (0x00BE9E93) slli t4, t4, 0xb
x29 <- 0xFFFFFFFEF887E800

mem[X,0x0000000080001100] -> 0x8E93
mem[X,0x0000000080001102] -> 0x550E
[1093] [M]: 0x0000000080001100 (0x550E8E93) addi t4, t4, 0x550
x29 <- 0xFFFFFFFEF887ED50

mem[X,0x0000000080001104] -> 0x9E93
mem[X,0x0000000080001106] -> 0x00BE
[1094] [M]: 0x0000000080001104 (0x00BE9E93) slli t4, t4, 0xb
x29 <- 0xFFFFF7C43F6A8000

mem[X,0x0000000080001108] -> 0x8E93
mem[X,0x000000008000110A] -> 0x182E
[1095] [M]: 0x0000000080001108 (0x182E8E93) addi t4, t4, 0x182
x29 <- 0xFFFFF7C43F6A8182

mem[X,0x000000008000110C] -> 0x9E93
mem[X,0x000000008000110E] -> 0x00AE
[1096] [M]: 0x000000008000110C (0x00AE9E93) slli t4, t4, 0xa
x29 <- 0xFFDF10FDAA060800

mem[X,0x0000000080001110] -> 0x8E93
mem[X,0x0000000080001112] -> 0x1AAE
[1097] [M]: 0x0000000080001110 (0x1AAE8E93) addi t4, t4, 0x1aa
x29 <- 0xFFDF10FDAA0609AA

mem[X,0x0000000080001114] -> 0x0FBB
mem[X,0x0000000080001116] -> 0xD5DF
[1098] [M]: 0x0000000080001114 (0xD5DF0FBB) pssub.b t6, t5, t4
x31 <- 0x002730054D80E65C

mem[X,0x0000000080001118] -> 0xBC23
mem[X,0x000000008000111A] -> 0x0BF0
[1099] [M]: 0x0000000080001118 (0x0BF0BC23) sd t6, 0xb8(ra)
mem[0x00000000800042C0] <- 0x002730054D80E65C

clint::tick mtime <- 0x000000000000000B
 clint timer pending at mtime 0x000000000000000B
htif::tick 0x0000000000000000
mem[X,0x000000008000111C] -> 0x0F37
mem[X,0x000000008000111E] -> 0xF708
[1100] [M]: 0x000000008000111C (0xF7080F37) lui t5, -0x8f80
x30 <- 0xFFFFFFFFF7080000

mem[X,0x0000000080001120] -> 0x0F13
mem[X,0x0000000080001122] -> 0xE02F
[1101] [M]: 0x0000000080001120 (0xE02F0F13) addi t5, t5, -0x1fe
x30 <- 0xFFFFFFFFF707FE02

mem[X,0x0000000080001124] -> 0x1F13
mem[X,0x0000000080001126] -> 0x00BF
[1102] [M]: 0x0000000080001124 (0x00BF1F13) slli t5, t5, 0xb
x30 <- 0xFFFFFFB83FF01000

mem[X,0x0000000080001128] -> 0x0F13
mem[X,0x000000008000112A] -> 0x778F
[1103] [M]: 0x0000000080001128 (0x778F0F13) addi t5, t5, 0x778
x30 <- 0xFFFFFFB83FF01778

mem[X,0x000000008000112C] -> 0x1F13
mem[X,0x000000008000112E] -> 0x00BF
[1104] [M]: 0x000000008000112C (0x00BF1F13) slli t5, t5, 0xb
x30 <- 0xFFFDC1FF80BBC000

mem[X,0x0000000080001130] -> 0x0F13
mem[X,0x0000000080001132] -> 0x1EFF
[1105] [M]: 0x0000000080001130 (0x1EFF0F13) addi t5, t5, 0x1ef
x30 <- 0xFFFDC1FF80BBC1EF

mem[X,0x0000000080001134] -> 0x1F13
mem[X,0x0000000080001136] -> 0x00AF
[1106] [M]: 0x0000000080001134 (0x00AF1F13) slli t5, t5, 0xa
x30 <- 0xF707FE02EF07BC00

mem[X,0x0000000080001138] -> 0x0F13
mem[X,0x000000008000113A] -> 0x320F
[1107] [M]: 0x0000000080001138 (0x320F0F13) addi t5, t5, 0x320
x30 <- 0xF707FE02EF07BF20

mem[X,0x000000008000113C] -> 0x5EB7
mem[X,0x000000008000113E] -> 0x0306
[1108] [M]: 0x000000008000113C (0x03065EB7) lui t4, 0x3065
x29 <- 0x0000000003065000

mem[X,0x0000000080001140] -> 0x8E93
mem[X,0x0000000080001142] -> 0x5FAE
[1109] [M]: 0x0000000080001140 (0x5FAE8E93) addi t4, t4, 0x5fa
x29 <- 0x00000000030655FA

mem[X,0x0000000080001144] -> 0x9E93
mem[X,0x0000000080001146] -> 0x00BE
[1110] [M]: 0x0000000080001144 (0x00BE9E93) slli t4, t4, 0xb
x29 <- 0x0000001832AFD000

mem[X,0x0000000080001148] -> 0x8E93
mem[X,0x000000008000114A] -> 0x605E
[1111] [M]: 0x0000000080001148 (0x605E8E93) addi t4, t4, 0x605
x29 <- 0x0000001832AFD605

mem[X,0x000000008000114C] -> 0x9E93
mem[X,0x000000008000114E] -> 0x00BE
[1112] [M]: 0x000000008000114C (0x00BE9E93) slli t4, t4, 0xb
x29 <- 0x0000C1957EB02800

mem[X,0x0000000080001150] -> 0x8E93
mem[X,0x0000000080001152] -> 0x7C2E
[1113] [M]: 0x0000000080001150 (0x7C2E8E93) addi t4, t4, 0x7c2
x29 <- 0x0000C1957EB02FC2

mem[X,0x0000000080001154] -> 0x9E93
mem[X,0x0000000080001156] -> 0x00AE
[1114] [M]: 0x0000000080001154 (0x00AE9E93) slli t4, t4, 0xa
x29 <- 0x030655FAC0BF0800

mem[X,0x0000000080001158] -> 0x8E93
mem[X,0x000000008000115A] -> 0x010E
[1115] [M]: 0x0000000080001158 (0x010E8E93) addi t4, t4, 0x10
x29 <- 0x030655FAC0BF0810

mem[X,0x000000008000115C] -> 0x0FBB
mem[X,0x000000008000115E] -> 0xD5DF
[1116] [M]: 0x000000008000115C (0xD5DF0FBB) pssub.b t6, t5, t4
x31 <- 0xF401A9082F48B710

mem[X,0x0000000080001160] -> 0xB023
mem[X,0x0000000080001162] -> 0x0DF0
[1117] [M]: 0x0000000080001160 (0x0DF0B023) sd t6, 0xc0(ra)
mem[0x00000000800042C8] <- 0xF401A9082F48B710

mem[X,0x0000000080001164] -> 0xBF37
mem[X,0x0000000080001166] -> 0xFBF6
[1118] [M]: 0x0000000080001164 (0xFBF6BF37) lui t5, -0x4095
x30 <- 0xFFFFFFFFFBF6B000

mem[X,0x0000000080001168] -> 0x0F13
mem[X,0x000000008000116A] -> 0xAFAF
[1119] [M]: 0x0000000080001168 (0xAFAF0F13) addi t5, t5, -0x506
x30 <- 0xFFFFFFFFFBF6AAFA

mem[X,0x000000008000116C] -> 0x1F13
mem[X,0x000000008000116E] -> 0x00BF
[1120] [M]: 0x000000008000116C (0x00BF1F13) slli t5, t5, 0xb
x30 <- 0xFFFFFFDFB557D000

mem[X,0x0000000080001170] -> 0x0F13
mem[X,0x0000000080001172] -> 0x107F
[1121] [M]: 0x0000000080001170 (0x107F0F13) addi t5, t5, 0x107
x30 <- 0xFFFFFFDFB557D107

mem[X,0x0000000080001174] -> 0x1F13
mem[X,0x0000000080001176] -> 0x00BF
[1122] [M]: 0x0000000080001174 (0x00BF1F13) slli t5, t5, 0xb
x30 <- 0xFFFEFDAABE883800

mem[X,0x0000000080001178] -> 0x0F13
mem[X,0x000000008000117A] -> 0x740F
[1123] [M]: 0x0000000080001178 (0x740F0F13) addi t5, t5, 0x740
x30 <- 0xFFFEFDAABE883F40

mem[X,0x000000008000117C] -> 0x1F13
mem[X,0x000000008000117E] -> 0x00AF
[1124] [M]: 0x000000008000117C (0x00AF1F13) slli t5, t5, 0xa
x30 <- 0xFBF6AAFA20FD0000

mem[X,0x0000000080001180] -> 0x0F13
mem[X,0x0000000080001182] -> 0x202F
[1125] [M]: 0x0000000080001180 (0x202F0F13) addi t5, t5, 0x202
x30 <- 0xFBF6AAFA20FD0202

mem[X,0x0000000080001184] -> 0xFEB7
mem[X,0x0000000080001186] -> 0xF8F9
[1126] [M]: 0x0000000080001184 (0xF8F9FEB7) lui t4, -0x7061
x29 <- 0xFFFFFFFFF8F9F000

mem[X,0x0000000080001188] -> 0x8E93
mem[X,0x000000008000118A] -> 0x606E
[1127] [M]: 0x0000000080001188 (0x606E8E93) addi t4, t4, 0x606
x29 <- 0xFFFFFFFFF8F9F606

mem[X,0x000000008000118C] -> 0x9E93
mem[X,0x000000008000118E] -> 0x00BE
[1128] [M]: 0x000000008000118C (0x00BE9E93) slli t4, t4, 0xb
x29 <- 0xFFFFFFC7CFB03000

mem[X,0x0000000080001190] -> 0x8E93
mem[X,0x0000000080001192] -> 0x557E
[1129] [M]: 0x0000000080001190 (0x557E8E93) addi t4, t4, 0x557
x29 <- 0xFFFFFFC7CFB03557

mem[X,0x0000000080001194] -> 0x9E93
mem[X,0x0000000080001196] -> 0x00BE
[1130] [M]: 0x0000000080001194 (0x00BE9E93) slli t4, t4, 0xb
x29 <- 0xFFFE3E7D81AAB800

mem[X,0x0000000080001198] -> 0x8E93
mem[X,0x000000008000119A] -> 0x7AFE
[1131] [M]: 0x0000000080001198 (0x7AFE8E93) addi t4, t4, 0x7af
x29 <- 0xFFFE3E7D81AABFAF

mem[X,0x000000008000119C] -> 0x9E93
mem[X,0x000000008000119E] -> 0x00AE
[1132] [M]: 0x000000008000119C (0x00AE9E93) slli t4, t4, 0xa
x29 <- 0xF8F9F606AAFEBC00

mem[X,0x00000000800011A0] -> 0x8E93
mem[X,0x00000000800011A2] -> 0x320E
[1133] [M]: 0x00000000800011A0 (0x320E8E93) addi t4, t4, 0x320
x29 <- 0xF8F9F606AAFEBF20

mem[X,0x00000000800011A4] -> 0x0FBB
mem[X,0x00000000800011A6] -> 0xD5DF
[1134] [M]: 0x00000000800011A4 (0xD5DF0FBB) pssub.b t6, t5, t4
x31 <- 0x03FDB4F476FF43E2

mem[X,0x00000000800011A8] -> 0xB423
mem[X,0x00000000800011AA] -> 0x0DF0
[1135] [M]: 0x00000000800011A8 (0x0DF0B423) sd t6, 0xc8(ra)
mem[0x00000000800042D0] <- 0x03FDB4F476FF43E2

mem[X,0x00000000800011AC] -> 0x8F37
mem[X,0x00000000800011AE] -> 0xF905
[1136] [M]: 0x00000000800011AC (0xF9058F37) lui t5, -0x6fa8
x30 <- 0xFFFFFFFFF9058000

mem[X,0x00000000800011B0] -> 0x0F13
mem[X,0x00000000800011B2] -> 0xF01F
[1137] [M]: 0x00000000800011B0 (0xF01F0F13) addi t5, t5, -0xff
x30 <- 0xFFFFFFFFF9057F01

mem[X,0x00000000800011B4] -> 0x1F13
mem[X,0x00000000800011B6] -> 0x00BF
[1138] [M]: 0x00000000800011B4 (0x00BF1F13) slli t5, t5, 0xb
x30 <- 0xFFFFFFC82BF80800

mem[X,0x00000000800011B8] -> 0x0F13
mem[X,0x00000000800011BA] -> 0x01FF
[1139] [M]: 0x00000000800011B8 (0x01FF0F13) addi t5, t5, 0x1f
x30 <- 0xFFFFFFC82BF8081F

mem[X,0x00000000800011BC] -> 0x1F13
mem[X,0x00000000800011BE] -> 0x00BF
[1140] [M]: 0x00000000800011BC (0x00BF1F13) slli t5, t5, 0xb
x30 <- 0xFFFE415FC040F800

mem[X,0x00000000800011C0] -> 0x0F13
mem[X,0x00000000800011C2] -> 0x788F
[1141] [M]: 0x00000000800011C0 (0x788F0F13) addi t5, t5, 0x788
x30 <- 0xFFFE415FC040FF88

mem[X,0x00000000800011C4] -> 0x1F13
mem[X,0x00000000800011C6] -> 0x00AF
[1142] [M]: 0x00000000800011C4 (0x00AF1F13) slli t5, t5, 0xa
x30 <- 0xF9057F0103FE2000

mem[X,0x00000000800011C8] -> 0x0F13
mem[X,0x00000000800011CA] -> 0x07FF
[1143] [M]: 0x00000000800011C8 (0x07FF0F13) addi t5, t5, 0x7f
x30 <- 0xF9057F0103FE207F

mem[X,0x00000000800011CC] -> 0x4EB7
mem[X,0x00000000800011CE] -> 0x7FF7
[1144] [M]: 0x00000000800011CC (0x7FF74EB7) lui t4, 0x7ff74
x29 <- 0x000000007FF74000

mem[X,0x00000000800011D0] -> 0x8E93
mem[X,0x00000000800011D2] -> 0x0FCE
[1145] [M]: 0x00000000800011D0 (0x0FCE8E93) addi t4, t4, 0xfc
x29 <- 0x000000007FF740FC

mem[X,0x00000000800011D4] -> 0x9E93
mem[X,0x00000000800011D6] -> 0x00BE
[1146] [M]: 0x00000000800011D4 (0x00BE9E93) slli t4, t4, 0xb
x29 <- 0x000003FFBA07E000

mem[X,0x00000000800011D8] -> 0x8E93
mem[X,0x00000000800011DA] -> 0x005E
[1147] [M]: 0x00000000800011D8 (0x005E8E93) addi t4, t4, 0x5
x29 <- 0x000003FFBA07E005

mem[X,0x00000000800011DC] -> 0x9E93
mem[X,0x00000000800011DE] -> 0x00BE
[1148] [M]: 0x00000000800011DC (0x00BE9E93) slli t4, t4, 0xb
x29 <- 0x001FFDD03F002800

mem[X,0x00000000800011E0] -> 0x8E93
mem[X,0x00000000800011E2] -> 0x281E
[1149] [M]: 0x00000000800011E0 (0x281E8E93) addi t4, t4, 0x281
x29 <- 0x001FFDD03F002A81

mem[X,0x00000000800011E4] -> 0x9E93
mem[X,0x00000000800011E6] -> 0x00AE
[1150] [M]: 0x00000000800011E4 (0x00AE9E93) slli t4, t4, 0xa
x29 <- 0x7FF740FC00AA0400

mem[X,0x00000000800011E8] -> 0x8E93
mem[X,0x00000000800011EA] -> 0x020E
[1151] [M]: 0x00000000800011E8 (0x020E8E93) addi t4, t4, 0x20
x29 <- 0x7FF740FC00AA0420

mem[X,0x00000000800011EC] -> 0x0FBB
mem[X,0x00000000800011EE] -> 0xD5DF
[1152] [M]: 0x00000000800011EC (0xD5DF0FBB) pssub.b t6, t5, t4
x31 <- 0x800E3F0503541C5F

mem[X,0x00000000800011F0] -> 0xB823
mem[X,0x00000000800011F2] -> 0x0DF0
[1153] [M]: 0x00000000800011F0 (0x0DF0B823) sd t6, 0xd0(ra)
mem[0x00000000800042D8] <- 0x800E3F0503541C5F

mem[X,0x00000000800011F4] -> 0xCF37
mem[X,0x00000000800011F6] -> 0x03EF
[1154] [M]: 0x00000000800011F4 (0x03EFCF37) lui t5, 0x3efc
x30 <- 0x0000000003EFC000

mem[X,0x00000000800011F8] -> 0x0F13
mem[X,0x00000000800011FA] -> 0xF7FF
[1155] [M]: 0x00000000800011F8 (0xF7FF0F13) addi t5, t5, -0x81
x30 <- 0x0000000003EFBF7F

mem[X,0x00000000800011FC] -> 0x1F13
mem[X,0x00000000800011FE] -> 0x00BF
[1156] [M]: 0x00000000800011FC (0x00BF1F13) slli t5, t5, 0xb
x30 <- 0x0000001F7DFBF800

mem[X,0x0000000080001200] -> 0x0F13
mem[X,0x0000000080001202] -> 0x7D7F
[1157] [M]: 0x0000000080001200 (0x7D7F0F13) addi t5, t5, 0x7d7
x30 <- 0x0000001F7DFBFFD7

mem[X,0x0000000080001204] -> 0x1F13
mem[X,0x0000000080001206] -> 0x00BF
[1158] [M]: 0x0000000080001204 (0x00BF1F13) slli t5, t5, 0xb
x30 <- 0x0000FBEFDFFEB800

mem[X,0x0000000080001208] -> 0x0F13
mem[X,0x000000008000120A] -> 0x3FEF
[1159] [M]: 0x0000000080001208 (0x3FEF0F13) addi t5, t5, 0x3fe
x30 <- 0x0000FBEFDFFEBBFE

mem[X,0x000000008000120C] -> 0x1F13
mem[X,0x000000008000120E] -> 0x00AF
[1160] [M]: 0x000000008000120C (0x00AF1F13) slli t5, t5, 0xa
x30 <- 0x03EFBF7FFAEFF800

mem[X,0x0000000080001210] -> 0x0F13
mem[X,0x0000000080001212] -> 0x306F
[1161] [M]: 0x0000000080001210 (0x306F0F13) addi t5, t5, 0x306
x30 <- 0x03EFBF7FFAEFFB06

mem[X,0x0000000080001214] -> 0x4EB7
mem[X,0x0000000080001216] -> 0x0307
[1162] [M]: 0x0000000080001214 (0x03074EB7) lui t4, 0x3074
x29 <- 0x0000000003074000

mem[X,0x0000000080001218] -> 0x8E93
mem[X,0x000000008000121A] -> 0xFFEE
[1163] [M]: 0x0000000080001218 (0xFFEE8E93) addi t4, t4, -0x2
x29 <- 0x0000000003073FFE

mem[X,0x000000008000121C] -> 0x9E93
mem[X,0x000000008000121E] -> 0x00BE
[1164] [M]: 0x000000008000121C (0x00BE9E93) slli t4, t4, 0xb
x29 <- 0x0000001839FFF000

mem[X,0x0000000080001220] -> 0x8E93
mem[X,0x0000000080001222] -> 0x6F8E
[1165] [M]: 0x0000000080001220 (0x6F8E8E93) addi t4, t4, 0x6f8
x29 <- 0x0000001839FFF6F8

mem[X,0x0000000080001224] -> 0x9E93
mem[X,0x0000000080001226] -> 0x00BE
[1166] [M]: 0x0000000080001224 (0x00BE9E93) slli t4, t4, 0xb
x29 <- 0x0000C1CFFFB7C000

mem[X,0x0000000080001228] -> 0x8E93
mem[X,0x000000008000122A] -> 0x17EE
[1167] [M]: 0x0000000080001228 (0x17EE8E93) addi t4, t4, 0x17e
x29 <- 0x0000C1CFFFB7C17E

mem[X,0x000000008000122C] -> 0x9E93
mem[X,0x000000008000122E] -> 0x00AE
[1168] [M]: 0x000000008000122C (0x00AE9E93) slli t4, t4, 0xa
x29 <- 0x03073FFEDF05F800

mem[X,0x0000000080001230] -> 0x8E93
mem[X,0x0000000080001232] -> 0x0BFE
[1169] [M]: 0x0000000080001230 (0x0BFE8E93) addi t4, t4, 0xbf
x29 <- 0x03073FFEDF05F8BF

mem[X,0x0000000080001234] -> 0x0FBB
mem[X,0x0000000080001236] -> 0xD5DF
[1170] [M]: 0x0000000080001234 (0xD5DF0FBB) pssub.b t6, t5, t4
x31 <- 0x00E8807F1BEA0347

mem[X,0x0000000080001238] -> 0xBC23
mem[X,0x000000008000123A] -> 0x0DF0
[1171] [M]: 0x0000000080001238 (0x0DF0BC23) sd t6, 0xd8(ra)
mem[0x00000000800042E0] <- 0x00E8807F1BEA0347

mem[X,0x000000008000123C] -> 0x0F37
mem[X,0x000000008000123E] -> 0x0210
[1172] [M]: 0x000000008000123C (0x02100F37) lui t5, 0x2100
x30 <- 0x0000000002100000

mem[X,0x0000000080001240] -> 0x0F13
mem[X,0x0000000080001242] -> 0x73FF
[1173] [M]: 0x0000000080001240 (0x73FF0F13) addi t5, t5, 0x73f
x30 <- 0x000000000210073F

mem[X,0x0000000080001244] -> 0x1F13
mem[X,0x0000000080001246] -> 0x00BF
[1174] [M]: 0x0000000080001244 (0x00BF1F13) slli t5, t5, 0xb
x30 <- 0x000000108039F800

mem[X,0x0000000080001248] -> 0x0F13
mem[X,0x000000008000124A] -> 0x7FAF
[1175] [M]: 0x0000000080001248 (0x7FAF0F13) addi t5, t5, 0x7fa
x30 <- 0x000000108039FFFA

mem[X,0x000000008000124C] -> 0x1F13
mem[X,0x000000008000124E] -> 0x00BF
[1176] [M]: 0x000000008000124C (0x00BF1F13) slli t5, t5, 0xb
x30 <- 0x00008401CFFFD000

mem[X,0x0000000080001250] -> 0x0F13
mem[X,0x0000000080001252] -> 0x57DF
[1177] [M]: 0x0000000080001250 (0x57DF0F13) addi t5, t5, 0x57d
x30 <- 0x00008401CFFFD57D

mem[X,0x0000000080001254] -> 0x1F13
mem[X,0x0000000080001256] -> 0x00AF
[1178] [M]: 0x0000000080001254 (0x00AF1F13) slli t5, t5, 0xa
x30 <- 0x0210073FFF55F400

mem[X,0x0000000080001258] -> 0x0F13
mem[X,0x000000008000125A] -> 0x255F
[1179] [M]: 0x0000000080001258 (0x255F0F13) addi t5, t5, 0x255
x30 <- 0x0210073FFF55F655

mem[X,0x000000008000125C] -> 0x0EB7
mem[X,0x000000008000125E] -> 0x1010
[1180] [M]: 0x000000008000125C (0x10100EB7) lui t4, 0x10100
x29 <- 0x0000000010100000

mem[X,0x0000000080001260] -> 0x8E93
mem[X,0x0000000080001262] -> 0x204E
[1181] [M]: 0x0000000080001260 (0x204E8E93) addi t4, t4, 0x204
x29 <- 0x0000000010100204

mem[X,0x0000000080001264] -> 0x9E93
mem[X,0x0000000080001266] -> 0x00BE
[1182] [M]: 0x0000000080001264 (0x00BE9E93) slli t4, t4, 0xb
x29 <- 0x0000008080102000

mem[X,0x0000000080001268] -> 0x8E93
mem[X,0x000000008000126A] -> 0x7B8E
[1183] [M]: 0x0000000080001268 (0x7B8E8E93) addi t4, t4, 0x7b8
x29 <- 0x00000080801027B8

mem[X,0x000000008000126C] -> 0x9E93
mem[X,0x000000008000126E] -> 0x00BE
[1184] [M]: 0x000000008000126C (0x00BE9E93) slli t4, t4, 0xb
x29 <- 0x00040400813DC000

mem[X,0x0000000080001270] -> 0x8E93
mem[X,0x0000000080001272] -> 0x13EE
[1185] [M]: 0x0000000080001270 (0x13EE8E93) addi t4, t4, 0x13e
x29 <- 0x00040400813DC13E

mem[X,0x0000000080001274] -> 0x9E93
mem[X,0x0000000080001276] -> 0x00AE
[1186] [M]: 0x0000000080001274 (0x00AE9E93) slli t4, t4, 0xa
x29 <- 0x10100204F704F800

mem[X,0x0000000080001278] -> 0x8E93
mem[X,0x000000008000127A] -> 0x1FEE
[1187] [M]: 0x0000000080001278 (0x1FEE8E93) addi t4, t4, 0x1fe
x29 <- 0x10100204F704F9FE

mem[X,0x000000008000127C] -> 0x0FBB
mem[X,0x000000008000127E] -> 0xD5DF
[1188] [M]: 0x000000008000127C (0xD5DF0FBB) pssub.b t6, t5, t4
x31 <- 0xF200053B0851FD57

mem[X,0x0000000080001280] -> 0xB023
mem[X,0x0000000080001282] -> 0x0FF0
[1189] [M]: 0x0000000080001280 (0x0FF0B023) sd t6, 0xe0(ra)
mem[0x00000000800042E8] <- 0xF200053B0851FD57

mem[X,0x0000000080001284] -> 0xBF37
mem[X,0x0000000080001286] -> 0x7FDF
[1190] [M]: 0x0000000080001284 (0x7FDFBF37) lui t5, 0x7fdfb
x30 <- 0x000000007FDFB000

mem[X,0x0000000080001288] -> 0x0F13
mem[X,0x000000008000128A] -> 0xA40F
[1191] [M]: 0x0000000080001288 (0xA40F0F13) addi t5, t5, -0x5c0
x30 <- 0x000000007FDFAA40

mem[X,0x000000008000128C] -> 0x1F13
mem[X,0x000000008000128E] -> 0x00BF
[1192] [M]: 0x000000008000128C (0x00BF1F13) slli t5, t5, 0xb
x30 <- 0x000003FEFD520000

mem[X,0x0000000080001290] -> 0x0F13
mem[X,0x0000000080001292] -> 0x404F
[1193] [M]: 0x0000000080001290 (0x404F0F13) addi t5, t5, 0x404
x30 <- 0x000003FEFD520404

mem[X,0x0000000080001294] -> 0x1F13
mem[X,0x0000000080001296] -> 0x00BF
[1194] [M]: 0x0000000080001294 (0x00BF1F13) slli t5, t5, 0xb
x30 <- 0x001FF7EA90202000

mem[X,0x0000000080001298] -> 0x0F13
mem[X,0x000000008000129A] -> 0x020F
[1195] [M]: 0x0000000080001298 (0x020F0F13) addi t5, t5, 0x20
x30 <- 0x001FF7EA90202020

mem[X,0x000000008000129C] -> 0x1F13
mem[X,0x000000008000129E] -> 0x00AF
[1196] [M]: 0x000000008000129C (0x00AF1F13) slli t5, t5, 0xa
x30 <- 0x7FDFAA4080808000

mem[X,0x00000000800012A0] -> 0x0F13
mem[X,0x00000000800012A2] -> 0x009F
[1197] [M]: 0x00000000800012A0 (0x009F0F13) addi t5, t5, 0x9
x30 <- 0x7FDFAA4080808009

mem[X,0x00000000800012A4] -> 0xFEB7
mem[X,0x00000000800012A6] -> 0x0955
[1198] [M]: 0x00000000800012A4 (0x0955FEB7) lui t4, 0x955f
x29 <- 0x000000000955F000

mem[X,0x00000000800012A8] -> 0x8E93
mem[X,0x00000000800012AA] -> 0x755E
[1199] [M]: 0x00000000800012A8 (0x755E8E93) addi t4, t4, 0x755
x29 <- 0x000000000955F755

clint::tick mtime <- 0x000000000000000C
 clint timer pending at mtime 0x000000000000000C
htif::tick 0x0000000000000000
mem[X,0x00000000800012AC] -> 0x9E93
mem[X,0x00000000800012AE] -> 0x00BE
[1200] [M]: 0x00000000800012AC (0x00BE9E93) slli t4, t4, 0xb
x29 <- 0x0000004AAFBAA800

mem[X,0x00000000800012B0] -> 0x8E93
mem[X,0x00000000800012B2] -> 0x028E
[1201] [M]: 0x00000000800012B0 (0x028E8E93) addi t4, t4, 0x28
x29 <- 0x0000004AAFBAA828

mem[X,0x00000000800012B4] -> 0x9E93
mem[X,0x00000000800012B6] -> 0x00BE
[1202] [M]: 0x00000000800012B4 (0x00BE9E93) slli t4, t4, 0xb
x29 <- 0x0002557DD5414000

mem[X,0x00000000800012B8] -> 0x8E93
mem[X,0x00000000800012BA] -> 0x1FFE
[1203] [M]: 0x00000000800012B8 (0x1FFE8E93) addi t4, t4, 0x1ff
x29 <- 0x0002557DD54141FF

mem[X,0x00000000800012BC] -> 0x9E93
mem[X,0x00000000800012BE] -> 0x00AE
[1204] [M]: 0x00000000800012BC (0x00AE9E93) slli t4, t4, 0xa
x29 <- 0x0955F7550507FC00

mem[X,0x00000000800012C0] -> 0x8E93
mem[X,0x00000000800012C2] -> 0x1DFE
[1205] [M]: 0x00000000800012C0 (0x1DFE8E93) addi t4, t4, 0x1df
x29 <- 0x0955F7550507FDDF

mem[X,0x00000000800012C4] -> 0x0FBB
mem[X,0x00000000800012C6] -> 0xD5DF
[1206] [M]: 0x00000000800012C4 (0xD5DF0FBB) pssub.b t6, t5, t4
x31 <- 0x768AB3EB8080832A

mem[X,0x00000000800012C8] -> 0xB423
mem[X,0x00000000800012CA] -> 0x0FF0
[1207] [M]: 0x00000000800012C8 (0x0FF0B423) sd t6, 0xe8(ra)
mem[0x00000000800042F0] <- 0x768AB3EB8080832A

mem[X,0x00000000800012CC] -> 0x1F37
mem[X,0x00000000800012CE] -> 0xAA20
[1208] [M]: 0x00000000800012CC (0xAA201F37) lui t5, -0x55dff
x30 <- 0xFFFFFFFFAA201000

mem[X,0x00000000800012D0] -> 0x0F13
mem[X,0x00000000800012D2] -> 0x910F
[1209] [M]: 0x00000000800012D0 (0x910F0F13) addi t5, t5, -0x6f0
x30 <- 0xFFFFFFFFAA200910

mem[X,0x00000000800012D4] -> 0x1F13
mem[X,0x00000000800012D6] -> 0x00BF
[1210] [M]: 0x00000000800012D4 (0x00BF1F13) slli t5, t5, 0xb
x30 <- 0xFFFFFD5100488000

mem[X,0x00000000800012D8] -> 0x0F13
mem[X,0x00000000800012DA] -> 0x017F
[1211] [M]: 0x00000000800012D8 (0x017F0F13) addi t5, t5, 0x17
x30 <- 0xFFFFFD5100488017

mem[X,0x00000000800012DC] -> 0x1F13
mem[X,0x00000000800012DE] -> 0x00BF
[1212] [M]: 0x00000000800012DC (0x00BF1F13) slli t5, t5, 0xb
x30 <- 0xFFEA88024400B800

mem[X,0x00000000800012E0] -> 0x0F13
mem[X,0x00000000800012E2] -> 0x5FDF
[1213] [M]: 0x00000000800012E0 (0x5FDF0F13) addi t5, t5, 0x5fd
x30 <- 0xFFEA88024400BDFD

mem[X,0x00000000800012E4] -> 0x1F13
mem[X,0x00000000800012E6] -> 0x00AF
[1214] [M]: 0x00000000800012E4 (0x00AF1F13) slli t5, t5, 0xa
x30 <- 0xAA20091002F7F400

mem[X,0x00000000800012E8] -> 0x0F13
mem[X,0x00000000800012EA] -> 0x204F
[1215] [M]: 0x00000000800012E8 (0x204F0F13) addi t5, t5, 0x204
x30 <- 0xAA20091002F7F604

mem[X,0x00000000800012EC] -> 0xBEB7
mem[X,0x00000000800012EE] -> 0x40FF
[1216] [M]: 0x00000000800012EC (0x40FFBEB7) lui t4, 0x40ffb
x29 <- 0x0000000040FFB000

mem[X,0x00000000800012F0] -> 0x8E93
mem[X,0x00000000800012F2] -> 0xA04E
[1217] [M]: 0x00000000800012F0 (0xA04E8E93) addi t4, t4, -0x5fc
x29 <- 0x0000000040FFAA04

mem[X,0x00000000800012F4] -> 0x9E93
mem[X,0x00000000800012F6] -> 0x00BE
[1218] [M]: 0x00000000800012F4 (0x00BE9E93) slli t4, t4, 0xb
x29 <- 0x00000207FD502000

mem[X,0x00000000800012F8] -> 0x8E93
mem[X,0x00000000800012FA] -> 0x7E7E
[1219] [M]: 0x00000000800012F8 (0x7E7E8E93) addi t4, t4, 0x7e7
x29 <- 0x00000207FD5027E7

mem[X,0x00000000800012FC] -> 0x9E93
mem[X,0x00000000800012FE] -> 0x00BE
[1220] [M]: 0x00000000800012FC (0x00BE9E93) slli t4, t4, 0xb
x29 <- 0x00103FEA813F3800

mem[X,0x0000000080001300] -> 0x8E93
mem[X,0x0000000080001302] -> 0x3FDE
[1221] [M]: 0x0000000080001300 (0x3FDE8E93) addi t4, t4, 0x3fd
x29 <- 0x00103FEA813F3BFD

mem[X,0x0000000080001304] -> 0x9E93
mem[X,0x0000000080001306] -> 0x00AE
[1222] [M]: 0x0000000080001304 (0x00AE9E93) slli t4, t4, 0xa
x29 <- 0x40FFAA04FCEFF400

mem[X,0x0000000080001308] -> 0x8E93
mem[X,0x000000008000130A] -> 0x3F7E
[1223] [M]: 0x0000000080001308 (0x3F7E8E93) addi t4, t4, 0x3f7
x29 <- 0x40FFAA04FCEFF7F7

mem[X,0x000000008000130C] -> 0x0FBB
mem[X,0x000000008000130E] -> 0xD5DF
[1224] [M]: 0x000000008000130C (0xD5DF0FBB) pssub.b t6, t5, t4
x31 <- 0x80215F0C0608FF0D

mem[X,0x0000000080001310] -> 0xB823
mem[X,0x0000000080001312] -> 0x0FF0
[1225] [M]: 0x0000000080001310 (0x0FF0B823) sd t6, 0xf0(ra)
mem[0x00000000800042F8] <- 0x80215F0C0608FF0D

mem[X,0x0000000080001314] -> 0x0F37
mem[X,0x0000000080001316] -> 0x3FAA
[1226] [M]: 0x0000000080001314 (0x3FAA0F37) lui t5, 0x3faa0
x30 <- 0x000000003FAA0000

mem[X,0x0000000080001318] -> 0x0F13
mem[X,0x000000008000131A] -> 0x707F
[1227] [M]: 0x0000000080001318 (0x707F0F13) addi t5, t5, 0x707
x30 <- 0x000000003FAA0707

mem[X,0x000000008000131C] -> 0x1F13
mem[X,0x000000008000131E] -> 0x00BF
[1228] [M]: 0x000000008000131C (0x00BF1F13) slli t5, t5, 0xb
x30 <- 0x000001FD50383800

mem[X,0x0000000080001320] -> 0x0F13
mem[X,0x0000000080001322] -> 0x047F
[1229] [M]: 0x0000000080001320 (0x047F0F13) addi t5, t5, 0x47
x30 <- 0x000001FD50383847

mem[X,0x0000000080001324] -> 0x1F13
mem[X,0x0000000080001326] -> 0x00BF
[1230] [M]: 0x0000000080001324 (0x00BF1F13) slli t5, t5, 0xb
x30 <- 0x000FEA81C1C23800

mem[X,0x0000000080001328] -> 0x0F13
mem[X,0x000000008000132A] -> 0x700F
[1231] [M]: 0x0000000080001328 (0x700F0F13) addi t5, t5, 0x700
x30 <- 0x000FEA81C1C23F00

mem[X,0x000000008000132C] -> 0x1F13
mem[X,0x000000008000132E] -> 0x00AF
[1232] [M]: 0x000000008000132C (0x00AF1F13) slli t5, t5, 0xa
x30 <- 0x3FAA070708FC0000

mem[X,0x0000000080001330] -> 0x0F13
mem[X,0x0000000080001332] -> 0x100F
[1233] [M]: 0x0000000080001330 (0x100F0F13) addi t5, t5, 0x100
x30 <- 0x3FAA070708FC0100

mem[X,0x0000000080001334] -> 0x1EB7
mem[X,0x0000000080001336] -> 0xF6FD
[1234] [M]: 0x0000000080001334 (0xF6FD1EB7) lui t4, -0x902f
x29 <- 0xFFFFFFFFF6FD1000

mem[X,0x0000000080001338] -> 0x8E93
mem[X,0x000000008000133A] -> 0x980E
[1235] [M]: 0x0000000080001338 (0x980E8E93) addi t4, t4, -0x680
x29 <- 0xFFFFFFFFF6FD0980

mem[X,0x000000008000133C] -> 0x9E93
mem[X,0x000000008000133E] -> 0x00BE
[1236] [M]: 0x000000008000133C (0x00BE9E93) slli t4, t4, 0xb
x29 <- 0xFFFFFFB7E84C0000

mem[X,0x0000000080001340] -> 0x8E93
mem[X,0x0000000080001342] -> 0x087E
[1237] [M]: 0x0000000080001340 (0x087E8E93) addi t4, t4, 0x87
x29 <- 0xFFFFFFB7E84C0087

mem[X,0x0000000080001344] -> 0x9E93
mem[X,0x0000000080001346] -> 0x00BE
[1238] [M]: 0x0000000080001344 (0x00BE9E93) slli t4, t4, 0xb
x29 <- 0xFFFDBF4260043800

mem[X,0x0000000080001348] -> 0x8E93
mem[X,0x000000008000134A] -> 0x600E
[1239] [M]: 0x0000000080001348 (0x600E8E93) addi t4, t4, 0x600
x29 <- 0xFFFDBF4260043E00

mem[X,0x000000008000134C] -> 0x9E93
mem[X,0x000000008000134E] -> 0x00AE
[1240] [M]: 0x000000008000134C (0x00AE9E93) slli t4, t4, 0xa
x29 <- 0xF6FD098010F80000

mem[X,0x0000000080001350] -> 0x8E93
mem[X,0x0000000080001352] -> 0x2FDE
[1241] [M]: 0x0000000080001350 (0x2FDE8E93) addi t4, t4, 0x2fd
x29 <- 0xF6FD098010F802FD

mem[X,0x0000000080001354] -> 0x0FBB
mem[X,0x0000000080001356] -> 0xD5DF
[1242] [M]: 0x0000000080001354 (0xD5DF0FBB) pssub.b t6, t5, t4
x31 <- 0x49ADFE7FF804FF03

mem[X,0x0000000080001358] -> 0xBC23
mem[X,0x000000008000135A] -> 0x0FF0
[1243] [M]: 0x0000000080001358 (0x0FF0BC23) sd t6, 0xf8(ra)
mem[0x0000000080004300] <- 0x49ADFE7FF804FF03

mem[X,0x000000008000135C] -> 0x0F37
mem[X,0x000000008000135E] -> 0xC005
[1244] [M]: 0x000000008000135C (0xC0050F37) lui t5, -0x3ffb0
x30 <- 0xFFFFFFFFC0050000

mem[X,0x0000000080001360] -> 0x0F13
mem[X,0x0000000080001362] -> 0xDDFF
[1245] [M]: 0x0000000080001360 (0xDDFF0F13) addi t5, t5, -0x221
x30 <- 0xFFFFFFFFC004FDDF

mem[X,0x0000000080001364] -> 0x1F13
mem[X,0x0000000080001366] -> 0x00BF
[1246] [M]: 0x0000000080001364 (0x00BF1F13) slli t5, t5, 0xb
x30 <- 0xFFFFFE0027EEF800

mem[X,0x0000000080001368] -> 0x0F13
mem[X,0x000000008000136A] -> 0x200F
[1247] [M]: 0x0000000080001368 (0x200F0F13) addi t5, t5, 0x200
x30 <- 0xFFFFFE0027EEFA00

mem[X,0x000000008000136C] -> 0x1F13
mem[X,0x000000008000136E] -> 0x00BF
[1248] [M]: 0x000000008000136C (0x00BF1F13) slli t5, t5, 0xb
x30 <- 0xFFF0013F77D00000

mem[X,0x0000000080001370] -> 0x0F13
mem[X,0x0000000080001372] -> 0x07EF
[1249] [M]: 0x0000000080001370 (0x07EF0F13) addi t5, t5, 0x7e
x30 <- 0xFFF0013F77D0007E

mem[X,0x0000000080001374] -> 0x1F13
mem[X,0x0000000080001376] -> 0x00AF
[1250] [M]: 0x0000000080001374 (0x00AF1F13) slli t5, t5, 0xa
x30 <- 0xC004FDDF4001F800

mem[X,0x0000000080001378] -> 0x0F13
mem[X,0x000000008000137A] -> 0x200F
[1251] [M]: 0x0000000080001378 (0x200F0F13) addi t5, t5, 0x200
x30 <- 0xC004FDDF4001FA00

mem[X,0x000000008000137C] -> 0xCEB7
mem[X,0x000000008000137E] -> 0x02C0
[1252] [M]: 0x000000008000137C (0x02C0CEB7) lui t4, 0x2c0c
x29 <- 0x0000000002C0C000

mem[X,0x0000000080001380] -> 0x8E93
mem[X,0x0000000080001382] -> 0x009E
[1253] [M]: 0x0000000080001380 (0x009E8E93) addi t4, t4, 0x9
x29 <- 0x0000000002C0C009

mem[X,0x0000000080001384] -> 0x9E93
mem[X,0x0000000080001386] -> 0x00BE
[1254] [M]: 0x0000000080001384 (0x00BE9E93) slli t4, t4, 0xb
x29 <- 0x0000001606004800

mem[X,0x0000000080001388] -> 0x8E93
mem[X,0x000000008000138A] -> 0x00FE
[1255] [M]: 0x0000000080001388 (0x00FE8E93) addi t4, t4, 0xf
x29 <- 0x000000160600480F

mem[X,0x000000008000138C] -> 0x9E93
mem[X,0x000000008000138E] -> 0x00BE
[1256] [M]: 0x000000008000138C (0x00BE9E93) slli t4, t4, 0xb
x29 <- 0x0000B03002407800

mem[X,0x0000000080001390] -> 0x8E93
mem[X,0x0000000080001392] -> 0x640E
[1257] [M]: 0x0000000080001390 (0x640E8E93) addi t4, t4, 0x640
x29 <- 0x0000B03002407E40

mem[X,0x0000000080001394] -> 0x9E93
mem[X,0x0000000080001396] -> 0x00AE
[1258] [M]: 0x0000000080001394 (0x00AE9E93) slli t4, t4, 0xa
x29 <- 0x02C0C00901F90000

mem[X,0x0000000080001398] -> 0x8E93
mem[X,0x000000008000139A] -> 0x0FFE
[1259] [M]: 0x0000000080001398 (0x0FFE8E93) addi t4, t4, 0xff
x29 <- 0x02C0C00901F900FF

mem[X,0x000000008000139C] -> 0x0FBB
mem[X,0x000000008000139E] -> 0xD5DF
[1260] [M]: 0x000000008000139C (0xD5DF0FBB) pssub.b t6, t5, t4
x31 <- 0xBE443DD63F08FA01

mem[X,0x00000000800013A0] -> 0xB023
mem[X,0x00000000800013A2] -> 0x11F0
[1261] [M]: 0x00000000800013A0 (0x11F0B023) sd t6, 0x100(ra)
mem[0x0000000080004308] <- 0xBE443DD63F08FA01

mem[X,0x00000000800013A4] -> 0xFF37
mem[X,0x00000000800013A6] -> 0xEFFA
[1262] [M]: 0x00000000800013A4 (0xEFFAFF37) lui t5, -0x10051
x30 <- 0xFFFFFFFFEFFAF000

mem[X,0x00000000800013A8] -> 0x0F13
mem[X,0x00000000800013AA] -> 0x703F
[1263] [M]: 0x00000000800013A8 (0x703F0F13) addi t5, t5, 0x703
x30 <- 0xFFFFFFFFEFFAF703

mem[X,0x00000000800013AC] -> 0x1F13
mem[X,0x00000000800013AE] -> 0x00BF
[1264] [M]: 0x00000000800013AC (0x00BF1F13) slli t5, t5, 0xb
x30 <- 0xFFFFFF7FD7B81800

mem[X,0x00000000800013B0] -> 0x0F13
mem[X,0x00000000800013B2] -> 0x6FDF
[1265] [M]: 0x00000000800013B0 (0x6FDF0F13) addi t5, t5, 0x6fd
x30 <- 0xFFFFFF7FD7B81EFD

mem[X,0x00000000800013B4] -> 0x1F13
mem[X,0x00000000800013B6] -> 0x00BF
[1266] [M]: 0x00000000800013B4 (0x00BF1F13) slli t5, t5, 0xb
x30 <- 0xFFFBFEBDC0F7E800

mem[X,0x00000000800013B8] -> 0x0F13
mem[X,0x00000000800013BA] -> 0x290F
[1267] [M]: 0x00000000800013B8 (0x290F0F13) addi t5, t5, 0x290
x30 <- 0xFFFBFEBDC0F7EA90

mem[X,0x00000000800013BC] -> 0x1F13
mem[X,0x00000000800013BE] -> 0x00AF
[1268] [M]: 0x00000000800013BC (0x00AF1F13) slli t5, t5, 0xa
x30 <- 0xEFFAF703DFAA4000

mem[X,0x00000000800013C0] -> 0x0F13
mem[X,0x00000000800013C2] -> 0x001F
[1269] [M]: 0x00000000800013C0 (0x001F0F13) addi t5, t5, 0x1
x30 <- 0xEFFAF703DFAA4001

mem[X,0x00000000800013C4] -> 0xFEB7
mem[X,0x00000000800013C6] -> 0x0440
[1270] [M]: 0x00000000800013C4 (0x0440FEB7) lui t4, 0x440f
x29 <- 0x000000000440F000

mem[X,0x00000000800013C8] -> 0x8E93
mem[X,0x00000000800013CA] -> 0x7BFE
[1271] [M]: 0x00000000800013C8 (0x7BFE8E93) addi t4, t4, 0x7bf
x29 <- 0x000000000440F7BF

mem[X,0x00000000800013CC] -> 0x9E93
mem[X,0x00000000800013CE] -> 0x00BE
[1272] [M]: 0x00000000800013CC (0x00BE9E93) slli t4, t4, 0xb
x29 <- 0x0000002207BDF800

mem[X,0x00000000800013D0] -> 0x8E93
mem[X,0x00000000800013D2] -> 0x7D0E
[1273] [M]: 0x00000000800013D0 (0x7D0E8E93) addi t4, t4, 0x7d0
x29 <- 0x0000002207BDFFD0

mem[X,0x00000000800013D4] -> 0x9E93
mem[X,0x00000000800013D6] -> 0x00BE
[1274] [M]: 0x00000000800013D4 (0x00BE9E93) slli t4, t4, 0xb
x29 <- 0x0001103DEFFE8000

mem[X,0x00000000800013D8] -> 0x8E93
mem[X,0x00000000800013DA] -> 0x23FE
[1275] [M]: 0x00000000800013D8 (0x23FE8E93) addi t4, t4, 0x23f
x29 <- 0x0001103DEFFE823F

mem[X,0x00000000800013DC] -> 0x9E93
mem[X,0x00000000800013DE] -> 0x00AE
[1276] [M]: 0x00000000800013DC (0x00AE9E93) slli t4, t4, 0xa
x29 <- 0x0440F7BFFA08FC00

mem[X,0x00000000800013E0] -> 0x8E93
mem[X,0x00000000800013E2] -> 0x305E
[1277] [M]: 0x00000000800013E0 (0x305E8E93) addi t4, t4, 0x305
x29 <- 0x0440F7BFFA08FF05

mem[X,0x00000000800013E4] -> 0x0FBB
mem[X,0x00000000800013E6] -> 0xD5DF
[1278] [M]: 0x00000000800013E4 (0xD5DF0FBB) pssub.b t6, t5, t4
x31 <- 0xEBBA0044E5A241FC

mem[X,0x00000000800013E8] -> 0xB423
mem[X,0x00000000800013EA] -> 0x11F0
[1279] [M]: 0x00000000800013E8 (0x11F0B423) sd t6, 0x108(ra)
mem[0x0000000080004310] <- 0xEBBA0044E5A241FC

mem[X,0x00000000800013EC] -> 0x8F37
mem[X,0x00000000800013EE] -> 0xDFFB
[1280] [M]: 0x00000000800013EC (0xDFFB8F37) lui t5, -0x20048
x30 <- 0xFFFFFFFFDFFB8000

mem[X,0x00000000800013F0] -> 0x0F13
mem[X,0x00000000800013F2] -> 0xF7FF
[1281] [M]: 0x00000000800013F0 (0xF7FF0F13) addi t5, t5, -0x81
x30 <- 0xFFFFFFFFDFFB7F7F

mem[X,0x00000000800013F4] -> 0x1F13
mem[X,0x00000000800013F6] -> 0x00BF
[1282] [M]: 0x00000000800013F4 (0x00BF1F13) slli t5, t5, 0xb
x30 <- 0xFFFFFEFFDBFBF800

mem[X,0x00000000800013F8] -> 0x0F13
mem[X,0x00000000800013FA] -> 0x7C8F
[1283] [M]: 0x00000000800013F8 (0x7C8F0F13) addi t5, t5, 0x7c8
x30 <- 0xFFFFFEFFDBFBFFC8

mem[X,0x00000000800013FC] -> 0x1F13
mem[X,0x00000000800013FE] -> 0x00BF
[1284] [M]: 0x00000000800013FC (0x00BF1F13) slli t5, t5, 0xb
x30 <- 0xFFF7FEDFDFFE4000

mem[X,0x0000000080001400] -> 0x0F13
mem[X,0x0000000080001402] -> 0x402F
[1285] [M]: 0x0000000080001400 (0x402F0F13) addi t5, t5, 0x402
x30 <- 0xFFF7FEDFDFFE4402

mem[X,0x0000000080001404] -> 0x1F13
mem[X,0x0000000080001406] -> 0x00AF
[1286] [M]: 0x0000000080001404 (0x00AF1F13) slli t5, t5, 0xa
x30 <- 0xDFFB7F7FF9100800

mem[X,0x0000000080001408] -> 0x0F13
mem[X,0x000000008000140A] -> 0x0BFF
[1287] [M]: 0x0000000080001408 (0x0BFF0F13) addi t5, t5, 0xbf
x30 <- 0xDFFB7F7FF91008BF

mem[X,0x000000008000140C] -> 0x0EB7
mem[X,0x000000008000140E] -> 0x3FFC
[1288] [M]: 0x000000008000140C (0x3FFC0EB7) lui t4, 0x3ffc0
x29 <- 0x000000003FFC0000

mem[X,0x0000000080001410] -> 0x8E93
mem[X,0x0000000080001412] -> 0x606E
[1289] [M]: 0x0000000080001410 (0x606E8E93) addi t4, t4, 0x606
x29 <- 0x000000003FFC0606

mem[X,0x0000000080001414] -> 0x9E93
mem[X,0x0000000080001416] -> 0x00BE
[1290] [M]: 0x0000000080001414 (0x00BE9E93) slli t4, t4, 0xb
x29 <- 0x000001FFE0303000

mem[X,0x0000000080001418] -> 0x8E93
mem[X,0x000000008000141A] -> 0x018E
[1291] [M]: 0x0000000080001418 (0x018E8E93) addi t4, t4, 0x18
x29 <- 0x000001FFE0303018

mem[X,0x000000008000141C] -> 0x9E93
mem[X,0x000000008000141E] -> 0x00BE
[1292] [M]: 0x000000008000141C (0x00BE9E93) slli t4, t4, 0xb
x29 <- 0x000FFF018180C000

mem[X,0x0000000080001420] -> 0x8E93
mem[X,0x0000000080001422] -> 0x401E
[1293] [M]: 0x0000000080001420 (0x401E8E93) addi t4, t4, 0x401
x29 <- 0x000FFF018180C401

mem[X,0x0000000080001424] -> 0x9E93
mem[X,0x0000000080001426] -> 0x00AE
[1294] [M]: 0x0000000080001424 (0x00AE9E93) slli t4, t4, 0xa
x29 <- 0x3FFC060603100400

mem[X,0x0000000080001428] -> 0x8E93
mem[X,0x000000008000142A] -> 0x0C0E
[1295] [M]: 0x0000000080001428 (0x0C0E8E93) addi t4, t4, 0xc0
x29 <- 0x3FFC0606031004C0

mem[X,0x000000008000142C] -> 0x0FBB
mem[X,0x000000008000142E] -> 0xD5DF
[1296] [M]: 0x000000008000142C (0xD5DF0FBB) pssub.b t6, t5, t4
x31 <- 0xA0FF7979F60004FF

mem[X,0x0000000080001430] -> 0xB823
mem[X,0x0000000080001432] -> 0x11F0
[1297] [M]: 0x0000000080001430 (0x11F0B823) sd t6, 0x110(ra)
mem[0x0000000080004318] <- 0xA0FF7979F60004FF

mem[X,0x0000000080001434] -> 0x0F37
mem[X,0x0000000080001436] -> 0xFB08
[1298] [M]: 0x0000000080001434 (0xFB080F37) lui t5, -0x4f80
x30 <- 0xFFFFFFFFFB080000

mem[X,0x0000000080001438] -> 0x0F13
mem[X,0x000000008000143A] -> 0x8FCF
[1299] [M]: 0x0000000080001438 (0x8FCF0F13) addi t5, t5, -0x704
x30 <- 0xFFFFFFFFFB07F8FC

clint::tick mtime <- 0x000000000000000D
 clint timer pending at mtime 0x000000000000000D
htif::tick 0x0000000000000000
mem[X,0x000000008000143C] -> 0x1F13
mem[X,0x000000008000143E] -> 0x00BF
[1300] [M]: 0x000000008000143C (0x00BF1F13) slli t5, t5, 0xb
x30 <- 0xFFFFFFD83FC7E000

mem[X,0x0000000080001440] -> 0x0F13
mem[X,0x0000000080001442] -> 0x016F
[1301] [M]: 0x0000000080001440 (0x016F0F13) addi t5, t5, 0x16
x30 <- 0xFFFFFFD83FC7E016

mem[X,0x0000000080001444] -> 0x1F13
mem[X,0x0000000080001446] -> 0x00BF
[1302] [M]: 0x0000000080001444 (0x00BF1F13) slli t5, t5, 0xb
x30 <- 0xFFFEC1FE3F00B000

mem[X,0x0000000080001448] -> 0x0F13
mem[X,0x000000008000144A] -> 0x010F
[1303] [M]: 0x0000000080001448 (0x010F0F13) addi t5, t5, 0x10
x30 <- 0xFFFEC1FE3F00B010

mem[X,0x000000008000144C] -> 0x1F13
mem[X,0x000000008000144E] -> 0x00AF
[1304] [M]: 0x000000008000144C (0x00AF1F13) slli t5, t5, 0xa
x30 <- 0xFB07F8FC02C04000

mem[X,0x0000000080001450] -> 0x0F13
mem[X,0x0000000080001452] -> 0x001F
[1305] [M]: 0x0000000080001450 (0x001F0F13) addi t5, t5, 0x1
x30 <- 0xFB07F8FC02C04001

mem[X,0x0000000080001454] -> 0x0EB7
mem[X,0x0000000080001456] -> 0x5581
[1306] [M]: 0x0000000080001454 (0x55810EB7) lui t4, 0x55810
x29 <- 0x0000000055810000

mem[X,0x0000000080001458] -> 0x8E93
mem[X,0x000000008000145A] -> 0xD09E
[1307] [M]: 0x0000000080001458 (0xD09E8E93) addi t4, t4, -0x2f7
x29 <- 0x000000005580FD09

mem[X,0x000000008000145C] -> 0x9E93
mem[X,0x000000008000145E] -> 0x00BE
[1308] [M]: 0x000000008000145C (0x00BE9E93) slli t4, t4, 0xb
x29 <- 0x000002AC07E84800

mem[X,0x0000000080001460] -> 0x8E93
mem[X,0x0000000080001462] -> 0x012E
[1309] [M]: 0x0000000080001460 (0x012E8E93) addi t4, t4, 0x12
x29 <- 0x000002AC07E84812

mem[X,0x0000000080001464] -> 0x9E93
mem[X,0x0000000080001466] -> 0x00BE
[1310] [M]: 0x0000000080001464 (0x00BE9E93) slli t4, t4, 0xb
x29 <- 0x0015603F42409000

mem[X,0x0000000080001468] -> 0x8E93
mem[X,0x000000008000146A] -> 0x002E
[1311] [M]: 0x0000000080001468 (0x002E8E93) addi t4, t4, 0x2
x29 <- 0x0015603F42409002

mem[X,0x000000008000146C] -> 0x9E93
mem[X,0x000000008000146E] -> 0x00AE
[1312] [M]: 0x000000008000146C (0x00AE9E93) slli t4, t4, 0xa
x29 <- 0x5580FD0902400800

mem[X,0x0000000080001470] -> 0x8E93
mem[X,0x0000000080001472] -> 0x120E
[1313] [M]: 0x0000000080001470 (0x120E8E93) addi t4, t4, 0x120
x29 <- 0x5580FD0902400920

mem[X,0x0000000080001474] -> 0x0FBB
mem[X,0x0000000080001476] -> 0xD5DF
[1314] [M]: 0x0000000080001474 (0xD5DF0FBB) pssub.b t6, t5, t4
x31 <- 0xA67FFBF3008037E1

mem[X,0x0000000080001478] -> 0xBC23
mem[X,0x000000008000147A] -> 0x11F0
[1315] [M]: 0x0000000080001478 (0x11F0BC23) sd t6, 0x118(ra)
mem[0x0000000080004320] <- 0xA67FFBF3008037E1

mem[X,0x000000008000147C] -> 0x5F37
mem[X,0x000000008000147E] -> 0x03F9
[1316] [M]: 0x000000008000147C (0x03F95F37) lui t5, 0x3f95
x30 <- 0x0000000003F95000

mem[X,0x0000000080001480] -> 0x0F13
mem[X,0x0000000080001482] -> 0x5FCF
[1317] [M]: 0x0000000080001480 (0x5FCF0F13) addi t5, t5, 0x5fc
x30 <- 0x0000000003F955FC

mem[X,0x0000000080001484] -> 0x1F13
mem[X,0x0000000080001486] -> 0x00BF
[1318] [M]: 0x0000000080001484 (0x00BF1F13) slli t5, t5, 0xb
x30 <- 0x0000001FCAAFE000

mem[X,0x0000000080001488] -> 0x0F13
mem[X,0x000000008000148A] -> 0x7B8F
[1319] [M]: 0x0000000080001488 (0x7B8F0F13) addi t5, t5, 0x7b8
x30 <- 0x0000001FCAAFE7B8

mem[X,0x000000008000148C] -> 0x1F13
mem[X,0x000000008000148E] -> 0x00BF
[1320] [M]: 0x000000008000148C (0x00BF1F13) slli t5, t5, 0xb
x30 <- 0x0000FE557F3DC000

mem[X,0x0000000080001490] -> 0x0F13
mem[X,0x0000000080001492] -> 0x402F
[1321] [M]: 0x0000000080001490 (0x402F0F13) addi t5, t5, 0x402
x30 <- 0x0000FE557F3DC402

mem[X,0x0000000080001494] -> 0x1F13
mem[X,0x0000000080001496] -> 0x00AF
[1322] [M]: 0x0000000080001494 (0x00AF1F13) slli t5, t5, 0xa
x30 <- 0x03F955FCF7100800

mem[X,0x0000000080001498] -> 0x0F13
mem[X,0x000000008000149A] -> 0x1F9F
[1323] [M]: 0x0000000080001498 (0x1F9F0F13) addi t5, t5, 0x1f9
x30 <- 0x03F955FCF71009F9

mem[X,0x000000008000149C] -> 0x4EB7
mem[X,0x000000008000149E] -> 0x10C0
[1324] [M]: 0x000000008000149C (0x10C04EB7) lui t4, 0x10c04
x29 <- 0x0000000010C04000

mem[X,0x00000000800014A0] -> 0x8E93
mem[X,0x00000000800014A2] -> 0x0C0E
[1325] [M]: 0x00000000800014A0 (0x0C0E8E93) addi t4, t4, 0xc0
x29 <- 0x0000000010C040C0

mem[X,0x00000000800014A4] -> 0x9E93
mem[X,0x00000000800014A6] -> 0x00BE
[1326] [M]: 0x00000000800014A4 (0x00BE9E93) slli t4, t4, 0xb
x29 <- 0x0000008602060000

mem[X,0x00000000800014A8] -> 0x8E93
mem[X,0x00000000800014AA] -> 0x037E
[1327] [M]: 0x00000000800014A8 (0x037E8E93) addi t4, t4, 0x37
x29 <- 0x0000008602060037

mem[X,0x00000000800014AC] -> 0x9E93
mem[X,0x00000000800014AE] -> 0x00BE
[1328] [M]: 0x00000000800014AC (0x00BE9E93) slli t4, t4, 0xb
x29 <- 0x000430103001B800

mem[X,0x00000000800014B0] -> 0x8E93
mem[X,0x00000000800014B2] -> 0x740E
[1329] [M]: 0x00000000800014B0 (0x740E8E93) addi t4, t4, 0x740
x29 <- 0x000430103001BF40

mem[X,0x00000000800014B4] -> 0x9E93
mem[X,0x00000000800014B6] -> 0x00AE
[1330] [M]: 0x00000000800014B4 (0x00AE9E93) slli t4, t4, 0xa
x29 <- 0x10C040C006FD0000

mem[X,0x00000000800014B8] -> 0x8E93
mem[X,0x00000000800014BA] -> 0x33FE
[1331] [M]: 0x00000000800014B8 (0x33FE8E93) addi t4, t4, 0x33f
x29 <- 0x10C040C006FD033F

mem[X,0x00000000800014BC] -> 0x0FBB
mem[X,0x00000000800014BE] -> 0xD5DF
[1332] [M]: 0x00000000800014BC (0xD5DF0FBB) pssub.b t6, t5, t4
x31 <- 0xF339153CF11306BA

mem[X,0x00000000800014C0] -> 0xB023
mem[X,0x00000000800014C2] -> 0x13F0
[1333] [M]: 0x00000000800014C0 (0x13F0B023) sd t6, 0x120(ra)
mem[0x0000000080004328] <- 0xF339153CF11306BA

mem[X,0x00000000800014C4] -> 0x0F37
mem[X,0x00000000800014C6] -> 0xF67F
[1334] [M]: 0x00000000800014C4 (0xF67F0F37) lui t5, -0x9810
x30 <- 0xFFFFFFFFF67F0000

mem[X,0x00000000800014C8] -> 0x0F13
mem[X,0x00000000800014CA] -> 0x040F
[1335] [M]: 0x00000000800014C8 (0x040F0F13) addi t5, t5, 0x40
x30 <- 0xFFFFFFFFF67F0040

mem[X,0x00000000800014CC] -> 0x1F13
mem[X,0x00000000800014CE] -> 0x00BF
[1336] [M]: 0x00000000800014CC (0x00BF1F13) slli t5, t5, 0xb
x30 <- 0xFFFFFFB3F8020000

mem[X,0x00000000800014D0] -> 0x0F13
mem[X,0x00000000800014D2] -> 0x6FCF
[1337] [M]: 0x00000000800014D0 (0x6FCF0F13) addi t5, t5, 0x6fc
x30 <- 0xFFFFFFB3F80206FC

mem[X,0x00000000800014D4] -> 0x1F13
mem[X,0x00000000800014D6] -> 0x00BF
[1338] [M]: 0x00000000800014D4 (0x00BF1F13) slli t5, t5, 0xb
x30 <- 0xFFFD9FC01037E000

mem[X,0x00000000800014D8] -> 0x0F13
mem[X,0x00000000800014DA] -> 0x03DF
[1339] [M]: 0x00000000800014D8 (0x03DF0F13) addi t5, t5, 0x3d
x30 <- 0xFFFD9FC01037E03D

mem[X,0x00000000800014DC] -> 0x1F13
mem[X,0x00000000800014DE] -> 0x00AF
[1340] [M]: 0x00000000800014DC (0x00AF1F13) slli t5, t5, 0xa
x30 <- 0xF67F0040DF80F400

mem[X,0x00000000800014E0] -> 0x0F13
mem[X,0x00000000800014E2] -> 0x2F7F
[1341] [M]: 0x00000000800014E0 (0x2F7F0F13) addi t5, t5, 0x2f7
x30 <- 0xF67F0040DF80F6F7

mem[X,0x00000000800014E4] -> 0x0EB7
mem[X,0x00000000800014E6] -> 0xF6FF
[1342] [M]: 0x00000000800014E4 (0xF6FF0EB7) lui t4, -0x9010
x29 <- 0xFFFFFFFFF6FF0000

mem[X,0x00000000800014E8] -> 0x8E93
mem[X,0x00000000800014EA] -> 0xB20E
[1343] [M]: 0x00000000800014E8 (0xB20E8E93) addi t4, t4, -0x4e0
x29 <- 0xFFFFFFFFF6FEFB20

mem[X,0x00000000800014EC] -> 0x9E93
mem[X,0x00000000800014EE] -> 0x00BE
[1344] [M]: 0x00000000800014EC (0x00BE9E93) slli t4, t4, 0xb
x29 <- 0xFFFFFFB7F7D90000

mem[X,0x00000000800014F0] -> 0x8E93
mem[X,0x00000000800014F2] -> 0x044E
[1345] [M]: 0x00000000800014F0 (0x044E8E93) addi t4, t4, 0x44
x29 <- 0xFFFFFFB7F7D90044

mem[X,0x00000000800014F4] -> 0x9E93
mem[X,0x00000000800014F6] -> 0x00BE
[1346] [M]: 0x00000000800014F4 (0x00BE9E93) slli t4, t4, 0xb
x29 <- 0xFFFDBFBEC8022000

mem[X,0x00000000800014F8] -> 0x8E93
mem[X,0x00000000800014FA] -> 0x010E
[1347] [M]: 0x00000000800014F8 (0x010E8E93) addi t4, t4, 0x10
x29 <- 0xFFFDBFBEC8022010

mem[X,0x00000000800014FC] -> 0x9E93
mem[X,0x00000000800014FE] -> 0x00AE
[1348] [M]: 0x00000000800014FC (0x00AE9E93) slli t4, t4, 0xa
x29 <- 0xF6FEFB2008804000

mem[X,0x0000000080001500] -> 0x8E93
mem[X,0x0000000080001502] -> 0x0FAE
[1349] [M]: 0x0000000080001500 (0x0FAE8E93) addi t4, t4, 0xfa
x29 <- 0xF6FEFB20088040FA

mem[X,0x0000000080001504] -> 0x0FBB
mem[X,0x0000000080001506] -> 0xD5DF
[1350] [M]: 0x0000000080001504 (0xD5DF0FBB) pssub.b t6, t5, t4
x31 <- 0x007F0520D700B6FD

mem[X,0x0000000080001508] -> 0xB423
mem[X,0x000000008000150A] -> 0x13F0
[1351] [M]: 0x0000000080001508 (0x13F0B423) sd t6, 0x128(ra)
mem[0x0000000080004330] <- 0x007F0520D700B6FD

mem[X,0x000000008000150C] -> 0xBF37
mem[X,0x000000008000150E] -> 0xFDC0
[1352] [M]: 0x000000008000150C (0xFDC0BF37) lui t5, -0x23f5
x30 <- 0xFFFFFFFFFDC0B000

mem[X,0x0000000080001510] -> 0x0F13
mem[X,0x0000000080001512] -> 0xA10F
[1353] [M]: 0x0000000080001510 (0xA10F0F13) addi t5, t5, -0x5f0
x30 <- 0xFFFFFFFFFDC0AA10

mem[X,0x0000000080001514] -> 0x1F13
mem[X,0x0000000080001516] -> 0x00BF
[1354] [M]: 0x0000000080001514 (0x00BF1F13) slli t5, t5, 0xb
x30 <- 0xFFFFFFEE05508000

mem[X,0x0000000080001518] -> 0x0F13
mem[X,0x000000008000151A] -> 0x040F
[1355] [M]: 0x0000000080001518 (0x040F0F13) addi t5, t5, 0x40
x30 <- 0xFFFFFFEE05508040

mem[X,0x000000008000151C] -> 0x1F13
mem[X,0x000000008000151E] -> 0x00BF
[1356] [M]: 0x000000008000151C (0x00BF1F13) slli t5, t5, 0xb
x30 <- 0xFFFF702A84020000

mem[X,0x0000000080001520] -> 0x0F13
mem[X,0x0000000080001522] -> 0x210F
[1357] [M]: 0x0000000080001520 (0x210F0F13) addi t5, t5, 0x210
x30 <- 0xFFFF702A84020210

mem[X,0x0000000080001524] -> 0x1F13
mem[X,0x0000000080001526] -> 0x00AF
[1358] [M]: 0x0000000080001524 (0x00AF1F13) slli t5, t5, 0xa
x30 <- 0xFDC0AA1008084000

mem[X,0x0000000080001528] -> 0x0F13
mem[X,0x000000008000152A] -> 0x002F
[1359] [M]: 0x0000000080001528 (0x002F0F13) addi t5, t5, 0x2
x30 <- 0xFDC0AA1008084002

mem[X,0x000000008000152C] -> 0x1EB7
mem[X,0x000000008000152E] -> 0x2000
[1360] [M]: 0x000000008000152C (0x20001EB7) lui t4, 0x20001
x29 <- 0x0000000020001000

mem[X,0x0000000080001530] -> 0x8E93
mem[X,0x0000000080001532] -> 0x0F9E
[1361] [M]: 0x0000000080001530 (0x0F9E8E93) addi t4, t4, 0xf9
x29 <- 0x00000000200010F9

mem[X,0x0000000080001534] -> 0x9E93
mem[X,0x0000000080001536] -> 0x00BE
[1362] [M]: 0x0000000080001534 (0x00BE9E93) slli t4, t4, 0xb
x29 <- 0x000001000087C800

mem[X,0x0000000080001538] -> 0x8E93
mem[X,0x000000008000153A] -> 0x107E
[1363] [M]: 0x0000000080001538 (0x107E8E93) addi t4, t4, 0x107
x29 <- 0x000001000087C907

mem[X,0x000000008000153C] -> 0x9E93
mem[X,0x000000008000153E] -> 0x00BE
[1364] [M]: 0x000000008000153C (0x00BE9E93) slli t4, t4, 0xb
x29 <- 0x000800043E483800

mem[X,0x0000000080001540] -> 0x8E93
mem[X,0x0000000080001542] -> 0x630E
[1365] [M]: 0x0000000080001540 (0x630E8E93) addi t4, t4, 0x630
x29 <- 0x000800043E483E30

mem[X,0x0000000080001544] -> 0x9E93
mem[X,0x0000000080001546] -> 0x00AE
[1366] [M]: 0x0000000080001544 (0x00AE9E93) slli t4, t4, 0xa
x29 <- 0x200010F920F8C000

mem[X,0x0000000080001548] -> 0x8E93
mem[X,0x000000008000154A] -> 0x03FE
[1367] [M]: 0x0000000080001548 (0x03FE8E93) addi t4, t4, 0x3f
x29 <- 0x200010F920F8C03F

mem[X,0x000000008000154C] -> 0x0FBB
mem[X,0x000000008000154E] -> 0xD5DF
[1368] [M]: 0x000000008000154C (0xD5DF0FBB) pssub.b t6, t5, t4
x31 <- 0xDDC09A17E8107FC3

mem[X,0x0000000080001550] -> 0xB823
mem[X,0x0000000080001552] -> 0x13F0
[1369] [M]: 0x0000000080001550 (0x13F0B823) sd t6, 0x130(ra)
mem[0x0000000080004338] <- 0xDDC09A17E8107FC3

mem[X,0x0000000080001554] -> 0x0F37
mem[X,0x0000000080001556] -> 0xC081
[1370] [M]: 0x0000000080001554 (0xC0810F37) lui t5, -0x3f7f0
x30 <- 0xFFFFFFFFC0810000

mem[X,0x0000000080001558] -> 0x0F13
mem[X,0x000000008000155A] -> 0xB02F
[1371] [M]: 0x0000000080001558 (0xB02F0F13) addi t5, t5, -0x4fe
x30 <- 0xFFFFFFFFC080FB02

mem[X,0x000000008000155C] -> 0x1F13
mem[X,0x000000008000155E] -> 0x00BF
[1372] [M]: 0x000000008000155C (0x00BF1F13) slli t5, t5, 0xb
x30 <- 0xFFFFFE0407D81000

mem[X,0x0000000080001560] -> 0x0F13
mem[X,0x0000000080001562] -> 0x032F
[1373] [M]: 0x0000000080001560 (0x032F0F13) addi t5, t5, 0x32
x30 <- 0xFFFFFE0407D81032

mem[X,0x0000000080001564] -> 0x1F13
mem[X,0x0000000080001566] -> 0x00BF
[1374] [M]: 0x0000000080001564 (0x00BF1F13) slli t5, t5, 0xb
x30 <- 0xFFF0203EC0819000

mem[X,0x0000000080001568] -> 0x0F13
mem[X,0x000000008000156A] -> 0x010F
[1375] [M]: 0x0000000080001568 (0x010F0F13) addi t5, t5, 0x10
x30 <- 0xFFF0203EC0819010

mem[X,0x000000008000156C] -> 0x1F13
mem[X,0x000000008000156E] -> 0x00AF
[1376] [M]: 0x000000008000156C (0x00AF1F13) slli t5, t5, 0xa
x30 <- 0xC080FB0206404000

mem[X,0x0000000080001570] -> 0x0F13
mem[X,0x0000000080001572] -> 0x0FEF
[1377] [M]: 0x0000000080001570 (0x0FEF0F13) addi t5, t5, 0xfe
x30 <- 0xC080FB02064040FE

mem[X,0x0000000080001574] -> 0x0EB7
mem[X,0x0000000080001576] -> 0x3F01
[1378] [M]: 0x0000000080001574 (0x3F010EB7) lui t4, 0x3f010
x29 <- 0x000000003F010000

mem[X,0x0000000080001578] -> 0x8E93
mem[X,0x000000008000157A] -> 0x8FFE
[1379] [M]: 0x0000000080001578 (0x8FFE8E93) addi t4, t4, -0x701
x29 <- 0x000000003F00F8FF

mem[X,0x000000008000157C] -> 0x9E93
mem[X,0x000000008000157E] -> 0x00BE
[1380] [M]: 0x000000008000157C (0x00BE9E93) slli t4, t4, 0xb
x29 <- 0x000001F807C7F800

mem[X,0x0000000080001580] -> 0x8E93
mem[X,0x0000000080001582] -> 0x6FFE
[1381] [M]: 0x0000000080001580 (0x6FFE8E93) addi t4, t4, 0x6ff
x29 <- 0x000001F807C7FEFF

mem[X,0x0000000080001584] -> 0x9E93
mem[X,0x0000000080001586] -> 0x00BE
[1382] [M]: 0x0000000080001584 (0x00BE9E93) slli t4, t4, 0xb
x29 <- 0x000FC03E3FF7F800

mem[X,0x0000000080001588] -> 0x8E93
mem[X,0x000000008000158A] -> 0x641E
[1383] [M]: 0x0000000080001588 (0x641E8E93) addi t4, t4, 0x641
x29 <- 0x000FC03E3FF7FE41

mem[X,0x000000008000158C] -> 0x9E93
mem[X,0x000000008000158E] -> 0x00AE
[1384] [M]: 0x000000008000158C (0x00AE9E93) slli t4, t4, 0xa
x29 <- 0x3F00F8FFDFF90400

mem[X,0x0000000080001590] -> 0x8E93
mem[X,0x0000000080001592] -> 0x007E
[1385] [M]: 0x0000000080001590 (0x007E8E93) addi t4, t4, 0x7
x29 <- 0x3F00F8FFDFF90407

mem[X,0x0000000080001594] -> 0x0FBB
mem[X,0x0000000080001596] -> 0xD5DF
[1386] [M]: 0x0000000080001594 (0xD5DF0FBB) pssub.b t6, t5, t4
x31 <- 0x8180030327473CF7

mem[X,0x0000000080001598] -> 0xBC23
mem[X,0x000000008000159A] -> 0x13F0
[1387] [M]: 0x0000000080001598 (0x13F0BC23) sd t6, 0x138(ra)
mem[0x0000000080004340] <- 0x8180030327473CF7

mem[X,0x000000008000159C] -> 0x1F37
mem[X,0x000000008000159E] -> 0x027F
[1388] [M]: 0x000000008000159C (0x027F1F37) lui t5, 0x27f1
x30 <- 0x00000000027F1000

mem[X,0x00000000800015A0] -> 0x0F13
mem[X,0x00000000800015A2] -> 0x9FBF
[1389] [M]: 0x00000000800015A0 (0x9FBF0F13) addi t5, t5, -0x605
x30 <- 0x00000000027F09FB

mem[X,0x00000000800015A4] -> 0x1F13
mem[X,0x00000000800015A6] -> 0x00BF
[1390] [M]: 0x00000000800015A4 (0x00BF1F13) slli t5, t5, 0xb
x30 <- 0x00000013F84FD800

mem[X,0x00000000800015A8] -> 0x0F13
mem[X,0x00000000800015AA] -> 0x012F
[1391] [M]: 0x00000000800015A8 (0x012F0F13) addi t5, t5, 0x12
x30 <- 0x00000013F84FD812

mem[X,0x00000000800015AC] -> 0x1F13
mem[X,0x00000000800015AE] -> 0x00BF
[1392] [M]: 0x00000000800015AC (0x00BF1F13) slli t5, t5, 0xb
x30 <- 0x00009FC27EC09000

mem[X,0x00000000800015B0] -> 0x0F13
mem[X,0x00000000800015B2] -> 0x002F
[1393] [M]: 0x00000000800015B0 (0x002F0F13) addi t5, t5, 0x2
x30 <- 0x00009FC27EC09002

mem[X,0x00000000800015B4] -> 0x1F13
mem[X,0x00000000800015B6] -> 0x00AF
[1394] [M]: 0x00000000800015B4 (0x00AF1F13) slli t5, t5, 0xa
x30 <- 0x027F09FB02400800

mem[X,0x00000000800015B8] -> 0x0F13
mem[X,0x00000000800015BA] -> 0x0FDF
[1395] [M]: 0x00000000800015B8 (0x0FDF0F13) addi t5, t5, 0xfd
x30 <- 0x027F09FB024008FD

mem[X,0x00000000800015BC] -> 0x8EB7
mem[X,0x00000000800015BE] -> 0xDF7F
[1396] [M]: 0x00000000800015BC (0xDF7F8EB7) lui t4, -0x20808
x29 <- 0xFFFFFFFFDF7F8000

mem[X,0x00000000800015C0] -> 0x8E93
mem[X,0x00000000800015C2] -> 0xF40E
[1397] [M]: 0x00000000800015C0 (0xF40E8E93) addi t4, t4, -0xc0
x29 <- 0xFFFFFFFFDF7F7F40

mem[X,0x00000000800015C4] -> 0x9E93
mem[X,0x00000000800015C6] -> 0x00BE
[1398] [M]: 0x00000000800015C4 (0x00BE9E93) slli t4, t4, 0xb
x29 <- 0xFFFFFEFBFBFA0000

mem[X,0x00000000800015C8] -> 0x8E93
mem[X,0x00000000800015CA] -> 0x028E
[1399] [M]: 0x00000000800015C8 (0x028E8E93) addi t4, t4, 0x28
x29 <- 0xFFFFFEFBFBFA0028

clint::tick mtime <- 0x000000000000000E
 clint timer pending at mtime 0x000000000000000E
htif::tick 0x0000000000000000
mem[X,0x00000000800015CC] -> 0x9E93
mem[X,0x00000000800015CE] -> 0x00BE
[1400] [M]: 0x00000000800015CC (0x00BE9E93) slli t4, t4, 0xb
x29 <- 0xFFF7DFDFD0014000

mem[X,0x00000000800015D0] -> 0x8E93
mem[X,0x00000000800015D2] -> 0x402E
[1401] [M]: 0x00000000800015D0 (0x402E8E93) addi t4, t4, 0x402
x29 <- 0xFFF7DFDFD0014402

mem[X,0x00000000800015D4] -> 0x9E93
mem[X,0x00000000800015D6] -> 0x00AE
[1402] [M]: 0x00000000800015D4 (0x00AE9E93) slli t4, t4, 0xa
x29 <- 0xDF7F7F4005100800

mem[X,0x00000000800015D8] -> 0x8E93
mem[X,0x00000000800015DA] -> 0x110E
[1403] [M]: 0x00000000800015D8 (0x110E8E93) addi t4, t4, 0x110
x29 <- 0xDF7F7F4005100910

mem[X,0x00000000800015DC] -> 0x0FBB
mem[X,0x00000000800015DE] -> 0xD5DF
[1404] [M]: 0x00000000800015DC (0xD5DF0FBB) pssub.b t6, t5, t4
x31 <- 0x23008ABBFD30FFED

mem[X,0x00000000800015E0] -> 0xB023
mem[X,0x00000000800015E2] -> 0x15F0
[1405] [M]: 0x00000000800015E0 (0x15F0B023) sd t6, 0x140(ra)
mem[0x0000000080004348] <- 0x23008ABBFD30FFED

mem[X,0x00000000800015E4] -> 0x0F37
mem[X,0x00000000800015E6] -> 0xDFFA
[1406] [M]: 0x00000000800015E4 (0xDFFA0F37) lui t5, -0x20060
x30 <- 0xFFFFFFFFDFFA0000

mem[X,0x00000000800015E8] -> 0x0F13
mem[X,0x00000000800015EA] -> 0x9DFF
[1407] [M]: 0x00000000800015E8 (0x9DFF0F13) addi t5, t5, -0x621
x30 <- 0xFFFFFFFFDFF9F9DF

mem[X,0x00000000800015EC] -> 0x1F13
mem[X,0x00000000800015EE] -> 0x00BF
[1408] [M]: 0x00000000800015EC (0x00BF1F13) slli t5, t5, 0xb
x30 <- 0xFFFFFEFFCFCEF800

mem[X,0x00000000800015F0] -> 0x0F13
mem[X,0x00000000800015F2] -> 0x6FFF
[1409] [M]: 0x00000000800015F0 (0x6FFF0F13) addi t5, t5, 0x6ff
x30 <- 0xFFFFFEFFCFCEFEFF

mem[X,0x00000000800015F4] -> 0x1F13
mem[X,0x00000000800015F6] -> 0x00BF
[1410] [M]: 0x00000000800015F4 (0x00BF1F13) slli t5, t5, 0xb
x30 <- 0xFFF7FE7E77F7F800

mem[X,0x00000000800015F8] -> 0x0F13
mem[X,0x00000000800015FA] -> 0x5C2F
[1411] [M]: 0x00000000800015F8 (0x5C2F0F13) addi t5, t5, 0x5c2
x30 <- 0xFFF7FE7E77F7FDC2

mem[X,0x00000000800015FC] -> 0x1F13
mem[X,0x00000000800015FE] -> 0x00AF
[1412] [M]: 0x00000000800015FC (0x00AF1F13) slli t5, t5, 0xa
x30 <- 0xDFF9F9DFDFF70800

mem[X,0x0000000080001600] -> 0x0F13
mem[X,0x0000000080001602] -> 0x1FAF
[1413] [M]: 0x0000000080001600 (0x1FAF0F13) addi t5, t5, 0x1fa
x30 <- 0xDFF9F9DFDFF709FA

mem[X,0x0000000080001604] -> 0x0EB7
mem[X,0x0000000080001606] -> 0xF7E0
[1414] [M]: 0x0000000080001604 (0xF7E00EB7) lui t4, -0x8200
x29 <- 0xFFFFFFFFF7E00000

mem[X,0x0000000080001608] -> 0x8E93
mem[X,0x000000008000160A] -> 0xB02E
[1415] [M]: 0x0000000080001608 (0xB02E8E93) addi t4, t4, -0x4fe
x29 <- 0xFFFFFFFFF7DFFB02

mem[X,0x000000008000160C] -> 0x9E93
mem[X,0x000000008000160E] -> 0x00BE
[1416] [M]: 0x000000008000160C (0x00BE9E93) slli t4, t4, 0xb
x29 <- 0xFFFFFFBEFFD81000

mem[X,0x0000000080001610] -> 0x8E93
mem[X,0x0000000080001612] -> 0x7F0E
[1417] [M]: 0x0000000080001610 (0x7F0E8E93) addi t4, t4, 0x7f0
x29 <- 0xFFFFFFBEFFD817F0

mem[X,0x0000000080001614] -> 0x9E93
mem[X,0x0000000080001616] -> 0x00BE
[1418] [M]: 0x0000000080001614 (0x00BE9E93) slli t4, t4, 0xb
x29 <- 0xFFFDF7FEC0BF8000

mem[X,0x0000000080001618] -> 0x8E93
mem[X,0x000000008000161A] -> 0x14FE
[1419] [M]: 0x0000000080001618 (0x14FE8E93) addi t4, t4, 0x14f
x29 <- 0xFFFDF7FEC0BF814F

mem[X,0x000000008000161C] -> 0x9E93
mem[X,0x000000008000161E] -> 0x00AE
[1420] [M]: 0x000000008000161C (0x00AE9E93) slli t4, t4, 0xa
x29 <- 0xF7DFFB02FE053C00

mem[X,0x0000000080001620] -> 0x8E93
mem[X,0x0000000080001622] -> 0x3FFE
[1421] [M]: 0x0000000080001620 (0x3FFE8E93) addi t4, t4, 0x3ff
x29 <- 0xF7DFFB02FE053FFF

mem[X,0x0000000080001624] -> 0x0FBB
mem[X,0x0000000080001626] -> 0xD5DF
[1422] [M]: 0x0000000080001624 (0xD5DF0FBB) pssub.b t6, t5, t4
x31 <- 0xE81AFEDDE1F2CAFB

mem[X,0x0000000080001628] -> 0xB423
mem[X,0x000000008000162A] -> 0x15F0
[1423] [M]: 0x0000000080001628 (0x15F0B423) sd t6, 0x148(ra)
mem[0x0000000080004350] <- 0xE81AFEDDE1F2CAFB

mem[X,0x000000008000162C] -> 0x1F37
mem[X,0x000000008000162E] -> 0x0105
[1424] [M]: 0x000000008000162C (0x01051F37) lui t5, 0x1051
x30 <- 0x0000000001051000

mem[X,0x0000000080001630] -> 0x0F13
mem[X,0x0000000080001632] -> 0x9FEF
[1425] [M]: 0x0000000080001630 (0x9FEF0F13) addi t5, t5, -0x602
x30 <- 0x00000000010509FE

mem[X,0x0000000080001634] -> 0x1F13
mem[X,0x0000000080001636] -> 0x00BF
[1426] [M]: 0x0000000080001634 (0x00BF1F13) slli t5, t5, 0xb
x30 <- 0x00000008284FF000

mem[X,0x0000000080001638] -> 0x0F13
mem[X,0x000000008000163A] -> 0x2AFF
[1427] [M]: 0x0000000080001638 (0x2AFF0F13) addi t5, t5, 0x2af
x30 <- 0x00000008284FF2AF

mem[X,0x000000008000163C] -> 0x1F13
mem[X,0x000000008000163E] -> 0x00BF
[1428] [M]: 0x000000008000163C (0x00BF1F13) slli t5, t5, 0xb
x30 <- 0x000041427F957800

mem[X,0x0000000080001640] -> 0x0F13
mem[X,0x0000000080001642] -> 0x680F
[1429] [M]: 0x0000000080001640 (0x680F0F13) addi t5, t5, 0x680
x30 <- 0x000041427F957E80

mem[X,0x0000000080001644] -> 0x1F13
mem[X,0x0000000080001646] -> 0x00AF
[1430] [M]: 0x0000000080001644 (0x00AF1F13) slli t5, t5, 0xa
x30 <- 0x010509FE55FA0000

mem[X,0x0000000080001648] -> 0x0F13
mem[X,0x000000008000164A] -> 0x300F
[1431] [M]: 0x0000000080001648 (0x300F0F13) addi t5, t5, 0x300
x30 <- 0x010509FE55FA0300

mem[X,0x000000008000164C] -> 0x0EB7
mem[X,0x000000008000164E] -> 0xFA04
[1432] [M]: 0x000000008000164C (0xFA040EB7) lui t4, -0x5fc0
x29 <- 0xFFFFFFFFFA040000

mem[X,0x0000000080001650] -> 0x8E93
mem[X,0x0000000080001652] -> 0x6FEE
[1433] [M]: 0x0000000080001650 (0x6FEE8E93) addi t4, t4, 0x6fe
x29 <- 0xFFFFFFFFFA0406FE

mem[X,0x0000000080001654] -> 0x9E93
mem[X,0x0000000080001656] -> 0x00BE
[1434] [M]: 0x0000000080001654 (0x00BE9E93) slli t4, t4, 0xb
x29 <- 0xFFFFFFD02037F000

mem[X,0x0000000080001658] -> 0x8E93
mem[X,0x000000008000165A] -> 0x7DFE
[1435] [M]: 0x0000000080001658 (0x7DFE8E93) addi t4, t4, 0x7df
x29 <- 0xFFFFFFD02037F7DF

mem[X,0x000000008000165C] -> 0x9E93
mem[X,0x000000008000165E] -> 0x00BE
[1436] [M]: 0x000000008000165C (0x00BE9E93) slli t4, t4, 0xb
x29 <- 0xFFFE8101BFBEF800

mem[X,0x0000000080001660] -> 0x8E93
mem[X,0x0000000080001662] -> 0x5C1E
[1437] [M]: 0x0000000080001660 (0x5C1E8E93) addi t4, t4, 0x5c1
x29 <- 0xFFFE8101BFBEFDC1

mem[X,0x0000000080001664] -> 0x9E93
mem[X,0x0000000080001666] -> 0x00AE
[1438] [M]: 0x0000000080001664 (0x00AE9E93) slli t4, t4, 0xa
x29 <- 0xFA0406FEFBF70400

mem[X,0x0000000080001668] -> 0x8E93
mem[X,0x000000008000166A] -> 0x080E
[1439] [M]: 0x0000000080001668 (0x080E8E93) addi t4, t4, 0x80
x29 <- 0xFA0406FEFBF70480

mem[X,0x000000008000166C] -> 0x0FBB
mem[X,0x000000008000166E] -> 0xD5DF
[1440] [M]: 0x000000008000166C (0xD5DF0FBB) pssub.b t6, t5, t4
x31 <- 0x070103005A03FF7F

mem[X,0x0000000080001670] -> 0xB823
mem[X,0x0000000080001672] -> 0x15F0
[1441] [M]: 0x0000000080001670 (0x15F0B823) sd t6, 0x150(ra)
mem[0x0000000080004358] <- 0x070103005A03FF7F

mem[X,0x0000000080001674] -> 0x0F37
mem[X,0x0000000080001676] -> 0x3F11
[1442] [M]: 0x0000000080001674 (0x3F110F37) lui t5, 0x3f110
x30 <- 0x000000003F110000

mem[X,0x0000000080001678] -> 0x0F13
mem[X,0x000000008000167A] -> 0x905F
[1443] [M]: 0x0000000080001678 (0x905F0F13) addi t5, t5, -0x6fb
x30 <- 0x000000003F10F905

mem[X,0x000000008000167C] -> 0x1F13
mem[X,0x000000008000167E] -> 0x00BF
[1444] [M]: 0x000000008000167C (0x00BF1F13) slli t5, t5, 0xb
x30 <- 0x000001F887C82800

mem[X,0x0000000080001680] -> 0x0F13
mem[X,0x0000000080001682] -> 0x7EDF
[1445] [M]: 0x0000000080001680 (0x7EDF0F13) addi t5, t5, 0x7ed
x30 <- 0x000001F887C82FED

mem[X,0x0000000080001684] -> 0x1F13
mem[X,0x0000000080001686] -> 0x00BF
[1446] [M]: 0x0000000080001684 (0x00BF1F13) slli t5, t5, 0xb
x30 <- 0x000FC43E417F6800

mem[X,0x0000000080001688] -> 0x0F13
mem[X,0x000000008000168A] -> 0x7C2F
[1447] [M]: 0x0000000080001688 (0x7C2F0F13) addi t5, t5, 0x7c2
x30 <- 0x000FC43E417F6FC2

mem[X,0x000000008000168C] -> 0x1F13
mem[X,0x000000008000168E] -> 0x00AF
[1448] [M]: 0x000000008000168C (0x00AF1F13) slli t5, t5, 0xa
x30 <- 0x3F10F905FDBF0800

mem[X,0x0000000080001690] -> 0x0F13
mem[X,0x0000000080001692] -> 0x0F6F
[1449] [M]: 0x0000000080001690 (0x0F6F0F13) addi t5, t5, 0xf6
x30 <- 0x3F10F905FDBF08F6

mem[X,0x0000000080001694] -> 0x0EB7
mem[X,0x0000000080001696] -> 0xDFC0
[1450] [M]: 0x0000000080001694 (0xDFC00EB7) lui t4, -0x20400
x29 <- 0xFFFFFFFFDFC00000

mem[X,0x0000000080001698] -> 0x8E93
mem[X,0x000000008000169A] -> 0xF00E
[1451] [M]: 0x0000000080001698 (0xF00E8E93) addi t4, t4, -0x100
x29 <- 0xFFFFFFFFDFBFFF00

mem[X,0x000000008000169C] -> 0x9E93
mem[X,0x000000008000169E] -> 0x00BE
[1452] [M]: 0x000000008000169C (0x00BE9E93) slli t4, t4, 0xb
x29 <- 0xFFFFFEFDFFF80000

mem[X,0x00000000800016A0] -> 0x8E93
mem[X,0x00000000800016A2] -> 0x77FE
[1453] [M]: 0x00000000800016A0 (0x77FE8E93) addi t4, t4, 0x77f
x29 <- 0xFFFFFEFDFFF8077F

mem[X,0x00000000800016A4] -> 0x9E93
mem[X,0x00000000800016A6] -> 0x00BE
[1454] [M]: 0x00000000800016A4 (0x00BE9E93) slli t4, t4, 0xb
x29 <- 0xFFF7EFFFC03BF800

mem[X,0x00000000800016A8] -> 0x8E93
mem[X,0x00000000800016AA] -> 0x781E
[1455] [M]: 0x00000000800016A8 (0x781E8E93) addi t4, t4, 0x781
x29 <- 0xFFF7EFFFC03BFF81

mem[X,0x00000000800016AC] -> 0x9E93
mem[X,0x00000000800016AE] -> 0x00AE
[1456] [M]: 0x00000000800016AC (0x00AE9E93) slli t4, t4, 0xa
x29 <- 0xDFBFFF00EFFE0400

mem[X,0x00000000800016B0] -> 0x8E93
mem[X,0x00000000800016B2] -> 0x0FEE
[1457] [M]: 0x00000000800016B0 (0x0FEE8E93) addi t4, t4, 0xfe
x29 <- 0xDFBFFF00EFFE04FE

mem[X,0x00000000800016B4] -> 0x0FBB
mem[X,0x00000000800016B6] -> 0xD5DF
[1458] [M]: 0x00000000800016B4 (0xD5DF0FBB) pssub.b t6, t5, t4
x31 <- 0x6051FA050EC104F8

mem[X,0x00000000800016B8] -> 0xBC23
mem[X,0x00000000800016BA] -> 0x15F0
[1459] [M]: 0x00000000800016B8 (0x15F0BC23) sd t6, 0x158(ra)
mem[0x0000000080004360] <- 0x6051FA050EC104F8

mem[X,0x00000000800016BC] -> 0x0F37
mem[X,0x00000000800016BE] -> 0x0002
[1460] [M]: 0x00000000800016BC (0x00020F37) lui t5, 0x20
x30 <- 0x0000000000020000

mem[X,0x00000000800016C0] -> 0x0F13
mem[X,0x00000000800016C2] -> 0x807F
[1461] [M]: 0x00000000800016C0 (0x807F0F13) addi t5, t5, -0x7f9
x30 <- 0x000000000001F807

mem[X,0x00000000800016C4] -> 0x1F13
mem[X,0x00000000800016C6] -> 0x00BF
[1462] [M]: 0x00000000800016C4 (0x00BF1F13) slli t5, t5, 0xb
x30 <- 0x000000000FC03800

mem[X,0x00000000800016C8] -> 0x0F13
mem[X,0x00000000800016CA] -> 0x082F
[1463] [M]: 0x00000000800016C8 (0x082F0F13) addi t5, t5, 0x82
x30 <- 0x000000000FC03882

mem[X,0x00000000800016CC] -> 0x1F13
mem[X,0x00000000800016CE] -> 0x00BF
[1464] [M]: 0x00000000800016CC (0x00BF1F13) slli t5, t5, 0xb
x30 <- 0x0000007E01C41000

mem[X,0x00000000800016D0] -> 0x0F13
mem[X,0x00000000800016D2] -> 0x03FF
[1465] [M]: 0x00000000800016D0 (0x03FF0F13) addi t5, t5, 0x3f
x30 <- 0x0000007E01C4103F

mem[X,0x00000000800016D4] -> 0x1F13
mem[X,0x00000000800016D6] -> 0x00AF
[1466] [M]: 0x00000000800016D4 (0x00AF1F13) slli t5, t5, 0xa
x30 <- 0x0001F8071040FC00

mem[X,0x00000000800016D8] -> 0x0F13
mem[X,0x00000000800016DA] -> 0x155F
[1467] [M]: 0x00000000800016D8 (0x155F0F13) addi t5, t5, 0x155
x30 <- 0x0001F8071040FD55

mem[X,0x00000000800016DC] -> 0x0EB7
mem[X,0x00000000800016DE] -> 0x0880
[1468] [M]: 0x00000000800016DC (0x08800EB7) lui t4, 0x8800
x29 <- 0x0000000008800000

mem[X,0x00000000800016E0] -> 0x8E93
mem[X,0x00000000800016E2] -> 0x320E
[1469] [M]: 0x00000000800016E0 (0x320E8E93) addi t4, t4, 0x320
x29 <- 0x0000000008800320

mem[X,0x00000000800016E4] -> 0x9E93
mem[X,0x00000000800016E6] -> 0x00BE
[1470] [M]: 0x00000000800016E4 (0x00BE9E93) slli t4, t4, 0xb
x29 <- 0x0000004400190000

mem[X,0x00000000800016E8] -> 0x8E93
mem[X,0x00000000800016EA] -> 0x407E
[1471] [M]: 0x00000000800016E8 (0x407E8E93) addi t4, t4, 0x407
x29 <- 0x0000004400190407

mem[X,0x00000000800016EC] -> 0x9E93
mem[X,0x00000000800016EE] -> 0x00BE
[1472] [M]: 0x00000000800016EC (0x00BE9E93) slli t4, t4, 0xb
x29 <- 0x00022000C8203800

mem[X,0x00000000800016F0] -> 0x8E93
mem[X,0x00000000800016F2] -> 0x784E
[1473] [M]: 0x00000000800016F0 (0x784E8E93) addi t4, t4, 0x784
x29 <- 0x00022000C8203F84

mem[X,0x00000000800016F4] -> 0x9E93
mem[X,0x00000000800016F6] -> 0x00AE
[1474] [M]: 0x00000000800016F4 (0x00AE9E93) slli t4, t4, 0xa
x29 <- 0x0880032080FE1000

mem[X,0x00000000800016F8] -> 0x8E93
mem[X,0x00000000800016FA] -> 0x055E
[1475] [M]: 0x00000000800016F8 (0x055E8E93) addi t4, t4, 0x55
x29 <- 0x0880032080FE1055

mem[X,0x00000000800016FC] -> 0x0FBB
mem[X,0x00000000800016FE] -> 0xD5DF
[1476] [M]: 0x00000000800016FC (0xD5DF0FBB) pssub.b t6, t5, t4
x31 <- 0xF87FF5E77F42ED00

mem[X,0x0000000080001700] -> 0xB023
mem[X,0x0000000080001702] -> 0x17F0
[1477] [M]: 0x0000000080001700 (0x17F0B023) sd t6, 0x160(ra)
mem[0x0000000080004368] <- 0xF87FF5E77F42ED00

mem[X,0x0000000080001704] -> 0x1F37
mem[X,0x0000000080001706] -> 0xFB20
[1478] [M]: 0x0000000080001704 (0xFB201F37) lui t5, -0x4dff
x30 <- 0xFFFFFFFFFB201000

mem[X,0x0000000080001708] -> 0x0F13
mem[X,0x000000008000170A] -> 0x807F
[1479] [M]: 0x0000000080001708 (0x807F0F13) addi t5, t5, -0x7f9
x30 <- 0xFFFFFFFFFB200807

mem[X,0x000000008000170C] -> 0x1F13
mem[X,0x000000008000170E] -> 0x00BF
[1480] [M]: 0x000000008000170C (0x00BF1F13) slli t5, t5, 0xb
x30 <- 0xFFFFFFD900403800

mem[X,0x0000000080001710] -> 0x0F13
mem[X,0x0000000080001712] -> 0x7E6F
[1481] [M]: 0x0000000080001710 (0x7E6F0F13) addi t5, t5, 0x7e6
x30 <- 0xFFFFFFD900403FE6

mem[X,0x0000000080001714] -> 0x1F13
mem[X,0x0000000080001716] -> 0x00BF
[1482] [M]: 0x0000000080001714 (0x00BF1F13) slli t5, t5, 0xb
x30 <- 0xFFFEC80201FF3000

mem[X,0x0000000080001718] -> 0x0F13
mem[X,0x000000008000171A] -> 0x7F0F
[1483] [M]: 0x0000000080001718 (0x7F0F0F13) addi t5, t5, 0x7f0
x30 <- 0xFFFEC80201FF37F0

mem[X,0x000000008000171C] -> 0x1F13
mem[X,0x000000008000171E] -> 0x00AF
[1484] [M]: 0x000000008000171C (0x00AF1F13) slli t5, t5, 0xa
x30 <- 0xFB200807FCDFC000

mem[X,0x0000000080001720] -> 0x0F13
mem[X,0x0000000080001722] -> 0x0AAF
[1485] [M]: 0x0000000080001720 (0x0AAF0F13) addi t5, t5, 0xaa
x30 <- 0xFB200807FCDFC0AA

mem[X,0x0000000080001724] -> 0x5EB7
mem[X,0x0000000080001726] -> 0x0103
[1486] [M]: 0x0000000080001724 (0x01035EB7) lui t4, 0x1035
x29 <- 0x0000000001035000

mem[X,0x0000000080001728] -> 0x8E93
mem[X,0x000000008000172A] -> 0x5FFE
[1487] [M]: 0x0000000080001728 (0x5FFE8E93) addi t4, t4, 0x5ff
x29 <- 0x00000000010355FF

mem[X,0x000000008000172C] -> 0x9E93
mem[X,0x000000008000172E] -> 0x00BE
[1488] [M]: 0x000000008000172C (0x00BE9E93) slli t4, t4, 0xb
x29 <- 0x000000081AAFF800

mem[X,0x0000000080001730] -> 0x8E93
mem[X,0x0000000080001732] -> 0x207E
[1489] [M]: 0x0000000080001730 (0x207E8E93) addi t4, t4, 0x207
x29 <- 0x000000081AAFFA07

mem[X,0x0000000080001734] -> 0x9E93
mem[X,0x0000000080001736] -> 0x00BE
[1490] [M]: 0x0000000080001734 (0x00BE9E93) slli t4, t4, 0xb
x29 <- 0x000040D57FD03800

mem[X,0x0000000080001738] -> 0x8E93
mem[X,0x000000008000173A] -> 0x708E
[1491] [M]: 0x0000000080001738 (0x708E8E93) addi t4, t4, 0x708
x29 <- 0x000040D57FD03F08

mem[X,0x000000008000173C] -> 0x9E93
mem[X,0x000000008000173E] -> 0x00AE
[1492] [M]: 0x000000008000173C (0x00AE9E93) slli t4, t4, 0xa
x29 <- 0x010355FF40FC2000

mem[X,0x0000000080001740] -> 0x8E93
mem[X,0x0000000080001742] -> 0x006E
[1493] [M]: 0x0000000080001740 (0x006E8E93) addi t4, t4, 0x6
x29 <- 0x010355FF40FC2006

mem[X,0x0000000080001744] -> 0x0FBB
mem[X,0x0000000080001746] -> 0xD5DF
[1494] [M]: 0x0000000080001744 (0xD5DF0FBB) pssub.b t6, t5, t4
x31 <- 0xFA1DB308BCE3A0A4

mem[X,0x0000000080001748] -> 0xB423
mem[X,0x000000008000174A] -> 0x17F0
[1495] [M]: 0x0000000080001748 (0x17F0B423) sd t6, 0x168(ra)
mem[0x0000000080004370] <- 0xFA1DB308BCE3A0A4

mem[X,0x000000008000174C] -> 0x0F37
mem[X,0x000000008000174E] -> 0xAA3F
[1496] [M]: 0x000000008000174C (0xAA3F0F37) lui t5, -0x55c10
x30 <- 0xFFFFFFFFAA3F0000

mem[X,0x0000000080001750] -> 0x0F13
mem[X,0x0000000080001752] -> 0x5F7F
[1497] [M]: 0x0000000080001750 (0x5F7F0F13) addi t5, t5, 0x5f7
x30 <- 0xFFFFFFFFAA3F05F7

mem[X,0x0000000080001754] -> 0x1F13
mem[X,0x0000000080001756] -> 0x00BF
[1498] [M]: 0x0000000080001754 (0x00BF1F13) slli t5, t5, 0xb
x30 <- 0xFFFFFD51F82FB800

mem[X,0x0000000080001758] -> 0x0F13
mem[X,0x000000008000175A] -> 0x7F7F
[1499] [M]: 0x0000000080001758 (0x7F7F0F13) addi t5, t5, 0x7f7
x30 <- 0xFFFFFD51F82FBFF7

clint::tick mtime <- 0x000000000000000F
 clint timer pending at mtime 0x000000000000000F
htif::tick 0x0000000000000000
mem[X,0x000000008000175C] -> 0x1F13
mem[X,0x000000008000175E] -> 0x00BF
[1500] [M]: 0x000000008000175C (0x00BF1F13) slli t5, t5, 0xb
x30 <- 0xFFEA8FC17DFFB800

mem[X,0x0000000080001760] -> 0x0F13
mem[X,0x0000000080001762] -> 0x69FF
[1501] [M]: 0x0000000080001760 (0x69FF0F13) addi t5, t5, 0x69f
x30 <- 0xFFEA8FC17DFFBE9F

mem[X,0x0000000080001764] -> 0x1F13
mem[X,0x0000000080001766] -> 0x00AF
[1502] [M]: 0x0000000080001764 (0x00AF1F13) slli t5, t5, 0xa
x30 <- 0xAA3F05F7FEFA7C00

mem[X,0x0000000080001768] -> 0x0F13
mem[X,0x000000008000176A] -> 0x3F6F
[1503] [M]: 0x0000000080001768 (0x3F6F0F13) addi t5, t5, 0x3f6
x30 <- 0xAA3F05F7FEFA7FF6

mem[X,0x000000008000176C] -> 0x0EB7
mem[X,0x000000008000176E] -> 0xF701
[1504] [M]: 0x000000008000176C (0xF7010EB7) lui t4, -0x8ff0
x29 <- 0xFFFFFFFFF7010000

mem[X,0x0000000080001770] -> 0x8E93
mem[X,0x0000000080001772] -> 0xE03E
[1505] [M]: 0x0000000080001770 (0xE03E8E93) addi t4, t4, -0x1fd
x29 <- 0xFFFFFFFFF700FE03

mem[X,0x0000000080001774] -> 0x9E93
mem[X,0x0000000080001776] -> 0x00BE
[1506] [M]: 0x0000000080001774 (0x00BE9E93) slli t4, t4, 0xb
x29 <- 0xFFFFFFB807F01800

mem[X,0x0000000080001778] -> 0x8E93
mem[X,0x000000008000177A] -> 0x550E
[1507] [M]: 0x0000000080001778 (0x550E8E93) addi t4, t4, 0x550
x29 <- 0xFFFFFFB807F01D50

mem[X,0x000000008000177C] -> 0x9E93
mem[X,0x000000008000177E] -> 0x00BE
[1508] [M]: 0x000000008000177C (0x00BE9E93) slli t4, t4, 0xb
x29 <- 0xFFFDC03F80EA8000

mem[X,0x0000000080001780] -> 0x8E93
mem[X,0x0000000080001782] -> 0x230E
[1509] [M]: 0x0000000080001780 (0x230E8E93) addi t4, t4, 0x230
x29 <- 0xFFFDC03F80EA8230

mem[X,0x0000000080001784] -> 0x9E93
mem[X,0x0000000080001786] -> 0x00AE
[1510] [M]: 0x0000000080001784 (0x00AE9E93) slli t4, t4, 0xa
x29 <- 0xF700FE03AA08C000

mem[X,0x0000000080001788] -> 0x8E93
mem[X,0x000000008000178A] -> 0x0FEE
[1511] [M]: 0x0000000080001788 (0x0FEE8E93) addi t4, t4, 0xfe
x29 <- 0xF700FE03AA08C0FE

mem[X,0x000000008000178C] -> 0x0FBB
mem[X,0x000000008000178E] -> 0xD5DF
[1512] [M]: 0x000000008000178C (0xD5DF0FBB) pssub.b t6, t5, t4
x31 <- 0xB33F07F454F27FF8

mem[X,0x0000000080001790] -> 0xB823
mem[X,0x0000000080001792] -> 0x17F0
[1513] [M]: 0x0000000080001790 (0x17F0B823) sd t6, 0x170(ra)
mem[0x0000000080004378] <- 0xB33F07F454F27FF8

mem[X,0x0000000080001794] -> 0x0F37
mem[X,0x0000000080001796] -> 0x1100
[1514] [M]: 0x0000000080001794 (0x11000F37) lui t5, 0x11000
x30 <- 0x0000000011000000

mem[X,0x0000000080001798] -> 0x0F13
mem[X,0x000000008000179A] -> 0xCF6F
[1515] [M]: 0x0000000080001798 (0xCF6F0F13) addi t5, t5, -0x30a
x30 <- 0x0000000010FFFCF6

mem[X,0x000000008000179C] -> 0x1F13
mem[X,0x000000008000179E] -> 0x00BF
[1516] [M]: 0x000000008000179C (0x00BF1F13) slli t5, t5, 0xb
x30 <- 0x00000087FFE7B000

mem[X,0x00000000800017A0] -> 0x0F13
mem[X,0x00000000800017A2] -> 0x7D2F
[1517] [M]: 0x00000000800017A0 (0x7D2F0F13) addi t5, t5, 0x7d2
x30 <- 0x00000087FFE7B7D2

mem[X,0x00000000800017A4] -> 0x1F13
mem[X,0x00000000800017A6] -> 0x00BF
[1518] [M]: 0x00000000800017A4 (0x00BF1F13) slli t5, t5, 0xb
x30 <- 0x00043FFF3DBE9000

mem[X,0x00000000800017A8] -> 0x0F13
mem[X,0x00000000800017AA] -> 0x56FF
[1519] [M]: 0x00000000800017A8 (0x56FF0F13) addi t5, t5, 0x56f
x30 <- 0x00043FFF3DBE956F

mem[X,0x00000000800017AC] -> 0x1F13
mem[X,0x00000000800017AE] -> 0x00AF
[1520] [M]: 0x00000000800017AC (0x00AF1F13) slli t5, t5, 0xa
x30 <- 0x10FFFCF6FA55BC00

mem[X,0x00000000800017B0] -> 0x0F13
mem[X,0x00000000800017B2] -> 0x3F9F
[1521] [M]: 0x00000000800017B0 (0x3F9F0F13) addi t5, t5, 0x3f9
x30 <- 0x10FFFCF6FA55BFF9

mem[X,0x00000000800017B4] -> 0x0EB7
mem[X,0x00000000800017B6] -> 0xF73F
[1522] [M]: 0x00000000800017B4 (0xF73F0EB7) lui t4, -0x8c10
x29 <- 0xFFFFFFFFF73F0000

mem[X,0x00000000800017B8] -> 0x8E93
mem[X,0x00000000800017BA] -> 0x455E
[1523] [M]: 0x00000000800017B8 (0x455E8E93) addi t4, t4, 0x455
x29 <- 0xFFFFFFFFF73F0455

mem[X,0x00000000800017BC] -> 0x9E93
mem[X,0x00000000800017BE] -> 0x00BE
[1524] [M]: 0x00000000800017BC (0x00BE9E93) slli t4, t4, 0xb
x29 <- 0xFFFFFFB9F822A800

mem[X,0x00000000800017C0] -> 0x8E93
mem[X,0x00000000800017C2] -> 0x7FBE
[1525] [M]: 0x00000000800017C0 (0x7FBE8E93) addi t4, t4, 0x7fb
x29 <- 0xFFFFFFB9F822AFFB

mem[X,0x00000000800017C4] -> 0x9E93
mem[X,0x00000000800017C6] -> 0x00BE
[1526] [M]: 0x00000000800017C4 (0x00BE9E93) slli t4, t4, 0xb
x29 <- 0xFFFDCFC1157FD800

mem[X,0x00000000800017C8] -> 0x8E93
mem[X,0x00000000800017CA] -> 0x7FFE
[1527] [M]: 0x00000000800017C8 (0x7FFE8E93) addi t4, t4, 0x7ff
x29 <- 0xFFFDCFC1157FDFFF

mem[X,0x00000000800017CC] -> 0x9E93
mem[X,0x00000000800017CE] -> 0x00AE
[1528] [M]: 0x00000000800017CC (0x00AE9E93) slli t4, t4, 0xa
x29 <- 0xF73F0455FF7FFC00

mem[X,0x00000000800017D0] -> 0x8E93
mem[X,0x00000000800017D2] -> 0x210E
[1529] [M]: 0x00000000800017D0 (0x210E8E93) addi t4, t4, 0x210
x29 <- 0xF73F0455FF7FFE10

mem[X,0x00000000800017D4] -> 0x0FBB
mem[X,0x00000000800017D6] -> 0xD5DF
[1530] [M]: 0x00000000800017D4 (0xD5DF0FBB) pssub.b t6, t5, t4
x31 <- 0x19C0F8A1FBD6C1E9

mem[X,0x00000000800017D8] -> 0xBC23
mem[X,0x00000000800017DA] -> 0x17F0
[1531] [M]: 0x00000000800017D8 (0x17F0BC23) sd t6, 0x178(ra)
mem[0x0000000080004380] <- 0x19C0F8A1FBD6C1E9

mem[X,0x00000000800017DC] -> 0x8F37
mem[X,0x00000000800017DE] -> 0xF708
[1532] [M]: 0x00000000800017DC (0xF7088F37) lui t5, -0x8f78
x30 <- 0xFFFFFFFFF7088000

mem[X,0x00000000800017E0] -> 0x0F13
mem[X,0x00000000800017E2] -> 0x0FFF
[1533] [M]: 0x00000000800017E0 (0x0FFF0F13) addi t5, t5, 0xff
x30 <- 0xFFFFFFFFF70880FF

mem[X,0x00000000800017E4] -> 0x1F13
mem[X,0x00000000800017E6] -> 0x00BF
[1534] [M]: 0x00000000800017E4 (0x00BF1F13) slli t5, t5, 0xb
x30 <- 0xFFFFFFB84407F800

mem[X,0x00000000800017E8] -> 0x0F13
mem[X,0x00000000800017EA] -> 0x7C2F
[1535] [M]: 0x00000000800017E8 (0x7C2F0F13) addi t5, t5, 0x7c2
x30 <- 0xFFFFFFB84407FFC2

mem[X,0x00000000800017EC] -> 0x1F13
mem[X,0x00000000800017EE] -> 0x00BF
[1536] [M]: 0x00000000800017EC (0x00BF1F13) slli t5, t5, 0xb
x30 <- 0xFFFDC2203FFE1000

mem[X,0x00000000800017F0] -> 0x0F13
mem[X,0x00000000800017F2] -> 0x541F
[1537] [M]: 0x00000000800017F0 (0x541F0F13) addi t5, t5, 0x541
x30 <- 0xFFFDC2203FFE1541

mem[X,0x00000000800017F4] -> 0x1F13
mem[X,0x00000000800017F6] -> 0x00AF
[1538] [M]: 0x00000000800017F4 (0x00AF1F13) slli t5, t5, 0xa
x30 <- 0xF70880FFF8550400

mem[X,0x00000000800017F8] -> 0x0F13
mem[X,0x00000000800017FA] -> 0x200F
[1539] [M]: 0x00000000800017F8 (0x200F0F13) addi t5, t5, 0x200
x30 <- 0xF70880FFF8550600

mem[X,0x00000000800017FC] -> 0x0EB7
mem[X,0x00000000800017FE] -> 0xAA02
[1540] [M]: 0x00000000800017FC (0xAA020EB7) lui t4, -0x55fe0
x29 <- 0xFFFFFFFFAA020000

mem[X,0x0000000080001800] -> 0x8E93
mem[X,0x0000000080001802] -> 0xDBFE
[1541] [M]: 0x0000000080001800 (0xDBFE8E93) addi t4, t4, -0x241
x29 <- 0xFFFFFFFFAA01FDBF

mem[X,0x0000000080001804] -> 0x9E93
mem[X,0x0000000080001806] -> 0x00BE
[1542] [M]: 0x0000000080001804 (0x00BE9E93) slli t4, t4, 0xb
x29 <- 0xFFFFFD500FEDF800

mem[X,0x0000000080001808] -> 0x8E93
mem[X,0x000000008000180A] -> 0x1F9E
[1543] [M]: 0x0000000080001808 (0x1F9E8E93) addi t4, t4, 0x1f9
x29 <- 0xFFFFFD500FEDF9F9

mem[X,0x000000008000180C] -> 0x9E93
mem[X,0x000000008000180E] -> 0x00BE
[1544] [M]: 0x000000008000180C (0x00BE9E93) slli t4, t4, 0xb
x29 <- 0xFFEA807F6FCFC800

mem[X,0x0000000080001810] -> 0x8E93
mem[X,0x0000000080001812] -> 0x7EFE
[1545] [M]: 0x0000000080001810 (0x7EFE8E93) addi t4, t4, 0x7ef
x29 <- 0xFFEA807F6FCFCFEF

mem[X,0x0000000080001814] -> 0x9E93
mem[X,0x0000000080001816] -> 0x00AE
[1546] [M]: 0x0000000080001814 (0x00AE9E93) slli t4, t4, 0xa
x29 <- 0xAA01FDBF3F3FBC00

mem[X,0x0000000080001818] -> 0x8E93
mem[X,0x000000008000181A] -> 0x3DFE
[1547] [M]: 0x0000000080001818 (0x3DFE8E93) addi t4, t4, 0x3df
x29 <- 0xAA01FDBF3F3FBFDF

mem[X,0x000000008000181C] -> 0x0FBB
mem[X,0x000000008000181E] -> 0xD5DF
[1548] [M]: 0x000000008000181C (0xD5DF0FBB) pssub.b t6, t5, t4
x31 <- 0x4D078340B9164721

mem[X,0x0000000080001820] -> 0xB023
mem[X,0x0000000080001822] -> 0x19F0
[1549] [M]: 0x0000000080001820 (0x19F0B023) sd t6, 0x180(ra)
mem[0x0000000080004388] <- 0x4D078340B9164721

mem[X,0x0000000080001824] -> 0x1F37
mem[X,0x0000000080001826] -> 0x04F9
[1550] [M]: 0x0000000080001824 (0x04F91F37) lui t5, 0x4f91
x30 <- 0x0000000004F91000

mem[X,0x0000000080001828] -> 0x0F13
mem[X,0x000000008000182A] -> 0x006F
[1551] [M]: 0x0000000080001828 (0x006F0F13) addi t5, t5, 0x6
x30 <- 0x0000000004F91006

mem[X,0x000000008000182C] -> 0x1F13
mem[X,0x000000008000182E] -> 0x00BF
[1552] [M]: 0x000000008000182C (0x00BF1F13) slli t5, t5, 0xb
x30 <- 0x00000027C8803000

mem[X,0x0000000080001830] -> 0x0F13
mem[X,0x0000000080001832] -> 0x080F
[1553] [M]: 0x0000000080001830 (0x080F0F13) addi t5, t5, 0x80
x30 <- 0x00000027C8803080

mem[X,0x0000000080001834] -> 0x1F13
mem[X,0x0000000080001836] -> 0x00BF
[1554] [M]: 0x0000000080001834 (0x00BF1F13) slli t5, t5, 0xb
x30 <- 0x00013E4401840000

mem[X,0x0000000080001838] -> 0x0F13
mem[X,0x000000008000183A] -> 0x041F
[1555] [M]: 0x0000000080001838 (0x041F0F13) addi t5, t5, 0x41
x30 <- 0x00013E4401840041

mem[X,0x000000008000183C] -> 0x1F13
mem[X,0x000000008000183E] -> 0x00AF
[1556] [M]: 0x000000008000183C (0x00AF1F13) slli t5, t5, 0xa
x30 <- 0x04F9100610010400

mem[X,0x0000000080001840] -> 0x0F13
mem[X,0x0000000080001842] -> 0x27FF
[1557] [M]: 0x0000000080001840 (0x27FF0F13) addi t5, t5, 0x27f
x30 <- 0x04F910061001067F

mem[X,0x0000000080001844] -> 0xCEB7
mem[X,0x0000000080001846] -> 0x08EF
[1558] [M]: 0x0000000080001844 (0x08EFCEB7) lui t4, 0x8efc
x29 <- 0x0000000008EFC000

mem[X,0x0000000080001848] -> 0x8E93
mem[X,0x000000008000184A] -> 0xF08E
[1559] [M]: 0x0000000080001848 (0xF08E8E93) addi t4, t4, -0xf8
x29 <- 0x0000000008EFBF08

mem[X,0x000000008000184C] -> 0x9E93
mem[X,0x000000008000184E] -> 0x00BE
[1560] [M]: 0x000000008000184C (0x00BE9E93) slli t4, t4, 0xb
x29 <- 0x000000477DF84000

mem[X,0x0000000080001850] -> 0x8E93
mem[X,0x0000000080001852] -> 0x04FE
[1561] [M]: 0x0000000080001850 (0x04FE8E93) addi t4, t4, 0x4f
x29 <- 0x000000477DF8404F

mem[X,0x0000000080001854] -> 0x9E93
mem[X,0x0000000080001856] -> 0x00BE
[1562] [M]: 0x0000000080001854 (0x00BE9E93) slli t4, t4, 0xb
x29 <- 0x00023BEFC2027800

mem[X,0x0000000080001858] -> 0x8E93
mem[X,0x000000008000185A] -> 0x7FBE
[1563] [M]: 0x0000000080001858 (0x7FBE8E93) addi t4, t4, 0x7fb
x29 <- 0x00023BEFC2027FFB

mem[X,0x000000008000185C] -> 0x9E93
mem[X,0x000000008000185E] -> 0x00AE
[1564] [M]: 0x000000008000185C (0x00AE9E93) slli t4, t4, 0xa
x29 <- 0x08EFBF0809FFEC00

mem[X,0x0000000080001860] -> 0x8E93
mem[X,0x0000000080001862] -> 0x37FE
[1565] [M]: 0x0000000080001860 (0x37FE8E93) addi t4, t4, 0x37f
x29 <- 0x08EFBF0809FFEF7F

mem[X,0x0000000080001864] -> 0x0FBB
mem[X,0x0000000080001866] -> 0xD5DF
[1566] [M]: 0x0000000080001864 (0xD5DF0FBB) pssub.b t6, t5, t4
x31 <- 0xFC0A51FE07021700

mem[X,0x0000000080001868] -> 0xB423
mem[X,0x000000008000186A] -> 0x19F0
[1567] [M]: 0x0000000080001868 (0x19F0B423) sd t6, 0x188(ra)
mem[0x0000000080004390] <- 0xFC0A51FE07021700

mem[X,0x000000008000186C] -> 0x0F37
mem[X,0x000000008000186E] -> 0x0710
[1568] [M]: 0x000000008000186C (0x07100F37) lui t5, 0x7100
x30 <- 0x0000000007100000

mem[X,0x0000000080001870] -> 0x0F13
mem[X,0x0000000080001872] -> 0x7F6F
[1569] [M]: 0x0000000080001870 (0x7F6F0F13) addi t5, t5, 0x7f6
x30 <- 0x00000000071007F6

mem[X,0x0000000080001874] -> 0x1F13
mem[X,0x0000000080001876] -> 0x00BF
[1570] [M]: 0x0000000080001874 (0x00BF1F13) slli t5, t5, 0xb
x30 <- 0x00000038803FB000

mem[X,0x0000000080001878] -> 0x0F13
mem[X,0x000000008000187A] -> 0x7D9F
[1571] [M]: 0x0000000080001878 (0x7D9F0F13) addi t5, t5, 0x7d9
x30 <- 0x00000038803FB7D9

mem[X,0x000000008000187C] -> 0x1F13
mem[X,0x000000008000187E] -> 0x00BF
[1572] [M]: 0x000000008000187C (0x00BF1F13) slli t5, t5, 0xb
x30 <- 0x0001C401FDBEC800

mem[X,0x0000000080001880] -> 0x0F13
mem[X,0x0000000080001882] -> 0x7FDF
[1573] [M]: 0x0000000080001880 (0x7FDF0F13) addi t5, t5, 0x7fd
x30 <- 0x0001C401FDBECFFD

mem[X,0x0000000080001884] -> 0x1F13
mem[X,0x0000000080001886] -> 0x00AF
[1574] [M]: 0x0000000080001884 (0x00AF1F13) slli t5, t5, 0xa
x30 <- 0x071007F6FB3FF400

mem[X,0x0000000080001888] -> 0x0F13
mem[X,0x000000008000188A] -> 0x3DFF
[1575] [M]: 0x0000000080001888 (0x3DFF0F13) addi t5, t5, 0x3df
x30 <- 0x071007F6FB3FF7DF

mem[X,0x000000008000188C] -> 0x0EB7
mem[X,0x000000008000188E] -> 0xF921
[1576] [M]: 0x000000008000188C (0xF9210EB7) lui t4, -0x6df0
x29 <- 0xFFFFFFFFF9210000

mem[X,0x0000000080001890] -> 0x8E93
mem[X,0x0000000080001892] -> 0x8FDE
[1577] [M]: 0x0000000080001890 (0x8FDE8E93) addi t4, t4, -0x703
x29 <- 0xFFFFFFFFF920F8FD

mem[X,0x0000000080001894] -> 0x9E93
mem[X,0x0000000080001896] -> 0x00BE
[1578] [M]: 0x0000000080001894 (0x00BE9E93) slli t4, t4, 0xb
x29 <- 0xFFFFFFC907C7E800

mem[X,0x0000000080001898] -> 0x8E93
mem[X,0x000000008000189A] -> 0x7E0E
[1579] [M]: 0x0000000080001898 (0x7E0E8E93) addi t4, t4, 0x7e0
x29 <- 0xFFFFFFC907C7EFE0

mem[X,0x000000008000189C] -> 0x9E93
mem[X,0x000000008000189E] -> 0x00BE
[1580] [M]: 0x000000008000189C (0x00BE9E93) slli t4, t4, 0xb
x29 <- 0xFFFE483E3F7F0000

mem[X,0x00000000800018A0] -> 0x8E93
mem[X,0x00000000800018A2] -> 0x16FE
[1581] [M]: 0x00000000800018A0 (0x16FE8E93) addi t4, t4, 0x16f
x29 <- 0xFFFE483E3F7F016F

mem[X,0x00000000800018A4] -> 0x9E93
mem[X,0x00000000800018A6] -> 0x00AE
[1582] [M]: 0x00000000800018A4 (0x00AE9E93) slli t4, t4, 0xa
x29 <- 0xF920F8FDFC05BC00

mem[X,0x00000000800018A8] -> 0x8E93
mem[X,0x00000000800018AA] -> 0x305E
[1583] [M]: 0x00000000800018A8 (0x305E8E93) addi t4, t4, 0x305
x29 <- 0xF920F8FDFC05BF05

mem[X,0x00000000800018AC] -> 0x0FBB
mem[X,0x00000000800018AE] -> 0xD5DF
[1584] [M]: 0x00000000800018AC (0xD5DF0FBB) pssub.b t6, t5, t4
x31 <- 0x0EF00FF9FF3A38DA

mem[X,0x00000000800018B0] -> 0xB823
mem[X,0x00000000800018B2] -> 0x19F0
[1585] [M]: 0x00000000800018B0 (0x19F0B823) sd t6, 0x190(ra)
mem[0x0000000080004398] <- 0x0EF00FF9FF3A38DA

mem[X,0x00000000800018B4] -> 0x4F37
mem[X,0x00000000800018B6] -> 0xF6F8
[1586] [M]: 0x00000000800018B4 (0xF6F84F37) lui t5, -0x907c
x30 <- 0xFFFFFFFFF6F84000

mem[X,0x00000000800018B8] -> 0x0F13
mem[X,0x00000000800018BA] -> 0xF00F
[1587] [M]: 0x00000000800018B8 (0xF00F0F13) addi t5, t5, -0x100
x30 <- 0xFFFFFFFFF6F83F00

mem[X,0x00000000800018BC] -> 0x1F13
mem[X,0x00000000800018BE] -> 0x00BF
[1588] [M]: 0x00000000800018BC (0x00BF1F13) slli t5, t5, 0xb
x30 <- 0xFFFFFFB7C1F80000

mem[X,0x00000000800018C0] -> 0x0F13
mem[X,0x00000000800018C2] -> 0x550F
[1589] [M]: 0x00000000800018C0 (0x550F0F13) addi t5, t5, 0x550
x30 <- 0xFFFFFFB7C1F80550

mem[X,0x00000000800018C4] -> 0x1F13
mem[X,0x00000000800018C6] -> 0x00BF
[1590] [M]: 0x00000000800018C4 (0x00BF1F13) slli t5, t5, 0xb
x30 <- 0xFFFDBE0FC02A8000

mem[X,0x00000000800018C8] -> 0x0F13
mem[X,0x00000000800018CA] -> 0x1FEF
[1591] [M]: 0x00000000800018C8 (0x1FEF0F13) addi t5, t5, 0x1fe
x30 <- 0xFFFDBE0FC02A81FE

mem[X,0x00000000800018CC] -> 0x1F13
mem[X,0x00000000800018CE] -> 0x00AF
[1592] [M]: 0x00000000800018CC (0x00AF1F13) slli t5, t5, 0xa
x30 <- 0xF6F83F00AA07F800

mem[X,0x00000000800018D0] -> 0x0F13
mem[X,0x00000000800018D2] -> 0x1AAF
[1593] [M]: 0x00000000800018D0 (0x1AAF0F13) addi t5, t5, 0x1aa
x30 <- 0xF6F83F00AA07F9AA

mem[X,0x00000000800018D4] -> 0xFEB7
mem[X,0x00000000800018D6] -> 0xFE55
[1594] [M]: 0x00000000800018D4 (0xFE55FEB7) lui t4, -0x1aa1
x29 <- 0xFFFFFFFFFE55F000

mem[X,0x00000000800018D8] -> 0x8E93
mem[X,0x00000000800018DA] -> 0xF08E
[1595] [M]: 0x00000000800018D8 (0xF08E8E93) addi t4, t4, -0xf8
x29 <- 0xFFFFFFFFFE55EF08

mem[X,0x00000000800018DC] -> 0x9E93
mem[X,0x00000000800018DE] -> 0x00BE
[1596] [M]: 0x00000000800018DC (0x00BE9E93) slli t4, t4, 0xb
x29 <- 0xFFFFFFF2AF784000

mem[X,0x00000000800018E0] -> 0x8E93
mem[X,0x00000000800018E2] -> 0x008E
[1597] [M]: 0x00000000800018E0 (0x008E8E93) addi t4, t4, 0x8
x29 <- 0xFFFFFFF2AF784008

mem[X,0x00000000800018E4] -> 0x9E93
mem[X,0x00000000800018E6] -> 0x00BE
[1598] [M]: 0x00000000800018E4 (0x00BE9E93) slli t4, t4, 0xb
x29 <- 0xFFFF957BC2004000

mem[X,0x00000000800018E8] -> 0x8E93
mem[X,0x00000000800018EA] -> 0x1BEE
[1599] [M]: 0x00000000800018E8 (0x1BEE8E93) addi t4, t4, 0x1be
x29 <- 0xFFFF957BC20041BE

clint::tick mtime <- 0x0000000000000010
 clint timer pending at mtime 0x0000000000000010
htif::tick 0x0000000000000000
mem[X,0x00000000800018EC] -> 0x9E93
mem[X,0x00000000800018EE] -> 0x00AE
[1600] [M]: 0x00000000800018EC (0x00AE9E93) slli t4, t4, 0xa
x29 <- 0xFE55EF080106F800

mem[X,0x00000000800018F0] -> 0x8E93
mem[X,0x00000000800018F2] -> 0x37FE
[1601] [M]: 0x00000000800018F0 (0x37FE8E93) addi t4, t4, 0x37f
x29 <- 0xFE55EF080106FB7F

mem[X,0x00000000800018F4] -> 0x0FBB
mem[X,0x00000000800018F6] -> 0xD5DF
[1602] [M]: 0x00000000800018F4 (0xD5DF0FBB) pssub.b t6, t5, t4
x31 <- 0xF8A350F8A901FE80

mem[X,0x00000000800018F8] -> 0xBC23
mem[X,0x00000000800018FA] -> 0x19F0
[1603] [M]: 0x00000000800018F8 (0x19F0BC23) sd t6, 0x198(ra)
mem[0x00000000800043A0] <- 0xF8A350F8A901FE80

mem[X,0x00000000800018FC] -> 0x006F
mem[X,0x00000000800018FE] -> 0x0380
[1604] [M]: 0x00000000800018FC (0x0380006F) jal zero, 0x38

mem[X,0x0000000080001934] -> 0x0093
mem[X,0x0000000080001936] -> 0x0010
[1605] [M]: 0x0000000080001934 (0x00100093) addi ra, zero, 0x1
x1 <- 0x0000000000000001

mem[X,0x0000000080001938] -> 0x0F17
mem[X,0x000000008000193A] -> 0x0000
[1606] [M]: 0x0000000080001938 (0x00000F17) auipc t5, 0x0
x30 <- 0x0000000080001938

mem[X,0x000000008000193C] -> 0x2423
mem[X,0x000000008000193E] -> 0x6C1F
[1607] [M]: 0x000000008000193C (0x6C1F2423) sw ra, 0x6c8(t5)
htif[0x0000000080002000] <- 0x00000001

mem[X,0x0000000080001940] -> 0xF06F
mem[X,0x0000000080001942] -> 0xFF9F
[1608] [M]: 0x0000000080001940 (0xFF9FF06F) jal zero, -0x8

mem[X,0x0000000080001938] -> 0x0F17
mem[X,0x000000008000193A] -> 0x0000
[1609] [M]: 0x0000000080001938 (0x00000F17) auipc t5, 0x0
x30 <- 0x0000000080001938

mem[X,0x000000008000193C] -> 0x2423
mem[X,0x000000008000193E] -> 0x6C1F
[1610] [M]: 0x000000008000193C (0x6C1F2423) sw ra, 0x6c8(t5)
htif[0x0000000080002000] <- 0x00000001

mem[X,0x0000000080001940] -> 0xF06F
mem[X,0x0000000080001942] -> 0xFF9F
[1611] [M]: 0x0000000080001940 (0xFF9FF06F) jal zero, -0x8

mem[X,0x0000000080001938] -> 0x0F17
mem[X,0x000000008000193A] -> 0x0000
[1612] [M]: 0x0000000080001938 (0x00000F17) auipc t5, 0x0
x30 <- 0x0000000080001938

mem[X,0x000000008000193C] -> 0x2423
mem[X,0x000000008000193E] -> 0x6C1F
[1613] [M]: 0x000000008000193C (0x6C1F2423) sw ra, 0x6c8(t5)
htif[0x0000000080002000] <- 0x00000001
htif-syscall-proxy cmd: 0x000000000001

SUCCESS
