using /home/chsu/rvp-workspace/test-64/riscof_work/pmulh.h.be-01.S/ref/Reference-sail_c_simulator.signature for test-signature output.
tohost located at 0x80002000
Running file ref.elf.
ELF Entry @ 0x80000000
begin_signature: 0x80004110
end_signature: 0x80004480
CSR mstatus <- 0x0000000A00000000 (input: 0x0000000000000000)
mem[X,0x0000000000001000] -> 0x0297
mem[X,0x0000000000001002] -> 0x0000
[0] [M]: 0x0000000000001000 (0x00000297) auipc t0, 0x0
x5 <- 0x0000000000001000

mem[X,0x0000000000001004] -> 0x8593
mem[X,0x0000000000001006] -> 0x0202
[1] [M]: 0x0000000000001004 (0x02028593) addi a1, t0, 0x20
x11 <- 0x0000000000001020

mem[X,0x0000000000001008] -> 0x2573
mem[X,0x000000000000100A] -> 0xF140
[2] [M]: 0x0000000000001008 (0xF1402573) csrrs a0, mhartid, zero
CSR mhartid -> 0x0000000000000000
x10 <- 0x0000000000000000

mem[X,0x000000000000100C] -> 0xB283
mem[X,0x000000000000100E] -> 0x0182
[3] [M]: 0x000000000000100C (0x0182B283) ld t0, 0x18(t0)
mem[R,0x0000000000001018] -> 0x0000000080000000
x5 <- 0x0000000080000000

mem[X,0x0000000000001010] -> 0x8067
mem[X,0x0000000000001012] -> 0x0002
[4] [M]: 0x0000000000001010 (0x00028067) jalr zero, 0x0(t0)

mem[X,0x0000000080000000] -> 0x0837
mem[X,0x0000000080000002] -> 0x7D5C
[5] [M]: 0x0000000080000000 (0x7D5C0837) lui a6, 0x7d5c0
x16 <- 0x000000007D5C0000

mem[X,0x0000000080000004] -> 0x0813
mem[X,0x0000000080000006] -> 0xDDB8
[6] [M]: 0x0000000080000004 (0xDDB80813) addi a6, a6, -0x225
x16 <- 0x000000007D5BFDDB

mem[X,0x0000000080000008] -> 0x1813
mem[X,0x000000008000000A] -> 0x00B8
[7] [M]: 0x0000000080000008 (0x00B81813) slli a6, a6, 0xb
x16 <- 0x000003EADFEED800

mem[X,0x000000008000000C] -> 0x0813
mem[X,0x000000008000000E] -> 0x3EA8
[8] [M]: 0x000000008000000C (0x3EA80813) addi a6, a6, 0x3ea
x16 <- 0x000003EADFEEDBEA

mem[X,0x0000000080000010] -> 0x1813
mem[X,0x0000000080000012] -> 0x00B8
[9] [M]: 0x0000000080000010 (0x00B81813) slli a6, a6, 0xb
x16 <- 0x001F56FF76DF5000

mem[X,0x0000000080000014] -> 0x0813
mem[X,0x0000000080000016] -> 0x6FF8
[10] [M]: 0x0000000080000014 (0x6FF80813) addi a6, a6, 0x6ff
x16 <- 0x001F56FF76DF56FF

mem[X,0x0000000080000018] -> 0x1813
mem[X,0x000000008000001A] -> 0x00A8
[11] [M]: 0x0000000080000018 (0x00A81813) slli a6, a6, 0xa
x16 <- 0x7D5BFDDB7D5BFC00

mem[X,0x000000008000001C] -> 0x0813
mem[X,0x000000008000001E] -> 0x1DB8
[12] [M]: 0x000000008000001C (0x1DB80813) addi a6, a6, 0x1db
x16 <- 0x7D5BFDDB7D5BFDDB

mem[X,0x0000000080000020] -> 0x5893
mem[X,0x0000000080000022] -> 0x0078
[13] [M]: 0x0000000080000020 (0x00785893) srli a7, a6, 0x7
x17 <- 0x00FAB7FBB6FAB7FB

mem[X,0x0000000080000024] -> 0x5793
mem[X,0x0000000080000026] -> 0x0398
[14] [M]: 0x0000000080000024 (0x03985793) srli a5, a6, 0x39
x15 <- 0x000000000000003E

mem[X,0x0000000080000028] -> 0xE8B3
mem[X,0x000000008000002A] -> 0x00F8
[15] [M]: 0x0000000080000028 (0x00F8E8B3) or a7, a7, a5
x17 <- 0x00FAB7FBB6FAB7FF

mem[X,0x000000008000002C] -> 0xD913
mem[X,0x000000008000002E] -> 0x0078
[16] [M]: 0x000000008000002C (0x0078D913) srli s2, a7, 0x7
x18 <- 0x0001F56FF76DF56F

mem[X,0x0000000080000030] -> 0xD793
mem[X,0x0000000080000032] -> 0x0398
[17] [M]: 0x0000000080000030 (0x0398D793) srli a5, a7, 0x39
x15 <- 0x0000000000000000

mem[X,0x0000000080000034] -> 0x6933
mem[X,0x0000000080000036] -> 0x00F9
[18] [M]: 0x0000000080000034 (0x00F96933) or s2, s2, a5
x18 <- 0x0001F56FF76DF56F

mem[X,0x0000000080000038] -> 0x5993
mem[X,0x000000008000003A] -> 0x0079
[19] [M]: 0x0000000080000038 (0x00795993) srli s3, s2, 0x7
x19 <- 0x000003EADFEEDBEA

mem[X,0x000000008000003C] -> 0x5793
mem[X,0x000000008000003E] -> 0x0399
[20] [M]: 0x000000008000003C (0x03995793) srli a5, s2, 0x39
x15 <- 0x0000000000000000

mem[X,0x0000000080000040] -> 0xE9B3
mem[X,0x0000000080000042] -> 0x00F9
[21] [M]: 0x0000000080000040 (0x00F9E9B3) or s3, s3, a5
x19 <- 0x000003EADFEEDBEA

mem[X,0x0000000080000044] -> 0xDA13
mem[X,0x0000000080000046] -> 0x0079
[22] [M]: 0x0000000080000044 (0x0079DA13) srli s4, s3, 0x7
x20 <- 0x00000007D5BFDDB7

mem[X,0x0000000080000048] -> 0xD793
mem[X,0x000000008000004A] -> 0x0399
[23] [M]: 0x0000000080000048 (0x0399D793) srli a5, s3, 0x39
x15 <- 0x0000000000000000

mem[X,0x000000008000004C] -> 0x6A33
mem[X,0x000000008000004E] -> 0x00FA
[24] [M]: 0x000000008000004C (0x00FA6A33) or s4, s4, a5
x20 <- 0x00000007D5BFDDB7

mem[X,0x0000000080000050] -> 0x5A93
mem[X,0x0000000080000052] -> 0x007A
[25] [M]: 0x0000000080000050 (0x007A5A93) srli s5, s4, 0x7
x21 <- 0x000000000FAB7FBB

mem[X,0x0000000080000054] -> 0x5793
mem[X,0x0000000080000056] -> 0x039A
[26] [M]: 0x0000000080000054 (0x039A5793) srli a5, s4, 0x39
x15 <- 0x0000000000000000

mem[X,0x0000000080000058] -> 0xEAB3
mem[X,0x000000008000005A] -> 0x00FA
[27] [M]: 0x0000000080000058 (0x00FAEAB3) or s5, s5, a5
x21 <- 0x000000000FAB7FBB

mem[X,0x000000008000005C] -> 0xDB13
mem[X,0x000000008000005E] -> 0x007A
[28] [M]: 0x000000008000005C (0x007ADB13) srli s6, s5, 0x7
x22 <- 0x00000000001F56FF

mem[X,0x0000000080000060] -> 0xD793
mem[X,0x0000000080000062] -> 0x039A
[29] [M]: 0x0000000080000060 (0x039AD793) srli a5, s5, 0x39
x15 <- 0x0000000000000000

mem[X,0x0000000080000064] -> 0x6B33
mem[X,0x0000000080000066] -> 0x00FB
[30] [M]: 0x0000000080000064 (0x00FB6B33) or s6, s6, a5
x22 <- 0x00000000001F56FF

mem[X,0x0000000080000068] -> 0x5B93
mem[X,0x000000008000006A] -> 0x007B
[31] [M]: 0x0000000080000068 (0x007B5B93) srli s7, s6, 0x7
x23 <- 0x0000000000003EAD

mem[X,0x000000008000006C] -> 0x5793
mem[X,0x000000008000006E] -> 0x039B
[32] [M]: 0x000000008000006C (0x039B5793) srli a5, s6, 0x39
x15 <- 0x0000000000000000

mem[X,0x0000000080000070] -> 0xEBB3
mem[X,0x0000000080000072] -> 0x00FB
[33] [M]: 0x0000000080000070 (0x00FBEBB3) or s7, s7, a5
x23 <- 0x0000000000003EAD

mem[X,0x0000000080000074] -> 0xDC13
mem[X,0x0000000080000076] -> 0x007B
[34] [M]: 0x0000000080000074 (0x007BDC13) srli s8, s7, 0x7
x24 <- 0x000000000000007D

mem[X,0x0000000080000078] -> 0xD793
mem[X,0x000000008000007A] -> 0x039B
[35] [M]: 0x0000000080000078 (0x039BD793) srli a5, s7, 0x39
x15 <- 0x0000000000000000

mem[X,0x000000008000007C] -> 0x6C33
mem[X,0x000000008000007E] -> 0x00FC
[36] [M]: 0x000000008000007C (0x00FC6C33) or s8, s8, a5
x24 <- 0x000000000000007D

mem[X,0x0000000080000080] -> 0x5C93
mem[X,0x0000000080000082] -> 0x007C
[37] [M]: 0x0000000080000080 (0x007C5C93) srli s9, s8, 0x7
x25 <- 0x0000000000000000

mem[X,0x0000000080000084] -> 0x5793
mem[X,0x0000000080000086] -> 0x039C
[38] [M]: 0x0000000080000084 (0x039C5793) srli a5, s8, 0x39
x15 <- 0x0000000000000000

mem[X,0x0000000080000088] -> 0xECB3
mem[X,0x000000008000008A] -> 0x00FC
[39] [M]: 0x0000000080000088 (0x00FCECB3) or s9, s9, a5
x25 <- 0x0000000000000000

mem[X,0x000000008000008C] -> 0xDD13
mem[X,0x000000008000008E] -> 0x007C
[40] [M]: 0x000000008000008C (0x007CDD13) srli s10, s9, 0x7
x26 <- 0x0000000000000000

mem[X,0x0000000080000090] -> 0xD793
mem[X,0x0000000080000092] -> 0x039C
[41] [M]: 0x0000000080000090 (0x039CD793) srli a5, s9, 0x39
x15 <- 0x0000000000000000

mem[X,0x0000000080000094] -> 0x6D33
mem[X,0x0000000080000096] -> 0x00FD
[42] [M]: 0x0000000080000094 (0x00FD6D33) or s10, s10, a5
x26 <- 0x0000000000000000

mem[X,0x0000000080000098] -> 0x5D93
mem[X,0x000000008000009A] -> 0x007D
[43] [M]: 0x0000000080000098 (0x007D5D93) srli s11, s10, 0x7
x27 <- 0x0000000000000000

mem[X,0x000000008000009C] -> 0x5793
mem[X,0x000000008000009E] -> 0x039D
[44] [M]: 0x000000008000009C (0x039D5793) srli a5, s10, 0x39
x15 <- 0x0000000000000000

mem[X,0x00000000800000A0] -> 0xEDB3
mem[X,0x00000000800000A2] -> 0x00FD
[45] [M]: 0x00000000800000A0 (0x00FDEDB3) or s11, s11, a5
x27 <- 0x0000000000000000

mem[X,0x00000000800000A4] -> 0xDE13
mem[X,0x00000000800000A6] -> 0x007D
[46] [M]: 0x00000000800000A4 (0x007DDE13) srli t3, s11, 0x7
x28 <- 0x0000000000000000

mem[X,0x00000000800000A8] -> 0xD793
mem[X,0x00000000800000AA] -> 0x039D
[47] [M]: 0x00000000800000A8 (0x039DD793) srli a5, s11, 0x39
x15 <- 0x0000000000000000

mem[X,0x00000000800000AC] -> 0x6E33
mem[X,0x00000000800000AE] -> 0x00FE
[48] [M]: 0x00000000800000AC (0x00FE6E33) or t3, t3, a5
x28 <- 0x0000000000000000

mem[X,0x00000000800000B0] -> 0x5E93
mem[X,0x00000000800000B2] -> 0x007E
[49] [M]: 0x00000000800000B0 (0x007E5E93) srli t4, t3, 0x7
x29 <- 0x0000000000000000

mem[X,0x00000000800000B4] -> 0x5793
mem[X,0x00000000800000B6] -> 0x039E
[50] [M]: 0x00000000800000B4 (0x039E5793) srli a5, t3, 0x39
x15 <- 0x0000000000000000

mem[X,0x00000000800000B8] -> 0xEEB3
mem[X,0x00000000800000BA] -> 0x00FE
[51] [M]: 0x00000000800000B8 (0x00FEEEB3) or t4, t4, a5
x29 <- 0x0000000000000000

mem[X,0x00000000800000BC] -> 0xDF13
mem[X,0x00000000800000BE] -> 0x007E
[52] [M]: 0x00000000800000BC (0x007EDF13) srli t5, t4, 0x7
x30 <- 0x0000000000000000

mem[X,0x00000000800000C0] -> 0xD793
mem[X,0x00000000800000C2] -> 0x039E
[53] [M]: 0x00000000800000C0 (0x039ED793) srli a5, t4, 0x39
x15 <- 0x0000000000000000

mem[X,0x00000000800000C4] -> 0x6F33
mem[X,0x00000000800000C6] -> 0x00FF
[54] [M]: 0x00000000800000C4 (0x00FF6F33) or t5, t5, a5
x30 <- 0x0000000000000000

mem[X,0x00000000800000C8] -> 0xC0B7
mem[X,0x00000000800000CA] -> 0xFEED
[55] [M]: 0x00000000800000C8 (0xFEEDC0B7) lui ra, -0x1124
x1 <- 0xFFFFFFFFFEEDC000

mem[X,0x00000000800000CC] -> 0x8093
mem[X,0x00000000800000CE] -> 0xEAD0
[56] [M]: 0x00000000800000CC (0xEAD08093) addi ra, ra, -0x153
x1 <- 0xFFFFFFFFFEEDBEAD

mem[X,0x00000000800000D0] -> 0x9093
mem[X,0x00000000800000D2] -> 0x00B0
[57] [M]: 0x00000000800000D0 (0x00B09093) slli ra, ra, 0xb
x1 <- 0xFFFFFFF76DF56800

mem[X,0x00000000800000D4] -> 0x8093
mem[X,0x00000000800000D6] -> 0x7F70
[58] [M]: 0x00000000800000D4 (0x7F708093) addi ra, ra, 0x7f7
x1 <- 0xFFFFFFF76DF56FF7

mem[X,0x00000000800000D8] -> 0x9093
mem[X,0x00000000800000DA] -> 0x00B0
[59] [M]: 0x00000000800000D8 (0x00B09093) slli ra, ra, 0xb
x1 <- 0xFFFFBB6FAB7FB800

mem[X,0x00000000800000DC] -> 0x8093
mem[X,0x00000000800000DE] -> 0x36F0
[60] [M]: 0x00000000800000DC (0x36F08093) addi ra, ra, 0x36f
x1 <- 0xFFFFBB6FAB7FBB6F

mem[X,0x00000000800000E0] -> 0x9093
mem[X,0x00000000800000E2] -> 0x00A0
[61] [M]: 0x00000000800000E0 (0x00A09093) slli ra, ra, 0xa
x1 <- 0xFEEDBEADFEEDBC00

mem[X,0x00000000800000E4] -> 0x8093
mem[X,0x00000000800000E6] -> 0x2AD0
[62] [M]: 0x00000000800000E4 (0x2AD08093) addi ra, ra, 0x2ad
x1 <- 0xFEEDBEADFEEDBEAD

mem[X,0x00000000800000E8] -> 0xD113
mem[X,0x00000000800000EA] -> 0x0070
[63] [M]: 0x00000000800000E8 (0x0070D113) srli sp, ra, 0x7
x2 <- 0x01FDDB7D5BFDDB7D

mem[X,0x00000000800000EC] -> 0xD793
mem[X,0x00000000800000EE] -> 0x0390
[64] [M]: 0x00000000800000EC (0x0390D793) srli a5, ra, 0x39
x15 <- 0x000000000000007F

mem[X,0x00000000800000F0] -> 0x6133
mem[X,0x00000000800000F2] -> 0x00F1
[65] [M]: 0x00000000800000F0 (0x00F16133) or sp, sp, a5
x2 <- 0x01FDDB7D5BFDDB7F

mem[X,0x00000000800000F4] -> 0x5193
mem[X,0x00000000800000F6] -> 0x0071
[66] [M]: 0x00000000800000F4 (0x00715193) srli gp, sp, 0x7
x3 <- 0x0003FBB6FAB7FBB6

mem[X,0x00000000800000F8] -> 0x5793
mem[X,0x00000000800000FA] -> 0x0391
[67] [M]: 0x00000000800000F8 (0x03915793) srli a5, sp, 0x39
x15 <- 0x0000000000000000

mem[X,0x00000000800000FC] -> 0xE1B3
mem[X,0x00000000800000FE] -> 0x00F1
[68] [M]: 0x00000000800000FC (0x00F1E1B3) or gp, gp, a5
x3 <- 0x0003FBB6FAB7FBB6

mem[X,0x0000000080000100] -> 0xD213
mem[X,0x0000000080000102] -> 0x0071
[69] [M]: 0x0000000080000100 (0x0071D213) srli tp, gp, 0x7
x4 <- 0x000007F76DF56FF7

mem[X,0x0000000080000104] -> 0xD793
mem[X,0x0000000080000106] -> 0x0391
[70] [M]: 0x0000000080000104 (0x0391D793) srli a5, gp, 0x39
x15 <- 0x0000000000000000

mem[X,0x0000000080000108] -> 0x6233
mem[X,0x000000008000010A] -> 0x00F2
[71] [M]: 0x0000000080000108 (0x00F26233) or tp, tp, a5
x4 <- 0x000007F76DF56FF7

mem[X,0x000000008000010C] -> 0x5293
mem[X,0x000000008000010E] -> 0x0072
[72] [M]: 0x000000008000010C (0x00725293) srli t0, tp, 0x7
x5 <- 0x0000000FEEDBEADF

mem[X,0x0000000080000110] -> 0x5793
mem[X,0x0000000080000112] -> 0x0392
[73] [M]: 0x0000000080000110 (0x03925793) srli a5, tp, 0x39
x15 <- 0x0000000000000000

mem[X,0x0000000080000114] -> 0xE2B3
mem[X,0x0000000080000116] -> 0x00F2
[74] [M]: 0x0000000080000114 (0x00F2E2B3) or t0, t0, a5
x5 <- 0x0000000FEEDBEADF

mem[X,0x0000000080000118] -> 0xD313
mem[X,0x000000008000011A] -> 0x0072
[75] [M]: 0x0000000080000118 (0x0072D313) srli t1, t0, 0x7
x6 <- 0x000000001FDDB7D5

mem[X,0x000000008000011C] -> 0xD793
mem[X,0x000000008000011E] -> 0x0392
[76] [M]: 0x000000008000011C (0x0392D793) srli a5, t0, 0x39
x15 <- 0x0000000000000000

mem[X,0x0000000080000120] -> 0x6333
mem[X,0x0000000080000122] -> 0x00F3
[77] [M]: 0x0000000080000120 (0x00F36333) or t1, t1, a5
x6 <- 0x000000001FDDB7D5

mem[X,0x0000000080000124] -> 0x5393
mem[X,0x0000000080000126] -> 0x0073
[78] [M]: 0x0000000080000124 (0x00735393) srli t2, t1, 0x7
x7 <- 0x00000000003FBB6F

mem[X,0x0000000080000128] -> 0x5793
mem[X,0x000000008000012A] -> 0x0393
[79] [M]: 0x0000000080000128 (0x03935793) srli a5, t1, 0x39
x15 <- 0x0000000000000000

mem[X,0x000000008000012C] -> 0xE3B3
mem[X,0x000000008000012E] -> 0x00F3
[80] [M]: 0x000000008000012C (0x00F3E3B3) or t2, t2, a5
x7 <- 0x00000000003FBB6F

mem[X,0x0000000080000130] -> 0xD413
mem[X,0x0000000080000132] -> 0x0073
[81] [M]: 0x0000000080000130 (0x0073D413) srli fp, t2, 0x7
x8 <- 0x0000000000007F76

mem[X,0x0000000080000134] -> 0xD793
mem[X,0x0000000080000136] -> 0x0393
[82] [M]: 0x0000000080000134 (0x0393D793) srli a5, t2, 0x39
x15 <- 0x0000000000000000

mem[X,0x0000000080000138] -> 0x6433
mem[X,0x000000008000013A] -> 0x00F4
[83] [M]: 0x0000000080000138 (0x00F46433) or fp, fp, a5
x8 <- 0x0000000000007F76

mem[X,0x000000008000013C] -> 0x5493
mem[X,0x000000008000013E] -> 0x0074
[84] [M]: 0x000000008000013C (0x00745493) srli s1, fp, 0x7
x9 <- 0x00000000000000FE

mem[X,0x0000000080000140] -> 0x5793
mem[X,0x0000000080000142] -> 0x0394
[85] [M]: 0x0000000080000140 (0x03945793) srli a5, fp, 0x39
x15 <- 0x0000000000000000

mem[X,0x0000000080000144] -> 0xE4B3
mem[X,0x0000000080000146] -> 0x00F4
[86] [M]: 0x0000000080000144 (0x00F4E4B3) or s1, s1, a5
x9 <- 0x00000000000000FE

mem[X,0x0000000080000148] -> 0xD513
mem[X,0x000000008000014A] -> 0x0074
[87] [M]: 0x0000000080000148 (0x0074D513) srli a0, s1, 0x7
x10 <- 0x0000000000000001

mem[X,0x000000008000014C] -> 0xD793
mem[X,0x000000008000014E] -> 0x0394
[88] [M]: 0x000000008000014C (0x0394D793) srli a5, s1, 0x39
x15 <- 0x0000000000000000

mem[X,0x0000000080000150] -> 0x6533
mem[X,0x0000000080000152] -> 0x00F5
[89] [M]: 0x0000000080000150 (0x00F56533) or a0, a0, a5
x10 <- 0x0000000000000001

mem[X,0x0000000080000154] -> 0x5593
mem[X,0x0000000080000156] -> 0x0075
[90] [M]: 0x0000000080000154 (0x00755593) srli a1, a0, 0x7
x11 <- 0x0000000000000000

mem[X,0x0000000080000158] -> 0x5793
mem[X,0x000000008000015A] -> 0x0395
[91] [M]: 0x0000000080000158 (0x03955793) srli a5, a0, 0x39
x15 <- 0x0000000000000000

mem[X,0x000000008000015C] -> 0xE5B3
mem[X,0x000000008000015E] -> 0x00F5
[92] [M]: 0x000000008000015C (0x00F5E5B3) or a1, a1, a5
x11 <- 0x0000000000000000

mem[X,0x0000000080000160] -> 0xD613
mem[X,0x0000000080000162] -> 0x0075
[93] [M]: 0x0000000080000160 (0x0075D613) srli a2, a1, 0x7
x12 <- 0x0000000000000000

mem[X,0x0000000080000164] -> 0xD793
mem[X,0x0000000080000166] -> 0x0395
[94] [M]: 0x0000000080000164 (0x0395D793) srli a5, a1, 0x39
x15 <- 0x0000000000000000

mem[X,0x0000000080000168] -> 0x6633
mem[X,0x000000008000016A] -> 0x00F6
[95] [M]: 0x0000000080000168 (0x00F66633) or a2, a2, a5
x12 <- 0x0000000000000000

mem[X,0x000000008000016C] -> 0x5693
mem[X,0x000000008000016E] -> 0x0076
[96] [M]: 0x000000008000016C (0x00765693) srli a3, a2, 0x7
x13 <- 0x0000000000000000

mem[X,0x0000000080000170] -> 0x5793
mem[X,0x0000000080000172] -> 0x0396
[97] [M]: 0x0000000080000170 (0x03965793) srli a5, a2, 0x39
x15 <- 0x0000000000000000

mem[X,0x0000000080000174] -> 0xE6B3
mem[X,0x0000000080000176] -> 0x00F6
[98] [M]: 0x0000000080000174 (0x00F6E6B3) or a3, a3, a5
x13 <- 0x0000000000000000

mem[X,0x0000000080000178] -> 0x0013
mem[X,0x000000008000017A] -> 0x0000
[99] [M]: 0x0000000080000178 (0x00000013) addi zero, zero, 0x0

clint::tick mtime <- 0x0000000000000001
 clint timer pending at mtime 0x0000000000000001
htif::tick 0x0000000000000000
mem[X,0x000000008000017C] -> 0x0013
mem[X,0x000000008000017E] -> 0x0000
[100] [M]: 0x000000008000017C (0x00000013) addi zero, zero, 0x0

mem[X,0x0000000080000180] -> 0x4117
mem[X,0x0000000080000182] -> 0x0000
[101] [M]: 0x0000000080000180 (0x00004117) auipc sp, 0x4
x2 <- 0x0000000080004180

mem[X,0x0000000080000184] -> 0x0113
mem[X,0x0000000080000186] -> 0xF981
[102] [M]: 0x0000000080000184 (0xF9810113) addi sp, sp, -0x68
x2 <- 0x0000000080004118

mem[X,0x0000000080000188] -> 0x0013
mem[X,0x000000008000018A] -> 0x0000
[103] [M]: 0x0000000080000188 (0x00000013) addi zero, zero, 0x0

mem[X,0x000000008000018C] -> 0x0013
mem[X,0x000000008000018E] -> 0x0000
[104] [M]: 0x000000008000018C (0x00000013) addi zero, zero, 0x0

mem[X,0x0000000080000190] -> 0x0013
mem[X,0x0000000080000192] -> 0x0000
[105] [M]: 0x0000000080000190 (0x00000013) addi zero, zero, 0x0

mem[X,0x0000000080000194] -> 0x0013
mem[X,0x0000000080000196] -> 0x0000
[106] [M]: 0x0000000080000194 (0x00000013) addi zero, zero, 0x0

mem[X,0x0000000080000198] -> 0x0013
mem[X,0x000000008000019A] -> 0x0000
[107] [M]: 0x0000000080000198 (0x00000013) addi zero, zero, 0x0

mem[X,0x000000008000019C] -> 0x0013
mem[X,0x000000008000019E] -> 0x0000
[108] [M]: 0x000000008000019C (0x00000013) addi zero, zero, 0x0

mem[X,0x00000000800001A0] -> 0x0FB7
mem[X,0x00000000800001A2] -> 0x0003
[109] [M]: 0x00000000800001A0 (0x00030FB7) lui t6, 0x30
x31 <- 0x0000000000030000

mem[X,0x00000000800001A4] -> 0x8F93
mem[X,0x00000000800001A6] -> 0xFFEF
[110] [M]: 0x00000000800001A4 (0xFFEF8F93) addi t6, t6, -0x2
x31 <- 0x000000000002FFFE

mem[X,0x00000000800001A8] -> 0x9F93
mem[X,0x00000000800001AA] -> 0x00BF
[111] [M]: 0x00000000800001A8 (0x00BF9F93) slli t6, t6, 0xb
x31 <- 0x0000000017FFF000

mem[X,0x00000000800001AC] -> 0x8F93
mem[X,0x00000000800001AE] -> 0x7EFF
[112] [M]: 0x00000000800001AC (0x7EFF8F93) addi t6, t6, 0x7ef
x31 <- 0x0000000017FFF7EF

mem[X,0x00000000800001B0] -> 0x9F93
mem[X,0x00000000800001B2] -> 0x00BF
[113] [M]: 0x00000000800001B0 (0x00BF9F93) slli t6, t6, 0xb
x31 <- 0x000000BFFFBF7800

mem[X,0x00000000800001B4] -> 0x8F93
mem[X,0x00000000800001B6] -> 0x7E0F
[114] [M]: 0x00000000800001B4 (0x7E0F8F93) addi t6, t6, 0x7e0
x31 <- 0x000000BFFFBF7FE0

mem[X,0x00000000800001B8] -> 0x9F93
mem[X,0x00000000800001BA] -> 0x00AF
[115] [M]: 0x00000000800001B8 (0x00AF9F93) slli t6, t6, 0xa
x31 <- 0x0002FFFEFDFF8000

mem[X,0x00000000800001BC] -> 0x4EB7
mem[X,0x00000000800001BE] -> 0x0200
[116] [M]: 0x00000000800001BC (0x02004EB7) lui t4, 0x2004
x29 <- 0x0000000002004000

mem[X,0x00000000800001C0] -> 0x8E93
mem[X,0x00000000800001C2] -> 0x000E
[117] [M]: 0x00000000800001C0 (0x000E8E93) addi t4, t4, 0x0
x29 <- 0x0000000002004000

mem[X,0x00000000800001C4] -> 0x9E93
mem[X,0x00000000800001C6] -> 0x00BE
[118] [M]: 0x00000000800001C4 (0x00BE9E93) slli t4, t4, 0xb
x29 <- 0x0000001002000000

mem[X,0x00000000800001C8] -> 0x8E93
mem[X,0x00000000800001CA] -> 0x7FFE
[119] [M]: 0x00000000800001C8 (0x7FFE8E93) addi t4, t4, 0x7ff
x29 <- 0x00000010020007FF

mem[X,0x00000000800001CC] -> 0x9E93
mem[X,0x00000000800001CE] -> 0x00BE
[120] [M]: 0x00000000800001CC (0x00BE9E93) slli t4, t4, 0xb
x29 <- 0x00008010003FF800

mem[X,0x00000000800001D0] -> 0x8E93
mem[X,0x00000000800001D2] -> 0x688E
[121] [M]: 0x00000000800001D0 (0x688E8E93) addi t4, t4, 0x688
x29 <- 0x00008010003FFE88

mem[X,0x00000000800001D4] -> 0x9E93
mem[X,0x00000000800001D6] -> 0x00AE
[122] [M]: 0x00000000800001D4 (0x00AE9E93) slli t4, t4, 0xa
x29 <- 0x02004000FFFA2000

mem[X,0x00000000800001D8] -> 0xFEBB
mem[X,0x00000000800001DA] -> 0xA1DF
[123] [M]: 0x00000000800001D8 (0xA1DFFEBB) pmulh.h.be t4, t6, t4
x29 <- 0x0000000000000000

mem[X,0x00000000800001DC] -> 0x3023
mem[X,0x00000000800001DE] -> 0x01D1
[124] [M]: 0x00000000800001DC (0x01D13023) sd t4, 0x0(sp)
mem[0x0000000080004118] <- 0x0000000000000000

mem[X,0x00000000800001E0] -> 0x0CB7
mem[X,0x00000000800001E2] -> 0x7FFF
[125] [M]: 0x00000000800001E0 (0x7FFF0CB7) lui s9, 0x7fff0
x25 <- 0x000000007FFF0000

mem[X,0x00000000800001E4] -> 0x8C93
mem[X,0x00000000800001E6] -> 0x004C
[126] [M]: 0x00000000800001E4 (0x004C8C93) addi s9, s9, 0x4
x25 <- 0x000000007FFF0004

mem[X,0x00000000800001E8] -> 0x9C93
mem[X,0x00000000800001EA] -> 0x00BC
[127] [M]: 0x00000000800001E8 (0x00BC9C93) slli s9, s9, 0xb
x25 <- 0x000003FFF8002000

mem[X,0x00000000800001EC] -> 0x8C93
mem[X,0x00000000800001EE] -> 0x7DFC
[128] [M]: 0x00000000800001EC (0x7DFC8C93) addi s9, s9, 0x7df
x25 <- 0x000003FFF80027DF

mem[X,0x00000000800001F0] -> 0x9C93
mem[X,0x00000000800001F2] -> 0x00BC
[129] [M]: 0x00000000800001F0 (0x00BC9C93) slli s9, s9, 0xb
x25 <- 0x001FFFC0013EF800

mem[X,0x00000000800001F4] -> 0x8C93
mem[X,0x00000000800001F6] -> 0x7FFC
[130] [M]: 0x00000000800001F4 (0x7FFC8C93) addi s9, s9, 0x7ff
x25 <- 0x001FFFC0013EFFFF

mem[X,0x00000000800001F8] -> 0x9C93
mem[X,0x00000000800001FA] -> 0x00AC
[131] [M]: 0x00000000800001F8 (0x00AC9C93) slli s9, s9, 0xa
x25 <- 0x7FFF0004FBFFFC00

mem[X,0x00000000800001FC] -> 0x8C93
mem[X,0x00000000800001FE] -> 0x3FFC
[132] [M]: 0x00000000800001FC (0x3FFC8C93) addi s9, s9, 0x3ff
x25 <- 0x7FFF0004FBFFFFFF

mem[X,0x0000000080000200] -> 0x0CB7
mem[X,0x0000000080000202] -> 0xFFFF
[133] [M]: 0x0000000080000200 (0xFFFF0CB7) lui s9, -0x10
x25 <- 0xFFFFFFFFFFFF0000

mem[X,0x0000000080000204] -> 0x8C93
mem[X,0x0000000080000206] -> 0xF7FC
[134] [M]: 0x0000000080000204 (0xF7FC8C93) addi s9, s9, -0x81
x25 <- 0xFFFFFFFFFFFEFF7F

mem[X,0x0000000080000208] -> 0x9C93
mem[X,0x000000008000020A] -> 0x00BC
[135] [M]: 0x0000000080000208 (0x00BC9C93) slli s9, s9, 0xb
x25 <- 0xFFFFFFFFF7FBF800

mem[X,0x000000008000020C] -> 0x8C93
mem[X,0x000000008000020E] -> 0x000C
[136] [M]: 0x000000008000020C (0x000C8C93) addi s9, s9, 0x0
x25 <- 0xFFFFFFFFF7FBF800

mem[X,0x0000000080000210] -> 0x9C93
mem[X,0x0000000080000212] -> 0x00BC
[137] [M]: 0x0000000080000210 (0x00BC9C93) slli s9, s9, 0xb
x25 <- 0xFFFFFFBFDFC00000

mem[X,0x0000000080000214] -> 0x8C93
mem[X,0x0000000080000216] -> 0x180C
[138] [M]: 0x0000000080000214 (0x180C8C93) addi s9, s9, 0x180
x25 <- 0xFFFFFFBFDFC00180

mem[X,0x0000000080000218] -> 0x9C93
mem[X,0x000000008000021A] -> 0x00AC
[139] [M]: 0x0000000080000218 (0x00AC9C93) slli s9, s9, 0xa
x25 <- 0xFFFEFF7F00060000

mem[X,0x000000008000021C] -> 0x8C93
mem[X,0x000000008000021E] -> 0x009C
[140] [M]: 0x000000008000021C (0x009C8C93) addi s9, s9, 0x9
x25 <- 0xFFFEFF7F00060009

mem[X,0x0000000080000220] -> 0xF53B
mem[X,0x0000000080000222] -> 0xA19C
[141] [M]: 0x0000000080000220 (0xA19CF53B) pmulh.h.be a0, s9, s9
x10 <- 0x0000FFFF00000000

mem[X,0x0000000080000224] -> 0x3423
mem[X,0x0000000080000226] -> 0x00A1
[142] [M]: 0x0000000080000224 (0x00A13423) sd a0, 0x8(sp)
mem[0x0000000080004120] <- 0x0000FFFF00000000

mem[X,0x0000000080000228] -> 0x0637
mem[X,0x000000008000022A] -> 0xFFF0
[143] [M]: 0x0000000080000228 (0xFFF00637) lui a2, -0x100
x12 <- 0xFFFFFFFFFFF00000

mem[X,0x000000008000022C] -> 0x0613
mem[X,0x000000008000022E] -> 0xFFD6
[144] [M]: 0x000000008000022C (0xFFD60613) addi a2, a2, -0x3
x12 <- 0xFFFFFFFFFFEFFFFD

mem[X,0x0000000080000230] -> 0x1613
mem[X,0x0000000080000232] -> 0x00B6
[145] [M]: 0x0000000080000230 (0x00B61613) slli a2, a2, 0xb
x12 <- 0xFFFFFFFF7FFFE800

mem[X,0x0000000080000234] -> 0x0613
mem[X,0x0000000080000236] -> 0x0006
[146] [M]: 0x0000000080000234 (0x00060613) addi a2, a2, 0x0
x12 <- 0xFFFFFFFF7FFFE800

mem[X,0x0000000080000238] -> 0x1613
mem[X,0x000000008000023A] -> 0x00B6
[147] [M]: 0x0000000080000238 (0x00B61613) slli a2, a2, 0xb
x12 <- 0xFFFFFBFFFF400000

mem[X,0x000000008000023C] -> 0x0613
mem[X,0x000000008000023E] -> 0x1806
[148] [M]: 0x000000008000023C (0x18060613) addi a2, a2, 0x180
x12 <- 0xFFFFFBFFFF400180

mem[X,0x0000000080000240] -> 0x1613
mem[X,0x0000000080000242] -> 0x00A6
[149] [M]: 0x0000000080000240 (0x00A61613) slli a2, a2, 0xa
x12 <- 0xFFEFFFFD00060000

mem[X,0x0000000080000244] -> 0x0637
mem[X,0x0000000080000246] -> 0x000A
[150] [M]: 0x0000000080000244 (0x000A0637) lui a2, 0xa0
x12 <- 0x00000000000A0000

mem[X,0x0000000080000248] -> 0x0613
mem[X,0x000000008000024A] -> 0xFF86
[151] [M]: 0x0000000080000248 (0xFF860613) addi a2, a2, -0x8
x12 <- 0x000000000009FFF8

mem[X,0x000000008000024C] -> 0x1613
mem[X,0x000000008000024E] -> 0x00B6
[152] [M]: 0x000000008000024C (0x00B61613) slli a2, a2, 0xb
x12 <- 0x000000004FFFC000

mem[X,0x0000000080000250] -> 0x0613
mem[X,0x0000000080000252] -> 0x0006
[153] [M]: 0x0000000080000250 (0x00060613) addi a2, a2, 0x0
x12 <- 0x000000004FFFC000

mem[X,0x0000000080000254] -> 0x1613
mem[X,0x0000000080000256] -> 0x00B6
[154] [M]: 0x0000000080000254 (0x00B61613) slli a2, a2, 0xb
x12 <- 0x0000027FFE000000

mem[X,0x0000000080000258] -> 0x0613
mem[X,0x000000008000025A] -> 0x0BF6
[155] [M]: 0x0000000080000258 (0x0BF60613) addi a2, a2, 0xbf
x12 <- 0x0000027FFE0000BF

mem[X,0x000000008000025C] -> 0x1613
mem[X,0x000000008000025E] -> 0x00A6
[156] [M]: 0x000000008000025C (0x00A61613) slli a2, a2, 0xa
x12 <- 0x0009FFF80002FC00

mem[X,0x0000000080000260] -> 0x0613
mem[X,0x0000000080000262] -> 0x3FD6
[157] [M]: 0x0000000080000260 (0x3FD60613) addi a2, a2, 0x3fd
x12 <- 0x0009FFF80002FFFD

mem[X,0x0000000080000264] -> 0x763B
mem[X,0x0000000080000266] -> 0xA0C6
[158] [M]: 0x0000000080000264 (0xA0C6763B) pmulh.h.be a2, a2, a2
x12 <- 0x0000000000000000

mem[X,0x0000000080000268] -> 0x3823
mem[X,0x000000008000026A] -> 0x00C1
[159] [M]: 0x0000000080000268 (0x00C13823) sd a2, 0x10(sp)
mem[0x0000000080004128] <- 0x0000000000000000

mem[X,0x000000008000026C] -> 0x0E37
mem[X,0x000000008000026E] -> 0xFFFF
[160] [M]: 0x000000008000026C (0xFFFF0E37) lui t3, -0x10
x28 <- 0xFFFFFFFFFFFF0000

mem[X,0x0000000080000270] -> 0x0E13
mem[X,0x0000000080000272] -> 0x008E
[161] [M]: 0x0000000080000270 (0x008E0E13) addi t3, t3, 0x8
x28 <- 0xFFFFFFFFFFFF0008

mem[X,0x0000000080000274] -> 0x1E13
mem[X,0x0000000080000276] -> 0x00BE
[162] [M]: 0x0000000080000274 (0x00BE1E13) slli t3, t3, 0xb
x28 <- 0xFFFFFFFFF8004000

mem[X,0x0000000080000278] -> 0x0E13
mem[X,0x000000008000027A] -> 0x000E
[163] [M]: 0x0000000080000278 (0x000E0E13) addi t3, t3, 0x0
x28 <- 0xFFFFFFFFF8004000

mem[X,0x000000008000027C] -> 0x1E13
mem[X,0x000000008000027E] -> 0x00BE
[164] [M]: 0x000000008000027C (0x00BE1E13) slli t3, t3, 0xb
x28 <- 0xFFFFFFC002000000

mem[X,0x0000000080000280] -> 0x0E13
mem[X,0x0000000080000282] -> 0x400E
[165] [M]: 0x0000000080000280 (0x400E0E13) addi t3, t3, 0x400
x28 <- 0xFFFFFFC002000400

mem[X,0x0000000080000284] -> 0x1E13
mem[X,0x0000000080000286] -> 0x00AE
[166] [M]: 0x0000000080000284 (0x00AE1E13) slli t3, t3, 0xa
x28 <- 0xFFFF000800100000

mem[X,0x0000000080000288] -> 0x0E13
mem[X,0x000000008000028A] -> 0x001E
[167] [M]: 0x0000000080000288 (0x001E0E13) addi t3, t3, 0x1
x28 <- 0xFFFF000800100001

mem[X,0x000000008000028C] -> 0xE6B7
mem[X,0x000000008000028E] -> 0x0080
[168] [M]: 0x000000008000028C (0x0080E6B7) lui a3, 0x80e
x13 <- 0x000000000080E000

mem[X,0x0000000080000290] -> 0x8693
mem[X,0x0000000080000292] -> 0xFFF6
[169] [M]: 0x0000000080000290 (0xFFF68693) addi a3, a3, -0x1
x13 <- 0x000000000080DFFF

mem[X,0x0000000080000294] -> 0x9693
mem[X,0x0000000080000296] -> 0x00B6
[170] [M]: 0x0000000080000294 (0x00B69693) slli a3, a3, 0xb
x13 <- 0x0000000406FFF800

mem[X,0x0000000080000298] -> 0x8693
mem[X,0x000000008000029A] -> 0x0046
[171] [M]: 0x0000000080000298 (0x00468693) addi a3, a3, 0x4
x13 <- 0x0000000406FFF804

mem[X,0x000000008000029C] -> 0x9693
mem[X,0x000000008000029E] -> 0x00B6
[172] [M]: 0x000000008000029C (0x00B69693) slli a3, a3, 0xb
x13 <- 0x00002037FFC02000

mem[X,0x00000000800002A0] -> 0x8693
mem[X,0x00000000800002A2] -> 0x0006
[173] [M]: 0x00000000800002A0 (0x00068693) addi a3, a3, 0x0
x13 <- 0x00002037FFC02000

mem[X,0x00000000800002A4] -> 0x9693
mem[X,0x00000000800002A6] -> 0x00A6
[174] [M]: 0x00000000800002A4 (0x00A69693) slli a3, a3, 0xa
x13 <- 0x0080DFFF00800000

mem[X,0x00000000800002A8] -> 0x8693
mem[X,0x00000000800002AA] -> 0x0056
[175] [M]: 0x00000000800002A8 (0x00568693) addi a3, a3, 0x5
x13 <- 0x0080DFFF00800005

mem[X,0x00000000800002AC] -> 0x7E3B
mem[X,0x00000000800002AE] -> 0xA0DE
[176] [M]: 0x00000000800002AC (0xA0DE7E3B) pmulh.h.be t3, t3, a3
x28 <- 0x0000FFFFFFFF0000

mem[X,0x00000000800002B0] -> 0x3C23
mem[X,0x00000000800002B2] -> 0x01C1
[177] [M]: 0x00000000800002B0 (0x01C13C23) sd t3, 0x18(sp)
mem[0x0000000080004130] <- 0x0000FFFFFFFF0000

mem[X,0x00000000800002B4] -> 0xC9B7
mem[X,0x00000000800002B6] -> 0x2000
[178] [M]: 0x00000000800002B4 (0x2000C9B7) lui s3, 0x2000c
x19 <- 0x000000002000C000

mem[X,0x00000000800002B8] -> 0x8993
mem[X,0x00000000800002BA] -> 0xFFF9
[179] [M]: 0x00000000800002B8 (0xFFF98993) addi s3, s3, -0x1
x19 <- 0x000000002000BFFF

mem[X,0x00000000800002BC] -> 0x9993
mem[X,0x00000000800002BE] -> 0x00B9
[180] [M]: 0x00000000800002BC (0x00B99993) slli s3, s3, 0xb
x19 <- 0x0000010005FFF800

mem[X,0x00000000800002C0] -> 0x8993
mem[X,0x00000000800002C2] -> 0x0009
[181] [M]: 0x00000000800002C0 (0x00098993) addi s3, s3, 0x0
x19 <- 0x0000010005FFF800

mem[X,0x00000000800002C4] -> 0x9993
mem[X,0x00000000800002C6] -> 0x00B9
[182] [M]: 0x00000000800002C4 (0x00B99993) slli s3, s3, 0xb
x19 <- 0x0008002FFFC00000

mem[X,0x00000000800002C8] -> 0x8993
mem[X,0x00000000800002CA] -> 0x25F9
[183] [M]: 0x00000000800002C8 (0x25F98993) addi s3, s3, 0x25f
x19 <- 0x0008002FFFC0025F

mem[X,0x00000000800002CC] -> 0x9993
mem[X,0x00000000800002CE] -> 0x00A9
[184] [M]: 0x00000000800002CC (0x00A99993) slli s3, s3, 0xa
x19 <- 0x2000BFFF00097C00

mem[X,0x00000000800002D0] -> 0x8993
mem[X,0x00000000800002D2] -> 0x3FF9
[185] [M]: 0x00000000800002D0 (0x3FF98993) addi s3, s3, 0x3ff
x19 <- 0x2000BFFF00097FFF

mem[X,0x00000000800002D4] -> 0xE037
mem[X,0x00000000800002D6] -> 0xDFFF
[186] [M]: 0x00000000800002D4 (0xDFFFE037) lui zero, -0x20002

mem[X,0x00000000800002D8] -> 0x0013
mem[X,0x00000000800002DA] -> 0xFFF0
[187] [M]: 0x00000000800002D8 (0xFFF00013) addi zero, zero, -0x1

mem[X,0x00000000800002DC] -> 0x1013
mem[X,0x00000000800002DE] -> 0x00B0
[188] [M]: 0x00000000800002DC (0x00B01013) slli zero, zero, 0xb

mem[X,0x00000000800002E0] -> 0x0013
mem[X,0x00000000800002E2] -> 0x0000
[189] [M]: 0x00000000800002E0 (0x00000013) addi zero, zero, 0x0

mem[X,0x00000000800002E4] -> 0x1013
mem[X,0x00000000800002E6] -> 0x00B0
[190] [M]: 0x00000000800002E4 (0x00B01013) slli zero, zero, 0xb

mem[X,0x00000000800002E8] -> 0x0013
mem[X,0x00000000800002EA] -> 0x27F0
[191] [M]: 0x00000000800002E8 (0x27F00013) addi zero, zero, 0x27f

mem[X,0x00000000800002EC] -> 0x1013
mem[X,0x00000000800002EE] -> 0x00A0
[192] [M]: 0x00000000800002EC (0x00A01013) slli zero, zero, 0xa

mem[X,0x00000000800002F0] -> 0x0013
mem[X,0x00000000800002F2] -> 0x3FE0
[193] [M]: 0x00000000800002F0 (0x3FE00013) addi zero, zero, 0x3fe

mem[X,0x00000000800002F4] -> 0xF0BB
mem[X,0x00000000800002F6] -> 0xA009
[194] [M]: 0x00000000800002F4 (0xA009F0BB) pmulh.h.be ra, s3, zero
x1 <- 0x0000000000000000

mem[X,0x00000000800002F8] -> 0x3023
mem[X,0x00000000800002FA] -> 0x0211
[195] [M]: 0x00000000800002F8 (0x02113023) sd ra, 0x20(sp)
mem[0x0000000080004138] <- 0x0000000000000000

mem[X,0x00000000800002FC] -> 0x1837
mem[X,0x00000000800002FE] -> 0xFDFF
[196] [M]: 0x00000000800002FC (0xFDFF1837) lui a6, -0x200f
x16 <- 0xFFFFFFFFFDFF1000

mem[X,0x0000000080000300] -> 0x0813
mem[X,0x0000000080000302] -> 0x0008
[197] [M]: 0x0000000080000300 (0x00080813) addi a6, a6, 0x0
x16 <- 0xFFFFFFFFFDFF1000

mem[X,0x0000000080000304] -> 0x1813
mem[X,0x0000000080000306] -> 0x00B8
[198] [M]: 0x0000000080000304 (0x00B81813) slli a6, a6, 0xb
x16 <- 0xFFFFFFEFF8800000

mem[X,0x0000000080000308] -> 0x0813
mem[X,0x000000008000030A] -> 0x0008
[199] [M]: 0x0000000080000308 (0x00080813) addi a6, a6, 0x0
x16 <- 0xFFFFFFEFF8800000

clint::tick mtime <- 0x0000000000000002
 clint timer pending at mtime 0x0000000000000002
htif::tick 0x0000000000000000
mem[X,0x000000008000030C] -> 0x1813
mem[X,0x000000008000030E] -> 0x00B8
[200] [M]: 0x000000008000030C (0x00B81813) slli a6, a6, 0xb
x16 <- 0xFFFF7FC400000000

mem[X,0x0000000080000310] -> 0x0813
mem[X,0x0000000080000312] -> 0x0008
[201] [M]: 0x0000000080000310 (0x00080813) addi a6, a6, 0x0
x16 <- 0xFFFF7FC400000000

mem[X,0x0000000080000314] -> 0x1813
mem[X,0x0000000080000316] -> 0x00A8
[202] [M]: 0x0000000080000314 (0x00A81813) slli a6, a6, 0xa
x16 <- 0xFDFF100000000000

mem[X,0x0000000080000318] -> 0x0813
mem[X,0x000000008000031A] -> 0x0028
[203] [M]: 0x0000000080000318 (0x00280813) addi a6, a6, 0x2
x16 <- 0xFDFF100000000002

mem[X,0x000000008000031C] -> 0x03B7
mem[X,0x000000008000031E] -> 0xF000
[204] [M]: 0x000000008000031C (0xF00003B7) lui t2, -0x10000
x7 <- 0xFFFFFFFFF0000000

mem[X,0x0000000080000320] -> 0x8393
mem[X,0x0000000080000322] -> 0xFFB3
[205] [M]: 0x0000000080000320 (0xFFB38393) addi t2, t2, -0x5
x7 <- 0xFFFFFFFFEFFFFFFB

mem[X,0x0000000080000324] -> 0x9393
mem[X,0x0000000080000326] -> 0x00B3
[206] [M]: 0x0000000080000324 (0x00B39393) slli t2, t2, 0xb
x7 <- 0xFFFFFF7FFFFFD800

mem[X,0x0000000080000328] -> 0x8393
mem[X,0x000000008000032A] -> 0x0003
[207] [M]: 0x0000000080000328 (0x00038393) addi t2, t2, 0x0
x7 <- 0xFFFFFF7FFFFFD800

mem[X,0x000000008000032C] -> 0x9393
mem[X,0x000000008000032E] -> 0x00B3
[208] [M]: 0x000000008000032C (0x00B39393) slli t2, t2, 0xb
x7 <- 0xFFFBFFFFFEC00000

mem[X,0x0000000080000330] -> 0x8393
mem[X,0x0000000080000332] -> 0x07F3
[209] [M]: 0x0000000080000330 (0x07F38393) addi t2, t2, 0x7f
x7 <- 0xFFFBFFFFFEC0007F

mem[X,0x0000000080000334] -> 0x9393
mem[X,0x0000000080000336] -> 0x00A3
[210] [M]: 0x0000000080000334 (0x00A39393) slli t2, t2, 0xa
x7 <- 0xEFFFFFFB0001FC00

mem[X,0x0000000080000338] -> 0x8393
mem[X,0x000000008000033A] -> 0x3FB3
[211] [M]: 0x0000000080000338 (0x3FB38393) addi t2, t2, 0x3fb
x7 <- 0xEFFFFFFB0001FFFB

mem[X,0x000000008000033C] -> 0x7BBB
mem[X,0x000000008000033E] -> 0xA078
[212] [M]: 0x000000008000033C (0xA0787BBB) pmulh.h.be s7, a6, t2
x23 <- 0x0000FFFF0000FFFF

mem[X,0x0000000080000340] -> 0x3423
mem[X,0x0000000080000342] -> 0x0371
[213] [M]: 0x0000000080000340 (0x03713423) sd s7, 0x28(sp)
mem[0x0000000080004140] <- 0x0000FFFF0000FFFF

mem[X,0x0000000080000344] -> 0x08B7
mem[X,0x0000000080000346] -> 0x0008
[214] [M]: 0x0000000080000344 (0x000808B7) lui a7, 0x80
x17 <- 0x0000000000080000

mem[X,0x0000000080000348] -> 0x8893
mem[X,0x000000008000034A] -> 0x0038
[215] [M]: 0x0000000080000348 (0x00388893) addi a7, a7, 0x3
x17 <- 0x0000000000080003

mem[X,0x000000008000034C] -> 0x9893
mem[X,0x000000008000034E] -> 0x00B8
[216] [M]: 0x000000008000034C (0x00B89893) slli a7, a7, 0xb
x17 <- 0x0000000040001800

mem[X,0x0000000080000350] -> 0x8893
mem[X,0x0000000080000352] -> 0x0208
[217] [M]: 0x0000000080000350 (0x02088893) addi a7, a7, 0x20
x17 <- 0x0000000040001820

mem[X,0x0000000080000354] -> 0x9893
mem[X,0x0000000080000356] -> 0x00B8
[218] [M]: 0x0000000080000354 (0x00B89893) slli a7, a7, 0xb
x17 <- 0x0000020000C10000

mem[X,0x0000000080000358] -> 0x8893
mem[X,0x000000008000035A] -> 0x0008
[219] [M]: 0x0000000080000358 (0x00088893) addi a7, a7, 0x0
x17 <- 0x0000020000C10000

mem[X,0x000000008000035C] -> 0x9893
mem[X,0x000000008000035E] -> 0x00A8
[220] [M]: 0x000000008000035C (0x00A89893) slli a7, a7, 0xa
x17 <- 0x0008000304000000

mem[X,0x0000000080000360] -> 0x8893
mem[X,0x0000000080000362] -> 0x0048
[221] [M]: 0x0000000080000360 (0x00488893) addi a7, a7, 0x4
x17 <- 0x0008000304000004

mem[X,0x0000000080000364] -> 0x04B7
mem[X,0x0000000080000366] -> 0x3FFF
[222] [M]: 0x0000000080000364 (0x3FFF04B7) lui s1, 0x3fff0
x9 <- 0x000000003FFF0000

mem[X,0x0000000080000368] -> 0x8493
mem[X,0x000000008000036A] -> 0x0084
[223] [M]: 0x0000000080000368 (0x00848493) addi s1, s1, 0x8
x9 <- 0x000000003FFF0008

mem[X,0x000000008000036C] -> 0x9493
mem[X,0x000000008000036E] -> 0x00B4
[224] [M]: 0x000000008000036C (0x00B49493) slli s1, s1, 0xb
x9 <- 0x000001FFF8004000

mem[X,0x0000000080000370] -> 0x8493
mem[X,0x0000000080000372] -> 0x6FF4
[225] [M]: 0x0000000080000370 (0x6FF48493) addi s1, s1, 0x6ff
x9 <- 0x000001FFF80046FF

mem[X,0x0000000080000374] -> 0x9493
mem[X,0x0000000080000376] -> 0x00B4
[226] [M]: 0x0000000080000374 (0x00B49493) slli s1, s1, 0xb
x9 <- 0x000FFFC00237F800

mem[X,0x0000000080000378] -> 0x8493
mem[X,0x000000008000037A] -> 0x7C04
[227] [M]: 0x0000000080000378 (0x7C048493) addi s1, s1, 0x7c0
x9 <- 0x000FFFC00237FFC0

mem[X,0x000000008000037C] -> 0x9493
mem[X,0x000000008000037E] -> 0x00A4
[228] [M]: 0x000000008000037C (0x00A49493) slli s1, s1, 0xa
x9 <- 0x3FFF0008DFFF0000

mem[X,0x0000000080000380] -> 0x8493
mem[X,0x0000000080000382] -> 0x0034
[229] [M]: 0x0000000080000380 (0x00348493) addi s1, s1, 0x3
x9 <- 0x3FFF0008DFFF0003

mem[X,0x0000000080000384] -> 0xF7BB
mem[X,0x0000000080000386] -> 0xA098
[230] [M]: 0x0000000080000384 (0xA098F7BB) pmulh.h.be a5, a7, s1
x15 <- 0xFFFF0000FFFF0000

mem[X,0x0000000080000388] -> 0x3823
mem[X,0x000000008000038A] -> 0x02F1
[231] [M]: 0x0000000080000388 (0x02F13823) sd a5, 0x30(sp)
mem[0x0000000080004148] <- 0xFFFF0000FFFF0000

mem[X,0x000000008000038C] -> 0xC3B7
mem[X,0x000000008000038E] -> 0x0000
[232] [M]: 0x000000008000038C (0x0000C3B7) lui t2, 0xc
x7 <- 0x000000000000C000

mem[X,0x0000000080000390] -> 0x8393
mem[X,0x0000000080000392] -> 0xFFF3
[233] [M]: 0x0000000080000390 (0xFFF38393) addi t2, t2, -0x1
x7 <- 0x000000000000BFFF

mem[X,0x0000000080000394] -> 0x9393
mem[X,0x0000000080000396] -> 0x00B3
[234] [M]: 0x0000000080000394 (0x00B39393) slli t2, t2, 0xb
x7 <- 0x0000000005FFF800

mem[X,0x0000000080000398] -> 0x8393
mem[X,0x000000008000039A] -> 0x7FF3
[235] [M]: 0x0000000080000398 (0x7FF38393) addi t2, t2, 0x7ff
x7 <- 0x0000000005FFFFFF

mem[X,0x000000008000039C] -> 0x9393
mem[X,0x000000008000039E] -> 0x00B3
[236] [M]: 0x000000008000039C (0x00B39393) slli t2, t2, 0xb
x7 <- 0x0000002FFFFFF800

mem[X,0x00000000800003A0] -> 0x8393
mem[X,0x00000000800003A2] -> 0x6403
[237] [M]: 0x00000000800003A0 (0x64038393) addi t2, t2, 0x640
x7 <- 0x0000002FFFFFFE40

mem[X,0x00000000800003A4] -> 0x9393
mem[X,0x00000000800003A6] -> 0x00A3
[238] [M]: 0x00000000800003A4 (0x00A39393) slli t2, t2, 0xa
x7 <- 0x0000BFFFFFF90000

mem[X,0x00000000800003A8] -> 0x8393
mem[X,0x00000000800003AA] -> 0x0083
[239] [M]: 0x00000000800003A8 (0x00838393) addi t2, t2, 0x8
x7 <- 0x0000BFFFFFF90008

mem[X,0x00000000800003AC] -> 0x0737
mem[X,0x00000000800003AE] -> 0x000A
[240] [M]: 0x00000000800003AC (0x000A0737) lui a4, 0xa0
x14 <- 0x00000000000A0000

mem[X,0x00000000800003B0] -> 0x0713
mem[X,0x00000000800003B2] -> 0xFBF7
[241] [M]: 0x00000000800003B0 (0xFBF70713) addi a4, a4, -0x41
x14 <- 0x000000000009FFBF

mem[X,0x00000000800003B4] -> 0x1713
mem[X,0x00000000800003B6] -> 0x00B7
[242] [M]: 0x00000000800003B4 (0x00B71713) slli a4, a4, 0xb
x14 <- 0x000000004FFDF800

mem[X,0x00000000800003B8] -> 0x0713
mem[X,0x00000000800003BA] -> 0x0007
[243] [M]: 0x00000000800003B8 (0x00070713) addi a4, a4, 0x0
x14 <- 0x000000004FFDF800

mem[X,0x00000000800003BC] -> 0x1713
mem[X,0x00000000800003BE] -> 0x00B7
[244] [M]: 0x00000000800003BC (0x00B71713) slli a4, a4, 0xb
x14 <- 0x0000027FEFC00000

mem[X,0x00000000800003C0] -> 0x0713
mem[X,0x00000000800003C2] -> 0x1777
[245] [M]: 0x00000000800003C0 (0x17770713) addi a4, a4, 0x177
x14 <- 0x0000027FEFC00177

mem[X,0x00000000800003C4] -> 0x1713
mem[X,0x00000000800003C6] -> 0x00A7
[246] [M]: 0x00000000800003C4 (0x00A71713) slli a4, a4, 0xa
x14 <- 0x0009FFBF0005DC00

mem[X,0x00000000800003C8] -> 0x0713
mem[X,0x00000000800003CA] -> 0x3FF7
[247] [M]: 0x00000000800003C8 (0x3FF70713) addi a4, a4, 0x3ff
x14 <- 0x0009FFBF0005DFFF

mem[X,0x00000000800003CC] -> 0xF9BB
mem[X,0x00000000800003CE] -> 0xA0E3
[248] [M]: 0x00000000800003CC (0xA0E3F9BB) pmulh.h.be s3, t2, a4
x19 <- 0x00000010FFFFFFFF

mem[X,0x00000000800003D0] -> 0x3C23
mem[X,0x00000000800003D2] -> 0x0331
[249] [M]: 0x00000000800003D0 (0x03313C23) sd s3, 0x38(sp)
mem[0x0000000080004150] <- 0x00000010FFFFFFFF

mem[X,0x00000000800003D4] -> 0x2237
mem[X,0x00000000800003D6] -> 0xFFFB
[250] [M]: 0x00000000800003D4 (0xFFFB2237) lui tp, -0x4e
x4 <- 0xFFFFFFFFFFFB2000

mem[X,0x00000000800003D8] -> 0x0213
mem[X,0x00000000800003DA] -> 0x0002
[251] [M]: 0x00000000800003D8 (0x00020213) addi tp, tp, 0x0
x4 <- 0xFFFFFFFFFFFB2000

mem[X,0x00000000800003DC] -> 0x1213
mem[X,0x00000000800003DE] -> 0x00B2
[252] [M]: 0x00000000800003DC (0x00B21213) slli tp, tp, 0xb
x4 <- 0xFFFFFFFFD9000000

mem[X,0x00000000800003E0] -> 0x0213
mem[X,0x00000000800003E2] -> 0x0002
[253] [M]: 0x00000000800003E0 (0x00020213) addi tp, tp, 0x0
x4 <- 0xFFFFFFFFD9000000

mem[X,0x00000000800003E4] -> 0x1213
mem[X,0x00000000800003E6] -> 0x00B2
[254] [M]: 0x00000000800003E4 (0x00B21213) slli tp, tp, 0xb
x4 <- 0xFFFFFEC800000000

mem[X,0x00000000800003E8] -> 0x0213
mem[X,0x00000000800003EA] -> 0x2402
[255] [M]: 0x00000000800003E8 (0x24020213) addi tp, tp, 0x240
x4 <- 0xFFFFFEC800000240

mem[X,0x00000000800003EC] -> 0x1213
mem[X,0x00000000800003EE] -> 0x00A2
[256] [M]: 0x00000000800003EC (0x00A21213) slli tp, tp, 0xa
x4 <- 0xFFFB200000090000

mem[X,0x00000000800003F0] -> 0x0213
mem[X,0x00000000800003F2] -> 0x0102
[257] [M]: 0x00000000800003F0 (0x01020213) addi tp, tp, 0x10
x4 <- 0xFFFB200000090010

mem[X,0x00000000800003F4] -> 0x0F37
mem[X,0x00000000800003F6] -> 0xFFF7
[258] [M]: 0x00000000800003F4 (0xFFF70F37) lui t5, -0x90
x30 <- 0xFFFFFFFFFFF70000

mem[X,0x00000000800003F8] -> 0x0F13
mem[X,0x00000000800003FA] -> 0xF7FF
[259] [M]: 0x00000000800003F8 (0xF7FF0F13) addi t5, t5, -0x81
x30 <- 0xFFFFFFFFFFF6FF7F

mem[X,0x00000000800003FC] -> 0x1F13
mem[X,0x00000000800003FE] -> 0x00BF
[260] [M]: 0x00000000800003FC (0x00BF1F13) slli t5, t5, 0xb
x30 <- 0xFFFFFFFFB7FBF800

mem[X,0x0000000080000400] -> 0x0F13
mem[X,0x0000000080000402] -> 0x7FDF
[261] [M]: 0x0000000080000400 (0x7FDF0F13) addi t5, t5, 0x7fd
x30 <- 0xFFFFFFFFB7FBFFFD

mem[X,0x0000000080000404] -> 0x1F13
mem[X,0x0000000080000406] -> 0x00BF
[262] [M]: 0x0000000080000404 (0x00BF1F13) slli t5, t5, 0xb
x30 <- 0xFFFFFDBFDFFFE800

mem[X,0x0000000080000408] -> 0x0F13
mem[X,0x000000008000040A] -> 0x7FDF
[263] [M]: 0x0000000080000408 (0x7FDF0F13) addi t5, t5, 0x7fd
x30 <- 0xFFFFFDBFDFFFEFFD

mem[X,0x000000008000040C] -> 0x1F13
mem[X,0x000000008000040E] -> 0x00AF
[264] [M]: 0x000000008000040C (0x00AF1F13) slli t5, t5, 0xa
x30 <- 0xFFF6FF7FFFBFF400

mem[X,0x0000000080000410] -> 0x0F13
mem[X,0x0000000080000412] -> 0x3FFF
[265] [M]: 0x0000000080000410 (0x3FFF0F13) addi t5, t5, 0x3ff
x30 <- 0xFFF6FF7FFFBFF7FF

mem[X,0x0000000080000414] -> 0x74BB
mem[X,0x0000000080000416] -> 0xA1E2
[266] [M]: 0x0000000080000414 (0xA1E274BB) pmulh.h.be s1, tp, t5
x9 <- 0x0000000FFFFFFFFF

mem[X,0x0000000080000418] -> 0x3023
mem[X,0x000000008000041A] -> 0x0491
[267] [M]: 0x0000000080000418 (0x04913023) sd s1, 0x40(sp)
mem[0x0000000080004158] <- 0x0000000FFFFFFFFF

mem[X,0x000000008000041C] -> 0x05B7
mem[X,0x000000008000041E] -> 0xFFDF
[268] [M]: 0x000000008000041C (0xFFDF05B7) lui a1, -0x210
x11 <- 0xFFFFFFFFFFDF0000

mem[X,0x0000000080000420] -> 0x8593
mem[X,0x0000000080000422] -> 0x0405
[269] [M]: 0x0000000080000420 (0x04058593) addi a1, a1, 0x40
x11 <- 0xFFFFFFFFFFDF0040

mem[X,0x0000000080000424] -> 0x9593
mem[X,0x0000000080000426] -> 0x00B5
[270] [M]: 0x0000000080000424 (0x00B59593) slli a1, a1, 0xb
x11 <- 0xFFFFFFFEF8020000

mem[X,0x0000000080000428] -> 0x8593
mem[X,0x000000008000042A] -> 0x7FD5
[271] [M]: 0x0000000080000428 (0x7FD58593) addi a1, a1, 0x7fd
x11 <- 0xFFFFFFFEF80207FD

mem[X,0x000000008000042C] -> 0x9593
mem[X,0x000000008000042E] -> 0x00B5
[272] [M]: 0x000000008000042C (0x00B59593) slli a1, a1, 0xb
x11 <- 0xFFFFF7C0103FE800

mem[X,0x0000000080000430] -> 0x8593
mem[X,0x0000000080000432] -> 0x7C05
[273] [M]: 0x0000000080000430 (0x7C058593) addi a1, a1, 0x7c0
x11 <- 0xFFFFF7C0103FEFC0

mem[X,0x0000000080000434] -> 0x9593
mem[X,0x0000000080000436] -> 0x00A5
[274] [M]: 0x0000000080000434 (0x00A59593) slli a1, a1, 0xa
x11 <- 0xFFDF0040FFBF0000

mem[X,0x0000000080000438] -> 0x8593
mem[X,0x000000008000043A] -> 0x0205
[275] [M]: 0x0000000080000438 (0x02058593) addi a1, a1, 0x20
x11 <- 0xFFDF0040FFBF0020

mem[X,0x000000008000043C] -> 0x0BB7
mem[X,0x000000008000043E] -> 0x0081
[276] [M]: 0x000000008000043C (0x00810BB7) lui s7, 0x810
x23 <- 0x0000000000810000

mem[X,0x0000000080000440] -> 0x8B93
mem[X,0x0000000080000442] -> 0xFFAB
[277] [M]: 0x0000000080000440 (0xFFAB8B93) addi s7, s7, -0x6
x23 <- 0x000000000080FFFA

mem[X,0x0000000080000444] -> 0x9B93
mem[X,0x0000000080000446] -> 0x00BB
[278] [M]: 0x0000000080000444 (0x00BB9B93) slli s7, s7, 0xb
x23 <- 0x0000000407FFD000

mem[X,0x0000000080000448] -> 0x8B93
mem[X,0x000000008000044A] -> 0x7FDB
[279] [M]: 0x0000000080000448 (0x7FDB8B93) addi s7, s7, 0x7fd
x23 <- 0x0000000407FFD7FD

mem[X,0x000000008000044C] -> 0x9B93
mem[X,0x000000008000044E] -> 0x00BB
[280] [M]: 0x000000008000044C (0x00BB9B93) slli s7, s7, 0xb
x23 <- 0x0000203FFEBFE800

mem[X,0x0000000080000450] -> 0x8B93
mem[X,0x0000000080000452] -> 0x7C0B
[281] [M]: 0x0000000080000450 (0x7C0B8B93) addi s7, s7, 0x7c0
x23 <- 0x0000203FFEBFEFC0

mem[X,0x0000000080000454] -> 0x9B93
mem[X,0x0000000080000456] -> 0x00AB
[282] [M]: 0x0000000080000454 (0x00AB9B93) slli s7, s7, 0xa
x23 <- 0x0080FFFAFFBF0000

mem[X,0x0000000080000458] -> 0x8B93
mem[X,0x000000008000045A] -> 0x007B
[283] [M]: 0x0000000080000458 (0x007B8B93) addi s7, s7, 0x7
x23 <- 0x0080FFFAFFBF0007

mem[X,0x000000008000045C] -> 0xF03B
mem[X,0x000000008000045E] -> 0xA175
[284] [M]: 0x000000008000045C (0xA175F03B) pmulh.h.be zero, a1, s7

mem[X,0x0000000080000460] -> 0x3423
mem[X,0x0000000080000462] -> 0x0401
[285] [M]: 0x0000000080000460 (0x04013423) sd zero, 0x48(sp)
mem[0x0000000080004160] <- 0x0000000000000000

mem[X,0x0000000080000464] -> 0x4AB7
mem[X,0x0000000080000466] -> 0x0400
[286] [M]: 0x0000000080000464 (0x04004AB7) lui s5, 0x4004
x21 <- 0x0000000004004000

mem[X,0x0000000080000468] -> 0x8A93
mem[X,0x000000008000046A] -> 0xFFFA
[287] [M]: 0x0000000080000468 (0xFFFA8A93) addi s5, s5, -0x1
x21 <- 0x0000000004003FFF

mem[X,0x000000008000046C] -> 0x9A93
mem[X,0x000000008000046E] -> 0x00BA
[288] [M]: 0x000000008000046C (0x00BA9A93) slli s5, s5, 0xb
x21 <- 0x0000002001FFF800

mem[X,0x0000000080000470] -> 0x8A93
mem[X,0x0000000080000472] -> 0x7FBA
[289] [M]: 0x0000000080000470 (0x7FBA8A93) addi s5, s5, 0x7fb
x21 <- 0x0000002001FFFFFB

mem[X,0x0000000080000474] -> 0x9A93
mem[X,0x0000000080000476] -> 0x00BA
[290] [M]: 0x0000000080000474 (0x00BA9A93) slli s5, s5, 0xb
x21 <- 0x0001000FFFFFD800

mem[X,0x0000000080000478] -> 0x8A93
mem[X,0x000000008000047A] -> 0x7C0A
[291] [M]: 0x0000000080000478 (0x7C0A8A93) addi s5, s5, 0x7c0
x21 <- 0x0001000FFFFFDFC0

mem[X,0x000000008000047C] -> 0x9A93
mem[X,0x000000008000047E] -> 0x00AA
[292] [M]: 0x000000008000047C (0x00AA9A93) slli s5, s5, 0xa
x21 <- 0x04003FFFFF7F0000

mem[X,0x0000000080000480] -> 0x8A93
mem[X,0x0000000080000482] -> 0x040A
[293] [M]: 0x0000000080000480 (0x040A8A93) addi s5, s5, 0x40
x21 <- 0x04003FFFFF7F0040

mem[X,0x0000000080000484] -> 0x08B7
mem[X,0x0000000080000486] -> 0x0006
[294] [M]: 0x0000000080000484 (0x000608B7) lui a7, 0x60
x17 <- 0x0000000000060000

mem[X,0x0000000080000488] -> 0x8893
mem[X,0x000000008000048A] -> 0x0208
[295] [M]: 0x0000000080000488 (0x02088893) addi a7, a7, 0x20
x17 <- 0x0000000000060020

mem[X,0x000000008000048C] -> 0x9893
mem[X,0x000000008000048E] -> 0x00B8
[296] [M]: 0x000000008000048C (0x00B89893) slli a7, a7, 0xb
x17 <- 0x0000000030010000

mem[X,0x0000000080000490] -> 0x8893
mem[X,0x0000000080000492] -> 0x0208
[297] [M]: 0x0000000080000490 (0x02088893) addi a7, a7, 0x20
x17 <- 0x0000000030010020

mem[X,0x0000000080000494] -> 0x9893
mem[X,0x0000000080000496] -> 0x00B8
[298] [M]: 0x0000000080000494 (0x00B89893) slli a7, a7, 0xb
x17 <- 0x0000018008010000

mem[X,0x0000000080000498] -> 0x8893
mem[X,0x000000008000049A] -> 0x0008
[299] [M]: 0x0000000080000498 (0x00088893) addi a7, a7, 0x0
x17 <- 0x0000018008010000

clint::tick mtime <- 0x0000000000000003
 clint timer pending at mtime 0x0000000000000003
htif::tick 0x0000000000000000
mem[X,0x000000008000049C] -> 0x9893
mem[X,0x000000008000049E] -> 0x00A8
[300] [M]: 0x000000008000049C (0x00A89893) slli a7, a7, 0xa
x17 <- 0x0006002004000000

mem[X,0x00000000800004A0] -> 0x8893
mem[X,0x00000000800004A2] -> 0x0088
[301] [M]: 0x00000000800004A0 (0x00888893) addi a7, a7, 0x8
x17 <- 0x0006002004000008

mem[X,0x00000000800004A4] -> 0xFF3B
mem[X,0x00000000800004A6] -> 0xA11A
[302] [M]: 0x00000000800004A4 (0xA11AFF3B) pmulh.h.be t5, s5, a7
x30 <- 0x0000000700000000

mem[X,0x00000000800004A8] -> 0x3823
mem[X,0x00000000800004AA] -> 0x05E1
[303] [M]: 0x00000000800004A8 (0x05E13823) sd t5, 0x50(sp)
mem[0x0000000080004168] <- 0x0000000700000000

mem[X,0x00000000800004AC] -> 0x01B7
mem[X,0x00000000800004AE] -> 0x0008
[304] [M]: 0x00000000800004AC (0x000801B7) lui gp, 0x80
x3 <- 0x0000000000080000

mem[X,0x00000000800004B0] -> 0x8193
mem[X,0x00000000800004B2] -> 0xFFD1
[305] [M]: 0x00000000800004B0 (0xFFD18193) addi gp, gp, -0x3
x3 <- 0x000000000007FFFD

mem[X,0x00000000800004B4] -> 0x9193
mem[X,0x00000000800004B6] -> 0x00B1
[306] [M]: 0x00000000800004B4 (0x00B19193) slli gp, gp, 0xb
x3 <- 0x000000003FFFE800

mem[X,0x00000000800004B8] -> 0x8193
mem[X,0x00000000800004BA] -> 0x0001
[307] [M]: 0x00000000800004B8 (0x00018193) addi gp, gp, 0x0
x3 <- 0x000000003FFFE800

mem[X,0x00000000800004BC] -> 0x9193
mem[X,0x00000000800004BE] -> 0x00B1
[308] [M]: 0x00000000800004BC (0x00B19193) slli gp, gp, 0xb
x3 <- 0x000001FFFF400000

mem[X,0x00000000800004C0] -> 0x8193
mem[X,0x00000000800004C2] -> 0x0001
[309] [M]: 0x00000000800004C0 (0x00018193) addi gp, gp, 0x0
x3 <- 0x000001FFFF400000

mem[X,0x00000000800004C4] -> 0x9193
mem[X,0x00000000800004C6] -> 0x00A1
[310] [M]: 0x00000000800004C4 (0x00A19193) slli gp, gp, 0xa
x3 <- 0x0007FFFD00000000

mem[X,0x00000000800004C8] -> 0x8193
mem[X,0x00000000800004CA] -> 0x0801
[311] [M]: 0x00000000800004C8 (0x08018193) addi gp, gp, 0x80
x3 <- 0x0007FFFD00000080

mem[X,0x00000000800004CC] -> 0x0C37
mem[X,0x00000000800004CE] -> 0xFFFF
[312] [M]: 0x00000000800004CC (0xFFFF0C37) lui s8, -0x10
x24 <- 0xFFFFFFFFFFFF0000

mem[X,0x00000000800004D0] -> 0x0C13
mem[X,0x00000000800004D2] -> 0x003C
[313] [M]: 0x00000000800004D0 (0x003C0C13) addi s8, s8, 0x3
x24 <- 0xFFFFFFFFFFFF0003

mem[X,0x00000000800004D4] -> 0x1C13
mem[X,0x00000000800004D6] -> 0x00BC
[314] [M]: 0x00000000800004D4 (0x00BC1C13) slli s8, s8, 0xb
x24 <- 0xFFFFFFFFF8001800

mem[X,0x00000000800004D8] -> 0x0C13
mem[X,0x00000000800004DA] -> 0x010C
[315] [M]: 0x00000000800004D8 (0x010C0C13) addi s8, s8, 0x10
x24 <- 0xFFFFFFFFF8001810

mem[X,0x00000000800004DC] -> 0x1C13
mem[X,0x00000000800004DE] -> 0x00BC
[316] [M]: 0x00000000800004DC (0x00BC1C13) slli s8, s8, 0xb
x24 <- 0xFFFFFFC000C08000

mem[X,0x00000000800004E0] -> 0x0C13
mem[X,0x00000000800004E2] -> 0x000C
[317] [M]: 0x00000000800004E0 (0x000C0C13) addi s8, s8, 0x0
x24 <- 0xFFFFFFC000C08000

mem[X,0x00000000800004E4] -> 0x1C13
mem[X,0x00000000800004E6] -> 0x00AC
[318] [M]: 0x00000000800004E4 (0x00AC1C13) slli s8, s8, 0xa
x24 <- 0xFFFF000302000000

mem[X,0x00000000800004E8] -> 0x0C13
mem[X,0x00000000800004EA] -> 0x005C
[319] [M]: 0x00000000800004E8 (0x005C0C13) addi s8, s8, 0x5
x24 <- 0xFFFF000302000005

mem[X,0x00000000800004EC] -> 0xF73B
mem[X,0x00000000800004EE] -> 0xA181
[320] [M]: 0x00000000800004EC (0xA181F73B) pmulh.h.be a4, gp, s8
x14 <- 0xFFFFFFFF00000000

mem[X,0x00000000800004F0] -> 0x3C23
mem[X,0x00000000800004F2] -> 0x04E1
[321] [M]: 0x00000000800004F0 (0x04E13C23) sd a4, 0x58(sp)
mem[0x0000000080004170] <- 0xFFFFFFFF00000000

mem[X,0x00000000800004F4] -> 0x0F37
mem[X,0x00000000800004F6] -> 0xFFF9
[322] [M]: 0x00000000800004F4 (0xFFF90F37) lui t5, -0x70
x30 <- 0xFFFFFFFFFFF90000

mem[X,0x00000000800004F8] -> 0x0F13
mem[X,0x00000000800004FA] -> 0x000F
[323] [M]: 0x00000000800004F8 (0x000F0F13) addi t5, t5, 0x0
x30 <- 0xFFFFFFFFFFF90000

mem[X,0x00000000800004FC] -> 0x1F13
mem[X,0x00000000800004FE] -> 0x00BF
[324] [M]: 0x00000000800004FC (0x00BF1F13) slli t5, t5, 0xb
x30 <- 0xFFFFFFFFC8000000

mem[X,0x0000000080000500] -> 0x0F13
mem[X,0x0000000080000502] -> 0x7FFF
[325] [M]: 0x0000000080000500 (0x7FFF0F13) addi t5, t5, 0x7ff
x30 <- 0xFFFFFFFFC80007FF

mem[X,0x0000000080000504] -> 0x1F13
mem[X,0x0000000080000506] -> 0x00BF
[326] [M]: 0x0000000080000504 (0x00BF1F13) slli t5, t5, 0xb
x30 <- 0xFFFFFE40003FF800

mem[X,0x0000000080000508] -> 0x0F13
mem[X,0x000000008000050A] -> 0x600F
[327] [M]: 0x0000000080000508 (0x600F0F13) addi t5, t5, 0x600
x30 <- 0xFFFFFE40003FFE00

mem[X,0x000000008000050C] -> 0x1F13
mem[X,0x000000008000050E] -> 0x00AF
[328] [M]: 0x000000008000050C (0x00AF1F13) slli t5, t5, 0xa
x30 <- 0xFFF90000FFF80000

mem[X,0x0000000080000510] -> 0x0F13
mem[X,0x0000000080000512] -> 0x100F
[329] [M]: 0x0000000080000510 (0x100F0F13) addi t5, t5, 0x100
x30 <- 0xFFF90000FFF80100

mem[X,0x0000000080000514] -> 0x0337
mem[X,0x0000000080000516] -> 0xFFFC
[330] [M]: 0x0000000080000514 (0xFFFC0337) lui t1, -0x40
x6 <- 0xFFFFFFFFFFFC0000

mem[X,0x0000000080000518] -> 0x0313
mem[X,0x000000008000051A] -> 0x0053
[331] [M]: 0x0000000080000518 (0x00530313) addi t1, t1, 0x5
x6 <- 0xFFFFFFFFFFFC0005

mem[X,0x000000008000051C] -> 0x1313
mem[X,0x000000008000051E] -> 0x00B3
[332] [M]: 0x000000008000051C (0x00B31313) slli t1, t1, 0xb
x6 <- 0xFFFFFFFFE0002800

mem[X,0x0000000080000520] -> 0x0313
mem[X,0x0000000080000522] -> 0x7FF3
[333] [M]: 0x0000000080000520 (0x7FF30313) addi t1, t1, 0x7ff
x6 <- 0xFFFFFFFFE0002FFF

mem[X,0x0000000080000524] -> 0x1313
mem[X,0x0000000080000526] -> 0x00B3
[334] [M]: 0x0000000080000524 (0x00B31313) slli t1, t1, 0xb
x6 <- 0xFFFFFF00017FF800

mem[X,0x0000000080000528] -> 0x0313
mem[X,0x000000008000052A] -> 0x3FE3
[335] [M]: 0x0000000080000528 (0x3FE30313) addi t1, t1, 0x3fe
x6 <- 0xFFFFFF00017FFBFE

mem[X,0x000000008000052C] -> 0x1313
mem[X,0x000000008000052E] -> 0x00A3
[336] [M]: 0x000000008000052C (0x00A31313) slli t1, t1, 0xa
x6 <- 0xFFFC0005FFEFF800

mem[X,0x0000000080000530] -> 0x0313
mem[X,0x0000000080000532] -> 0x3FF3
[337] [M]: 0x0000000080000530 (0x3FF30313) addi t1, t1, 0x3ff
x6 <- 0xFFFC0005FFEFFBFF

mem[X,0x0000000080000534] -> 0x793B
mem[X,0x0000000080000536] -> 0xA06F
[338] [M]: 0x0000000080000534 (0xA06F793B) pmulh.h.be s2, t5, t1
x18 <- 0x000000000000FFFF

mem[X,0x0000000080000538] -> 0x3023
mem[X,0x000000008000053A] -> 0x0721
[339] [M]: 0x0000000080000538 (0x07213023) sd s2, 0x60(sp)
mem[0x0000000080004178] <- 0x000000000000FFFF

mem[X,0x000000008000053C] -> 0x0DB7
mem[X,0x000000008000053E] -> 0x0080
[340] [M]: 0x000000008000053C (0x00800DB7) lui s11, 0x800
x27 <- 0x0000000000800000

mem[X,0x0000000080000540] -> 0x8D93
mem[X,0x0000000080000542] -> 0x301D
[341] [M]: 0x0000000080000540 (0x301D8D93) addi s11, s11, 0x301
x27 <- 0x0000000000800301

mem[X,0x0000000080000544] -> 0x9D93
mem[X,0x0000000080000546] -> 0x009D
[342] [M]: 0x0000000080000544 (0x009D9D93) slli s11, s11, 0x9
x27 <- 0x0000000100060200

mem[X,0x0000000080000548] -> 0x0D37
mem[X,0x000000008000054A] -> 0xC000
[343] [M]: 0x0000000080000548 (0xC0000D37) lui s10, -0x40000
x26 <- 0xFFFFFFFFC0000000

mem[X,0x000000008000054C] -> 0x0D13
mem[X,0x000000008000054E] -> 0xFFBD
[344] [M]: 0x000000008000054C (0xFFBD0D13) addi s10, s10, -0x5
x26 <- 0xFFFFFFFFBFFFFFFB

mem[X,0x0000000080000550] -> 0x1D13
mem[X,0x0000000080000552] -> 0x00BD
[345] [M]: 0x0000000080000550 (0x00BD1D13) slli s10, s10, 0xb
x26 <- 0xFFFFFDFFFFFFD800

mem[X,0x0000000080000554] -> 0x0D13
mem[X,0x0000000080000556] -> 0x080D
[346] [M]: 0x0000000080000554 (0x080D0D13) addi s10, s10, 0x80
x26 <- 0xFFFFFDFFFFFFD880

mem[X,0x0000000080000558] -> 0x1D13
mem[X,0x000000008000055A] -> 0x00BD
[347] [M]: 0x0000000080000558 (0x00BD1D13) slli s10, s10, 0xb
x26 <- 0xFFEFFFFFFEC40000

mem[X,0x000000008000055C] -> 0x0D13
mem[X,0x000000008000055E] -> 0x000D
[348] [M]: 0x000000008000055C (0x000D0D13) addi s10, s10, 0x0
x26 <- 0xFFEFFFFFFEC40000

mem[X,0x0000000080000560] -> 0x1D13
mem[X,0x0000000080000562] -> 0x00AD
[349] [M]: 0x0000000080000560 (0x00AD1D13) slli s10, s10, 0xa
x26 <- 0xBFFFFFFB10000000

mem[X,0x0000000080000564] -> 0x0D13
mem[X,0x0000000080000566] -> 0x008D
[350] [M]: 0x0000000080000564 (0x008D0D13) addi s10, s10, 0x8
x26 <- 0xBFFFFFFB10000008

mem[X,0x0000000080000568] -> 0xFC3B
mem[X,0x000000008000056A] -> 0xA1AD
[351] [M]: 0x0000000080000568 (0xA1ADFC3B) pmulh.h.be s8, s11, s10
x24 <- 0x0000FFFF00000000

mem[X,0x000000008000056C] -> 0x3423
mem[X,0x000000008000056E] -> 0x0781
[352] [M]: 0x000000008000056C (0x07813423) sd s8, 0x68(sp)
mem[0x0000000080004180] <- 0x0000FFFF00000000

mem[X,0x0000000080000570] -> 0x0013
mem[X,0x0000000080000572] -> 0x0000
[353] [M]: 0x0000000080000570 (0x00000013) addi zero, zero, 0x0

mem[X,0x0000000080000574] -> 0x0013
mem[X,0x0000000080000576] -> 0x0000
[354] [M]: 0x0000000080000574 (0x00000013) addi zero, zero, 0x0

mem[X,0x0000000080000578] -> 0x0013
mem[X,0x000000008000057A] -> 0x0000
[355] [M]: 0x0000000080000578 (0x00000013) addi zero, zero, 0x0

mem[X,0x000000008000057C] -> 0x0013
mem[X,0x000000008000057E] -> 0x0000
[356] [M]: 0x000000008000057C (0x00000013) addi zero, zero, 0x0

mem[X,0x0000000080000580] -> 0x4497
mem[X,0x0000000080000582] -> 0x0000
[357] [M]: 0x0000000080000580 (0x00004497) auipc s1, 0x4
x9 <- 0x0000000080004580

mem[X,0x0000000080000584] -> 0x8493
mem[X,0x0000000080000586] -> 0xC084
[358] [M]: 0x0000000080000584 (0xC0848493) addi s1, s1, -0x3f8
x9 <- 0x0000000080004188

mem[X,0x0000000080000588] -> 0x0013
mem[X,0x000000008000058A] -> 0x0000
[359] [M]: 0x0000000080000588 (0x00000013) addi zero, zero, 0x0

mem[X,0x000000008000058C] -> 0x0013
mem[X,0x000000008000058E] -> 0x0000
[360] [M]: 0x000000008000058C (0x00000013) addi zero, zero, 0x0

mem[X,0x0000000080000590] -> 0x0013
mem[X,0x0000000080000592] -> 0x0000
[361] [M]: 0x0000000080000590 (0x00000013) addi zero, zero, 0x0

mem[X,0x0000000080000594] -> 0x0013
mem[X,0x0000000080000596] -> 0x0000
[362] [M]: 0x0000000080000594 (0x00000013) addi zero, zero, 0x0

mem[X,0x0000000080000598] -> 0x0013
mem[X,0x000000008000059A] -> 0x0000
[363] [M]: 0x0000000080000598 (0x00000013) addi zero, zero, 0x0

mem[X,0x000000008000059C] -> 0x0013
mem[X,0x000000008000059E] -> 0x0000
[364] [M]: 0x000000008000059C (0x00000013) addi zero, zero, 0x0

mem[X,0x00000000800005A0] -> 0x40B7
mem[X,0x00000000800005A2] -> 0xFDFF
[365] [M]: 0x00000000800005A0 (0xFDFF40B7) lui ra, -0x200c
x1 <- 0xFFFFFFFFFDFF4000

mem[X,0x00000000800005A4] -> 0x8093
mem[X,0x00000000800005A6] -> 0xFFF0
[366] [M]: 0x00000000800005A4 (0xFFF08093) addi ra, ra, -0x1
x1 <- 0xFFFFFFFFFDFF3FFF

mem[X,0x00000000800005A8] -> 0x9093
mem[X,0x00000000800005AA] -> 0x00B0
[367] [M]: 0x00000000800005A8 (0x00B09093) slli ra, ra, 0xb
x1 <- 0xFFFFFFEFF9FFF800

mem[X,0x00000000800005AC] -> 0x8093
mem[X,0x00000000800005AE] -> 0x1000
[368] [M]: 0x00000000800005AC (0x10008093) addi ra, ra, 0x100
x1 <- 0xFFFFFFEFF9FFF900

mem[X,0x00000000800005B0] -> 0x9093
mem[X,0x00000000800005B2] -> 0x00B0
[369] [M]: 0x00000000800005B0 (0x00B09093) slli ra, ra, 0xb
x1 <- 0xFFFF7FCFFFC80000

mem[X,0x00000000800005B4] -> 0x8093
mem[X,0x00000000800005B6] -> 0x0010
[370] [M]: 0x00000000800005B4 (0x00108093) addi ra, ra, 0x1
x1 <- 0xFFFF7FCFFFC80001

mem[X,0x00000000800005B8] -> 0x9093
mem[X,0x00000000800005BA] -> 0x00A0
[371] [M]: 0x00000000800005B8 (0x00A09093) slli ra, ra, 0xa
x1 <- 0xFDFF3FFF20000400

mem[X,0x00000000800005BC] -> 0x0137
mem[X,0x00000000800005BE] -> 0x0021
[372] [M]: 0x00000000800005BC (0x00210137) lui sp, 0x210
x2 <- 0x0000000000210000

mem[X,0x00000000800005C0] -> 0x0113
mem[X,0x00000000800005C2] -> 0xFEF1
[373] [M]: 0x00000000800005C0 (0xFEF10113) addi sp, sp, -0x11
x2 <- 0x000000000020FFEF

mem[X,0x00000000800005C4] -> 0x1113
mem[X,0x00000000800005C6] -> 0x00B1
[374] [M]: 0x00000000800005C4 (0x00B11113) slli sp, sp, 0xb
x2 <- 0x0000000107FF7800

mem[X,0x00000000800005C8] -> 0x0113
mem[X,0x00000000800005CA] -> 0x1001
[375] [M]: 0x00000000800005C8 (0x10010113) addi sp, sp, 0x100
x2 <- 0x0000000107FF7900

mem[X,0x00000000800005CC] -> 0x1113
mem[X,0x00000000800005CE] -> 0x00B1
[376] [M]: 0x00000000800005CC (0x00B11113) slli sp, sp, 0xb
x2 <- 0x0000083FFBC80000

mem[X,0x00000000800005D0] -> 0x0113
mem[X,0x00000000800005D2] -> 0x0001
[377] [M]: 0x00000000800005D0 (0x00010113) addi sp, sp, 0x0
x2 <- 0x0000083FFBC80000

mem[X,0x00000000800005D4] -> 0x1113
mem[X,0x00000000800005D6] -> 0x00A1
[378] [M]: 0x00000000800005D4 (0x00A11113) slli sp, sp, 0xa
x2 <- 0x0020FFEF20000000

mem[X,0x00000000800005D8] -> 0x0113
mem[X,0x00000000800005DA] -> 0x0401
[379] [M]: 0x00000000800005D8 (0x04010113) addi sp, sp, 0x40
x2 <- 0x0020FFEF20000040

mem[X,0x00000000800005DC] -> 0xF6BB
mem[X,0x00000000800005DE] -> 0xA020
[380] [M]: 0x00000000800005DC (0xA020F6BB) pmulh.h.be a3, ra, sp
x13 <- 0xFFFFFFFB00000001

mem[X,0x00000000800005E0] -> 0xB023
mem[X,0x00000000800005E2] -> 0x00D4
[381] [M]: 0x00000000800005E0 (0x00D4B023) sd a3, 0x0(s1)
mem[0x0000000080004188] <- 0xFFFFFFFB00000001

mem[X,0x00000000800005E4] -> 0x0C37
mem[X,0x00000000800005E6] -> 0x0003
[382] [M]: 0x00000000800005E4 (0x00030C37) lui s8, 0x30
x24 <- 0x0000000000030000

mem[X,0x00000000800005E8] -> 0x0C13
mem[X,0x00000000800005EA] -> 0xFFFC
[383] [M]: 0x00000000800005E8 (0xFFFC0C13) addi s8, s8, -0x1
x24 <- 0x000000000002FFFF

mem[X,0x00000000800005EC] -> 0x1C13
mem[X,0x00000000800005EE] -> 0x00BC
[384] [M]: 0x00000000800005EC (0x00BC1C13) slli s8, s8, 0xb
x24 <- 0x0000000017FFF800

mem[X,0x00000000800005F0] -> 0x0C13
mem[X,0x00000000800005F2] -> 0x2AAC
[385] [M]: 0x00000000800005F0 (0x2AAC0C13) addi s8, s8, 0x2aa
x24 <- 0x0000000017FFFAAA

mem[X,0x00000000800005F4] -> 0x1C13
mem[X,0x00000000800005F6] -> 0x00BC
[386] [M]: 0x00000000800005F4 (0x00BC1C13) slli s8, s8, 0xb
x24 <- 0x000000BFFFD55000

mem[X,0x00000000800005F8] -> 0x0C13
mem[X,0x00000000800005FA] -> 0x542C
[387] [M]: 0x00000000800005F8 (0x542C0C13) addi s8, s8, 0x542
x24 <- 0x000000BFFFD55542

mem[X,0x00000000800005FC] -> 0x1C13
mem[X,0x00000000800005FE] -> 0x00AC
[388] [M]: 0x00000000800005FC (0x00AC1C13) slli s8, s8, 0xa
x24 <- 0x0002FFFF55550800

mem[X,0x0000000080000600] -> 0x0237
mem[X,0x0000000080000602] -> 0x0200
[389] [M]: 0x0000000080000600 (0x02000237) lui tp, 0x2000
x4 <- 0x0000000002000000

mem[X,0x0000000080000604] -> 0x0213
mem[X,0x0000000080000606] -> 0x0402
[390] [M]: 0x0000000080000604 (0x04020213) addi tp, tp, 0x40
x4 <- 0x0000000002000040

mem[X,0x0000000080000608] -> 0x1213
mem[X,0x000000008000060A] -> 0x00B2
[391] [M]: 0x0000000080000608 (0x00B21213) slli tp, tp, 0xb
x4 <- 0x0000001000020000

mem[X,0x000000008000060C] -> 0x0213
mem[X,0x000000008000060E] -> 0x77F2
[392] [M]: 0x000000008000060C (0x77F20213) addi tp, tp, 0x77f
x4 <- 0x000000100002077F

mem[X,0x0000000080000610] -> 0x1213
mem[X,0x0000000080000612] -> 0x00B2
[393] [M]: 0x0000000080000610 (0x00B21213) slli tp, tp, 0xb
x4 <- 0x00008000103BF800

mem[X,0x0000000080000614] -> 0x0213
mem[X,0x0000000080000616] -> 0x7FF2
[394] [M]: 0x0000000080000614 (0x7FF20213) addi tp, tp, 0x7ff
x4 <- 0x00008000103BFFFF

mem[X,0x0000000080000618] -> 0x1213
mem[X,0x000000008000061A] -> 0x00A2
[395] [M]: 0x0000000080000618 (0x00A21213) slli tp, tp, 0xa
x4 <- 0x02000040EFFFFC00

mem[X,0x000000008000061C] -> 0x0213
mem[X,0x000000008000061E] -> 0x3FC2
[396] [M]: 0x000000008000061C (0x3FC20213) addi tp, tp, 0x3fc
x4 <- 0x02000040EFFFFFFC

mem[X,0x0000000080000620] -> 0x78BB
mem[X,0x0000000080000622] -> 0xA04C
[397] [M]: 0x0000000080000620 (0xA04C78BB) pmulh.h.be a7, s8, tp
x17 <- 0x0000FFFFFFFFFFFF

mem[X,0x0000000080000624] -> 0xB423
mem[X,0x0000000080000626] -> 0x0114
[398] [M]: 0x0000000080000624 (0x0114B423) sd a7, 0x8(s1)
mem[0x0000000080004190] <- 0x0000FFFFFFFFFFFF

mem[X,0x0000000080000628] -> 0x02B7
mem[X,0x000000008000062A] -> 0x0009
[399] [M]: 0x0000000080000628 (0x000902B7) lui t0, 0x90
x5 <- 0x0000000000090000

clint::tick mtime <- 0x0000000000000004
 clint timer pending at mtime 0x0000000000000004
htif::tick 0x0000000000000000
mem[X,0x000000008000062C] -> 0x8293
mem[X,0x000000008000062E] -> 0x0402
[400] [M]: 0x000000008000062C (0x04028293) addi t0, t0, 0x40
x5 <- 0x0000000000090040

mem[X,0x0000000080000630] -> 0x9293
mem[X,0x0000000080000632] -> 0x00B2
[401] [M]: 0x0000000080000630 (0x00B29293) slli t0, t0, 0xb
x5 <- 0x0000000048020000

mem[X,0x0000000080000634] -> 0x8293
mem[X,0x0000000080000636] -> 0x0102
[402] [M]: 0x0000000080000634 (0x01028293) addi t0, t0, 0x10
x5 <- 0x0000000048020010

mem[X,0x0000000080000638] -> 0x9293
mem[X,0x000000008000063A] -> 0x00B2
[403] [M]: 0x0000000080000638 (0x00B29293) slli t0, t0, 0xb
x5 <- 0x0000024010008000

mem[X,0x000000008000063C] -> 0x8293
mem[X,0x000000008000063E] -> 0x0042
[404] [M]: 0x000000008000063C (0x00428293) addi t0, t0, 0x4
x5 <- 0x0000024010008004

mem[X,0x0000000080000640] -> 0x9293
mem[X,0x0000000080000642] -> 0x00A2
[405] [M]: 0x0000000080000640 (0x00A29293) slli t0, t0, 0xa
x5 <- 0x0009004002001000

mem[X,0x0000000080000644] -> 0x05B7
mem[X,0x0000000080000646] -> 0x0201
[406] [M]: 0x0000000080000644 (0x020105B7) lui a1, 0x2010
x11 <- 0x0000000002010000

mem[X,0x0000000080000648] -> 0x8593
mem[X,0x000000008000064A] -> 0xFFC5
[407] [M]: 0x0000000080000648 (0xFFC58593) addi a1, a1, -0x4
x11 <- 0x000000000200FFFC

mem[X,0x000000008000064C] -> 0x9593
mem[X,0x000000008000064E] -> 0x00B5
[408] [M]: 0x000000008000064C (0x00B59593) slli a1, a1, 0xb
x11 <- 0x0000001007FFE000

mem[X,0x0000000080000650] -> 0x8593
mem[X,0x0000000080000652] -> 0x0005
[409] [M]: 0x0000000080000650 (0x00058593) addi a1, a1, 0x0
x11 <- 0x0000001007FFE000

mem[X,0x0000000080000654] -> 0x9593
mem[X,0x0000000080000656] -> 0x00B5
[410] [M]: 0x0000000080000654 (0x00B59593) slli a1, a1, 0xb
x11 <- 0x0000803FFF000000

mem[X,0x0000000080000658] -> 0x8593
mem[X,0x000000008000065A] -> 0x1BF5
[411] [M]: 0x0000000080000658 (0x1BF58593) addi a1, a1, 0x1bf
x11 <- 0x0000803FFF0001BF

mem[X,0x000000008000065C] -> 0x9593
mem[X,0x000000008000065E] -> 0x00A5
[412] [M]: 0x000000008000065C (0x00A59593) slli a1, a1, 0xa
x11 <- 0x0200FFFC0006FC00

mem[X,0x0000000080000660] -> 0x8593
mem[X,0x0000000080000662] -> 0x3F65
[413] [M]: 0x0000000080000660 (0x3F658593) addi a1, a1, 0x3f6
x11 <- 0x0200FFFC0006FFF6

mem[X,0x0000000080000664] -> 0xFDBB
mem[X,0x0000000080000666] -> 0xA0B2
[414] [M]: 0x0000000080000664 (0xA0B2FDBB) pmulh.h.be s11, t0, a1
x27 <- 0x0000FFFF0000FFFF

mem[X,0x0000000080000668] -> 0xB823
mem[X,0x000000008000066A] -> 0x01B4
[415] [M]: 0x0000000080000668 (0x01B4B823) sd s11, 0x10(s1)
mem[0x0000000080004198] <- 0x0000FFFF0000FFFF

mem[X,0x000000008000066C] -> 0x0D37
mem[X,0x000000008000066E] -> 0xFF80
[416] [M]: 0x000000008000066C (0xFF800D37) lui s10, -0x800
x26 <- 0xFFFFFFFFFF800000

mem[X,0x0000000080000670] -> 0x0D13
mem[X,0x0000000080000672] -> 0xFF8D
[417] [M]: 0x0000000080000670 (0xFF8D0D13) addi s10, s10, -0x8
x26 <- 0xFFFFFFFFFF7FFFF8

mem[X,0x0000000080000674] -> 0x1D13
mem[X,0x0000000080000676] -> 0x00BD
[418] [M]: 0x0000000080000674 (0x00BD1D13) slli s10, s10, 0xb
x26 <- 0xFFFFFFFBFFFFC000

mem[X,0x0000000080000678] -> 0x0D13
mem[X,0x000000008000067A] -> 0x000D
[419] [M]: 0x0000000080000678 (0x000D0D13) addi s10, s10, 0x0
x26 <- 0xFFFFFFFBFFFFC000

mem[X,0x000000008000067C] -> 0x1D13
mem[X,0x000000008000067E] -> 0x00BD
[420] [M]: 0x000000008000067C (0x00BD1D13) slli s10, s10, 0xb
x26 <- 0xFFFFDFFFFE000000

mem[X,0x0000000080000680] -> 0x0D13
mem[X,0x0000000080000682] -> 0x148D
[421] [M]: 0x0000000080000680 (0x148D0D13) addi s10, s10, 0x148
x26 <- 0xFFFFDFFFFE000148

mem[X,0x0000000080000684] -> 0x1D13
mem[X,0x0000000080000686] -> 0x00AD
[422] [M]: 0x0000000080000684 (0x00AD1D13) slli s10, s10, 0xa
x26 <- 0xFF7FFFF800052000

mem[X,0x0000000080000688] -> 0x4E37
mem[X,0x000000008000068A] -> 0xFFF6
[423] [M]: 0x0000000080000688 (0xFFF64E37) lui t3, -0x9c
x28 <- 0xFFFFFFFFFFF64000

mem[X,0x000000008000068C] -> 0x0E13
mem[X,0x000000008000068E] -> 0x000E
[424] [M]: 0x000000008000068C (0x000E0E13) addi t3, t3, 0x0
x28 <- 0xFFFFFFFFFFF64000

mem[X,0x0000000080000690] -> 0x1E13
mem[X,0x0000000080000692] -> 0x00BE
[425] [M]: 0x0000000080000690 (0x00BE1E13) slli t3, t3, 0xb
x28 <- 0xFFFFFFFFB2000000

mem[X,0x0000000080000694] -> 0x0E13
mem[X,0x0000000080000696] -> 0x004E
[426] [M]: 0x0000000080000694 (0x004E0E13) addi t3, t3, 0x4
x28 <- 0xFFFFFFFFB2000004

mem[X,0x0000000080000698] -> 0x1E13
mem[X,0x000000008000069A] -> 0x00BE
[427] [M]: 0x0000000080000698 (0x00BE1E13) slli t3, t3, 0xb
x28 <- 0xFFFFFD9000002000

mem[X,0x000000008000069C] -> 0x0E13
mem[X,0x000000008000069E] -> 0x000E
[428] [M]: 0x000000008000069C (0x000E0E13) addi t3, t3, 0x0
x28 <- 0xFFFFFD9000002000

mem[X,0x00000000800006A0] -> 0x1E13
mem[X,0x00000000800006A2] -> 0x00AE
[429] [M]: 0x00000000800006A0 (0x00AE1E13) slli t3, t3, 0xa
x28 <- 0xFFF6400000800000

mem[X,0x00000000800006A4] -> 0x0E13
mem[X,0x00000000800006A6] -> 0x008E
[430] [M]: 0x00000000800006A4 (0x008E0E13) addi t3, t3, 0x8
x28 <- 0xFFF6400000800008

mem[X,0x00000000800006A8] -> 0x7B3B
mem[X,0x00000000800006AA] -> 0xA1CD
[431] [M]: 0x00000000800006A8 (0xA1CD7B3B) pmulh.h.be s6, s10, t3
x22 <- 0x00000000FFFF0001

mem[X,0x00000000800006AC] -> 0xBC23
mem[X,0x00000000800006AE] -> 0x0164
[432] [M]: 0x00000000800006AC (0x0164BC23) sd s6, 0x18(s1)
mem[0x00000000800041A0] <- 0x00000000FFFF0001

mem[X,0x00000000800006B0] -> 0x06B7
mem[X,0x00000000800006B2] -> 0x0021
[433] [M]: 0x00000000800006B0 (0x002106B7) lui a3, 0x210
x13 <- 0x0000000000210000

mem[X,0x00000000800006B4] -> 0x8693
mem[X,0x00000000800006B6] -> 0xEFF6
[434] [M]: 0x00000000800006B4 (0xEFF68693) addi a3, a3, -0x101
x13 <- 0x000000000020FEFF

mem[X,0x00000000800006B8] -> 0x9693
mem[X,0x00000000800006BA] -> 0x00B6
[435] [M]: 0x00000000800006B8 (0x00B69693) slli a3, a3, 0xb
x13 <- 0x0000000107F7F800

mem[X,0x00000000800006BC] -> 0x8693
mem[X,0x00000000800006BE] -> 0x7FF6
[436] [M]: 0x00000000800006BC (0x7FF68693) addi a3, a3, 0x7ff
x13 <- 0x0000000107F7FFFF

mem[X,0x00000000800006C0] -> 0x9693
mem[X,0x00000000800006C2] -> 0x00B6
[437] [M]: 0x00000000800006C0 (0x00B69693) slli a3, a3, 0xb
x13 <- 0x0000083FBFFFF800

mem[X,0x00000000800006C4] -> 0x8693
mem[X,0x00000000800006C6] -> 0x7906
[438] [M]: 0x00000000800006C4 (0x79068693) addi a3, a3, 0x790
x13 <- 0x0000083FBFFFFF90

mem[X,0x00000000800006C8] -> 0x9693
mem[X,0x00000000800006CA] -> 0x00A6
[439] [M]: 0x00000000800006C8 (0x00A69693) slli a3, a3, 0xa
x13 <- 0x0020FEFFFFFE4000

mem[X,0x00000000800006CC] -> 0x0937
mem[X,0x00000000800006CE] -> 0x0041
[440] [M]: 0x00000000800006CC (0x00410937) lui s2, 0x410
x18 <- 0x0000000000410000

mem[X,0x00000000800006D0] -> 0x0913
mem[X,0x00000000800006D2] -> 0xFBF9
[441] [M]: 0x00000000800006D0 (0xFBF90913) addi s2, s2, -0x41
x18 <- 0x000000000040FFBF

mem[X,0x00000000800006D4] -> 0x1913
mem[X,0x00000000800006D6] -> 0x00B9
[442] [M]: 0x00000000800006D4 (0x00B91913) slli s2, s2, 0xb
x18 <- 0x0000000207FDF800

mem[X,0x00000000800006D8] -> 0x0913
mem[X,0x00000000800006DA] -> 0x7FF9
[443] [M]: 0x00000000800006D8 (0x7FF90913) addi s2, s2, 0x7ff
x18 <- 0x0000000207FDFFFF

mem[X,0x00000000800006DC] -> 0x1913
mem[X,0x00000000800006DE] -> 0x00B9
[444] [M]: 0x00000000800006DC (0x00B91913) slli s2, s2, 0xb
x18 <- 0x0000103FEFFFF800

mem[X,0x00000000800006E0] -> 0x0913
mem[X,0x00000000800006E2] -> 0x72A9
[445] [M]: 0x00000000800006E0 (0x72A90913) addi s2, s2, 0x72a
x18 <- 0x0000103FEFFFFF2A

mem[X,0x00000000800006E4] -> 0x1913
mem[X,0x00000000800006E6] -> 0x00A9
[446] [M]: 0x00000000800006E4 (0x00A91913) slli s2, s2, 0xa
x18 <- 0x0040FFBFFFFCA800

mem[X,0x00000000800006E8] -> 0x0913
mem[X,0x00000000800006EA] -> 0x2AA9
[447] [M]: 0x00000000800006E8 (0x2AA90913) addi s2, s2, 0x2aa
x18 <- 0x0040FFBFFFFCAAAA

mem[X,0x00000000800006EC] -> 0xF1BB
mem[X,0x00000000800006EE] -> 0xA126
[448] [M]: 0x00000000800006EC (0xA126F1BB) pmulh.h.be gp, a3, s2
x3 <- 0x000000000000FFEA

mem[X,0x00000000800006F0] -> 0xB023
mem[X,0x00000000800006F2] -> 0x0234
[449] [M]: 0x00000000800006F0 (0x0234B023) sd gp, 0x20(s1)
mem[0x00000000800041A8] <- 0x000000000000FFEA

mem[X,0x00000000800006F4] -> 0x0437
mem[X,0x00000000800006F6] -> 0xF800
[450] [M]: 0x00000000800006F4 (0xF8000437) lui fp, -0x8000
x8 <- 0xFFFFFFFFF8000000

mem[X,0x00000000800006F8] -> 0x0413
mem[X,0x00000000800006FA] -> 0xFDF4
[451] [M]: 0x00000000800006F8 (0xFDF40413) addi fp, fp, -0x21
x8 <- 0xFFFFFFFFF7FFFFDF

mem[X,0x00000000800006FC] -> 0x1413
mem[X,0x00000000800006FE] -> 0x00B4
[452] [M]: 0x00000000800006FC (0x00B41413) slli fp, fp, 0xb
x8 <- 0xFFFFFFBFFFFEF800

mem[X,0x0000000080000700] -> 0x0413
mem[X,0x0000000080000702] -> 0x0204
[453] [M]: 0x0000000080000700 (0x02040413) addi fp, fp, 0x20
x8 <- 0xFFFFFFBFFFFEF820

mem[X,0x0000000080000704] -> 0x1413
mem[X,0x0000000080000706] -> 0x00B4
[454] [M]: 0x0000000080000704 (0x00B41413) slli fp, fp, 0xb
x8 <- 0xFFFDFFFFF7C10000

mem[X,0x0000000080000708] -> 0x0413
mem[X,0x000000008000070A] -> 0x03F4
[455] [M]: 0x0000000080000708 (0x03F40413) addi fp, fp, 0x3f
x8 <- 0xFFFDFFFFF7C1003F

mem[X,0x000000008000070C] -> 0x1413
mem[X,0x000000008000070E] -> 0x00A4
[456] [M]: 0x000000008000070C (0x00A41413) slli fp, fp, 0xa
x8 <- 0xF7FFFFDF0400FC00

mem[X,0x0000000080000710] -> 0x0413
mem[X,0x0000000080000712] -> 0x3FE4
[457] [M]: 0x0000000080000710 (0x3FE40413) addi fp, fp, 0x3fe
x8 <- 0xF7FFFFDF0400FFFE

mem[X,0x0000000080000714] -> 0x00B7
mem[X,0x0000000080000716] -> 0x0041
[458] [M]: 0x0000000080000714 (0x004100B7) lui ra, 0x410
x1 <- 0x0000000000410000

mem[X,0x0000000080000718] -> 0x8093
mem[X,0x000000008000071A] -> 0xFBF0
[459] [M]: 0x0000000080000718 (0xFBF08093) addi ra, ra, -0x41
x1 <- 0x000000000040FFBF

mem[X,0x000000008000071C] -> 0x9093
mem[X,0x000000008000071E] -> 0x00B0
[460] [M]: 0x000000008000071C (0x00B09093) slli ra, ra, 0xb
x1 <- 0x0000000207FDF800

mem[X,0x0000000080000720] -> 0x8093
mem[X,0x0000000080000722] -> 0x7FF0
[461] [M]: 0x0000000080000720 (0x7FF08093) addi ra, ra, 0x7ff
x1 <- 0x0000000207FDFFFF

mem[X,0x0000000080000724] -> 0x9093
mem[X,0x0000000080000726] -> 0x00B0
[462] [M]: 0x0000000080000724 (0x00B09093) slli ra, ra, 0xb
x1 <- 0x0000103FEFFFF800

mem[X,0x0000000080000728] -> 0x8093
mem[X,0x000000008000072A] -> 0x7FF0
[463] [M]: 0x0000000080000728 (0x7FF08093) addi ra, ra, 0x7ff
x1 <- 0x0000103FEFFFFFFF

mem[X,0x000000008000072C] -> 0x9093
mem[X,0x000000008000072E] -> 0x00A0
[464] [M]: 0x000000008000072C (0x00A09093) slli ra, ra, 0xa
x1 <- 0x0040FFBFFFFFFC00

mem[X,0x0000000080000730] -> 0x8093
mem[X,0x0000000080000732] -> 0x3FF0
[465] [M]: 0x0000000080000730 (0x3FF08093) addi ra, ra, 0x3ff
x1 <- 0x0040FFBFFFFFFFFF

mem[X,0x0000000080000734] -> 0x7A3B
mem[X,0x0000000080000736] -> 0xA014
[466] [M]: 0x0000000080000734 (0xA0147A3B) pmulh.h.be s4, fp, ra
x20 <- 0xFFFD0000FFFF0000

mem[X,0x0000000080000738] -> 0xB423
mem[X,0x000000008000073A] -> 0x0344
[467] [M]: 0x0000000080000738 (0x0344B423) sd s4, 0x28(s1)
mem[0x00000000800041B0] <- 0xFFFD0000FFFF0000

mem[X,0x000000008000073C] -> 0x57B7
mem[X,0x000000008000073E] -> 0xFFFC
[468] [M]: 0x000000008000073C (0xFFFC57B7) lui a5, -0x3b
x15 <- 0xFFFFFFFFFFFC5000

mem[X,0x0000000080000740] -> 0x8793
mem[X,0x0000000080000742] -> 0x5557
[469] [M]: 0x0000000080000740 (0x55578793) addi a5, a5, 0x555
x15 <- 0xFFFFFFFFFFFC5555

mem[X,0x0000000080000744] -> 0x9793
mem[X,0x0000000080000746] -> 0x00B7
[470] [M]: 0x0000000080000744 (0x00B79793) slli a5, a5, 0xb
x15 <- 0xFFFFFFFFE2AAA800

mem[X,0x0000000080000748] -> 0x8793
mem[X,0x000000008000074A] -> 0x0047
[471] [M]: 0x0000000080000748 (0x00478793) addi a5, a5, 0x4
x15 <- 0xFFFFFFFFE2AAA804

mem[X,0x000000008000074C] -> 0x9793
mem[X,0x000000008000074E] -> 0x00B7
[472] [M]: 0x000000008000074C (0x00B79793) slli a5, a5, 0xb
x15 <- 0xFFFFFF1555402000

mem[X,0x0000000080000750] -> 0x8793
mem[X,0x0000000080000752] -> 0x03F7
[473] [M]: 0x0000000080000750 (0x03F78793) addi a5, a5, 0x3f
x15 <- 0xFFFFFF155540203F

mem[X,0x0000000080000754] -> 0x9793
mem[X,0x0000000080000756] -> 0x00A7
[474] [M]: 0x0000000080000754 (0x00A79793) slli a5, a5, 0xa
x15 <- 0xFFFC55550080FC00

mem[X,0x0000000080000758] -> 0x8793
mem[X,0x000000008000075A] -> 0x3FD7
[475] [M]: 0x0000000080000758 (0x3FD78793) addi a5, a5, 0x3fd
x15 <- 0xFFFC55550080FFFD

mem[X,0x000000008000075C] -> 0x0537
mem[X,0x000000008000075E] -> 0x0081
[476] [M]: 0x000000008000075C (0x00810537) lui a0, 0x810
x10 <- 0x0000000000810000

mem[X,0x0000000080000760] -> 0x0513
mem[X,0x0000000080000762] -> 0xFFE5
[477] [M]: 0x0000000080000760 (0xFFE50513) addi a0, a0, -0x2
x10 <- 0x000000000080FFFE

mem[X,0x0000000080000764] -> 0x1513
mem[X,0x0000000080000766] -> 0x00B5
[478] [M]: 0x0000000080000764 (0x00B51513) slli a0, a0, 0xb
x10 <- 0x0000000407FFF000

mem[X,0x0000000080000768] -> 0x0513
mem[X,0x000000008000076A] -> 0x2005
[479] [M]: 0x0000000080000768 (0x20050513) addi a0, a0, 0x200
x10 <- 0x0000000407FFF200

mem[X,0x000000008000076C] -> 0x1513
mem[X,0x000000008000076E] -> 0x00B5
[480] [M]: 0x000000008000076C (0x00B51513) slli a0, a0, 0xb
x10 <- 0x0000203FFF900000

mem[X,0x0000000080000770] -> 0x0513
mem[X,0x0000000080000772] -> 0x0005
[481] [M]: 0x0000000080000770 (0x00050513) addi a0, a0, 0x0
x10 <- 0x0000203FFF900000

mem[X,0x0000000080000774] -> 0x1513
mem[X,0x0000000080000776] -> 0x00A5
[482] [M]: 0x0000000080000774 (0x00A51513) slli a0, a0, 0xa
x10 <- 0x0080FFFE40000000

mem[X,0x0000000080000778] -> 0x0513
mem[X,0x000000008000077A] -> 0x0805
[483] [M]: 0x0000000080000778 (0x08050513) addi a0, a0, 0x80
x10 <- 0x0080FFFE40000080

mem[X,0x000000008000077C] -> 0xFCBB
mem[X,0x000000008000077E] -> 0xA0A7
[484] [M]: 0x000000008000077C (0xA0A7FCBB) pmulh.h.be s9, a5, a0
x25 <- 0x0000FFFF00000000

mem[X,0x0000000080000780] -> 0xB823
mem[X,0x0000000080000782] -> 0x0394
[485] [M]: 0x0000000080000780 (0x0394B823) sd s9, 0x30(s1)
mem[0x00000000800041B8] <- 0x0000FFFF00000000

mem[X,0x0000000080000784] -> 0xC537
mem[X,0x0000000080000786] -> 0x3FFF
[486] [M]: 0x0000000080000784 (0x3FFFC537) lui a0, 0x3fffc
x10 <- 0x000000003FFFC000

mem[X,0x0000000080000788] -> 0x0513
mem[X,0x000000008000078A] -> 0x0005
[487] [M]: 0x0000000080000788 (0x00050513) addi a0, a0, 0x0
x10 <- 0x000000003FFFC000

mem[X,0x000000008000078C] -> 0x1513
mem[X,0x000000008000078E] -> 0x00B5
[488] [M]: 0x000000008000078C (0x00B51513) slli a0, a0, 0xb
x10 <- 0x000001FFFE000000

mem[X,0x0000000080000790] -> 0x0513
mem[X,0x0000000080000792] -> 0x7FF5
[489] [M]: 0x0000000080000790 (0x7FF50513) addi a0, a0, 0x7ff
x10 <- 0x000001FFFE0007FF

mem[X,0x0000000080000794] -> 0x1513
mem[X,0x0000000080000796] -> 0x00B5
[490] [M]: 0x0000000080000794 (0x00B51513) slli a0, a0, 0xb
x10 <- 0x000FFFF0003FF800

mem[X,0x0000000080000798] -> 0x0513
mem[X,0x000000008000079A] -> 0x7BF5
[491] [M]: 0x0000000080000798 (0x7BF50513) addi a0, a0, 0x7bf
x10 <- 0x000FFFF0003FFFBF

mem[X,0x000000008000079C] -> 0x1513
mem[X,0x000000008000079E] -> 0x00A5
[492] [M]: 0x000000008000079C (0x00A51513) slli a0, a0, 0xa
x10 <- 0x3FFFC000FFFEFC00

mem[X,0x00000000800007A0] -> 0x0513
mem[X,0x00000000800007A2] -> 0x3FB5
[493] [M]: 0x00000000800007A0 (0x3FB50513) addi a0, a0, 0x3fb
x10 <- 0x3FFFC000FFFEFFFB

mem[X,0x00000000800007A4] -> 0x0A37
mem[X,0x00000000800007A6] -> 0x0801
[494] [M]: 0x00000000800007A4 (0x08010A37) lui s4, 0x8010
x20 <- 0x0000000008010000

mem[X,0x00000000800007A8] -> 0x0A13
mem[X,0x00000000800007AA] -> 0xBFFA
[495] [M]: 0x00000000800007A8 (0xBFFA0A13) addi s4, s4, -0x401
x20 <- 0x000000000800FBFF

mem[X,0x00000000800007AC] -> 0x1A13
mem[X,0x00000000800007AE] -> 0x00BA
[496] [M]: 0x00000000800007AC (0x00BA1A13) slli s4, s4, 0xb
x20 <- 0x0000004007DFF800

mem[X,0x00000000800007B0] -> 0x0A13
mem[X,0x00000000800007B2] -> 0x000A
[497] [M]: 0x00000000800007B0 (0x000A0A13) addi s4, s4, 0x0
x20 <- 0x0000004007DFF800

mem[X,0x00000000800007B4] -> 0x1A13
mem[X,0x00000000800007B6] -> 0x00BA
[498] [M]: 0x00000000800007B4 (0x00BA1A13) slli s4, s4, 0xb
x20 <- 0x0002003EFFC00000

mem[X,0x00000000800007B8] -> 0x0A13
mem[X,0x00000000800007BA] -> 0x140A
[499] [M]: 0x00000000800007B8 (0x140A0A13) addi s4, s4, 0x140
x20 <- 0x0002003EFFC00140

clint::tick mtime <- 0x0000000000000005
 clint timer pending at mtime 0x0000000000000005
htif::tick 0x0000000000000000
mem[X,0x00000000800007BC] -> 0x1A13
mem[X,0x00000000800007BE] -> 0x00AA
[500] [M]: 0x00000000800007BC (0x00AA1A13) slli s4, s4, 0xa
x20 <- 0x0800FBFF00050000

mem[X,0x00000000800007C0] -> 0x0A13
mem[X,0x00000000800007C2] -> 0x008A
[501] [M]: 0x00000000800007C0 (0x008A0A13) addi s4, s4, 0x8
x20 <- 0x0800FBFF00050008

mem[X,0x00000000800007C4] -> 0x713B
mem[X,0x00000000800007C6] -> 0xA145
[502] [M]: 0x00000000800007C4 (0xA145713B) pmulh.h.be sp, a0, s4
x2 <- 0x00000000FFFFFFFF

mem[X,0x00000000800007C8] -> 0xBC23
mem[X,0x00000000800007CA] -> 0x0224
[503] [M]: 0x00000000800007C8 (0x0224BC23) sd sp, 0x38(s1)
mem[0x00000000800041C0] <- 0x00000000FFFFFFFF

mem[X,0x00000000800007CC] -> 0x0B37
mem[X,0x00000000800007CE] -> 0x0009
[504] [M]: 0x00000000800007CC (0x00090B37) lui s6, 0x90
x22 <- 0x0000000000090000

mem[X,0x00000000800007D0] -> 0x0B13
mem[X,0x00000000800007D2] -> 0x004B
[505] [M]: 0x00000000800007D0 (0x004B0B13) addi s6, s6, 0x4
x22 <- 0x0000000000090004

mem[X,0x00000000800007D4] -> 0x1B13
mem[X,0x00000000800007D6] -> 0x00BB
[506] [M]: 0x00000000800007D4 (0x00BB1B13) slli s6, s6, 0xb
x22 <- 0x0000000048002000

mem[X,0x00000000800007D8] -> 0x0B13
mem[X,0x00000000800007DA] -> 0x7FFB
[507] [M]: 0x00000000800007D8 (0x7FFB0B13) addi s6, s6, 0x7ff
x22 <- 0x00000000480027FF

mem[X,0x00000000800007DC] -> 0x1B13
mem[X,0x00000000800007DE] -> 0x00BB
[508] [M]: 0x00000000800007DC (0x00BB1B13) slli s6, s6, 0xb
x22 <- 0x00000240013FF800

mem[X,0x00000000800007E0] -> 0x0B13
mem[X,0x00000000800007E2] -> 0x7FFB
[509] [M]: 0x00000000800007E0 (0x7FFB0B13) addi s6, s6, 0x7ff
x22 <- 0x00000240013FFFFF

mem[X,0x00000000800007E4] -> 0x1B13
mem[X,0x00000000800007E6] -> 0x00AB
[510] [M]: 0x00000000800007E4 (0x00AB1B13) slli s6, s6, 0xa
x22 <- 0x00090004FFFFFC00

mem[X,0x00000000800007E8] -> 0x0B13
mem[X,0x00000000800007EA] -> 0x3F7B
[511] [M]: 0x00000000800007E8 (0x3F7B0B13) addi s6, s6, 0x3f7
x22 <- 0x00090004FFFFFFF7

mem[X,0x00000000800007EC] -> 0x0FB7
mem[X,0x00000000800007EE] -> 0x0002
[512] [M]: 0x00000000800007EC (0x00020FB7) lui t6, 0x20
x31 <- 0x0000000000020000

mem[X,0x00000000800007F0] -> 0x8F93
mem[X,0x00000000800007F2] -> 0xFEFF
[513] [M]: 0x00000000800007F0 (0xFEFF8F93) addi t6, t6, -0x11
x31 <- 0x000000000001FFEF

mem[X,0x00000000800007F4] -> 0x9F93
mem[X,0x00000000800007F6] -> 0x00BF
[514] [M]: 0x00000000800007F4 (0x00BF9F93) slli t6, t6, 0xb
x31 <- 0x000000000FFF7800

mem[X,0x00000000800007F8] -> 0x8F93
mem[X,0x00000000800007FA] -> 0x080F
[515] [M]: 0x00000000800007F8 (0x080F8F93) addi t6, t6, 0x80
x31 <- 0x000000000FFF7880

mem[X,0x00000000800007FC] -> 0x9F93
mem[X,0x00000000800007FE] -> 0x00BF
[516] [M]: 0x00000000800007FC (0x00BF9F93) slli t6, t6, 0xb
x31 <- 0x0000007FFBC40000

mem[X,0x0000000080000800] -> 0x8F93
mem[X,0x0000000080000802] -> 0x000F
[517] [M]: 0x0000000080000800 (0x000F8F93) addi t6, t6, 0x0
x31 <- 0x0000007FFBC40000

mem[X,0x0000000080000804] -> 0x9F93
mem[X,0x0000000080000806] -> 0x00AF
[518] [M]: 0x0000000080000804 (0x00AF9F93) slli t6, t6, 0xa
x31 <- 0x0001FFEF10000000

mem[X,0x0000000080000808] -> 0x8F93
mem[X,0x000000008000080A] -> 0x001F
[519] [M]: 0x0000000080000808 (0x001F8F93) addi t6, t6, 0x1
x31 <- 0x0001FFEF10000001

mem[X,0x000000008000080C] -> 0x783B
mem[X,0x000000008000080E] -> 0xA1FB
[520] [M]: 0x000000008000080C (0xA1FB783B) pmulh.h.be a6, s6, t6
x16 <- 0x0000FFFF0000FFFF

mem[X,0x0000000080000810] -> 0xB023
mem[X,0x0000000080000812] -> 0x0504
[521] [M]: 0x0000000080000810 (0x0504B023) sd a6, 0x40(s1)
mem[0x00000000800041C8] <- 0x0000FFFF0000FFFF

mem[X,0x0000000080000814] -> 0x0737
mem[X,0x0000000080000816] -> 0xFF80
[522] [M]: 0x0000000080000814 (0xFF800737) lui a4, -0x800
x14 <- 0xFFFFFFFFFF800000

mem[X,0x0000000080000818] -> 0x0713
mem[X,0x000000008000081A] -> 0xDFF7
[523] [M]: 0x0000000080000818 (0xDFF70713) addi a4, a4, -0x201
x14 <- 0xFFFFFFFFFF7FFDFF

mem[X,0x000000008000081C] -> 0x1713
mem[X,0x000000008000081E] -> 0x00B7
[524] [M]: 0x000000008000081C (0x00B71713) slli a4, a4, 0xb
x14 <- 0xFFFFFFFBFFEFF800

mem[X,0x0000000080000820] -> 0x0713
mem[X,0x0000000080000822] -> 0x7FF7
[525] [M]: 0x0000000080000820 (0x7FF70713) addi a4, a4, 0x7ff
x14 <- 0xFFFFFFFBFFEFFFFF

mem[X,0x0000000080000824] -> 0x1713
mem[X,0x0000000080000826] -> 0x00B7
[526] [M]: 0x0000000080000824 (0x00B71713) slli a4, a4, 0xb
x14 <- 0xFFFFDFFF7FFFF800

mem[X,0x0000000080000828] -> 0x0713
mem[X,0x000000008000082A] -> 0x5FF7
[527] [M]: 0x0000000080000828 (0x5FF70713) addi a4, a4, 0x5ff
x14 <- 0xFFFFDFFF7FFFFDFF

mem[X,0x000000008000082C] -> 0x1713
mem[X,0x000000008000082E] -> 0x00A7
[528] [M]: 0x000000008000082C (0x00A71713) slli a4, a4, 0xa
x14 <- 0xFF7FFDFFFFF7FC00

mem[X,0x0000000080000830] -> 0x0713
mem[X,0x0000000080000832] -> 0x3EF7
[529] [M]: 0x0000000080000830 (0x3EF70713) addi a4, a4, 0x3ef
x14 <- 0xFF7FFDFFFFF7FFEF

mem[X,0x0000000080000834] -> 0x07B7
mem[X,0x0000000080000836] -> 0x0000
[530] [M]: 0x0000000080000834 (0x000007B7) lui a5, 0x0
x15 <- 0x0000000000000000

mem[X,0x0000000080000838] -> 0x8793
mem[X,0x000000008000083A] -> 0xDFF7
[531] [M]: 0x0000000080000838 (0xDFF78793) addi a5, a5, -0x201
x15 <- 0xFFFFFFFFFFFFFDFF

mem[X,0x000000008000083C] -> 0x9793
mem[X,0x000000008000083E] -> 0x00B7
[532] [M]: 0x000000008000083C (0x00B79793) slli a5, a5, 0xb
x15 <- 0xFFFFFFFFFFEFF800

mem[X,0x0000000080000840] -> 0x8793
mem[X,0x0000000080000842] -> 0x0007
[533] [M]: 0x0000000080000840 (0x00078793) addi a5, a5, 0x0
x15 <- 0xFFFFFFFFFFEFF800

mem[X,0x0000000080000844] -> 0x9793
mem[X,0x0000000080000846] -> 0x00B7
[534] [M]: 0x0000000080000844 (0x00B79793) slli a5, a5, 0xb
x15 <- 0xFFFFFFFF7FC00000

mem[X,0x0000000080000848] -> 0x8793
mem[X,0x000000008000084A] -> 0x13F7
[535] [M]: 0x0000000080000848 (0x13F78793) addi a5, a5, 0x13f
x15 <- 0xFFFFFFFF7FC0013F

mem[X,0x000000008000084C] -> 0x9793
mem[X,0x000000008000084E] -> 0x00A7
[536] [M]: 0x000000008000084C (0x00A79793) slli a5, a5, 0xa
x15 <- 0xFFFFFDFF0004FC00

mem[X,0x0000000080000850] -> 0x8793
mem[X,0x0000000080000852] -> 0x2FF7
[537] [M]: 0x0000000080000850 (0x2FF78793) addi a5, a5, 0x2ff
x15 <- 0xFFFFFDFF0004FEFF

mem[X,0x0000000080000854] -> 0x743B
mem[X,0x0000000080000856] -> 0xA0F7
[538] [M]: 0x0000000080000854 (0xA0F7743B) pmulh.h.be fp, a4, a5
x8 <- 0x00000000FFFF0000

mem[X,0x0000000080000858] -> 0xB423
mem[X,0x000000008000085A] -> 0x0484
[539] [M]: 0x0000000080000858 (0x0484B423) sd fp, 0x48(s1)
mem[0x00000000800041D0] <- 0x00000000FFFF0000

mem[X,0x000000008000085C] -> 0x0937
mem[X,0x000000008000085E] -> 0xFFFF
[540] [M]: 0x000000008000085C (0xFFFF0937) lui s2, -0x10
x18 <- 0xFFFFFFFFFFFF0000

mem[X,0x0000000080000860] -> 0x0913
mem[X,0x0000000080000862] -> 0x0059
[541] [M]: 0x0000000080000860 (0x00590913) addi s2, s2, 0x5
x18 <- 0xFFFFFFFFFFFF0005

mem[X,0x0000000080000864] -> 0x1913
mem[X,0x0000000080000866] -> 0x00B9
[542] [M]: 0x0000000080000864 (0x00B91913) slli s2, s2, 0xb
x18 <- 0xFFFFFFFFF8002800

mem[X,0x0000000080000868] -> 0x0913
mem[X,0x000000008000086A] -> 0x7FF9
[543] [M]: 0x0000000080000868 (0x7FF90913) addi s2, s2, 0x7ff
x18 <- 0xFFFFFFFFF8002FFF

mem[X,0x000000008000086C] -> 0x1913
mem[X,0x000000008000086E] -> 0x00B9
[544] [M]: 0x000000008000086C (0x00B91913) slli s2, s2, 0xb
x18 <- 0xFFFFFFC0017FF800

mem[X,0x0000000080000870] -> 0x0913
mem[X,0x0000000080000872] -> 0x73F9
[545] [M]: 0x0000000080000870 (0x73F90913) addi s2, s2, 0x73f
x18 <- 0xFFFFFFC0017FFF3F

mem[X,0x0000000080000874] -> 0x1913
mem[X,0x0000000080000876] -> 0x00A9
[546] [M]: 0x0000000080000874 (0x00A91913) slli s2, s2, 0xa
x18 <- 0xFFFF0005FFFCFC00

mem[X,0x0000000080000878] -> 0x0913
mem[X,0x000000008000087A] -> 0x3DF9
[547] [M]: 0x0000000080000878 (0x3DF90913) addi s2, s2, 0x3df
x18 <- 0xFFFF0005FFFCFFDF

mem[X,0x000000008000087C] -> 0x5437
mem[X,0x000000008000087E] -> 0xFFF9
[548] [M]: 0x000000008000087C (0xFFF95437) lui fp, -0x6b
x8 <- 0xFFFFFFFFFFF95000

mem[X,0x0000000080000880] -> 0x0413
mem[X,0x0000000080000882] -> 0x5554
[549] [M]: 0x0000000080000880 (0x55540413) addi fp, fp, 0x555
x8 <- 0xFFFFFFFFFFF95555

mem[X,0x0000000080000884] -> 0x1413
mem[X,0x0000000080000886] -> 0x00B4
[550] [M]: 0x0000000080000884 (0x00B41413) slli fp, fp, 0xb
x8 <- 0xFFFFFFFFCAAAA800

mem[X,0x0000000080000888] -> 0x0413
mem[X,0x000000008000088A] -> 0x3FF4
[551] [M]: 0x0000000080000888 (0x3FF40413) addi fp, fp, 0x3ff
x8 <- 0xFFFFFFFFCAAAABFF

mem[X,0x000000008000088C] -> 0x1413
mem[X,0x000000008000088E] -> 0x00B4
[552] [M]: 0x000000008000088C (0x00B41413) slli fp, fp, 0xb
x8 <- 0xFFFFFE55555FF800

mem[X,0x0000000080000890] -> 0x0413
mem[X,0x0000000080000892] -> 0x7C24
[553] [M]: 0x0000000080000890 (0x7C240413) addi fp, fp, 0x7c2
x8 <- 0xFFFFFE55555FFFC2

mem[X,0x0000000080000894] -> 0x1413
mem[X,0x0000000080000896] -> 0x00A4
[554] [M]: 0x0000000080000894 (0x00A41413) slli fp, fp, 0xa
x8 <- 0xFFF955557FFF0800

mem[X,0x0000000080000898] -> 0x73BB
mem[X,0x000000008000089A] -> 0xA089
[555] [M]: 0x0000000080000898 (0xA08973BB) pmulh.h.be t2, s2, fp
x7 <- 0x0000000000000000

mem[X,0x000000008000089C] -> 0xB823
mem[X,0x000000008000089E] -> 0x0474
[556] [M]: 0x000000008000089C (0x0474B823) sd t2, 0x50(s1)
mem[0x00000000800041D8] <- 0x0000000000000000

mem[X,0x00000000800008A0] -> 0x0BB7
mem[X,0x00000000800008A2] -> 0x000A
[557] [M]: 0x00000000800008A0 (0x000A0BB7) lui s7, 0xa0
x23 <- 0x00000000000A0000

mem[X,0x00000000800008A4] -> 0x8B93
mem[X,0x00000000800008A6] -> 0xFFFB
[558] [M]: 0x00000000800008A4 (0xFFFB8B93) addi s7, s7, -0x1
x23 <- 0x000000000009FFFF

mem[X,0x00000000800008A8] -> 0x9B93
mem[X,0x00000000800008AA] -> 0x00BB
[559] [M]: 0x00000000800008A8 (0x00BB9B93) slli s7, s7, 0xb
x23 <- 0x000000004FFFF800

mem[X,0x00000000800008AC] -> 0x8B93
mem[X,0x00000000800008AE] -> 0x000B
[560] [M]: 0x00000000800008AC (0x000B8B93) addi s7, s7, 0x0
x23 <- 0x000000004FFFF800

mem[X,0x00000000800008B0] -> 0x9B93
mem[X,0x00000000800008B2] -> 0x00BB
[561] [M]: 0x00000000800008B0 (0x00BB9B93) slli s7, s7, 0xb
x23 <- 0x0000027FFFC00000

mem[X,0x00000000800008B4] -> 0x8B93
mem[X,0x00000000800008B6] -> 0x23FB
[562] [M]: 0x00000000800008B4 (0x23FB8B93) addi s7, s7, 0x23f
x23 <- 0x0000027FFFC0023F

mem[X,0x00000000800008B8] -> 0x9B93
mem[X,0x00000000800008BA] -> 0x00AB
[563] [M]: 0x00000000800008B8 (0x00AB9B93) slli s7, s7, 0xa
x23 <- 0x0009FFFF0008FC00

mem[X,0x00000000800008BC] -> 0x8B93
mem[X,0x00000000800008BE] -> 0x3BFB
[564] [M]: 0x00000000800008BC (0x3BFB8B93) addi s7, s7, 0x3bf
x23 <- 0x0009FFFF0008FFBF

mem[X,0x00000000800008C0] -> 0x0837
mem[X,0x00000000800008C2] -> 0xC001
[565] [M]: 0x00000000800008C0 (0xC0010837) lui a6, -0x3fff0
x16 <- 0xFFFFFFFFC0010000

mem[X,0x00000000800008C4] -> 0x0813
mem[X,0x00000000800008C6] -> 0xFF68
[566] [M]: 0x00000000800008C4 (0xFF680813) addi a6, a6, -0xa
x16 <- 0xFFFFFFFFC000FFF6

mem[X,0x00000000800008C8] -> 0x1813
mem[X,0x00000000800008CA] -> 0x00B8
[567] [M]: 0x00000000800008C8 (0x00B81813) slli a6, a6, 0xb
x16 <- 0xFFFFFE0007FFB000

mem[X,0x00000000800008CC] -> 0x0813
mem[X,0x00000000800008CE] -> 0x7FF8
[568] [M]: 0x00000000800008CC (0x7FF80813) addi a6, a6, 0x7ff
x16 <- 0xFFFFFE0007FFB7FF

mem[X,0x00000000800008D0] -> 0x1813
mem[X,0x00000000800008D2] -> 0x00B8
[569] [M]: 0x00000000800008D0 (0x00B81813) slli a6, a6, 0xb
x16 <- 0xFFF0003FFDBFF800

mem[X,0x00000000800008D4] -> 0x0813
mem[X,0x00000000800008D6] -> 0x5FF8
[570] [M]: 0x00000000800008D4 (0x5FF80813) addi a6, a6, 0x5ff
x16 <- 0xFFF0003FFDBFFDFF

mem[X,0x00000000800008D8] -> 0x1813
mem[X,0x00000000800008DA] -> 0x00A8
[571] [M]: 0x00000000800008D8 (0x00A81813) slli a6, a6, 0xa
x16 <- 0xC000FFF6FFF7FC00

mem[X,0x00000000800008DC] -> 0x0813
mem[X,0x00000000800008DE] -> 0x1FF8
[572] [M]: 0x00000000800008DC (0x1FF80813) addi a6, a6, 0x1ff
x16 <- 0xC000FFF6FFF7FDFF

mem[X,0x00000000800008E0] -> 0xF5BB
mem[X,0x00000000800008E2] -> 0xA10B
[573] [M]: 0x00000000800008E0 (0xA10BF5BB) pmulh.h.be a1, s7, a6
x11 <- 0x00000000FFFF0000

mem[X,0x00000000800008E4] -> 0xBC23
mem[X,0x00000000800008E6] -> 0x04B4
[574] [M]: 0x00000000800008E4 (0x04B4BC23) sd a1, 0x58(s1)
mem[0x00000000800041E0] <- 0x00000000FFFF0000

mem[X,0x00000000800008E8] -> 0x1337
mem[X,0x00000000800008EA] -> 0xFEFF
[575] [M]: 0x00000000800008E8 (0xFEFF1337) lui t1, -0x100f
x6 <- 0xFFFFFFFFFEFF1000

mem[X,0x00000000800008EC] -> 0x0313
mem[X,0x00000000800008EE] -> 0x0003
[576] [M]: 0x00000000800008EC (0x00030313) addi t1, t1, 0x0
x6 <- 0xFFFFFFFFFEFF1000

mem[X,0x00000000800008F0] -> 0x1313
mem[X,0x00000000800008F2] -> 0x00B3
[577] [M]: 0x00000000800008F0 (0x00B31313) slli t1, t1, 0xb
x6 <- 0xFFFFFFF7F8800000

mem[X,0x00000000800008F4] -> 0x0313
mem[X,0x00000000800008F6] -> 0x0803
[578] [M]: 0x00000000800008F4 (0x08030313) addi t1, t1, 0x80
x6 <- 0xFFFFFFF7F8800080

mem[X,0x00000000800008F8] -> 0x1313
mem[X,0x00000000800008FA] -> 0x00B3
[579] [M]: 0x00000000800008F8 (0x00B31313) slli t1, t1, 0xb
x6 <- 0xFFFFBFC400040000

mem[X,0x00000000800008FC] -> 0x0313
mem[X,0x00000000800008FE] -> 0x03F3
[580] [M]: 0x00000000800008FC (0x03F30313) addi t1, t1, 0x3f
x6 <- 0xFFFFBFC40004003F

mem[X,0x0000000080000900] -> 0x1313
mem[X,0x0000000080000902] -> 0x00A3
[581] [M]: 0x0000000080000900 (0x00A31313) slli t1, t1, 0xa
x6 <- 0xFEFF10001000FC00

mem[X,0x0000000080000904] -> 0x0313
mem[X,0x0000000080000906] -> 0x37F3
[582] [M]: 0x0000000080000904 (0x37F30313) addi t1, t1, 0x37f
x6 <- 0xFEFF10001000FF7F

mem[X,0x0000000080000908] -> 0xEDB7
mem[X,0x000000008000090A] -> 0xDFFF
[583] [M]: 0x0000000080000908 (0xDFFFEDB7) lui s11, -0x20002
x27 <- 0xFFFFFFFFDFFFE000

mem[X,0x000000008000090C] -> 0x8D93
mem[X,0x000000008000090E] -> 0xFFFD
[584] [M]: 0x000000008000090C (0xFFFD8D93) addi s11, s11, -0x1
x27 <- 0xFFFFFFFFDFFFDFFF

mem[X,0x0000000080000910] -> 0x9D93
mem[X,0x0000000080000912] -> 0x00BD
[585] [M]: 0x0000000080000910 (0x00BD9D93) slli s11, s11, 0xb
x27 <- 0xFFFFFEFFFEFFF800

mem[X,0x0000000080000914] -> 0x8D93
mem[X,0x0000000080000916] -> 0x7FFD
[586] [M]: 0x0000000080000914 (0x7FFD8D93) addi s11, s11, 0x7ff
x27 <- 0xFFFFFEFFFEFFFFFF

mem[X,0x0000000080000918] -> 0x9D93
mem[X,0x000000008000091A] -> 0x00BD
[587] [M]: 0x0000000080000918 (0x00BD9D93) slli s11, s11, 0xb
x27 <- 0xFFF7FFF7FFFFF800

mem[X,0x000000008000091C] -> 0x8D93
mem[X,0x000000008000091E] -> 0x63FD
[588] [M]: 0x000000008000091C (0x63FD8D93) addi s11, s11, 0x63f
x27 <- 0xFFF7FFF7FFFFFE3F

mem[X,0x0000000080000920] -> 0x9D93
mem[X,0x0000000080000922] -> 0x00AD
[589] [M]: 0x0000000080000920 (0x00AD9D93) slli s11, s11, 0xa
x27 <- 0xDFFFDFFFFFF8FC00

mem[X,0x0000000080000924] -> 0x8D93
mem[X,0x0000000080000926] -> 0x2FFD
[590] [M]: 0x0000000080000924 (0x2FFD8D93) addi s11, s11, 0x2ff
x27 <- 0xDFFFDFFFFFF8FEFF

mem[X,0x0000000080000928] -> 0x7ABB
mem[X,0x000000008000092A] -> 0xA1B3
[591] [M]: 0x0000000080000928 (0xA1B37ABB) pmulh.h.be s5, t1, s11
x21 <- 0x0000FFFFFFFF0000

mem[X,0x000000008000092C] -> 0xB023
mem[X,0x000000008000092E] -> 0x0754
[592] [M]: 0x000000008000092C (0x0754B023) sd s5, 0x60(s1)
mem[0x00000000800041E8] <- 0x0000FFFFFFFF0000

mem[X,0x0000000080000930] -> 0x0013
mem[X,0x0000000080000932] -> 0x0000
[593] [M]: 0x0000000080000930 (0x00000013) addi zero, zero, 0x0

mem[X,0x0000000080000934] -> 0x0013
mem[X,0x0000000080000936] -> 0x0000
[594] [M]: 0x0000000080000934 (0x00000013) addi zero, zero, 0x0

mem[X,0x0000000080000938] -> 0x0013
mem[X,0x000000008000093A] -> 0x0000
[595] [M]: 0x0000000080000938 (0x00000013) addi zero, zero, 0x0

mem[X,0x000000008000093C] -> 0x0013
mem[X,0x000000008000093E] -> 0x0000
[596] [M]: 0x000000008000093C (0x00000013) addi zero, zero, 0x0

mem[X,0x0000000080000940] -> 0x4397
mem[X,0x0000000080000942] -> 0x0000
[597] [M]: 0x0000000080000940 (0x00004397) auipc t2, 0x4
x7 <- 0x0000000080004940

mem[X,0x0000000080000944] -> 0x8393
mem[X,0x0000000080000946] -> 0x8B03
[598] [M]: 0x0000000080000944 (0x8B038393) addi t2, t2, -0x750
x7 <- 0x00000000800041F0

mem[X,0x0000000080000948] -> 0x0013
mem[X,0x000000008000094A] -> 0x0000
[599] [M]: 0x0000000080000948 (0x00000013) addi zero, zero, 0x0

clint::tick mtime <- 0x0000000000000006
 clint timer pending at mtime 0x0000000000000006
htif::tick 0x0000000000000000
mem[X,0x000000008000094C] -> 0x0013
mem[X,0x000000008000094E] -> 0x0000
[600] [M]: 0x000000008000094C (0x00000013) addi zero, zero, 0x0

mem[X,0x0000000080000950] -> 0x0013
mem[X,0x0000000080000952] -> 0x0000
[601] [M]: 0x0000000080000950 (0x00000013) addi zero, zero, 0x0

mem[X,0x0000000080000954] -> 0x0013
mem[X,0x0000000080000956] -> 0x0000
[602] [M]: 0x0000000080000954 (0x00000013) addi zero, zero, 0x0

mem[X,0x0000000080000958] -> 0x0013
mem[X,0x000000008000095A] -> 0x0000
[603] [M]: 0x0000000080000958 (0x00000013) addi zero, zero, 0x0

mem[X,0x000000008000095C] -> 0x0013
mem[X,0x000000008000095E] -> 0x0000
[604] [M]: 0x000000008000095C (0x00000013) addi zero, zero, 0x0

mem[X,0x0000000080000960] -> 0x0037
mem[X,0x0000000080000962] -> 0x0100
[605] [M]: 0x0000000080000960 (0x01000037) lui zero, 0x1000

mem[X,0x0000000080000964] -> 0x0013
mem[X,0x0000000080000966] -> 0x0080
[606] [M]: 0x0000000080000964 (0x00800013) addi zero, zero, 0x8

mem[X,0x0000000080000968] -> 0x1013
mem[X,0x000000008000096A] -> 0x00B0
[607] [M]: 0x0000000080000968 (0x00B01013) slli zero, zero, 0xb

mem[X,0x000000008000096C] -> 0x0013
mem[X,0x000000008000096E] -> 0x7FF0
[608] [M]: 0x000000008000096C (0x7FF00013) addi zero, zero, 0x7ff

mem[X,0x0000000080000970] -> 0x1013
mem[X,0x0000000080000972] -> 0x00B0
[609] [M]: 0x0000000080000970 (0x00B01013) slli zero, zero, 0xb

mem[X,0x0000000080000974] -> 0x0013
mem[X,0x0000000080000976] -> 0x6BF0
[610] [M]: 0x0000000080000974 (0x6BF00013) addi zero, zero, 0x6bf

mem[X,0x0000000080000978] -> 0x1013
mem[X,0x000000008000097A] -> 0x00A0
[611] [M]: 0x0000000080000978 (0x00A01013) slli zero, zero, 0xa

mem[X,0x000000008000097C] -> 0x0013
mem[X,0x000000008000097E] -> 0x2FF0
[612] [M]: 0x000000008000097C (0x2FF00013) addi zero, zero, 0x2ff

mem[X,0x0000000080000980] -> 0x01B7
mem[X,0x0000000080000982] -> 0xFFBF
[613] [M]: 0x0000000080000980 (0xFFBF01B7) lui gp, -0x410
x3 <- 0xFFFFFFFFFFBF0000

mem[X,0x0000000080000984] -> 0x8193
mem[X,0x0000000080000986] -> 0x0091
[614] [M]: 0x0000000080000984 (0x00918193) addi gp, gp, 0x9
x3 <- 0xFFFFFFFFFFBF0009

mem[X,0x0000000080000988] -> 0x9193
mem[X,0x000000008000098A] -> 0x00B1
[615] [M]: 0x0000000080000988 (0x00B19193) slli gp, gp, 0xb
x3 <- 0xFFFFFFFDF8004800

mem[X,0x000000008000098C] -> 0x8193
mem[X,0x000000008000098E] -> 0x0101
[616] [M]: 0x000000008000098C (0x01018193) addi gp, gp, 0x10
x3 <- 0xFFFFFFFDF8004810

mem[X,0x0000000080000990] -> 0x9193
mem[X,0x0000000080000992] -> 0x00B1
[617] [M]: 0x0000000080000990 (0x00B19193) slli gp, gp, 0xb
x3 <- 0xFFFFEFC002408000

mem[X,0x0000000080000994] -> 0x8193
mem[X,0x0000000080000996] -> 0x03E1
[618] [M]: 0x0000000080000994 (0x03E18193) addi gp, gp, 0x3e
x3 <- 0xFFFFEFC00240803E

mem[X,0x0000000080000998] -> 0x9193
mem[X,0x000000008000099A] -> 0x00A1
[619] [M]: 0x0000000080000998 (0x00A19193) slli gp, gp, 0xa
x3 <- 0xFFBF00090200F800

mem[X,0x000000008000099C] -> 0x8193
mem[X,0x000000008000099E] -> 0x3FF1
[620] [M]: 0x000000008000099C (0x3FF18193) addi gp, gp, 0x3ff
x3 <- 0xFFBF00090200FBFF

mem[X,0x00000000800009A0] -> 0x723B
mem[X,0x00000000800009A2] -> 0xA030
[621] [M]: 0x00000000800009A0 (0xA030723B) pmulh.h.be tp, zero, gp
x4 <- 0x0000000000000000

mem[X,0x00000000800009A4] -> 0xB023
mem[X,0x00000000800009A6] -> 0x0043
[622] [M]: 0x00000000800009A4 (0x0043B023) sd tp, 0x0(t2)
mem[0x00000000800041F0] <- 0x0000000000000000

mem[X,0x00000000800009A8] -> 0x4EB7
mem[X,0x00000000800009AA] -> 0xAAAA
[623] [M]: 0x00000000800009A8 (0xAAAA4EB7) lui t4, -0x5555c
x29 <- 0xFFFFFFFFAAAA4000

mem[X,0x00000000800009AC] -> 0x8E93
mem[X,0x00000000800009AE] -> 0xFFFE
[624] [M]: 0x00000000800009AC (0xFFFE8E93) addi t4, t4, -0x1
x29 <- 0xFFFFFFFFAAAA3FFF

mem[X,0x00000000800009B0] -> 0x9E93
mem[X,0x00000000800009B2] -> 0x00BE
[625] [M]: 0x00000000800009B0 (0x00BE9E93) slli t4, t4, 0xb
x29 <- 0xFFFFFD5551FFF800

mem[X,0x00000000800009B4] -> 0x8E93
mem[X,0x00000000800009B6] -> 0x7FDE
[626] [M]: 0x00000000800009B4 (0x7FDE8E93) addi t4, t4, 0x7fd
x29 <- 0xFFFFFD5551FFFFFD

mem[X,0x00000000800009B8] -> 0x9E93
mem[X,0x00000000800009BA] -> 0x00BE
[627] [M]: 0x00000000800009B8 (0x00BE9E93) slli t4, t4, 0xb
x29 <- 0xFFEAAA8FFFFFE800

mem[X,0x00000000800009BC] -> 0x8E93
mem[X,0x00000000800009BE] -> 0x7FFE
[628] [M]: 0x00000000800009BC (0x7FFE8E93) addi t4, t4, 0x7ff
x29 <- 0xFFEAAA8FFFFFEFFF

mem[X,0x00000000800009C0] -> 0x9E93
mem[X,0x00000000800009C2] -> 0x00AE
[629] [M]: 0x00000000800009C0 (0x00AE9E93) slli t4, t4, 0xa
x29 <- 0xAAAA3FFFFFBFFC00

mem[X,0x00000000800009C4] -> 0x8E93
mem[X,0x00000000800009C6] -> 0x1FFE
[630] [M]: 0x00000000800009C4 (0x1FFE8E93) addi t4, t4, 0x1ff
x29 <- 0xAAAA3FFFFFBFFDFF

mem[X,0x00000000800009C8] -> 0x0AB7
mem[X,0x00000000800009CA] -> 0x0200
[631] [M]: 0x00000000800009C8 (0x02000AB7) lui s5, 0x2000
x21 <- 0x0000000002000000

mem[X,0x00000000800009CC] -> 0x8A93
mem[X,0x00000000800009CE] -> 0x009A
[632] [M]: 0x00000000800009CC (0x009A8A93) addi s5, s5, 0x9
x21 <- 0x0000000002000009

mem[X,0x00000000800009D0] -> 0x9A93
mem[X,0x00000000800009D2] -> 0x00BA
[633] [M]: 0x00000000800009D0 (0x00BA9A93) slli s5, s5, 0xb
x21 <- 0x0000001000004800

mem[X,0x00000000800009D4] -> 0x8A93
mem[X,0x00000000800009D6] -> 0x7FEA
[634] [M]: 0x00000000800009D4 (0x7FEA8A93) addi s5, s5, 0x7fe
x21 <- 0x0000001000004FFE

mem[X,0x00000000800009D8] -> 0x9A93
mem[X,0x00000000800009DA] -> 0x00BA
[635] [M]: 0x00000000800009D8 (0x00BA9A93) slli s5, s5, 0xb
x21 <- 0x00008000027FF000

mem[X,0x00000000800009DC] -> 0x8A93
mem[X,0x00000000800009DE] -> 0x7C0A
[636] [M]: 0x00000000800009DC (0x7C0A8A93) addi s5, s5, 0x7c0
x21 <- 0x00008000027FF7C0

mem[X,0x00000000800009E0] -> 0x9A93
mem[X,0x00000000800009E2] -> 0x00AA
[637] [M]: 0x00000000800009E0 (0x00AA9A93) slli s5, s5, 0xa
x21 <- 0x02000009FFDF0000

mem[X,0x00000000800009E4] -> 0x8A93
mem[X,0x00000000800009E6] -> 0x200A
[638] [M]: 0x00000000800009E4 (0x200A8A93) addi s5, s5, 0x200
x21 <- 0x02000009FFDF0200

mem[X,0x00000000800009E8] -> 0xFD3B
mem[X,0x00000000800009EA] -> 0xA15E
[639] [M]: 0x00000000800009E8 (0xA15EFD3B) pmulh.h.be s10, t4, s5
x26 <- 0x0000000200000000

mem[X,0x00000000800009EC] -> 0xB423
mem[X,0x00000000800009EE] -> 0x01A3
[640] [M]: 0x00000000800009EC (0x01A3B423) sd s10, 0x8(t2)
mem[0x00000000800041F8] <- 0x0000000200000000

mem[X,0x00000000800009F0] -> 0x04B7
mem[X,0x00000000800009F2] -> 0x0000
[641] [M]: 0x00000000800009F0 (0x000004B7) lui s1, 0x0
x9 <- 0x0000000000000000

mem[X,0x00000000800009F4] -> 0x8493
mem[X,0x00000000800009F6] -> 0xFFF4
[642] [M]: 0x00000000800009F4 (0xFFF48493) addi s1, s1, -0x1
x9 <- 0xFFFFFFFFFFFFFFFF

mem[X,0x00000000800009F8] -> 0x9493
mem[X,0x00000000800009FA] -> 0x00B4
[643] [M]: 0x00000000800009F8 (0x00B49493) slli s1, s1, 0xb
x9 <- 0xFFFFFFFFFFFFF800

mem[X,0x00000000800009FC] -> 0x8493
mem[X,0x00000000800009FE] -> 0x0004
[644] [M]: 0x00000000800009FC (0x00048493) addi s1, s1, 0x0
x9 <- 0xFFFFFFFFFFFFF800

mem[X,0x0000000080000A00] -> 0x9493
mem[X,0x0000000080000A02] -> 0x00B4
[645] [M]: 0x0000000080000A00 (0x00B49493) slli s1, s1, 0xb
x9 <- 0xFFFFFFFFFFC00000

mem[X,0x0000000080000A04] -> 0x8493
mem[X,0x0000000080000A06] -> 0x13E4
[646] [M]: 0x0000000080000A04 (0x13E48493) addi s1, s1, 0x13e
x9 <- 0xFFFFFFFFFFC0013E

mem[X,0x0000000080000A08] -> 0x9493
mem[X,0x0000000080000A0A] -> 0x00A4
[647] [M]: 0x0000000080000A08 (0x00A49493) slli s1, s1, 0xa
x9 <- 0xFFFFFFFF0004F800

mem[X,0x0000000080000A0C] -> 0x8493
mem[X,0x0000000080000A0E] -> 0x3FF4
[648] [M]: 0x0000000080000A0C (0x3FF48493) addi s1, s1, 0x3ff
x9 <- 0xFFFFFFFF0004FBFF

mem[X,0x0000000080000A10] -> 0x0B37
mem[X,0x0000000080000A12] -> 0xC000
[649] [M]: 0x0000000080000A10 (0xC0000B37) lui s6, -0x40000
x22 <- 0xFFFFFFFFC0000000

mem[X,0x0000000080000A14] -> 0x0B13
mem[X,0x0000000080000A16] -> 0x001B
[650] [M]: 0x0000000080000A14 (0x001B0B13) addi s6, s6, 0x1
x22 <- 0xFFFFFFFFC0000001

mem[X,0x0000000080000A18] -> 0x1B13
mem[X,0x0000000080000A1A] -> 0x00BB
[651] [M]: 0x0000000080000A18 (0x00BB1B13) slli s6, s6, 0xb
x22 <- 0xFFFFFE0000000800

mem[X,0x0000000080000A1C] -> 0x0B13
mem[X,0x0000000080000A1E] -> 0x7FFB
[652] [M]: 0x0000000080000A1C (0x7FFB0B13) addi s6, s6, 0x7ff
x22 <- 0xFFFFFE0000000FFF

mem[X,0x0000000080000A20] -> 0x1B13
mem[X,0x0000000080000A22] -> 0x00BB
[653] [M]: 0x0000000080000A20 (0x00BB1B13) slli s6, s6, 0xb
x22 <- 0xFFF00000007FF800

mem[X,0x0000000080000A24] -> 0x0B13
mem[X,0x0000000080000A26] -> 0x680B
[654] [M]: 0x0000000080000A24 (0x680B0B13) addi s6, s6, 0x680
x22 <- 0xFFF00000007FFE80

mem[X,0x0000000080000A28] -> 0x1B13
mem[X,0x0000000080000A2A] -> 0x00AB
[655] [M]: 0x0000000080000A28 (0x00AB1B13) slli s6, s6, 0xa
x22 <- 0xC0000001FFFA0000

mem[X,0x0000000080000A2C] -> 0x0B13
mem[X,0x0000000080000A2E] -> 0x006B
[656] [M]: 0x0000000080000A2C (0x006B0B13) addi s6, s6, 0x6
x22 <- 0xC0000001FFFA0006

mem[X,0x0000000080000A30] -> 0xFFBB
mem[X,0x0000000080000A32] -> 0xA164
[657] [M]: 0x0000000080000A30 (0xA164FFBB) pmulh.h.be t6, s1, s6
x31 <- 0x0000FFFFFFFFFFFF

mem[X,0x0000000080000A34] -> 0xB823
mem[X,0x0000000080000A36] -> 0x01F3
[658] [M]: 0x0000000080000A34 (0x01F3B823) sd t6, 0x10(t2)
mem[0x0000000080004200] <- 0x0000FFFFFFFFFFFF

mem[X,0x0000000080000A38] -> 0x0A37
mem[X,0x0000000080000A3A] -> 0x0008
[659] [M]: 0x0000000080000A38 (0x00080A37) lui s4, 0x80
x20 <- 0x0000000000080000

mem[X,0x0000000080000A3C] -> 0x0A13
mem[X,0x0000000080000A3E] -> 0x020A
[660] [M]: 0x0000000080000A3C (0x020A0A13) addi s4, s4, 0x20
x20 <- 0x0000000000080020

mem[X,0x0000000080000A40] -> 0x1A13
mem[X,0x0000000080000A42] -> 0x00BA
[661] [M]: 0x0000000080000A40 (0x00BA1A13) slli s4, s4, 0xb
x20 <- 0x0000000040010000

mem[X,0x0000000080000A44] -> 0x0A13
mem[X,0x0000000080000A46] -> 0x1FFA
[662] [M]: 0x0000000080000A44 (0x1FFA0A13) addi s4, s4, 0x1ff
x20 <- 0x00000000400101FF

mem[X,0x0000000080000A48] -> 0x1A13
mem[X,0x0000000080000A4A] -> 0x00BA
[663] [M]: 0x0000000080000A48 (0x00BA1A13) slli s4, s4, 0xb
x20 <- 0x00000200080FF800

mem[X,0x0000000080000A4C] -> 0x0A13
mem[X,0x0000000080000A4E] -> 0x7FDA
[664] [M]: 0x0000000080000A4C (0x7FDA0A13) addi s4, s4, 0x7fd
x20 <- 0x00000200080FFFFD

mem[X,0x0000000080000A50] -> 0x1A13
mem[X,0x0000000080000A52] -> 0x00AA
[665] [M]: 0x0000000080000A50 (0x00AA1A13) slli s4, s4, 0xa
x20 <- 0x000800203FFFF400

mem[X,0x0000000080000A54] -> 0x0A13
mem[X,0x0000000080000A56] -> 0x3FFA
[666] [M]: 0x0000000080000A54 (0x3FFA0A13) addi s4, s4, 0x3ff
x20 <- 0x000800203FFFF7FF

mem[X,0x0000000080000A58] -> 0x09B7
mem[X,0x0000000080000A5A] -> 0x0011
[667] [M]: 0x0000000080000A58 (0x001109B7) lui s3, 0x110
x19 <- 0x0000000000110000

mem[X,0x0000000080000A5C] -> 0x8993
mem[X,0x0000000080000A5E] -> 0xFF69
[668] [M]: 0x0000000080000A5C (0xFF698993) addi s3, s3, -0xa
x19 <- 0x000000000010FFF6

mem[X,0x0000000080000A60] -> 0x9993
mem[X,0x0000000080000A62] -> 0x00B9
[669] [M]: 0x0000000080000A60 (0x00B99993) slli s3, s3, 0xb
x19 <- 0x0000000087FFB000

mem[X,0x0000000080000A64] -> 0x8993
mem[X,0x0000000080000A66] -> 0x7DF9
[670] [M]: 0x0000000080000A64 (0x7DF98993) addi s3, s3, 0x7df
x19 <- 0x0000000087FFB7DF

mem[X,0x0000000080000A68] -> 0x9993
mem[X,0x0000000080000A6A] -> 0x00B9
[671] [M]: 0x0000000080000A68 (0x00B99993) slli s3, s3, 0xb
x19 <- 0x0000043FFDBEF800

mem[X,0x0000000080000A6C] -> 0x8993
mem[X,0x0000000080000A6E] -> 0x7FB9
[672] [M]: 0x0000000080000A6C (0x7FB98993) addi s3, s3, 0x7fb
x19 <- 0x0000043FFDBEFFFB

mem[X,0x0000000080000A70] -> 0x9993
mem[X,0x0000000080000A72] -> 0x00A9
[673] [M]: 0x0000000080000A70 (0x00A99993) slli s3, s3, 0xa
x19 <- 0x0010FFF6FBFFEC00

mem[X,0x0000000080000A74] -> 0x8993
mem[X,0x0000000080000A76] -> 0x3FF9
[674] [M]: 0x0000000080000A74 (0x3FF98993) addi s3, s3, 0x3ff
x19 <- 0x0010FFF6FBFFEFFF

mem[X,0x0000000080000A78] -> 0x733B
mem[X,0x0000000080000A7A] -> 0xA13A
[675] [M]: 0x0000000080000A78 (0xA13A733B) pmulh.h.be t1, s4, s3
x6 <- 0x0000FFFFFFFF0000

mem[X,0x0000000080000A7C] -> 0xBC23
mem[X,0x0000000080000A7E] -> 0x0063
[676] [M]: 0x0000000080000A7C (0x0063BC23) sd t1, 0x18(t2)
mem[0x0000000080004208] <- 0x0000FFFFFFFF0000

mem[X,0x0000000080000A80] -> 0x0137
mem[X,0x0000000080000A82] -> 0x0009
[677] [M]: 0x0000000080000A80 (0x00090137) lui sp, 0x90
x2 <- 0x0000000000090000

mem[X,0x0000000080000A84] -> 0x0113
mem[X,0x0000000080000A86] -> 0x1001
[678] [M]: 0x0000000080000A84 (0x10010113) addi sp, sp, 0x100
x2 <- 0x0000000000090100

mem[X,0x0000000080000A88] -> 0x1113
mem[X,0x0000000080000A8A] -> 0x00B1
[679] [M]: 0x0000000080000A88 (0x00B11113) slli sp, sp, 0xb
x2 <- 0x0000000048080000

mem[X,0x0000000080000A8C] -> 0x0113
mem[X,0x0000000080000A8E] -> 0x1FF1
[680] [M]: 0x0000000080000A8C (0x1FF10113) addi sp, sp, 0x1ff
x2 <- 0x00000000480801FF

mem[X,0x0000000080000A90] -> 0x1113
mem[X,0x0000000080000A92] -> 0x00B1
[681] [M]: 0x0000000080000A90 (0x00B11113) slli sp, sp, 0xb
x2 <- 0x00000240400FF800

mem[X,0x0000000080000A94] -> 0x0113
mem[X,0x0000000080000A96] -> 0x7FB1
[682] [M]: 0x0000000080000A94 (0x7FB10113) addi sp, sp, 0x7fb
x2 <- 0x00000240400FFFFB

mem[X,0x0000000080000A98] -> 0x1113
mem[X,0x0000000080000A9A] -> 0x00A1
[683] [M]: 0x0000000080000A98 (0x00A11113) slli sp, sp, 0xa
x2 <- 0x000901003FFFEC00

mem[X,0x0000000080000A9C] -> 0x0113
mem[X,0x0000000080000A9E] -> 0x3FF1
[684] [M]: 0x0000000080000A9C (0x3FF10113) addi sp, sp, 0x3ff
x2 <- 0x000901003FFFEFFF

mem[X,0x0000000080000AA0] -> 0xFA37
mem[X,0x0000000080000AA2] -> 0x0007
[685] [M]: 0x0000000080000AA0 (0x0007FA37) lui s4, 0x7f
x20 <- 0x000000000007F000

mem[X,0x0000000080000AA4] -> 0x0A13
mem[X,0x0000000080000AA6] -> 0xFFFA
[686] [M]: 0x0000000080000AA4 (0xFFFA0A13) addi s4, s4, -0x1
x20 <- 0x000000000007EFFF

mem[X,0x0000000080000AA8] -> 0x1A13
mem[X,0x0000000080000AAA] -> 0x00BA
[687] [M]: 0x0000000080000AA8 (0x00BA1A13) slli s4, s4, 0xb
x20 <- 0x000000003F7FF800

mem[X,0x0000000080000AAC] -> 0x0A13
mem[X,0x0000000080000AAE] -> 0x000A
[688] [M]: 0x0000000080000AAC (0x000A0A13) addi s4, s4, 0x0
x20 <- 0x000000003F7FF800

mem[X,0x0000000080000AB0] -> 0x1A13
mem[X,0x0000000080000AB2] -> 0x00BA
[689] [M]: 0x0000000080000AB0 (0x00BA1A13) slli s4, s4, 0xb
x20 <- 0x000001FBFFC00000

mem[X,0x0000000080000AB4] -> 0x0A13
mem[X,0x0000000080000AB6] -> 0x080A
[690] [M]: 0x0000000080000AB4 (0x080A0A13) addi s4, s4, 0x80
x20 <- 0x000001FBFFC00080

mem[X,0x0000000080000AB8] -> 0x1A13
mem[X,0x0000000080000ABA] -> 0x00AA
[691] [M]: 0x0000000080000AB8 (0x00AA1A13) slli s4, s4, 0xa
x20 <- 0x0007EFFF00020000

mem[X,0x0000000080000ABC] -> 0x0A13
mem[X,0x0000000080000ABE] -> 0x006A
[692] [M]: 0x0000000080000ABC (0x006A0A13) addi s4, s4, 0x6
x20 <- 0x0007EFFF00020006

mem[X,0x0000000080000AC0] -> 0x7B3B
mem[X,0x0000000080000AC2] -> 0xA141
[693] [M]: 0x0000000080000AC0 (0xA1417B3B) pmulh.h.be s6, sp, s4
x22 <- 0x0000FFFF0000FFFF

mem[X,0x0000000080000AC4] -> 0xB023
mem[X,0x0000000080000AC6] -> 0x0363
[694] [M]: 0x0000000080000AC4 (0x0363B023) sd s6, 0x20(t2)
mem[0x0000000080004210] <- 0x0000FFFF0000FFFF

mem[X,0x0000000080000AC8] -> 0x8DB7
mem[X,0x0000000080000ACA] -> 0x0400
[695] [M]: 0x0000000080000AC8 (0x04008DB7) lui s11, 0x4008
x27 <- 0x0000000004008000

mem[X,0x0000000080000ACC] -> 0x8D93
mem[X,0x0000000080000ACE] -> 0x000D
[696] [M]: 0x0000000080000ACC (0x000D8D93) addi s11, s11, 0x0
x27 <- 0x0000000004008000

mem[X,0x0000000080000AD0] -> 0x9D93
mem[X,0x0000000080000AD2] -> 0x00BD
[697] [M]: 0x0000000080000AD0 (0x00BD9D93) slli s11, s11, 0xb
x27 <- 0x0000002004000000

mem[X,0x0000000080000AD4] -> 0x8D93
mem[X,0x0000000080000AD6] -> 0x555D
[698] [M]: 0x0000000080000AD4 (0x555D8D93) addi s11, s11, 0x555
x27 <- 0x0000002004000555

mem[X,0x0000000080000AD8] -> 0x9D93
mem[X,0x0000000080000ADA] -> 0x00BD
[699] [M]: 0x0000000080000AD8 (0x00BD9D93) slli s11, s11, 0xb
x27 <- 0x00010020002AA800

clint::tick mtime <- 0x0000000000000007
 clint timer pending at mtime 0x0000000000000007
htif::tick 0x0000000000000000
mem[X,0x0000000080000ADC] -> 0x8D93
mem[X,0x0000000080000ADE] -> 0x2B7D
[700] [M]: 0x0000000080000ADC (0x2B7D8D93) addi s11, s11, 0x2b7
x27 <- 0x00010020002AAAB7

mem[X,0x0000000080000AE0] -> 0x9D93
mem[X,0x0000000080000AE2] -> 0x00AD
[701] [M]: 0x0000000080000AE0 (0x00AD9D93) slli s11, s11, 0xa
x27 <- 0x04008000AAAADC00

mem[X,0x0000000080000AE4] -> 0x8D93
mem[X,0x0000000080000AE6] -> 0x3FFD
[702] [M]: 0x0000000080000AE4 (0x3FFD8D93) addi s11, s11, 0x3ff
x27 <- 0x04008000AAAADFFF

mem[X,0x0000000080000AE8] -> 0x02B7
mem[X,0x0000000080000AEA] -> 0xFFF9
[703] [M]: 0x0000000080000AE8 (0xFFF902B7) lui t0, -0x70
x5 <- 0xFFFFFFFFFFF90000

mem[X,0x0000000080000AEC] -> 0x8293
mem[X,0x0000000080000AEE] -> 0x0072
[704] [M]: 0x0000000080000AEC (0x00728293) addi t0, t0, 0x7
x5 <- 0xFFFFFFFFFFF90007

mem[X,0x0000000080000AF0] -> 0x9293
mem[X,0x0000000080000AF2] -> 0x00B2
[705] [M]: 0x0000000080000AF0 (0x00B29293) slli t0, t0, 0xb
x5 <- 0xFFFFFFFFC8003800

mem[X,0x0000000080000AF4] -> 0x8293
mem[X,0x0000000080000AF6] -> 0x6002
[706] [M]: 0x0000000080000AF4 (0x60028293) addi t0, t0, 0x600
x5 <- 0xFFFFFFFFC8003E00

mem[X,0x0000000080000AF8] -> 0x9293
mem[X,0x0000000080000AFA] -> 0x00B2
[707] [M]: 0x0000000080000AF8 (0x00B29293) slli t0, t0, 0xb
x5 <- 0xFFFFFE4001F00000

mem[X,0x0000000080000AFC] -> 0x8293
mem[X,0x0000000080000AFE] -> 0x0002
[708] [M]: 0x0000000080000AFC (0x00028293) addi t0, t0, 0x0
x5 <- 0xFFFFFE4001F00000

mem[X,0x0000000080000B00] -> 0x9293
mem[X,0x0000000080000B02] -> 0x00A2
[709] [M]: 0x0000000080000B00 (0x00A29293) slli t0, t0, 0xa
x5 <- 0xFFF90007C0000000

mem[X,0x0000000080000B04] -> 0x8293
mem[X,0x0000000080000B06] -> 0x0072
[710] [M]: 0x0000000080000B04 (0x00728293) addi t0, t0, 0x7
x5 <- 0xFFF90007C0000007

mem[X,0x0000000080000B08] -> 0xFE3B
mem[X,0x0000000080000B0A] -> 0xA05D
[711] [M]: 0x0000000080000B08 (0xA05DFE3B) pmulh.h.be t3, s11, t0
x28 <- 0xFFFFFFFC0000FFFF

mem[X,0x0000000080000B0C] -> 0xB423
mem[X,0x0000000080000B0E] -> 0x03C3
[712] [M]: 0x0000000080000B0C (0x03C3B423) sd t3, 0x28(t2)
mem[0x0000000080004218] <- 0xFFFFFFFC0000FFFF

mem[X,0x0000000080000B10] -> 0x80B7
mem[X,0x0000000080000B12] -> 0xFDFF
[713] [M]: 0x0000000080000B10 (0xFDFF80B7) lui ra, -0x2008
x1 <- 0xFFFFFFFFFDFF8000

mem[X,0x0000000080000B14] -> 0x8093
mem[X,0x0000000080000B16] -> 0xFFF0
[714] [M]: 0x0000000080000B14 (0xFFF08093) addi ra, ra, -0x1
x1 <- 0xFFFFFFFFFDFF7FFF

mem[X,0x0000000080000B18] -> 0x9093
mem[X,0x0000000080000B1A] -> 0x00B0
[715] [M]: 0x0000000080000B18 (0x00B09093) slli ra, ra, 0xb
x1 <- 0xFFFFFFEFFBFFF800

mem[X,0x0000000080000B1C] -> 0x8093
mem[X,0x0000000080000B1E] -> 0x7FB0
[716] [M]: 0x0000000080000B1C (0x7FB08093) addi ra, ra, 0x7fb
x1 <- 0xFFFFFFEFFBFFFFFB

mem[X,0x0000000080000B20] -> 0x9093
mem[X,0x0000000080000B22] -> 0x00B0
[717] [M]: 0x0000000080000B20 (0x00B09093) slli ra, ra, 0xb
x1 <- 0xFFFF7FDFFFFFD800

mem[X,0x0000000080000B24] -> 0x8093
mem[X,0x0000000080000B26] -> 0x7EF0
[718] [M]: 0x0000000080000B24 (0x7EF08093) addi ra, ra, 0x7ef
x1 <- 0xFFFF7FDFFFFFDFEF

mem[X,0x0000000080000B28] -> 0x9093
mem[X,0x0000000080000B2A] -> 0x00A0
[719] [M]: 0x0000000080000B28 (0x00A09093) slli ra, ra, 0xa
x1 <- 0xFDFF7FFFFF7FBC00

mem[X,0x0000000080000B2C] -> 0x8093
mem[X,0x0000000080000B2E] -> 0x3FF0
[720] [M]: 0x0000000080000B2C (0x3FF08093) addi ra, ra, 0x3ff
x1 <- 0xFDFF7FFFFF7FBFFF

mem[X,0x0000000080000B30] -> 0x0C37
mem[X,0x0000000080000B32] -> 0xFFFD
[721] [M]: 0x0000000080000B30 (0xFFFD0C37) lui s8, -0x30
x24 <- 0xFFFFFFFFFFFD0000

mem[X,0x0000000080000B34] -> 0x0C13
mem[X,0x0000000080000B36] -> 0xFFAC
[722] [M]: 0x0000000080000B34 (0xFFAC0C13) addi s8, s8, -0x6
x24 <- 0xFFFFFFFFFFFCFFFA

mem[X,0x0000000080000B38] -> 0x1C13
mem[X,0x0000000080000B3A] -> 0x00BC
[723] [M]: 0x0000000080000B38 (0x00BC1C13) slli s8, s8, 0xb
x24 <- 0xFFFFFFFFE7FFD000

mem[X,0x0000000080000B3C] -> 0x0C13
mem[X,0x0000000080000B3E] -> 0x000C
[724] [M]: 0x0000000080000B3C (0x000C0C13) addi s8, s8, 0x0
x24 <- 0xFFFFFFFFE7FFD000

mem[X,0x0000000080000B40] -> 0x1C13
mem[X,0x0000000080000B42] -> 0x00BC
[725] [M]: 0x0000000080000B40 (0x00BC1C13) slli s8, s8, 0xb
x24 <- 0xFFFFFF3FFE800000

mem[X,0x0000000080000B44] -> 0x0C13
mem[X,0x0000000080000B46] -> 0x040C
[726] [M]: 0x0000000080000B44 (0x040C0C13) addi s8, s8, 0x40
x24 <- 0xFFFFFF3FFE800040

mem[X,0x0000000080000B48] -> 0x1C13
mem[X,0x0000000080000B4A] -> 0x00AC
[727] [M]: 0x0000000080000B48 (0x00AC1C13) slli s8, s8, 0xa
x24 <- 0xFFFCFFFA00010000

mem[X,0x0000000080000B4C] -> 0x0C13
mem[X,0x0000000080000B4E] -> 0x003C
[728] [M]: 0x0000000080000B4C (0x003C0C13) addi s8, s8, 0x3
x24 <- 0xFFFCFFFA00010003

mem[X,0x0000000080000B50] -> 0xF2BB
mem[X,0x0000000080000B52] -> 0xA180
[729] [M]: 0x0000000080000B50 (0xA180F2BB) pmulh.h.be t0, ra, s8
x5 <- 0x0000FFFDFFFFFFFF

mem[X,0x0000000080000B54] -> 0xB823
mem[X,0x0000000080000B56] -> 0x0253
[730] [M]: 0x0000000080000B54 (0x0253B823) sd t0, 0x30(t2)
mem[0x0000000080004220] <- 0x0000FFFDFFFFFFFF

mem[X,0x0000000080000B58] -> 0x0F37
mem[X,0x0000000080000B5A] -> 0xFFFA
[731] [M]: 0x0000000080000B58 (0xFFFA0F37) lui t5, -0x60
x30 <- 0xFFFFFFFFFFFA0000

mem[X,0x0000000080000B5C] -> 0x0F13
mem[X,0x0000000080000B5E] -> 0x020F
[732] [M]: 0x0000000080000B5C (0x020F0F13) addi t5, t5, 0x20
x30 <- 0xFFFFFFFFFFFA0020

mem[X,0x0000000080000B60] -> 0x1F13
mem[X,0x0000000080000B62] -> 0x00BF
[733] [M]: 0x0000000080000B60 (0x00BF1F13) slli t5, t5, 0xb
x30 <- 0xFFFFFFFFD0010000

mem[X,0x0000000080000B64] -> 0x0F13
mem[X,0x0000000080000B66] -> 0x7FFF
[734] [M]: 0x0000000080000B64 (0x7FFF0F13) addi t5, t5, 0x7ff
x30 <- 0xFFFFFFFFD00107FF

mem[X,0x0000000080000B68] -> 0x1F13
mem[X,0x0000000080000B6A] -> 0x00BF
[735] [M]: 0x0000000080000B68 (0x00BF1F13) slli t5, t5, 0xb
x30 <- 0xFFFFFE80083FF800

mem[X,0x0000000080000B6C] -> 0x0F13
mem[X,0x0000000080000B6E] -> 0x6D5F
[736] [M]: 0x0000000080000B6C (0x6D5F0F13) addi t5, t5, 0x6d5
x30 <- 0xFFFFFE80083FFED5

mem[X,0x0000000080000B70] -> 0x1F13
mem[X,0x0000000080000B72] -> 0x00AF
[737] [M]: 0x0000000080000B70 (0x00AF1F13) slli t5, t5, 0xa
x30 <- 0xFFFA0020FFFB5400

mem[X,0x0000000080000B74] -> 0x0F13
mem[X,0x0000000080000B76] -> 0x155F
[738] [M]: 0x0000000080000B74 (0x155F0F13) addi t5, t5, 0x155
x30 <- 0xFFFA0020FFFB5555

mem[X,0x0000000080000B78] -> 0x0EB7
mem[X,0x0000000080000B7A] -> 0xFF00
[739] [M]: 0x0000000080000B78 (0xFF000EB7) lui t4, -0x1000
x29 <- 0xFFFFFFFFFF000000

mem[X,0x0000000080000B7C] -> 0x8E93
mem[X,0x0000000080000B7E] -> 0xFDFE
[740] [M]: 0x0000000080000B7C (0xFDFE8E93) addi t4, t4, -0x21
x29 <- 0xFFFFFFFFFEFFFFDF

mem[X,0x0000000080000B80] -> 0x9E93
mem[X,0x0000000080000B82] -> 0x00BE
[741] [M]: 0x0000000080000B80 (0x00BE9E93) slli t4, t4, 0xb
x29 <- 0xFFFFFFF7FFFEF800

mem[X,0x0000000080000B84] -> 0x8E93
mem[X,0x0000000080000B86] -> 0x200E
[742] [M]: 0x0000000080000B84 (0x200E8E93) addi t4, t4, 0x200
x29 <- 0xFFFFFFF7FFFEFA00

mem[X,0x0000000080000B88] -> 0x9E93
mem[X,0x0000000080000B8A] -> 0x00BE
[743] [M]: 0x0000000080000B88 (0x00BE9E93) slli t4, t4, 0xb
x29 <- 0xFFFFBFFFF7D00000

mem[X,0x0000000080000B8C] -> 0x8E93
mem[X,0x0000000080000B8E] -> 0x03FE
[744] [M]: 0x0000000080000B8C (0x03FE8E93) addi t4, t4, 0x3f
x29 <- 0xFFFFBFFFF7D0003F

mem[X,0x0000000080000B90] -> 0x9E93
mem[X,0x0000000080000B92] -> 0x00AE
[745] [M]: 0x0000000080000B90 (0x00AE9E93) slli t4, t4, 0xa
x29 <- 0xFEFFFFDF4000FC00

mem[X,0x0000000080000B94] -> 0x8E93
mem[X,0x0000000080000B96] -> 0x3BFE
[746] [M]: 0x0000000080000B94 (0x3BFE8E93) addi t4, t4, 0x3bf
x29 <- 0xFEFFFFDF4000FFBF

mem[X,0x0000000080000B98] -> 0x7FBB
mem[X,0x0000000080000B9A] -> 0xA1DF
[747] [M]: 0x0000000080000B98 (0xA1DF7FBB) pmulh.h.be t6, t5, t4
x31 <- 0x0000FFFF0000FFEA

mem[X,0x0000000080000B9C] -> 0xBC23
mem[X,0x0000000080000B9E] -> 0x03F3
[748] [M]: 0x0000000080000B9C (0x03F3BC23) sd t6, 0x38(t2)
mem[0x0000000080004228] <- 0x0000FFFF0000FFEA

mem[X,0x0000000080000BA0] -> 0x0F37
mem[X,0x0000000080000BA2] -> 0x0006
[749] [M]: 0x0000000080000BA0 (0x00060F37) lui t5, 0x60
x30 <- 0x0000000000060000

mem[X,0x0000000080000BA4] -> 0x0F13
mem[X,0x0000000080000BA6] -> 0x002F
[750] [M]: 0x0000000080000BA4 (0x002F0F13) addi t5, t5, 0x2
x30 <- 0x0000000000060002

mem[X,0x0000000080000BA8] -> 0x1F13
mem[X,0x0000000080000BAA] -> 0x00BF
[751] [M]: 0x0000000080000BA8 (0x00BF1F13) slli t5, t5, 0xb
x30 <- 0x0000000030001000

mem[X,0x0000000080000BAC] -> 0x0F13
mem[X,0x0000000080000BAE] -> 0x600F
[752] [M]: 0x0000000080000BAC (0x600F0F13) addi t5, t5, 0x600
x30 <- 0x0000000030001600

mem[X,0x0000000080000BB0] -> 0x1F13
mem[X,0x0000000080000BB2] -> 0x00BF
[753] [M]: 0x0000000080000BB0 (0x00BF1F13) slli t5, t5, 0xb
x30 <- 0x0000018000B00000

mem[X,0x0000000080000BB4] -> 0x0F13
mem[X,0x0000000080000BB6] -> 0x02AF
[754] [M]: 0x0000000080000BB4 (0x02AF0F13) addi t5, t5, 0x2a
x30 <- 0x0000018000B0002A

mem[X,0x0000000080000BB8] -> 0x1F13
mem[X,0x0000000080000BBA] -> 0x00AF
[755] [M]: 0x0000000080000BB8 (0x00AF1F13) slli t5, t5, 0xa
x30 <- 0x00060002C000A800

mem[X,0x0000000080000BBC] -> 0x0F13
mem[X,0x0000000080000BBE] -> 0x2AAF
[756] [M]: 0x0000000080000BBC (0x2AAF0F13) addi t5, t5, 0x2aa
x30 <- 0x00060002C000AAAA

mem[X,0x0000000080000BC0] -> 0x5EB7
mem[X,0x0000000080000BC2] -> 0x0007
[757] [M]: 0x0000000080000BC0 (0x00075EB7) lui t4, 0x75
x29 <- 0x0000000000075000

mem[X,0x0000000080000BC4] -> 0x8E93
mem[X,0x0000000080000BC6] -> 0x555E
[758] [M]: 0x0000000080000BC4 (0x555E8E93) addi t4, t4, 0x555
x29 <- 0x0000000000075555

mem[X,0x0000000080000BC8] -> 0x9E93
mem[X,0x0000000080000BCA] -> 0x00BE
[759] [M]: 0x0000000080000BC8 (0x00BE9E93) slli t4, t4, 0xb
x29 <- 0x000000003AAAA800

mem[X,0x0000000080000BCC] -> 0x8E93
mem[X,0x0000000080000BCE] -> 0x7FFE
[760] [M]: 0x0000000080000BCC (0x7FFE8E93) addi t4, t4, 0x7ff
x29 <- 0x000000003AAAAFFF

mem[X,0x0000000080000BD0] -> 0x9E93
mem[X,0x0000000080000BD2] -> 0x00BE
[761] [M]: 0x0000000080000BD0 (0x00BE9E93) slli t4, t4, 0xb
x29 <- 0x000001D5557FF800

mem[X,0x0000000080000BD4] -> 0x8E93
mem[X,0x0000000080000BD6] -> 0x580E
[762] [M]: 0x0000000080000BD4 (0x580E8E93) addi t4, t4, 0x580
x29 <- 0x000001D5557FFD80

mem[X,0x0000000080000BD8] -> 0x9E93
mem[X,0x0000000080000BDA] -> 0x00AE
[763] [M]: 0x0000000080000BD8 (0x00AE9E93) slli t4, t4, 0xa
x29 <- 0x00075555FFF60000

mem[X,0x0000000080000BDC] -> 0x8E93
mem[X,0x0000000080000BDE] -> 0x003E
[764] [M]: 0x0000000080000BDC (0x003E8E93) addi t4, t4, 0x3
x29 <- 0x00075555FFF60003

mem[X,0x0000000080000BE0] -> 0x7FBB
mem[X,0x0000000080000BE2] -> 0xA1DF
[765] [M]: 0x0000000080000BE0 (0xA1DF7FBB) pmulh.h.be t6, t5, t4
x31 <- 0x000000000002FFFE

mem[X,0x0000000080000BE4] -> 0xB023
mem[X,0x0000000080000BE6] -> 0x05F3
[766] [M]: 0x0000000080000BE4 (0x05F3B023) sd t6, 0x40(t2)
mem[0x0000000080004230] <- 0x000000000002FFFE

mem[X,0x0000000080000BE8] -> 0x0F37
mem[X,0x0000000080000BEA] -> 0xF7FF
[767] [M]: 0x0000000080000BE8 (0xF7FF0F37) lui t5, -0x8010
x30 <- 0xFFFFFFFFF7FF0000

mem[X,0x0000000080000BEC] -> 0x0F13
mem[X,0x0000000080000BEE] -> 0x200F
[768] [M]: 0x0000000080000BEC (0x200F0F13) addi t5, t5, 0x200
x30 <- 0xFFFFFFFFF7FF0200

mem[X,0x0000000080000BF0] -> 0x1F13
mem[X,0x0000000080000BF2] -> 0x00BF
[769] [M]: 0x0000000080000BF0 (0x00BF1F13) slli t5, t5, 0xb
x30 <- 0xFFFFFFBFF8100000

mem[X,0x0000000080000BF4] -> 0x0F13
mem[X,0x0000000080000BF6] -> 0x400F
[770] [M]: 0x0000000080000BF4 (0x400F0F13) addi t5, t5, 0x400
x30 <- 0xFFFFFFBFF8100400

mem[X,0x0000000080000BF8] -> 0x1F13
mem[X,0x0000000080000BFA] -> 0x00BF
[771] [M]: 0x0000000080000BF8 (0x00BF1F13) slli t5, t5, 0xb
x30 <- 0xFFFDFFC080200000

mem[X,0x0000000080000BFC] -> 0x0F13
mem[X,0x0000000080000BFE] -> 0x010F
[772] [M]: 0x0000000080000BFC (0x010F0F13) addi t5, t5, 0x10
x30 <- 0xFFFDFFC080200010

mem[X,0x0000000080000C00] -> 0x1F13
mem[X,0x0000000080000C02] -> 0x00AF
[773] [M]: 0x0000000080000C00 (0x00AF1F13) slli t5, t5, 0xa
x30 <- 0xF7FF020080004000

mem[X,0x0000000080000C04] -> 0x0EB7
mem[X,0x0000000080000C06] -> 0x0001
[774] [M]: 0x0000000080000C04 (0x00010EB7) lui t4, 0x10
x29 <- 0x0000000000010000

mem[X,0x0000000080000C08] -> 0x8E93
mem[X,0x0000000080000C0A] -> 0x020E
[775] [M]: 0x0000000080000C08 (0x020E8E93) addi t4, t4, 0x20
x29 <- 0x0000000000010020

mem[X,0x0000000080000C0C] -> 0x9E93
mem[X,0x0000000080000C0E] -> 0x00BE
[776] [M]: 0x0000000080000C0C (0x00BE9E93) slli t4, t4, 0xb
x29 <- 0x0000000008010000

mem[X,0x0000000080000C10] -> 0x8E93
mem[X,0x0000000080000C12] -> 0x7BFE
[777] [M]: 0x0000000080000C10 (0x7BFE8E93) addi t4, t4, 0x7bf
x29 <- 0x00000000080107BF

mem[X,0x0000000080000C14] -> 0x9E93
mem[X,0x0000000080000C16] -> 0x00BE
[778] [M]: 0x0000000080000C14 (0x00BE9E93) slli t4, t4, 0xb
x29 <- 0x00000040083DF800

mem[X,0x0000000080000C18] -> 0x8E93
mem[X,0x0000000080000C1A] -> 0x7D0E
[779] [M]: 0x0000000080000C18 (0x7D0E8E93) addi t4, t4, 0x7d0
x29 <- 0x00000040083DFFD0

mem[X,0x0000000080000C1C] -> 0x9E93
mem[X,0x0000000080000C1E] -> 0x00AE
[780] [M]: 0x0000000080000C1C (0x00AE9E93) slli t4, t4, 0xa
x29 <- 0x00010020F7FF4000

mem[X,0x0000000080000C20] -> 0x7FBB
mem[X,0x0000000080000C22] -> 0xA1DF
[781] [M]: 0x0000000080000C20 (0xA1DF7FBB) pmulh.h.be t6, t5, t4
x31 <- 0xFFFF000000000000

mem[X,0x0000000080000C24] -> 0xB423
mem[X,0x0000000080000C26] -> 0x05F3
[782] [M]: 0x0000000080000C24 (0x05F3B423) sd t6, 0x48(t2)
mem[0x0000000080004238] <- 0xFFFF000000000000

mem[X,0x0000000080000C28] -> 0x0F37
mem[X,0x0000000080000C2A] -> 0xFFFE
[783] [M]: 0x0000000080000C28 (0xFFFE0F37) lui t5, -0x20
x30 <- 0xFFFFFFFFFFFE0000

mem[X,0x0000000080000C2C] -> 0x0F13
mem[X,0x0000000080000C2E] -> 0xFDFF
[784] [M]: 0x0000000080000C2C (0xFDFF0F13) addi t5, t5, -0x21
x30 <- 0xFFFFFFFFFFFDFFDF

mem[X,0x0000000080000C30] -> 0x1F13
mem[X,0x0000000080000C32] -> 0x00BF
[785] [M]: 0x0000000080000C30 (0x00BF1F13) slli t5, t5, 0xb
x30 <- 0xFFFFFFFFEFFEF800

mem[X,0x0000000080000C34] -> 0x0F13
mem[X,0x0000000080000C36] -> 0x000F
[786] [M]: 0x0000000080000C34 (0x000F0F13) addi t5, t5, 0x0
x30 <- 0xFFFFFFFFEFFEF800

mem[X,0x0000000080000C38] -> 0x1F13
mem[X,0x0000000080000C3A] -> 0x00BF
[787] [M]: 0x0000000080000C38 (0x00BF1F13) slli t5, t5, 0xb
x30 <- 0xFFFFFF7FF7C00000

mem[X,0x0000000080000C3C] -> 0x0F13
mem[X,0x0000000080000C3E] -> 0x07FF
[788] [M]: 0x0000000080000C3C (0x07FF0F13) addi t5, t5, 0x7f
x30 <- 0xFFFFFF7FF7C0007F

mem[X,0x0000000080000C40] -> 0x1F13
mem[X,0x0000000080000C42] -> 0x00AF
[789] [M]: 0x0000000080000C40 (0x00AF1F13) slli t5, t5, 0xa
x30 <- 0xFFFDFFDF0001FC00

mem[X,0x0000000080000C44] -> 0x0F13
mem[X,0x0000000080000C46] -> 0x3FAF
[790] [M]: 0x0000000080000C44 (0x3FAF0F13) addi t5, t5, 0x3fa
x30 <- 0xFFFDFFDF0001FFFA

mem[X,0x0000000080000C48] -> 0x0EB7
mem[X,0x0000000080000C4A] -> 0x0004
[791] [M]: 0x0000000080000C48 (0x00040EB7) lui t4, 0x40
x29 <- 0x0000000000040000

mem[X,0x0000000080000C4C] -> 0x8E93
mem[X,0x0000000080000C4E] -> 0xFBFE
[792] [M]: 0x0000000080000C4C (0xFBFE8E93) addi t4, t4, -0x41
x29 <- 0x000000000003FFBF

mem[X,0x0000000080000C50] -> 0x9E93
mem[X,0x0000000080000C52] -> 0x00BE
[793] [M]: 0x0000000080000C50 (0x00BE9E93) slli t4, t4, 0xb
x29 <- 0x000000001FFDF800

mem[X,0x0000000080000C54] -> 0x8E93
mem[X,0x0000000080000C56] -> 0x7BFE
[794] [M]: 0x0000000080000C54 (0x7BFE8E93) addi t4, t4, 0x7bf
x29 <- 0x000000001FFDFFBF

mem[X,0x0000000080000C58] -> 0x9E93
mem[X,0x0000000080000C5A] -> 0x00BE
[795] [M]: 0x0000000080000C58 (0x00BE9E93) slli t4, t4, 0xb
x29 <- 0x000000FFEFFDF800

mem[X,0x0000000080000C5C] -> 0x8E93
mem[X,0x0000000080000C5E] -> 0x7EAE
[796] [M]: 0x0000000080000C5C (0x7EAE8E93) addi t4, t4, 0x7ea
x29 <- 0x000000FFEFFDFFEA

mem[X,0x0000000080000C60] -> 0x9E93
mem[X,0x0000000080000C62] -> 0x00AE
[797] [M]: 0x0000000080000C60 (0x00AE9E93) slli t4, t4, 0xa
x29 <- 0x0003FFBFF7FFA800

mem[X,0x0000000080000C64] -> 0x8E93
mem[X,0x0000000080000C66] -> 0x2AAE
[798] [M]: 0x0000000080000C64 (0x2AAE8E93) addi t4, t4, 0x2aa
x29 <- 0x0003FFBFF7FFAAAA

mem[X,0x0000000080000C68] -> 0x7FBB
mem[X,0x0000000080000C6A] -> 0xA1DF
[799] [M]: 0x0000000080000C68 (0xA1DF7FBB) pmulh.h.be t6, t5, t4
x31 <- 0xFFFF0000FFFF0000

clint::tick mtime <- 0x0000000000000008
 clint timer pending at mtime 0x0000000000000008
htif::tick 0x0000000000000000
mem[X,0x0000000080000C6C] -> 0xB823
mem[X,0x0000000080000C6E] -> 0x05F3
[800] [M]: 0x0000000080000C6C (0x05F3B823) sd t6, 0x50(t2)
mem[0x0000000080004240] <- 0xFFFF0000FFFF0000

mem[X,0x0000000080000C70] -> 0x0F37
mem[X,0x0000000080000C72] -> 0x0003
[801] [M]: 0x0000000080000C70 (0x00030F37) lui t5, 0x30
x30 <- 0x0000000000030000

mem[X,0x0000000080000C74] -> 0x0F13
mem[X,0x0000000080000C76] -> 0xDFFF
[802] [M]: 0x0000000080000C74 (0xDFFF0F13) addi t5, t5, -0x201
x30 <- 0x000000000002FDFF

mem[X,0x0000000080000C78] -> 0x1F13
mem[X,0x0000000080000C7A] -> 0x00BF
[803] [M]: 0x0000000080000C78 (0x00BF1F13) slli t5, t5, 0xb
x30 <- 0x0000000017EFF800

mem[X,0x0000000080000C7C] -> 0x0F13
mem[X,0x0000000080000C7E] -> 0x3FFF
[804] [M]: 0x0000000080000C7C (0x3FFF0F13) addi t5, t5, 0x3ff
x30 <- 0x0000000017EFFBFF

mem[X,0x0000000080000C80] -> 0x1F13
mem[X,0x0000000080000C82] -> 0x00BF
[805] [M]: 0x0000000080000C80 (0x00BF1F13) slli t5, t5, 0xb
x30 <- 0x000000BF7FDFF800

mem[X,0x0000000080000C84] -> 0x0F13
mem[X,0x0000000080000C86] -> 0x7C0F
[806] [M]: 0x0000000080000C84 (0x7C0F0F13) addi t5, t5, 0x7c0
x30 <- 0x000000BF7FDFFFC0

mem[X,0x0000000080000C88] -> 0x1F13
mem[X,0x0000000080000C8A] -> 0x00AF
[807] [M]: 0x0000000080000C88 (0x00AF1F13) slli t5, t5, 0xa
x30 <- 0x0002FDFF7FFF0000

mem[X,0x0000000080000C8C] -> 0x0F13
mem[X,0x0000000080000C8E] -> 0x100F
[808] [M]: 0x0000000080000C8C (0x100F0F13) addi t5, t5, 0x100
x30 <- 0x0002FDFF7FFF0100

mem[X,0x0000000080000C90] -> 0x0EB7
mem[X,0x0000000080000C92] -> 0x7FFF
[809] [M]: 0x0000000080000C90 (0x7FFF0EB7) lui t4, 0x7fff0
x29 <- 0x000000007FFF0000

mem[X,0x0000000080000C94] -> 0x8E93
mem[X,0x0000000080000C96] -> 0x010E
[810] [M]: 0x0000000080000C94 (0x010E8E93) addi t4, t4, 0x10
x29 <- 0x000000007FFF0010

mem[X,0x0000000080000C98] -> 0x9E93
mem[X,0x0000000080000C9A] -> 0x00BE
[811] [M]: 0x0000000080000C98 (0x00BE9E93) slli t4, t4, 0xb
x29 <- 0x000003FFF8008000

mem[X,0x0000000080000C9C] -> 0x8E93
mem[X,0x0000000080000C9E] -> 0x7DFE
[812] [M]: 0x0000000080000C9C (0x7DFE8E93) addi t4, t4, 0x7df
x29 <- 0x000003FFF80087DF

mem[X,0x0000000080000CA0] -> 0x9E93
mem[X,0x0000000080000CA2] -> 0x00BE
[813] [M]: 0x0000000080000CA0 (0x00BE9E93) slli t4, t4, 0xb
x29 <- 0x001FFFC0043EF800

mem[X,0x0000000080000CA4] -> 0x8E93
mem[X,0x0000000080000CA6] -> 0x7FFE
[814] [M]: 0x0000000080000CA4 (0x7FFE8E93) addi t4, t4, 0x7ff
x29 <- 0x001FFFC0043EFFFF

mem[X,0x0000000080000CA8] -> 0x9E93
mem[X,0x0000000080000CAA] -> 0x00AE
[815] [M]: 0x0000000080000CA8 (0x00AE9E93) slli t4, t4, 0xa
x29 <- 0x7FFF0010FBFFFC00

mem[X,0x0000000080000CAC] -> 0x8E93
mem[X,0x0000000080000CAE] -> 0x3FFE
[816] [M]: 0x0000000080000CAC (0x3FFE8E93) addi t4, t4, 0x3ff
x29 <- 0x7FFF0010FBFFFFFF

mem[X,0x0000000080000CB0] -> 0x7FBB
mem[X,0x0000000080000CB2] -> 0xA1DF
[817] [M]: 0x0000000080000CB0 (0xA1DF7FBB) pmulh.h.be t6, t5, t4
x31 <- 0xFFFFFFFFFFFFFFFF

mem[X,0x0000000080000CB4] -> 0xBC23
mem[X,0x0000000080000CB6] -> 0x05F3
[818] [M]: 0x0000000080000CB4 (0x05F3BC23) sd t6, 0x58(t2)
mem[0x0000000080004248] <- 0xFFFFFFFFFFFFFFFF

mem[X,0x0000000080000CB8] -> 0xCF37
mem[X,0x0000000080000CBA] -> 0xFFFE
[819] [M]: 0x0000000080000CB8 (0xFFFECF37) lui t5, -0x14
x30 <- 0xFFFFFFFFFFFEC000

mem[X,0x0000000080000CBC] -> 0x0F13
mem[X,0x0000000080000CBE] -> 0xFFFF
[820] [M]: 0x0000000080000CBC (0xFFFF0F13) addi t5, t5, -0x1
x30 <- 0xFFFFFFFFFFFEBFFF

mem[X,0x0000000080000CC0] -> 0x1F13
mem[X,0x0000000080000CC2] -> 0x00BF
[821] [M]: 0x0000000080000CC0 (0x00BF1F13) slli t5, t5, 0xb
x30 <- 0xFFFFFFFFF5FFF800

mem[X,0x0000000080000CC4] -> 0x0F13
mem[X,0x0000000080000CC6] -> 0x000F
[822] [M]: 0x0000000080000CC4 (0x000F0F13) addi t5, t5, 0x0
x30 <- 0xFFFFFFFFF5FFF800

mem[X,0x0000000080000CC8] -> 0x1F13
mem[X,0x0000000080000CCA] -> 0x00BF
[823] [M]: 0x0000000080000CC8 (0x00BF1F13) slli t5, t5, 0xb
x30 <- 0xFFFFFFAFFFC00000

mem[X,0x0000000080000CCC] -> 0x0F13
mem[X,0x0000000080000CCE] -> 0x240F
[824] [M]: 0x0000000080000CCC (0x240F0F13) addi t5, t5, 0x240
x30 <- 0xFFFFFFAFFFC00240

mem[X,0x0000000080000CD0] -> 0x1F13
mem[X,0x0000000080000CD2] -> 0x00AF
[825] [M]: 0x0000000080000CD0 (0x00AF1F13) slli t5, t5, 0xa
x30 <- 0xFFFEBFFF00090000

mem[X,0x0000000080000CD4] -> 0x0F13
mem[X,0x0000000080000CD6] -> 0x040F
[826] [M]: 0x0000000080000CD4 (0x040F0F13) addi t5, t5, 0x40
x30 <- 0xFFFEBFFF00090040

mem[X,0x0000000080000CD8] -> 0x0EB7
mem[X,0x0000000080000CDA] -> 0x0002
[827] [M]: 0x0000000080000CD8 (0x00020EB7) lui t4, 0x20
x29 <- 0x0000000000020000

mem[X,0x0000000080000CDC] -> 0x8E93
mem[X,0x0000000080000CDE] -> 0x004E
[828] [M]: 0x0000000080000CDC (0x004E8E93) addi t4, t4, 0x4
x29 <- 0x0000000000020004

mem[X,0x0000000080000CE0] -> 0x9E93
mem[X,0x0000000080000CE2] -> 0x00BE
[829] [M]: 0x0000000080000CE0 (0x00BE9E93) slli t4, t4, 0xb
x29 <- 0x0000000010002000

mem[X,0x0000000080000CE4] -> 0x8E93
mem[X,0x0000000080000CE6] -> 0x7FFE
[830] [M]: 0x0000000080000CE4 (0x7FFE8E93) addi t4, t4, 0x7ff
x29 <- 0x00000000100027FF

mem[X,0x0000000080000CE8] -> 0x9E93
mem[X,0x0000000080000CEA] -> 0x00BE
[831] [M]: 0x0000000080000CE8 (0x00BE9E93) slli t4, t4, 0xb
x29 <- 0x00000080013FF800

mem[X,0x0000000080000CEC] -> 0x8E93
mem[X,0x0000000080000CEE] -> 0x6C0E
[832] [M]: 0x0000000080000CEC (0x6C0E8E93) addi t4, t4, 0x6c0
x29 <- 0x00000080013FFEC0

mem[X,0x0000000080000CF0] -> 0x9E93
mem[X,0x0000000080000CF2] -> 0x00AE
[833] [M]: 0x0000000080000CF0 (0x00AE9E93) slli t4, t4, 0xa
x29 <- 0x00020004FFFB0000

mem[X,0x0000000080000CF4] -> 0x8E93
mem[X,0x0000000080000CF6] -> 0x002E
[834] [M]: 0x0000000080000CF4 (0x002E8E93) addi t4, t4, 0x2
x29 <- 0x00020004FFFB0002

mem[X,0x0000000080000CF8] -> 0x7FBB
mem[X,0x0000000080000CFA] -> 0xA1DF
[835] [M]: 0x0000000080000CF8 (0xA1DF7FBB) pmulh.h.be t6, t5, t4
x31 <- 0xFFFFFFFEFFFF0000

mem[X,0x0000000080000CFC] -> 0xB023
mem[X,0x0000000080000CFE] -> 0x07F3
[836] [M]: 0x0000000080000CFC (0x07F3B023) sd t6, 0x60(t2)
mem[0x0000000080004250] <- 0xFFFFFFFEFFFF0000

mem[X,0x0000000080000D00] -> 0xEF37
mem[X,0x0000000080000D02] -> 0x7FFF
[837] [M]: 0x0000000080000D00 (0x7FFFEF37) lui t5, 0x7fffe
x30 <- 0x000000007FFFE000

mem[X,0x0000000080000D04] -> 0x0F13
mem[X,0x0000000080000D06] -> 0xFFFF
[838] [M]: 0x0000000080000D04 (0xFFFF0F13) addi t5, t5, -0x1
x30 <- 0x000000007FFFDFFF

mem[X,0x0000000080000D08] -> 0x1F13
mem[X,0x0000000080000D0A] -> 0x00BF
[839] [M]: 0x0000000080000D08 (0x00BF1F13) slli t5, t5, 0xb
x30 <- 0x000003FFFEFFF800

mem[X,0x0000000080000D0C] -> 0x0F13
mem[X,0x0000000080000D0E] -> 0x5FFF
[840] [M]: 0x0000000080000D0C (0x5FFF0F13) addi t5, t5, 0x5ff
x30 <- 0x000003FFFEFFFDFF

mem[X,0x0000000080000D10] -> 0x1F13
mem[X,0x0000000080000D12] -> 0x00BF
[841] [M]: 0x0000000080000D10 (0x00BF1F13) slli t5, t5, 0xb
x30 <- 0x001FFFF7FFEFF800

mem[X,0x0000000080000D14] -> 0x0F13
mem[X,0x0000000080000D16] -> 0x7FEF
[842] [M]: 0x0000000080000D14 (0x7FEF0F13) addi t5, t5, 0x7fe
x30 <- 0x001FFFF7FFEFFFFE

mem[X,0x0000000080000D18] -> 0x1F13
mem[X,0x0000000080000D1A] -> 0x00AF
[843] [M]: 0x0000000080000D18 (0x00AF1F13) slli t5, t5, 0xa
x30 <- 0x7FFFDFFFBFFFF800

mem[X,0x0000000080000D1C] -> 0x0F13
mem[X,0x0000000080000D1E] -> 0x3FFF
[844] [M]: 0x0000000080000D1C (0x3FFF0F13) addi t5, t5, 0x3ff
x30 <- 0x7FFFDFFFBFFFFBFF

mem[X,0x0000000080000D20] -> 0x0EB7
mem[X,0x0000000080000D22] -> 0x0004
[845] [M]: 0x0000000080000D20 (0x00040EB7) lui t4, 0x40
x29 <- 0x0000000000040000

mem[X,0x0000000080000D24] -> 0x8E93
mem[X,0x0000000080000D26] -> 0x009E
[846] [M]: 0x0000000080000D24 (0x009E8E93) addi t4, t4, 0x9
x29 <- 0x0000000000040009

mem[X,0x0000000080000D28] -> 0x9E93
mem[X,0x0000000080000D2A] -> 0x00BE
[847] [M]: 0x0000000080000D28 (0x00BE9E93) slli t4, t4, 0xb
x29 <- 0x0000000020004800

mem[X,0x0000000080000D2C] -> 0x8E93
mem[X,0x0000000080000D2E] -> 0x5FFE
[848] [M]: 0x0000000080000D2C (0x5FFE8E93) addi t4, t4, 0x5ff
x29 <- 0x0000000020004DFF

mem[X,0x0000000080000D30] -> 0x9E93
mem[X,0x0000000080000D32] -> 0x00BE
[849] [M]: 0x0000000080000D30 (0x00BE9E93) slli t4, t4, 0xb
x29 <- 0x00000100026FF800

mem[X,0x0000000080000D34] -> 0x8E93
mem[X,0x0000000080000D36] -> 0x7FFE
[850] [M]: 0x0000000080000D34 (0x7FFE8E93) addi t4, t4, 0x7ff
x29 <- 0x00000100026FFFFF

mem[X,0x0000000080000D38] -> 0x9E93
mem[X,0x0000000080000D3A] -> 0x00AE
[851] [M]: 0x0000000080000D38 (0x00AE9E93) slli t4, t4, 0xa
x29 <- 0x00040009BFFFFC00

mem[X,0x0000000080000D3C] -> 0x8E93
mem[X,0x0000000080000D3E] -> 0x3FCE
[852] [M]: 0x0000000080000D3C (0x3FCE8E93) addi t4, t4, 0x3fc
x29 <- 0x00040009BFFFFFFC

mem[X,0x0000000080000D40] -> 0x7FBB
mem[X,0x0000000080000D42] -> 0xA1DF
[853] [M]: 0x0000000080000D40 (0xA1DF7FBB) pmulh.h.be t6, t5, t4
x31 <- 0x0001FFFE00000000

mem[X,0x0000000080000D44] -> 0xB423
mem[X,0x0000000080000D46] -> 0x07F3
[854] [M]: 0x0000000080000D44 (0x07F3B423) sd t6, 0x68(t2)
mem[0x0000000080004258] <- 0x0001FFFE00000000

mem[X,0x0000000080000D48] -> 0x1F37
mem[X,0x0000000080000D4A] -> 0x0008
[855] [M]: 0x0000000080000D48 (0x00081F37) lui t5, 0x81
x30 <- 0x0000000000081000

mem[X,0x0000000080000D4C] -> 0x0F13
mem[X,0x0000000080000D4E] -> 0x800F
[856] [M]: 0x0000000080000D4C (0x800F0F13) addi t5, t5, -0x800
x30 <- 0x0000000000080800

mem[X,0x0000000080000D50] -> 0x1F13
mem[X,0x0000000080000D52] -> 0x00BF
[857] [M]: 0x0000000080000D50 (0x00BF1F13) slli t5, t5, 0xb
x30 <- 0x0000000040400000

mem[X,0x0000000080000D54] -> 0x0F13
mem[X,0x0000000080000D56] -> 0x001F
[858] [M]: 0x0000000080000D54 (0x001F0F13) addi t5, t5, 0x1
x30 <- 0x0000000040400001

mem[X,0x0000000080000D58] -> 0x1F13
mem[X,0x0000000080000D5A] -> 0x00BF
[859] [M]: 0x0000000080000D58 (0x00BF1F13) slli t5, t5, 0xb
x30 <- 0x0000020200000800

mem[X,0x0000000080000D5C] -> 0x0F13
mem[X,0x0000000080000D5E] -> 0x000F
[860] [M]: 0x0000000080000D5C (0x000F0F13) addi t5, t5, 0x0
x30 <- 0x0000020200000800

mem[X,0x0000000080000D60] -> 0x1F13
mem[X,0x0000000080000D62] -> 0x00AF
[861] [M]: 0x0000000080000D60 (0x00AF1F13) slli t5, t5, 0xa
x30 <- 0x0008080000200000

mem[X,0x0000000080000D64] -> 0x0F13
mem[X,0x0000000080000D66] -> 0x002F
[862] [M]: 0x0000000080000D64 (0x002F0F13) addi t5, t5, 0x2
x30 <- 0x0008080000200002

mem[X,0x0000000080000D68] -> 0x0EB7
mem[X,0x0000000080000D6A] -> 0x0008
[863] [M]: 0x0000000080000D68 (0x00080EB7) lui t4, 0x80
x29 <- 0x0000000000080000

mem[X,0x0000000080000D6C] -> 0x8E93
mem[X,0x0000000080000D6E] -> 0x009E
[864] [M]: 0x0000000080000D6C (0x009E8E93) addi t4, t4, 0x9
x29 <- 0x0000000000080009

mem[X,0x0000000080000D70] -> 0x9E93
mem[X,0x0000000080000D72] -> 0x00BE
[865] [M]: 0x0000000080000D70 (0x00BE9E93) slli t4, t4, 0xb
x29 <- 0x0000000040004800

mem[X,0x0000000080000D74] -> 0x8E93
mem[X,0x0000000080000D76] -> 0x000E
[866] [M]: 0x0000000080000D74 (0x000E8E93) addi t4, t4, 0x0
x29 <- 0x0000000040004800

mem[X,0x0000000080000D78] -> 0x9E93
mem[X,0x0000000080000D7A] -> 0x00BE
[867] [M]: 0x0000000080000D78 (0x00BE9E93) slli t4, t4, 0xb
x29 <- 0x0000020002400000

mem[X,0x0000000080000D7C] -> 0x8E93
mem[X,0x0000000080000D7E] -> 0x002E
[868] [M]: 0x0000000080000D7C (0x002E8E93) addi t4, t4, 0x2
x29 <- 0x0000020002400002

mem[X,0x0000000080000D80] -> 0x9E93
mem[X,0x0000000080000D82] -> 0x00AE
[869] [M]: 0x0000000080000D80 (0x00AE9E93) slli t4, t4, 0xa
x29 <- 0x0008000900000800

mem[X,0x0000000080000D84] -> 0x7FBB
mem[X,0x0000000080000D86] -> 0xA1DF
[870] [M]: 0x0000000080000D84 (0xA1DF7FBB) pmulh.h.be t6, t5, t4
x31 <- 0x0000000000000000

mem[X,0x0000000080000D88] -> 0xB823
mem[X,0x0000000080000D8A] -> 0x07F3
[871] [M]: 0x0000000080000D88 (0x07F3B823) sd t6, 0x70(t2)
mem[0x0000000080004260] <- 0x0000000000000000

mem[X,0x0000000080000D8C] -> 0x8F37
mem[X,0x0000000080000D8E] -> 0xFFEF
[872] [M]: 0x0000000080000D8C (0xFFEF8F37) lui t5, -0x108
x30 <- 0xFFFFFFFFFFEF8000

mem[X,0x0000000080000D90] -> 0x0F13
mem[X,0x0000000080000D92] -> 0x000F
[873] [M]: 0x0000000080000D90 (0x000F0F13) addi t5, t5, 0x0
x30 <- 0xFFFFFFFFFFEF8000

mem[X,0x0000000080000D94] -> 0x1F13
mem[X,0x0000000080000D96] -> 0x00BF
[874] [M]: 0x0000000080000D94 (0x00BF1F13) slli t5, t5, 0xb
x30 <- 0xFFFFFFFF7C000000

mem[X,0x0000000080000D98] -> 0x0F13
mem[X,0x0000000080000D9A] -> 0x000F
[875] [M]: 0x0000000080000D98 (0x000F0F13) addi t5, t5, 0x0
x30 <- 0xFFFFFFFF7C000000

mem[X,0x0000000080000D9C] -> 0x1F13
mem[X,0x0000000080000D9E] -> 0x00BF
[876] [M]: 0x0000000080000D9C (0x00BF1F13) slli t5, t5, 0xb
x30 <- 0xFFFFFBE000000000

mem[X,0x0000000080000DA0] -> 0x0F13
mem[X,0x0000000080000DA2] -> 0x27FF
[877] [M]: 0x0000000080000DA0 (0x27FF0F13) addi t5, t5, 0x27f
x30 <- 0xFFFFFBE00000027F

mem[X,0x0000000080000DA4] -> 0x1F13
mem[X,0x0000000080000DA6] -> 0x00AF
[878] [M]: 0x0000000080000DA4 (0x00AF1F13) slli t5, t5, 0xa
x30 <- 0xFFEF80000009FC00

mem[X,0x0000000080000DA8] -> 0x0F13
mem[X,0x0000000080000DAA] -> 0x3EFF
[879] [M]: 0x0000000080000DA8 (0x3EFF0F13) addi t5, t5, 0x3ef
x30 <- 0xFFEF80000009FFEF

mem[X,0x0000000080000DAC] -> 0x0EB7
mem[X,0x0000000080000DAE] -> 0x0100
[880] [M]: 0x0000000080000DAC (0x01000EB7) lui t4, 0x1000
x29 <- 0x0000000001000000

mem[X,0x0000000080000DB0] -> 0x8E93
mem[X,0x0000000080000DB2] -> 0x001E
[881] [M]: 0x0000000080000DB0 (0x001E8E93) addi t4, t4, 0x1
x29 <- 0x0000000001000001

mem[X,0x0000000080000DB4] -> 0x9E93
mem[X,0x0000000080000DB6] -> 0x00BE
[882] [M]: 0x0000000080000DB4 (0x00BE9E93) slli t4, t4, 0xb
x29 <- 0x0000000800000800

mem[X,0x0000000080000DB8] -> 0x8E93
mem[X,0x0000000080000DBA] -> 0x002E
[883] [M]: 0x0000000080000DB8 (0x002E8E93) addi t4, t4, 0x2
x29 <- 0x0000000800000802

mem[X,0x0000000080000DBC] -> 0x9E93
mem[X,0x0000000080000DBE] -> 0x00BE
[884] [M]: 0x0000000080000DBC (0x00BE9E93) slli t4, t4, 0xb
x29 <- 0x0000400000401000

mem[X,0x0000000080000DC0] -> 0x8E93
mem[X,0x0000000080000DC2] -> 0x03FE
[885] [M]: 0x0000000080000DC0 (0x03FE8E93) addi t4, t4, 0x3f
x29 <- 0x000040000040103F

mem[X,0x0000000080000DC4] -> 0x9E93
mem[X,0x0000000080000DC6] -> 0x00AE
[886] [M]: 0x0000000080000DC4 (0x00AE9E93) slli t4, t4, 0xa
x29 <- 0x010000010040FC00

mem[X,0x0000000080000DC8] -> 0x8E93
mem[X,0x0000000080000DCA] -> 0x3FAE
[887] [M]: 0x0000000080000DC8 (0x3FAE8E93) addi t4, t4, 0x3fa
x29 <- 0x010000010040FFFA

mem[X,0x0000000080000DCC] -> 0x7FBB
mem[X,0x0000000080000DCE] -> 0xA1DF
[888] [M]: 0x0000000080000DCC (0xA1DF7FBB) pmulh.h.be t6, t5, t4
x31 <- 0x0000FFFF00000000

mem[X,0x0000000080000DD0] -> 0xBC23
mem[X,0x0000000080000DD2] -> 0x07F3
[889] [M]: 0x0000000080000DD0 (0x07F3BC23) sd t6, 0x78(t2)
mem[0x0000000080004268] <- 0x0000FFFF00000000

mem[X,0x0000000080000DD4] -> 0x0F37
mem[X,0x0000000080000DD6] -> 0xE000
[890] [M]: 0x0000000080000DD4 (0xE0000F37) lui t5, -0x20000
x30 <- 0xFFFFFFFFE0000000

mem[X,0x0000000080000DD8] -> 0x0F13
mem[X,0x0000000080000DDA] -> 0xFEFF
[891] [M]: 0x0000000080000DD8 (0xFEFF0F13) addi t5, t5, -0x11
x30 <- 0xFFFFFFFFDFFFFFEF

mem[X,0x0000000080000DDC] -> 0x1F13
mem[X,0x0000000080000DDE] -> 0x00BF
[892] [M]: 0x0000000080000DDC (0x00BF1F13) slli t5, t5, 0xb
x30 <- 0xFFFFFEFFFFFF7800

mem[X,0x0000000080000DE0] -> 0x0F13
mem[X,0x0000000080000DE2] -> 0x7FBF
[893] [M]: 0x0000000080000DE0 (0x7FBF0F13) addi t5, t5, 0x7fb
x30 <- 0xFFFFFEFFFFFF7FFB

mem[X,0x0000000080000DE4] -> 0x1F13
mem[X,0x0000000080000DE6] -> 0x00BF
[894] [M]: 0x0000000080000DE4 (0x00BF1F13) slli t5, t5, 0xb
x30 <- 0xFFF7FFFFFBFFD800

mem[X,0x0000000080000DE8] -> 0x0F13
mem[X,0x0000000080000DEA] -> 0x7C0F
[895] [M]: 0x0000000080000DE8 (0x7C0F0F13) addi t5, t5, 0x7c0
x30 <- 0xFFF7FFFFFBFFDFC0

mem[X,0x0000000080000DEC] -> 0x1F13
mem[X,0x0000000080000DEE] -> 0x00AF
[896] [M]: 0x0000000080000DEC (0x00AF1F13) slli t5, t5, 0xa
x30 <- 0xDFFFFFEFFF7F0000

mem[X,0x0000000080000DF0] -> 0x0F13
mem[X,0x0000000080000DF2] -> 0x080F
[897] [M]: 0x0000000080000DF0 (0x080F0F13) addi t5, t5, 0x80
x30 <- 0xDFFFFFEFFF7F0080

mem[X,0x0000000080000DF4] -> 0x0EB7
mem[X,0x0000000080000DF6] -> 0x0400
[898] [M]: 0x0000000080000DF4 (0x04000EB7) lui t4, 0x4000
x29 <- 0x0000000004000000

mem[X,0x0000000080000DF8] -> 0x8E93
mem[X,0x0000000080000DFA] -> 0x003E
[899] [M]: 0x0000000080000DF8 (0x003E8E93) addi t4, t4, 0x3
x29 <- 0x0000000004000003

clint::tick mtime <- 0x0000000000000009
 clint timer pending at mtime 0x0000000000000009
htif::tick 0x0000000000000000
mem[X,0x0000000080000DFC] -> 0x9E93
mem[X,0x0000000080000DFE] -> 0x00BE
[900] [M]: 0x0000000080000DFC (0x00BE9E93) slli t4, t4, 0xb
x29 <- 0x0000002000001800

mem[X,0x0000000080000E00] -> 0x8E93
mem[X,0x0000000080000E02] -> 0x3FFE
[901] [M]: 0x0000000080000E00 (0x3FFE8E93) addi t4, t4, 0x3ff
x29 <- 0x0000002000001BFF

mem[X,0x0000000080000E04] -> 0x9E93
mem[X,0x0000000080000E06] -> 0x00BE
[902] [M]: 0x0000000080000E04 (0x00BE9E93) slli t4, t4, 0xb
x29 <- 0x0001000000DFF800

mem[X,0x0000000080000E08] -> 0x8E93
mem[X,0x0000000080000E0A] -> 0x7C0E
[903] [M]: 0x0000000080000E08 (0x7C0E8E93) addi t4, t4, 0x7c0
x29 <- 0x0001000000DFFFC0

mem[X,0x0000000080000E0C] -> 0x9E93
mem[X,0x0000000080000E0E] -> 0x00AE
[904] [M]: 0x0000000080000E0C (0x00AE9E93) slli t4, t4, 0xa
x29 <- 0x040000037FFF0000

mem[X,0x0000000080000E10] -> 0x8E93
mem[X,0x0000000080000E12] -> 0x003E
[905] [M]: 0x0000000080000E10 (0x003E8E93) addi t4, t4, 0x3
x29 <- 0x040000037FFF0003

mem[X,0x0000000080000E14] -> 0x7FBB
mem[X,0x0000000080000E16] -> 0xA1DF
[906] [M]: 0x0000000080000E14 (0xA1DF7FBB) pmulh.h.be t6, t5, t4
x31 <- 0x0000FFFF00000000

mem[X,0x0000000080000E18] -> 0xB023
mem[X,0x0000000080000E1A] -> 0x09F3
[907] [M]: 0x0000000080000E18 (0x09F3B023) sd t6, 0x80(t2)
mem[0x0000000080004270] <- 0x0000FFFF00000000

mem[X,0x0000000080000E1C] -> 0x0F37
mem[X,0x0000000080000E1E] -> 0x0005
[908] [M]: 0x0000000080000E1C (0x00050F37) lui t5, 0x50
x30 <- 0x0000000000050000

mem[X,0x0000000080000E20] -> 0x0F13
mem[X,0x0000000080000E22] -> 0x400F
[909] [M]: 0x0000000080000E20 (0x400F0F13) addi t5, t5, 0x400
x30 <- 0x0000000000050400

mem[X,0x0000000080000E24] -> 0x1F13
mem[X,0x0000000080000E26] -> 0x00BF
[910] [M]: 0x0000000080000E24 (0x00BF1F13) slli t5, t5, 0xb
x30 <- 0x0000000028200000

mem[X,0x0000000080000E28] -> 0x0F13
mem[X,0x0000000080000E2A] -> 0x000F
[911] [M]: 0x0000000080000E28 (0x000F0F13) addi t5, t5, 0x0
x30 <- 0x0000000028200000

mem[X,0x0000000080000E2C] -> 0x1F13
mem[X,0x0000000080000E2E] -> 0x00BF
[912] [M]: 0x0000000080000E2C (0x00BF1F13) slli t5, t5, 0xb
x30 <- 0x0000014100000000

mem[X,0x0000000080000E30] -> 0x0F13
mem[X,0x0000000080000E32] -> 0x04FF
[913] [M]: 0x0000000080000E30 (0x04FF0F13) addi t5, t5, 0x4f
x30 <- 0x000001410000004F

mem[X,0x0000000080000E34] -> 0x1F13
mem[X,0x0000000080000E36] -> 0x00AF
[914] [M]: 0x0000000080000E34 (0x00AF1F13) slli t5, t5, 0xa
x30 <- 0x0005040000013C00

mem[X,0x0000000080000E38] -> 0x0F13
mem[X,0x0000000080000E3A] -> 0x3FFF
[915] [M]: 0x0000000080000E38 (0x3FFF0F13) addi t5, t5, 0x3ff
x30 <- 0x0005040000013FFF

mem[X,0x0000000080000E3C] -> 0xCEB7
mem[X,0x0000000080000E3E] -> 0x1000
[916] [M]: 0x0000000080000E3C (0x1000CEB7) lui t4, 0x1000c
x29 <- 0x000000001000C000

mem[X,0x0000000080000E40] -> 0x8E93
mem[X,0x0000000080000E42] -> 0xFFFE
[917] [M]: 0x0000000080000E40 (0xFFFE8E93) addi t4, t4, -0x1
x29 <- 0x000000001000BFFF

mem[X,0x0000000080000E44] -> 0x9E93
mem[X,0x0000000080000E46] -> 0x00BE
[918] [M]: 0x0000000080000E44 (0x00BE9E93) slli t4, t4, 0xb
x29 <- 0x0000008005FFF800

mem[X,0x0000000080000E48] -> 0x8E93
mem[X,0x0000000080000E4A] -> 0x1FFE
[919] [M]: 0x0000000080000E48 (0x1FFE8E93) addi t4, t4, 0x1ff
x29 <- 0x0000008005FFF9FF

mem[X,0x0000000080000E4C] -> 0x9E93
mem[X,0x0000000080000E4E] -> 0x00BE
[920] [M]: 0x0000000080000E4C (0x00BE9E93) slli t4, t4, 0xb
x29 <- 0x0004002FFFCFF800

mem[X,0x0000000080000E50] -> 0x8E93
mem[X,0x0000000080000E52] -> 0x7C0E
[921] [M]: 0x0000000080000E50 (0x7C0E8E93) addi t4, t4, 0x7c0
x29 <- 0x0004002FFFCFFFC0

mem[X,0x0000000080000E54] -> 0x9E93
mem[X,0x0000000080000E56] -> 0x00AE
[922] [M]: 0x0000000080000E54 (0x00AE9E93) slli t4, t4, 0xa
x29 <- 0x1000BFFF3FFF0000

mem[X,0x0000000080000E58] -> 0x8E93
mem[X,0x0000000080000E5A] -> 0x003E
[923] [M]: 0x0000000080000E58 (0x003E8E93) addi t4, t4, 0x3
x29 <- 0x1000BFFF3FFF0003

mem[X,0x0000000080000E5C] -> 0x7FBB
mem[X,0x0000000080000E5E] -> 0xA1DF
[924] [M]: 0x0000000080000E5C (0xA1DF7FBB) pmulh.h.be t6, t5, t4
x31 <- 0x0000FFFFFFFF0000

mem[X,0x0000000080000E60] -> 0xB423
mem[X,0x0000000080000E62] -> 0x09F3
[925] [M]: 0x0000000080000E60 (0x09F3B423) sd t6, 0x88(t2)
mem[0x0000000080004278] <- 0x0000FFFFFFFF0000

mem[X,0x0000000080000E64] -> 0x8F37
mem[X,0x0000000080000E66] -> 0xFFFA
[926] [M]: 0x0000000080000E64 (0xFFFA8F37) lui t5, -0x58
x30 <- 0xFFFFFFFFFFFA8000

mem[X,0x0000000080000E68] -> 0x0F13
mem[X,0x0000000080000E6A] -> 0xFFFF
[927] [M]: 0x0000000080000E68 (0xFFFF0F13) addi t5, t5, -0x1
x30 <- 0xFFFFFFFFFFFA7FFF

mem[X,0x0000000080000E6C] -> 0x1F13
mem[X,0x0000000080000E6E] -> 0x00BF
[928] [M]: 0x0000000080000E6C (0x00BF1F13) slli t5, t5, 0xb
x30 <- 0xFFFFFFFFD3FFF800

mem[X,0x0000000080000E70] -> 0x0F13
mem[X,0x0000000080000E72] -> 0x2AAF
[929] [M]: 0x0000000080000E70 (0x2AAF0F13) addi t5, t5, 0x2aa
x30 <- 0xFFFFFFFFD3FFFAAA

mem[X,0x0000000080000E74] -> 0x1F13
mem[X,0x0000000080000E76] -> 0x00BF
[930] [M]: 0x0000000080000E74 (0x00BF1F13) slli t5, t5, 0xb
x30 <- 0xFFFFFE9FFFD55000

mem[X,0x0000000080000E78] -> 0x0F13
mem[X,0x0000000080000E7A] -> 0x540F
[931] [M]: 0x0000000080000E78 (0x540F0F13) addi t5, t5, 0x540
x30 <- 0xFFFFFE9FFFD55540

mem[X,0x0000000080000E7C] -> 0x1F13
mem[X,0x0000000080000E7E] -> 0x00AF
[932] [M]: 0x0000000080000E7C (0x00AF1F13) slli t5, t5, 0xa
x30 <- 0xFFFA7FFF55550000

mem[X,0x0000000080000E80] -> 0x0F13
mem[X,0x0000000080000E82] -> 0x040F
[933] [M]: 0x0000000080000E80 (0x040F0F13) addi t5, t5, 0x40
x30 <- 0xFFFA7FFF55550040

mem[X,0x0000000080000E84] -> 0x0EB7
mem[X,0x0000000080000E86] -> 0x2001
[934] [M]: 0x0000000080000E84 (0x20010EB7) lui t4, 0x20010
x29 <- 0x0000000020010000

mem[X,0x0000000080000E88] -> 0x8E93
mem[X,0x0000000080000E8A] -> 0xFF7E
[935] [M]: 0x0000000080000E88 (0xFF7E8E93) addi t4, t4, -0x9
x29 <- 0x000000002000FFF7

mem[X,0x0000000080000E8C] -> 0x9E93
mem[X,0x0000000080000E8E] -> 0x00BE
[936] [M]: 0x0000000080000E8C (0x00BE9E93) slli t4, t4, 0xb
x29 <- 0x0000010007FFB800

mem[X,0x0000000080000E90] -> 0x8E93
mem[X,0x0000000080000E92] -> 0x020E
[937] [M]: 0x0000000080000E90 (0x020E8E93) addi t4, t4, 0x20
x29 <- 0x0000010007FFB820

mem[X,0x0000000080000E94] -> 0x9E93
mem[X,0x0000000080000E96] -> 0x00BE
[938] [M]: 0x0000000080000E94 (0x00BE9E93) slli t4, t4, 0xb
x29 <- 0x0008003FFDC10000

mem[X,0x0000000080000E98] -> 0x8E93
mem[X,0x0000000080000E9A] -> 0x002E
[939] [M]: 0x0000000080000E98 (0x002E8E93) addi t4, t4, 0x2
x29 <- 0x0008003FFDC10002

mem[X,0x0000000080000E9C] -> 0x9E93
mem[X,0x0000000080000E9E] -> 0x00AE
[940] [M]: 0x0000000080000E9C (0x00AE9E93) slli t4, t4, 0xa
x29 <- 0x2000FFF704000800

mem[X,0x0000000080000EA0] -> 0x7FBB
mem[X,0x0000000080000EA2] -> 0xA1DF
[941] [M]: 0x0000000080000EA0 (0xA1DF7FBB) pmulh.h.be t6, t5, t4
x31 <- 0x0000FFFB00000000

mem[X,0x0000000080000EA4] -> 0xB823
mem[X,0x0000000080000EA6] -> 0x09F3
[942] [M]: 0x0000000080000EA4 (0x09F3B823) sd t6, 0x90(t2)
mem[0x0000000080004280] <- 0x0000FFFB00000000

mem[X,0x0000000080000EA8] -> 0x0F37
mem[X,0x0000000080000EAA] -> 0xC001
[943] [M]: 0x0000000080000EA8 (0xC0010F37) lui t5, -0x3fff0
x30 <- 0xFFFFFFFFC0010000

mem[X,0x0000000080000EAC] -> 0x0F13
mem[X,0x0000000080000EAE] -> 0xFF9F
[944] [M]: 0x0000000080000EAC (0xFF9F0F13) addi t5, t5, -0x7
x30 <- 0xFFFFFFFFC000FFF9

mem[X,0x0000000080000EB0] -> 0x1F13
mem[X,0x0000000080000EB2] -> 0x00BF
[945] [M]: 0x0000000080000EB0 (0x00BF1F13) slli t5, t5, 0xb
x30 <- 0xFFFFFE0007FFC800

mem[X,0x0000000080000EB4] -> 0x0F13
mem[X,0x0000000080000EB6] -> 0x000F
[946] [M]: 0x0000000080000EB4 (0x000F0F13) addi t5, t5, 0x0
x30 <- 0xFFFFFE0007FFC800

mem[X,0x0000000080000EB8] -> 0x1F13
mem[X,0x0000000080000EBA] -> 0x00BF
[947] [M]: 0x0000000080000EB8 (0x00BF1F13) slli t5, t5, 0xb
x30 <- 0xFFF0003FFE400000

mem[X,0x0000000080000EBC] -> 0x0F13
mem[X,0x0000000080000EBE] -> 0x115F
[948] [M]: 0x0000000080000EBC (0x115F0F13) addi t5, t5, 0x115
x30 <- 0xFFF0003FFE400115

mem[X,0x0000000080000EC0] -> 0x1F13
mem[X,0x0000000080000EC2] -> 0x00AF
[949] [M]: 0x0000000080000EC0 (0x00AF1F13) slli t5, t5, 0xa
x30 <- 0xC000FFF900045400

mem[X,0x0000000080000EC4] -> 0x0F13
mem[X,0x0000000080000EC6] -> 0x155F
[950] [M]: 0x0000000080000EC4 (0x155F0F13) addi t5, t5, 0x155
x30 <- 0xC000FFF900045555

mem[X,0x0000000080000EC8] -> 0x2EB7
mem[X,0x0000000080000ECA] -> 0x4000
[951] [M]: 0x0000000080000EC8 (0x40002EB7) lui t4, 0x40002
x29 <- 0x0000000040002000

mem[X,0x0000000080000ECC] -> 0x8E93
mem[X,0x0000000080000ECE] -> 0x000E
[952] [M]: 0x0000000080000ECC (0x000E8E93) addi t4, t4, 0x0
x29 <- 0x0000000040002000

mem[X,0x0000000080000ED0] -> 0x9E93
mem[X,0x0000000080000ED2] -> 0x00BE
[953] [M]: 0x0000000080000ED0 (0x00BE9E93) slli t4, t4, 0xb
x29 <- 0x0000020001000000

mem[X,0x0000000080000ED4] -> 0x8E93
mem[X,0x0000000080000ED6] -> 0x010E
[954] [M]: 0x0000000080000ED4 (0x010E8E93) addi t4, t4, 0x10
x29 <- 0x0000020001000010

mem[X,0x0000000080000ED8] -> 0x9E93
mem[X,0x0000000080000EDA] -> 0x00BE
[955] [M]: 0x0000000080000ED8 (0x00BE9E93) slli t4, t4, 0xb
x29 <- 0x0010000800008000

mem[X,0x0000000080000EDC] -> 0x8E93
mem[X,0x0000000080000EDE] -> 0x010E
[956] [M]: 0x0000000080000EDC (0x010E8E93) addi t4, t4, 0x10
x29 <- 0x0010000800008010

mem[X,0x0000000080000EE0] -> 0x9E93
mem[X,0x0000000080000EE2] -> 0x00AE
[957] [M]: 0x0000000080000EE0 (0x00AE9E93) slli t4, t4, 0xa
x29 <- 0x4000200002004000

mem[X,0x0000000080000EE4] -> 0x7FBB
mem[X,0x0000000080000EE6] -> 0xA1DF
[958] [M]: 0x0000000080000EE4 (0xA1DF7FBB) pmulh.h.be t6, t5, t4
x31 <- 0x0000000000000000

mem[X,0x0000000080000EE8] -> 0xBC23
mem[X,0x0000000080000EEA] -> 0x09F3
[959] [M]: 0x0000000080000EE8 (0x09F3BC23) sd t6, 0x98(t2)
mem[0x0000000080004288] <- 0x0000000000000000

mem[X,0x0000000080000EEC] -> 0x1F37
mem[X,0x0000000080000EEE] -> 0x0040
[960] [M]: 0x0000000080000EEC (0x00401F37) lui t5, 0x401
x30 <- 0x0000000000401000

mem[X,0x0000000080000EF0] -> 0x0F13
mem[X,0x0000000080000EF2] -> 0x800F
[961] [M]: 0x0000000080000EF0 (0x800F0F13) addi t5, t5, -0x800
x30 <- 0x0000000000400800

mem[X,0x0000000080000EF4] -> 0x1F13
mem[X,0x0000000080000EF6] -> 0x00BF
[962] [M]: 0x0000000080000EF4 (0x00BF1F13) slli t5, t5, 0xb
x30 <- 0x0000000200400000

mem[X,0x0000000080000EF8] -> 0x0F13
mem[X,0x0000000080000EFA] -> 0x5FFF
[963] [M]: 0x0000000080000EF8 (0x5FFF0F13) addi t5, t5, 0x5ff
x30 <- 0x00000002004005FF

mem[X,0x0000000080000EFC] -> 0x1F13
mem[X,0x0000000080000EFE] -> 0x00BF
[964] [M]: 0x0000000080000EFC (0x00BF1F13) slli t5, t5, 0xb
x30 <- 0x00001002002FF800

mem[X,0x0000000080000F00] -> 0x0F13
mem[X,0x0000000080000F02] -> 0x7FFF
[965] [M]: 0x0000000080000F00 (0x7FFF0F13) addi t5, t5, 0x7ff
x30 <- 0x00001002002FFFFF

mem[X,0x0000000080000F04] -> 0x1F13
mem[X,0x0000000080000F06] -> 0x00AF
[966] [M]: 0x0000000080000F04 (0x00AF1F13) slli t5, t5, 0xa
x30 <- 0x00400800BFFFFC00

mem[X,0x0000000080000F08] -> 0x0F13
mem[X,0x0000000080000F0A] -> 0x2FFF
[967] [M]: 0x0000000080000F08 (0x2FFF0F13) addi t5, t5, 0x2ff
x30 <- 0x00400800BFFFFEFF

mem[X,0x0000000080000F0C] -> 0x0EB7
mem[X,0x0000000080000F0E] -> 0xFFFE
[968] [M]: 0x0000000080000F0C (0xFFFE0EB7) lui t4, -0x20
x29 <- 0xFFFFFFFFFFFE0000

mem[X,0x0000000080000F10] -> 0x8E93
mem[X,0x0000000080000F12] -> 0xFBFE
[969] [M]: 0x0000000080000F10 (0xFBFE8E93) addi t4, t4, -0x41
x29 <- 0xFFFFFFFFFFFDFFBF

mem[X,0x0000000080000F14] -> 0x9E93
mem[X,0x0000000080000F16] -> 0x00BE
[970] [M]: 0x0000000080000F14 (0x00BE9E93) slli t4, t4, 0xb
x29 <- 0xFFFFFFFFEFFDF800

mem[X,0x0000000080000F18] -> 0x8E93
mem[X,0x0000000080000F1A] -> 0x7F7E
[971] [M]: 0x0000000080000F18 (0x7F7E8E93) addi t4, t4, 0x7f7
x29 <- 0xFFFFFFFFEFFDFFF7

mem[X,0x0000000080000F1C] -> 0x9E93
mem[X,0x0000000080000F1E] -> 0x00BE
[972] [M]: 0x0000000080000F1C (0x00BE9E93) slli t4, t4, 0xb
x29 <- 0xFFFFFF7FEFFFB800

mem[X,0x0000000080000F20] -> 0x8E93
mem[X,0x0000000080000F22] -> 0x7D0E
[973] [M]: 0x0000000080000F20 (0x7D0E8E93) addi t4, t4, 0x7d0
x29 <- 0xFFFFFF7FEFFFBFD0

mem[X,0x0000000080000F24] -> 0x9E93
mem[X,0x0000000080000F26] -> 0x00AE
[974] [M]: 0x0000000080000F24 (0x00AE9E93) slli t4, t4, 0xa
x29 <- 0xFFFDFFBFFEFF4000

mem[X,0x0000000080000F28] -> 0x7FBB
mem[X,0x0000000080000F2A] -> 0xA1DF
[975] [M]: 0x0000000080000F28 (0xA1DF7FBB) pmulh.h.be t6, t5, t4
x31 <- 0xFFFFFFFD00000000

mem[X,0x0000000080000F2C] -> 0xB023
mem[X,0x0000000080000F2E] -> 0x0BF3
[976] [M]: 0x0000000080000F2C (0x0BF3B023) sd t6, 0xa0(t2)
mem[0x0000000080004290] <- 0xFFFFFFFD00000000

mem[X,0x0000000080000F30] -> 0x0F37
mem[X,0x0000000080000F32] -> 0x2001
[977] [M]: 0x0000000080000F30 (0x20010F37) lui t5, 0x20010
x30 <- 0x0000000020010000

mem[X,0x0000000080000F34] -> 0x0F13
mem[X,0x0000000080000F36] -> 0xEFFF
[978] [M]: 0x0000000080000F34 (0xEFFF0F13) addi t5, t5, -0x101
x30 <- 0x000000002000FEFF

mem[X,0x0000000080000F38] -> 0x1F13
mem[X,0x0000000080000F3A] -> 0x00BF
[979] [M]: 0x0000000080000F38 (0x00BF1F13) slli t5, t5, 0xb
x30 <- 0x0000010007F7F800

mem[X,0x0000000080000F3C] -> 0x0F13
mem[X,0x0000000080000F3E] -> 0x000F
[980] [M]: 0x0000000080000F3C (0x000F0F13) addi t5, t5, 0x0
x30 <- 0x0000010007F7F800

mem[X,0x0000000080000F40] -> 0x1F13
mem[X,0x0000000080000F42] -> 0x00BF
[981] [M]: 0x0000000080000F40 (0x00BF1F13) slli t5, t5, 0xb
x30 <- 0x0008003FBFC00000

mem[X,0x0000000080000F44] -> 0x0F13
mem[X,0x0000000080000F46] -> 0x140F
[982] [M]: 0x0000000080000F44 (0x140F0F13) addi t5, t5, 0x140
x30 <- 0x0008003FBFC00140

mem[X,0x0000000080000F48] -> 0x1F13
mem[X,0x0000000080000F4A] -> 0x00AF
[983] [M]: 0x0000000080000F48 (0x00AF1F13) slli t5, t5, 0xa
x30 <- 0x2000FEFF00050000

mem[X,0x0000000080000F4C] -> 0x0F13
mem[X,0x0000000080000F4E] -> 0x004F
[984] [M]: 0x0000000080000F4C (0x004F0F13) addi t5, t5, 0x4
x30 <- 0x2000FEFF00050004

mem[X,0x0000000080000F50] -> 0x0EB7
mem[X,0x0000000080000F52] -> 0xFFFB
[985] [M]: 0x0000000080000F50 (0xFFFB0EB7) lui t4, -0x50
x29 <- 0xFFFFFFFFFFFB0000

mem[X,0x0000000080000F54] -> 0x8E93
mem[X,0x0000000080000F56] -> 0x007E
[986] [M]: 0x0000000080000F54 (0x007E8E93) addi t4, t4, 0x7
x29 <- 0xFFFFFFFFFFFB0007

mem[X,0x0000000080000F58] -> 0x9E93
mem[X,0x0000000080000F5A] -> 0x00BE
[987] [M]: 0x0000000080000F58 (0x00BE9E93) slli t4, t4, 0xb
x29 <- 0xFFFFFFFFD8003800

mem[X,0x0000000080000F5C] -> 0x8E93
mem[X,0x0000000080000F5E] -> 0x001E
[988] [M]: 0x0000000080000F5C (0x001E8E93) addi t4, t4, 0x1
x29 <- 0xFFFFFFFFD8003801

mem[X,0x0000000080000F60] -> 0x9E93
mem[X,0x0000000080000F62] -> 0x00BE
[989] [M]: 0x0000000080000F60 (0x00BE9E93) slli t4, t4, 0xb
x29 <- 0xFFFFFEC001C00800

mem[X,0x0000000080000F64] -> 0x8E93
mem[X,0x0000000080000F66] -> 0x030E
[990] [M]: 0x0000000080000F64 (0x030E8E93) addi t4, t4, 0x30
x29 <- 0xFFFFFEC001C00830

mem[X,0x0000000080000F68] -> 0x9E93
mem[X,0x0000000080000F6A] -> 0x00AE
[991] [M]: 0x0000000080000F68 (0x00AE9E93) slli t4, t4, 0xa
x29 <- 0xFFFB00070020C000

mem[X,0x0000000080000F6C] -> 0x7FBB
mem[X,0x0000000080000F6E] -> 0xA1DF
[992] [M]: 0x0000000080000F6C (0xA1DF7FBB) pmulh.h.be t6, t5, t4
x31 <- 0xFFFFFFFF00000000

mem[X,0x0000000080000F70] -> 0xB423
mem[X,0x0000000080000F72] -> 0x0BF3
[993] [M]: 0x0000000080000F70 (0x0BF3B423) sd t6, 0xa8(t2)
mem[0x0000000080004298] <- 0xFFFFFFFF00000000

mem[X,0x0000000080000F74] -> 0x0F37
mem[X,0x0000000080000F76] -> 0xFFC0
[994] [M]: 0x0000000080000F74 (0xFFC00F37) lui t5, -0x400
x30 <- 0xFFFFFFFFFFC00000

mem[X,0x0000000080000F78] -> 0x0F13
mem[X,0x0000000080000F7A] -> 0xFF6F
[995] [M]: 0x0000000080000F78 (0xFF6F0F13) addi t5, t5, -0xa
x30 <- 0xFFFFFFFFFFBFFFF6

mem[X,0x0000000080000F7C] -> 0x1F13
mem[X,0x0000000080000F7E] -> 0x00BF
[996] [M]: 0x0000000080000F7C (0x00BF1F13) slli t5, t5, 0xb
x30 <- 0xFFFFFFFDFFFFB000

mem[X,0x0000000080000F80] -> 0x0F13
mem[X,0x0000000080000F82] -> 0x020F
[997] [M]: 0x0000000080000F80 (0x020F0F13) addi t5, t5, 0x20
x30 <- 0xFFFFFFFDFFFFB020

mem[X,0x0000000080000F84] -> 0x1F13
mem[X,0x0000000080000F86] -> 0x00BF
[998] [M]: 0x0000000080000F84 (0x00BF1F13) slli t5, t5, 0xb
x30 <- 0xFFFFEFFFFD810000

mem[X,0x0000000080000F88] -> 0x0F13
mem[X,0x0000000080000F8A] -> 0x03FF
[999] [M]: 0x0000000080000F88 (0x03FF0F13) addi t5, t5, 0x3f
x30 <- 0xFFFFEFFFFD81003F

clint::tick mtime <- 0x000000000000000A
 clint timer pending at mtime 0x000000000000000A
htif::tick 0x0000000000000000
mem[X,0x0000000080000F8C] -> 0x1F13
mem[X,0x0000000080000F8E] -> 0x00AF
[1000] [M]: 0x0000000080000F8C (0x00AF1F13) slli t5, t5, 0xa
x30 <- 0xFFBFFFF60400FC00

mem[X,0x0000000080000F90] -> 0x0F13
mem[X,0x0000000080000F92] -> 0x3FBF
[1001] [M]: 0x0000000080000F90 (0x3FBF0F13) addi t5, t5, 0x3fb
x30 <- 0xFFBFFFF60400FFFB

mem[X,0x0000000080000F94] -> 0x0EB7
mem[X,0x0000000080000F96] -> 0xFFF8
[1002] [M]: 0x0000000080000F94 (0xFFF80EB7) lui t4, -0x80
x29 <- 0xFFFFFFFFFFF80000

mem[X,0x0000000080000F98] -> 0x8E93
mem[X,0x0000000080000F9A] -> 0xFFDE
[1003] [M]: 0x0000000080000F98 (0xFFDE8E93) addi t4, t4, -0x3
x29 <- 0xFFFFFFFFFFF7FFFD

mem[X,0x0000000080000F9C] -> 0x9E93
mem[X,0x0000000080000F9E] -> 0x00BE
[1004] [M]: 0x0000000080000F9C (0x00BE9E93) slli t4, t4, 0xb
x29 <- 0xFFFFFFFFBFFFE800

mem[X,0x0000000080000FA0] -> 0x8E93
mem[X,0x0000000080000FA2] -> 0x000E
[1005] [M]: 0x0000000080000FA0 (0x000E8E93) addi t4, t4, 0x0
x29 <- 0xFFFFFFFFBFFFE800

mem[X,0x0000000080000FA4] -> 0x9E93
mem[X,0x0000000080000FA6] -> 0x00BE
[1006] [M]: 0x0000000080000FA4 (0x00BE9E93) slli t4, t4, 0xb
x29 <- 0xFFFFFDFFFF400000

mem[X,0x0000000080000FA8] -> 0x8E93
mem[X,0x0000000080000FAA] -> 0x25FE
[1007] [M]: 0x0000000080000FA8 (0x25FE8E93) addi t4, t4, 0x25f
x29 <- 0xFFFFFDFFFF40025F

mem[X,0x0000000080000FAC] -> 0x9E93
mem[X,0x0000000080000FAE] -> 0x00AE
[1008] [M]: 0x0000000080000FAC (0x00AE9E93) slli t4, t4, 0xa
x29 <- 0xFFF7FFFD00097C00

mem[X,0x0000000080000FB0] -> 0x8E93
mem[X,0x0000000080000FB2] -> 0x3FFE
[1009] [M]: 0x0000000080000FB0 (0x3FFE8E93) addi t4, t4, 0x3ff
x29 <- 0xFFF7FFFD00097FFF

mem[X,0x0000000080000FB4] -> 0x7FBB
mem[X,0x0000000080000FB6] -> 0xA1DF
[1010] [M]: 0x0000000080000FB4 (0xA1DF7FBB) pmulh.h.be t6, t5, t4
x31 <- 0x0000000000000000

mem[X,0x0000000080000FB8] -> 0xB823
mem[X,0x0000000080000FBA] -> 0x0BF3
[1011] [M]: 0x0000000080000FB8 (0x0BF3B823) sd t6, 0xb0(t2)
mem[0x00000000800042A0] <- 0x0000000000000000

mem[X,0x0000000080000FBC] -> 0xCF37
mem[X,0x0000000080000FBE] -> 0xFFEF
[1012] [M]: 0x0000000080000FBC (0xFFEFCF37) lui t5, -0x104
x30 <- 0xFFFFFFFFFFEFC000

mem[X,0x0000000080000FC0] -> 0x0F13
mem[X,0x0000000080000FC2] -> 0xFFFF
[1013] [M]: 0x0000000080000FC0 (0xFFFF0F13) addi t5, t5, -0x1
x30 <- 0xFFFFFFFFFFEFBFFF

mem[X,0x0000000080000FC4] -> 0x1F13
mem[X,0x0000000080000FC6] -> 0x00BF
[1014] [M]: 0x0000000080000FC4 (0x00BF1F13) slli t5, t5, 0xb
x30 <- 0xFFFFFFFF7DFFF800

mem[X,0x0000000080000FC8] -> 0x0F13
mem[X,0x0000000080000FCA] -> 0x7FFF
[1015] [M]: 0x0000000080000FC8 (0x7FFF0F13) addi t5, t5, 0x7ff
x30 <- 0xFFFFFFFF7DFFFFFF

mem[X,0x0000000080000FCC] -> 0x1F13
mem[X,0x0000000080000FCE] -> 0x00BF
[1016] [M]: 0x0000000080000FCC (0x00BF1F13) slli t5, t5, 0xb
x30 <- 0xFFFFFBEFFFFFF800

mem[X,0x0000000080000FD0] -> 0x0F13
mem[X,0x0000000080000FD2] -> 0x6A0F
[1017] [M]: 0x0000000080000FD0 (0x6A0F0F13) addi t5, t5, 0x6a0
x30 <- 0xFFFFFBEFFFFFFEA0

mem[X,0x0000000080000FD4] -> 0x1F13
mem[X,0x0000000080000FD6] -> 0x00AF
[1018] [M]: 0x0000000080000FD4 (0x00AF1F13) slli t5, t5, 0xa
x30 <- 0xFFEFBFFFFFFA8000

mem[X,0x0000000080000FD8] -> 0x4EB7
mem[X,0x0000000080000FDA] -> 0xFFEF
[1019] [M]: 0x0000000080000FD8 (0xFFEF4EB7) lui t4, -0x10c
x29 <- 0xFFFFFFFFFFEF4000

mem[X,0x0000000080000FDC] -> 0x8E93
mem[X,0x0000000080000FDE] -> 0xFFFE
[1020] [M]: 0x0000000080000FDC (0xFFFE8E93) addi t4, t4, -0x1
x29 <- 0xFFFFFFFFFFEF3FFF

mem[X,0x0000000080000FE0] -> 0x9E93
mem[X,0x0000000080000FE2] -> 0x00BE
[1021] [M]: 0x0000000080000FE0 (0x00BE9E93) slli t4, t4, 0xb
x29 <- 0xFFFFFFFF79FFF800

mem[X,0x0000000080000FE4] -> 0x8E93
mem[X,0x0000000080000FE6] -> 0x001E
[1022] [M]: 0x0000000080000FE4 (0x001E8E93) addi t4, t4, 0x1
x29 <- 0xFFFFFFFF79FFF801

mem[X,0x0000000080000FE8] -> 0x9E93
mem[X,0x0000000080000FEA] -> 0x00BE
[1023] [M]: 0x0000000080000FE8 (0x00BE9E93) slli t4, t4, 0xb
x29 <- 0xFFFFFBCFFFC00800

mem[X,0x0000000080000FEC] -> 0x8E93
mem[X,0x0000000080000FEE] -> 0x015E
[1024] [M]: 0x0000000080000FEC (0x015E8E93) addi t4, t4, 0x15
x29 <- 0xFFFFFBCFFFC00815

mem[X,0x0000000080000FF0] -> 0x9E93
mem[X,0x0000000080000FF2] -> 0x00AE
[1025] [M]: 0x0000000080000FF0 (0x00AE9E93) slli t4, t4, 0xa
x29 <- 0xFFEF3FFF00205400

mem[X,0x0000000080000FF4] -> 0x8E93
mem[X,0x0000000080000FF6] -> 0x155E
[1026] [M]: 0x0000000080000FF4 (0x155E8E93) addi t4, t4, 0x155
x29 <- 0xFFEF3FFF00205555

mem[X,0x0000000080000FF8] -> 0x7FBB
mem[X,0x0000000080000FFA] -> 0xA1DF
[1027] [M]: 0x0000000080000FF8 (0xA1DF7FBB) pmulh.h.be t6, t5, t4
x31 <- 0x00000000FFFFFFD5

mem[X,0x0000000080000FFC] -> 0xBC23
mem[X,0x0000000080000FFE] -> 0x0BF3
[1028] [M]: 0x0000000080000FFC (0x0BF3BC23) sd t6, 0xb8(t2)
mem[0x00000000800042A8] <- 0x00000000FFFFFFD5

mem[X,0x0000000080001000] -> 0x0F37
mem[X,0x0000000080001002] -> 0xFFF7
[1029] [M]: 0x0000000080001000 (0xFFF70F37) lui t5, -0x90
x30 <- 0xFFFFFFFFFFF70000

mem[X,0x0000000080001004] -> 0x0F13
mem[X,0x0000000080001006] -> 0xFFFF
[1030] [M]: 0x0000000080001004 (0xFFFF0F13) addi t5, t5, -0x1
x30 <- 0xFFFFFFFFFFF6FFFF

mem[X,0x0000000080001008] -> 0x1F13
mem[X,0x000000008000100A] -> 0x00BF
[1031] [M]: 0x0000000080001008 (0x00BF1F13) slli t5, t5, 0xb
x30 <- 0xFFFFFFFFB7FFF800

mem[X,0x000000008000100C] -> 0x0F13
mem[X,0x000000008000100E] -> 0x080F
[1032] [M]: 0x000000008000100C (0x080F0F13) addi t5, t5, 0x80
x30 <- 0xFFFFFFFFB7FFF880

mem[X,0x0000000080001010] -> 0x1F13
mem[X,0x0000000080001012] -> 0x00BF
[1033] [M]: 0x0000000080001010 (0x00BF1F13) slli t5, t5, 0xb
x30 <- 0xFFFFFDBFFFC40000

mem[X,0x0000000080001014] -> 0x0F13
mem[X,0x0000000080001016] -> 0x001F
[1034] [M]: 0x0000000080001014 (0x001F0F13) addi t5, t5, 0x1
x30 <- 0xFFFFFDBFFFC40001

mem[X,0x0000000080001018] -> 0x1F13
mem[X,0x000000008000101A] -> 0x00AF
[1035] [M]: 0x0000000080001018 (0x00AF1F13) slli t5, t5, 0xa
x30 <- 0xFFF6FFFF10000400

mem[X,0x000000008000101C] -> 0x0EB7
mem[X,0x000000008000101E] -> 0xFFDF
[1036] [M]: 0x000000008000101C (0xFFDF0EB7) lui t4, -0x210
x29 <- 0xFFFFFFFFFFDF0000

mem[X,0x0000000080001020] -> 0x8E93
mem[X,0x0000000080001022] -> 0x100E
[1037] [M]: 0x0000000080001020 (0x100E8E93) addi t4, t4, 0x100
x29 <- 0xFFFFFFFFFFDF0100

mem[X,0x0000000080001024] -> 0x9E93
mem[X,0x0000000080001026] -> 0x00BE
[1038] [M]: 0x0000000080001024 (0x00BE9E93) slli t4, t4, 0xb
x29 <- 0xFFFFFFFEF8080000

mem[X,0x0000000080001028] -> 0x8E93
mem[X,0x000000008000102A] -> 0x7EFE
[1039] [M]: 0x0000000080001028 (0x7EFE8E93) addi t4, t4, 0x7ef
x29 <- 0xFFFFFFFEF80807EF

mem[X,0x000000008000102C] -> 0x9E93
mem[X,0x000000008000102E] -> 0x00BE
[1040] [M]: 0x000000008000102C (0x00BE9E93) slli t4, t4, 0xb
x29 <- 0xFFFFF7C0403F7800

mem[X,0x0000000080001030] -> 0x8E93
mem[X,0x0000000080001032] -> 0x7FFE
[1041] [M]: 0x0000000080001030 (0x7FFE8E93) addi t4, t4, 0x7ff
x29 <- 0xFFFFF7C0403F7FFF

mem[X,0x0000000080001034] -> 0x9E93
mem[X,0x0000000080001036] -> 0x00AE
[1042] [M]: 0x0000000080001034 (0x00AE9E93) slli t4, t4, 0xa
x29 <- 0xFFDF0100FDFFFC00

mem[X,0x0000000080001038] -> 0x8E93
mem[X,0x000000008000103A] -> 0x3FFE
[1043] [M]: 0x0000000080001038 (0x3FFE8E93) addi t4, t4, 0x3ff
x29 <- 0xFFDF0100FDFFFFFF

mem[X,0x000000008000103C] -> 0x7FBB
mem[X,0x000000008000103E] -> 0xA1DF
[1044] [M]: 0x000000008000103C (0xA1DF7FBB) pmulh.h.be t6, t5, t4
x31 <- 0x00000000FFFFFFFF

mem[X,0x0000000080001040] -> 0xB023
mem[X,0x0000000080001042] -> 0x0DF3
[1045] [M]: 0x0000000080001040 (0x0DF3B023) sd t6, 0xc0(t2)
mem[0x00000000800042B0] <- 0x00000000FFFFFFFF

mem[X,0x0000000080001044] -> 0x0F37
mem[X,0x0000000080001046] -> 0xBFFF
[1046] [M]: 0x0000000080001044 (0xBFFF0F37) lui t5, -0x40010
x30 <- 0xFFFFFFFFBFFF0000

mem[X,0x0000000080001048] -> 0x0F13
mem[X,0x000000008000104A] -> 0x400F
[1047] [M]: 0x0000000080001048 (0x400F0F13) addi t5, t5, 0x400
x30 <- 0xFFFFFFFFBFFF0400

mem[X,0x000000008000104C] -> 0x1F13
mem[X,0x000000008000104E] -> 0x00BF
[1048] [M]: 0x000000008000104C (0x00BF1F13) slli t5, t5, 0xb
x30 <- 0xFFFFFDFFF8200000

mem[X,0x0000000080001050] -> 0x0F13
mem[X,0x0000000080001052] -> 0x400F
[1049] [M]: 0x0000000080001050 (0x400F0F13) addi t5, t5, 0x400
x30 <- 0xFFFFFDFFF8200400

mem[X,0x0000000080001054] -> 0x1F13
mem[X,0x0000000080001056] -> 0x00BF
[1050] [M]: 0x0000000080001054 (0x00BF1F13) slli t5, t5, 0xb
x30 <- 0xFFEFFFC100200000

mem[X,0x0000000080001058] -> 0x0F13
mem[X,0x000000008000105A] -> 0x010F
[1051] [M]: 0x0000000080001058 (0x010F0F13) addi t5, t5, 0x10
x30 <- 0xFFEFFFC100200010

mem[X,0x000000008000105C] -> 0x1F13
mem[X,0x000000008000105E] -> 0x00AF
[1052] [M]: 0x000000008000105C (0x00AF1F13) slli t5, t5, 0xa
x30 <- 0xBFFF040080004000

mem[X,0x0000000080001060] -> 0x0EB7
mem[X,0x0000000080001062] -> 0xFF80
[1053] [M]: 0x0000000080001060 (0xFF800EB7) lui t4, -0x800
x29 <- 0xFFFFFFFFFF800000

mem[X,0x0000000080001064] -> 0x8E93
mem[X,0x0000000080001066] -> 0xFFAE
[1054] [M]: 0x0000000080001064 (0xFFAE8E93) addi t4, t4, -0x6
x29 <- 0xFFFFFFFFFF7FFFFA

mem[X,0x0000000080001068] -> 0x9E93
mem[X,0x000000008000106A] -> 0x00BE
[1055] [M]: 0x0000000080001068 (0x00BE9E93) slli t4, t4, 0xb
x29 <- 0xFFFFFFFBFFFFD000

mem[X,0x000000008000106C] -> 0x8E93
mem[X,0x000000008000106E] -> 0x7FFE
[1056] [M]: 0x000000008000106C (0x7FFE8E93) addi t4, t4, 0x7ff
x29 <- 0xFFFFFFFBFFFFD7FF

mem[X,0x0000000080001070] -> 0x9E93
mem[X,0x0000000080001072] -> 0x00BE
[1057] [M]: 0x0000000080001070 (0x00BE9E93) slli t4, t4, 0xb
x29 <- 0xFFFFDFFFFEBFF800

mem[X,0x0000000080001074] -> 0x8E93
mem[X,0x0000000080001076] -> 0x780E
[1058] [M]: 0x0000000080001074 (0x780E8E93) addi t4, t4, 0x780
x29 <- 0xFFFFDFFFFEBFFF80

mem[X,0x0000000080001078] -> 0x9E93
mem[X,0x000000008000107A] -> 0x00AE
[1059] [M]: 0x0000000080001078 (0x00AE9E93) slli t4, t4, 0xa
x29 <- 0xFF7FFFFAFFFE0000

mem[X,0x000000008000107C] -> 0x8E93
mem[X,0x000000008000107E] -> 0x007E
[1060] [M]: 0x000000008000107C (0x007E8E93) addi t4, t4, 0x7
x29 <- 0xFF7FFFFAFFFE0007

mem[X,0x0000000080001080] -> 0x7FBB
mem[X,0x0000000080001082] -> 0xA1DF
[1061] [M]: 0x0000000080001080 (0xA1DF7FBB) pmulh.h.be t6, t5, t4
x31 <- 0xFFE0FFFF00010001

mem[X,0x0000000080001084] -> 0xB423
mem[X,0x0000000080001086] -> 0x0DF3
[1062] [M]: 0x0000000080001084 (0x0DF3B423) sd t6, 0xc8(t2)
mem[0x00000000800042B8] <- 0xFFE0FFFF00010001

mem[X,0x0000000080001088] -> 0x0F37
mem[X,0x000000008000108A] -> 0x5556
[1063] [M]: 0x0000000080001088 (0x55560F37) lui t5, 0x55560
x30 <- 0x0000000055560000

mem[X,0x000000008000108C] -> 0x0F13
mem[X,0x000000008000108E] -> 0xF7FF
[1064] [M]: 0x000000008000108C (0xF7FF0F13) addi t5, t5, -0x81
x30 <- 0x000000005555FF7F

mem[X,0x0000000080001090] -> 0x1F13
mem[X,0x0000000080001092] -> 0x00BF
[1065] [M]: 0x0000000080001090 (0x00BF1F13) slli t5, t5, 0xb
x30 <- 0x000002AAAFFBF800

mem[X,0x0000000080001094] -> 0x0F13
mem[X,0x0000000080001096] -> 0x600F
[1066] [M]: 0x0000000080001094 (0x600F0F13) addi t5, t5, 0x600
x30 <- 0x000002AAAFFBFE00

mem[X,0x0000000080001098] -> 0x1F13
mem[X,0x000000008000109A] -> 0x00BF
[1067] [M]: 0x0000000080001098 (0x00BF1F13) slli t5, t5, 0xb
x30 <- 0x0015557FDFF00000

mem[X,0x000000008000109C] -> 0x0F13
mem[X,0x000000008000109E] -> 0x03BF
[1068] [M]: 0x000000008000109C (0x03BF0F13) addi t5, t5, 0x3b
x30 <- 0x0015557FDFF0003B

mem[X,0x00000000800010A0] -> 0x1F13
mem[X,0x00000000800010A2] -> 0x00AF
[1069] [M]: 0x00000000800010A0 (0x00AF1F13) slli t5, t5, 0xa
x30 <- 0x5555FF7FC000EC00

mem[X,0x00000000800010A4] -> 0x0F13
mem[X,0x00000000800010A6] -> 0x3FFF
[1070] [M]: 0x00000000800010A4 (0x3FFF0F13) addi t5, t5, 0x3ff
x30 <- 0x5555FF7FC000EFFF

mem[X,0x00000000800010A8] -> 0xEEB7
mem[X,0x00000000800010AA] -> 0xFDFF
[1071] [M]: 0x00000000800010A8 (0xFDFFEEB7) lui t4, -0x2002
x29 <- 0xFFFFFFFFFDFFE000

mem[X,0x00000000800010AC] -> 0x8E93
mem[X,0x00000000800010AE] -> 0xFFFE
[1072] [M]: 0x00000000800010AC (0xFFFE8E93) addi t4, t4, -0x1
x29 <- 0xFFFFFFFFFDFFDFFF

mem[X,0x00000000800010B0] -> 0x9E93
mem[X,0x00000000800010B2] -> 0x00BE
[1073] [M]: 0x00000000800010B0 (0x00BE9E93) slli t4, t4, 0xb
x29 <- 0xFFFFFFEFFEFFF800

mem[X,0x00000000800010B4] -> 0x8E93
mem[X,0x00000000800010B6] -> 0x7FFE
[1074] [M]: 0x00000000800010B4 (0x7FFE8E93) addi t4, t4, 0x7ff
x29 <- 0xFFFFFFEFFEFFFFFF

mem[X,0x00000000800010B8] -> 0x9E93
mem[X,0x00000000800010BA] -> 0x00BE
[1075] [M]: 0x00000000800010B8 (0x00BE9E93) slli t4, t4, 0xb
x29 <- 0xFFFF7FF7FFFFF800

mem[X,0x00000000800010BC] -> 0x8E93
mem[X,0x00000000800010BE] -> 0x5C0E
[1076] [M]: 0x00000000800010BC (0x5C0E8E93) addi t4, t4, 0x5c0
x29 <- 0xFFFF7FF7FFFFFDC0

mem[X,0x00000000800010C0] -> 0x9E93
mem[X,0x00000000800010C2] -> 0x00AE
[1077] [M]: 0x00000000800010C0 (0x00AE9E93) slli t4, t4, 0xa
x29 <- 0xFDFFDFFFFFF70000

mem[X,0x00000000800010C4] -> 0x8E93
mem[X,0x00000000800010C6] -> 0x009E
[1078] [M]: 0x00000000800010C4 (0x009E8E93) addi t4, t4, 0x9
x29 <- 0xFDFFDFFFFFF70009

mem[X,0x00000000800010C8] -> 0x7FBB
mem[X,0x00000000800010CA] -> 0xA1DF
[1079] [M]: 0x00000000800010C8 (0xA1DF7FBB) pmulh.h.be t6, t5, t4
x31 <- 0xFFFF00000002FFFF

mem[X,0x00000000800010CC] -> 0xB823
mem[X,0x00000000800010CE] -> 0x0DF3
[1080] [M]: 0x00000000800010CC (0x0DF3B823) sd t6, 0xd0(t2)
mem[0x00000000800042C0] <- 0xFFFF00000002FFFF

mem[X,0x00000000800010D0] -> 0x0F37
mem[X,0x00000000800010D2] -> 0x0003
[1081] [M]: 0x00000000800010D0 (0x00030F37) lui t5, 0x30
x30 <- 0x0000000000030000

mem[X,0x00000000800010D4] -> 0x0F13
mem[X,0x00000000800010D6] -> 0xFFFF
[1082] [M]: 0x00000000800010D4 (0xFFFF0F13) addi t5, t5, -0x1
x30 <- 0x000000000002FFFF

mem[X,0x00000000800010D8] -> 0x1F13
mem[X,0x00000000800010DA] -> 0x00BF
[1083] [M]: 0x00000000800010D8 (0x00BF1F13) slli t5, t5, 0xb
x30 <- 0x0000000017FFF800

mem[X,0x00000000800010DC] -> 0x0F13
mem[X,0x00000000800010DE] -> 0x010F
[1084] [M]: 0x00000000800010DC (0x010F0F13) addi t5, t5, 0x10
x30 <- 0x0000000017FFF810

mem[X,0x00000000800010E0] -> 0x1F13
mem[X,0x00000000800010E2] -> 0x00BF
[1085] [M]: 0x00000000800010E0 (0x00BF1F13) slli t5, t5, 0xb
x30 <- 0x000000BFFFC08000

mem[X,0x00000000800010E4] -> 0x0F13
mem[X,0x00000000800010E6] -> 0x03FF
[1086] [M]: 0x00000000800010E4 (0x03FF0F13) addi t5, t5, 0x3f
x30 <- 0x000000BFFFC0803F

mem[X,0x00000000800010E8] -> 0x1F13
mem[X,0x00000000800010EA] -> 0x00AF
[1087] [M]: 0x00000000800010E8 (0x00AF1F13) slli t5, t5, 0xa
x30 <- 0x0002FFFF0200FC00

mem[X,0x00000000800010EC] -> 0x0F13
mem[X,0x00000000800010EE] -> 0x1FFF
[1088] [M]: 0x00000000800010EC (0x1FFF0F13) addi t5, t5, 0x1ff
x30 <- 0x0002FFFF0200FDFF

mem[X,0x00000000800010F0] -> 0x0EB7
mem[X,0x00000000800010F2] -> 0xFBFF
[1089] [M]: 0x00000000800010F0 (0xFBFF0EB7) lui t4, -0x4010
x29 <- 0xFFFFFFFFFBFF0000

mem[X,0x00000000800010F4] -> 0x8E93
mem[X,0x00000000800010F6] -> 0x007E
[1090] [M]: 0x00000000800010F4 (0x007E8E93) addi t4, t4, 0x7
x29 <- 0xFFFFFFFFFBFF0007

mem[X,0x00000000800010F8] -> 0x9E93
mem[X,0x00000000800010FA] -> 0x00BE
[1091] [M]: 0x00000000800010F8 (0x00BE9E93) slli t4, t4, 0xb
x29 <- 0xFFFFFFDFF8003800

mem[X,0x00000000800010FC] -> 0x8E93
mem[X,0x00000000800010FE] -> 0x7FFE
[1092] [M]: 0x00000000800010FC (0x7FFE8E93) addi t4, t4, 0x7ff
x29 <- 0xFFFFFFDFF8003FFF

mem[X,0x0000000080001100] -> 0x9E93
mem[X,0x0000000080001102] -> 0x00BE
[1093] [M]: 0x0000000080001100 (0x00BE9E93) slli t4, t4, 0xb
x29 <- 0xFFFEFFC001FFF800

mem[X,0x0000000080001104] -> 0x8E93
mem[X,0x0000000080001106] -> 0x600E
[1094] [M]: 0x0000000080001104 (0x600E8E93) addi t4, t4, 0x600
x29 <- 0xFFFEFFC001FFFE00

mem[X,0x0000000080001108] -> 0x9E93
mem[X,0x000000008000110A] -> 0x00AE
[1095] [M]: 0x0000000080001108 (0x00AE9E93) slli t4, t4, 0xa
x29 <- 0xFBFF0007FFF80000

mem[X,0x000000008000110C] -> 0x8E93
mem[X,0x000000008000110E] -> 0x040E
[1096] [M]: 0x000000008000110C (0x040E8E93) addi t4, t4, 0x40
x29 <- 0xFBFF0007FFF80040

mem[X,0x0000000080001110] -> 0x7FBB
mem[X,0x0000000080001112] -> 0xA1DF
[1097] [M]: 0x0000000080001110 (0xA1DF7FBB) pmulh.h.be t6, t5, t4
x31 <- 0xFFFFFFFFFFFFFFFF

mem[X,0x0000000080001114] -> 0xBC23
mem[X,0x0000000080001116] -> 0x0DF3
[1098] [M]: 0x0000000080001114 (0x0DF3BC23) sd t6, 0xd8(t2)
mem[0x00000000800042C8] <- 0xFFFFFFFFFFFFFFFF

mem[X,0x0000000080001118] -> 0x0F37
mem[X,0x000000008000111A] -> 0xFFF6
[1099] [M]: 0x0000000080001118 (0xFFF60F37) lui t5, -0xa0
x30 <- 0xFFFFFFFFFFF60000

clint::tick mtime <- 0x000000000000000B
 clint timer pending at mtime 0x000000000000000B
htif::tick 0x0000000000000000
mem[X,0x000000008000111C] -> 0x0F13
mem[X,0x000000008000111E] -> 0x040F
[1100] [M]: 0x000000008000111C (0x040F0F13) addi t5, t5, 0x40
x30 <- 0xFFFFFFFFFFF60040

mem[X,0x0000000080001120] -> 0x1F13
mem[X,0x0000000080001122] -> 0x00BF
[1101] [M]: 0x0000000080001120 (0x00BF1F13) slli t5, t5, 0xb
x30 <- 0xFFFFFFFFB0020000

mem[X,0x0000000080001124] -> 0x0F13
mem[X,0x0000000080001126] -> 0x000F
[1102] [M]: 0x0000000080001124 (0x000F0F13) addi t5, t5, 0x0
x30 <- 0xFFFFFFFFB0020000

mem[X,0x0000000080001128] -> 0x1F13
mem[X,0x000000008000112A] -> 0x00BF
[1103] [M]: 0x0000000080001128 (0x00BF1F13) slli t5, t5, 0xb
x30 <- 0xFFFFFD8010000000

mem[X,0x000000008000112C] -> 0x0F13
mem[X,0x000000008000112E] -> 0x080F
[1104] [M]: 0x000000008000112C (0x080F0F13) addi t5, t5, 0x80
x30 <- 0xFFFFFD8010000080

mem[X,0x0000000080001130] -> 0x1F13
mem[X,0x0000000080001132] -> 0x00AF
[1105] [M]: 0x0000000080001130 (0x00AF1F13) slli t5, t5, 0xa
x30 <- 0xFFF6004000020000

mem[X,0x0000000080001134] -> 0x0F13
mem[X,0x0000000080001136] -> 0x007F
[1106] [M]: 0x0000000080001134 (0x007F0F13) addi t5, t5, 0x7
x30 <- 0xFFF6004000020007

mem[X,0x0000000080001138] -> 0x0EB7
mem[X,0x000000008000113A] -> 0xF800
[1107] [M]: 0x0000000080001138 (0xF8000EB7) lui t4, -0x8000
x29 <- 0xFFFFFFFFF8000000

mem[X,0x000000008000113C] -> 0x8E93
mem[X,0x000000008000113E] -> 0xFF6E
[1108] [M]: 0x000000008000113C (0xFF6E8E93) addi t4, t4, -0xa
x29 <- 0xFFFFFFFFF7FFFFF6

mem[X,0x0000000080001140] -> 0x9E93
mem[X,0x0000000080001142] -> 0x00BE
[1109] [M]: 0x0000000080001140 (0x00BE9E93) slli t4, t4, 0xb
x29 <- 0xFFFFFFBFFFFFB000

mem[X,0x0000000080001144] -> 0x8E93
mem[X,0x0000000080001146] -> 0x7FDE
[1110] [M]: 0x0000000080001144 (0x7FDE8E93) addi t4, t4, 0x7fd
x29 <- 0xFFFFFFBFFFFFB7FD

mem[X,0x0000000080001148] -> 0x9E93
mem[X,0x000000008000114A] -> 0x00BE
[1111] [M]: 0x0000000080001148 (0x00BE9E93) slli t4, t4, 0xb
x29 <- 0xFFFDFFFFFDBFE800

mem[X,0x000000008000114C] -> 0x8E93
mem[X,0x000000008000114E] -> 0x7D5E
[1112] [M]: 0x000000008000114C (0x7D5E8E93) addi t4, t4, 0x7d5
x29 <- 0xFFFDFFFFFDBFEFD5

mem[X,0x0000000080001150] -> 0x9E93
mem[X,0x0000000080001152] -> 0x00AE
[1113] [M]: 0x0000000080001150 (0x00AE9E93) slli t4, t4, 0xa
x29 <- 0xF7FFFFF6FFBF5400

mem[X,0x0000000080001154] -> 0x8E93
mem[X,0x0000000080001156] -> 0x155E
[1114] [M]: 0x0000000080001154 (0x155E8E93) addi t4, t4, 0x155
x29 <- 0xF7FFFFF6FFBF5555

mem[X,0x0000000080001158] -> 0x7FBB
mem[X,0x000000008000115A] -> 0xA1DF
[1115] [M]: 0x0000000080001158 (0xA1DF7FBB) pmulh.h.be t6, t5, t4
x31 <- 0x0000FFFFFFFF0000

mem[X,0x000000008000115C] -> 0xB023
mem[X,0x000000008000115E] -> 0x0FF3
[1116] [M]: 0x000000008000115C (0x0FF3B023) sd t6, 0xe0(t2)
mem[0x00000000800042D0] <- 0x0000FFFFFFFF0000

mem[X,0x0000000080001160] -> 0x0F37
mem[X,0x0000000080001162] -> 0x0201
[1117] [M]: 0x0000000080001160 (0x02010F37) lui t5, 0x2010
x30 <- 0x0000000002010000

mem[X,0x0000000080001164] -> 0x0F13
mem[X,0x0000000080001166] -> 0xFF8F
[1118] [M]: 0x0000000080001164 (0xFF8F0F13) addi t5, t5, -0x8
x30 <- 0x000000000200FFF8

mem[X,0x0000000080001168] -> 0x1F13
mem[X,0x000000008000116A] -> 0x00BF
[1119] [M]: 0x0000000080001168 (0x00BF1F13) slli t5, t5, 0xb
x30 <- 0x0000001007FFC000

mem[X,0x000000008000116C] -> 0x0F13
mem[X,0x000000008000116E] -> 0x000F
[1120] [M]: 0x000000008000116C (0x000F0F13) addi t5, t5, 0x0
x30 <- 0x0000001007FFC000

mem[X,0x0000000080001170] -> 0x1F13
mem[X,0x0000000080001172] -> 0x00BF
[1121] [M]: 0x0000000080001170 (0x00BF1F13) slli t5, t5, 0xb
x30 <- 0x0000803FFE000000

mem[X,0x0000000080001174] -> 0x0F13
mem[X,0x0000000080001176] -> 0x43FF
[1122] [M]: 0x0000000080001174 (0x43FF0F13) addi t5, t5, 0x43f
x30 <- 0x0000803FFE00043F

mem[X,0x0000000080001178] -> 0x1F13
mem[X,0x000000008000117A] -> 0x00AF
[1123] [M]: 0x0000000080001178 (0x00AF1F13) slli t5, t5, 0xa
x30 <- 0x0200FFF80010FC00

mem[X,0x000000008000117C] -> 0x0F13
mem[X,0x000000008000117E] -> 0x3FEF
[1124] [M]: 0x000000008000117C (0x3FEF0F13) addi t5, t5, 0x3fe
x30 <- 0x0200FFF80010FFFE

mem[X,0x0000000080001180] -> 0x2EB7
mem[X,0x0000000080001182] -> 0x5555
[1125] [M]: 0x0000000080001180 (0x55552EB7) lui t4, 0x55552
x29 <- 0x0000000055552000

mem[X,0x0000000080001184] -> 0x8E93
mem[X,0x0000000080001186] -> 0x000E
[1126] [M]: 0x0000000080001184 (0x000E8E93) addi t4, t4, 0x0
x29 <- 0x0000000055552000

mem[X,0x0000000080001188] -> 0x9E93
mem[X,0x000000008000118A] -> 0x00BE
[1127] [M]: 0x0000000080001188 (0x00BE9E93) slli t4, t4, 0xb
x29 <- 0x000002AAA9000000

mem[X,0x000000008000118C] -> 0x8E93
mem[X,0x000000008000118E] -> 0x7FFE
[1128] [M]: 0x000000008000118C (0x7FFE8E93) addi t4, t4, 0x7ff
x29 <- 0x000002AAA90007FF

mem[X,0x0000000080001190] -> 0x9E93
mem[X,0x0000000080001192] -> 0x00BE
[1129] [M]: 0x0000000080001190 (0x00BE9E93) slli t4, t4, 0xb
x29 <- 0x00155548003FF800

mem[X,0x0000000080001194] -> 0x8E93
mem[X,0x0000000080001196] -> 0x737E
[1130] [M]: 0x0000000080001194 (0x737E8E93) addi t4, t4, 0x737
x29 <- 0x00155548003FFF37

mem[X,0x0000000080001198] -> 0x9E93
mem[X,0x000000008000119A] -> 0x00AE
[1131] [M]: 0x0000000080001198 (0x00AE9E93) slli t4, t4, 0xa
x29 <- 0x55552000FFFCDC00

mem[X,0x000000008000119C] -> 0x8E93
mem[X,0x000000008000119E] -> 0x3FFE
[1132] [M]: 0x000000008000119C (0x3FFE8E93) addi t4, t4, 0x3ff
x29 <- 0x55552000FFFCDFFF

mem[X,0x00000000800011A0] -> 0x7FBB
mem[X,0x00000000800011A2] -> 0xA1DF
[1133] [M]: 0x00000000800011A0 (0xA1DF7FBB) pmulh.h.be t6, t5, t4
x31 <- 0x00000000FFFF0000

mem[X,0x00000000800011A4] -> 0xB423
mem[X,0x00000000800011A6] -> 0x0FF3
[1134] [M]: 0x00000000800011A4 (0x0FF3B423) sd t6, 0xe8(t2)
mem[0x00000000800042D8] <- 0x00000000FFFF0000

mem[X,0x00000000800011A8] -> 0x8F37
mem[X,0x00000000800011AA] -> 0x0002
[1135] [M]: 0x00000000800011A8 (0x00028F37) lui t5, 0x28
x30 <- 0x0000000000028000

mem[X,0x00000000800011AC] -> 0x0F13
mem[X,0x00000000800011AE] -> 0xFFFF
[1136] [M]: 0x00000000800011AC (0xFFFF0F13) addi t5, t5, -0x1
x30 <- 0x0000000000027FFF

mem[X,0x00000000800011B0] -> 0x1F13
mem[X,0x00000000800011B2] -> 0x00BF
[1137] [M]: 0x00000000800011B0 (0x00BF1F13) slli t5, t5, 0xb
x30 <- 0x0000000013FFF800

mem[X,0x00000000800011B4] -> 0x0F13
mem[X,0x00000000800011B6] -> 0x100F
[1138] [M]: 0x00000000800011B4 (0x100F0F13) addi t5, t5, 0x100
x30 <- 0x0000000013FFF900

mem[X,0x00000000800011B8] -> 0x1F13
mem[X,0x00000000800011BA] -> 0x00BF
[1139] [M]: 0x00000000800011B8 (0x00BF1F13) slli t5, t5, 0xb
x30 <- 0x0000009FFFC80000

mem[X,0x00000000800011BC] -> 0x0F13
mem[X,0x00000000800011BE] -> 0x03FF
[1140] [M]: 0x00000000800011BC (0x03FF0F13) addi t5, t5, 0x3f
x30 <- 0x0000009FFFC8003F

mem[X,0x00000000800011C0] -> 0x1F13
mem[X,0x00000000800011C2] -> 0x00AF
[1141] [M]: 0x00000000800011C0 (0x00AF1F13) slli t5, t5, 0xa
x30 <- 0x00027FFF2000FC00

mem[X,0x00000000800011C4] -> 0x0F13
mem[X,0x00000000800011C6] -> 0x3DFF
[1142] [M]: 0x00000000800011C4 (0x3DFF0F13) addi t5, t5, 0x3df
x30 <- 0x00027FFF2000FFDF

mem[X,0x00000000800011C8] -> 0x0EB7
mem[X,0x00000000800011CA] -> 0xAAAA
[1143] [M]: 0x00000000800011C8 (0xAAAA0EB7) lui t4, -0x55560
x29 <- 0xFFFFFFFFAAAA0000

mem[X,0x00000000800011CC] -> 0x8E93
mem[X,0x00000000800011CE] -> 0x400E
[1144] [M]: 0x00000000800011CC (0x400E8E93) addi t4, t4, 0x400
x29 <- 0xFFFFFFFFAAAA0400

mem[X,0x00000000800011D0] -> 0x9E93
mem[X,0x00000000800011D2] -> 0x00BE
[1145] [M]: 0x00000000800011D0 (0x00BE9E93) slli t4, t4, 0xb
x29 <- 0xFFFFFD5550200000

mem[X,0x00000000800011D4] -> 0x8E93
mem[X,0x00000000800011D6] -> 0x000E
[1146] [M]: 0x00000000800011D4 (0x000E8E93) addi t4, t4, 0x0
x29 <- 0xFFFFFD5550200000

mem[X,0x00000000800011D8] -> 0x9E93
mem[X,0x00000000800011DA] -> 0x00BE
[1147] [M]: 0x00000000800011D8 (0x00BE9E93) slli t4, t4, 0xb
x29 <- 0xFFEAAA8100000000

mem[X,0x00000000800011DC] -> 0x8E93
mem[X,0x00000000800011DE] -> 0x040E
[1148] [M]: 0x00000000800011DC (0x040E8E93) addi t4, t4, 0x40
x29 <- 0xFFEAAA8100000040

mem[X,0x00000000800011E0] -> 0x9E93
mem[X,0x00000000800011E2] -> 0x00AE
[1149] [M]: 0x00000000800011E0 (0x00AE9E93) slli t4, t4, 0xa
x29 <- 0xAAAA040000010000

mem[X,0x00000000800011E4] -> 0x8E93
mem[X,0x00000000800011E6] -> 0x006E
[1150] [M]: 0x00000000800011E4 (0x006E8E93) addi t4, t4, 0x6
x29 <- 0xAAAA040000010006

mem[X,0x00000000800011E8] -> 0x7FBB
mem[X,0x00000000800011EA] -> 0xA1DF
[1151] [M]: 0x00000000800011E8 (0xA1DF7FBB) pmulh.h.be t6, t5, t4
x31 <- 0xFFFF00000000FFFF

mem[X,0x00000000800011EC] -> 0xB823
mem[X,0x00000000800011EE] -> 0x0FF3
[1152] [M]: 0x00000000800011EC (0x0FF3B823) sd t6, 0xf0(t2)
mem[0x00000000800042E0] <- 0xFFFF00000000FFFF

mem[X,0x00000000800011F0] -> 0x0F37
mem[X,0x00000000800011F2] -> 0x0009
[1153] [M]: 0x00000000800011F0 (0x00090F37) lui t5, 0x90
x30 <- 0x0000000000090000

mem[X,0x00000000800011F4] -> 0x0F13
mem[X,0x00000000800011F6] -> 0xFDFF
[1154] [M]: 0x00000000800011F4 (0xFDFF0F13) addi t5, t5, -0x21
x30 <- 0x000000000008FFDF

mem[X,0x00000000800011F8] -> 0x1F13
mem[X,0x00000000800011FA] -> 0x00BF
[1155] [M]: 0x00000000800011F8 (0x00BF1F13) slli t5, t5, 0xb
x30 <- 0x0000000047FEF800

mem[X,0x00000000800011FC] -> 0x0F13
mem[X,0x00000000800011FE] -> 0x002F
[1156] [M]: 0x00000000800011FC (0x002F0F13) addi t5, t5, 0x2
x30 <- 0x0000000047FEF802

mem[X,0x0000000080001200] -> 0x1F13
mem[X,0x0000000080001202] -> 0x00BF
[1157] [M]: 0x0000000080001200 (0x00BF1F13) slli t5, t5, 0xb
x30 <- 0x0000023FF7C01000

mem[X,0x0000000080001204] -> 0x0F13
mem[X,0x0000000080001206] -> 0x03FF
[1158] [M]: 0x0000000080001204 (0x03FF0F13) addi t5, t5, 0x3f
x30 <- 0x0000023FF7C0103F

mem[X,0x0000000080001208] -> 0x1F13
mem[X,0x000000008000120A] -> 0x00AF
[1159] [M]: 0x0000000080001208 (0x00AF1F13) slli t5, t5, 0xa
x30 <- 0x0008FFDF0040FC00

mem[X,0x000000008000120C] -> 0x0F13
mem[X,0x000000008000120E] -> 0x3F9F
[1160] [M]: 0x000000008000120C (0x3F9F0F13) addi t5, t5, 0x3f9
x30 <- 0x0008FFDF0040FFF9

mem[X,0x0000000080001210] -> 0x0EB7
mem[X,0x0000000080001212] -> 0xFFF6
[1161] [M]: 0x0000000080001210 (0xFFF60EB7) lui t4, -0xa0
x29 <- 0xFFFFFFFFFFF60000

mem[X,0x0000000080001214] -> 0x8E93
mem[X,0x0000000080001216] -> 0x020E
[1162] [M]: 0x0000000080001214 (0x020E8E93) addi t4, t4, 0x20
x29 <- 0xFFFFFFFFFFF60020

mem[X,0x0000000080001218] -> 0x9E93
mem[X,0x000000008000121A] -> 0x00BE
[1163] [M]: 0x0000000080001218 (0x00BE9E93) slli t4, t4, 0xb
x29 <- 0xFFFFFFFFB0010000

mem[X,0x000000008000121C] -> 0x8E93
mem[X,0x000000008000121E] -> 0x004E
[1164] [M]: 0x000000008000121C (0x004E8E93) addi t4, t4, 0x4
x29 <- 0xFFFFFFFFB0010004

mem[X,0x0000000080001220] -> 0x9E93
mem[X,0x0000000080001222] -> 0x00BE
[1165] [M]: 0x0000000080001220 (0x00BE9E93) slli t4, t4, 0xb
x29 <- 0xFFFFFD8008002000

mem[X,0x0000000080001224] -> 0x8E93
mem[X,0x0000000080001226] -> 0x000E
[1166] [M]: 0x0000000080001224 (0x000E8E93) addi t4, t4, 0x0
x29 <- 0xFFFFFD8008002000

mem[X,0x0000000080001228] -> 0x9E93
mem[X,0x000000008000122A] -> 0x00AE
[1167] [M]: 0x0000000080001228 (0x00AE9E93) slli t4, t4, 0xa
x29 <- 0xFFF6002000800000

mem[X,0x000000008000122C] -> 0x8E93
mem[X,0x000000008000122E] -> 0x006E
[1168] [M]: 0x000000008000122C (0x006E8E93) addi t4, t4, 0x6
x29 <- 0xFFF6002000800006

mem[X,0x0000000080001230] -> 0x7FBB
mem[X,0x0000000080001232] -> 0xA1DF
[1169] [M]: 0x0000000080001230 (0xA1DF7FBB) pmulh.h.be t6, t5, t4
x31 <- 0xFFFFFFFFFFFFFFFF

mem[X,0x0000000080001234] -> 0xBC23
mem[X,0x0000000080001236] -> 0x0FF3
[1170] [M]: 0x0000000080001234 (0x0FF3BC23) sd t6, 0xf8(t2)
mem[0x00000000800042E8] <- 0xFFFFFFFFFFFFFFFF

mem[X,0x0000000080001238] -> 0x0F37
mem[X,0x000000008000123A] -> 0x0002
[1171] [M]: 0x0000000080001238 (0x00020F37) lui t5, 0x20
x30 <- 0x0000000000020000

mem[X,0x000000008000123C] -> 0x0F13
mem[X,0x000000008000123E] -> 0x400F
[1172] [M]: 0x000000008000123C (0x400F0F13) addi t5, t5, 0x400
x30 <- 0x0000000000020400

mem[X,0x0000000080001240] -> 0x1F13
mem[X,0x0000000080001242] -> 0x00BF
[1173] [M]: 0x0000000080001240 (0x00BF1F13) slli t5, t5, 0xb
x30 <- 0x0000000010200000

mem[X,0x0000000080001244] -> 0x0F13
mem[X,0x0000000080001246] -> 0x008F
[1174] [M]: 0x0000000080001244 (0x008F0F13) addi t5, t5, 0x8
x30 <- 0x0000000010200008

mem[X,0x0000000080001248] -> 0x1F13
mem[X,0x000000008000124A] -> 0x00BF
[1175] [M]: 0x0000000080001248 (0x00BF1F13) slli t5, t5, 0xb
x30 <- 0x0000008100004000

mem[X,0x000000008000124C] -> 0x0F13
mem[X,0x000000008000124E] -> 0x000F
[1176] [M]: 0x000000008000124C (0x000F0F13) addi t5, t5, 0x0
x30 <- 0x0000008100004000

mem[X,0x0000000080001250] -> 0x1F13
mem[X,0x0000000080001252] -> 0x00AF
[1177] [M]: 0x0000000080001250 (0x00AF1F13) slli t5, t5, 0xa
x30 <- 0x0002040001000000

mem[X,0x0000000080001254] -> 0x0F13
mem[X,0x0000000080001256] -> 0x008F
[1178] [M]: 0x0000000080001254 (0x008F0F13) addi t5, t5, 0x8
x30 <- 0x0002040001000008

mem[X,0x0000000080001258] -> 0x5EB7
mem[X,0x000000008000125A] -> 0x0006
[1179] [M]: 0x0000000080001258 (0x00065EB7) lui t4, 0x65
x29 <- 0x0000000000065000

mem[X,0x000000008000125C] -> 0x8E93
mem[X,0x000000008000125E] -> 0x555E
[1180] [M]: 0x000000008000125C (0x555E8E93) addi t4, t4, 0x555
x29 <- 0x0000000000065555

mem[X,0x0000000080001260] -> 0x9E93
mem[X,0x0000000080001262] -> 0x00BE
[1181] [M]: 0x0000000080001260 (0x00BE9E93) slli t4, t4, 0xb
x29 <- 0x0000000032AAA800

mem[X,0x0000000080001264] -> 0x8E93
mem[X,0x0000000080001266] -> 0x2AAE
[1182] [M]: 0x0000000080001264 (0x2AAE8E93) addi t4, t4, 0x2aa
x29 <- 0x0000000032AAAAAA

mem[X,0x0000000080001268] -> 0x9E93
mem[X,0x000000008000126A] -> 0x00BE
[1183] [M]: 0x0000000080001268 (0x00BE9E93) slli t4, t4, 0xb
x29 <- 0x0000019555555000

mem[X,0x000000008000126C] -> 0x8E93
mem[X,0x000000008000126E] -> 0x540E
[1184] [M]: 0x000000008000126C (0x540E8E93) addi t4, t4, 0x540
x29 <- 0x0000019555555540

mem[X,0x0000000080001270] -> 0x9E93
mem[X,0x0000000080001272] -> 0x00AE
[1185] [M]: 0x0000000080001270 (0x00AE9E93) slli t4, t4, 0xa
x29 <- 0x0006555555550000

mem[X,0x0000000080001274] -> 0x8E93
mem[X,0x0000000080001276] -> 0x002E
[1186] [M]: 0x0000000080001274 (0x002E8E93) addi t4, t4, 0x2
x29 <- 0x0006555555550002

mem[X,0x0000000080001278] -> 0x7FBB
mem[X,0x000000008000127A] -> 0xA1DF
[1187] [M]: 0x0000000080001278 (0xA1DF7FBB) pmulh.h.be t6, t5, t4
x31 <- 0x0000000100000000

mem[X,0x000000008000127C] -> 0xB023
mem[X,0x000000008000127E] -> 0x11F3
[1188] [M]: 0x000000008000127C (0x11F3B023) sd t6, 0x100(t2)
mem[0x00000000800042F0] <- 0x0000000100000000

mem[X,0x0000000080001280] -> 0x8F37
mem[X,0x0000000080001282] -> 0x0020
[1189] [M]: 0x0000000080001280 (0x00208F37) lui t5, 0x208
x30 <- 0x0000000000208000

mem[X,0x0000000080001284] -> 0x0F13
mem[X,0x0000000080001286] -> 0xFFFF
[1190] [M]: 0x0000000080001284 (0xFFFF0F13) addi t5, t5, -0x1
x30 <- 0x0000000000207FFF

mem[X,0x0000000080001288] -> 0x1F13
mem[X,0x000000008000128A] -> 0x00BF
[1191] [M]: 0x0000000080001288 (0x00BF1F13) slli t5, t5, 0xb
x30 <- 0x0000000103FFF800

mem[X,0x000000008000128C] -> 0x0F13
mem[X,0x000000008000128E] -> 0x040F
[1192] [M]: 0x000000008000128C (0x040F0F13) addi t5, t5, 0x40
x30 <- 0x0000000103FFF840

mem[X,0x0000000080001290] -> 0x1F13
mem[X,0x0000000080001292] -> 0x00BF
[1193] [M]: 0x0000000080001290 (0x00BF1F13) slli t5, t5, 0xb
x30 <- 0x0000081FFFC20000

mem[X,0x0000000080001294] -> 0x0F13
mem[X,0x0000000080001296] -> 0x03FF
[1194] [M]: 0x0000000080001294 (0x03FF0F13) addi t5, t5, 0x3f
x30 <- 0x0000081FFFC2003F

mem[X,0x0000000080001298] -> 0x1F13
mem[X,0x000000008000129A] -> 0x00AF
[1195] [M]: 0x0000000080001298 (0x00AF1F13) slli t5, t5, 0xa
x30 <- 0x00207FFF0800FC00

mem[X,0x000000008000129C] -> 0x0F13
mem[X,0x000000008000129E] -> 0x3F6F
[1196] [M]: 0x000000008000129C (0x3F6F0F13) addi t5, t5, 0x3f6
x30 <- 0x00207FFF0800FFF6

mem[X,0x00000000800012A0] -> 0x0EB7
mem[X,0x00000000800012A2] -> 0xFFF8
[1197] [M]: 0x00000000800012A0 (0xFFF80EB7) lui t4, -0x80
x29 <- 0xFFFFFFFFFFF80000

mem[X,0x00000000800012A4] -> 0x8E93
mem[X,0x00000000800012A6] -> 0xBFFE
[1198] [M]: 0x00000000800012A4 (0xBFFE8E93) addi t4, t4, -0x401
x29 <- 0xFFFFFFFFFFF7FBFF

mem[X,0x00000000800012A8] -> 0x9E93
mem[X,0x00000000800012AA] -> 0x00BE
[1199] [M]: 0x00000000800012A8 (0x00BE9E93) slli t4, t4, 0xb
x29 <- 0xFFFFFFFFBFDFF800

clint::tick mtime <- 0x000000000000000C
 clint timer pending at mtime 0x000000000000000C
htif::tick 0x0000000000000000
mem[X,0x00000000800012AC] -> 0x8E93
mem[X,0x00000000800012AE] -> 0x000E
[1200] [M]: 0x00000000800012AC (0x000E8E93) addi t4, t4, 0x0
x29 <- 0xFFFFFFFFBFDFF800

mem[X,0x00000000800012B0] -> 0x9E93
mem[X,0x00000000800012B2] -> 0x00BE
[1201] [M]: 0x00000000800012B0 (0x00BE9E93) slli t4, t4, 0xb
x29 <- 0xFFFFFDFEFFC00000

mem[X,0x00000000800012B4] -> 0x8E93
mem[X,0x00000000800012B6] -> 0x241E
[1202] [M]: 0x00000000800012B4 (0x241E8E93) addi t4, t4, 0x241
x29 <- 0xFFFFFDFEFFC00241

mem[X,0x00000000800012B8] -> 0x9E93
mem[X,0x00000000800012BA] -> 0x00AE
[1203] [M]: 0x00000000800012B8 (0x00AE9E93) slli t4, t4, 0xa
x29 <- 0xFFF7FBFF00090400

mem[X,0x00000000800012BC] -> 0x7FBB
mem[X,0x00000000800012BE] -> 0xA1DF
[1204] [M]: 0x00000000800012BC (0xA1DF7FBB) pmulh.h.be t6, t5, t4
x31 <- 0xFFFFFFFF00000000

mem[X,0x00000000800012C0] -> 0xB423
mem[X,0x00000000800012C2] -> 0x11F3
[1205] [M]: 0x00000000800012C0 (0x11F3B423) sd t6, 0x108(t2)
mem[0x00000000800042F8] <- 0xFFFFFFFF00000000

mem[X,0x00000000800012C4] -> 0x0F37
mem[X,0x00000000800012C6] -> 0x0081
[1206] [M]: 0x00000000800012C4 (0x00810F37) lui t5, 0x810
x30 <- 0x0000000000810000

mem[X,0x00000000800012C8] -> 0x0F13
mem[X,0x00000000800012CA] -> 0xF7FF
[1207] [M]: 0x00000000800012C8 (0xF7FF0F13) addi t5, t5, -0x81
x30 <- 0x000000000080FF7F

mem[X,0x00000000800012CC] -> 0x1F13
mem[X,0x00000000800012CE] -> 0x00BF
[1208] [M]: 0x00000000800012CC (0x00BF1F13) slli t5, t5, 0xb
x30 <- 0x0000000407FBF800

mem[X,0x00000000800012D0] -> 0x0F13
mem[X,0x00000000800012D2] -> 0x200F
[1209] [M]: 0x00000000800012D0 (0x200F0F13) addi t5, t5, 0x200
x30 <- 0x0000000407FBFA00

mem[X,0x00000000800012D4] -> 0x1F13
mem[X,0x00000000800012D6] -> 0x00BF
[1210] [M]: 0x00000000800012D4 (0x00BF1F13) slli t5, t5, 0xb
x30 <- 0x0000203FDFD00000

mem[X,0x00000000800012D8] -> 0x0F13
mem[X,0x00000000800012DA] -> 0x000F
[1211] [M]: 0x00000000800012D8 (0x000F0F13) addi t5, t5, 0x0
x30 <- 0x0000203FDFD00000

mem[X,0x00000000800012DC] -> 0x1F13
mem[X,0x00000000800012DE] -> 0x00AF
[1212] [M]: 0x00000000800012DC (0x00AF1F13) slli t5, t5, 0xa
x30 <- 0x0080FF7F40000000

mem[X,0x00000000800012E0] -> 0x0EB7
mem[X,0x00000000800012E2] -> 0x0006
[1213] [M]: 0x00000000800012E0 (0x00060EB7) lui t4, 0x60
x29 <- 0x0000000000060000

mem[X,0x00000000800012E4] -> 0x8E93
mem[X,0x00000000800012E6] -> 0x002E
[1214] [M]: 0x00000000800012E4 (0x002E8E93) addi t4, t4, 0x2
x29 <- 0x0000000000060002

mem[X,0x00000000800012E8] -> 0x9E93
mem[X,0x00000000800012EA] -> 0x00BE
[1215] [M]: 0x00000000800012E8 (0x00BE9E93) slli t4, t4, 0xb
x29 <- 0x0000000030001000

mem[X,0x00000000800012EC] -> 0x8E93
mem[X,0x00000000800012EE] -> 0x6FFE
[1216] [M]: 0x00000000800012EC (0x6FFE8E93) addi t4, t4, 0x6ff
x29 <- 0x00000000300016FF

mem[X,0x00000000800012F0] -> 0x9E93
mem[X,0x00000000800012F2] -> 0x00BE
[1217] [M]: 0x00000000800012F0 (0x00BE9E93) slli t4, t4, 0xb
x29 <- 0x0000018000B7F800

mem[X,0x00000000800012F4] -> 0x8E93
mem[X,0x00000000800012F6] -> 0x7C4E
[1218] [M]: 0x00000000800012F4 (0x7C4E8E93) addi t4, t4, 0x7c4
x29 <- 0x0000018000B7FFC4

mem[X,0x00000000800012F8] -> 0x9E93
mem[X,0x00000000800012FA] -> 0x00AE
[1219] [M]: 0x00000000800012F8 (0x00AE9E93) slli t4, t4, 0xa
x29 <- 0x00060002DFFF1000

mem[X,0x00000000800012FC] -> 0x7FBB
mem[X,0x00000000800012FE] -> 0xA1DF
[1220] [M]: 0x00000000800012FC (0xA1DF7FBB) pmulh.h.be t6, t5, t4
x31 <- 0x0000FFFFFFFF0000

mem[X,0x0000000080001300] -> 0xB823
mem[X,0x0000000080001302] -> 0x11F3
[1221] [M]: 0x0000000080001300 (0x11F3B823) sd t6, 0x110(t2)
mem[0x0000000080004300] <- 0x0000FFFFFFFF0000

mem[X,0x0000000080001304] -> 0x8F37
mem[X,0x0000000080001306] -> 0xFFF7
[1222] [M]: 0x0000000080001304 (0xFFF78F37) lui t5, -0x88
x30 <- 0xFFFFFFFFFFF78000

mem[X,0x0000000080001308] -> 0x0F13
mem[X,0x000000008000130A] -> 0xFFFF
[1223] [M]: 0x0000000080001308 (0xFFFF0F13) addi t5, t5, -0x1
x30 <- 0xFFFFFFFFFFF77FFF

mem[X,0x000000008000130C] -> 0x1F13
mem[X,0x000000008000130E] -> 0x00BF
[1224] [M]: 0x000000008000130C (0x00BF1F13) slli t5, t5, 0xb
x30 <- 0xFFFFFFFFBBFFF800

mem[X,0x0000000080001310] -> 0x0F13
mem[X,0x0000000080001312] -> 0x000F
[1225] [M]: 0x0000000080001310 (0x000F0F13) addi t5, t5, 0x0
x30 <- 0xFFFFFFFFBBFFF800

mem[X,0x0000000080001314] -> 0x1F13
mem[X,0x0000000080001316] -> 0x00BF
[1226] [M]: 0x0000000080001314 (0x00BF1F13) slli t5, t5, 0xb
x30 <- 0xFFFFFDDFFFC00000

mem[X,0x0000000080001318] -> 0x0F13
mem[X,0x000000008000131A] -> 0x400F
[1227] [M]: 0x0000000080001318 (0x400F0F13) addi t5, t5, 0x400
x30 <- 0xFFFFFDDFFFC00400

mem[X,0x000000008000131C] -> 0x1F13
mem[X,0x000000008000131E] -> 0x00AF
[1228] [M]: 0x000000008000131C (0x00AF1F13) slli t5, t5, 0xa
x30 <- 0xFFF77FFF00100000

mem[X,0x0000000080001320] -> 0x0EB7
mem[X,0x0000000080001322] -> 0x0005
[1229] [M]: 0x0000000080001320 (0x00050EB7) lui t4, 0x50
x29 <- 0x0000000000050000

mem[X,0x0000000080001324] -> 0x8E93
mem[X,0x0000000080001326] -> 0x020E
[1230] [M]: 0x0000000080001324 (0x020E8E93) addi t4, t4, 0x20
x29 <- 0x0000000000050020

mem[X,0x0000000080001328] -> 0x9E93
mem[X,0x000000008000132A] -> 0x00BE
[1231] [M]: 0x0000000080001328 (0x00BE9E93) slli t4, t4, 0xb
x29 <- 0x0000000028010000

mem[X,0x000000008000132C] -> 0x8E93
mem[X,0x000000008000132E] -> 0x3FFE
[1232] [M]: 0x000000008000132C (0x3FFE8E93) addi t4, t4, 0x3ff
x29 <- 0x00000000280103FF

mem[X,0x0000000080001330] -> 0x9E93
mem[X,0x0000000080001332] -> 0x00BE
[1233] [M]: 0x0000000080001330 (0x00BE9E93) slli t4, t4, 0xb
x29 <- 0x00000140081FF800

mem[X,0x0000000080001334] -> 0x8E93
mem[X,0x0000000080001336] -> 0x7C0E
[1234] [M]: 0x0000000080001334 (0x7C0E8E93) addi t4, t4, 0x7c0
x29 <- 0x00000140081FFFC0

mem[X,0x0000000080001338] -> 0x9E93
mem[X,0x000000008000133A] -> 0x00AE
[1235] [M]: 0x0000000080001338 (0x00AE9E93) slli t4, t4, 0xa
x29 <- 0x000500207FFF0000

mem[X,0x000000008000133C] -> 0x8E93
mem[X,0x000000008000133E] -> 0x005E
[1236] [M]: 0x000000008000133C (0x005E8E93) addi t4, t4, 0x5
x29 <- 0x000500207FFF0005

mem[X,0x0000000080001340] -> 0x7FBB
mem[X,0x0000000080001342] -> 0xA1DF
[1237] [M]: 0x0000000080001340 (0xA1DF7FBB) pmulh.h.be t6, t5, t4
x31 <- 0xFFFF000FFFFF0000

mem[X,0x0000000080001344] -> 0xBC23
mem[X,0x0000000080001346] -> 0x11F3
[1238] [M]: 0x0000000080001344 (0x11F3BC23) sd t6, 0x118(t2)
mem[0x0000000080004308] <- 0xFFFF000FFFFF0000

mem[X,0x0000000080001348] -> 0x0F37
mem[X,0x000000008000134A] -> 0xFC00
[1239] [M]: 0x0000000080001348 (0xFC000F37) lui t5, -0x4000
x30 <- 0xFFFFFFFFFC000000

mem[X,0x000000008000134C] -> 0x0F13
mem[X,0x000000008000134E] -> 0xFF6F
[1240] [M]: 0x000000008000134C (0xFF6F0F13) addi t5, t5, -0xa
x30 <- 0xFFFFFFFFFBFFFFF6

mem[X,0x0000000080001350] -> 0x1F13
mem[X,0x0000000080001352] -> 0x00BF
[1241] [M]: 0x0000000080001350 (0x00BF1F13) slli t5, t5, 0xb
x30 <- 0xFFFFFFDFFFFFB000

mem[X,0x0000000080001354] -> 0x0F13
mem[X,0x0000000080001356] -> 0x000F
[1242] [M]: 0x0000000080001354 (0x000F0F13) addi t5, t5, 0x0
x30 <- 0xFFFFFFDFFFFFB000

mem[X,0x0000000080001358] -> 0x1F13
mem[X,0x000000008000135A] -> 0x00BF
[1243] [M]: 0x0000000080001358 (0x00BF1F13) slli t5, t5, 0xb
x30 <- 0xFFFEFFFFFD800000

mem[X,0x000000008000135C] -> 0x0F13
mem[X,0x000000008000135E] -> 0x180F
[1244] [M]: 0x000000008000135C (0x180F0F13) addi t5, t5, 0x180
x30 <- 0xFFFEFFFFFD800180

mem[X,0x0000000080001360] -> 0x1F13
mem[X,0x0000000080001362] -> 0x00AF
[1245] [M]: 0x0000000080001360 (0x00AF1F13) slli t5, t5, 0xa
x30 <- 0xFBFFFFF600060000

mem[X,0x0000000080001364] -> 0x0F13
mem[X,0x0000000080001366] -> 0x003F
[1246] [M]: 0x0000000080001364 (0x003F0F13) addi t5, t5, 0x3
x30 <- 0xFBFFFFF600060003

mem[X,0x0000000080001368] -> 0x0EB7
mem[X,0x000000008000136A] -> 0x4000
[1247] [M]: 0x0000000080001368 (0x40000EB7) lui t4, 0x40000
x29 <- 0x0000000040000000

mem[X,0x000000008000136C] -> 0x8E93
mem[X,0x000000008000136E] -> 0x003E
[1248] [M]: 0x000000008000136C (0x003E8E93) addi t4, t4, 0x3
x29 <- 0x0000000040000003

mem[X,0x0000000080001370] -> 0x9E93
mem[X,0x0000000080001372] -> 0x00BE
[1249] [M]: 0x0000000080001370 (0x00BE9E93) slli t4, t4, 0xb
x29 <- 0x0000020000001800

mem[X,0x0000000080001374] -> 0x8E93
mem[X,0x0000000080001376] -> 0x000E
[1250] [M]: 0x0000000080001374 (0x000E8E93) addi t4, t4, 0x0
x29 <- 0x0000020000001800

mem[X,0x0000000080001378] -> 0x9E93
mem[X,0x000000008000137A] -> 0x00BE
[1251] [M]: 0x0000000080001378 (0x00BE9E93) slli t4, t4, 0xb
x29 <- 0x0010000000C00000

mem[X,0x000000008000137C] -> 0x8E93
mem[X,0x000000008000137E] -> 0x00FE
[1252] [M]: 0x000000008000137C (0x00FE8E93) addi t4, t4, 0xf
x29 <- 0x0010000000C0000F

mem[X,0x0000000080001380] -> 0x9E93
mem[X,0x0000000080001382] -> 0x00AE
[1253] [M]: 0x0000000080001380 (0x00AE9E93) slli t4, t4, 0xa
x29 <- 0x4000000300003C00

mem[X,0x0000000080001384] -> 0x8E93
mem[X,0x0000000080001386] -> 0x3FFE
[1254] [M]: 0x0000000080001384 (0x3FFE8E93) addi t4, t4, 0x3ff
x29 <- 0x4000000300003FFF

mem[X,0x0000000080001388] -> 0x7FBB
mem[X,0x000000008000138A] -> 0xA1DF
[1255] [M]: 0x0000000080001388 (0xA1DF7FBB) pmulh.h.be t6, t5, t4
x31 <- 0x0000FFFF0000FFFF

mem[X,0x000000008000138C] -> 0xB023
mem[X,0x000000008000138E] -> 0x13F3
[1256] [M]: 0x000000008000138C (0x13F3B023) sd t6, 0x120(t2)
mem[0x0000000080004310] <- 0x0000FFFF0000FFFF

mem[X,0x0000000080001390] -> 0x0F37
mem[X,0x0000000080001392] -> 0xEFFF
[1257] [M]: 0x0000000080001390 (0xEFFF0F37) lui t5, -0x10010
x30 <- 0xFFFFFFFFEFFF0000

mem[X,0x0000000080001394] -> 0x0F13
mem[X,0x0000000080001396] -> 0x009F
[1258] [M]: 0x0000000080001394 (0x009F0F13) addi t5, t5, 0x9
x30 <- 0xFFFFFFFFEFFF0009

mem[X,0x0000000080001398] -> 0x1F13
mem[X,0x000000008000139A] -> 0x00BF
[1259] [M]: 0x0000000080001398 (0x00BF1F13) slli t5, t5, 0xb
x30 <- 0xFFFFFF7FF8004800

mem[X,0x000000008000139C] -> 0x0F13
mem[X,0x000000008000139E] -> 0x2AAF
[1260] [M]: 0x000000008000139C (0x2AAF0F13) addi t5, t5, 0x2aa
x30 <- 0xFFFFFF7FF8004AAA

mem[X,0x00000000800013A0] -> 0x1F13
mem[X,0x00000000800013A2] -> 0x00BF
[1261] [M]: 0x00000000800013A0 (0x00BF1F13) slli t5, t5, 0xb
x30 <- 0xFFFBFFC002555000

mem[X,0x00000000800013A4] -> 0x0F13
mem[X,0x00000000800013A6] -> 0x57FF
[1262] [M]: 0x00000000800013A4 (0x57FF0F13) addi t5, t5, 0x57f
x30 <- 0xFFFBFFC00255557F

mem[X,0x00000000800013A8] -> 0x1F13
mem[X,0x00000000800013AA] -> 0x00AF
[1263] [M]: 0x00000000800013A8 (0x00AF1F13) slli t5, t5, 0xa
x30 <- 0xEFFF00095555FC00

mem[X,0x00000000800013AC] -> 0x0F13
mem[X,0x00000000800013AE] -> 0x1FFF
[1264] [M]: 0x00000000800013AC (0x1FFF0F13) addi t5, t5, 0x1ff
x30 <- 0xEFFF00095555FDFF

mem[X,0x00000000800013B0] -> 0x0EB7
mem[X,0x00000000800013B2] -> 0xE000
[1265] [M]: 0x00000000800013B0 (0xE0000EB7) lui t4, -0x20000
x29 <- 0xFFFFFFFFE0000000

mem[X,0x00000000800013B4] -> 0x8E93
mem[X,0x00000000800013B6] -> 0xFFDE
[1266] [M]: 0x00000000800013B4 (0xFFDE8E93) addi t4, t4, -0x3
x29 <- 0xFFFFFFFFDFFFFFFD

mem[X,0x00000000800013B8] -> 0x9E93
mem[X,0x00000000800013BA] -> 0x00BE
[1267] [M]: 0x00000000800013B8 (0x00BE9E93) slli t4, t4, 0xb
x29 <- 0xFFFFFEFFFFFFE800

mem[X,0x00000000800013BC] -> 0x8E93
mem[X,0x00000000800013BE] -> 0x3FFE
[1268] [M]: 0x00000000800013BC (0x3FFE8E93) addi t4, t4, 0x3ff
x29 <- 0xFFFFFEFFFFFFEBFF

mem[X,0x00000000800013C0] -> 0x9E93
mem[X,0x00000000800013C2] -> 0x00BE
[1269] [M]: 0x00000000800013C0 (0x00BE9E93) slli t4, t4, 0xb
x29 <- 0xFFF7FFFFFF5FF800

mem[X,0x00000000800013C4] -> 0x8E93
mem[X,0x00000000800013C6] -> 0x7FFE
[1270] [M]: 0x00000000800013C4 (0x7FFE8E93) addi t4, t4, 0x7ff
x29 <- 0xFFF7FFFFFF5FFFFF

mem[X,0x00000000800013C8] -> 0x9E93
mem[X,0x00000000800013CA] -> 0x00AE
[1271] [M]: 0x00000000800013C8 (0x00AE9E93) slli t4, t4, 0xa
x29 <- 0xDFFFFFFD7FFFFC00

mem[X,0x00000000800013CC] -> 0x8E93
mem[X,0x00000000800013CE] -> 0x3F6E
[1272] [M]: 0x00000000800013CC (0x3F6E8E93) addi t4, t4, 0x3f6
x29 <- 0xDFFFFFFD7FFFFFF6

mem[X,0x00000000800013D0] -> 0x7FBB
mem[X,0x00000000800013D2] -> 0xA1DF
[1273] [M]: 0x00000000800013D0 (0xA1DF7FBB) pmulh.h.be t6, t5, t4
x31 <- 0x0000FFFFFFFF0000

mem[X,0x00000000800013D4] -> 0xB423
mem[X,0x00000000800013D6] -> 0x13F3
[1274] [M]: 0x00000000800013D4 (0x13F3B423) sd t6, 0x128(t2)
mem[0x0000000080004318] <- 0x0000FFFFFFFF0000

mem[X,0x00000000800013D8] -> 0x0F37
mem[X,0x00000000800013DA] -> 0x0100
[1275] [M]: 0x00000000800013D8 (0x01000F37) lui t5, 0x1000
x30 <- 0x0000000001000000

mem[X,0x00000000800013DC] -> 0x0F13
mem[X,0x00000000800013DE] -> 0x004F
[1276] [M]: 0x00000000800013DC (0x004F0F13) addi t5, t5, 0x4
x30 <- 0x0000000001000004

mem[X,0x00000000800013E0] -> 0x1F13
mem[X,0x00000000800013E2] -> 0x00BF
[1277] [M]: 0x00000000800013E0 (0x00BF1F13) slli t5, t5, 0xb
x30 <- 0x0000000800002000

mem[X,0x00000000800013E4] -> 0x0F13
mem[X,0x00000000800013E6] -> 0x000F
[1278] [M]: 0x00000000800013E4 (0x000F0F13) addi t5, t5, 0x0
x30 <- 0x0000000800002000

mem[X,0x00000000800013E8] -> 0x1F13
mem[X,0x00000000800013EA] -> 0x00BF
[1279] [M]: 0x00000000800013E8 (0x00BF1F13) slli t5, t5, 0xb
x30 <- 0x0000400001000000

mem[X,0x00000000800013EC] -> 0x0F13
mem[X,0x00000000800013EE] -> 0x0BFF
[1280] [M]: 0x00000000800013EC (0x0BFF0F13) addi t5, t5, 0xbf
x30 <- 0x00004000010000BF

mem[X,0x00000000800013F0] -> 0x1F13
mem[X,0x00000000800013F2] -> 0x00AF
[1281] [M]: 0x00000000800013F0 (0x00AF1F13) slli t5, t5, 0xa
x30 <- 0x010000040002FC00

mem[X,0x00000000800013F4] -> 0x0F13
mem[X,0x00000000800013F6] -> 0x2FFF
[1282] [M]: 0x00000000800013F4 (0x2FFF0F13) addi t5, t5, 0x2ff
x30 <- 0x010000040002FEFF

mem[X,0x00000000800013F8] -> 0x0EB7
mem[X,0x00000000800013FA] -> 0xFFFE
[1283] [M]: 0x00000000800013F8 (0xFFFE0EB7) lui t4, -0x20
x29 <- 0xFFFFFFFFFFFE0000

mem[X,0x00000000800013FC] -> 0x8E93
mem[X,0x00000000800013FE] -> 0xFFBE
[1284] [M]: 0x00000000800013FC (0xFFBE8E93) addi t4, t4, -0x5
x29 <- 0xFFFFFFFFFFFDFFFB

mem[X,0x0000000080001400] -> 0x9E93
mem[X,0x0000000080001402] -> 0x00BE
[1285] [M]: 0x0000000080001400 (0x00BE9E93) slli t4, t4, 0xb
x29 <- 0xFFFFFFFFEFFFD800

mem[X,0x0000000080001404] -> 0x8E93
mem[X,0x0000000080001406] -> 0x2AAE
[1286] [M]: 0x0000000080001404 (0x2AAE8E93) addi t4, t4, 0x2aa
x29 <- 0xFFFFFFFFEFFFDAAA

mem[X,0x0000000080001408] -> 0x9E93
mem[X,0x000000008000140A] -> 0x00BE
[1287] [M]: 0x0000000080001408 (0x00BE9E93) slli t4, t4, 0xb
x29 <- 0xFFFFFF7FFED55000

mem[X,0x000000008000140C] -> 0x8E93
mem[X,0x000000008000140E] -> 0x560E
[1288] [M]: 0x000000008000140C (0x560E8E93) addi t4, t4, 0x560
x29 <- 0xFFFFFF7FFED55560

mem[X,0x0000000080001410] -> 0x9E93
mem[X,0x0000000080001412] -> 0x00AE
[1289] [M]: 0x0000000080001410 (0x00AE9E93) slli t4, t4, 0xa
x29 <- 0xFFFDFFFB55558000

mem[X,0x0000000080001414] -> 0x7FBB
mem[X,0x0000000080001416] -> 0xA1DF
[1290] [M]: 0x0000000080001414 (0xA1DF7FBB) pmulh.h.be t6, t5, t4
x31 <- 0xFFFFFFFF00000000

mem[X,0x0000000080001418] -> 0xB823
mem[X,0x000000008000141A] -> 0x13F3
[1291] [M]: 0x0000000080001418 (0x13F3B823) sd t6, 0x130(t2)
mem[0x0000000080004320] <- 0xFFFFFFFF00000000

mem[X,0x000000008000141C] -> 0x1F37
mem[X,0x000000008000141E] -> 0xDFFF
[1292] [M]: 0x000000008000141C (0xDFFF1F37) lui t5, -0x2000f
x30 <- 0xFFFFFFFFDFFF1000

mem[X,0x0000000080001420] -> 0x0F13
mem[X,0x0000000080001422] -> 0x800F
[1293] [M]: 0x0000000080001420 (0x800F0F13) addi t5, t5, -0x800
x30 <- 0xFFFFFFFFDFFF0800

mem[X,0x0000000080001424] -> 0x1F13
mem[X,0x0000000080001426] -> 0x00BF
[1294] [M]: 0x0000000080001424 (0x00BF1F13) slli t5, t5, 0xb
x30 <- 0xFFFFFEFFF8400000

mem[X,0x0000000080001428] -> 0x0F13
mem[X,0x000000008000142A] -> 0x040F
[1295] [M]: 0x0000000080001428 (0x040F0F13) addi t5, t5, 0x40
x30 <- 0xFFFFFEFFF8400040

mem[X,0x000000008000142C] -> 0x1F13
mem[X,0x000000008000142E] -> 0x00BF
[1296] [M]: 0x000000008000142C (0x00BF1F13) slli t5, t5, 0xb
x30 <- 0xFFF7FFC200020000

mem[X,0x0000000080001430] -> 0x0F13
mem[X,0x0000000080001432] -> 0x02AF
[1297] [M]: 0x0000000080001430 (0x02AF0F13) addi t5, t5, 0x2a
x30 <- 0xFFF7FFC20002002A

mem[X,0x0000000080001434] -> 0x1F13
mem[X,0x0000000080001436] -> 0x00AF
[1298] [M]: 0x0000000080001434 (0x00AF1F13) slli t5, t5, 0xa
x30 <- 0xDFFF08000800A800

mem[X,0x0000000080001438] -> 0x0F13
mem[X,0x000000008000143A] -> 0x2AAF
[1299] [M]: 0x0000000080001438 (0x2AAF0F13) addi t5, t5, 0x2aa
x30 <- 0xDFFF08000800AAAA

clint::tick mtime <- 0x000000000000000D
 clint timer pending at mtime 0x000000000000000D
htif::tick 0x0000000000000000
mem[X,0x000000008000143C] -> 0x0EB7
mem[X,0x000000008000143E] -> 0xFF00
[1300] [M]: 0x000000008000143C (0xFF000EB7) lui t4, -0x1000
x29 <- 0xFFFFFFFFFF000000

mem[X,0x0000000080001440] -> 0x8E93
mem[X,0x0000000080001442] -> 0xFF7E
[1301] [M]: 0x0000000080001440 (0xFF7E8E93) addi t4, t4, -0x9
x29 <- 0xFFFFFFFFFEFFFFF7

mem[X,0x0000000080001444] -> 0x9E93
mem[X,0x0000000080001446] -> 0x00BE
[1302] [M]: 0x0000000080001444 (0x00BE9E93) slli t4, t4, 0xb
x29 <- 0xFFFFFFF7FFFFB800

mem[X,0x0000000080001448] -> 0x8E93
mem[X,0x000000008000144A] -> 0x001E
[1303] [M]: 0x0000000080001448 (0x001E8E93) addi t4, t4, 0x1
x29 <- 0xFFFFFFF7FFFFB801

mem[X,0x000000008000144C] -> 0x9E93
mem[X,0x000000008000144E] -> 0x00BE
[1304] [M]: 0x000000008000144C (0x00BE9E93) slli t4, t4, 0xb
x29 <- 0xFFFFBFFFFDC00800

mem[X,0x0000000080001450] -> 0x8E93
mem[X,0x0000000080001452] -> 0x000E
[1305] [M]: 0x0000000080001450 (0x000E8E93) addi t4, t4, 0x0
x29 <- 0xFFFFBFFFFDC00800

mem[X,0x0000000080001454] -> 0x9E93
mem[X,0x0000000080001456] -> 0x00AE
[1306] [M]: 0x0000000080001454 (0x00AE9E93) slli t4, t4, 0xa
x29 <- 0xFEFFFFF700200000

mem[X,0x0000000080001458] -> 0x7FBB
mem[X,0x000000008000145A] -> 0xA1DF
[1307] [M]: 0x0000000080001458 (0xA1DF7FBB) pmulh.h.be t6, t5, t4
x31 <- 0x0000FFFF00010000

mem[X,0x000000008000145C] -> 0xBC23
mem[X,0x000000008000145E] -> 0x13F3
[1308] [M]: 0x000000008000145C (0x13F3BC23) sd t6, 0x138(t2)
mem[0x0000000080004328] <- 0x0000FFFF00010000

mem[X,0x0000000080001460] -> 0x0F37
mem[X,0x0000000080001462] -> 0xE000
[1309] [M]: 0x0000000080001460 (0xE0000F37) lui t5, -0x20000
x30 <- 0xFFFFFFFFE0000000

mem[X,0x0000000080001464] -> 0x0F13
mem[X,0x0000000080001466] -> 0xBFFF
[1310] [M]: 0x0000000080001464 (0xBFFF0F13) addi t5, t5, -0x401
x30 <- 0xFFFFFFFFDFFFFBFF

mem[X,0x0000000080001468] -> 0x1F13
mem[X,0x000000008000146A] -> 0x00BF
[1311] [M]: 0x0000000080001468 (0x00BF1F13) slli t5, t5, 0xb
x30 <- 0xFFFFFEFFFFDFF800

mem[X,0x000000008000146C] -> 0x0F13
mem[X,0x000000008000146E] -> 0x600F
[1312] [M]: 0x000000008000146C (0x600F0F13) addi t5, t5, 0x600
x30 <- 0xFFFFFEFFFFDFFE00

mem[X,0x0000000080001470] -> 0x1F13
mem[X,0x0000000080001472] -> 0x00BF
[1313] [M]: 0x0000000080001470 (0x00BF1F13) slli t5, t5, 0xb
x30 <- 0xFFF7FFFEFFF00000

mem[X,0x0000000080001474] -> 0x0F13
mem[X,0x0000000080001476] -> 0x03FF
[1314] [M]: 0x0000000080001474 (0x03FF0F13) addi t5, t5, 0x3f
x30 <- 0xFFF7FFFEFFF0003F

mem[X,0x0000000080001478] -> 0x1F13
mem[X,0x000000008000147A] -> 0x00AF
[1315] [M]: 0x0000000080001478 (0x00AF1F13) slli t5, t5, 0xa
x30 <- 0xDFFFFBFFC000FC00

mem[X,0x000000008000147C] -> 0x0F13
mem[X,0x000000008000147E] -> 0x3F6F
[1316] [M]: 0x000000008000147C (0x3F6F0F13) addi t5, t5, 0x3f6
x30 <- 0xDFFFFBFFC000FFF6

mem[X,0x0000000080001480] -> 0x0EB7
mem[X,0x0000000080001482] -> 0xFFFE
[1317] [M]: 0x0000000080001480 (0xFFFE0EB7) lui t4, -0x20
x29 <- 0xFFFFFFFFFFFE0000

mem[X,0x0000000080001484] -> 0x8E93
mem[X,0x0000000080001486] -> 0xEFFE
[1318] [M]: 0x0000000080001484 (0xEFFE8E93) addi t4, t4, -0x101
x29 <- 0xFFFFFFFFFFFDFEFF

mem[X,0x0000000080001488] -> 0x9E93
mem[X,0x000000008000148A] -> 0x00BE
[1319] [M]: 0x0000000080001488 (0x00BE9E93) slli t4, t4, 0xb
x29 <- 0xFFFFFFFFEFF7F800

mem[X,0x000000008000148C] -> 0x8E93
mem[X,0x000000008000148E] -> 0x040E
[1320] [M]: 0x000000008000148C (0x040E8E93) addi t4, t4, 0x40
x29 <- 0xFFFFFFFFEFF7F840

mem[X,0x0000000080001490] -> 0x9E93
mem[X,0x0000000080001492] -> 0x00BE
[1321] [M]: 0x0000000080001490 (0x00BE9E93) slli t4, t4, 0xb
x29 <- 0xFFFFFF7FBFC20000

mem[X,0x0000000080001494] -> 0x8E93
mem[X,0x0000000080001496] -> 0x000E
[1322] [M]: 0x0000000080001494 (0x000E8E93) addi t4, t4, 0x0
x29 <- 0xFFFFFF7FBFC20000

mem[X,0x0000000080001498] -> 0x9E93
mem[X,0x000000008000149A] -> 0x00AE
[1323] [M]: 0x0000000080001498 (0x00AE9E93) slli t4, t4, 0xa
x29 <- 0xFFFDFEFF08000000

mem[X,0x000000008000149C] -> 0x8E93
mem[X,0x000000008000149E] -> 0x004E
[1324] [M]: 0x000000008000149C (0x004E8E93) addi t4, t4, 0x4
x29 <- 0xFFFDFEFF08000004

mem[X,0x00000000800014A0] -> 0x7FBB
mem[X,0x00000000800014A2] -> 0xA1DF
[1325] [M]: 0x00000000800014A0 (0xA1DF7FBB) pmulh.h.be t6, t5, t4
x31 <- 0x000000000000FFFF

mem[X,0x00000000800014A4] -> 0xB023
mem[X,0x00000000800014A6] -> 0x15F3
[1326] [M]: 0x00000000800014A4 (0x15F3B023) sd t6, 0x140(t2)
mem[0x0000000080004330] <- 0x000000000000FFFF

mem[X,0x00000000800014A8] -> 0xCF37
mem[X,0x00000000800014AA] -> 0xF7FF
[1327] [M]: 0x00000000800014A8 (0xF7FFCF37) lui t5, -0x8004
x30 <- 0xFFFFFFFFF7FFC000

mem[X,0x00000000800014AC] -> 0x0F13
mem[X,0x00000000800014AE] -> 0xFFFF
[1328] [M]: 0x00000000800014AC (0xFFFF0F13) addi t5, t5, -0x1
x30 <- 0xFFFFFFFFF7FFBFFF

mem[X,0x00000000800014B0] -> 0x1F13
mem[X,0x00000000800014B2] -> 0x00BF
[1329] [M]: 0x00000000800014B0 (0x00BF1F13) slli t5, t5, 0xb
x30 <- 0xFFFFFFBFFDFFF800

mem[X,0x00000000800014B4] -> 0x0F13
mem[X,0x00000000800014B6] -> 0x040F
[1330] [M]: 0x00000000800014B4 (0x040F0F13) addi t5, t5, 0x40
x30 <- 0xFFFFFFBFFDFFF840

mem[X,0x00000000800014B8] -> 0x1F13
mem[X,0x00000000800014BA] -> 0x00BF
[1331] [M]: 0x00000000800014B8 (0x00BF1F13) slli t5, t5, 0xb
x30 <- 0xFFFDFFEFFFC20000

mem[X,0x00000000800014BC] -> 0x0F13
mem[X,0x00000000800014BE] -> 0x004F
[1332] [M]: 0x00000000800014BC (0x004F0F13) addi t5, t5, 0x4
x30 <- 0xFFFDFFEFFFC20004

mem[X,0x00000000800014C0] -> 0x1F13
mem[X,0x00000000800014C2] -> 0x00AF
[1333] [M]: 0x00000000800014C0 (0x00AF1F13) slli t5, t5, 0xa
x30 <- 0xF7FFBFFF08001000

mem[X,0x00000000800014C4] -> 0x0EB7
mem[X,0x00000000800014C6] -> 0x0004
[1334] [M]: 0x00000000800014C4 (0x00040EB7) lui t4, 0x40
x29 <- 0x0000000000040000

mem[X,0x00000000800014C8] -> 0x8E93
mem[X,0x00000000800014CA] -> 0x009E
[1335] [M]: 0x00000000800014C8 (0x009E8E93) addi t4, t4, 0x9
x29 <- 0x0000000000040009

mem[X,0x00000000800014CC] -> 0x9E93
mem[X,0x00000000800014CE] -> 0x00BE
[1336] [M]: 0x00000000800014CC (0x00BE9E93) slli t4, t4, 0xb
x29 <- 0x0000000020004800

mem[X,0x00000000800014D0] -> 0x8E93
mem[X,0x00000000800014D2] -> 0x7FFE
[1337] [M]: 0x00000000800014D0 (0x7FFE8E93) addi t4, t4, 0x7ff
x29 <- 0x0000000020004FFF

mem[X,0x00000000800014D4] -> 0x9E93
mem[X,0x00000000800014D6] -> 0x00BE
[1338] [M]: 0x00000000800014D4 (0x00BE9E93) slli t4, t4, 0xb
x29 <- 0x00000100027FF800

mem[X,0x00000000800014D8] -> 0x8E93
mem[X,0x00000000800014DA] -> 0x7C0E
[1339] [M]: 0x00000000800014D8 (0x7C0E8E93) addi t4, t4, 0x7c0
x29 <- 0x00000100027FFFC0

mem[X,0x00000000800014DC] -> 0x9E93
mem[X,0x00000000800014DE] -> 0x00AE
[1340] [M]: 0x00000000800014DC (0x00AE9E93) slli t4, t4, 0xa
x29 <- 0x00040009FFFF0000

mem[X,0x00000000800014E0] -> 0x8E93
mem[X,0x00000000800014E2] -> 0x010E
[1341] [M]: 0x00000000800014E0 (0x010E8E93) addi t4, t4, 0x10
x29 <- 0x00040009FFFF0010

mem[X,0x00000000800014E4] -> 0x7FBB
mem[X,0x00000000800014E6] -> 0xA1DF
[1342] [M]: 0x00000000800014E4 (0xA1DF7FBB) pmulh.h.be t6, t5, t4
x31 <- 0xFFFFFFFDFFFF0001

mem[X,0x00000000800014E8] -> 0xB423
mem[X,0x00000000800014EA] -> 0x15F3
[1343] [M]: 0x00000000800014E8 (0x15F3B423) sd t6, 0x148(t2)
mem[0x0000000080004338] <- 0xFFFFFFFDFFFF0001

mem[X,0x00000000800014EC] -> 0x0F37
mem[X,0x00000000800014EE] -> 0x0005
[1344] [M]: 0x00000000800014EC (0x00050F37) lui t5, 0x50
x30 <- 0x0000000000050000

mem[X,0x00000000800014F0] -> 0x0F13
mem[X,0x00000000800014F2] -> 0xFFAF
[1345] [M]: 0x00000000800014F0 (0xFFAF0F13) addi t5, t5, -0x6
x30 <- 0x000000000004FFFA

mem[X,0x00000000800014F4] -> 0x1F13
mem[X,0x00000000800014F6] -> 0x00BF
[1346] [M]: 0x00000000800014F4 (0x00BF1F13) slli t5, t5, 0xb
x30 <- 0x0000000027FFD000

mem[X,0x00000000800014F8] -> 0x0F13
mem[X,0x00000000800014FA] -> 0x2AAF
[1347] [M]: 0x00000000800014F8 (0x2AAF0F13) addi t5, t5, 0x2aa
x30 <- 0x0000000027FFD2AA

mem[X,0x00000000800014FC] -> 0x1F13
mem[X,0x00000000800014FE] -> 0x00BF
[1348] [M]: 0x00000000800014FC (0x00BF1F13) slli t5, t5, 0xb
x30 <- 0x0000013FFE955000

mem[X,0x0000000080001500] -> 0x0F13
mem[X,0x0000000080001502] -> 0x540F
[1349] [M]: 0x0000000080001500 (0x540F0F13) addi t5, t5, 0x540
x30 <- 0x0000013FFE955540

mem[X,0x0000000080001504] -> 0x1F13
mem[X,0x0000000080001506] -> 0x00AF
[1350] [M]: 0x0000000080001504 (0x00AF1F13) slli t5, t5, 0xa
x30 <- 0x0004FFFA55550000

mem[X,0x0000000080001508] -> 0x0F13
mem[X,0x000000008000150A] -> 0x040F
[1351] [M]: 0x0000000080001508 (0x040F0F13) addi t5, t5, 0x40
x30 <- 0x0004FFFA55550040

mem[X,0x000000008000150C] -> 0x8EB7
mem[X,0x000000008000150E] -> 0x0001
[1352] [M]: 0x000000008000150C (0x00018EB7) lui t4, 0x18
x29 <- 0x0000000000018000

mem[X,0x0000000080001510] -> 0x8E93
mem[X,0x0000000080001512] -> 0xFFFE
[1353] [M]: 0x0000000080001510 (0xFFFE8E93) addi t4, t4, -0x1
x29 <- 0x0000000000017FFF

mem[X,0x0000000080001514] -> 0x9E93
mem[X,0x0000000080001516] -> 0x00BE
[1354] [M]: 0x0000000080001514 (0x00BE9E93) slli t4, t4, 0xb
x29 <- 0x000000000BFFF800

mem[X,0x0000000080001518] -> 0x8E93
mem[X,0x000000008000151A] -> 0x000E
[1355] [M]: 0x0000000080001518 (0x000E8E93) addi t4, t4, 0x0
x29 <- 0x000000000BFFF800

mem[X,0x000000008000151C] -> 0x9E93
mem[X,0x000000008000151E] -> 0x00BE
[1356] [M]: 0x000000008000151C (0x00BE9E93) slli t4, t4, 0xb
x29 <- 0x0000005FFFC00000

mem[X,0x0000000080001520] -> 0x8E93
mem[X,0x0000000080001522] -> 0x0C0E
[1357] [M]: 0x0000000080001520 (0x0C0E8E93) addi t4, t4, 0xc0
x29 <- 0x0000005FFFC000C0

mem[X,0x0000000080001524] -> 0x9E93
mem[X,0x0000000080001526] -> 0x00AE
[1358] [M]: 0x0000000080001524 (0x00AE9E93) slli t4, t4, 0xa
x29 <- 0x00017FFF00030000

mem[X,0x0000000080001528] -> 0x8E93
mem[X,0x000000008000152A] -> 0x020E
[1359] [M]: 0x0000000080001528 (0x020E8E93) addi t4, t4, 0x20
x29 <- 0x00017FFF00030020

mem[X,0x000000008000152C] -> 0x7FBB
mem[X,0x000000008000152E] -> 0xA1DF
[1360] [M]: 0x000000008000152C (0xA1DF7FBB) pmulh.h.be t6, t5, t4
x31 <- 0x0000000000000000

mem[X,0x0000000080001530] -> 0xB823
mem[X,0x0000000080001532] -> 0x15F3
[1361] [M]: 0x0000000080001530 (0x15F3B823) sd t6, 0x150(t2)
mem[0x0000000080004340] <- 0x0000000000000000

mem[X,0x0000000080001534] -> 0xFF37
mem[X,0x0000000080001536] -> 0x0001
[1362] [M]: 0x0000000080001534 (0x0001FF37) lui t5, 0x1f
x30 <- 0x000000000001F000

mem[X,0x0000000080001538] -> 0x0F13
mem[X,0x000000008000153A] -> 0x7FFF
[1363] [M]: 0x0000000080001538 (0x7FFF0F13) addi t5, t5, 0x7ff
x30 <- 0x000000000001F7FF

mem[X,0x000000008000153C] -> 0x1F13
mem[X,0x000000008000153E] -> 0x00BF
[1364] [M]: 0x000000008000153C (0x00BF1F13) slli t5, t5, 0xb
x30 <- 0x000000000FBFF800

mem[X,0x0000000080001540] -> 0x0F13
mem[X,0x0000000080001542] -> 0x000F
[1365] [M]: 0x0000000080001540 (0x000F0F13) addi t5, t5, 0x0
x30 <- 0x000000000FBFF800

mem[X,0x0000000080001544] -> 0x1F13
mem[X,0x0000000080001546] -> 0x00BF
[1366] [M]: 0x0000000080001544 (0x00BF1F13) slli t5, t5, 0xb
x30 <- 0x0000007DFFC00000

mem[X,0x0000000080001548] -> 0x0F13
mem[X,0x000000008000154A] -> 0x07FF
[1367] [M]: 0x0000000080001548 (0x07FF0F13) addi t5, t5, 0x7f
x30 <- 0x0000007DFFC0007F

mem[X,0x000000008000154C] -> 0x1F13
mem[X,0x000000008000154E] -> 0x00AF
[1368] [M]: 0x000000008000154C (0x00AF1F13) slli t5, t5, 0xa
x30 <- 0x0001F7FF0001FC00

mem[X,0x0000000080001550] -> 0x0F13
mem[X,0x0000000080001552] -> 0x3FFF
[1369] [M]: 0x0000000080001550 (0x3FFF0F13) addi t5, t5, 0x3ff
x30 <- 0x0001F7FF0001FFFF

mem[X,0x0000000080001554] -> 0x0EB7
mem[X,0x0000000080001556] -> 0x2000
[1370] [M]: 0x0000000080001554 (0x20000EB7) lui t4, 0x20000
x29 <- 0x0000000020000000

mem[X,0x0000000080001558] -> 0x8E93
mem[X,0x000000008000155A] -> 0x040E
[1371] [M]: 0x0000000080001558 (0x040E8E93) addi t4, t4, 0x40
x29 <- 0x0000000020000040

mem[X,0x000000008000155C] -> 0x9E93
mem[X,0x000000008000155E] -> 0x00BE
[1372] [M]: 0x000000008000155C (0x00BE9E93) slli t4, t4, 0xb
x29 <- 0x0000010000020000

mem[X,0x0000000080001560] -> 0x8E93
mem[X,0x0000000080001562] -> 0x7FFE
[1373] [M]: 0x0000000080001560 (0x7FFE8E93) addi t4, t4, 0x7ff
x29 <- 0x00000100000207FF

mem[X,0x0000000080001564] -> 0x9E93
mem[X,0x0000000080001566] -> 0x00BE
[1374] [M]: 0x0000000080001564 (0x00BE9E93) slli t4, t4, 0xb
x29 <- 0x00080000103FF800

mem[X,0x0000000080001568] -> 0x8E93
mem[X,0x000000008000156A] -> 0x580E
[1375] [M]: 0x0000000080001568 (0x580E8E93) addi t4, t4, 0x580
x29 <- 0x00080000103FFD80

mem[X,0x000000008000156C] -> 0x9E93
mem[X,0x000000008000156E] -> 0x00AE
[1376] [M]: 0x000000008000156C (0x00AE9E93) slli t4, t4, 0xa
x29 <- 0x20000040FFF60000

mem[X,0x0000000080001570] -> 0x8E93
mem[X,0x0000000080001572] -> 0x100E
[1377] [M]: 0x0000000080001570 (0x100E8E93) addi t4, t4, 0x100
x29 <- 0x20000040FFF60100

mem[X,0x0000000080001574] -> 0x7FBB
mem[X,0x0000000080001576] -> 0xA1DF
[1378] [M]: 0x0000000080001574 (0xA1DF7FBB) pmulh.h.be t6, t5, t4
x31 <- 0x0000FFFDFFFF0000

mem[X,0x0000000080001578] -> 0xBC23
mem[X,0x000000008000157A] -> 0x15F3
[1379] [M]: 0x0000000080001578 (0x15F3BC23) sd t6, 0x158(t2)
mem[0x0000000080004348] <- 0x0000FFFDFFFF0000

mem[X,0x000000008000157C] -> 0x0F37
mem[X,0x000000008000157E] -> 0x0401
[1380] [M]: 0x000000008000157C (0x04010F37) lui t5, 0x4010
x30 <- 0x0000000004010000

mem[X,0x0000000080001580] -> 0x0F13
mem[X,0x0000000080001582] -> 0xF7FF
[1381] [M]: 0x0000000080001580 (0xF7FF0F13) addi t5, t5, -0x81
x30 <- 0x000000000400FF7F

mem[X,0x0000000080001584] -> 0x1F13
mem[X,0x0000000080001586] -> 0x00BF
[1382] [M]: 0x0000000080001584 (0x00BF1F13) slli t5, t5, 0xb
x30 <- 0x0000002007FBF800

mem[X,0x0000000080001588] -> 0x0F13
mem[X,0x000000008000158A] -> 0x7FFF
[1383] [M]: 0x0000000080001588 (0x7FFF0F13) addi t5, t5, 0x7ff
x30 <- 0x0000002007FBFFFF

mem[X,0x000000008000158C] -> 0x1F13
mem[X,0x000000008000158E] -> 0x00BF
[1384] [M]: 0x000000008000158C (0x00BF1F13) slli t5, t5, 0xb
x30 <- 0x0001003FDFFFF800

mem[X,0x0000000080001590] -> 0x0F13
mem[X,0x0000000080001592] -> 0x600F
[1385] [M]: 0x0000000080001590 (0x600F0F13) addi t5, t5, 0x600
x30 <- 0x0001003FDFFFFE00

mem[X,0x0000000080001594] -> 0x1F13
mem[X,0x0000000080001596] -> 0x00AF
[1386] [M]: 0x0000000080001594 (0x00AF1F13) slli t5, t5, 0xa
x30 <- 0x0400FF7FFFF80000

mem[X,0x0000000080001598] -> 0x0F13
mem[X,0x000000008000159A] -> 0x004F
[1387] [M]: 0x0000000080001598 (0x004F0F13) addi t5, t5, 0x4
x30 <- 0x0400FF7FFFF80004

mem[X,0x000000008000159C] -> 0x0EB7
mem[X,0x000000008000159E] -> 0x0100
[1388] [M]: 0x000000008000159C (0x01000EB7) lui t4, 0x1000
x29 <- 0x0000000001000000

mem[X,0x00000000800015A0] -> 0x8E93
mem[X,0x00000000800015A2] -> 0x006E
[1389] [M]: 0x00000000800015A0 (0x006E8E93) addi t4, t4, 0x6
x29 <- 0x0000000001000006

mem[X,0x00000000800015A4] -> 0x9E93
mem[X,0x00000000800015A6] -> 0x00BE
[1390] [M]: 0x00000000800015A4 (0x00BE9E93) slli t4, t4, 0xb
x29 <- 0x0000000800003000

mem[X,0x00000000800015A8] -> 0x8E93
mem[X,0x00000000800015AA] -> 0x400E
[1391] [M]: 0x00000000800015A8 (0x400E8E93) addi t4, t4, 0x400
x29 <- 0x0000000800003400

mem[X,0x00000000800015AC] -> 0x9E93
mem[X,0x00000000800015AE] -> 0x00BE
[1392] [M]: 0x00000000800015AC (0x00BE9E93) slli t4, t4, 0xb
x29 <- 0x0000400001A00000

mem[X,0x00000000800015B0] -> 0x8E93
mem[X,0x00000000800015B2] -> 0x03FE
[1393] [M]: 0x00000000800015B0 (0x03FE8E93) addi t4, t4, 0x3f
x29 <- 0x0000400001A0003F

mem[X,0x00000000800015B4] -> 0x9E93
mem[X,0x00000000800015B6] -> 0x00AE
[1394] [M]: 0x00000000800015B4 (0x00AE9E93) slli t4, t4, 0xa
x29 <- 0x010000068000FC00

mem[X,0x00000000800015B8] -> 0x8E93
mem[X,0x00000000800015BA] -> 0x3F7E
[1395] [M]: 0x00000000800015B8 (0x3F7E8E93) addi t4, t4, 0x3f7
x29 <- 0x010000068000FFF7

mem[X,0x00000000800015BC] -> 0x7FBB
mem[X,0x00000000800015BE] -> 0xA1DF
[1396] [M]: 0x00000000800015BC (0xA1DF7FBB) pmulh.h.be t6, t5, t4
x31 <- 0x0000FFFF0000FFFF

mem[X,0x00000000800015C0] -> 0xB023
mem[X,0x00000000800015C2] -> 0x17F3
[1397] [M]: 0x00000000800015C0 (0x17F3B023) sd t6, 0x160(t2)
mem[0x0000000080004350] <- 0x0000FFFF0000FFFF

mem[X,0x00000000800015C4] -> 0x1F37
mem[X,0x00000000800015C6] -> 0x4000
[1398] [M]: 0x00000000800015C4 (0x40001F37) lui t5, 0x40001
x30 <- 0x0000000040001000

mem[X,0x00000000800015C8] -> 0x0F13
mem[X,0x00000000800015CA] -> 0x800F
[1399] [M]: 0x00000000800015C8 (0x800F0F13) addi t5, t5, -0x800
x30 <- 0x0000000040000800

clint::tick mtime <- 0x000000000000000E
 clint timer pending at mtime 0x000000000000000E
htif::tick 0x0000000000000000
mem[X,0x00000000800015CC] -> 0x1F13
mem[X,0x00000000800015CE] -> 0x00BF
[1400] [M]: 0x00000000800015CC (0x00BF1F13) slli t5, t5, 0xb
x30 <- 0x0000020000400000

mem[X,0x00000000800015D0] -> 0x0F13
mem[X,0x00000000800015D2] -> 0x7FBF
[1401] [M]: 0x00000000800015D0 (0x7FBF0F13) addi t5, t5, 0x7fb
x30 <- 0x00000200004007FB

mem[X,0x00000000800015D4] -> 0x1F13
mem[X,0x00000000800015D6] -> 0x00BF
[1402] [M]: 0x00000000800015D4 (0x00BF1F13) slli t5, t5, 0xb
x30 <- 0x00100002003FD800

mem[X,0x00000000800015D8] -> 0x0F13
mem[X,0x00000000800015DA] -> 0x7C0F
[1403] [M]: 0x00000000800015D8 (0x7C0F0F13) addi t5, t5, 0x7c0
x30 <- 0x00100002003FDFC0

mem[X,0x00000000800015DC] -> 0x1F13
mem[X,0x00000000800015DE] -> 0x00AF
[1404] [M]: 0x00000000800015DC (0x00AF1F13) slli t5, t5, 0xa
x30 <- 0x40000800FF7F0000

mem[X,0x00000000800015E0] -> 0x0F13
mem[X,0x00000000800015E2] -> 0x005F
[1405] [M]: 0x00000000800015E0 (0x005F0F13) addi t5, t5, 0x5
x30 <- 0x40000800FF7F0005

mem[X,0x00000000800015E4] -> 0x8EB7
mem[X,0x00000000800015E6] -> 0xFFDF
[1406] [M]: 0x00000000800015E4 (0xFFDF8EB7) lui t4, -0x208
x29 <- 0xFFFFFFFFFFDF8000

mem[X,0x00000000800015E8] -> 0x8E93
mem[X,0x00000000800015EA] -> 0xFFFE
[1407] [M]: 0x00000000800015E8 (0xFFFE8E93) addi t4, t4, -0x1
x29 <- 0xFFFFFFFFFFDF7FFF

mem[X,0x00000000800015EC] -> 0x9E93
mem[X,0x00000000800015EE] -> 0x00BE
[1408] [M]: 0x00000000800015EC (0x00BE9E93) slli t4, t4, 0xb
x29 <- 0xFFFFFFFEFBFFF800

mem[X,0x00000000800015F0] -> 0x8E93
mem[X,0x00000000800015F2] -> 0x7BFE
[1409] [M]: 0x00000000800015F0 (0x7BFE8E93) addi t4, t4, 0x7bf
x29 <- 0xFFFFFFFEFBFFFFBF

mem[X,0x00000000800015F4] -> 0x9E93
mem[X,0x00000000800015F6] -> 0x00BE
[1410] [M]: 0x00000000800015F4 (0x00BE9E93) slli t4, t4, 0xb
x29 <- 0xFFFFF7DFFFFDF800

mem[X,0x00000000800015F8] -> 0x8E93
mem[X,0x00000000800015FA] -> 0x7FFE
[1411] [M]: 0x00000000800015F8 (0x7FFE8E93) addi t4, t4, 0x7ff
x29 <- 0xFFFFF7DFFFFDFFFF

mem[X,0x00000000800015FC] -> 0x9E93
mem[X,0x00000000800015FE] -> 0x00AE
[1412] [M]: 0x00000000800015FC (0x00AE9E93) slli t4, t4, 0xa
x29 <- 0xFFDF7FFFF7FFFC00

mem[X,0x0000000080001600] -> 0x8E93
mem[X,0x0000000080001602] -> 0x3EFE
[1413] [M]: 0x0000000080001600 (0x3EFE8E93) addi t4, t4, 0x3ef
x29 <- 0xFFDF7FFFF7FFFFEF

mem[X,0x0000000080001604] -> 0x7FBB
mem[X,0x0000000080001606] -> 0xA1DF
[1414] [M]: 0x0000000080001604 (0xA1DF7FBB) pmulh.h.be t6, t5, t4
x31 <- 0xFFF7FFFF0000FFFF

mem[X,0x0000000080001608] -> 0xB423
mem[X,0x000000008000160A] -> 0x17F3
[1415] [M]: 0x0000000080001608 (0x17F3B423) sd t6, 0x168(t2)
mem[0x0000000080004358] <- 0xFFF7FFFF0000FFFF

mem[X,0x000000008000160C] -> 0xBF37
mem[X,0x000000008000160E] -> 0x0004
[1416] [M]: 0x000000008000160C (0x0004BF37) lui t5, 0x4b
x30 <- 0x000000000004B000

mem[X,0x0000000080001610] -> 0x0F13
mem[X,0x0000000080001612] -> 0xAAAF
[1417] [M]: 0x0000000080001610 (0xAAAF0F13) addi t5, t5, -0x556
x30 <- 0x000000000004AAAA

mem[X,0x0000000080001614] -> 0x1F13
mem[X,0x0000000080001616] -> 0x00BF
[1418] [M]: 0x0000000080001614 (0x00BF1F13) slli t5, t5, 0xb
x30 <- 0x0000000025555000

mem[X,0x0000000080001618] -> 0x0F13
mem[X,0x000000008000161A] -> 0x000F
[1419] [M]: 0x0000000080001618 (0x000F0F13) addi t5, t5, 0x0
x30 <- 0x0000000025555000

mem[X,0x000000008000161C] -> 0x1F13
mem[X,0x000000008000161E] -> 0x00BF
[1420] [M]: 0x000000008000161C (0x00BF1F13) slli t5, t5, 0xb
x30 <- 0x0000012AAA800000

mem[X,0x0000000080001620] -> 0x0F13
mem[X,0x0000000080001622] -> 0x1C0F
[1421] [M]: 0x0000000080001620 (0x1C0F0F13) addi t5, t5, 0x1c0
x30 <- 0x0000012AAA8001C0

mem[X,0x0000000080001624] -> 0x1F13
mem[X,0x0000000080001626] -> 0x00AF
[1422] [M]: 0x0000000080001624 (0x00AF1F13) slli t5, t5, 0xa
x30 <- 0x0004AAAA00070000

mem[X,0x0000000080001628] -> 0x0F13
mem[X,0x000000008000162A] -> 0x010F
[1423] [M]: 0x0000000080001628 (0x010F0F13) addi t5, t5, 0x10
x30 <- 0x0004AAAA00070010

mem[X,0x000000008000162C] -> 0x0EB7
mem[X,0x000000008000162E] -> 0xF800
[1424] [M]: 0x000000008000162C (0xF8000EB7) lui t4, -0x8000
x29 <- 0xFFFFFFFFF8000000

mem[X,0x0000000080001630] -> 0x8E93
mem[X,0x0000000080001632] -> 0xDFFE
[1425] [M]: 0x0000000080001630 (0xDFFE8E93) addi t4, t4, -0x201
x29 <- 0xFFFFFFFFF7FFFDFF

mem[X,0x0000000080001634] -> 0x9E93
mem[X,0x0000000080001636] -> 0x00BE
[1426] [M]: 0x0000000080001634 (0x00BE9E93) slli t4, t4, 0xb
x29 <- 0xFFFFFFBFFFEFF800

mem[X,0x0000000080001638] -> 0x8E93
mem[X,0x000000008000163A] -> 0x6FFE
[1427] [M]: 0x0000000080001638 (0x6FFE8E93) addi t4, t4, 0x6ff
x29 <- 0xFFFFFFBFFFEFFEFF

mem[X,0x000000008000163C] -> 0x9E93
mem[X,0x000000008000163E] -> 0x00BE
[1428] [M]: 0x000000008000163C (0x00BE9E93) slli t4, t4, 0xb
x29 <- 0xFFFDFFFF7FF7F800

mem[X,0x0000000080001640] -> 0x8E93
mem[X,0x0000000080001642] -> 0x7FFE
[1429] [M]: 0x0000000080001640 (0x7FFE8E93) addi t4, t4, 0x7ff
x29 <- 0xFFFDFFFF7FF7FFFF

mem[X,0x0000000080001644] -> 0x9E93
mem[X,0x0000000080001646] -> 0x00AE
[1430] [M]: 0x0000000080001644 (0x00AE9E93) slli t4, t4, 0xa
x29 <- 0xF7FFFDFFDFFFFC00

mem[X,0x0000000080001648] -> 0x8E93
mem[X,0x000000008000164A] -> 0x3DFE
[1431] [M]: 0x0000000080001648 (0x3DFE8E93) addi t4, t4, 0x3df
x29 <- 0xF7FFFDFFDFFFFFDF

mem[X,0x000000008000164C] -> 0x7FBB
mem[X,0x000000008000164E] -> 0xA1DF
[1432] [M]: 0x000000008000164C (0xA1DF7FBB) pmulh.h.be t6, t5, t4
x31 <- 0xFFFF0000FFFFFFFF

mem[X,0x0000000080001650] -> 0xB823
mem[X,0x0000000080001652] -> 0x17F3
[1433] [M]: 0x0000000080001650 (0x17F3B823) sd t6, 0x170(t2)
mem[0x0000000080004360] <- 0xFFFF0000FFFFFFFF

mem[X,0x0000000080001654] -> 0x0F37
mem[X,0x0000000080001656] -> 0xFFFA
[1434] [M]: 0x0000000080001654 (0xFFFA0F37) lui t5, -0x60
x30 <- 0xFFFFFFFFFFFA0000

mem[X,0x0000000080001658] -> 0x0F13
mem[X,0x000000008000165A] -> 0x080F
[1435] [M]: 0x0000000080001658 (0x080F0F13) addi t5, t5, 0x80
x30 <- 0xFFFFFFFFFFFA0080

mem[X,0x000000008000165C] -> 0x1F13
mem[X,0x000000008000165E] -> 0x00BF
[1436] [M]: 0x000000008000165C (0x00BF1F13) slli t5, t5, 0xb
x30 <- 0xFFFFFFFFD0040000

mem[X,0x0000000080001660] -> 0x0F13
mem[X,0x0000000080001662] -> 0x555F
[1437] [M]: 0x0000000080001660 (0x555F0F13) addi t5, t5, 0x555
x30 <- 0xFFFFFFFFD0040555

mem[X,0x0000000080001664] -> 0x1F13
mem[X,0x0000000080001666] -> 0x00BF
[1438] [M]: 0x0000000080001664 (0x00BF1F13) slli t5, t5, 0xb
x30 <- 0xFFFFFE80202AA800

mem[X,0x0000000080001668] -> 0x0F13
mem[X,0x000000008000166A] -> 0x29FF
[1439] [M]: 0x0000000080001668 (0x29FF0F13) addi t5, t5, 0x29f
x30 <- 0xFFFFFE80202AAA9F

mem[X,0x000000008000166C] -> 0x1F13
mem[X,0x000000008000166E] -> 0x00AF
[1440] [M]: 0x000000008000166C (0x00AF1F13) slli t5, t5, 0xa
x30 <- 0xFFFA0080AAAA7C00

mem[X,0x0000000080001670] -> 0x0F13
mem[X,0x0000000080001672] -> 0x3FFF
[1441] [M]: 0x0000000080001670 (0x3FFF0F13) addi t5, t5, 0x3ff
x30 <- 0xFFFA0080AAAA7FFF

mem[X,0x0000000080001674] -> 0x8EB7
mem[X,0x0000000080001676] -> 0x0007
[1442] [M]: 0x0000000080001674 (0x00078EB7) lui t4, 0x78
x29 <- 0x0000000000078000

mem[X,0x0000000080001678] -> 0x8E93
mem[X,0x000000008000167A] -> 0x000E
[1443] [M]: 0x0000000080001678 (0x000E8E93) addi t4, t4, 0x0
x29 <- 0x0000000000078000

mem[X,0x000000008000167C] -> 0x9E93
mem[X,0x000000008000167E] -> 0x00BE
[1444] [M]: 0x000000008000167C (0x00BE9E93) slli t4, t4, 0xb
x29 <- 0x000000003C000000

mem[X,0x0000000080001680] -> 0x8E93
mem[X,0x0000000080001682] -> 0x5FFE
[1445] [M]: 0x0000000080001680 (0x5FFE8E93) addi t4, t4, 0x5ff
x29 <- 0x000000003C0005FF

mem[X,0x0000000080001684] -> 0x9E93
mem[X,0x0000000080001686] -> 0x00BE
[1446] [M]: 0x0000000080001684 (0x00BE9E93) slli t4, t4, 0xb
x29 <- 0x000001E0002FF800

mem[X,0x0000000080001688] -> 0x8E93
mem[X,0x000000008000168A] -> 0x7FFE
[1447] [M]: 0x0000000080001688 (0x7FFE8E93) addi t4, t4, 0x7ff
x29 <- 0x000001E0002FFFFF

mem[X,0x000000008000168C] -> 0x9E93
mem[X,0x000000008000168E] -> 0x00AE
[1448] [M]: 0x000000008000168C (0x00AE9E93) slli t4, t4, 0xa
x29 <- 0x00078000BFFFFC00

mem[X,0x0000000080001690] -> 0x8E93
mem[X,0x0000000080001692] -> 0x37FE
[1449] [M]: 0x0000000080001690 (0x37FE8E93) addi t4, t4, 0x37f
x29 <- 0x00078000BFFFFF7F

mem[X,0x0000000080001694] -> 0x7FBB
mem[X,0x0000000080001696] -> 0xA1DF
[1450] [M]: 0x0000000080001694 (0xA1DF7FBB) pmulh.h.be t6, t5, t4
x31 <- 0xFFFF00000000003F

mem[X,0x0000000080001698] -> 0xBC23
mem[X,0x000000008000169A] -> 0x17F3
[1451] [M]: 0x0000000080001698 (0x17F3BC23) sd t6, 0x178(t2)
mem[0x0000000080004368] <- 0xFFFF00000000003F

mem[X,0x000000008000169C] -> 0x0F37
mem[X,0x000000008000169E] -> 0xFFFC
[1452] [M]: 0x000000008000169C (0xFFFC0F37) lui t5, -0x40
x30 <- 0xFFFFFFFFFFFC0000

mem[X,0x00000000800016A0] -> 0x0F13
mem[X,0x00000000800016A2] -> 0xFFEF
[1453] [M]: 0x00000000800016A0 (0xFFEF0F13) addi t5, t5, -0x2
x30 <- 0xFFFFFFFFFFFBFFFE

mem[X,0x00000000800016A4] -> 0x1F13
mem[X,0x00000000800016A6] -> 0x00BF
[1454] [M]: 0x00000000800016A4 (0x00BF1F13) slli t5, t5, 0xb
x30 <- 0xFFFFFFFFDFFFF000

mem[X,0x00000000800016A8] -> 0x0F13
mem[X,0x00000000800016AA] -> 0x7FBF
[1455] [M]: 0x00000000800016A8 (0x7FBF0F13) addi t5, t5, 0x7fb
x30 <- 0xFFFFFFFFDFFFF7FB

mem[X,0x00000000800016AC] -> 0x1F13
mem[X,0x00000000800016AE] -> 0x00BF
[1456] [M]: 0x00000000800016AC (0x00BF1F13) slli t5, t5, 0xb
x30 <- 0xFFFFFEFFFFBFD800

mem[X,0x00000000800016B0] -> 0x0F13
mem[X,0x00000000800016B2] -> 0x7FFF
[1457] [M]: 0x00000000800016B0 (0x7FFF0F13) addi t5, t5, 0x7ff
x30 <- 0xFFFFFEFFFFBFDFFF

mem[X,0x00000000800016B4] -> 0x1F13
mem[X,0x00000000800016B6] -> 0x00AF
[1458] [M]: 0x00000000800016B4 (0x00AF1F13) slli t5, t5, 0xa
x30 <- 0xFFFBFFFEFF7FFC00

mem[X,0x00000000800016B8] -> 0x0F13
mem[X,0x00000000800016BA] -> 0x3FAF
[1459] [M]: 0x00000000800016B8 (0x3FAF0F13) addi t5, t5, 0x3fa
x30 <- 0xFFFBFFFEFF7FFFFA

mem[X,0x00000000800016BC] -> 0xCEB7
mem[X,0x00000000800016BE] -> 0xFFBF
[1460] [M]: 0x00000000800016BC (0xFFBFCEB7) lui t4, -0x404
x29 <- 0xFFFFFFFFFFBFC000

mem[X,0x00000000800016C0] -> 0x8E93
mem[X,0x00000000800016C2] -> 0x000E
[1461] [M]: 0x00000000800016C0 (0x000E8E93) addi t4, t4, 0x0
x29 <- 0xFFFFFFFFFFBFC000

mem[X,0x00000000800016C4] -> 0x9E93
mem[X,0x00000000800016C6] -> 0x00BE
[1462] [M]: 0x00000000800016C4 (0x00BE9E93) slli t4, t4, 0xb
x29 <- 0xFFFFFFFDFE000000

mem[X,0x00000000800016C8] -> 0x8E93
mem[X,0x00000000800016CA] -> 0x7BFE
[1463] [M]: 0x00000000800016C8 (0x7BFE8E93) addi t4, t4, 0x7bf
x29 <- 0xFFFFFFFDFE0007BF

mem[X,0x00000000800016CC] -> 0x9E93
mem[X,0x00000000800016CE] -> 0x00BE
[1464] [M]: 0x00000000800016CC (0x00BE9E93) slli t4, t4, 0xb
x29 <- 0xFFFFEFF0003DF800

mem[X,0x00000000800016D0] -> 0x8E93
mem[X,0x00000000800016D2] -> 0x7EFE
[1465] [M]: 0x00000000800016D0 (0x7EFE8E93) addi t4, t4, 0x7ef
x29 <- 0xFFFFEFF0003DFFEF

mem[X,0x00000000800016D4] -> 0x9E93
mem[X,0x00000000800016D6] -> 0x00AE
[1466] [M]: 0x00000000800016D4 (0x00AE9E93) slli t4, t4, 0xa
x29 <- 0xFFBFC000F7FFBC00

mem[X,0x00000000800016D8] -> 0x8E93
mem[X,0x00000000800016DA] -> 0x3FFE
[1467] [M]: 0x00000000800016D8 (0x3FFE8E93) addi t4, t4, 0x3ff
x29 <- 0xFFBFC000F7FFBFFF

mem[X,0x00000000800016DC] -> 0x7FBB
mem[X,0x00000000800016DE] -> 0xA1DF
[1468] [M]: 0x00000000800016DC (0xA1DF7FBB) pmulh.h.be t6, t5, t4
x31 <- 0x0000000000000000

mem[X,0x00000000800016E0] -> 0xB023
mem[X,0x00000000800016E2] -> 0x19F3
[1469] [M]: 0x00000000800016E0 (0x19F3B023) sd t6, 0x180(t2)
mem[0x0000000080004370] <- 0x0000000000000000

mem[X,0x00000000800016E4] -> 0x0F37
mem[X,0x00000000800016E6] -> 0x0201
[1470] [M]: 0x00000000800016E4 (0x02010F37) lui t5, 0x2010
x30 <- 0x0000000002010000

mem[X,0x00000000800016E8] -> 0x0F13
mem[X,0x00000000800016EA] -> 0xFFAF
[1471] [M]: 0x00000000800016E8 (0xFFAF0F13) addi t5, t5, -0x6
x30 <- 0x000000000200FFFA

mem[X,0x00000000800016EC] -> 0x1F13
mem[X,0x00000000800016EE] -> 0x00BF
[1472] [M]: 0x00000000800016EC (0x00BF1F13) slli t5, t5, 0xb
x30 <- 0x0000001007FFD000

mem[X,0x00000000800016F0] -> 0x0F13
mem[X,0x00000000800016F2] -> 0x7FFF
[1473] [M]: 0x00000000800016F0 (0x7FFF0F13) addi t5, t5, 0x7ff
x30 <- 0x0000001007FFD7FF

mem[X,0x00000000800016F4] -> 0x1F13
mem[X,0x00000000800016F6] -> 0x00BF
[1474] [M]: 0x00000000800016F4 (0x00BF1F13) slli t5, t5, 0xb
x30 <- 0x0000803FFEBFF800

mem[X,0x00000000800016F8] -> 0x0F13
mem[X,0x00000000800016FA] -> 0x742F
[1475] [M]: 0x00000000800016F8 (0x742F0F13) addi t5, t5, 0x742
x30 <- 0x0000803FFEBFFF42

mem[X,0x00000000800016FC] -> 0x1F13
mem[X,0x00000000800016FE] -> 0x00AF
[1476] [M]: 0x00000000800016FC (0x00AF1F13) slli t5, t5, 0xa
x30 <- 0x0200FFFAFFFD0800

mem[X,0x0000000080001700] -> 0x0EB7
mem[X,0x0000000080001702] -> 0x0101
[1477] [M]: 0x0000000080001700 (0x01010EB7) lui t4, 0x1010
x29 <- 0x0000000001010000

mem[X,0x0000000080001704] -> 0x8E93
mem[X,0x0000000080001706] -> 0xF7FE
[1478] [M]: 0x0000000080001704 (0xF7FE8E93) addi t4, t4, -0x81
x29 <- 0x000000000100FF7F

mem[X,0x0000000080001708] -> 0x9E93
mem[X,0x000000008000170A] -> 0x00BE
[1479] [M]: 0x0000000080001708 (0x00BE9E93) slli t4, t4, 0xb
x29 <- 0x0000000807FBF800

mem[X,0x000000008000170C] -> 0x8E93
mem[X,0x000000008000170E] -> 0x7FEE
[1480] [M]: 0x000000008000170C (0x7FEE8E93) addi t4, t4, 0x7fe
x29 <- 0x0000000807FBFFFE

mem[X,0x0000000080001710] -> 0x9E93
mem[X,0x0000000080001712] -> 0x00BE
[1481] [M]: 0x0000000080001710 (0x00BE9E93) slli t4, t4, 0xb
x29 <- 0x0000403FDFFFF000

mem[X,0x0000000080001714] -> 0x8E93
mem[X,0x0000000080001716] -> 0x7FFE
[1482] [M]: 0x0000000080001714 (0x7FFE8E93) addi t4, t4, 0x7ff
x29 <- 0x0000403FDFFFF7FF

mem[X,0x0000000080001718] -> 0x9E93
mem[X,0x000000008000171A] -> 0x00AE
[1483] [M]: 0x0000000080001718 (0x00AE9E93) slli t4, t4, 0xa
x29 <- 0x0100FF7FFFDFFC00

mem[X,0x000000008000171C] -> 0x8E93
mem[X,0x000000008000171E] -> 0x3F7E
[1484] [M]: 0x000000008000171C (0x3F7E8E93) addi t4, t4, 0x3f7
x29 <- 0x0100FF7FFFDFFFF7

mem[X,0x0000000080001720] -> 0x7FBB
mem[X,0x0000000080001722] -> 0xA1DF
[1485] [M]: 0x0000000080001720 (0xA1DF7FBB) pmulh.h.be t6, t5, t4
x31 <- 0x0000FFFF0000FFFF

mem[X,0x0000000080001724] -> 0xB423
mem[X,0x0000000080001726] -> 0x19F3
[1486] [M]: 0x0000000080001724 (0x19F3B423) sd t6, 0x188(t2)
mem[0x0000000080004378] <- 0x0000FFFF0000FFFF

mem[X,0x0000000080001728] -> 0x0F37
mem[X,0x000000008000172A] -> 0x0040
[1487] [M]: 0x0000000080001728 (0x00400F37) lui t5, 0x400
x30 <- 0x0000000000400000

mem[X,0x000000008000172C] -> 0x0F13
mem[X,0x000000008000172E] -> 0x100F
[1488] [M]: 0x000000008000172C (0x100F0F13) addi t5, t5, 0x100
x30 <- 0x0000000000400100

mem[X,0x0000000080001730] -> 0x1F13
mem[X,0x0000000080001732] -> 0x00BF
[1489] [M]: 0x0000000080001730 (0x00BF1F13) slli t5, t5, 0xb
x30 <- 0x0000000200080000

mem[X,0x0000000080001734] -> 0x0F13
mem[X,0x0000000080001736] -> 0x7FFF
[1490] [M]: 0x0000000080001734 (0x7FFF0F13) addi t5, t5, 0x7ff
x30 <- 0x00000002000807FF

mem[X,0x0000000080001738] -> 0x1F13
mem[X,0x000000008000173A] -> 0x00BF
[1491] [M]: 0x0000000080001738 (0x00BF1F13) slli t5, t5, 0xb
x30 <- 0x00001000403FF800

mem[X,0x000000008000173C] -> 0x0F13
mem[X,0x000000008000173E] -> 0x3C0F
[1492] [M]: 0x000000008000173C (0x3C0F0F13) addi t5, t5, 0x3c0
x30 <- 0x00001000403FFBC0

mem[X,0x0000000080001740] -> 0x1F13
mem[X,0x0000000080001742] -> 0x00AF
[1493] [M]: 0x0000000080001740 (0x00AF1F13) slli t5, t5, 0xa
x30 <- 0x00400100FFEF0000

mem[X,0x0000000080001744] -> 0x0F13
mem[X,0x0000000080001746] -> 0x001F
[1494] [M]: 0x0000000080001744 (0x001F0F13) addi t5, t5, 0x1
x30 <- 0x00400100FFEF0001

mem[X,0x0000000080001748] -> 0x1EB7
mem[X,0x000000008000174A] -> 0xFFF9
[1495] [M]: 0x0000000080001748 (0xFFF91EB7) lui t4, -0x6f
x29 <- 0xFFFFFFFFFFF91000

mem[X,0x000000008000174C] -> 0x8E93
mem[X,0x000000008000174E] -> 0x000E
[1496] [M]: 0x000000008000174C (0x000E8E93) addi t4, t4, 0x0
x29 <- 0xFFFFFFFFFFF91000

mem[X,0x0000000080001750] -> 0x9E93
mem[X,0x0000000080001752] -> 0x00BE
[1497] [M]: 0x0000000080001750 (0x00BE9E93) slli t4, t4, 0xb
x29 <- 0xFFFFFFFFC8800000

mem[X,0x0000000080001754] -> 0x8E93
mem[X,0x0000000080001756] -> 0x100E
[1498] [M]: 0x0000000080001754 (0x100E8E93) addi t4, t4, 0x100
x29 <- 0xFFFFFFFFC8800100

mem[X,0x0000000080001758] -> 0x9E93
mem[X,0x000000008000175A] -> 0x00BE
[1499] [M]: 0x0000000080001758 (0x00BE9E93) slli t4, t4, 0xb
x29 <- 0xFFFFFE4400080000

clint::tick mtime <- 0x000000000000000F
 clint timer pending at mtime 0x000000000000000F
htif::tick 0x0000000000000000
mem[X,0x000000008000175C] -> 0x8E93
mem[X,0x000000008000175E] -> 0x000E
[1500] [M]: 0x000000008000175C (0x000E8E93) addi t4, t4, 0x0
x29 <- 0xFFFFFE4400080000

mem[X,0x0000000080001760] -> 0x9E93
mem[X,0x0000000080001762] -> 0x00AE
[1501] [M]: 0x0000000080001760 (0x00AE9E93) slli t4, t4, 0xa
x29 <- 0xFFF9100020000000

mem[X,0x0000000080001764] -> 0x8E93
mem[X,0x0000000080001766] -> 0x020E
[1502] [M]: 0x0000000080001764 (0x020E8E93) addi t4, t4, 0x20
x29 <- 0xFFF9100020000020

mem[X,0x0000000080001768] -> 0x7FBB
mem[X,0x000000008000176A] -> 0xA1DF
[1503] [M]: 0x0000000080001768 (0xA1DF7FBB) pmulh.h.be t6, t5, t4
x31 <- 0xFFFF000000000000

mem[X,0x000000008000176C] -> 0xB823
mem[X,0x000000008000176E] -> 0x19F3
[1504] [M]: 0x000000008000176C (0x19F3B823) sd t6, 0x190(t2)
mem[0x0000000080004380] <- 0xFFFF000000000000

mem[X,0x0000000080001770] -> 0x1F37
mem[X,0x0000000080001772] -> 0x0010
[1505] [M]: 0x0000000080001770 (0x00101F37) lui t5, 0x101
x30 <- 0x0000000000101000

mem[X,0x0000000080001774] -> 0x0F13
mem[X,0x0000000080001776] -> 0x800F
[1506] [M]: 0x0000000080001774 (0x800F0F13) addi t5, t5, -0x800
x30 <- 0x0000000000100800

mem[X,0x0000000080001778] -> 0x1F13
mem[X,0x000000008000177A] -> 0x00BF
[1507] [M]: 0x0000000080001778 (0x00BF1F13) slli t5, t5, 0xb
x30 <- 0x0000000080400000

mem[X,0x000000008000177C] -> 0x0F13
mem[X,0x000000008000177E] -> 0x7FFF
[1508] [M]: 0x000000008000177C (0x7FFF0F13) addi t5, t5, 0x7ff
x30 <- 0x00000000804007FF

mem[X,0x0000000080001780] -> 0x1F13
mem[X,0x0000000080001782] -> 0x00BF
[1509] [M]: 0x0000000080001780 (0x00BF1F13) slli t5, t5, 0xb
x30 <- 0x00000402003FF800

mem[X,0x0000000080001784] -> 0x0F13
mem[X,0x0000000080001786] -> 0x3FDF
[1510] [M]: 0x0000000080001784 (0x3FDF0F13) addi t5, t5, 0x3fd
x30 <- 0x00000402003FFBFD

mem[X,0x0000000080001788] -> 0x1F13
mem[X,0x000000008000178A] -> 0x00AF
[1511] [M]: 0x0000000080001788 (0x00AF1F13) slli t5, t5, 0xa
x30 <- 0x00100800FFEFF400

mem[X,0x000000008000178C] -> 0x0F13
mem[X,0x000000008000178E] -> 0x3FFF
[1512] [M]: 0x000000008000178C (0x3FFF0F13) addi t5, t5, 0x3ff
x30 <- 0x00100800FFEFF7FF

mem[X,0x0000000080001790] -> 0x0EB7
mem[X,0x0000000080001792] -> 0x1001
[1513] [M]: 0x0000000080001790 (0x10010EB7) lui t4, 0x10010
x29 <- 0x0000000010010000

mem[X,0x0000000080001794] -> 0x8E93
mem[X,0x0000000080001796] -> 0xDFFE
[1514] [M]: 0x0000000080001794 (0xDFFE8E93) addi t4, t4, -0x201
x29 <- 0x000000001000FDFF

mem[X,0x0000000080001798] -> 0x9E93
mem[X,0x000000008000179A] -> 0x00BE
[1515] [M]: 0x0000000080001798 (0x00BE9E93) slli t4, t4, 0xb
x29 <- 0x0000008007EFF800

mem[X,0x000000008000179C] -> 0x8E93
mem[X,0x000000008000179E] -> 0x008E
[1516] [M]: 0x000000008000179C (0x008E8E93) addi t4, t4, 0x8
x29 <- 0x0000008007EFF808

mem[X,0x00000000800017A0] -> 0x9E93
mem[X,0x00000000800017A2] -> 0x00BE
[1517] [M]: 0x00000000800017A0 (0x00BE9E93) slli t4, t4, 0xb
x29 <- 0x0004003F7FC04000

mem[X,0x00000000800017A4] -> 0x8E93
mem[X,0x00000000800017A6] -> 0x030E
[1518] [M]: 0x00000000800017A4 (0x030E8E93) addi t4, t4, 0x30
x29 <- 0x0004003F7FC04030

mem[X,0x00000000800017A8] -> 0x9E93
mem[X,0x00000000800017AA] -> 0x00AE
[1519] [M]: 0x00000000800017A8 (0x00AE9E93) slli t4, t4, 0xa
x29 <- 0x1000FDFF0100C000

mem[X,0x00000000800017AC] -> 0x7FBB
mem[X,0x00000000800017AE] -> 0xA1DF
[1520] [M]: 0x00000000800017AC (0xA1DF7FBB) pmulh.h.be t6, t5, t4
x31 <- 0x0000FFFF00000000

mem[X,0x00000000800017B0] -> 0xBC23
mem[X,0x00000000800017B2] -> 0x19F3
[1521] [M]: 0x00000000800017B0 (0x19F3BC23) sd t6, 0x198(t2)
mem[0x0000000080004388] <- 0x0000FFFF00000000

mem[X,0x00000000800017B4] -> 0x0F37
mem[X,0x00000000800017B6] -> 0x0010
[1522] [M]: 0x00000000800017B4 (0x00100F37) lui t5, 0x100
x30 <- 0x0000000000100000

mem[X,0x00000000800017B8] -> 0x0F13
mem[X,0x00000000800017BA] -> 0x001F
[1523] [M]: 0x00000000800017B8 (0x001F0F13) addi t5, t5, 0x1
x30 <- 0x0000000000100001

mem[X,0x00000000800017BC] -> 0x1F13
mem[X,0x00000000800017BE] -> 0x00BF
[1524] [M]: 0x00000000800017BC (0x00BF1F13) slli t5, t5, 0xb
x30 <- 0x0000000080000800

mem[X,0x00000000800017C0] -> 0x0F13
mem[X,0x00000000800017C2] -> 0x7BFF
[1525] [M]: 0x00000000800017C0 (0x7BFF0F13) addi t5, t5, 0x7bf
x30 <- 0x0000000080000FBF

mem[X,0x00000000800017C4] -> 0x1F13
mem[X,0x00000000800017C6] -> 0x00BF
[1526] [M]: 0x00000000800017C4 (0x00BF1F13) slli t5, t5, 0xb
x30 <- 0x00000400007DF800

mem[X,0x00000000800017C8] -> 0x0F13
mem[X,0x00000000800017CA] -> 0x7FBF
[1527] [M]: 0x00000000800017C8 (0x7FBF0F13) addi t5, t5, 0x7fb
x30 <- 0x00000400007DFFFB

mem[X,0x00000000800017CC] -> 0x1F13
mem[X,0x00000000800017CE] -> 0x00AF
[1528] [M]: 0x00000000800017CC (0x00AF1F13) slli t5, t5, 0xa
x30 <- 0x00100001F7FFEC00

mem[X,0x00000000800017D0] -> 0x0F13
mem[X,0x00000000800017D2] -> 0x3FFF
[1529] [M]: 0x00000000800017D0 (0x3FFF0F13) addi t5, t5, 0x3ff
x30 <- 0x00100001F7FFEFFF

mem[X,0x00000000800017D4] -> 0x0EB7
mem[X,0x00000000800017D6] -> 0xFFDF
[1530] [M]: 0x00000000800017D4 (0xFFDF0EB7) lui t4, -0x210
x29 <- 0xFFFFFFFFFFDF0000

mem[X,0x00000000800017D8] -> 0x8E93
mem[X,0x00000000800017DA] -> 0x400E
[1531] [M]: 0x00000000800017D8 (0x400E8E93) addi t4, t4, 0x400
x29 <- 0xFFFFFFFFFFDF0400

mem[X,0x00000000800017DC] -> 0x9E93
mem[X,0x00000000800017DE] -> 0x00BE
[1532] [M]: 0x00000000800017DC (0x00BE9E93) slli t4, t4, 0xb
x29 <- 0xFFFFFFFEF8200000

mem[X,0x00000000800017E0] -> 0x8E93
mem[X,0x00000000800017E2] -> 0x7FFE
[1533] [M]: 0x00000000800017E0 (0x7FFE8E93) addi t4, t4, 0x7ff
x29 <- 0xFFFFFFFEF82007FF

mem[X,0x00000000800017E4] -> 0x9E93
mem[X,0x00000000800017E6] -> 0x00BE
[1534] [M]: 0x00000000800017E4 (0x00BE9E93) slli t4, t4, 0xb
x29 <- 0xFFFFF7C1003FF800

mem[X,0x00000000800017E8] -> 0x8E93
mem[X,0x00000000800017EA] -> 0x700E
[1535] [M]: 0x00000000800017E8 (0x700E8E93) addi t4, t4, 0x700
x29 <- 0xFFFFF7C1003FFF00

mem[X,0x00000000800017EC] -> 0x9E93
mem[X,0x00000000800017EE] -> 0x00AE
[1536] [M]: 0x00000000800017EC (0x00AE9E93) slli t4, t4, 0xa
x29 <- 0xFFDF0400FFFC0000

mem[X,0x00000000800017F0] -> 0x8E93
mem[X,0x00000000800017F2] -> 0x100E
[1537] [M]: 0x00000000800017F0 (0x100E8E93) addi t4, t4, 0x100
x29 <- 0xFFDF0400FFFC0100

mem[X,0x00000000800017F4] -> 0x7FBB
mem[X,0x00000000800017F6] -> 0xA1DF
[1538] [M]: 0x00000000800017F4 (0xA1DF7FBB) pmulh.h.be t6, t5, t4
x31 <- 0xFFFF000000000000

mem[X,0x00000000800017F8] -> 0xB023
mem[X,0x00000000800017FA] -> 0x1BF3
[1539] [M]: 0x00000000800017F8 (0x1BF3B023) sd t6, 0x1a0(t2)
mem[0x0000000080004390] <- 0xFFFF000000000000

mem[X,0x00000000800017FC] -> 0x0F37
mem[X,0x00000000800017FE] -> 0xFFFB
[1540] [M]: 0x00000000800017FC (0xFFFB0F37) lui t5, -0x50
x30 <- 0xFFFFFFFFFFFB0000

mem[X,0x0000000080001800] -> 0x0F13
mem[X,0x0000000080001802] -> 0x080F
[1541] [M]: 0x0000000080001800 (0x080F0F13) addi t5, t5, 0x80
x30 <- 0xFFFFFFFFFFFB0080

mem[X,0x0000000080001804] -> 0x1F13
mem[X,0x0000000080001806] -> 0x00BF
[1542] [M]: 0x0000000080001804 (0x00BF1F13) slli t5, t5, 0xb
x30 <- 0xFFFFFFFFD8040000

mem[X,0x0000000080001808] -> 0x0F13
mem[X,0x000000008000180A] -> 0x77FF
[1543] [M]: 0x0000000080001808 (0x77FF0F13) addi t5, t5, 0x77f
x30 <- 0xFFFFFFFFD804077F

mem[X,0x000000008000180C] -> 0x1F13
mem[X,0x000000008000180E] -> 0x00BF
[1544] [M]: 0x000000008000180C (0x00BF1F13) slli t5, t5, 0xb
x30 <- 0xFFFFFEC0203BF800

mem[X,0x0000000080001810] -> 0x0F13
mem[X,0x0000000080001812] -> 0x7C4F
[1545] [M]: 0x0000000080001810 (0x7C4F0F13) addi t5, t5, 0x7c4
x30 <- 0xFFFFFEC0203BFFC4

mem[X,0x0000000080001814] -> 0x1F13
mem[X,0x0000000080001816] -> 0x00AF
[1546] [M]: 0x0000000080001814 (0x00AF1F13) slli t5, t5, 0xa
x30 <- 0xFFFB0080EFFF1000

mem[X,0x0000000080001818] -> 0xEEB7
mem[X,0x000000008000181A] -> 0xBFFF
[1547] [M]: 0x0000000080001818 (0xBFFFEEB7) lui t4, -0x40002
x29 <- 0xFFFFFFFFBFFFE000

mem[X,0x000000008000181C] -> 0x8E93
mem[X,0x000000008000181E] -> 0xFFFE
[1548] [M]: 0x000000008000181C (0xFFFE8E93) addi t4, t4, -0x1
x29 <- 0xFFFFFFFFBFFFDFFF

mem[X,0x0000000080001820] -> 0x9E93
mem[X,0x0000000080001822] -> 0x00BE
[1549] [M]: 0x0000000080001820 (0x00BE9E93) slli t4, t4, 0xb
x29 <- 0xFFFFFDFFFEFFF800

mem[X,0x0000000080001824] -> 0x8E93
mem[X,0x0000000080001826] -> 0x200E
[1550] [M]: 0x0000000080001824 (0x200E8E93) addi t4, t4, 0x200
x29 <- 0xFFFFFDFFFEFFFA00

mem[X,0x0000000080001828] -> 0x9E93
mem[X,0x000000008000182A] -> 0x00BE
[1551] [M]: 0x0000000080001828 (0x00BE9E93) slli t4, t4, 0xb
x29 <- 0xFFEFFFF7FFD00000

mem[X,0x000000008000182C] -> 0x8E93
mem[X,0x000000008000182E] -> 0x03FE
[1552] [M]: 0x000000008000182C (0x03FE8E93) addi t4, t4, 0x3f
x29 <- 0xFFEFFFF7FFD0003F

mem[X,0x0000000080001830] -> 0x9E93
mem[X,0x0000000080001832] -> 0x00AE
[1553] [M]: 0x0000000080001830 (0x00AE9E93) slli t4, t4, 0xa
x29 <- 0xBFFFDFFF4000FC00

mem[X,0x0000000080001834] -> 0x8E93
mem[X,0x0000000080001836] -> 0x3F8E
[1554] [M]: 0x0000000080001834 (0x3F8E8E93) addi t4, t4, 0x3f8
x29 <- 0xBFFFDFFF4000FFF8

mem[X,0x0000000080001838] -> 0x7FBB
mem[X,0x000000008000183A] -> 0xA1DF
[1555] [M]: 0x0000000080001838 (0xA1DF7FBB) pmulh.h.be t6, t5, t4
x31 <- 0x0000FFFF0000FFFF

mem[X,0x000000008000183C] -> 0xB423
mem[X,0x000000008000183E] -> 0x1BF3
[1556] [M]: 0x000000008000183C (0x1BF3B423) sd t6, 0x1a8(t2)
mem[0x0000000080004398] <- 0x0000FFFF0000FFFF

mem[X,0x0000000080001840] -> 0x0F37
mem[X,0x0000000080001842] -> 0x0008
[1557] [M]: 0x0000000080001840 (0x00080F37) lui t5, 0x80
x30 <- 0x0000000000080000

mem[X,0x0000000080001844] -> 0x0F13
mem[X,0x0000000080001846] -> 0xFFBF
[1558] [M]: 0x0000000080001844 (0xFFBF0F13) addi t5, t5, -0x5
x30 <- 0x000000000007FFFB

mem[X,0x0000000080001848] -> 0x1F13
mem[X,0x000000008000184A] -> 0x00BF
[1559] [M]: 0x0000000080001848 (0x00BF1F13) slli t5, t5, 0xb
x30 <- 0x000000003FFFD800

mem[X,0x000000008000184C] -> 0x0F13
mem[X,0x000000008000184E] -> 0x6FFF
[1560] [M]: 0x000000008000184C (0x6FFF0F13) addi t5, t5, 0x6ff
x30 <- 0x000000003FFFDEFF

mem[X,0x0000000080001850] -> 0x1F13
mem[X,0x0000000080001852] -> 0x00BF
[1561] [M]: 0x0000000080001850 (0x00BF1F13) slli t5, t5, 0xb
x30 <- 0x000001FFFEF7F800

mem[X,0x0000000080001854] -> 0x0F13
mem[X,0x0000000080001856] -> 0x7EAF
[1562] [M]: 0x0000000080001854 (0x7EAF0F13) addi t5, t5, 0x7ea
x30 <- 0x000001FFFEF7FFEA

mem[X,0x0000000080001858] -> 0x1F13
mem[X,0x000000008000185A] -> 0x00AF
[1563] [M]: 0x0000000080001858 (0x00AF1F13) slli t5, t5, 0xa
x30 <- 0x0007FFFBDFFFA800

mem[X,0x000000008000185C] -> 0x0F13
mem[X,0x000000008000185E] -> 0x2AAF
[1564] [M]: 0x000000008000185C (0x2AAF0F13) addi t5, t5, 0x2aa
x30 <- 0x0007FFFBDFFFAAAA

mem[X,0x0000000080001860] -> 0x0EB7
mem[X,0x0000000080001862] -> 0x2000
[1565] [M]: 0x0000000080001860 (0x20000EB7) lui t4, 0x20000
x29 <- 0x0000000020000000

mem[X,0x0000000080001864] -> 0x8E93
mem[X,0x0000000080001866] -> 0x003E
[1566] [M]: 0x0000000080001864 (0x003E8E93) addi t4, t4, 0x3
x29 <- 0x0000000020000003

mem[X,0x0000000080001868] -> 0x9E93
mem[X,0x000000008000186A] -> 0x00BE
[1567] [M]: 0x0000000080001868 (0x00BE9E93) slli t4, t4, 0xb
x29 <- 0x0000010000001800

mem[X,0x000000008000186C] -> 0x8E93
mem[X,0x000000008000186E] -> 0x000E
[1568] [M]: 0x000000008000186C (0x000E8E93) addi t4, t4, 0x0
x29 <- 0x0000010000001800

mem[X,0x0000000080001870] -> 0x9E93
mem[X,0x0000000080001872] -> 0x00BE
[1569] [M]: 0x0000000080001870 (0x00BE9E93) slli t4, t4, 0xb
x29 <- 0x0008000000C00000

mem[X,0x0000000080001874] -> 0x8E93
mem[X,0x0000000080001876] -> 0x200E
[1570] [M]: 0x0000000080001874 (0x200E8E93) addi t4, t4, 0x200
x29 <- 0x0008000000C00200

mem[X,0x0000000080001878] -> 0x9E93
mem[X,0x000000008000187A] -> 0x00AE
[1571] [M]: 0x0000000080001878 (0x00AE9E93) slli t4, t4, 0xa
x29 <- 0x2000000300080000

mem[X,0x000000008000187C] -> 0x8E93
mem[X,0x000000008000187E] -> 0x003E
[1572] [M]: 0x000000008000187C (0x003E8E93) addi t4, t4, 0x3
x29 <- 0x2000000300080003

mem[X,0x0000000080001880] -> 0x7FBB
mem[X,0x0000000080001882] -> 0xA1DF
[1573] [M]: 0x0000000080001880 (0xA1DF7FBB) pmulh.h.be t6, t5, t4
x31 <- 0x0000FFFFFFFEFFFE

mem[X,0x0000000080001884] -> 0xB823
mem[X,0x0000000080001886] -> 0x1BF3
[1574] [M]: 0x0000000080001884 (0x1BF3B823) sd t6, 0x1b0(t2)
mem[0x00000000800043A0] <- 0x0000FFFFFFFEFFFE

mem[X,0x0000000080001888] -> 0x8F37
mem[X,0x000000008000188A] -> 0x0010
[1575] [M]: 0x0000000080001888 (0x00108F37) lui t5, 0x108
x30 <- 0x0000000000108000

mem[X,0x000000008000188C] -> 0x0F13
mem[X,0x000000008000188E] -> 0x000F
[1576] [M]: 0x000000008000188C (0x000F0F13) addi t5, t5, 0x0
x30 <- 0x0000000000108000

mem[X,0x0000000080001890] -> 0x1F13
mem[X,0x0000000080001892] -> 0x00BF
[1577] [M]: 0x0000000080001890 (0x00BF1F13) slli t5, t5, 0xb
x30 <- 0x0000000084000000

mem[X,0x0000000080001894] -> 0x0F13
mem[X,0x0000000080001896] -> 0x600F
[1578] [M]: 0x0000000080001894 (0x600F0F13) addi t5, t5, 0x600
x30 <- 0x0000000084000600

mem[X,0x0000000080001898] -> 0x1F13
mem[X,0x000000008000189A] -> 0x00BF
[1579] [M]: 0x0000000080001898 (0x00BF1F13) slli t5, t5, 0xb
x30 <- 0x0000042000300000

mem[X,0x000000008000189C] -> 0x0F13
mem[X,0x000000008000189E] -> 0x015F
[1580] [M]: 0x000000008000189C (0x015F0F13) addi t5, t5, 0x15
x30 <- 0x0000042000300015

mem[X,0x00000000800018A0] -> 0x1F13
mem[X,0x00000000800018A2] -> 0x00AF
[1581] [M]: 0x00000000800018A0 (0x00AF1F13) slli t5, t5, 0xa
x30 <- 0x00108000C0005400

mem[X,0x00000000800018A4] -> 0x0F13
mem[X,0x00000000800018A6] -> 0x155F
[1582] [M]: 0x00000000800018A4 (0x155F0F13) addi t5, t5, 0x155
x30 <- 0x00108000C0005555

mem[X,0x00000000800018A8] -> 0x0EB7
mem[X,0x00000000800018AA] -> 0x0100
[1583] [M]: 0x00000000800018A8 (0x01000EB7) lui t4, 0x1000
x29 <- 0x0000000001000000

mem[X,0x00000000800018AC] -> 0x8E93
mem[X,0x00000000800018AE] -> 0x020E
[1584] [M]: 0x00000000800018AC (0x020E8E93) addi t4, t4, 0x20
x29 <- 0x0000000001000020

mem[X,0x00000000800018B0] -> 0x9E93
mem[X,0x00000000800018B2] -> 0x00BE
[1585] [M]: 0x00000000800018B0 (0x00BE9E93) slli t4, t4, 0xb
x29 <- 0x0000000800010000

mem[X,0x00000000800018B4] -> 0x8E93
mem[X,0x00000000800018B6] -> 0x7FFE
[1586] [M]: 0x00000000800018B4 (0x7FFE8E93) addi t4, t4, 0x7ff
x29 <- 0x00000008000107FF

mem[X,0x00000000800018B8] -> 0x9E93
mem[X,0x00000000800018BA] -> 0x00BE
[1587] [M]: 0x00000000800018B8 (0x00BE9E93) slli t4, t4, 0xb
x29 <- 0x00004000083FF800

mem[X,0x00000000800018BC] -> 0x8E93
mem[X,0x00000000800018BE] -> 0x740E
[1588] [M]: 0x00000000800018BC (0x740E8E93) addi t4, t4, 0x740
x29 <- 0x00004000083FFF40

mem[X,0x00000000800018C0] -> 0x9E93
mem[X,0x00000000800018C2] -> 0x00AE
[1589] [M]: 0x00000000800018C0 (0x00AE9E93) slli t4, t4, 0xa
x29 <- 0x01000020FFFD0000

mem[X,0x00000000800018C4] -> 0x8E93
mem[X,0x00000000800018C6] -> 0x005E
[1590] [M]: 0x00000000800018C4 (0x005E8E93) addi t4, t4, 0x5
x29 <- 0x01000020FFFD0005

mem[X,0x00000000800018C8] -> 0x7FBB
mem[X,0x00000000800018CA] -> 0xA1DF
[1591] [M]: 0x00000000800018C8 (0xA1DF7FBB) pmulh.h.be t6, t5, t4
x31 <- 0x0000FFF000000001

mem[X,0x00000000800018CC] -> 0xBC23
mem[X,0x00000000800018CE] -> 0x1BF3
[1592] [M]: 0x00000000800018CC (0x1BF3BC23) sd t6, 0x1b8(t2)
mem[0x00000000800043A8] <- 0x0000FFF000000001

mem[X,0x00000000800018D0] -> 0x0F37
mem[X,0x00000000800018D2] -> 0xFFF9
[1593] [M]: 0x00000000800018D0 (0xFFF90F37) lui t5, -0x70
x30 <- 0xFFFFFFFFFFF90000

mem[X,0x00000000800018D4] -> 0x0F13
mem[X,0x00000000800018D6] -> 0xBFFF
[1594] [M]: 0x00000000800018D4 (0xBFFF0F13) addi t5, t5, -0x401
x30 <- 0xFFFFFFFFFFF8FBFF

mem[X,0x00000000800018D8] -> 0x1F13
mem[X,0x00000000800018DA] -> 0x00BF
[1595] [M]: 0x00000000800018D8 (0x00BF1F13) slli t5, t5, 0xb
x30 <- 0xFFFFFFFFC7DFF800

mem[X,0x00000000800018DC] -> 0x0F13
mem[X,0x00000000800018DE] -> 0x100F
[1596] [M]: 0x00000000800018DC (0x100F0F13) addi t5, t5, 0x100
x30 <- 0xFFFFFFFFC7DFF900

mem[X,0x00000000800018E0] -> 0x1F13
mem[X,0x00000000800018E2] -> 0x00BF
[1597] [M]: 0x00000000800018E0 (0x00BF1F13) slli t5, t5, 0xb
x30 <- 0xFFFFFE3EFFC80000

mem[X,0x00000000800018E4] -> 0x0F13
mem[X,0x00000000800018E6] -> 0x000F
[1598] [M]: 0x00000000800018E4 (0x000F0F13) addi t5, t5, 0x0
x30 <- 0xFFFFFE3EFFC80000

mem[X,0x00000000800018E8] -> 0x1F13
mem[X,0x00000000800018EA] -> 0x00AF
[1599] [M]: 0x00000000800018E8 (0x00AF1F13) slli t5, t5, 0xa
x30 <- 0xFFF8FBFF20000000

clint::tick mtime <- 0x0000000000000010
 clint timer pending at mtime 0x0000000000000010
htif::tick 0x0000000000000000
mem[X,0x00000000800018EC] -> 0x0F13
mem[X,0x00000000800018EE] -> 0x010F
[1600] [M]: 0x00000000800018EC (0x010F0F13) addi t5, t5, 0x10
x30 <- 0xFFF8FBFF20000010

mem[X,0x00000000800018F0] -> 0x0EB7
mem[X,0x00000000800018F2] -> 0x0007
[1601] [M]: 0x00000000800018F0 (0x00070EB7) lui t4, 0x70
x29 <- 0x0000000000070000

mem[X,0x00000000800018F4] -> 0x8E93
mem[X,0x00000000800018F6] -> 0x001E
[1602] [M]: 0x00000000800018F4 (0x001E8E93) addi t4, t4, 0x1
x29 <- 0x0000000000070001

mem[X,0x00000000800018F8] -> 0x9E93
mem[X,0x00000000800018FA] -> 0x00BE
[1603] [M]: 0x00000000800018F8 (0x00BE9E93) slli t4, t4, 0xb
x29 <- 0x0000000038000800

mem[X,0x00000000800018FC] -> 0x8E93
mem[X,0x00000000800018FE] -> 0x7FBE
[1604] [M]: 0x00000000800018FC (0x7FBE8E93) addi t4, t4, 0x7fb
x29 <- 0x0000000038000FFB

mem[X,0x0000000080001900] -> 0x9E93
mem[X,0x0000000080001902] -> 0x00BE
[1605] [M]: 0x0000000080001900 (0x00BE9E93) slli t4, t4, 0xb
x29 <- 0x000001C0007FD800

mem[X,0x0000000080001904] -> 0x8E93
mem[X,0x0000000080001906] -> 0x7FBE
[1606] [M]: 0x0000000080001904 (0x7FBE8E93) addi t4, t4, 0x7fb
x29 <- 0x000001C0007FDFFB

mem[X,0x0000000080001908] -> 0x9E93
mem[X,0x000000008000190A] -> 0x00AE
[1607] [M]: 0x0000000080001908 (0x00AE9E93) slli t4, t4, 0xa
x29 <- 0x00070001FF7FEC00

mem[X,0x000000008000190C] -> 0x8E93
mem[X,0x000000008000190E] -> 0x3FFE
[1608] [M]: 0x000000008000190C (0x3FFE8E93) addi t4, t4, 0x3ff
x29 <- 0x00070001FF7FEFFF

mem[X,0x0000000080001910] -> 0x7FBB
mem[X,0x0000000080001912] -> 0xA1DF
[1609] [M]: 0x0000000080001910 (0xA1DF7FBB) pmulh.h.be t6, t5, t4
x31 <- 0xFFFFFFFF000FFFFF

mem[X,0x0000000080001914] -> 0xB023
mem[X,0x0000000080001916] -> 0x1DF3
[1610] [M]: 0x0000000080001914 (0x1DF3B023) sd t6, 0x1c0(t2)
mem[0x00000000800043B0] <- 0xFFFFFFFF000FFFFF

mem[X,0x0000000080001918] -> 0x0F37
mem[X,0x000000008000191A] -> 0xFF7F
[1611] [M]: 0x0000000080001918 (0xFF7F0F37) lui t5, -0x810
x30 <- 0xFFFFFFFFFF7F0000

mem[X,0x000000008000191C] -> 0x0F13
mem[X,0x000000008000191E] -> 0x010F
[1612] [M]: 0x000000008000191C (0x010F0F13) addi t5, t5, 0x10
x30 <- 0xFFFFFFFFFF7F0010

mem[X,0x0000000080001920] -> 0x1F13
mem[X,0x0000000080001922] -> 0x00BF
[1613] [M]: 0x0000000080001920 (0x00BF1F13) slli t5, t5, 0xb
x30 <- 0xFFFFFFFBF8008000

mem[X,0x0000000080001924] -> 0x0F13
mem[X,0x0000000080001926] -> 0x010F
[1614] [M]: 0x0000000080001924 (0x010F0F13) addi t5, t5, 0x10
x30 <- 0xFFFFFFFBF8008010

mem[X,0x0000000080001928] -> 0x1F13
mem[X,0x000000008000192A] -> 0x00BF
[1615] [M]: 0x0000000080001928 (0x00BF1F13) slli t5, t5, 0xb
x30 <- 0xFFFFDFC004008000

mem[X,0x000000008000192C] -> 0x0F13
mem[X,0x000000008000192E] -> 0x000F
[1616] [M]: 0x000000008000192C (0x000F0F13) addi t5, t5, 0x0
x30 <- 0xFFFFDFC004008000

mem[X,0x0000000080001930] -> 0x1F13
mem[X,0x0000000080001932] -> 0x00AF
[1617] [M]: 0x0000000080001930 (0x00AF1F13) slli t5, t5, 0xa
x30 <- 0xFF7F001002000000

mem[X,0x0000000080001934] -> 0x0F13
mem[X,0x0000000080001936] -> 0x040F
[1618] [M]: 0x0000000080001934 (0x040F0F13) addi t5, t5, 0x40
x30 <- 0xFF7F001002000040

mem[X,0x0000000080001938] -> 0xCEB7
mem[X,0x000000008000193A] -> 0x0400
[1619] [M]: 0x0000000080001938 (0x0400CEB7) lui t4, 0x400c
x29 <- 0x000000000400C000

mem[X,0x000000008000193C] -> 0x8E93
mem[X,0x000000008000193E] -> 0xFFFE
[1620] [M]: 0x000000008000193C (0xFFFE8E93) addi t4, t4, -0x1
x29 <- 0x000000000400BFFF

mem[X,0x0000000080001940] -> 0x9E93
mem[X,0x0000000080001942] -> 0x00BE
[1621] [M]: 0x0000000080001940 (0x00BE9E93) slli t4, t4, 0xb
x29 <- 0x0000002005FFF800

mem[X,0x0000000080001944] -> 0x8E93
mem[X,0x0000000080001946] -> 0x7F7E
[1622] [M]: 0x0000000080001944 (0x7F7E8E93) addi t4, t4, 0x7f7
x29 <- 0x0000002005FFFFF7

mem[X,0x0000000080001948] -> 0x9E93
mem[X,0x000000008000194A] -> 0x00BE
[1623] [M]: 0x0000000080001948 (0x00BE9E93) slli t4, t4, 0xb
x29 <- 0x0001002FFFFFB800

mem[X,0x000000008000194C] -> 0x8E93
mem[X,0x000000008000194E] -> 0x7C1E
[1624] [M]: 0x000000008000194C (0x7C1E8E93) addi t4, t4, 0x7c1
x29 <- 0x0001002FFFFFBFC1

mem[X,0x0000000080001950] -> 0x9E93
mem[X,0x0000000080001952] -> 0x00AE
[1625] [M]: 0x0000000080001950 (0x00AE9E93) slli t4, t4, 0xa
x29 <- 0x0400BFFFFEFF0400

mem[X,0x0000000080001954] -> 0x7FBB
mem[X,0x0000000080001956] -> 0xA1DF
[1626] [M]: 0x0000000080001954 (0xA1DF7FBB) pmulh.h.be t6, t5, t4
x31 <- 0x0000FFFFFFFF0000

mem[X,0x0000000080001958] -> 0xB423
mem[X,0x000000008000195A] -> 0x1DF3
[1627] [M]: 0x0000000080001958 (0x1DF3B423) sd t6, 0x1c8(t2)
mem[0x00000000800043B8] <- 0x0000FFFFFFFF0000

mem[X,0x000000008000195C] -> 0x0F37
mem[X,0x000000008000195E] -> 0x0006
[1628] [M]: 0x000000008000195C (0x00060F37) lui t5, 0x60
x30 <- 0x0000000000060000

mem[X,0x0000000080001960] -> 0x0F13
mem[X,0x0000000080001962] -> 0xFF7F
[1629] [M]: 0x0000000080001960 (0xFF7F0F13) addi t5, t5, -0x9
x30 <- 0x000000000005FFF7

mem[X,0x0000000080001964] -> 0x1F13
mem[X,0x0000000080001966] -> 0x00BF
[1630] [M]: 0x0000000080001964 (0x00BF1F13) slli t5, t5, 0xb
x30 <- 0x000000002FFFB800

mem[X,0x0000000080001968] -> 0x0F13
mem[X,0x000000008000196A] -> 0x040F
[1631] [M]: 0x0000000080001968 (0x040F0F13) addi t5, t5, 0x40
x30 <- 0x000000002FFFB840

mem[X,0x000000008000196C] -> 0x1F13
mem[X,0x000000008000196E] -> 0x00BF
[1632] [M]: 0x000000008000196C (0x00BF1F13) slli t5, t5, 0xb
x30 <- 0x0000017FFDC20000

mem[X,0x0000000080001970] -> 0x0F13
mem[X,0x0000000080001972] -> 0x000F
[1633] [M]: 0x0000000080001970 (0x000F0F13) addi t5, t5, 0x0
x30 <- 0x0000017FFDC20000

mem[X,0x0000000080001974] -> 0x1F13
mem[X,0x0000000080001976] -> 0x00AF
[1634] [M]: 0x0000000080001974 (0x00AF1F13) slli t5, t5, 0xa
x30 <- 0x0005FFF708000000

mem[X,0x0000000080001978] -> 0x0F13
mem[X,0x000000008000197A] -> 0x010F
[1635] [M]: 0x0000000080001978 (0x010F0F13) addi t5, t5, 0x10
x30 <- 0x0005FFF708000010

mem[X,0x000000008000197C] -> 0x0EB7
mem[X,0x000000008000197E] -> 0x0401
[1636] [M]: 0x000000008000197C (0x04010EB7) lui t4, 0x4010
x29 <- 0x0000000004010000

mem[X,0x0000000080001980] -> 0x8E93
mem[X,0x0000000080001982] -> 0xFBFE
[1637] [M]: 0x0000000080001980 (0xFBFE8E93) addi t4, t4, -0x41
x29 <- 0x000000000400FFBF

mem[X,0x0000000080001984] -> 0x9E93
mem[X,0x0000000080001986] -> 0x00BE
[1638] [M]: 0x0000000080001984 (0x00BE9E93) slli t4, t4, 0xb
x29 <- 0x0000002007FDF800

mem[X,0x0000000080001988] -> 0x8E93
mem[X,0x000000008000198A] -> 0x555E
[1639] [M]: 0x0000000080001988 (0x555E8E93) addi t4, t4, 0x555
x29 <- 0x0000002007FDFD55

mem[X,0x000000008000198C] -> 0x9E93
mem[X,0x000000008000198E] -> 0x00BE
[1640] [M]: 0x000000008000198C (0x00BE9E93) slli t4, t4, 0xb
x29 <- 0x0001003FEFEAA800

mem[X,0x0000000080001990] -> 0x8E93
mem[X,0x0000000080001992] -> 0x2B0E
[1641] [M]: 0x0000000080001990 (0x2B0E8E93) addi t4, t4, 0x2b0
x29 <- 0x0001003FEFEAAAB0

mem[X,0x0000000080001994] -> 0x9E93
mem[X,0x0000000080001996] -> 0x00AE
[1642] [M]: 0x0000000080001994 (0x00AE9E93) slli t4, t4, 0xa
x29 <- 0x0400FFBFAAAAC000

mem[X,0x0000000080001998] -> 0x7FBB
mem[X,0x000000008000199A] -> 0xA1DF
[1643] [M]: 0x0000000080001998 (0xA1DF7FBB) pmulh.h.be t6, t5, t4
x31 <- 0x00000000FFFD0000

mem[X,0x000000008000199C] -> 0xB823
mem[X,0x000000008000199E] -> 0x1DF3
[1644] [M]: 0x000000008000199C (0x1DF3B823) sd t6, 0x1d0(t2)
mem[0x00000000800043C0] <- 0x00000000FFFD0000

mem[X,0x00000000800019A0] -> 0xEF37
mem[X,0x00000000800019A2] -> 0xFFFA
[1645] [M]: 0x00000000800019A0 (0xFFFAEF37) lui t5, -0x52
x30 <- 0xFFFFFFFFFFFAE000

mem[X,0x00000000800019A4] -> 0x0F13
mem[X,0x00000000800019A6] -> 0xFFFF
[1646] [M]: 0x00000000800019A4 (0xFFFF0F13) addi t5, t5, -0x1
x30 <- 0xFFFFFFFFFFFADFFF

mem[X,0x00000000800019A8] -> 0x1F13
mem[X,0x00000000800019AA] -> 0x00BF
[1647] [M]: 0x00000000800019A8 (0x00BF1F13) slli t5, t5, 0xb
x30 <- 0xFFFFFFFFD6FFF800

mem[X,0x00000000800019AC] -> 0x0F13
mem[X,0x00000000800019AE] -> 0x7FFF
[1648] [M]: 0x00000000800019AC (0x7FFF0F13) addi t5, t5, 0x7ff
x30 <- 0xFFFFFFFFD6FFFFFF

mem[X,0x00000000800019B0] -> 0x1F13
mem[X,0x00000000800019B2] -> 0x00BF
[1649] [M]: 0x00000000800019B0 (0x00BF1F13) slli t5, t5, 0xb
x30 <- 0xFFFFFEB7FFFFF800

mem[X,0x00000000800019B4] -> 0x0F13
mem[X,0x00000000800019B6] -> 0x740F
[1650] [M]: 0x00000000800019B4 (0x740F0F13) addi t5, t5, 0x740
x30 <- 0xFFFFFEB7FFFFFF40

mem[X,0x00000000800019B8] -> 0x1F13
mem[X,0x00000000800019BA] -> 0x00AF
[1651] [M]: 0x00000000800019B8 (0x00AF1F13) slli t5, t5, 0xa
x30 <- 0xFFFADFFFFFFD0000

mem[X,0x00000000800019BC] -> 0x0F13
mem[X,0x00000000800019BE] -> 0x005F
[1652] [M]: 0x00000000800019BC (0x005F0F13) addi t5, t5, 0x5
x30 <- 0xFFFADFFFFFFD0005

mem[X,0x00000000800019C0] -> 0x0EB7
mem[X,0x00000000800019C2] -> 0xFFFE
[1653] [M]: 0x00000000800019C0 (0xFFFE0EB7) lui t4, -0x20
x29 <- 0xFFFFFFFFFFFE0000

mem[X,0x00000000800019C4] -> 0x8E93
mem[X,0x00000000800019C6] -> 0xFFFE
[1654] [M]: 0x00000000800019C4 (0xFFFE8E93) addi t4, t4, -0x1
x29 <- 0xFFFFFFFFFFFDFFFF

mem[X,0x00000000800019C8] -> 0x9E93
mem[X,0x00000000800019CA] -> 0x00BE
[1655] [M]: 0x00000000800019C8 (0x00BE9E93) slli t4, t4, 0xb
x29 <- 0xFFFFFFFFEFFFF800

mem[X,0x00000000800019CC] -> 0x8E93
mem[X,0x00000000800019CE] -> 0x000E
[1656] [M]: 0x00000000800019CC (0x000E8E93) addi t4, t4, 0x0
x29 <- 0xFFFFFFFFEFFFF800

mem[X,0x00000000800019D0] -> 0x9E93
mem[X,0x00000000800019D2] -> 0x00BE
[1657] [M]: 0x00000000800019D0 (0x00BE9E93) slli t4, t4, 0xb
x29 <- 0xFFFFFF7FFFC00000

mem[X,0x00000000800019D4] -> 0x8E93
mem[X,0x00000000800019D6] -> 0x040E
[1658] [M]: 0x00000000800019D4 (0x040E8E93) addi t4, t4, 0x40
x29 <- 0xFFFFFF7FFFC00040

mem[X,0x00000000800019D8] -> 0x9E93
mem[X,0x00000000800019DA] -> 0x00AE
[1659] [M]: 0x00000000800019D8 (0x00AE9E93) slli t4, t4, 0xa
x29 <- 0xFFFDFFFF00010000

mem[X,0x00000000800019DC] -> 0x8E93
mem[X,0x00000000800019DE] -> 0x001E
[1660] [M]: 0x00000000800019DC (0x001E8E93) addi t4, t4, 0x1
x29 <- 0xFFFDFFFF00010001

mem[X,0x00000000800019E0] -> 0x7FBB
mem[X,0x00000000800019E2] -> 0xA1DF
[1661] [M]: 0x00000000800019E0 (0xA1DF7FBB) pmulh.h.be t6, t5, t4
x31 <- 0x00000000FFFF0000

mem[X,0x00000000800019E4] -> 0xBC23
mem[X,0x00000000800019E6] -> 0x1DF3
[1662] [M]: 0x00000000800019E4 (0x1DF3BC23) sd t6, 0x1d8(t2)
mem[0x00000000800043C8] <- 0x00000000FFFF0000

mem[X,0x00000000800019E8] -> 0x4F37
mem[X,0x00000000800019EA] -> 0x0100
[1663] [M]: 0x00000000800019E8 (0x01004F37) lui t5, 0x1004
x30 <- 0x0000000001004000

mem[X,0x00000000800019EC] -> 0x0F13
mem[X,0x00000000800019EE] -> 0x000F
[1664] [M]: 0x00000000800019EC (0x000F0F13) addi t5, t5, 0x0
x30 <- 0x0000000001004000

mem[X,0x00000000800019F0] -> 0x1F13
mem[X,0x00000000800019F2] -> 0x00BF
[1665] [M]: 0x00000000800019F0 (0x00BF1F13) slli t5, t5, 0xb
x30 <- 0x0000000802000000

mem[X,0x00000000800019F4] -> 0x0F13
mem[X,0x00000000800019F6] -> 0x7FFF
[1666] [M]: 0x00000000800019F4 (0x7FFF0F13) addi t5, t5, 0x7ff
x30 <- 0x00000008020007FF

mem[X,0x00000000800019F8] -> 0x1F13
mem[X,0x00000000800019FA] -> 0x00BF
[1667] [M]: 0x00000000800019F8 (0x00BF1F13) slli t5, t5, 0xb
x30 <- 0x00004010003FF800

mem[X,0x00000000800019FC] -> 0x0F13
mem[X,0x00000000800019FE] -> 0x73FF
[1668] [M]: 0x00000000800019FC (0x73FF0F13) addi t5, t5, 0x73f
x30 <- 0x00004010003FFF3F

mem[X,0x0000000080001A00] -> 0x1F13
mem[X,0x0000000080001A02] -> 0x00AF
[1669] [M]: 0x0000000080001A00 (0x00AF1F13) slli t5, t5, 0xa
x30 <- 0x01004000FFFCFC00

mem[X,0x0000000080001A04] -> 0x0F13
mem[X,0x0000000080001A06] -> 0x3FFF
[1670] [M]: 0x0000000080001A04 (0x3FFF0F13) addi t5, t5, 0x3ff
x30 <- 0x01004000FFFCFFFF

mem[X,0x0000000080001A08] -> 0x2EB7
mem[X,0x0000000080001A0A] -> 0x0010
[1671] [M]: 0x0000000080001A08 (0x00102EB7) lui t4, 0x102
x29 <- 0x0000000000102000

mem[X,0x0000000080001A0C] -> 0x8E93
mem[X,0x0000000080001A0E] -> 0x000E
[1672] [M]: 0x0000000080001A0C (0x000E8E93) addi t4, t4, 0x0
x29 <- 0x0000000000102000

mem[X,0x0000000080001A10] -> 0x9E93
mem[X,0x0000000080001A12] -> 0x00BE
[1673] [M]: 0x0000000080001A10 (0x00BE9E93) slli t4, t4, 0xb
x29 <- 0x0000000081000000

mem[X,0x0000000080001A14] -> 0x8E93
mem[X,0x0000000080001A16] -> 0x000E
[1674] [M]: 0x0000000080001A14 (0x000E8E93) addi t4, t4, 0x0
x29 <- 0x0000000081000000

mem[X,0x0000000080001A18] -> 0x9E93
mem[X,0x0000000080001A1A] -> 0x00BE
[1675] [M]: 0x0000000080001A18 (0x00BE9E93) slli t4, t4, 0xb
x29 <- 0x0000040800000000

mem[X,0x0000000080001A1C] -> 0x8E93
mem[X,0x0000000080001A1E] -> 0x03FE
[1676] [M]: 0x0000000080001A1C (0x03FE8E93) addi t4, t4, 0x3f
x29 <- 0x000004080000003F

mem[X,0x0000000080001A20] -> 0x9E93
mem[X,0x0000000080001A22] -> 0x00AE
[1677] [M]: 0x0000000080001A20 (0x00AE9E93) slli t4, t4, 0xa
x29 <- 0x001020000000FC00

mem[X,0x0000000080001A24] -> 0x8E93
mem[X,0x0000000080001A26] -> 0x2FFE
[1678] [M]: 0x0000000080001A24 (0x2FFE8E93) addi t4, t4, 0x2ff
x29 <- 0x001020000000FEFF

mem[X,0x0000000080001A28] -> 0x7FBB
mem[X,0x0000000080001A2A] -> 0xA1DF
[1679] [M]: 0x0000000080001A28 (0xA1DF7FBB) pmulh.h.be t6, t5, t4
x31 <- 0x0000000000000000

mem[X,0x0000000080001A2C] -> 0xB023
mem[X,0x0000000080001A2E] -> 0x1FF3
[1680] [M]: 0x0000000080001A2C (0x1FF3B023) sd t6, 0x1e0(t2)
mem[0x00000000800043D0] <- 0x0000000000000000

mem[X,0x0000000080001A30] -> 0x0F37
mem[X,0x0000000080001A32] -> 0xFFFE
[1681] [M]: 0x0000000080001A30 (0xFFFE0F37) lui t5, -0x20
x30 <- 0xFFFFFFFFFFFE0000

mem[X,0x0000000080001A34] -> 0x0F13
mem[X,0x0000000080001A36] -> 0x006F
[1682] [M]: 0x0000000080001A34 (0x006F0F13) addi t5, t5, 0x6
x30 <- 0xFFFFFFFFFFFE0006

mem[X,0x0000000080001A38] -> 0x1F13
mem[X,0x0000000080001A3A] -> 0x00BF
[1683] [M]: 0x0000000080001A38 (0x00BF1F13) slli t5, t5, 0xb
x30 <- 0xFFFFFFFFF0003000

mem[X,0x0000000080001A3C] -> 0x0F13
mem[X,0x0000000080001A3E] -> 0x555F
[1684] [M]: 0x0000000080001A3C (0x555F0F13) addi t5, t5, 0x555
x30 <- 0xFFFFFFFFF0003555

mem[X,0x0000000080001A40] -> 0x1F13
mem[X,0x0000000080001A42] -> 0x00BF
[1685] [M]: 0x0000000080001A40 (0x00BF1F13) slli t5, t5, 0xb
x30 <- 0xFFFFFF8001AAA800

mem[X,0x0000000080001A44] -> 0x0F13
mem[X,0x0000000080001A46] -> 0x280F
[1686] [M]: 0x0000000080001A44 (0x280F0F13) addi t5, t5, 0x280
x30 <- 0xFFFFFF8001AAAA80

mem[X,0x0000000080001A48] -> 0x1F13
mem[X,0x0000000080001A4A] -> 0x00AF
[1687] [M]: 0x0000000080001A48 (0x00AF1F13) slli t5, t5, 0xa
x30 <- 0xFFFE0006AAAA0000

mem[X,0x0000000080001A4C] -> 0x0F13
mem[X,0x0000000080001A4E] -> 0x040F
[1688] [M]: 0x0000000080001A4C (0x040F0F13) addi t5, t5, 0x40
x30 <- 0xFFFE0006AAAA0040

mem[X,0x0000000080001A50] -> 0x0EB7
mem[X,0x0000000080001A52] -> 0xFFEF
[1689] [M]: 0x0000000080001A50 (0xFFEF0EB7) lui t4, -0x110
x29 <- 0xFFFFFFFFFFEF0000

mem[X,0x0000000080001A54] -> 0x8E93
mem[X,0x0000000080001A56] -> 0x000E
[1690] [M]: 0x0000000080001A54 (0x000E8E93) addi t4, t4, 0x0
x29 <- 0xFFFFFFFFFFEF0000

mem[X,0x0000000080001A58] -> 0x9E93
mem[X,0x0000000080001A5A] -> 0x00BE
[1691] [M]: 0x0000000080001A58 (0x00BE9E93) slli t4, t4, 0xb
x29 <- 0xFFFFFFFF78000000

mem[X,0x0000000080001A5C] -> 0x8E93
mem[X,0x0000000080001A5E] -> 0x7FFE
[1692] [M]: 0x0000000080001A5C (0x7FFE8E93) addi t4, t4, 0x7ff
x29 <- 0xFFFFFFFF780007FF

mem[X,0x0000000080001A60] -> 0x9E93
mem[X,0x0000000080001A62] -> 0x00BE
[1693] [M]: 0x0000000080001A60 (0x00BE9E93) slli t4, t4, 0xb
x29 <- 0xFFFFFBC0003FF800

mem[X,0x0000000080001A64] -> 0x8E93
mem[X,0x0000000080001A66] -> 0x700E
[1694] [M]: 0x0000000080001A64 (0x700E8E93) addi t4, t4, 0x700
x29 <- 0xFFFFFBC0003FFF00

mem[X,0x0000000080001A68] -> 0x9E93
mem[X,0x0000000080001A6A] -> 0x00AE
[1695] [M]: 0x0000000080001A68 (0x00AE9E93) slli t4, t4, 0xa
x29 <- 0xFFEF0000FFFC0000

mem[X,0x0000000080001A6C] -> 0x8E93
mem[X,0x0000000080001A6E] -> 0x008E
[1696] [M]: 0x0000000080001A6C (0x008E8E93) addi t4, t4, 0x8
x29 <- 0xFFEF0000FFFC0008

mem[X,0x0000000080001A70] -> 0x7FBB
mem[X,0x0000000080001A72] -> 0xA1DF
[1697] [M]: 0x0000000080001A70 (0xA1DF7FBB) pmulh.h.be t6, t5, t4
x31 <- 0x0000000000010000

mem[X,0x0000000080001A74] -> 0xB423
mem[X,0x0000000080001A76] -> 0x1FF3
[1698] [M]: 0x0000000080001A74 (0x1FF3B423) sd t6, 0x1e8(t2)
mem[0x00000000800043D8] <- 0x0000000000010000

mem[X,0x0000000080001A78] -> 0x0F37
mem[X,0x0000000080001A7A] -> 0x0003
[1699] [M]: 0x0000000080001A78 (0x00030F37) lui t5, 0x30
x30 <- 0x0000000000030000

clint::tick mtime <- 0x0000000000000011
 clint timer pending at mtime 0x0000000000000011
htif::tick 0x0000000000000000
mem[X,0x0000000080001A7C] -> 0x0F13
mem[X,0x0000000080001A7E] -> 0xFBFF
[1700] [M]: 0x0000000080001A7C (0xFBFF0F13) addi t5, t5, -0x41
x30 <- 0x000000000002FFBF

mem[X,0x0000000080001A80] -> 0x1F13
mem[X,0x0000000080001A82] -> 0x00BF
[1701] [M]: 0x0000000080001A80 (0x00BF1F13) slli t5, t5, 0xb
x30 <- 0x0000000017FDF800

mem[X,0x0000000080001A84] -> 0x0F13
mem[X,0x0000000080001A86] -> 0x7FFF
[1702] [M]: 0x0000000080001A84 (0x7FFF0F13) addi t5, t5, 0x7ff
x30 <- 0x0000000017FDFFFF

mem[X,0x0000000080001A88] -> 0x1F13
mem[X,0x0000000080001A8A] -> 0x00BF
[1703] [M]: 0x0000000080001A88 (0x00BF1F13) slli t5, t5, 0xb
x30 <- 0x000000BFEFFFF800

mem[X,0x0000000080001A8C] -> 0x0F13
mem[X,0x0000000080001A8E] -> 0x70FF
[1704] [M]: 0x0000000080001A8C (0x70FF0F13) addi t5, t5, 0x70f
x30 <- 0x000000BFEFFFFF0F

mem[X,0x0000000080001A90] -> 0x1F13
mem[X,0x0000000080001A92] -> 0x00AF
[1705] [M]: 0x0000000080001A90 (0x00AF1F13) slli t5, t5, 0xa
x30 <- 0x0002FFBFFFFC3C00

mem[X,0x0000000080001A94] -> 0x0F13
mem[X,0x0000000080001A96] -> 0x3FFF
[1706] [M]: 0x0000000080001A94 (0x3FFF0F13) addi t5, t5, 0x3ff
x30 <- 0x0002FFBFFFFC3FFF

mem[X,0x0000000080001A98] -> 0xCEB7
mem[X,0x0000000080001A9A] -> 0xFFF9
[1707] [M]: 0x0000000080001A98 (0xFFF9CEB7) lui t4, -0x64
x29 <- 0xFFFFFFFFFFF9C000

mem[X,0x0000000080001A9C] -> 0x8E93
mem[X,0x0000000080001A9E] -> 0x000E
[1708] [M]: 0x0000000080001A9C (0x000E8E93) addi t4, t4, 0x0
x29 <- 0xFFFFFFFFFFF9C000

mem[X,0x0000000080001AA0] -> 0x9E93
mem[X,0x0000000080001AA2] -> 0x00BE
[1709] [M]: 0x0000000080001AA0 (0x00BE9E93) slli t4, t4, 0xb
x29 <- 0xFFFFFFFFCE000000

mem[X,0x0000000080001AA4] -> 0x8E93
mem[X,0x0000000080001AA6] -> 0x7FFE
[1710] [M]: 0x0000000080001AA4 (0x7FFE8E93) addi t4, t4, 0x7ff
x29 <- 0xFFFFFFFFCE0007FF

mem[X,0x0000000080001AA8] -> 0x9E93
mem[X,0x0000000080001AAA] -> 0x00BE
[1711] [M]: 0x0000000080001AA8 (0x00BE9E93) slli t4, t4, 0xb
x29 <- 0xFFFFFE70003FF800

mem[X,0x0000000080001AAC] -> 0x8E93
mem[X,0x0000000080001AAE] -> 0x6C0E
[1712] [M]: 0x0000000080001AAC (0x6C0E8E93) addi t4, t4, 0x6c0
x29 <- 0xFFFFFE70003FFEC0

mem[X,0x0000000080001AB0] -> 0x9E93
mem[X,0x0000000080001AB2] -> 0x00AE
[1713] [M]: 0x0000000080001AB0 (0x00AE9E93) slli t4, t4, 0xa
x29 <- 0xFFF9C000FFFB0000

mem[X,0x0000000080001AB4] -> 0x8E93
mem[X,0x0000000080001AB6] -> 0x003E
[1714] [M]: 0x0000000080001AB4 (0x003E8E93) addi t4, t4, 0x3
x29 <- 0xFFF9C000FFFB0003

mem[X,0x0000000080001AB8] -> 0x7FBB
mem[X,0x0000000080001ABA] -> 0xA1DF
[1715] [M]: 0x0000000080001AB8 (0xA1DF7FBB) pmulh.h.be t6, t5, t4
x31 <- 0xFFFF000000000000

mem[X,0x0000000080001ABC] -> 0xB823
mem[X,0x0000000080001ABE] -> 0x1FF3
[1716] [M]: 0x0000000080001ABC (0x1FF3B823) sd t6, 0x1f0(t2)
mem[0x00000000800043E0] <- 0xFFFF000000000000

mem[X,0x0000000080001AC0] -> 0x0F37
mem[X,0x0000000080001AC2] -> 0xFFF9
[1717] [M]: 0x0000000080001AC0 (0xFFF90F37) lui t5, -0x70
x30 <- 0xFFFFFFFFFFF90000

mem[X,0x0000000080001AC4] -> 0x0F13
mem[X,0x0000000080001AC6] -> 0xFEFF
[1718] [M]: 0x0000000080001AC4 (0xFEFF0F13) addi t5, t5, -0x11
x30 <- 0xFFFFFFFFFFF8FFEF

mem[X,0x0000000080001AC8] -> 0x1F13
mem[X,0x0000000080001ACA] -> 0x00BF
[1719] [M]: 0x0000000080001AC8 (0x00BF1F13) slli t5, t5, 0xb
x30 <- 0xFFFFFFFFC7FF7800

mem[X,0x0000000080001ACC] -> 0x0F13
mem[X,0x0000000080001ACE] -> 0x5FFF
[1720] [M]: 0x0000000080001ACC (0x5FFF0F13) addi t5, t5, 0x5ff
x30 <- 0xFFFFFFFFC7FF7DFF

mem[X,0x0000000080001AD0] -> 0x1F13
mem[X,0x0000000080001AD2] -> 0x00BF
[1721] [M]: 0x0000000080001AD0 (0x00BF1F13) slli t5, t5, 0xb
x30 <- 0xFFFFFE3FFBEFF800

mem[X,0x0000000080001AD4] -> 0x0F13
mem[X,0x0000000080001AD6] -> 0x7D0F
[1722] [M]: 0x0000000080001AD4 (0x7D0F0F13) addi t5, t5, 0x7d0
x30 <- 0xFFFFFE3FFBEFFFD0

mem[X,0x0000000080001AD8] -> 0x1F13
mem[X,0x0000000080001ADA] -> 0x00AF
[1723] [M]: 0x0000000080001AD8 (0x00AF1F13) slli t5, t5, 0xa
x30 <- 0xFFF8FFEFBFFF4000

mem[X,0x0000000080001ADC] -> 0x0EB7
mem[X,0x0000000080001ADE] -> 0xFFEF
[1724] [M]: 0x0000000080001ADC (0xFFEF0EB7) lui t4, -0x110
x29 <- 0xFFFFFFFFFFEF0000

mem[X,0x0000000080001AE0] -> 0x8E93
mem[X,0x0000000080001AE2] -> 0x080E
[1725] [M]: 0x0000000080001AE0 (0x080E8E93) addi t4, t4, 0x80
x29 <- 0xFFFFFFFFFFEF0080

mem[X,0x0000000080001AE4] -> 0x9E93
mem[X,0x0000000080001AE6] -> 0x00BE
[1726] [M]: 0x0000000080001AE4 (0x00BE9E93) slli t4, t4, 0xb
x29 <- 0xFFFFFFFF78040000

mem[X,0x0000000080001AE8] -> 0x8E93
mem[X,0x0000000080001AEA] -> 0x001E
[1727] [M]: 0x0000000080001AE8 (0x001E8E93) addi t4, t4, 0x1
x29 <- 0xFFFFFFFF78040001

mem[X,0x0000000080001AEC] -> 0x9E93
mem[X,0x0000000080001AEE] -> 0x00BE
[1728] [M]: 0x0000000080001AEC (0x00BE9E93) slli t4, t4, 0xb
x29 <- 0xFFFFFBC020000800

mem[X,0x0000000080001AF0] -> 0x8E93
mem[X,0x0000000080001AF2] -> 0x03FE
[1729] [M]: 0x0000000080001AF0 (0x03FE8E93) addi t4, t4, 0x3f
x29 <- 0xFFFFFBC02000083F

mem[X,0x0000000080001AF4] -> 0x9E93
mem[X,0x0000000080001AF6] -> 0x00AE
[1730] [M]: 0x0000000080001AF4 (0x00AE9E93) slli t4, t4, 0xa
x29 <- 0xFFEF00800020FC00

mem[X,0x0000000080001AF8] -> 0x8E93
mem[X,0x0000000080001AFA] -> 0x1FFE
[1731] [M]: 0x0000000080001AF8 (0x1FFE8E93) addi t4, t4, 0x1ff
x29 <- 0xFFEF00800020FDFF

mem[X,0x0000000080001AFC] -> 0x7FBB
mem[X,0x0000000080001AFE] -> 0xA1DF
[1732] [M]: 0x0000000080001AFC (0xA1DF7FBB) pmulh.h.be t6, t5, t4
x31 <- 0x00000000FFF7FFFF

mem[X,0x0000000080001B00] -> 0xBC23
mem[X,0x0000000080001B02] -> 0x1FF3
[1733] [M]: 0x0000000080001B00 (0x1FF3BC23) sd t6, 0x1f8(t2)
mem[0x00000000800043E8] <- 0x00000000FFF7FFFF

mem[X,0x0000000080001B04] -> 0x0F37
mem[X,0x0000000080001B06] -> 0xFF80
[1734] [M]: 0x0000000080001B04 (0xFF800F37) lui t5, -0x800
x30 <- 0xFFFFFFFFFF800000

mem[X,0x0000000080001B08] -> 0x0F13
mem[X,0x0000000080001B0A] -> 0xFF9F
[1735] [M]: 0x0000000080001B08 (0xFF9F0F13) addi t5, t5, -0x7
x30 <- 0xFFFFFFFFFF7FFFF9

mem[X,0x0000000080001B0C] -> 0x1F13
mem[X,0x0000000080001B0E] -> 0x00BF
[1736] [M]: 0x0000000080001B0C (0x00BF1F13) slli t5, t5, 0xb
x30 <- 0xFFFFFFFBFFFFC800

mem[X,0x0000000080001B10] -> 0x0F13
mem[X,0x0000000080001B12] -> 0x6FFF
[1737] [M]: 0x0000000080001B10 (0x6FFF0F13) addi t5, t5, 0x6ff
x30 <- 0xFFFFFFFBFFFFCEFF

mem[X,0x0000000080001B14] -> 0x1F13
mem[X,0x0000000080001B16] -> 0x00BF
[1738] [M]: 0x0000000080001B14 (0x00BF1F13) slli t5, t5, 0xb
x30 <- 0xFFFFDFFFFE77F800

mem[X,0x0000000080001B18] -> 0x0F13
mem[X,0x0000000080001B1A] -> 0x7CFF
[1739] [M]: 0x0000000080001B18 (0x7CFF0F13) addi t5, t5, 0x7cf
x30 <- 0xFFFFDFFFFE77FFCF

mem[X,0x0000000080001B1C] -> 0x1F13
mem[X,0x0000000080001B1E] -> 0x00AF
[1740] [M]: 0x0000000080001B1C (0x00AF1F13) slli t5, t5, 0xa
x30 <- 0xFF7FFFF9DFFF3C00

mem[X,0x0000000080001B20] -> 0x0F13
mem[X,0x0000000080001B22] -> 0x3FFF
[1741] [M]: 0x0000000080001B20 (0x3FFF0F13) addi t5, t5, 0x3ff
x30 <- 0xFF7FFFF9DFFF3FFF

mem[X,0x0000000080001B24] -> 0x0EB7
mem[X,0x0000000080001B26] -> 0x0009
[1742] [M]: 0x0000000080001B24 (0x00090EB7) lui t4, 0x90
x29 <- 0x0000000000090000

mem[X,0x0000000080001B28] -> 0x8E93
mem[X,0x0000000080001B2A] -> 0x200E
[1743] [M]: 0x0000000080001B28 (0x200E8E93) addi t4, t4, 0x200
x29 <- 0x0000000000090200

mem[X,0x0000000080001B2C] -> 0x9E93
mem[X,0x0000000080001B2E] -> 0x00BE
[1744] [M]: 0x0000000080001B2C (0x00BE9E93) slli t4, t4, 0xb
x29 <- 0x0000000048100000

mem[X,0x0000000080001B30] -> 0x8E93
mem[X,0x0000000080001B32] -> 0x7FFE
[1745] [M]: 0x0000000080001B30 (0x7FFE8E93) addi t4, t4, 0x7ff
x29 <- 0x00000000481007FF

mem[X,0x0000000080001B34] -> 0x9E93
mem[X,0x0000000080001B36] -> 0x00BE
[1746] [M]: 0x0000000080001B34 (0x00BE9E93) slli t4, t4, 0xb
x29 <- 0x00000240803FF800

mem[X,0x0000000080001B38] -> 0x8E93
mem[X,0x0000000080001B3A] -> 0x3C0E
[1747] [M]: 0x0000000080001B38 (0x3C0E8E93) addi t4, t4, 0x3c0
x29 <- 0x00000240803FFBC0

mem[X,0x0000000080001B3C] -> 0x9E93
mem[X,0x0000000080001B3E] -> 0x00AE
[1748] [M]: 0x0000000080001B3C (0x00AE9E93) slli t4, t4, 0xa
x29 <- 0x00090200FFEF0000

mem[X,0x0000000080001B40] -> 0x8E93
mem[X,0x0000000080001B42] -> 0x006E
[1749] [M]: 0x0000000080001B40 (0x006E8E93) addi t4, t4, 0x6
x29 <- 0x00090200FFEF0006

mem[X,0x0000000080001B44] -> 0x7FBB
mem[X,0x0000000080001B46] -> 0xA1DF
[1750] [M]: 0x0000000080001B44 (0xA1DF7FBB) pmulh.h.be t6, t5, t4
x31 <- 0xFFFF000000020001

mem[X,0x0000000080001B48] -> 0xB023
mem[X,0x0000000080001B4A] -> 0x21F3
[1751] [M]: 0x0000000080001B48 (0x21F3B023) sd t6, 0x200(t2)
mem[0x00000000800043F0] <- 0xFFFF000000020001

mem[X,0x0000000080001B4C] -> 0xFF37
mem[X,0x0000000080001B4E] -> 0x0100
[1752] [M]: 0x0000000080001B4C (0x0100FF37) lui t5, 0x100f
x30 <- 0x000000000100F000

mem[X,0x0000000080001B50] -> 0x0F13
mem[X,0x0000000080001B52] -> 0xFFFF
[1753] [M]: 0x0000000080001B50 (0xFFFF0F13) addi t5, t5, -0x1
x30 <- 0x000000000100EFFF

mem[X,0x0000000080001B54] -> 0x1F13
mem[X,0x0000000080001B56] -> 0x00BF
[1754] [M]: 0x0000000080001B54 (0x00BF1F13) slli t5, t5, 0xb
x30 <- 0x00000008077FF800

mem[X,0x0000000080001B58] -> 0x0F13
mem[X,0x0000000080001B5A] -> 0x7FBF
[1755] [M]: 0x0000000080001B58 (0x7FBF0F13) addi t5, t5, 0x7fb
x30 <- 0x00000008077FFFFB

mem[X,0x0000000080001B5C] -> 0x1F13
mem[X,0x0000000080001B5E] -> 0x00BF
[1756] [M]: 0x0000000080001B5C (0x00BF1F13) slli t5, t5, 0xb
x30 <- 0x0000403BFFFFD800

mem[X,0x0000000080001B60] -> 0x0F13
mem[X,0x0000000080001B62] -> 0x7C0F
[1757] [M]: 0x0000000080001B60 (0x7C0F0F13) addi t5, t5, 0x7c0
x30 <- 0x0000403BFFFFDFC0

mem[X,0x0000000080001B64] -> 0x1F13
mem[X,0x0000000080001B66] -> 0x00AF
[1758] [M]: 0x0000000080001B64 (0x00AF1F13) slli t5, t5, 0xa
x30 <- 0x0100EFFFFF7F0000

mem[X,0x0000000080001B68] -> 0x0F13
mem[X,0x0000000080001B6A] -> 0x003F
[1759] [M]: 0x0000000080001B68 (0x003F0F13) addi t5, t5, 0x3
x30 <- 0x0100EFFFFF7F0003

mem[X,0x0000000080001B6C] -> 0xEEB7
mem[X,0x0000000080001B6E] -> 0xFFFC
[1760] [M]: 0x0000000080001B6C (0xFFFCEEB7) lui t4, -0x32
x29 <- 0xFFFFFFFFFFFCE000

mem[X,0x0000000080001B70] -> 0x8E93
mem[X,0x0000000080001B72] -> 0xFFFE
[1761] [M]: 0x0000000080001B70 (0xFFFE8E93) addi t4, t4, -0x1
x29 <- 0xFFFFFFFFFFFCDFFF

mem[X,0x0000000080001B74] -> 0x9E93
mem[X,0x0000000080001B76] -> 0x00BE
[1762] [M]: 0x0000000080001B74 (0x00BE9E93) slli t4, t4, 0xb
x29 <- 0xFFFFFFFFE6FFF800

mem[X,0x0000000080001B78] -> 0x8E93
mem[X,0x0000000080001B7A] -> 0x7FFE
[1763] [M]: 0x0000000080001B78 (0x7FFE8E93) addi t4, t4, 0x7ff
x29 <- 0xFFFFFFFFE6FFFFFF

mem[X,0x0000000080001B7C] -> 0x9E93
mem[X,0x0000000080001B7E] -> 0x00BE
[1764] [M]: 0x0000000080001B7C (0x00BE9E93) slli t4, t4, 0xb
x29 <- 0xFFFFFF37FFFFF800

mem[X,0x0000000080001B80] -> 0x8E93
mem[X,0x0000000080001B82] -> 0x5C0E
[1765] [M]: 0x0000000080001B80 (0x5C0E8E93) addi t4, t4, 0x5c0
x29 <- 0xFFFFFF37FFFFFDC0

mem[X,0x0000000080001B84] -> 0x9E93
mem[X,0x0000000080001B86] -> 0x00AE
[1766] [M]: 0x0000000080001B84 (0x00AE9E93) slli t4, t4, 0xa
x29 <- 0xFFFCDFFFFFF70000

mem[X,0x0000000080001B88] -> 0x8E93
mem[X,0x0000000080001B8A] -> 0x006E
[1767] [M]: 0x0000000080001B88 (0x006E8E93) addi t4, t4, 0x6
x29 <- 0xFFFCDFFFFFF70006

mem[X,0x0000000080001B8C] -> 0x7FBB
mem[X,0x0000000080001B8E] -> 0xA1DF
[1768] [M]: 0x0000000080001B8C (0xA1DF7FBB) pmulh.h.be t6, t5, t4
x31 <- 0xFFFF000000000000

mem[X,0x0000000080001B90] -> 0xB423
mem[X,0x0000000080001B92] -> 0x21F3
[1769] [M]: 0x0000000080001B90 (0x21F3B423) sd t6, 0x208(t2)
mem[0x00000000800043F8] <- 0xFFFF000000000000

mem[X,0x0000000080001B94] -> 0x0F37
mem[X,0x0000000080001B96] -> 0x0003
[1770] [M]: 0x0000000080001B94 (0x00030F37) lui t5, 0x30
x30 <- 0x0000000000030000

mem[X,0x0000000080001B98] -> 0x0F13
mem[X,0x0000000080001B9A] -> 0x009F
[1771] [M]: 0x0000000080001B98 (0x009F0F13) addi t5, t5, 0x9
x30 <- 0x0000000000030009

mem[X,0x0000000080001B9C] -> 0x1F13
mem[X,0x0000000080001B9E] -> 0x00BF
[1772] [M]: 0x0000000080001B9C (0x00BF1F13) slli t5, t5, 0xb
x30 <- 0x0000000018004800

mem[X,0x0000000080001BA0] -> 0x0F13
mem[X,0x0000000080001BA2] -> 0x7FFF
[1773] [M]: 0x0000000080001BA0 (0x7FFF0F13) addi t5, t5, 0x7ff
x30 <- 0x0000000018004FFF

mem[X,0x0000000080001BA4] -> 0x1F13
mem[X,0x0000000080001BA6] -> 0x00BF
[1774] [M]: 0x0000000080001BA4 (0x00BF1F13) slli t5, t5, 0xb
x30 <- 0x000000C0027FF800

mem[X,0x0000000080001BA8] -> 0x0F13
mem[X,0x0000000080001BAA] -> 0x640F
[1775] [M]: 0x0000000080001BA8 (0x640F0F13) addi t5, t5, 0x640
x30 <- 0x000000C0027FFE40

mem[X,0x0000000080001BAC] -> 0x1F13
mem[X,0x0000000080001BAE] -> 0x00AF
[1776] [M]: 0x0000000080001BAC (0x00AF1F13) slli t5, t5, 0xa
x30 <- 0x00030009FFF90000

mem[X,0x0000000080001BB0] -> 0x0F13
mem[X,0x0000000080001BB2] -> 0x009F
[1777] [M]: 0x0000000080001BB0 (0x009F0F13) addi t5, t5, 0x9
x30 <- 0x00030009FFF90009

mem[X,0x0000000080001BB4] -> 0x1EB7
mem[X,0x0000000080001BB6] -> 0xFFF7
[1778] [M]: 0x0000000080001BB4 (0xFFF71EB7) lui t4, -0x8f
x29 <- 0xFFFFFFFFFFF71000

mem[X,0x0000000080001BB8] -> 0x8E93
mem[X,0x0000000080001BBA] -> 0x800E
[1779] [M]: 0x0000000080001BB8 (0x800E8E93) addi t4, t4, -0x800
x29 <- 0xFFFFFFFFFFF70800

mem[X,0x0000000080001BBC] -> 0x9E93
mem[X,0x0000000080001BBE] -> 0x00BE
[1780] [M]: 0x0000000080001BBC (0x00BE9E93) slli t4, t4, 0xb
x29 <- 0xFFFFFFFFB8400000

mem[X,0x0000000080001BC0] -> 0x8E93
mem[X,0x0000000080001BC2] -> 0x7EFE
[1781] [M]: 0x0000000080001BC0 (0x7EFE8E93) addi t4, t4, 0x7ef
x29 <- 0xFFFFFFFFB84007EF

mem[X,0x0000000080001BC4] -> 0x9E93
mem[X,0x0000000080001BC6] -> 0x00BE
[1782] [M]: 0x0000000080001BC4 (0x00BE9E93) slli t4, t4, 0xb
x29 <- 0xFFFFFDC2003F7800

mem[X,0x0000000080001BC8] -> 0x8E93
mem[X,0x0000000080001BCA] -> 0x7FEE
[1783] [M]: 0x0000000080001BC8 (0x7FEE8E93) addi t4, t4, 0x7fe
x29 <- 0xFFFFFDC2003F7FFE

mem[X,0x0000000080001BCC] -> 0x9E93
mem[X,0x0000000080001BCE] -> 0x00AE
[1784] [M]: 0x0000000080001BCC (0x00AE9E93) slli t4, t4, 0xa
x29 <- 0xFFF70800FDFFF800

mem[X,0x0000000080001BD0] -> 0x8E93
mem[X,0x0000000080001BD2] -> 0x3FFE
[1785] [M]: 0x0000000080001BD0 (0x3FFE8E93) addi t4, t4, 0x3ff
x29 <- 0xFFF70800FDFFFBFF

mem[X,0x0000000080001BD4] -> 0x7FBB
mem[X,0x0000000080001BD6] -> 0xA1DF
[1786] [M]: 0x0000000080001BD4 (0xA1DF7FBB) pmulh.h.be t6, t5, t4
x31 <- 0xFFFF00000000FFFF

mem[X,0x0000000080001BD8] -> 0xB823
mem[X,0x0000000080001BDA] -> 0x21F3
[1787] [M]: 0x0000000080001BD8 (0x21F3B823) sd t6, 0x210(t2)
mem[0x0000000080004400] <- 0xFFFF00000000FFFF

mem[X,0x0000000080001BDC] -> 0x0F37
mem[X,0x0000000080001BDE] -> 0x0801
[1788] [M]: 0x0000000080001BDC (0x08010F37) lui t5, 0x8010
x30 <- 0x0000000008010000

mem[X,0x0000000080001BE0] -> 0x0F13
mem[X,0x0000000080001BE2] -> 0xDFFF
[1789] [M]: 0x0000000080001BE0 (0xDFFF0F13) addi t5, t5, -0x201
x30 <- 0x000000000800FDFF

mem[X,0x0000000080001BE4] -> 0x1F13
mem[X,0x0000000080001BE6] -> 0x00BF
[1790] [M]: 0x0000000080001BE4 (0x00BF1F13) slli t5, t5, 0xb
x30 <- 0x0000004007EFF800

mem[X,0x0000000080001BE8] -> 0x0F13
mem[X,0x0000000080001BEA] -> 0x7FFF
[1791] [M]: 0x0000000080001BE8 (0x7FFF0F13) addi t5, t5, 0x7ff
x30 <- 0x0000004007EFFFFF

mem[X,0x0000000080001BEC] -> 0x1F13
mem[X,0x0000000080001BEE] -> 0x00BF
[1792] [M]: 0x0000000080001BEC (0x00BF1F13) slli t5, t5, 0xb
x30 <- 0x0002003F7FFFF800

mem[X,0x0000000080001BF0] -> 0x0F13
mem[X,0x0000000080001BF2] -> 0x7FFF
[1793] [M]: 0x0000000080001BF0 (0x7FFF0F13) addi t5, t5, 0x7ff
x30 <- 0x0002003F7FFFFFFF

mem[X,0x0000000080001BF4] -> 0x1F13
mem[X,0x0000000080001BF6] -> 0x00AF
[1794] [M]: 0x0000000080001BF4 (0x00AF1F13) slli t5, t5, 0xa
x30 <- 0x0800FDFFFFFFFC00

mem[X,0x0000000080001BF8] -> 0x0F13
mem[X,0x0000000080001BFA] -> 0x37FF
[1795] [M]: 0x0000000080001BF8 (0x37FF0F13) addi t5, t5, 0x37f
x30 <- 0x0800FDFFFFFFFF7F

mem[X,0x0000000080001BFC] -> 0x0EB7
mem[X,0x0000000080001BFE] -> 0x4001
[1796] [M]: 0x0000000080001BFC (0x40010EB7) lui t4, 0x40010
x29 <- 0x0000000040010000

mem[X,0x0000000080001C00] -> 0x8E93
mem[X,0x0000000080001C02] -> 0xFDFE
[1797] [M]: 0x0000000080001C00 (0xFDFE8E93) addi t4, t4, -0x21
x29 <- 0x000000004000FFDF

mem[X,0x0000000080001C04] -> 0x9E93
mem[X,0x0000000080001C06] -> 0x00BE
[1798] [M]: 0x0000000080001C04 (0x00BE9E93) slli t4, t4, 0xb
x29 <- 0x0000020007FEF800

mem[X,0x0000000080001C08] -> 0x8E93
mem[X,0x0000000080001C0A] -> 0x000E
[1799] [M]: 0x0000000080001C08 (0x000E8E93) addi t4, t4, 0x0
x29 <- 0x0000020007FEF800

clint::tick mtime <- 0x0000000000000012
 clint timer pending at mtime 0x0000000000000012
htif::tick 0x0000000000000000
mem[X,0x0000000080001C0C] -> 0x9E93
mem[X,0x0000000080001C0E] -> 0x00BE
[1800] [M]: 0x0000000080001C0C (0x00BE9E93) slli t4, t4, 0xb
x29 <- 0x0010003FF7C00000

mem[X,0x0000000080001C10] -> 0x8E93
mem[X,0x0000000080001C12] -> 0x03FE
[1801] [M]: 0x0000000080001C10 (0x03FE8E93) addi t4, t4, 0x3f
x29 <- 0x0010003FF7C0003F

mem[X,0x0000000080001C14] -> 0x9E93
mem[X,0x0000000080001C16] -> 0x00AE
[1802] [M]: 0x0000000080001C14 (0x00AE9E93) slli t4, t4, 0xa
x29 <- 0x4000FFDF0000FC00

mem[X,0x0000000080001C18] -> 0x8E93
mem[X,0x0000000080001C1A] -> 0x3EFE
[1803] [M]: 0x0000000080001C18 (0x3EFE8E93) addi t4, t4, 0x3ef
x29 <- 0x4000FFDF0000FFEF

mem[X,0x0000000080001C1C] -> 0x7FBB
mem[X,0x0000000080001C1E] -> 0xA1DF
[1804] [M]: 0x0000000080001C1C (0xA1DF7FBB) pmulh.h.be t6, t5, t4
x31 <- 0x0000000000000000

mem[X,0x0000000080001C20] -> 0xBC23
mem[X,0x0000000080001C22] -> 0x21F3
[1805] [M]: 0x0000000080001C20 (0x21F3BC23) sd t6, 0x218(t2)
mem[0x0000000080004408] <- 0x0000000000000000

mem[X,0x0000000080001C24] -> 0x0F37
mem[X,0x0000000080001C26] -> 0x8000
[1806] [M]: 0x0000000080001C24 (0x80000F37) lui t5, -0x80000
x30 <- 0xFFFFFFFF80000000

mem[X,0x0000000080001C28] -> 0x0F13
mem[X,0x0000000080001C2A] -> 0x001F
[1807] [M]: 0x0000000080001C28 (0x001F0F13) addi t5, t5, 0x1
x30 <- 0xFFFFFFFF80000001

mem[X,0x0000000080001C2C] -> 0x1F13
mem[X,0x0000000080001C2E] -> 0x00BF
[1808] [M]: 0x0000000080001C2C (0x00BF1F13) slli t5, t5, 0xb
x30 <- 0xFFFFFC0000000800

mem[X,0x0000000080001C30] -> 0x0F13
mem[X,0x0000000080001C32] -> 0x020F
[1809] [M]: 0x0000000080001C30 (0x020F0F13) addi t5, t5, 0x20
x30 <- 0xFFFFFC0000000820

mem[X,0x0000000080001C34] -> 0x1F13
mem[X,0x0000000080001C36] -> 0x00BF
[1810] [M]: 0x0000000080001C34 (0x00BF1F13) slli t5, t5, 0xb
x30 <- 0xFFE0000000410000

mem[X,0x0000000080001C38] -> 0x0F13
mem[X,0x0000000080001C3A] -> 0x03FF
[1811] [M]: 0x0000000080001C38 (0x03FF0F13) addi t5, t5, 0x3f
x30 <- 0xFFE000000041003F

mem[X,0x0000000080001C3C] -> 0x1F13
mem[X,0x0000000080001C3E] -> 0x00AF
[1812] [M]: 0x0000000080001C3C (0x00AF1F13) slli t5, t5, 0xa
x30 <- 0x800000010400FC00

mem[X,0x0000000080001C40] -> 0x0F13
mem[X,0x0000000080001C42] -> 0x3F6F
[1813] [M]: 0x0000000080001C40 (0x3F6F0F13) addi t5, t5, 0x3f6
x30 <- 0x800000010400FFF6

mem[X,0x0000000080001C44] -> 0x1EB7
mem[X,0x0000000080001C46] -> 0x0009
[1814] [M]: 0x0000000080001C44 (0x00091EB7) lui t4, 0x91
x29 <- 0x0000000000091000

mem[X,0x0000000080001C48] -> 0x8E93
mem[X,0x0000000080001C4A] -> 0x000E
[1815] [M]: 0x0000000080001C48 (0x000E8E93) addi t4, t4, 0x0
x29 <- 0x0000000000091000

mem[X,0x0000000080001C4C] -> 0x9E93
mem[X,0x0000000080001C4E] -> 0x00BE
[1816] [M]: 0x0000000080001C4C (0x00BE9E93) slli t4, t4, 0xb
x29 <- 0x0000000048800000

mem[X,0x0000000080001C50] -> 0x8E93
mem[X,0x0000000080001C52] -> 0x5FFE
[1817] [M]: 0x0000000080001C50 (0x5FFE8E93) addi t4, t4, 0x5ff
x29 <- 0x00000000488005FF

mem[X,0x0000000080001C54] -> 0x9E93
mem[X,0x0000000080001C56] -> 0x00BE
[1818] [M]: 0x0000000080001C54 (0x00BE9E93) slli t4, t4, 0xb
x29 <- 0x00000244002FF800

mem[X,0x0000000080001C58] -> 0x8E93
mem[X,0x0000000080001C5A] -> 0x7C0E
[1819] [M]: 0x0000000080001C58 (0x7C0E8E93) addi t4, t4, 0x7c0
x29 <- 0x00000244002FFFC0

mem[X,0x0000000080001C5C] -> 0x9E93
mem[X,0x0000000080001C5E] -> 0x00AE
[1820] [M]: 0x0000000080001C5C (0x00AE9E93) slli t4, t4, 0xa
x29 <- 0x00091000BFFF0000

mem[X,0x0000000080001C60] -> 0x8E93
mem[X,0x0000000080001C62] -> 0x003E
[1821] [M]: 0x0000000080001C60 (0x003E8E93) addi t4, t4, 0x3
x29 <- 0x00091000BFFF0003

mem[X,0x0000000080001C64] -> 0x7FBB
mem[X,0x0000000080001C66] -> 0xA1DF
[1822] [M]: 0x0000000080001C64 (0xA1DF7FBB) pmulh.h.be t6, t5, t4
x31 <- 0xFFFB0000FFFFFFFF

mem[X,0x0000000080001C68] -> 0xB023
mem[X,0x0000000080001C6A] -> 0x23F3
[1823] [M]: 0x0000000080001C68 (0x23F3B023) sd t6, 0x220(t2)
mem[0x0000000080004410] <- 0xFFFB0000FFFFFFFF

mem[X,0x0000000080001C6C] -> 0xFF37
mem[X,0x0000000080001C6E] -> 0x1000
[1824] [M]: 0x0000000080001C6C (0x1000FF37) lui t5, 0x1000f
x30 <- 0x000000001000F000

mem[X,0x0000000080001C70] -> 0x0F13
mem[X,0x0000000080001C72] -> 0x7FFF
[1825] [M]: 0x0000000080001C70 (0x7FFF0F13) addi t5, t5, 0x7ff
x30 <- 0x000000001000F7FF

mem[X,0x0000000080001C74] -> 0x1F13
mem[X,0x0000000080001C76] -> 0x00BF
[1826] [M]: 0x0000000080001C74 (0x00BF1F13) slli t5, t5, 0xb
x30 <- 0x0000008007BFF800

mem[X,0x0000000080001C78] -> 0x0F13
mem[X,0x0000000080001C7A] -> 0x7FFF
[1827] [M]: 0x0000000080001C78 (0x7FFF0F13) addi t5, t5, 0x7ff
x30 <- 0x0000008007BFFFFF

mem[X,0x0000000080001C7C] -> 0x1F13
mem[X,0x0000000080001C7E] -> 0x00BF
[1828] [M]: 0x0000000080001C7C (0x00BF1F13) slli t5, t5, 0xb
x30 <- 0x0004003DFFFFF800

mem[X,0x0000000080001C80] -> 0x0F13
mem[X,0x0000000080001C82] -> 0x63FF
[1829] [M]: 0x0000000080001C80 (0x63FF0F13) addi t5, t5, 0x63f
x30 <- 0x0004003DFFFFFE3F

mem[X,0x0000000080001C84] -> 0x1F13
mem[X,0x0000000080001C86] -> 0x00AF
[1830] [M]: 0x0000000080001C84 (0x00AF1F13) slli t5, t5, 0xa
x30 <- 0x1000F7FFFFF8FC00

mem[X,0x0000000080001C88] -> 0x0F13
mem[X,0x0000000080001C8A] -> 0x1FFF
[1831] [M]: 0x0000000080001C88 (0x1FFF0F13) addi t5, t5, 0x1ff
x30 <- 0x1000F7FFFFF8FDFF

mem[X,0x0000000080001C8C] -> 0x0EB7
mem[X,0x0000000080001C8E] -> 0x0800
[1832] [M]: 0x0000000080001C8C (0x08000EB7) lui t4, 0x8000
x29 <- 0x0000000008000000

mem[X,0x0000000080001C90] -> 0x8E93
mem[X,0x0000000080001C92] -> 0x007E
[1833] [M]: 0x0000000080001C90 (0x007E8E93) addi t4, t4, 0x7
x29 <- 0x0000000008000007

mem[X,0x0000000080001C94] -> 0x9E93
mem[X,0x0000000080001C96] -> 0x00BE
[1834] [M]: 0x0000000080001C94 (0x00BE9E93) slli t4, t4, 0xb
x29 <- 0x0000004000003800

mem[X,0x0000000080001C98] -> 0x8E93
mem[X,0x0000000080001C9A] -> 0x7FEE
[1835] [M]: 0x0000000080001C98 (0x7FEE8E93) addi t4, t4, 0x7fe
x29 <- 0x0000004000003FFE

mem[X,0x0000000080001C9C] -> 0x9E93
mem[X,0x0000000080001C9E] -> 0x00BE
[1836] [M]: 0x0000000080001C9C (0x00BE9E93) slli t4, t4, 0xb
x29 <- 0x0002000001FFF000

mem[X,0x0000000080001CA0] -> 0x8E93
mem[X,0x0000000080001CA2] -> 0x7FFE
[1837] [M]: 0x0000000080001CA0 (0x7FFE8E93) addi t4, t4, 0x7ff
x29 <- 0x0002000001FFF7FF

mem[X,0x0000000080001CA4] -> 0x9E93
mem[X,0x0000000080001CA6] -> 0x00AE
[1838] [M]: 0x0000000080001CA4 (0x00AE9E93) slli t4, t4, 0xa
x29 <- 0x08000007FFDFFC00

mem[X,0x0000000080001CA8] -> 0x8E93
mem[X,0x0000000080001CAA] -> 0x1FFE
[1839] [M]: 0x0000000080001CA8 (0x1FFE8E93) addi t4, t4, 0x1ff
x29 <- 0x08000007FFDFFDFF

mem[X,0x0000000080001CAC] -> 0x7FBB
mem[X,0x0000000080001CAE] -> 0xA1DF
[1840] [M]: 0x0000000080001CAC (0xA1DF7FBB) pmulh.h.be t6, t5, t4
x31 <- 0x0000FFFF00000000

mem[X,0x0000000080001CB0] -> 0xB423
mem[X,0x0000000080001CB2] -> 0x23F3
[1841] [M]: 0x0000000080001CB0 (0x23F3B423) sd t6, 0x228(t2)
mem[0x0000000080004418] <- 0x0000FFFF00000000

mem[X,0x0000000080001CB4] -> 0x0F37
mem[X,0x0000000080001CB6] -> 0xFF00
[1842] [M]: 0x0000000080001CB4 (0xFF000F37) lui t5, -0x1000
x30 <- 0xFFFFFFFFFF000000

mem[X,0x0000000080001CB8] -> 0x0F13
mem[X,0x0000000080001CBA] -> 0xF7FF
[1843] [M]: 0x0000000080001CB8 (0xF7FF0F13) addi t5, t5, -0x81
x30 <- 0xFFFFFFFFFEFFFF7F

mem[X,0x0000000080001CBC] -> 0x1F13
mem[X,0x0000000080001CBE] -> 0x00BF
[1844] [M]: 0x0000000080001CBC (0x00BF1F13) slli t5, t5, 0xb
x30 <- 0xFFFFFFF7FFFBF800

mem[X,0x0000000080001CC0] -> 0x0F13
mem[X,0x0000000080001CC2] -> 0x7FFF
[1845] [M]: 0x0000000080001CC0 (0x7FFF0F13) addi t5, t5, 0x7ff
x30 <- 0xFFFFFFF7FFFBFFFF

mem[X,0x0000000080001CC4] -> 0x1F13
mem[X,0x0000000080001CC6] -> 0x00BF
[1846] [M]: 0x0000000080001CC4 (0x00BF1F13) slli t5, t5, 0xb
x30 <- 0xFFFFBFFFDFFFF800

mem[X,0x0000000080001CC8] -> 0x0F13
mem[X,0x0000000080001CCA] -> 0x77FF
[1847] [M]: 0x0000000080001CC8 (0x77FF0F13) addi t5, t5, 0x77f
x30 <- 0xFFFFBFFFDFFFFF7F

mem[X,0x0000000080001CCC] -> 0x1F13
mem[X,0x0000000080001CCE] -> 0x00AF
[1848] [M]: 0x0000000080001CCC (0x00AF1F13) slli t5, t5, 0xa
x30 <- 0xFEFFFF7FFFFDFC00

mem[X,0x0000000080001CD0] -> 0x0F13
mem[X,0x0000000080001CD2] -> 0x3DFF
[1849] [M]: 0x0000000080001CD0 (0x3DFF0F13) addi t5, t5, 0x3df
x30 <- 0xFEFFFF7FFFFDFFDF

mem[X,0x0000000080001CD4] -> 0x0EB7
mem[X,0x0000000080001CD6] -> 0x8001
[1850] [M]: 0x0000000080001CD4 (0x80010EB7) lui t4, -0x7fff0
x29 <- 0xFFFFFFFF80010000

mem[X,0x0000000080001CD8] -> 0x8E93
mem[X,0x0000000080001CDA] -> 0xFBFE
[1851] [M]: 0x0000000080001CD8 (0xFBFE8E93) addi t4, t4, -0x41
x29 <- 0xFFFFFFFF8000FFBF

mem[X,0x0000000080001CDC] -> 0x9E93
mem[X,0x0000000080001CDE] -> 0x00BE
[1852] [M]: 0x0000000080001CDC (0x00BE9E93) slli t4, t4, 0xb
x29 <- 0xFFFFFC0007FDF800

mem[X,0x0000000080001CE0] -> 0x8E93
mem[X,0x0000000080001CE2] -> 0x7FFE
[1853] [M]: 0x0000000080001CE0 (0x7FFE8E93) addi t4, t4, 0x7ff
x29 <- 0xFFFFFC0007FDFFFF

mem[X,0x0000000080001CE4] -> 0x9E93
mem[X,0x0000000080001CE6] -> 0x00BE
[1854] [M]: 0x0000000080001CE4 (0x00BE9E93) slli t4, t4, 0xb
x29 <- 0xFFE0003FEFFFF800

mem[X,0x0000000080001CE8] -> 0x8E93
mem[X,0x0000000080001CEA] -> 0x7C0E
[1855] [M]: 0x0000000080001CE8 (0x7C0E8E93) addi t4, t4, 0x7c0
x29 <- 0xFFE0003FEFFFFFC0

mem[X,0x0000000080001CEC] -> 0x9E93
mem[X,0x0000000080001CEE] -> 0x00AE
[1856] [M]: 0x0000000080001CEC (0x00AE9E93) slli t4, t4, 0xa
x29 <- 0x8000FFBFFFFF0000

mem[X,0x0000000080001CF0] -> 0x8E93
mem[X,0x0000000080001CF2] -> 0x009E
[1857] [M]: 0x0000000080001CF0 (0x009E8E93) addi t4, t4, 0x9
x29 <- 0x8000FFBFFFFF0009

mem[X,0x0000000080001CF4] -> 0x7FBB
mem[X,0x0000000080001CF6] -> 0xA1DF
[1858] [M]: 0x0000000080001CF4 (0xA1DF7FBB) pmulh.h.be t6, t5, t4
x31 <- 0x000000000000FFFF

mem[X,0x0000000080001CF8] -> 0xB823
mem[X,0x0000000080001CFA] -> 0x23F3
[1859] [M]: 0x0000000080001CF8 (0x23F3B823) sd t6, 0x230(t2)
mem[0x0000000080004420] <- 0x000000000000FFFF

mem[X,0x0000000080001CFC] -> 0x0F37
mem[X,0x0000000080001CFE] -> 0xFFBF
[1860] [M]: 0x0000000080001CFC (0xFFBF0F37) lui t5, -0x410
x30 <- 0xFFFFFFFFFFBF0000

mem[X,0x0000000080001D00] -> 0x0F13
mem[X,0x0000000080001D02] -> 0x020F
[1861] [M]: 0x0000000080001D00 (0x020F0F13) addi t5, t5, 0x20
x30 <- 0xFFFFFFFFFFBF0020

mem[X,0x0000000080001D04] -> 0x1F13
mem[X,0x0000000080001D06] -> 0x00BF
[1862] [M]: 0x0000000080001D04 (0x00BF1F13) slli t5, t5, 0xb
x30 <- 0xFFFFFFFDF8010000

mem[X,0x0000000080001D08] -> 0x0F13
mem[X,0x0000000080001D0A] -> 0x600F
[1863] [M]: 0x0000000080001D08 (0x600F0F13) addi t5, t5, 0x600
x30 <- 0xFFFFFFFDF8010600

mem[X,0x0000000080001D0C] -> 0x1F13
mem[X,0x0000000080001D0E] -> 0x00BF
[1864] [M]: 0x0000000080001D0C (0x00BF1F13) slli t5, t5, 0xb
x30 <- 0xFFFFEFC008300000

mem[X,0x0000000080001D10] -> 0x0F13
mem[X,0x0000000080001D12] -> 0x03FF
[1865] [M]: 0x0000000080001D10 (0x03FF0F13) addi t5, t5, 0x3f
x30 <- 0xFFFFEFC00830003F

mem[X,0x0000000080001D14] -> 0x1F13
mem[X,0x0000000080001D16] -> 0x00AF
[1866] [M]: 0x0000000080001D14 (0x00AF1F13) slli t5, t5, 0xa
x30 <- 0xFFBF0020C000FC00

mem[X,0x0000000080001D18] -> 0x0F13
mem[X,0x0000000080001D1A] -> 0x3F8F
[1867] [M]: 0x0000000080001D18 (0x3F8F0F13) addi t5, t5, 0x3f8
x30 <- 0xFFBF0020C000FFF8

mem[X,0x0000000080001D1C] -> 0xFEB7
mem[X,0x0000000080001D1E] -> 0x0004
[1868] [M]: 0x0000000080001D1C (0x0004FEB7) lui t4, 0x4f
x29 <- 0x000000000004F000

mem[X,0x0000000080001D20] -> 0x8E93
mem[X,0x0000000080001D22] -> 0x7FFE
[1869] [M]: 0x0000000080001D20 (0x7FFE8E93) addi t4, t4, 0x7ff
x29 <- 0x000000000004F7FF

mem[X,0x0000000080001D24] -> 0x9E93
mem[X,0x0000000080001D26] -> 0x00BE
[1870] [M]: 0x0000000080001D24 (0x00BE9E93) slli t4, t4, 0xb
x29 <- 0x0000000027BFF800

mem[X,0x0000000080001D28] -> 0x8E93
mem[X,0x0000000080001D2A] -> 0x001E
[1871] [M]: 0x0000000080001D28 (0x001E8E93) addi t4, t4, 0x1
x29 <- 0x0000000027BFF801

mem[X,0x0000000080001D2C] -> 0x9E93
mem[X,0x0000000080001D2E] -> 0x00BE
[1872] [M]: 0x0000000080001D2C (0x00BE9E93) slli t4, t4, 0xb
x29 <- 0x0000013DFFC00800

mem[X,0x0000000080001D30] -> 0x8E93
mem[X,0x0000000080001D32] -> 0x000E
[1873] [M]: 0x0000000080001D30 (0x000E8E93) addi t4, t4, 0x0
x29 <- 0x0000013DFFC00800

mem[X,0x0000000080001D34] -> 0x9E93
mem[X,0x0000000080001D36] -> 0x00AE
[1874] [M]: 0x0000000080001D34 (0x00AE9E93) slli t4, t4, 0xa
x29 <- 0x0004F7FF00200000

mem[X,0x0000000080001D38] -> 0x8E93
mem[X,0x0000000080001D3A] -> 0x200E
[1875] [M]: 0x0000000080001D38 (0x200E8E93) addi t4, t4, 0x200
x29 <- 0x0004F7FF00200200

mem[X,0x0000000080001D3C] -> 0x7FBB
mem[X,0x0000000080001D3E] -> 0xA1DF
[1876] [M]: 0x0000000080001D3C (0xA1DF7FBB) pmulh.h.be t6, t5, t4
x31 <- 0xFFFFFFFFFFF80000

mem[X,0x0000000080001D40] -> 0xBC23
mem[X,0x0000000080001D42] -> 0x23F3
[1877] [M]: 0x0000000080001D40 (0x23F3BC23) sd t6, 0x238(t2)
mem[0x0000000080004428] <- 0xFFFFFFFFFFF80000

mem[X,0x0000000080001D44] -> 0x0F37
mem[X,0x0000000080001D46] -> 0x0041
[1878] [M]: 0x0000000080001D44 (0x00410F37) lui t5, 0x410
x30 <- 0x0000000000410000

mem[X,0x0000000080001D48] -> 0x0F13
mem[X,0x0000000080001D4A] -> 0xFF8F
[1879] [M]: 0x0000000080001D48 (0xFF8F0F13) addi t5, t5, -0x8
x30 <- 0x000000000040FFF8

mem[X,0x0000000080001D4C] -> 0x1F13
mem[X,0x0000000080001D4E] -> 0x00BF
[1880] [M]: 0x0000000080001D4C (0x00BF1F13) slli t5, t5, 0xb
x30 <- 0x0000000207FFC000

mem[X,0x0000000080001D50] -> 0x0F13
mem[X,0x0000000080001D52] -> 0x7FFF
[1881] [M]: 0x0000000080001D50 (0x7FFF0F13) addi t5, t5, 0x7ff
x30 <- 0x0000000207FFC7FF

mem[X,0x0000000080001D54] -> 0x1F13
mem[X,0x0000000080001D56] -> 0x00BF
[1882] [M]: 0x0000000080001D54 (0x00BF1F13) slli t5, t5, 0xb
x30 <- 0x0000103FFE3FF800

mem[X,0x0000000080001D58] -> 0x0F13
mem[X,0x0000000080001D5A] -> 0x73FF
[1883] [M]: 0x0000000080001D58 (0x73FF0F13) addi t5, t5, 0x73f
x30 <- 0x0000103FFE3FFF3F

mem[X,0x0000000080001D5C] -> 0x1F13
mem[X,0x0000000080001D5E] -> 0x00AF
[1884] [M]: 0x0000000080001D5C (0x00AF1F13) slli t5, t5, 0xa
x30 <- 0x0040FFF8FFFCFC00

mem[X,0x0000000080001D60] -> 0x0F13
mem[X,0x0000000080001D62] -> 0x3FEF
[1885] [M]: 0x0000000080001D60 (0x3FEF0F13) addi t5, t5, 0x3fe
x30 <- 0x0040FFF8FFFCFFFE

mem[X,0x0000000080001D64] -> 0x0EB7
mem[X,0x0000000080001D66] -> 0x0020
[1886] [M]: 0x0000000080001D64 (0x00200EB7) lui t4, 0x200
x29 <- 0x0000000000200000

mem[X,0x0000000080001D68] -> 0x8E93
mem[X,0x0000000080001D6A] -> 0x010E
[1887] [M]: 0x0000000080001D68 (0x010E8E93) addi t4, t4, 0x10
x29 <- 0x0000000000200010

mem[X,0x0000000080001D6C] -> 0x9E93
mem[X,0x0000000080001D6E] -> 0x00BE
[1888] [M]: 0x0000000080001D6C (0x00BE9E93) slli t4, t4, 0xb
x29 <- 0x0000000100008000

mem[X,0x0000000080001D70] -> 0x8E93
mem[X,0x0000000080001D72] -> 0x000E
[1889] [M]: 0x0000000080001D70 (0x000E8E93) addi t4, t4, 0x0
x29 <- 0x0000000100008000

mem[X,0x0000000080001D74] -> 0x9E93
mem[X,0x0000000080001D76] -> 0x00BE
[1890] [M]: 0x0000000080001D74 (0x00BE9E93) slli t4, t4, 0xb
x29 <- 0x0000080004000000

mem[X,0x0000000080001D78] -> 0x8E93
mem[X,0x0000000080001D7A] -> 0x400E
[1891] [M]: 0x0000000080001D78 (0x400E8E93) addi t4, t4, 0x400
x29 <- 0x0000080004000400

mem[X,0x0000000080001D7C] -> 0x9E93
mem[X,0x0000000080001D7E] -> 0x00AE
[1892] [M]: 0x0000000080001D7C (0x00AE9E93) slli t4, t4, 0xa
x29 <- 0x0020001000100000

mem[X,0x0000000080001D80] -> 0x7FBB
mem[X,0x0000000080001D82] -> 0xA1DF
[1893] [M]: 0x0000000080001D80 (0xA1DF7FBB) pmulh.h.be t6, t5, t4
x31 <- 0x0000FFFFFFFF0000

mem[X,0x0000000080001D84] -> 0xB023
mem[X,0x0000000080001D86] -> 0x25F3
[1894] [M]: 0x0000000080001D84 (0x25F3B023) sd t6, 0x240(t2)
mem[0x0000000080004430] <- 0x0000FFFFFFFF0000

mem[X,0x0000000080001D88] -> 0x0F37
mem[X,0x0000000080001D8A] -> 0xFFF6
[1895] [M]: 0x0000000080001D88 (0xFFF60F37) lui t5, -0xa0
x30 <- 0xFFFFFFFFFFF60000

mem[X,0x0000000080001D8C] -> 0x0F13
mem[X,0x0000000080001D8E] -> 0x003F
[1896] [M]: 0x0000000080001D8C (0x003F0F13) addi t5, t5, 0x3
x30 <- 0xFFFFFFFFFFF60003

mem[X,0x0000000080001D90] -> 0x1F13
mem[X,0x0000000080001D92] -> 0x00BF
[1897] [M]: 0x0000000080001D90 (0x00BF1F13) slli t5, t5, 0xb
x30 <- 0xFFFFFFFFB0001800

mem[X,0x0000000080001D94] -> 0x0F13
mem[X,0x0000000080001D96] -> 0x7F7F
[1898] [M]: 0x0000000080001D94 (0x7F7F0F13) addi t5, t5, 0x7f7
x30 <- 0xFFFFFFFFB0001FF7

mem[X,0x0000000080001D98] -> 0x1F13
mem[X,0x0000000080001D9A] -> 0x00BF
[1899] [M]: 0x0000000080001D98 (0x00BF1F13) slli t5, t5, 0xb
x30 <- 0xFFFFFD8000FFB800

clint::tick mtime <- 0x0000000000000013
 clint timer pending at mtime 0x0000000000000013
htif::tick 0x0000000000000000
mem[X,0x0000000080001D9C] -> 0x0F13
mem[X,0x0000000080001D9E] -> 0x7FFF
[1900] [M]: 0x0000000080001D9C (0x7FFF0F13) addi t5, t5, 0x7ff
x30 <- 0xFFFFFD8000FFBFFF

mem[X,0x0000000080001DA0] -> 0x1F13
mem[X,0x0000000080001DA2] -> 0x00AF
[1901] [M]: 0x0000000080001DA0 (0x00AF1F13) slli t5, t5, 0xa
x30 <- 0xFFF60003FEFFFC00

mem[X,0x0000000080001DA4] -> 0x0F13
mem[X,0x0000000080001DA6] -> 0x1FFF
[1902] [M]: 0x0000000080001DA4 (0x1FFF0F13) addi t5, t5, 0x1ff
x30 <- 0xFFF60003FEFFFDFF

mem[X,0x0000000080001DA8] -> 0xBEB7
mem[X,0x0000000080001DAA] -> 0xFFF8
[1903] [M]: 0x0000000080001DA8 (0xFFF8BEB7) lui t4, -0x75
x29 <- 0xFFFFFFFFFFF8B000

mem[X,0x0000000080001DAC] -> 0x8E93
mem[X,0x0000000080001DAE] -> 0xAAAE
[1904] [M]: 0x0000000080001DAC (0xAAAE8E93) addi t4, t4, -0x556
x29 <- 0xFFFFFFFFFFF8AAAA

mem[X,0x0000000080001DB0] -> 0x9E93
mem[X,0x0000000080001DB2] -> 0x00BE
[1905] [M]: 0x0000000080001DB0 (0x00BE9E93) slli t4, t4, 0xb
x29 <- 0xFFFFFFFFC5555000

mem[X,0x0000000080001DB4] -> 0x8E93
mem[X,0x0000000080001DB6] -> 0x400E
[1906] [M]: 0x0000000080001DB4 (0x400E8E93) addi t4, t4, 0x400
x29 <- 0xFFFFFFFFC5555400

mem[X,0x0000000080001DB8] -> 0x9E93
mem[X,0x0000000080001DBA] -> 0x00BE
[1907] [M]: 0x0000000080001DB8 (0x00BE9E93) slli t4, t4, 0xb
x29 <- 0xFFFFFE2AAAA00000

mem[X,0x0000000080001DBC] -> 0x8E93
mem[X,0x0000000080001DBE] -> 0x00FE
[1908] [M]: 0x0000000080001DBC (0x00FE8E93) addi t4, t4, 0xf
x29 <- 0xFFFFFE2AAAA0000F

mem[X,0x0000000080001DC0] -> 0x9E93
mem[X,0x0000000080001DC2] -> 0x00AE
[1909] [M]: 0x0000000080001DC0 (0x00AE9E93) slli t4, t4, 0xa
x29 <- 0xFFF8AAAA80003C00

mem[X,0x0000000080001DC4] -> 0x8E93
mem[X,0x0000000080001DC6] -> 0x3FFE
[1910] [M]: 0x0000000080001DC4 (0x3FFE8E93) addi t4, t4, 0x3ff
x29 <- 0xFFF8AAAA80003FFF

mem[X,0x0000000080001DC8] -> 0x7FBB
mem[X,0x0000000080001DCA] -> 0xA1DF
[1911] [M]: 0x0000000080001DC8 (0xA1DF7FBB) pmulh.h.be t6, t5, t4
x31 <- 0x0000FFFF00000000

mem[X,0x0000000080001DCC] -> 0xB423
mem[X,0x0000000080001DCE] -> 0x25F3
[1912] [M]: 0x0000000080001DCC (0x25F3B423) sd t6, 0x248(t2)
mem[0x0000000080004438] <- 0x0000FFFF00000000

mem[X,0x0000000080001DD0] -> 0xBF37
mem[X,0x0000000080001DD2] -> 0xDFFF
[1913] [M]: 0x0000000080001DD0 (0xDFFFBF37) lui t5, -0x20005
x30 <- 0xFFFFFFFFDFFFB000

mem[X,0x0000000080001DD4] -> 0x0F13
mem[X,0x0000000080001DD6] -> 0xAAAF
[1914] [M]: 0x0000000080001DD4 (0xAAAF0F13) addi t5, t5, -0x556
x30 <- 0xFFFFFFFFDFFFAAAA

mem[X,0x0000000080001DD8] -> 0x1F13
mem[X,0x0000000080001DDA] -> 0x00BF
[1915] [M]: 0x0000000080001DD8 (0x00BF1F13) slli t5, t5, 0xb
x30 <- 0xFFFFFEFFFD555000

mem[X,0x0000000080001DDC] -> 0x0F13
mem[X,0x0000000080001DDE] -> 0x7FEF
[1916] [M]: 0x0000000080001DDC (0x7FEF0F13) addi t5, t5, 0x7fe
x30 <- 0xFFFFFEFFFD5557FE

mem[X,0x0000000080001DE0] -> 0x1F13
mem[X,0x0000000080001DE2] -> 0x00BF
[1917] [M]: 0x0000000080001DE0 (0x00BF1F13) slli t5, t5, 0xb
x30 <- 0xFFF7FFEAAABFF000

mem[X,0x0000000080001DE4] -> 0x0F13
mem[X,0x0000000080001DE6] -> 0x7C0F
[1918] [M]: 0x0000000080001DE4 (0x7C0F0F13) addi t5, t5, 0x7c0
x30 <- 0xFFF7FFEAAABFF7C0

mem[X,0x0000000080001DE8] -> 0x1F13
mem[X,0x0000000080001DEA] -> 0x00AF
[1919] [M]: 0x0000000080001DE8 (0x00AF1F13) slli t5, t5, 0xa
x30 <- 0xDFFFAAAAFFDF0000

mem[X,0x0000000080001DEC] -> 0x0F13
mem[X,0x0000000080001DEE] -> 0x001F
[1920] [M]: 0x0000000080001DEC (0x001F0F13) addi t5, t5, 0x1
x30 <- 0xDFFFAAAAFFDF0001

mem[X,0x0000000080001DF0] -> 0x0EB7
mem[X,0x0000000080001DF2] -> 0x0040
[1921] [M]: 0x0000000080001DF0 (0x00400EB7) lui t4, 0x400
x29 <- 0x0000000000400000

mem[X,0x0000000080001DF4] -> 0x8E93
mem[X,0x0000000080001DF6] -> 0x008E
[1922] [M]: 0x0000000080001DF4 (0x008E8E93) addi t4, t4, 0x8
x29 <- 0x0000000000400008

mem[X,0x0000000080001DF8] -> 0x9E93
mem[X,0x0000000080001DFA] -> 0x00BE
[1923] [M]: 0x0000000080001DF8 (0x00BE9E93) slli t4, t4, 0xb
x29 <- 0x0000000200004000

mem[X,0x0000000080001DFC] -> 0x8E93
mem[X,0x0000000080001DFE] -> 0x77FE
[1924] [M]: 0x0000000080001DFC (0x77FE8E93) addi t4, t4, 0x77f
x29 <- 0x000000020000477F

mem[X,0x0000000080001E00] -> 0x9E93
mem[X,0x0000000080001E02] -> 0x00BE
[1925] [M]: 0x0000000080001E00 (0x00BE9E93) slli t4, t4, 0xb
x29 <- 0x00001000023BF800

mem[X,0x0000000080001E04] -> 0x8E93
mem[X,0x0000000080001E06] -> 0x7FFE
[1926] [M]: 0x0000000080001E04 (0x7FFE8E93) addi t4, t4, 0x7ff
x29 <- 0x00001000023BFFFF

mem[X,0x0000000080001E08] -> 0x9E93
mem[X,0x0000000080001E0A] -> 0x00AE
[1927] [M]: 0x0000000080001E08 (0x00AE9E93) slli t4, t4, 0xa
x29 <- 0x00400008EFFFFC00

mem[X,0x0000000080001E0C] -> 0x8E93
mem[X,0x0000000080001E0E] -> 0x3DFE
[1928] [M]: 0x0000000080001E0C (0x3DFE8E93) addi t4, t4, 0x3df
x29 <- 0x00400008EFFFFFDF

mem[X,0x0000000080001E10] -> 0x7FBB
mem[X,0x0000000080001E12] -> 0xA1DF
[1929] [M]: 0x0000000080001E10 (0xA1DF7FBB) pmulh.h.be t6, t5, t4
x31 <- 0xFFF7FFFD0000FFFF

mem[X,0x0000000080001E14] -> 0xB823
mem[X,0x0000000080001E16] -> 0x25F3
[1930] [M]: 0x0000000080001E14 (0x25F3B823) sd t6, 0x250(t2)
mem[0x0000000080004440] <- 0xFFF7FFFD0000FFFF

mem[X,0x0000000080001E18] -> 0x4F37
mem[X,0x0000000080001E1A] -> 0x4000
[1931] [M]: 0x0000000080001E18 (0x40004F37) lui t5, 0x40004
x30 <- 0x0000000040004000

mem[X,0x0000000080001E1C] -> 0x0F13
mem[X,0x0000000080001E1E] -> 0xFFFF
[1932] [M]: 0x0000000080001E1C (0xFFFF0F13) addi t5, t5, -0x1
x30 <- 0x0000000040003FFF

mem[X,0x0000000080001E20] -> 0x1F13
mem[X,0x0000000080001E22] -> 0x00BF
[1933] [M]: 0x0000000080001E20 (0x00BF1F13) slli t5, t5, 0xb
x30 <- 0x0000020001FFF800

mem[X,0x0000000080001E24] -> 0x0F13
mem[X,0x0000000080001E26] -> 0x7FFF
[1934] [M]: 0x0000000080001E24 (0x7FFF0F13) addi t5, t5, 0x7ff
x30 <- 0x0000020001FFFFFF

mem[X,0x0000000080001E28] -> 0x1F13
mem[X,0x0000000080001E2A] -> 0x00BF
[1935] [M]: 0x0000000080001E28 (0x00BF1F13) slli t5, t5, 0xb
x30 <- 0x0010000FFFFFF800

mem[X,0x0000000080001E2C] -> 0x0F13
mem[X,0x0000000080001E2E] -> 0x63FF
[1936] [M]: 0x0000000080001E2C (0x63FF0F13) addi t5, t5, 0x63f
x30 <- 0x0010000FFFFFFE3F

mem[X,0x0000000080001E30] -> 0x1F13
mem[X,0x0000000080001E32] -> 0x00AF
[1937] [M]: 0x0000000080001E30 (0x00AF1F13) slli t5, t5, 0xa
x30 <- 0x40003FFFFFF8FC00

mem[X,0x0000000080001E34] -> 0x0F13
mem[X,0x0000000080001E36] -> 0x2FFF
[1938] [M]: 0x0000000080001E34 (0x2FFF0F13) addi t5, t5, 0x2ff
x30 <- 0x40003FFFFFF8FEFF

mem[X,0x0000000080001E38] -> 0x0EB7
mem[X,0x0000000080001E3A] -> 0x0001
[1939] [M]: 0x0000000080001E38 (0x00010EB7) lui t4, 0x10
x29 <- 0x0000000000010000

mem[X,0x0000000080001E3C] -> 0x8E93
mem[X,0x0000000080001E3E] -> 0xFBFE
[1940] [M]: 0x0000000080001E3C (0xFBFE8E93) addi t4, t4, -0x41
x29 <- 0x000000000000FFBF

mem[X,0x0000000080001E40] -> 0x9E93
mem[X,0x0000000080001E42] -> 0x00BE
[1941] [M]: 0x0000000080001E40 (0x00BE9E93) slli t4, t4, 0xb
x29 <- 0x0000000007FDF800

mem[X,0x0000000080001E44] -> 0x8E93
mem[X,0x0000000080001E46] -> 0x5FFE
[1942] [M]: 0x0000000080001E44 (0x5FFE8E93) addi t4, t4, 0x5ff
x29 <- 0x0000000007FDFDFF

mem[X,0x0000000080001E48] -> 0x9E93
mem[X,0x0000000080001E4A] -> 0x00BE
[1943] [M]: 0x0000000080001E48 (0x00BE9E93) slli t4, t4, 0xb
x29 <- 0x0000003FEFEFF800

mem[X,0x0000000080001E4C] -> 0x8E93
mem[X,0x0000000080001E4E] -> 0x7C0E
[1944] [M]: 0x0000000080001E4C (0x7C0E8E93) addi t4, t4, 0x7c0
x29 <- 0x0000003FEFEFFFC0

mem[X,0x0000000080001E50] -> 0x9E93
mem[X,0x0000000080001E52] -> 0x00AE
[1945] [M]: 0x0000000080001E50 (0x00AE9E93) slli t4, t4, 0xa
x29 <- 0x0000FFBFBFFF0000

mem[X,0x0000000080001E54] -> 0x8E93
mem[X,0x0000000080001E56] -> 0x007E
[1946] [M]: 0x0000000080001E54 (0x007E8E93) addi t4, t4, 0x7
x29 <- 0x0000FFBFBFFF0007

mem[X,0x0000000080001E58] -> 0x7FBB
mem[X,0x0000000080001E5A] -> 0xA1DF
[1947] [M]: 0x0000000080001E58 (0xA1DF7FBB) pmulh.h.be t6, t5, t4
x31 <- 0x0000FFEF0000FFFF

mem[X,0x0000000080001E5C] -> 0xBC23
mem[X,0x0000000080001E5E] -> 0x25F3
[1948] [M]: 0x0000000080001E5C (0x25F3BC23) sd t6, 0x258(t2)
mem[0x0000000080004448] <- 0x0000FFEF0000FFFF

mem[X,0x0000000080001E60] -> 0x0F37
mem[X,0x0000000080001E62] -> 0x7FFF
[1949] [M]: 0x0000000080001E60 (0x7FFF0F37) lui t5, 0x7fff0
x30 <- 0x000000007FFF0000

mem[X,0x0000000080001E64] -> 0x0F13
mem[X,0x0000000080001E66] -> 0x004F
[1950] [M]: 0x0000000080001E64 (0x004F0F13) addi t5, t5, 0x4
x30 <- 0x000000007FFF0004

mem[X,0x0000000080001E68] -> 0x1F13
mem[X,0x0000000080001E6A] -> 0x00BF
[1951] [M]: 0x0000000080001E68 (0x00BF1F13) slli t5, t5, 0xb
x30 <- 0x000003FFF8002000

mem[X,0x0000000080001E6C] -> 0x0F13
mem[X,0x0000000080001E6E] -> 0x7DFF
[1952] [M]: 0x0000000080001E6C (0x7DFF0F13) addi t5, t5, 0x7df
x30 <- 0x000003FFF80027DF

mem[X,0x0000000080001E70] -> 0x1F13
mem[X,0x0000000080001E72] -> 0x00BF
[1953] [M]: 0x0000000080001E70 (0x00BF1F13) slli t5, t5, 0xb
x30 <- 0x001FFFC0013EF800

mem[X,0x0000000080001E74] -> 0x0F13
mem[X,0x0000000080001E76] -> 0x7FFF
[1954] [M]: 0x0000000080001E74 (0x7FFF0F13) addi t5, t5, 0x7ff
x30 <- 0x001FFFC0013EFFFF

mem[X,0x0000000080001E78] -> 0x1F13
mem[X,0x0000000080001E7A] -> 0x00AF
[1955] [M]: 0x0000000080001E78 (0x00AF1F13) slli t5, t5, 0xa
x30 <- 0x7FFF0004FBFFFC00

mem[X,0x0000000080001E7C] -> 0x0F13
mem[X,0x0000000080001E7E] -> 0x3FFF
[1956] [M]: 0x0000000080001E7C (0x3FFF0F13) addi t5, t5, 0x3ff
x30 <- 0x7FFF0004FBFFFFFF

mem[X,0x0000000080001E80] -> 0x0EB7
mem[X,0x0000000080001E82] -> 0xFFFF
[1957] [M]: 0x0000000080001E80 (0xFFFF0EB7) lui t4, -0x10
x29 <- 0xFFFFFFFFFFFF0000

mem[X,0x0000000080001E84] -> 0x8E93
mem[X,0x0000000080001E86] -> 0xF7FE
[1958] [M]: 0x0000000080001E84 (0xF7FE8E93) addi t4, t4, -0x81
x29 <- 0xFFFFFFFFFFFEFF7F

mem[X,0x0000000080001E88] -> 0x9E93
mem[X,0x0000000080001E8A] -> 0x00BE
[1959] [M]: 0x0000000080001E88 (0x00BE9E93) slli t4, t4, 0xb
x29 <- 0xFFFFFFFFF7FBF800

mem[X,0x0000000080001E8C] -> 0x8E93
mem[X,0x0000000080001E8E] -> 0x000E
[1960] [M]: 0x0000000080001E8C (0x000E8E93) addi t4, t4, 0x0
x29 <- 0xFFFFFFFFF7FBF800

mem[X,0x0000000080001E90] -> 0x9E93
mem[X,0x0000000080001E92] -> 0x00BE
[1961] [M]: 0x0000000080001E90 (0x00BE9E93) slli t4, t4, 0xb
x29 <- 0xFFFFFFBFDFC00000

mem[X,0x0000000080001E94] -> 0x8E93
mem[X,0x0000000080001E96] -> 0x180E
[1962] [M]: 0x0000000080001E94 (0x180E8E93) addi t4, t4, 0x180
x29 <- 0xFFFFFFBFDFC00180

mem[X,0x0000000080001E98] -> 0x9E93
mem[X,0x0000000080001E9A] -> 0x00AE
[1963] [M]: 0x0000000080001E98 (0x00AE9E93) slli t4, t4, 0xa
x29 <- 0xFFFEFF7F00060000

mem[X,0x0000000080001E9C] -> 0x8E93
mem[X,0x0000000080001E9E] -> 0x009E
[1964] [M]: 0x0000000080001E9C (0x009E8E93) addi t4, t4, 0x9
x29 <- 0xFFFEFF7F00060009

mem[X,0x0000000080001EA0] -> 0x7FBB
mem[X,0x0000000080001EA2] -> 0xA1DF
[1965] [M]: 0x0000000080001EA0 (0xA1DF7FBB) pmulh.h.be t6, t5, t4
x31 <- 0xFFFF0000FFFFFFFF

mem[X,0x0000000080001EA4] -> 0xB023
mem[X,0x0000000080001EA6] -> 0x27F3
[1966] [M]: 0x0000000080001EA4 (0x27F3B023) sd t6, 0x260(t2)
mem[0x0000000080004450] <- 0xFFFF0000FFFFFFFF

mem[X,0x0000000080001EA8] -> 0x0F37
mem[X,0x0000000080001EAA] -> 0xFFF0
[1967] [M]: 0x0000000080001EA8 (0xFFF00F37) lui t5, -0x100
x30 <- 0xFFFFFFFFFFF00000

mem[X,0x0000000080001EAC] -> 0x0F13
mem[X,0x0000000080001EAE] -> 0xFFDF
[1968] [M]: 0x0000000080001EAC (0xFFDF0F13) addi t5, t5, -0x3
x30 <- 0xFFFFFFFFFFEFFFFD

mem[X,0x0000000080001EB0] -> 0x1F13
mem[X,0x0000000080001EB2] -> 0x00BF
[1969] [M]: 0x0000000080001EB0 (0x00BF1F13) slli t5, t5, 0xb
x30 <- 0xFFFFFFFF7FFFE800

mem[X,0x0000000080001EB4] -> 0x0F13
mem[X,0x0000000080001EB6] -> 0x000F
[1970] [M]: 0x0000000080001EB4 (0x000F0F13) addi t5, t5, 0x0
x30 <- 0xFFFFFFFF7FFFE800

mem[X,0x0000000080001EB8] -> 0x1F13
mem[X,0x0000000080001EBA] -> 0x00BF
[1971] [M]: 0x0000000080001EB8 (0x00BF1F13) slli t5, t5, 0xb
x30 <- 0xFFFFFBFFFF400000

mem[X,0x0000000080001EBC] -> 0x0F13
mem[X,0x0000000080001EBE] -> 0x180F
[1972] [M]: 0x0000000080001EBC (0x180F0F13) addi t5, t5, 0x180
x30 <- 0xFFFFFBFFFF400180

mem[X,0x0000000080001EC0] -> 0x1F13
mem[X,0x0000000080001EC2] -> 0x00AF
[1973] [M]: 0x0000000080001EC0 (0x00AF1F13) slli t5, t5, 0xa
x30 <- 0xFFEFFFFD00060000

mem[X,0x0000000080001EC4] -> 0x0EB7
mem[X,0x0000000080001EC6] -> 0x000A
[1974] [M]: 0x0000000080001EC4 (0x000A0EB7) lui t4, 0xa0
x29 <- 0x00000000000A0000

mem[X,0x0000000080001EC8] -> 0x8E93
mem[X,0x0000000080001ECA] -> 0xFF8E
[1975] [M]: 0x0000000080001EC8 (0xFF8E8E93) addi t4, t4, -0x8
x29 <- 0x000000000009FFF8

mem[X,0x0000000080001ECC] -> 0x9E93
mem[X,0x0000000080001ECE] -> 0x00BE
[1976] [M]: 0x0000000080001ECC (0x00BE9E93) slli t4, t4, 0xb
x29 <- 0x000000004FFFC000

mem[X,0x0000000080001ED0] -> 0x8E93
mem[X,0x0000000080001ED2] -> 0x000E
[1977] [M]: 0x0000000080001ED0 (0x000E8E93) addi t4, t4, 0x0
x29 <- 0x000000004FFFC000

mem[X,0x0000000080001ED4] -> 0x9E93
mem[X,0x0000000080001ED6] -> 0x00BE
[1978] [M]: 0x0000000080001ED4 (0x00BE9E93) slli t4, t4, 0xb
x29 <- 0x0000027FFE000000

mem[X,0x0000000080001ED8] -> 0x8E93
mem[X,0x0000000080001EDA] -> 0x0BFE
[1979] [M]: 0x0000000080001ED8 (0x0BFE8E93) addi t4, t4, 0xbf
x29 <- 0x0000027FFE0000BF

mem[X,0x0000000080001EDC] -> 0x9E93
mem[X,0x0000000080001EDE] -> 0x00AE
[1980] [M]: 0x0000000080001EDC (0x00AE9E93) slli t4, t4, 0xa
x29 <- 0x0009FFF80002FC00

mem[X,0x0000000080001EE0] -> 0x8E93
mem[X,0x0000000080001EE2] -> 0x3FDE
[1981] [M]: 0x0000000080001EE0 (0x3FDE8E93) addi t4, t4, 0x3fd
x29 <- 0x0009FFF80002FFFD

mem[X,0x0000000080001EE4] -> 0x7FBB
mem[X,0x0000000080001EE6] -> 0xA1DF
[1982] [M]: 0x0000000080001EE4 (0xA1DF7FBB) pmulh.h.be t6, t5, t4
x31 <- 0xFFFF000000000000

mem[X,0x0000000080001EE8] -> 0xB423
mem[X,0x0000000080001EEA] -> 0x27F3
[1983] [M]: 0x0000000080001EE8 (0x27F3B423) sd t6, 0x268(t2)
mem[0x0000000080004458] <- 0xFFFF000000000000

mem[X,0x0000000080001EEC] -> 0xCF37
mem[X,0x0000000080001EEE] -> 0x2000
[1984] [M]: 0x0000000080001EEC (0x2000CF37) lui t5, 0x2000c
x30 <- 0x000000002000C000

mem[X,0x0000000080001EF0] -> 0x0F13
mem[X,0x0000000080001EF2] -> 0xFFFF
[1985] [M]: 0x0000000080001EF0 (0xFFFF0F13) addi t5, t5, -0x1
x30 <- 0x000000002000BFFF

mem[X,0x0000000080001EF4] -> 0x1F13
mem[X,0x0000000080001EF6] -> 0x00BF
[1986] [M]: 0x0000000080001EF4 (0x00BF1F13) slli t5, t5, 0xb
x30 <- 0x0000010005FFF800

mem[X,0x0000000080001EF8] -> 0x0F13
mem[X,0x0000000080001EFA] -> 0x000F
[1987] [M]: 0x0000000080001EF8 (0x000F0F13) addi t5, t5, 0x0
x30 <- 0x0000010005FFF800

mem[X,0x0000000080001EFC] -> 0x1F13
mem[X,0x0000000080001EFE] -> 0x00BF
[1988] [M]: 0x0000000080001EFC (0x00BF1F13) slli t5, t5, 0xb
x30 <- 0x0008002FFFC00000

mem[X,0x0000000080001F00] -> 0x0F13
mem[X,0x0000000080001F02] -> 0x25FF
[1989] [M]: 0x0000000080001F00 (0x25FF0F13) addi t5, t5, 0x25f
x30 <- 0x0008002FFFC0025F

mem[X,0x0000000080001F04] -> 0x1F13
mem[X,0x0000000080001F06] -> 0x00AF
[1990] [M]: 0x0000000080001F04 (0x00AF1F13) slli t5, t5, 0xa
x30 <- 0x2000BFFF00097C00

mem[X,0x0000000080001F08] -> 0x0F13
mem[X,0x0000000080001F0A] -> 0x3FFF
[1991] [M]: 0x0000000080001F08 (0x3FFF0F13) addi t5, t5, 0x3ff
x30 <- 0x2000BFFF00097FFF

mem[X,0x0000000080001F0C] -> 0xEEB7
mem[X,0x0000000080001F0E] -> 0xDFFF
[1992] [M]: 0x0000000080001F0C (0xDFFFEEB7) lui t4, -0x20002
x29 <- 0xFFFFFFFFDFFFE000

mem[X,0x0000000080001F10] -> 0x8E93
mem[X,0x0000000080001F12] -> 0xFFFE
[1993] [M]: 0x0000000080001F10 (0xFFFE8E93) addi t4, t4, -0x1
x29 <- 0xFFFFFFFFDFFFDFFF

mem[X,0x0000000080001F14] -> 0x9E93
mem[X,0x0000000080001F16] -> 0x00BE
[1994] [M]: 0x0000000080001F14 (0x00BE9E93) slli t4, t4, 0xb
x29 <- 0xFFFFFEFFFEFFF800

mem[X,0x0000000080001F18] -> 0x8E93
mem[X,0x0000000080001F1A] -> 0x000E
[1995] [M]: 0x0000000080001F18 (0x000E8E93) addi t4, t4, 0x0
x29 <- 0xFFFFFEFFFEFFF800

mem[X,0x0000000080001F1C] -> 0x9E93
mem[X,0x0000000080001F1E] -> 0x00BE
[1996] [M]: 0x0000000080001F1C (0x00BE9E93) slli t4, t4, 0xb
x29 <- 0xFFF7FFF7FFC00000

mem[X,0x0000000080001F20] -> 0x8E93
mem[X,0x0000000080001F22] -> 0x27FE
[1997] [M]: 0x0000000080001F20 (0x27FE8E93) addi t4, t4, 0x27f
x29 <- 0xFFF7FFF7FFC0027F

mem[X,0x0000000080001F24] -> 0x9E93
mem[X,0x0000000080001F26] -> 0x00AE
[1998] [M]: 0x0000000080001F24 (0x00AE9E93) slli t4, t4, 0xa
x29 <- 0xDFFFDFFF0009FC00

mem[X,0x0000000080001F28] -> 0x8E93
mem[X,0x0000000080001F2A] -> 0x3FEE
[1999] [M]: 0x0000000080001F28 (0x3FEE8E93) addi t4, t4, 0x3fe
x29 <- 0xDFFFDFFF0009FFFE

clint::tick mtime <- 0x0000000000000014
 clint timer pending at mtime 0x0000000000000014
htif::tick 0x0000000000000000
mem[X,0x0000000080001F2C] -> 0x7FBB
mem[X,0x0000000080001F2E] -> 0xA1DF
[2000] [M]: 0x0000000080001F2C (0xA1DF7FBB) pmulh.h.be t6, t5, t4
x31 <- 0xFFFF00000000FFFF

mem[X,0x0000000080001F30] -> 0xB823
mem[X,0x0000000080001F32] -> 0x27F3
[2001] [M]: 0x0000000080001F30 (0x27F3B823) sd t6, 0x270(t2)
mem[0x0000000080004460] <- 0xFFFF00000000FFFF

mem[X,0x0000000080001F34] -> 0x0F37
mem[X,0x0000000080001F36] -> 0xFFDF
[2002] [M]: 0x0000000080001F34 (0xFFDF0F37) lui t5, -0x210
x30 <- 0xFFFFFFFFFFDF0000

mem[X,0x0000000080001F38] -> 0x0F13
mem[X,0x0000000080001F3A] -> 0x040F
[2003] [M]: 0x0000000080001F38 (0x040F0F13) addi t5, t5, 0x40
x30 <- 0xFFFFFFFFFFDF0040

mem[X,0x0000000080001F3C] -> 0x1F13
mem[X,0x0000000080001F3E] -> 0x00BF
[2004] [M]: 0x0000000080001F3C (0x00BF1F13) slli t5, t5, 0xb
x30 <- 0xFFFFFFFEF8020000

mem[X,0x0000000080001F40] -> 0x0F13
mem[X,0x0000000080001F42] -> 0x7FDF
[2005] [M]: 0x0000000080001F40 (0x7FDF0F13) addi t5, t5, 0x7fd
x30 <- 0xFFFFFFFEF80207FD

mem[X,0x0000000080001F44] -> 0x1F13
mem[X,0x0000000080001F46] -> 0x00BF
[2006] [M]: 0x0000000080001F44 (0x00BF1F13) slli t5, t5, 0xb
x30 <- 0xFFFFF7C0103FE800

mem[X,0x0000000080001F48] -> 0x0F13
mem[X,0x0000000080001F4A] -> 0x7C0F
[2007] [M]: 0x0000000080001F48 (0x7C0F0F13) addi t5, t5, 0x7c0
x30 <- 0xFFFFF7C0103FEFC0

mem[X,0x0000000080001F4C] -> 0x1F13
mem[X,0x0000000080001F4E] -> 0x00AF
[2008] [M]: 0x0000000080001F4C (0x00AF1F13) slli t5, t5, 0xa
x30 <- 0xFFDF0040FFBF0000

mem[X,0x0000000080001F50] -> 0x0F13
mem[X,0x0000000080001F52] -> 0x020F
[2009] [M]: 0x0000000080001F50 (0x020F0F13) addi t5, t5, 0x20
x30 <- 0xFFDF0040FFBF0020

mem[X,0x0000000080001F54] -> 0x0EB7
mem[X,0x0000000080001F56] -> 0x0081
[2010] [M]: 0x0000000080001F54 (0x00810EB7) lui t4, 0x810
x29 <- 0x0000000000810000

mem[X,0x0000000080001F58] -> 0x8E93
mem[X,0x0000000080001F5A] -> 0xFFAE
[2011] [M]: 0x0000000080001F58 (0xFFAE8E93) addi t4, t4, -0x6
x29 <- 0x000000000080FFFA

mem[X,0x0000000080001F5C] -> 0x9E93
mem[X,0x0000000080001F5E] -> 0x00BE
[2012] [M]: 0x0000000080001F5C (0x00BE9E93) slli t4, t4, 0xb
x29 <- 0x0000000407FFD000

mem[X,0x0000000080001F60] -> 0x8E93
mem[X,0x0000000080001F62] -> 0x7FDE
[2013] [M]: 0x0000000080001F60 (0x7FDE8E93) addi t4, t4, 0x7fd
x29 <- 0x0000000407FFD7FD

mem[X,0x0000000080001F64] -> 0x9E93
mem[X,0x0000000080001F66] -> 0x00BE
[2014] [M]: 0x0000000080001F64 (0x00BE9E93) slli t4, t4, 0xb
x29 <- 0x0000203FFEBFE800

mem[X,0x0000000080001F68] -> 0x8E93
mem[X,0x0000000080001F6A] -> 0x7C0E
[2015] [M]: 0x0000000080001F68 (0x7C0E8E93) addi t4, t4, 0x7c0
x29 <- 0x0000203FFEBFEFC0

mem[X,0x0000000080001F6C] -> 0x9E93
mem[X,0x0000000080001F6E] -> 0x00AE
[2016] [M]: 0x0000000080001F6C (0x00AE9E93) slli t4, t4, 0xa
x29 <- 0x0080FFFAFFBF0000

mem[X,0x0000000080001F70] -> 0x8E93
mem[X,0x0000000080001F72] -> 0x007E
[2017] [M]: 0x0000000080001F70 (0x007E8E93) addi t4, t4, 0x7
x29 <- 0x0080FFFAFFBF0007

mem[X,0x0000000080001F74] -> 0x7FBB
mem[X,0x0000000080001F76] -> 0xA1DF
[2018] [M]: 0x0000000080001F74 (0xA1DF7FBB) pmulh.h.be t6, t5, t4
x31 <- 0x0000FFFF00000000

mem[X,0x0000000080001F78] -> 0xBC23
mem[X,0x0000000080001F7A] -> 0x27F3
[2019] [M]: 0x0000000080001F78 (0x27F3BC23) sd t6, 0x278(t2)
mem[0x0000000080004468] <- 0x0000FFFF00000000

mem[X,0x0000000080001F7C] -> 0x006F
mem[X,0x0000000080001F7E] -> 0x0380
[2020] [M]: 0x0000000080001F7C (0x0380006F) jal zero, 0x38

mem[X,0x0000000080001FB4] -> 0x0093
mem[X,0x0000000080001FB6] -> 0x0010
[2021] [M]: 0x0000000080001FB4 (0x00100093) addi ra, zero, 0x1
x1 <- 0x0000000000000001

mem[X,0x0000000080001FB8] -> 0x0F17
mem[X,0x0000000080001FBA] -> 0x0000
[2022] [M]: 0x0000000080001FB8 (0x00000F17) auipc t5, 0x0
x30 <- 0x0000000080001FB8

mem[X,0x0000000080001FBC] -> 0x2423
mem[X,0x0000000080001FBE] -> 0x041F
[2023] [M]: 0x0000000080001FBC (0x041F2423) sw ra, 0x48(t5)
htif[0x0000000080002000] <- 0x00000001

mem[X,0x0000000080001FC0] -> 0xF06F
mem[X,0x0000000080001FC2] -> 0xFF9F
[2024] [M]: 0x0000000080001FC0 (0xFF9FF06F) jal zero, -0x8

mem[X,0x0000000080001FB8] -> 0x0F17
mem[X,0x0000000080001FBA] -> 0x0000
[2025] [M]: 0x0000000080001FB8 (0x00000F17) auipc t5, 0x0
x30 <- 0x0000000080001FB8

mem[X,0x0000000080001FBC] -> 0x2423
mem[X,0x0000000080001FBE] -> 0x041F
[2026] [M]: 0x0000000080001FBC (0x041F2423) sw ra, 0x48(t5)
htif[0x0000000080002000] <- 0x00000001

mem[X,0x0000000080001FC0] -> 0xF06F
mem[X,0x0000000080001FC2] -> 0xFF9F
[2027] [M]: 0x0000000080001FC0 (0xFF9FF06F) jal zero, -0x8

mem[X,0x0000000080001FB8] -> 0x0F17
mem[X,0x0000000080001FBA] -> 0x0000
[2028] [M]: 0x0000000080001FB8 (0x00000F17) auipc t5, 0x0
x30 <- 0x0000000080001FB8

mem[X,0x0000000080001FBC] -> 0x2423
mem[X,0x0000000080001FBE] -> 0x041F
[2029] [M]: 0x0000000080001FBC (0x041F2423) sw ra, 0x48(t5)
htif[0x0000000080002000] <- 0x00000001
htif-syscall-proxy cmd: 0x000000000001

SUCCESS
