using /home/chsu/rvp-workspace/test-64/riscof_work/psextb.h-01.S/ref/Reference-sail_c_simulator.signature for test-signature output.
tohost located at 0x80001000
Running file ref.elf.
ELF Entry @ 0x80000000
begin_signature: 0x80003110
end_signature: 0x800035a0
CSR mstatus <- 0x0000000A00000000 (input: 0x0000000000000000)
mem[X,0x0000000000001000] -> 0x0297
mem[X,0x0000000000001002] -> 0x0000
[0] [M]: 0x0000000000001000 (0x00000297) auipc t0, 0x0
x5 <- 0x0000000000001000

mem[X,0x0000000000001004] -> 0x8593
mem[X,0x0000000000001006] -> 0x0202
[1] [M]: 0x0000000000001004 (0x02028593) addi a1, t0, 0x20
x11 <- 0x0000000000001020

mem[X,0x0000000000001008] -> 0x2573
mem[X,0x000000000000100A] -> 0xF140
[2] [M]: 0x0000000000001008 (0xF1402573) csrrs a0, mhartid, zero
CSR mhartid -> 0x0000000000000000
x10 <- 0x0000000000000000

mem[X,0x000000000000100C] -> 0xB283
mem[X,0x000000000000100E] -> 0x0182
[3] [M]: 0x000000000000100C (0x0182B283) ld t0, 0x18(t0)
mem[R,0x0000000000001018] -> 0x0000000080000000
x5 <- 0x0000000080000000

mem[X,0x0000000000001010] -> 0x8067
mem[X,0x0000000000001012] -> 0x0002
[4] [M]: 0x0000000000001010 (0x00028067) jalr zero, 0x0(t0)

mem[X,0x0000000080000000] -> 0x0837
mem[X,0x0000000080000002] -> 0x7D5C
[5] [M]: 0x0000000080000000 (0x7D5C0837) lui a6, 0x7d5c0
x16 <- 0x000000007D5C0000

mem[X,0x0000000080000004] -> 0x0813
mem[X,0x0000000080000006] -> 0xDDB8
[6] [M]: 0x0000000080000004 (0xDDB80813) addi a6, a6, -0x225
x16 <- 0x000000007D5BFDDB

mem[X,0x0000000080000008] -> 0x1813
mem[X,0x000000008000000A] -> 0x00B8
[7] [M]: 0x0000000080000008 (0x00B81813) slli a6, a6, 0xb
x16 <- 0x000003EADFEED800

mem[X,0x000000008000000C] -> 0x0813
mem[X,0x000000008000000E] -> 0x3EA8
[8] [M]: 0x000000008000000C (0x3EA80813) addi a6, a6, 0x3ea
x16 <- 0x000003EADFEEDBEA

mem[X,0x0000000080000010] -> 0x1813
mem[X,0x0000000080000012] -> 0x00B8
[9] [M]: 0x0000000080000010 (0x00B81813) slli a6, a6, 0xb
x16 <- 0x001F56FF76DF5000

mem[X,0x0000000080000014] -> 0x0813
mem[X,0x0000000080000016] -> 0x6FF8
[10] [M]: 0x0000000080000014 (0x6FF80813) addi a6, a6, 0x6ff
x16 <- 0x001F56FF76DF56FF

mem[X,0x0000000080000018] -> 0x1813
mem[X,0x000000008000001A] -> 0x00A8
[11] [M]: 0x0000000080000018 (0x00A81813) slli a6, a6, 0xa
x16 <- 0x7D5BFDDB7D5BFC00

mem[X,0x000000008000001C] -> 0x0813
mem[X,0x000000008000001E] -> 0x1DB8
[12] [M]: 0x000000008000001C (0x1DB80813) addi a6, a6, 0x1db
x16 <- 0x7D5BFDDB7D5BFDDB

mem[X,0x0000000080000020] -> 0x5893
mem[X,0x0000000080000022] -> 0x0078
[13] [M]: 0x0000000080000020 (0x00785893) srli a7, a6, 0x7
x17 <- 0x00FAB7FBB6FAB7FB

mem[X,0x0000000080000024] -> 0x5793
mem[X,0x0000000080000026] -> 0x0398
[14] [M]: 0x0000000080000024 (0x03985793) srli a5, a6, 0x39
x15 <- 0x000000000000003E

mem[X,0x0000000080000028] -> 0xE8B3
mem[X,0x000000008000002A] -> 0x00F8
[15] [M]: 0x0000000080000028 (0x00F8E8B3) or a7, a7, a5
x17 <- 0x00FAB7FBB6FAB7FF

mem[X,0x000000008000002C] -> 0xD913
mem[X,0x000000008000002E] -> 0x0078
[16] [M]: 0x000000008000002C (0x0078D913) srli s2, a7, 0x7
x18 <- 0x0001F56FF76DF56F

mem[X,0x0000000080000030] -> 0xD793
mem[X,0x0000000080000032] -> 0x0398
[17] [M]: 0x0000000080000030 (0x0398D793) srli a5, a7, 0x39
x15 <- 0x0000000000000000

mem[X,0x0000000080000034] -> 0x6933
mem[X,0x0000000080000036] -> 0x00F9
[18] [M]: 0x0000000080000034 (0x00F96933) or s2, s2, a5
x18 <- 0x0001F56FF76DF56F

mem[X,0x0000000080000038] -> 0x5993
mem[X,0x000000008000003A] -> 0x0079
[19] [M]: 0x0000000080000038 (0x00795993) srli s3, s2, 0x7
x19 <- 0x000003EADFEEDBEA

mem[X,0x000000008000003C] -> 0x5793
mem[X,0x000000008000003E] -> 0x0399
[20] [M]: 0x000000008000003C (0x03995793) srli a5, s2, 0x39
x15 <- 0x0000000000000000

mem[X,0x0000000080000040] -> 0xE9B3
mem[X,0x0000000080000042] -> 0x00F9
[21] [M]: 0x0000000080000040 (0x00F9E9B3) or s3, s3, a5
x19 <- 0x000003EADFEEDBEA

mem[X,0x0000000080000044] -> 0xDA13
mem[X,0x0000000080000046] -> 0x0079
[22] [M]: 0x0000000080000044 (0x0079DA13) srli s4, s3, 0x7
x20 <- 0x00000007D5BFDDB7

mem[X,0x0000000080000048] -> 0xD793
mem[X,0x000000008000004A] -> 0x0399
[23] [M]: 0x0000000080000048 (0x0399D793) srli a5, s3, 0x39
x15 <- 0x0000000000000000

mem[X,0x000000008000004C] -> 0x6A33
mem[X,0x000000008000004E] -> 0x00FA
[24] [M]: 0x000000008000004C (0x00FA6A33) or s4, s4, a5
x20 <- 0x00000007D5BFDDB7

mem[X,0x0000000080000050] -> 0x5A93
mem[X,0x0000000080000052] -> 0x007A
[25] [M]: 0x0000000080000050 (0x007A5A93) srli s5, s4, 0x7
x21 <- 0x000000000FAB7FBB

mem[X,0x0000000080000054] -> 0x5793
mem[X,0x0000000080000056] -> 0x039A
[26] [M]: 0x0000000080000054 (0x039A5793) srli a5, s4, 0x39
x15 <- 0x0000000000000000

mem[X,0x0000000080000058] -> 0xEAB3
mem[X,0x000000008000005A] -> 0x00FA
[27] [M]: 0x0000000080000058 (0x00FAEAB3) or s5, s5, a5
x21 <- 0x000000000FAB7FBB

mem[X,0x000000008000005C] -> 0xDB13
mem[X,0x000000008000005E] -> 0x007A
[28] [M]: 0x000000008000005C (0x007ADB13) srli s6, s5, 0x7
x22 <- 0x00000000001F56FF

mem[X,0x0000000080000060] -> 0xD793
mem[X,0x0000000080000062] -> 0x039A
[29] [M]: 0x0000000080000060 (0x039AD793) srli a5, s5, 0x39
x15 <- 0x0000000000000000

mem[X,0x0000000080000064] -> 0x6B33
mem[X,0x0000000080000066] -> 0x00FB
[30] [M]: 0x0000000080000064 (0x00FB6B33) or s6, s6, a5
x22 <- 0x00000000001F56FF

mem[X,0x0000000080000068] -> 0x5B93
mem[X,0x000000008000006A] -> 0x007B
[31] [M]: 0x0000000080000068 (0x007B5B93) srli s7, s6, 0x7
x23 <- 0x0000000000003EAD

mem[X,0x000000008000006C] -> 0x5793
mem[X,0x000000008000006E] -> 0x039B
[32] [M]: 0x000000008000006C (0x039B5793) srli a5, s6, 0x39
x15 <- 0x0000000000000000

mem[X,0x0000000080000070] -> 0xEBB3
mem[X,0x0000000080000072] -> 0x00FB
[33] [M]: 0x0000000080000070 (0x00FBEBB3) or s7, s7, a5
x23 <- 0x0000000000003EAD

mem[X,0x0000000080000074] -> 0xDC13
mem[X,0x0000000080000076] -> 0x007B
[34] [M]: 0x0000000080000074 (0x007BDC13) srli s8, s7, 0x7
x24 <- 0x000000000000007D

mem[X,0x0000000080000078] -> 0xD793
mem[X,0x000000008000007A] -> 0x039B
[35] [M]: 0x0000000080000078 (0x039BD793) srli a5, s7, 0x39
x15 <- 0x0000000000000000

mem[X,0x000000008000007C] -> 0x6C33
mem[X,0x000000008000007E] -> 0x00FC
[36] [M]: 0x000000008000007C (0x00FC6C33) or s8, s8, a5
x24 <- 0x000000000000007D

mem[X,0x0000000080000080] -> 0x5C93
mem[X,0x0000000080000082] -> 0x007C
[37] [M]: 0x0000000080000080 (0x007C5C93) srli s9, s8, 0x7
x25 <- 0x0000000000000000

mem[X,0x0000000080000084] -> 0x5793
mem[X,0x0000000080000086] -> 0x039C
[38] [M]: 0x0000000080000084 (0x039C5793) srli a5, s8, 0x39
x15 <- 0x0000000000000000

mem[X,0x0000000080000088] -> 0xECB3
mem[X,0x000000008000008A] -> 0x00FC
[39] [M]: 0x0000000080000088 (0x00FCECB3) or s9, s9, a5
x25 <- 0x0000000000000000

mem[X,0x000000008000008C] -> 0xDD13
mem[X,0x000000008000008E] -> 0x007C
[40] [M]: 0x000000008000008C (0x007CDD13) srli s10, s9, 0x7
x26 <- 0x0000000000000000

mem[X,0x0000000080000090] -> 0xD793
mem[X,0x0000000080000092] -> 0x039C
[41] [M]: 0x0000000080000090 (0x039CD793) srli a5, s9, 0x39
x15 <- 0x0000000000000000

mem[X,0x0000000080000094] -> 0x6D33
mem[X,0x0000000080000096] -> 0x00FD
[42] [M]: 0x0000000080000094 (0x00FD6D33) or s10, s10, a5
x26 <- 0x0000000000000000

mem[X,0x0000000080000098] -> 0x5D93
mem[X,0x000000008000009A] -> 0x007D
[43] [M]: 0x0000000080000098 (0x007D5D93) srli s11, s10, 0x7
x27 <- 0x0000000000000000

mem[X,0x000000008000009C] -> 0x5793
mem[X,0x000000008000009E] -> 0x039D
[44] [M]: 0x000000008000009C (0x039D5793) srli a5, s10, 0x39
x15 <- 0x0000000000000000

mem[X,0x00000000800000A0] -> 0xEDB3
mem[X,0x00000000800000A2] -> 0x00FD
[45] [M]: 0x00000000800000A0 (0x00FDEDB3) or s11, s11, a5
x27 <- 0x0000000000000000

mem[X,0x00000000800000A4] -> 0xDE13
mem[X,0x00000000800000A6] -> 0x007D
[46] [M]: 0x00000000800000A4 (0x007DDE13) srli t3, s11, 0x7
x28 <- 0x0000000000000000

mem[X,0x00000000800000A8] -> 0xD793
mem[X,0x00000000800000AA] -> 0x039D
[47] [M]: 0x00000000800000A8 (0x039DD793) srli a5, s11, 0x39
x15 <- 0x0000000000000000

mem[X,0x00000000800000AC] -> 0x6E33
mem[X,0x00000000800000AE] -> 0x00FE
[48] [M]: 0x00000000800000AC (0x00FE6E33) or t3, t3, a5
x28 <- 0x0000000000000000

mem[X,0x00000000800000B0] -> 0x5E93
mem[X,0x00000000800000B2] -> 0x007E
[49] [M]: 0x00000000800000B0 (0x007E5E93) srli t4, t3, 0x7
x29 <- 0x0000000000000000

mem[X,0x00000000800000B4] -> 0x5793
mem[X,0x00000000800000B6] -> 0x039E
[50] [M]: 0x00000000800000B4 (0x039E5793) srli a5, t3, 0x39
x15 <- 0x0000000000000000

mem[X,0x00000000800000B8] -> 0xEEB3
mem[X,0x00000000800000BA] -> 0x00FE
[51] [M]: 0x00000000800000B8 (0x00FEEEB3) or t4, t4, a5
x29 <- 0x0000000000000000

mem[X,0x00000000800000BC] -> 0xDF13
mem[X,0x00000000800000BE] -> 0x007E
[52] [M]: 0x00000000800000BC (0x007EDF13) srli t5, t4, 0x7
x30 <- 0x0000000000000000

mem[X,0x00000000800000C0] -> 0xD793
mem[X,0x00000000800000C2] -> 0x039E
[53] [M]: 0x00000000800000C0 (0x039ED793) srli a5, t4, 0x39
x15 <- 0x0000000000000000

mem[X,0x00000000800000C4] -> 0x6F33
mem[X,0x00000000800000C6] -> 0x00FF
[54] [M]: 0x00000000800000C4 (0x00FF6F33) or t5, t5, a5
x30 <- 0x0000000000000000

mem[X,0x00000000800000C8] -> 0xC0B7
mem[X,0x00000000800000CA] -> 0xFEED
[55] [M]: 0x00000000800000C8 (0xFEEDC0B7) lui ra, -0x1124
x1 <- 0xFFFFFFFFFEEDC000

mem[X,0x00000000800000CC] -> 0x8093
mem[X,0x00000000800000CE] -> 0xEAD0
[56] [M]: 0x00000000800000CC (0xEAD08093) addi ra, ra, -0x153
x1 <- 0xFFFFFFFFFEEDBEAD

mem[X,0x00000000800000D0] -> 0x9093
mem[X,0x00000000800000D2] -> 0x00B0
[57] [M]: 0x00000000800000D0 (0x00B09093) slli ra, ra, 0xb
x1 <- 0xFFFFFFF76DF56800

mem[X,0x00000000800000D4] -> 0x8093
mem[X,0x00000000800000D6] -> 0x7F70
[58] [M]: 0x00000000800000D4 (0x7F708093) addi ra, ra, 0x7f7
x1 <- 0xFFFFFFF76DF56FF7

mem[X,0x00000000800000D8] -> 0x9093
mem[X,0x00000000800000DA] -> 0x00B0
[59] [M]: 0x00000000800000D8 (0x00B09093) slli ra, ra, 0xb
x1 <- 0xFFFFBB6FAB7FB800

mem[X,0x00000000800000DC] -> 0x8093
mem[X,0x00000000800000DE] -> 0x36F0
[60] [M]: 0x00000000800000DC (0x36F08093) addi ra, ra, 0x36f
x1 <- 0xFFFFBB6FAB7FBB6F

mem[X,0x00000000800000E0] -> 0x9093
mem[X,0x00000000800000E2] -> 0x00A0
[61] [M]: 0x00000000800000E0 (0x00A09093) slli ra, ra, 0xa
x1 <- 0xFEEDBEADFEEDBC00

mem[X,0x00000000800000E4] -> 0x8093
mem[X,0x00000000800000E6] -> 0x2AD0
[62] [M]: 0x00000000800000E4 (0x2AD08093) addi ra, ra, 0x2ad
x1 <- 0xFEEDBEADFEEDBEAD

mem[X,0x00000000800000E8] -> 0xD113
mem[X,0x00000000800000EA] -> 0x0070
[63] [M]: 0x00000000800000E8 (0x0070D113) srli sp, ra, 0x7
x2 <- 0x01FDDB7D5BFDDB7D

mem[X,0x00000000800000EC] -> 0xD793
mem[X,0x00000000800000EE] -> 0x0390
[64] [M]: 0x00000000800000EC (0x0390D793) srli a5, ra, 0x39
x15 <- 0x000000000000007F

mem[X,0x00000000800000F0] -> 0x6133
mem[X,0x00000000800000F2] -> 0x00F1
[65] [M]: 0x00000000800000F0 (0x00F16133) or sp, sp, a5
x2 <- 0x01FDDB7D5BFDDB7F

mem[X,0x00000000800000F4] -> 0x5193
mem[X,0x00000000800000F6] -> 0x0071
[66] [M]: 0x00000000800000F4 (0x00715193) srli gp, sp, 0x7
x3 <- 0x0003FBB6FAB7FBB6

mem[X,0x00000000800000F8] -> 0x5793
mem[X,0x00000000800000FA] -> 0x0391
[67] [M]: 0x00000000800000F8 (0x03915793) srli a5, sp, 0x39
x15 <- 0x0000000000000000

mem[X,0x00000000800000FC] -> 0xE1B3
mem[X,0x00000000800000FE] -> 0x00F1
[68] [M]: 0x00000000800000FC (0x00F1E1B3) or gp, gp, a5
x3 <- 0x0003FBB6FAB7FBB6

mem[X,0x0000000080000100] -> 0xD213
mem[X,0x0000000080000102] -> 0x0071
[69] [M]: 0x0000000080000100 (0x0071D213) srli tp, gp, 0x7
x4 <- 0x000007F76DF56FF7

mem[X,0x0000000080000104] -> 0xD793
mem[X,0x0000000080000106] -> 0x0391
[70] [M]: 0x0000000080000104 (0x0391D793) srli a5, gp, 0x39
x15 <- 0x0000000000000000

mem[X,0x0000000080000108] -> 0x6233
mem[X,0x000000008000010A] -> 0x00F2
[71] [M]: 0x0000000080000108 (0x00F26233) or tp, tp, a5
x4 <- 0x000007F76DF56FF7

mem[X,0x000000008000010C] -> 0x5293
mem[X,0x000000008000010E] -> 0x0072
[72] [M]: 0x000000008000010C (0x00725293) srli t0, tp, 0x7
x5 <- 0x0000000FEEDBEADF

mem[X,0x0000000080000110] -> 0x5793
mem[X,0x0000000080000112] -> 0x0392
[73] [M]: 0x0000000080000110 (0x03925793) srli a5, tp, 0x39
x15 <- 0x0000000000000000

mem[X,0x0000000080000114] -> 0xE2B3
mem[X,0x0000000080000116] -> 0x00F2
[74] [M]: 0x0000000080000114 (0x00F2E2B3) or t0, t0, a5
x5 <- 0x0000000FEEDBEADF

mem[X,0x0000000080000118] -> 0xD313
mem[X,0x000000008000011A] -> 0x0072
[75] [M]: 0x0000000080000118 (0x0072D313) srli t1, t0, 0x7
x6 <- 0x000000001FDDB7D5

mem[X,0x000000008000011C] -> 0xD793
mem[X,0x000000008000011E] -> 0x0392
[76] [M]: 0x000000008000011C (0x0392D793) srli a5, t0, 0x39
x15 <- 0x0000000000000000

mem[X,0x0000000080000120] -> 0x6333
mem[X,0x0000000080000122] -> 0x00F3
[77] [M]: 0x0000000080000120 (0x00F36333) or t1, t1, a5
x6 <- 0x000000001FDDB7D5

mem[X,0x0000000080000124] -> 0x5393
mem[X,0x0000000080000126] -> 0x0073
[78] [M]: 0x0000000080000124 (0x00735393) srli t2, t1, 0x7
x7 <- 0x00000000003FBB6F

mem[X,0x0000000080000128] -> 0x5793
mem[X,0x000000008000012A] -> 0x0393
[79] [M]: 0x0000000080000128 (0x03935793) srli a5, t1, 0x39
x15 <- 0x0000000000000000

mem[X,0x000000008000012C] -> 0xE3B3
mem[X,0x000000008000012E] -> 0x00F3
[80] [M]: 0x000000008000012C (0x00F3E3B3) or t2, t2, a5
x7 <- 0x00000000003FBB6F

mem[X,0x0000000080000130] -> 0xD413
mem[X,0x0000000080000132] -> 0x0073
[81] [M]: 0x0000000080000130 (0x0073D413) srli fp, t2, 0x7
x8 <- 0x0000000000007F76

mem[X,0x0000000080000134] -> 0xD793
mem[X,0x0000000080000136] -> 0x0393
[82] [M]: 0x0000000080000134 (0x0393D793) srli a5, t2, 0x39
x15 <- 0x0000000000000000

mem[X,0x0000000080000138] -> 0x6433
mem[X,0x000000008000013A] -> 0x00F4
[83] [M]: 0x0000000080000138 (0x00F46433) or fp, fp, a5
x8 <- 0x0000000000007F76

mem[X,0x000000008000013C] -> 0x5493
mem[X,0x000000008000013E] -> 0x0074
[84] [M]: 0x000000008000013C (0x00745493) srli s1, fp, 0x7
x9 <- 0x00000000000000FE

mem[X,0x0000000080000140] -> 0x5793
mem[X,0x0000000080000142] -> 0x0394
[85] [M]: 0x0000000080000140 (0x03945793) srli a5, fp, 0x39
x15 <- 0x0000000000000000

mem[X,0x0000000080000144] -> 0xE4B3
mem[X,0x0000000080000146] -> 0x00F4
[86] [M]: 0x0000000080000144 (0x00F4E4B3) or s1, s1, a5
x9 <- 0x00000000000000FE

mem[X,0x0000000080000148] -> 0xD513
mem[X,0x000000008000014A] -> 0x0074
[87] [M]: 0x0000000080000148 (0x0074D513) srli a0, s1, 0x7
x10 <- 0x0000000000000001

mem[X,0x000000008000014C] -> 0xD793
mem[X,0x000000008000014E] -> 0x0394
[88] [M]: 0x000000008000014C (0x0394D793) srli a5, s1, 0x39
x15 <- 0x0000000000000000

mem[X,0x0000000080000150] -> 0x6533
mem[X,0x0000000080000152] -> 0x00F5
[89] [M]: 0x0000000080000150 (0x00F56533) or a0, a0, a5
x10 <- 0x0000000000000001

mem[X,0x0000000080000154] -> 0x5593
mem[X,0x0000000080000156] -> 0x0075
[90] [M]: 0x0000000080000154 (0x00755593) srli a1, a0, 0x7
x11 <- 0x0000000000000000

mem[X,0x0000000080000158] -> 0x5793
mem[X,0x000000008000015A] -> 0x0395
[91] [M]: 0x0000000080000158 (0x03955793) srli a5, a0, 0x39
x15 <- 0x0000000000000000

mem[X,0x000000008000015C] -> 0xE5B3
mem[X,0x000000008000015E] -> 0x00F5
[92] [M]: 0x000000008000015C (0x00F5E5B3) or a1, a1, a5
x11 <- 0x0000000000000000

mem[X,0x0000000080000160] -> 0xD613
mem[X,0x0000000080000162] -> 0x0075
[93] [M]: 0x0000000080000160 (0x0075D613) srli a2, a1, 0x7
x12 <- 0x0000000000000000

mem[X,0x0000000080000164] -> 0xD793
mem[X,0x0000000080000166] -> 0x0395
[94] [M]: 0x0000000080000164 (0x0395D793) srli a5, a1, 0x39
x15 <- 0x0000000000000000

mem[X,0x0000000080000168] -> 0x6633
mem[X,0x000000008000016A] -> 0x00F6
[95] [M]: 0x0000000080000168 (0x00F66633) or a2, a2, a5
x12 <- 0x0000000000000000

mem[X,0x000000008000016C] -> 0x5693
mem[X,0x000000008000016E] -> 0x0076
[96] [M]: 0x000000008000016C (0x00765693) srli a3, a2, 0x7
x13 <- 0x0000000000000000

mem[X,0x0000000080000170] -> 0x5793
mem[X,0x0000000080000172] -> 0x0396
[97] [M]: 0x0000000080000170 (0x03965793) srli a5, a2, 0x39
x15 <- 0x0000000000000000

mem[X,0x0000000080000174] -> 0xE6B3
mem[X,0x0000000080000176] -> 0x00F6
[98] [M]: 0x0000000080000174 (0x00F6E6B3) or a3, a3, a5
x13 <- 0x0000000000000000

mem[X,0x0000000080000178] -> 0x0013
mem[X,0x000000008000017A] -> 0x0000
[99] [M]: 0x0000000080000178 (0x00000013) addi zero, zero, 0x0

clint::tick mtime <- 0x0000000000000001
 clint timer pending at mtime 0x0000000000000001
htif::tick 0x0000000000000000
mem[X,0x000000008000017C] -> 0x0013
mem[X,0x000000008000017E] -> 0x0000
[100] [M]: 0x000000008000017C (0x00000013) addi zero, zero, 0x0

mem[X,0x0000000080000180] -> 0x3397
mem[X,0x0000000080000182] -> 0x0000
[101] [M]: 0x0000000080000180 (0x00003397) auipc t2, 0x3
x7 <- 0x0000000080003180

mem[X,0x0000000080000184] -> 0x8393
mem[X,0x0000000080000186] -> 0xF983
[102] [M]: 0x0000000080000184 (0xF9838393) addi t2, t2, -0x68
x7 <- 0x0000000080003118

mem[X,0x0000000080000188] -> 0x0013
mem[X,0x000000008000018A] -> 0x0000
[103] [M]: 0x0000000080000188 (0x00000013) addi zero, zero, 0x0

mem[X,0x000000008000018C] -> 0x0013
mem[X,0x000000008000018E] -> 0x0000
[104] [M]: 0x000000008000018C (0x00000013) addi zero, zero, 0x0

mem[X,0x0000000080000190] -> 0x0013
mem[X,0x0000000080000192] -> 0x0000
[105] [M]: 0x0000000080000190 (0x00000013) addi zero, zero, 0x0

mem[X,0x0000000080000194] -> 0x0013
mem[X,0x0000000080000196] -> 0x0000
[106] [M]: 0x0000000080000194 (0x00000013) addi zero, zero, 0x0

mem[X,0x0000000080000198] -> 0x0013
mem[X,0x000000008000019A] -> 0x0000
[107] [M]: 0x0000000080000198 (0x00000013) addi zero, zero, 0x0

mem[X,0x000000008000019C] -> 0x0013
mem[X,0x000000008000019E] -> 0x0000
[108] [M]: 0x000000008000019C (0x00000013) addi zero, zero, 0x0

mem[X,0x00000000800001A0] -> 0xC137
mem[X,0x00000000800001A2] -> 0xFFDF
[109] [M]: 0x00000000800001A0 (0xFFDFC137) lui sp, -0x204
x2 <- 0xFFFFFFFFFFDFC000

mem[X,0x00000000800001A4] -> 0x0113
mem[X,0x00000000800001A6] -> 0xFFF1
[110] [M]: 0x00000000800001A4 (0xFFF10113) addi sp, sp, -0x1
x2 <- 0xFFFFFFFFFFDFBFFF

mem[X,0x00000000800001A8] -> 0x1113
mem[X,0x00000000800001AA] -> 0x00B1
[111] [M]: 0x00000000800001A8 (0x00B11113) slli sp, sp, 0xb
x2 <- 0xFFFFFFFEFDFFF800

mem[X,0x00000000800001AC] -> 0x0113
mem[X,0x00000000800001AE] -> 0x0011
[112] [M]: 0x00000000800001AC (0x00110113) addi sp, sp, 0x1
x2 <- 0xFFFFFFFEFDFFF801

mem[X,0x00000000800001B0] -> 0x1113
mem[X,0x00000000800001B2] -> 0x00B1
[113] [M]: 0x00000000800001B0 (0x00B11113) slli sp, sp, 0xb
x2 <- 0xFFFFF7EFFFC00800

mem[X,0x00000000800001B4] -> 0x0113
mem[X,0x00000000800001B6] -> 0x0201
[114] [M]: 0x00000000800001B4 (0x02010113) addi sp, sp, 0x20
x2 <- 0xFFFFF7EFFFC00820

mem[X,0x00000000800001B8] -> 0x1113
mem[X,0x00000000800001BA] -> 0x00A1
[115] [M]: 0x00000000800001B8 (0x00A11113) slli sp, sp, 0xa
x2 <- 0xFFDFBFFF00208000

mem[X,0x00000000800001BC] -> 0x2E9B
mem[X,0x00000000800001BE] -> 0xE041
[116] [M]: 0x00000000800001BC (0xE0412E9B) psextb.h t4, sp
x29 <- 0xFFDFFFFF00200000

mem[X,0x00000000800001C0] -> 0xB023
mem[X,0x00000000800001C2] -> 0x01D3
[117] [M]: 0x00000000800001C0 (0x01D3B023) sd t4, 0x0(t2)
mem[0x0000000080003118] <- 0xFFDFFFFF00200000

mem[X,0x00000000800001C4] -> 0x0337
mem[X,0x00000000800001C6] -> 0x0002
[118] [M]: 0x00000000800001C4 (0x00020337) lui t1, 0x20
x6 <- 0x0000000000020000

mem[X,0x00000000800001C8] -> 0x0313
mem[X,0x00000000800001CA] -> 0x0013
[119] [M]: 0x00000000800001C8 (0x00130313) addi t1, t1, 0x1
x6 <- 0x0000000000020001

mem[X,0x00000000800001CC] -> 0x1313
mem[X,0x00000000800001CE] -> 0x00B3
[120] [M]: 0x00000000800001CC (0x00B31313) slli t1, t1, 0xb
x6 <- 0x0000000010000800

mem[X,0x00000000800001D0] -> 0x0313
mem[X,0x00000000800001D2] -> 0x0043
[121] [M]: 0x00000000800001D0 (0x00430313) addi t1, t1, 0x4
x6 <- 0x0000000010000804

mem[X,0x00000000800001D4] -> 0x1313
mem[X,0x00000000800001D6] -> 0x00B3
[122] [M]: 0x00000000800001D4 (0x00B31313) slli t1, t1, 0xb
x6 <- 0x0000008000402000

mem[X,0x00000000800001D8] -> 0x0313
mem[X,0x00000000800001DA] -> 0x03F3
[123] [M]: 0x00000000800001D8 (0x03F30313) addi t1, t1, 0x3f
x6 <- 0x000000800040203F

mem[X,0x00000000800001DC] -> 0x1313
mem[X,0x00000000800001DE] -> 0x00A3
[124] [M]: 0x00000000800001DC (0x00A31313) slli t1, t1, 0xa
x6 <- 0x000200010080FC00

mem[X,0x00000000800001E0] -> 0x0313
mem[X,0x00000000800001E2] -> 0x3FF3
[125] [M]: 0x00000000800001E0 (0x3FF30313) addi t1, t1, 0x3ff
x6 <- 0x000200010080FFFF

mem[X,0x00000000800001E4] -> 0x2B9B
mem[X,0x00000000800001E6] -> 0xE043
[126] [M]: 0x00000000800001E4 (0xE0432B9B) psextb.h s7, t1
x23 <- 0x00020001FF80FFFF

mem[X,0x00000000800001E8] -> 0xB823
mem[X,0x00000000800001EA] -> 0x0173
[127] [M]: 0x00000000800001E8 (0x0173B823) sd s7, 0x10(t2)
mem[0x0000000080003128] <- 0x00020001FF80FFFF

mem[X,0x00000000800001EC] -> 0xBBB7
mem[X,0x00000000800001EE] -> 0x0200
[128] [M]: 0x00000000800001EC (0x0200BBB7) lui s7, 0x200b
x23 <- 0x000000000200B000

mem[X,0x00000000800001F0] -> 0x8B93
mem[X,0x00000000800001F2] -> 0xAAAB
[129] [M]: 0x00000000800001F0 (0xAAAB8B93) addi s7, s7, -0x556
x23 <- 0x000000000200AAAA

mem[X,0x00000000800001F4] -> 0x9B93
mem[X,0x00000000800001F6] -> 0x00BB
[130] [M]: 0x00000000800001F4 (0x00BB9B93) slli s7, s7, 0xb
x23 <- 0x0000001005555000

mem[X,0x00000000800001F8] -> 0x8B93
mem[X,0x00000000800001FA] -> 0x000B
[131] [M]: 0x00000000800001F8 (0x000B8B93) addi s7, s7, 0x0
x23 <- 0x0000001005555000

mem[X,0x00000000800001FC] -> 0x9B93
mem[X,0x00000000800001FE] -> 0x00BB
[132] [M]: 0x00000000800001FC (0x00BB9B93) slli s7, s7, 0xb
x23 <- 0x0000802AAA800000

mem[X,0x0000000080000200] -> 0x8B93
mem[X,0x0000000080000202] -> 0x080B
[133] [M]: 0x0000000080000200 (0x080B8B93) addi s7, s7, 0x80
x23 <- 0x0000802AAA800080

mem[X,0x0000000080000204] -> 0x9B93
mem[X,0x0000000080000206] -> 0x00AB
[134] [M]: 0x0000000080000204 (0x00AB9B93) slli s7, s7, 0xa
x23 <- 0x0200AAAA00020000

mem[X,0x0000000080000208] -> 0xA09B
mem[X,0x000000008000020A] -> 0xE04B
[135] [M]: 0x0000000080000208 (0xE04BA09B) psextb.h ra, s7
x1 <- 0x0000FFAA00020000

mem[X,0x000000008000020C] -> 0xB023
mem[X,0x000000008000020E] -> 0x0213
[136] [M]: 0x000000008000020C (0x0213B023) sd ra, 0x20(t2)
mem[0x0000000080003138] <- 0x0000FFAA00020000

mem[X,0x0000000080000210] -> 0x0A37
mem[X,0x0000000080000212] -> 0x0080
[137] [M]: 0x0000000080000210 (0x00800A37) lui s4, 0x800
x20 <- 0x0000000000800000

mem[X,0x0000000080000214] -> 0x0A13
mem[X,0x0000000080000216] -> 0x009A
[138] [M]: 0x0000000080000214 (0x009A0A13) addi s4, s4, 0x9
x20 <- 0x0000000000800009

mem[X,0x0000000080000218] -> 0x1A13
mem[X,0x000000008000021A] -> 0x00BA
[139] [M]: 0x0000000080000218 (0x00BA1A13) slli s4, s4, 0xb
x20 <- 0x0000000400004800

mem[X,0x000000008000021C] -> 0x0A13
mem[X,0x000000008000021E] -> 0x000A
[140] [M]: 0x000000008000021C (0x000A0A13) addi s4, s4, 0x0
x20 <- 0x0000000400004800

mem[X,0x0000000080000220] -> 0x1A13
mem[X,0x0000000080000222] -> 0x00BA
[141] [M]: 0x0000000080000220 (0x00BA1A13) slli s4, s4, 0xb
x20 <- 0x0000200002400000

mem[X,0x0000000080000224] -> 0x0A13
mem[X,0x0000000080000226] -> 0x000A
[142] [M]: 0x0000000080000224 (0x000A0A13) addi s4, s4, 0x0
x20 <- 0x0000200002400000

mem[X,0x0000000080000228] -> 0x1A13
mem[X,0x000000008000022A] -> 0x00AA
[143] [M]: 0x0000000080000228 (0x00AA1A13) slli s4, s4, 0xa
x20 <- 0x0080000900000000

mem[X,0x000000008000022C] -> 0x0A13
mem[X,0x000000008000022E] -> 0x001A
[144] [M]: 0x000000008000022C (0x001A0A13) addi s4, s4, 0x1
x20 <- 0x0080000900000001

mem[X,0x0000000080000230] -> 0x2F9B
mem[X,0x0000000080000232] -> 0xE04A
[145] [M]: 0x0000000080000230 (0xE04A2F9B) psextb.h t6, s4
x31 <- 0xFF80000900000001

mem[X,0x0000000080000234] -> 0xB823
mem[X,0x0000000080000236] -> 0x03F3
[146] [M]: 0x0000000080000234 (0x03F3B823) sd t6, 0x30(t2)
mem[0x0000000080003148] <- 0xFF80000900000001

mem[X,0x0000000080000238] -> 0x01B7
mem[X,0x000000008000023A] -> 0xFFFF
[147] [M]: 0x0000000080000238 (0xFFFF01B7) lui gp, -0x10
x3 <- 0xFFFFFFFFFFFF0000

mem[X,0x000000008000023C] -> 0x8193
mem[X,0x000000008000023E] -> 0xFEF1
[148] [M]: 0x000000008000023C (0xFEF18193) addi gp, gp, -0x11
x3 <- 0xFFFFFFFFFFFEFFEF

mem[X,0x0000000080000240] -> 0x9193
mem[X,0x0000000080000242] -> 0x00B1
[149] [M]: 0x0000000080000240 (0x00B19193) slli gp, gp, 0xb
x3 <- 0xFFFFFFFFF7FF7800

mem[X,0x0000000080000244] -> 0x8193
mem[X,0x0000000080000246] -> 0x0001
[150] [M]: 0x0000000080000244 (0x00018193) addi gp, gp, 0x0
x3 <- 0xFFFFFFFFF7FF7800

mem[X,0x0000000080000248] -> 0x9193
mem[X,0x000000008000024A] -> 0x00B1
[151] [M]: 0x0000000080000248 (0x00B19193) slli gp, gp, 0xb
x3 <- 0xFFFFFFBFFBC00000

mem[X,0x000000008000024C] -> 0x8193
mem[X,0x000000008000024E] -> 0x11F1
[152] [M]: 0x000000008000024C (0x11F18193) addi gp, gp, 0x11f
x3 <- 0xFFFFFFBFFBC0011F

mem[X,0x0000000080000250] -> 0x9193
mem[X,0x0000000080000252] -> 0x00A1
[153] [M]: 0x0000000080000250 (0x00A19193) slli gp, gp, 0xa
x3 <- 0xFFFEFFEF00047C00

mem[X,0x0000000080000254] -> 0x8193
mem[X,0x0000000080000256] -> 0x3FF1
[154] [M]: 0x0000000080000254 (0x3FF18193) addi gp, gp, 0x3ff
x3 <- 0xFFFEFFEF00047FFF

mem[X,0x0000000080000258] -> 0xAA1B
mem[X,0x000000008000025A] -> 0xE041
[155] [M]: 0x0000000080000258 (0xE041AA1B) psextb.h s4, gp
x20 <- 0xFFFEFFEF0004FFFF

mem[X,0x000000008000025C] -> 0xB023
mem[X,0x000000008000025E] -> 0x0543
[156] [M]: 0x000000008000025C (0x0543B023) sd s4, 0x40(t2)
mem[0x0000000080003158] <- 0xFFFEFFEF0004FFFF

mem[X,0x0000000080000260] -> 0x00B7
mem[X,0x0000000080000262] -> 0xFFF9
[157] [M]: 0x0000000080000260 (0xFFF900B7) lui ra, -0x70
x1 <- 0xFFFFFFFFFFF90000

mem[X,0x0000000080000264] -> 0x8093
mem[X,0x0000000080000266] -> 0xFF90
[158] [M]: 0x0000000080000264 (0xFF908093) addi ra, ra, -0x7
x1 <- 0xFFFFFFFFFFF8FFF9

mem[X,0x0000000080000268] -> 0x9093
mem[X,0x000000008000026A] -> 0x00B0
[159] [M]: 0x0000000080000268 (0x00B09093) slli ra, ra, 0xb
x1 <- 0xFFFFFFFFC7FFC800

mem[X,0x000000008000026C] -> 0x8093
mem[X,0x000000008000026E] -> 0x0000
[160] [M]: 0x000000008000026C (0x00008093) addi ra, ra, 0x0
x1 <- 0xFFFFFFFFC7FFC800

mem[X,0x0000000080000270] -> 0x9093
mem[X,0x0000000080000272] -> 0x00B0
[161] [M]: 0x0000000080000270 (0x00B09093) slli ra, ra, 0xb
x1 <- 0xFFFFFE3FFE400000

mem[X,0x0000000080000274] -> 0x8093
mem[X,0x0000000080000276] -> 0x1800
[162] [M]: 0x0000000080000274 (0x18008093) addi ra, ra, 0x180
x1 <- 0xFFFFFE3FFE400180

mem[X,0x0000000080000278] -> 0x9093
mem[X,0x000000008000027A] -> 0x00A0
[163] [M]: 0x0000000080000278 (0x00A09093) slli ra, ra, 0xa
x1 <- 0xFFF8FFF900060000

mem[X,0x000000008000027C] -> 0x8093
mem[X,0x000000008000027E] -> 0x0020
[164] [M]: 0x000000008000027C (0x00208093) addi ra, ra, 0x2
x1 <- 0xFFF8FFF900060002

mem[X,0x0000000080000280] -> 0xA49B
mem[X,0x0000000080000282] -> 0xE040
[165] [M]: 0x0000000080000280 (0xE040A49B) psextb.h s1, ra
x9 <- 0xFFF8FFF900060002

mem[X,0x0000000080000284] -> 0xB823
mem[X,0x0000000080000286] -> 0x0493
[166] [M]: 0x0000000080000284 (0x0493B823) sd s1, 0x50(t2)
mem[0x0000000080003168] <- 0xFFF8FFF900060002

mem[X,0x0000000080000288] -> 0x0E37
mem[X,0x000000008000028A] -> 0x0021
[167] [M]: 0x0000000080000288 (0x00210E37) lui t3, 0x210
x28 <- 0x0000000000210000

mem[X,0x000000008000028C] -> 0x0E13
mem[X,0x000000008000028E] -> 0xFF9E
[168] [M]: 0x000000008000028C (0xFF9E0E13) addi t3, t3, -0x7
x28 <- 0x000000000020FFF9

mem[X,0x0000000080000290] -> 0x1E13
mem[X,0x0000000080000292] -> 0x00BE
[169] [M]: 0x0000000080000290 (0x00BE1E13) slli t3, t3, 0xb
x28 <- 0x0000000107FFC800

mem[X,0x0000000080000294] -> 0x0E13
mem[X,0x0000000080000296] -> 0x1FFE
[170] [M]: 0x0000000080000294 (0x1FFE0E13) addi t3, t3, 0x1ff
x28 <- 0x0000000107FFC9FF

mem[X,0x0000000080000298] -> 0x1E13
mem[X,0x000000008000029A] -> 0x00BE
[171] [M]: 0x0000000080000298 (0x00BE1E13) slli t3, t3, 0xb
x28 <- 0x0000083FFE4FF800

mem[X,0x000000008000029C] -> 0x0E13
mem[X,0x000000008000029E] -> 0x7C0E
[172] [M]: 0x000000008000029C (0x7C0E0E13) addi t3, t3, 0x7c0
x28 <- 0x0000083FFE4FFFC0

mem[X,0x00000000800002A0] -> 0x1E13
mem[X,0x00000000800002A2] -> 0x00AE
[173] [M]: 0x00000000800002A0 (0x00AE1E13) slli t3, t3, 0xa
x28 <- 0x0020FFF93FFF0000

mem[X,0x00000000800002A4] -> 0x0E13
mem[X,0x00000000800002A6] -> 0x004E
[174] [M]: 0x00000000800002A4 (0x004E0E13) addi t3, t3, 0x4
x28 <- 0x0020FFF93FFF0004

mem[X,0x00000000800002A8] -> 0x281B
mem[X,0x00000000800002AA] -> 0xE04E
[175] [M]: 0x00000000800002A8 (0xE04E281B) psextb.h a6, t3
x16 <- 0x0020FFF9FFFF0004

mem[X,0x00000000800002AC] -> 0xB023
mem[X,0x00000000800002AE] -> 0x0703
[176] [M]: 0x00000000800002AC (0x0703B023) sd a6, 0x60(t2)
mem[0x0000000080003178] <- 0x0020FFF9FFFF0004

mem[X,0x00000000800002B0] -> 0x0537
mem[X,0x00000000800002B2] -> 0x0800
[177] [M]: 0x00000000800002B0 (0x08000537) lui a0, 0x8000
x10 <- 0x0000000008000000

mem[X,0x00000000800002B4] -> 0x0513
mem[X,0x00000000800002B6] -> 0x2005
[178] [M]: 0x00000000800002B4 (0x20050513) addi a0, a0, 0x200
x10 <- 0x0000000008000200

mem[X,0x00000000800002B8] -> 0x1513
mem[X,0x00000000800002BA] -> 0x00B5
[179] [M]: 0x00000000800002B8 (0x00B51513) slli a0, a0, 0xb
x10 <- 0x0000004000100000

mem[X,0x00000000800002BC] -> 0x0513
mem[X,0x00000000800002BE] -> 0x0405
[180] [M]: 0x00000000800002BC (0x04050513) addi a0, a0, 0x40
x10 <- 0x0000004000100040

mem[X,0x00000000800002C0] -> 0x1513
mem[X,0x00000000800002C2] -> 0x00B5
[181] [M]: 0x00000000800002C0 (0x00B51513) slli a0, a0, 0xb
x10 <- 0x0002000080020000

mem[X,0x00000000800002C4] -> 0x0513
mem[X,0x00000000800002C6] -> 0x0005
[182] [M]: 0x00000000800002C4 (0x00050513) addi a0, a0, 0x0
x10 <- 0x0002000080020000

mem[X,0x00000000800002C8] -> 0x1513
mem[X,0x00000000800002CA] -> 0x00A5
[183] [M]: 0x00000000800002C8 (0x00A51513) slli a0, a0, 0xa
x10 <- 0x0800020008000000

mem[X,0x00000000800002CC] -> 0x0513
mem[X,0x00000000800002CE] -> 0x0085
[184] [M]: 0x00000000800002CC (0x00850513) addi a0, a0, 0x8
x10 <- 0x0800020008000008

mem[X,0x00000000800002D0] -> 0x221B
mem[X,0x00000000800002D2] -> 0xE045
[185] [M]: 0x00000000800002D0 (0xE045221B) psextb.h tp, a0
x4 <- 0x0000000000000008

mem[X,0x00000000800002D4] -> 0xB823
mem[X,0x00000000800002D6] -> 0x0643
[186] [M]: 0x00000000800002D4 (0x0643B823) sd tp, 0x70(t2)
mem[0x0000000080003188] <- 0x0000000000000008

mem[X,0x00000000800002D8] -> 0x02B7
mem[X,0x00000000800002DA] -> 0x0006
[187] [M]: 0x00000000800002D8 (0x000602B7) lui t0, 0x60
x5 <- 0x0000000000060000

mem[X,0x00000000800002DC] -> 0x8293
mem[X,0x00000000800002DE] -> 0xFEF2
[188] [M]: 0x00000000800002DC (0xFEF28293) addi t0, t0, -0x11
x5 <- 0x000000000005FFEF

mem[X,0x00000000800002E0] -> 0x9293
mem[X,0x00000000800002E2] -> 0x00B2
[189] [M]: 0x00000000800002E0 (0x00B29293) slli t0, t0, 0xb
x5 <- 0x000000002FFF7800

mem[X,0x00000000800002E4] -> 0x8293
mem[X,0x00000000800002E6] -> 0x7DF2
[190] [M]: 0x00000000800002E4 (0x7DF28293) addi t0, t0, 0x7df
x5 <- 0x000000002FFF7FDF

mem[X,0x00000000800002E8] -> 0x9293
mem[X,0x00000000800002EA] -> 0x00B2
[191] [M]: 0x00000000800002E8 (0x00B29293) slli t0, t0, 0xb
x5 <- 0x0000017FFBFEF800

mem[X,0x00000000800002EC] -> 0x8293
mem[X,0x00000000800002EE] -> 0x7C02
[192] [M]: 0x00000000800002EC (0x7C028293) addi t0, t0, 0x7c0
x5 <- 0x0000017FFBFEFFC0

mem[X,0x00000000800002F0] -> 0x9293
mem[X,0x00000000800002F2] -> 0x00A2
[193] [M]: 0x00000000800002F0 (0x00A29293) slli t0, t0, 0xa
x5 <- 0x0005FFEFFBFF0000

mem[X,0x00000000800002F4] -> 0x8293
mem[X,0x00000000800002F6] -> 0x0102
[194] [M]: 0x00000000800002F4 (0x01028293) addi t0, t0, 0x10
x5 <- 0x0005FFEFFBFF0010

mem[X,0x00000000800002F8] -> 0xA19B
mem[X,0x00000000800002FA] -> 0xE042
[195] [M]: 0x00000000800002F8 (0xE042A19B) psextb.h gp, t0
x3 <- 0x0005FFEFFFFF0010

mem[X,0x00000000800002FC] -> 0xB023
mem[X,0x00000000800002FE] -> 0x0833
[196] [M]: 0x00000000800002FC (0x0833B023) sd gp, 0x80(t2)
mem[0x0000000080003198] <- 0x0005FFEFFFFF0010

mem[X,0x0000000080000300] -> 0x0F37
mem[X,0x0000000080000302] -> 0xFDFF
[197] [M]: 0x0000000080000300 (0xFDFF0F37) lui t5, -0x2010
x30 <- 0xFFFFFFFFFDFF0000

mem[X,0x0000000080000304] -> 0x0F13
mem[X,0x0000000080000306] -> 0x100F
[198] [M]: 0x0000000080000304 (0x100F0F13) addi t5, t5, 0x100
x30 <- 0xFFFFFFFFFDFF0100

mem[X,0x0000000080000308] -> 0x1F13
mem[X,0x000000008000030A] -> 0x00BF
[199] [M]: 0x0000000080000308 (0x00BF1F13) slli t5, t5, 0xb
x30 <- 0xFFFFFFEFF8080000

clint::tick mtime <- 0x0000000000000002
 clint timer pending at mtime 0x0000000000000002
htif::tick 0x0000000000000000
mem[X,0x000000008000030C] -> 0x0F13
mem[X,0x000000008000030E] -> 0x7FFF
[200] [M]: 0x000000008000030C (0x7FFF0F13) addi t5, t5, 0x7ff
x30 <- 0xFFFFFFEFF80807FF

mem[X,0x0000000080000310] -> 0x1F13
mem[X,0x0000000080000312] -> 0x00BF
[201] [M]: 0x0000000080000310 (0x00BF1F13) slli t5, t5, 0xb
x30 <- 0xFFFF7FC0403FF800

mem[X,0x0000000080000314] -> 0x0F13
mem[X,0x0000000080000316] -> 0x580F
[202] [M]: 0x0000000080000314 (0x580F0F13) addi t5, t5, 0x580
x30 <- 0xFFFF7FC0403FFD80

mem[X,0x0000000080000318] -> 0x1F13
mem[X,0x000000008000031A] -> 0x00AF
[203] [M]: 0x0000000080000318 (0x00AF1F13) slli t5, t5, 0xa
x30 <- 0xFDFF0100FFF60000

mem[X,0x000000008000031C] -> 0x0F13
mem[X,0x000000008000031E] -> 0x020F
[204] [M]: 0x000000008000031C (0x020F0F13) addi t5, t5, 0x20
x30 <- 0xFDFF0100FFF60020

mem[X,0x0000000080000320] -> 0x271B
mem[X,0x0000000080000322] -> 0xE04F
[205] [M]: 0x0000000080000320 (0xE04F271B) psextb.h a4, t5
x14 <- 0xFFFF0000FFF60020

mem[X,0x0000000080000324] -> 0xB823
mem[X,0x0000000080000326] -> 0x08E3
[206] [M]: 0x0000000080000324 (0x08E3B823) sd a4, 0x90(t2)
mem[0x00000000800031A8] <- 0xFFFF0000FFF60020

mem[X,0x0000000080000328] -> 0x0FB7
mem[X,0x000000008000032A] -> 0x0021
[207] [M]: 0x0000000080000328 (0x00210FB7) lui t6, 0x210
x31 <- 0x0000000000210000

mem[X,0x000000008000032C] -> 0x8F93
mem[X,0x000000008000032E] -> 0xFF9F
[208] [M]: 0x000000008000032C (0xFF9F8F93) addi t6, t6, -0x7
x31 <- 0x000000000020FFF9

mem[X,0x0000000080000330] -> 0x9F93
mem[X,0x0000000080000332] -> 0x00BF
[209] [M]: 0x0000000080000330 (0x00BF9F93) slli t6, t6, 0xb
x31 <- 0x0000000107FFC800

mem[X,0x0000000080000334] -> 0x8F93
mem[X,0x0000000080000336] -> 0x7FFF
[210] [M]: 0x0000000080000334 (0x7FFF8F93) addi t6, t6, 0x7ff
x31 <- 0x0000000107FFCFFF

mem[X,0x0000000080000338] -> 0x9F93
mem[X,0x000000008000033A] -> 0x00BF
[211] [M]: 0x0000000080000338 (0x00BF9F93) slli t6, t6, 0xb
x31 <- 0x0000083FFE7FF800

mem[X,0x000000008000033C] -> 0x8F93
mem[X,0x000000008000033E] -> 0x6C0F
[212] [M]: 0x000000008000033C (0x6C0F8F93) addi t6, t6, 0x6c0
x31 <- 0x0000083FFE7FFEC0

mem[X,0x0000000080000340] -> 0x9F93
mem[X,0x0000000080000342] -> 0x00AF
[213] [M]: 0x0000000080000340 (0x00AF9F93) slli t6, t6, 0xa
x31 <- 0x0020FFF9FFFB0000

mem[X,0x0000000080000344] -> 0x8F93
mem[X,0x0000000080000346] -> 0x040F
[214] [M]: 0x0000000080000344 (0x040F8F93) addi t6, t6, 0x40
x31 <- 0x0020FFF9FFFB0040

mem[X,0x0000000080000348] -> 0xA69B
mem[X,0x000000008000034A] -> 0xE04F
[215] [M]: 0x0000000080000348 (0xE04FA69B) psextb.h a3, t6
x13 <- 0x0020FFF9FFFB0040

mem[X,0x000000008000034C] -> 0xB023
mem[X,0x000000008000034E] -> 0x0AD3
[216] [M]: 0x000000008000034C (0x0AD3B023) sd a3, 0xa0(t2)
mem[0x00000000800031B8] <- 0x0020FFF9FFFB0040

mem[X,0x0000000080000350] -> 0x0237
mem[X,0x0000000080000352] -> 0xC000
[217] [M]: 0x0000000080000350 (0xC0000237) lui tp, -0x40000
x4 <- 0xFFFFFFFFC0000000

mem[X,0x0000000080000354] -> 0x0213
mem[X,0x0000000080000356] -> 0xFEF2
[218] [M]: 0x0000000080000354 (0xFEF20213) addi tp, tp, -0x11
x4 <- 0xFFFFFFFFBFFFFFEF

mem[X,0x0000000080000358] -> 0x1213
mem[X,0x000000008000035A] -> 0x00B2
[219] [M]: 0x0000000080000358 (0x00B21213) slli tp, tp, 0xb
x4 <- 0xFFFFFDFFFFFF7800

mem[X,0x000000008000035C] -> 0x0213
mem[X,0x000000008000035E] -> 0x0002
[220] [M]: 0x000000008000035C (0x00020213) addi tp, tp, 0x0
x4 <- 0xFFFFFDFFFFFF7800

mem[X,0x0000000080000360] -> 0x1213
mem[X,0x0000000080000362] -> 0x00B2
[221] [M]: 0x0000000080000360 (0x00B21213) slli tp, tp, 0xb
x4 <- 0xFFEFFFFFFBC00000

mem[X,0x0000000080000364] -> 0x0213
mem[X,0x0000000080000366] -> 0x2002
[222] [M]: 0x0000000080000364 (0x20020213) addi tp, tp, 0x200
x4 <- 0xFFEFFFFFFBC00200

mem[X,0x0000000080000368] -> 0x1213
mem[X,0x000000008000036A] -> 0x00A2
[223] [M]: 0x0000000080000368 (0x00A21213) slli tp, tp, 0xa
x4 <- 0xBFFFFFEF00080000

mem[X,0x000000008000036C] -> 0x0213
mem[X,0x000000008000036E] -> 0x0802
[224] [M]: 0x000000008000036C (0x08020213) addi tp, tp, 0x80
x4 <- 0xBFFFFFEF00080080

mem[X,0x0000000080000370] -> 0x2C9B
mem[X,0x0000000080000372] -> 0xE042
[225] [M]: 0x0000000080000370 (0xE0422C9B) psextb.h s9, tp
x25 <- 0xFFFFFFEF0008FF80

mem[X,0x0000000080000374] -> 0xB823
mem[X,0x0000000080000376] -> 0x0B93
[226] [M]: 0x0000000080000374 (0x0B93B823) sd s9, 0xb0(t2)
mem[0x00000000800031C8] <- 0xFFFFFFEF0008FF80

mem[X,0x0000000080000378] -> 0x0737
mem[X,0x000000008000037A] -> 0xBFFF
[227] [M]: 0x0000000080000378 (0xBFFF0737) lui a4, -0x40010
x14 <- 0xFFFFFFFFBFFF0000

mem[X,0x000000008000037C] -> 0x0713
mem[X,0x000000008000037E] -> 0x0007
[228] [M]: 0x000000008000037C (0x00070713) addi a4, a4, 0x0
x14 <- 0xFFFFFFFFBFFF0000

mem[X,0x0000000080000380] -> 0x1713
mem[X,0x0000000080000382] -> 0x00B7
[229] [M]: 0x0000000080000380 (0x00B71713) slli a4, a4, 0xb
x14 <- 0xFFFFFDFFF8000000

mem[X,0x0000000080000384] -> 0x0713
mem[X,0x0000000080000386] -> 0x0407
[230] [M]: 0x0000000080000384 (0x04070713) addi a4, a4, 0x40
x14 <- 0xFFFFFDFFF8000040

mem[X,0x0000000080000388] -> 0x1713
mem[X,0x000000008000038A] -> 0x00B7
[231] [M]: 0x0000000080000388 (0x00B71713) slli a4, a4, 0xb
x14 <- 0xFFEFFFC000020000

mem[X,0x000000008000038C] -> 0x0713
mem[X,0x000000008000038E] -> 0x0007
[232] [M]: 0x000000008000038C (0x00070713) addi a4, a4, 0x0
x14 <- 0xFFEFFFC000020000

mem[X,0x0000000080000390] -> 0x1713
mem[X,0x0000000080000392] -> 0x00A7
[233] [M]: 0x0000000080000390 (0x00A71713) slli a4, a4, 0xa
x14 <- 0xBFFF000008000000

mem[X,0x0000000080000394] -> 0x0713
mem[X,0x0000000080000396] -> 0x1007
[234] [M]: 0x0000000080000394 (0x10070713) addi a4, a4, 0x100
x14 <- 0xBFFF000008000100

mem[X,0x0000000080000398] -> 0x201B
mem[X,0x000000008000039A] -> 0xE047
[235] [M]: 0x0000000080000398 (0xE047201B) psextb.h zero, a4

mem[X,0x000000008000039C] -> 0xB023
mem[X,0x000000008000039E] -> 0x0C03
[236] [M]: 0x000000008000039C (0x0C03B023) sd zero, 0xc0(t2)
mem[0x00000000800031D8] <- 0x0000000000000000

mem[X,0x00000000800003A0] -> 0x0837
mem[X,0x00000000800003A2] -> 0x0041
[237] [M]: 0x00000000800003A0 (0x00410837) lui a6, 0x410
x16 <- 0x0000000000410000

mem[X,0x00000000800003A4] -> 0x0813
mem[X,0x00000000800003A6] -> 0xFEF8
[238] [M]: 0x00000000800003A4 (0xFEF80813) addi a6, a6, -0x11
x16 <- 0x000000000040FFEF

mem[X,0x00000000800003A8] -> 0x1813
mem[X,0x00000000800003AA] -> 0x00B8
[239] [M]: 0x00000000800003A8 (0x00B81813) slli a6, a6, 0xb
x16 <- 0x0000000207FF7800

mem[X,0x00000000800003AC] -> 0x0813
mem[X,0x00000000800003AE] -> 0x0008
[240] [M]: 0x00000000800003AC (0x00080813) addi a6, a6, 0x0
x16 <- 0x0000000207FF7800

mem[X,0x00000000800003B0] -> 0x1813
mem[X,0x00000000800003B2] -> 0x00B8
[241] [M]: 0x00000000800003B0 (0x00B81813) slli a6, a6, 0xb
x16 <- 0x0000103FFBC00000

mem[X,0x00000000800003B4] -> 0x0813
mem[X,0x00000000800003B6] -> 0x1008
[242] [M]: 0x00000000800003B4 (0x10080813) addi a6, a6, 0x100
x16 <- 0x0000103FFBC00100

mem[X,0x00000000800003B8] -> 0x1813
mem[X,0x00000000800003BA] -> 0x00A8
[243] [M]: 0x00000000800003B8 (0x00A81813) slli a6, a6, 0xa
x16 <- 0x0040FFEF00040000

mem[X,0x00000000800003BC] -> 0x0813
mem[X,0x00000000800003BE] -> 0x2008
[244] [M]: 0x00000000800003BC (0x20080813) addi a6, a6, 0x200
x16 <- 0x0040FFEF00040200

mem[X,0x00000000800003C0] -> 0x229B
mem[X,0x00000000800003C2] -> 0xE048
[245] [M]: 0x00000000800003C0 (0xE048229B) psextb.h t0, a6
x5 <- 0x0040FFEF00040000

mem[X,0x00000000800003C4] -> 0xB823
mem[X,0x00000000800003C6] -> 0x0C53
[246] [M]: 0x00000000800003C4 (0x0C53B823) sd t0, 0xd0(t2)
mem[0x00000000800031E8] <- 0x0040FFEF00040000

mem[X,0x00000000800003C8] -> 0x44B7
mem[X,0x00000000800003CA] -> 0xF7FF
[247] [M]: 0x00000000800003C8 (0xF7FF44B7) lui s1, -0x800c
x9 <- 0xFFFFFFFFF7FF4000

mem[X,0x00000000800003CC] -> 0x8493
mem[X,0x00000000800003CE] -> 0xFFF4
[248] [M]: 0x00000000800003CC (0xFFF48493) addi s1, s1, -0x1
x9 <- 0xFFFFFFFFF7FF3FFF

mem[X,0x00000000800003D0] -> 0x9493
mem[X,0x00000000800003D2] -> 0x00B4
[249] [M]: 0x00000000800003D0 (0x00B49493) slli s1, s1, 0xb
x9 <- 0xFFFFFFBFF9FFF800

mem[X,0x00000000800003D4] -> 0x8493
mem[X,0x00000000800003D6] -> 0x0004
[250] [M]: 0x00000000800003D4 (0x00048493) addi s1, s1, 0x0
x9 <- 0xFFFFFFBFF9FFF800

mem[X,0x00000000800003D8] -> 0x9493
mem[X,0x00000000800003DA] -> 0x00B4
[251] [M]: 0x00000000800003D8 (0x00B49493) slli s1, s1, 0xb
x9 <- 0xFFFDFFCFFFC00000

mem[X,0x00000000800003DC] -> 0x8493
mem[X,0x00000000800003DE] -> 0x1014
[252] [M]: 0x00000000800003DC (0x10148493) addi s1, s1, 0x101
x9 <- 0xFFFDFFCFFFC00101

mem[X,0x00000000800003E0] -> 0x9493
mem[X,0x00000000800003E2] -> 0x00A4
[253] [M]: 0x00000000800003E0 (0x00A49493) slli s1, s1, 0xa
x9 <- 0xF7FF3FFF00040400

mem[X,0x00000000800003E4] -> 0xA41B
mem[X,0x00000000800003E6] -> 0xE044
[254] [M]: 0x00000000800003E4 (0xE044A41B) psextb.h fp, s1
x8 <- 0xFFFFFFFF00040000

mem[X,0x00000000800003E8] -> 0xB023
mem[X,0x00000000800003EA] -> 0x0E83
[255] [M]: 0x00000000800003E8 (0x0E83B023) sd fp, 0xe0(t2)
mem[0x00000000800031F8] <- 0xFFFFFFFF00040000

mem[X,0x00000000800003EC] -> 0x07B7
mem[X,0x00000000800003EE] -> 0xFFE0
[256] [M]: 0x00000000800003EC (0xFFE007B7) lui a5, -0x200
x15 <- 0xFFFFFFFFFFE00000

mem[X,0x00000000800003F0] -> 0x8793
mem[X,0x00000000800003F2] -> 0xEFF7
[257] [M]: 0x00000000800003F0 (0xEFF78793) addi a5, a5, -0x101
x15 <- 0xFFFFFFFFFFDFFEFF

mem[X,0x00000000800003F4] -> 0x9793
mem[X,0x00000000800003F6] -> 0x00B7
[258] [M]: 0x00000000800003F4 (0x00B79793) slli a5, a5, 0xb
x15 <- 0xFFFFFFFEFFF7F800

mem[X,0x00000000800003F8] -> 0x8793
mem[X,0x00000000800003FA] -> 0x0007
[259] [M]: 0x00000000800003F8 (0x00078793) addi a5, a5, 0x0
x15 <- 0xFFFFFFFEFFF7F800

mem[X,0x00000000800003FC] -> 0x9793
mem[X,0x00000000800003FE] -> 0x00B7
[260] [M]: 0x00000000800003FC (0x00B79793) slli a5, a5, 0xb
x15 <- 0xFFFFF7FFBFC00000

mem[X,0x0000000080000400] -> 0x8793
mem[X,0x0000000080000402] -> 0x4027
[261] [M]: 0x0000000080000400 (0x40278793) addi a5, a5, 0x402
x15 <- 0xFFFFF7FFBFC00402

mem[X,0x0000000080000404] -> 0x9793
mem[X,0x0000000080000406] -> 0x00A7
[262] [M]: 0x0000000080000404 (0x00A79793) slli a5, a5, 0xa
x15 <- 0xFFDFFEFF00100800

mem[X,0x0000000080000408] -> 0xA11B
mem[X,0x000000008000040A] -> 0xE047
[263] [M]: 0x0000000080000408 (0xE047A11B) psextb.h sp, a5
x2 <- 0xFFDFFFFF00100000

mem[X,0x000000008000040C] -> 0xB823
mem[X,0x000000008000040E] -> 0x0E23
[264] [M]: 0x000000008000040C (0x0E23B823) sd sp, 0xf0(t2)
mem[0x0000000080003208] <- 0xFFDFFFFF00100000

mem[X,0x0000000080000410] -> 0x48B7
mem[X,0x0000000080000412] -> 0x0007
[265] [M]: 0x0000000080000410 (0x000748B7) lui a7, 0x74
x17 <- 0x0000000000074000

mem[X,0x0000000080000414] -> 0x8893
mem[X,0x0000000080000416] -> 0x0008
[266] [M]: 0x0000000080000414 (0x00088893) addi a7, a7, 0x0
x17 <- 0x0000000000074000

mem[X,0x0000000080000418] -> 0x9893
mem[X,0x000000008000041A] -> 0x00B8
[267] [M]: 0x0000000080000418 (0x00B89893) slli a7, a7, 0xb
x17 <- 0x000000003A000000

mem[X,0x000000008000041C] -> 0x8893
mem[X,0x000000008000041E] -> 0x0008
[268] [M]: 0x000000008000041C (0x00088893) addi a7, a7, 0x0
x17 <- 0x000000003A000000

mem[X,0x0000000080000420] -> 0x9893
mem[X,0x0000000080000422] -> 0x00B8
[269] [M]: 0x0000000080000420 (0x00B89893) slli a7, a7, 0xb
x17 <- 0x000001D000000000

mem[X,0x0000000080000424] -> 0x8893
mem[X,0x0000000080000426] -> 0x2048
[270] [M]: 0x0000000080000424 (0x20488893) addi a7, a7, 0x204
x17 <- 0x000001D000000204

mem[X,0x0000000080000428] -> 0x9893
mem[X,0x000000008000042A] -> 0x00A8
[271] [M]: 0x0000000080000428 (0x00A89893) slli a7, a7, 0xa
x17 <- 0x0007400000081000

mem[X,0x000000008000042C] -> 0xA51B
mem[X,0x000000008000042E] -> 0xE048
[272] [M]: 0x000000008000042C (0xE048A51B) psextb.h a0, a7
x10 <- 0x0007000000080000

mem[X,0x0000000080000430] -> 0xB023
mem[X,0x0000000080000432] -> 0x10A3
[273] [M]: 0x0000000080000430 (0x10A3B023) sd a0, 0x100(t2)
mem[0x0000000080003218] <- 0x0007000000080000

mem[X,0x0000000080000434] -> 0x0437
mem[X,0x0000000080000436] -> 0xFFFB
[274] [M]: 0x0000000080000434 (0xFFFB0437) lui fp, -0x50
x8 <- 0xFFFFFFFFFFFB0000

mem[X,0x0000000080000438] -> 0x0413
mem[X,0x000000008000043A] -> 0x0094
[275] [M]: 0x0000000080000438 (0x00940413) addi fp, fp, 0x9
x8 <- 0xFFFFFFFFFFFB0009

mem[X,0x000000008000043C] -> 0x1413
mem[X,0x000000008000043E] -> 0x00B4
[276] [M]: 0x000000008000043C (0x00B41413) slli fp, fp, 0xb
x8 <- 0xFFFFFFFFD8004800

mem[X,0x0000000080000440] -> 0x0413
mem[X,0x0000000080000442] -> 0x3FF4
[277] [M]: 0x0000000080000440 (0x3FF40413) addi fp, fp, 0x3ff
x8 <- 0xFFFFFFFFD8004BFF

mem[X,0x0000000080000444] -> 0x1413
mem[X,0x0000000080000446] -> 0x00B4
[278] [M]: 0x0000000080000444 (0x00B41413) slli fp, fp, 0xb
x8 <- 0xFFFFFEC0025FF800

mem[X,0x0000000080000448] -> 0x0413
mem[X,0x000000008000044A] -> 0x7C84
[279] [M]: 0x0000000080000448 (0x7C840413) addi fp, fp, 0x7c8
x8 <- 0xFFFFFEC0025FFFC8

mem[X,0x000000008000044C] -> 0x1413
mem[X,0x000000008000044E] -> 0x00A4
[280] [M]: 0x000000008000044C (0x00A41413) slli fp, fp, 0xa
x8 <- 0xFFFB00097FFF2000

mem[X,0x0000000080000450] -> 0x2E1B
mem[X,0x0000000080000452] -> 0xE044
[281] [M]: 0x0000000080000450 (0xE0442E1B) psextb.h t3, fp
x28 <- 0xFFFB0009FFFF0000

mem[X,0x0000000080000454] -> 0xB823
mem[X,0x0000000080000456] -> 0x11C3
[282] [M]: 0x0000000080000454 (0x11C3B823) sd t3, 0x110(t2)
mem[0x0000000080003228] <- 0xFFFB0009FFFF0000

mem[X,0x0000000080000458] -> 0x0EB7
mem[X,0x000000008000045A] -> 0x0002
[283] [M]: 0x0000000080000458 (0x00020EB7) lui t4, 0x20
x29 <- 0x0000000000020000

mem[X,0x000000008000045C] -> 0x8E93
mem[X,0x000000008000045E] -> 0x040E
[284] [M]: 0x000000008000045C (0x040E8E93) addi t4, t4, 0x40
x29 <- 0x0000000000020040

mem[X,0x0000000080000460] -> 0x9E93
mem[X,0x0000000080000462] -> 0x00BE
[285] [M]: 0x0000000080000460 (0x00BE9E93) slli t4, t4, 0xb
x29 <- 0x0000000010020000

mem[X,0x0000000080000464] -> 0x8E93
mem[X,0x0000000080000466] -> 0x7EFE
[286] [M]: 0x0000000080000464 (0x7EFE8E93) addi t4, t4, 0x7ef
x29 <- 0x00000000100207EF

mem[X,0x0000000080000468] -> 0x9E93
mem[X,0x000000008000046A] -> 0x00BE
[287] [M]: 0x0000000080000468 (0x00BE9E93) slli t4, t4, 0xb
x29 <- 0x00000080103F7800

mem[X,0x000000008000046C] -> 0x8E93
mem[X,0x000000008000046E] -> 0x7D0E
[288] [M]: 0x000000008000046C (0x7D0E8E93) addi t4, t4, 0x7d0
x29 <- 0x00000080103F7FD0

mem[X,0x0000000080000470] -> 0x9E93
mem[X,0x0000000080000472] -> 0x00AE
[289] [M]: 0x0000000080000470 (0x00AE9E93) slli t4, t4, 0xa
x29 <- 0x00020040FDFF4000

mem[X,0x0000000080000474] -> 0xAA9B
mem[X,0x0000000080000476] -> 0xE04E
[290] [M]: 0x0000000080000474 (0xE04EAA9B) psextb.h s5, t4
x21 <- 0x00020040FFFF0000

mem[X,0x0000000080000478] -> 0xB023
mem[X,0x000000008000047A] -> 0x1353
[291] [M]: 0x0000000080000478 (0x1353B023) sd s5, 0x120(t2)
mem[0x0000000080003238] <- 0x00020040FFFF0000

mem[X,0x000000008000047C] -> 0x56B7
mem[X,0x000000008000047E] -> 0x4000
[292] [M]: 0x000000008000047C (0x400056B7) lui a3, 0x40005
x13 <- 0x0000000040005000

mem[X,0x0000000080000480] -> 0x8693
mem[X,0x0000000080000482] -> 0x5556
[293] [M]: 0x0000000080000480 (0x55568693) addi a3, a3, 0x555
x13 <- 0x0000000040005555

mem[X,0x0000000080000484] -> 0x9693
mem[X,0x0000000080000486] -> 0x00B6
[294] [M]: 0x0000000080000484 (0x00B69693) slli a3, a3, 0xb
x13 <- 0x0000020002AAA800

mem[X,0x0000000080000488] -> 0x8693
mem[X,0x000000008000048A] -> 0x0086
[295] [M]: 0x0000000080000488 (0x00868693) addi a3, a3, 0x8
x13 <- 0x0000020002AAA808

mem[X,0x000000008000048C] -> 0x9693
mem[X,0x000000008000048E] -> 0x00B6
[296] [M]: 0x000000008000048C (0x00B69693) slli a3, a3, 0xb
x13 <- 0x0010001555404000

mem[X,0x0000000080000490] -> 0x8693
mem[X,0x0000000080000492] -> 0x03F6
[297] [M]: 0x0000000080000490 (0x03F68693) addi a3, a3, 0x3f
x13 <- 0x001000155540403F

mem[X,0x0000000080000494] -> 0x9693
mem[X,0x0000000080000496] -> 0x00A6
[298] [M]: 0x0000000080000494 (0x00A69693) slli a3, a3, 0xa
x13 <- 0x400055550100FC00

mem[X,0x0000000080000498] -> 0x8693
mem[X,0x000000008000049A] -> 0x3FE6
[299] [M]: 0x0000000080000498 (0x3FE68693) addi a3, a3, 0x3fe
x13 <- 0x400055550100FFFE

clint::tick mtime <- 0x0000000000000003
 clint timer pending at mtime 0x0000000000000003
htif::tick 0x0000000000000000
mem[X,0x000000008000049C] -> 0xA99B
mem[X,0x000000008000049E] -> 0xE046
[300] [M]: 0x000000008000049C (0xE046A99B) psextb.h s3, a3
x19 <- 0x000000550000FFFE

mem[X,0x00000000800004A0] -> 0xB823
mem[X,0x00000000800004A2] -> 0x1333
[301] [M]: 0x00000000800004A0 (0x1333B823) sd s3, 0x130(t2)
mem[0x0000000080003248] <- 0x000000550000FFFE

mem[X,0x00000000800004A4] -> 0x09B7
mem[X,0x00000000800004A6] -> 0x0007
[302] [M]: 0x00000000800004A4 (0x000709B7) lui s3, 0x70
x19 <- 0x0000000000070000

mem[X,0x00000000800004A8] -> 0x8993
mem[X,0x00000000800004AA] -> 0x0029
[303] [M]: 0x00000000800004A8 (0x00298993) addi s3, s3, 0x2
x19 <- 0x0000000000070002

mem[X,0x00000000800004AC] -> 0x9993
mem[X,0x00000000800004AE] -> 0x00B9
[304] [M]: 0x00000000800004AC (0x00B99993) slli s3, s3, 0xb
x19 <- 0x0000000038001000

mem[X,0x00000000800004B0] -> 0x8993
mem[X,0x00000000800004B2] -> 0x0809
[305] [M]: 0x00000000800004B0 (0x08098993) addi s3, s3, 0x80
x19 <- 0x0000000038001080

mem[X,0x00000000800004B4] -> 0x9993
mem[X,0x00000000800004B6] -> 0x00B9
[306] [M]: 0x00000000800004B4 (0x00B99993) slli s3, s3, 0xb
x19 <- 0x000001C000840000

mem[X,0x00000000800004B8] -> 0x8993
mem[X,0x00000000800004BA] -> 0x03F9
[307] [M]: 0x00000000800004B8 (0x03F98993) addi s3, s3, 0x3f
x19 <- 0x000001C00084003F

mem[X,0x00000000800004BC] -> 0x9993
mem[X,0x00000000800004BE] -> 0x00A9
[308] [M]: 0x00000000800004BC (0x00A99993) slli s3, s3, 0xa
x19 <- 0x000700021000FC00

mem[X,0x00000000800004C0] -> 0x8993
mem[X,0x00000000800004C2] -> 0x3FD9
[309] [M]: 0x00000000800004C0 (0x3FD98993) addi s3, s3, 0x3fd
x19 <- 0x000700021000FFFD

mem[X,0x00000000800004C4] -> 0xA79B
mem[X,0x00000000800004C6] -> 0xE049
[310] [M]: 0x00000000800004C4 (0xE049A79B) psextb.h a5, s3
x15 <- 0x000700020000FFFD

mem[X,0x00000000800004C8] -> 0xB023
mem[X,0x00000000800004CA] -> 0x14F3
[311] [M]: 0x00000000800004C8 (0x14F3B023) sd a5, 0x140(t2)
mem[0x0000000080003258] <- 0x000700020000FFFD

mem[X,0x00000000800004CC] -> 0x0DB7
mem[X,0x00000000800004CE] -> 0x000A
[312] [M]: 0x00000000800004CC (0x000A0DB7) lui s11, 0xa0
x27 <- 0x00000000000A0000

mem[X,0x00000000800004D0] -> 0x8D93
mem[X,0x00000000800004D2] -> 0xFF8D
[313] [M]: 0x00000000800004D0 (0xFF8D8D93) addi s11, s11, -0x8
x27 <- 0x000000000009FFF8

mem[X,0x00000000800004D4] -> 0x9D93
mem[X,0x00000000800004D6] -> 0x00BD
[314] [M]: 0x00000000800004D4 (0x00BD9D93) slli s11, s11, 0xb
x27 <- 0x000000004FFFC000

mem[X,0x00000000800004D8] -> 0x8D93
mem[X,0x00000000800004DA] -> 0x000D
[315] [M]: 0x00000000800004D8 (0x000D8D93) addi s11, s11, 0x0
x27 <- 0x000000004FFFC000

mem[X,0x00000000800004DC] -> 0x9D93
mem[X,0x00000000800004DE] -> 0x00BD
[316] [M]: 0x00000000800004DC (0x00BD9D93) slli s11, s11, 0xb
x27 <- 0x0000027FFE000000

mem[X,0x00000000800004E0] -> 0x8D93
mem[X,0x00000000800004E2] -> 0x03FD
[317] [M]: 0x00000000800004E0 (0x03FD8D93) addi s11, s11, 0x3f
x27 <- 0x0000027FFE00003F

mem[X,0x00000000800004E4] -> 0x9D93
mem[X,0x00000000800004E6] -> 0x00AD
[318] [M]: 0x00000000800004E4 (0x00AD9D93) slli s11, s11, 0xa
x27 <- 0x0009FFF80000FC00

mem[X,0x00000000800004E8] -> 0x8D93
mem[X,0x00000000800004EA] -> 0x3FBD
[319] [M]: 0x00000000800004E8 (0x3FBD8D93) addi s11, s11, 0x3fb
x27 <- 0x0009FFF80000FFFB

mem[X,0x00000000800004EC] -> 0xAF1B
mem[X,0x00000000800004EE] -> 0xE04D
[320] [M]: 0x00000000800004EC (0xE04DAF1B) psextb.h t5, s11
x30 <- 0x0009FFF80000FFFB

mem[X,0x00000000800004F0] -> 0xB823
mem[X,0x00000000800004F2] -> 0x15E3
[321] [M]: 0x00000000800004F0 (0x15E3B823) sd t5, 0x150(t2)
mem[0x0000000080003268] <- 0x0009FFF80000FFFB

mem[X,0x00000000800004F4] -> 0xE037
mem[X,0x00000000800004F6] -> 0x4000
[322] [M]: 0x00000000800004F4 (0x4000E037) lui zero, 0x4000e

mem[X,0x00000000800004F8] -> 0x0013
mem[X,0x00000000800004FA] -> 0xFFF0
[323] [M]: 0x00000000800004F8 (0xFFF00013) addi zero, zero, -0x1

mem[X,0x00000000800004FC] -> 0x1013
mem[X,0x00000000800004FE] -> 0x00B0
[324] [M]: 0x00000000800004FC (0x00B01013) slli zero, zero, 0xb

mem[X,0x0000000080000500] -> 0x0013
mem[X,0x0000000080000502] -> 0x7FF0
[325] [M]: 0x0000000080000500 (0x7FF00013) addi zero, zero, 0x7ff

mem[X,0x0000000080000504] -> 0x1013
mem[X,0x0000000080000506] -> 0x00B0
[326] [M]: 0x0000000080000504 (0x00B01013) slli zero, zero, 0xb

mem[X,0x0000000080000508] -> 0x0013
mem[X,0x000000008000050A] -> 0x3FF0
[327] [M]: 0x0000000080000508 (0x3FF00013) addi zero, zero, 0x3ff

mem[X,0x000000008000050C] -> 0x1013
mem[X,0x000000008000050E] -> 0x00A0
[328] [M]: 0x000000008000050C (0x00A01013) slli zero, zero, 0xa

mem[X,0x0000000080000510] -> 0x0013
mem[X,0x0000000080000512] -> 0x3F70
[329] [M]: 0x0000000080000510 (0x3F700013) addi zero, zero, 0x3f7

mem[X,0x0000000080000514] -> 0x2B1B
mem[X,0x0000000080000516] -> 0xE040
[330] [M]: 0x0000000080000514 (0xE0402B1B) psextb.h s6, zero
x22 <- 0x0000000000000000

mem[X,0x0000000080000518] -> 0xB023
mem[X,0x000000008000051A] -> 0x1763
[331] [M]: 0x0000000080000518 (0x1763B023) sd s6, 0x160(t2)
mem[0x0000000080003278] <- 0x0000000000000000

mem[X,0x000000008000051C] -> 0x0CB7
mem[X,0x000000008000051E] -> 0xEFFF
[332] [M]: 0x000000008000051C (0xEFFF0CB7) lui s9, -0x10010
x25 <- 0xFFFFFFFFEFFF0000

mem[X,0x0000000080000520] -> 0x8C93
mem[X,0x0000000080000522] -> 0x003C
[333] [M]: 0x0000000080000520 (0x003C8C93) addi s9, s9, 0x3
x25 <- 0xFFFFFFFFEFFF0003

mem[X,0x0000000080000524] -> 0x9C93
mem[X,0x0000000080000526] -> 0x00BC
[334] [M]: 0x0000000080000524 (0x00BC9C93) slli s9, s9, 0xb
x25 <- 0xFFFFFF7FF8001800

mem[X,0x0000000080000528] -> 0x8C93
mem[X,0x000000008000052A] -> 0x555C
[335] [M]: 0x0000000080000528 (0x555C8C93) addi s9, s9, 0x555
x25 <- 0xFFFFFF7FF8001D55

mem[X,0x000000008000052C] -> 0x9C93
mem[X,0x000000008000052E] -> 0x00BC
[336] [M]: 0x000000008000052C (0x00BC9C93) slli s9, s9, 0xb
x25 <- 0xFFFBFFC000EAA800

mem[X,0x0000000080000530] -> 0x8C93
mem[X,0x0000000080000532] -> 0x2BFC
[337] [M]: 0x0000000080000530 (0x2BFC8C93) addi s9, s9, 0x2bf
x25 <- 0xFFFBFFC000EAAABF

mem[X,0x0000000080000534] -> 0x9C93
mem[X,0x0000000080000536] -> 0x00AC
[338] [M]: 0x0000000080000534 (0x00AC9C93) slli s9, s9, 0xa
x25 <- 0xEFFF0003AAAAFC00

mem[X,0x0000000080000538] -> 0x8C93
mem[X,0x000000008000053A] -> 0x3EFC
[339] [M]: 0x0000000080000538 (0x3EFC8C93) addi s9, s9, 0x3ef
x25 <- 0xEFFF0003AAAAFFEF

mem[X,0x000000008000053C] -> 0xAD9B
mem[X,0x000000008000053E] -> 0xE04C
[340] [M]: 0x000000008000053C (0xE04CAD9B) psextb.h s11, s9
x27 <- 0xFFFF0003FFAAFFEF

mem[X,0x0000000080000540] -> 0xB823
mem[X,0x0000000080000542] -> 0x17B3
[341] [M]: 0x0000000080000540 (0x17B3B823) sd s11, 0x170(t2)
mem[0x0000000080003288] <- 0xFFFF0003FFAAFFEF

mem[X,0x0000000080000544] -> 0x05B7
mem[X,0x0000000080000546] -> 0x0401
[342] [M]: 0x0000000080000544 (0x040105B7) lui a1, 0x4010
x11 <- 0x0000000004010000

mem[X,0x0000000080000548] -> 0x8593
mem[X,0x000000008000054A] -> 0xF7F5
[343] [M]: 0x0000000080000548 (0xF7F58593) addi a1, a1, -0x81
x11 <- 0x000000000400FF7F

mem[X,0x000000008000054C] -> 0x9593
mem[X,0x000000008000054E] -> 0x00B5
[344] [M]: 0x000000008000054C (0x00B59593) slli a1, a1, 0xb
x11 <- 0x0000002007FBF800

mem[X,0x0000000080000550] -> 0x8593
mem[X,0x0000000080000552] -> 0x7FF5
[345] [M]: 0x0000000080000550 (0x7FF58593) addi a1, a1, 0x7ff
x11 <- 0x0000002007FBFFFF

mem[X,0x0000000080000554] -> 0x9593
mem[X,0x0000000080000556] -> 0x00B5
[346] [M]: 0x0000000080000554 (0x00B59593) slli a1, a1, 0xb
x11 <- 0x0001003FDFFFF800

mem[X,0x0000000080000558] -> 0x8593
mem[X,0x000000008000055A] -> 0x5FF5
[347] [M]: 0x0000000080000558 (0x5FF58593) addi a1, a1, 0x5ff
x11 <- 0x0001003FDFFFFDFF

mem[X,0x000000008000055C] -> 0x9593
mem[X,0x000000008000055E] -> 0x00A5
[348] [M]: 0x000000008000055C (0x00A59593) slli a1, a1, 0xa
x11 <- 0x0400FF7FFFF7FC00

mem[X,0x0000000080000560] -> 0x8593
mem[X,0x0000000080000562] -> 0x3DF5
[349] [M]: 0x0000000080000560 (0x3DF58593) addi a1, a1, 0x3df
x11 <- 0x0400FF7FFFF7FFDF

mem[X,0x0000000080000564] -> 0xA89B
mem[X,0x0000000080000566] -> 0xE045
[350] [M]: 0x0000000080000564 (0xE045A89B) psextb.h a7, a1
x17 <- 0x0000007FFFF7FFDF

mem[X,0x0000000080000568] -> 0xB023
mem[X,0x000000008000056A] -> 0x1913
[351] [M]: 0x0000000080000568 (0x1913B023) sd a7, 0x180(t2)
mem[0x0000000080003298] <- 0x0000007FFFF7FFDF

mem[X,0x000000008000056C] -> 0x1D37
mem[X,0x000000008000056E] -> 0xEFFF
[352] [M]: 0x000000008000056C (0xEFFF1D37) lui s10, -0x1000f
x26 <- 0xFFFFFFFFEFFF1000

mem[X,0x0000000080000570] -> 0x0D13
mem[X,0x0000000080000572] -> 0x800D
[353] [M]: 0x0000000080000570 (0x800D0D13) addi s10, s10, -0x800
x26 <- 0xFFFFFFFFEFFF0800

mem[X,0x0000000080000574] -> 0x1D13
mem[X,0x0000000080000576] -> 0x00BD
[354] [M]: 0x0000000080000574 (0x00BD1D13) slli s10, s10, 0xb
x26 <- 0xFFFFFF7FF8400000

mem[X,0x0000000080000578] -> 0x0D13
mem[X,0x000000008000057A] -> 0x002D
[355] [M]: 0x0000000080000578 (0x002D0D13) addi s10, s10, 0x2
x26 <- 0xFFFFFF7FF8400002

mem[X,0x000000008000057C] -> 0x1D13
mem[X,0x000000008000057E] -> 0x00BD
[356] [M]: 0x000000008000057C (0x00BD1D13) slli s10, s10, 0xb
x26 <- 0xFFFBFFC200001000

mem[X,0x0000000080000580] -> 0x0D13
mem[X,0x0000000080000582] -> 0x03FD
[357] [M]: 0x0000000080000580 (0x03FD0D13) addi s10, s10, 0x3f
x26 <- 0xFFFBFFC20000103F

mem[X,0x0000000080000584] -> 0x1D13
mem[X,0x0000000080000586] -> 0x00AD
[358] [M]: 0x0000000080000584 (0x00AD1D13) slli s10, s10, 0xa
x26 <- 0xEFFF08000040FC00

mem[X,0x0000000080000588] -> 0x0D13
mem[X,0x000000008000058A] -> 0x3BFD
[359] [M]: 0x0000000080000588 (0x3BFD0D13) addi s10, s10, 0x3bf
x26 <- 0xEFFF08000040FFBF

mem[X,0x000000008000058C] -> 0x2C1B
mem[X,0x000000008000058E] -> 0xE04D
[360] [M]: 0x000000008000058C (0xE04D2C1B) psextb.h s8, s10
x24 <- 0xFFFF00000040FFBF

mem[X,0x0000000080000590] -> 0xB823
mem[X,0x0000000080000592] -> 0x1983
[361] [M]: 0x0000000080000590 (0x1983B823) sd s8, 0x190(t2)
mem[0x00000000800032A8] <- 0xFFFF00000040FFBF

mem[X,0x0000000080000594] -> 0x0013
mem[X,0x0000000080000596] -> 0x0000
[362] [M]: 0x0000000080000594 (0x00000013) addi zero, zero, 0x0

mem[X,0x0000000080000598] -> 0x0013
mem[X,0x000000008000059A] -> 0x0000
[363] [M]: 0x0000000080000598 (0x00000013) addi zero, zero, 0x0

mem[X,0x000000008000059C] -> 0x0013
mem[X,0x000000008000059E] -> 0x0000
[364] [M]: 0x000000008000059C (0x00000013) addi zero, zero, 0x0

mem[X,0x00000000800005A0] -> 0x3097
mem[X,0x00000000800005A2] -> 0x0000
[365] [M]: 0x00000000800005A0 (0x00003097) auipc ra, 0x3
x1 <- 0x00000000800035A0

mem[X,0x00000000800005A4] -> 0x8093
mem[X,0x00000000800005A6] -> 0xD180
[366] [M]: 0x00000000800005A4 (0xD1808093) addi ra, ra, -0x2e8
x1 <- 0x00000000800032B8

mem[X,0x00000000800005A8] -> 0x0013
mem[X,0x00000000800005AA] -> 0x0000
[367] [M]: 0x00000000800005A8 (0x00000013) addi zero, zero, 0x0

mem[X,0x00000000800005AC] -> 0x0013
mem[X,0x00000000800005AE] -> 0x0000
[368] [M]: 0x00000000800005AC (0x00000013) addi zero, zero, 0x0

mem[X,0x00000000800005B0] -> 0x0013
mem[X,0x00000000800005B2] -> 0x0000
[369] [M]: 0x00000000800005B0 (0x00000013) addi zero, zero, 0x0

mem[X,0x00000000800005B4] -> 0x0013
mem[X,0x00000000800005B6] -> 0x0000
[370] [M]: 0x00000000800005B4 (0x00000013) addi zero, zero, 0x0

mem[X,0x00000000800005B8] -> 0x0013
mem[X,0x00000000800005BA] -> 0x0000
[371] [M]: 0x00000000800005B8 (0x00000013) addi zero, zero, 0x0

mem[X,0x00000000800005BC] -> 0x0013
mem[X,0x00000000800005BE] -> 0x0000
[372] [M]: 0x00000000800005BC (0x00000013) addi zero, zero, 0x0

mem[X,0x00000000800005C0] -> 0x0C37
mem[X,0x00000000800005C2] -> 0xFFF9
[373] [M]: 0x00000000800005C0 (0xFFF90C37) lui s8, -0x70
x24 <- 0xFFFFFFFFFFF90000

mem[X,0x00000000800005C4] -> 0x0C13
mem[X,0x00000000800005C6] -> 0x005C
[374] [M]: 0x00000000800005C4 (0x005C0C13) addi s8, s8, 0x5
x24 <- 0xFFFFFFFFFFF90005

mem[X,0x00000000800005C8] -> 0x1C13
mem[X,0x00000000800005CA] -> 0x00BC
[375] [M]: 0x00000000800005C8 (0x00BC1C13) slli s8, s8, 0xb
x24 <- 0xFFFFFFFFC8002800

mem[X,0x00000000800005CC] -> 0x0C13
mem[X,0x00000000800005CE] -> 0x000C
[376] [M]: 0x00000000800005CC (0x000C0C13) addi s8, s8, 0x0
x24 <- 0xFFFFFFFFC8002800

mem[X,0x00000000800005D0] -> 0x1C13
mem[X,0x00000000800005D2] -> 0x00BC
[377] [M]: 0x00000000800005D0 (0x00BC1C13) slli s8, s8, 0xb
x24 <- 0xFFFFFE4001400000

mem[X,0x00000000800005D4] -> 0x0C13
mem[X,0x00000000800005D6] -> 0x03FC
[378] [M]: 0x00000000800005D4 (0x03FC0C13) addi s8, s8, 0x3f
x24 <- 0xFFFFFE400140003F

mem[X,0x00000000800005D8] -> 0x1C13
mem[X,0x00000000800005DA] -> 0x00AC
[379] [M]: 0x00000000800005D8 (0x00AC1C13) slli s8, s8, 0xa
x24 <- 0xFFF900050000FC00

mem[X,0x00000000800005DC] -> 0x0C13
mem[X,0x00000000800005DE] -> 0x37FC
[380] [M]: 0x00000000800005DC (0x37FC0C13) addi s8, s8, 0x37f
x24 <- 0xFFF900050000FF7F

mem[X,0x00000000800005E0] -> 0x261B
mem[X,0x00000000800005E2] -> 0xE04C
[381] [M]: 0x00000000800005E0 (0xE04C261B) psextb.h a2, s8
x12 <- 0xFFF900050000007F

mem[X,0x00000000800005E4] -> 0xB023
mem[X,0x00000000800005E6] -> 0x00C0
[382] [M]: 0x00000000800005E4 (0x00C0B023) sd a2, 0x0(ra)
mem[0x00000000800032B8] <- 0xFFF900050000007F

mem[X,0x00000000800005E8] -> 0x0937
mem[X,0x00000000800005EA] -> 0x0009
[383] [M]: 0x00000000800005E8 (0x00090937) lui s2, 0x90
x18 <- 0x0000000000090000

mem[X,0x00000000800005EC] -> 0x0913
mem[X,0x00000000800005EE] -> 0xFFA9
[384] [M]: 0x00000000800005EC (0xFFA90913) addi s2, s2, -0x6
x18 <- 0x000000000008FFFA

mem[X,0x00000000800005F0] -> 0x1913
mem[X,0x00000000800005F2] -> 0x00B9
[385] [M]: 0x00000000800005F0 (0x00B91913) slli s2, s2, 0xb
x18 <- 0x0000000047FFD000

mem[X,0x00000000800005F4] -> 0x0913
mem[X,0x00000000800005F6] -> 0x7FF9
[386] [M]: 0x00000000800005F4 (0x7FF90913) addi s2, s2, 0x7ff
x18 <- 0x0000000047FFD7FF

mem[X,0x00000000800005F8] -> 0x1913
mem[X,0x00000000800005FA] -> 0x00B9
[387] [M]: 0x00000000800005F8 (0x00B91913) slli s2, s2, 0xb
x18 <- 0x0000023FFEBFF800

mem[X,0x00000000800005FC] -> 0x0913
mem[X,0x00000000800005FE] -> 0x5BF9
[388] [M]: 0x00000000800005FC (0x5BF90913) addi s2, s2, 0x5bf
x18 <- 0x0000023FFEBFFDBF

mem[X,0x0000000080000600] -> 0x1913
mem[X,0x0000000080000602] -> 0x00A9
[389] [M]: 0x0000000080000600 (0x00A91913) slli s2, s2, 0xa
x18 <- 0x0008FFFAFFF6FC00

mem[X,0x0000000080000604] -> 0x0913
mem[X,0x0000000080000606] -> 0x2FF9
[390] [M]: 0x0000000080000604 (0x2FF90913) addi s2, s2, 0x2ff
x18 <- 0x0008FFFAFFF6FEFF

mem[X,0x0000000080000608] -> 0x239B
mem[X,0x000000008000060A] -> 0xE049
[391] [M]: 0x0000000080000608 (0xE049239B) psextb.h t2, s2
x7 <- 0x0008FFFAFFF6FFFF

mem[X,0x000000008000060C] -> 0xB823
mem[X,0x000000008000060E] -> 0x0070
[392] [M]: 0x000000008000060C (0x0070B823) sd t2, 0x10(ra)
mem[0x00000000800032C8] <- 0x0008FFFAFFF6FFFF

mem[X,0x0000000080000610] -> 0xCB37
mem[X,0x0000000080000612] -> 0xFFF9
[393] [M]: 0x0000000080000610 (0xFFF9CB37) lui s6, -0x64
x22 <- 0xFFFFFFFFFFF9C000

mem[X,0x0000000080000614] -> 0x0B13
mem[X,0x0000000080000616] -> 0xFFFB
[394] [M]: 0x0000000080000614 (0xFFFB0B13) addi s6, s6, -0x1
x22 <- 0xFFFFFFFFFFF9BFFF

mem[X,0x0000000080000618] -> 0x1B13
mem[X,0x000000008000061A] -> 0x00BB
[395] [M]: 0x0000000080000618 (0x00BB1B13) slli s6, s6, 0xb
x22 <- 0xFFFFFFFFCDFFF800

mem[X,0x000000008000061C] -> 0x0B13
mem[X,0x000000008000061E] -> 0x400B
[396] [M]: 0x000000008000061C (0x400B0B13) addi s6, s6, 0x400
x22 <- 0xFFFFFFFFCDFFFC00

mem[X,0x0000000080000620] -> 0x1B13
mem[X,0x0000000080000622] -> 0x00BB
[397] [M]: 0x0000000080000620 (0x00BB1B13) slli s6, s6, 0xb
x22 <- 0xFFFFFE6FFFE00000

mem[X,0x0000000080000624] -> 0x0B13
mem[X,0x0000000080000626] -> 0x03FB
[398] [M]: 0x0000000080000624 (0x03FB0B13) addi s6, s6, 0x3f
x22 <- 0xFFFFFE6FFFE0003F

mem[X,0x0000000080000628] -> 0x1B13
mem[X,0x000000008000062A] -> 0x00AB
[399] [M]: 0x0000000080000628 (0x00AB1B13) slli s6, s6, 0xa
x22 <- 0xFFF9BFFF8000FC00

clint::tick mtime <- 0x0000000000000004
 clint timer pending at mtime 0x0000000000000004
htif::tick 0x0000000000000000
mem[X,0x000000008000062C] -> 0x0B13
mem[X,0x000000008000062E] -> 0x1FFB
[400] [M]: 0x000000008000062C (0x1FFB0B13) addi s6, s6, 0x1ff
x22 <- 0xFFF9BFFF8000FDFF

mem[X,0x0000000080000630] -> 0x2D1B
mem[X,0x0000000080000632] -> 0xE04B
[401] [M]: 0x0000000080000630 (0xE04B2D1B) psextb.h s10, s6
x26 <- 0xFFF9FFFF0000FFFF

mem[X,0x0000000080000634] -> 0xB023
mem[X,0x0000000080000636] -> 0x03A0
[402] [M]: 0x0000000080000634 (0x03A0B023) sd s10, 0x20(ra)
mem[0x00000000800032D8] <- 0xFFF9FFFF0000FFFF

mem[X,0x0000000080000638] -> 0x0637
mem[X,0x000000008000063A] -> 0x0081
[403] [M]: 0x0000000080000638 (0x00810637) lui a2, 0x810
x12 <- 0x0000000000810000

mem[X,0x000000008000063C] -> 0x0613
mem[X,0x000000008000063E] -> 0xFF66
[404] [M]: 0x000000008000063C (0xFF660613) addi a2, a2, -0xa
x12 <- 0x000000000080FFF6

mem[X,0x0000000080000640] -> 0x1613
mem[X,0x0000000080000642] -> 0x00B6
[405] [M]: 0x0000000080000640 (0x00B61613) slli a2, a2, 0xb
x12 <- 0x0000000407FFB000

mem[X,0x0000000080000644] -> 0x0613
mem[X,0x0000000080000646] -> 0x0006
[406] [M]: 0x0000000080000644 (0x00060613) addi a2, a2, 0x0
x12 <- 0x0000000407FFB000

mem[X,0x0000000080000648] -> 0x1613
mem[X,0x000000008000064A] -> 0x00B6
[407] [M]: 0x0000000080000648 (0x00B61613) slli a2, a2, 0xb
x12 <- 0x0000203FFD800000

mem[X,0x000000008000064C] -> 0x0613
mem[X,0x000000008000064E] -> 0x07E6
[408] [M]: 0x000000008000064C (0x07E60613) addi a2, a2, 0x7e
x12 <- 0x0000203FFD80007E

mem[X,0x0000000080000650] -> 0x1613
mem[X,0x0000000080000652] -> 0x00A6
[409] [M]: 0x0000000080000650 (0x00A61613) slli a2, a2, 0xa
x12 <- 0x0080FFF60001F800

mem[X,0x0000000080000654] -> 0x0613
mem[X,0x0000000080000656] -> 0x3FF6
[410] [M]: 0x0000000080000654 (0x3FF60613) addi a2, a2, 0x3ff
x12 <- 0x0080FFF60001FBFF

mem[X,0x0000000080000658] -> 0x291B
mem[X,0x000000008000065A] -> 0xE046
[411] [M]: 0x0000000080000658 (0xE046291B) psextb.h s2, a2
x18 <- 0xFF80FFF60001FFFF

mem[X,0x000000008000065C] -> 0xB823
mem[X,0x000000008000065E] -> 0x0320
[412] [M]: 0x000000008000065C (0x0320B823) sd s2, 0x30(ra)
mem[0x00000000800032E8] <- 0xFF80FFF60001FFFF

mem[X,0x0000000080000660] -> 0x03B7
mem[X,0x0000000080000662] -> 0xFFF9
[413] [M]: 0x0000000080000660 (0xFFF903B7) lui t2, -0x70
x7 <- 0xFFFFFFFFFFF90000

mem[X,0x0000000080000664] -> 0x8393
mem[X,0x0000000080000666] -> 0x0103
[414] [M]: 0x0000000080000664 (0x01038393) addi t2, t2, 0x10
x7 <- 0xFFFFFFFFFFF90010

mem[X,0x0000000080000668] -> 0x9393
mem[X,0x000000008000066A] -> 0x00B3
[415] [M]: 0x0000000080000668 (0x00B39393) slli t2, t2, 0xb
x7 <- 0xFFFFFFFFC8008000

mem[X,0x000000008000066C] -> 0x8393
mem[X,0x000000008000066E] -> 0x7FE3
[416] [M]: 0x000000008000066C (0x7FE38393) addi t2, t2, 0x7fe
x7 <- 0xFFFFFFFFC80087FE

mem[X,0x0000000080000670] -> 0x9393
mem[X,0x0000000080000672] -> 0x00B3
[417] [M]: 0x0000000080000670 (0x00B39393) slli t2, t2, 0xb
x7 <- 0xFFFFFE40043FF000

mem[X,0x0000000080000674] -> 0x8393
mem[X,0x0000000080000676] -> 0x7FD3
[418] [M]: 0x0000000080000674 (0x7FD38393) addi t2, t2, 0x7fd
x7 <- 0xFFFFFE40043FF7FD

mem[X,0x0000000080000678] -> 0x9393
mem[X,0x000000008000067A] -> 0x00A3
[419] [M]: 0x0000000080000678 (0x00A39393) slli t2, t2, 0xa
x7 <- 0xFFF90010FFDFF400

mem[X,0x000000008000067C] -> 0x8393
mem[X,0x000000008000067E] -> 0x3FF3
[420] [M]: 0x000000008000067C (0x3FF38393) addi t2, t2, 0x3ff
x7 <- 0xFFF90010FFDFF7FF

mem[X,0x0000000080000680] -> 0xA59B
mem[X,0x0000000080000682] -> 0xE043
[421] [M]: 0x0000000080000680 (0xE043A59B) psextb.h a1, t2
x11 <- 0xFFF90010FFDFFFFF

mem[X,0x0000000080000684] -> 0xB023
mem[X,0x0000000080000686] -> 0x04B0
[422] [M]: 0x0000000080000684 (0x04B0B023) sd a1, 0x40(ra)
mem[0x00000000800032F8] <- 0xFFF90010FFDFFFFF

mem[X,0x0000000080000688] -> 0x4AB7
mem[X,0x000000008000068A] -> 0xFFFD
[423] [M]: 0x0000000080000688 (0xFFFD4AB7) lui s5, -0x2c
x21 <- 0xFFFFFFFFFFFD4000

mem[X,0x000000008000068C] -> 0x8A93
mem[X,0x000000008000068E] -> 0x000A
[424] [M]: 0x000000008000068C (0x000A8A93) addi s5, s5, 0x0
x21 <- 0xFFFFFFFFFFFD4000

mem[X,0x0000000080000690] -> 0x9A93
mem[X,0x0000000080000692] -> 0x00BA
[425] [M]: 0x0000000080000690 (0x00BA9A93) slli s5, s5, 0xb
x21 <- 0xFFFFFFFFEA000000

mem[X,0x0000000080000694] -> 0x8A93
mem[X,0x0000000080000696] -> 0x7EFA
[426] [M]: 0x0000000080000694 (0x7EFA8A93) addi s5, s5, 0x7ef
x21 <- 0xFFFFFFFFEA0007EF

mem[X,0x0000000080000698] -> 0x9A93
mem[X,0x000000008000069A] -> 0x00BA
[427] [M]: 0x0000000080000698 (0x00BA9A93) slli s5, s5, 0xb
x21 <- 0xFFFFFF50003F7800

mem[X,0x000000008000069C] -> 0x8A93
mem[X,0x000000008000069E] -> 0x7C0A
[428] [M]: 0x000000008000069C (0x7C0A8A93) addi s5, s5, 0x7c0
x21 <- 0xFFFFFF50003F7FC0

mem[X,0x00000000800006A0] -> 0x9A93
mem[X,0x00000000800006A2] -> 0x00AA
[429] [M]: 0x00000000800006A0 (0x00AA9A93) slli s5, s5, 0xa
x21 <- 0xFFFD4000FDFF0000

mem[X,0x00000000800006A4] -> 0x8A93
mem[X,0x00000000800006A6] -> 0x200A
[430] [M]: 0x00000000800006A4 (0x200A8A93) addi s5, s5, 0x200
x21 <- 0xFFFD4000FDFF0200

mem[X,0x00000000800006A8] -> 0xA31B
mem[X,0x00000000800006AA] -> 0xE04A
[431] [M]: 0x00000000800006A8 (0xE04AA31B) psextb.h t1, s5
x6 <- 0xFFFD0000FFFF0000

mem[X,0x00000000800006AC] -> 0xB823
mem[X,0x00000000800006AE] -> 0x0460
[432] [M]: 0x00000000800006AC (0x0460B823) sd t1, 0x50(ra)
mem[0x0000000080003308] <- 0xFFFD0000FFFF0000

mem[X,0x00000000800006B0] -> 0x0F37
mem[X,0x00000000800006B2] -> 0xFFF7
[433] [M]: 0x00000000800006B0 (0xFFF70F37) lui t5, -0x90
x30 <- 0xFFFFFFFFFFF70000

mem[X,0x00000000800006B4] -> 0x0F13
mem[X,0x00000000800006B6] -> 0x001F
[434] [M]: 0x00000000800006B4 (0x001F0F13) addi t5, t5, 0x1
x30 <- 0xFFFFFFFFFFF70001

mem[X,0x00000000800006B8] -> 0x1F13
mem[X,0x00000000800006BA] -> 0x00BF
[435] [M]: 0x00000000800006B8 (0x00BF1F13) slli t5, t5, 0xb
x30 <- 0xFFFFFFFFB8000800

mem[X,0x00000000800006BC] -> 0x0F13
mem[X,0x00000000800006BE] -> 0x080F
[436] [M]: 0x00000000800006BC (0x080F0F13) addi t5, t5, 0x80
x30 <- 0xFFFFFFFFB8000880

mem[X,0x00000000800006C0] -> 0x1F13
mem[X,0x00000000800006C2] -> 0x00BF
[437] [M]: 0x00000000800006C0 (0x00BF1F13) slli t5, t5, 0xb
x30 <- 0xFFFFFDC000440000

mem[X,0x00000000800006C4] -> 0x0F13
mem[X,0x00000000800006C6] -> 0x03FF
[438] [M]: 0x00000000800006C4 (0x03FF0F13) addi t5, t5, 0x3f
x30 <- 0xFFFFFDC00044003F

mem[X,0x00000000800006C8] -> 0x1F13
mem[X,0x00000000800006CA] -> 0x00AF
[439] [M]: 0x00000000800006C8 (0x00AF1F13) slli t5, t5, 0xa
x30 <- 0xFFF700011000FC00

mem[X,0x00000000800006CC] -> 0x0F13
mem[X,0x00000000800006CE] -> 0x3EFF
[440] [M]: 0x00000000800006CC (0x3EFF0F13) addi t5, t5, 0x3ef
x30 <- 0xFFF700011000FFEF

mem[X,0x00000000800006D0] -> 0x2F9B
mem[X,0x00000000800006D2] -> 0xE04F
[441] [M]: 0x00000000800006D0 (0xE04F2F9B) psextb.h t6, t5
x31 <- 0xFFF700010000FFEF

mem[X,0x00000000800006D4] -> 0xB023
mem[X,0x00000000800006D6] -> 0x07F0
[442] [M]: 0x00000000800006D4 (0x07F0B023) sd t6, 0x60(ra)
mem[0x0000000080003318] <- 0xFFF700010000FFEF

mem[X,0x00000000800006D8] -> 0x0F37
mem[X,0x00000000800006DA] -> 0xFFEF
[443] [M]: 0x00000000800006D8 (0xFFEF0F37) lui t5, -0x110
x30 <- 0xFFFFFFFFFFEF0000

mem[X,0x00000000800006DC] -> 0x0F13
mem[X,0x00000000800006DE] -> 0x200F
[444] [M]: 0x00000000800006DC (0x200F0F13) addi t5, t5, 0x200
x30 <- 0xFFFFFFFFFFEF0200

mem[X,0x00000000800006E0] -> 0x1F13
mem[X,0x00000000800006E2] -> 0x00BF
[445] [M]: 0x00000000800006E0 (0x00BF1F13) slli t5, t5, 0xb
x30 <- 0xFFFFFFFF78100000

mem[X,0x00000000800006E4] -> 0x0F13
mem[X,0x00000000800006E6] -> 0x080F
[446] [M]: 0x00000000800006E4 (0x080F0F13) addi t5, t5, 0x80
x30 <- 0xFFFFFFFF78100080

mem[X,0x00000000800006E8] -> 0x1F13
mem[X,0x00000000800006EA] -> 0x00BF
[447] [M]: 0x00000000800006E8 (0x00BF1F13) slli t5, t5, 0xb
x30 <- 0xFFFFFBC080040000

mem[X,0x00000000800006EC] -> 0x0F13
mem[X,0x00000000800006EE] -> 0x02AF
[448] [M]: 0x00000000800006EC (0x02AF0F13) addi t5, t5, 0x2a
x30 <- 0xFFFFFBC08004002A

mem[X,0x00000000800006F0] -> 0x1F13
mem[X,0x00000000800006F2] -> 0x00AF
[449] [M]: 0x00000000800006F0 (0x00AF1F13) slli t5, t5, 0xa
x30 <- 0xFFEF02001000A800

mem[X,0x00000000800006F4] -> 0x0F13
mem[X,0x00000000800006F6] -> 0x2AAF
[450] [M]: 0x00000000800006F4 (0x2AAF0F13) addi t5, t5, 0x2aa
x30 <- 0xFFEF02001000AAAA

mem[X,0x00000000800006F8] -> 0x2F9B
mem[X,0x00000000800006FA] -> 0xE04F
[451] [M]: 0x00000000800006F8 (0xE04F2F9B) psextb.h t6, t5
x31 <- 0xFFEF00000000FFAA

mem[X,0x00000000800006FC] -> 0xB823
mem[X,0x00000000800006FE] -> 0x07F0
[452] [M]: 0x00000000800006FC (0x07F0B823) sd t6, 0x70(ra)
mem[0x0000000080003328] <- 0xFFEF00000000FFAA

mem[X,0x0000000080000700] -> 0x0F37
mem[X,0x0000000080000702] -> 0xFFC0
[453] [M]: 0x0000000080000700 (0xFFC00F37) lui t5, -0x400
x30 <- 0xFFFFFFFFFFC00000

mem[X,0x0000000080000704] -> 0x0F13
mem[X,0x0000000080000706] -> 0xFFDF
[454] [M]: 0x0000000080000704 (0xFFDF0F13) addi t5, t5, -0x3
x30 <- 0xFFFFFFFFFFBFFFFD

mem[X,0x0000000080000708] -> 0x1F13
mem[X,0x000000008000070A] -> 0x00BF
[455] [M]: 0x0000000080000708 (0x00BF1F13) slli t5, t5, 0xb
x30 <- 0xFFFFFFFDFFFFE800

mem[X,0x000000008000070C] -> 0x0F13
mem[X,0x000000008000070E] -> 0x008F
[456] [M]: 0x000000008000070C (0x008F0F13) addi t5, t5, 0x8
x30 <- 0xFFFFFFFDFFFFE808

mem[X,0x0000000080000710] -> 0x1F13
mem[X,0x0000000080000712] -> 0x00BF
[457] [M]: 0x0000000080000710 (0x00BF1F13) slli t5, t5, 0xb
x30 <- 0xFFFFEFFFFF404000

mem[X,0x0000000080000714] -> 0x0F13
mem[X,0x0000000080000716] -> 0x03FF
[458] [M]: 0x0000000080000714 (0x03FF0F13) addi t5, t5, 0x3f
x30 <- 0xFFFFEFFFFF40403F

mem[X,0x0000000080000718] -> 0x1F13
mem[X,0x000000008000071A] -> 0x00AF
[459] [M]: 0x0000000080000718 (0x00AF1F13) slli t5, t5, 0xa
x30 <- 0xFFBFFFFD0100FC00

mem[X,0x000000008000071C] -> 0x0F13
mem[X,0x000000008000071E] -> 0x3BFF
[460] [M]: 0x000000008000071C (0x3BFF0F13) addi t5, t5, 0x3bf
x30 <- 0xFFBFFFFD0100FFBF

mem[X,0x0000000080000720] -> 0x2F9B
mem[X,0x0000000080000722] -> 0xE04F
[461] [M]: 0x0000000080000720 (0xE04F2F9B) psextb.h t6, t5
x31 <- 0xFFBFFFFD0000FFBF

mem[X,0x0000000080000724] -> 0xB023
mem[X,0x0000000080000726] -> 0x09F0
[462] [M]: 0x0000000080000724 (0x09F0B023) sd t6, 0x80(ra)
mem[0x0000000080003338] <- 0xFFBFFFFD0000FFBF

mem[X,0x0000000080000728] -> 0x0F37
mem[X,0x000000008000072A] -> 0xFF7F
[463] [M]: 0x0000000080000728 (0xFF7F0F37) lui t5, -0x810
x30 <- 0xFFFFFFFFFF7F0000

mem[X,0x000000008000072C] -> 0x0F13
mem[X,0x000000008000072E] -> 0x200F
[464] [M]: 0x000000008000072C (0x200F0F13) addi t5, t5, 0x200
x30 <- 0xFFFFFFFFFF7F0200

mem[X,0x0000000080000730] -> 0x1F13
mem[X,0x0000000080000732] -> 0x00BF
[465] [M]: 0x0000000080000730 (0x00BF1F13) slli t5, t5, 0xb
x30 <- 0xFFFFFFFBF8100000

mem[X,0x0000000080000734] -> 0x0F13
mem[X,0x0000000080000736] -> 0x000F
[466] [M]: 0x0000000080000734 (0x000F0F13) addi t5, t5, 0x0
x30 <- 0xFFFFFFFBF8100000

mem[X,0x0000000080000738] -> 0x1F13
mem[X,0x000000008000073A] -> 0x00BF
[467] [M]: 0x0000000080000738 (0x00BF1F13) slli t5, t5, 0xb
x30 <- 0xFFFFDFC080000000

mem[X,0x000000008000073C] -> 0x0F13
mem[X,0x000000008000073E] -> 0x080F
[468] [M]: 0x000000008000073C (0x080F0F13) addi t5, t5, 0x80
x30 <- 0xFFFFDFC080000080

mem[X,0x0000000080000740] -> 0x1F13
mem[X,0x0000000080000742] -> 0x00AF
[469] [M]: 0x0000000080000740 (0x00AF1F13) slli t5, t5, 0xa
x30 <- 0xFF7F020000020000

mem[X,0x0000000080000744] -> 0x0F13
mem[X,0x0000000080000746] -> 0x009F
[470] [M]: 0x0000000080000744 (0x009F0F13) addi t5, t5, 0x9
x30 <- 0xFF7F020000020009

mem[X,0x0000000080000748] -> 0x2F9B
mem[X,0x000000008000074A] -> 0xE04F
[471] [M]: 0x0000000080000748 (0xE04F2F9B) psextb.h t6, t5
x31 <- 0x007F000000020009

mem[X,0x000000008000074C] -> 0xB823
mem[X,0x000000008000074E] -> 0x09F0
[472] [M]: 0x000000008000074C (0x09F0B823) sd t6, 0x90(ra)
mem[0x0000000080003348] <- 0x007F000000020009

mem[X,0x0000000080000750] -> 0x0F37
mem[X,0x0000000080000752] -> 0xFF00
[473] [M]: 0x0000000080000750 (0xFF000F37) lui t5, -0x1000
x30 <- 0xFFFFFFFFFF000000

mem[X,0x0000000080000754] -> 0x0F13
mem[X,0x0000000080000756] -> 0xFFEF
[474] [M]: 0x0000000080000754 (0xFFEF0F13) addi t5, t5, -0x2
x30 <- 0xFFFFFFFFFEFFFFFE

mem[X,0x0000000080000758] -> 0x1F13
mem[X,0x000000008000075A] -> 0x00BF
[475] [M]: 0x0000000080000758 (0x00BF1F13) slli t5, t5, 0xb
x30 <- 0xFFFFFFF7FFFFF000

mem[X,0x000000008000075C] -> 0x0F13
mem[X,0x000000008000075E] -> 0x000F
[476] [M]: 0x000000008000075C (0x000F0F13) addi t5, t5, 0x0
x30 <- 0xFFFFFFF7FFFFF000

mem[X,0x0000000080000760] -> 0x1F13
mem[X,0x0000000080000762] -> 0x00BF
[477] [M]: 0x0000000080000760 (0x00BF1F13) slli t5, t5, 0xb
x30 <- 0xFFFFBFFFFF800000

mem[X,0x0000000080000764] -> 0x0F13
mem[X,0x0000000080000766] -> 0x13FF
[478] [M]: 0x0000000080000764 (0x13FF0F13) addi t5, t5, 0x13f
x30 <- 0xFFFFBFFFFF80013F

mem[X,0x0000000080000768] -> 0x1F13
mem[X,0x000000008000076A] -> 0x00AF
[479] [M]: 0x0000000080000768 (0x00AF1F13) slli t5, t5, 0xa
x30 <- 0xFEFFFFFE0004FC00

mem[X,0x000000008000076C] -> 0x0F13
mem[X,0x000000008000076E] -> 0x3FBF
[480] [M]: 0x000000008000076C (0x3FBF0F13) addi t5, t5, 0x3fb
x30 <- 0xFEFFFFFE0004FFFB

mem[X,0x0000000080000770] -> 0x2F9B
mem[X,0x0000000080000772] -> 0xE04F
[481] [M]: 0x0000000080000770 (0xE04F2F9B) psextb.h t6, t5
x31 <- 0xFFFFFFFE0004FFFB

mem[X,0x0000000080000774] -> 0xB023
mem[X,0x0000000080000776] -> 0x0BF0
[482] [M]: 0x0000000080000774 (0x0BF0B023) sd t6, 0xa0(ra)
mem[0x0000000080003358] <- 0xFFFFFFFE0004FFFB

mem[X,0x0000000080000778] -> 0x0F37
mem[X,0x000000008000077A] -> 0xFBFF
[483] [M]: 0x0000000080000778 (0xFBFF0F37) lui t5, -0x4010
x30 <- 0xFFFFFFFFFBFF0000

mem[X,0x000000008000077C] -> 0x0F13
mem[X,0x000000008000077E] -> 0x004F
[484] [M]: 0x000000008000077C (0x004F0F13) addi t5, t5, 0x4
x30 <- 0xFFFFFFFFFBFF0004

mem[X,0x0000000080000780] -> 0x1F13
mem[X,0x0000000080000782] -> 0x00BF
[485] [M]: 0x0000000080000780 (0x00BF1F13) slli t5, t5, 0xb
x30 <- 0xFFFFFFDFF8002000

mem[X,0x0000000080000784] -> 0x0F13
mem[X,0x0000000080000786] -> 0x000F
[486] [M]: 0x0000000080000784 (0x000F0F13) addi t5, t5, 0x0
x30 <- 0xFFFFFFDFF8002000

mem[X,0x0000000080000788] -> 0x1F13
mem[X,0x000000008000078A] -> 0x00BF
[487] [M]: 0x0000000080000788 (0x00BF1F13) slli t5, t5, 0xb
x30 <- 0xFFFEFFC001000000

mem[X,0x000000008000078C] -> 0x0F13
mem[X,0x000000008000078E] -> 0x0BFF
[488] [M]: 0x000000008000078C (0x0BFF0F13) addi t5, t5, 0xbf
x30 <- 0xFFFEFFC0010000BF

mem[X,0x0000000080000790] -> 0x1F13
mem[X,0x0000000080000792] -> 0x00AF
[489] [M]: 0x0000000080000790 (0x00AF1F13) slli t5, t5, 0xa
x30 <- 0xFBFF00040002FC00

mem[X,0x0000000080000794] -> 0x0F13
mem[X,0x0000000080000796] -> 0x3FAF
[490] [M]: 0x0000000080000794 (0x3FAF0F13) addi t5, t5, 0x3fa
x30 <- 0xFBFF00040002FFFA

mem[X,0x0000000080000798] -> 0x2F9B
mem[X,0x000000008000079A] -> 0xE04F
[491] [M]: 0x0000000080000798 (0xE04F2F9B) psextb.h t6, t5
x31 <- 0xFFFF00040002FFFA

mem[X,0x000000008000079C] -> 0xB823
mem[X,0x000000008000079E] -> 0x0BF0
[492] [M]: 0x000000008000079C (0x0BF0B823) sd t6, 0xb0(ra)
mem[0x0000000080003368] <- 0xFFFF00040002FFFA

mem[X,0x00000000800007A0] -> 0x0F37
mem[X,0x00000000800007A2] -> 0xDFFF
[493] [M]: 0x00000000800007A0 (0xDFFF0F37) lui t5, -0x20010
x30 <- 0xFFFFFFFFDFFF0000

mem[X,0x00000000800007A4] -> 0x0F13
mem[X,0x00000000800007A6] -> 0x008F
[494] [M]: 0x00000000800007A4 (0x008F0F13) addi t5, t5, 0x8
x30 <- 0xFFFFFFFFDFFF0008

mem[X,0x00000000800007A8] -> 0x1F13
mem[X,0x00000000800007AA] -> 0x00BF
[495] [M]: 0x00000000800007A8 (0x00BF1F13) slli t5, t5, 0xb
x30 <- 0xFFFFFEFFF8004000

mem[X,0x00000000800007AC] -> 0x0F13
mem[X,0x00000000800007AE] -> 0x000F
[496] [M]: 0x00000000800007AC (0x000F0F13) addi t5, t5, 0x0
x30 <- 0xFFFFFEFFF8004000

mem[X,0x00000000800007B0] -> 0x1F13
mem[X,0x00000000800007B2] -> 0x00BF
[497] [M]: 0x00000000800007B0 (0x00BF1F13) slli t5, t5, 0xb
x30 <- 0xFFF7FFC002000000

mem[X,0x00000000800007B4] -> 0x0F13
mem[X,0x00000000800007B6] -> 0x02FF
[498] [M]: 0x00000000800007B4 (0x02FF0F13) addi t5, t5, 0x2f
x30 <- 0xFFF7FFC00200002F

mem[X,0x00000000800007B8] -> 0x1F13
mem[X,0x00000000800007BA] -> 0x00AF
[499] [M]: 0x00000000800007B8 (0x00AF1F13) slli t5, t5, 0xa
x30 <- 0xDFFF00080000BC00

clint::tick mtime <- 0x0000000000000005
 clint timer pending at mtime 0x0000000000000005
htif::tick 0x0000000000000000
mem[X,0x00000000800007BC] -> 0x0F13
mem[X,0x00000000800007BE] -> 0x3FFF
[500] [M]: 0x00000000800007BC (0x3FFF0F13) addi t5, t5, 0x3ff
x30 <- 0xDFFF00080000BFFF

mem[X,0x00000000800007C0] -> 0x2F9B
mem[X,0x00000000800007C2] -> 0xE04F
[501] [M]: 0x00000000800007C0 (0xE04F2F9B) psextb.h t6, t5
x31 <- 0xFFFF00080000FFFF

mem[X,0x00000000800007C4] -> 0xB023
mem[X,0x00000000800007C6] -> 0x0DF0
[502] [M]: 0x00000000800007C4 (0x0DF0B023) sd t6, 0xc0(ra)
mem[0x0000000080003378] <- 0xFFFF00080000FFFF

mem[X,0x00000000800007C8] -> 0x1F37
mem[X,0x00000000800007CA] -> 0x5555
[503] [M]: 0x00000000800007C8 (0x55551F37) lui t5, 0x55551
x30 <- 0x0000000055551000

mem[X,0x00000000800007CC] -> 0x0F13
mem[X,0x00000000800007CE] -> 0x000F
[504] [M]: 0x00000000800007CC (0x000F0F13) addi t5, t5, 0x0
x30 <- 0x0000000055551000

mem[X,0x00000000800007D0] -> 0x1F13
mem[X,0x00000000800007D2] -> 0x00BF
[505] [M]: 0x00000000800007D0 (0x00BF1F13) slli t5, t5, 0xb
x30 <- 0x000002AAA8800000

mem[X,0x00000000800007D4] -> 0x0F13
mem[X,0x00000000800007D6] -> 0x010F
[506] [M]: 0x00000000800007D4 (0x010F0F13) addi t5, t5, 0x10
x30 <- 0x000002AAA8800010

mem[X,0x00000000800007D8] -> 0x1F13
mem[X,0x00000000800007DA] -> 0x00BF
[507] [M]: 0x00000000800007D8 (0x00BF1F13) slli t5, t5, 0xb
x30 <- 0x0015554400008000

mem[X,0x00000000800007DC] -> 0x0F13
mem[X,0x00000000800007DE] -> 0x037F
[508] [M]: 0x00000000800007DC (0x037F0F13) addi t5, t5, 0x37
x30 <- 0x0015554400008037

mem[X,0x00000000800007E0] -> 0x1F13
mem[X,0x00000000800007E2] -> 0x00AF
[509] [M]: 0x00000000800007E0 (0x00AF1F13) slli t5, t5, 0xa
x30 <- 0x555510000200DC00

mem[X,0x00000000800007E4] -> 0x0F13
mem[X,0x00000000800007E6] -> 0x3FFF
[510] [M]: 0x00000000800007E4 (0x3FFF0F13) addi t5, t5, 0x3ff
x30 <- 0x555510000200DFFF

mem[X,0x00000000800007E8] -> 0x2F9B
mem[X,0x00000000800007EA] -> 0xE04F
[511] [M]: 0x00000000800007E8 (0xE04F2F9B) psextb.h t6, t5
x31 <- 0x005500000000FFFF

mem[X,0x00000000800007EC] -> 0xB823
mem[X,0x00000000800007EE] -> 0x0DF0
[512] [M]: 0x00000000800007EC (0x0DF0B823) sd t6, 0xd0(ra)
mem[0x0000000080003388] <- 0x005500000000FFFF

mem[X,0x00000000800007F0] -> 0x0F37
mem[X,0x00000000800007F2] -> 0xAAAB
[513] [M]: 0x00000000800007F0 (0xAAAB0F37) lui t5, -0x55550
x30 <- 0xFFFFFFFFAAAB0000

mem[X,0x00000000800007F4] -> 0x0F13
mem[X,0x00000000800007F6] -> 0xF7FF
[514] [M]: 0x00000000800007F4 (0xF7FF0F13) addi t5, t5, -0x81
x30 <- 0xFFFFFFFFAAAAFF7F

mem[X,0x00000000800007F8] -> 0x1F13
mem[X,0x00000000800007FA] -> 0x00BF
[515] [M]: 0x00000000800007F8 (0x00BF1F13) slli t5, t5, 0xb
x30 <- 0xFFFFFD5557FBF800

mem[X,0x00000000800007FC] -> 0x0F13
mem[X,0x00000000800007FE] -> 0x7FFF
[516] [M]: 0x00000000800007FC (0x7FFF0F13) addi t5, t5, 0x7ff
x30 <- 0xFFFFFD5557FBFFFF

mem[X,0x0000000080000800] -> 0x1F13
mem[X,0x0000000080000802] -> 0x00BF
[517] [M]: 0x0000000080000800 (0x00BF1F13) slli t5, t5, 0xb
x30 <- 0xFFEAAABFDFFFF800

mem[X,0x0000000080000804] -> 0x0F13
mem[X,0x0000000080000806] -> 0x5C0F
[518] [M]: 0x0000000080000804 (0x5C0F0F13) addi t5, t5, 0x5c0
x30 <- 0xFFEAAABFDFFFFDC0

mem[X,0x0000000080000808] -> 0x1F13
mem[X,0x000000008000080A] -> 0x00AF
[519] [M]: 0x0000000080000808 (0x00AF1F13) slli t5, t5, 0xa
x30 <- 0xAAAAFF7FFFF70000

mem[X,0x000000008000080C] -> 0x0F13
mem[X,0x000000008000080E] -> 0x010F
[520] [M]: 0x000000008000080C (0x010F0F13) addi t5, t5, 0x10
x30 <- 0xAAAAFF7FFFF70010

mem[X,0x0000000080000810] -> 0x2F9B
mem[X,0x0000000080000812] -> 0xE04F
[521] [M]: 0x0000000080000810 (0xE04F2F9B) psextb.h t6, t5
x31 <- 0xFFAA007FFFF70010

mem[X,0x0000000080000814] -> 0xB023
mem[X,0x0000000080000816] -> 0x0FF0
[522] [M]: 0x0000000080000814 (0x0FF0B023) sd t6, 0xe0(ra)
mem[0x0000000080003398] <- 0xFFAA007FFFF70010

mem[X,0x0000000080000818] -> 0x1F37
mem[X,0x000000008000081A] -> 0x0002
[523] [M]: 0x0000000080000818 (0x00021F37) lui t5, 0x21
x30 <- 0x0000000000021000

mem[X,0x000000008000081C] -> 0x0F13
mem[X,0x000000008000081E] -> 0x800F
[524] [M]: 0x000000008000081C (0x800F0F13) addi t5, t5, -0x800
x30 <- 0x0000000000020800

mem[X,0x0000000080000820] -> 0x1F13
mem[X,0x0000000080000822] -> 0x00BF
[525] [M]: 0x0000000080000820 (0x00BF1F13) slli t5, t5, 0xb
x30 <- 0x0000000010400000

mem[X,0x0000000080000824] -> 0x0F13
mem[X,0x0000000080000826] -> 0x000F
[526] [M]: 0x0000000080000824 (0x000F0F13) addi t5, t5, 0x0
x30 <- 0x0000000010400000

mem[X,0x0000000080000828] -> 0x1F13
mem[X,0x000000008000082A] -> 0x00BF
[527] [M]: 0x0000000080000828 (0x00BF1F13) slli t5, t5, 0xb
x30 <- 0x0000008200000000

mem[X,0x000000008000082C] -> 0x0F13
mem[X,0x000000008000082E] -> 0x1FBF
[528] [M]: 0x000000008000082C (0x1FBF0F13) addi t5, t5, 0x1fb
x30 <- 0x00000082000001FB

mem[X,0x0000000080000830] -> 0x1F13
mem[X,0x0000000080000832] -> 0x00AF
[529] [M]: 0x0000000080000830 (0x00AF1F13) slli t5, t5, 0xa
x30 <- 0x000208000007EC00

mem[X,0x0000000080000834] -> 0x0F13
mem[X,0x0000000080000836] -> 0x3FFF
[530] [M]: 0x0000000080000834 (0x3FFF0F13) addi t5, t5, 0x3ff
x30 <- 0x000208000007EFFF

mem[X,0x0000000080000838] -> 0x2F9B
mem[X,0x000000008000083A] -> 0xE04F
[531] [M]: 0x0000000080000838 (0xE04F2F9B) psextb.h t6, t5
x31 <- 0x000200000007FFFF

mem[X,0x000000008000083C] -> 0xB823
mem[X,0x000000008000083E] -> 0x0FF0
[532] [M]: 0x000000008000083C (0x0FF0B823) sd t6, 0xf0(ra)
mem[0x00000000800033A8] <- 0x000200000007FFFF

mem[X,0x0000000080000840] -> 0xFF37
mem[X,0x0000000080000842] -> 0xFBFF
[533] [M]: 0x0000000080000840 (0xFBFFFF37) lui t5, -0x4001
x30 <- 0xFFFFFFFFFBFFF000

mem[X,0x0000000080000844] -> 0x0F13
mem[X,0x0000000080000846] -> 0xFFFF
[534] [M]: 0x0000000080000844 (0xFFFF0F13) addi t5, t5, -0x1
x30 <- 0xFFFFFFFFFBFFEFFF

mem[X,0x0000000080000848] -> 0x1F13
mem[X,0x000000008000084A] -> 0x00BF
[535] [M]: 0x0000000080000848 (0x00BF1F13) slli t5, t5, 0xb
x30 <- 0xFFFFFFDFFF7FF800

mem[X,0x000000008000084C] -> 0x0F13
mem[X,0x000000008000084E] -> 0x2AAF
[536] [M]: 0x000000008000084C (0x2AAF0F13) addi t5, t5, 0x2aa
x30 <- 0xFFFFFFDFFF7FFAAA

mem[X,0x0000000080000850] -> 0x1F13
mem[X,0x0000000080000852] -> 0x00BF
[537] [M]: 0x0000000080000850 (0x00BF1F13) slli t5, t5, 0xb
x30 <- 0xFFFEFFFBFFD55000

mem[X,0x0000000080000854] -> 0x0F13
mem[X,0x0000000080000856] -> 0x555F
[538] [M]: 0x0000000080000854 (0x555F0F13) addi t5, t5, 0x555
x30 <- 0xFFFEFFFBFFD55555

mem[X,0x0000000080000858] -> 0x1F13
mem[X,0x000000008000085A] -> 0x00AF
[539] [M]: 0x0000000080000858 (0x00AF1F13) slli t5, t5, 0xa
x30 <- 0xFBFFEFFF55555400

mem[X,0x000000008000085C] -> 0x0F13
mem[X,0x000000008000085E] -> 0x155F
[540] [M]: 0x000000008000085C (0x155F0F13) addi t5, t5, 0x155
x30 <- 0xFBFFEFFF55555555

mem[X,0x0000000080000860] -> 0x2F9B
mem[X,0x0000000080000862] -> 0xE04F
[541] [M]: 0x0000000080000860 (0xE04F2F9B) psextb.h t6, t5
x31 <- 0xFFFFFFFF00550055

mem[X,0x0000000080000864] -> 0xB023
mem[X,0x0000000080000866] -> 0x11F0
[542] [M]: 0x0000000080000864 (0x11F0B023) sd t6, 0x100(ra)
mem[0x00000000800033B8] <- 0xFFFFFFFF00550055

mem[X,0x0000000080000868] -> 0x8F37
mem[X,0x000000008000086A] -> 0x0006
[543] [M]: 0x0000000080000868 (0x00068F37) lui t5, 0x68
x30 <- 0x0000000000068000

mem[X,0x000000008000086C] -> 0x0F13
mem[X,0x000000008000086E] -> 0xFFFF
[544] [M]: 0x000000008000086C (0xFFFF0F13) addi t5, t5, -0x1
x30 <- 0x0000000000067FFF

mem[X,0x0000000080000870] -> 0x1F13
mem[X,0x0000000080000872] -> 0x00BF
[545] [M]: 0x0000000080000870 (0x00BF1F13) slli t5, t5, 0xb
x30 <- 0x0000000033FFF800

mem[X,0x0000000080000874] -> 0x0F13
mem[X,0x0000000080000876] -> 0x7FFF
[546] [M]: 0x0000000080000874 (0x7FFF0F13) addi t5, t5, 0x7ff
x30 <- 0x0000000033FFFFFF

mem[X,0x0000000080000878] -> 0x1F13
mem[X,0x000000008000087A] -> 0x00BF
[547] [M]: 0x0000000080000878 (0x00BF1F13) slli t5, t5, 0xb
x30 <- 0x0000019FFFFFF800

mem[X,0x000000008000087C] -> 0x0F13
mem[X,0x000000008000087E] -> 0x7C0F
[548] [M]: 0x000000008000087C (0x7C0F0F13) addi t5, t5, 0x7c0
x30 <- 0x0000019FFFFFFFC0

mem[X,0x0000000080000880] -> 0x1F13
mem[X,0x0000000080000882] -> 0x00AF
[549] [M]: 0x0000000080000880 (0x00AF1F13) slli t5, t5, 0xa
x30 <- 0x00067FFFFFFF0000

mem[X,0x0000000080000884] -> 0x0F13
mem[X,0x0000000080000886] -> 0x200F
[550] [M]: 0x0000000080000884 (0x200F0F13) addi t5, t5, 0x200
x30 <- 0x00067FFFFFFF0200

mem[X,0x0000000080000888] -> 0x2F9B
mem[X,0x000000008000088A] -> 0xE04F
[551] [M]: 0x0000000080000888 (0xE04F2F9B) psextb.h t6, t5
x31 <- 0x0006FFFFFFFF0000

mem[X,0x000000008000088C] -> 0xB823
mem[X,0x000000008000088E] -> 0x11F0
[552] [M]: 0x000000008000088C (0x11F0B823) sd t6, 0x110(ra)
mem[0x00000000800033C8] <- 0x0006FFFFFFFF0000

mem[X,0x0000000080000890] -> 0x8F37
mem[X,0x0000000080000892] -> 0xAAAA
[553] [M]: 0x0000000080000890 (0xAAAA8F37) lui t5, -0x55558
x30 <- 0xFFFFFFFFAAAA8000

mem[X,0x0000000080000894] -> 0x0F13
mem[X,0x0000000080000896] -> 0x000F
[554] [M]: 0x0000000080000894 (0x000F0F13) addi t5, t5, 0x0
x30 <- 0xFFFFFFFFAAAA8000

mem[X,0x0000000080000898] -> 0x1F13
mem[X,0x000000008000089A] -> 0x00BF
[555] [M]: 0x0000000080000898 (0x00BF1F13) slli t5, t5, 0xb
x30 <- 0xFFFFFD5554000000

mem[X,0x000000008000089C] -> 0x0F13
mem[X,0x000000008000089E] -> 0x020F
[556] [M]: 0x000000008000089C (0x020F0F13) addi t5, t5, 0x20
x30 <- 0xFFFFFD5554000020

mem[X,0x00000000800008A0] -> 0x1F13
mem[X,0x00000000800008A2] -> 0x00BF
[557] [M]: 0x00000000800008A0 (0x00BF1F13) slli t5, t5, 0xb
x30 <- 0xFFEAAAA000010000

mem[X,0x00000000800008A4] -> 0x0F13
mem[X,0x00000000800008A6] -> 0x03FF
[558] [M]: 0x00000000800008A4 (0x03FF0F13) addi t5, t5, 0x3f
x30 <- 0xFFEAAAA00001003F

mem[X,0x00000000800008A8] -> 0x1F13
mem[X,0x00000000800008AA] -> 0x00AF
[559] [M]: 0x00000000800008A8 (0x00AF1F13) slli t5, t5, 0xa
x30 <- 0xAAAA80000400FC00

mem[X,0x00000000800008AC] -> 0x0F13
mem[X,0x00000000800008AE] -> 0x3FAF
[560] [M]: 0x00000000800008AC (0x3FAF0F13) addi t5, t5, 0x3fa
x30 <- 0xAAAA80000400FFFA

mem[X,0x00000000800008B0] -> 0x2F9B
mem[X,0x00000000800008B2] -> 0xE04F
[561] [M]: 0x00000000800008B0 (0xE04F2F9B) psextb.h t6, t5
x31 <- 0xFFAA00000000FFFA

mem[X,0x00000000800008B4] -> 0xB023
mem[X,0x00000000800008B6] -> 0x13F0
[562] [M]: 0x00000000800008B4 (0x13F0B023) sd t6, 0x120(ra)
mem[0x00000000800033D8] <- 0xFFAA00000000FFFA

mem[X,0x00000000800008B8] -> 0x0F37
mem[X,0x00000000800008BA] -> 0x0009
[563] [M]: 0x00000000800008B8 (0x00090F37) lui t5, 0x90
x30 <- 0x0000000000090000

mem[X,0x00000000800008BC] -> 0x0F13
mem[X,0x00000000800008BE] -> 0xFF8F
[564] [M]: 0x00000000800008BC (0xFF8F0F13) addi t5, t5, -0x8
x30 <- 0x000000000008FFF8

mem[X,0x00000000800008C0] -> 0x1F13
mem[X,0x00000000800008C2] -> 0x00BF
[565] [M]: 0x00000000800008C0 (0x00BF1F13) slli t5, t5, 0xb
x30 <- 0x0000000047FFC000

mem[X,0x00000000800008C4] -> 0x0F13
mem[X,0x00000000800008C6] -> 0x100F
[566] [M]: 0x00000000800008C4 (0x100F0F13) addi t5, t5, 0x100
x30 <- 0x0000000047FFC100

mem[X,0x00000000800008C8] -> 0x1F13
mem[X,0x00000000800008CA] -> 0x00BF
[567] [M]: 0x00000000800008C8 (0x00BF1F13) slli t5, t5, 0xb
x30 <- 0x0000023FFE080000

mem[X,0x00000000800008CC] -> 0x0F13
mem[X,0x00000000800008CE] -> 0x004F
[568] [M]: 0x00000000800008CC (0x004F0F13) addi t5, t5, 0x4
x30 <- 0x0000023FFE080004

mem[X,0x00000000800008D0] -> 0x1F13
mem[X,0x00000000800008D2] -> 0x00AF
[569] [M]: 0x00000000800008D0 (0x00AF1F13) slli t5, t5, 0xa
x30 <- 0x0008FFF820001000

mem[X,0x00000000800008D4] -> 0x2F9B
mem[X,0x00000000800008D6] -> 0xE04F
[570] [M]: 0x00000000800008D4 (0xE04F2F9B) psextb.h t6, t5
x31 <- 0x0008FFF800000000

mem[X,0x00000000800008D8] -> 0xB823
mem[X,0x00000000800008DA] -> 0x13F0
[571] [M]: 0x00000000800008D8 (0x13F0B823) sd t6, 0x130(ra)
mem[0x00000000800033E8] <- 0x0008FFF800000000

mem[X,0x00000000800008DC] -> 0x0F37
mem[X,0x00000000800008DE] -> 0x0002
[572] [M]: 0x00000000800008DC (0x00020F37) lui t5, 0x20
x30 <- 0x0000000000020000

mem[X,0x00000000800008E0] -> 0x0F13
mem[X,0x00000000800008E2] -> 0xFEFF
[573] [M]: 0x00000000800008E0 (0xFEFF0F13) addi t5, t5, -0x11
x30 <- 0x000000000001FFEF

mem[X,0x00000000800008E4] -> 0x1F13
mem[X,0x00000000800008E6] -> 0x00BF
[574] [M]: 0x00000000800008E4 (0x00BF1F13) slli t5, t5, 0xb
x30 <- 0x000000000FFF7800

mem[X,0x00000000800008E8] -> 0x0F13
mem[X,0x00000000800008EA] -> 0x200F
[575] [M]: 0x00000000800008E8 (0x200F0F13) addi t5, t5, 0x200
x30 <- 0x000000000FFF7A00

mem[X,0x00000000800008EC] -> 0x1F13
mem[X,0x00000000800008EE] -> 0x00BF
[576] [M]: 0x00000000800008EC (0x00BF1F13) slli t5, t5, 0xb
x30 <- 0x0000007FFBD00000

mem[X,0x00000000800008F0] -> 0x0F13
mem[X,0x00000000800008F2] -> 0x02FF
[577] [M]: 0x00000000800008F0 (0x02FF0F13) addi t5, t5, 0x2f
x30 <- 0x0000007FFBD0002F

mem[X,0x00000000800008F4] -> 0x1F13
mem[X,0x00000000800008F6] -> 0x00AF
[578] [M]: 0x00000000800008F4 (0x00AF1F13) slli t5, t5, 0xa
x30 <- 0x0001FFEF4000BC00

mem[X,0x00000000800008F8] -> 0x0F13
mem[X,0x00000000800008FA] -> 0x3FFF
[579] [M]: 0x00000000800008F8 (0x3FFF0F13) addi t5, t5, 0x3ff
x30 <- 0x0001FFEF4000BFFF

mem[X,0x00000000800008FC] -> 0x2F9B
mem[X,0x00000000800008FE] -> 0xE04F
[580] [M]: 0x00000000800008FC (0xE04F2F9B) psextb.h t6, t5
x31 <- 0x0001FFEF0000FFFF

mem[X,0x0000000080000900] -> 0xB023
mem[X,0x0000000080000902] -> 0x15F0
[581] [M]: 0x0000000080000900 (0x15F0B023) sd t6, 0x140(ra)
mem[0x00000000800033F8] <- 0x0001FFEF0000FFFF

mem[X,0x0000000080000904] -> 0x2F37
mem[X,0x0000000080000906] -> 0xFFDF
[582] [M]: 0x0000000080000904 (0xFFDF2F37) lui t5, -0x20e
x30 <- 0xFFFFFFFFFFDF2000

mem[X,0x0000000080000908] -> 0x0F13
mem[X,0x000000008000090A] -> 0x000F
[583] [M]: 0x0000000080000908 (0x000F0F13) addi t5, t5, 0x0
x30 <- 0xFFFFFFFFFFDF2000

mem[X,0x000000008000090C] -> 0x1F13
mem[X,0x000000008000090E] -> 0x00BF
[584] [M]: 0x000000008000090C (0x00BF1F13) slli t5, t5, 0xb
x30 <- 0xFFFFFFFEF9000000

mem[X,0x0000000080000910] -> 0x0F13
mem[X,0x0000000080000912] -> 0x7BFF
[585] [M]: 0x0000000080000910 (0x7BFF0F13) addi t5, t5, 0x7bf
x30 <- 0xFFFFFFFEF90007BF

mem[X,0x0000000080000914] -> 0x1F13
mem[X,0x0000000080000916] -> 0x00BF
[586] [M]: 0x0000000080000914 (0x00BF1F13) slli t5, t5, 0xb
x30 <- 0xFFFFF7C8003DF800

mem[X,0x0000000080000918] -> 0x0F13
mem[X,0x000000008000091A] -> 0x7C0F
[587] [M]: 0x0000000080000918 (0x7C0F0F13) addi t5, t5, 0x7c0
x30 <- 0xFFFFF7C8003DFFC0

mem[X,0x000000008000091C] -> 0x1F13
mem[X,0x000000008000091E] -> 0x00AF
[588] [M]: 0x000000008000091C (0x00AF1F13) slli t5, t5, 0xa
x30 <- 0xFFDF2000F7FF0000

mem[X,0x0000000080000920] -> 0x0F13
mem[X,0x0000000080000922] -> 0x080F
[589] [M]: 0x0000000080000920 (0x080F0F13) addi t5, t5, 0x80
x30 <- 0xFFDF2000F7FF0080

mem[X,0x0000000080000924] -> 0x2F9B
mem[X,0x0000000080000926] -> 0xE04F
[590] [M]: 0x0000000080000924 (0xE04F2F9B) psextb.h t6, t5
x31 <- 0xFFDF0000FFFFFF80

mem[X,0x0000000080000928] -> 0xB823
mem[X,0x000000008000092A] -> 0x15F0
[591] [M]: 0x0000000080000928 (0x15F0B823) sd t6, 0x150(ra)
mem[0x0000000080003408] <- 0xFFDF0000FFFFFF80

mem[X,0x000000008000092C] -> 0x0F37
mem[X,0x000000008000092E] -> 0x0101
[592] [M]: 0x000000008000092C (0x01010F37) lui t5, 0x1010
x30 <- 0x0000000001010000

mem[X,0x0000000080000930] -> 0x0F13
mem[X,0x0000000080000932] -> 0xFFEF
[593] [M]: 0x0000000080000930 (0xFFEF0F13) addi t5, t5, -0x2
x30 <- 0x000000000100FFFE

mem[X,0x0000000080000934] -> 0x1F13
mem[X,0x0000000080000936] -> 0x00BF
[594] [M]: 0x0000000080000934 (0x00BF1F13) slli t5, t5, 0xb
x30 <- 0x0000000807FFF000

mem[X,0x0000000080000938] -> 0x0F13
mem[X,0x000000008000093A] -> 0x77FF
[595] [M]: 0x0000000080000938 (0x77FF0F13) addi t5, t5, 0x77f
x30 <- 0x0000000807FFF77F

mem[X,0x000000008000093C] -> 0x1F13
mem[X,0x000000008000093E] -> 0x00BF
[596] [M]: 0x000000008000093C (0x00BF1F13) slli t5, t5, 0xb
x30 <- 0x0000403FFFBBF800

mem[X,0x0000000080000940] -> 0x0F13
mem[X,0x0000000080000942] -> 0x7C0F
[597] [M]: 0x0000000080000940 (0x7C0F0F13) addi t5, t5, 0x7c0
x30 <- 0x0000403FFFBBFFC0

mem[X,0x0000000080000944] -> 0x1F13
mem[X,0x0000000080000946] -> 0x00AF
[598] [M]: 0x0000000080000944 (0x00AF1F13) slli t5, t5, 0xa
x30 <- 0x0100FFFEEFFF0000

mem[X,0x0000000080000948] -> 0x0F13
mem[X,0x000000008000094A] -> 0x080F
[599] [M]: 0x0000000080000948 (0x080F0F13) addi t5, t5, 0x80
x30 <- 0x0100FFFEEFFF0080

clint::tick mtime <- 0x0000000000000006
 clint timer pending at mtime 0x0000000000000006
htif::tick 0x0000000000000000
mem[X,0x000000008000094C] -> 0x2F9B
mem[X,0x000000008000094E] -> 0xE04F
[600] [M]: 0x000000008000094C (0xE04F2F9B) psextb.h t6, t5
x31 <- 0x0000FFFEFFFFFF80

mem[X,0x0000000080000950] -> 0xB023
mem[X,0x0000000080000952] -> 0x17F0
[601] [M]: 0x0000000080000950 (0x17F0B023) sd t6, 0x160(ra)
mem[0x0000000080003418] <- 0x0000FFFEFFFFFF80

mem[X,0x0000000080000954] -> 0xFF37
mem[X,0x0000000080000956] -> 0xDFFF
[602] [M]: 0x0000000080000954 (0xDFFFFF37) lui t5, -0x20001
x30 <- 0xFFFFFFFFDFFFF000

mem[X,0x0000000080000958] -> 0x0F13
mem[X,0x000000008000095A] -> 0x7FFF
[603] [M]: 0x0000000080000958 (0x7FFF0F13) addi t5, t5, 0x7ff
x30 <- 0xFFFFFFFFDFFFF7FF

mem[X,0x000000008000095C] -> 0x1F13
mem[X,0x000000008000095E] -> 0x00BF
[604] [M]: 0x000000008000095C (0x00BF1F13) slli t5, t5, 0xb
x30 <- 0xFFFFFEFFFFBFF800

mem[X,0x0000000080000960] -> 0x0F13
mem[X,0x0000000080000962] -> 0x6FFF
[605] [M]: 0x0000000080000960 (0x6FFF0F13) addi t5, t5, 0x6ff
x30 <- 0xFFFFFEFFFFBFFEFF

mem[X,0x0000000080000964] -> 0x1F13
mem[X,0x0000000080000966] -> 0x00BF
[606] [M]: 0x0000000080000964 (0x00BF1F13) slli t5, t5, 0xb
x30 <- 0xFFF7FFFDFFF7F800

mem[X,0x0000000080000968] -> 0x0F13
mem[X,0x000000008000096A] -> 0x7FEF
[607] [M]: 0x0000000080000968 (0x7FEF0F13) addi t5, t5, 0x7fe
x30 <- 0xFFF7FFFDFFF7FFFE

mem[X,0x000000008000096C] -> 0x1F13
mem[X,0x000000008000096E] -> 0x00AF
[608] [M]: 0x000000008000096C (0x00AF1F13) slli t5, t5, 0xa
x30 <- 0xDFFFF7FFDFFFF800

mem[X,0x0000000080000970] -> 0x0F13
mem[X,0x0000000080000972] -> 0x3FFF
[609] [M]: 0x0000000080000970 (0x3FFF0F13) addi t5, t5, 0x3ff
x30 <- 0xDFFFF7FFDFFFFBFF

mem[X,0x0000000080000974] -> 0x2F9B
mem[X,0x0000000080000976] -> 0xE04F
[610] [M]: 0x0000000080000974 (0xE04F2F9B) psextb.h t6, t5
x31 <- 0xFFFFFFFFFFFFFFFF

mem[X,0x0000000080000978] -> 0xB823
mem[X,0x000000008000097A] -> 0x17F0
[611] [M]: 0x0000000080000978 (0x17F0B823) sd t6, 0x170(ra)
mem[0x0000000080003428] <- 0xFFFFFFFFFFFFFFFF

mem[X,0x000000008000097C] -> 0x0F37
mem[X,0x000000008000097E] -> 0x0041
[612] [M]: 0x000000008000097C (0x00410F37) lui t5, 0x410
x30 <- 0x0000000000410000

mem[X,0x0000000080000980] -> 0x0F13
mem[X,0x0000000080000982] -> 0xBFFF
[613] [M]: 0x0000000080000980 (0xBFFF0F13) addi t5, t5, -0x401
x30 <- 0x000000000040FBFF

mem[X,0x0000000080000984] -> 0x1F13
mem[X,0x0000000080000986] -> 0x00BF
[614] [M]: 0x0000000080000984 (0x00BF1F13) slli t5, t5, 0xb
x30 <- 0x0000000207DFF800

mem[X,0x0000000080000988] -> 0x0F13
mem[X,0x000000008000098A] -> 0x5FFF
[615] [M]: 0x0000000080000988 (0x5FFF0F13) addi t5, t5, 0x5ff
x30 <- 0x0000000207DFFDFF

mem[X,0x000000008000098C] -> 0x1F13
mem[X,0x000000008000098E] -> 0x00BF
[616] [M]: 0x000000008000098C (0x00BF1F13) slli t5, t5, 0xb
x30 <- 0x0000103EFFEFF800

mem[X,0x0000000080000990] -> 0x0F13
mem[X,0x0000000080000992] -> 0x7FFF
[617] [M]: 0x0000000080000990 (0x7FFF0F13) addi t5, t5, 0x7ff
x30 <- 0x0000103EFFEFFFFF

mem[X,0x0000000080000994] -> 0x1F13
mem[X,0x0000000080000996] -> 0x00AF
[618] [M]: 0x0000000080000994 (0x00AF1F13) slli t5, t5, 0xa
x30 <- 0x0040FBFFBFFFFC00

mem[X,0x0000000080000998] -> 0x0F13
mem[X,0x000000008000099A] -> 0x3FDF
[619] [M]: 0x0000000080000998 (0x3FDF0F13) addi t5, t5, 0x3fd
x30 <- 0x0040FBFFBFFFFFFD

mem[X,0x000000008000099C] -> 0x2F9B
mem[X,0x000000008000099E] -> 0xE04F
[620] [M]: 0x000000008000099C (0xE04F2F9B) psextb.h t6, t5
x31 <- 0x0040FFFFFFFFFFFD

mem[X,0x00000000800009A0] -> 0xB023
mem[X,0x00000000800009A2] -> 0x19F0
[621] [M]: 0x00000000800009A0 (0x19F0B023) sd t6, 0x180(ra)
mem[0x0000000080003438] <- 0x0040FFFFFFFFFFFD

mem[X,0x00000000800009A4] -> 0x0F37
mem[X,0x00000000800009A6] -> 0xFC00
[622] [M]: 0x00000000800009A4 (0xFC000F37) lui t5, -0x4000
x30 <- 0xFFFFFFFFFC000000

mem[X,0x00000000800009A8] -> 0x0F13
mem[X,0x00000000800009AA] -> 0xFFFF
[623] [M]: 0x00000000800009A8 (0xFFFF0F13) addi t5, t5, -0x1
x30 <- 0xFFFFFFFFFBFFFFFF

mem[X,0x00000000800009AC] -> 0x1F13
mem[X,0x00000000800009AE] -> 0x00BF
[624] [M]: 0x00000000800009AC (0x00BF1F13) slli t5, t5, 0xb
x30 <- 0xFFFFFFDFFFFFF800

mem[X,0x00000000800009B0] -> 0x0F13
mem[X,0x00000000800009B2] -> 0x7EFF
[625] [M]: 0x00000000800009B0 (0x7EFF0F13) addi t5, t5, 0x7ef
x30 <- 0xFFFFFFDFFFFFFFEF

mem[X,0x00000000800009B4] -> 0x1F13
mem[X,0x00000000800009B6] -> 0x00BF
[626] [M]: 0x00000000800009B4 (0x00BF1F13) slli t5, t5, 0xb
x30 <- 0xFFFEFFFFFFFF7800

mem[X,0x00000000800009B8] -> 0x0F13
mem[X,0x00000000800009BA] -> 0x7C0F
[627] [M]: 0x00000000800009B8 (0x7C0F0F13) addi t5, t5, 0x7c0
x30 <- 0xFFFEFFFFFFFF7FC0

mem[X,0x00000000800009BC] -> 0x1F13
mem[X,0x00000000800009BE] -> 0x00AF
[628] [M]: 0x00000000800009BC (0x00AF1F13) slli t5, t5, 0xa
x30 <- 0xFBFFFFFFFDFF0000

mem[X,0x00000000800009C0] -> 0x0F13
mem[X,0x00000000800009C2] -> 0x200F
[629] [M]: 0x00000000800009C0 (0x200F0F13) addi t5, t5, 0x200
x30 <- 0xFBFFFFFFFDFF0200

mem[X,0x00000000800009C4] -> 0x2F9B
mem[X,0x00000000800009C6] -> 0xE04F
[630] [M]: 0x00000000800009C4 (0xE04F2F9B) psextb.h t6, t5
x31 <- 0xFFFFFFFFFFFF0000

mem[X,0x00000000800009C8] -> 0xB823
mem[X,0x00000000800009CA] -> 0x19F0
[631] [M]: 0x00000000800009C8 (0x19F0B823) sd t6, 0x190(ra)
mem[0x0000000080003448] <- 0xFFFFFFFFFFFF0000

mem[X,0x00000000800009CC] -> 0x0F37
mem[X,0x00000000800009CE] -> 0xBFFF
[632] [M]: 0x00000000800009CC (0xBFFF0F37) lui t5, -0x40010
x30 <- 0xFFFFFFFFBFFF0000

mem[X,0x00000000800009D0] -> 0x0F13
mem[X,0x00000000800009D2] -> 0x020F
[633] [M]: 0x00000000800009D0 (0x020F0F13) addi t5, t5, 0x20
x30 <- 0xFFFFFFFFBFFF0020

mem[X,0x00000000800009D4] -> 0x1F13
mem[X,0x00000000800009D6] -> 0x00BF
[634] [M]: 0x00000000800009D4 (0x00BF1F13) slli t5, t5, 0xb
x30 <- 0xFFFFFDFFF8010000

mem[X,0x00000000800009D8] -> 0x0F13
mem[X,0x00000000800009DA] -> 0x7FFF
[635] [M]: 0x00000000800009D8 (0x7FFF0F13) addi t5, t5, 0x7ff
x30 <- 0xFFFFFDFFF80107FF

mem[X,0x00000000800009DC] -> 0x1F13
mem[X,0x00000000800009DE] -> 0x00BF
[636] [M]: 0x00000000800009DC (0x00BF1F13) slli t5, t5, 0xb
x30 <- 0xFFEFFFC0083FF800

mem[X,0x00000000800009E0] -> 0x0F13
mem[X,0x00000000800009E2] -> 0x3FFF
[637] [M]: 0x00000000800009E0 (0x3FFF0F13) addi t5, t5, 0x3ff
x30 <- 0xFFEFFFC0083FFBFF

mem[X,0x00000000800009E4] -> 0x1F13
mem[X,0x00000000800009E6] -> 0x00AF
[638] [M]: 0x00000000800009E4 (0x00AF1F13) slli t5, t5, 0xa
x30 <- 0xBFFF0020FFEFFC00

mem[X,0x00000000800009E8] -> 0x0F13
mem[X,0x00000000800009EA] -> 0x3F7F
[639] [M]: 0x00000000800009E8 (0x3F7F0F13) addi t5, t5, 0x3f7
x30 <- 0xBFFF0020FFEFFFF7

mem[X,0x00000000800009EC] -> 0x2F9B
mem[X,0x00000000800009EE] -> 0xE04F
[640] [M]: 0x00000000800009EC (0xE04F2F9B) psextb.h t6, t5
x31 <- 0xFFFF0020FFEFFFF7

mem[X,0x00000000800009F0] -> 0xB023
mem[X,0x00000000800009F2] -> 0x1BF0
[641] [M]: 0x00000000800009F0 (0x1BF0B023) sd t6, 0x1a0(ra)
mem[0x0000000080003458] <- 0xFFFF0020FFEFFFF7

mem[X,0x00000000800009F4] -> 0x0F37
mem[X,0x00000000800009F6] -> 0xBFFF
[642] [M]: 0x00000000800009F4 (0xBFFF0F37) lui t5, -0x40010
x30 <- 0xFFFFFFFFBFFF0000

mem[X,0x00000000800009F8] -> 0x0F13
mem[X,0x00000000800009FA] -> 0x080F
[643] [M]: 0x00000000800009F8 (0x080F0F13) addi t5, t5, 0x80
x30 <- 0xFFFFFFFFBFFF0080

mem[X,0x00000000800009FC] -> 0x1F13
mem[X,0x00000000800009FE] -> 0x00BF
[644] [M]: 0x00000000800009FC (0x00BF1F13) slli t5, t5, 0xb
x30 <- 0xFFFFFDFFF8040000

mem[X,0x0000000080000A00] -> 0x0F13
mem[X,0x0000000080000A02] -> 0x040F
[645] [M]: 0x0000000080000A00 (0x040F0F13) addi t5, t5, 0x40
x30 <- 0xFFFFFDFFF8040040

mem[X,0x0000000080000A04] -> 0x1F13
mem[X,0x0000000080000A06] -> 0x00BF
[646] [M]: 0x0000000080000A04 (0x00BF1F13) slli t5, t5, 0xb
x30 <- 0xFFEFFFC020020000

mem[X,0x0000000080000A08] -> 0x0F13
mem[X,0x0000000080000A0A] -> 0x000F
[647] [M]: 0x0000000080000A08 (0x000F0F13) addi t5, t5, 0x0
x30 <- 0xFFEFFFC020020000

mem[X,0x0000000080000A0C] -> 0x1F13
mem[X,0x0000000080000A0E] -> 0x00AF
[648] [M]: 0x0000000080000A0C (0x00AF1F13) slli t5, t5, 0xa
x30 <- 0xBFFF008008000000

mem[X,0x0000000080000A10] -> 0x0F13
mem[X,0x0000000080000A12] -> 0x100F
[649] [M]: 0x0000000080000A10 (0x100F0F13) addi t5, t5, 0x100
x30 <- 0xBFFF008008000100

mem[X,0x0000000080000A14] -> 0x2F9B
mem[X,0x0000000080000A16] -> 0xE04F
[650] [M]: 0x0000000080000A14 (0xE04F2F9B) psextb.h t6, t5
x31 <- 0xFFFFFF8000000000

mem[X,0x0000000080000A18] -> 0xB823
mem[X,0x0000000080000A1A] -> 0x1BF0
[651] [M]: 0x0000000080000A18 (0x1BF0B823) sd t6, 0x1b0(ra)
mem[0x0000000080003468] <- 0xFFFFFF8000000000

mem[X,0x0000000080000A1C] -> 0x0F37
mem[X,0x0000000080000A1E] -> 0x5555
[652] [M]: 0x0000000080000A1C (0x55550F37) lui t5, 0x55550
x30 <- 0x0000000055550000

mem[X,0x0000000080000A20] -> 0x0F13
mem[X,0x0000000080000A22] -> 0x400F
[653] [M]: 0x0000000080000A20 (0x400F0F13) addi t5, t5, 0x400
x30 <- 0x0000000055550400

mem[X,0x0000000080000A24] -> 0x1F13
mem[X,0x0000000080000A26] -> 0x00BF
[654] [M]: 0x0000000080000A24 (0x00BF1F13) slli t5, t5, 0xb
x30 <- 0x000002AAA8200000

mem[X,0x0000000080000A28] -> 0x0F13
mem[X,0x0000000080000A2A] -> 0x5FFF
[655] [M]: 0x0000000080000A28 (0x5FFF0F13) addi t5, t5, 0x5ff
x30 <- 0x000002AAA82005FF

mem[X,0x0000000080000A2C] -> 0x1F13
mem[X,0x0000000080000A2E] -> 0x00BF
[656] [M]: 0x0000000080000A2C (0x00BF1F13) slli t5, t5, 0xb
x30 <- 0x00155541002FF800

mem[X,0x0000000080000A30] -> 0x0F13
mem[X,0x0000000080000A32] -> 0x7FFF
[657] [M]: 0x0000000080000A30 (0x7FFF0F13) addi t5, t5, 0x7ff
x30 <- 0x00155541002FFFFF

mem[X,0x0000000080000A34] -> 0x1F13
mem[X,0x0000000080000A36] -> 0x00AF
[658] [M]: 0x0000000080000A34 (0x00AF1F13) slli t5, t5, 0xa
x30 <- 0x55550400BFFFFC00

mem[X,0x0000000080000A38] -> 0x0F13
mem[X,0x0000000080000A3A] -> 0x3FDF
[659] [M]: 0x0000000080000A38 (0x3FDF0F13) addi t5, t5, 0x3fd
x30 <- 0x55550400BFFFFFFD

mem[X,0x0000000080000A3C] -> 0x2F9B
mem[X,0x0000000080000A3E] -> 0xE04F
[660] [M]: 0x0000000080000A3C (0xE04F2F9B) psextb.h t6, t5
x31 <- 0x00550000FFFFFFFD

mem[X,0x0000000080000A40] -> 0xB023
mem[X,0x0000000080000A42] -> 0x1DF0
[661] [M]: 0x0000000080000A40 (0x1DF0B023) sd t6, 0x1c0(ra)
mem[0x0000000080003478] <- 0x00550000FFFFFFFD

mem[X,0x0000000080000A44] -> 0x0F37
mem[X,0x0000000080000A46] -> 0x2001
[662] [M]: 0x0000000080000A44 (0x20010F37) lui t5, 0x20010
x30 <- 0x0000000020010000

mem[X,0x0000000080000A48] -> 0x0F13
mem[X,0x0000000080000A4A] -> 0xFFBF
[663] [M]: 0x0000000080000A48 (0xFFBF0F13) addi t5, t5, -0x5
x30 <- 0x000000002000FFFB

mem[X,0x0000000080000A4C] -> 0x1F13
mem[X,0x0000000080000A4E] -> 0x00BF
[664] [M]: 0x0000000080000A4C (0x00BF1F13) slli t5, t5, 0xb
x30 <- 0x0000010007FFD800

mem[X,0x0000000080000A50] -> 0x0F13
mem[X,0x0000000080000A52] -> 0x7FFF
[665] [M]: 0x0000000080000A50 (0x7FFF0F13) addi t5, t5, 0x7ff
x30 <- 0x0000010007FFDFFF

mem[X,0x0000000080000A54] -> 0x1F13
mem[X,0x0000000080000A56] -> 0x00BF
[666] [M]: 0x0000000080000A54 (0x00BF1F13) slli t5, t5, 0xb
x30 <- 0x0008003FFEFFF800

mem[X,0x0000000080000A58] -> 0x0F13
mem[X,0x0000000080000A5A] -> 0x6AFF
[667] [M]: 0x0000000080000A58 (0x6AFF0F13) addi t5, t5, 0x6af
x30 <- 0x0008003FFEFFFEAF

mem[X,0x0000000080000A5C] -> 0x1F13
mem[X,0x0000000080000A5E] -> 0x00AF
[668] [M]: 0x0000000080000A5C (0x00AF1F13) slli t5, t5, 0xa
x30 <- 0x2000FFFBFFFABC00

mem[X,0x0000000080000A60] -> 0x0F13
mem[X,0x0000000080000A62] -> 0x3FFF
[669] [M]: 0x0000000080000A60 (0x3FFF0F13) addi t5, t5, 0x3ff
x30 <- 0x2000FFFBFFFABFFF

mem[X,0x0000000080000A64] -> 0x2F9B
mem[X,0x0000000080000A66] -> 0xE04F
[670] [M]: 0x0000000080000A64 (0xE04F2F9B) psextb.h t6, t5
x31 <- 0x0000FFFBFFFAFFFF

mem[X,0x0000000080000A68] -> 0xB823
mem[X,0x0000000080000A6A] -> 0x1DF0
[671] [M]: 0x0000000080000A68 (0x1DF0B823) sd t6, 0x1d0(ra)
mem[0x0000000080003488] <- 0x0000FFFBFFFAFFFF

mem[X,0x0000000080000A6C] -> 0x0F37
mem[X,0x0000000080000A6E] -> 0xFF80
[672] [M]: 0x0000000080000A6C (0xFF800F37) lui t5, -0x800
x30 <- 0xFFFFFFFFFF800000

mem[X,0x0000000080000A70] -> 0x0F13
mem[X,0x0000000080000A72] -> 0xFF7F
[673] [M]: 0x0000000080000A70 (0xFF7F0F13) addi t5, t5, -0x9
x30 <- 0xFFFFFFFFFF7FFFF7

mem[X,0x0000000080000A74] -> 0x1F13
mem[X,0x0000000080000A76] -> 0x00BF
[674] [M]: 0x0000000080000A74 (0x00BF1F13) slli t5, t5, 0xb
x30 <- 0xFFFFFFFBFFFFB800

mem[X,0x0000000080000A78] -> 0x0F13
mem[X,0x0000000080000A7A] -> 0x7F7F
[675] [M]: 0x0000000080000A78 (0x7F7F0F13) addi t5, t5, 0x7f7
x30 <- 0xFFFFFFFBFFFFBFF7

mem[X,0x0000000080000A7C] -> 0x1F13
mem[X,0x0000000080000A7E] -> 0x00BF
[676] [M]: 0x0000000080000A7C (0x00BF1F13) slli t5, t5, 0xb
x30 <- 0xFFFFDFFFFDFFB800

mem[X,0x0000000080000A80] -> 0x0F13
mem[X,0x0000000080000A82] -> 0x7FFF
[677] [M]: 0x0000000080000A80 (0x7FFF0F13) addi t5, t5, 0x7ff
x30 <- 0xFFFFDFFFFDFFBFFF

mem[X,0x0000000080000A84] -> 0x1F13
mem[X,0x0000000080000A86] -> 0x00AF
[678] [M]: 0x0000000080000A84 (0x00AF1F13) slli t5, t5, 0xa
x30 <- 0xFF7FFFF7FEFFFC00

mem[X,0x0000000080000A88] -> 0x0F13
mem[X,0x0000000080000A8A] -> 0x1FFF
[679] [M]: 0x0000000080000A88 (0x1FFF0F13) addi t5, t5, 0x1ff
x30 <- 0xFF7FFFF7FEFFFDFF

mem[X,0x0000000080000A8C] -> 0x2F9B
mem[X,0x0000000080000A8E] -> 0xE04F
[680] [M]: 0x0000000080000A8C (0xE04F2F9B) psextb.h t6, t5
x31 <- 0x007FFFF7FFFFFFFF

mem[X,0x0000000080000A90] -> 0xB023
mem[X,0x0000000080000A92] -> 0x1FF0
[681] [M]: 0x0000000080000A90 (0x1FF0B023) sd t6, 0x1e0(ra)
mem[0x0000000080003498] <- 0x007FFFF7FFFFFFFF

mem[X,0x0000000080000A94] -> 0x0F37
mem[X,0x0000000080000A96] -> 0xFF80
[682] [M]: 0x0000000080000A94 (0xFF800F37) lui t5, -0x800
x30 <- 0xFFFFFFFFFF800000

mem[X,0x0000000080000A98] -> 0x0F13
mem[X,0x0000000080000A9A] -> 0xFDFF
[683] [M]: 0x0000000080000A98 (0xFDFF0F13) addi t5, t5, -0x21
x30 <- 0xFFFFFFFFFF7FFFDF

mem[X,0x0000000080000A9C] -> 0x1F13
mem[X,0x0000000080000A9E] -> 0x00BF
[684] [M]: 0x0000000080000A9C (0x00BF1F13) slli t5, t5, 0xb
x30 <- 0xFFFFFFFBFFFEF800

mem[X,0x0000000080000AA0] -> 0x0F13
mem[X,0x0000000080000AA2] -> 0x3FFF
[685] [M]: 0x0000000080000AA0 (0x3FFF0F13) addi t5, t5, 0x3ff
x30 <- 0xFFFFFFFBFFFEFBFF

mem[X,0x0000000080000AA4] -> 0x1F13
mem[X,0x0000000080000AA6] -> 0x00BF
[686] [M]: 0x0000000080000AA4 (0x00BF1F13) slli t5, t5, 0xb
x30 <- 0xFFFFDFFFF7DFF800

mem[X,0x0000000080000AA8] -> 0x0F13
mem[X,0x0000000080000AAA] -> 0x7FFF
[687] [M]: 0x0000000080000AA8 (0x7FFF0F13) addi t5, t5, 0x7ff
x30 <- 0xFFFFDFFFF7DFFFFF

mem[X,0x0000000080000AAC] -> 0x1F13
mem[X,0x0000000080000AAE] -> 0x00AF
[688] [M]: 0x0000000080000AAC (0x00AF1F13) slli t5, t5, 0xa
x30 <- 0xFF7FFFDF7FFFFC00

mem[X,0x0000000080000AB0] -> 0x0F13
mem[X,0x0000000080000AB2] -> 0x3FDF
[689] [M]: 0x0000000080000AB0 (0x3FDF0F13) addi t5, t5, 0x3fd
x30 <- 0xFF7FFFDF7FFFFFFD

mem[X,0x0000000080000AB4] -> 0x2F9B
mem[X,0x0000000080000AB6] -> 0xE04F
[690] [M]: 0x0000000080000AB4 (0xE04F2F9B) psextb.h t6, t5
x31 <- 0x007FFFDFFFFFFFFD

mem[X,0x0000000080000AB8] -> 0xB823
mem[X,0x0000000080000ABA] -> 0x1FF0
[691] [M]: 0x0000000080000AB8 (0x1FF0B823) sd t6, 0x1f0(ra)
mem[0x00000000800034A8] <- 0x007FFFDFFFFFFFFD

mem[X,0x0000000080000ABC] -> 0x0F37
mem[X,0x0000000080000ABE] -> 0x8001
[692] [M]: 0x0000000080000ABC (0x80010F37) lui t5, -0x7fff0
x30 <- 0xFFFFFFFF80010000

mem[X,0x0000000080000AC0] -> 0x0F13
mem[X,0x0000000080000AC2] -> 0xFBFF
[693] [M]: 0x0000000080000AC0 (0xFBFF0F13) addi t5, t5, -0x41
x30 <- 0xFFFFFFFF8000FFBF

mem[X,0x0000000080000AC4] -> 0x1F13
mem[X,0x0000000080000AC6] -> 0x00BF
[694] [M]: 0x0000000080000AC4 (0x00BF1F13) slli t5, t5, 0xb
x30 <- 0xFFFFFC0007FDF800

mem[X,0x0000000080000AC8] -> 0x0F13
mem[X,0x0000000080000ACA] -> 0x7EFF
[695] [M]: 0x0000000080000AC8 (0x7EFF0F13) addi t5, t5, 0x7ef
x30 <- 0xFFFFFC0007FDFFEF

mem[X,0x0000000080000ACC] -> 0x1F13
mem[X,0x0000000080000ACE] -> 0x00BF
[696] [M]: 0x0000000080000ACC (0x00BF1F13) slli t5, t5, 0xb
x30 <- 0xFFE0003FEFFF7800

mem[X,0x0000000080000AD0] -> 0x0F13
mem[X,0x0000000080000AD2] -> 0x7FFF
[697] [M]: 0x0000000080000AD0 (0x7FFF0F13) addi t5, t5, 0x7ff
x30 <- 0xFFE0003FEFFF7FFF

mem[X,0x0000000080000AD4] -> 0x1F13
mem[X,0x0000000080000AD6] -> 0x00AF
[698] [M]: 0x0000000080000AD4 (0x00AF1F13) slli t5, t5, 0xa
x30 <- 0x8000FFBFFDFFFC00

mem[X,0x0000000080000AD8] -> 0x0F13
mem[X,0x0000000080000ADA] -> 0x3DFF
[699] [M]: 0x0000000080000AD8 (0x3DFF0F13) addi t5, t5, 0x3df
x30 <- 0x8000FFBFFDFFFFDF

clint::tick mtime <- 0x0000000000000007
 clint timer pending at mtime 0x0000000000000007
htif::tick 0x0000000000000000
mem[X,0x0000000080000ADC] -> 0x2F9B
mem[X,0x0000000080000ADE] -> 0xE04F
[700] [M]: 0x0000000080000ADC (0xE04F2F9B) psextb.h t6, t5
x31 <- 0x0000FFBFFFFFFFDF

mem[X,0x0000000080000AE0] -> 0xB023
mem[X,0x0000000080000AE2] -> 0x21F0
[701] [M]: 0x0000000080000AE0 (0x21F0B023) sd t6, 0x200(ra)
mem[0x00000000800034B8] <- 0x0000FFBFFFFFFFDF

mem[X,0x0000000080000AE4] -> 0x0F37
mem[X,0x0000000080000AE6] -> 0xFFC0
[702] [M]: 0x0000000080000AE4 (0xFFC00F37) lui t5, -0x400
x30 <- 0xFFFFFFFFFFC00000

mem[X,0x0000000080000AE8] -> 0x0F13
mem[X,0x0000000080000AEA] -> 0xDFFF
[703] [M]: 0x0000000080000AE8 (0xDFFF0F13) addi t5, t5, -0x201
x30 <- 0xFFFFFFFFFFBFFDFF

mem[X,0x0000000080000AEC] -> 0x1F13
mem[X,0x0000000080000AEE] -> 0x00BF
[704] [M]: 0x0000000080000AEC (0x00BF1F13) slli t5, t5, 0xb
x30 <- 0xFFFFFFFDFFEFF800

mem[X,0x0000000080000AF0] -> 0x0F13
mem[X,0x0000000080000AF2] -> 0x600F
[705] [M]: 0x0000000080000AF0 (0x600F0F13) addi t5, t5, 0x600
x30 <- 0xFFFFFFFDFFEFFE00

mem[X,0x0000000080000AF4] -> 0x1F13
mem[X,0x0000000080000AF6] -> 0x00BF
[706] [M]: 0x0000000080000AF4 (0x00BF1F13) slli t5, t5, 0xb
x30 <- 0xFFFFEFFF7FF00000

mem[X,0x0000000080000AF8] -> 0x0F13
mem[X,0x0000000080000AFA] -> 0x000F
[707] [M]: 0x0000000080000AF8 (0x000F0F13) addi t5, t5, 0x0
x30 <- 0xFFFFEFFF7FF00000

mem[X,0x0000000080000AFC] -> 0x1F13
mem[X,0x0000000080000AFE] -> 0x00AF
[708] [M]: 0x0000000080000AFC (0x00AF1F13) slli t5, t5, 0xa
x30 <- 0xFFBFFDFFC0000000

mem[X,0x0000000080000B00] -> 0x0F13
mem[X,0x0000000080000B02] -> 0x002F
[709] [M]: 0x0000000080000B00 (0x002F0F13) addi t5, t5, 0x2
x30 <- 0xFFBFFDFFC0000002

mem[X,0x0000000080000B04] -> 0x2F9B
mem[X,0x0000000080000B06] -> 0xE04F
[710] [M]: 0x0000000080000B04 (0xE04F2F9B) psextb.h t6, t5
x31 <- 0xFFBFFFFF00000002

mem[X,0x0000000080000B08] -> 0xB823
mem[X,0x0000000080000B0A] -> 0x21F0
[711] [M]: 0x0000000080000B08 (0x21F0B823) sd t6, 0x210(ra)
mem[0x00000000800034C8] <- 0xFFBFFFFF00000002

mem[X,0x0000000080000B0C] -> 0x0F37
mem[X,0x0000000080000B0E] -> 0x0000
[712] [M]: 0x0000000080000B0C (0x00000F37) lui t5, 0x0
x30 <- 0x0000000000000000

mem[X,0x0000000080000B10] -> 0x0F13
mem[X,0x0000000080000B12] -> 0xFF9F
[713] [M]: 0x0000000080000B10 (0xFF9F0F13) addi t5, t5, -0x7
x30 <- 0xFFFFFFFFFFFFFFF9

mem[X,0x0000000080000B14] -> 0x1F13
mem[X,0x0000000080000B16] -> 0x00BF
[714] [M]: 0x0000000080000B14 (0x00BF1F13) slli t5, t5, 0xb
x30 <- 0xFFFFFFFFFFFFC800

mem[X,0x0000000080000B18] -> 0x0F13
mem[X,0x0000000080000B1A] -> 0x7FFF
[715] [M]: 0x0000000080000B18 (0x7FFF0F13) addi t5, t5, 0x7ff
x30 <- 0xFFFFFFFFFFFFCFFF

mem[X,0x0000000080000B1C] -> 0x1F13
mem[X,0x0000000080000B1E] -> 0x00BF
[716] [M]: 0x0000000080000B1C (0x00BF1F13) slli t5, t5, 0xb
x30 <- 0xFFFFFFFFFE7FF800

mem[X,0x0000000080000B20] -> 0x0F13
mem[X,0x0000000080000B22] -> 0x6C4F
[717] [M]: 0x0000000080000B20 (0x6C4F0F13) addi t5, t5, 0x6c4
x30 <- 0xFFFFFFFFFE7FFEC4

mem[X,0x0000000080000B24] -> 0x1F13
mem[X,0x0000000080000B26] -> 0x00AF
[718] [M]: 0x0000000080000B24 (0x00AF1F13) slli t5, t5, 0xa
x30 <- 0xFFFFFFF9FFFB1000

mem[X,0x0000000080000B28] -> 0x2F9B
mem[X,0x0000000080000B2A] -> 0xE04F
[719] [M]: 0x0000000080000B28 (0xE04F2F9B) psextb.h t6, t5
x31 <- 0xFFFFFFF9FFFB0000

mem[X,0x0000000080000B2C] -> 0xB023
mem[X,0x0000000080000B2E] -> 0x23F0
[720] [M]: 0x0000000080000B2C (0x23F0B023) sd t6, 0x220(ra)
mem[0x00000000800034D8] <- 0xFFFFFFF9FFFB0000

mem[X,0x0000000080000B30] -> 0x0F37
mem[X,0x0000000080000B32] -> 0x0001
[721] [M]: 0x0000000080000B30 (0x00010F37) lui t5, 0x10
x30 <- 0x0000000000010000

mem[X,0x0000000080000B34] -> 0x0F13
mem[X,0x0000000080000B36] -> 0xFFCF
[722] [M]: 0x0000000080000B34 (0xFFCF0F13) addi t5, t5, -0x4
x30 <- 0x000000000000FFFC

mem[X,0x0000000080000B38] -> 0x1F13
mem[X,0x0000000080000B3A] -> 0x00BF
[723] [M]: 0x0000000080000B38 (0x00BF1F13) slli t5, t5, 0xb
x30 <- 0x0000000007FFE000

mem[X,0x0000000080000B3C] -> 0x0F13
mem[X,0x0000000080000B3E] -> 0x555F
[724] [M]: 0x0000000080000B3C (0x555F0F13) addi t5, t5, 0x555
x30 <- 0x0000000007FFE555

mem[X,0x0000000080000B40] -> 0x1F13
mem[X,0x0000000080000B42] -> 0x00BF
[725] [M]: 0x0000000080000B40 (0x00BF1F13) slli t5, t5, 0xb
x30 <- 0x0000003FFF2AA800

mem[X,0x0000000080000B44] -> 0x0F13
mem[X,0x0000000080000B46] -> 0x28FF
[726] [M]: 0x0000000080000B44 (0x28FF0F13) addi t5, t5, 0x28f
x30 <- 0x0000003FFF2AAA8F

mem[X,0x0000000080000B48] -> 0x1F13
mem[X,0x0000000080000B4A] -> 0x00AF
[727] [M]: 0x0000000080000B48 (0x00AF1F13) slli t5, t5, 0xa
x30 <- 0x0000FFFCAAAA3C00

mem[X,0x0000000080000B4C] -> 0x0F13
mem[X,0x0000000080000B4E] -> 0x3FFF
[728] [M]: 0x0000000080000B4C (0x3FFF0F13) addi t5, t5, 0x3ff
x30 <- 0x0000FFFCAAAA3FFF

mem[X,0x0000000080000B50] -> 0x2F9B
mem[X,0x0000000080000B52] -> 0xE04F
[729] [M]: 0x0000000080000B50 (0xE04F2F9B) psextb.h t6, t5
x31 <- 0x0000FFFCFFAAFFFF

mem[X,0x0000000080000B54] -> 0xB823
mem[X,0x0000000080000B56] -> 0x23F0
[730] [M]: 0x0000000080000B54 (0x23F0B823) sd t6, 0x230(ra)
mem[0x00000000800034E8] <- 0x0000FFFCFFAAFFFF

mem[X,0x0000000080000B58] -> 0x1F37
mem[X,0x0000000080000B5A] -> 0x7FFF
[731] [M]: 0x0000000080000B58 (0x7FFF1F37) lui t5, 0x7fff1
x30 <- 0x000000007FFF1000

mem[X,0x0000000080000B5C] -> 0x0F13
mem[X,0x0000000080000B5E] -> 0x000F
[732] [M]: 0x0000000080000B5C (0x000F0F13) addi t5, t5, 0x0
x30 <- 0x000000007FFF1000

mem[X,0x0000000080000B60] -> 0x1F13
mem[X,0x0000000080000B62] -> 0x00BF
[733] [M]: 0x0000000080000B60 (0x00BF1F13) slli t5, t5, 0xb
x30 <- 0x000003FFF8800000

mem[X,0x0000000080000B64] -> 0x0F13
mem[X,0x0000000080000B66] -> 0x5FFF
[734] [M]: 0x0000000080000B64 (0x5FFF0F13) addi t5, t5, 0x5ff
x30 <- 0x000003FFF88005FF

mem[X,0x0000000080000B68] -> 0x1F13
mem[X,0x0000000080000B6A] -> 0x00BF
[735] [M]: 0x0000000080000B68 (0x00BF1F13) slli t5, t5, 0xb
x30 <- 0x001FFFC4002FF800

mem[X,0x0000000080000B6C] -> 0x0F13
mem[X,0x0000000080000B6E] -> 0x7FFF
[736] [M]: 0x0000000080000B6C (0x7FFF0F13) addi t5, t5, 0x7ff
x30 <- 0x001FFFC4002FFFFF

mem[X,0x0000000080000B70] -> 0x1F13
mem[X,0x0000000080000B72] -> 0x00AF
[737] [M]: 0x0000000080000B70 (0x00AF1F13) slli t5, t5, 0xa
x30 <- 0x7FFF1000BFFFFC00

mem[X,0x0000000080000B74] -> 0x0F13
mem[X,0x0000000080000B76] -> 0x3F6F
[738] [M]: 0x0000000080000B74 (0x3F6F0F13) addi t5, t5, 0x3f6
x30 <- 0x7FFF1000BFFFFFF6

mem[X,0x0000000080000B78] -> 0x2F9B
mem[X,0x0000000080000B7A] -> 0xE04F
[739] [M]: 0x0000000080000B78 (0xE04F2F9B) psextb.h t6, t5
x31 <- 0xFFFF0000FFFFFFF6

mem[X,0x0000000080000B7C] -> 0xB023
mem[X,0x0000000080000B7E] -> 0x25F0
[740] [M]: 0x0000000080000B7C (0x25F0B023) sd t6, 0x240(ra)
mem[0x00000000800034F8] <- 0xFFFF0000FFFFFFF6

mem[X,0x0000000080000B80] -> 0x0F37
mem[X,0x0000000080000B82] -> 0x0005
[741] [M]: 0x0000000080000B80 (0x00050F37) lui t5, 0x50
x30 <- 0x0000000000050000

mem[X,0x0000000080000B84] -> 0x0F13
mem[X,0x0000000080000B86] -> 0xFFFF
[742] [M]: 0x0000000080000B84 (0xFFFF0F13) addi t5, t5, -0x1
x30 <- 0x000000000004FFFF

mem[X,0x0000000080000B88] -> 0x1F13
mem[X,0x0000000080000B8A] -> 0x00BF
[743] [M]: 0x0000000080000B88 (0x00BF1F13) slli t5, t5, 0xb
x30 <- 0x0000000027FFF800

mem[X,0x0000000080000B8C] -> 0x0F13
mem[X,0x0000000080000B8E] -> 0x7BFF
[744] [M]: 0x0000000080000B8C (0x7BFF0F13) addi t5, t5, 0x7bf
x30 <- 0x0000000027FFFFBF

mem[X,0x0000000080000B90] -> 0x1F13
mem[X,0x0000000080000B92] -> 0x00BF
[745] [M]: 0x0000000080000B90 (0x00BF1F13) slli t5, t5, 0xb
x30 <- 0x0000013FFFFDF800

mem[X,0x0000000080000B94] -> 0x0F13
mem[X,0x0000000080000B96] -> 0x7C0F
[746] [M]: 0x0000000080000B94 (0x7C0F0F13) addi t5, t5, 0x7c0
x30 <- 0x0000013FFFFDFFC0

mem[X,0x0000000080000B98] -> 0x1F13
mem[X,0x0000000080000B9A] -> 0x00AF
[747] [M]: 0x0000000080000B98 (0x00AF1F13) slli t5, t5, 0xa
x30 <- 0x0004FFFFF7FF0000

mem[X,0x0000000080000B9C] -> 0x0F13
mem[X,0x0000000080000B9E] -> 0x080F
[748] [M]: 0x0000000080000B9C (0x080F0F13) addi t5, t5, 0x80
x30 <- 0x0004FFFFF7FF0080

mem[X,0x0000000080000BA0] -> 0x2F9B
mem[X,0x0000000080000BA2] -> 0xE04F
[749] [M]: 0x0000000080000BA0 (0xE04F2F9B) psextb.h t6, t5
x31 <- 0x0004FFFFFFFFFF80

mem[X,0x0000000080000BA4] -> 0xB823
mem[X,0x0000000080000BA6] -> 0x25F0
[750] [M]: 0x0000000080000BA4 (0x25F0B823) sd t6, 0x250(ra)
mem[0x0000000080003508] <- 0x0004FFFFFFFFFF80

mem[X,0x0000000080000BA8] -> 0x0F37
mem[X,0x0000000080000BAA] -> 0x0010
[751] [M]: 0x0000000080000BA8 (0x00100F37) lui t5, 0x100
x30 <- 0x0000000000100000

mem[X,0x0000000080000BAC] -> 0x0F13
mem[X,0x0000000080000BAE] -> 0x003F
[752] [M]: 0x0000000080000BAC (0x003F0F13) addi t5, t5, 0x3
x30 <- 0x0000000000100003

mem[X,0x0000000080000BB0] -> 0x1F13
mem[X,0x0000000080000BB2] -> 0x00BF
[753] [M]: 0x0000000080000BB0 (0x00BF1F13) slli t5, t5, 0xb
x30 <- 0x0000000080001800

mem[X,0x0000000080000BB4] -> 0x0F13
mem[X,0x0000000080000BB6] -> 0x7F7F
[754] [M]: 0x0000000080000BB4 (0x7F7F0F13) addi t5, t5, 0x7f7
x30 <- 0x0000000080001FF7

mem[X,0x0000000080000BB8] -> 0x1F13
mem[X,0x0000000080000BBA] -> 0x00BF
[755] [M]: 0x0000000080000BB8 (0x00BF1F13) slli t5, t5, 0xb
x30 <- 0x0000040000FFB800

mem[X,0x0000000080000BBC] -> 0x0F13
mem[X,0x0000000080000BBE] -> 0x7C0F
[756] [M]: 0x0000000080000BBC (0x7C0F0F13) addi t5, t5, 0x7c0
x30 <- 0x0000040000FFBFC0

mem[X,0x0000000080000BC0] -> 0x1F13
mem[X,0x0000000080000BC2] -> 0x00AF
[757] [M]: 0x0000000080000BC0 (0x00AF1F13) slli t5, t5, 0xa
x30 <- 0x00100003FEFF0000

mem[X,0x0000000080000BC4] -> 0x0F13
mem[X,0x0000000080000BC6] -> 0x006F
[758] [M]: 0x0000000080000BC4 (0x006F0F13) addi t5, t5, 0x6
x30 <- 0x00100003FEFF0006

mem[X,0x0000000080000BC8] -> 0x2F9B
mem[X,0x0000000080000BCA] -> 0xE04F
[759] [M]: 0x0000000080000BC8 (0xE04F2F9B) psextb.h t6, t5
x31 <- 0x00100003FFFF0006

mem[X,0x0000000080000BCC] -> 0xB023
mem[X,0x0000000080000BCE] -> 0x27F0
[760] [M]: 0x0000000080000BCC (0x27F0B023) sd t6, 0x260(ra)
mem[0x0000000080003518] <- 0x00100003FFFF0006

mem[X,0x0000000080000BD0] -> 0x0F37
mem[X,0x0000000080000BD2] -> 0xFFFE
[761] [M]: 0x0000000080000BD0 (0xFFFE0F37) lui t5, -0x20
x30 <- 0xFFFFFFFFFFFE0000

mem[X,0x0000000080000BD4] -> 0x0F13
mem[X,0x0000000080000BD6] -> 0x100F
[762] [M]: 0x0000000080000BD4 (0x100F0F13) addi t5, t5, 0x100
x30 <- 0xFFFFFFFFFFFE0100

mem[X,0x0000000080000BD8] -> 0x1F13
mem[X,0x0000000080000BDA] -> 0x00BF
[763] [M]: 0x0000000080000BD8 (0x00BF1F13) slli t5, t5, 0xb
x30 <- 0xFFFFFFFFF0080000

mem[X,0x0000000080000BDC] -> 0x0F13
mem[X,0x0000000080000BDE] -> 0x7FFF
[764] [M]: 0x0000000080000BDC (0x7FFF0F13) addi t5, t5, 0x7ff
x30 <- 0xFFFFFFFFF00807FF

mem[X,0x0000000080000BE0] -> 0x1F13
mem[X,0x0000000080000BE2] -> 0x00BF
[765] [M]: 0x0000000080000BE0 (0x00BF1F13) slli t5, t5, 0xb
x30 <- 0xFFFFFF80403FF800

mem[X,0x0000000080000BE4] -> 0x0F13
mem[X,0x0000000080000BE6] -> 0x7BBF
[766] [M]: 0x0000000080000BE4 (0x7BBF0F13) addi t5, t5, 0x7bb
x30 <- 0xFFFFFF80403FFFBB

mem[X,0x0000000080000BE8] -> 0x1F13
mem[X,0x0000000080000BEA] -> 0x00AF
[767] [M]: 0x0000000080000BE8 (0x00AF1F13) slli t5, t5, 0xa
x30 <- 0xFFFE0100FFFEEC00

mem[X,0x0000000080000BEC] -> 0x0F13
mem[X,0x0000000080000BEE] -> 0x3FFF
[768] [M]: 0x0000000080000BEC (0x3FFF0F13) addi t5, t5, 0x3ff
x30 <- 0xFFFE0100FFFEEFFF

mem[X,0x0000000080000BF0] -> 0x2F9B
mem[X,0x0000000080000BF2] -> 0xE04F
[769] [M]: 0x0000000080000BF0 (0xE04F2F9B) psextb.h t6, t5
x31 <- 0xFFFE0000FFFEFFFF

mem[X,0x0000000080000BF4] -> 0xB823
mem[X,0x0000000080000BF6] -> 0x27F0
[770] [M]: 0x0000000080000BF4 (0x27F0B823) sd t6, 0x270(ra)
mem[0x0000000080003528] <- 0xFFFE0000FFFEFFFF

mem[X,0x0000000080000BF8] -> 0x8F37
mem[X,0x0000000080000BFA] -> 0xFFF7
[771] [M]: 0x0000000080000BF8 (0xFFF78F37) lui t5, -0x88
x30 <- 0xFFFFFFFFFFF78000

mem[X,0x0000000080000BFC] -> 0x0F13
mem[X,0x0000000080000BFE] -> 0xFFFF
[772] [M]: 0x0000000080000BFC (0xFFFF0F13) addi t5, t5, -0x1
x30 <- 0xFFFFFFFFFFF77FFF

mem[X,0x0000000080000C00] -> 0x1F13
mem[X,0x0000000080000C02] -> 0x00BF
[773] [M]: 0x0000000080000C00 (0x00BF1F13) slli t5, t5, 0xb
x30 <- 0xFFFFFFFFBBFFF800

mem[X,0x0000000080000C04] -> 0x0F13
mem[X,0x0000000080000C06] -> 0x7FFF
[774] [M]: 0x0000000080000C04 (0x7FFF0F13) addi t5, t5, 0x7ff
x30 <- 0xFFFFFFFFBBFFFFFF

mem[X,0x0000000080000C08] -> 0x1F13
mem[X,0x0000000080000C0A] -> 0x00BF
[775] [M]: 0x0000000080000C08 (0x00BF1F13) slli t5, t5, 0xb
x30 <- 0xFFFFFDDFFFFFF800

mem[X,0x0000000080000C0C] -> 0x0F13
mem[X,0x0000000080000C0E] -> 0x741F
[776] [M]: 0x0000000080000C0C (0x741F0F13) addi t5, t5, 0x741
x30 <- 0xFFFFFDDFFFFFFF41

mem[X,0x0000000080000C10] -> 0x1F13
mem[X,0x0000000080000C12] -> 0x00AF
[777] [M]: 0x0000000080000C10 (0x00AF1F13) slli t5, t5, 0xa
x30 <- 0xFFF77FFFFFFD0400

mem[X,0x0000000080000C14] -> 0x2F9B
mem[X,0x0000000080000C16] -> 0xE04F
[778] [M]: 0x0000000080000C14 (0xE04F2F9B) psextb.h t6, t5
x31 <- 0xFFF7FFFFFFFD0000

mem[X,0x0000000080000C18] -> 0xB023
mem[X,0x0000000080000C1A] -> 0x29F0
[779] [M]: 0x0000000080000C18 (0x29F0B023) sd t6, 0x280(ra)
mem[0x0000000080003538] <- 0xFFF7FFFFFFFD0000

mem[X,0x0000000080000C1C] -> 0x8F37
mem[X,0x0000000080000C1E] -> 0x1000
[780] [M]: 0x0000000080000C1C (0x10008F37) lui t5, 0x10008
x30 <- 0x0000000010008000

mem[X,0x0000000080000C20] -> 0x0F13
mem[X,0x0000000080000C22] -> 0x000F
[781] [M]: 0x0000000080000C20 (0x000F0F13) addi t5, t5, 0x0
x30 <- 0x0000000010008000

mem[X,0x0000000080000C24] -> 0x1F13
mem[X,0x0000000080000C26] -> 0x00BF
[782] [M]: 0x0000000080000C24 (0x00BF1F13) slli t5, t5, 0xb
x30 <- 0x0000008004000000

mem[X,0x0000000080000C28] -> 0x0F13
mem[X,0x0000000080000C2A] -> 0x77FF
[783] [M]: 0x0000000080000C28 (0x77FF0F13) addi t5, t5, 0x77f
x30 <- 0x000000800400077F

mem[X,0x0000000080000C2C] -> 0x1F13
mem[X,0x0000000080000C2E] -> 0x00BF
[784] [M]: 0x0000000080000C2C (0x00BF1F13) slli t5, t5, 0xb
x30 <- 0x00040020003BF800

mem[X,0x0000000080000C30] -> 0x0F13
mem[X,0x0000000080000C32] -> 0x7FDF
[785] [M]: 0x0000000080000C30 (0x7FDF0F13) addi t5, t5, 0x7fd
x30 <- 0x00040020003BFFFD

mem[X,0x0000000080000C34] -> 0x1F13
mem[X,0x0000000080000C36] -> 0x00AF
[786] [M]: 0x0000000080000C34 (0x00AF1F13) slli t5, t5, 0xa
x30 <- 0x10008000EFFFF400

mem[X,0x0000000080000C38] -> 0x0F13
mem[X,0x0000000080000C3A] -> 0x3FFF
[787] [M]: 0x0000000080000C38 (0x3FFF0F13) addi t5, t5, 0x3ff
x30 <- 0x10008000EFFFF7FF

mem[X,0x0000000080000C3C] -> 0x2F9B
mem[X,0x0000000080000C3E] -> 0xE04F
[788] [M]: 0x0000000080000C3C (0xE04F2F9B) psextb.h t6, t5
x31 <- 0x00000000FFFFFFFF

mem[X,0x0000000080000C40] -> 0xB823
mem[X,0x0000000080000C42] -> 0x29F0
[789] [M]: 0x0000000080000C40 (0x29F0B823) sd t6, 0x290(ra)
mem[0x0000000080003548] <- 0x00000000FFFFFFFF

mem[X,0x0000000080000C44] -> 0x0F37
mem[X,0x0000000080000C46] -> 0x0002
[790] [M]: 0x0000000080000C44 (0x00020F37) lui t5, 0x20
x30 <- 0x0000000000020000

mem[X,0x0000000080000C48] -> 0x0F13
mem[X,0x0000000080000C4A] -> 0x009F
[791] [M]: 0x0000000080000C48 (0x009F0F13) addi t5, t5, 0x9
x30 <- 0x0000000000020009

mem[X,0x0000000080000C4C] -> 0x1F13
mem[X,0x0000000080000C4E] -> 0x00BF
[792] [M]: 0x0000000080000C4C (0x00BF1F13) slli t5, t5, 0xb
x30 <- 0x0000000010004800

mem[X,0x0000000080000C50] -> 0x0F13
mem[X,0x0000000080000C52] -> 0x7FDF
[793] [M]: 0x0000000080000C50 (0x7FDF0F13) addi t5, t5, 0x7fd
x30 <- 0x0000000010004FFD

mem[X,0x0000000080000C54] -> 0x1F13
mem[X,0x0000000080000C56] -> 0x00BF
[794] [M]: 0x0000000080000C54 (0x00BF1F13) slli t5, t5, 0xb
x30 <- 0x00000080027FE800

mem[X,0x0000000080000C58] -> 0x0F13
mem[X,0x0000000080000C5A] -> 0x7FBF
[795] [M]: 0x0000000080000C58 (0x7FBF0F13) addi t5, t5, 0x7fb
x30 <- 0x00000080027FEFFB

mem[X,0x0000000080000C5C] -> 0x1F13
mem[X,0x0000000080000C5E] -> 0x00AF
[796] [M]: 0x0000000080000C5C (0x00AF1F13) slli t5, t5, 0xa
x30 <- 0x00020009FFBFEC00

mem[X,0x0000000080000C60] -> 0x0F13
mem[X,0x0000000080000C62] -> 0x3FFF
[797] [M]: 0x0000000080000C60 (0x3FFF0F13) addi t5, t5, 0x3ff
x30 <- 0x00020009FFBFEFFF

mem[X,0x0000000080000C64] -> 0x2F9B
mem[X,0x0000000080000C66] -> 0xE04F
[798] [M]: 0x0000000080000C64 (0xE04F2F9B) psextb.h t6, t5
x31 <- 0x00020009FFBFFFFF

mem[X,0x0000000080000C68] -> 0xB023
mem[X,0x0000000080000C6A] -> 0x2BF0
[799] [M]: 0x0000000080000C68 (0x2BF0B023) sd t6, 0x2a0(ra)
mem[0x0000000080003558] <- 0x00020009FFBFFFFF

clint::tick mtime <- 0x0000000000000008
 clint timer pending at mtime 0x0000000000000008
htif::tick 0x0000000000000000
mem[X,0x0000000080000C6C] -> 0x0F37
mem[X,0x0000000080000C6E] -> 0xE000
[800] [M]: 0x0000000080000C6C (0xE0000F37) lui t5, -0x20000
x30 <- 0xFFFFFFFFE0000000

mem[X,0x0000000080000C70] -> 0x0F13
mem[X,0x0000000080000C72] -> 0xFF8F
[801] [M]: 0x0000000080000C70 (0xFF8F0F13) addi t5, t5, -0x8
x30 <- 0xFFFFFFFFDFFFFFF8

mem[X,0x0000000080000C74] -> 0x1F13
mem[X,0x0000000080000C76] -> 0x00BF
[802] [M]: 0x0000000080000C74 (0x00BF1F13) slli t5, t5, 0xb
x30 <- 0xFFFFFEFFFFFFC000

mem[X,0x0000000080000C78] -> 0x0F13
mem[X,0x0000000080000C7A] -> 0x7FBF
[803] [M]: 0x0000000080000C78 (0x7FBF0F13) addi t5, t5, 0x7fb
x30 <- 0xFFFFFEFFFFFFC7FB

mem[X,0x0000000080000C7C] -> 0x1F13
mem[X,0x0000000080000C7E] -> 0x00BF
[804] [M]: 0x0000000080000C7C (0x00BF1F13) slli t5, t5, 0xb
x30 <- 0xFFF7FFFFFE3FD800

mem[X,0x0000000080000C80] -> 0x0F13
mem[X,0x0000000080000C82] -> 0x7FFF
[805] [M]: 0x0000000080000C80 (0x7FFF0F13) addi t5, t5, 0x7ff
x30 <- 0xFFF7FFFFFE3FDFFF

mem[X,0x0000000080000C84] -> 0x1F13
mem[X,0x0000000080000C86] -> 0x00AF
[806] [M]: 0x0000000080000C84 (0x00AF1F13) slli t5, t5, 0xa
x30 <- 0xDFFFFFF8FF7FFC00

mem[X,0x0000000080000C88] -> 0x0F13
mem[X,0x0000000080000C8A] -> 0x3BFF
[807] [M]: 0x0000000080000C88 (0x3BFF0F13) addi t5, t5, 0x3bf
x30 <- 0xDFFFFFF8FF7FFFBF

mem[X,0x0000000080000C8C] -> 0x2F9B
mem[X,0x0000000080000C8E] -> 0xE04F
[808] [M]: 0x0000000080000C8C (0xE04F2F9B) psextb.h t6, t5
x31 <- 0xFFFFFFF8007FFFBF

mem[X,0x0000000080000C90] -> 0xB823
mem[X,0x0000000080000C92] -> 0x2BF0
[809] [M]: 0x0000000080000C90 (0x2BF0B823) sd t6, 0x2b0(ra)
mem[0x0000000080003568] <- 0xFFFFFFF8007FFFBF

mem[X,0x0000000080000C94] -> 0x0F37
mem[X,0x0000000080000C96] -> 0xBFFF
[810] [M]: 0x0000000080000C94 (0xBFFF0F37) lui t5, -0x40010
x30 <- 0xFFFFFFFFBFFF0000

mem[X,0x0000000080000C98] -> 0x0F13
mem[X,0x0000000080000C9A] -> 0x000F
[811] [M]: 0x0000000080000C98 (0x000F0F13) addi t5, t5, 0x0
x30 <- 0xFFFFFFFFBFFF0000

mem[X,0x0000000080000C9C] -> 0x1F13
mem[X,0x0000000080000C9E] -> 0x00BF
[812] [M]: 0x0000000080000C9C (0x00BF1F13) slli t5, t5, 0xb
x30 <- 0xFFFFFDFFF8000000

mem[X,0x0000000080000CA0] -> 0x0F13
mem[X,0x0000000080000CA2] -> 0x040F
[813] [M]: 0x0000000080000CA0 (0x040F0F13) addi t5, t5, 0x40
x30 <- 0xFFFFFDFFF8000040

mem[X,0x0000000080000CA4] -> 0x1F13
mem[X,0x0000000080000CA6] -> 0x00BF
[814] [M]: 0x0000000080000CA4 (0x00BF1F13) slli t5, t5, 0xb
x30 <- 0xFFEFFFC000020000

mem[X,0x0000000080000CA8] -> 0x0F13
mem[X,0x0000000080000CAA] -> 0x000F
[815] [M]: 0x0000000080000CA8 (0x000F0F13) addi t5, t5, 0x0
x30 <- 0xFFEFFFC000020000

mem[X,0x0000000080000CAC] -> 0x1F13
mem[X,0x0000000080000CAE] -> 0x00AF
[816] [M]: 0x0000000080000CAC (0x00AF1F13) slli t5, t5, 0xa
x30 <- 0xBFFF000008000000

mem[X,0x0000000080000CB0] -> 0x0F13
mem[X,0x0000000080000CB2] -> 0x100F
[817] [M]: 0x0000000080000CB0 (0x100F0F13) addi t5, t5, 0x100
x30 <- 0xBFFF000008000100

mem[X,0x0000000080000CB4] -> 0x2F9B
mem[X,0x0000000080000CB6] -> 0xE04F
[818] [M]: 0x0000000080000CB4 (0xE04F2F9B) psextb.h t6, t5
x31 <- 0xFFFF000000000000

mem[X,0x0000000080000CB8] -> 0xB023
mem[X,0x0000000080000CBA] -> 0x2DF0
[819] [M]: 0x0000000080000CB8 (0x2DF0B023) sd t6, 0x2c0(ra)
mem[0x0000000080003578] <- 0xFFFF000000000000

mem[X,0x0000000080000CBC] -> 0xEF37
mem[X,0x0000000080000CBE] -> 0x4000
[820] [M]: 0x0000000080000CBC (0x4000EF37) lui t5, 0x4000e
x30 <- 0x000000004000E000

mem[X,0x0000000080000CC0] -> 0x0F13
mem[X,0x0000000080000CC2] -> 0xFFFF
[821] [M]: 0x0000000080000CC0 (0xFFFF0F13) addi t5, t5, -0x1
x30 <- 0x000000004000DFFF

mem[X,0x0000000080000CC4] -> 0x1F13
mem[X,0x0000000080000CC6] -> 0x00BF
[822] [M]: 0x0000000080000CC4 (0x00BF1F13) slli t5, t5, 0xb
x30 <- 0x0000020006FFF800

mem[X,0x0000000080000CC8] -> 0x0F13
mem[X,0x0000000080000CCA] -> 0x7FFF
[823] [M]: 0x0000000080000CC8 (0x7FFF0F13) addi t5, t5, 0x7ff
x30 <- 0x0000020006FFFFFF

mem[X,0x0000000080000CCC] -> 0x1F13
mem[X,0x0000000080000CCE] -> 0x00BF
[824] [M]: 0x0000000080000CCC (0x00BF1F13) slli t5, t5, 0xb
x30 <- 0x00100037FFFFF800

mem[X,0x0000000080000CD0] -> 0x0F13
mem[X,0x0000000080000CD2] -> 0x3FFF
[825] [M]: 0x0000000080000CD0 (0x3FFF0F13) addi t5, t5, 0x3ff
x30 <- 0x00100037FFFFFBFF

mem[X,0x0000000080000CD4] -> 0x1F13
mem[X,0x0000000080000CD6] -> 0x00AF
[826] [M]: 0x0000000080000CD4 (0x00AF1F13) slli t5, t5, 0xa
x30 <- 0x4000DFFFFFEFFC00

mem[X,0x0000000080000CD8] -> 0x0F13
mem[X,0x0000000080000CDA] -> 0x3F7F
[827] [M]: 0x0000000080000CD8 (0x3F7F0F13) addi t5, t5, 0x3f7
x30 <- 0x4000DFFFFFEFFFF7

mem[X,0x0000000080000CDC] -> 0x2F9B
mem[X,0x0000000080000CDE] -> 0xE04F
[828] [M]: 0x0000000080000CDC (0xE04F2F9B) psextb.h t6, t5
x31 <- 0x0000FFFFFFEFFFF7

mem[X,0x0000000080000CE0] -> 0xB823
mem[X,0x0000000080000CE2] -> 0x2DF0
[829] [M]: 0x0000000080000CE0 (0x2DF0B823) sd t6, 0x2d0(ra)
mem[0x0000000080003588] <- 0x0000FFFFFFEFFFF7

mem[X,0x0000000080000CE4] -> 0x006F
mem[X,0x0000000080000CE6] -> 0x0380
[830] [M]: 0x0000000080000CE4 (0x0380006F) jal zero, 0x38

mem[X,0x0000000080000D1C] -> 0x0093
mem[X,0x0000000080000D1E] -> 0x0010
[831] [M]: 0x0000000080000D1C (0x00100093) addi ra, zero, 0x1
x1 <- 0x0000000000000001

mem[X,0x0000000080000D20] -> 0x0F17
mem[X,0x0000000080000D22] -> 0x0000
[832] [M]: 0x0000000080000D20 (0x00000F17) auipc t5, 0x0
x30 <- 0x0000000080000D20

mem[X,0x0000000080000D24] -> 0x2023
mem[X,0x0000000080000D26] -> 0x2E1F
[833] [M]: 0x0000000080000D24 (0x2E1F2023) sw ra, 0x2e0(t5)
htif[0x0000000080001000] <- 0x00000001

mem[X,0x0000000080000D28] -> 0xF06F
mem[X,0x0000000080000D2A] -> 0xFF9F
[834] [M]: 0x0000000080000D28 (0xFF9FF06F) jal zero, -0x8

mem[X,0x0000000080000D20] -> 0x0F17
mem[X,0x0000000080000D22] -> 0x0000
[835] [M]: 0x0000000080000D20 (0x00000F17) auipc t5, 0x0
x30 <- 0x0000000080000D20

mem[X,0x0000000080000D24] -> 0x2023
mem[X,0x0000000080000D26] -> 0x2E1F
[836] [M]: 0x0000000080000D24 (0x2E1F2023) sw ra, 0x2e0(t5)
htif[0x0000000080001000] <- 0x00000001

mem[X,0x0000000080000D28] -> 0xF06F
mem[X,0x0000000080000D2A] -> 0xFF9F
[837] [M]: 0x0000000080000D28 (0xFF9FF06F) jal zero, -0x8

mem[X,0x0000000080000D20] -> 0x0F17
mem[X,0x0000000080000D22] -> 0x0000
[838] [M]: 0x0000000080000D20 (0x00000F17) auipc t5, 0x0
x30 <- 0x0000000080000D20

mem[X,0x0000000080000D24] -> 0x2023
mem[X,0x0000000080000D26] -> 0x2E1F
[839] [M]: 0x0000000080000D24 (0x2E1F2023) sw ra, 0x2e0(t5)
htif[0x0000000080001000] <- 0x00000001
htif-syscall-proxy cmd: 0x000000000001

SUCCESS
