using /home/chsu/rvp-workspace/test-example/riscof_work/psextb.h-01.S/ref/Reference-sail_c_simulator.signature for test-signature output.
tohost located at 0x80001000
Running file ref.elf.
ELF Entry @ 0x80000000
begin_signature: 0x80003110
end_signature: 0x80003360
CSR mstatus <- 0x00000000 (input: 0x00000000)
mem[X,0x00001000] -> 0x0297
mem[X,0x00001002] -> 0x0000
[0] [M]: 0x00001000 (0x00000297) auipc t0, 0x0
x5 <- 0x00001000

mem[X,0x00001004] -> 0x8593
mem[X,0x00001006] -> 0x0202
[1] [M]: 0x00001004 (0x02028593) addi a1, t0, 0x20
x11 <- 0x00001020

mem[X,0x00001008] -> 0x2573
mem[X,0x0000100A] -> 0xF140
[2] [M]: 0x00001008 (0xF1402573) csrrs a0, mhartid, zero
CSR mhartid -> 0x00000000
x10 <- 0x00000000

mem[X,0x0000100C] -> 0xA283
mem[X,0x0000100E] -> 0x0182
[3] [M]: 0x0000100C (0x0182A283) lw t0, 0x18(t0)
mem[R,0x00001018] -> 0x80000000
x5 <- 0x80000000

mem[X,0x00001010] -> 0x8067
mem[X,0x00001012] -> 0x0002
[4] [M]: 0x00001010 (0x00028067) jalr zero, 0x0(t0)

mem[X,0x80000000] -> 0x0837
mem[X,0x80000002] -> 0x7D5C
[5] [M]: 0x80000000 (0x7D5C0837) lui a6, 0x7d5c0
x16 <- 0x7D5C0000

mem[X,0x80000004] -> 0x0813
mem[X,0x80000006] -> 0xDDB8
[6] [M]: 0x80000004 (0xDDB80813) addi a6, a6, -0x225
x16 <- 0x7D5BFDDB

mem[X,0x80000008] -> 0x5893
mem[X,0x8000000A] -> 0x0078
[7] [M]: 0x80000008 (0x00785893) srli a7, a6, 0x7
x17 <- 0x00FAB7FB

mem[X,0x8000000C] -> 0x5793
mem[X,0x8000000E] -> 0x0198
[8] [M]: 0x8000000C (0x01985793) srli a5, a6, 0x19
x15 <- 0x0000003E

mem[X,0x80000010] -> 0xE8B3
mem[X,0x80000012] -> 0x00F8
[9] [M]: 0x80000010 (0x00F8E8B3) or a7, a7, a5
x17 <- 0x00FAB7FF

mem[X,0x80000014] -> 0xD913
mem[X,0x80000016] -> 0x0078
[10] [M]: 0x80000014 (0x0078D913) srli s2, a7, 0x7
x18 <- 0x0001F56F

mem[X,0x80000018] -> 0xD793
mem[X,0x8000001A] -> 0x0198
[11] [M]: 0x80000018 (0x0198D793) srli a5, a7, 0x19
x15 <- 0x00000000

mem[X,0x8000001C] -> 0x6933
mem[X,0x8000001E] -> 0x00F9
[12] [M]: 0x8000001C (0x00F96933) or s2, s2, a5
x18 <- 0x0001F56F

mem[X,0x80000020] -> 0x5993
mem[X,0x80000022] -> 0x0079
[13] [M]: 0x80000020 (0x00795993) srli s3, s2, 0x7
x19 <- 0x000003EA

mem[X,0x80000024] -> 0x5793
mem[X,0x80000026] -> 0x0199
[14] [M]: 0x80000024 (0x01995793) srli a5, s2, 0x19
x15 <- 0x00000000

mem[X,0x80000028] -> 0xE9B3
mem[X,0x8000002A] -> 0x00F9
[15] [M]: 0x80000028 (0x00F9E9B3) or s3, s3, a5
x19 <- 0x000003EA

mem[X,0x8000002C] -> 0xDA13
mem[X,0x8000002E] -> 0x0079
[16] [M]: 0x8000002C (0x0079DA13) srli s4, s3, 0x7
x20 <- 0x00000007

mem[X,0x80000030] -> 0xD793
mem[X,0x80000032] -> 0x0199
[17] [M]: 0x80000030 (0x0199D793) srli a5, s3, 0x19
x15 <- 0x00000000

mem[X,0x80000034] -> 0x6A33
mem[X,0x80000036] -> 0x00FA
[18] [M]: 0x80000034 (0x00FA6A33) or s4, s4, a5
x20 <- 0x00000007

mem[X,0x80000038] -> 0x5A93
mem[X,0x8000003A] -> 0x007A
[19] [M]: 0x80000038 (0x007A5A93) srli s5, s4, 0x7
x21 <- 0x00000000

mem[X,0x8000003C] -> 0x5793
mem[X,0x8000003E] -> 0x019A
[20] [M]: 0x8000003C (0x019A5793) srli a5, s4, 0x19
x15 <- 0x00000000

mem[X,0x80000040] -> 0xEAB3
mem[X,0x80000042] -> 0x00FA
[21] [M]: 0x80000040 (0x00FAEAB3) or s5, s5, a5
x21 <- 0x00000000

mem[X,0x80000044] -> 0xDB13
mem[X,0x80000046] -> 0x007A
[22] [M]: 0x80000044 (0x007ADB13) srli s6, s5, 0x7
x22 <- 0x00000000

mem[X,0x80000048] -> 0xD793
mem[X,0x8000004A] -> 0x019A
[23] [M]: 0x80000048 (0x019AD793) srli a5, s5, 0x19
x15 <- 0x00000000

mem[X,0x8000004C] -> 0x6B33
mem[X,0x8000004E] -> 0x00FB
[24] [M]: 0x8000004C (0x00FB6B33) or s6, s6, a5
x22 <- 0x00000000

mem[X,0x80000050] -> 0x5B93
mem[X,0x80000052] -> 0x007B
[25] [M]: 0x80000050 (0x007B5B93) srli s7, s6, 0x7
x23 <- 0x00000000

mem[X,0x80000054] -> 0x5793
mem[X,0x80000056] -> 0x019B
[26] [M]: 0x80000054 (0x019B5793) srli a5, s6, 0x19
x15 <- 0x00000000

mem[X,0x80000058] -> 0xEBB3
mem[X,0x8000005A] -> 0x00FB
[27] [M]: 0x80000058 (0x00FBEBB3) or s7, s7, a5
x23 <- 0x00000000

mem[X,0x8000005C] -> 0xDC13
mem[X,0x8000005E] -> 0x007B
[28] [M]: 0x8000005C (0x007BDC13) srli s8, s7, 0x7
x24 <- 0x00000000

mem[X,0x80000060] -> 0xD793
mem[X,0x80000062] -> 0x019B
[29] [M]: 0x80000060 (0x019BD793) srli a5, s7, 0x19
x15 <- 0x00000000

mem[X,0x80000064] -> 0x6C33
mem[X,0x80000066] -> 0x00FC
[30] [M]: 0x80000064 (0x00FC6C33) or s8, s8, a5
x24 <- 0x00000000

mem[X,0x80000068] -> 0x5C93
mem[X,0x8000006A] -> 0x007C
[31] [M]: 0x80000068 (0x007C5C93) srli s9, s8, 0x7
x25 <- 0x00000000

mem[X,0x8000006C] -> 0x5793
mem[X,0x8000006E] -> 0x019C
[32] [M]: 0x8000006C (0x019C5793) srli a5, s8, 0x19
x15 <- 0x00000000

mem[X,0x80000070] -> 0xECB3
mem[X,0x80000072] -> 0x00FC
[33] [M]: 0x80000070 (0x00FCECB3) or s9, s9, a5
x25 <- 0x00000000

mem[X,0x80000074] -> 0xDD13
mem[X,0x80000076] -> 0x007C
[34] [M]: 0x80000074 (0x007CDD13) srli s10, s9, 0x7
x26 <- 0x00000000

mem[X,0x80000078] -> 0xD793
mem[X,0x8000007A] -> 0x019C
[35] [M]: 0x80000078 (0x019CD793) srli a5, s9, 0x19
x15 <- 0x00000000

mem[X,0x8000007C] -> 0x6D33
mem[X,0x8000007E] -> 0x00FD
[36] [M]: 0x8000007C (0x00FD6D33) or s10, s10, a5
x26 <- 0x00000000

mem[X,0x80000080] -> 0x5D93
mem[X,0x80000082] -> 0x007D
[37] [M]: 0x80000080 (0x007D5D93) srli s11, s10, 0x7
x27 <- 0x00000000

mem[X,0x80000084] -> 0x5793
mem[X,0x80000086] -> 0x019D
[38] [M]: 0x80000084 (0x019D5793) srli a5, s10, 0x19
x15 <- 0x00000000

mem[X,0x80000088] -> 0xEDB3
mem[X,0x8000008A] -> 0x00FD
[39] [M]: 0x80000088 (0x00FDEDB3) or s11, s11, a5
x27 <- 0x00000000

mem[X,0x8000008C] -> 0xDE13
mem[X,0x8000008E] -> 0x007D
[40] [M]: 0x8000008C (0x007DDE13) srli t3, s11, 0x7
x28 <- 0x00000000

mem[X,0x80000090] -> 0xD793
mem[X,0x80000092] -> 0x019D
[41] [M]: 0x80000090 (0x019DD793) srli a5, s11, 0x19
x15 <- 0x00000000

mem[X,0x80000094] -> 0x6E33
mem[X,0x80000096] -> 0x00FE
[42] [M]: 0x80000094 (0x00FE6E33) or t3, t3, a5
x28 <- 0x00000000

mem[X,0x80000098] -> 0x5E93
mem[X,0x8000009A] -> 0x007E
[43] [M]: 0x80000098 (0x007E5E93) srli t4, t3, 0x7
x29 <- 0x00000000

mem[X,0x8000009C] -> 0x5793
mem[X,0x8000009E] -> 0x019E
[44] [M]: 0x8000009C (0x019E5793) srli a5, t3, 0x19
x15 <- 0x00000000

mem[X,0x800000A0] -> 0xEEB3
mem[X,0x800000A2] -> 0x00FE
[45] [M]: 0x800000A0 (0x00FEEEB3) or t4, t4, a5
x29 <- 0x00000000

mem[X,0x800000A4] -> 0xDF13
mem[X,0x800000A6] -> 0x007E
[46] [M]: 0x800000A4 (0x007EDF13) srli t5, t4, 0x7
x30 <- 0x00000000

mem[X,0x800000A8] -> 0xD793
mem[X,0x800000AA] -> 0x019E
[47] [M]: 0x800000A8 (0x019ED793) srli a5, t4, 0x19
x15 <- 0x00000000

mem[X,0x800000AC] -> 0x6F33
mem[X,0x800000AE] -> 0x00FF
[48] [M]: 0x800000AC (0x00FF6F33) or t5, t5, a5
x30 <- 0x00000000

mem[X,0x800000B0] -> 0xC0B7
mem[X,0x800000B2] -> 0xFEED
[49] [M]: 0x800000B0 (0xFEEDC0B7) lui ra, -0x1124
x1 <- 0xFEEDC000

mem[X,0x800000B4] -> 0x8093
mem[X,0x800000B6] -> 0xEAD0
[50] [M]: 0x800000B4 (0xEAD08093) addi ra, ra, -0x153
x1 <- 0xFEEDBEAD

mem[X,0x800000B8] -> 0xD113
mem[X,0x800000BA] -> 0x0070
[51] [M]: 0x800000B8 (0x0070D113) srli sp, ra, 0x7
x2 <- 0x01FDDB7D

mem[X,0x800000BC] -> 0xD793
mem[X,0x800000BE] -> 0x0190
[52] [M]: 0x800000BC (0x0190D793) srli a5, ra, 0x19
x15 <- 0x0000007F

mem[X,0x800000C0] -> 0x6133
mem[X,0x800000C2] -> 0x00F1
[53] [M]: 0x800000C0 (0x00F16133) or sp, sp, a5
x2 <- 0x01FDDB7F

mem[X,0x800000C4] -> 0x5193
mem[X,0x800000C6] -> 0x0071
[54] [M]: 0x800000C4 (0x00715193) srli gp, sp, 0x7
x3 <- 0x0003FBB6

mem[X,0x800000C8] -> 0x5793
mem[X,0x800000CA] -> 0x0191
[55] [M]: 0x800000C8 (0x01915793) srli a5, sp, 0x19
x15 <- 0x00000000

mem[X,0x800000CC] -> 0xE1B3
mem[X,0x800000CE] -> 0x00F1
[56] [M]: 0x800000CC (0x00F1E1B3) or gp, gp, a5
x3 <- 0x0003FBB6

mem[X,0x800000D0] -> 0xD213
mem[X,0x800000D2] -> 0x0071
[57] [M]: 0x800000D0 (0x0071D213) srli tp, gp, 0x7
x4 <- 0x000007F7

mem[X,0x800000D4] -> 0xD793
mem[X,0x800000D6] -> 0x0191
[58] [M]: 0x800000D4 (0x0191D793) srli a5, gp, 0x19
x15 <- 0x00000000

mem[X,0x800000D8] -> 0x6233
mem[X,0x800000DA] -> 0x00F2
[59] [M]: 0x800000D8 (0x00F26233) or tp, tp, a5
x4 <- 0x000007F7

mem[X,0x800000DC] -> 0x5293
mem[X,0x800000DE] -> 0x0072
[60] [M]: 0x800000DC (0x00725293) srli t0, tp, 0x7
x5 <- 0x0000000F

mem[X,0x800000E0] -> 0x5793
mem[X,0x800000E2] -> 0x0192
[61] [M]: 0x800000E0 (0x01925793) srli a5, tp, 0x19
x15 <- 0x00000000

mem[X,0x800000E4] -> 0xE2B3
mem[X,0x800000E6] -> 0x00F2
[62] [M]: 0x800000E4 (0x00F2E2B3) or t0, t0, a5
x5 <- 0x0000000F

mem[X,0x800000E8] -> 0xD313
mem[X,0x800000EA] -> 0x0072
[63] [M]: 0x800000E8 (0x0072D313) srli t1, t0, 0x7
x6 <- 0x00000000

mem[X,0x800000EC] -> 0xD793
mem[X,0x800000EE] -> 0x0192
[64] [M]: 0x800000EC (0x0192D793) srli a5, t0, 0x19
x15 <- 0x00000000

mem[X,0x800000F0] -> 0x6333
mem[X,0x800000F2] -> 0x00F3
[65] [M]: 0x800000F0 (0x00F36333) or t1, t1, a5
x6 <- 0x00000000

mem[X,0x800000F4] -> 0x5393
mem[X,0x800000F6] -> 0x0073
[66] [M]: 0x800000F4 (0x00735393) srli t2, t1, 0x7
x7 <- 0x00000000

mem[X,0x800000F8] -> 0x5793
mem[X,0x800000FA] -> 0x0193
[67] [M]: 0x800000F8 (0x01935793) srli a5, t1, 0x19
x15 <- 0x00000000

mem[X,0x800000FC] -> 0xE3B3
mem[X,0x800000FE] -> 0x00F3
[68] [M]: 0x800000FC (0x00F3E3B3) or t2, t2, a5
x7 <- 0x00000000

mem[X,0x80000100] -> 0xD413
mem[X,0x80000102] -> 0x0073
[69] [M]: 0x80000100 (0x0073D413) srli fp, t2, 0x7
x8 <- 0x00000000

mem[X,0x80000104] -> 0xD793
mem[X,0x80000106] -> 0x0193
[70] [M]: 0x80000104 (0x0193D793) srli a5, t2, 0x19
x15 <- 0x00000000

mem[X,0x80000108] -> 0x6433
mem[X,0x8000010A] -> 0x00F4
[71] [M]: 0x80000108 (0x00F46433) or fp, fp, a5
x8 <- 0x00000000

mem[X,0x8000010C] -> 0x5493
mem[X,0x8000010E] -> 0x0074
[72] [M]: 0x8000010C (0x00745493) srli s1, fp, 0x7
x9 <- 0x00000000

mem[X,0x80000110] -> 0x5793
mem[X,0x80000112] -> 0x0194
[73] [M]: 0x80000110 (0x01945793) srli a5, fp, 0x19
x15 <- 0x00000000

mem[X,0x80000114] -> 0xE4B3
mem[X,0x80000116] -> 0x00F4
[74] [M]: 0x80000114 (0x00F4E4B3) or s1, s1, a5
x9 <- 0x00000000

mem[X,0x80000118] -> 0xD513
mem[X,0x8000011A] -> 0x0074
[75] [M]: 0x80000118 (0x0074D513) srli a0, s1, 0x7
x10 <- 0x00000000

mem[X,0x8000011C] -> 0xD793
mem[X,0x8000011E] -> 0x0194
[76] [M]: 0x8000011C (0x0194D793) srli a5, s1, 0x19
x15 <- 0x00000000

mem[X,0x80000120] -> 0x6533
mem[X,0x80000122] -> 0x00F5
[77] [M]: 0x80000120 (0x00F56533) or a0, a0, a5
x10 <- 0x00000000

mem[X,0x80000124] -> 0x5593
mem[X,0x80000126] -> 0x0075
[78] [M]: 0x80000124 (0x00755593) srli a1, a0, 0x7
x11 <- 0x00000000

mem[X,0x80000128] -> 0x5793
mem[X,0x8000012A] -> 0x0195
[79] [M]: 0x80000128 (0x01955793) srli a5, a0, 0x19
x15 <- 0x00000000

mem[X,0x8000012C] -> 0xE5B3
mem[X,0x8000012E] -> 0x00F5
[80] [M]: 0x8000012C (0x00F5E5B3) or a1, a1, a5
x11 <- 0x00000000

mem[X,0x80000130] -> 0xD613
mem[X,0x80000132] -> 0x0075
[81] [M]: 0x80000130 (0x0075D613) srli a2, a1, 0x7
x12 <- 0x00000000

mem[X,0x80000134] -> 0xD793
mem[X,0x80000136] -> 0x0195
[82] [M]: 0x80000134 (0x0195D793) srli a5, a1, 0x19
x15 <- 0x00000000

mem[X,0x80000138] -> 0x6633
mem[X,0x8000013A] -> 0x00F6
[83] [M]: 0x80000138 (0x00F66633) or a2, a2, a5
x12 <- 0x00000000

mem[X,0x8000013C] -> 0x5693
mem[X,0x8000013E] -> 0x0076
[84] [M]: 0x8000013C (0x00765693) srli a3, a2, 0x7
x13 <- 0x00000000

mem[X,0x80000140] -> 0x5793
mem[X,0x80000142] -> 0x0196
[85] [M]: 0x80000140 (0x01965793) srli a5, a2, 0x19
x15 <- 0x00000000

mem[X,0x80000144] -> 0xE6B3
mem[X,0x80000146] -> 0x00F6
[86] [M]: 0x80000144 (0x00F6E6B3) or a3, a3, a5
x13 <- 0x00000000

mem[X,0x80000148] -> 0x0013
mem[X,0x8000014A] -> 0x0000
[87] [M]: 0x80000148 (0x00000013) addi zero, zero, 0x0

mem[X,0x8000014C] -> 0x0013
mem[X,0x8000014E] -> 0x0000
[88] [M]: 0x8000014C (0x00000013) addi zero, zero, 0x0

mem[X,0x80000150] -> 0x0013
mem[X,0x80000152] -> 0x0000
[89] [M]: 0x80000150 (0x00000013) addi zero, zero, 0x0

mem[X,0x80000154] -> 0x0013
mem[X,0x80000156] -> 0x0000
[90] [M]: 0x80000154 (0x00000013) addi zero, zero, 0x0

mem[X,0x80000158] -> 0x0013
mem[X,0x8000015A] -> 0x0000
[91] [M]: 0x80000158 (0x00000013) addi zero, zero, 0x0

mem[X,0x8000015C] -> 0x0013
mem[X,0x8000015E] -> 0x0000
[92] [M]: 0x8000015C (0x00000013) addi zero, zero, 0x0

mem[X,0x80000160] -> 0x3097
mem[X,0x80000162] -> 0x0000
[93] [M]: 0x80000160 (0x00003097) auipc ra, 0x3
x1 <- 0x80003160

mem[X,0x80000164] -> 0x8093
mem[X,0x80000166] -> 0xFB40
[94] [M]: 0x80000164 (0xFB408093) addi ra, ra, -0x4c
x1 <- 0x80003114

mem[X,0x80000168] -> 0x0013
mem[X,0x8000016A] -> 0x0000
[95] [M]: 0x80000168 (0x00000013) addi zero, zero, 0x0

mem[X,0x8000016C] -> 0x0013
mem[X,0x8000016E] -> 0x0000
[96] [M]: 0x8000016C (0x00000013) addi zero, zero, 0x0

mem[X,0x80000170] -> 0x0013
mem[X,0x80000172] -> 0x0000
[97] [M]: 0x80000170 (0x00000013) addi zero, zero, 0x0

mem[X,0x80000174] -> 0x0013
mem[X,0x80000176] -> 0x0000
[98] [M]: 0x80000174 (0x00000013) addi zero, zero, 0x0

mem[X,0x80000178] -> 0x0013
mem[X,0x8000017A] -> 0x0000
[99] [M]: 0x80000178 (0x00000013) addi zero, zero, 0x0

clint::tick mtime <- 0x0000000000000001
 clint timer pending at mtime 0x0000000000000001
htif::tick 0x0000000000000000
mem[X,0x8000017C] -> 0x0013
mem[X,0x8000017E] -> 0x0000
[100] [M]: 0x8000017C (0x00000013) addi zero, zero, 0x0

mem[X,0x80000180] -> 0x8F37
mem[X,0x80000182] -> 0x7FFF
[101] [M]: 0x80000180 (0x7FFF8F37) lui t5, 0x7fff8
x30 <- 0x7FFF8000

mem[X,0x80000184] -> 0x2F9B
mem[X,0x80000186] -> 0xE04F
[102] [M]: 0x80000184 (0xE04F2F9B) psextb.h t6, t5
x31 <- 0x00000000

mem[X,0x80000188] -> 0xA023
mem[X,0x8000018A] -> 0x01F0
[103] [M]: 0x80000188 (0x01F0A023) sw t6, 0x0(ra)
mem[0x80003114] <- 0x00000000

mem[X,0x8000018C] -> 0x0FB7
mem[X,0x8000018E] -> 0x8000
[104] [M]: 0x8000018C (0x80000FB7) lui t6, -0x80000
x31 <- 0x80000000

mem[X,0x80000190] -> 0x8F93
mem[X,0x80000192] -> 0xFFFF
[105] [M]: 0x80000190 (0xFFFF8F93) addi t6, t6, -0x1
x31 <- 0x7FFFFFFF

mem[X,0x80000194] -> 0xAF1B
mem[X,0x80000196] -> 0xE04F
[106] [M]: 0x80000194 (0xE04FAF1B) psextb.h t5, t6
x30 <- 0xFFFFFFFF

mem[X,0x80000198] -> 0xA423
mem[X,0x8000019A] -> 0x01E0
[107] [M]: 0x80000198 (0x01E0A423) sw t5, 0x8(ra)
mem[0x8000311C] <- 0xFFFFFFFF

mem[X,0x8000019C] -> 0x0E37
mem[X,0x8000019E] -> 0x7FFF
[108] [M]: 0x8000019C (0x7FFF0E37) lui t3, 0x7fff0
x28 <- 0x7FFF0000

mem[X,0x800001A0] -> 0x2E9B
mem[X,0x800001A2] -> 0xE04E
[109] [M]: 0x800001A0 (0xE04E2E9B) psextb.h t4, t3
x29 <- 0x00000000

mem[X,0x800001A4] -> 0xA823
mem[X,0x800001A6] -> 0x01D0
[110] [M]: 0x800001A4 (0x01D0A823) sw t4, 0x10(ra)
mem[0x80003124] <- 0x00000000

mem[X,0x800001A8] -> 0x0EB7
mem[X,0x800001AA] -> 0x7FFF
[111] [M]: 0x800001A8 (0x7FFF0EB7) lui t4, 0x7fff0
x29 <- 0x7FFF0000

mem[X,0x800001AC] -> 0x8E93
mem[X,0x800001AE] -> 0x001E
[112] [M]: 0x800001AC (0x001E8E93) addi t4, t4, 0x1
x29 <- 0x7FFF0001

mem[X,0x800001B0] -> 0xAE1B
mem[X,0x800001B2] -> 0xE04E
[113] [M]: 0x800001B0 (0xE04EAE1B) psextb.h t3, t4
x28 <- 0x00010001

mem[X,0x800001B4] -> 0xAC23
mem[X,0x800001B6] -> 0x01C0
[114] [M]: 0x800001B4 (0x01C0AC23) sw t3, 0x18(ra)
mem[0x8000312C] <- 0x00010001

mem[X,0x800001B8] -> 0x8D37
mem[X,0x800001BA] -> 0x7FFF
[115] [M]: 0x800001B8 (0x7FFF8D37) lui s10, 0x7fff8
x26 <- 0x7FFF8000

mem[X,0x800001BC] -> 0x0D13
mem[X,0x800001BE] -> 0xFFFD
[116] [M]: 0x800001BC (0xFFFD0D13) addi s10, s10, -0x1
x26 <- 0x7FFF7FFF

mem[X,0x800001C0] -> 0x2D9B
mem[X,0x800001C2] -> 0xE04D
[117] [M]: 0x800001C0 (0xE04D2D9B) psextb.h s11, s10
x27 <- 0xFFFFFFFF

mem[X,0x800001C4] -> 0xA023
mem[X,0x800001C6] -> 0x03B0
[118] [M]: 0x800001C4 (0x03B0A023) sw s11, 0x20(ra)
mem[0x80003134] <- 0xFFFFFFFF

mem[X,0x800001C8] -> 0x0DB7
mem[X,0x800001CA] -> 0x7FFF
[119] [M]: 0x800001C8 (0x7FFF0DB7) lui s11, 0x7fff0
x27 <- 0x7FFF0000

mem[X,0x800001CC] -> 0x8D93
mem[X,0x800001CE] -> 0x002D
[120] [M]: 0x800001CC (0x002D8D93) addi s11, s11, 0x2
x27 <- 0x7FFF0002

mem[X,0x800001D0] -> 0xAD1B
mem[X,0x800001D2] -> 0xE04D
[121] [M]: 0x800001D0 (0xE04DAD1B) psextb.h s10, s11
x26 <- 0x00020002

mem[X,0x800001D4] -> 0xA423
mem[X,0x800001D6] -> 0x03A0
[122] [M]: 0x800001D4 (0x03A0A423) sw s10, 0x28(ra)
mem[0x8000313C] <- 0x00020002

mem[X,0x800001D8] -> 0x0C37
mem[X,0x800001DA] -> 0x7FFF
[123] [M]: 0x800001D8 (0x7FFF0C37) lui s8, 0x7fff0
x24 <- 0x7FFF0000

mem[X,0x800001DC] -> 0x0C13
mem[X,0x800001DE] -> 0x004C
[124] [M]: 0x800001DC (0x004C0C13) addi s8, s8, 0x4
x24 <- 0x7FFF0004

mem[X,0x800001E0] -> 0x2C9B
mem[X,0x800001E2] -> 0xE04C
[125] [M]: 0x800001E0 (0xE04C2C9B) psextb.h s9, s8
x25 <- 0x00040004

mem[X,0x800001E4] -> 0xA823
mem[X,0x800001E6] -> 0x0390
[126] [M]: 0x800001E4 (0x0390A823) sw s9, 0x30(ra)
mem[0x80003144] <- 0x00040004

mem[X,0x800001E8] -> 0x0CB7
mem[X,0x800001EA] -> 0x7FFF
[127] [M]: 0x800001E8 (0x7FFF0CB7) lui s9, 0x7fff0
x25 <- 0x7FFF0000

mem[X,0x800001EC] -> 0x8C93
mem[X,0x800001EE] -> 0x008C
[128] [M]: 0x800001EC (0x008C8C93) addi s9, s9, 0x8
x25 <- 0x7FFF0008

mem[X,0x800001F0] -> 0xAC1B
mem[X,0x800001F2] -> 0xE04C
[129] [M]: 0x800001F0 (0xE04CAC1B) psextb.h s8, s9
x24 <- 0x00080008

mem[X,0x800001F4] -> 0xAC23
mem[X,0x800001F6] -> 0x0380
[130] [M]: 0x800001F4 (0x0380AC23) sw s8, 0x38(ra)
mem[0x8000314C] <- 0x00080008

mem[X,0x800001F8] -> 0x0B37
mem[X,0x800001FA] -> 0x7FFF
[131] [M]: 0x800001F8 (0x7FFF0B37) lui s6, 0x7fff0
x22 <- 0x7FFF0000

mem[X,0x800001FC] -> 0x0B13
mem[X,0x800001FE] -> 0x010B
[132] [M]: 0x800001FC (0x010B0B13) addi s6, s6, 0x10
x22 <- 0x7FFF0010

mem[X,0x80000200] -> 0x2B9B
mem[X,0x80000202] -> 0xE04B
[133] [M]: 0x80000200 (0xE04B2B9B) psextb.h s7, s6
x23 <- 0x00100010

mem[X,0x80000204] -> 0xA023
mem[X,0x80000206] -> 0x0570
[134] [M]: 0x80000204 (0x0570A023) sw s7, 0x40(ra)
mem[0x80003154] <- 0x00100010

mem[X,0x80000208] -> 0x0BB7
mem[X,0x8000020A] -> 0x7FFF
[135] [M]: 0x80000208 (0x7FFF0BB7) lui s7, 0x7fff0
x23 <- 0x7FFF0000

mem[X,0x8000020C] -> 0x8B93
mem[X,0x8000020E] -> 0x020B
[136] [M]: 0x8000020C (0x020B8B93) addi s7, s7, 0x20
x23 <- 0x7FFF0020

mem[X,0x80000210] -> 0xAB1B
mem[X,0x80000212] -> 0xE04B
[137] [M]: 0x80000210 (0xE04BAB1B) psextb.h s6, s7
x22 <- 0x00200020

mem[X,0x80000214] -> 0xA423
mem[X,0x80000216] -> 0x0560
[138] [M]: 0x80000214 (0x0560A423) sw s6, 0x48(ra)
mem[0x8000315C] <- 0x00200020

mem[X,0x80000218] -> 0x0A37
mem[X,0x8000021A] -> 0x7FFF
[139] [M]: 0x80000218 (0x7FFF0A37) lui s4, 0x7fff0
x20 <- 0x7FFF0000

mem[X,0x8000021C] -> 0x0A13
mem[X,0x8000021E] -> 0x040A
[140] [M]: 0x8000021C (0x040A0A13) addi s4, s4, 0x40
x20 <- 0x7FFF0040

mem[X,0x80000220] -> 0x2A9B
mem[X,0x80000222] -> 0xE04A
[141] [M]: 0x80000220 (0xE04A2A9B) psextb.h s5, s4
x21 <- 0x00400040

mem[X,0x80000224] -> 0xA823
mem[X,0x80000226] -> 0x0550
[142] [M]: 0x80000224 (0x0550A823) sw s5, 0x50(ra)
mem[0x80003164] <- 0x00400040

mem[X,0x80000228] -> 0x0AB7
mem[X,0x8000022A] -> 0x7FFF
[143] [M]: 0x80000228 (0x7FFF0AB7) lui s5, 0x7fff0
x21 <- 0x7FFF0000

mem[X,0x8000022C] -> 0x8A93
mem[X,0x8000022E] -> 0x080A
[144] [M]: 0x8000022C (0x080A8A93) addi s5, s5, 0x80
x21 <- 0x7FFF0080

mem[X,0x80000230] -> 0xAA1B
mem[X,0x80000232] -> 0xE04A
[145] [M]: 0x80000230 (0xE04AAA1B) psextb.h s4, s5
x20 <- 0xFF80FF80

mem[X,0x80000234] -> 0xAC23
mem[X,0x80000236] -> 0x0540
[146] [M]: 0x80000234 (0x0540AC23) sw s4, 0x58(ra)
mem[0x8000316C] <- 0xFF80FF80

mem[X,0x80000238] -> 0x0937
mem[X,0x8000023A] -> 0x7FFF
[147] [M]: 0x80000238 (0x7FFF0937) lui s2, 0x7fff0
x18 <- 0x7FFF0000

mem[X,0x8000023C] -> 0x0913
mem[X,0x8000023E] -> 0x1009
[148] [M]: 0x8000023C (0x10090913) addi s2, s2, 0x100
x18 <- 0x7FFF0100

mem[X,0x80000240] -> 0x299B
mem[X,0x80000242] -> 0xE049
[149] [M]: 0x80000240 (0xE049299B) psextb.h s3, s2
x19 <- 0x00000000

mem[X,0x80000244] -> 0xA023
mem[X,0x80000246] -> 0x0730
[150] [M]: 0x80000244 (0x0730A023) sw s3, 0x60(ra)
mem[0x80003174] <- 0x00000000

mem[X,0x80000248] -> 0x09B7
mem[X,0x8000024A] -> 0x7FFF
[151] [M]: 0x80000248 (0x7FFF09B7) lui s3, 0x7fff0
x19 <- 0x7FFF0000

mem[X,0x8000024C] -> 0x8993
mem[X,0x8000024E] -> 0x2009
[152] [M]: 0x8000024C (0x20098993) addi s3, s3, 0x200
x19 <- 0x7FFF0200

mem[X,0x80000250] -> 0xA91B
mem[X,0x80000252] -> 0xE049
[153] [M]: 0x80000250 (0xE049A91B) psextb.h s2, s3
x18 <- 0x00000000

mem[X,0x80000254] -> 0xA423
mem[X,0x80000256] -> 0x0720
[154] [M]: 0x80000254 (0x0720A423) sw s2, 0x68(ra)
mem[0x8000317C] <- 0x00000000

mem[X,0x80000258] -> 0x0837
mem[X,0x8000025A] -> 0x7FFF
[155] [M]: 0x80000258 (0x7FFF0837) lui a6, 0x7fff0
x16 <- 0x7FFF0000

mem[X,0x8000025C] -> 0x0813
mem[X,0x8000025E] -> 0x4008
[156] [M]: 0x8000025C (0x40080813) addi a6, a6, 0x400
x16 <- 0x7FFF0400

mem[X,0x80000260] -> 0x289B
mem[X,0x80000262] -> 0xE048
[157] [M]: 0x80000260 (0xE048289B) psextb.h a7, a6
x17 <- 0x00000000

mem[X,0x80000264] -> 0xA823
mem[X,0x80000266] -> 0x0710
[158] [M]: 0x80000264 (0x0710A823) sw a7, 0x70(ra)
mem[0x80003184] <- 0x00000000

mem[X,0x80000268] -> 0x18B7
mem[X,0x8000026A] -> 0x7FFF
[159] [M]: 0x80000268 (0x7FFF18B7) lui a7, 0x7fff1
x17 <- 0x7FFF1000

mem[X,0x8000026C] -> 0x8893
mem[X,0x8000026E] -> 0x8008
[160] [M]: 0x8000026C (0x80088893) addi a7, a7, -0x800
x17 <- 0x7FFF0800

mem[X,0x80000270] -> 0xA81B
mem[X,0x80000272] -> 0xE048
[161] [M]: 0x80000270 (0xE048A81B) psextb.h a6, a7
x16 <- 0x00000000

mem[X,0x80000274] -> 0xAC23
mem[X,0x80000276] -> 0x0700
[162] [M]: 0x80000274 (0x0700AC23) sw a6, 0x78(ra)
mem[0x8000318C] <- 0x00000000

mem[X,0x80000278] -> 0x1737
mem[X,0x8000027A] -> 0x7FFF
[163] [M]: 0x80000278 (0x7FFF1737) lui a4, 0x7fff1
x14 <- 0x7FFF1000

mem[X,0x8000027C] -> 0x279B
mem[X,0x8000027E] -> 0xE047
[164] [M]: 0x8000027C (0xE047279B) psextb.h a5, a4
x15 <- 0x00000000

mem[X,0x80000280] -> 0xA023
mem[X,0x80000282] -> 0x08F0
[165] [M]: 0x80000280 (0x08F0A023) sw a5, 0x80(ra)
mem[0x80003194] <- 0x00000000

mem[X,0x80000284] -> 0x27B7
mem[X,0x80000286] -> 0x7FFF
[166] [M]: 0x80000284 (0x7FFF27B7) lui a5, 0x7fff2
x15 <- 0x7FFF2000

mem[X,0x80000288] -> 0xA71B
mem[X,0x8000028A] -> 0xE047
[167] [M]: 0x80000288 (0xE047A71B) psextb.h a4, a5
x14 <- 0x00000000

mem[X,0x8000028C] -> 0xA423
mem[X,0x8000028E] -> 0x08E0
[168] [M]: 0x8000028C (0x08E0A423) sw a4, 0x88(ra)
mem[0x8000319C] <- 0x00000000

mem[X,0x80000290] -> 0x4637
mem[X,0x80000292] -> 0x7FFF
[169] [M]: 0x80000290 (0x7FFF4637) lui a2, 0x7fff4
x12 <- 0x7FFF4000

mem[X,0x80000294] -> 0x269B
mem[X,0x80000296] -> 0xE046
[170] [M]: 0x80000294 (0xE046269B) psextb.h a3, a2
x13 <- 0x00000000

mem[X,0x80000298] -> 0xA823
mem[X,0x8000029A] -> 0x08D0
[171] [M]: 0x80000298 (0x08D0A823) sw a3, 0x90(ra)
mem[0x800031A4] <- 0x00000000

mem[X,0x8000029C] -> 0x06B7
mem[X,0x8000029E] -> 0x8000
[172] [M]: 0x8000029C (0x800006B7) lui a3, -0x80000
x13 <- 0x80000000

mem[X,0x800002A0] -> 0x8693
mem[X,0x800002A2] -> 0xFFE6
[173] [M]: 0x800002A0 (0xFFE68693) addi a3, a3, -0x2
x13 <- 0x7FFFFFFE

mem[X,0x800002A4] -> 0xA61B
mem[X,0x800002A6] -> 0xE046
[174] [M]: 0x800002A4 (0xE046A61B) psextb.h a2, a3
x12 <- 0xFFFEFFFE

mem[X,0x800002A8] -> 0xAC23
mem[X,0x800002AA] -> 0x08C0
[175] [M]: 0x800002A8 (0x08C0AC23) sw a2, 0x98(ra)
mem[0x800031AC] <- 0xFFFEFFFE

mem[X,0x800002AC] -> 0x0537
mem[X,0x800002AE] -> 0x8000
[176] [M]: 0x800002AC (0x80000537) lui a0, -0x80000
x10 <- 0x80000000

mem[X,0x800002B0] -> 0x0513
mem[X,0x800002B2] -> 0xFFD5
[177] [M]: 0x800002B0 (0xFFD50513) addi a0, a0, -0x3
x10 <- 0x7FFFFFFD

mem[X,0x800002B4] -> 0x259B
mem[X,0x800002B6] -> 0xE045
[178] [M]: 0x800002B4 (0xE045259B) psextb.h a1, a0
x11 <- 0xFFFDFFFD

mem[X,0x800002B8] -> 0xA023
mem[X,0x800002BA] -> 0x0AB0
[179] [M]: 0x800002B8 (0x0AB0A023) sw a1, 0xa0(ra)
mem[0x800031B4] <- 0xFFFDFFFD

mem[X,0x800002BC] -> 0x05B7
mem[X,0x800002BE] -> 0x8000
[180] [M]: 0x800002BC (0x800005B7) lui a1, -0x80000
x11 <- 0x80000000

mem[X,0x800002C0] -> 0x8593
mem[X,0x800002C2] -> 0xFFB5
[181] [M]: 0x800002C0 (0xFFB58593) addi a1, a1, -0x5
x11 <- 0x7FFFFFFB

mem[X,0x800002C4] -> 0xA51B
mem[X,0x800002C6] -> 0xE045
[182] [M]: 0x800002C4 (0xE045A51B) psextb.h a0, a1
x10 <- 0xFFFBFFFB

mem[X,0x800002C8] -> 0xA423
mem[X,0x800002CA] -> 0x0AA0
[183] [M]: 0x800002C8 (0x0AA0A423) sw a0, 0xa8(ra)
mem[0x800031BC] <- 0xFFFBFFFB

mem[X,0x800002CC] -> 0x0437
mem[X,0x800002CE] -> 0x8000
[184] [M]: 0x800002CC (0x80000437) lui fp, -0x80000
x8 <- 0x80000000

mem[X,0x800002D0] -> 0x0413
mem[X,0x800002D2] -> 0xFF74
[185] [M]: 0x800002D0 (0xFF740413) addi fp, fp, -0x9
x8 <- 0x7FFFFFF7

mem[X,0x800002D4] -> 0x249B
mem[X,0x800002D6] -> 0xE044
[186] [M]: 0x800002D4 (0xE044249B) psextb.h s1, fp
x9 <- 0xFFF7FFF7

mem[X,0x800002D8] -> 0xA823
mem[X,0x800002DA] -> 0x0A90
[187] [M]: 0x800002D8 (0x0A90A823) sw s1, 0xb0(ra)
mem[0x800031C4] <- 0xFFF7FFF7

mem[X,0x800002DC] -> 0x04B7
mem[X,0x800002DE] -> 0x8000
[188] [M]: 0x800002DC (0x800004B7) lui s1, -0x80000
x9 <- 0x80000000

mem[X,0x800002E0] -> 0x8493
mem[X,0x800002E2] -> 0xFEF4
[189] [M]: 0x800002E0 (0xFEF48493) addi s1, s1, -0x11
x9 <- 0x7FFFFFEF

mem[X,0x800002E4] -> 0xA41B
mem[X,0x800002E6] -> 0xE044
[190] [M]: 0x800002E4 (0xE044A41B) psextb.h fp, s1
x8 <- 0xFFEFFFEF

mem[X,0x800002E8] -> 0xAC23
mem[X,0x800002EA] -> 0x0A80
[191] [M]: 0x800002E8 (0x0A80AC23) sw fp, 0xb8(ra)
mem[0x800031CC] <- 0xFFEFFFEF

mem[X,0x800002EC] -> 0x0337
mem[X,0x800002EE] -> 0x8000
[192] [M]: 0x800002EC (0x80000337) lui t1, -0x80000
x6 <- 0x80000000

mem[X,0x800002F0] -> 0x0313
mem[X,0x800002F2] -> 0xFDF3
[193] [M]: 0x800002F0 (0xFDF30313) addi t1, t1, -0x21
x6 <- 0x7FFFFFDF

mem[X,0x800002F4] -> 0x239B
mem[X,0x800002F6] -> 0xE043
[194] [M]: 0x800002F4 (0xE043239B) psextb.h t2, t1
x7 <- 0xFFDFFFDF

mem[X,0x800002F8] -> 0xA023
mem[X,0x800002FA] -> 0x0C70
[195] [M]: 0x800002F8 (0x0C70A023) sw t2, 0xc0(ra)
mem[0x800031D4] <- 0xFFDFFFDF

mem[X,0x800002FC] -> 0x03B7
mem[X,0x800002FE] -> 0x8000
[196] [M]: 0x800002FC (0x800003B7) lui t2, -0x80000
x7 <- 0x80000000

mem[X,0x80000300] -> 0x8393
mem[X,0x80000302] -> 0xFBF3
[197] [M]: 0x80000300 (0xFBF38393) addi t2, t2, -0x41
x7 <- 0x7FFFFFBF

mem[X,0x80000304] -> 0xA31B
mem[X,0x80000306] -> 0xE043
[198] [M]: 0x80000304 (0xE043A31B) psextb.h t1, t2
x6 <- 0xFFBFFFBF

mem[X,0x80000308] -> 0xA423
mem[X,0x8000030A] -> 0x0C60
[199] [M]: 0x80000308 (0x0C60A423) sw t1, 0xc8(ra)
mem[0x800031DC] <- 0xFFBFFFBF

clint::tick mtime <- 0x0000000000000002
 clint timer pending at mtime 0x0000000000000002
htif::tick 0x0000000000000000
mem[X,0x8000030C] -> 0x0237
mem[X,0x8000030E] -> 0x8000
[200] [M]: 0x8000030C (0x80000237) lui tp, -0x80000
x4 <- 0x80000000

mem[X,0x80000310] -> 0x0213
mem[X,0x80000312] -> 0xF7F2
[201] [M]: 0x80000310 (0xF7F20213) addi tp, tp, -0x81
x4 <- 0x7FFFFF7F

mem[X,0x80000314] -> 0x229B
mem[X,0x80000316] -> 0xE042
[202] [M]: 0x80000314 (0xE042229B) psextb.h t0, tp
x5 <- 0x007F007F

mem[X,0x80000318] -> 0xA823
mem[X,0x8000031A] -> 0x0C50
[203] [M]: 0x80000318 (0x0C50A823) sw t0, 0xd0(ra)
mem[0x800031E4] <- 0x007F007F

mem[X,0x8000031C] -> 0x0013
mem[X,0x8000031E] -> 0x0000
[204] [M]: 0x8000031C (0x00000013) addi zero, zero, 0x0

mem[X,0x80000320] -> 0x3317
mem[X,0x80000322] -> 0x0000
[205] [M]: 0x80000320 (0x00003317) auipc t1, 0x3
x6 <- 0x80003320

mem[X,0x80000324] -> 0x0313
mem[X,0x80000326] -> 0xECC3
[206] [M]: 0x80000324 (0xECC30313) addi t1, t1, -0x134
x6 <- 0x800031EC

mem[X,0x80000328] -> 0x0013
mem[X,0x8000032A] -> 0x0000
[207] [M]: 0x80000328 (0x00000013) addi zero, zero, 0x0

mem[X,0x8000032C] -> 0x0013
mem[X,0x8000032E] -> 0x0000
[208] [M]: 0x8000032C (0x00000013) addi zero, zero, 0x0

mem[X,0x80000330] -> 0x0013
mem[X,0x80000332] -> 0x0000
[209] [M]: 0x80000330 (0x00000013) addi zero, zero, 0x0

mem[X,0x80000334] -> 0x0013
mem[X,0x80000336] -> 0x0000
[210] [M]: 0x80000334 (0x00000013) addi zero, zero, 0x0

mem[X,0x80000338] -> 0x0013
mem[X,0x8000033A] -> 0x0000
[211] [M]: 0x80000338 (0x00000013) addi zero, zero, 0x0

mem[X,0x8000033C] -> 0x0013
mem[X,0x8000033E] -> 0x0000
[212] [M]: 0x8000033C (0x00000013) addi zero, zero, 0x0

mem[X,0x80000340] -> 0x02B7
mem[X,0x80000342] -> 0x8000
[213] [M]: 0x80000340 (0x800002B7) lui t0, -0x80000
x5 <- 0x80000000

mem[X,0x80000344] -> 0x8293
mem[X,0x80000346] -> 0xEFF2
[214] [M]: 0x80000344 (0xEFF28293) addi t0, t0, -0x101
x5 <- 0x7FFFFEFF

mem[X,0x80000348] -> 0xA21B
mem[X,0x8000034A] -> 0xE042
[215] [M]: 0x80000348 (0xE042A21B) psextb.h tp, t0
x4 <- 0xFFFFFFFF

mem[X,0x8000034C] -> 0x2023
mem[X,0x8000034E] -> 0x0043
[216] [M]: 0x8000034C (0x00432023) sw tp, 0x0(t1)
mem[0x800031EC] <- 0xFFFFFFFF

mem[X,0x80000350] -> 0x0137
mem[X,0x80000352] -> 0x8000
[217] [M]: 0x80000350 (0x80000137) lui sp, -0x80000
x2 <- 0x80000000

mem[X,0x80000354] -> 0x0113
mem[X,0x80000356] -> 0xDFF1
[218] [M]: 0x80000354 (0xDFF10113) addi sp, sp, -0x201
x2 <- 0x7FFFFDFF

mem[X,0x80000358] -> 0x219B
mem[X,0x8000035A] -> 0xE041
[219] [M]: 0x80000358 (0xE041219B) psextb.h gp, sp
x3 <- 0xFFFFFFFF

mem[X,0x8000035C] -> 0x2423
mem[X,0x8000035E] -> 0x0033
[220] [M]: 0x8000035C (0x00332423) sw gp, 0x8(t1)
mem[0x800031F4] <- 0xFFFFFFFF

mem[X,0x80000360] -> 0x01B7
mem[X,0x80000362] -> 0x8000
[221] [M]: 0x80000360 (0x800001B7) lui gp, -0x80000
x3 <- 0x80000000

mem[X,0x80000364] -> 0x8193
mem[X,0x80000366] -> 0xBFF1
[222] [M]: 0x80000364 (0xBFF18193) addi gp, gp, -0x401
x3 <- 0x7FFFFBFF

mem[X,0x80000368] -> 0xA11B
mem[X,0x8000036A] -> 0xE041
[223] [M]: 0x80000368 (0xE041A11B) psextb.h sp, gp
x2 <- 0xFFFFFFFF

mem[X,0x8000036C] -> 0x2823
mem[X,0x8000036E] -> 0x0023
[224] [M]: 0x8000036C (0x00232823) sw sp, 0x10(t1)
mem[0x800031FC] <- 0xFFFFFFFF

mem[X,0x80000370] -> 0xF037
mem[X,0x80000372] -> 0x7FFF
[225] [M]: 0x80000370 (0x7FFFF037) lui zero, 0x7ffff

mem[X,0x80000374] -> 0x0013
mem[X,0x80000376] -> 0x7FF0
[226] [M]: 0x80000374 (0x7FF00013) addi zero, zero, 0x7ff

mem[X,0x80000378] -> 0x209B
mem[X,0x8000037A] -> 0xE040
[227] [M]: 0x80000378 (0xE040209B) psextb.h ra, zero
x1 <- 0x00000000

mem[X,0x8000037C] -> 0x2C23
mem[X,0x8000037E] -> 0x0013
[228] [M]: 0x8000037C (0x00132C23) sw ra, 0x18(t1)
mem[0x80003204] <- 0x00000000

mem[X,0x80000380] -> 0xF0B7
mem[X,0x80000382] -> 0x7FFF
[229] [M]: 0x80000380 (0x7FFFF0B7) lui ra, 0x7ffff
x1 <- 0x7FFFF000

mem[X,0x80000384] -> 0x8093
mem[X,0x80000386] -> 0xFFF0
[230] [M]: 0x80000384 (0xFFF08093) addi ra, ra, -0x1
x1 <- 0x7FFFEFFF

mem[X,0x80000388] -> 0xA01B
mem[X,0x8000038A] -> 0xE040
[231] [M]: 0x80000388 (0xE040A01B) psextb.h zero, ra

mem[X,0x8000038C] -> 0x2023
mem[X,0x8000038E] -> 0x0203
[232] [M]: 0x8000038C (0x02032023) sw zero, 0x20(t1)
mem[0x8000320C] <- 0x00000000

mem[X,0x80000390] -> 0xEF37
mem[X,0x80000392] -> 0x7FFF
[233] [M]: 0x80000390 (0x7FFFEF37) lui t5, 0x7fffe
x30 <- 0x7FFFE000

mem[X,0x80000394] -> 0x0F13
mem[X,0x80000396] -> 0xFFFF
[234] [M]: 0x80000394 (0xFFFF0F13) addi t5, t5, -0x1
x30 <- 0x7FFFDFFF

mem[X,0x80000398] -> 0x2F9B
mem[X,0x8000039A] -> 0xE04F
[235] [M]: 0x80000398 (0xE04F2F9B) psextb.h t6, t5
x31 <- 0xFFFFFFFF

mem[X,0x8000039C] -> 0x2423
mem[X,0x8000039E] -> 0x03F3
[236] [M]: 0x8000039C (0x03F32423) sw t6, 0x28(t1)
mem[0x80003214] <- 0xFFFFFFFF

mem[X,0x800003A0] -> 0xCF37
mem[X,0x800003A2] -> 0x7FFF
[237] [M]: 0x800003A0 (0x7FFFCF37) lui t5, 0x7fffc
x30 <- 0x7FFFC000

mem[X,0x800003A4] -> 0x0F13
mem[X,0x800003A6] -> 0xFFFF
[238] [M]: 0x800003A4 (0xFFFF0F13) addi t5, t5, -0x1
x30 <- 0x7FFFBFFF

mem[X,0x800003A8] -> 0x2F9B
mem[X,0x800003AA] -> 0xE04F
[239] [M]: 0x800003A8 (0xE04F2F9B) psextb.h t6, t5
x31 <- 0xFFFFFFFF

mem[X,0x800003AC] -> 0x2823
mem[X,0x800003AE] -> 0x03F3
[240] [M]: 0x800003AC (0x03F32823) sw t6, 0x30(t1)
mem[0x8000321C] <- 0xFFFFFFFF

mem[X,0x800003B0] -> 0x5F37
mem[X,0x800003B2] -> 0x7FFF
[241] [M]: 0x800003B0 (0x7FFF5F37) lui t5, 0x7fff5
x30 <- 0x7FFF5000

mem[X,0x800003B4] -> 0x0F13
mem[X,0x800003B6] -> 0x555F
[242] [M]: 0x800003B4 (0x555F0F13) addi t5, t5, 0x555
x30 <- 0x7FFF5555

mem[X,0x800003B8] -> 0x2F9B
mem[X,0x800003BA] -> 0xE04F
[243] [M]: 0x800003B8 (0xE04F2F9B) psextb.h t6, t5
x31 <- 0x00550055

mem[X,0x800003BC] -> 0x2C23
mem[X,0x800003BE] -> 0x03F3
[244] [M]: 0x800003BC (0x03F32C23) sw t6, 0x38(t1)
mem[0x80003224] <- 0x00550055

mem[X,0x800003C0] -> 0xBF37
mem[X,0x800003C2] -> 0x7FFF
[245] [M]: 0x800003C0 (0x7FFFBF37) lui t5, 0x7fffb
x30 <- 0x7FFFB000

mem[X,0x800003C4] -> 0x0F13
mem[X,0x800003C6] -> 0xAAAF
[246] [M]: 0x800003C4 (0xAAAF0F13) addi t5, t5, -0x556
x30 <- 0x7FFFAAAA

mem[X,0x800003C8] -> 0x2F9B
mem[X,0x800003CA] -> 0xE04F
[247] [M]: 0x800003C8 (0xE04F2F9B) psextb.h t6, t5
x31 <- 0xFFAAFFAA

mem[X,0x800003CC] -> 0x2023
mem[X,0x800003CE] -> 0x05F3
[248] [M]: 0x800003CC (0x05F32023) sw t6, 0x40(t1)
mem[0x8000322C] <- 0xFFAAFFAA

mem[X,0x800003D0] -> 0x8F37
mem[X,0x800003D2] -> 0x8000
[249] [M]: 0x800003D0 (0x80008F37) lui t5, -0x7fff8
x30 <- 0x80008000

mem[X,0x800003D4] -> 0x0F13
mem[X,0x800003D6] -> 0xFFFF
[250] [M]: 0x800003D4 (0xFFFF0F13) addi t5, t5, -0x1
x30 <- 0x80007FFF

mem[X,0x800003D8] -> 0x2F9B
mem[X,0x800003DA] -> 0xE04F
[251] [M]: 0x800003D8 (0xE04F2F9B) psextb.h t6, t5
x31 <- 0xFFFFFFFF

mem[X,0x800003DC] -> 0x2423
mem[X,0x800003DE] -> 0x05F3
[252] [M]: 0x800003DC (0x05F32423) sw t6, 0x48(t1)
mem[0x80003234] <- 0xFFFFFFFF

mem[X,0x800003E0] -> 0x8F37
mem[X,0x800003E2] -> 0xFFFF
[253] [M]: 0x800003E0 (0xFFFF8F37) lui t5, -0x8
x30 <- 0xFFFF8000

mem[X,0x800003E4] -> 0x0F13
mem[X,0x800003E6] -> 0xFFFF
[254] [M]: 0x800003E4 (0xFFFF0F13) addi t5, t5, -0x1
x30 <- 0xFFFF7FFF

mem[X,0x800003E8] -> 0x2F9B
mem[X,0x800003EA] -> 0xE04F
[255] [M]: 0x800003E8 (0xE04F2F9B) psextb.h t6, t5
x31 <- 0xFFFFFFFF

mem[X,0x800003EC] -> 0x2823
mem[X,0x800003EE] -> 0x05F3
[256] [M]: 0x800003EC (0x05F32823) sw t6, 0x50(t1)
mem[0x8000323C] <- 0xFFFFFFFF

mem[X,0x800003F0] -> 0x8F37
mem[X,0x800003F2] -> 0x0000
[257] [M]: 0x800003F0 (0x00008F37) lui t5, 0x8
x30 <- 0x00008000

mem[X,0x800003F4] -> 0x0F13
mem[X,0x800003F6] -> 0xFFFF
[258] [M]: 0x800003F4 (0xFFFF0F13) addi t5, t5, -0x1
x30 <- 0x00007FFF

mem[X,0x800003F8] -> 0x2F9B
mem[X,0x800003FA] -> 0xE04F
[259] [M]: 0x800003F8 (0xE04F2F9B) psextb.h t6, t5
x31 <- 0xFFFFFFFF

mem[X,0x800003FC] -> 0x2C23
mem[X,0x800003FE] -> 0x05F3
[260] [M]: 0x800003FC (0x05F32C23) sw t6, 0x58(t1)
mem[0x80003244] <- 0xFFFFFFFF

mem[X,0x80000400] -> 0x8F37
mem[X,0x80000402] -> 0x0001
[261] [M]: 0x80000400 (0x00018F37) lui t5, 0x18
x30 <- 0x00018000

mem[X,0x80000404] -> 0x0F13
mem[X,0x80000406] -> 0xFFFF
[262] [M]: 0x80000404 (0xFFFF0F13) addi t5, t5, -0x1
x30 <- 0x00017FFF

mem[X,0x80000408] -> 0x2F9B
mem[X,0x8000040A] -> 0xE04F
[263] [M]: 0x80000408 (0xE04F2F9B) psextb.h t6, t5
x31 <- 0xFFFFFFFF

mem[X,0x8000040C] -> 0x2023
mem[X,0x8000040E] -> 0x07F3
[264] [M]: 0x8000040C (0x07F32023) sw t6, 0x60(t1)
mem[0x8000324C] <- 0xFFFFFFFF

mem[X,0x80000410] -> 0x8F37
mem[X,0x80000412] -> 0xFDFF
[265] [M]: 0x80000410 (0xFDFF8F37) lui t5, -0x2008
x30 <- 0xFDFF8000

mem[X,0x80000414] -> 0x0F13
mem[X,0x80000416] -> 0xFFFF
[266] [M]: 0x80000414 (0xFFFF0F13) addi t5, t5, -0x1
x30 <- 0xFDFF7FFF

mem[X,0x80000418] -> 0x2F9B
mem[X,0x8000041A] -> 0xE04F
[267] [M]: 0x80000418 (0xE04F2F9B) psextb.h t6, t5
x31 <- 0xFFFFFFFF

mem[X,0x8000041C] -> 0x2423
mem[X,0x8000041E] -> 0x07F3
[268] [M]: 0x8000041C (0x07F32423) sw t6, 0x68(t1)
mem[0x80003254] <- 0xFFFFFFFF

mem[X,0x80000420] -> 0x8F37
mem[X,0x80000422] -> 0xFBFF
[269] [M]: 0x80000420 (0xFBFF8F37) lui t5, -0x4008
x30 <- 0xFBFF8000

mem[X,0x80000424] -> 0x0F13
mem[X,0x80000426] -> 0xFFFF
[270] [M]: 0x80000424 (0xFFFF0F13) addi t5, t5, -0x1
x30 <- 0xFBFF7FFF

mem[X,0x80000428] -> 0x2F9B
mem[X,0x8000042A] -> 0xE04F
[271] [M]: 0x80000428 (0xE04F2F9B) psextb.h t6, t5
x31 <- 0xFFFFFFFF

mem[X,0x8000042C] -> 0x2823
mem[X,0x8000042E] -> 0x07F3
[272] [M]: 0x8000042C (0x07F32823) sw t6, 0x70(t1)
mem[0x8000325C] <- 0xFFFFFFFF

mem[X,0x80000430] -> 0x8F37
mem[X,0x80000432] -> 0xF7FF
[273] [M]: 0x80000430 (0xF7FF8F37) lui t5, -0x8008
x30 <- 0xF7FF8000

mem[X,0x80000434] -> 0x0F13
mem[X,0x80000436] -> 0xFFFF
[274] [M]: 0x80000434 (0xFFFF0F13) addi t5, t5, -0x1
x30 <- 0xF7FF7FFF

mem[X,0x80000438] -> 0x2F9B
mem[X,0x8000043A] -> 0xE04F
[275] [M]: 0x80000438 (0xE04F2F9B) psextb.h t6, t5
x31 <- 0xFFFFFFFF

mem[X,0x8000043C] -> 0x2C23
mem[X,0x8000043E] -> 0x07F3
[276] [M]: 0x8000043C (0x07F32C23) sw t6, 0x78(t1)
mem[0x80003264] <- 0xFFFFFFFF

mem[X,0x80000440] -> 0x8F37
mem[X,0x80000442] -> 0xEFFF
[277] [M]: 0x80000440 (0xEFFF8F37) lui t5, -0x10008
x30 <- 0xEFFF8000

mem[X,0x80000444] -> 0x0F13
mem[X,0x80000446] -> 0xFFFF
[278] [M]: 0x80000444 (0xFFFF0F13) addi t5, t5, -0x1
x30 <- 0xEFFF7FFF

mem[X,0x80000448] -> 0x2F9B
mem[X,0x8000044A] -> 0xE04F
[279] [M]: 0x80000448 (0xE04F2F9B) psextb.h t6, t5
x31 <- 0xFFFFFFFF

mem[X,0x8000044C] -> 0x2023
mem[X,0x8000044E] -> 0x09F3
[280] [M]: 0x8000044C (0x09F32023) sw t6, 0x80(t1)
mem[0x8000326C] <- 0xFFFFFFFF

mem[X,0x80000450] -> 0x8F37
mem[X,0x80000452] -> 0xDFFF
[281] [M]: 0x80000450 (0xDFFF8F37) lui t5, -0x20008
x30 <- 0xDFFF8000

mem[X,0x80000454] -> 0x0F13
mem[X,0x80000456] -> 0xFFFF
[282] [M]: 0x80000454 (0xFFFF0F13) addi t5, t5, -0x1
x30 <- 0xDFFF7FFF

mem[X,0x80000458] -> 0x2F9B
mem[X,0x8000045A] -> 0xE04F
[283] [M]: 0x80000458 (0xE04F2F9B) psextb.h t6, t5
x31 <- 0xFFFFFFFF

mem[X,0x8000045C] -> 0x2423
mem[X,0x8000045E] -> 0x09F3
[284] [M]: 0x8000045C (0x09F32423) sw t6, 0x88(t1)
mem[0x80003274] <- 0xFFFFFFFF

mem[X,0x80000460] -> 0x8F37
mem[X,0x80000462] -> 0xBFFF
[285] [M]: 0x80000460 (0xBFFF8F37) lui t5, -0x40008
x30 <- 0xBFFF8000

mem[X,0x80000464] -> 0x0F13
mem[X,0x80000466] -> 0xFFFF
[286] [M]: 0x80000464 (0xFFFF0F13) addi t5, t5, -0x1
x30 <- 0xBFFF7FFF

mem[X,0x80000468] -> 0x2F9B
mem[X,0x8000046A] -> 0xE04F
[287] [M]: 0x80000468 (0xE04F2F9B) psextb.h t6, t5
x31 <- 0xFFFFFFFF

mem[X,0x8000046C] -> 0x2823
mem[X,0x8000046E] -> 0x09F3
[288] [M]: 0x8000046C (0x09F32823) sw t6, 0x90(t1)
mem[0x8000327C] <- 0xFFFFFFFF

mem[X,0x80000470] -> 0x8F37
mem[X,0x80000472] -> 0x5555
[289] [M]: 0x80000470 (0x55558F37) lui t5, 0x55558
x30 <- 0x55558000

mem[X,0x80000474] -> 0x0F13
mem[X,0x80000476] -> 0xFFFF
[290] [M]: 0x80000474 (0xFFFF0F13) addi t5, t5, -0x1
x30 <- 0x55557FFF

mem[X,0x80000478] -> 0x2F9B
mem[X,0x8000047A] -> 0xE04F
[291] [M]: 0x80000478 (0xE04F2F9B) psextb.h t6, t5
x31 <- 0xFFFFFFFF

mem[X,0x8000047C] -> 0x2C23
mem[X,0x8000047E] -> 0x09F3
[292] [M]: 0x8000047C (0x09F32C23) sw t6, 0x98(t1)
mem[0x80003284] <- 0xFFFFFFFF

mem[X,0x80000480] -> 0x8F37
mem[X,0x80000482] -> 0xAAAA
[293] [M]: 0x80000480 (0xAAAA8F37) lui t5, -0x55558
x30 <- 0xAAAA8000

mem[X,0x80000484] -> 0x0F13
mem[X,0x80000486] -> 0xFFFF
[294] [M]: 0x80000484 (0xFFFF0F13) addi t5, t5, -0x1
x30 <- 0xAAAA7FFF

mem[X,0x80000488] -> 0x2F9B
mem[X,0x8000048A] -> 0xE04F
[295] [M]: 0x80000488 (0xE04F2F9B) psextb.h t6, t5
x31 <- 0xFFFFFFFF

mem[X,0x8000048C] -> 0x2023
mem[X,0x8000048E] -> 0x0BF3
[296] [M]: 0x8000048C (0x0BF32023) sw t6, 0xa0(t1)
mem[0x8000328C] <- 0xFFFFFFFF

mem[X,0x80000490] -> 0x8F37
mem[X,0x80000492] -> 0x0002
[297] [M]: 0x80000490 (0x00028F37) lui t5, 0x28
x30 <- 0x00028000

mem[X,0x80000494] -> 0x0F13
mem[X,0x80000496] -> 0xFFFF
[298] [M]: 0x80000494 (0xFFFF0F13) addi t5, t5, -0x1
x30 <- 0x00027FFF

mem[X,0x80000498] -> 0x2F9B
mem[X,0x8000049A] -> 0xE04F
[299] [M]: 0x80000498 (0xE04F2F9B) psextb.h t6, t5
x31 <- 0xFFFFFFFF

clint::tick mtime <- 0x0000000000000003
 clint timer pending at mtime 0x0000000000000003
htif::tick 0x0000000000000000
mem[X,0x8000049C] -> 0x2423
mem[X,0x8000049E] -> 0x0BF3
[300] [M]: 0x8000049C (0x0BF32423) sw t6, 0xa8(t1)
mem[0x80003294] <- 0xFFFFFFFF

mem[X,0x800004A0] -> 0x8F37
mem[X,0x800004A2] -> 0x0004
[301] [M]: 0x800004A0 (0x00048F37) lui t5, 0x48
x30 <- 0x00048000

mem[X,0x800004A4] -> 0x0F13
mem[X,0x800004A6] -> 0xFFFF
[302] [M]: 0x800004A4 (0xFFFF0F13) addi t5, t5, -0x1
x30 <- 0x00047FFF

mem[X,0x800004A8] -> 0x2F9B
mem[X,0x800004AA] -> 0xE04F
[303] [M]: 0x800004A8 (0xE04F2F9B) psextb.h t6, t5
x31 <- 0xFFFFFFFF

mem[X,0x800004AC] -> 0x2823
mem[X,0x800004AE] -> 0x0BF3
[304] [M]: 0x800004AC (0x0BF32823) sw t6, 0xb0(t1)
mem[0x8000329C] <- 0xFFFFFFFF

mem[X,0x800004B0] -> 0x8F37
mem[X,0x800004B2] -> 0x0008
[305] [M]: 0x800004B0 (0x00088F37) lui t5, 0x88
x30 <- 0x00088000

mem[X,0x800004B4] -> 0x0F13
mem[X,0x800004B6] -> 0xFFFF
[306] [M]: 0x800004B4 (0xFFFF0F13) addi t5, t5, -0x1
x30 <- 0x00087FFF

mem[X,0x800004B8] -> 0x2F9B
mem[X,0x800004BA] -> 0xE04F
[307] [M]: 0x800004B8 (0xE04F2F9B) psextb.h t6, t5
x31 <- 0xFFFFFFFF

mem[X,0x800004BC] -> 0x2C23
mem[X,0x800004BE] -> 0x0BF3
[308] [M]: 0x800004BC (0x0BF32C23) sw t6, 0xb8(t1)
mem[0x800032A4] <- 0xFFFFFFFF

mem[X,0x800004C0] -> 0x8F37
mem[X,0x800004C2] -> 0x0010
[309] [M]: 0x800004C0 (0x00108F37) lui t5, 0x108
x30 <- 0x00108000

mem[X,0x800004C4] -> 0x0F13
mem[X,0x800004C6] -> 0xFFFF
[310] [M]: 0x800004C4 (0xFFFF0F13) addi t5, t5, -0x1
x30 <- 0x00107FFF

mem[X,0x800004C8] -> 0x2F9B
mem[X,0x800004CA] -> 0xE04F
[311] [M]: 0x800004C8 (0xE04F2F9B) psextb.h t6, t5
x31 <- 0xFFFFFFFF

mem[X,0x800004CC] -> 0x2023
mem[X,0x800004CE] -> 0x0DF3
[312] [M]: 0x800004CC (0x0DF32023) sw t6, 0xc0(t1)
mem[0x800032AC] <- 0xFFFFFFFF

mem[X,0x800004D0] -> 0x8F37
mem[X,0x800004D2] -> 0x0020
[313] [M]: 0x800004D0 (0x00208F37) lui t5, 0x208
x30 <- 0x00208000

mem[X,0x800004D4] -> 0x0F13
mem[X,0x800004D6] -> 0xFFFF
[314] [M]: 0x800004D4 (0xFFFF0F13) addi t5, t5, -0x1
x30 <- 0x00207FFF

mem[X,0x800004D8] -> 0x2F9B
mem[X,0x800004DA] -> 0xE04F
[315] [M]: 0x800004D8 (0xE04F2F9B) psextb.h t6, t5
x31 <- 0xFFFFFFFF

mem[X,0x800004DC] -> 0x2423
mem[X,0x800004DE] -> 0x0DF3
[316] [M]: 0x800004DC (0x0DF32423) sw t6, 0xc8(t1)
mem[0x800032B4] <- 0xFFFFFFFF

mem[X,0x800004E0] -> 0x8F37
mem[X,0x800004E2] -> 0x0040
[317] [M]: 0x800004E0 (0x00408F37) lui t5, 0x408
x30 <- 0x00408000

mem[X,0x800004E4] -> 0x0F13
mem[X,0x800004E6] -> 0xFFFF
[318] [M]: 0x800004E4 (0xFFFF0F13) addi t5, t5, -0x1
x30 <- 0x00407FFF

mem[X,0x800004E8] -> 0x2F9B
mem[X,0x800004EA] -> 0xE04F
[319] [M]: 0x800004E8 (0xE04F2F9B) psextb.h t6, t5
x31 <- 0xFFFFFFFF

mem[X,0x800004EC] -> 0x2823
mem[X,0x800004EE] -> 0x0DF3
[320] [M]: 0x800004EC (0x0DF32823) sw t6, 0xd0(t1)
mem[0x800032BC] <- 0xFFFFFFFF

mem[X,0x800004F0] -> 0x8F37
mem[X,0x800004F2] -> 0x0080
[321] [M]: 0x800004F0 (0x00808F37) lui t5, 0x808
x30 <- 0x00808000

mem[X,0x800004F4] -> 0x0F13
mem[X,0x800004F6] -> 0xFFFF
[322] [M]: 0x800004F4 (0xFFFF0F13) addi t5, t5, -0x1
x30 <- 0x00807FFF

mem[X,0x800004F8] -> 0x2F9B
mem[X,0x800004FA] -> 0xE04F
[323] [M]: 0x800004F8 (0xE04F2F9B) psextb.h t6, t5
x31 <- 0xFFFFFFFF

mem[X,0x800004FC] -> 0x2C23
mem[X,0x800004FE] -> 0x0DF3
[324] [M]: 0x800004FC (0x0DF32C23) sw t6, 0xd8(t1)
mem[0x800032C4] <- 0xFFFFFFFF

mem[X,0x80000500] -> 0x8F37
mem[X,0x80000502] -> 0x0100
[325] [M]: 0x80000500 (0x01008F37) lui t5, 0x1008
x30 <- 0x01008000

mem[X,0x80000504] -> 0x0F13
mem[X,0x80000506] -> 0xFFFF
[326] [M]: 0x80000504 (0xFFFF0F13) addi t5, t5, -0x1
x30 <- 0x01007FFF

mem[X,0x80000508] -> 0x2F9B
mem[X,0x8000050A] -> 0xE04F
[327] [M]: 0x80000508 (0xE04F2F9B) psextb.h t6, t5
x31 <- 0xFFFFFFFF

mem[X,0x8000050C] -> 0x2023
mem[X,0x8000050E] -> 0x0FF3
[328] [M]: 0x8000050C (0x0FF32023) sw t6, 0xe0(t1)
mem[0x800032CC] <- 0xFFFFFFFF

mem[X,0x80000510] -> 0x8F37
mem[X,0x80000512] -> 0x0200
[329] [M]: 0x80000510 (0x02008F37) lui t5, 0x2008
x30 <- 0x02008000

mem[X,0x80000514] -> 0x0F13
mem[X,0x80000516] -> 0xFFFF
[330] [M]: 0x80000514 (0xFFFF0F13) addi t5, t5, -0x1
x30 <- 0x02007FFF

mem[X,0x80000518] -> 0x2F9B
mem[X,0x8000051A] -> 0xE04F
[331] [M]: 0x80000518 (0xE04F2F9B) psextb.h t6, t5
x31 <- 0xFFFFFFFF

mem[X,0x8000051C] -> 0x2423
mem[X,0x8000051E] -> 0x0FF3
[332] [M]: 0x8000051C (0x0FF32423) sw t6, 0xe8(t1)
mem[0x800032D4] <- 0xFFFFFFFF

mem[X,0x80000520] -> 0x8F37
mem[X,0x80000522] -> 0x0400
[333] [M]: 0x80000520 (0x04008F37) lui t5, 0x4008
x30 <- 0x04008000

mem[X,0x80000524] -> 0x0F13
mem[X,0x80000526] -> 0xFFFF
[334] [M]: 0x80000524 (0xFFFF0F13) addi t5, t5, -0x1
x30 <- 0x04007FFF

mem[X,0x80000528] -> 0x2F9B
mem[X,0x8000052A] -> 0xE04F
[335] [M]: 0x80000528 (0xE04F2F9B) psextb.h t6, t5
x31 <- 0xFFFFFFFF

mem[X,0x8000052C] -> 0x2823
mem[X,0x8000052E] -> 0x0FF3
[336] [M]: 0x8000052C (0x0FF32823) sw t6, 0xf0(t1)
mem[0x800032DC] <- 0xFFFFFFFF

mem[X,0x80000530] -> 0x8F37
mem[X,0x80000532] -> 0x0800
[337] [M]: 0x80000530 (0x08008F37) lui t5, 0x8008
x30 <- 0x08008000

mem[X,0x80000534] -> 0x0F13
mem[X,0x80000536] -> 0xFFFF
[338] [M]: 0x80000534 (0xFFFF0F13) addi t5, t5, -0x1
x30 <- 0x08007FFF

mem[X,0x80000538] -> 0x2F9B
mem[X,0x8000053A] -> 0xE04F
[339] [M]: 0x80000538 (0xE04F2F9B) psextb.h t6, t5
x31 <- 0xFFFFFFFF

mem[X,0x8000053C] -> 0x2C23
mem[X,0x8000053E] -> 0x0FF3
[340] [M]: 0x8000053C (0x0FF32C23) sw t6, 0xf8(t1)
mem[0x800032E4] <- 0xFFFFFFFF

mem[X,0x80000540] -> 0x8F37
mem[X,0x80000542] -> 0x1000
[341] [M]: 0x80000540 (0x10008F37) lui t5, 0x10008
x30 <- 0x10008000

mem[X,0x80000544] -> 0x0F13
mem[X,0x80000546] -> 0xFFFF
[342] [M]: 0x80000544 (0xFFFF0F13) addi t5, t5, -0x1
x30 <- 0x10007FFF

mem[X,0x80000548] -> 0x2F9B
mem[X,0x8000054A] -> 0xE04F
[343] [M]: 0x80000548 (0xE04F2F9B) psextb.h t6, t5
x31 <- 0xFFFFFFFF

mem[X,0x8000054C] -> 0x2023
mem[X,0x8000054E] -> 0x11F3
[344] [M]: 0x8000054C (0x11F32023) sw t6, 0x100(t1)
mem[0x800032EC] <- 0xFFFFFFFF

mem[X,0x80000550] -> 0x8F37
mem[X,0x80000552] -> 0x2000
[345] [M]: 0x80000550 (0x20008F37) lui t5, 0x20008
x30 <- 0x20008000

mem[X,0x80000554] -> 0x0F13
mem[X,0x80000556] -> 0xFFFF
[346] [M]: 0x80000554 (0xFFFF0F13) addi t5, t5, -0x1
x30 <- 0x20007FFF

mem[X,0x80000558] -> 0x2F9B
mem[X,0x8000055A] -> 0xE04F
[347] [M]: 0x80000558 (0xE04F2F9B) psextb.h t6, t5
x31 <- 0xFFFFFFFF

mem[X,0x8000055C] -> 0x2423
mem[X,0x8000055E] -> 0x11F3
[348] [M]: 0x8000055C (0x11F32423) sw t6, 0x108(t1)
mem[0x800032F4] <- 0xFFFFFFFF

mem[X,0x80000560] -> 0x8F37
mem[X,0x80000562] -> 0x4000
[349] [M]: 0x80000560 (0x40008F37) lui t5, 0x40008
x30 <- 0x40008000

mem[X,0x80000564] -> 0x0F13
mem[X,0x80000566] -> 0xFFFF
[350] [M]: 0x80000564 (0xFFFF0F13) addi t5, t5, -0x1
x30 <- 0x40007FFF

mem[X,0x80000568] -> 0x2F9B
mem[X,0x8000056A] -> 0xE04F
[351] [M]: 0x80000568 (0xE04F2F9B) psextb.h t6, t5
x31 <- 0xFFFFFFFF

mem[X,0x8000056C] -> 0x2823
mem[X,0x8000056E] -> 0x11F3
[352] [M]: 0x8000056C (0x11F32823) sw t6, 0x110(t1)
mem[0x800032FC] <- 0xFFFFFFFF

mem[X,0x80000570] -> 0x8F37
mem[X,0x80000572] -> 0xFFFE
[353] [M]: 0x80000570 (0xFFFE8F37) lui t5, -0x18
x30 <- 0xFFFE8000

mem[X,0x80000574] -> 0x0F13
mem[X,0x80000576] -> 0xFFFF
[354] [M]: 0x80000574 (0xFFFF0F13) addi t5, t5, -0x1
x30 <- 0xFFFE7FFF

mem[X,0x80000578] -> 0x2F9B
mem[X,0x8000057A] -> 0xE04F
[355] [M]: 0x80000578 (0xE04F2F9B) psextb.h t6, t5
x31 <- 0xFFFFFFFF

mem[X,0x8000057C] -> 0x2C23
mem[X,0x8000057E] -> 0x11F3
[356] [M]: 0x8000057C (0x11F32C23) sw t6, 0x118(t1)
mem[0x80003304] <- 0xFFFFFFFF

mem[X,0x80000580] -> 0x8F37
mem[X,0x80000582] -> 0xFFFD
[357] [M]: 0x80000580 (0xFFFD8F37) lui t5, -0x28
x30 <- 0xFFFD8000

mem[X,0x80000584] -> 0x0F13
mem[X,0x80000586] -> 0xFFFF
[358] [M]: 0x80000584 (0xFFFF0F13) addi t5, t5, -0x1
x30 <- 0xFFFD7FFF

mem[X,0x80000588] -> 0x2F9B
mem[X,0x8000058A] -> 0xE04F
[359] [M]: 0x80000588 (0xE04F2F9B) psextb.h t6, t5
x31 <- 0xFFFFFFFF

mem[X,0x8000058C] -> 0x2023
mem[X,0x8000058E] -> 0x13F3
[360] [M]: 0x8000058C (0x13F32023) sw t6, 0x120(t1)
mem[0x8000330C] <- 0xFFFFFFFF

mem[X,0x80000590] -> 0x8F37
mem[X,0x80000592] -> 0xFFFB
[361] [M]: 0x80000590 (0xFFFB8F37) lui t5, -0x48
x30 <- 0xFFFB8000

mem[X,0x80000594] -> 0x0F13
mem[X,0x80000596] -> 0xFFFF
[362] [M]: 0x80000594 (0xFFFF0F13) addi t5, t5, -0x1
x30 <- 0xFFFB7FFF

mem[X,0x80000598] -> 0x2F9B
mem[X,0x8000059A] -> 0xE04F
[363] [M]: 0x80000598 (0xE04F2F9B) psextb.h t6, t5
x31 <- 0xFFFFFFFF

mem[X,0x8000059C] -> 0x2423
mem[X,0x8000059E] -> 0x13F3
[364] [M]: 0x8000059C (0x13F32423) sw t6, 0x128(t1)
mem[0x80003314] <- 0xFFFFFFFF

mem[X,0x800005A0] -> 0x8F37
mem[X,0x800005A2] -> 0xFFF7
[365] [M]: 0x800005A0 (0xFFF78F37) lui t5, -0x88
x30 <- 0xFFF78000

mem[X,0x800005A4] -> 0x0F13
mem[X,0x800005A6] -> 0xFFFF
[366] [M]: 0x800005A4 (0xFFFF0F13) addi t5, t5, -0x1
x30 <- 0xFFF77FFF

mem[X,0x800005A8] -> 0x2F9B
mem[X,0x800005AA] -> 0xE04F
[367] [M]: 0x800005A8 (0xE04F2F9B) psextb.h t6, t5
x31 <- 0xFFFFFFFF

mem[X,0x800005AC] -> 0x2823
mem[X,0x800005AE] -> 0x13F3
[368] [M]: 0x800005AC (0x13F32823) sw t6, 0x130(t1)
mem[0x8000331C] <- 0xFFFFFFFF

mem[X,0x800005B0] -> 0x8F37
mem[X,0x800005B2] -> 0xFFEF
[369] [M]: 0x800005B0 (0xFFEF8F37) lui t5, -0x108
x30 <- 0xFFEF8000

mem[X,0x800005B4] -> 0x0F13
mem[X,0x800005B6] -> 0xFFFF
[370] [M]: 0x800005B4 (0xFFFF0F13) addi t5, t5, -0x1
x30 <- 0xFFEF7FFF

mem[X,0x800005B8] -> 0x2F9B
mem[X,0x800005BA] -> 0xE04F
[371] [M]: 0x800005B8 (0xE04F2F9B) psextb.h t6, t5
x31 <- 0xFFFFFFFF

mem[X,0x800005BC] -> 0x2C23
mem[X,0x800005BE] -> 0x13F3
[372] [M]: 0x800005BC (0x13F32C23) sw t6, 0x138(t1)
mem[0x80003324] <- 0xFFFFFFFF

mem[X,0x800005C0] -> 0x8F37
mem[X,0x800005C2] -> 0xFFDF
[373] [M]: 0x800005C0 (0xFFDF8F37) lui t5, -0x208
x30 <- 0xFFDF8000

mem[X,0x800005C4] -> 0x0F13
mem[X,0x800005C6] -> 0xFFFF
[374] [M]: 0x800005C4 (0xFFFF0F13) addi t5, t5, -0x1
x30 <- 0xFFDF7FFF

mem[X,0x800005C8] -> 0x2F9B
mem[X,0x800005CA] -> 0xE04F
[375] [M]: 0x800005C8 (0xE04F2F9B) psextb.h t6, t5
x31 <- 0xFFFFFFFF

mem[X,0x800005CC] -> 0x2023
mem[X,0x800005CE] -> 0x15F3
[376] [M]: 0x800005CC (0x15F32023) sw t6, 0x140(t1)
mem[0x8000332C] <- 0xFFFFFFFF

mem[X,0x800005D0] -> 0x8F37
mem[X,0x800005D2] -> 0xFFBF
[377] [M]: 0x800005D0 (0xFFBF8F37) lui t5, -0x408
x30 <- 0xFFBF8000

mem[X,0x800005D4] -> 0x0F13
mem[X,0x800005D6] -> 0xFFFF
[378] [M]: 0x800005D4 (0xFFFF0F13) addi t5, t5, -0x1
x30 <- 0xFFBF7FFF

mem[X,0x800005D8] -> 0x2F9B
mem[X,0x800005DA] -> 0xE04F
[379] [M]: 0x800005D8 (0xE04F2F9B) psextb.h t6, t5
x31 <- 0xFFFFFFFF

mem[X,0x800005DC] -> 0x2423
mem[X,0x800005DE] -> 0x15F3
[380] [M]: 0x800005DC (0x15F32423) sw t6, 0x148(t1)
mem[0x80003334] <- 0xFFFFFFFF

mem[X,0x800005E0] -> 0x8F37
mem[X,0x800005E2] -> 0xFF7F
[381] [M]: 0x800005E0 (0xFF7F8F37) lui t5, -0x808
x30 <- 0xFF7F8000

mem[X,0x800005E4] -> 0x0F13
mem[X,0x800005E6] -> 0xFFFF
[382] [M]: 0x800005E4 (0xFFFF0F13) addi t5, t5, -0x1
x30 <- 0xFF7F7FFF

mem[X,0x800005E8] -> 0x2F9B
mem[X,0x800005EA] -> 0xE04F
[383] [M]: 0x800005E8 (0xE04F2F9B) psextb.h t6, t5
x31 <- 0xFFFFFFFF

mem[X,0x800005EC] -> 0x2823
mem[X,0x800005EE] -> 0x15F3
[384] [M]: 0x800005EC (0x15F32823) sw t6, 0x150(t1)
mem[0x8000333C] <- 0xFFFFFFFF

mem[X,0x800005F0] -> 0x8F37
mem[X,0x800005F2] -> 0xFEFF
[385] [M]: 0x800005F0 (0xFEFF8F37) lui t5, -0x1008
x30 <- 0xFEFF8000

mem[X,0x800005F4] -> 0x0F13
mem[X,0x800005F6] -> 0xFFFF
[386] [M]: 0x800005F4 (0xFFFF0F13) addi t5, t5, -0x1
x30 <- 0xFEFF7FFF

mem[X,0x800005F8] -> 0x2F9B
mem[X,0x800005FA] -> 0xE04F
[387] [M]: 0x800005F8 (0xE04F2F9B) psextb.h t6, t5
x31 <- 0xFFFFFFFF

mem[X,0x800005FC] -> 0x2C23
mem[X,0x800005FE] -> 0x15F3
[388] [M]: 0x800005FC (0x15F32C23) sw t6, 0x158(t1)
mem[0x80003344] <- 0xFFFFFFFF

mem[X,0x80000600] -> 0xFF37
mem[X,0x80000602] -> 0x7FFF
[389] [M]: 0x80000600 (0x7FFFFF37) lui t5, 0x7ffff
x30 <- 0x7FFFF000

mem[X,0x80000604] -> 0x0F13
mem[X,0x80000606] -> 0x7FFF
[390] [M]: 0x80000604 (0x7FFF0F13) addi t5, t5, 0x7ff
x30 <- 0x7FFFF7FF

mem[X,0x80000608] -> 0x2F9B
mem[X,0x8000060A] -> 0xE04F
[391] [M]: 0x80000608 (0xE04F2F9B) psextb.h t6, t5
x31 <- 0xFFFFFFFF

mem[X,0x8000060C] -> 0x2023
mem[X,0x8000060E] -> 0x17F3
[392] [M]: 0x8000060C (0x17F32023) sw t6, 0x160(t1)
mem[0x8000334C] <- 0xFFFFFFFF

mem[X,0x80000610] -> 0xFF37
mem[X,0x80000612] -> 0x7FFF
[393] [M]: 0x80000610 (0x7FFFFF37) lui t5, 0x7ffff
x30 <- 0x7FFFF000

mem[X,0x80000614] -> 0x0F13
mem[X,0x80000616] -> 0xFFFF
[394] [M]: 0x80000614 (0xFFFF0F13) addi t5, t5, -0x1
x30 <- 0x7FFFEFFF

mem[X,0x80000618] -> 0x2F9B
mem[X,0x8000061A] -> 0xE04F
[395] [M]: 0x80000618 (0xE04F2F9B) psextb.h t6, t5
x31 <- 0xFFFFFFFF

mem[X,0x8000061C] -> 0x2423
mem[X,0x8000061E] -> 0x17F3
[396] [M]: 0x8000061C (0x17F32423) sw t6, 0x168(t1)
mem[0x80003354] <- 0xFFFFFFFF

mem[X,0x80000620] -> 0x006F
mem[X,0x80000622] -> 0x0200
[397] [M]: 0x80000620 (0x0200006F) jal zero, 0x20

mem[X,0x80000640] -> 0x0093
mem[X,0x80000642] -> 0x0010
[398] [M]: 0x80000640 (0x00100093) addi ra, zero, 0x1
x1 <- 0x00000001

mem[X,0x80000644] -> 0x1F17
mem[X,0x80000646] -> 0x0000
[399] [M]: 0x80000644 (0x00001F17) auipc t5, 0x1
x30 <- 0x80001644

clint::tick mtime <- 0x0000000000000004
 clint timer pending at mtime 0x0000000000000004
htif::tick 0x0000000000000000
mem[X,0x80000648] -> 0x2E23
mem[X,0x8000064A] -> 0x9A1F
[400] [M]: 0x80000648 (0x9A1F2E23) sw ra, -0x644(t5)
htif[0x80001000] <- 0x00000001

mem[X,0x8000064C] -> 0xF06F
mem[X,0x8000064E] -> 0xFF9F
[401] [M]: 0x8000064C (0xFF9FF06F) jal zero, -0x8

mem[X,0x80000644] -> 0x1F17
mem[X,0x80000646] -> 0x0000
[402] [M]: 0x80000644 (0x00001F17) auipc t5, 0x1
x30 <- 0x80001644

mem[X,0x80000648] -> 0x2E23
mem[X,0x8000064A] -> 0x9A1F
[403] [M]: 0x80000648 (0x9A1F2E23) sw ra, -0x644(t5)
htif[0x80001000] <- 0x00000001

mem[X,0x8000064C] -> 0xF06F
mem[X,0x8000064E] -> 0xFF9F
[404] [M]: 0x8000064C (0xFF9FF06F) jal zero, -0x8

mem[X,0x80000644] -> 0x1F17
mem[X,0x80000646] -> 0x0000
[405] [M]: 0x80000644 (0x00001F17) auipc t5, 0x1
x30 <- 0x80001644

mem[X,0x80000648] -> 0x2E23
mem[X,0x8000064A] -> 0x9A1F
[406] [M]: 0x80000648 (0x9A1F2E23) sw ra, -0x644(t5)
htif[0x80001000] <- 0x00000001
htif-syscall-proxy cmd: 0x000000000001

SUCCESS
