using /home/chsu/rvp-workspace/test-64/riscof_work/pdifu.b-01.S/ref/Reference-sail_c_simulator.signature for test-signature output.
tohost located at 0x80002000
Running file ref.elf.
ELF Entry @ 0x80000000
begin_signature: 0x80004110
end_signature: 0x800043a0
CSR mstatus <- 0x0000000A00000000 (input: 0x0000000000000000)
mem[X,0x0000000000001000] -> 0x0297
mem[X,0x0000000000001002] -> 0x0000
[0] [M]: 0x0000000000001000 (0x00000297) auipc t0, 0x0
x5 <- 0x0000000000001000

mem[X,0x0000000000001004] -> 0x8593
mem[X,0x0000000000001006] -> 0x0202
[1] [M]: 0x0000000000001004 (0x02028593) addi a1, t0, 0x20
x11 <- 0x0000000000001020

mem[X,0x0000000000001008] -> 0x2573
mem[X,0x000000000000100A] -> 0xF140
[2] [M]: 0x0000000000001008 (0xF1402573) csrrs a0, mhartid, zero
CSR mhartid -> 0x0000000000000000
x10 <- 0x0000000000000000

mem[X,0x000000000000100C] -> 0xB283
mem[X,0x000000000000100E] -> 0x0182
[3] [M]: 0x000000000000100C (0x0182B283) ld t0, 0x18(t0)
mem[R,0x0000000000001018] -> 0x0000000080000000
x5 <- 0x0000000080000000

mem[X,0x0000000000001010] -> 0x8067
mem[X,0x0000000000001012] -> 0x0002
[4] [M]: 0x0000000000001010 (0x00028067) jalr zero, 0x0(t0)

mem[X,0x0000000080000000] -> 0x0837
mem[X,0x0000000080000002] -> 0x7D5C
[5] [M]: 0x0000000080000000 (0x7D5C0837) lui a6, 0x7d5c0
x16 <- 0x000000007D5C0000

mem[X,0x0000000080000004] -> 0x0813
mem[X,0x0000000080000006] -> 0xDDB8
[6] [M]: 0x0000000080000004 (0xDDB80813) addi a6, a6, -0x225
x16 <- 0x000000007D5BFDDB

mem[X,0x0000000080000008] -> 0x1813
mem[X,0x000000008000000A] -> 0x00B8
[7] [M]: 0x0000000080000008 (0x00B81813) slli a6, a6, 0xb
x16 <- 0x000003EADFEED800

mem[X,0x000000008000000C] -> 0x0813
mem[X,0x000000008000000E] -> 0x3EA8
[8] [M]: 0x000000008000000C (0x3EA80813) addi a6, a6, 0x3ea
x16 <- 0x000003EADFEEDBEA

mem[X,0x0000000080000010] -> 0x1813
mem[X,0x0000000080000012] -> 0x00B8
[9] [M]: 0x0000000080000010 (0x00B81813) slli a6, a6, 0xb
x16 <- 0x001F56FF76DF5000

mem[X,0x0000000080000014] -> 0x0813
mem[X,0x0000000080000016] -> 0x6FF8
[10] [M]: 0x0000000080000014 (0x6FF80813) addi a6, a6, 0x6ff
x16 <- 0x001F56FF76DF56FF

mem[X,0x0000000080000018] -> 0x1813
mem[X,0x000000008000001A] -> 0x00A8
[11] [M]: 0x0000000080000018 (0x00A81813) slli a6, a6, 0xa
x16 <- 0x7D5BFDDB7D5BFC00

mem[X,0x000000008000001C] -> 0x0813
mem[X,0x000000008000001E] -> 0x1DB8
[12] [M]: 0x000000008000001C (0x1DB80813) addi a6, a6, 0x1db
x16 <- 0x7D5BFDDB7D5BFDDB

mem[X,0x0000000080000020] -> 0x5893
mem[X,0x0000000080000022] -> 0x0078
[13] [M]: 0x0000000080000020 (0x00785893) srli a7, a6, 0x7
x17 <- 0x00FAB7FBB6FAB7FB

mem[X,0x0000000080000024] -> 0x5793
mem[X,0x0000000080000026] -> 0x0398
[14] [M]: 0x0000000080000024 (0x03985793) srli a5, a6, 0x39
x15 <- 0x000000000000003E

mem[X,0x0000000080000028] -> 0xE8B3
mem[X,0x000000008000002A] -> 0x00F8
[15] [M]: 0x0000000080000028 (0x00F8E8B3) or a7, a7, a5
x17 <- 0x00FAB7FBB6FAB7FF

mem[X,0x000000008000002C] -> 0xD913
mem[X,0x000000008000002E] -> 0x0078
[16] [M]: 0x000000008000002C (0x0078D913) srli s2, a7, 0x7
x18 <- 0x0001F56FF76DF56F

mem[X,0x0000000080000030] -> 0xD793
mem[X,0x0000000080000032] -> 0x0398
[17] [M]: 0x0000000080000030 (0x0398D793) srli a5, a7, 0x39
x15 <- 0x0000000000000000

mem[X,0x0000000080000034] -> 0x6933
mem[X,0x0000000080000036] -> 0x00F9
[18] [M]: 0x0000000080000034 (0x00F96933) or s2, s2, a5
x18 <- 0x0001F56FF76DF56F

mem[X,0x0000000080000038] -> 0x5993
mem[X,0x000000008000003A] -> 0x0079
[19] [M]: 0x0000000080000038 (0x00795993) srli s3, s2, 0x7
x19 <- 0x000003EADFEEDBEA

mem[X,0x000000008000003C] -> 0x5793
mem[X,0x000000008000003E] -> 0x0399
[20] [M]: 0x000000008000003C (0x03995793) srli a5, s2, 0x39
x15 <- 0x0000000000000000

mem[X,0x0000000080000040] -> 0xE9B3
mem[X,0x0000000080000042] -> 0x00F9
[21] [M]: 0x0000000080000040 (0x00F9E9B3) or s3, s3, a5
x19 <- 0x000003EADFEEDBEA

mem[X,0x0000000080000044] -> 0xDA13
mem[X,0x0000000080000046] -> 0x0079
[22] [M]: 0x0000000080000044 (0x0079DA13) srli s4, s3, 0x7
x20 <- 0x00000007D5BFDDB7

mem[X,0x0000000080000048] -> 0xD793
mem[X,0x000000008000004A] -> 0x0399
[23] [M]: 0x0000000080000048 (0x0399D793) srli a5, s3, 0x39
x15 <- 0x0000000000000000

mem[X,0x000000008000004C] -> 0x6A33
mem[X,0x000000008000004E] -> 0x00FA
[24] [M]: 0x000000008000004C (0x00FA6A33) or s4, s4, a5
x20 <- 0x00000007D5BFDDB7

mem[X,0x0000000080000050] -> 0x5A93
mem[X,0x0000000080000052] -> 0x007A
[25] [M]: 0x0000000080000050 (0x007A5A93) srli s5, s4, 0x7
x21 <- 0x000000000FAB7FBB

mem[X,0x0000000080000054] -> 0x5793
mem[X,0x0000000080000056] -> 0x039A
[26] [M]: 0x0000000080000054 (0x039A5793) srli a5, s4, 0x39
x15 <- 0x0000000000000000

mem[X,0x0000000080000058] -> 0xEAB3
mem[X,0x000000008000005A] -> 0x00FA
[27] [M]: 0x0000000080000058 (0x00FAEAB3) or s5, s5, a5
x21 <- 0x000000000FAB7FBB

mem[X,0x000000008000005C] -> 0xDB13
mem[X,0x000000008000005E] -> 0x007A
[28] [M]: 0x000000008000005C (0x007ADB13) srli s6, s5, 0x7
x22 <- 0x00000000001F56FF

mem[X,0x0000000080000060] -> 0xD793
mem[X,0x0000000080000062] -> 0x039A
[29] [M]: 0x0000000080000060 (0x039AD793) srli a5, s5, 0x39
x15 <- 0x0000000000000000

mem[X,0x0000000080000064] -> 0x6B33
mem[X,0x0000000080000066] -> 0x00FB
[30] [M]: 0x0000000080000064 (0x00FB6B33) or s6, s6, a5
x22 <- 0x00000000001F56FF

mem[X,0x0000000080000068] -> 0x5B93
mem[X,0x000000008000006A] -> 0x007B
[31] [M]: 0x0000000080000068 (0x007B5B93) srli s7, s6, 0x7
x23 <- 0x0000000000003EAD

mem[X,0x000000008000006C] -> 0x5793
mem[X,0x000000008000006E] -> 0x039B
[32] [M]: 0x000000008000006C (0x039B5793) srli a5, s6, 0x39
x15 <- 0x0000000000000000

mem[X,0x0000000080000070] -> 0xEBB3
mem[X,0x0000000080000072] -> 0x00FB
[33] [M]: 0x0000000080000070 (0x00FBEBB3) or s7, s7, a5
x23 <- 0x0000000000003EAD

mem[X,0x0000000080000074] -> 0xDC13
mem[X,0x0000000080000076] -> 0x007B
[34] [M]: 0x0000000080000074 (0x007BDC13) srli s8, s7, 0x7
x24 <- 0x000000000000007D

mem[X,0x0000000080000078] -> 0xD793
mem[X,0x000000008000007A] -> 0x039B
[35] [M]: 0x0000000080000078 (0x039BD793) srli a5, s7, 0x39
x15 <- 0x0000000000000000

mem[X,0x000000008000007C] -> 0x6C33
mem[X,0x000000008000007E] -> 0x00FC
[36] [M]: 0x000000008000007C (0x00FC6C33) or s8, s8, a5
x24 <- 0x000000000000007D

mem[X,0x0000000080000080] -> 0x5C93
mem[X,0x0000000080000082] -> 0x007C
[37] [M]: 0x0000000080000080 (0x007C5C93) srli s9, s8, 0x7
x25 <- 0x0000000000000000

mem[X,0x0000000080000084] -> 0x5793
mem[X,0x0000000080000086] -> 0x039C
[38] [M]: 0x0000000080000084 (0x039C5793) srli a5, s8, 0x39
x15 <- 0x0000000000000000

mem[X,0x0000000080000088] -> 0xECB3
mem[X,0x000000008000008A] -> 0x00FC
[39] [M]: 0x0000000080000088 (0x00FCECB3) or s9, s9, a5
x25 <- 0x0000000000000000

mem[X,0x000000008000008C] -> 0xDD13
mem[X,0x000000008000008E] -> 0x007C
[40] [M]: 0x000000008000008C (0x007CDD13) srli s10, s9, 0x7
x26 <- 0x0000000000000000

mem[X,0x0000000080000090] -> 0xD793
mem[X,0x0000000080000092] -> 0x039C
[41] [M]: 0x0000000080000090 (0x039CD793) srli a5, s9, 0x39
x15 <- 0x0000000000000000

mem[X,0x0000000080000094] -> 0x6D33
mem[X,0x0000000080000096] -> 0x00FD
[42] [M]: 0x0000000080000094 (0x00FD6D33) or s10, s10, a5
x26 <- 0x0000000000000000

mem[X,0x0000000080000098] -> 0x5D93
mem[X,0x000000008000009A] -> 0x007D
[43] [M]: 0x0000000080000098 (0x007D5D93) srli s11, s10, 0x7
x27 <- 0x0000000000000000

mem[X,0x000000008000009C] -> 0x5793
mem[X,0x000000008000009E] -> 0x039D
[44] [M]: 0x000000008000009C (0x039D5793) srli a5, s10, 0x39
x15 <- 0x0000000000000000

mem[X,0x00000000800000A0] -> 0xEDB3
mem[X,0x00000000800000A2] -> 0x00FD
[45] [M]: 0x00000000800000A0 (0x00FDEDB3) or s11, s11, a5
x27 <- 0x0000000000000000

mem[X,0x00000000800000A4] -> 0xDE13
mem[X,0x00000000800000A6] -> 0x007D
[46] [M]: 0x00000000800000A4 (0x007DDE13) srli t3, s11, 0x7
x28 <- 0x0000000000000000

mem[X,0x00000000800000A8] -> 0xD793
mem[X,0x00000000800000AA] -> 0x039D
[47] [M]: 0x00000000800000A8 (0x039DD793) srli a5, s11, 0x39
x15 <- 0x0000000000000000

mem[X,0x00000000800000AC] -> 0x6E33
mem[X,0x00000000800000AE] -> 0x00FE
[48] [M]: 0x00000000800000AC (0x00FE6E33) or t3, t3, a5
x28 <- 0x0000000000000000

mem[X,0x00000000800000B0] -> 0x5E93
mem[X,0x00000000800000B2] -> 0x007E
[49] [M]: 0x00000000800000B0 (0x007E5E93) srli t4, t3, 0x7
x29 <- 0x0000000000000000

mem[X,0x00000000800000B4] -> 0x5793
mem[X,0x00000000800000B6] -> 0x039E
[50] [M]: 0x00000000800000B4 (0x039E5793) srli a5, t3, 0x39
x15 <- 0x0000000000000000

mem[X,0x00000000800000B8] -> 0xEEB3
mem[X,0x00000000800000BA] -> 0x00FE
[51] [M]: 0x00000000800000B8 (0x00FEEEB3) or t4, t4, a5
x29 <- 0x0000000000000000

mem[X,0x00000000800000BC] -> 0xDF13
mem[X,0x00000000800000BE] -> 0x007E
[52] [M]: 0x00000000800000BC (0x007EDF13) srli t5, t4, 0x7
x30 <- 0x0000000000000000

mem[X,0x00000000800000C0] -> 0xD793
mem[X,0x00000000800000C2] -> 0x039E
[53] [M]: 0x00000000800000C0 (0x039ED793) srli a5, t4, 0x39
x15 <- 0x0000000000000000

mem[X,0x00000000800000C4] -> 0x6F33
mem[X,0x00000000800000C6] -> 0x00FF
[54] [M]: 0x00000000800000C4 (0x00FF6F33) or t5, t5, a5
x30 <- 0x0000000000000000

mem[X,0x00000000800000C8] -> 0xC0B7
mem[X,0x00000000800000CA] -> 0xFEED
[55] [M]: 0x00000000800000C8 (0xFEEDC0B7) lui ra, -0x1124
x1 <- 0xFFFFFFFFFEEDC000

mem[X,0x00000000800000CC] -> 0x8093
mem[X,0x00000000800000CE] -> 0xEAD0
[56] [M]: 0x00000000800000CC (0xEAD08093) addi ra, ra, -0x153
x1 <- 0xFFFFFFFFFEEDBEAD

mem[X,0x00000000800000D0] -> 0x9093
mem[X,0x00000000800000D2] -> 0x00B0
[57] [M]: 0x00000000800000D0 (0x00B09093) slli ra, ra, 0xb
x1 <- 0xFFFFFFF76DF56800

mem[X,0x00000000800000D4] -> 0x8093
mem[X,0x00000000800000D6] -> 0x7F70
[58] [M]: 0x00000000800000D4 (0x7F708093) addi ra, ra, 0x7f7
x1 <- 0xFFFFFFF76DF56FF7

mem[X,0x00000000800000D8] -> 0x9093
mem[X,0x00000000800000DA] -> 0x00B0
[59] [M]: 0x00000000800000D8 (0x00B09093) slli ra, ra, 0xb
x1 <- 0xFFFFBB6FAB7FB800

mem[X,0x00000000800000DC] -> 0x8093
mem[X,0x00000000800000DE] -> 0x36F0
[60] [M]: 0x00000000800000DC (0x36F08093) addi ra, ra, 0x36f
x1 <- 0xFFFFBB6FAB7FBB6F

mem[X,0x00000000800000E0] -> 0x9093
mem[X,0x00000000800000E2] -> 0x00A0
[61] [M]: 0x00000000800000E0 (0x00A09093) slli ra, ra, 0xa
x1 <- 0xFEEDBEADFEEDBC00

mem[X,0x00000000800000E4] -> 0x8093
mem[X,0x00000000800000E6] -> 0x2AD0
[62] [M]: 0x00000000800000E4 (0x2AD08093) addi ra, ra, 0x2ad
x1 <- 0xFEEDBEADFEEDBEAD

mem[X,0x00000000800000E8] -> 0xD113
mem[X,0x00000000800000EA] -> 0x0070
[63] [M]: 0x00000000800000E8 (0x0070D113) srli sp, ra, 0x7
x2 <- 0x01FDDB7D5BFDDB7D

mem[X,0x00000000800000EC] -> 0xD793
mem[X,0x00000000800000EE] -> 0x0390
[64] [M]: 0x00000000800000EC (0x0390D793) srli a5, ra, 0x39
x15 <- 0x000000000000007F

mem[X,0x00000000800000F0] -> 0x6133
mem[X,0x00000000800000F2] -> 0x00F1
[65] [M]: 0x00000000800000F0 (0x00F16133) or sp, sp, a5
x2 <- 0x01FDDB7D5BFDDB7F

mem[X,0x00000000800000F4] -> 0x5193
mem[X,0x00000000800000F6] -> 0x0071
[66] [M]: 0x00000000800000F4 (0x00715193) srli gp, sp, 0x7
x3 <- 0x0003FBB6FAB7FBB6

mem[X,0x00000000800000F8] -> 0x5793
mem[X,0x00000000800000FA] -> 0x0391
[67] [M]: 0x00000000800000F8 (0x03915793) srli a5, sp, 0x39
x15 <- 0x0000000000000000

mem[X,0x00000000800000FC] -> 0xE1B3
mem[X,0x00000000800000FE] -> 0x00F1
[68] [M]: 0x00000000800000FC (0x00F1E1B3) or gp, gp, a5
x3 <- 0x0003FBB6FAB7FBB6

mem[X,0x0000000080000100] -> 0xD213
mem[X,0x0000000080000102] -> 0x0071
[69] [M]: 0x0000000080000100 (0x0071D213) srli tp, gp, 0x7
x4 <- 0x000007F76DF56FF7

mem[X,0x0000000080000104] -> 0xD793
mem[X,0x0000000080000106] -> 0x0391
[70] [M]: 0x0000000080000104 (0x0391D793) srli a5, gp, 0x39
x15 <- 0x0000000000000000

mem[X,0x0000000080000108] -> 0x6233
mem[X,0x000000008000010A] -> 0x00F2
[71] [M]: 0x0000000080000108 (0x00F26233) or tp, tp, a5
x4 <- 0x000007F76DF56FF7

mem[X,0x000000008000010C] -> 0x5293
mem[X,0x000000008000010E] -> 0x0072
[72] [M]: 0x000000008000010C (0x00725293) srli t0, tp, 0x7
x5 <- 0x0000000FEEDBEADF

mem[X,0x0000000080000110] -> 0x5793
mem[X,0x0000000080000112] -> 0x0392
[73] [M]: 0x0000000080000110 (0x03925793) srli a5, tp, 0x39
x15 <- 0x0000000000000000

mem[X,0x0000000080000114] -> 0xE2B3
mem[X,0x0000000080000116] -> 0x00F2
[74] [M]: 0x0000000080000114 (0x00F2E2B3) or t0, t0, a5
x5 <- 0x0000000FEEDBEADF

mem[X,0x0000000080000118] -> 0xD313
mem[X,0x000000008000011A] -> 0x0072
[75] [M]: 0x0000000080000118 (0x0072D313) srli t1, t0, 0x7
x6 <- 0x000000001FDDB7D5

mem[X,0x000000008000011C] -> 0xD793
mem[X,0x000000008000011E] -> 0x0392
[76] [M]: 0x000000008000011C (0x0392D793) srli a5, t0, 0x39
x15 <- 0x0000000000000000

mem[X,0x0000000080000120] -> 0x6333
mem[X,0x0000000080000122] -> 0x00F3
[77] [M]: 0x0000000080000120 (0x00F36333) or t1, t1, a5
x6 <- 0x000000001FDDB7D5

mem[X,0x0000000080000124] -> 0x5393
mem[X,0x0000000080000126] -> 0x0073
[78] [M]: 0x0000000080000124 (0x00735393) srli t2, t1, 0x7
x7 <- 0x00000000003FBB6F

mem[X,0x0000000080000128] -> 0x5793
mem[X,0x000000008000012A] -> 0x0393
[79] [M]: 0x0000000080000128 (0x03935793) srli a5, t1, 0x39
x15 <- 0x0000000000000000

mem[X,0x000000008000012C] -> 0xE3B3
mem[X,0x000000008000012E] -> 0x00F3
[80] [M]: 0x000000008000012C (0x00F3E3B3) or t2, t2, a5
x7 <- 0x00000000003FBB6F

mem[X,0x0000000080000130] -> 0xD413
mem[X,0x0000000080000132] -> 0x0073
[81] [M]: 0x0000000080000130 (0x0073D413) srli fp, t2, 0x7
x8 <- 0x0000000000007F76

mem[X,0x0000000080000134] -> 0xD793
mem[X,0x0000000080000136] -> 0x0393
[82] [M]: 0x0000000080000134 (0x0393D793) srli a5, t2, 0x39
x15 <- 0x0000000000000000

mem[X,0x0000000080000138] -> 0x6433
mem[X,0x000000008000013A] -> 0x00F4
[83] [M]: 0x0000000080000138 (0x00F46433) or fp, fp, a5
x8 <- 0x0000000000007F76

mem[X,0x000000008000013C] -> 0x5493
mem[X,0x000000008000013E] -> 0x0074
[84] [M]: 0x000000008000013C (0x00745493) srli s1, fp, 0x7
x9 <- 0x00000000000000FE

mem[X,0x0000000080000140] -> 0x5793
mem[X,0x0000000080000142] -> 0x0394
[85] [M]: 0x0000000080000140 (0x03945793) srli a5, fp, 0x39
x15 <- 0x0000000000000000

mem[X,0x0000000080000144] -> 0xE4B3
mem[X,0x0000000080000146] -> 0x00F4
[86] [M]: 0x0000000080000144 (0x00F4E4B3) or s1, s1, a5
x9 <- 0x00000000000000FE

mem[X,0x0000000080000148] -> 0xD513
mem[X,0x000000008000014A] -> 0x0074
[87] [M]: 0x0000000080000148 (0x0074D513) srli a0, s1, 0x7
x10 <- 0x0000000000000001

mem[X,0x000000008000014C] -> 0xD793
mem[X,0x000000008000014E] -> 0x0394
[88] [M]: 0x000000008000014C (0x0394D793) srli a5, s1, 0x39
x15 <- 0x0000000000000000

mem[X,0x0000000080000150] -> 0x6533
mem[X,0x0000000080000152] -> 0x00F5
[89] [M]: 0x0000000080000150 (0x00F56533) or a0, a0, a5
x10 <- 0x0000000000000001

mem[X,0x0000000080000154] -> 0x5593
mem[X,0x0000000080000156] -> 0x0075
[90] [M]: 0x0000000080000154 (0x00755593) srli a1, a0, 0x7
x11 <- 0x0000000000000000

mem[X,0x0000000080000158] -> 0x5793
mem[X,0x000000008000015A] -> 0x0395
[91] [M]: 0x0000000080000158 (0x03955793) srli a5, a0, 0x39
x15 <- 0x0000000000000000

mem[X,0x000000008000015C] -> 0xE5B3
mem[X,0x000000008000015E] -> 0x00F5
[92] [M]: 0x000000008000015C (0x00F5E5B3) or a1, a1, a5
x11 <- 0x0000000000000000

mem[X,0x0000000080000160] -> 0xD613
mem[X,0x0000000080000162] -> 0x0075
[93] [M]: 0x0000000080000160 (0x0075D613) srli a2, a1, 0x7
x12 <- 0x0000000000000000

mem[X,0x0000000080000164] -> 0xD793
mem[X,0x0000000080000166] -> 0x0395
[94] [M]: 0x0000000080000164 (0x0395D793) srli a5, a1, 0x39
x15 <- 0x0000000000000000

mem[X,0x0000000080000168] -> 0x6633
mem[X,0x000000008000016A] -> 0x00F6
[95] [M]: 0x0000000080000168 (0x00F66633) or a2, a2, a5
x12 <- 0x0000000000000000

mem[X,0x000000008000016C] -> 0x5693
mem[X,0x000000008000016E] -> 0x0076
[96] [M]: 0x000000008000016C (0x00765693) srli a3, a2, 0x7
x13 <- 0x0000000000000000

mem[X,0x0000000080000170] -> 0x5793
mem[X,0x0000000080000172] -> 0x0396
[97] [M]: 0x0000000080000170 (0x03965793) srli a5, a2, 0x39
x15 <- 0x0000000000000000

mem[X,0x0000000080000174] -> 0xE6B3
mem[X,0x0000000080000176] -> 0x00F6
[98] [M]: 0x0000000080000174 (0x00F6E6B3) or a3, a3, a5
x13 <- 0x0000000000000000

mem[X,0x0000000080000178] -> 0x0013
mem[X,0x000000008000017A] -> 0x0000
[99] [M]: 0x0000000080000178 (0x00000013) addi zero, zero, 0x0

clint::tick mtime <- 0x0000000000000001
 clint timer pending at mtime 0x0000000000000001
htif::tick 0x0000000000000000
mem[X,0x000000008000017C] -> 0x0013
mem[X,0x000000008000017E] -> 0x0000
[100] [M]: 0x000000008000017C (0x00000013) addi zero, zero, 0x0

mem[X,0x0000000080000180] -> 0x4297
mem[X,0x0000000080000182] -> 0x0000
[101] [M]: 0x0000000080000180 (0x00004297) auipc t0, 0x4
x5 <- 0x0000000080004180

mem[X,0x0000000080000184] -> 0x8293
mem[X,0x0000000080000186] -> 0xF982
[102] [M]: 0x0000000080000184 (0xF9828293) addi t0, t0, -0x68
x5 <- 0x0000000080004118

mem[X,0x0000000080000188] -> 0x0013
mem[X,0x000000008000018A] -> 0x0000
[103] [M]: 0x0000000080000188 (0x00000013) addi zero, zero, 0x0

mem[X,0x000000008000018C] -> 0x0013
mem[X,0x000000008000018E] -> 0x0000
[104] [M]: 0x000000008000018C (0x00000013) addi zero, zero, 0x0

mem[X,0x0000000080000190] -> 0x0013
mem[X,0x0000000080000192] -> 0x0000
[105] [M]: 0x0000000080000190 (0x00000013) addi zero, zero, 0x0

mem[X,0x0000000080000194] -> 0x0013
mem[X,0x0000000080000196] -> 0x0000
[106] [M]: 0x0000000080000194 (0x00000013) addi zero, zero, 0x0

mem[X,0x0000000080000198] -> 0x0013
mem[X,0x000000008000019A] -> 0x0000
[107] [M]: 0x0000000080000198 (0x00000013) addi zero, zero, 0x0

mem[X,0x000000008000019C] -> 0x0013
mem[X,0x000000008000019E] -> 0x0000
[108] [M]: 0x000000008000019C (0x00000013) addi zero, zero, 0x0

mem[X,0x00000000800001A0] -> 0x14B7
mem[X,0x00000000800001A2] -> 0x4080
[109] [M]: 0x00000000800001A0 (0x408014B7) lui s1, 0x40801
x9 <- 0x0000000040801000

mem[X,0x00000000800001A4] -> 0x8493
mem[X,0x00000000800001A6] -> 0x0C04
[110] [M]: 0x00000000800001A4 (0x0C048493) addi s1, s1, 0xc0
x9 <- 0x00000000408010C0

mem[X,0x00000000800001A8] -> 0x9493
mem[X,0x00000000800001AA] -> 0x00B4
[111] [M]: 0x00000000800001A8 (0x00B49493) slli s1, s1, 0xb
x9 <- 0x0000020400860000

mem[X,0x00000000800001AC] -> 0x8493
mem[X,0x00000000800001AE] -> 0x5F94
[112] [M]: 0x00000000800001AC (0x5F948493) addi s1, s1, 0x5f9
x9 <- 0x00000204008605F9

mem[X,0x00000000800001B0] -> 0x9493
mem[X,0x00000000800001B2] -> 0x00B4
[113] [M]: 0x00000000800001B0 (0x00B49493) slli s1, s1, 0xb
x9 <- 0x00102004302FC800

mem[X,0x00000000800001B4] -> 0x8493
mem[X,0x00000000800001B6] -> 0x7C14
[114] [M]: 0x00000000800001B4 (0x7C148493) addi s1, s1, 0x7c1
x9 <- 0x00102004302FCFC1

mem[X,0x00000000800001B8] -> 0x9493
mem[X,0x00000000800001BA] -> 0x00A4
[115] [M]: 0x00000000800001B8 (0x00A49493) slli s1, s1, 0xa
x9 <- 0x408010C0BF3F0400

mem[X,0x00000000800001BC] -> 0x8493
mem[X,0x00000000800001BE] -> 0x3804
[116] [M]: 0x00000000800001BC (0x38048493) addi s1, s1, 0x380
x9 <- 0x408010C0BF3F0780

mem[X,0x00000000800001C0] -> 0x0437
mem[X,0x00000000800001C2] -> 0x55F7
[117] [M]: 0x00000000800001C0 (0x55F70437) lui fp, 0x55f70
x8 <- 0x0000000055F70000

mem[X,0x00000000800001C4] -> 0x0413
mem[X,0x00000000800001C6] -> 0x7F84
[118] [M]: 0x00000000800001C4 (0x7F840413) addi fp, fp, 0x7f8
x8 <- 0x0000000055F707F8

mem[X,0x00000000800001C8] -> 0x1413
mem[X,0x00000000800001CA] -> 0x00B4
[119] [M]: 0x00000000800001C8 (0x00B41413) slli fp, fp, 0xb
x8 <- 0x000002AFB83FC000

mem[X,0x00000000800001CC] -> 0x0413
mem[X,0x00000000800001CE] -> 0x1F84
[120] [M]: 0x00000000800001CC (0x1F840413) addi fp, fp, 0x1f8
x8 <- 0x000002AFB83FC1F8

mem[X,0x00000000800001D0] -> 0x1413
mem[X,0x00000000800001D2] -> 0x00B4
[121] [M]: 0x00000000800001D0 (0x00B41413) slli fp, fp, 0xb
x8 <- 0x00157DC1FE0FC000

mem[X,0x00000000800001D4] -> 0x0413
mem[X,0x00000000800001D6] -> 0x03D4
[122] [M]: 0x00000000800001D4 (0x03D40413) addi fp, fp, 0x3d
x8 <- 0x00157DC1FE0FC03D

mem[X,0x00000000800001D8] -> 0x1413
mem[X,0x00000000800001DA] -> 0x00A4
[123] [M]: 0x00000000800001D8 (0x00A41413) slli fp, fp, 0xa
x8 <- 0x55F707F83F00F400

mem[X,0x00000000800001DC] -> 0x0413
mem[X,0x00000000800001DE] -> 0x2FC4
[124] [M]: 0x00000000800001DC (0x2FC40413) addi fp, fp, 0x2fc
x8 <- 0x55F707F83F00F6FC

mem[X,0x00000000800001E0] -> 0x8A3B
mem[X,0x00000000800001E2] -> 0xEC84
[125] [M]: 0x00000000800001E0 (0xEC848A3B) pdifu.b s4, s1, fp
x20 <- 0x15770938803F117C

mem[X,0x00000000800001E4] -> 0xB023
mem[X,0x00000000800001E6] -> 0x0142
[126] [M]: 0x00000000800001E4 (0x0142B023) sd s4, 0x0(t0)
mem[0x0000000080004118] <- 0x15770938803F117C

mem[X,0x00000000800001E8] -> 0xC037
mem[X,0x00000000800001EA] -> 0x0810
[127] [M]: 0x00000000800001E8 (0x0810C037) lui zero, 0x810c

mem[X,0x00000000800001EC] -> 0x0013
mem[X,0x00000000800001EE] -> 0x0FD0
[128] [M]: 0x00000000800001EC (0x0FD00013) addi zero, zero, 0xfd

mem[X,0x00000000800001F0] -> 0x1013
mem[X,0x00000000800001F2] -> 0x00B0
[129] [M]: 0x00000000800001F0 (0x00B01013) slli zero, zero, 0xb

mem[X,0x00000000800001F4] -> 0x0013
mem[X,0x00000000800001F6] -> 0x2A80
[130] [M]: 0x00000000800001F4 (0x2A800013) addi zero, zero, 0x2a8

mem[X,0x00000000800001F8] -> 0x1013
mem[X,0x00000000800001FA] -> 0x00B0
[131] [M]: 0x00000000800001F8 (0x00B01013) slli zero, zero, 0xb

mem[X,0x00000000800001FC] -> 0x0013
mem[X,0x00000000800001FE] -> 0x0410
[132] [M]: 0x00000000800001FC (0x04100013) addi zero, zero, 0x41

mem[X,0x0000000080000200] -> 0x1013
mem[X,0x0000000080000202] -> 0x00A0
[133] [M]: 0x0000000080000200 (0x00A01013) slli zero, zero, 0xa

mem[X,0x0000000080000204] -> 0x0013
mem[X,0x0000000080000206] -> 0x3FF0
[134] [M]: 0x0000000080000204 (0x3FF00013) addi zero, zero, 0x3ff

mem[X,0x0000000080000208] -> 0x01B7
mem[X,0x000000008000020A] -> 0x0208
[135] [M]: 0x0000000080000208 (0x020801B7) lui gp, 0x2080
x3 <- 0x0000000002080000

mem[X,0x000000008000020C] -> 0x8193
mem[X,0x000000008000020E] -> 0xA551
[136] [M]: 0x000000008000020C (0xA5518193) addi gp, gp, -0x5ab
x3 <- 0x000000000207FA55

mem[X,0x0000000080000210] -> 0x9193
mem[X,0x0000000080000212] -> 0x00B1
[137] [M]: 0x0000000080000210 (0x00B19193) slli gp, gp, 0xb
x3 <- 0x000000103FD2A800

mem[X,0x0000000080000214] -> 0x8193
mem[X,0x0000000080000216] -> 0x7FF1
[138] [M]: 0x0000000080000214 (0x7FF18193) addi gp, gp, 0x7ff
x3 <- 0x000000103FD2AFFF

mem[X,0x0000000080000218] -> 0x9193
mem[X,0x000000008000021A] -> 0x00B1
[139] [M]: 0x0000000080000218 (0x00B19193) slli gp, gp, 0xb
x3 <- 0x000081FE957FF800

mem[X,0x000000008000021C] -> 0x8193
mem[X,0x000000008000021E] -> 0x5FD1
[140] [M]: 0x000000008000021C (0x5FD18193) addi gp, gp, 0x5fd
x3 <- 0x000081FE957FFDFD

mem[X,0x0000000080000220] -> 0x9193
mem[X,0x0000000080000222] -> 0x00A1
[141] [M]: 0x0000000080000220 (0x00A19193) slli gp, gp, 0xa
x3 <- 0x0207FA55FFF7F400

mem[X,0x0000000080000224] -> 0x8193
mem[X,0x0000000080000226] -> 0x27F1
[142] [M]: 0x0000000080000224 (0x27F18193) addi gp, gp, 0x27f
x3 <- 0x0207FA55FFF7F67F

mem[X,0x0000000080000228] -> 0x01BB
mem[X,0x000000008000022A] -> 0xEC30
[143] [M]: 0x0000000080000228 (0xEC3001BB) pdifu.b gp, zero, gp
x3 <- 0x0207065501090A7F

mem[X,0x000000008000022C] -> 0xB423
mem[X,0x000000008000022E] -> 0x0032
[144] [M]: 0x000000008000022C (0x0032B423) sd gp, 0x8(t0)
mem[0x0000000080004120] <- 0x0207065501090A7F

mem[X,0x0000000080000230] -> 0xEF37
mem[X,0x0000000080000232] -> 0xF8FA
[145] [M]: 0x0000000080000230 (0xF8FAEF37) lui t5, -0x7052
x30 <- 0xFFFFFFFFF8FAE000

mem[X,0x0000000080000234] -> 0x0F13
mem[X,0x0000000080000236] -> 0xFF6F
[146] [M]: 0x0000000080000234 (0xFF6F0F13) addi t5, t5, -0xa
x30 <- 0xFFFFFFFFF8FADFF6

mem[X,0x0000000080000238] -> 0x1F13
mem[X,0x000000008000023A] -> 0x00BF
[147] [M]: 0x0000000080000238 (0x00BF1F13) slli t5, t5, 0xb
x30 <- 0xFFFFFFC7D6FFB000

mem[X,0x000000008000023C] -> 0x0F13
mem[X,0x000000008000023E] -> 0x047F
[148] [M]: 0x000000008000023C (0x047F0F13) addi t5, t5, 0x47
x30 <- 0xFFFFFFC7D6FFB047

mem[X,0x0000000080000240] -> 0x1F13
mem[X,0x0000000080000242] -> 0x00BF
[149] [M]: 0x0000000080000240 (0x00BF1F13) slli t5, t5, 0xb
x30 <- 0xFFFE3EB7FD823800

mem[X,0x0000000080000244] -> 0x0F13
mem[X,0x0000000080000246] -> 0x615F
[150] [M]: 0x0000000080000244 (0x615F0F13) addi t5, t5, 0x615
x30 <- 0xFFFE3EB7FD823E15

mem[X,0x0000000080000248] -> 0x1F13
mem[X,0x000000008000024A] -> 0x00AF
[151] [M]: 0x0000000080000248 (0x00AF1F13) slli t5, t5, 0xa
x30 <- 0xF8FADFF608F85400

mem[X,0x000000008000024C] -> 0x0F13
mem[X,0x000000008000024E] -> 0x100F
[152] [M]: 0x000000008000024C (0x100F0F13) addi t5, t5, 0x100
x30 <- 0xF8FADFF608F85500

mem[X,0x0000000080000250] -> 0x0F37
mem[X,0x0000000080000252] -> 0x0700
[153] [M]: 0x0000000080000250 (0x07000F37) lui t5, 0x7000
x30 <- 0x0000000007000000

mem[X,0x0000000080000254] -> 0x0F13
mem[X,0x0000000080000256] -> 0x97FF
[154] [M]: 0x0000000080000254 (0x97FF0F13) addi t5, t5, -0x681
x30 <- 0x0000000006FFF97F

mem[X,0x0000000080000258] -> 0x1F13
mem[X,0x000000008000025A] -> 0x00BF
[155] [M]: 0x0000000080000258 (0x00BF1F13) slli t5, t5, 0xb
x30 <- 0x00000037FFCBF800

mem[X,0x000000008000025C] -> 0x0F13
mem[X,0x000000008000025E] -> 0x100F
[156] [M]: 0x000000008000025C (0x100F0F13) addi t5, t5, 0x100
x30 <- 0x00000037FFCBF900

mem[X,0x0000000080000260] -> 0x1F13
mem[X,0x0000000080000262] -> 0x00BF
[157] [M]: 0x0000000080000260 (0x00BF1F13) slli t5, t5, 0xb
x30 <- 0x0001BFFE5FC80000

mem[X,0x0000000080000264] -> 0x0F13
mem[X,0x0000000080000266] -> 0x0D0F
[158] [M]: 0x0000000080000264 (0x0D0F0F13) addi t5, t5, 0xd0
x30 <- 0x0001BFFE5FC800D0

mem[X,0x0000000080000268] -> 0x1F13
mem[X,0x000000008000026A] -> 0x00AF
[159] [M]: 0x0000000080000268 (0x00AF1F13) slli t5, t5, 0xa
x30 <- 0x06FFF97F20034000

mem[X,0x000000008000026C] -> 0x0F13
mem[X,0x000000008000026E] -> 0x009F
[160] [M]: 0x000000008000026C (0x009F0F13) addi t5, t5, 0x9
x30 <- 0x06FFF97F20034009

mem[X,0x0000000080000270] -> 0x033B
mem[X,0x0000000080000272] -> 0xEDEF
[161] [M]: 0x0000000080000270 (0xEDEF033B) pdifu.b t1, t5, t5
x6 <- 0x0000000000000000

mem[X,0x0000000080000274] -> 0xB823
mem[X,0x0000000080000276] -> 0x0062
[162] [M]: 0x0000000080000274 (0x0062B823) sd t1, 0x10(t0)
mem[0x0000000080004128] <- 0x0000000000000000

mem[X,0x0000000080000278] -> 0xCB37
mem[X,0x000000008000027A] -> 0x2002
[163] [M]: 0x0000000080000278 (0x2002CB37) lui s6, 0x2002c
x22 <- 0x000000002002C000

mem[X,0x000000008000027C] -> 0x0B13
mem[X,0x000000008000027E] -> 0x003B
[164] [M]: 0x000000008000027C (0x003B0B13) addi s6, s6, 0x3
x22 <- 0x000000002002C003

mem[X,0x0000000080000280] -> 0x1B13
mem[X,0x0000000080000282] -> 0x00BB
[165] [M]: 0x0000000080000280 (0x00BB1B13) slli s6, s6, 0xb
x22 <- 0x0000010016001800

mem[X,0x0000000080000284] -> 0x0B13
mem[X,0x0000000080000286] -> 0x607B
[166] [M]: 0x0000000080000284 (0x607B0B13) addi s6, s6, 0x607
x22 <- 0x0000010016001E07

mem[X,0x0000000080000288] -> 0x1B13
mem[X,0x000000008000028A] -> 0x00BB
[167] [M]: 0x0000000080000288 (0x00BB1B13) slli s6, s6, 0xb
x22 <- 0x000800B000F03800

mem[X,0x000000008000028C] -> 0x0B13
mem[X,0x000000008000028E] -> 0x702B
[168] [M]: 0x000000008000028C (0x702B0B13) addi s6, s6, 0x702
x22 <- 0x000800B000F03F02

mem[X,0x0000000080000290] -> 0x1B13
mem[X,0x0000000080000292] -> 0x00AB
[169] [M]: 0x0000000080000290 (0x00AB1B13) slli s6, s6, 0xa
x22 <- 0x2002C003C0FC0800

mem[X,0x0000000080000294] -> 0x0B13
mem[X,0x0000000080000296] -> 0x101B
[170] [M]: 0x0000000080000294 (0x101B0B13) addi s6, s6, 0x101
x22 <- 0x2002C003C0FC0901

mem[X,0x0000000080000298] -> 0x0D37
mem[X,0x000000008000029A] -> 0xDF07
[171] [M]: 0x0000000080000298 (0xDF070D37) lui s10, -0x20f90
x26 <- 0xFFFFFFFFDF070000

mem[X,0x000000008000029C] -> 0x0D13
mem[X,0x000000008000029E] -> 0xE01D
[172] [M]: 0x000000008000029C (0xE01D0D13) addi s10, s10, -0x1ff
x26 <- 0xFFFFFFFFDF06FE01

mem[X,0x00000000800002A0] -> 0x1D13
mem[X,0x00000000800002A2] -> 0x00BD
[173] [M]: 0x00000000800002A0 (0x00BD1D13) slli s10, s10, 0xb
x26 <- 0xFFFFFEF837F00800

mem[X,0x00000000800002A4] -> 0x0D13
mem[X,0x00000000800002A6] -> 0x081D
[174] [M]: 0x00000000800002A4 (0x081D0D13) addi s10, s10, 0x81
x26 <- 0xFFFFFEF837F00881

mem[X,0x00000000800002A8] -> 0x1D13
mem[X,0x00000000800002AA] -> 0x00BD
[175] [M]: 0x00000000800002A8 (0x00BD1D13) slli s10, s10, 0xb
x26 <- 0xFFF7C1BF80440800

mem[X,0x00000000800002AC] -> 0x0D13
mem[X,0x00000000800002AE] -> 0x7E0D
[176] [M]: 0x00000000800002AC (0x7E0D0D13) addi s10, s10, 0x7e0
x26 <- 0xFFF7C1BF80440FE0

mem[X,0x00000000800002B0] -> 0x1D13
mem[X,0x00000000800002B2] -> 0x00AD
[177] [M]: 0x00000000800002B0 (0x00AD1D13) slli s10, s10, 0xa
x26 <- 0xDF06FE01103F8000

mem[X,0x00000000800002B4] -> 0x0D13
mem[X,0x00000000800002B6] -> 0x003D
[178] [M]: 0x00000000800002B4 (0x003D0D13) addi s10, s10, 0x3
x26 <- 0xDF06FE01103F8003

mem[X,0x00000000800002B8] -> 0x0B3B
mem[X,0x00000000800002BA] -> 0xEDAB
[179] [M]: 0x00000000800002B8 (0xEDAB0B3B) pdifu.b s6, s6, s10
x22 <- 0x41043E0250437702

mem[X,0x00000000800002BC] -> 0xBC23
mem[X,0x00000000800002BE] -> 0x0162
[180] [M]: 0x00000000800002BC (0x0162BC23) sd s6, 0x18(t0)
mem[0x0000000080004130] <- 0x41043E0250437702

mem[X,0x00000000800002C0] -> 0xE3B7
mem[X,0x00000000800002C2] -> 0x203F
[181] [M]: 0x00000000800002C0 (0x203FE3B7) lui t2, 0x203fe
x7 <- 0x00000000203FE000

mem[X,0x00000000800002C4] -> 0x8393
mem[X,0x00000000800002C6] -> 0xF3F3
[182] [M]: 0x00000000800002C4 (0xF3F38393) addi t2, t2, -0xc1
x7 <- 0x00000000203FDF3F

mem[X,0x00000000800002C8] -> 0x9393
mem[X,0x00000000800002CA] -> 0x00B3
[183] [M]: 0x00000000800002C8 (0x00B39393) slli t2, t2, 0xb
x7 <- 0x00000101FEF9F800

mem[X,0x00000000800002CC] -> 0x8393
mem[X,0x00000000800002CE] -> 0x5FF3
[184] [M]: 0x00000000800002CC (0x5FF38393) addi t2, t2, 0x5ff
x7 <- 0x00000101FEF9FDFF

mem[X,0x00000000800002D0] -> 0x9393
mem[X,0x00000000800002D2] -> 0x00B3
[185] [M]: 0x00000000800002D0 (0x00B39393) slli t2, t2, 0xb
x7 <- 0x00080FF7CFEFF800

mem[X,0x00000000800002D4] -> 0x8393
mem[X,0x00000000800002D6] -> 0x5813
[186] [M]: 0x00000000800002D4 (0x58138393) addi t2, t2, 0x581
x7 <- 0x00080FF7CFEFFD81

mem[X,0x00000000800002D8] -> 0x9393
mem[X,0x00000000800002DA] -> 0x00A3
[187] [M]: 0x00000000800002D8 (0x00A39393) slli t2, t2, 0xa
x7 <- 0x203FDF3FBFF60400

mem[X,0x00000000800002DC] -> 0x8393
mem[X,0x00000000800002DE] -> 0x27F3
[188] [M]: 0x00000000800002DC (0x27F38393) addi t2, t2, 0x27f
x7 <- 0x203FDF3FBFF6067F

mem[X,0x00000000800002E0] -> 0x03B7
mem[X,0x00000000800002E2] -> 0xFA00
[189] [M]: 0x00000000800002E0 (0xFA0003B7) lui t2, -0x6000
x7 <- 0xFFFFFFFFFA000000

mem[X,0x00000000800002E4] -> 0x8393
mem[X,0x00000000800002E6] -> 0xCFC3
[190] [M]: 0x00000000800002E4 (0xCFC38393) addi t2, t2, -0x304
x7 <- 0xFFFFFFFFF9FFFCFC

mem[X,0x00000000800002E8] -> 0x9393
mem[X,0x00000000800002EA] -> 0x00B3
[191] [M]: 0x00000000800002E8 (0x00B39393) slli t2, t2, 0xb
x7 <- 0xFFFFFFCFFFE7E000

mem[X,0x00000000800002EC] -> 0x8393
mem[X,0x00000000800002EE] -> 0x0273
[192] [M]: 0x00000000800002EC (0x02738393) addi t2, t2, 0x27
x7 <- 0xFFFFFFCFFFE7E027

mem[X,0x00000000800002F0] -> 0x9393
mem[X,0x00000000800002F2] -> 0x00B3
[193] [M]: 0x00000000800002F0 (0x00B39393) slli t2, t2, 0xb
x7 <- 0xFFFE7FFF3F013800

mem[X,0x00000000800002F4] -> 0x8393
mem[X,0x00000000800002F6] -> 0x67F3
[194] [M]: 0x00000000800002F4 (0x67F38393) addi t2, t2, 0x67f
x7 <- 0xFFFE7FFF3F013E7F

mem[X,0x00000000800002F8] -> 0x9393
mem[X,0x00000000800002FA] -> 0x00A3
[195] [M]: 0x00000000800002F8 (0x00A39393) slli t2, t2, 0xa
x7 <- 0xF9FFFCFC04F9FC00

mem[X,0x00000000800002FC] -> 0x8393
mem[X,0x00000000800002FE] -> 0x2BF3
[196] [M]: 0x00000000800002FC (0x2BF38393) addi t2, t2, 0x2bf
x7 <- 0xF9FFFCFC04F9FEBF

mem[X,0x0000000080000300] -> 0x83BB
mem[X,0x0000000080000302] -> 0xEC73
[197] [M]: 0x0000000080000300 (0xEC7383BB) pdifu.b t2, t2, t2
x7 <- 0x0000000000000000

mem[X,0x0000000080000304] -> 0xB023
mem[X,0x0000000080000306] -> 0x0272
[198] [M]: 0x0000000080000304 (0x0272B023) sd t2, 0x20(t0)
mem[0x0000000080004138] <- 0x0000000000000000

mem[X,0x0000000080000308] -> 0xFA37
mem[X,0x000000008000030A] -> 0xFD02
[199] [M]: 0x0000000080000308 (0xFD02FA37) lui s4, -0x2fd1
x20 <- 0xFFFFFFFFFD02F000

clint::tick mtime <- 0x0000000000000002
 clint timer pending at mtime 0x0000000000000002
htif::tick 0x0000000000000000
mem[X,0x000000008000030C] -> 0x0A13
mem[X,0x000000008000030E] -> 0x7EFA
[200] [M]: 0x000000008000030C (0x7EFA0A13) addi s4, s4, 0x7ef
x20 <- 0xFFFFFFFFFD02F7EF

mem[X,0x0000000080000310] -> 0x1A13
mem[X,0x0000000080000312] -> 0x00BA
[201] [M]: 0x0000000080000310 (0x00BA1A13) slli s4, s4, 0xb
x20 <- 0xFFFFFFE817BF7800

mem[X,0x0000000080000314] -> 0x0A13
mem[X,0x0000000080000316] -> 0x01EA
[202] [M]: 0x0000000080000314 (0x01EA0A13) addi s4, s4, 0x1e
x20 <- 0xFFFFFFE817BF781E

mem[X,0x0000000080000318] -> 0x1A13
mem[X,0x000000008000031A] -> 0x00BA
[203] [M]: 0x0000000080000318 (0x00BA1A13) slli s4, s4, 0xb
x20 <- 0xFFFF40BDFBC0F000

mem[X,0x000000008000031C] -> 0x0A13
mem[X,0x000000008000031E] -> 0x7DFA
[204] [M]: 0x000000008000031C (0x7DFA0A13) addi s4, s4, 0x7df
x20 <- 0xFFFF40BDFBC0F7DF

mem[X,0x0000000080000320] -> 0x1A13
mem[X,0x0000000080000322] -> 0x00AA
[205] [M]: 0x0000000080000320 (0x00AA1A13) slli s4, s4, 0xa
x20 <- 0xFD02F7EF03DF7C00

mem[X,0x0000000080000324] -> 0x0A13
mem[X,0x0000000080000326] -> 0x302A
[206] [M]: 0x0000000080000324 (0x302A0A13) addi s4, s4, 0x302
x20 <- 0xFD02F7EF03DF7F02

mem[X,0x0000000080000328] -> 0x1FB7
mem[X,0x000000008000032A] -> 0x01FD
[207] [M]: 0x0000000080000328 (0x01FD1FB7) lui t6, 0x1fd1
x31 <- 0x0000000001FD1000

mem[X,0x000000008000032C] -> 0x8F93
mem[X,0x000000008000032E] -> 0x0F6F
[208] [M]: 0x000000008000032C (0x0F6F8F93) addi t6, t6, 0xf6
x31 <- 0x0000000001FD10F6

mem[X,0x0000000080000330] -> 0x9F93
mem[X,0x0000000080000332] -> 0x00BF
[209] [M]: 0x0000000080000330 (0x00BF9F93) slli t6, t6, 0xb
x31 <- 0x0000000FE887B000

mem[X,0x0000000080000334] -> 0x8F93
mem[X,0x0000000080000336] -> 0x080F
[210] [M]: 0x0000000080000334 (0x080F8F93) addi t6, t6, 0x80
x31 <- 0x0000000FE887B080

mem[X,0x0000000080000338] -> 0x9F93
mem[X,0x000000008000033A] -> 0x00BF
[211] [M]: 0x0000000080000338 (0x00BF9F93) slli t6, t6, 0xb
x31 <- 0x00007F443D840000

mem[X,0x000000008000033C] -> 0x8F93
mem[X,0x000000008000033E] -> 0x0BEF
[212] [M]: 0x000000008000033C (0x0BEF8F93) addi t6, t6, 0xbe
x31 <- 0x00007F443D8400BE

mem[X,0x0000000080000340] -> 0x9F93
mem[X,0x0000000080000342] -> 0x00AF
[213] [M]: 0x0000000080000340 (0x00AF9F93) slli t6, t6, 0xa
x31 <- 0x01FD10F61002F800

mem[X,0x0000000080000344] -> 0x8F93
mem[X,0x0000000080000346] -> 0x301F
[214] [M]: 0x0000000080000344 (0x301F8F93) addi t6, t6, 0x301
x31 <- 0x01FD10F61002FB01

mem[X,0x0000000080000348] -> 0x083B
mem[X,0x000000008000034A] -> 0xEDFA
[215] [M]: 0x0000000080000348 (0xEDFA083B) pdifu.b a6, s4, t6
x16 <- 0x040519070D237C01

mem[X,0x000000008000034C] -> 0xB423
mem[X,0x000000008000034E] -> 0x0302
[216] [M]: 0x000000008000034C (0x0302B423) sd a6, 0x28(t0)
mem[0x0000000080004140] <- 0x040519070D237C01

mem[X,0x0000000080000350] -> 0xFFB7
mem[X,0x0000000080000352] -> 0xFFFD
[217] [M]: 0x0000000080000350 (0xFFFDFFB7) lui t6, -0x21
x31 <- 0xFFFFFFFFFFFDF000

mem[X,0x0000000080000354] -> 0x8F93
mem[X,0x0000000080000356] -> 0x701F
[218] [M]: 0x0000000080000354 (0x701F8F93) addi t6, t6, 0x701
x31 <- 0xFFFFFFFFFFFDF701

mem[X,0x0000000080000358] -> 0x9F93
mem[X,0x000000008000035A] -> 0x00BF
[219] [M]: 0x0000000080000358 (0x00BF9F93) slli t6, t6, 0xb
x31 <- 0xFFFFFFFFEFB80800

mem[X,0x000000008000035C] -> 0x8F93
mem[X,0x000000008000035E] -> 0x6FEF
[220] [M]: 0x000000008000035C (0x6FEF8F93) addi t6, t6, 0x6fe
x31 <- 0xFFFFFFFFEFB80EFE

mem[X,0x0000000080000360] -> 0x9F93
mem[X,0x0000000080000362] -> 0x00BF
[221] [M]: 0x0000000080000360 (0x00BF9F93) slli t6, t6, 0xb
x31 <- 0xFFFFFF7DC077F000

mem[X,0x0000000080000364] -> 0x8F93
mem[X,0x0000000080000366] -> 0x03BF
[222] [M]: 0x0000000080000364 (0x03BF8F93) addi t6, t6, 0x3b
x31 <- 0xFFFFFF7DC077F03B

mem[X,0x0000000080000368] -> 0x9F93
mem[X,0x000000008000036A] -> 0x00AF
[223] [M]: 0x0000000080000368 (0x00AF9F93) slli t6, t6, 0xa
x31 <- 0xFFFDF701DFC0EC00

mem[X,0x000000008000036C] -> 0x8F93
mem[X,0x000000008000036E] -> 0x304F
[224] [M]: 0x000000008000036C (0x304F8F93) addi t6, t6, 0x304
x31 <- 0xFFFDF701DFC0EF04

mem[X,0x0000000080000370] -> 0x0A37
mem[X,0x0000000080000372] -> 0x8004
[225] [M]: 0x0000000080000370 (0x80040A37) lui s4, -0x7ffc0
x20 <- 0xFFFFFFFF80040000

mem[X,0x0000000080000374] -> 0x0A13
mem[X,0x0000000080000376] -> 0x8EFA
[226] [M]: 0x0000000080000374 (0x8EFA0A13) addi s4, s4, -0x711
x20 <- 0xFFFFFFFF8003F8EF

mem[X,0x0000000080000378] -> 0x1A13
mem[X,0x000000008000037A] -> 0x00BA
[227] [M]: 0x0000000080000378 (0x00BA1A13) slli s4, s4, 0xb
x20 <- 0xFFFFFC001FC77800

mem[X,0x000000008000037C] -> 0x0A13
mem[X,0x000000008000037E] -> 0x205A
[228] [M]: 0x000000008000037C (0x205A0A13) addi s4, s4, 0x205
x20 <- 0xFFFFFC001FC77A05

mem[X,0x0000000080000380] -> 0x1A13
mem[X,0x0000000080000382] -> 0x00BA
[229] [M]: 0x0000000080000380 (0x00BA1A13) slli s4, s4, 0xb
x20 <- 0xFFE000FE3BD02800

mem[X,0x0000000080000384] -> 0x0A13
mem[X,0x0000000080000386] -> 0x7C1A
[230] [M]: 0x0000000080000384 (0x7C1A0A13) addi s4, s4, 0x7c1
x20 <- 0xFFE000FE3BD02FC1

mem[X,0x0000000080000388] -> 0x1A13
mem[X,0x000000008000038A] -> 0x00AA
[231] [M]: 0x0000000080000388 (0x00AA1A13) slli s4, s4, 0xa
x20 <- 0x8003F8EF40BF0400

mem[X,0x000000008000038C] -> 0x0A13
mem[X,0x000000008000038E] -> 0x207A
[232] [M]: 0x000000008000038C (0x207A0A13) addi s4, s4, 0x207
x20 <- 0x8003F8EF40BF0607

mem[X,0x0000000080000390] -> 0x873B
mem[X,0x0000000080000392] -> 0xED4F
[233] [M]: 0x0000000080000390 (0xED4F873B) pdifu.b a4, t6, s4
x14 <- 0x7F06011261011703

mem[X,0x0000000080000394] -> 0xB823
mem[X,0x0000000080000396] -> 0x02E2
[234] [M]: 0x0000000080000394 (0x02E2B823) sd a4, 0x30(t0)
mem[0x0000000080004148] <- 0x7F06011261011703

mem[X,0x0000000080000398] -> 0x4137
mem[X,0x000000008000039A] -> 0x0220
[235] [M]: 0x0000000080000398 (0x02204137) lui sp, 0x2204
x2 <- 0x0000000002204000

mem[X,0x000000008000039C] -> 0x0113
mem[X,0x000000008000039E] -> 0xF071
[236] [M]: 0x000000008000039C (0xF0710113) addi sp, sp, -0xf9
x2 <- 0x0000000002203F07

mem[X,0x00000000800003A0] -> 0x1113
mem[X,0x00000000800003A2] -> 0x00B1
[237] [M]: 0x00000000800003A0 (0x00B11113) slli sp, sp, 0xb
x2 <- 0x0000001101F83800

mem[X,0x00000000800003A4] -> 0x0113
mem[X,0x00000000800003A6] -> 0x7ED1
[238] [M]: 0x00000000800003A4 (0x7ED10113) addi sp, sp, 0x7ed
x2 <- 0x0000001101F83FED

mem[X,0x00000000800003A8] -> 0x1113
mem[X,0x00000000800003AA] -> 0x00B1
[239] [M]: 0x00000000800003A8 (0x00B11113) slli sp, sp, 0xb
x2 <- 0x0000880FC1FF6800

mem[X,0x00000000800003AC] -> 0x0113
mem[X,0x00000000800003AE] -> 0x2BE1
[240] [M]: 0x00000000800003AC (0x2BE10113) addi sp, sp, 0x2be
x2 <- 0x0000880FC1FF6ABE

mem[X,0x00000000800003B0] -> 0x1113
mem[X,0x00000000800003B2] -> 0x00A1
[241] [M]: 0x00000000800003B0 (0x00A11113) slli sp, sp, 0xa
x2 <- 0x02203F07FDAAF800

mem[X,0x00000000800003B4] -> 0x0113
mem[X,0x00000000800003B6] -> 0x3081
[242] [M]: 0x00000000800003B4 (0x30810113) addi sp, sp, 0x308
x2 <- 0x02203F07FDAAFB08

mem[X,0x00000000800003B8] -> 0x04B7
mem[X,0x00000000800003BA] -> 0xFAFF
[243] [M]: 0x00000000800003B8 (0xFAFF04B7) lui s1, -0x5010
x9 <- 0xFFFFFFFFFAFF0000

mem[X,0x00000000800003BC] -> 0x8493
mem[X,0x00000000800003BE] -> 0xA044
[244] [M]: 0x00000000800003BC (0xA0448493) addi s1, s1, -0x5fc
x9 <- 0xFFFFFFFFFAFEFA04

mem[X,0x00000000800003C0] -> 0x9493
mem[X,0x00000000800003C2] -> 0x00B4
[245] [M]: 0x00000000800003C0 (0x00B49493) slli s1, s1, 0xb
x9 <- 0xFFFFFFD7F7D02000

mem[X,0x00000000800003C4] -> 0x8493
mem[X,0x00000000800003C6] -> 0x0034
[246] [M]: 0x00000000800003C4 (0x00348493) addi s1, s1, 0x3
x9 <- 0xFFFFFFD7F7D02003

mem[X,0x00000000800003C8] -> 0x9493
mem[X,0x00000000800003CA] -> 0x00B4
[247] [M]: 0x00000000800003C8 (0x00B49493) slli s1, s1, 0xb
x9 <- 0xFFFEBFBE81001800

mem[X,0x00000000800003CC] -> 0x8493
mem[X,0x00000000800003CE] -> 0x7F04
[248] [M]: 0x00000000800003CC (0x7F048493) addi s1, s1, 0x7f0
x9 <- 0xFFFEBFBE81001FF0

mem[X,0x00000000800003D0] -> 0x9493
mem[X,0x00000000800003D2] -> 0x00A4
[249] [M]: 0x00000000800003D0 (0x00A49493) slli s1, s1, 0xa
x9 <- 0xFAFEFA04007FC000

mem[X,0x00000000800003D4] -> 0x8493
mem[X,0x00000000800003D6] -> 0x0C04
[250] [M]: 0x00000000800003D4 (0x0C048493) addi s1, s1, 0xc0
x9 <- 0xFAFEFA04007FC0C0

mem[X,0x00000000800003D8] -> 0x0DBB
mem[X,0x00000000800003DA] -> 0xEC91
[251] [M]: 0x00000000800003D8 (0xEC910DBB) pdifu.b s11, sp, s1
x27 <- 0x08224503032B3B48

mem[X,0x00000000800003DC] -> 0xBC23
mem[X,0x00000000800003DE] -> 0x03B2
[252] [M]: 0x00000000800003DC (0x03B2BC23) sd s11, 0x38(t0)
mem[0x0000000080004150] <- 0x08224503032B3B48

mem[X,0x00000000800003E0] -> 0x05B7
mem[X,0x00000000800003E2] -> 0x0303
[253] [M]: 0x00000000800003E0 (0x030305B7) lui a1, 0x3030
x11 <- 0x0000000003030000

mem[X,0x00000000800003E4] -> 0x8593
mem[X,0x00000000800003E6] -> 0xEC05
[254] [M]: 0x00000000800003E4 (0xEC058593) addi a1, a1, -0x140
x11 <- 0x000000000302FEC0

mem[X,0x00000000800003E8] -> 0x9593
mem[X,0x00000000800003EA] -> 0x00B5
[255] [M]: 0x00000000800003E8 (0x00B59593) slli a1, a1, 0xb
x11 <- 0x0000001817F60000

mem[X,0x00000000800003EC] -> 0x8593
mem[X,0x00000000800003EE] -> 0x0185
[256] [M]: 0x00000000800003EC (0x01858593) addi a1, a1, 0x18
x11 <- 0x0000001817F60018

mem[X,0x00000000800003F0] -> 0x9593
mem[X,0x00000000800003F2] -> 0x00B5
[257] [M]: 0x00000000800003F0 (0x00B59593) slli a1, a1, 0xb
x11 <- 0x0000C0BFB000C000

mem[X,0x00000000800003F4] -> 0x8593
mem[X,0x00000000800003F6] -> 0x0C05
[258] [M]: 0x00000000800003F4 (0x0C058593) addi a1, a1, 0xc0
x11 <- 0x0000C0BFB000C0C0

mem[X,0x00000000800003F8] -> 0x9593
mem[X,0x00000000800003FA] -> 0x00A5
[259] [M]: 0x00000000800003F8 (0x00A59593) slli a1, a1, 0xa
x11 <- 0x0302FEC003030000

mem[X,0x00000000800003FC] -> 0x8593
mem[X,0x00000000800003FE] -> 0x1105
[260] [M]: 0x00000000800003FC (0x11058593) addi a1, a1, 0x110
x11 <- 0x0302FEC003030110

mem[X,0x0000000080000400] -> 0x00B7
mem[X,0x0000000080000402] -> 0xC003
[261] [M]: 0x0000000080000400 (0xC00300B7) lui ra, -0x3ffd0
x1 <- 0xFFFFFFFFC0030000

mem[X,0x0000000080000404] -> 0x8093
mem[X,0x0000000080000406] -> 0xF080
[262] [M]: 0x0000000080000404 (0xF0808093) addi ra, ra, -0xf8
x1 <- 0xFFFFFFFFC002FF08

mem[X,0x0000000080000408] -> 0x9093
mem[X,0x000000008000040A] -> 0x00B0
[263] [M]: 0x0000000080000408 (0x00B09093) slli ra, ra, 0xb
x1 <- 0xFFFFFE0017F84000

mem[X,0x000000008000040C] -> 0x8093
mem[X,0x000000008000040E] -> 0x2070
[264] [M]: 0x000000008000040C (0x20708093) addi ra, ra, 0x207
x1 <- 0xFFFFFE0017F84207

mem[X,0x0000000080000410] -> 0x9093
mem[X,0x0000000080000412] -> 0x00B0
[265] [M]: 0x0000000080000410 (0x00B09093) slli ra, ra, 0xb
x1 <- 0xFFF000BFC2103800

mem[X,0x0000000080000414] -> 0x8093
mem[X,0x0000000080000416] -> 0x6370
[266] [M]: 0x0000000080000414 (0x63708093) addi ra, ra, 0x637
x1 <- 0xFFF000BFC2103E37

mem[X,0x0000000080000418] -> 0x9093
mem[X,0x000000008000041A] -> 0x00A0
[267] [M]: 0x0000000080000418 (0x00A09093) slli ra, ra, 0xa
x1 <- 0xC002FF0840F8DC00

mem[X,0x000000008000041C] -> 0x8093
mem[X,0x000000008000041E] -> 0x3F70
[268] [M]: 0x000000008000041C (0x3F708093) addi ra, ra, 0x3f7
x1 <- 0xC002FF0840F8DFF7

mem[X,0x0000000080000420] -> 0x89BB
mem[X,0x0000000080000422] -> 0xEC15
[269] [M]: 0x0000000080000420 (0xEC1589BB) pdifu.b s3, a1, ra
x19 <- 0x430001483D0B2219

mem[X,0x0000000080000424] -> 0xB023
mem[X,0x0000000080000426] -> 0x0532
[270] [M]: 0x0000000080000424 (0x0532B023) sd s3, 0x40(t0)
mem[0x0000000080004158] <- 0x430001483D0B2219

mem[X,0x0000000080000428] -> 0xC6B7
mem[X,0x000000008000042A] -> 0x8004
[271] [M]: 0x0000000080000428 (0x8004C6B7) lui a3, -0x7ffb4
x13 <- 0xFFFFFFFF8004C000

mem[X,0x000000008000042C] -> 0x8693
mem[X,0x000000008000042E] -> 0xFF76
[272] [M]: 0x000000008000042C (0xFF768693) addi a3, a3, -0x9
x13 <- 0xFFFFFFFF8004BFF7

mem[X,0x0000000080000430] -> 0x9693
mem[X,0x0000000080000432] -> 0x00B6
[273] [M]: 0x0000000080000430 (0x00B69693) slli a3, a3, 0xb
x13 <- 0xFFFFFC0025FFB800

mem[X,0x0000000080000434] -> 0x8693
mem[X,0x0000000080000436] -> 0x00F6
[274] [M]: 0x0000000080000434 (0x00F68693) addi a3, a3, 0xf
x13 <- 0xFFFFFC0025FFB80F

mem[X,0x0000000080000438] -> 0x9693
mem[X,0x000000008000043A] -> 0x00B6
[275] [M]: 0x0000000080000438 (0x00B69693) slli a3, a3, 0xb
x13 <- 0xFFE0012FFDC07800

mem[X,0x000000008000043C] -> 0x8693
mem[X,0x000000008000043E] -> 0x7BE6
[276] [M]: 0x000000008000043C (0x7BE68693) addi a3, a3, 0x7be
x13 <- 0xFFE0012FFDC07FBE

mem[X,0x0000000080000440] -> 0x9693
mem[X,0x0000000080000442] -> 0x00A6
[277] [M]: 0x0000000080000440 (0x00A69693) slli a3, a3, 0xa
x13 <- 0x8004BFF701FEF800

mem[X,0x0000000080000444] -> 0x8693
mem[X,0x0000000080000446] -> 0x0206
[278] [M]: 0x0000000080000444 (0x02068693) addi a3, a3, 0x20
x13 <- 0x8004BFF701FEF820

mem[X,0x0000000080000448] -> 0x0637
mem[X,0x000000008000044A] -> 0x3FAA
[279] [M]: 0x0000000080000448 (0x3FAA0637) lui a2, 0x3faa0
x12 <- 0x000000003FAA0000

mem[X,0x000000008000044C] -> 0x0613
mem[X,0x000000008000044E] -> 0x3FC6
[280] [M]: 0x000000008000044C (0x3FC60613) addi a2, a2, 0x3fc
x12 <- 0x000000003FAA03FC

mem[X,0x0000000080000450] -> 0x1613
mem[X,0x0000000080000452] -> 0x00B6
[281] [M]: 0x0000000080000450 (0x00B61613) slli a2, a2, 0xb
x12 <- 0x000001FD501FE000

mem[X,0x0000000080000454] -> 0x0613
mem[X,0x0000000080000456] -> 0x0406
[282] [M]: 0x0000000080000454 (0x04060613) addi a2, a2, 0x40
x12 <- 0x000001FD501FE040

mem[X,0x0000000080000458] -> 0x1613
mem[X,0x000000008000045A] -> 0x00B6
[283] [M]: 0x0000000080000458 (0x00B61613) slli a2, a2, 0xb
x12 <- 0x000FEA80FF020000

mem[X,0x000000008000045C] -> 0x0613
mem[X,0x000000008000045E] -> 0x27F6
[284] [M]: 0x000000008000045C (0x27F60613) addi a2, a2, 0x27f
x12 <- 0x000FEA80FF02027F

mem[X,0x0000000080000460] -> 0x1613
mem[X,0x0000000080000462] -> 0x00A6
[285] [M]: 0x0000000080000460 (0x00A61613) slli a2, a2, 0xa
x12 <- 0x3FAA03FC0809FC00

mem[X,0x0000000080000464] -> 0x0613
mem[X,0x0000000080000466] -> 0x2F76
[286] [M]: 0x0000000080000464 (0x2F760613) addi a2, a2, 0x2f7
x12 <- 0x3FAA03FC0809FEF7

mem[X,0x0000000080000468] -> 0x84BB
mem[X,0x000000008000046A] -> 0xECC6
[287] [M]: 0x0000000080000468 (0xECC684BB) pdifu.b s1, a3, a2
x9 <- 0x415A4405070B0629

mem[X,0x000000008000046C] -> 0xB423
mem[X,0x000000008000046E] -> 0x0492
[288] [M]: 0x000000008000046C (0x0492B423) sd s1, 0x48(t0)
mem[0x0000000080004160] <- 0x415A4405070B0629

mem[X,0x0000000080000470] -> 0x0237
mem[X,0x0000000080000472] -> 0xDF10
[289] [M]: 0x0000000080000470 (0xDF100237) lui tp, -0x20f00
x4 <- 0xFFFFFFFFDF100000

mem[X,0x0000000080000474] -> 0x0213
mem[X,0x0000000080000476] -> 0x17F2
[290] [M]: 0x0000000080000474 (0x17F20213) addi tp, tp, 0x17f
x4 <- 0xFFFFFFFFDF10017F

mem[X,0x0000000080000478] -> 0x1213
mem[X,0x000000008000047A] -> 0x00B2
[291] [M]: 0x0000000080000478 (0x00B21213) slli tp, tp, 0xb
x4 <- 0xFFFFFEF8800BF800

mem[X,0x000000008000047C] -> 0x0213
mem[X,0x000000008000047E] -> 0x1F82
[292] [M]: 0x000000008000047C (0x1F820213) addi tp, tp, 0x1f8
x4 <- 0xFFFFFEF8800BF9F8

mem[X,0x0000000080000480] -> 0x1213
mem[X,0x0000000080000482] -> 0x00B2
[293] [M]: 0x0000000080000480 (0x00B21213) slli tp, tp, 0xb
x4 <- 0xFFF7C4005FCFC000

mem[X,0x0000000080000484] -> 0x0213
mem[X,0x0000000080000486] -> 0x1BE2
[294] [M]: 0x0000000080000484 (0x1BE20213) addi tp, tp, 0x1be
x4 <- 0xFFF7C4005FCFC1BE

mem[X,0x0000000080000488] -> 0x1213
mem[X,0x000000008000048A] -> 0x00A2
[295] [M]: 0x0000000080000488 (0x00A21213) slli tp, tp, 0xa
x4 <- 0xDF10017F3F06F800

mem[X,0x000000008000048C] -> 0x0213
mem[X,0x000000008000048E] -> 0x2402
[296] [M]: 0x000000008000048C (0x24020213) addi tp, tp, 0x240
x4 <- 0xDF10017F3F06FA40

mem[X,0x0000000080000490] -> 0x0537
mem[X,0x0000000080000492] -> 0xFEFA
[297] [M]: 0x0000000080000490 (0xFEFA0537) lui a0, -0x1060
x10 <- 0xFFFFFFFFFEFA0000

mem[X,0x0000000080000494] -> 0x0513
mem[X,0x0000000080000496] -> 0xC085
[298] [M]: 0x0000000080000494 (0xC0850513) addi a0, a0, -0x3f8
x10 <- 0xFFFFFFFFFEF9FC08

mem[X,0x0000000080000498] -> 0x1513
mem[X,0x000000008000049A] -> 0x00B5
[299] [M]: 0x0000000080000498 (0x00B51513) slli a0, a0, 0xb
x10 <- 0xFFFFFFF7CFE04000

clint::tick mtime <- 0x0000000000000003
 clint timer pending at mtime 0x0000000000000003
htif::tick 0x0000000000000000
mem[X,0x000000008000049C] -> 0x0513
mem[X,0x000000008000049E] -> 0x7F45
[300] [M]: 0x000000008000049C (0x7F450513) addi a0, a0, 0x7f4
x10 <- 0xFFFFFFF7CFE047F4

mem[X,0x00000000800004A0] -> 0x1513
mem[X,0x00000000800004A2] -> 0x00B5
[301] [M]: 0x00000000800004A0 (0x00B51513) slli a0, a0, 0xb
x10 <- 0xFFFFBE7F023FA000

mem[X,0x00000000800004A4] -> 0x0513
mem[X,0x00000000800004A6] -> 0x0085
[302] [M]: 0x00000000800004A4 (0x00850513) addi a0, a0, 0x8
x10 <- 0xFFFFBE7F023FA008

mem[X,0x00000000800004A8] -> 0x1513
mem[X,0x00000000800004AA] -> 0x00A5
[303] [M]: 0x00000000800004A8 (0x00A51513) slli a0, a0, 0xa
x10 <- 0xFEF9FC08FE802000

mem[X,0x00000000800004AC] -> 0x0513
mem[X,0x00000000800004AE] -> 0x0075
[304] [M]: 0x00000000800004AC (0x00750513) addi a0, a0, 0x7
x10 <- 0xFEF9FC08FE802007

mem[X,0x00000000800004B0] -> 0x07BB
mem[X,0x00000000800004B2] -> 0xECA2
[305] [M]: 0x00000000800004B0 (0xECA207BB) pdifu.b a5, tp, a0
x15 <- 0x1F170577417A2639

mem[X,0x00000000800004B4] -> 0xB823
mem[X,0x00000000800004B6] -> 0x04F2
[306] [M]: 0x00000000800004B4 (0x04F2B823) sd a5, 0x50(t0)
mem[0x0000000080004168] <- 0x1F170577417A2639

mem[X,0x00000000800004B8] -> 0x08B7
mem[X,0x00000000800004BA] -> 0x40F6
[307] [M]: 0x00000000800004B8 (0x40F608B7) lui a7, 0x40f60
x17 <- 0x0000000040F60000

mem[X,0x00000000800004BC] -> 0x8893
mem[X,0x00000000800004BE] -> 0x6FE8
[308] [M]: 0x00000000800004BC (0x6FE88893) addi a7, a7, 0x6fe
x17 <- 0x0000000040F606FE

mem[X,0x00000000800004C0] -> 0x9893
mem[X,0x00000000800004C2] -> 0x00B8
[309] [M]: 0x00000000800004C0 (0x00B89893) slli a7, a7, 0xb
x17 <- 0x00000207B037F000

mem[X,0x00000000800004C4] -> 0x8893
mem[X,0x00000000800004C6] -> 0x4028
[310] [M]: 0x00000000800004C4 (0x40288893) addi a7, a7, 0x402
x17 <- 0x00000207B037F402

mem[X,0x00000000800004C8] -> 0x9893
mem[X,0x00000000800004CA] -> 0x00B8
[311] [M]: 0x00000000800004C8 (0x00B89893) slli a7, a7, 0xb
x17 <- 0x00103D81BFA01000

mem[X,0x00000000800004CC] -> 0x8893
mem[X,0x00000000800004CE] -> 0x03B8
[312] [M]: 0x00000000800004CC (0x03B88893) addi a7, a7, 0x3b
x17 <- 0x00103D81BFA0103B

mem[X,0x00000000800004D0] -> 0x9893
mem[X,0x00000000800004D2] -> 0x00A8
[313] [M]: 0x00000000800004D0 (0x00A89893) slli a7, a7, 0xa
x17 <- 0x40F606FE8040EC00

mem[X,0x00000000800004D4] -> 0x8893
mem[X,0x00000000800004D6] -> 0x3FE8
[314] [M]: 0x00000000800004D4 (0x3FE88893) addi a7, a7, 0x3fe
x17 <- 0x40F606FE8040EFFE

mem[X,0x00000000800004D8] -> 0x05B7
mem[X,0x00000000800004DA] -> 0xF709
[315] [M]: 0x00000000800004D8 (0xF70905B7) lui a1, -0x8f70
x11 <- 0xFFFFFFFFF7090000

mem[X,0x00000000800004DC] -> 0x8593
mem[X,0x00000000800004DE] -> 0x5FD5
[316] [M]: 0x00000000800004DC (0x5FD58593) addi a1, a1, 0x5fd
x11 <- 0xFFFFFFFFF70905FD

mem[X,0x00000000800004E0] -> 0x9593
mem[X,0x00000000800004E2] -> 0x00B5
[317] [M]: 0x00000000800004E0 (0x00B59593) slli a1, a1, 0xb
x11 <- 0xFFFFFFB8482FE800

mem[X,0x00000000800004E4] -> 0x8593
mem[X,0x00000000800004E6] -> 0x7DB5
[318] [M]: 0x00000000800004E4 (0x7DB58593) addi a1, a1, 0x7db
x11 <- 0xFFFFFFB8482FEFDB

mem[X,0x00000000800004E8] -> 0x9593
mem[X,0x00000000800004EA] -> 0x00B5
[319] [M]: 0x00000000800004E8 (0x00B59593) slli a1, a1, 0xb
x11 <- 0xFFFDC2417F7ED800

mem[X,0x00000000800004EC] -> 0x8593
mem[X,0x00000000800004EE] -> 0x7E05
[320] [M]: 0x00000000800004EC (0x7E058593) addi a1, a1, 0x7e0
x11 <- 0xFFFDC2417F7EDFE0

mem[X,0x00000000800004F0] -> 0x9593
mem[X,0x00000000800004F2] -> 0x00A5
[321] [M]: 0x00000000800004F0 (0x00A59593) slli a1, a1, 0xa
x11 <- 0xF70905FDFB7F8000

mem[X,0x00000000800004F4] -> 0x8593
mem[X,0x00000000800004F6] -> 0x0105
[322] [M]: 0x00000000800004F4 (0x01058593) addi a1, a1, 0x10
x11 <- 0xF70905FDFB7F8010

mem[X,0x00000000800004F8] -> 0x823B
mem[X,0x00000000800004FA] -> 0xECB8
[323] [M]: 0x00000000800004F8 (0xECB8823B) pdifu.b tp, a7, a1
x4 <- 0x491301017B3F6F12

mem[X,0x00000000800004FC] -> 0xBC23
mem[X,0x00000000800004FE] -> 0x0442
[324] [M]: 0x00000000800004FC (0x0442BC23) sd tp, 0x58(t0)
mem[0x0000000080004170] <- 0x491301017B3F6F12

mem[X,0x0000000080000500] -> 0x0537
mem[X,0x0000000080000502] -> 0x0102
[325] [M]: 0x0000000080000500 (0x01020537) lui a0, 0x1020
x10 <- 0x0000000001020000

mem[X,0x0000000080000504] -> 0x0513
mem[X,0x0000000080000506] -> 0x2FD5
[326] [M]: 0x0000000080000504 (0x2FD50513) addi a0, a0, 0x2fd
x10 <- 0x00000000010202FD

mem[X,0x0000000080000508] -> 0x1513
mem[X,0x000000008000050A] -> 0x00B5
[327] [M]: 0x0000000080000508 (0x00B51513) slli a0, a0, 0xb
x10 <- 0x000000081017E800

mem[X,0x000000008000050C] -> 0x0513
mem[X,0x000000008000050E] -> 0x0385
[328] [M]: 0x000000008000050C (0x03850513) addi a0, a0, 0x38
x10 <- 0x000000081017E838

mem[X,0x0000000080000510] -> 0x1513
mem[X,0x0000000080000512] -> 0x00B5
[329] [M]: 0x0000000080000510 (0x00B51513) slli a0, a0, 0xb
x10 <- 0x00004080BF41C000

mem[X,0x0000000080000514] -> 0x0513
mem[X,0x0000000080000516] -> 0x2015
[330] [M]: 0x0000000080000514 (0x20150513) addi a0, a0, 0x201
x10 <- 0x00004080BF41C201

mem[X,0x0000000080000518] -> 0x1513
mem[X,0x000000008000051A] -> 0x00A5
[331] [M]: 0x0000000080000518 (0x00A51513) slli a0, a0, 0xa
x10 <- 0x010202FD07080400

mem[X,0x000000008000051C] -> 0x0513
mem[X,0x000000008000051E] -> 0x0FD5
[332] [M]: 0x000000008000051C (0x0FD50513) addi a0, a0, 0xfd
x10 <- 0x010202FD070804FD

mem[X,0x0000000080000520] -> 0x8337
mem[X,0x0000000080000522] -> 0xFA80
[333] [M]: 0x0000000080000520 (0xFA808337) lui t1, -0x57f8
x6 <- 0xFFFFFFFFFA808000

mem[X,0x0000000080000524] -> 0x0313
mem[X,0x0000000080000526] -> 0x07F3
[334] [M]: 0x0000000080000524 (0x07F30313) addi t1, t1, 0x7f
x6 <- 0xFFFFFFFFFA80807F

mem[X,0x0000000080000528] -> 0x1313
mem[X,0x000000008000052A] -> 0x00B3
[335] [M]: 0x0000000080000528 (0x00B31313) slli t1, t1, 0xb
x6 <- 0xFFFFFFD40403F800

mem[X,0x000000008000052C] -> 0x0313
mem[X,0x000000008000052E] -> 0x7B83
[336] [M]: 0x000000008000052C (0x7B830313) addi t1, t1, 0x7b8
x6 <- 0xFFFFFFD40403FFB8

mem[X,0x0000000080000530] -> 0x1313
mem[X,0x0000000080000532] -> 0x00B3
[337] [M]: 0x0000000080000530 (0x00B31313) slli t1, t1, 0xb
x6 <- 0xFFFEA0201FFDC000

mem[X,0x0000000080000534] -> 0x0313
mem[X,0x0000000080000536] -> 0x2483
[338] [M]: 0x0000000080000534 (0x24830313) addi t1, t1, 0x248
x6 <- 0xFFFEA0201FFDC248

mem[X,0x0000000080000538] -> 0x1313
mem[X,0x000000008000053A] -> 0x00A3
[339] [M]: 0x0000000080000538 (0x00A31313) slli t1, t1, 0xa
x6 <- 0xFA80807FF7092000

mem[X,0x000000008000053C] -> 0x0E3B
mem[X,0x000000008000053E] -> 0xEC65
[340] [M]: 0x000000008000053C (0xEC650E3B) pdifu.b t3, a0, t1
x28 <- 0x077E7E7E10011C03

mem[X,0x0000000080000540] -> 0xB023
mem[X,0x0000000080000542] -> 0x07C2
[341] [M]: 0x0000000080000540 (0x07C2B023) sd t3, 0x60(t0)
mem[0x0000000080004178] <- 0x077E7E7E10011C03

mem[X,0x0000000080000544] -> 0x81B7
mem[X,0x0000000080000546] -> 0x0308
[342] [M]: 0x0000000080000544 (0x030881B7) lui gp, 0x3088
x3 <- 0x0000000003088000

mem[X,0x0000000080000548] -> 0x8193
mem[X,0x000000008000054A] -> 0x0AA1
[343] [M]: 0x0000000080000548 (0x0AA18193) addi gp, gp, 0xaa
x3 <- 0x00000000030880AA

mem[X,0x000000008000054C] -> 0x9193
mem[X,0x000000008000054E] -> 0x00B1
[344] [M]: 0x000000008000054C (0x00B19193) slli gp, gp, 0xb
x3 <- 0x0000001844055000

mem[X,0x0000000080000550] -> 0x8193
mem[X,0x0000000080000552] -> 0x0001
[345] [M]: 0x0000000080000550 (0x00018193) addi gp, gp, 0x0
x3 <- 0x0000001844055000

mem[X,0x0000000080000554] -> 0x9193
mem[X,0x0000000080000556] -> 0x00B1
[346] [M]: 0x0000000080000554 (0x00B19193) slli gp, gp, 0xb
x3 <- 0x0000C2202A800000

mem[X,0x0000000080000558] -> 0x8193
mem[X,0x000000008000055A] -> 0x1C11
[347] [M]: 0x0000000080000558 (0x1C118193) addi gp, gp, 0x1c1
x3 <- 0x0000C2202A8001C1

mem[X,0x000000008000055C] -> 0x9193
mem[X,0x000000008000055E] -> 0x00A1
[348] [M]: 0x000000008000055C (0x00A19193) slli gp, gp, 0xa
x3 <- 0x030880AA00070400

mem[X,0x0000000080000560] -> 0x8193
mem[X,0x0000000080000562] -> 0x2FB1
[349] [M]: 0x0000000080000560 (0x2FB18193) addi gp, gp, 0x2fb
x3 <- 0x030880AA000706FB

mem[X,0x0000000080000564] -> 0xFBB7
mem[X,0x0000000080000566] -> 0x09DF
[350] [M]: 0x0000000080000564 (0x09DFFBB7) lui s7, 0x9dff
x23 <- 0x0000000009DFF000

mem[X,0x0000000080000568] -> 0x8B93
mem[X,0x000000008000056A] -> 0x77FB
[351] [M]: 0x0000000080000568 (0x77FB8B93) addi s7, s7, 0x77f
x23 <- 0x0000000009DFF77F

mem[X,0x000000008000056C] -> 0x9B93
mem[X,0x000000008000056E] -> 0x00BB
[352] [M]: 0x000000008000056C (0x00BB9B93) slli s7, s7, 0xb
x23 <- 0x0000004EFFBBF800

mem[X,0x0000000080000570] -> 0x8B93
mem[X,0x0000000080000572] -> 0x7EFB
[353] [M]: 0x0000000080000570 (0x7EFB8B93) addi s7, s7, 0x7ef
x23 <- 0x0000004EFFBBFFEF

mem[X,0x0000000080000574] -> 0x9B93
mem[X,0x0000000080000576] -> 0x00BB
[354] [M]: 0x0000000080000574 (0x00BB9B93) slli s7, s7, 0xb
x23 <- 0x000277FDDFFF7800

mem[X,0x0000000080000578] -> 0x8B93
mem[X,0x000000008000057A] -> 0x7EFB
[355] [M]: 0x0000000080000578 (0x7EFB8B93) addi s7, s7, 0x7ef
x23 <- 0x000277FDDFFF7FEF

mem[X,0x000000008000057C] -> 0x9B93
mem[X,0x000000008000057E] -> 0x00AB
[356] [M]: 0x000000008000057C (0x00AB9B93) slli s7, s7, 0xa
x23 <- 0x09DFF77FFDFFBC00

mem[X,0x0000000080000580] -> 0x8B93
mem[X,0x0000000080000582] -> 0x309B
[357] [M]: 0x0000000080000580 (0x309B8B93) addi s7, s7, 0x309
x23 <- 0x09DFF77FFDFFBF09

mem[X,0x0000000080000584] -> 0x8EBB
mem[X,0x0000000080000586] -> 0xED71
[358] [M]: 0x0000000080000584 (0xED718EBB) pdifu.b t4, gp, s7
x29 <- 0x0629772B0308470E

mem[X,0x0000000080000588] -> 0xB423
mem[X,0x000000008000058A] -> 0x07D2
[359] [M]: 0x0000000080000588 (0x07D2B423) sd t4, 0x68(t0)
mem[0x0000000080004180] <- 0x0629772B0308470E

mem[X,0x000000008000058C] -> 0x0013
mem[X,0x000000008000058E] -> 0x0000
[360] [M]: 0x000000008000058C (0x00000013) addi zero, zero, 0x0

mem[X,0x0000000080000590] -> 0x0013
mem[X,0x0000000080000592] -> 0x0000
[361] [M]: 0x0000000080000590 (0x00000013) addi zero, zero, 0x0

mem[X,0x0000000080000594] -> 0x0013
mem[X,0x0000000080000596] -> 0x0000
[362] [M]: 0x0000000080000594 (0x00000013) addi zero, zero, 0x0

mem[X,0x0000000080000598] -> 0x0013
mem[X,0x000000008000059A] -> 0x0000
[363] [M]: 0x0000000080000598 (0x00000013) addi zero, zero, 0x0

mem[X,0x000000008000059C] -> 0x0013
mem[X,0x000000008000059E] -> 0x0000
[364] [M]: 0x000000008000059C (0x00000013) addi zero, zero, 0x0

mem[X,0x00000000800005A0] -> 0x4197
mem[X,0x00000000800005A2] -> 0x0000
[365] [M]: 0x00000000800005A0 (0x00004197) auipc gp, 0x4
x3 <- 0x00000000800045A0

mem[X,0x00000000800005A4] -> 0x8193
mem[X,0x00000000800005A6] -> 0xBE81
[366] [M]: 0x00000000800005A4 (0xBE818193) addi gp, gp, -0x418
x3 <- 0x0000000080004188

mem[X,0x00000000800005A8] -> 0x0013
mem[X,0x00000000800005AA] -> 0x0000
[367] [M]: 0x00000000800005A8 (0x00000013) addi zero, zero, 0x0

mem[X,0x00000000800005AC] -> 0x0013
mem[X,0x00000000800005AE] -> 0x0000
[368] [M]: 0x00000000800005AC (0x00000013) addi zero, zero, 0x0

mem[X,0x00000000800005B0] -> 0x0013
mem[X,0x00000000800005B2] -> 0x0000
[369] [M]: 0x00000000800005B0 (0x00000013) addi zero, zero, 0x0

mem[X,0x00000000800005B4] -> 0x0013
mem[X,0x00000000800005B6] -> 0x0000
[370] [M]: 0x00000000800005B4 (0x00000013) addi zero, zero, 0x0

mem[X,0x00000000800005B8] -> 0x0013
mem[X,0x00000000800005BA] -> 0x0000
[371] [M]: 0x00000000800005B8 (0x00000013) addi zero, zero, 0x0

mem[X,0x00000000800005BC] -> 0x0013
mem[X,0x00000000800005BE] -> 0x0000
[372] [M]: 0x00000000800005BC (0x00000013) addi zero, zero, 0x0

mem[X,0x00000000800005C0] -> 0x07B7
mem[X,0x00000000800005C2] -> 0xF711
[373] [M]: 0x00000000800005C0 (0xF71107B7) lui a5, -0x8ef0
x15 <- 0xFFFFFFFFF7110000

mem[X,0x00000000800005C4] -> 0x8793
mem[X,0x00000000800005C6] -> 0xE107
[374] [M]: 0x00000000800005C4 (0xE1078793) addi a5, a5, -0x1f0
x15 <- 0xFFFFFFFFF710FE10

mem[X,0x00000000800005C8] -> 0x9793
mem[X,0x00000000800005CA] -> 0x00B7
[375] [M]: 0x00000000800005C8 (0x00B79793) slli a5, a5, 0xb
x15 <- 0xFFFFFFB887F08000

mem[X,0x00000000800005CC] -> 0x8793
mem[X,0x00000000800005CE] -> 0x7C17
[376] [M]: 0x00000000800005CC (0x7C178793) addi a5, a5, 0x7c1
x15 <- 0xFFFFFFB887F087C1

mem[X,0x00000000800005D0] -> 0x9793
mem[X,0x00000000800005D2] -> 0x00B7
[377] [M]: 0x00000000800005D0 (0x00B79793) slli a5, a5, 0xb
x15 <- 0xFFFDC43F843E0800

mem[X,0x00000000800005D4] -> 0x8793
mem[X,0x00000000800005D6] -> 0x0107
[378] [M]: 0x00000000800005D4 (0x01078793) addi a5, a5, 0x10
x15 <- 0xFFFDC43F843E0810

mem[X,0x00000000800005D8] -> 0x9793
mem[X,0x00000000800005DA] -> 0x00A7
[379] [M]: 0x00000000800005D8 (0x00A79793) slli a5, a5, 0xa
x15 <- 0xF710FE10F8204000

mem[X,0x00000000800005DC] -> 0x8793
mem[X,0x00000000800005DE] -> 0x0F77
[380] [M]: 0x00000000800005DC (0x0F778793) addi a5, a5, 0xf7
x15 <- 0xF710FE10F82040F7

mem[X,0x00000000800005E0] -> 0x0837
mem[X,0x00000000800005E2] -> 0x3FC0
[381] [M]: 0x00000000800005E0 (0x3FC00837) lui a6, 0x3fc00
x16 <- 0x000000003FC00000

mem[X,0x00000000800005E4] -> 0x0813
mem[X,0x00000000800005E6] -> 0x9038
[382] [M]: 0x00000000800005E4 (0x90380813) addi a6, a6, -0x6fd
x16 <- 0x000000003FBFF903

mem[X,0x00000000800005E8] -> 0x1813
mem[X,0x00000000800005EA] -> 0x00B8
[383] [M]: 0x00000000800005E8 (0x00B81813) slli a6, a6, 0xb
x16 <- 0x000001FDFFC81800

mem[X,0x00000000800005EC] -> 0x0813
mem[X,0x00000000800005EE] -> 0x4028
[384] [M]: 0x00000000800005EC (0x40280813) addi a6, a6, 0x402
x16 <- 0x000001FDFFC81C02

mem[X,0x00000000800005F0] -> 0x1813
mem[X,0x00000000800005F2] -> 0x00B8
[385] [M]: 0x00000000800005F0 (0x00B81813) slli a6, a6, 0xb
x16 <- 0x000FEFFE40E01000

mem[X,0x00000000800005F4] -> 0x0813
mem[X,0x00000000800005F6] -> 0x0158
[386] [M]: 0x00000000800005F4 (0x01580813) addi a6, a6, 0x15
x16 <- 0x000FEFFE40E01015

mem[X,0x00000000800005F8] -> 0x1813
mem[X,0x00000000800005FA] -> 0x00A8
[387] [M]: 0x00000000800005F8 (0x00A81813) slli a6, a6, 0xa
x16 <- 0x3FBFF90380405400

mem[X,0x00000000800005FC] -> 0x0813
mem[X,0x00000000800005FE] -> 0x1208
[388] [M]: 0x00000000800005FC (0x12080813) addi a6, a6, 0x120
x16 <- 0x3FBFF90380405520

mem[X,0x0000000080000600] -> 0x8ABB
mem[X,0x0000000080000602] -> 0xED07
[389] [M]: 0x0000000080000600 (0xED078ABB) pdifu.b s5, a5, a6
x21 <- 0x4851050D78201529

mem[X,0x0000000080000604] -> 0xB023
mem[X,0x0000000080000606] -> 0x0151
[390] [M]: 0x0000000080000604 (0x0151B023) sd s5, 0x0(gp)
mem[0x0000000080004188] <- 0x4851050D78201529

mem[X,0x0000000080000608] -> 0xF737
mem[X,0x000000008000060A] -> 0xDF01
[391] [M]: 0x0000000080000608 (0xDF01F737) lui a4, -0x20fe1
x14 <- 0xFFFFFFFFDF01F000

mem[X,0x000000008000060C] -> 0x0713
mem[X,0x000000008000060E] -> 0x7807
[392] [M]: 0x000000008000060C (0x78070713) addi a4, a4, 0x780
x14 <- 0xFFFFFFFFDF01F780

mem[X,0x0000000080000610] -> 0x1713
mem[X,0x0000000080000612] -> 0x00B7
[393] [M]: 0x0000000080000610 (0x00B71713) slli a4, a4, 0xb
x14 <- 0xFFFFFEF80FBC0000

mem[X,0x0000000080000614] -> 0x0713
mem[X,0x0000000080000616] -> 0x0207
[394] [M]: 0x0000000080000614 (0x02070713) addi a4, a4, 0x20
x14 <- 0xFFFFFEF80FBC0020

mem[X,0x0000000080000618] -> 0x1713
mem[X,0x000000008000061A] -> 0x00B7
[395] [M]: 0x0000000080000618 (0x00B71713) slli a4, a4, 0xb
x14 <- 0xFFF7C07DE0010000

mem[X,0x000000008000061C] -> 0x0713
mem[X,0x000000008000061E] -> 0x02F7
[396] [M]: 0x000000008000061C (0x02F70713) addi a4, a4, 0x2f
x14 <- 0xFFF7C07DE001002F

mem[X,0x0000000080000620] -> 0x1713
mem[X,0x0000000080000622] -> 0x00A7
[397] [M]: 0x0000000080000620 (0x00A71713) slli a4, a4, 0xa
x14 <- 0xDF01F7800400BC00

mem[X,0x0000000080000624] -> 0x0713
mem[X,0x0000000080000626] -> 0x3EF7
[398] [M]: 0x0000000080000624 (0x3EF70713) addi a4, a4, 0x3ef
x14 <- 0xDF01F7800400BFEF

mem[X,0x0000000080000628] -> 0xB937
mem[X,0x000000008000062A] -> 0xFD03
[399] [M]: 0x0000000080000628 (0xFD03B937) lui s2, -0x2fc5
x18 <- 0xFFFFFFFFFD03B000

clint::tick mtime <- 0x0000000000000004
 clint timer pending at mtime 0x0000000000000004
htif::tick 0x0000000000000000
mem[X,0x000000008000062C] -> 0x0913
mem[X,0x000000008000062E] -> 0xAFB9
[400] [M]: 0x000000008000062C (0xAFB90913) addi s2, s2, -0x505
x18 <- 0xFFFFFFFFFD03AAFB

mem[X,0x0000000080000630] -> 0x1913
mem[X,0x0000000080000632] -> 0x00B9
[401] [M]: 0x0000000080000630 (0x00B91913) slli s2, s2, 0xb
x18 <- 0xFFFFFFE81D57D800

mem[X,0x0000000080000634] -> 0x0913
mem[X,0x0000000080000636] -> 0x6F89
[402] [M]: 0x0000000080000634 (0x6F890913) addi s2, s2, 0x6f8
x18 <- 0xFFFFFFE81D57DEF8

mem[X,0x0000000080000638] -> 0x1913
mem[X,0x000000008000063A] -> 0x00B9
[403] [M]: 0x0000000080000638 (0x00B91913) slli s2, s2, 0xb
x18 <- 0xFFFF40EABEF7C000

mem[X,0x000000008000063C] -> 0x0913
mem[X,0x000000008000063E] -> 0x03E9
[404] [M]: 0x000000008000063C (0x03E90913) addi s2, s2, 0x3e
x18 <- 0xFFFF40EABEF7C03E

mem[X,0x0000000080000640] -> 0x1913
mem[X,0x0000000080000642] -> 0x00A9
[405] [M]: 0x0000000080000640 (0x00A91913) slli s2, s2, 0xa
x18 <- 0xFD03AAFBDF00F800

mem[X,0x0000000080000644] -> 0x0913
mem[X,0x0000000080000646] -> 0x2209
[406] [M]: 0x0000000080000644 (0x22090913) addi s2, s2, 0x220
x18 <- 0xFD03AAFBDF00FA20

mem[X,0x0000000080000648] -> 0x053B
mem[X,0x000000008000064A] -> 0xED27
[407] [M]: 0x0000000080000648 (0xED27053B) pdifu.b a0, a4, s2
x10 <- 0x1E024D7B25003B31

mem[X,0x000000008000064C] -> 0xB423
mem[X,0x000000008000064E] -> 0x00A1
[408] [M]: 0x000000008000064C (0x00A1B423) sd a0, 0x8(gp)
mem[0x0000000080004190] <- 0x1E024D7B25003B31

mem[X,0x0000000080000650] -> 0x80B7
mem[X,0x0000000080000652] -> 0x0280
[409] [M]: 0x0000000080000650 (0x028080B7) lui ra, 0x2808
x1 <- 0x0000000002808000

mem[X,0x0000000080000654] -> 0x8093
mem[X,0x0000000080000656] -> 0xF070
[410] [M]: 0x0000000080000654 (0xF0708093) addi ra, ra, -0xf9
x1 <- 0x0000000002807F07

mem[X,0x0000000080000658] -> 0x9093
mem[X,0x000000008000065A] -> 0x00B0
[411] [M]: 0x0000000080000658 (0x00B09093) slli ra, ra, 0xb
x1 <- 0x0000001403F83800

mem[X,0x000000008000065C] -> 0x8093
mem[X,0x000000008000065E] -> 0x7B70
[412] [M]: 0x000000008000065C (0x7B708093) addi ra, ra, 0x7b7
x1 <- 0x0000001403F83FB7

mem[X,0x0000000080000660] -> 0x9093
mem[X,0x0000000080000662] -> 0x00B0
[413] [M]: 0x0000000080000660 (0x00B09093) slli ra, ra, 0xb
x1 <- 0x0000A01FC1FDB800

mem[X,0x0000000080000664] -> 0x8093
mem[X,0x0000000080000666] -> 0x6BB0
[414] [M]: 0x0000000080000664 (0x6BB08093) addi ra, ra, 0x6bb
x1 <- 0x0000A01FC1FDBEBB

mem[X,0x0000000080000668] -> 0x9093
mem[X,0x000000008000066A] -> 0x00A0
[415] [M]: 0x0000000080000668 (0x00A09093) slli ra, ra, 0xa
x1 <- 0x02807F07F6FAEC00

mem[X,0x000000008000066C] -> 0x8093
mem[X,0x000000008000066E] -> 0x3DF0
[416] [M]: 0x000000008000066C (0x3DF08093) addi ra, ra, 0x3df
x1 <- 0x02807F07F6FAEFDF

mem[X,0x0000000080000670] -> 0x0CB7
mem[X,0x0000000080000672] -> 0xFE40
[417] [M]: 0x0000000080000670 (0xFE400CB7) lui s9, -0x1c00
x25 <- 0xFFFFFFFFFE400000

mem[X,0x0000000080000674] -> 0x8C93
mem[X,0x0000000080000676] -> 0x8AAC
[418] [M]: 0x0000000080000674 (0x8AAC8C93) addi s9, s9, -0x756
x25 <- 0xFFFFFFFFFE3FF8AA

mem[X,0x0000000080000678] -> 0x9C93
mem[X,0x000000008000067A] -> 0x00BC
[419] [M]: 0x0000000080000678 (0x00BC9C93) slli s9, s9, 0xb
x25 <- 0xFFFFFFF1FFC55000

mem[X,0x000000008000067C] -> 0x8C93
mem[X,0x000000008000067E] -> 0x600C
[420] [M]: 0x000000008000067C (0x600C8C93) addi s9, s9, 0x600
x25 <- 0xFFFFFFF1FFC55600

mem[X,0x0000000080000680] -> 0x9C93
mem[X,0x0000000080000682] -> 0x00BC
[421] [M]: 0x0000000080000680 (0x00BC9C93) slli s9, s9, 0xb
x25 <- 0xFFFF8FFE2AB00000

mem[X,0x0000000080000684] -> 0x8C93
mem[X,0x0000000080000686] -> 0x401C
[422] [M]: 0x0000000080000684 (0x401C8C93) addi s9, s9, 0x401
x25 <- 0xFFFF8FFE2AB00401

mem[X,0x0000000080000688] -> 0x9C93
mem[X,0x000000008000068A] -> 0x00AC
[423] [M]: 0x0000000080000688 (0x00AC9C93) slli s9, s9, 0xa
x25 <- 0xFE3FF8AAC0100400

mem[X,0x000000008000068C] -> 0x8C93
mem[X,0x000000008000068E] -> 0x0FAC
[424] [M]: 0x000000008000068C (0x0FAC8C93) addi s9, s9, 0xfa
x25 <- 0xFE3FF8AAC01004FA

mem[X,0x0000000080000690] -> 0x813B
mem[X,0x0000000080000692] -> 0xED90
[425] [M]: 0x0000000080000690 (0xED90813B) pdifu.b sp, ra, s9
x2 <- 0x0441795D3616151B

mem[X,0x0000000080000694] -> 0xB823
mem[X,0x0000000080000696] -> 0x0021
[426] [M]: 0x0000000080000694 (0x0021B823) sd sp, 0x10(gp)
mem[0x0000000080004198] <- 0x0441795D3616151B

mem[X,0x0000000080000698] -> 0x1C37
mem[X,0x000000008000069A] -> 0x0206
[427] [M]: 0x0000000080000698 (0x02061C37) lui s8, 0x2061
x24 <- 0x0000000002061000

mem[X,0x000000008000069C] -> 0x0C13
mem[X,0x000000008000069E] -> 0x905C
[428] [M]: 0x000000008000069C (0x905C0C13) addi s8, s8, -0x6fb
x24 <- 0x0000000002060905

mem[X,0x00000000800006A0] -> 0x1C13
mem[X,0x00000000800006A2] -> 0x00BC
[429] [M]: 0x00000000800006A0 (0x00BC1C13) slli s8, s8, 0xb
x24 <- 0x0000001030482800

mem[X,0x00000000800006A4] -> 0x0C13
mem[X,0x00000000800006A6] -> 0x7ECC
[430] [M]: 0x00000000800006A4 (0x7ECC0C13) addi s8, s8, 0x7ec
x24 <- 0x0000001030482FEC

mem[X,0x00000000800006A8] -> 0x1C13
mem[X,0x00000000800006AA] -> 0x00BC
[431] [M]: 0x00000000800006A8 (0x00BC1C13) slli s8, s8, 0xb
x24 <- 0x00008182417F6000

mem[X,0x00000000800006AC] -> 0x0C13
mem[X,0x00000000800006AE] -> 0x001C
[432] [M]: 0x00000000800006AC (0x001C0C13) addi s8, s8, 0x1
x24 <- 0x00008182417F6001

mem[X,0x00000000800006B0] -> 0x1C13
mem[X,0x00000000800006B2] -> 0x00AC
[433] [M]: 0x00000000800006B0 (0x00AC1C13) slli s8, s8, 0xa
x24 <- 0x02060905FD800400

mem[X,0x00000000800006B4] -> 0x0C13
mem[X,0x00000000800006B6] -> 0x3BFC
[434] [M]: 0x00000000800006B4 (0x3BFC0C13) addi s8, s8, 0x3bf
x24 <- 0x02060905FD8007BF

mem[X,0x00000000800006B8] -> 0x06B7
mem[X,0x00000000800006BA] -> 0xFDC0
[435] [M]: 0x00000000800006B8 (0xFDC006B7) lui a3, -0x2400
x13 <- 0xFFFFFFFFFDC00000

mem[X,0x00000000800006BC] -> 0x8693
mem[X,0x00000000800006BE] -> 0xFBF6
[436] [M]: 0x00000000800006BC (0xFBF68693) addi a3, a3, -0x41
x13 <- 0xFFFFFFFFFDBFFFBF

mem[X,0x00000000800006C0] -> 0x9693
mem[X,0x00000000800006C2] -> 0x00B6
[437] [M]: 0x00000000800006C0 (0x00B69693) slli a3, a3, 0xb
x13 <- 0xFFFFFFEDFFFDF800

mem[X,0x00000000800006C4] -> 0x8693
mem[X,0x00000000800006C6] -> 0x0106
[438] [M]: 0x00000000800006C4 (0x01068693) addi a3, a3, 0x10
x13 <- 0xFFFFFFEDFFFDF810

mem[X,0x00000000800006C8] -> 0x9693
mem[X,0x00000000800006CA] -> 0x00B6
[439] [M]: 0x00000000800006C8 (0x00B69693) slli a3, a3, 0xb
x13 <- 0xFFFF6FFFEFC08000

mem[X,0x00000000800006CC] -> 0x8693
mem[X,0x00000000800006CE] -> 0x07E6
[440] [M]: 0x00000000800006CC (0x07E68693) addi a3, a3, 0x7e
x13 <- 0xFFFF6FFFEFC0807E

mem[X,0x00000000800006D0] -> 0x9693
mem[X,0x00000000800006D2] -> 0x00A6
[441] [M]: 0x00000000800006D0 (0x00A69693) slli a3, a3, 0xa
x13 <- 0xFDBFFFBF0201F800

mem[X,0x00000000800006D4] -> 0x8693
mem[X,0x00000000800006D6] -> 0x2EF6
[442] [M]: 0x00000000800006D4 (0x2EF68693) addi a3, a3, 0x2ef
x13 <- 0xFDBFFFBF0201FAEF

mem[X,0x00000000800006D8] -> 0x0F3B
mem[X,0x00000000800006DA] -> 0xECDC
[443] [M]: 0x00000000800006D8 (0xECDC0F3B) pdifu.b t5, s8, a3
x30 <- 0x05470A46057F0D30

mem[X,0x00000000800006DC] -> 0xBC23
mem[X,0x00000000800006DE] -> 0x01E1
[444] [M]: 0x00000000800006DC (0x01E1BC23) sd t5, 0x18(gp)
mem[0x00000000800041A0] <- 0x05470A46057F0D30

mem[X,0x00000000800006E0] -> 0x4437
mem[X,0x00000000800006E2] -> 0x0608
[445] [M]: 0x00000000800006E0 (0x06084437) lui fp, 0x6084
x8 <- 0x0000000006084000

mem[X,0x00000000800006E4] -> 0x0413
mem[X,0x00000000800006E6] -> 0xF404
[446] [M]: 0x00000000800006E4 (0xF4040413) addi fp, fp, -0xc0
x8 <- 0x0000000006083F40

mem[X,0x00000000800006E8] -> 0x1413
mem[X,0x00000000800006EA] -> 0x00B4
[447] [M]: 0x00000000800006E8 (0x00B41413) slli fp, fp, 0xb
x8 <- 0x0000003041FA0000

mem[X,0x00000000800006EC] -> 0x0413
mem[X,0x00000000800006EE] -> 0x3FB4
[448] [M]: 0x00000000800006EC (0x3FB40413) addi fp, fp, 0x3fb
x8 <- 0x0000003041FA03FB

mem[X,0x00000000800006F0] -> 0x1413
mem[X,0x00000000800006F2] -> 0x00B4
[449] [M]: 0x00000000800006F0 (0x00B41413) slli fp, fp, 0xb
x8 <- 0x0001820FD01FD800

mem[X,0x00000000800006F4] -> 0x0413
mem[X,0x00000000800006F6] -> 0x7FB4
[450] [M]: 0x00000000800006F4 (0x7FB40413) addi fp, fp, 0x7fb
x8 <- 0x0001820FD01FDFFB

mem[X,0x00000000800006F8] -> 0x1413
mem[X,0x00000000800006FA] -> 0x00A4
[451] [M]: 0x00000000800006F8 (0x00A41413) slli fp, fp, 0xa
x8 <- 0x06083F407F7FEC00

mem[X,0x00000000800006FC] -> 0x0413
mem[X,0x00000000800006FE] -> 0x3554
[452] [M]: 0x00000000800006FC (0x35540413) addi fp, fp, 0x355
x8 <- 0x06083F407F7FEF55

mem[X,0x0000000080000700] -> 0x09B7
mem[X,0x0000000080000702] -> 0x0407
[453] [M]: 0x0000000080000700 (0x040709B7) lui s3, 0x4070
x19 <- 0x0000000004070000

mem[X,0x0000000080000704] -> 0x8993
mem[X,0x0000000080000706] -> 0x4FF9
[454] [M]: 0x0000000080000704 (0x4FF98993) addi s3, s3, 0x4ff
x19 <- 0x00000000040704FF

mem[X,0x0000000080000708] -> 0x9993
mem[X,0x000000008000070A] -> 0x00B9
[455] [M]: 0x0000000080000708 (0x00B99993) slli s3, s3, 0xb
x19 <- 0x000000203827F800

mem[X,0x000000008000070C] -> 0x8993
mem[X,0x000000008000070E] -> 0x04F9
[456] [M]: 0x000000008000070C (0x04F98993) addi s3, s3, 0x4f
x19 <- 0x000000203827F84F

mem[X,0x0000000080000710] -> 0x9993
mem[X,0x0000000080000712] -> 0x00B9
[457] [M]: 0x0000000080000710 (0x00B99993) slli s3, s3, 0xb
x19 <- 0x000101C13FC27800

mem[X,0x0000000080000714] -> 0x8993
mem[X,0x0000000080000716] -> 0x6C49
[458] [M]: 0x0000000080000714 (0x6C498993) addi s3, s3, 0x6c4
x19 <- 0x000101C13FC27EC4

mem[X,0x0000000080000718] -> 0x9993
mem[X,0x000000008000071A] -> 0x00A9
[459] [M]: 0x0000000080000718 (0x00A99993) slli s3, s3, 0xa
x19 <- 0x040704FF09FB1000

mem[X,0x000000008000071C] -> 0x8993
mem[X,0x000000008000071E] -> 0x03F9
[460] [M]: 0x000000008000071C (0x03F98993) addi s3, s3, 0x3f
x19 <- 0x040704FF09FB103F

mem[X,0x0000000080000720] -> 0x0CBB
mem[X,0x0000000080000722] -> 0xED34
[461] [M]: 0x0000000080000720 (0xED340CBB) pdifu.b s9, fp, s3
x25 <- 0x02013B41767C2116

mem[X,0x0000000080000724] -> 0xB023
mem[X,0x0000000080000726] -> 0x0391
[462] [M]: 0x0000000080000724 (0x0391B023) sd s9, 0x20(gp)
mem[0x00000000800041A8] <- 0x02013B41767C2116

mem[X,0x0000000080000728] -> 0x0337
mem[X,0x000000008000072A] -> 0x05FC
[463] [M]: 0x0000000080000728 (0x05FC0337) lui t1, 0x5fc0
x6 <- 0x0000000005FC0000

mem[X,0x000000008000072C] -> 0x0313
mem[X,0x000000008000072E] -> 0x7553
[464] [M]: 0x000000008000072C (0x75530313) addi t1, t1, 0x755
x6 <- 0x0000000005FC0755

mem[X,0x0000000080000730] -> 0x1313
mem[X,0x0000000080000732] -> 0x00B3
[465] [M]: 0x0000000080000730 (0x00B31313) slli t1, t1, 0xb
x6 <- 0x0000002FE03AA800

mem[X,0x0000000080000734] -> 0x0313
mem[X,0x0000000080000736] -> 0x0333
[466] [M]: 0x0000000080000734 (0x03330313) addi t1, t1, 0x33
x6 <- 0x0000002FE03AA833

mem[X,0x0000000080000738] -> 0x1313
mem[X,0x000000008000073A] -> 0x00B3
[467] [M]: 0x0000000080000738 (0x00B31313) slli t1, t1, 0xb
x6 <- 0x00017F01D5419800

mem[X,0x000000008000073C] -> 0x0313
mem[X,0x000000008000073E] -> 0x7D53
[468] [M]: 0x000000008000073C (0x7D530313) addi t1, t1, 0x7d5
x6 <- 0x00017F01D5419FD5

mem[X,0x0000000080000740] -> 0x1313
mem[X,0x0000000080000742] -> 0x00A3
[469] [M]: 0x0000000080000740 (0x00A31313) slli t1, t1, 0xa
x6 <- 0x05FC0755067F5400

mem[X,0x0000000080000744] -> 0x0313
mem[X,0x0000000080000746] -> 0x1AA3
[470] [M]: 0x0000000080000744 (0x1AA30313) addi t1, t1, 0x1aa
x6 <- 0x05FC0755067F55AA

mem[X,0x0000000080000748] -> 0x58B7
mem[X,0x000000008000074A] -> 0x553F
[471] [M]: 0x0000000080000748 (0x553F58B7) lui a7, 0x553f5
x17 <- 0x00000000553F5000

mem[X,0x000000008000074C] -> 0x8893
mem[X,0x000000008000074E] -> 0x5F98
[472] [M]: 0x000000008000074C (0x5F988893) addi a7, a7, 0x5f9
x17 <- 0x00000000553F55F9

mem[X,0x0000000080000750] -> 0x9893
mem[X,0x0000000080000752] -> 0x00B8
[473] [M]: 0x0000000080000750 (0x00B89893) slli a7, a7, 0xb
x17 <- 0x000002A9FAAFC800

mem[X,0x0000000080000754] -> 0x8893
mem[X,0x0000000080000756] -> 0x03F8
[474] [M]: 0x0000000080000754 (0x03F88893) addi a7, a7, 0x3f
x17 <- 0x000002A9FAAFC83F

mem[X,0x0000000080000758] -> 0x9893
mem[X,0x000000008000075A] -> 0x00B8
[475] [M]: 0x0000000080000758 (0x00B89893) slli a7, a7, 0xb
x17 <- 0x00154FD57E41F800

mem[X,0x000000008000075C] -> 0x8893
mem[X,0x000000008000075E] -> 0x68F8
[476] [M]: 0x000000008000075C (0x68F88893) addi a7, a7, 0x68f
x17 <- 0x00154FD57E41FE8F

mem[X,0x0000000080000760] -> 0x9893
mem[X,0x0000000080000762] -> 0x00A8
[477] [M]: 0x0000000080000760 (0x00A89893) slli a7, a7, 0xa
x17 <- 0x553F55F907FA3C00

mem[X,0x0000000080000764] -> 0x8893
mem[X,0x0000000080000766] -> 0x3098
[478] [M]: 0x0000000080000764 (0x30988893) addi a7, a7, 0x309
x17 <- 0x553F55F907FA3F09

mem[X,0x0000000080000768] -> 0x06BB
mem[X,0x000000008000076A] -> 0xED13
[479] [M]: 0x0000000080000768 (0xED1306BB) pdifu.b a3, t1, a7
x13 <- 0x50434E5C017B165F

mem[X,0x000000008000076C] -> 0xB423
mem[X,0x000000008000076E] -> 0x02D1
[480] [M]: 0x000000008000076C (0x02D1B423) sd a3, 0x28(gp)
mem[0x00000000800041B0] <- 0x50434E5C017B165F

mem[X,0x0000000080000770] -> 0x0DB7
mem[X,0x0000000080000772] -> 0x3F00
[481] [M]: 0x0000000080000770 (0x3F000DB7) lui s11, 0x3f000
x27 <- 0x000000003F000000

mem[X,0x0000000080000774] -> 0x8D93
mem[X,0x0000000080000776] -> 0x6FCD
[482] [M]: 0x0000000080000774 (0x6FCD8D93) addi s11, s11, 0x6fc
x27 <- 0x000000003F0006FC

mem[X,0x0000000080000778] -> 0x9D93
mem[X,0x000000008000077A] -> 0x00BD
[483] [M]: 0x0000000080000778 (0x00BD9D93) slli s11, s11, 0xb
x27 <- 0x000001F80037E000

mem[X,0x000000008000077C] -> 0x8D93
mem[X,0x000000008000077E] -> 0x080D
[484] [M]: 0x000000008000077C (0x080D8D93) addi s11, s11, 0x80
x27 <- 0x000001F80037E080

mem[X,0x0000000080000780] -> 0x9D93
mem[X,0x0000000080000782] -> 0x00BD
[485] [M]: 0x0000000080000780 (0x00BD9D93) slli s11, s11, 0xb
x27 <- 0x000FC001BF040000

mem[X,0x0000000080000784] -> 0x8D93
mem[X,0x0000000080000786] -> 0x0A0D
[486] [M]: 0x0000000080000784 (0x0A0D8D93) addi s11, s11, 0xa0
x27 <- 0x000FC001BF0400A0

mem[X,0x0000000080000788] -> 0x9D93
mem[X,0x000000008000078A] -> 0x00AD
[487] [M]: 0x0000000080000788 (0x00AD9D93) slli s11, s11, 0xa
x27 <- 0x3F0006FC10028000

mem[X,0x000000008000078C] -> 0x8D93
mem[X,0x000000008000078E] -> 0x0FBD
[488] [M]: 0x000000008000078C (0x0FBD8D93) addi s11, s11, 0xfb
x27 <- 0x3F0006FC100280FB

mem[X,0x0000000080000790] -> 0x02B7
mem[X,0x0000000080000792] -> 0x030A
[489] [M]: 0x0000000080000790 (0x030A02B7) lui t0, 0x30a0
x5 <- 0x00000000030A0000

mem[X,0x0000000080000794] -> 0x8293
mem[X,0x0000000080000796] -> 0x9072
[490] [M]: 0x0000000080000794 (0x90728293) addi t0, t0, -0x6f9
x5 <- 0x000000000309F907

mem[X,0x0000000080000798] -> 0x9293
mem[X,0x000000008000079A] -> 0x00B2
[491] [M]: 0x0000000080000798 (0x00B29293) slli t0, t0, 0xb
x5 <- 0x000000184FC83800

mem[X,0x000000008000079C] -> 0x8293
mem[X,0x000000008000079E] -> 0x0802
[492] [M]: 0x000000008000079C (0x08028293) addi t0, t0, 0x80
x5 <- 0x000000184FC83880

mem[X,0x00000000800007A0] -> 0x9293
mem[X,0x00000000800007A2] -> 0x00B2
[493] [M]: 0x00000000800007A0 (0x00B29293) slli t0, t0, 0xb
x5 <- 0x0000C27E41C40000

mem[X,0x00000000800007A4] -> 0x8293
mem[X,0x00000000800007A6] -> 0x43E2
[494] [M]: 0x00000000800007A4 (0x43E28293) addi t0, t0, 0x43e
x5 <- 0x0000C27E41C4043E

mem[X,0x00000000800007A8] -> 0x9293
mem[X,0x00000000800007AA] -> 0x00A2
[495] [M]: 0x00000000800007A8 (0x00A29293) slli t0, t0, 0xa
x5 <- 0x0309F9071010F800

mem[X,0x00000000800007AC] -> 0x8293
mem[X,0x00000000800007AE] -> 0x3092
[496] [M]: 0x00000000800007AC (0x30928293) addi t0, t0, 0x309
x5 <- 0x0309F9071010FB09

mem[X,0x00000000800007B0] -> 0x8C3B
mem[X,0x00000000800007B2] -> 0xEC5D
[497] [M]: 0x00000000800007B0 (0xEC5D8C3B) pdifu.b s8, s11, t0
x24 <- 0x3C090D0B000E7B0E

mem[X,0x00000000800007B4] -> 0xB823
mem[X,0x00000000800007B6] -> 0x0381
[498] [M]: 0x00000000800007B4 (0x0381B823) sd s8, 0x30(gp)
mem[0x00000000800041B8] <- 0x3C090D0B000E7B0E

mem[X,0x00000000800007B8] -> 0x0937
mem[X,0x00000000800007BA] -> 0x00FC
[499] [M]: 0x00000000800007B8 (0x00FC0937) lui s2, 0xfc0
x18 <- 0x0000000000FC0000

clint::tick mtime <- 0x0000000000000005
 clint timer pending at mtime 0x0000000000000005
htif::tick 0x0000000000000000
mem[X,0x00000000800007BC] -> 0x0913
mem[X,0x00000000800007BE] -> 0x9DF9
[500] [M]: 0x00000000800007BC (0x9DF90913) addi s2, s2, -0x621
x18 <- 0x0000000000FBF9DF

mem[X,0x00000000800007C0] -> 0x1913
mem[X,0x00000000800007C2] -> 0x00B9
[501] [M]: 0x00000000800007C0 (0x00B91913) slli s2, s2, 0xb
x18 <- 0x00000007DFCEF800

mem[X,0x00000000800007C4] -> 0x0913
mem[X,0x00000000800007C6] -> 0x6079
[502] [M]: 0x00000000800007C4 (0x60790913) addi s2, s2, 0x607
x18 <- 0x00000007DFCEFE07

mem[X,0x00000000800007C8] -> 0x1913
mem[X,0x00000000800007CA] -> 0x00B9
[503] [M]: 0x00000000800007C8 (0x00B91913) slli s2, s2, 0xb
x18 <- 0x00003EFE77F03800

mem[X,0x00000000800007CC] -> 0x0913
mem[X,0x00000000800007CE] -> 0x3FF9
[504] [M]: 0x00000000800007CC (0x3FF90913) addi s2, s2, 0x3ff
x18 <- 0x00003EFE77F03BFF

mem[X,0x00000000800007D0] -> 0x1913
mem[X,0x00000000800007D2] -> 0x00A9
[505] [M]: 0x00000000800007D0 (0x00A91913) slli s2, s2, 0xa
x18 <- 0x00FBF9DFC0EFFC00

mem[X,0x00000000800007D4] -> 0x0913
mem[X,0x00000000800007D6] -> 0x3809
[506] [M]: 0x00000000800007D4 (0x38090913) addi s2, s2, 0x380
x18 <- 0x00FBF9DFC0EFFF80

mem[X,0x00000000800007D8] -> 0xFAB7
mem[X,0x00000000800007DA] -> 0xC0FE
[507] [M]: 0x00000000800007D8 (0xC0FEFAB7) lui s5, -0x3f011
x21 <- 0xFFFFFFFFC0FEF000

mem[X,0x00000000800007DC] -> 0x8A93
mem[X,0x00000000800007DE] -> 0x709A
[508] [M]: 0x00000000800007DC (0x709A8A93) addi s5, s5, 0x709
x21 <- 0xFFFFFFFFC0FEF709

mem[X,0x00000000800007E0] -> 0x9A93
mem[X,0x00000000800007E2] -> 0x00BA
[509] [M]: 0x00000000800007E0 (0x00BA9A93) slli s5, s5, 0xb
x21 <- 0xFFFFFE07F7B84800

mem[X,0x00000000800007E4] -> 0x8A93
mem[X,0x00000000800007E6] -> 0x007A
[510] [M]: 0x00000000800007E4 (0x007A8A93) addi s5, s5, 0x7
x21 <- 0xFFFFFE07F7B84807

mem[X,0x00000000800007E8] -> 0x9A93
mem[X,0x00000000800007EA] -> 0x00BA
[511] [M]: 0x00000000800007E8 (0x00BA9A93) slli s5, s5, 0xb
x21 <- 0xFFF03FBDC2403800

mem[X,0x00000000800007EC] -> 0x8A93
mem[X,0x00000000800007EE] -> 0x7FFA
[512] [M]: 0x00000000800007EC (0x7FFA8A93) addi s5, s5, 0x7ff
x21 <- 0xFFF03FBDC2403FFF

mem[X,0x00000000800007F0] -> 0x9A93
mem[X,0x00000000800007F2] -> 0x00AA
[513] [M]: 0x00000000800007F0 (0x00AA9A93) slli s5, s5, 0xa
x21 <- 0xC0FEF70900FFFC00

mem[X,0x00000000800007F4] -> 0x8A93
mem[X,0x00000000800007F6] -> 0x104A
[514] [M]: 0x00000000800007F4 (0x104A8A93) addi s5, s5, 0x104
x21 <- 0xC0FEF70900FFFD04

mem[X,0x00000000800007F8] -> 0x043B
mem[X,0x00000000800007FA] -> 0xED59
[515] [M]: 0x00000000800007F8 (0xED59043B) pdifu.b fp, s2, s5
x8 <- 0x4003022A4010027C

mem[X,0x00000000800007FC] -> 0xBC23
mem[X,0x00000000800007FE] -> 0x0281
[516] [M]: 0x00000000800007FC (0x0281BC23) sd fp, 0x38(gp)
mem[0x00000000800041C0] <- 0x4003022A4010027C

mem[X,0x0000000080000800] -> 0x02B7
mem[X,0x0000000080000802] -> 0x7FFF
[517] [M]: 0x0000000080000800 (0x7FFF02B7) lui t0, 0x7fff0
x5 <- 0x000000007FFF0000

mem[X,0x0000000080000804] -> 0x8293
mem[X,0x0000000080000806] -> 0x6FC2
[518] [M]: 0x0000000080000804 (0x6FC28293) addi t0, t0, 0x6fc
x5 <- 0x000000007FFF06FC

mem[X,0x0000000080000808] -> 0x9293
mem[X,0x000000008000080A] -> 0x00B2
[519] [M]: 0x0000000080000808 (0x00B29293) slli t0, t0, 0xb
x5 <- 0x000003FFF837E000

mem[X,0x000000008000080C] -> 0x8293
mem[X,0x000000008000080E] -> 0x2A82
[520] [M]: 0x000000008000080C (0x2A828293) addi t0, t0, 0x2a8
x5 <- 0x000003FFF837E2A8

mem[X,0x0000000080000810] -> 0x9293
mem[X,0x0000000080000812] -> 0x00B2
[521] [M]: 0x0000000080000810 (0x00B29293) slli t0, t0, 0xb
x5 <- 0x001FFFC1BF154000

mem[X,0x0000000080000814] -> 0x8293
mem[X,0x0000000080000816] -> 0x2402
[522] [M]: 0x0000000080000814 (0x24028293) addi t0, t0, 0x240
x5 <- 0x001FFFC1BF154240

mem[X,0x0000000080000818] -> 0x9293
mem[X,0x000000008000081A] -> 0x00A2
[523] [M]: 0x0000000080000818 (0x00A29293) slli t0, t0, 0xa
x5 <- 0x7FFF06FC55090000

mem[X,0x000000008000081C] -> 0x8293
mem[X,0x000000008000081E] -> 0x0FA2
[524] [M]: 0x000000008000081C (0x0FA28293) addi t0, t0, 0xfa
x5 <- 0x7FFF06FC550900FA

mem[X,0x0000000080000820] -> 0xF237
mem[X,0x0000000080000822] -> 0x5540
[525] [M]: 0x0000000080000820 (0x5540F237) lui tp, 0x5540f
x4 <- 0x000000005540F000

mem[X,0x0000000080000824] -> 0x0213
mem[X,0x0000000080000826] -> 0x6072
[526] [M]: 0x0000000080000824 (0x60720213) addi tp, tp, 0x607
x4 <- 0x000000005540F607

mem[X,0x0000000080000828] -> 0x1213
mem[X,0x000000008000082A] -> 0x00B2
[527] [M]: 0x0000000080000828 (0x00B21213) slli tp, tp, 0xb
x4 <- 0x000002AA07B03800

mem[X,0x000000008000082C] -> 0x0213
mem[X,0x000000008000082E] -> 0x6002
[528] [M]: 0x000000008000082C (0x60020213) addi tp, tp, 0x600
x4 <- 0x000002AA07B03E00

mem[X,0x0000000080000830] -> 0x1213
mem[X,0x0000000080000832] -> 0x00B2
[529] [M]: 0x0000000080000830 (0x00B21213) slli tp, tp, 0xb
x4 <- 0x0015503D81F00000

mem[X,0x0000000080000834] -> 0x0213
mem[X,0x0000000080000836] -> 0x1842
[530] [M]: 0x0000000080000834 (0x18420213) addi tp, tp, 0x184
x4 <- 0x0015503D81F00184

mem[X,0x0000000080000838] -> 0x1213
mem[X,0x000000008000083A] -> 0x00A2
[531] [M]: 0x0000000080000838 (0x00A21213) slli tp, tp, 0xa
x4 <- 0x5540F607C0061000

mem[X,0x000000008000083C] -> 0x0213
mem[X,0x000000008000083E] -> 0x0FE2
[532] [M]: 0x000000008000083C (0x0FE20213) addi tp, tp, 0xfe
x4 <- 0x5540F607C00610FE

mem[X,0x0000000080000840] -> 0x8D3B
mem[X,0x0000000080000842] -> 0xEC42
[533] [M]: 0x0000000080000840 (0xEC428D3B) pdifu.b s10, t0, tp
x26 <- 0x2A41100B6B031004

mem[X,0x0000000080000844] -> 0xB023
mem[X,0x0000000080000846] -> 0x05A1
[534] [M]: 0x0000000080000844 (0x05A1B023) sd s10, 0x40(gp)
mem[0x00000000800041C8] <- 0x2A41100B6B031004

mem[X,0x0000000080000848] -> 0x09B7
mem[X,0x000000008000084A] -> 0x3FFF
[535] [M]: 0x0000000080000848 (0x3FFF09B7) lui s3, 0x3fff0
x19 <- 0x000000003FFF0000

mem[X,0x000000008000084C] -> 0x8993
mem[X,0x000000008000084E] -> 0xF049
[536] [M]: 0x000000008000084C (0xF0498993) addi s3, s3, -0xfc
x19 <- 0x000000003FFEFF04

mem[X,0x0000000080000850] -> 0x9993
mem[X,0x0000000080000852] -> 0x00B9
[537] [M]: 0x0000000080000850 (0x00B99993) slli s3, s3, 0xb
x19 <- 0x000001FFF7F82000

mem[X,0x0000000080000854] -> 0x8993
mem[X,0x0000000080000856] -> 0x04F9
[538] [M]: 0x0000000080000854 (0x04F98993) addi s3, s3, 0x4f
x19 <- 0x000001FFF7F8204F

mem[X,0x0000000080000858] -> 0x9993
mem[X,0x000000008000085A] -> 0x00B9
[539] [M]: 0x0000000080000858 (0x00B99993) slli s3, s3, 0xb
x19 <- 0x000FFFBFC1027800

mem[X,0x000000008000085C] -> 0x8993
mem[X,0x000000008000085E] -> 0x5809
[540] [M]: 0x000000008000085C (0x58098993) addi s3, s3, 0x580
x19 <- 0x000FFFBFC1027D80

mem[X,0x0000000080000860] -> 0x9993
mem[X,0x0000000080000862] -> 0x00A9
[541] [M]: 0x0000000080000860 (0x00A99993) slli s3, s3, 0xa
x19 <- 0x3FFEFF0409F60000

mem[X,0x0000000080000864] -> 0x8993
mem[X,0x0000000080000866] -> 0x2209
[542] [M]: 0x0000000080000864 (0x22098993) addi s3, s3, 0x220
x19 <- 0x3FFEFF0409F60220

mem[X,0x0000000080000868] -> 0xB737
mem[X,0x000000008000086A] -> 0xF609
[543] [M]: 0x0000000080000868 (0xF609B737) lui a4, -0x9f65
x14 <- 0xFFFFFFFFF609B000

mem[X,0x000000008000086C] -> 0x0713
mem[X,0x000000008000086E] -> 0xAFC7
[544] [M]: 0x000000008000086C (0xAFC70713) addi a4, a4, -0x504
x14 <- 0xFFFFFFFFF609AAFC

mem[X,0x0000000080000870] -> 0x1713
mem[X,0x0000000080000872] -> 0x00B7
[545] [M]: 0x0000000080000870 (0x00B71713) slli a4, a4, 0xb
x14 <- 0xFFFFFFB04D57E000

mem[X,0x0000000080000874] -> 0x0713
mem[X,0x0000000080000876] -> 0x4067
[546] [M]: 0x0000000080000874 (0x40670713) addi a4, a4, 0x406
x14 <- 0xFFFFFFB04D57E406

mem[X,0x0000000080000878] -> 0x1713
mem[X,0x000000008000087A] -> 0x00B7
[547] [M]: 0x0000000080000878 (0x00B71713) slli a4, a4, 0xb
x14 <- 0xFFFD826ABF203000

mem[X,0x000000008000087C] -> 0x0713
mem[X,0x000000008000087E] -> 0x7CF7
[548] [M]: 0x000000008000087C (0x7CF70713) addi a4, a4, 0x7cf
x14 <- 0xFFFD826ABF2037CF

mem[X,0x0000000080000880] -> 0x1713
mem[X,0x0000000080000882] -> 0x00A7
[549] [M]: 0x0000000080000880 (0x00A71713) slli a4, a4, 0xa
x14 <- 0xF609AAFC80DF3C00

mem[X,0x0000000080000884] -> 0x0713
mem[X,0x0000000080000886] -> 0x3407
[550] [M]: 0x0000000080000884 (0x34070713) addi a4, a4, 0x340
x14 <- 0xF609AAFC80DF3F40

mem[X,0x0000000080000888] -> 0x85BB
mem[X,0x000000008000088A] -> 0xECE9
[551] [M]: 0x0000000080000888 (0xECE985BB) pdifu.b a1, s3, a4
x11 <- 0x490B550877173D20

mem[X,0x000000008000088C] -> 0xB423
mem[X,0x000000008000088E] -> 0x04B1
[552] [M]: 0x000000008000088C (0x04B1B423) sd a1, 0x48(gp)
mem[0x00000000800041D0] <- 0x490B550877173D20

mem[X,0x0000000080000890] -> 0xC837
mem[X,0x0000000080000892] -> 0xC0FD
[553] [M]: 0x0000000080000890 (0xC0FDC837) lui a6, -0x3f024
x16 <- 0xFFFFFFFFC0FDC000

mem[X,0x0000000080000894] -> 0x0813
mem[X,0x0000000080000896] -> 0xF808
[554] [M]: 0x0000000080000894 (0xF8080813) addi a6, a6, -0x80
x16 <- 0xFFFFFFFFC0FDBF80

mem[X,0x0000000080000898] -> 0x1813
mem[X,0x000000008000089A] -> 0x00B8
[555] [M]: 0x0000000080000898 (0x00B81813) slli a6, a6, 0xb
x16 <- 0xFFFFFE07EDFC0000

mem[X,0x000000008000089C] -> 0x0813
mem[X,0x000000008000089E] -> 0x2AE8
[556] [M]: 0x000000008000089C (0x2AE80813) addi a6, a6, 0x2ae
x16 <- 0xFFFFFE07EDFC02AE

mem[X,0x00000000800008A0] -> 0x1813
mem[X,0x00000000800008A2] -> 0x00B8
[557] [M]: 0x00000000800008A0 (0x00B81813) slli a6, a6, 0xb
x16 <- 0xFFF03F6FE0157000

mem[X,0x00000000800008A4] -> 0x0813
mem[X,0x00000000800008A6] -> 0x0028
[558] [M]: 0x00000000800008A4 (0x00280813) addi a6, a6, 0x2
x16 <- 0xFFF03F6FE0157002

mem[X,0x00000000800008A8] -> 0x1813
mem[X,0x00000000800008AA] -> 0x00A8
[559] [M]: 0x00000000800008A8 (0x00A81813) slli a6, a6, 0xa
x16 <- 0xC0FDBF8055C00800

mem[X,0x00000000800008AC] -> 0x0813
mem[X,0x00000000800008AE] -> 0x0F78
[560] [M]: 0x00000000800008AC (0x0F780813) addi a6, a6, 0xf7
x16 <- 0xC0FDBF8055C008F7

mem[X,0x00000000800008B0] -> 0x0EB7
mem[X,0x00000000800008B2] -> 0xFA09
[561] [M]: 0x00000000800008B0 (0xFA090EB7) lui t4, -0x5f70
x29 <- 0xFFFFFFFFFA090000

mem[X,0x00000000800008B4] -> 0x8E93
mem[X,0x00000000800008B6] -> 0x402E
[562] [M]: 0x00000000800008B4 (0x402E8E93) addi t4, t4, 0x402
x29 <- 0xFFFFFFFFFA090402

mem[X,0x00000000800008B8] -> 0x9E93
mem[X,0x00000000800008BA] -> 0x00BE
[563] [M]: 0x00000000800008B8 (0x00BE9E93) slli t4, t4, 0xb
x29 <- 0xFFFFFFD048201000

mem[X,0x00000000800008BC] -> 0x8E93
mem[X,0x00000000800008BE] -> 0x6FFE
[564] [M]: 0x00000000800008BC (0x6FFE8E93) addi t4, t4, 0x6ff
x29 <- 0xFFFFFFD0482016FF

mem[X,0x00000000800008C0] -> 0x9E93
mem[X,0x00000000800008C2] -> 0x00BE
[565] [M]: 0x00000000800008C0 (0x00BE9E93) slli t4, t4, 0xb
x29 <- 0xFFFE824100B7F800

mem[X,0x00000000800008C4] -> 0x8E93
mem[X,0x00000000800008C6] -> 0x6FFE
[566] [M]: 0x00000000800008C4 (0x6FFE8E93) addi t4, t4, 0x6ff
x29 <- 0xFFFE824100B7FEFF

mem[X,0x00000000800008C8] -> 0x9E93
mem[X,0x00000000800008CA] -> 0x00AE
[567] [M]: 0x00000000800008C8 (0x00AE9E93) slli t4, t4, 0xa
x29 <- 0xFA090402DFFBFC00

mem[X,0x00000000800008CC] -> 0x8E93
mem[X,0x00000000800008CE] -> 0x001E
[568] [M]: 0x00000000800008CC (0x001E8E93) addi t4, t4, 0x1
x29 <- 0xFA090402DFFBFC01

mem[X,0x00000000800008D0] -> 0x093B
mem[X,0x00000000800008D2] -> 0xEDD8
[569] [M]: 0x00000000800008D0 (0xEDD8093B) pdifu.b s2, a6, t4
x18 <- 0x3A0C457E763B0C0A

mem[X,0x00000000800008D4] -> 0xB823
mem[X,0x00000000800008D6] -> 0x0521
[570] [M]: 0x00000000800008D4 (0x0521B823) sd s2, 0x50(gp)
mem[0x00000000800041D8] <- 0x3A0C457E763B0C0A

mem[X,0x00000000800008D8] -> 0x0637
mem[X,0x00000000800008DA] -> 0xF720
[571] [M]: 0x00000000800008D8 (0xF7200637) lui a2, -0x8e00
x12 <- 0xFFFFFFFFF7200000

mem[X,0x00000000800008DC] -> 0x0613
mem[X,0x00000000800008DE] -> 0x6556
[572] [M]: 0x00000000800008DC (0x65560613) addi a2, a2, 0x655
x12 <- 0xFFFFFFFFF7200655

mem[X,0x00000000800008E0] -> 0x1613
mem[X,0x00000000800008E2] -> 0x00B6
[573] [M]: 0x00000000800008E0 (0x00B61613) slli a2, a2, 0xb
x12 <- 0xFFFFFFB90032A800

mem[X,0x00000000800008E4] -> 0x0613
mem[X,0x00000000800008E6] -> 0x7F76
[574] [M]: 0x00000000800008E4 (0x7F760613) addi a2, a2, 0x7f7
x12 <- 0xFFFFFFB90032AFF7

mem[X,0x00000000800008E8] -> 0x1613
mem[X,0x00000000800008EA] -> 0x00B6
[575] [M]: 0x00000000800008E8 (0x00B61613) slli a2, a2, 0xb
x12 <- 0xFFFDC801957FB800

mem[X,0x00000000800008EC] -> 0x0613
mem[X,0x00000000800008EE] -> 0x6C46
[576] [M]: 0x00000000800008EC (0x6C460613) addi a2, a2, 0x6c4
x12 <- 0xFFFDC801957FBEC4

mem[X,0x00000000800008F0] -> 0x1613
mem[X,0x00000000800008F2] -> 0x00A6
[577] [M]: 0x00000000800008F0 (0x00A61613) slli a2, a2, 0xa
x12 <- 0xF7200655FEFB1000

mem[X,0x00000000800008F4] -> 0x0613
mem[X,0x00000000800008F6] -> 0x0096
[578] [M]: 0x00000000800008F4 (0x00960613) addi a2, a2, 0x9
x12 <- 0xF7200655FEFB1009

mem[X,0x00000000800008F8] -> 0x0037
mem[X,0x00000000800008FA] -> 0xFA00
[579] [M]: 0x00000000800008F8 (0xFA000037) lui zero, -0x6000

mem[X,0x00000000800008FC] -> 0x0013
mem[X,0x00000000800008FE] -> 0x9F70
[580] [M]: 0x00000000800008FC (0x9F700013) addi zero, zero, -0x609

mem[X,0x0000000080000900] -> 0x1013
mem[X,0x0000000080000902] -> 0x00B0
[581] [M]: 0x0000000080000900 (0x00B01013) slli zero, zero, 0xb

mem[X,0x0000000080000904] -> 0x0013
mem[X,0x0000000080000906] -> 0x5F90
[582] [M]: 0x0000000080000904 (0x5F900013) addi zero, zero, 0x5f9

mem[X,0x0000000080000908] -> 0x1013
mem[X,0x000000008000090A] -> 0x00B0
[583] [M]: 0x0000000080000908 (0x00B01013) slli zero, zero, 0xb

mem[X,0x000000008000090C] -> 0x0013
mem[X,0x000000008000090E] -> 0x00F0
[584] [M]: 0x000000008000090C (0x00F00013) addi zero, zero, 0xf

mem[X,0x0000000080000910] -> 0x1013
mem[X,0x0000000080000912] -> 0x00A0
[585] [M]: 0x0000000080000910 (0x00A01013) slli zero, zero, 0xa

mem[X,0x0000000080000914] -> 0x0013
mem[X,0x0000000080000916] -> 0x3550
[586] [M]: 0x0000000080000914 (0x35500013) addi zero, zero, 0x355

mem[X,0x0000000080000918] -> 0x08BB
mem[X,0x000000008000091A] -> 0xEC06
[587] [M]: 0x0000000080000918 (0xEC0608BB) pdifu.b a7, a2, zero
x17 <- 0x0920065502051009

mem[X,0x000000008000091C] -> 0xBC23
mem[X,0x000000008000091E] -> 0x0511
[588] [M]: 0x000000008000091C (0x0511BC23) sd a7, 0x58(gp)
mem[0x00000000800041E0] <- 0x0920065502051009

mem[X,0x0000000080000920] -> 0x0D37
mem[X,0x0000000080000922] -> 0xFF55
[589] [M]: 0x0000000080000920 (0xFF550D37) lui s10, -0xab0
x26 <- 0xFFFFFFFFFF550000

mem[X,0x0000000080000924] -> 0x0D13
mem[X,0x0000000080000926] -> 0x704D
[590] [M]: 0x0000000080000924 (0x704D0D13) addi s10, s10, 0x704
x26 <- 0xFFFFFFFFFF550704

mem[X,0x0000000080000928] -> 0x1D13
mem[X,0x000000008000092A] -> 0x00BD
[591] [M]: 0x0000000080000928 (0x00BD1D13) slli s10, s10, 0xb
x26 <- 0xFFFFFFFAA8382000

mem[X,0x000000008000092C] -> 0x0D13
mem[X,0x000000008000092E] -> 0x100D
[592] [M]: 0x000000008000092C (0x100D0D13) addi s10, s10, 0x100
x26 <- 0xFFFFFFFAA8382100

mem[X,0x0000000080000930] -> 0x1D13
mem[X,0x0000000080000932] -> 0x00BD
[593] [M]: 0x0000000080000930 (0x00BD1D13) slli s10, s10, 0xb
x26 <- 0xFFFFD541C1080000

mem[X,0x0000000080000934] -> 0x0D13
mem[X,0x0000000080000936] -> 0x0C8D
[594] [M]: 0x0000000080000934 (0x0C8D0D13) addi s10, s10, 0xc8
x26 <- 0xFFFFD541C10800C8

mem[X,0x0000000080000938] -> 0x1D13
mem[X,0x000000008000093A] -> 0x00AD
[595] [M]: 0x0000000080000938 (0x00AD1D13) slli s10, s10, 0xa
x26 <- 0xFF55070420032000

mem[X,0x000000008000093C] -> 0x0D13
mem[X,0x000000008000093E] -> 0x03FD
[596] [M]: 0x000000008000093C (0x03FD0D13) addi s10, s10, 0x3f
x26 <- 0xFF5507042003203F

mem[X,0x0000000080000940] -> 0xF137
mem[X,0x0000000080000942] -> 0x033F
[597] [M]: 0x0000000080000940 (0x033FF137) lui sp, 0x33ff
x2 <- 0x00000000033FF000

mem[X,0x0000000080000944] -> 0x0113
mem[X,0x0000000080000946] -> 0xFEF1
[598] [M]: 0x0000000080000944 (0xFEF10113) addi sp, sp, -0x11
x2 <- 0x00000000033FEFEF

mem[X,0x0000000080000948] -> 0x1113
mem[X,0x000000008000094A] -> 0x00B1
[599] [M]: 0x0000000080000948 (0x00B11113) slli sp, sp, 0xb
x2 <- 0x00000019FF7F7800

clint::tick mtime <- 0x0000000000000006
 clint timer pending at mtime 0x0000000000000006
htif::tick 0x0000000000000000
mem[X,0x000000008000094C] -> 0x0113
mem[X,0x000000008000094E] -> 0x7F01
[600] [M]: 0x000000008000094C (0x7F010113) addi sp, sp, 0x7f0
x2 <- 0x00000019FF7F7FF0

mem[X,0x0000000080000950] -> 0x1113
mem[X,0x0000000080000952] -> 0x00B1
[601] [M]: 0x0000000080000950 (0x00B11113) slli sp, sp, 0xb
x2 <- 0x0000CFFBFBFF8000

mem[X,0x0000000080000954] -> 0x0113
mem[X,0x0000000080000956] -> 0x1BF1
[602] [M]: 0x0000000080000954 (0x1BF10113) addi sp, sp, 0x1bf
x2 <- 0x0000CFFBFBFF81BF

mem[X,0x0000000080000958] -> 0x1113
mem[X,0x000000008000095A] -> 0x00A1
[603] [M]: 0x0000000080000958 (0x00A11113) slli sp, sp, 0xa
x2 <- 0x033FEFEFFE06FC00

mem[X,0x000000008000095C] -> 0x0113
mem[X,0x000000008000095E] -> 0x1031
[604] [M]: 0x000000008000095C (0x10310113) addi sp, sp, 0x103
x2 <- 0x033FEFEFFE06FD03

mem[X,0x0000000080000960] -> 0x00BB
mem[X,0x0000000080000962] -> 0xEC2D
[605] [M]: 0x0000000080000960 (0xEC2D00BB) pdifu.b ra, s10, sp
x1 <- 0x041618152203233C

mem[X,0x0000000080000964] -> 0xB023
mem[X,0x0000000080000966] -> 0x0611
[606] [M]: 0x0000000080000964 (0x0611B023) sd ra, 0x60(gp)
mem[0x00000000800041E8] <- 0x041618152203233C

mem[X,0x0000000080000968] -> 0xEAB7
mem[X,0x000000008000096A] -> 0x00FA
[607] [M]: 0x0000000080000968 (0x00FAEAB7) lui s5, 0xfae
x21 <- 0x0000000000FAE000

mem[X,0x000000008000096C] -> 0x8A93
mem[X,0x000000008000096E] -> 0xF80A
[608] [M]: 0x000000008000096C (0xF80A8A93) addi s5, s5, -0x80
x21 <- 0x0000000000FADF80

mem[X,0x0000000080000970] -> 0x9A93
mem[X,0x0000000080000972] -> 0x00BA
[609] [M]: 0x0000000080000970 (0x00BA9A93) slli s5, s5, 0xb
x21 <- 0x00000007D6FC0000

mem[X,0x0000000080000974] -> 0x8A93
mem[X,0x0000000080000976] -> 0x7EFA
[610] [M]: 0x0000000080000974 (0x7EFA8A93) addi s5, s5, 0x7ef
x21 <- 0x00000007D6FC07EF

mem[X,0x0000000080000978] -> 0x9A93
mem[X,0x000000008000097A] -> 0x00BA
[611] [M]: 0x0000000080000978 (0x00BA9A93) slli s5, s5, 0xb
x21 <- 0x00003EB7E03F7800

mem[X,0x000000008000097C] -> 0x8A93
mem[X,0x000000008000097E] -> 0x5C2A
[612] [M]: 0x000000008000097C (0x5C2A8A93) addi s5, s5, 0x5c2
x21 <- 0x00003EB7E03F7DC2

mem[X,0x0000000080000980] -> 0x9A93
mem[X,0x0000000080000982] -> 0x00AA
[613] [M]: 0x0000000080000980 (0x00AA9A93) slli s5, s5, 0xa
x21 <- 0x00FADF80FDF70800

mem[X,0x0000000080000984] -> 0x8A93
mem[X,0x0000000080000986] -> 0x006A
[614] [M]: 0x0000000080000984 (0x006A8A93) addi s5, s5, 0x6
x21 <- 0x00FADF80FDF70806

mem[X,0x0000000080000988] -> 0x07B7
mem[X,0x000000008000098A] -> 0x20F6
[615] [M]: 0x0000000080000988 (0x20F607B7) lui a5, 0x20f60
x15 <- 0x0000000020F60000

mem[X,0x000000008000098C] -> 0x8793
mem[X,0x000000008000098E] -> 0x4DF7
[616] [M]: 0x000000008000098C (0x4DF78793) addi a5, a5, 0x4df
x15 <- 0x0000000020F604DF

mem[X,0x0000000080000990] -> 0x9793
mem[X,0x0000000080000992] -> 0x00B7
[617] [M]: 0x0000000080000990 (0x00B79793) slli a5, a5, 0xb
x15 <- 0x00000107B026F800

mem[X,0x0000000080000994] -> 0x8793
mem[X,0x0000000080000996] -> 0x0127
[618] [M]: 0x0000000080000994 (0x01278793) addi a5, a5, 0x12
x15 <- 0x00000107B026F812

mem[X,0x0000000080000998] -> 0x9793
mem[X,0x000000008000099A] -> 0x00B7
[619] [M]: 0x0000000080000998 (0x00B79793) slli a5, a5, 0xb
x15 <- 0x00083D8137C09000

mem[X,0x000000008000099C] -> 0x8793
mem[X,0x000000008000099E] -> 0x5417
[620] [M]: 0x000000008000099C (0x54178793) addi a5, a5, 0x541
x15 <- 0x00083D8137C09541

mem[X,0x00000000800009A0] -> 0x9793
mem[X,0x00000000800009A2] -> 0x00A7
[621] [M]: 0x00000000800009A0 (0x00A79793) slli a5, a5, 0xa
x15 <- 0x20F604DF02550400

mem[X,0x00000000800009A4] -> 0x8793
mem[X,0x00000000800009A6] -> 0x2207
[622] [M]: 0x00000000800009A4 (0x22078793) addi a5, a5, 0x220
x15 <- 0x20F604DF02550620

mem[X,0x00000000800009A8] -> 0x82BB
mem[X,0x00000000800009AA] -> 0xECFA
[623] [M]: 0x00000000800009A8 (0xECFA82BB) pdifu.b t0, s5, a5
x5 <- 0x2004255F055E021A

mem[X,0x00000000800009AC] -> 0xB423
mem[X,0x00000000800009AE] -> 0x0651
[624] [M]: 0x00000000800009AC (0x0651B423) sd t0, 0x68(gp)
mem[0x00000000800041F0] <- 0x2004255F055E021A

mem[X,0x00000000800009B0] -> 0x1CB7
mem[X,0x00000000800009B2] -> 0x0302
[625] [M]: 0x00000000800009B0 (0x03021CB7) lui s9, 0x3021
x25 <- 0x0000000003021000

mem[X,0x00000000800009B4] -> 0x8C93
mem[X,0x00000000800009B6] -> 0x8F9C
[626] [M]: 0x00000000800009B4 (0x8F9C8C93) addi s9, s9, -0x707
x25 <- 0x00000000030208F9

mem[X,0x00000000800009B8] -> 0x9C93
mem[X,0x00000000800009BA] -> 0x00BC
[627] [M]: 0x00000000800009B8 (0x00BC9C93) slli s9, s9, 0xb
x25 <- 0x000000181047C800

mem[X,0x00000000800009BC] -> 0x8C93
mem[X,0x00000000800009BE] -> 0x7F0C
[628] [M]: 0x00000000800009BC (0x7F0C8C93) addi s9, s9, 0x7f0
x25 <- 0x000000181047CFF0

mem[X,0x00000000800009C0] -> 0x9C93
mem[X,0x00000000800009C2] -> 0x00BC
[629] [M]: 0x00000000800009C0 (0x00BC9C93) slli s9, s9, 0xb
x25 <- 0x0000C0823E7F8000

mem[X,0x00000000800009C4] -> 0x8C93
mem[X,0x00000000800009C6] -> 0x0FEC
[630] [M]: 0x00000000800009C4 (0x0FEC8C93) addi s9, s9, 0xfe
x25 <- 0x0000C0823E7F80FE

mem[X,0x00000000800009C8] -> 0x9C93
mem[X,0x00000000800009CA] -> 0x00AC
[631] [M]: 0x00000000800009C8 (0x00AC9C93) slli s9, s9, 0xa
x25 <- 0x030208F9FE03F800

mem[X,0x00000000800009CC] -> 0x8C93
mem[X,0x00000000800009CE] -> 0x1F7C
[632] [M]: 0x00000000800009CC (0x1F7C8C93) addi s9, s9, 0x1f7
x25 <- 0x030208F9FE03F9F7

mem[X,0x00000000800009D0] -> 0x0E37
mem[X,0x00000000800009D2] -> 0xF6EF
[633] [M]: 0x00000000800009D0 (0xF6EF0E37) lui t3, -0x9110
x28 <- 0xFFFFFFFFF6EF0000

mem[X,0x00000000800009D4] -> 0x0E13
mem[X,0x00000000800009D6] -> 0x009E
[634] [M]: 0x00000000800009D4 (0x009E0E13) addi t3, t3, 0x9
x28 <- 0xFFFFFFFFF6EF0009

mem[X,0x00000000800009D8] -> 0x1E13
mem[X,0x00000000800009DA] -> 0x00BE
[635] [M]: 0x00000000800009D8 (0x00BE1E13) slli t3, t3, 0xb
x28 <- 0xFFFFFFB778004800

mem[X,0x00000000800009DC] -> 0x0E13
mem[X,0x00000000800009DE] -> 0x3FEE
[636] [M]: 0x00000000800009DC (0x3FEE0E13) addi t3, t3, 0x3fe
x28 <- 0xFFFFFFB778004BFE

mem[X,0x00000000800009E0] -> 0x1E13
mem[X,0x00000000800009E2] -> 0x00BE
[637] [M]: 0x00000000800009E0 (0x00BE1E13) slli t3, t3, 0xb
x28 <- 0xFFFDBBC0025FF000

mem[X,0x00000000800009E4] -> 0x0E13
mem[X,0x00000000800009E6] -> 0x000E
[638] [M]: 0x00000000800009E4 (0x000E0E13) addi t3, t3, 0x0
x28 <- 0xFFFDBBC0025FF000

mem[X,0x00000000800009E8] -> 0x1E13
mem[X,0x00000000800009EA] -> 0x00AE
[639] [M]: 0x00000000800009E8 (0x00AE1E13) slli t3, t3, 0xa
x28 <- 0xF6EF00097FC00000

mem[X,0x00000000800009EC] -> 0x0E13
mem[X,0x00000000800009EE] -> 0x203E
[640] [M]: 0x00000000800009EC (0x203E0E13) addi t3, t3, 0x203
x28 <- 0xF6EF00097FC00203

mem[X,0x00000000800009F0] -> 0x803B
mem[X,0x00000000800009F2] -> 0xEDCC
[641] [M]: 0x00000000800009F0 (0xEDCC803B) pdifu.b zero, s9, t3

mem[X,0x00000000800009F4] -> 0xB823
mem[X,0x00000000800009F6] -> 0x0601
[642] [M]: 0x00000000800009F4 (0x0601B823) sd zero, 0x70(gp)
mem[0x00000000800041F8] <- 0x0000000000000000

mem[X,0x00000000800009F8] -> 0xCEB7
mem[X,0x00000000800009FA] -> 0xFCEF
[643] [M]: 0x00000000800009F8 (0xFCEFCEB7) lui t4, -0x3104
x29 <- 0xFFFFFFFFFCEFC000

mem[X,0x00000000800009FC] -> 0x8E93
mem[X,0x00000000800009FE] -> 0xFEFE
[644] [M]: 0x00000000800009FC (0xFEFE8E93) addi t4, t4, -0x11
x29 <- 0xFFFFFFFFFCEFBFEF

mem[X,0x0000000080000A00] -> 0x9E93
mem[X,0x0000000080000A02] -> 0x00BE
[645] [M]: 0x0000000080000A00 (0x00BE9E93) slli t4, t4, 0xb
x29 <- 0xFFFFFFE77DFF7800

mem[X,0x0000000080000A04] -> 0x8E93
mem[X,0x0000000080000A06] -> 0x101E
[646] [M]: 0x0000000080000A04 (0x101E8E93) addi t4, t4, 0x101
x29 <- 0xFFFFFFE77DFF7901

mem[X,0x0000000080000A08] -> 0x9E93
mem[X,0x0000000080000A0A] -> 0x00BE
[647] [M]: 0x0000000080000A08 (0x00BE9E93) slli t4, t4, 0xb
x29 <- 0xFFFF3BEFFBC80800

mem[X,0x0000000080000A0C] -> 0x8E93
mem[X,0x0000000080000A0E] -> 0x7FEE
[648] [M]: 0x0000000080000A0C (0x7FEE8E93) addi t4, t4, 0x7fe
x29 <- 0xFFFF3BEFFBC80FFE

mem[X,0x0000000080000A10] -> 0x9E93
mem[X,0x0000000080000A12] -> 0x00AE
[649] [M]: 0x0000000080000A10 (0x00AE9E93) slli t4, t4, 0xa
x29 <- 0xFCEFBFEF203FF800

mem[X,0x0000000080000A14] -> 0x8E93
mem[X,0x0000000080000A16] -> 0x1F8E
[650] [M]: 0x0000000080000A14 (0x1F8E8E93) addi t4, t4, 0x1f8
x29 <- 0xFCEFBFEF203FF9F8

mem[X,0x0000000080000A18] -> 0x0B37
mem[X,0x0000000080000A1A] -> 0xF606
[651] [M]: 0x0000000080000A18 (0xF6060B37) lui s6, -0x9fa0
x22 <- 0xFFFFFFFFF6060000

mem[X,0x0000000080000A1C] -> 0x0B13
mem[X,0x0000000080000A1E] -> 0x1C0B
[652] [M]: 0x0000000080000A1C (0x1C0B0B13) addi s6, s6, 0x1c0
x22 <- 0xFFFFFFFFF60601C0

mem[X,0x0000000080000A20] -> 0x1B13
mem[X,0x0000000080000A22] -> 0x00BB
[653] [M]: 0x0000000080000A20 (0x00BB1B13) slli s6, s6, 0xb
x22 <- 0xFFFFFFB0300E0000

mem[X,0x0000000080000A24] -> 0x0B13
mem[X,0x0000000080000A26] -> 0x017B
[654] [M]: 0x0000000080000A24 (0x017B0B13) addi s6, s6, 0x17
x22 <- 0xFFFFFFB0300E0017

mem[X,0x0000000080000A28] -> 0x1B13
mem[X,0x0000000080000A2A] -> 0x00BB
[655] [M]: 0x0000000080000A28 (0x00BB1B13) slli s6, s6, 0xb
x22 <- 0xFFFD81807000B800

mem[X,0x0000000080000A2C] -> 0x0B13
mem[X,0x0000000080000A2E] -> 0x642B
[656] [M]: 0x0000000080000A2C (0x642B0B13) addi s6, s6, 0x642
x22 <- 0xFFFD81807000BE42

mem[X,0x0000000080000A30] -> 0x1B13
mem[X,0x0000000080000A32] -> 0x00AB
[657] [M]: 0x0000000080000A30 (0x00AB1B13) slli s6, s6, 0xa
x22 <- 0xF60601C002F90800

mem[X,0x0000000080000A34] -> 0x0B13
mem[X,0x0000000080000A36] -> 0x1F9B
[658] [M]: 0x0000000080000A34 (0x1F9B0B13) addi s6, s6, 0x1f9
x22 <- 0xF60601C002F909F9

mem[X,0x0000000080000A38] -> 0x8FBB
mem[X,0x0000000080000A3A] -> 0xED6E
[659] [M]: 0x0000000080000A38 (0xED6E8FBB) pdifu.b t6, t4, s6
x31 <- 0x0617422F1E461001

mem[X,0x0000000080000A3C] -> 0xBC23
mem[X,0x0000000080000A3E] -> 0x07F1
[660] [M]: 0x0000000080000A3C (0x07F1BC23) sd t6, 0x78(gp)
mem[0x0000000080004200] <- 0x0617422F1E461001

mem[X,0x0000000080000A40] -> 0x3097
mem[X,0x0000000080000A42] -> 0x0000
[661] [M]: 0x0000000080000A40 (0x00003097) auipc ra, 0x3
x1 <- 0x0000000080003A40

mem[X,0x0000000080000A44] -> 0x8093
mem[X,0x0000000080000A46] -> 0x7C80
[662] [M]: 0x0000000080000A44 (0x7C808093) addi ra, ra, 0x7c8
x1 <- 0x0000000080004208

mem[X,0x0000000080000A48] -> 0x0013
mem[X,0x0000000080000A4A] -> 0x0000
[663] [M]: 0x0000000080000A48 (0x00000013) addi zero, zero, 0x0

mem[X,0x0000000080000A4C] -> 0x0013
mem[X,0x0000000080000A4E] -> 0x0000
[664] [M]: 0x0000000080000A4C (0x00000013) addi zero, zero, 0x0

mem[X,0x0000000080000A50] -> 0x0013
mem[X,0x0000000080000A52] -> 0x0000
[665] [M]: 0x0000000080000A50 (0x00000013) addi zero, zero, 0x0

mem[X,0x0000000080000A54] -> 0x0013
mem[X,0x0000000080000A56] -> 0x0000
[666] [M]: 0x0000000080000A54 (0x00000013) addi zero, zero, 0x0

mem[X,0x0000000080000A58] -> 0x0013
mem[X,0x0000000080000A5A] -> 0x0000
[667] [M]: 0x0000000080000A58 (0x00000013) addi zero, zero, 0x0

mem[X,0x0000000080000A5C] -> 0x0013
mem[X,0x0000000080000A5E] -> 0x0000
[668] [M]: 0x0000000080000A5C (0x00000013) addi zero, zero, 0x0

mem[X,0x0000000080000A60] -> 0x0BB7
mem[X,0x0000000080000A62] -> 0xFCF7
[669] [M]: 0x0000000080000A60 (0xFCF70BB7) lui s7, -0x3090
x23 <- 0xFFFFFFFFFCF70000

mem[X,0x0000000080000A64] -> 0x8B93
mem[X,0x0000000080000A66] -> 0x909B
[670] [M]: 0x0000000080000A64 (0x909B8B93) addi s7, s7, -0x6f7
x23 <- 0xFFFFFFFFFCF6F909

mem[X,0x0000000080000A68] -> 0x9B93
mem[X,0x0000000080000A6A] -> 0x00BB
[671] [M]: 0x0000000080000A68 (0x00BB9B93) slli s7, s7, 0xb
x23 <- 0xFFFFFFE7B7C84800

mem[X,0x0000000080000A6C] -> 0x8B93
mem[X,0x0000000080000A6E] -> 0x040B
[672] [M]: 0x0000000080000A6C (0x040B8B93) addi s7, s7, 0x40
x23 <- 0xFFFFFFE7B7C84840

mem[X,0x0000000080000A70] -> 0x9B93
mem[X,0x0000000080000A72] -> 0x00BB
[673] [M]: 0x0000000080000A70 (0x00BB9B93) slli s7, s7, 0xb
x23 <- 0xFFFF3DBE42420000

mem[X,0x0000000080000A74] -> 0x8B93
mem[X,0x0000000080000A76] -> 0x080B
[674] [M]: 0x0000000080000A74 (0x080B8B93) addi s7, s7, 0x80
x23 <- 0xFFFF3DBE42420080

mem[X,0x0000000080000A78] -> 0x9B93
mem[X,0x0000000080000A7A] -> 0x00AB
[675] [M]: 0x0000000080000A78 (0x00AB9B93) slli s7, s7, 0xa
x23 <- 0xFCF6F90908020000

mem[X,0x0000000080000A7C] -> 0x8B93
mem[X,0x0000000080000A7E] -> 0x110B
[676] [M]: 0x0000000080000A7C (0x110B8B93) addi s7, s7, 0x110
x23 <- 0xFCF6F90908020110

mem[X,0x0000000080000A80] -> 0x8DB7
mem[X,0x0000000080000A82] -> 0x7FAA
[677] [M]: 0x0000000080000A80 (0x7FAA8DB7) lui s11, 0x7faa8
x27 <- 0x000000007FAA8000

mem[X,0x0000000080000A84] -> 0x8D93
mem[X,0x0000000080000A86] -> 0xFF7D
[678] [M]: 0x0000000080000A84 (0xFF7D8D93) addi s11, s11, -0x9
x27 <- 0x000000007FAA7FF7

mem[X,0x0000000080000A88] -> 0x9D93
mem[X,0x0000000080000A8A] -> 0x00BD
[679] [M]: 0x0000000080000A88 (0x00BD9D93) slli s11, s11, 0xb
x27 <- 0x000003FD53FFB800

mem[X,0x0000000080000A8C] -> 0x8D93
mem[X,0x0000000080000A8E] -> 0x011D
[680] [M]: 0x0000000080000A8C (0x011D8D93) addi s11, s11, 0x11
x27 <- 0x000003FD53FFB811

mem[X,0x0000000080000A90] -> 0x9D93
mem[X,0x0000000080000A92] -> 0x00BD
[681] [M]: 0x0000000080000A90 (0x00BD9D93) slli s11, s11, 0xb
x27 <- 0x001FEA9FFDC08800

mem[X,0x0000000080000A94] -> 0x8D93
mem[X,0x0000000080000A96] -> 0x7FED
[682] [M]: 0x0000000080000A94 (0x7FED8D93) addi s11, s11, 0x7fe
x27 <- 0x001FEA9FFDC08FFE

mem[X,0x0000000080000A98] -> 0x9D93
mem[X,0x0000000080000A9A] -> 0x00AD
[683] [M]: 0x0000000080000A98 (0x00AD9D93) slli s11, s11, 0xa
x27 <- 0x7FAA7FF7023FF800

mem[X,0x0000000080000A9C] -> 0x8D93
mem[X,0x0000000080000A9E] -> 0x1F9D
[684] [M]: 0x0000000080000A9C (0x1F9D8D93) addi s11, s11, 0x1f9
x27 <- 0x7FAA7FF7023FF9F9

mem[X,0x0000000080000AA0] -> 0x863B
mem[X,0x0000000080000AA2] -> 0xEDBB
[685] [M]: 0x0000000080000AA0 (0xEDBB863B) pdifu.b a2, s7, s11
x12 <- 0x7D4C7A12063D0817

mem[X,0x0000000080000AA4] -> 0xB023
mem[X,0x0000000080000AA6] -> 0x00C0
[686] [M]: 0x0000000080000AA4 (0x00C0B023) sd a2, 0x0(ra)
mem[0x0000000080004208] <- 0x7D4C7A12063D0817

mem[X,0x0000000080000AA8] -> 0x4E37
mem[X,0x0000000080000AAA] -> 0x2003
[687] [M]: 0x0000000080000AA8 (0x20034E37) lui t3, 0x20034
x28 <- 0x0000000020034000

mem[X,0x0000000080000AAC] -> 0x0E13
mem[X,0x0000000080000AAE] -> 0x055E
[688] [M]: 0x0000000080000AAC (0x055E0E13) addi t3, t3, 0x55
x28 <- 0x0000000020034055

mem[X,0x0000000080000AB0] -> 0x1E13
mem[X,0x0000000080000AB2] -> 0x00BE
[689] [M]: 0x0000000080000AB0 (0x00BE1E13) slli t3, t3, 0xb
x28 <- 0x000001001A02A800

mem[X,0x0000000080000AB4] -> 0x0E13
mem[X,0x0000000080000AB6] -> 0x7CFE
[690] [M]: 0x0000000080000AB4 (0x7CFE0E13) addi t3, t3, 0x7cf
x28 <- 0x000001001A02AFCF

mem[X,0x0000000080000AB8] -> 0x1E13
mem[X,0x0000000080000ABA] -> 0x00BE
[691] [M]: 0x0000000080000AB8 (0x00BE1E13) slli t3, t3, 0xb
x28 <- 0x000800D0157E7800

mem[X,0x0000000080000ABC] -> 0x0E13
mem[X,0x0000000080000ABE] -> 0x6FBE
[692] [M]: 0x0000000080000ABC (0x6FBE0E13) addi t3, t3, 0x6fb
x28 <- 0x000800D0157E7EFB

mem[X,0x0000000080000AC0] -> 0x1E13
mem[X,0x0000000080000AC2] -> 0x00AE
[693] [M]: 0x0000000080000AC0 (0x00AE1E13) slli t3, t3, 0xa
x28 <- 0x20034055F9FBEC00

mem[X,0x0000000080000AC4] -> 0x0E13
mem[X,0x0000000080000AC6] -> 0x3BFE
[694] [M]: 0x0000000080000AC4 (0x3BFE0E13) addi t3, t3, 0x3bf
x28 <- 0x20034055F9FBEFBF

mem[X,0x0000000080000AC8] -> 0x0C37
mem[X,0x0000000080000ACA] -> 0x06DF
[695] [M]: 0x0000000080000AC8 (0x06DF0C37) lui s8, 0x6df0
x24 <- 0x0000000006DF0000

mem[X,0x0000000080000ACC] -> 0x0C13
mem[X,0x0000000080000ACE] -> 0x27FC
[696] [M]: 0x0000000080000ACC (0x27FC0C13) addi s8, s8, 0x27f
x24 <- 0x0000000006DF027F

mem[X,0x0000000080000AD0] -> 0x1C13
mem[X,0x0000000080000AD2] -> 0x00BC
[697] [M]: 0x0000000080000AD0 (0x00BC1C13) slli s8, s8, 0xb
x24 <- 0x00000036F813F800

mem[X,0x0000000080000AD4] -> 0x0C13
mem[X,0x0000000080000AD6] -> 0x557C
[698] [M]: 0x0000000080000AD4 (0x557C0C13) addi s8, s8, 0x557
x24 <- 0x00000036F813FD57

mem[X,0x0000000080000AD8] -> 0x1C13
mem[X,0x0000000080000ADA] -> 0x00BC
[699] [M]: 0x0000000080000AD8 (0x00BC1C13) slli s8, s8, 0xb
x24 <- 0x0001B7C09FEAB800

clint::tick mtime <- 0x0000000000000007
 clint timer pending at mtime 0x0000000000000007
htif::tick 0x0000000000000000
mem[X,0x0000000080000ADC] -> 0x0C13
mem[X,0x0000000080000ADE] -> 0x641C
[700] [M]: 0x0000000080000ADC (0x641C0C13) addi s8, s8, 0x641
x24 <- 0x0001B7C09FEABE41

mem[X,0x0000000080000AE0] -> 0x1C13
mem[X,0x0000000080000AE2] -> 0x00AC
[701] [M]: 0x0000000080000AE0 (0x00AC1C13) slli s8, s8, 0xa
x24 <- 0x06DF027FAAF90400

mem[X,0x0000000080000AE4] -> 0x0C13
mem[X,0x0000000080000AE6] -> 0x1FDC
[702] [M]: 0x0000000080000AE4 (0x1FDC0C13) addi s8, s8, 0x1fd
x24 <- 0x06DF027FAAF905FD

mem[X,0x0000000080000AE8] -> 0x0BBB
mem[X,0x0000000080000AEA] -> 0xED8E
[703] [M]: 0x0000000080000AE8 (0xED8E0BBB) pdifu.b s7, t3, s8
x23 <- 0x1A243E2A4F02163E

mem[X,0x0000000080000AEC] -> 0xB423
mem[X,0x0000000080000AEE] -> 0x0170
[704] [M]: 0x0000000080000AEC (0x0170B423) sd s7, 0x8(ra)
mem[0x0000000080004210] <- 0x1A243E2A4F02163E

mem[X,0x0000000080000AF0] -> 0x1F37
mem[X,0x0000000080000AF2] -> 0xFFF8
[705] [M]: 0x0000000080000AF0 (0xFFF81F37) lui t5, -0x7f
x30 <- 0xFFFFFFFFFFF81000

mem[X,0x0000000080000AF4] -> 0x0F13
mem[X,0x0000000080000AF6] -> 0x8F9F
[706] [M]: 0x0000000080000AF4 (0x8F9F0F13) addi t5, t5, -0x707
x30 <- 0xFFFFFFFFFFF808F9

mem[X,0x0000000080000AF8] -> 0x1F13
mem[X,0x0000000080000AFA] -> 0x00BF
[707] [M]: 0x0000000080000AF8 (0x00BF1F13) slli t5, t5, 0xb
x30 <- 0xFFFFFFFFC047C800

mem[X,0x0000000080000AFC] -> 0x0F13
mem[X,0x0000000080000AFE] -> 0x02CF
[708] [M]: 0x0000000080000AFC (0x02CF0F13) addi t5, t5, 0x2c
x30 <- 0xFFFFFFFFC047C82C

mem[X,0x0000000080000B00] -> 0x1F13
mem[X,0x0000000080000B02] -> 0x00BF
[709] [M]: 0x0000000080000B00 (0x00BF1F13) slli t5, t5, 0xb
x30 <- 0xFFFFFE023E416000

mem[X,0x0000000080000B04] -> 0x0F13
mem[X,0x0000000080000B06] -> 0x004F
[710] [M]: 0x0000000080000B04 (0x004F0F13) addi t5, t5, 0x4
x30 <- 0xFFFFFE023E416004

mem[X,0x0000000080000B08] -> 0x1F13
mem[X,0x0000000080000B0A] -> 0x00AF
[711] [M]: 0x0000000080000B08 (0x00AF1F13) slli t5, t5, 0xa
x30 <- 0xFFF808F905801000

mem[X,0x0000000080000B0C] -> 0x0F13
mem[X,0x0000000080000B0E] -> 0x020F
[712] [M]: 0x0000000080000B0C (0x020F0F13) addi t5, t5, 0x20
x30 <- 0xFFF808F905801020

mem[X,0x0000000080000B10] -> 0x1EB7
mem[X,0x0000000080000B12] -> 0xFC08
[713] [M]: 0x0000000080000B10 (0xFC081EB7) lui t4, -0x3f7f
x29 <- 0xFFFFFFFFFC081000

mem[X,0x0000000080000B14] -> 0x8E93
mem[X,0x0000000080000B16] -> 0x820E
[714] [M]: 0x0000000080000B14 (0x820E8E93) addi t4, t4, -0x7e0
x29 <- 0xFFFFFFFFFC080820

mem[X,0x0000000080000B18] -> 0x9E93
mem[X,0x0000000080000B1A] -> 0x00BE
[715] [M]: 0x0000000080000B18 (0x00BE9E93) slli t4, t4, 0xb
x29 <- 0xFFFFFFE040410000

mem[X,0x0000000080000B1C] -> 0x8E93
mem[X,0x0000000080000B1E] -> 0x77FE
[716] [M]: 0x0000000080000B1C (0x77FE8E93) addi t4, t4, 0x77f
x29 <- 0xFFFFFFE04041077F

mem[X,0x0000000080000B20] -> 0x9E93
mem[X,0x0000000080000B22] -> 0x00BE
[717] [M]: 0x0000000080000B20 (0x00BE9E93) slli t4, t4, 0xb
x29 <- 0xFFFF0202083BF800

mem[X,0x0000000080000B24] -> 0x8E93
mem[X,0x0000000080000B26] -> 0x63EE
[718] [M]: 0x0000000080000B24 (0x63EE8E93) addi t4, t4, 0x63e
x29 <- 0xFFFF0202083BFE3E

mem[X,0x0000000080000B28] -> 0x9E93
mem[X,0x0000000080000B2A] -> 0x00AE
[719] [M]: 0x0000000080000B28 (0x00AE9E93) slli t4, t4, 0xa
x29 <- 0xFC080820EFF8F800

mem[X,0x0000000080000B2C] -> 0x8E93
mem[X,0x0000000080000B2E] -> 0x303E
[720] [M]: 0x0000000080000B2C (0x303E8E93) addi t4, t4, 0x303
x29 <- 0xFC080820EFF8FB03

mem[X,0x0000000080000B30] -> 0x0FBB
mem[X,0x0000000080000B32] -> 0xEDDF
[721] [M]: 0x0000000080000B30 (0xEDDF0FBB) pdifu.b t6, t5, t4
x31 <- 0x031000271678151D

mem[X,0x0000000080000B34] -> 0xB823
mem[X,0x0000000080000B36] -> 0x01F0
[722] [M]: 0x0000000080000B34 (0x01F0B823) sd t6, 0x10(ra)
mem[0x0000000080004218] <- 0x031000271678151D

mem[X,0x0000000080000B38] -> 0x0F37
mem[X,0x0000000080000B3A] -> 0xFB02
[723] [M]: 0x0000000080000B38 (0xFB020F37) lui t5, -0x4fe0
x30 <- 0xFFFFFFFFFB020000

mem[X,0x0000000080000B3C] -> 0x0F13
mem[X,0x0000000080000B3E] -> 0xB3FF
[724] [M]: 0x0000000080000B3C (0xB3FF0F13) addi t5, t5, -0x4c1
x30 <- 0xFFFFFFFFFB01FB3F

mem[X,0x0000000080000B40] -> 0x1F13
mem[X,0x0000000080000B42] -> 0x00BF
[725] [M]: 0x0000000080000B40 (0x00BF1F13) slli t5, t5, 0xb
x30 <- 0xFFFFFFD80FD9F800

mem[X,0x0000000080000B44] -> 0x0F13
mem[X,0x0000000080000B46] -> 0x7D7F
[726] [M]: 0x0000000080000B44 (0x7D7F0F13) addi t5, t5, 0x7d7
x30 <- 0xFFFFFFD80FD9FFD7

mem[X,0x0000000080000B48] -> 0x1F13
mem[X,0x0000000080000B4A] -> 0x00BF
[727] [M]: 0x0000000080000B48 (0x00BF1F13) slli t5, t5, 0xb
x30 <- 0xFFFEC07ECFFEB800

mem[X,0x0000000080000B4C] -> 0x0F13
mem[X,0x0000000080000B4E] -> 0x755F
[728] [M]: 0x0000000080000B4C (0x755F0F13) addi t5, t5, 0x755
x30 <- 0xFFFEC07ECFFEBF55

mem[X,0x0000000080000B50] -> 0x1F13
mem[X,0x0000000080000B52] -> 0x00AF
[729] [M]: 0x0000000080000B50 (0x00AF1F13) slli t5, t5, 0xa
x30 <- 0xFB01FB3FFAFD5400

mem[X,0x0000000080000B54] -> 0x0F13
mem[X,0x0000000080000B56] -> 0x120F
[730] [M]: 0x0000000080000B54 (0x120F0F13) addi t5, t5, 0x120
x30 <- 0xFB01FB3FFAFD5520

mem[X,0x0000000080000B58] -> 0x2EB7
mem[X,0x0000000080000B5A] -> 0xFCFE
[731] [M]: 0x0000000080000B58 (0xFCFE2EB7) lui t4, -0x301e
x29 <- 0xFFFFFFFFFCFE2000

mem[X,0x0000000080000B5C] -> 0x8E93
mem[X,0x0000000080000B5E] -> 0x008E
[732] [M]: 0x0000000080000B5C (0x008E8E93) addi t4, t4, 0x8
x29 <- 0xFFFFFFFFFCFE2008

mem[X,0x0000000080000B60] -> 0x9E93
mem[X,0x0000000080000B62] -> 0x00BE
[733] [M]: 0x0000000080000B60 (0x00BE9E93) slli t4, t4, 0xb
x29 <- 0xFFFFFFE7F1004000

mem[X,0x0000000080000B64] -> 0x8E93
mem[X,0x0000000080000B66] -> 0x5FDE
[734] [M]: 0x0000000080000B64 (0x5FDE8E93) addi t4, t4, 0x5fd
x29 <- 0xFFFFFFE7F10045FD

mem[X,0x0000000080000B68] -> 0x9E93
mem[X,0x0000000080000B6A] -> 0x00BE
[735] [M]: 0x0000000080000B68 (0x00BE9E93) slli t4, t4, 0xb
x29 <- 0xFFFF3F88022FE800

mem[X,0x0000000080000B6C] -> 0x8E93
mem[X,0x0000000080000B6E] -> 0x7C0E
[736] [M]: 0x0000000080000B6C (0x7C0E8E93) addi t4, t4, 0x7c0
x29 <- 0xFFFF3F88022FEFC0

mem[X,0x0000000080000B70] -> 0x9E93
mem[X,0x0000000080000B72] -> 0x00AE
[737] [M]: 0x0000000080000B70 (0x00AE9E93) slli t4, t4, 0xa
x29 <- 0xFCFE2008BFBF0000

mem[X,0x0000000080000B74] -> 0x8E93
mem[X,0x0000000080000B76] -> 0x27FE
[738] [M]: 0x0000000080000B74 (0x27FE8E93) addi t4, t4, 0x27f
x29 <- 0xFCFE2008BFBF027F

mem[X,0x0000000080000B78] -> 0x0FBB
mem[X,0x0000000080000B7A] -> 0xEDDF
[739] [M]: 0x0000000080000B78 (0xEDDF0FBB) pdifu.b t6, t5, t4
x31 <- 0x010325373B3E535F

mem[X,0x0000000080000B7C] -> 0xBC23
mem[X,0x0000000080000B7E] -> 0x01F0
[740] [M]: 0x0000000080000B7C (0x01F0BC23) sd t6, 0x18(ra)
mem[0x0000000080004220] <- 0x010325373B3E535F

mem[X,0x0000000080000B80] -> 0xFF37
mem[X,0x0000000080000B82] -> 0x0009
[741] [M]: 0x0000000080000B80 (0x0009FF37) lui t5, 0x9f
x30 <- 0x000000000009F000

mem[X,0x0000000080000B84] -> 0x0F13
mem[X,0x0000000080000B86] -> 0x720F
[742] [M]: 0x0000000080000B84 (0x720F0F13) addi t5, t5, 0x720
x30 <- 0x000000000009F720

mem[X,0x0000000080000B88] -> 0x1F13
mem[X,0x0000000080000B8A] -> 0x00BF
[743] [M]: 0x0000000080000B88 (0x00BF1F13) slli t5, t5, 0xb
x30 <- 0x000000004FB90000

mem[X,0x0000000080000B8C] -> 0x0F13
mem[X,0x0000000080000B8E] -> 0x1F8F
[744] [M]: 0x0000000080000B8C (0x1F8F0F13) addi t5, t5, 0x1f8
x30 <- 0x000000004FB901F8

mem[X,0x0000000080000B90] -> 0x1F13
mem[X,0x0000000080000B92] -> 0x00BF
[745] [M]: 0x0000000080000B90 (0x00BF1F13) slli t5, t5, 0xb
x30 <- 0x0000027DC80FC000

mem[X,0x0000000080000B94] -> 0x0F13
mem[X,0x0000000080000B96] -> 0x037F
[746] [M]: 0x0000000080000B94 (0x037F0F13) addi t5, t5, 0x37
x30 <- 0x0000027DC80FC037

mem[X,0x0000000080000B98] -> 0x1F13
mem[X,0x0000000080000B9A] -> 0x00AF
[747] [M]: 0x0000000080000B98 (0x00AF1F13) slli t5, t5, 0xa
x30 <- 0x0009F7203F00DC00

mem[X,0x0000000080000B9C] -> 0x0F13
mem[X,0x0000000080000B9E] -> 0x3FCF
[748] [M]: 0x0000000080000B9C (0x3FCF0F13) addi t5, t5, 0x3fc
x30 <- 0x0009F7203F00DFFC

mem[X,0x0000000080000BA0] -> 0x4EB7
mem[X,0x0000000080000BA2] -> 0x0703
[749] [M]: 0x0000000080000BA0 (0x07034EB7) lui t4, 0x7034
x29 <- 0x0000000007034000

mem[X,0x0000000080000BA4] -> 0x8E93
mem[X,0x0000000080000BA6] -> 0x0FCE
[750] [M]: 0x0000000080000BA4 (0x0FCE8E93) addi t4, t4, 0xfc
x29 <- 0x00000000070340FC

mem[X,0x0000000080000BA8] -> 0x9E93
mem[X,0x0000000080000BAA] -> 0x00BE
[751] [M]: 0x0000000080000BA8 (0x00BE9E93) slli t4, t4, 0xb
x29 <- 0x000000381A07E000

mem[X,0x0000000080000BAC] -> 0x8E93
mem[X,0x0000000080000BAE] -> 0x3FDE
[752] [M]: 0x0000000080000BAC (0x3FDE8E93) addi t4, t4, 0x3fd
x29 <- 0x000000381A07E3FD

mem[X,0x0000000080000BB0] -> 0x9E93
mem[X,0x0000000080000BB2] -> 0x00BE
[753] [M]: 0x0000000080000BB0 (0x00BE9E93) slli t4, t4, 0xb
x29 <- 0x0001C0D03F1FE800

mem[X,0x0000000080000BB4] -> 0x8E93
mem[X,0x0000000080000BB6] -> 0x2BFE
[754] [M]: 0x0000000080000BB4 (0x2BFE8E93) addi t4, t4, 0x2bf
x29 <- 0x0001C0D03F1FEABF

mem[X,0x0000000080000BB8] -> 0x9E93
mem[X,0x0000000080000BBA] -> 0x00AE
[755] [M]: 0x0000000080000BB8 (0x00AE9E93) slli t4, t4, 0xa
x29 <- 0x070340FC7FAAFC00

mem[X,0x0000000080000BBC] -> 0x8E93
mem[X,0x0000000080000BBE] -> 0x1FFE
[756] [M]: 0x0000000080000BBC (0x1FFE8E93) addi t4, t4, 0x1ff
x29 <- 0x070340FC7FAAFDFF

mem[X,0x0000000080000BC0] -> 0x0FBB
mem[X,0x0000000080000BC2] -> 0xEDDF
[757] [M]: 0x0000000080000BC0 (0xEDDF0FBB) pdifu.b t6, t5, t4
x31 <- 0x0706492440561E03

mem[X,0x0000000080000BC4] -> 0xB023
mem[X,0x0000000080000BC6] -> 0x03F0
[758] [M]: 0x0000000080000BC4 (0x03F0B023) sd t6, 0x20(ra)
mem[0x0000000080004228] <- 0x0706492440561E03

mem[X,0x0000000080000BC8] -> 0x0F37
mem[X,0x0000000080000BCA] -> 0x3FEF
[759] [M]: 0x0000000080000BC8 (0x3FEF0F37) lui t5, 0x3fef0
x30 <- 0x000000003FEF0000

mem[X,0x0000000080000BCC] -> 0x0F13
mem[X,0x0000000080000BCE] -> 0x309F
[760] [M]: 0x0000000080000BCC (0x309F0F13) addi t5, t5, 0x309
x30 <- 0x000000003FEF0309

mem[X,0x0000000080000BD0] -> 0x1F13
mem[X,0x0000000080000BD2] -> 0x00BF
[761] [M]: 0x0000000080000BD0 (0x00BF1F13) slli t5, t5, 0xb
x30 <- 0x000001FF78184800

mem[X,0x0000000080000BD4] -> 0x0F13
mem[X,0x0000000080000BD6] -> 0x77BF
[762] [M]: 0x0000000080000BD4 (0x77BF0F13) addi t5, t5, 0x77b
x30 <- 0x000001FF78184F7B

mem[X,0x0000000080000BD8] -> 0x1F13
mem[X,0x0000000080000BDA] -> 0x00BF
[763] [M]: 0x0000000080000BD8 (0x00BF1F13) slli t5, t5, 0xb
x30 <- 0x000FFBC0C27BD800

mem[X,0x0000000080000BDC] -> 0x0F13
mem[X,0x0000000080000BDE] -> 0x7FFF
[764] [M]: 0x0000000080000BDC (0x7FFF0F13) addi t5, t5, 0x7ff
x30 <- 0x000FFBC0C27BDFFF

mem[X,0x0000000080000BE0] -> 0x1F13
mem[X,0x0000000080000BE2] -> 0x00AF
[765] [M]: 0x0000000080000BE0 (0x00AF1F13) slli t5, t5, 0xa
x30 <- 0x3FEF0309EF7FFC00

mem[X,0x0000000080000BE4] -> 0x0F13
mem[X,0x0000000080000BE6] -> 0x33FF
[766] [M]: 0x0000000080000BE4 (0x33FF0F13) addi t5, t5, 0x33f
x30 <- 0x3FEF0309EF7FFF3F

mem[X,0x0000000080000BE8] -> 0x0EB7
mem[X,0x0000000080000BEA] -> 0x050A
[767] [M]: 0x0000000080000BE8 (0x050A0EB7) lui t4, 0x50a0
x29 <- 0x00000000050A0000

mem[X,0x0000000080000BEC] -> 0x8E93
mem[X,0x0000000080000BEE] -> 0xDFFE
[768] [M]: 0x0000000080000BEC (0xDFFE8E93) addi t4, t4, -0x201
x29 <- 0x000000000509FDFF

mem[X,0x0000000080000BF0] -> 0x9E93
mem[X,0x0000000080000BF2] -> 0x00BE
[769] [M]: 0x0000000080000BF0 (0x00BE9E93) slli t4, t4, 0xb
x29 <- 0x000000284FEFF800

mem[X,0x0000000080000BF4] -> 0x8E93
mem[X,0x0000000080000BF6] -> 0x7B0E
[770] [M]: 0x0000000080000BF4 (0x7B0E8E93) addi t4, t4, 0x7b0
x29 <- 0x000000284FEFFFB0

mem[X,0x0000000080000BF8] -> 0x9E93
mem[X,0x0000000080000BFA] -> 0x00BE
[771] [M]: 0x0000000080000BF8 (0x00BE9E93) slli t4, t4, 0xb
x29 <- 0x0001427F7FFD8000

mem[X,0x0000000080000BFC] -> 0x8E93
mem[X,0x0000000080000BFE] -> 0x030E
[772] [M]: 0x0000000080000BFC (0x030E8E93) addi t4, t4, 0x30
x29 <- 0x0001427F7FFD8030

mem[X,0x0000000080000C00] -> 0x9E93
mem[X,0x0000000080000C02] -> 0x00AE
[773] [M]: 0x0000000080000C00 (0x00AE9E93) slli t4, t4, 0xa
x29 <- 0x0509FDFFF600C000

mem[X,0x0000000080000C04] -> 0x8E93
mem[X,0x0000000080000C06] -> 0x020E
[774] [M]: 0x0000000080000C04 (0x020E8E93) addi t4, t4, 0x20
x29 <- 0x0509FDFFF600C020

mem[X,0x0000000080000C08] -> 0x0FBB
mem[X,0x0000000080000C0A] -> 0xEDDF
[775] [M]: 0x0000000080000C08 (0xEDDF0FBB) pdifu.b t6, t5, t4
x31 <- 0x3A1A060A077F3F1F

mem[X,0x0000000080000C0C] -> 0xB423
mem[X,0x0000000080000C0E] -> 0x03F0
[776] [M]: 0x0000000080000C0C (0x03F0B423) sd t6, 0x28(ra)
mem[0x0000000080004230] <- 0x3A1A060A077F3F1F

mem[X,0x0000000080000C10] -> 0x0F37
mem[X,0x0000000080000C12] -> 0xAAFA
[777] [M]: 0x0000000080000C10 (0xAAFA0F37) lui t5, -0x55060
x30 <- 0xFFFFFFFFAAFA0000

mem[X,0x0000000080000C14] -> 0x0F13
mem[X,0x0000000080000C16] -> 0x6C0F
[778] [M]: 0x0000000080000C14 (0x6C0F0F13) addi t5, t5, 0x6c0
x30 <- 0xFFFFFFFFAAFA06C0

mem[X,0x0000000080000C18] -> 0x1F13
mem[X,0x0000000080000C1A] -> 0x00BF
[779] [M]: 0x0000000080000C18 (0x00BF1F13) slli t5, t5, 0xb
x30 <- 0xFFFFFD57D0360000

mem[X,0x0000000080000C1C] -> 0x0F13
mem[X,0x0000000080000C1E] -> 0x7B8F
[780] [M]: 0x0000000080000C1C (0x7B8F0F13) addi t5, t5, 0x7b8
x30 <- 0xFFFFFD57D03607B8

mem[X,0x0000000080000C20] -> 0x1F13
mem[X,0x0000000080000C22] -> 0x00BF
[781] [M]: 0x0000000080000C20 (0x00BF1F13) slli t5, t5, 0xb
x30 <- 0xFFEABE81B03DC000

mem[X,0x0000000080000C24] -> 0x0F13
mem[X,0x0000000080000C26] -> 0x040F
[782] [M]: 0x0000000080000C24 (0x040F0F13) addi t5, t5, 0x40
x30 <- 0xFFEABE81B03DC040

mem[X,0x0000000080000C28] -> 0x1F13
mem[X,0x0000000080000C2A] -> 0x00AF
[783] [M]: 0x0000000080000C28 (0x00AF1F13) slli t5, t5, 0xa
x30 <- 0xAAFA06C0F7010000

mem[X,0x0000000080000C2C] -> 0x0F13
mem[X,0x0000000080000C2E] -> 0x010F
[784] [M]: 0x0000000080000C2C (0x010F0F13) addi t5, t5, 0x10
x30 <- 0xAAFA06C0F7010010

mem[X,0x0000000080000C30] -> 0x0EB7
mem[X,0x0000000080000C32] -> 0x08E0
[785] [M]: 0x0000000080000C30 (0x08E00EB7) lui t4, 0x8e00
x29 <- 0x0000000008E00000

mem[X,0x0000000080000C34] -> 0x8E93
mem[X,0x0000000080000C36] -> 0xB40E
[786] [M]: 0x0000000080000C34 (0xB40E8E93) addi t4, t4, -0x4c0
x29 <- 0x0000000008DFFB40

mem[X,0x0000000080000C38] -> 0x9E93
mem[X,0x0000000080000C3A] -> 0x00BE
[787] [M]: 0x0000000080000C38 (0x00BE9E93) slli t4, t4, 0xb
x29 <- 0x00000046FFDA0000

mem[X,0x0000000080000C3C] -> 0x8E93
mem[X,0x0000000080000C3E] -> 0x7F8E
[788] [M]: 0x0000000080000C3C (0x7F8E8E93) addi t4, t4, 0x7f8
x29 <- 0x00000046FFDA07F8

mem[X,0x0000000080000C40] -> 0x9E93
mem[X,0x0000000080000C42] -> 0x00BE
[789] [M]: 0x0000000080000C40 (0x00BE9E93) slli t4, t4, 0xb
x29 <- 0x000237FED03FC000

mem[X,0x0000000080000C44] -> 0x8E93
mem[X,0x0000000080000C46] -> 0x201E
[790] [M]: 0x0000000080000C44 (0x201E8E93) addi t4, t4, 0x201
x29 <- 0x000237FED03FC201

mem[X,0x0000000080000C48] -> 0x9E93
mem[X,0x0000000080000C4A] -> 0x00AE
[791] [M]: 0x0000000080000C48 (0x00AE9E93) slli t4, t4, 0xa
x29 <- 0x08DFFB40FF080400

mem[X,0x0000000080000C4C] -> 0x8E93
mem[X,0x0000000080000C4E] -> 0x120E
[792] [M]: 0x0000000080000C4C (0x120E8E93) addi t4, t4, 0x120
x29 <- 0x08DFFB40FF080520

mem[X,0x0000000080000C50] -> 0x0FBB
mem[X,0x0000000080000C52] -> 0xEDDF
[793] [M]: 0x0000000080000C50 (0xEDDF0FBB) pdifu.b t6, t5, t4
x31 <- 0x5E1B0B8008070510

mem[X,0x0000000080000C54] -> 0xB823
mem[X,0x0000000080000C56] -> 0x03F0
[794] [M]: 0x0000000080000C54 (0x03F0B823) sd t6, 0x30(ra)
mem[0x0000000080004238] <- 0x5E1B0B8008070510

mem[X,0x0000000080000C58] -> 0x1F37
mem[X,0x0000000080000C5A] -> 0xFEDF
[795] [M]: 0x0000000080000C58 (0xFEDF1F37) lui t5, -0x120f
x30 <- 0xFFFFFFFFFEDF1000

mem[X,0x0000000080000C5C] -> 0x0F13
mem[X,0x0000000080000C5E] -> 0x0AAF
[796] [M]: 0x0000000080000C5C (0x0AAF0F13) addi t5, t5, 0xaa
x30 <- 0xFFFFFFFFFEDF10AA

mem[X,0x0000000080000C60] -> 0x1F13
mem[X,0x0000000080000C62] -> 0x00BF
[797] [M]: 0x0000000080000C60 (0x00BF1F13) slli t5, t5, 0xb
x30 <- 0xFFFFFFF6F8855000

mem[X,0x0000000080000C64] -> 0x0F13
mem[X,0x0000000080000C66] -> 0x7DFF
[798] [M]: 0x0000000080000C64 (0x7DFF0F13) addi t5, t5, 0x7df
x30 <- 0xFFFFFFF6F88557DF

mem[X,0x0000000080000C68] -> 0x1F13
mem[X,0x0000000080000C6A] -> 0x00BF
[799] [M]: 0x0000000080000C68 (0x00BF1F13) slli t5, t5, 0xb
x30 <- 0xFFFFB7C42ABEF800

clint::tick mtime <- 0x0000000000000008
 clint timer pending at mtime 0x0000000000000008
htif::tick 0x0000000000000000
mem[X,0x0000000080000C6C] -> 0x0F13
mem[X,0x0000000080000C6E] -> 0x788F
[800] [M]: 0x0000000080000C6C (0x788F0F13) addi t5, t5, 0x788
x30 <- 0xFFFFB7C42ABEFF88

mem[X,0x0000000080000C70] -> 0x1F13
mem[X,0x0000000080000C72] -> 0x00AF
[801] [M]: 0x0000000080000C70 (0x00AF1F13) slli t5, t5, 0xa
x30 <- 0xFEDF10AAFBFE2000

mem[X,0x0000000080000C74] -> 0x0F13
mem[X,0x0000000080000C76] -> 0x0BFF
[802] [M]: 0x0000000080000C74 (0x0BFF0F13) addi t5, t5, 0xbf
x30 <- 0xFEDF10AAFBFE20BF

mem[X,0x0000000080000C78] -> 0xEEB7
mem[X,0x0000000080000C7A] -> 0xFCC0
[803] [M]: 0x0000000080000C78 (0xFCC0EEB7) lui t4, -0x33f2
x29 <- 0xFFFFFFFFFCC0E000

mem[X,0x0000000080000C7C] -> 0x8E93
mem[X,0x0000000080000C7E] -> 0xFC0E
[804] [M]: 0x0000000080000C7C (0xFC0E8E93) addi t4, t4, -0x40
x29 <- 0xFFFFFFFFFCC0DFC0

mem[X,0x0000000080000C80] -> 0x9E93
mem[X,0x0000000080000C82] -> 0x00BE
[805] [M]: 0x0000000080000C80 (0x00BE9E93) slli t4, t4, 0xb
x29 <- 0xFFFFFFE606FE0000

mem[X,0x0000000080000C84] -> 0x8E93
mem[X,0x0000000080000C86] -> 0x7EFE
[806] [M]: 0x0000000080000C84 (0x7EFE8E93) addi t4, t4, 0x7ef
x29 <- 0xFFFFFFE606FE07EF

mem[X,0x0000000080000C88] -> 0x9E93
mem[X,0x0000000080000C8A] -> 0x00BE
[807] [M]: 0x0000000080000C88 (0x00BE9E93) slli t4, t4, 0xb
x29 <- 0xFFFF3037F03F7800

mem[X,0x0000000080000C8C] -> 0x8E93
mem[X,0x0000000080000C8E] -> 0x782E
[808] [M]: 0x0000000080000C8C (0x782E8E93) addi t4, t4, 0x782
x29 <- 0xFFFF3037F03F7F82

mem[X,0x0000000080000C90] -> 0x9E93
mem[X,0x0000000080000C92] -> 0x00AE
[809] [M]: 0x0000000080000C90 (0x00AE9E93) slli t4, t4, 0xa
x29 <- 0xFCC0DFC0FDFE0800

mem[X,0x0000000080000C94] -> 0x8E93
mem[X,0x0000000080000C96] -> 0x006E
[810] [M]: 0x0000000080000C94 (0x006E8E93) addi t4, t4, 0x6
x29 <- 0xFCC0DFC0FDFE0806

mem[X,0x0000000080000C98] -> 0x0FBB
mem[X,0x0000000080000C9A] -> 0xEDDF
[811] [M]: 0x0000000080000C98 (0xEDDF0FBB) pdifu.b t6, t5, t4
x31 <- 0x021F311602001847

mem[X,0x0000000080000C9C] -> 0xBC23
mem[X,0x0000000080000C9E] -> 0x03F0
[812] [M]: 0x0000000080000C9C (0x03F0BC23) sd t6, 0x38(ra)
mem[0x0000000080004240] <- 0x021F311602001847

mem[X,0x0000000080000CA0] -> 0x0F37
mem[X,0x0000000080000CA2] -> 0x0656
[813] [M]: 0x0000000080000CA0 (0x06560F37) lui t5, 0x6560
x30 <- 0x0000000006560000

mem[X,0x0000000080000CA4] -> 0x0F13
mem[X,0x0000000080000CA6] -> 0x8F9F
[814] [M]: 0x0000000080000CA4 (0x8F9F0F13) addi t5, t5, -0x707
x30 <- 0x000000000655F8F9

mem[X,0x0000000080000CA8] -> 0x1F13
mem[X,0x0000000080000CAA] -> 0x00BF
[815] [M]: 0x0000000080000CA8 (0x00BF1F13) slli t5, t5, 0xb
x30 <- 0x00000032AFC7C800

mem[X,0x0000000080000CAC] -> 0x0F13
mem[X,0x0000000080000CAE] -> 0x018F
[816] [M]: 0x0000000080000CAC (0x018F0F13) addi t5, t5, 0x18
x30 <- 0x00000032AFC7C818

mem[X,0x0000000080000CB0] -> 0x1F13
mem[X,0x0000000080000CB2] -> 0x00BF
[817] [M]: 0x0000000080000CB0 (0x00BF1F13) slli t5, t5, 0xb
x30 <- 0x0001957E3E40C000

mem[X,0x0000000080000CB4] -> 0x0F13
mem[X,0x0000000080000CB6] -> 0x081F
[818] [M]: 0x0000000080000CB4 (0x081F0F13) addi t5, t5, 0x81
x30 <- 0x0001957E3E40C081

mem[X,0x0000000080000CB8] -> 0x1F13
mem[X,0x0000000080000CBA] -> 0x00AF
[819] [M]: 0x0000000080000CB8 (0x00AF1F13) slli t5, t5, 0xa
x30 <- 0x0655F8F903020400

mem[X,0x0000000080000CBC] -> 0x0F13
mem[X,0x0000000080000CBE] -> 0x3F8F
[820] [M]: 0x0000000080000CBC (0x3F8F0F13) addi t5, t5, 0x3f8
x30 <- 0x0655F8F9030207F8

mem[X,0x0000000080000CC0] -> 0xCEB7
mem[X,0x0000000080000CC2] -> 0xF905
[821] [M]: 0x0000000080000CC0 (0xF905CEB7) lui t4, -0x6fa4
x29 <- 0xFFFFFFFFF905C000

mem[X,0x0000000080000CC4] -> 0x8E93
mem[X,0x0000000080000CC6] -> 0xF06E
[822] [M]: 0x0000000080000CC4 (0xF06E8E93) addi t4, t4, -0xfa
x29 <- 0xFFFFFFFFF905BF06

mem[X,0x0000000080000CC8] -> 0x9E93
mem[X,0x0000000080000CCA] -> 0x00BE
[823] [M]: 0x0000000080000CC8 (0x00BE9E93) slli t4, t4, 0xb
x29 <- 0xFFFFFFC82DF83000

mem[X,0x0000000080000CCC] -> 0x8E93
mem[X,0x0000000080000CCE] -> 0x017E
[824] [M]: 0x0000000080000CCC (0x017E8E93) addi t4, t4, 0x17
x29 <- 0xFFFFFFC82DF83017

mem[X,0x0000000080000CD0] -> 0x9E93
mem[X,0x0000000080000CD2] -> 0x00BE
[825] [M]: 0x0000000080000CD0 (0x00BE9E93) slli t4, t4, 0xb
x29 <- 0xFFFE416FC180B800

mem[X,0x0000000080000CD4] -> 0x8E93
mem[X,0x0000000080000CD6] -> 0x7C0E
[826] [M]: 0x0000000080000CD4 (0x7C0E8E93) addi t4, t4, 0x7c0
x29 <- 0xFFFE416FC180BFC0

mem[X,0x0000000080000CD8] -> 0x9E93
mem[X,0x0000000080000CDA] -> 0x00AE
[827] [M]: 0x0000000080000CD8 (0x00AE9E93) slli t4, t4, 0xa
x29 <- 0xF905BF0602FF0000

mem[X,0x0000000080000CDC] -> 0x8E93
mem[X,0x0000000080000CDE] -> 0x2DFE
[828] [M]: 0x0000000080000CDC (0x2DFE8E93) addi t4, t4, 0x2df
x29 <- 0xF905BF0602FF02DF

mem[X,0x0000000080000CE0] -> 0x0FBB
mem[X,0x0000000080000CE2] -> 0xEDDF
[829] [M]: 0x0000000080000CE0 (0xEDDF0FBB) pdifu.b t6, t5, t4
x31 <- 0x0D50390D01030519

mem[X,0x0000000080000CE4] -> 0xB023
mem[X,0x0000000080000CE6] -> 0x05F0
[830] [M]: 0x0000000080000CE4 (0x05F0B023) sd t6, 0x40(ra)
mem[0x0000000080004248] <- 0x0D50390D01030519

mem[X,0x0000000080000CE8] -> 0x0F37
mem[X,0x0000000080000CEA] -> 0xFC40
[831] [M]: 0x0000000080000CE8 (0xFC400F37) lui t5, -0x3c00
x30 <- 0xFFFFFFFFFC400000

mem[X,0x0000000080000CEC] -> 0x0F13
mem[X,0x0000000080000CEE] -> 0x2DFF
[832] [M]: 0x0000000080000CEC (0x2DFF0F13) addi t5, t5, 0x2df
x30 <- 0xFFFFFFFFFC4002DF

mem[X,0x0000000080000CF0] -> 0x1F13
mem[X,0x0000000080000CF2] -> 0x00BF
[833] [M]: 0x0000000080000CF0 (0x00BF1F13) slli t5, t5, 0xb
x30 <- 0xFFFFFFE20016F800

mem[X,0x0000000080000CF4] -> 0x0F13
mem[X,0x0000000080000CF6] -> 0x019F
[834] [M]: 0x0000000080000CF4 (0x019F0F13) addi t5, t5, 0x19
x30 <- 0xFFFFFFE20016F819

mem[X,0x0000000080000CF8] -> 0x1F13
mem[X,0x0000000080000CFA] -> 0x00BF
[835] [M]: 0x0000000080000CF8 (0x00BF1F13) slli t5, t5, 0xb
x30 <- 0xFFFF1000B7C0C800

mem[X,0x0000000080000CFC] -> 0x0F13
mem[X,0x0000000080000CFE] -> 0x00FF
[836] [M]: 0x0000000080000CFC (0x00FF0F13) addi t5, t5, 0xf
x30 <- 0xFFFF1000B7C0C80F

mem[X,0x0000000080000D00] -> 0x1F13
mem[X,0x0000000080000D02] -> 0x00AF
[837] [M]: 0x0000000080000D00 (0x00AF1F13) slli t5, t5, 0xa
x30 <- 0xFC4002DF03203C00

mem[X,0x0000000080000D04] -> 0x0F13
mem[X,0x0000000080000D06] -> 0x3F9F
[838] [M]: 0x0000000080000D04 (0x3F9F0F13) addi t5, t5, 0x3f9
x30 <- 0xFC4002DF03203FF9

mem[X,0x0000000080000D08] -> 0x0EB7
mem[X,0x0000000080000D0A] -> 0xF701
[839] [M]: 0x0000000080000D08 (0xF7010EB7) lui t4, -0x8ff0
x29 <- 0xFFFFFFFFF7010000

mem[X,0x0000000080000D0C] -> 0x8E93
mem[X,0x0000000080000D0E] -> 0x8FDE
[840] [M]: 0x0000000080000D0C (0x8FDE8E93) addi t4, t4, -0x703
x29 <- 0xFFFFFFFFF700F8FD

mem[X,0x0000000080000D10] -> 0x9E93
mem[X,0x0000000080000D12] -> 0x00BE
[841] [M]: 0x0000000080000D10 (0x00BE9E93) slli t4, t4, 0xb
x29 <- 0xFFFFFFB807C7E800

mem[X,0x0000000080000D14] -> 0x8E93
mem[X,0x0000000080000D16] -> 0x7E8E
[842] [M]: 0x0000000080000D14 (0x7E8E8E93) addi t4, t4, 0x7e8
x29 <- 0xFFFFFFB807C7EFE8

mem[X,0x0000000080000D18] -> 0x9E93
mem[X,0x0000000080000D1A] -> 0x00BE
[843] [M]: 0x0000000080000D18 (0x00BE9E93) slli t4, t4, 0xb
x29 <- 0xFFFDC03E3F7F4000

mem[X,0x0000000080000D1C] -> 0x8E93
mem[X,0x0000000080000D1E] -> 0x43BE
[844] [M]: 0x0000000080000D1C (0x43BE8E93) addi t4, t4, 0x43b
x29 <- 0xFFFDC03E3F7F443B

mem[X,0x0000000080000D20] -> 0x9E93
mem[X,0x0000000080000D22] -> 0x00AE
[845] [M]: 0x0000000080000D20 (0x00AE9E93) slli t4, t4, 0xa
x29 <- 0xF700F8FDFD10EC00

mem[X,0x0000000080000D24] -> 0x8E93
mem[X,0x0000000080000D26] -> 0x301E
[846] [M]: 0x0000000080000D24 (0x301E8E93) addi t4, t4, 0x301
x29 <- 0xF700F8FDFD10EF01

mem[X,0x0000000080000D28] -> 0x0FBB
mem[X,0x0000000080000D2A] -> 0xEDDF
[847] [M]: 0x0000000080000D28 (0xEDDF0FBB) pdifu.b t6, t5, t4
x31 <- 0x05400A1E06105008

mem[X,0x0000000080000D2C] -> 0xB423
mem[X,0x0000000080000D2E] -> 0x05F0
[848] [M]: 0x0000000080000D2C (0x05F0B423) sd t6, 0x48(ra)
mem[0x0000000080004250] <- 0x05400A1E06105008

mem[X,0x0000000080000D30] -> 0x0F37
mem[X,0x0000000080000D32] -> 0x07FA
[849] [M]: 0x0000000080000D30 (0x07FA0F37) lui t5, 0x7fa0
x30 <- 0x0000000007FA0000

mem[X,0x0000000080000D34] -> 0x0F13
mem[X,0x0000000080000D36] -> 0x009F
[850] [M]: 0x0000000080000D34 (0x009F0F13) addi t5, t5, 0x9
x30 <- 0x0000000007FA0009

mem[X,0x0000000080000D38] -> 0x1F13
mem[X,0x0000000080000D3A] -> 0x00BF
[851] [M]: 0x0000000080000D38 (0x00BF1F13) slli t5, t5, 0xb
x30 <- 0x0000003FD0004800

mem[X,0x0000000080000D3C] -> 0x0F13
mem[X,0x0000000080000D3E] -> 0x085F
[852] [M]: 0x0000000080000D3C (0x085F0F13) addi t5, t5, 0x85
x30 <- 0x0000003FD0004885

mem[X,0x0000000080000D40] -> 0x1F13
mem[X,0x0000000080000D42] -> 0x00BF
[853] [M]: 0x0000000080000D40 (0x00BF1F13) slli t5, t5, 0xb
x30 <- 0x0001FE8002442800

mem[X,0x0000000080000D44] -> 0x0F13
mem[X,0x0000000080000D46] -> 0x7C1F
[854] [M]: 0x0000000080000D44 (0x7C1F0F13) addi t5, t5, 0x7c1
x30 <- 0x0001FE8002442FC1

mem[X,0x0000000080000D48] -> 0x1F13
mem[X,0x0000000080000D4A] -> 0x00AF
[855] [M]: 0x0000000080000D48 (0x00AF1F13) slli t5, t5, 0xa
x30 <- 0x07FA000910BF0400

mem[X,0x0000000080000D4C] -> 0x0F13
mem[X,0x0000000080000D4E] -> 0x2FFF
[856] [M]: 0x0000000080000D4C (0x2FFF0F13) addi t5, t5, 0x2ff
x30 <- 0x07FA000910BF06FF

mem[X,0x0000000080000D50] -> 0x0EB7
mem[X,0x0000000080000D52] -> 0x0501
[857] [M]: 0x0000000080000D50 (0x05010EB7) lui t4, 0x5010
x29 <- 0x0000000005010000

mem[X,0x0000000080000D54] -> 0x8E93
mem[X,0x0000000080000D56] -> 0x3C0E
[858] [M]: 0x0000000080000D54 (0x3C0E8E93) addi t4, t4, 0x3c0
x29 <- 0x00000000050103C0

mem[X,0x0000000080000D58] -> 0x9E93
mem[X,0x0000000080000D5A] -> 0x00BE
[859] [M]: 0x0000000080000D58 (0x00BE9E93) slli t4, t4, 0xb
x29 <- 0x00000028081E0000

mem[X,0x0000000080000D5C] -> 0x8E93
mem[X,0x0000000080000D5E] -> 0x3FFE
[860] [M]: 0x0000000080000D5C (0x3FFE8E93) addi t4, t4, 0x3ff
x29 <- 0x00000028081E03FF

mem[X,0x0000000080000D60] -> 0x9E93
mem[X,0x0000000080000D62] -> 0x00BE
[861] [M]: 0x0000000080000D60 (0x00BE9E93) slli t4, t4, 0xb
x29 <- 0x00014040F01FF800

mem[X,0x0000000080000D64] -> 0x8E93
mem[X,0x0000000080000D66] -> 0x5EAE
[862] [M]: 0x0000000080000D64 (0x5EAE8E93) addi t4, t4, 0x5ea
x29 <- 0x00014040F01FFDEA

mem[X,0x0000000080000D68] -> 0x9E93
mem[X,0x0000000080000D6A] -> 0x00AE
[863] [M]: 0x0000000080000D68 (0x00AE9E93) slli t4, t4, 0xa
x29 <- 0x050103C07FF7A800

mem[X,0x0000000080000D6C] -> 0x8E93
mem[X,0x0000000080000D6E] -> 0x2FAE
[864] [M]: 0x0000000080000D6C (0x2FAE8E93) addi t4, t4, 0x2fa
x29 <- 0x050103C07FF7AAFA

mem[X,0x0000000080000D70] -> 0x0FBB
mem[X,0x0000000080000D72] -> 0xEDDF
[865] [M]: 0x0000000080000D70 (0xEDDF0FBB) pdifu.b t6, t5, t4
x31 <- 0x020703496F385C05

mem[X,0x0000000080000D74] -> 0xB823
mem[X,0x0000000080000D76] -> 0x05F0
[866] [M]: 0x0000000080000D74 (0x05F0B823) sd t6, 0x50(ra)
mem[0x0000000080004258] <- 0x020703496F385C05

mem[X,0x0000000080000D78] -> 0xCF37
mem[X,0x0000000080000D7A] -> 0x0907
[867] [M]: 0x0000000080000D78 (0x0907CF37) lui t5, 0x907c
x30 <- 0x000000000907C000

mem[X,0x0000000080000D7C] -> 0x0F13
mem[X,0x0000000080000D7E] -> 0x0BFF
[868] [M]: 0x0000000080000D7C (0x0BFF0F13) addi t5, t5, 0xbf
x30 <- 0x000000000907C0BF

mem[X,0x0000000080000D80] -> 0x1F13
mem[X,0x0000000080000D82] -> 0x00BF
[869] [M]: 0x0000000080000D80 (0x00BF1F13) slli t5, t5, 0xb
x30 <- 0x000000483E05F800

mem[X,0x0000000080000D84] -> 0x0F13
mem[X,0x0000000080000D86] -> 0x3FAF
[870] [M]: 0x0000000080000D84 (0x3FAF0F13) addi t5, t5, 0x3fa
x30 <- 0x000000483E05FBFA

mem[X,0x0000000080000D88] -> 0x1F13
mem[X,0x0000000080000D8A] -> 0x00BF
[871] [M]: 0x0000000080000D88 (0x00BF1F13) slli t5, t5, 0xb
x30 <- 0x000241F02FDFD000

mem[X,0x0000000080000D8C] -> 0x0F13
mem[X,0x0000000080000D8E] -> 0x540F
[872] [M]: 0x0000000080000D8C (0x540F0F13) addi t5, t5, 0x540
x30 <- 0x000241F02FDFD540

mem[X,0x0000000080000D90] -> 0x1F13
mem[X,0x0000000080000D92] -> 0x00AF
[873] [M]: 0x0000000080000D90 (0x00AF1F13) slli t5, t5, 0xa
x30 <- 0x0907C0BF7F550000

mem[X,0x0000000080000D94] -> 0x0F13
mem[X,0x0000000080000D96] -> 0x210F
[874] [M]: 0x0000000080000D94 (0x210F0F13) addi t5, t5, 0x210
x30 <- 0x0907C0BF7F550210

mem[X,0x0000000080000D98] -> 0x1EB7
mem[X,0x0000000080000D9A] -> 0x087F
[875] [M]: 0x0000000080000D98 (0x087F1EB7) lui t4, 0x87f1
x29 <- 0x00000000087F1000

mem[X,0x0000000080000D9C] -> 0x8E93
mem[X,0x0000000080000D9E] -> 0x8FBE
[876] [M]: 0x0000000080000D9C (0x8FBE8E93) addi t4, t4, -0x705
x29 <- 0x00000000087F08FB

mem[X,0x0000000080000DA0] -> 0x9E93
mem[X,0x0000000080000DA2] -> 0x00BE
[877] [M]: 0x0000000080000DA0 (0x00BE9E93) slli t4, t4, 0xb
x29 <- 0x00000043F847D800

mem[X,0x0000000080000DA4] -> 0x8E93
mem[X,0x0000000080000DA6] -> 0x031E
[878] [M]: 0x0000000080000DA4 (0x031E8E93) addi t4, t4, 0x31
x29 <- 0x00000043F847D831

mem[X,0x0000000080000DA8] -> 0x9E93
mem[X,0x0000000080000DAA] -> 0x00BE
[879] [M]: 0x0000000080000DA8 (0x00BE9E93) slli t4, t4, 0xb
x29 <- 0x00021FC23EC18800

mem[X,0x0000000080000DAC] -> 0x8E93
mem[X,0x0000000080000DAE] -> 0x03BE
[880] [M]: 0x0000000080000DAC (0x03BE8E93) addi t4, t4, 0x3b
x29 <- 0x00021FC23EC1883B

mem[X,0x0000000080000DB0] -> 0x9E93
mem[X,0x0000000080000DB2] -> 0x00AE
[881] [M]: 0x0000000080000DB0 (0x00AE9E93) slli t4, t4, 0xa
x29 <- 0x087F08FB0620EC00

mem[X,0x0000000080000DB4] -> 0x8E93
mem[X,0x0000000080000DB6] -> 0x3F6E
[882] [M]: 0x0000000080000DB4 (0x3F6E8E93) addi t4, t4, 0x3f6
x29 <- 0x087F08FB0620EFF6

mem[X,0x0000000080000DB8] -> 0x0FBB
mem[X,0x0000000080000DBA] -> 0xEDDF
[883] [M]: 0x0000000080000DB8 (0xEDDF0FBB) pdifu.b t6, t5, t4
x31 <- 0x0178483C7935131A

mem[X,0x0000000080000DBC] -> 0xBC23
mem[X,0x0000000080000DBE] -> 0x05F0
[884] [M]: 0x0000000080000DBC (0x05F0BC23) sd t6, 0x58(ra)
mem[0x0000000080004260] <- 0x0178483C7935131A

mem[X,0x0000000080000DC0] -> 0x0F37
mem[X,0x0000000080000DC2] -> 0x00FE
[885] [M]: 0x0000000080000DC0 (0x00FE0F37) lui t5, 0xfe0
x30 <- 0x0000000000FE0000

mem[X,0x0000000080000DC4] -> 0x0F13
mem[X,0x0000000080000DC6] -> 0x2DFF
[886] [M]: 0x0000000080000DC4 (0x2DFF0F13) addi t5, t5, 0x2df
x30 <- 0x0000000000FE02DF

mem[X,0x0000000080000DC8] -> 0x1F13
mem[X,0x0000000080000DCA] -> 0x00BF
[887] [M]: 0x0000000080000DC8 (0x00BF1F13) slli t5, t5, 0xb
x30 <- 0x00000007F016F800

mem[X,0x0000000080000DCC] -> 0x0F13
mem[X,0x0000000080000DCE] -> 0x200F
[888] [M]: 0x0000000080000DCC (0x200F0F13) addi t5, t5, 0x200
x30 <- 0x00000007F016FA00

mem[X,0x0000000080000DD0] -> 0x1F13
mem[X,0x0000000080000DD2] -> 0x00BF
[889] [M]: 0x0000000080000DD0 (0x00BF1F13) slli t5, t5, 0xb
x30 <- 0x00003F80B7D00000

mem[X,0x0000000080000DD4] -> 0x0F13
mem[X,0x0000000080000DD6] -> 0x0BFF
[890] [M]: 0x0000000080000DD4 (0x0BFF0F13) addi t5, t5, 0xbf
x30 <- 0x00003F80B7D000BF

mem[X,0x0000000080000DD8] -> 0x1F13
mem[X,0x0000000080000DDA] -> 0x00AF
[891] [M]: 0x0000000080000DD8 (0x00AF1F13) slli t5, t5, 0xa
x30 <- 0x00FE02DF4002FC00

mem[X,0x0000000080000DDC] -> 0x0F13
mem[X,0x0000000080000DDE] -> 0x380F
[892] [M]: 0x0000000080000DDC (0x380F0F13) addi t5, t5, 0x380
x30 <- 0x00FE02DF4002FF80

mem[X,0x0000000080000DE0] -> 0xFEB7
mem[X,0x0000000080000DE2] -> 0x0504
[893] [M]: 0x0000000080000DE0 (0x0504FEB7) lui t4, 0x504f
x29 <- 0x000000000504F000

mem[X,0x0000000080000DE4] -> 0x8E93
mem[X,0x0000000080000DE6] -> 0xFBFE
[894] [M]: 0x0000000080000DE4 (0xFBFE8E93) addi t4, t4, -0x41
x29 <- 0x000000000504EFBF

mem[X,0x0000000080000DE8] -> 0x9E93
mem[X,0x0000000080000DEA] -> 0x00BE
[895] [M]: 0x0000000080000DE8 (0x00BE9E93) slli t4, t4, 0xb
x29 <- 0x00000028277DF800

mem[X,0x0000000080000DEC] -> 0x8E93
mem[X,0x0000000080000DEE] -> 0x3FFE
[896] [M]: 0x0000000080000DEC (0x3FFE8E93) addi t4, t4, 0x3ff
x29 <- 0x00000028277DFBFF

mem[X,0x0000000080000DF0] -> 0x9E93
mem[X,0x0000000080000DF2] -> 0x00BE
[897] [M]: 0x0000000080000DF0 (0x00BE9E93) slli t4, t4, 0xb
x29 <- 0x0001413BEFDFF800

mem[X,0x0000000080000DF4] -> 0x8E93
mem[X,0x0000000080000DF6] -> 0x5BEE
[898] [M]: 0x0000000080000DF4 (0x5BEE8E93) addi t4, t4, 0x5be
x29 <- 0x0001413BEFDFFDBE

mem[X,0x0000000080000DF8] -> 0x9E93
mem[X,0x0000000080000DFA] -> 0x00AE
[899] [M]: 0x0000000080000DF8 (0x00AE9E93) slli t4, t4, 0xa
x29 <- 0x0504EFBF7FF6F800

clint::tick mtime <- 0x0000000000000009
 clint timer pending at mtime 0x0000000000000009
htif::tick 0x0000000000000000
mem[X,0x0000000080000DFC] -> 0x8E93
mem[X,0x0000000080000DFE] -> 0x17FE
[900] [M]: 0x0000000080000DFC (0x17FE8E93) addi t4, t4, 0x17f
x29 <- 0x0504EFBF7FF6F97F

mem[X,0x0000000080000E00] -> 0x0FBB
mem[X,0x0000000080000E02] -> 0xEDDF
[901] [M]: 0x0000000080000E00 (0xEDDF0FBB) pdifu.b t6, t5, t4
x31 <- 0x050613203F0C0601

mem[X,0x0000000080000E04] -> 0xB023
mem[X,0x0000000080000E06] -> 0x07F0
[902] [M]: 0x0000000080000E04 (0x07F0B023) sd t6, 0x60(ra)
mem[0x0000000080004268] <- 0x050613203F0C0601

mem[X,0x0000000080000E08] -> 0x0F37
mem[X,0x0000000080000E0A] -> 0xFA09
[903] [M]: 0x0000000080000E08 (0xFA090F37) lui t5, -0x5f70
x30 <- 0xFFFFFFFFFA090000

mem[X,0x0000000080000E0C] -> 0x0F13
mem[X,0x0000000080000E0E] -> 0xE08F
[904] [M]: 0x0000000080000E0C (0xE08F0F13) addi t5, t5, -0x1f8
x30 <- 0xFFFFFFFFFA08FE08

mem[X,0x0000000080000E10] -> 0x1F13
mem[X,0x0000000080000E12] -> 0x00BF
[905] [M]: 0x0000000080000E10 (0x00BF1F13) slli t5, t5, 0xb
x30 <- 0xFFFFFFD047F04000

mem[X,0x0000000080000E14] -> 0x0F13
mem[X,0x0000000080000E16] -> 0x7D9F
[906] [M]: 0x0000000080000E14 (0x7D9F0F13) addi t5, t5, 0x7d9
x30 <- 0xFFFFFFD047F047D9

mem[X,0x0000000080000E18] -> 0x1F13
mem[X,0x0000000080000E1A] -> 0x00BF
[907] [M]: 0x0000000080000E18 (0x00BF1F13) slli t5, t5, 0xb
x30 <- 0xFFFE823F823EC800

mem[X,0x0000000080000E1C] -> 0x0F13
mem[X,0x0000000080000E1E] -> 0x7FFF
[908] [M]: 0x0000000080000E1C (0x7FFF0F13) addi t5, t5, 0x7ff
x30 <- 0xFFFE823F823ECFFF

mem[X,0x0000000080000E20] -> 0x1F13
mem[X,0x0000000080000E22] -> 0x00AF
[909] [M]: 0x0000000080000E20 (0x00AF1F13) slli t5, t5, 0xa
x30 <- 0xFA08FE08FB3FFC00

mem[X,0x0000000080000E24] -> 0x0F13
mem[X,0x0000000080000E26] -> 0x204F
[910] [M]: 0x0000000080000E24 (0x204F0F13) addi t5, t5, 0x204
x30 <- 0xFA08FE08FB3FFE04

mem[X,0x0000000080000E28] -> 0xEEB7
mem[X,0x0000000080000E2A] -> 0x0305
[911] [M]: 0x0000000080000E28 (0x0305EEB7) lui t4, 0x305e
x29 <- 0x000000000305E000

mem[X,0x0000000080000E2C] -> 0x8E93
mem[X,0x0000000080000E2E] -> 0xF02E
[912] [M]: 0x0000000080000E2C (0xF02E8E93) addi t4, t4, -0xfe
x29 <- 0x000000000305DF02

mem[X,0x0000000080000E30] -> 0x9E93
mem[X,0x0000000080000E32] -> 0x00BE
[913] [M]: 0x0000000080000E30 (0x00BE9E93) slli t4, t4, 0xb
x29 <- 0x000000182EF81000

mem[X,0x0000000080000E34] -> 0x8E93
mem[X,0x0000000080000E36] -> 0x027E
[914] [M]: 0x0000000080000E34 (0x027E8E93) addi t4, t4, 0x27
x29 <- 0x000000182EF81027

mem[X,0x0000000080000E38] -> 0x9E93
mem[X,0x0000000080000E3A] -> 0x00BE
[915] [M]: 0x0000000080000E38 (0x00BE9E93) slli t4, t4, 0xb
x29 <- 0x0000C177C0813800

mem[X,0x0000000080000E3C] -> 0x8E93
mem[X,0x0000000080000E3E] -> 0x7FFE
[916] [M]: 0x0000000080000E3C (0x7FFE8E93) addi t4, t4, 0x7ff
x29 <- 0x0000C177C0813FFF

mem[X,0x0000000080000E40] -> 0x9E93
mem[X,0x0000000080000E42] -> 0x00AE
[917] [M]: 0x0000000080000E40 (0x00AE9E93) slli t4, t4, 0xa
x29 <- 0x0305DF0204FFFC00

mem[X,0x0000000080000E44] -> 0x8E93
mem[X,0x0000000080000E46] -> 0x240E
[918] [M]: 0x0000000080000E44 (0x240E8E93) addi t4, t4, 0x240
x29 <- 0x0305DF0204FFFE40

mem[X,0x0000000080000E48] -> 0x0FBB
mem[X,0x0000000080000E4A] -> 0xEDDF
[919] [M]: 0x0000000080000E48 (0xEDDF0FBB) pdifu.b t6, t5, t4
x31 <- 0x09031F060940003C

mem[X,0x0000000080000E4C] -> 0xB423
mem[X,0x0000000080000E4E] -> 0x07F0
[920] [M]: 0x0000000080000E4C (0x07F0B423) sd t6, 0x68(ra)
mem[0x0000000080004270] <- 0x09031F060940003C

mem[X,0x0000000080000E50] -> 0x0F37
mem[X,0x0000000080000E52] -> 0x0580
[921] [M]: 0x0000000080000E50 (0x05800F37) lui t5, 0x5800
x30 <- 0x0000000005800000

mem[X,0x0000000080000E54] -> 0x0F13
mem[X,0x0000000080000E56] -> 0x1FCF
[922] [M]: 0x0000000080000E54 (0x1FCF0F13) addi t5, t5, 0x1fc
x30 <- 0x00000000058001FC

mem[X,0x0000000080000E58] -> 0x1F13
mem[X,0x0000000080000E5A] -> 0x00BF
[923] [M]: 0x0000000080000E58 (0x00BF1F13) slli t5, t5, 0xb
x30 <- 0x0000002C000FE000

mem[X,0x0000000080000E5C] -> 0x0F13
mem[X,0x0000000080000E5E] -> 0x7D8F
[924] [M]: 0x0000000080000E5C (0x7D8F0F13) addi t5, t5, 0x7d8
x30 <- 0x0000002C000FE7D8

mem[X,0x0000000080000E60] -> 0x1F13
mem[X,0x0000000080000E62] -> 0x00BF
[925] [M]: 0x0000000080000E60 (0x00BF1F13) slli t5, t5, 0xb
x30 <- 0x000160007F3EC000

mem[X,0x0000000080000E64] -> 0x0F13
mem[X,0x0000000080000E66] -> 0x1BFF
[926] [M]: 0x0000000080000E64 (0x1BFF0F13) addi t5, t5, 0x1bf
x30 <- 0x000160007F3EC1BF

mem[X,0x0000000080000E68] -> 0x1F13
mem[X,0x0000000080000E6A] -> 0x00AF
[927] [M]: 0x0000000080000E68 (0x00AF1F13) slli t5, t5, 0xa
x30 <- 0x058001FCFB06FC00

mem[X,0x0000000080000E6C] -> 0x0F13
mem[X,0x0000000080000E6E] -> 0x110F
[928] [M]: 0x0000000080000E6C (0x110F0F13) addi t5, t5, 0x110
x30 <- 0x058001FCFB06FD10

mem[X,0x0000000080000E70] -> 0x0EB7
mem[X,0x0000000080000E72] -> 0xFFFC
[929] [M]: 0x0000000080000E70 (0xFFFC0EB7) lui t4, -0x40
x29 <- 0xFFFFFFFFFFFC0000

mem[X,0x0000000080000E74] -> 0x8E93
mem[X,0x0000000080000E76] -> 0xF20E
[930] [M]: 0x0000000080000E74 (0xF20E8E93) addi t4, t4, -0xe0
x29 <- 0xFFFFFFFFFFFBFF20

mem[X,0x0000000080000E78] -> 0x9E93
mem[X,0x0000000080000E7A] -> 0x00BE
[931] [M]: 0x0000000080000E78 (0x00BE9E93) slli t4, t4, 0xb
x29 <- 0xFFFFFFFFDFF90000

mem[X,0x0000000080000E7C] -> 0x8E93
mem[X,0x0000000080000E7E] -> 0x7F7E
[932] [M]: 0x0000000080000E7C (0x7F7E8E93) addi t4, t4, 0x7f7
x29 <- 0xFFFFFFFFDFF907F7

mem[X,0x0000000080000E80] -> 0x9E93
mem[X,0x0000000080000E82] -> 0x00BE
[933] [M]: 0x0000000080000E80 (0x00BE9E93) slli t4, t4, 0xb
x29 <- 0xFFFFFEFFC83FB800

mem[X,0x0000000080000E84] -> 0x8E93
mem[X,0x0000000080000E86] -> 0x67DE
[934] [M]: 0x0000000080000E84 (0x67DE8E93) addi t4, t4, 0x67d
x29 <- 0xFFFFFEFFC83FBE7D

mem[X,0x0000000080000E88] -> 0x9E93
mem[X,0x0000000080000E8A] -> 0x00AE
[935] [M]: 0x0000000080000E88 (0x00AE9E93) slli t4, t4, 0xa
x29 <- 0xFFFBFF20FEF9F400

mem[X,0x0000000080000E8C] -> 0x8E93
mem[X,0x0000000080000E8E] -> 0x201E
[936] [M]: 0x0000000080000E8C (0x201E8E93) addi t4, t4, 0x201
x29 <- 0xFFFBFF20FEF9F601

mem[X,0x0000000080000E90] -> 0x0FBB
mem[X,0x0000000080000E92] -> 0xEDDF
[937] [M]: 0x0000000080000E90 (0xEDDF0FBB) pdifu.b t6, t5, t4
x31 <- 0x067B0224030D070F

mem[X,0x0000000080000E94] -> 0xB823
mem[X,0x0000000080000E96] -> 0x07F0
[938] [M]: 0x0000000080000E94 (0x07F0B823) sd t6, 0x70(ra)
mem[0x0000000080004278] <- 0x067B0224030D070F

mem[X,0x0000000080000E98] -> 0x0F37
mem[X,0x0000000080000E9A] -> 0xF8F8
[939] [M]: 0x0000000080000E98 (0xF8F80F37) lui t5, -0x7080
x30 <- 0xFFFFFFFFF8F80000

mem[X,0x0000000080000E9C] -> 0x0F13
mem[X,0x0000000080000E9E] -> 0xBBFF
[940] [M]: 0x0000000080000E9C (0xBBFF0F13) addi t5, t5, -0x441
x30 <- 0xFFFFFFFFF8F7FBBF

mem[X,0x0000000080000EA0] -> 0x1F13
mem[X,0x0000000080000EA2] -> 0x00BF
[941] [M]: 0x0000000080000EA0 (0x00BF1F13) slli t5, t5, 0xb
x30 <- 0xFFFFFFC7BFDDF800

mem[X,0x0000000080000EA4] -> 0x0F13
mem[X,0x0000000080000EA6] -> 0x7EFF
[942] [M]: 0x0000000080000EA4 (0x7EFF0F13) addi t5, t5, 0x7ef
x30 <- 0xFFFFFFC7BFDDFFEF

mem[X,0x0000000080000EA8] -> 0x1F13
mem[X,0x0000000080000EAA] -> 0x00BF
[943] [M]: 0x0000000080000EA8 (0x00BF1F13) slli t5, t5, 0xb
x30 <- 0xFFFE3DFEEFFF7800

mem[X,0x0000000080000EAC] -> 0x0F13
mem[X,0x0000000080000EAE] -> 0x58FF
[944] [M]: 0x0000000080000EAC (0x58FF0F13) addi t5, t5, 0x58f
x30 <- 0xFFFE3DFEEFFF7D8F

mem[X,0x0000000080000EB0] -> 0x1F13
mem[X,0x0000000080000EB2] -> 0x00AF
[945] [M]: 0x0000000080000EB0 (0x00AF1F13) slli t5, t5, 0xa
x30 <- 0xF8F7FBBFFDF63C00

mem[X,0x0000000080000EB4] -> 0x0F13
mem[X,0x0000000080000EB6] -> 0x3EFF
[946] [M]: 0x0000000080000EB4 (0x3EFF0F13) addi t5, t5, 0x3ef
x30 <- 0xF8F7FBBFFDF63FEF

mem[X,0x0000000080000EB8] -> 0x0EB7
mem[X,0x0000000080000EBA] -> 0x3F41
[947] [M]: 0x0000000080000EB8 (0x3F410EB7) lui t4, 0x3f410
x29 <- 0x000000003F410000

mem[X,0x0000000080000EBC] -> 0x8E93
mem[X,0x0000000080000EBE] -> 0x855E
[948] [M]: 0x0000000080000EBC (0x855E8E93) addi t4, t4, -0x7ab
x29 <- 0x000000003F40F855

mem[X,0x0000000080000EC0] -> 0x9E93
mem[X,0x0000000080000EC2] -> 0x00BE
[949] [M]: 0x0000000080000EC0 (0x00BE9E93) slli t4, t4, 0xb
x29 <- 0x000001FA07C2A800

mem[X,0x0000000080000EC4] -> 0x8E93
mem[X,0x0000000080000EC6] -> 0x7C8E
[950] [M]: 0x0000000080000EC4 (0x7C8E8E93) addi t4, t4, 0x7c8
x29 <- 0x000001FA07C2AFC8

mem[X,0x0000000080000EC8] -> 0x9E93
mem[X,0x0000000080000ECA] -> 0x00BE
[951] [M]: 0x0000000080000EC8 (0x00BE9E93) slli t4, t4, 0xb
x29 <- 0x000FD03E157E4000

mem[X,0x0000000080000ECC] -> 0x8E93
mem[X,0x0000000080000ECE] -> 0x1FDE
[952] [M]: 0x0000000080000ECC (0x1FDE8E93) addi t4, t4, 0x1fd
x29 <- 0x000FD03E157E41FD

mem[X,0x0000000080000ED0] -> 0x9E93
mem[X,0x0000000080000ED2] -> 0x00AE
[953] [M]: 0x0000000080000ED0 (0x00AE9E93) slli t4, t4, 0xa
x29 <- 0x3F40F855F907F400

mem[X,0x0000000080000ED4] -> 0x8E93
mem[X,0x0000000080000ED6] -> 0x210E
[954] [M]: 0x0000000080000ED4 (0x210E8E93) addi t4, t4, 0x210
x29 <- 0x3F40F855F907F610

mem[X,0x0000000080000ED8] -> 0x0FBB
mem[X,0x0000000080000EDA] -> 0xEDDF
[955] [M]: 0x0000000080000ED8 (0xEDDF0FBB) pdifu.b t6, t5, t4
x31 <- 0x4749036A04114921

mem[X,0x0000000080000EDC] -> 0xBC23
mem[X,0x0000000080000EDE] -> 0x07F0
[956] [M]: 0x0000000080000EDC (0x07F0BC23) sd t6, 0x78(ra)
mem[0x0000000080004280] <- 0x4749036A04114921

mem[X,0x0000000080000EE0] -> 0xBF37
mem[X,0x0000000080000EE2] -> 0x55BF
[957] [M]: 0x0000000080000EE0 (0x55BFBF37) lui t5, 0x55bfb
x30 <- 0x0000000055BFB000

mem[X,0x0000000080000EE4] -> 0x0F13
mem[X,0x0000000080000EE6] -> 0xAFAF
[958] [M]: 0x0000000080000EE4 (0xAFAF0F13) addi t5, t5, -0x506
x30 <- 0x0000000055BFAAFA

mem[X,0x0000000080000EE8] -> 0x1F13
mem[X,0x0000000080000EEA] -> 0x00BF
[959] [M]: 0x0000000080000EE8 (0x00BF1F13) slli t5, t5, 0xb
x30 <- 0x000002ADFD57D000

mem[X,0x0000000080000EEC] -> 0x0F13
mem[X,0x0000000080000EEE] -> 0x7B0F
[960] [M]: 0x0000000080000EEC (0x7B0F0F13) addi t5, t5, 0x7b0
x30 <- 0x000002ADFD57D7B0

mem[X,0x0000000080000EF0] -> 0x1F13
mem[X,0x0000000080000EF2] -> 0x00BF
[961] [M]: 0x0000000080000EF0 (0x00BF1F13) slli t5, t5, 0xb
x30 <- 0x00156FEABEBD8000

mem[X,0x0000000080000EF4] -> 0x0F13
mem[X,0x0000000080000EF6] -> 0x150F
[962] [M]: 0x0000000080000EF4 (0x150F0F13) addi t5, t5, 0x150
x30 <- 0x00156FEABEBD8150

mem[X,0x0000000080000EF8] -> 0x1F13
mem[X,0x0000000080000EFA] -> 0x00AF
[963] [M]: 0x0000000080000EF8 (0x00AF1F13) slli t5, t5, 0xa
x30 <- 0x55BFAAFAF6054000

mem[X,0x0000000080000EFC] -> 0x0F13
mem[X,0x0000000080000EFE] -> 0x020F
[964] [M]: 0x0000000080000EFC (0x020F0F13) addi t5, t5, 0x20
x30 <- 0x55BFAAFAF6054020

mem[X,0x0000000080000F00] -> 0x0EB7
mem[X,0x0000000080000F02] -> 0xBF41
[965] [M]: 0x0000000080000F00 (0xBF410EB7) lui t4, -0x40bf0
x29 <- 0xFFFFFFFFBF410000

mem[X,0x0000000080000F04] -> 0x8E93
mem[X,0x0000000080000F06] -> 0x805E
[966] [M]: 0x0000000080000F04 (0x805E8E93) addi t4, t4, -0x7fb
x29 <- 0xFFFFFFFFBF40F805

mem[X,0x0000000080000F08] -> 0x9E93
mem[X,0x0000000080000F0A] -> 0x00BE
[967] [M]: 0x0000000080000F08 (0x00BE9E93) slli t4, t4, 0xb
x29 <- 0xFFFFFDFA07C02800

mem[X,0x0000000080000F0C] -> 0x8E93
mem[X,0x0000000080000F0E] -> 0x6F8E
[968] [M]: 0x0000000080000F0C (0x6F8E8E93) addi t4, t4, 0x6f8
x29 <- 0xFFFFFDFA07C02EF8

mem[X,0x0000000080000F10] -> 0x9E93
mem[X,0x0000000080000F12] -> 0x00BE
[969] [M]: 0x0000000080000F10 (0x00BE9E93) slli t4, t4, 0xb
x29 <- 0xFFEFD03E0177C000

mem[X,0x0000000080000F14] -> 0x8E93
mem[X,0x0000000080000F16] -> 0x100E
[970] [M]: 0x0000000080000F14 (0x100E8E93) addi t4, t4, 0x100
x29 <- 0xFFEFD03E0177C100

mem[X,0x0000000080000F18] -> 0x9E93
mem[X,0x0000000080000F1A] -> 0x00AE
[971] [M]: 0x0000000080000F18 (0x00AE9E93) slli t4, t4, 0xa
x29 <- 0xBF40F805DF040000

mem[X,0x0000000080000F1C] -> 0x8E93
mem[X,0x0000000080000F1E] -> 0x108E
[972] [M]: 0x0000000080000F1C (0x108E8E93) addi t4, t4, 0x108
x29 <- 0xBF40F805DF040108

mem[X,0x0000000080000F20] -> 0x0FBB
mem[X,0x0000000080000F22] -> 0xEDDF
[973] [M]: 0x0000000080000F20 (0xEDDF0FBB) pdifu.b t6, t5, t4
x31 <- 0x6A7F4E0B17013F18

mem[X,0x0000000080000F24] -> 0xB023
mem[X,0x0000000080000F26] -> 0x09F0
[974] [M]: 0x0000000080000F24 (0x09F0B023) sd t6, 0x80(ra)
mem[0x0000000080004288] <- 0x6A7F4E0B17013F18

mem[X,0x0000000080000F28] -> 0x1F37
mem[X,0x0000000080000F2A] -> 0xFFAA
[975] [M]: 0x0000000080000F28 (0xFFAA1F37) lui t5, -0x55f
x30 <- 0xFFFFFFFFFFAA1000

mem[X,0x0000000080000F2C] -> 0x0F13
mem[X,0x0000000080000F2E] -> 0x9FFF
[976] [M]: 0x0000000080000F2C (0x9FFF0F13) addi t5, t5, -0x601
x30 <- 0xFFFFFFFFFFAA09FF

mem[X,0x0000000080000F30] -> 0x1F13
mem[X,0x0000000080000F32] -> 0x00BF
[977] [M]: 0x0000000080000F30 (0x00BF1F13) slli t5, t5, 0xb
x30 <- 0xFFFFFFFD504FF800

mem[X,0x0000000080000F34] -> 0x0F13
mem[X,0x0000000080000F36] -> 0x7F1F
[978] [M]: 0x0000000080000F34 (0x7F1F0F13) addi t5, t5, 0x7f1
x30 <- 0xFFFFFFFD504FFFF1

mem[X,0x0000000080000F38] -> 0x1F13
mem[X,0x0000000080000F3A] -> 0x00BF
[979] [M]: 0x0000000080000F38 (0x00BF1F13) slli t5, t5, 0xb
x30 <- 0xFFFFEA827FFF8800

mem[X,0x0000000080000F3C] -> 0x0F13
mem[X,0x0000000080000F3E] -> 0x03EF
[980] [M]: 0x0000000080000F3C (0x03EF0F13) addi t5, t5, 0x3e
x30 <- 0xFFFFEA827FFF883E

mem[X,0x0000000080000F40] -> 0x1F13
mem[X,0x0000000080000F42] -> 0x00AF
[981] [M]: 0x0000000080000F40 (0x00AF1F13) slli t5, t5, 0xa
x30 <- 0xFFAA09FFFE20F800

mem[X,0x0000000080000F44] -> 0x0F13
mem[X,0x0000000080000F46] -> 0x0C0F
[982] [M]: 0x0000000080000F44 (0x0C0F0F13) addi t5, t5, 0xc0
x30 <- 0xFFAA09FFFE20F8C0

mem[X,0x0000000080000F48] -> 0xFEB7
mem[X,0x0000000080000F4A] -> 0x5508
[983] [M]: 0x0000000080000F48 (0x5508FEB7) lui t4, 0x5508f
x29 <- 0x000000005508F000

mem[X,0x0000000080000F4C] -> 0x8E93
mem[X,0x0000000080000F4E] -> 0x720E
[984] [M]: 0x0000000080000F4C (0x720E8E93) addi t4, t4, 0x720
x29 <- 0x000000005508F720

mem[X,0x0000000080000F50] -> 0x9E93
mem[X,0x0000000080000F52] -> 0x00BE
[985] [M]: 0x0000000080000F50 (0x00BE9E93) slli t4, t4, 0xb
x29 <- 0x000002A847B90000

mem[X,0x0000000080000F54] -> 0x8E93
mem[X,0x0000000080000F56] -> 0x00FE
[986] [M]: 0x0000000080000F54 (0x00FE8E93) addi t4, t4, 0xf
x29 <- 0x000002A847B9000F

mem[X,0x0000000080000F58] -> 0x9E93
mem[X,0x0000000080000F5A] -> 0x00BE
[987] [M]: 0x0000000080000F58 (0x00BE9E93) slli t4, t4, 0xb
x29 <- 0x0015423DC8007800

mem[X,0x0000000080000F5C] -> 0x8E93
mem[X,0x0000000080000F5E] -> 0x73FE
[988] [M]: 0x0000000080000F5C (0x73FE8E93) addi t4, t4, 0x73f
x29 <- 0x0015423DC8007F3F

mem[X,0x0000000080000F60] -> 0x9E93
mem[X,0x0000000080000F62] -> 0x00AE
[989] [M]: 0x0000000080000F60 (0x00AE9E93) slli t4, t4, 0xa
x29 <- 0x5508F72001FCFC00

mem[X,0x0000000080000F64] -> 0x8E93
mem[X,0x0000000080000F66] -> 0x0FBE
[990] [M]: 0x0000000080000F64 (0x0FBE8E93) addi t4, t4, 0xfb
x29 <- 0x5508F72001FCFCFB

mem[X,0x0000000080000F68] -> 0x0FBB
mem[X,0x0000000080000F6A] -> 0xEDDF
[991] [M]: 0x0000000080000F68 (0xEDDF0FBB) pdifu.b t6, t5, t4
x31 <- 0x565E12210324043B

mem[X,0x0000000080000F6C] -> 0xB423
mem[X,0x0000000080000F6E] -> 0x09F0
[992] [M]: 0x0000000080000F6C (0x09F0B423) sd t6, 0x88(ra)
mem[0x0000000080004290] <- 0x565E12210324043B

mem[X,0x0000000080000F70] -> 0xBF37
mem[X,0x0000000080000F72] -> 0x0405
[993] [M]: 0x0000000080000F70 (0x0405BF37) lui t5, 0x405b
x30 <- 0x000000000405B000

mem[X,0x0000000080000F74] -> 0x0F13
mem[X,0x0000000080000F76] -> 0xAFFF
[994] [M]: 0x0000000080000F74 (0xAFFF0F13) addi t5, t5, -0x501
x30 <- 0x000000000405AAFF

mem[X,0x0000000080000F78] -> 0x1F13
mem[X,0x0000000080000F7A] -> 0x00BF
[995] [M]: 0x0000000080000F78 (0x00BF1F13) slli t5, t5, 0xb
x30 <- 0x000000202D57F800

mem[X,0x0000000080000F7C] -> 0x0F13
mem[X,0x0000000080000F7E] -> 0x77FF
[996] [M]: 0x0000000080000F7C (0x77FF0F13) addi t5, t5, 0x77f
x30 <- 0x000000202D57FF7F

mem[X,0x0000000080000F80] -> 0x1F13
mem[X,0x0000000080000F82] -> 0x00BF
[997] [M]: 0x0000000080000F80 (0x00BF1F13) slli t5, t5, 0xb
x30 <- 0x0001016ABFFBF800

mem[X,0x0000000080000F84] -> 0x0F13
mem[X,0x0000000080000F86] -> 0x73EF
[998] [M]: 0x0000000080000F84 (0x73EF0F13) addi t5, t5, 0x73e
x30 <- 0x0001016ABFFBFF3E

mem[X,0x0000000080000F88] -> 0x1F13
mem[X,0x0000000080000F8A] -> 0x00AF
[999] [M]: 0x0000000080000F88 (0x00AF1F13) slli t5, t5, 0xa
x30 <- 0x0405AAFFEFFCF800

clint::tick mtime <- 0x000000000000000A
 clint timer pending at mtime 0x000000000000000A
htif::tick 0x0000000000000000
mem[X,0x0000000080000F8C] -> 0x0F13
mem[X,0x0000000080000F8E] -> 0x17FF
[1000] [M]: 0x0000000080000F8C (0x17FF0F13) addi t5, t5, 0x17f
x30 <- 0x0405AAFFEFFCF97F

mem[X,0x0000000080000F90] -> 0x0EB7
mem[X,0x0000000080000F92] -> 0xDFF6
[1001] [M]: 0x0000000080000F90 (0xDFF60EB7) lui t4, -0x200a0
x29 <- 0xFFFFFFFFDFF60000

mem[X,0x0000000080000F94] -> 0x8E93
mem[X,0x0000000080000F96] -> 0x5EFE
[1002] [M]: 0x0000000080000F94 (0x5EFE8E93) addi t4, t4, 0x5ef
x29 <- 0xFFFFFFFFDFF605EF

mem[X,0x0000000080000F98] -> 0x9E93
mem[X,0x0000000080000F9A] -> 0x00BE
[1003] [M]: 0x0000000080000F98 (0x00BE9E93) slli t4, t4, 0xb
x29 <- 0xFFFFFEFFB02F7800

mem[X,0x0000000080000F9C] -> 0x8E93
mem[X,0x0000000080000F9E] -> 0x015E
[1004] [M]: 0x0000000080000F9C (0x015E8E93) addi t4, t4, 0x15
x29 <- 0xFFFFFEFFB02F7815

mem[X,0x0000000080000FA0] -> 0x9E93
mem[X,0x0000000080000FA2] -> 0x00BE
[1005] [M]: 0x0000000080000FA0 (0x00BE9E93) slli t4, t4, 0xb
x29 <- 0xFFF7FD817BC0A800

mem[X,0x0000000080000FA4] -> 0x8E93
mem[X,0x0000000080000FA6] -> 0x2BEE
[1006] [M]: 0x0000000080000FA4 (0x2BEE8E93) addi t4, t4, 0x2be
x29 <- 0xFFF7FD817BC0AABE

mem[X,0x0000000080000FA8] -> 0x9E93
mem[X,0x0000000080000FAA] -> 0x00AE
[1007] [M]: 0x0000000080000FA8 (0x00AE9E93) slli t4, t4, 0xa
x29 <- 0xDFF605EF02AAF800

mem[X,0x0000000080000FAC] -> 0x8E93
mem[X,0x0000000080000FAE] -> 0x101E
[1008] [M]: 0x0000000080000FAC (0x101E8E93) addi t4, t4, 0x101
x29 <- 0xDFF605EF02AAF901

mem[X,0x0000000080000FB0] -> 0x0FBB
mem[X,0x0000000080000FB2] -> 0xEDDF
[1009] [M]: 0x0000000080000FB0 (0xEDDF0FBB) pdifu.b t6, t5, t4
x31 <- 0x250F5B101352007E

mem[X,0x0000000080000FB4] -> 0xB823
mem[X,0x0000000080000FB6] -> 0x09F0
[1010] [M]: 0x0000000080000FB4 (0x09F0B823) sd t6, 0x90(ra)
mem[0x0000000080004298] <- 0x250F5B101352007E

mem[X,0x0000000080000FB8] -> 0x0F37
mem[X,0x0000000080000FBA] -> 0x1056
[1011] [M]: 0x0000000080000FB8 (0x10560F37) lui t5, 0x10560
x30 <- 0x0000000010560000

mem[X,0x0000000080000FBC] -> 0x0F13
mem[X,0x0000000080000FBE] -> 0xCAAF
[1012] [M]: 0x0000000080000FBC (0xCAAF0F13) addi t5, t5, -0x356
x30 <- 0x000000001055FCAA

mem[X,0x0000000080000FC0] -> 0x1F13
mem[X,0x0000000080000FC2] -> 0x00BF
[1013] [M]: 0x0000000080000FC0 (0x00BF1F13) slli t5, t5, 0xb
x30 <- 0x00000082AFE55000

mem[X,0x0000000080000FC4] -> 0x0F13
mem[X,0x0000000080000FC6] -> 0x7B9F
[1014] [M]: 0x0000000080000FC4 (0x7B9F0F13) addi t5, t5, 0x7b9
x30 <- 0x00000082AFE557B9

mem[X,0x0000000080000FC8] -> 0x1F13
mem[X,0x0000000080000FCA] -> 0x00BF
[1015] [M]: 0x0000000080000FC8 (0x00BF1F13) slli t5, t5, 0xb
x30 <- 0x0004157F2ABDC800

mem[X,0x0000000080000FCC] -> 0x0F13
mem[X,0x0000000080000FCE] -> 0x001F
[1016] [M]: 0x0000000080000FCC (0x001F0F13) addi t5, t5, 0x1
x30 <- 0x0004157F2ABDC801

mem[X,0x0000000080000FD0] -> 0x1F13
mem[X,0x0000000080000FD2] -> 0x00AF
[1017] [M]: 0x0000000080000FD0 (0x00AF1F13) slli t5, t5, 0xa
x30 <- 0x1055FCAAF7200400

mem[X,0x0000000080000FD4] -> 0x0F13
mem[X,0x0000000080000FD6] -> 0x340F
[1018] [M]: 0x0000000080000FD4 (0x340F0F13) addi t5, t5, 0x340
x30 <- 0x1055FCAAF7200740

mem[X,0x0000000080000FD8] -> 0x0EB7
mem[X,0x0000000080000FDA] -> 0xDF40
[1019] [M]: 0x0000000080000FD8 (0xDF400EB7) lui t4, -0x20c00
x29 <- 0xFFFFFFFFDF400000

mem[X,0x0000000080000FDC] -> 0x8E93
mem[X,0x0000000080000FDE] -> 0x004E
[1020] [M]: 0x0000000080000FDC (0x004E8E93) addi t4, t4, 0x4
x29 <- 0xFFFFFFFFDF400004

mem[X,0x0000000080000FE0] -> 0x9E93
mem[X,0x0000000080000FE2] -> 0x00BE
[1021] [M]: 0x0000000080000FE0 (0x00BE9E93) slli t4, t4, 0xb
x29 <- 0xFFFFFEFA00002000

mem[X,0x0000000080000FE4] -> 0x8E93
mem[X,0x0000000080000FE6] -> 0x7F0E
[1022] [M]: 0x0000000080000FE4 (0x7F0E8E93) addi t4, t4, 0x7f0
x29 <- 0xFFFFFEFA000027F0

mem[X,0x0000000080000FE8] -> 0x9E93
mem[X,0x0000000080000FEA] -> 0x00BE
[1023] [M]: 0x0000000080000FE8 (0x00BE9E93) slli t4, t4, 0xb
x29 <- 0xFFF7D000013F8000

mem[X,0x0000000080000FEC] -> 0x8E93
mem[X,0x0000000080000FEE] -> 0x03BE
[1024] [M]: 0x0000000080000FEC (0x03BE8E93) addi t4, t4, 0x3b
x29 <- 0xFFF7D000013F803B

mem[X,0x0000000080000FF0] -> 0x9E93
mem[X,0x0000000080000FF2] -> 0x00AE
[1025] [M]: 0x0000000080000FF0 (0x00AE9E93) slli t4, t4, 0xa
x29 <- 0xDF400004FE00EC00

mem[X,0x0000000080000FF4] -> 0x8E93
mem[X,0x0000000080000FF6] -> 0x304E
[1026] [M]: 0x0000000080000FF4 (0x304E8E93) addi t4, t4, 0x304
x29 <- 0xDF400004FE00EF04

mem[X,0x0000000080000FF8] -> 0x0FBB
mem[X,0x0000000080000FFA] -> 0xEDDF
[1027] [M]: 0x0000000080000FF8 (0xEDDF0FBB) pdifu.b t6, t5, t4
x31 <- 0x3115045A0720183C

mem[X,0x0000000080000FFC] -> 0xBC23
mem[X,0x0000000080000FFE] -> 0x09F0
[1028] [M]: 0x0000000080000FFC (0x09F0BC23) sd t6, 0x98(ra)
mem[0x00000000800042A0] <- 0x3115045A0720183C

mem[X,0x0000000080001000] -> 0x8F37
mem[X,0x0000000080001002] -> 0xEFDF
[1029] [M]: 0x0000000080001000 (0xEFDF8F37) lui t5, -0x10208
x30 <- 0xFFFFFFFFEFDF8000

mem[X,0x0000000080001004] -> 0x0F13
mem[X,0x0000000080001006] -> 0xFF9F
[1030] [M]: 0x0000000080001004 (0xFF9F0F13) addi t5, t5, -0x7
x30 <- 0xFFFFFFFFEFDF7FF9

mem[X,0x0000000080001008] -> 0x1F13
mem[X,0x000000008000100A] -> 0x00BF
[1031] [M]: 0x0000000080001008 (0x00BF1F13) slli t5, t5, 0xb
x30 <- 0xFFFFFF7EFBFFC800

mem[X,0x000000008000100C] -> 0x0F13
mem[X,0x000000008000100E] -> 0x040F
[1032] [M]: 0x000000008000100C (0x040F0F13) addi t5, t5, 0x40
x30 <- 0xFFFFFF7EFBFFC840

mem[X,0x0000000080001010] -> 0x1F13
mem[X,0x0000000080001012] -> 0x00BF
[1033] [M]: 0x0000000080001010 (0x00BF1F13) slli t5, t5, 0xb
x30 <- 0xFFFBF7DFFE420000

mem[X,0x0000000080001014] -> 0x0F13
mem[X,0x0000000080001016] -> 0x177F
[1034] [M]: 0x0000000080001014 (0x177F0F13) addi t5, t5, 0x177
x30 <- 0xFFFBF7DFFE420177

mem[X,0x0000000080001018] -> 0x1F13
mem[X,0x000000008000101A] -> 0x00AF
[1035] [M]: 0x0000000080001018 (0x00AF1F13) slli t5, t5, 0xa
x30 <- 0xEFDF7FF90805DC00

mem[X,0x000000008000101C] -> 0x0F13
mem[X,0x000000008000101E] -> 0x3EFF
[1036] [M]: 0x000000008000101C (0x3EFF0F13) addi t5, t5, 0x3ef
x30 <- 0xEFDF7FF90805DFEF

mem[X,0x0000000080001020] -> 0x4EB7
mem[X,0x0000000080001022] -> 0xF7C0
[1037] [M]: 0x0000000080001020 (0xF7C04EB7) lui t4, -0x83fc
x29 <- 0xFFFFFFFFF7C04000

mem[X,0x0000000080001024] -> 0x8E93
mem[X,0x0000000080001026] -> 0x0FCE
[1038] [M]: 0x0000000080001024 (0x0FCE8E93) addi t4, t4, 0xfc
x29 <- 0xFFFFFFFFF7C040FC

mem[X,0x0000000080001028] -> 0x9E93
mem[X,0x000000008000102A] -> 0x00BE
[1039] [M]: 0x0000000080001028 (0x00BE9E93) slli t4, t4, 0xb
x29 <- 0xFFFFFFBE0207E000

mem[X,0x000000008000102C] -> 0x8E93
mem[X,0x000000008000102E] -> 0x016E
[1040] [M]: 0x000000008000102C (0x016E8E93) addi t4, t4, 0x16
x29 <- 0xFFFFFFBE0207E016

mem[X,0x0000000080001030] -> 0x9E93
mem[X,0x0000000080001032] -> 0x00BE
[1041] [M]: 0x0000000080001030 (0x00BE9E93) slli t4, t4, 0xb
x29 <- 0xFFFDF0103F00B000

mem[X,0x0000000080001034] -> 0x8E93
mem[X,0x0000000080001036] -> 0x030E
[1042] [M]: 0x0000000080001034 (0x030E8E93) addi t4, t4, 0x30
x29 <- 0xFFFDF0103F00B030

mem[X,0x0000000080001038] -> 0x9E93
mem[X,0x000000008000103A] -> 0x00AE
[1043] [M]: 0x0000000080001038 (0x00AE9E93) slli t4, t4, 0xa
x29 <- 0xF7C040FC02C0C000

mem[X,0x000000008000103C] -> 0x8E93
mem[X,0x000000008000103E] -> 0x001E
[1044] [M]: 0x000000008000103C (0x001E8E93) addi t4, t4, 0x1
x29 <- 0xF7C040FC02C0C001

mem[X,0x0000000080001040] -> 0x0FBB
mem[X,0x0000000080001042] -> 0xEDDF
[1045] [M]: 0x0000000080001040 (0xEDDF0FBB) pdifu.b t6, t5, t4
x31 <- 0x081F3F0306451F12

mem[X,0x0000000080001044] -> 0xB023
mem[X,0x0000000080001046] -> 0x0BF0
[1046] [M]: 0x0000000080001044 (0x0BF0B023) sd t6, 0xa0(ra)
mem[0x00000000800042A8] <- 0x081F3F0306451F12

mem[X,0x0000000080001048] -> 0x2F37
mem[X,0x000000008000104A] -> 0xBF07
[1047] [M]: 0x0000000080001048 (0xBF072F37) lui t5, -0x40f8e
x30 <- 0xFFFFFFFFBF072000

mem[X,0x000000008000104C] -> 0x0F13
mem[X,0x000000008000104E] -> 0x055F
[1048] [M]: 0x000000008000104C (0x055F0F13) addi t5, t5, 0x55
x30 <- 0xFFFFFFFFBF072055

mem[X,0x0000000080001050] -> 0x1F13
mem[X,0x0000000080001052] -> 0x00BF
[1049] [M]: 0x0000000080001050 (0x00BF1F13) slli t5, t5, 0xb
x30 <- 0xFFFFFDF83902A800

mem[X,0x0000000080001054] -> 0x0F13
mem[X,0x0000000080001056] -> 0x1FFF
[1050] [M]: 0x0000000080001054 (0x1FFF0F13) addi t5, t5, 0x1ff
x30 <- 0xFFFFFDF83902A9FF

mem[X,0x0000000080001058] -> 0x1F13
mem[X,0x000000008000105A] -> 0x00BF
[1051] [M]: 0x0000000080001058 (0x00BF1F13) slli t5, t5, 0xb
x30 <- 0xFFEFC1C8154FF800

mem[X,0x000000008000105C] -> 0x0F13
mem[X,0x000000008000105E] -> 0x648F
[1052] [M]: 0x000000008000105C (0x648F0F13) addi t5, t5, 0x648
x30 <- 0xFFEFC1C8154FFE48

mem[X,0x0000000080001060] -> 0x1F13
mem[X,0x0000000080001062] -> 0x00AF
[1053] [M]: 0x0000000080001060 (0x00AF1F13) slli t5, t5, 0xa
x30 <- 0xBF0720553FF92000

mem[X,0x0000000080001064] -> 0x0F13
mem[X,0x0000000080001066] -> 0x0F8F
[1054] [M]: 0x0000000080001064 (0x0F8F0F13) addi t5, t5, 0xf8
x30 <- 0xBF0720553FF920F8

mem[X,0x0000000080001068] -> 0xCEB7
mem[X,0x000000008000106A] -> 0xFDFB
[1055] [M]: 0x0000000080001068 (0xFDFBCEB7) lui t4, -0x2044
x29 <- 0xFFFFFFFFFDFBC000

mem[X,0x000000008000106C] -> 0x8E93
mem[X,0x000000008000106E] -> 0x080E
[1056] [M]: 0x000000008000106C (0x080E8E93) addi t4, t4, 0x80
x29 <- 0xFFFFFFFFFDFBC080

mem[X,0x0000000080001070] -> 0x9E93
mem[X,0x0000000080001072] -> 0x00BE
[1057] [M]: 0x0000000080001070 (0x00BE9E93) slli t4, t4, 0xb
x29 <- 0xFFFFFFEFDE040000

mem[X,0x0000000080001074] -> 0x8E93
mem[X,0x0000000080001076] -> 0x018E
[1058] [M]: 0x0000000080001074 (0x018E8E93) addi t4, t4, 0x18
x29 <- 0xFFFFFFEFDE040018

mem[X,0x0000000080001078] -> 0x9E93
mem[X,0x000000008000107A] -> 0x00BE
[1059] [M]: 0x0000000080001078 (0x00BE9E93) slli t4, t4, 0xb
x29 <- 0xFFFF7EF02000C000

mem[X,0x000000008000107C] -> 0x8E93
mem[X,0x000000008000107E] -> 0x1A0E
[1060] [M]: 0x000000008000107C (0x1A0E8E93) addi t4, t4, 0x1a0
x29 <- 0xFFFF7EF02000C1A0

mem[X,0x0000000080001080] -> 0x9E93
mem[X,0x0000000080001082] -> 0x00AE
[1061] [M]: 0x0000000080001080 (0x00AE9E93) slli t4, t4, 0xa
x29 <- 0xFDFBC08003068000

mem[X,0x0000000080001084] -> 0x8E93
mem[X,0x0000000080001086] -> 0x005E
[1062] [M]: 0x0000000080001084 (0x005E8E93) addi t4, t4, 0x5
x29 <- 0xFDFBC08003068005

mem[X,0x0000000080001088] -> 0x0FBB
mem[X,0x000000008000108A] -> 0xEDDF
[1063] [M]: 0x0000000080001088 (0xEDDF0FBB) pdifu.b t6, t5, t4
x31 <- 0x3E0C602B3C0D600D

mem[X,0x000000008000108C] -> 0xB423
mem[X,0x000000008000108E] -> 0x0BF0
[1064] [M]: 0x000000008000108C (0x0BF0B423) sd t6, 0xa8(ra)
mem[0x00000000800042B0] <- 0x3E0C602B3C0D600D

mem[X,0x0000000080001090] -> 0x0F37
mem[X,0x0000000080001092] -> 0xFDFE
[1065] [M]: 0x0000000080001090 (0xFDFE0F37) lui t5, -0x2020
x30 <- 0xFFFFFFFFFDFE0000

mem[X,0x0000000080001094] -> 0x0F13
mem[X,0x0000000080001096] -> 0xD10F
[1066] [M]: 0x0000000080001094 (0xD10F0F13) addi t5, t5, -0x2f0
x30 <- 0xFFFFFFFFFDFDFD10

mem[X,0x0000000080001098] -> 0x1F13
mem[X,0x000000008000109A] -> 0x00BF
[1067] [M]: 0x0000000080001098 (0x00BF1F13) slli t5, t5, 0xb
x30 <- 0xFFFFFFEFEFE88000

mem[X,0x000000008000109C] -> 0x0F13
mem[X,0x000000008000109E] -> 0x040F
[1068] [M]: 0x000000008000109C (0x040F0F13) addi t5, t5, 0x40
x30 <- 0xFFFFFFEFEFE88040

mem[X,0x00000000800010A0] -> 0x1F13
mem[X,0x00000000800010A2] -> 0x00BF
[1069] [M]: 0x00000000800010A0 (0x00BF1F13) slli t5, t5, 0xb
x30 <- 0xFFFF7F7F44020000

mem[X,0x00000000800010A4] -> 0x0F13
mem[X,0x00000000800010A6] -> 0x16FF
[1070] [M]: 0x00000000800010A4 (0x16FF0F13) addi t5, t5, 0x16f
x30 <- 0xFFFF7F7F4402016F

mem[X,0x00000000800010A8] -> 0x1F13
mem[X,0x00000000800010AA] -> 0x00AF
[1071] [M]: 0x00000000800010A8 (0x00AF1F13) slli t5, t5, 0xa
x30 <- 0xFDFDFD100805BC00

mem[X,0x00000000800010AC] -> 0x0F13
mem[X,0x00000000800010AE] -> 0x3FAF
[1072] [M]: 0x00000000800010AC (0x3FAF0F13) addi t5, t5, 0x3fa
x30 <- 0xFDFDFD100805BFFA

mem[X,0x00000000800010B0] -> 0x4EB7
mem[X,0x00000000800010B2] -> 0x0610
[1073] [M]: 0x00000000800010B0 (0x06104EB7) lui t4, 0x6104
x29 <- 0x0000000006104000

mem[X,0x00000000800010B4] -> 0x8E93
mem[X,0x00000000800010B6] -> 0xF01E
[1074] [M]: 0x00000000800010B4 (0xF01E8E93) addi t4, t4, -0xff
x29 <- 0x0000000006103F01

mem[X,0x00000000800010B8] -> 0x9E93
mem[X,0x00000000800010BA] -> 0x00BE
[1075] [M]: 0x00000000800010B8 (0x00BE9E93) slli t4, t4, 0xb
x29 <- 0x0000003081F80800

mem[X,0x00000000800010BC] -> 0x8E93
mem[X,0x00000000800010BE] -> 0x018E
[1076] [M]: 0x00000000800010BC (0x018E8E93) addi t4, t4, 0x18
x29 <- 0x0000003081F80818

mem[X,0x00000000800010C0] -> 0x9E93
mem[X,0x00000000800010C2] -> 0x00BE
[1077] [M]: 0x00000000800010C0 (0x00BE9E93) slli t4, t4, 0xb
x29 <- 0x0001840FC040C000

mem[X,0x00000000800010C4] -> 0x8E93
mem[X,0x00000000800010C6] -> 0x042E
[1078] [M]: 0x00000000800010C4 (0x042E8E93) addi t4, t4, 0x42
x29 <- 0x0001840FC040C042

mem[X,0x00000000800010C8] -> 0x9E93
mem[X,0x00000000800010CA] -> 0x00AE
[1079] [M]: 0x00000000800010C8 (0x00AE9E93) slli t4, t4, 0xa
x29 <- 0x06103F0103010800

mem[X,0x00000000800010CC] -> 0x8E93
mem[X,0x00000000800010CE] -> 0x155E
[1080] [M]: 0x00000000800010CC (0x155E8E93) addi t4, t4, 0x155
x29 <- 0x06103F0103010955

mem[X,0x00000000800010D0] -> 0x0FBB
mem[X,0x00000000800010D2] -> 0xEDDF
[1081] [M]: 0x00000000800010D0 (0xEDDF0FBB) pdifu.b t6, t5, t4
x31 <- 0x0913420F05044A5B

mem[X,0x00000000800010D4] -> 0xB823
mem[X,0x00000000800010D6] -> 0x0BF0
[1082] [M]: 0x00000000800010D4 (0x0BF0B823) sd t6, 0xb0(ra)
mem[0x00000000800042B8] <- 0x0913420F05044A5B

mem[X,0x00000000800010D8] -> 0x4F37
mem[X,0x00000000800010DA] -> 0xEFC0
[1083] [M]: 0x00000000800010D8 (0xEFC04F37) lui t5, -0x103fc
x30 <- 0xFFFFFFFFEFC04000

mem[X,0x00000000800010DC] -> 0x0F13
mem[X,0x00000000800010DE] -> 0x0FBF
[1084] [M]: 0x00000000800010DC (0x0FBF0F13) addi t5, t5, 0xfb
x30 <- 0xFFFFFFFFEFC040FB

mem[X,0x00000000800010E0] -> 0x1F13
mem[X,0x00000000800010E2] -> 0x00BF
[1085] [M]: 0x00000000800010E0 (0x00BF1F13) slli t5, t5, 0xb
x30 <- 0xFFFFFF7E0207D800

mem[X,0x00000000800010E4] -> 0x0F13
mem[X,0x00000000800010E6] -> 0x1F8F
[1086] [M]: 0x00000000800010E4 (0x1F8F0F13) addi t5, t5, 0x1f8
x30 <- 0xFFFFFF7E0207D9F8

mem[X,0x00000000800010E8] -> 0x1F13
mem[X,0x00000000800010EA] -> 0x00BF
[1087] [M]: 0x00000000800010E8 (0x00BF1F13) slli t5, t5, 0xb
x30 <- 0xFFFBF0103ECFC000

mem[X,0x00000000800010EC] -> 0x0F13
mem[X,0x00000000800010EE] -> 0x1C1F
[1088] [M]: 0x00000000800010EC (0x1C1F0F13) addi t5, t5, 0x1c1
x30 <- 0xFFFBF0103ECFC1C1

mem[X,0x00000000800010F0] -> 0x1F13
mem[X,0x00000000800010F2] -> 0x00AF
[1089] [M]: 0x00000000800010F0 (0x00AF1F13) slli t5, t5, 0xa
x30 <- 0xEFC040FB3F070400

mem[X,0x00000000800010F4] -> 0x0F13
mem[X,0x00000000800010F6] -> 0x3FAF
[1090] [M]: 0x00000000800010F4 (0x3FAF0F13) addi t5, t5, 0x3fa
x30 <- 0xEFC040FB3F0707FA

mem[X,0x00000000800010F8] -> 0x1EB7
mem[X,0x00000000800010FA] -> 0xAA06
[1091] [M]: 0x00000000800010F8 (0xAA061EB7) lui t4, -0x55f9f
x29 <- 0xFFFFFFFFAA061000

mem[X,0x00000000800010FC] -> 0x8E93
mem[X,0x00000000800010FE] -> 0x055E
[1092] [M]: 0x00000000800010FC (0x055E8E93) addi t4, t4, 0x55
x29 <- 0xFFFFFFFFAA061055

mem[X,0x0000000080001100] -> 0x9E93
mem[X,0x0000000080001102] -> 0x00BE
[1093] [M]: 0x0000000080001100 (0x00BE9E93) slli t4, t4, 0xb
x29 <- 0xFFFFFD503082A800

mem[X,0x0000000080001104] -> 0x8E93
mem[X,0x0000000080001106] -> 0x7DAE
[1094] [M]: 0x0000000080001104 (0x7DAE8E93) addi t4, t4, 0x7da
x29 <- 0xFFFFFD503082AFDA

mem[X,0x0000000080001108] -> 0x9E93
mem[X,0x000000008000110A] -> 0x00BE
[1095] [M]: 0x0000000080001108 (0x00BE9E93) slli t4, t4, 0xb
x29 <- 0xFFEA8184157ED000

mem[X,0x000000008000110C] -> 0x8E93
mem[X,0x000000008000110E] -> 0x03EE
[1096] [M]: 0x000000008000110C (0x03EE8E93) addi t4, t4, 0x3e
x29 <- 0xFFEA8184157ED03E

mem[X,0x0000000080001110] -> 0x9E93
mem[X,0x0000000080001112] -> 0x00AE
[1097] [M]: 0x0000000080001110 (0x00AE9E93) slli t4, t4, 0xa
x29 <- 0xAA061055FB40F800

mem[X,0x0000000080001114] -> 0x8E93
mem[X,0x0000000080001116] -> 0x080E
[1098] [M]: 0x0000000080001114 (0x080E8E93) addi t4, t4, 0x80
x29 <- 0xAA061055FB40F880

mem[X,0x0000000080001118] -> 0x0FBB
mem[X,0x000000008000111A] -> 0xEDDF
[1099] [M]: 0x0000000080001118 (0xEDDF0FBB) pdifu.b t6, t5, t4
x31 <- 0x4546305A44390F7A

clint::tick mtime <- 0x000000000000000B
 clint timer pending at mtime 0x000000000000000B
htif::tick 0x0000000000000000
mem[X,0x000000008000111C] -> 0xBC23
mem[X,0x000000008000111E] -> 0x0BF0
[1100] [M]: 0x000000008000111C (0x0BF0BC23) sd t6, 0xb8(ra)
mem[0x00000000800042C0] <- 0x4546305A44390F7A

mem[X,0x0000000080001120] -> 0x4F37
mem[X,0x0000000080001122] -> 0x0205
[1101] [M]: 0x0000000080001120 (0x02054F37) lui t5, 0x2054
x30 <- 0x0000000002054000

mem[X,0x0000000080001124] -> 0x0F13
mem[X,0x0000000080001126] -> 0x006F
[1102] [M]: 0x0000000080001124 (0x006F0F13) addi t5, t5, 0x6
x30 <- 0x0000000002054006

mem[X,0x0000000080001128] -> 0x1F13
mem[X,0x000000008000112A] -> 0x00BF
[1103] [M]: 0x0000000080001128 (0x00BF1F13) slli t5, t5, 0xb
x30 <- 0x000000102A003000

mem[X,0x000000008000112C] -> 0x0F13
mem[X,0x000000008000112E] -> 0x02FF
[1104] [M]: 0x000000008000112C (0x02FF0F13) addi t5, t5, 0x2f
x30 <- 0x000000102A00302F

mem[X,0x0000000080001130] -> 0x1F13
mem[X,0x0000000080001132] -> 0x00BF
[1105] [M]: 0x0000000080001130 (0x00BF1F13) slli t5, t5, 0xb
x30 <- 0x0000815001817800

mem[X,0x0000000080001134] -> 0x0F13
mem[X,0x0000000080001136] -> 0x77FF
[1106] [M]: 0x0000000080001134 (0x77FF0F13) addi t5, t5, 0x77f
x30 <- 0x0000815001817F7F

mem[X,0x0000000080001138] -> 0x1F13
mem[X,0x000000008000113A] -> 0x00AF
[1107] [M]: 0x0000000080001138 (0x00AF1F13) slli t5, t5, 0xa
x30 <- 0x0205400605FDFC00

mem[X,0x000000008000113C] -> 0x0F13
mem[X,0x000000008000113E] -> 0x2DFF
[1108] [M]: 0x000000008000113C (0x2DFF0F13) addi t5, t5, 0x2df
x30 <- 0x0205400605FDFEDF

mem[X,0x0000000080001140] -> 0xEEB7
mem[X,0x0000000080001142] -> 0xF920
[1109] [M]: 0x0000000080001140 (0xF920EEB7) lui t4, -0x6df2
x29 <- 0xFFFFFFFFF920E000

mem[X,0x0000000080001144] -> 0x8E93
mem[X,0x0000000080001146] -> 0xFFFE
[1110] [M]: 0x0000000080001144 (0xFFFE8E93) addi t4, t4, -0x1
x29 <- 0xFFFFFFFFF920DFFF

mem[X,0x0000000080001148] -> 0x9E93
mem[X,0x000000008000114A] -> 0x00BE
[1111] [M]: 0x0000000080001148 (0x00BE9E93) slli t4, t4, 0xb
x29 <- 0xFFFFFFC906FFF800

mem[X,0x000000008000114C] -> 0x8E93
mem[X,0x000000008000114E] -> 0x556E
[1112] [M]: 0x000000008000114C (0x556E8E93) addi t4, t4, 0x556
x29 <- 0xFFFFFFC906FFFD56

mem[X,0x0000000080001150] -> 0x9E93
mem[X,0x0000000080001152] -> 0x00BE
[1113] [M]: 0x0000000080001150 (0x00BE9E93) slli t4, t4, 0xb
x29 <- 0xFFFE4837FFEAB000

mem[X,0x0000000080001154] -> 0x8E93
mem[X,0x0000000080001156] -> 0x001E
[1114] [M]: 0x0000000080001154 (0x001E8E93) addi t4, t4, 0x1
x29 <- 0xFFFE4837FFEAB001

mem[X,0x0000000080001158] -> 0x9E93
mem[X,0x000000008000115A] -> 0x00AE
[1115] [M]: 0x0000000080001158 (0x00AE9E93) slli t4, t4, 0xa
x29 <- 0xF920DFFFAAC00400

mem[X,0x000000008000115C] -> 0x8E93
mem[X,0x000000008000115E] -> 0x307E
[1116] [M]: 0x000000008000115C (0x307E8E93) addi t4, t4, 0x307
x29 <- 0xF920DFFFAAC00707

mem[X,0x0000000080001160] -> 0x0FBB
mem[X,0x0000000080001162] -> 0xEDDF
[1117] [M]: 0x0000000080001160 (0xEDDF0FBB) pdifu.b t6, t5, t4
x31 <- 0x091B61075B3D0928

mem[X,0x0000000080001164] -> 0xB023
mem[X,0x0000000080001166] -> 0x0DF0
[1118] [M]: 0x0000000080001164 (0x0DF0B023) sd t6, 0xc0(ra)
mem[0x00000000800042C8] <- 0x091B61075B3D0928

mem[X,0x0000000080001168] -> 0x0F37
mem[X,0x000000008000116A] -> 0xDFC0
[1119] [M]: 0x0000000080001168 (0xDFC00F37) lui t5, -0x20400
x30 <- 0xFFFFFFFFDFC00000

mem[X,0x000000008000116C] -> 0x0F13
mem[X,0x000000008000116E] -> 0x0FBF
[1120] [M]: 0x000000008000116C (0x0FBF0F13) addi t5, t5, 0xfb
x30 <- 0xFFFFFFFFDFC000FB

mem[X,0x0000000080001170] -> 0x1F13
mem[X,0x0000000080001172] -> 0x00BF
[1121] [M]: 0x0000000080001170 (0x00BF1F13) slli t5, t5, 0xb
x30 <- 0xFFFFFEFE0007D800

mem[X,0x0000000080001174] -> 0x0F13
mem[X,0x0000000080001176] -> 0x030F
[1122] [M]: 0x0000000080001174 (0x030F0F13) addi t5, t5, 0x30
x30 <- 0xFFFFFEFE0007D830

mem[X,0x0000000080001178] -> 0x1F13
mem[X,0x000000008000117A] -> 0x00BF
[1123] [M]: 0x0000000080001178 (0x00BF1F13) slli t5, t5, 0xb
x30 <- 0xFFF7F0003EC18000

mem[X,0x000000008000117C] -> 0x0F13
mem[X,0x000000008000117E] -> 0x27DF
[1124] [M]: 0x000000008000117C (0x27DF0F13) addi t5, t5, 0x27d
x30 <- 0xFFF7F0003EC1827D

mem[X,0x0000000080001180] -> 0x1F13
mem[X,0x0000000080001182] -> 0x00AF
[1125] [M]: 0x0000000080001180 (0x00AF1F13) slli t5, t5, 0xa
x30 <- 0xDFC000FB0609F400

mem[X,0x0000000080001184] -> 0x0F13
mem[X,0x0000000080001186] -> 0x302F
[1126] [M]: 0x0000000080001184 (0x302F0F13) addi t5, t5, 0x302
x30 <- 0xDFC000FB0609F702

mem[X,0x0000000080001188] -> 0x0EB7
mem[X,0x000000008000118A] -> 0x2008
[1127] [M]: 0x0000000080001188 (0x20080EB7) lui t4, 0x20080
x29 <- 0x0000000020080000

mem[X,0x000000008000118C] -> 0x8E93
mem[X,0x000000008000118E] -> 0x9EFE
[1128] [M]: 0x000000008000118C (0x9EFE8E93) addi t4, t4, -0x611
x29 <- 0x000000002007F9EF

mem[X,0x0000000080001190] -> 0x9E93
mem[X,0x0000000080001192] -> 0x00BE
[1129] [M]: 0x0000000080001190 (0x00BE9E93) slli t4, t4, 0xb
x29 <- 0x000001003FCF7800

mem[X,0x0000000080001194] -> 0x8E93
mem[X,0x0000000080001196] -> 0x017E
[1130] [M]: 0x0000000080001194 (0x017E8E93) addi t4, t4, 0x17
x29 <- 0x000001003FCF7817

mem[X,0x0000000080001198] -> 0x9E93
mem[X,0x000000008000119A] -> 0x00BE
[1131] [M]: 0x0000000080001198 (0x00BE9E93) slli t4, t4, 0xb
x29 <- 0x000801FE7BC0B800

mem[X,0x000000008000119C] -> 0x8E93
mem[X,0x000000008000119E] -> 0x7FEE
[1132] [M]: 0x000000008000119C (0x7FEE8E93) addi t4, t4, 0x7fe
x29 <- 0x000801FE7BC0BFFE

mem[X,0x00000000800011A0] -> 0x9E93
mem[X,0x00000000800011A2] -> 0x00AE
[1133] [M]: 0x00000000800011A0 (0x00AE9E93) slli t4, t4, 0xa
x29 <- 0x2007F9EF02FFF800

mem[X,0x00000000800011A4] -> 0x8E93
mem[X,0x00000000800011A6] -> 0x107E
[1134] [M]: 0x00000000800011A4 (0x107E8E93) addi t4, t4, 0x107
x29 <- 0x2007F9EF02FFF907

mem[X,0x00000000800011A8] -> 0x0FBB
mem[X,0x00000000800011AA] -> 0xEDDF
[1135] [M]: 0x00000000800011A8 (0xEDDF0FBB) pdifu.b t6, t5, t4
x31 <- 0x4147070C040A0205

mem[X,0x00000000800011AC] -> 0xB423
mem[X,0x00000000800011AE] -> 0x0DF0
[1136] [M]: 0x00000000800011AC (0x0DF0B423) sd t6, 0xc8(ra)
mem[0x00000000800042D0] <- 0x4147070C040A0205

mem[X,0x00000000800011B0] -> 0xEF37
mem[X,0x00000000800011B2] -> 0x40FA
[1137] [M]: 0x00000000800011B0 (0x40FAEF37) lui t5, 0x40fae
x30 <- 0x0000000040FAE000

mem[X,0x00000000800011B4] -> 0x0F13
mem[X,0x00000000800011B6] -> 0xFFBF
[1138] [M]: 0x00000000800011B4 (0xFFBF0F13) addi t5, t5, -0x5
x30 <- 0x0000000040FADFFB

mem[X,0x00000000800011B8] -> 0x1F13
mem[X,0x00000000800011BA] -> 0x00BF
[1139] [M]: 0x00000000800011B8 (0x00BF1F13) slli t5, t5, 0xb
x30 <- 0x00000207D6FFD800

mem[X,0x00000000800011BC] -> 0x0F13
mem[X,0x00000000800011BE] -> 0x7FBF
[1140] [M]: 0x00000000800011BC (0x7FBF0F13) addi t5, t5, 0x7fb
x30 <- 0x00000207D6FFDFFB

mem[X,0x00000000800011C0] -> 0x1F13
mem[X,0x00000000800011C2] -> 0x00BF
[1141] [M]: 0x00000000800011C0 (0x00BF1F13) slli t5, t5, 0xb
x30 <- 0x00103EB7FEFFD800

mem[X,0x00000000800011C4] -> 0x0F13
mem[X,0x00000000800011C6] -> 0x7FFF
[1142] [M]: 0x00000000800011C4 (0x7FFF0F13) addi t5, t5, 0x7ff
x30 <- 0x00103EB7FEFFDFFF

mem[X,0x00000000800011C8] -> 0x1F13
mem[X,0x00000000800011CA] -> 0x00AF
[1143] [M]: 0x00000000800011C8 (0x00AF1F13) slli t5, t5, 0xa
x30 <- 0x40FADFFBFF7FFC00

mem[X,0x00000000800011CC] -> 0x0F13
mem[X,0x00000000800011CE] -> 0x180F
[1144] [M]: 0x00000000800011CC (0x180F0F13) addi t5, t5, 0x180
x30 <- 0x40FADFFBFF7FFD80

mem[X,0x00000000800011D0] -> 0xFEB7
mem[X,0x00000000800011D2] -> 0x03AA
[1145] [M]: 0x00000000800011D0 (0x03AAFEB7) lui t4, 0x3aaf
x29 <- 0x0000000003AAF000

mem[X,0x00000000800011D4] -> 0x8E93
mem[X,0x00000000800011D6] -> 0xFF7E
[1146] [M]: 0x00000000800011D4 (0xFF7E8E93) addi t4, t4, -0x9
x29 <- 0x0000000003AAEFF7

mem[X,0x00000000800011D8] -> 0x9E93
mem[X,0x00000000800011DA] -> 0x00BE
[1147] [M]: 0x00000000800011D8 (0x00BE9E93) slli t4, t4, 0xb
x29 <- 0x0000001D577FB800

mem[X,0x00000000800011DC] -> 0x8E93
mem[X,0x00000000800011DE] -> 0x02FE
[1148] [M]: 0x00000000800011DC (0x02FE8E93) addi t4, t4, 0x2f
x29 <- 0x0000001D577FB82F

mem[X,0x00000000800011E0] -> 0x9E93
mem[X,0x00000000800011E2] -> 0x00BE
[1149] [M]: 0x00000000800011E0 (0x00BE9E93) slli t4, t4, 0xb
x29 <- 0x0000EABBFDC17800

mem[X,0x00000000800011E4] -> 0x8E93
mem[X,0x00000000800011E6] -> 0x682E
[1150] [M]: 0x00000000800011E4 (0x682E8E93) addi t4, t4, 0x682
x29 <- 0x0000EABBFDC17E82

mem[X,0x00000000800011E8] -> 0x9E93
mem[X,0x00000000800011EA] -> 0x00AE
[1151] [M]: 0x00000000800011E8 (0x00AE9E93) slli t4, t4, 0xa
x29 <- 0x03AAEFF705FA0800

mem[X,0x00000000800011EC] -> 0x8E93
mem[X,0x00000000800011EE] -> 0x002E
[1152] [M]: 0x00000000800011EC (0x002E8E93) addi t4, t4, 0x2
x29 <- 0x03AAEFF705FA0802

mem[X,0x00000000800011F0] -> 0x0FBB
mem[X,0x00000000800011F2] -> 0xEDDF
[1153] [M]: 0x00000000800011F0 (0xEDDF0FBB) pdifu.b t6, t5, t4
x31 <- 0x3D501004067B0B7E

mem[X,0x00000000800011F4] -> 0xB823
mem[X,0x00000000800011F6] -> 0x0DF0
[1154] [M]: 0x00000000800011F4 (0x0DF0B823) sd t6, 0xd0(ra)
mem[0x00000000800042D8] <- 0x3D501004067B0B7E

mem[X,0x00000000800011F8] -> 0x0F37
mem[X,0x00000000800011FA] -> 0x0311
[1155] [M]: 0x00000000800011F8 (0x03110F37) lui t5, 0x3110
x30 <- 0x0000000003110000

mem[X,0x00000000800011FC] -> 0x0F13
mem[X,0x00000000800011FE] -> 0x9F8F
[1156] [M]: 0x00000000800011FC (0x9F8F0F13) addi t5, t5, -0x608
x30 <- 0x000000000310F9F8

mem[X,0x0000000080001200] -> 0x1F13
mem[X,0x0000000080001202] -> 0x00BF
[1157] [M]: 0x0000000080001200 (0x00BF1F13) slli t5, t5, 0xb
x30 <- 0x0000001887CFC000

mem[X,0x0000000080001204] -> 0x0F13
mem[X,0x0000000080001206] -> 0x7D8F
[1158] [M]: 0x0000000080001204 (0x7D8F0F13) addi t5, t5, 0x7d8
x30 <- 0x0000001887CFC7D8

mem[X,0x0000000080001208] -> 0x1F13
mem[X,0x000000008000120A] -> 0x00BF
[1159] [M]: 0x0000000080001208 (0x00BF1F13) slli t5, t5, 0xb
x30 <- 0x0000C43E7E3EC000

mem[X,0x000000008000120C] -> 0x0F13
mem[X,0x000000008000120E] -> 0x42AF
[1160] [M]: 0x000000008000120C (0x42AF0F13) addi t5, t5, 0x42a
x30 <- 0x0000C43E7E3EC42A

mem[X,0x0000000080001210] -> 0x1F13
mem[X,0x0000000080001212] -> 0x00AF
[1161] [M]: 0x0000000080001210 (0x00AF1F13) slli t5, t5, 0xa
x30 <- 0x0310F9F8FB10A800

mem[X,0x0000000080001214] -> 0x0F13
mem[X,0x0000000080001216] -> 0x2FEF
[1162] [M]: 0x0000000080001214 (0x2FEF0F13) addi t5, t5, 0x2fe
x30 <- 0x0310F9F8FB10AAFE

mem[X,0x0000000080001218] -> 0x0EB7
mem[X,0x000000008000121A] -> 0x3FFB
[1163] [M]: 0x0000000080001218 (0x3FFB0EB7) lui t4, 0x3ffb0
x29 <- 0x000000003FFB0000

mem[X,0x000000008000121C] -> 0x8E93
mem[X,0x000000008000121E] -> 0x810E
[1164] [M]: 0x000000008000121C (0x810E8E93) addi t4, t4, -0x7f0
x29 <- 0x000000003FFAF810

mem[X,0x0000000080001220] -> 0x9E93
mem[X,0x0000000080001222] -> 0x00BE
[1165] [M]: 0x0000000080001220 (0x00BE9E93) slli t4, t4, 0xb
x29 <- 0x000001FFD7C08000

mem[X,0x0000000080001224] -> 0x8E93
mem[X,0x0000000080001226] -> 0x7BFE
[1166] [M]: 0x0000000080001224 (0x7BFE8E93) addi t4, t4, 0x7bf
x29 <- 0x000001FFD7C087BF

mem[X,0x0000000080001228] -> 0x9E93
mem[X,0x000000008000122A] -> 0x00BE
[1167] [M]: 0x0000000080001228 (0x00BE9E93) slli t4, t4, 0xb
x29 <- 0x000FFEBE043DF800

mem[X,0x000000008000122C] -> 0x8E93
mem[X,0x000000008000122E] -> 0x710E
[1168] [M]: 0x000000008000122C (0x710E8E93) addi t4, t4, 0x710
x29 <- 0x000FFEBE043DFF10

mem[X,0x0000000080001230] -> 0x9E93
mem[X,0x0000000080001232] -> 0x00AE
[1169] [M]: 0x0000000080001230 (0x00AE9E93) slli t4, t4, 0xa
x29 <- 0x3FFAF810F7FC4000

mem[X,0x0000000080001234] -> 0x8E93
mem[X,0x0000000080001236] -> 0x03FE
[1170] [M]: 0x0000000080001234 (0x03FE8E93) addi t4, t4, 0x3f
x29 <- 0x3FFAF810F7FC403F

mem[X,0x0000000080001238] -> 0x0FBB
mem[X,0x000000008000123A] -> 0xEDDF
[1171] [M]: 0x0000000080001238 (0xEDDF0FBB) pdifu.b t6, t5, t4
x31 <- 0x3C16011804146A41

mem[X,0x000000008000123C] -> 0xBC23
mem[X,0x000000008000123E] -> 0x0DF0
[1172] [M]: 0x000000008000123C (0x0DF0BC23) sd t6, 0xd8(ra)
mem[0x00000000800042E0] <- 0x3C16011804146A41

mem[X,0x0000000080001240] -> 0x0F37
mem[X,0x0000000080001242] -> 0x0502
[1173] [M]: 0x0000000080001240 (0x05020F37) lui t5, 0x5020
x30 <- 0x0000000005020000

mem[X,0x0000000080001244] -> 0x0F13
mem[X,0x0000000080001246] -> 0x201F
[1174] [M]: 0x0000000080001244 (0x201F0F13) addi t5, t5, 0x201
x30 <- 0x0000000005020201

mem[X,0x0000000080001248] -> 0x1F13
mem[X,0x000000008000124A] -> 0x00BF
[1175] [M]: 0x0000000080001248 (0x00BF1F13) slli t5, t5, 0xb
x30 <- 0x0000002810100800

mem[X,0x000000008000124C] -> 0x0F13
mem[X,0x000000008000124E] -> 0x014F
[1176] [M]: 0x000000008000124C (0x014F0F13) addi t5, t5, 0x14
x30 <- 0x0000002810100814

mem[X,0x0000000080001250] -> 0x1F13
mem[X,0x0000000080001252] -> 0x00BF
[1177] [M]: 0x0000000080001250 (0x00BF1F13) slli t5, t5, 0xb
x30 <- 0x000140808040A000

mem[X,0x0000000080001254] -> 0x0F13
mem[X,0x0000000080001256] -> 0x03DF
[1178] [M]: 0x0000000080001254 (0x03DF0F13) addi t5, t5, 0x3d
x30 <- 0x000140808040A03D

mem[X,0x0000000080001258] -> 0x1F13
mem[X,0x000000008000125A] -> 0x00AF
[1179] [M]: 0x0000000080001258 (0x00AF1F13) slli t5, t5, 0xa
x30 <- 0x050202010280F400

mem[X,0x000000008000125C] -> 0x0F13
mem[X,0x000000008000125E] -> 0x3FAF
[1180] [M]: 0x000000008000125C (0x3FAF0F13) addi t5, t5, 0x3fa
x30 <- 0x050202010280F7FA

mem[X,0x0000000080001260] -> 0x0EB7
mem[X,0x0000000080001262] -> 0x05C0
[1181] [M]: 0x0000000080001260 (0x05C00EB7) lui t4, 0x5c00
x29 <- 0x0000000005C00000

mem[X,0x0000000080001264] -> 0x8E93
mem[X,0x0000000080001266] -> 0xBF6E
[1182] [M]: 0x0000000080001264 (0xBF6E8E93) addi t4, t4, -0x40a
x29 <- 0x0000000005BFFBF6

mem[X,0x0000000080001268] -> 0x9E93
mem[X,0x000000008000126A] -> 0x00BE
[1183] [M]: 0x0000000080001268 (0x00BE9E93) slli t4, t4, 0xb
x29 <- 0x0000002DFFDFB000

mem[X,0x000000008000126C] -> 0x8E93
mem[X,0x000000008000126E] -> 0x1F8E
[1184] [M]: 0x000000008000126C (0x1F8E8E93) addi t4, t4, 0x1f8
x29 <- 0x0000002DFFDFB1F8

mem[X,0x0000000080001270] -> 0x9E93
mem[X,0x0000000080001272] -> 0x00BE
[1185] [M]: 0x0000000080001270 (0x00BE9E93) slli t4, t4, 0xb
x29 <- 0x00016FFEFD8FC000

mem[X,0x0000000080001274] -> 0x8E93
mem[X,0x0000000080001276] -> 0x041E
[1186] [M]: 0x0000000080001274 (0x041E8E93) addi t4, t4, 0x41
x29 <- 0x00016FFEFD8FC041

mem[X,0x0000000080001278] -> 0x9E93
mem[X,0x000000008000127A] -> 0x00AE
[1187] [M]: 0x0000000080001278 (0x00AE9E93) slli t4, t4, 0xa
x29 <- 0x05BFFBF63F010400

mem[X,0x000000008000127C] -> 0x8E93
mem[X,0x000000008000127E] -> 0x3DFE
[1188] [M]: 0x000000008000127C (0x3DFE8E93) addi t4, t4, 0x3df
x29 <- 0x05BFFBF63F0107DF

mem[X,0x0000000080001280] -> 0x0FBB
mem[X,0x0000000080001282] -> 0xEDDF
[1189] [M]: 0x0000000080001280 (0xEDDF0FBB) pdifu.b t6, t5, t4
x31 <- 0x0043070B3D7F101B

mem[X,0x0000000080001284] -> 0xB023
mem[X,0x0000000080001286] -> 0x0FF0
[1190] [M]: 0x0000000080001284 (0x0FF0B023) sd t6, 0xe0(ra)
mem[0x00000000800042E8] <- 0x0043070B3D7F101B

mem[X,0x0000000080001288] -> 0xCF37
mem[X,0x000000008000128A] -> 0x4003
[1191] [M]: 0x0000000080001288 (0x4003CF37) lui t5, 0x4003c
x30 <- 0x000000004003C000

mem[X,0x000000008000128C] -> 0x0F13
mem[X,0x000000008000128E] -> 0xF08F
[1192] [M]: 0x000000008000128C (0xF08F0F13) addi t5, t5, -0xf8
x30 <- 0x000000004003BF08

mem[X,0x0000000080001290] -> 0x1F13
mem[X,0x0000000080001292] -> 0x00BF
[1193] [M]: 0x0000000080001290 (0x00BF1F13) slli t5, t5, 0xb
x30 <- 0x000002001DF84000

mem[X,0x0000000080001294] -> 0x0F13
mem[X,0x0000000080001296] -> 0x7D8F
[1194] [M]: 0x0000000080001294 (0x7D8F0F13) addi t5, t5, 0x7d8
x30 <- 0x000002001DF847D8

mem[X,0x0000000080001298] -> 0x1F13
mem[X,0x000000008000129A] -> 0x00BF
[1195] [M]: 0x0000000080001298 (0x00BF1F13) slli t5, t5, 0xb
x30 <- 0x001000EFC23EC000

mem[X,0x000000008000129C] -> 0x0F13
mem[X,0x000000008000129E] -> 0x1FEF
[1196] [M]: 0x000000008000129C (0x1FEF0F13) addi t5, t5, 0x1fe
x30 <- 0x001000EFC23EC1FE

mem[X,0x00000000800012A0] -> 0x1F13
mem[X,0x00000000800012A2] -> 0x00AF
[1197] [M]: 0x00000000800012A0 (0x00AF1F13) slli t5, t5, 0xa
x30 <- 0x4003BF08FB07F800

mem[X,0x00000000800012A4] -> 0x0F13
mem[X,0x00000000800012A6] -> 0x103F
[1198] [M]: 0x00000000800012A4 (0x103F0F13) addi t5, t5, 0x103
x30 <- 0x4003BF08FB07F903

mem[X,0x00000000800012A8] -> 0xFEB7
mem[X,0x00000000800012AA] -> 0xFC40
[1199] [M]: 0x00000000800012A8 (0xFC40FEB7) lui t4, -0x3bf1
x29 <- 0xFFFFFFFFFC40F000

clint::tick mtime <- 0x000000000000000C
 clint timer pending at mtime 0x000000000000000C
htif::tick 0x0000000000000000
mem[X,0x00000000800012AC] -> 0x8E93
mem[X,0x00000000800012AE] -> 0x710E
[1200] [M]: 0x00000000800012AC (0x710E8E93) addi t4, t4, 0x710
x29 <- 0xFFFFFFFFFC40F710

mem[X,0x00000000800012B0] -> 0x9E93
mem[X,0x00000000800012B2] -> 0x00BE
[1201] [M]: 0x00000000800012B0 (0x00BE9E93) slli t4, t4, 0xb
x29 <- 0xFFFFFFE207B88000

mem[X,0x00000000800012B4] -> 0x8E93
mem[X,0x00000000800012B6] -> 0x7BAE
[1202] [M]: 0x00000000800012B4 (0x7BAE8E93) addi t4, t4, 0x7ba
x29 <- 0xFFFFFFE207B887BA

mem[X,0x00000000800012B8] -> 0x9E93
mem[X,0x00000000800012BA] -> 0x00BE
[1203] [M]: 0x00000000800012B8 (0x00BE9E93) slli t4, t4, 0xb
x29 <- 0xFFFF103DC43DD000

mem[X,0x00000000800012BC] -> 0x8E93
mem[X,0x00000000800012BE] -> 0x03DE
[1204] [M]: 0x00000000800012BC (0x03DE8E93) addi t4, t4, 0x3d
x29 <- 0xFFFF103DC43DD03D

mem[X,0x00000000800012C0] -> 0x9E93
mem[X,0x00000000800012C2] -> 0x00AE
[1205] [M]: 0x00000000800012C0 (0x00AE9E93) slli t4, t4, 0xa
x29 <- 0xFC40F710F740F400

mem[X,0x00000000800012C4] -> 0x8E93
mem[X,0x00000000800012C6] -> 0x380E
[1206] [M]: 0x00000000800012C4 (0x380E8E93) addi t4, t4, 0x380
x29 <- 0xFC40F710F740F780

mem[X,0x00000000800012C8] -> 0x0FBB
mem[X,0x00000000800012CA] -> 0xEDDF
[1207] [M]: 0x00000000800012C8 (0xEDDF0FBB) pdifu.b t6, t5, t4
x31 <- 0x443D38080439027D

mem[X,0x00000000800012CC] -> 0xB423
mem[X,0x00000000800012CE] -> 0x0FF0
[1208] [M]: 0x00000000800012CC (0x0FF0B423) sd t6, 0xe8(ra)
mem[0x00000000800042F0] <- 0x443D38080439027D

mem[X,0x00000000800012D0] -> 0x0F37
mem[X,0x00000000800012D2] -> 0x0620
[1209] [M]: 0x00000000800012D0 (0x06200F37) lui t5, 0x6200
x30 <- 0x0000000006200000

mem[X,0x00000000800012D4] -> 0x0F13
mem[X,0x00000000800012D6] -> 0x180F
[1210] [M]: 0x00000000800012D4 (0x180F0F13) addi t5, t5, 0x180
x30 <- 0x0000000006200180

mem[X,0x00000000800012D8] -> 0x1F13
mem[X,0x00000000800012DA] -> 0x00BF
[1211] [M]: 0x00000000800012D8 (0x00BF1F13) slli t5, t5, 0xb
x30 <- 0x00000031000C0000

mem[X,0x00000000800012DC] -> 0x0F13
mem[X,0x00000000800012DE] -> 0x7B2F
[1212] [M]: 0x00000000800012DC (0x7B2F0F13) addi t5, t5, 0x7b2
x30 <- 0x00000031000C07B2

mem[X,0x00000000800012E0] -> 0x1F13
mem[X,0x00000000800012E2] -> 0x00BF
[1213] [M]: 0x00000000800012E0 (0x00BF1F13) slli t5, t5, 0xb
x30 <- 0x00018800603D9000

mem[X,0x00000000800012E4] -> 0x0F13
mem[X,0x00000000800012E6] -> 0x02FF
[1214] [M]: 0x00000000800012E4 (0x02FF0F13) addi t5, t5, 0x2f
x30 <- 0x00018800603D902F

mem[X,0x00000000800012E8] -> 0x1F13
mem[X,0x00000000800012EA] -> 0x00AF
[1215] [M]: 0x00000000800012E8 (0x00AF1F13) slli t5, t5, 0xa
x30 <- 0x06200180F640BC00

mem[X,0x00000000800012EC] -> 0x0F13
mem[X,0x00000000800012EE] -> 0x308F
[1216] [M]: 0x00000000800012EC (0x308F0F13) addi t5, t5, 0x308
x30 <- 0x06200180F640BF08

mem[X,0x00000000800012F0] -> 0x0EB7
mem[X,0x00000000800012F2] -> 0xFF40
[1217] [M]: 0x00000000800012F0 (0xFF400EB7) lui t4, -0xc00
x29 <- 0xFFFFFFFFFF400000

mem[X,0x00000000800012F4] -> 0x8E93
mem[X,0x00000000800012F6] -> 0xEC0E
[1218] [M]: 0x00000000800012F4 (0xEC0E8E93) addi t4, t4, -0x140
x29 <- 0xFFFFFFFFFF3FFEC0

mem[X,0x00000000800012F8] -> 0x9E93
mem[X,0x00000000800012FA] -> 0x00BE
[1219] [M]: 0x00000000800012F8 (0x00BE9E93) slli t4, t4, 0xb
x29 <- 0xFFFFFFF9FFF60000

mem[X,0x00000000800012FC] -> 0x8E93
mem[X,0x00000000800012FE] -> 0x7DEE
[1220] [M]: 0x00000000800012FC (0x7DEE8E93) addi t4, t4, 0x7de
x29 <- 0xFFFFFFF9FFF607DE

mem[X,0x0000000080001300] -> 0x9E93
mem[X,0x0000000080001302] -> 0x00BE
[1221] [M]: 0x0000000080001300 (0x00BE9E93) slli t4, t4, 0xb
x29 <- 0xFFFFCFFFB03EF000

mem[X,0x0000000080001304] -> 0x8E93
mem[X,0x0000000080001306] -> 0x002E
[1222] [M]: 0x0000000080001304 (0x002E8E93) addi t4, t4, 0x2
x29 <- 0xFFFFCFFFB03EF002

mem[X,0x0000000080001308] -> 0x9E93
mem[X,0x000000008000130A] -> 0x00AE
[1223] [M]: 0x0000000080001308 (0x00AE9E93) slli t4, t4, 0xa
x29 <- 0xFF3FFEC0FBC00800

mem[X,0x000000008000130C] -> 0x8E93
mem[X,0x000000008000130E] -> 0x108E
[1224] [M]: 0x000000008000130C (0x108E8E93) addi t4, t4, 0x108
x29 <- 0xFF3FFEC0FBC00908

mem[X,0x0000000080001310] -> 0x0FBB
mem[X,0x0000000080001312] -> 0xEDDF
[1225] [M]: 0x0000000080001310 (0xEDDF0FBB) pdifu.b t6, t5, t4
x31 <- 0x071F034005804A00

mem[X,0x0000000080001314] -> 0xB823
mem[X,0x0000000080001316] -> 0x0FF0
[1226] [M]: 0x0000000080001314 (0x0FF0B823) sd t6, 0xf0(ra)
mem[0x00000000800042F8] <- 0x071F034005804A00

mem[X,0x0000000080001318] -> 0x0F37
mem[X,0x000000008000131A] -> 0xF9FB
[1227] [M]: 0x0000000080001318 (0xF9FB0F37) lui t5, -0x6050
x30 <- 0xFFFFFFFFF9FB0000

mem[X,0x000000008000131C] -> 0x0F13
mem[X,0x000000008000131E] -> 0xC7FF
[1228] [M]: 0x000000008000131C (0xC7FF0F13) addi t5, t5, -0x381
x30 <- 0xFFFFFFFFF9FAFC7F

mem[X,0x0000000080001320] -> 0x1F13
mem[X,0x0000000080001322] -> 0x00BF
[1229] [M]: 0x0000000080001320 (0x00BF1F13) slli t5, t5, 0xb
x30 <- 0xFFFFFFCFD7E3F800

mem[X,0x0000000080001324] -> 0x0F13
mem[X,0x0000000080001326] -> 0x557F
[1230] [M]: 0x0000000080001324 (0x557F0F13) addi t5, t5, 0x557
x30 <- 0xFFFFFFCFD7E3FD57

mem[X,0x0000000080001328] -> 0x1F13
mem[X,0x000000008000132A] -> 0x00BF
[1231] [M]: 0x0000000080001328 (0x00BF1F13) slli t5, t5, 0xb
x30 <- 0xFFFE7EBF1FEAB800

mem[X,0x000000008000132C] -> 0x0F13
mem[X,0x000000008000132E] -> 0x695F
[1232] [M]: 0x000000008000132C (0x695F0F13) addi t5, t5, 0x695
x30 <- 0xFFFE7EBF1FEABE95

mem[X,0x0000000080001330] -> 0x1F13
mem[X,0x0000000080001332] -> 0x00AF
[1233] [M]: 0x0000000080001330 (0x00AF1F13) slli t5, t5, 0xa
x30 <- 0xF9FAFC7FAAFA5400

mem[X,0x0000000080001334] -> 0x0F13
mem[X,0x0000000080001336] -> 0x1F9F
[1234] [M]: 0x0000000080001334 (0x1F9F0F13) addi t5, t5, 0x1f9
x30 <- 0xF9FAFC7FAAFA55F9

mem[X,0x0000000080001338] -> 0x2EB7
mem[X,0x000000008000133A] -> 0x7FF8
[1235] [M]: 0x0000000080001338 (0x7FF82EB7) lui t4, 0x7ff82
x29 <- 0x000000007FF82000

mem[X,0x000000008000133C] -> 0x8E93
mem[X,0x000000008000133E] -> 0x080E
[1236] [M]: 0x000000008000133C (0x080E8E93) addi t4, t4, 0x80
x29 <- 0x000000007FF82080

mem[X,0x0000000080001340] -> 0x9E93
mem[X,0x0000000080001342] -> 0x00BE
[1237] [M]: 0x0000000080001340 (0x00BE9E93) slli t4, t4, 0xb
x29 <- 0x000003FFC1040000

mem[X,0x0000000080001344] -> 0x8E93
mem[X,0x0000000080001346] -> 0x557E
[1238] [M]: 0x0000000080001344 (0x557E8E93) addi t4, t4, 0x557
x29 <- 0x000003FFC1040557

mem[X,0x0000000080001348] -> 0x9E93
mem[X,0x000000008000134A] -> 0x00BE
[1239] [M]: 0x0000000080001348 (0x00BE9E93) slli t4, t4, 0xb
x29 <- 0x001FFE08202AB800

mem[X,0x000000008000134C] -> 0x8E93
mem[X,0x000000008000134E] -> 0x5BEE
[1240] [M]: 0x000000008000134C (0x5BEE8E93) addi t4, t4, 0x5be
x29 <- 0x001FFE08202ABDBE

mem[X,0x0000000080001350] -> 0x9E93
mem[X,0x0000000080001352] -> 0x00AE
[1241] [M]: 0x0000000080001350 (0x00AE9E93) slli t4, t4, 0xa
x29 <- 0x7FF82080AAF6F800

mem[X,0x0000000080001354] -> 0x8E93
mem[X,0x0000000080001356] -> 0x3BFE
[1242] [M]: 0x0000000080001354 (0x3BFE8E93) addi t4, t4, 0x3bf
x29 <- 0x7FF82080AAF6FBBF

mem[X,0x0000000080001358] -> 0x0FBB
mem[X,0x000000008000135A] -> 0xEDDF
[1243] [M]: 0x0000000080001358 (0xEDDF0FBB) pdifu.b t6, t5, t4
x31 <- 0x7A02240100045A3A

mem[X,0x000000008000135C] -> 0xBC23
mem[X,0x000000008000135E] -> 0x0FF0
[1244] [M]: 0x000000008000135C (0x0FF0BC23) sd t6, 0xf8(ra)
mem[0x0000000080004300] <- 0x7A02240100045A3A

mem[X,0x0000000080001360] -> 0x0F37
mem[X,0x0000000080001362] -> 0xF905
[1245] [M]: 0x0000000080001360 (0xF9050F37) lui t5, -0x6fb0
x30 <- 0xFFFFFFFFF9050000

mem[X,0x0000000080001364] -> 0x0F13
mem[X,0x0000000080001366] -> 0x300F
[1246] [M]: 0x0000000080001364 (0x300F0F13) addi t5, t5, 0x300
x30 <- 0xFFFFFFFFF9050300

mem[X,0x0000000080001368] -> 0x1F13
mem[X,0x000000008000136A] -> 0x00BF
[1247] [M]: 0x0000000080001368 (0x00BF1F13) slli t5, t5, 0xb
x30 <- 0xFFFFFFC828180000

mem[X,0x000000008000136C] -> 0x0F13
mem[X,0x000000008000136E] -> 0x7F7F
[1248] [M]: 0x000000008000136C (0x7F7F0F13) addi t5, t5, 0x7f7
x30 <- 0xFFFFFFC8281807F7

mem[X,0x0000000080001370] -> 0x1F13
mem[X,0x0000000080001372] -> 0x00BF
[1249] [M]: 0x0000000080001370 (0x00BF1F13) slli t5, t5, 0xb
x30 <- 0xFFFE4140C03FB800

mem[X,0x0000000080001374] -> 0x0F13
mem[X,0x0000000080001376] -> 0x3F0F
[1250] [M]: 0x0000000080001374 (0x3F0F0F13) addi t5, t5, 0x3f0
x30 <- 0xFFFE4140C03FBBF0

mem[X,0x0000000080001378] -> 0x1F13
mem[X,0x000000008000137A] -> 0x00AF
[1251] [M]: 0x0000000080001378 (0x00AF1F13) slli t5, t5, 0xa
x30 <- 0xF9050300FEEFC000

mem[X,0x000000008000137C] -> 0x0F13
mem[X,0x000000008000137E] -> 0x009F
[1252] [M]: 0x000000008000137C (0x009F0F13) addi t5, t5, 0x9
x30 <- 0xF9050300FEEFC009

mem[X,0x0000000080001380] -> 0x0EB7
mem[X,0x0000000080001382] -> 0xC008
[1253] [M]: 0x0000000080001380 (0xC0080EB7) lui t4, -0x3ff80
x29 <- 0xFFFFFFFFC0080000

mem[X,0x0000000080001384] -> 0x8E93
mem[X,0x0000000080001386] -> 0x6FDE
[1254] [M]: 0x0000000080001384 (0x6FDE8E93) addi t4, t4, 0x6fd
x29 <- 0xFFFFFFFFC00806FD

mem[X,0x0000000080001388] -> 0x9E93
mem[X,0x000000008000138A] -> 0x00BE
[1255] [M]: 0x0000000080001388 (0x00BE9E93) slli t4, t4, 0xb
x29 <- 0xFFFFFE004037E800

mem[X,0x000000008000138C] -> 0x8E93
mem[X,0x000000008000138E] -> 0x7BEE
[1256] [M]: 0x000000008000138C (0x7BEE8E93) addi t4, t4, 0x7be
x29 <- 0xFFFFFE004037EFBE

mem[X,0x0000000080001390] -> 0x9E93
mem[X,0x0000000080001392] -> 0x00BE
[1257] [M]: 0x0000000080001390 (0x00BE9E93) slli t4, t4, 0xb
x29 <- 0xFFF00201BF7DF000

mem[X,0x0000000080001394] -> 0x8E93
mem[X,0x0000000080001396] -> 0x03FE
[1258] [M]: 0x0000000080001394 (0x03FE8E93) addi t4, t4, 0x3f
x29 <- 0xFFF00201BF7DF03F

mem[X,0x0000000080001398] -> 0x9E93
mem[X,0x000000008000139A] -> 0x00AE
[1259] [M]: 0x0000000080001398 (0x00AE9E93) slli t4, t4, 0xa
x29 <- 0xC00806FDF7C0FC00

mem[X,0x000000008000139C] -> 0x8E93
mem[X,0x000000008000139E] -> 0x2AAE
[1260] [M]: 0x000000008000139C (0x2AAE8E93) addi t4, t4, 0x2aa
x29 <- 0xC00806FDF7C0FEAA

mem[X,0x00000000800013A0] -> 0x0FBB
mem[X,0x00000000800013A2] -> 0xEDDF
[1261] [M]: 0x00000000800013A0 (0xEDDF0FBB) pdifu.b t6, t5, t4
x31 <- 0x39030303072F3E5F

mem[X,0x00000000800013A4] -> 0xB023
mem[X,0x00000000800013A6] -> 0x11F0
[1262] [M]: 0x00000000800013A4 (0x11F0B023) sd t6, 0x100(ra)
mem[0x0000000080004308] <- 0x39030303072F3E5F

mem[X,0x00000000800013A8] -> 0xEF37
mem[X,0x00000000800013AA] -> 0x1020
[1263] [M]: 0x00000000800013A8 (0x1020EF37) lui t5, 0x1020e
x30 <- 0x000000001020E000

mem[X,0x00000000800013AC] -> 0x0F13
mem[X,0x00000000800013AE] -> 0xF02F
[1264] [M]: 0x00000000800013AC (0xF02F0F13) addi t5, t5, -0xfe
x30 <- 0x000000001020DF02

mem[X,0x00000000800013B0] -> 0x1F13
mem[X,0x00000000800013B2] -> 0x00BF
[1265] [M]: 0x00000000800013B0 (0x00BF1F13) slli t5, t5, 0xb
x30 <- 0x0000008106F81000

mem[X,0x00000000800013B4] -> 0x0F13
mem[X,0x00000000800013B6] -> 0x77FF
[1266] [M]: 0x00000000800013B4 (0x77FF0F13) addi t5, t5, 0x77f
x30 <- 0x0000008106F8177F

mem[X,0x00000000800013B8] -> 0x1F13
mem[X,0x00000000800013BA] -> 0x00BF
[1267] [M]: 0x00000000800013B8 (0x00BF1F13) slli t5, t5, 0xb
x30 <- 0x00040837C0BBF800

mem[X,0x00000000800013BC] -> 0x0F13
mem[X,0x00000000800013BE] -> 0x5BBF
[1268] [M]: 0x00000000800013BC (0x5BBF0F13) addi t5, t5, 0x5bb
x30 <- 0x00040837C0BBFDBB

mem[X,0x00000000800013C0] -> 0x1F13
mem[X,0x00000000800013C2] -> 0x00AF
[1269] [M]: 0x00000000800013C0 (0x00AF1F13) slli t5, t5, 0xa
x30 <- 0x1020DF02EFF6EC00

mem[X,0x00000000800013C4] -> 0x0F13
mem[X,0x00000000800013C6] -> 0x3F9F
[1270] [M]: 0x00000000800013C4 (0x3F9F0F13) addi t5, t5, 0x3f9
x30 <- 0x1020DF02EFF6EFF9

mem[X,0x00000000800013C8] -> 0x0EB7
mem[X,0x00000000800013CA] -> 0x03FC
[1271] [M]: 0x00000000800013C8 (0x03FC0EB7) lui t4, 0x3fc0
x29 <- 0x0000000003FC0000

mem[X,0x00000000800013CC] -> 0x8E93
mem[X,0x00000000800013CE] -> 0xCF8E
[1272] [M]: 0x00000000800013CC (0xCF8E8E93) addi t4, t4, -0x308
x29 <- 0x0000000003FBFCF8

mem[X,0x00000000800013D0] -> 0x9E93
mem[X,0x00000000800013D2] -> 0x00BE
[1273] [M]: 0x00000000800013D0 (0x00BE9E93) slli t4, t4, 0xb
x29 <- 0x0000001FDFE7C000

mem[X,0x00000000800013D4] -> 0x8E93
mem[X,0x00000000800013D6] -> 0x557E
[1274] [M]: 0x00000000800013D4 (0x557E8E93) addi t4, t4, 0x557
x29 <- 0x0000001FDFE7C557

mem[X,0x00000000800013D8] -> 0x9E93
mem[X,0x00000000800013DA] -> 0x00BE
[1275] [M]: 0x00000000800013D8 (0x00BE9E93) slli t4, t4, 0xb
x29 <- 0x0000FEFF3E2AB800

mem[X,0x00000000800013DC] -> 0x8E93
mem[X,0x00000000800013DE] -> 0x740E
[1276] [M]: 0x00000000800013DC (0x740E8E93) addi t4, t4, 0x740
x29 <- 0x0000FEFF3E2ABF40

mem[X,0x00000000800013E0] -> 0x9E93
mem[X,0x00000000800013E2] -> 0x00AE
[1277] [M]: 0x00000000800013E0 (0x00AE9E93) slli t4, t4, 0xa
x29 <- 0x03FBFCF8AAFD0000

mem[X,0x00000000800013E4] -> 0x8E93
mem[X,0x00000000800013E6] -> 0x2DFE
[1278] [M]: 0x00000000800013E4 (0x2DFE8E93) addi t4, t4, 0x2df
x29 <- 0x03FBFCF8AAFD02DF

mem[X,0x00000000800013E8] -> 0x0FBB
mem[X,0x00000000800013EA] -> 0xEDDF
[1279] [M]: 0x00000000800013E8 (0xEDDF0FBB) pdifu.b t6, t5, t4
x31 <- 0x0D251D0A4507131A

mem[X,0x00000000800013EC] -> 0xB423
mem[X,0x00000000800013EE] -> 0x11F0
[1280] [M]: 0x00000000800013EC (0x11F0B423) sd t6, 0x108(ra)
mem[0x0000000080004310] <- 0x0D251D0A4507131A

mem[X,0x00000000800013F0] -> 0x0F37
mem[X,0x00000000800013F2] -> 0x01FB
[1281] [M]: 0x00000000800013F0 (0x01FB0F37) lui t5, 0x1fb0
x30 <- 0x0000000001FB0000

mem[X,0x00000000800013F4] -> 0x0F13
mem[X,0x00000000800013F6] -> 0x504F
[1282] [M]: 0x00000000800013F4 (0x504F0F13) addi t5, t5, 0x504
x30 <- 0x0000000001FB0504

mem[X,0x00000000800013F8] -> 0x1F13
mem[X,0x00000000800013FA] -> 0x00BF
[1283] [M]: 0x00000000800013F8 (0x00BF1F13) slli t5, t5, 0xb
x30 <- 0x0000000FD8282000

mem[X,0x00000000800013FC] -> 0x0F13
mem[X,0x00000000800013FE] -> 0x7D8F
[1284] [M]: 0x00000000800013FC (0x7D8F0F13) addi t5, t5, 0x7d8
x30 <- 0x0000000FD82827D8

mem[X,0x0000000080001400] -> 0x1F13
mem[X,0x0000000080001402] -> 0x00BF
[1285] [M]: 0x0000000080001400 (0x00BF1F13) slli t5, t5, 0xb
x30 <- 0x00007EC1413EC000

mem[X,0x0000000080001404] -> 0x0F13
mem[X,0x0000000080001406] -> 0x17BF
[1286] [M]: 0x0000000080001404 (0x17BF0F13) addi t5, t5, 0x17b
x30 <- 0x00007EC1413EC17B

mem[X,0x0000000080001408] -> 0x1F13
mem[X,0x000000008000140A] -> 0x00AF
[1287] [M]: 0x0000000080001408 (0x00AF1F13) slli t5, t5, 0xa
x30 <- 0x01FB0504FB05EC00

mem[X,0x000000008000140C] -> 0x0F13
mem[X,0x000000008000140E] -> 0x304F
[1288] [M]: 0x000000008000140C (0x304F0F13) addi t5, t5, 0x304
x30 <- 0x01FB0504FB05EF04

mem[X,0x0000000080001410] -> 0x0EB7
mem[X,0x0000000080001412] -> 0xEF55
[1289] [M]: 0x0000000080001410 (0xEF550EB7) lui t4, -0x10ab0
x29 <- 0xFFFFFFFFEF550000

mem[X,0x0000000080001414] -> 0x8E93
mem[X,0x0000000080001416] -> 0x340E
[1290] [M]: 0x0000000080001414 (0x340E8E93) addi t4, t4, 0x340
x29 <- 0xFFFFFFFFEF550340

mem[X,0x0000000080001418] -> 0x9E93
mem[X,0x000000008000141A] -> 0x00BE
[1291] [M]: 0x0000000080001418 (0x00BE9E93) slli t4, t4, 0xb
x29 <- 0xFFFFFF7AA81A0000

mem[X,0x000000008000141C] -> 0x8E93
mem[X,0x000000008000141E] -> 0x107E
[1292] [M]: 0x000000008000141C (0x107E8E93) addi t4, t4, 0x107
x29 <- 0xFFFFFF7AA81A0107

mem[X,0x0000000080001420] -> 0x9E93
mem[X,0x0000000080001422] -> 0x00BE
[1293] [M]: 0x0000000080001420 (0x00BE9E93) slli t4, t4, 0xb
x29 <- 0xFFFBD540D0083800

mem[X,0x0000000080001424] -> 0x8E93
mem[X,0x0000000080001426] -> 0x3FEE
[1294] [M]: 0x0000000080001424 (0x3FEE8E93) addi t4, t4, 0x3fe
x29 <- 0xFFFBD540D0083BFE

mem[X,0x0000000080001428] -> 0x9E93
mem[X,0x000000008000142A] -> 0x00AE
[1295] [M]: 0x0000000080001428 (0x00AE9E93) slli t4, t4, 0xa
x29 <- 0xEF55034020EFF800

mem[X,0x000000008000142C] -> 0x8E93
mem[X,0x000000008000142E] -> 0x2F9E
[1296] [M]: 0x000000008000142C (0x2F9E8E93) addi t4, t4, 0x2f9
x29 <- 0xEF55034020EFFAF9

mem[X,0x0000000080001430] -> 0x0FBB
mem[X,0x0000000080001432] -> 0xEDDF
[1297] [M]: 0x0000000080001430 (0xEDDF0FBB) pdifu.b t6, t5, t4
x31 <- 0x125A023C25160B0B

mem[X,0x0000000080001434] -> 0xB823
mem[X,0x0000000080001436] -> 0x11F0
[1298] [M]: 0x0000000080001434 (0x11F0B823) sd t6, 0x110(ra)
mem[0x0000000080004318] <- 0x125A023C25160B0B

mem[X,0x0000000080001438] -> 0x0F37
mem[X,0x000000008000143A] -> 0xFEF9
[1299] [M]: 0x0000000080001438 (0xFEF90F37) lui t5, -0x1070
x30 <- 0xFFFFFFFFFEF90000

clint::tick mtime <- 0x000000000000000D
 clint timer pending at mtime 0x000000000000000D
htif::tick 0x0000000000000000
mem[X,0x000000008000143C] -> 0x0F13
mem[X,0x000000008000143E] -> 0x4F6F
[1300] [M]: 0x000000008000143C (0x4F6F0F13) addi t5, t5, 0x4f6
x30 <- 0xFFFFFFFFFEF904F6

mem[X,0x0000000080001440] -> 0x1F13
mem[X,0x0000000080001442] -> 0x00BF
[1301] [M]: 0x0000000080001440 (0x00BF1F13) slli t5, t5, 0xb
x30 <- 0xFFFFFFF7C827B000

mem[X,0x0000000080001444] -> 0x0F13
mem[X,0x0000000080001446] -> 0x7F8F
[1302] [M]: 0x0000000080001444 (0x7F8F0F13) addi t5, t5, 0x7f8
x30 <- 0xFFFFFFF7C827B7F8

mem[X,0x0000000080001448] -> 0x1F13
mem[X,0x000000008000144A] -> 0x00BF
[1303] [M]: 0x0000000080001448 (0x00BF1F13) slli t5, t5, 0xb
x30 <- 0xFFFFBE413DBFC000

mem[X,0x000000008000144C] -> 0x0F13
mem[X,0x000000008000144E] -> 0x00FF
[1304] [M]: 0x000000008000144C (0x00FF0F13) addi t5, t5, 0xf
x30 <- 0xFFFFBE413DBFC00F

mem[X,0x0000000080001450] -> 0x1F13
mem[X,0x0000000080001452] -> 0x00AF
[1305] [M]: 0x0000000080001450 (0x00AF1F13) slli t5, t5, 0xa
x30 <- 0xFEF904F6FF003C00

mem[X,0x0000000080001454] -> 0x0F13
mem[X,0x0000000080001456] -> 0x3F7F
[1306] [M]: 0x0000000080001454 (0x3F7F0F13) addi t5, t5, 0x3f7
x30 <- 0xFEF904F6FF003FF7

mem[X,0x0000000080001458] -> 0x0EB7
mem[X,0x000000008000145A] -> 0x0501
[1307] [M]: 0x0000000080001458 (0x05010EB7) lui t4, 0x5010
x29 <- 0x0000000005010000

mem[X,0x000000008000145C] -> 0x8E93
mem[X,0x000000008000145E] -> 0xFF6E
[1308] [M]: 0x000000008000145C (0xFF6E8E93) addi t4, t4, -0xa
x29 <- 0x000000000500FFF6

mem[X,0x0000000080001460] -> 0x9E93
mem[X,0x0000000080001462] -> 0x00BE
[1309] [M]: 0x0000000080001460 (0x00BE9E93) slli t4, t4, 0xb
x29 <- 0x0000002807FFB000

mem[X,0x0000000080001464] -> 0x8E93
mem[X,0x0000000080001466] -> 0x2AFE
[1310] [M]: 0x0000000080001464 (0x2AFE8E93) addi t4, t4, 0x2af
x29 <- 0x0000002807FFB2AF

mem[X,0x0000000080001468] -> 0x9E93
mem[X,0x000000008000146A] -> 0x00BE
[1311] [M]: 0x0000000080001468 (0x00BE9E93) slli t4, t4, 0xb
x29 <- 0x0001403FFD957800

mem[X,0x000000008000146C] -> 0x8E93
mem[X,0x000000008000146E] -> 0x7C0E
[1312] [M]: 0x000000008000146C (0x7C0E8E93) addi t4, t4, 0x7c0
x29 <- 0x0001403FFD957FC0

mem[X,0x0000000080001470] -> 0x9E93
mem[X,0x0000000080001472] -> 0x00AE
[1313] [M]: 0x0000000080001470 (0x00AE9E93) slli t4, t4, 0xa
x29 <- 0x0500FFF655FF0000

mem[X,0x0000000080001474] -> 0x8E93
mem[X,0x0000000080001476] -> 0x3FEE
[1314] [M]: 0x0000000080001474 (0x3FEE8E93) addi t4, t4, 0x3fe
x29 <- 0x0500FFF655FF03FE

mem[X,0x0000000080001478] -> 0x0FBB
mem[X,0x000000008000147A] -> 0xEDDF
[1315] [M]: 0x0000000080001478 (0xEDDF0FBB) pdifu.b t6, t5, t4
x31 <- 0x0707050056013C07

mem[X,0x000000008000147C] -> 0xBC23
mem[X,0x000000008000147E] -> 0x11F0
[1316] [M]: 0x000000008000147C (0x11F0BC23) sd t6, 0x118(ra)
mem[0x0000000080004320] <- 0x0707050056013C07

mem[X,0x0000000080001480] -> 0x4F37
mem[X,0x0000000080001482] -> 0x0002
[1317] [M]: 0x0000000080001480 (0x00024F37) lui t5, 0x24
x30 <- 0x0000000000024000

mem[X,0x0000000080001484] -> 0x0F13
mem[X,0x0000000080001486] -> 0xF20F
[1318] [M]: 0x0000000080001484 (0xF20F0F13) addi t5, t5, -0xe0
x30 <- 0x0000000000023F20

mem[X,0x0000000080001488] -> 0x1F13
mem[X,0x000000008000148A] -> 0x00BF
[1319] [M]: 0x0000000080001488 (0x00BF1F13) slli t5, t5, 0xb
x30 <- 0x0000000011F90000

mem[X,0x000000008000148C] -> 0x0F13
mem[X,0x000000008000148E] -> 0x087F
[1320] [M]: 0x000000008000148C (0x087F0F13) addi t5, t5, 0x87
x30 <- 0x0000000011F90087

mem[X,0x0000000080001490] -> 0x1F13
mem[X,0x0000000080001492] -> 0x00BF
[1321] [M]: 0x0000000080001490 (0x00BF1F13) slli t5, t5, 0xb
x30 <- 0x0000008FC8043800

mem[X,0x0000000080001494] -> 0x0F13
mem[X,0x0000000080001496] -> 0x7D5F
[1322] [M]: 0x0000000080001494 (0x7D5F0F13) addi t5, t5, 0x7d5
x30 <- 0x0000008FC8043FD5

mem[X,0x0000000080001498] -> 0x1F13
mem[X,0x000000008000149A] -> 0x00AF
[1323] [M]: 0x0000000080001498 (0x00AF1F13) slli t5, t5, 0xa
x30 <- 0x00023F2010FF5400

mem[X,0x000000008000149C] -> 0x0F13
mem[X,0x000000008000149E] -> 0x1FBF
[1324] [M]: 0x000000008000149C (0x1FBF0F13) addi t5, t5, 0x1fb
x30 <- 0x00023F2010FF55FB

mem[X,0x00000000800014A0] -> 0x0EB7
mem[X,0x00000000800014A2] -> 0xFAF0
[1325] [M]: 0x00000000800014A0 (0xFAF00EB7) lui t4, -0x5100
x29 <- 0xFFFFFFFFFAF00000

mem[X,0x00000000800014A4] -> 0x8E93
mem[X,0x00000000800014A6] -> 0xE7FE
[1326] [M]: 0x00000000800014A4 (0xE7FE8E93) addi t4, t4, -0x181
x29 <- 0xFFFFFFFFFAEFFE7F

mem[X,0x00000000800014A8] -> 0x9E93
mem[X,0x00000000800014AA] -> 0x00BE
[1327] [M]: 0x00000000800014A8 (0x00BE9E93) slli t4, t4, 0xb
x29 <- 0xFFFFFFD77FF3F800

mem[X,0x00000000800014AC] -> 0x8E93
mem[X,0x00000000800014AE] -> 0x7D0E
[1328] [M]: 0x00000000800014AC (0x7D0E8E93) addi t4, t4, 0x7d0
x29 <- 0xFFFFFFD77FF3FFD0

mem[X,0x00000000800014B0] -> 0x9E93
mem[X,0x00000000800014B2] -> 0x00BE
[1329] [M]: 0x00000000800014B0 (0x00BE9E93) slli t4, t4, 0xb
x29 <- 0xFFFEBBFF9FFE8000

mem[X,0x00000000800014B4] -> 0x8E93
mem[X,0x00000000800014B6] -> 0x241E
[1330] [M]: 0x00000000800014B4 (0x241E8E93) addi t4, t4, 0x241
x29 <- 0xFFFEBBFF9FFE8241

mem[X,0x00000000800014B8] -> 0x9E93
mem[X,0x00000000800014BA] -> 0x00AE
[1331] [M]: 0x00000000800014B8 (0x00AE9E93) slli t4, t4, 0xa
x29 <- 0xFAEFFE7FFA090400

mem[X,0x00000000800014BC] -> 0x8E93
mem[X,0x00000000800014BE] -> 0x003E
[1332] [M]: 0x00000000800014BC (0x003E8E93) addi t4, t4, 0x3
x29 <- 0xFAEFFE7FFA090403

mem[X,0x00000000800014C0] -> 0x0FBB
mem[X,0x00000000800014C2] -> 0xEDDF
[1333] [M]: 0x00000000800014C0 (0xEDDF0FBB) pdifu.b t6, t5, t4
x31 <- 0x0613415F160A5108

mem[X,0x00000000800014C4] -> 0xB023
mem[X,0x00000000800014C6] -> 0x13F0
[1334] [M]: 0x00000000800014C4 (0x13F0B023) sd t6, 0x120(ra)
mem[0x0000000080004328] <- 0x0613415F160A5108

mem[X,0x00000000800014C8] -> 0x1F37
mem[X,0x00000000800014CA] -> 0x0405
[1335] [M]: 0x00000000800014C8 (0x04051F37) lui t5, 0x4051
x30 <- 0x0000000004051000

mem[X,0x00000000800014CC] -> 0x0F13
mem[X,0x00000000800014CE] -> 0x0F8F
[1336] [M]: 0x00000000800014CC (0x0F8F0F13) addi t5, t5, 0xf8
x30 <- 0x00000000040510F8

mem[X,0x00000000800014D0] -> 0x1F13
mem[X,0x00000000800014D2] -> 0x00BF
[1337] [M]: 0x00000000800014D0 (0x00BF1F13) slli t5, t5, 0xb
x30 <- 0x000000202887C000

mem[X,0x00000000800014D4] -> 0x0F13
mem[X,0x00000000800014D6] -> 0x7B8F
[1338] [M]: 0x00000000800014D4 (0x7B8F0F13) addi t5, t5, 0x7b8
x30 <- 0x000000202887C7B8

mem[X,0x00000000800014D8] -> 0x1F13
mem[X,0x00000000800014DA] -> 0x00BF
[1339] [M]: 0x00000000800014D8 (0x00BF1F13) slli t5, t5, 0xb
x30 <- 0x000101443E3DC000

mem[X,0x00000000800014DC] -> 0x0F13
mem[X,0x00000000800014DE] -> 0x100F
[1340] [M]: 0x00000000800014DC (0x100F0F13) addi t5, t5, 0x100
x30 <- 0x000101443E3DC100

mem[X,0x00000000800014E0] -> 0x1F13
mem[X,0x00000000800014E2] -> 0x00AF
[1341] [M]: 0x00000000800014E0 (0x00AF1F13) slli t5, t5, 0xa
x30 <- 0x040510F8F7040000

mem[X,0x00000000800014E4] -> 0x0F13
mem[X,0x00000000800014E6] -> 0x0DFF
[1342] [M]: 0x00000000800014E4 (0x0DFF0F13) addi t5, t5, 0xdf
x30 <- 0x040510F8F70400DF

mem[X,0x00000000800014E8] -> 0xFEB7
mem[X,0x00000000800014EA] -> 0x0607
[1343] [M]: 0x00000000800014E8 (0x0607FEB7) lui t4, 0x607f
x29 <- 0x000000000607F000

mem[X,0x00000000800014EC] -> 0x8E93
mem[X,0x00000000800014EE] -> 0x73FE
[1344] [M]: 0x00000000800014EC (0x73FE8E93) addi t4, t4, 0x73f
x29 <- 0x000000000607F73F

mem[X,0x00000000800014F0] -> 0x9E93
mem[X,0x00000000800014F2] -> 0x00BE
[1345] [M]: 0x00000000800014F0 (0x00BE9E93) slli t4, t4, 0xb
x29 <- 0x000000303FB9F800

mem[X,0x00000000800014F4] -> 0x8E93
mem[X,0x00000000800014F6] -> 0x087E
[1346] [M]: 0x00000000800014F4 (0x087E8E93) addi t4, t4, 0x87
x29 <- 0x000000303FB9F887

mem[X,0x00000000800014F8] -> 0x9E93
mem[X,0x00000000800014FA] -> 0x00BE
[1347] [M]: 0x00000000800014F8 (0x00BE9E93) slli t4, t4, 0xb
x29 <- 0x000181FDCFC43800

mem[X,0x00000000800014FC] -> 0x8E93
mem[X,0x00000000800014FE] -> 0x6FEE
[1348] [M]: 0x00000000800014FC (0x6FEE8E93) addi t4, t4, 0x6fe
x29 <- 0x000181FDCFC43EFE

mem[X,0x0000000080001500] -> 0x9E93
mem[X,0x0000000080001502] -> 0x00AE
[1349] [M]: 0x0000000080001500 (0x00AE9E93) slli t4, t4, 0xa
x29 <- 0x0607F73F10FBF800

mem[X,0x0000000080001504] -> 0x8E93
mem[X,0x0000000080001506] -> 0x202E
[1350] [M]: 0x0000000080001504 (0x202E8E93) addi t4, t4, 0x202
x29 <- 0x0607F73F10FBFA02

mem[X,0x0000000080001508] -> 0x0FBB
mem[X,0x000000008000150A] -> 0xEDDF
[1351] [M]: 0x0000000080001508 (0xEDDF0FBB) pdifu.b t6, t5, t4
x31 <- 0x0202194719090623

mem[X,0x000000008000150C] -> 0xB423
mem[X,0x000000008000150E] -> 0x13F0
[1352] [M]: 0x000000008000150C (0x13F0B423) sd t6, 0x128(ra)
mem[0x0000000080004330] <- 0x0202194719090623

mem[X,0x0000000080001510] -> 0x0F37
mem[X,0x0000000080001512] -> 0x7FFE
[1353] [M]: 0x0000000080001510 (0x7FFE0F37) lui t5, 0x7ffe0
x30 <- 0x000000007FFE0000

mem[X,0x0000000080001514] -> 0x0F13
mem[X,0x0000000080001516] -> 0x5DFF
[1354] [M]: 0x0000000080001514 (0x5DFF0F13) addi t5, t5, 0x5df
x30 <- 0x000000007FFE05DF

mem[X,0x0000000080001518] -> 0x1F13
mem[X,0x000000008000151A] -> 0x00BF
[1355] [M]: 0x0000000080001518 (0x00BF1F13) slli t5, t5, 0xb
x30 <- 0x000003FFF02EF800

mem[X,0x000000008000151C] -> 0x0F13
mem[X,0x000000008000151E] -> 0x7CBF
[1356] [M]: 0x000000008000151C (0x7CBF0F13) addi t5, t5, 0x7cb
x30 <- 0x000003FFF02EFFCB

mem[X,0x0000000080001520] -> 0x1F13
mem[X,0x0000000080001522] -> 0x00BF
[1357] [M]: 0x0000000080001520 (0x00BF1F13) slli t5, t5, 0xb
x30 <- 0x001FFF8177FE5800

mem[X,0x0000000080001524] -> 0x0F13
mem[X,0x0000000080001526] -> 0x7FDF
[1358] [M]: 0x0000000080001524 (0x7FDF0F13) addi t5, t5, 0x7fd
x30 <- 0x001FFF8177FE5FFD

mem[X,0x0000000080001528] -> 0x1F13
mem[X,0x000000008000152A] -> 0x00AF
[1359] [M]: 0x0000000080001528 (0x00AF1F13) slli t5, t5, 0xa
x30 <- 0x7FFE05DFF97FF400

mem[X,0x000000008000152C] -> 0x0F13
mem[X,0x000000008000152E] -> 0x209F
[1360] [M]: 0x000000008000152C (0x209F0F13) addi t5, t5, 0x209
x30 <- 0x7FFE05DFF97FF609

mem[X,0x0000000080001530] -> 0x4EB7
mem[X,0x0000000080001532] -> 0x00FA
[1361] [M]: 0x0000000080001530 (0x00FA4EB7) lui t4, 0xfa4
x29 <- 0x0000000000FA4000

mem[X,0x0000000080001534] -> 0x8E93
mem[X,0x0000000080001536] -> 0x0FEE
[1362] [M]: 0x0000000080001534 (0x0FEE8E93) addi t4, t4, 0xfe
x29 <- 0x0000000000FA40FE

mem[X,0x0000000080001538] -> 0x9E93
mem[X,0x000000008000153A] -> 0x00BE
[1363] [M]: 0x0000000080001538 (0x00BE9E93) slli t4, t4, 0xb
x29 <- 0x00000007D207F000

mem[X,0x000000008000153C] -> 0x8E93
mem[X,0x000000008000153E] -> 0x028E
[1364] [M]: 0x000000008000153C (0x028E8E93) addi t4, t4, 0x28
x29 <- 0x00000007D207F028

mem[X,0x0000000080001540] -> 0x9E93
mem[X,0x0000000080001542] -> 0x00BE
[1365] [M]: 0x0000000080001540 (0x00BE9E93) slli t4, t4, 0xb
x29 <- 0x00003E903F814000

mem[X,0x0000000080001544] -> 0x8E93
mem[X,0x0000000080001546] -> 0x20FE
[1366] [M]: 0x0000000080001544 (0x20FE8E93) addi t4, t4, 0x20f
x29 <- 0x00003E903F81420F

mem[X,0x0000000080001548] -> 0x9E93
mem[X,0x000000008000154A] -> 0x00AE
[1367] [M]: 0x0000000080001548 (0x00AE9E93) slli t4, t4, 0xa
x29 <- 0x00FA40FE05083C00

mem[X,0x000000008000154C] -> 0x8E93
mem[X,0x000000008000154E] -> 0x307E
[1368] [M]: 0x000000008000154C (0x307E8E93) addi t4, t4, 0x307
x29 <- 0x00FA40FE05083F07

mem[X,0x0000000080001550] -> 0x0FBB
mem[X,0x0000000080001552] -> 0xEDDF
[1369] [M]: 0x0000000080001550 (0xEDDF0FBB) pdifu.b t6, t5, t4
x31 <- 0x7F043B1F0C774902

mem[X,0x0000000080001554] -> 0xB823
mem[X,0x0000000080001556] -> 0x13F0
[1370] [M]: 0x0000000080001554 (0x13F0B823) sd t6, 0x130(ra)
mem[0x0000000080004338] <- 0x7F043B1F0C774902

mem[X,0x0000000080001558] -> 0xFF37
mem[X,0x000000008000155A] -> 0xAA3F
[1371] [M]: 0x0000000080001558 (0xAA3FFF37) lui t5, -0x55c01
x30 <- 0xFFFFFFFFAA3FF000

mem[X,0x000000008000155C] -> 0x0F13
mem[X,0x000000008000155E] -> 0x610F
[1372] [M]: 0x000000008000155C (0x610F0F13) addi t5, t5, 0x610
x30 <- 0xFFFFFFFFAA3FF610

mem[X,0x0000000080001560] -> 0x1F13
mem[X,0x0000000080001562] -> 0x00BF
[1373] [M]: 0x0000000080001560 (0x00BF1F13) slli t5, t5, 0xb
x30 <- 0xFFFFFD51FFB08000

mem[X,0x0000000080001564] -> 0x0F13
mem[X,0x0000000080001566] -> 0x036F
[1374] [M]: 0x0000000080001564 (0x036F0F13) addi t5, t5, 0x36
x30 <- 0xFFFFFD51FFB08036

mem[X,0x0000000080001568] -> 0x1F13
mem[X,0x000000008000156A] -> 0x00BF
[1375] [M]: 0x0000000080001568 (0x00BF1F13) slli t5, t5, 0xb
x30 <- 0xFFEA8FFD8401B000

mem[X,0x000000008000156C] -> 0x0F13
mem[X,0x000000008000156E] -> 0x03EF
[1376] [M]: 0x000000008000156C (0x03EF0F13) addi t5, t5, 0x3e
x30 <- 0xFFEA8FFD8401B03E

mem[X,0x0000000080001570] -> 0x1F13
mem[X,0x0000000080001572] -> 0x00AF
[1377] [M]: 0x0000000080001570 (0x00AF1F13) slli t5, t5, 0xa
x30 <- 0xAA3FF61006C0F800

mem[X,0x0000000080001574] -> 0x0F13
mem[X,0x0000000080001576] -> 0x2DFF
[1378] [M]: 0x0000000080001574 (0x2DFF0F13) addi t5, t5, 0x2df
x30 <- 0xAA3FF61006C0FADF

mem[X,0x0000000080001578] -> 0xCEB7
mem[X,0x000000008000157A] -> 0xFB07
[1379] [M]: 0x0000000080001578 (0xFB07CEB7) lui t4, -0x4f84
x29 <- 0xFFFFFFFFFB07C000

mem[X,0x000000008000157C] -> 0x8E93
mem[X,0x000000008000157E] -> 0x000E
[1380] [M]: 0x000000008000157C (0x000E8E93) addi t4, t4, 0x0
x29 <- 0xFFFFFFFFFB07C000

mem[X,0x0000000080001580] -> 0x9E93
mem[X,0x0000000080001582] -> 0x00BE
[1381] [M]: 0x0000000080001580 (0x00BE9E93) slli t4, t4, 0xb
x29 <- 0xFFFFFFD83E000000

mem[X,0x0000000080001584] -> 0x8E93
mem[X,0x0000000080001586] -> 0x007E
[1382] [M]: 0x0000000080001584 (0x007E8E93) addi t4, t4, 0x7
x29 <- 0xFFFFFFD83E000007

mem[X,0x0000000080001588] -> 0x9E93
mem[X,0x000000008000158A] -> 0x00BE
[1383] [M]: 0x0000000080001588 (0x00BE9E93) slli t4, t4, 0xb
x29 <- 0xFFFEC1F000003800

mem[X,0x000000008000158C] -> 0x8E93
mem[X,0x000000008000158E] -> 0x3C1E
[1384] [M]: 0x000000008000158C (0x3C1E8E93) addi t4, t4, 0x3c1
x29 <- 0xFFFEC1F000003BC1

mem[X,0x0000000080001590] -> 0x9E93
mem[X,0x0000000080001592] -> 0x00AE
[1385] [M]: 0x0000000080001590 (0x00AE9E93) slli t4, t4, 0xa
x29 <- 0xFB07C00000EF0400

mem[X,0x0000000080001594] -> 0x8E93
mem[X,0x0000000080001596] -> 0x2DFE
[1386] [M]: 0x0000000080001594 (0x2DFE8E93) addi t4, t4, 0x2df
x29 <- 0xFB07C00000EF06DF

mem[X,0x0000000080001598] -> 0x0FBB
mem[X,0x000000008000159A] -> 0xEDDF
[1387] [M]: 0x0000000080001598 (0xEDDF0FBB) pdifu.b t6, t5, t4
x31 <- 0x51383610062F0C00

mem[X,0x000000008000159C] -> 0xBC23
mem[X,0x000000008000159E] -> 0x13F0
[1388] [M]: 0x000000008000159C (0x13F0BC23) sd t6, 0x138(ra)
mem[0x0000000080004340] <- 0x51383610062F0C00

mem[X,0x00000000800015A0] -> 0xFF37
mem[X,0x00000000800015A2] -> 0x0009
[1389] [M]: 0x00000000800015A0 (0x0009FF37) lui t5, 0x9f
x30 <- 0x000000000009F000

mem[X,0x00000000800015A4] -> 0x0F13
mem[X,0x00000000800015A6] -> 0xF04F
[1390] [M]: 0x00000000800015A4 (0xF04F0F13) addi t5, t5, -0xfc
x30 <- 0x000000000009EF04

mem[X,0x00000000800015A8] -> 0x1F13
mem[X,0x00000000800015AA] -> 0x00BF
[1391] [M]: 0x00000000800015A8 (0x00BF1F13) slli t5, t5, 0xb
x30 <- 0x000000004F782000

mem[X,0x00000000800015AC] -> 0x0F13
mem[X,0x00000000800015AE] -> 0x7BAF
[1392] [M]: 0x00000000800015AC (0x7BAF0F13) addi t5, t5, 0x7ba
x30 <- 0x000000004F7827BA

mem[X,0x00000000800015B0] -> 0x1F13
mem[X,0x00000000800015B2] -> 0x00BF
[1393] [M]: 0x00000000800015B0 (0x00BF1F13) slli t5, t5, 0xb
x30 <- 0x0000027BC13DD000

mem[X,0x00000000800015B4] -> 0x0F13
mem[X,0x00000000800015B6] -> 0x544F
[1394] [M]: 0x00000000800015B4 (0x544F0F13) addi t5, t5, 0x544
x30 <- 0x0000027BC13DD544

mem[X,0x00000000800015B8] -> 0x1F13
mem[X,0x00000000800015BA] -> 0x00AF
[1395] [M]: 0x00000000800015B8 (0x00AF1F13) slli t5, t5, 0xa
x30 <- 0x0009EF04F7551000

mem[X,0x00000000800015BC] -> 0x0EB7
mem[X,0x00000000800015BE] -> 0x0300
[1396] [M]: 0x00000000800015BC (0x03000EB7) lui t4, 0x3000
x29 <- 0x0000000003000000

mem[X,0x00000000800015C0] -> 0x8E93
mem[X,0x00000000800015C2] -> 0x9DFE
[1397] [M]: 0x00000000800015C0 (0x9DFE8E93) addi t4, t4, -0x621
x29 <- 0x0000000002FFF9DF

mem[X,0x00000000800015C4] -> 0x9E93
mem[X,0x00000000800015C6] -> 0x00BE
[1398] [M]: 0x00000000800015C4 (0x00BE9E93) slli t4, t4, 0xb
x29 <- 0x00000017FFCEF800

mem[X,0x00000000800015C8] -> 0x8E93
mem[X,0x00000000800015CA] -> 0x7C8E
[1399] [M]: 0x00000000800015C8 (0x7C8E8E93) addi t4, t4, 0x7c8
x29 <- 0x00000017FFCEFFC8

clint::tick mtime <- 0x000000000000000E
 clint timer pending at mtime 0x000000000000000E
htif::tick 0x0000000000000000
mem[X,0x00000000800015CC] -> 0x9E93
mem[X,0x00000000800015CE] -> 0x00BE
[1400] [M]: 0x00000000800015CC (0x00BE9E93) slli t4, t4, 0xb
x29 <- 0x0000BFFE77FE4000

mem[X,0x00000000800015D0] -> 0x8E93
mem[X,0x00000000800015D2] -> 0x077E
[1401] [M]: 0x00000000800015D0 (0x077E8E93) addi t4, t4, 0x77
x29 <- 0x0000BFFE77FE4077

mem[X,0x00000000800015D4] -> 0x9E93
mem[X,0x00000000800015D6] -> 0x00AE
[1402] [M]: 0x00000000800015D4 (0x00AE9E93) slli t4, t4, 0xa
x29 <- 0x02FFF9DFF901DC00

mem[X,0x00000000800015D8] -> 0x8E93
mem[X,0x00000000800015DA] -> 0x355E
[1403] [M]: 0x00000000800015D8 (0x355E8E93) addi t4, t4, 0x355
x29 <- 0x02FFF9DFF901DF55

mem[X,0x00000000800015DC] -> 0x0FBB
mem[X,0x00000000800015DE] -> 0xEDDF
[1404] [M]: 0x00000000800015DC (0xEDDF0FBB) pdifu.b t6, t5, t4
x31 <- 0x020A0A2502543155

mem[X,0x00000000800015E0] -> 0xB023
mem[X,0x00000000800015E2] -> 0x15F0
[1405] [M]: 0x00000000800015E0 (0x15F0B023) sd t6, 0x140(ra)
mem[0x0000000080004348] <- 0x020A0A2502543155

mem[X,0x00000000800015E4] -> 0x1F37
mem[X,0x00000000800015E6] -> 0x103F
[1406] [M]: 0x00000000800015E4 (0x103F1F37) lui t5, 0x103f1
x30 <- 0x00000000103F1000

mem[X,0x00000000800015E8] -> 0x0F13
mem[X,0x00000000800015EA] -> 0x8FBF
[1407] [M]: 0x00000000800015E8 (0x8FBF0F13) addi t5, t5, -0x705
x30 <- 0x00000000103F08FB

mem[X,0x00000000800015EC] -> 0x1F13
mem[X,0x00000000800015EE] -> 0x00BF
[1408] [M]: 0x00000000800015EC (0x00BF1F13) slli t5, t5, 0xb
x30 <- 0x00000081F847D800

mem[X,0x00000000800015F0] -> 0x0F13
mem[X,0x00000000800015F2] -> 0x7F8F
[1409] [M]: 0x00000000800015F0 (0x7F8F0F13) addi t5, t5, 0x7f8
x30 <- 0x00000081F847DFF8

mem[X,0x00000000800015F4] -> 0x1F13
mem[X,0x00000000800015F6] -> 0x00BF
[1410] [M]: 0x00000000800015F4 (0x00BF1F13) slli t5, t5, 0xb
x30 <- 0x00040FC23EFFC000

mem[X,0x00000000800015F8] -> 0x0F13
mem[X,0x00000000800015FA] -> 0x1D0F
[1411] [M]: 0x00000000800015F8 (0x1D0F0F13) addi t5, t5, 0x1d0
x30 <- 0x00040FC23EFFC1D0

mem[X,0x00000000800015FC] -> 0x1F13
mem[X,0x00000000800015FE] -> 0x00AF
[1412] [M]: 0x00000000800015FC (0x00AF1F13) slli t5, t5, 0xa
x30 <- 0x103F08FBFF074000

mem[X,0x0000000080001600] -> 0x0EB7
mem[X,0x0000000080001602] -> 0x1002
[1413] [M]: 0x0000000080001600 (0x10020EB7) lui t4, 0x10020
x29 <- 0x0000000010020000

mem[X,0x0000000080001604] -> 0x8E93
mem[X,0x0000000080001606] -> 0x9F9E
[1414] [M]: 0x0000000080001604 (0x9F9E8E93) addi t4, t4, -0x607
x29 <- 0x000000001001F9F9

mem[X,0x0000000080001608] -> 0x9E93
mem[X,0x000000008000160A] -> 0x00BE
[1415] [M]: 0x0000000080001608 (0x00BE9E93) slli t4, t4, 0xb
x29 <- 0x000000800FCFC800

mem[X,0x000000008000160C] -> 0x8E93
mem[X,0x000000008000160E] -> 0x607E
[1416] [M]: 0x000000008000160C (0x607E8E93) addi t4, t4, 0x607
x29 <- 0x000000800FCFCE07

mem[X,0x0000000080001610] -> 0x9E93
mem[X,0x0000000080001612] -> 0x00BE
[1417] [M]: 0x0000000080001610 (0x00BE9E93) slli t4, t4, 0xb
x29 <- 0x0004007E7E703800

mem[X,0x0000000080001614] -> 0x8E93
mem[X,0x0000000080001616] -> 0x741E
[1418] [M]: 0x0000000080001614 (0x741E8E93) addi t4, t4, 0x741
x29 <- 0x0004007E7E703F41

mem[X,0x0000000080001618] -> 0x9E93
mem[X,0x000000008000161A] -> 0x00AE
[1419] [M]: 0x0000000080001618 (0x00AE9E93) slli t4, t4, 0xa
x29 <- 0x1001F9F9C0FD0400

mem[X,0x000000008000161C] -> 0x8E93
mem[X,0x000000008000161E] -> 0x200E
[1420] [M]: 0x000000008000161C (0x200E8E93) addi t4, t4, 0x200
x29 <- 0x1001F9F9C0FD0600

mem[X,0x0000000080001620] -> 0x0FBB
mem[X,0x0000000080001622] -> 0xEDDF
[1421] [M]: 0x0000000080001620 (0xEDDF0FBB) pdifu.b t6, t5, t4
x31 <- 0x003E0F023F0A3A00

mem[X,0x0000000080001624] -> 0xB423
mem[X,0x0000000080001626] -> 0x15F0
[1422] [M]: 0x0000000080001624 (0x15F0B423) sd t6, 0x148(ra)
mem[0x0000000080004350] <- 0x003E0F023F0A3A00

mem[X,0x0000000080001628] -> 0xCF37
mem[X,0x000000008000162A] -> 0xFD06
[1423] [M]: 0x0000000080001628 (0xFD06CF37) lui t5, -0x2f94
x30 <- 0xFFFFFFFFFD06C000

mem[X,0x000000008000162C] -> 0x0F13
mem[X,0x000000008000162E] -> 0x0FFF
[1424] [M]: 0x000000008000162C (0x0FFF0F13) addi t5, t5, 0xff
x30 <- 0xFFFFFFFFFD06C0FF

mem[X,0x0000000080001630] -> 0x1F13
mem[X,0x0000000080001632] -> 0x00BF
[1425] [M]: 0x0000000080001630 (0x00BF1F13) slli t5, t5, 0xb
x30 <- 0xFFFFFFE83607F800

mem[X,0x0000000080001634] -> 0x0F13
mem[X,0x0000000080001636] -> 0x000F
[1426] [M]: 0x0000000080001634 (0x000F0F13) addi t5, t5, 0x0
x30 <- 0xFFFFFFE83607F800

mem[X,0x0000000080001638] -> 0x1F13
mem[X,0x000000008000163A] -> 0x00BF
[1427] [M]: 0x0000000080001638 (0x00BF1F13) slli t5, t5, 0xb
x30 <- 0xFFFF41B03FC00000

mem[X,0x000000008000163C] -> 0x0F13
mem[X,0x000000008000163E] -> 0x1FFF
[1428] [M]: 0x000000008000163C (0x1FFF0F13) addi t5, t5, 0x1ff
x30 <- 0xFFFF41B03FC001FF

mem[X,0x0000000080001640] -> 0x1F13
mem[X,0x0000000080001642] -> 0x00AF
[1429] [M]: 0x0000000080001640 (0x00AF1F13) slli t5, t5, 0xa
x30 <- 0xFD06C0FF0007FC00

mem[X,0x0000000080001644] -> 0x0F13
mem[X,0x0000000080001646] -> 0x108F
[1430] [M]: 0x0000000080001644 (0x108F0F13) addi t5, t5, 0x108
x30 <- 0xFD06C0FF0007FD08

mem[X,0x0000000080001648] -> 0x8EB7
mem[X,0x000000008000164A] -> 0x01FA
[1431] [M]: 0x0000000080001648 (0x01FA8EB7) lui t4, 0x1fa8
x29 <- 0x0000000001FA8000

mem[X,0x000000008000164C] -> 0x8E93
mem[X,0x000000008000164E] -> 0x004E
[1432] [M]: 0x000000008000164C (0x004E8E93) addi t4, t4, 0x4
x29 <- 0x0000000001FA8004

mem[X,0x0000000080001650] -> 0x9E93
mem[X,0x0000000080001652] -> 0x00BE
[1433] [M]: 0x0000000080001650 (0x00BE9E93) slli t4, t4, 0xb
x29 <- 0x0000000FD4002000

mem[X,0x0000000080001654] -> 0x8E93
mem[X,0x0000000080001656] -> 0x7E0E
[1434] [M]: 0x0000000080001654 (0x7E0E8E93) addi t4, t4, 0x7e0
x29 <- 0x0000000FD40027E0

mem[X,0x0000000080001658] -> 0x9E93
mem[X,0x000000008000165A] -> 0x00BE
[1435] [M]: 0x0000000080001658 (0x00BE9E93) slli t4, t4, 0xb
x29 <- 0x00007EA0013F0000

mem[X,0x000000008000165C] -> 0x8E93
mem[X,0x000000008000165E] -> 0x43FE
[1436] [M]: 0x000000008000165C (0x43FE8E93) addi t4, t4, 0x43f
x29 <- 0x00007EA0013F043F

mem[X,0x0000000080001660] -> 0x9E93
mem[X,0x0000000080001662] -> 0x00AE
[1437] [M]: 0x0000000080001660 (0x00AE9E93) slli t4, t4, 0xa
x29 <- 0x01FA8004FC10FC00

mem[X,0x0000000080001664] -> 0x8E93
mem[X,0x0000000080001666] -> 0x305E
[1438] [M]: 0x0000000080001664 (0x305E8E93) addi t4, t4, 0x305
x29 <- 0x01FA8004FC10FF05

mem[X,0x0000000080001668] -> 0x0FBB
mem[X,0x000000008000166A] -> 0xEDDF
[1439] [M]: 0x0000000080001668 (0xEDDF0FBB) pdifu.b t6, t5, t4
x31 <- 0x040C400504090203

mem[X,0x000000008000166C] -> 0xB823
mem[X,0x000000008000166E] -> 0x15F0
[1440] [M]: 0x000000008000166C (0x15F0B823) sd t6, 0x150(ra)
mem[0x0000000080004358] <- 0x040C400504090203

mem[X,0x0000000080001670] -> 0x2F37
mem[X,0x0000000080001672] -> 0x55FD
[1441] [M]: 0x0000000080001670 (0x55FD2F37) lui t5, 0x55fd2
x30 <- 0x0000000055FD2000

mem[X,0x0000000080001674] -> 0x0F13
mem[X,0x0000000080001676] -> 0x0EFF
[1442] [M]: 0x0000000080001674 (0x0EFF0F13) addi t5, t5, 0xef
x30 <- 0x0000000055FD20EF

mem[X,0x0000000080001678] -> 0x1F13
mem[X,0x000000008000167A] -> 0x00BF
[1443] [M]: 0x0000000080001678 (0x00BF1F13) slli t5, t5, 0xb
x30 <- 0x000002AFE9077800

mem[X,0x000000008000167C] -> 0x0F13
mem[X,0x000000008000167E] -> 0x601F
[1444] [M]: 0x000000008000167C (0x601F0F13) addi t5, t5, 0x601
x30 <- 0x000002AFE9077E01

mem[X,0x0000000080001680] -> 0x1F13
mem[X,0x0000000080001682] -> 0x00BF
[1445] [M]: 0x0000000080001680 (0x00BF1F13) slli t5, t5, 0xb
x30 <- 0x00157F483BF00800

mem[X,0x0000000080001684] -> 0x0F13
mem[X,0x0000000080001686] -> 0x7EFF
[1446] [M]: 0x0000000080001684 (0x7EFF0F13) addi t5, t5, 0x7ef
x30 <- 0x00157F483BF00FEF

mem[X,0x0000000080001688] -> 0x1F13
mem[X,0x000000008000168A] -> 0x00AF
[1447] [M]: 0x0000000080001688 (0x00AF1F13) slli t5, t5, 0xa
x30 <- 0x55FD20EFC03FBC00

mem[X,0x000000008000168C] -> 0x0F13
mem[X,0x000000008000168E] -> 0x3BFF
[1448] [M]: 0x000000008000168C (0x3BFF0F13) addi t5, t5, 0x3bf
x30 <- 0x55FD20EFC03FBFBF

mem[X,0x0000000080001690] -> 0xCEB7
mem[X,0x0000000080001692] -> 0x4007
[1449] [M]: 0x0000000080001690 (0x4007CEB7) lui t4, 0x4007c
x29 <- 0x000000004007C000

mem[X,0x0000000080001694] -> 0x8E93
mem[X,0x0000000080001696] -> 0x0F7E
[1450] [M]: 0x0000000080001694 (0x0F7E8E93) addi t4, t4, 0xf7
x29 <- 0x000000004007C0F7

mem[X,0x0000000080001698] -> 0x9E93
mem[X,0x000000008000169A] -> 0x00BE
[1451] [M]: 0x0000000080001698 (0x00BE9E93) slli t4, t4, 0xb
x29 <- 0x000002003E07B800

mem[X,0x000000008000169C] -> 0x8E93
mem[X,0x000000008000169E] -> 0x2AEE
[1452] [M]: 0x000000008000169C (0x2AEE8E93) addi t4, t4, 0x2ae
x29 <- 0x000002003E07BAAE

mem[X,0x00000000800016A0] -> 0x9E93
mem[X,0x00000000800016A2] -> 0x00BE
[1453] [M]: 0x00000000800016A0 (0x00BE9E93) slli t4, t4, 0xb
x29 <- 0x001001F03DD57000

mem[X,0x00000000800016A4] -> 0x8E93
mem[X,0x00000000800016A6] -> 0x7C0E
[1454] [M]: 0x00000000800016A4 (0x7C0E8E93) addi t4, t4, 0x7c0
x29 <- 0x001001F03DD577C0

mem[X,0x00000000800016A8] -> 0x9E93
mem[X,0x00000000800016AA] -> 0x00AE
[1455] [M]: 0x00000000800016A8 (0x00AE9E93) slli t4, t4, 0xa
x29 <- 0x4007C0F755DF0000

mem[X,0x00000000800016AC] -> 0x8E93
mem[X,0x00000000800016AE] -> 0x2F6E
[1456] [M]: 0x00000000800016AC (0x2F6E8E93) addi t4, t4, 0x2f6
x29 <- 0x4007C0F755DF02F6

mem[X,0x00000000800016B0] -> 0x0FBB
mem[X,0x00000000800016B2] -> 0xEDDF
[1457] [M]: 0x00000000800016B0 (0xEDDF0FBB) pdifu.b t6, t5, t4
x31 <- 0x150A60086B604337

mem[X,0x00000000800016B4] -> 0xBC23
mem[X,0x00000000800016B6] -> 0x15F0
[1458] [M]: 0x00000000800016B4 (0x15F0BC23) sd t6, 0x158(ra)
mem[0x0000000080004360] <- 0x150A60086B604337

mem[X,0x00000000800016B8] -> 0x0F37
mem[X,0x00000000800016BA] -> 0x02FB
[1459] [M]: 0x00000000800016B8 (0x02FB0F37) lui t5, 0x2fb0
x30 <- 0x0000000002FB0000

mem[X,0x00000000800016BC] -> 0x0F13
mem[X,0x00000000800016BE] -> 0x602F
[1460] [M]: 0x00000000800016BC (0x602F0F13) addi t5, t5, 0x602
x30 <- 0x0000000002FB0602

mem[X,0x00000000800016C0] -> 0x1F13
mem[X,0x00000000800016C2] -> 0x00BF
[1461] [M]: 0x00000000800016C0 (0x00BF1F13) slli t5, t5, 0xb
x30 <- 0x00000017D8301000

mem[X,0x00000000800016C4] -> 0x0F13
mem[X,0x00000000800016C6] -> 0x7B5F
[1462] [M]: 0x00000000800016C4 (0x7B5F0F13) addi t5, t5, 0x7b5
x30 <- 0x00000017D83017B5

mem[X,0x00000000800016C8] -> 0x1F13
mem[X,0x00000000800016CA] -> 0x00BF
[1463] [M]: 0x00000000800016C8 (0x00BF1F13) slli t5, t5, 0xb
x30 <- 0x0000BEC180BDA800

mem[X,0x00000000800016CC] -> 0x0F13
mem[X,0x00000000800016CE] -> 0x2B7F
[1464] [M]: 0x00000000800016CC (0x2B7F0F13) addi t5, t5, 0x2b7
x30 <- 0x0000BEC180BDAAB7

mem[X,0x00000000800016D0] -> 0x1F13
mem[X,0x00000000800016D2] -> 0x00AF
[1465] [M]: 0x00000000800016D0 (0x00AF1F13) slli t5, t5, 0xa
x30 <- 0x02FB0602F6AADC00

mem[X,0x00000000800016D4] -> 0x0F13
mem[X,0x00000000800016D6] -> 0x3FDF
[1466] [M]: 0x00000000800016D4 (0x3FDF0F13) addi t5, t5, 0x3fd
x30 <- 0x02FB0602F6AADFFD

mem[X,0x00000000800016D8] -> 0xFEB7
mem[X,0x00000000800016DA] -> 0xBFAA
[1467] [M]: 0x00000000800016D8 (0xBFAAFEB7) lui t4, -0x40551
x29 <- 0xFFFFFFFFBFAAF000

mem[X,0x00000000800016DC] -> 0x8E93
mem[X,0x00000000800016DE] -> 0x710E
[1468] [M]: 0x00000000800016DC (0x710E8E93) addi t4, t4, 0x710
x29 <- 0xFFFFFFFFBFAAF710

mem[X,0x00000000800016E0] -> 0x9E93
mem[X,0x00000000800016E2] -> 0x00BE
[1469] [M]: 0x00000000800016E0 (0x00BE9E93) slli t4, t4, 0xb
x29 <- 0xFFFFFDFD57B88000

mem[X,0x00000000800016E4] -> 0x8E93
mem[X,0x00000000800016E6] -> 0x018E
[1470] [M]: 0x00000000800016E4 (0x018E8E93) addi t4, t4, 0x18
x29 <- 0xFFFFFDFD57B88018

mem[X,0x00000000800016E8] -> 0x9E93
mem[X,0x00000000800016EA] -> 0x00BE
[1471] [M]: 0x00000000800016E8 (0x00BE9E93) slli t4, t4, 0xb
x29 <- 0xFFEFEABDC400C000

mem[X,0x00000000800016EC] -> 0x8E93
mem[X,0x00000000800016EE] -> 0x15FE
[1472] [M]: 0x00000000800016EC (0x15FE8E93) addi t4, t4, 0x15f
x29 <- 0xFFEFEABDC400C15F

mem[X,0x00000000800016F0] -> 0x9E93
mem[X,0x00000000800016F2] -> 0x00AE
[1473] [M]: 0x00000000800016F0 (0x00AE9E93) slli t4, t4, 0xa
x29 <- 0xBFAAF71003057C00

mem[X,0x00000000800016F4] -> 0x8E93
mem[X,0x00000000800016F6] -> 0x380E
[1474] [M]: 0x00000000800016F4 (0x380E8E93) addi t4, t4, 0x380
x29 <- 0xBFAAF71003057F80

mem[X,0x00000000800016F8] -> 0x0FBB
mem[X,0x00000000800016FA] -> 0xEDDF
[1475] [M]: 0x00000000800016F8 (0xEDDF0FBB) pdifu.b t6, t5, t4
x31 <- 0x43510F0E0D5B607D

mem[X,0x00000000800016FC] -> 0xB023
mem[X,0x00000000800016FE] -> 0x17F0
[1476] [M]: 0x00000000800016FC (0x17F0B023) sd t6, 0x160(ra)
mem[0x0000000080004368] <- 0x43510F0E0D5B607D

mem[X,0x0000000080001700] -> 0x0F37
mem[X,0x0000000080001702] -> 0xEF80
[1477] [M]: 0x0000000080001700 (0xEF800F37) lui t5, -0x10800
x30 <- 0xFFFFFFFFEF800000

mem[X,0x0000000080001704] -> 0x0F13
mem[X,0x0000000080001706] -> 0xFFDF
[1478] [M]: 0x0000000080001704 (0xFFDF0F13) addi t5, t5, -0x3
x30 <- 0xFFFFFFFFEF7FFFFD

mem[X,0x0000000080001708] -> 0x1F13
mem[X,0x000000008000170A] -> 0x00BF
[1479] [M]: 0x0000000080001708 (0x00BF1F13) slli t5, t5, 0xb
x30 <- 0xFFFFFF7BFFFFE800

mem[X,0x000000008000170C] -> 0x0F13
mem[X,0x000000008000170E] -> 0x008F
[1480] [M]: 0x000000008000170C (0x008F0F13) addi t5, t5, 0x8
x30 <- 0xFFFFFF7BFFFFE808

mem[X,0x0000000080001710] -> 0x1F13
mem[X,0x0000000080001712] -> 0x00BF
[1481] [M]: 0x0000000080001710 (0x00BF1F13) slli t5, t5, 0xb
x30 <- 0xFFFBDFFFFF404000

mem[X,0x0000000080001714] -> 0x0F13
mem[X,0x0000000080001716] -> 0x12FF
[1482] [M]: 0x0000000080001714 (0x12FF0F13) addi t5, t5, 0x12f
x30 <- 0xFFFBDFFFFF40412F

mem[X,0x0000000080001718] -> 0x1F13
mem[X,0x000000008000171A] -> 0x00AF
[1483] [M]: 0x0000000080001718 (0x00AF1F13) slli t5, t5, 0xa
x30 <- 0xEF7FFFFD0104BC00

mem[X,0x000000008000171C] -> 0x0F13
mem[X,0x000000008000171E] -> 0x305F
[1484] [M]: 0x000000008000171C (0x305F0F13) addi t5, t5, 0x305
x30 <- 0xEF7FFFFD0104BF05

mem[X,0x0000000080001720] -> 0x0EB7
mem[X,0x0000000080001722] -> 0xFFF0
[1485] [M]: 0x0000000080001720 (0xFFF00EB7) lui t4, -0x100
x29 <- 0xFFFFFFFFFFF00000

mem[X,0x0000000080001724] -> 0x8E93
mem[X,0x0000000080001726] -> 0xF55E
[1486] [M]: 0x0000000080001724 (0xF55E8E93) addi t4, t4, -0xab
x29 <- 0xFFFFFFFFFFEFFF55

mem[X,0x0000000080001728] -> 0x9E93
mem[X,0x000000008000172A] -> 0x00BE
[1487] [M]: 0x0000000080001728 (0x00BE9E93) slli t4, t4, 0xb
x29 <- 0xFFFFFFFF7FFAA800

mem[X,0x000000008000172C] -> 0x8E93
mem[X,0x000000008000172E] -> 0x006E
[1488] [M]: 0x000000008000172C (0x006E8E93) addi t4, t4, 0x6
x29 <- 0xFFFFFFFF7FFAA806

mem[X,0x0000000080001730] -> 0x9E93
mem[X,0x0000000080001732] -> 0x00BE
[1489] [M]: 0x0000000080001730 (0x00BE9E93) slli t4, t4, 0xb
x29 <- 0xFFFFFBFFD5403000

mem[X,0x0000000080001734] -> 0x8E93
mem[X,0x0000000080001736] -> 0x7FDE
[1490] [M]: 0x0000000080001734 (0x7FDE8E93) addi t4, t4, 0x7fd
x29 <- 0xFFFFFBFFD54037FD

mem[X,0x0000000080001738] -> 0x9E93
mem[X,0x000000008000173A] -> 0x00AE
[1491] [M]: 0x0000000080001738 (0x00AE9E93) slli t4, t4, 0xa
x29 <- 0xFFEFFF5500DFF400

mem[X,0x000000008000173C] -> 0x8E93
mem[X,0x000000008000173E] -> 0x240E
[1492] [M]: 0x000000008000173C (0x240E8E93) addi t4, t4, 0x240
x29 <- 0xFFEFFF5500DFF640

mem[X,0x0000000080001740] -> 0x0FBB
mem[X,0x0000000080001742] -> 0xEDDF
[1493] [M]: 0x0000000080001740 (0xEDDF0FBB) pdifu.b t6, t5, t4
x31 <- 0x107000580125373B

mem[X,0x0000000080001744] -> 0xB423
mem[X,0x0000000080001746] -> 0x17F0
[1494] [M]: 0x0000000080001744 (0x17F0B423) sd t6, 0x168(ra)
mem[0x0000000080004370] <- 0x107000580125373B

mem[X,0x0000000080001748] -> 0x5F37
mem[X,0x000000008000174A] -> 0xF8EF
[1495] [M]: 0x0000000080001748 (0xF8EF5F37) lui t5, -0x710b
x30 <- 0xFFFFFFFFF8EF5000

mem[X,0x000000008000174C] -> 0x0F13
mem[X,0x000000008000174E] -> 0x540F
[1496] [M]: 0x000000008000174C (0x540F0F13) addi t5, t5, 0x540
x30 <- 0xFFFFFFFFF8EF5540

mem[X,0x0000000080001750] -> 0x1F13
mem[X,0x0000000080001752] -> 0x00BF
[1497] [M]: 0x0000000080001750 (0x00BF1F13) slli t5, t5, 0xb
x30 <- 0xFFFFFFC77AAA0000

mem[X,0x0000000080001754] -> 0x0F13
mem[X,0x0000000080001756] -> 0x087F
[1498] [M]: 0x0000000080001754 (0x087F0F13) addi t5, t5, 0x87
x30 <- 0xFFFFFFC77AAA0087

mem[X,0x0000000080001758] -> 0x1F13
mem[X,0x000000008000175A] -> 0x00BF
[1499] [M]: 0x0000000080001758 (0x00BF1F13) slli t5, t5, 0xb
x30 <- 0xFFFE3BD550043800

clint::tick mtime <- 0x000000000000000F
 clint timer pending at mtime 0x000000000000000F
htif::tick 0x0000000000000000
mem[X,0x000000008000175C] -> 0x0F13
mem[X,0x000000008000175E] -> 0x3C0F
[1500] [M]: 0x000000008000175C (0x3C0F0F13) addi t5, t5, 0x3c0
x30 <- 0xFFFE3BD550043BC0

mem[X,0x0000000080001760] -> 0x1F13
mem[X,0x0000000080001762] -> 0x00AF
[1501] [M]: 0x0000000080001760 (0x00AF1F13) slli t5, t5, 0xa
x30 <- 0xF8EF554010EF0000

mem[X,0x0000000080001764] -> 0x0F13
mem[X,0x0000000080001766] -> 0x100F
[1502] [M]: 0x0000000080001764 (0x100F0F13) addi t5, t5, 0x100
x30 <- 0xF8EF554010EF0100

mem[X,0x0000000080001768] -> 0x8EB7
mem[X,0x000000008000176A] -> 0x00FF
[1503] [M]: 0x0000000080001768 (0x00FF8EB7) lui t4, 0xff8
x29 <- 0x0000000000FF8000

mem[X,0x000000008000176C] -> 0x8E93
mem[X,0x000000008000176E] -> 0xF03E
[1504] [M]: 0x000000008000176C (0xF03E8E93) addi t4, t4, -0xfd
x29 <- 0x0000000000FF7F03

mem[X,0x0000000080001770] -> 0x9E93
mem[X,0x0000000080001772] -> 0x00BE
[1505] [M]: 0x0000000080001770 (0x00BE9E93) slli t4, t4, 0xb
x29 <- 0x00000007FBF81800

mem[X,0x0000000080001774] -> 0x8E93
mem[X,0x0000000080001776] -> 0x2A8E
[1506] [M]: 0x0000000080001774 (0x2A8E8E93) addi t4, t4, 0x2a8
x29 <- 0x00000007FBF81AA8

mem[X,0x0000000080001778] -> 0x9E93
mem[X,0x000000008000177A] -> 0x00BE
[1507] [M]: 0x0000000080001778 (0x00BE9E93) slli t4, t4, 0xb
x29 <- 0x00003FDFC0D54000

mem[X,0x000000008000177C] -> 0x8E93
mem[X,0x000000008000177E] -> 0x1BEE
[1508] [M]: 0x000000008000177C (0x1BEE8E93) addi t4, t4, 0x1be
x29 <- 0x00003FDFC0D541BE

mem[X,0x0000000080001780] -> 0x9E93
mem[X,0x0000000080001782] -> 0x00AE
[1509] [M]: 0x0000000080001780 (0x00AE9E93) slli t4, t4, 0xa
x29 <- 0x00FF7F035506F800

mem[X,0x0000000080001784] -> 0x8E93
mem[X,0x0000000080001786] -> 0x180E
[1510] [M]: 0x0000000080001784 (0x180E8E93) addi t4, t4, 0x180
x29 <- 0x00FF7F035506F980

mem[X,0x0000000080001788] -> 0x0FBB
mem[X,0x000000008000178A] -> 0xEDDF
[1511] [M]: 0x0000000080001788 (0xEDDF0FBB) pdifu.b t6, t5, t4
x31 <- 0x08102A3D45170880

mem[X,0x000000008000178C] -> 0xB823
mem[X,0x000000008000178E] -> 0x17F0
[1512] [M]: 0x000000008000178C (0x17F0B823) sd t6, 0x170(ra)
mem[0x0000000080004378] <- 0x08102A3D45170880

mem[X,0x0000000080001790] -> 0x8F37
mem[X,0x0000000080001792] -> 0xF800
[1513] [M]: 0x0000000080001790 (0xF8008F37) lui t5, -0x7ff8
x30 <- 0xFFFFFFFFF8008000

mem[X,0x0000000080001794] -> 0x0F13
mem[X,0x0000000080001796] -> 0x0F6F
[1514] [M]: 0x0000000080001794 (0x0F6F0F13) addi t5, t5, 0xf6
x30 <- 0xFFFFFFFFF80080F6

mem[X,0x0000000080001798] -> 0x1F13
mem[X,0x000000008000179A] -> 0x00BF
[1515] [M]: 0x0000000080001798 (0x00BF1F13) slli t5, t5, 0xb
x30 <- 0xFFFFFFC00407B000

mem[X,0x000000008000179C] -> 0x0F13
mem[X,0x000000008000179E] -> 0x5FFF
[1516] [M]: 0x000000008000179C (0x5FFF0F13) addi t5, t5, 0x5ff
x30 <- 0xFFFFFFC00407B5FF

mem[X,0x00000000800017A0] -> 0x1F13
mem[X,0x00000000800017A2] -> 0x00BF
[1517] [M]: 0x00000000800017A0 (0x00BF1F13) slli t5, t5, 0xb
x30 <- 0xFFFE00203DAFF800

mem[X,0x00000000800017A4] -> 0x0F13
mem[X,0x00000000800017A6] -> 0x60FF
[1518] [M]: 0x00000000800017A4 (0x60FF0F13) addi t5, t5, 0x60f
x30 <- 0xFFFE00203DAFFE0F

mem[X,0x00000000800017A8] -> 0x1F13
mem[X,0x00000000800017AA] -> 0x00AF
[1519] [M]: 0x00000000800017A8 (0x00AF1F13) slli t5, t5, 0xa
x30 <- 0xF80080F6BFF83C00

mem[X,0x00000000800017AC] -> 0x0F13
mem[X,0x00000000800017AE] -> 0x355F
[1520] [M]: 0x00000000800017AC (0x355F0F13) addi t5, t5, 0x355
x30 <- 0xF80080F6BFF83F55

mem[X,0x00000000800017B0] -> 0x0EB7
mem[X,0x00000000800017B2] -> 0x80F8
[1521] [M]: 0x00000000800017B0 (0x80F80EB7) lui t4, -0x7f080
x29 <- 0xFFFFFFFF80F80000

mem[X,0x00000000800017B4] -> 0x8E93
mem[X,0x00000000800017B6] -> 0x3FCE
[1522] [M]: 0x00000000800017B4 (0x3FCE8E93) addi t4, t4, 0x3fc
x29 <- 0xFFFFFFFF80F803FC

mem[X,0x00000000800017B8] -> 0x9E93
mem[X,0x00000000800017BA] -> 0x00BE
[1523] [M]: 0x00000000800017B8 (0x00BE9E93) slli t4, t4, 0xb
x29 <- 0xFFFFFC07C01FE000

mem[X,0x00000000800017BC] -> 0x8E93
mem[X,0x00000000800017BE] -> 0x080E
[1524] [M]: 0x00000000800017BC (0x080E8E93) addi t4, t4, 0x80
x29 <- 0xFFFFFC07C01FE080

mem[X,0x00000000800017C0] -> 0x9E93
mem[X,0x00000000800017C2] -> 0x00BE
[1525] [M]: 0x00000000800017C0 (0x00BE9E93) slli t4, t4, 0xb
x29 <- 0xFFE03E00FF040000

mem[X,0x00000000800017C4] -> 0x8E93
mem[X,0x00000000800017C6] -> 0x100E
[1526] [M]: 0x00000000800017C4 (0x100E8E93) addi t4, t4, 0x100
x29 <- 0xFFE03E00FF040100

mem[X,0x00000000800017C8] -> 0x9E93
mem[X,0x00000000800017CA] -> 0x00AE
[1527] [M]: 0x00000000800017C8 (0x00AE9E93) slli t4, t4, 0xa
x29 <- 0x80F803FC10040000

mem[X,0x00000000800017CC] -> 0x8E93
mem[X,0x00000000800017CE] -> 0x009E
[1528] [M]: 0x00000000800017CC (0x009E8E93) addi t4, t4, 0x9
x29 <- 0x80F803FC10040009

mem[X,0x00000000800017D0] -> 0x0FBB
mem[X,0x00000000800017D2] -> 0xEDDF
[1529] [M]: 0x00000000800017D0 (0xEDDF0FBB) pdifu.b t6, t5, t4
x31 <- 0x78087D06510C3F4C

mem[X,0x00000000800017D4] -> 0xBC23
mem[X,0x00000000800017D6] -> 0x17F0
[1530] [M]: 0x00000000800017D4 (0x17F0BC23) sd t6, 0x178(ra)
mem[0x0000000080004380] <- 0x78087D06510C3F4C

mem[X,0x00000000800017D8] -> 0xCF37
mem[X,0x00000000800017DA] -> 0x0810
[1531] [M]: 0x00000000800017D8 (0x0810CF37) lui t5, 0x810c
x30 <- 0x000000000810C000

mem[X,0x00000000800017DC] -> 0x0F13
mem[X,0x00000000800017DE] -> 0x0FDF
[1532] [M]: 0x00000000800017DC (0x0FDF0F13) addi t5, t5, 0xfd
x30 <- 0x000000000810C0FD

mem[X,0x00000000800017E0] -> 0x1F13
mem[X,0x00000000800017E2] -> 0x00BF
[1533] [M]: 0x00000000800017E0 (0x00BF1F13) slli t5, t5, 0xb
x30 <- 0x000000408607E800

mem[X,0x00000000800017E4] -> 0x0F13
mem[X,0x00000000800017E6] -> 0x2A8F
[1534] [M]: 0x00000000800017E4 (0x2A8F0F13) addi t5, t5, 0x2a8
x30 <- 0x000000408607EAA8

mem[X,0x00000000800017E8] -> 0x1F13
mem[X,0x00000000800017EA] -> 0x00BF
[1535] [M]: 0x00000000800017E8 (0x00BF1F13) slli t5, t5, 0xb
x30 <- 0x000204303F554000

mem[X,0x00000000800017EC] -> 0x0F13
mem[X,0x00000000800017EE] -> 0x041F
[1536] [M]: 0x00000000800017EC (0x041F0F13) addi t5, t5, 0x41
x30 <- 0x000204303F554041

mem[X,0x00000000800017F0] -> 0x1F13
mem[X,0x00000000800017F2] -> 0x00AF
[1537] [M]: 0x00000000800017F0 (0x00AF1F13) slli t5, t5, 0xa
x30 <- 0x0810C0FD55010400

mem[X,0x00000000800017F4] -> 0x0F13
mem[X,0x00000000800017F6] -> 0x3FFF
[1538] [M]: 0x00000000800017F4 (0x3FFF0F13) addi t5, t5, 0x3ff
x30 <- 0x0810C0FD550107FF

mem[X,0x00000000800017F8] -> 0x0EB7
mem[X,0x00000000800017FA] -> 0x0208
[1539] [M]: 0x00000000800017F8 (0x02080EB7) lui t4, 0x2080
x29 <- 0x0000000002080000

mem[X,0x00000000800017FC] -> 0x8E93
mem[X,0x00000000800017FE] -> 0xA55E
[1540] [M]: 0x00000000800017FC (0xA55E8E93) addi t4, t4, -0x5ab
x29 <- 0x000000000207FA55

mem[X,0x0000000080001800] -> 0x9E93
mem[X,0x0000000080001802] -> 0x00BE
[1541] [M]: 0x0000000080001800 (0x00BE9E93) slli t4, t4, 0xb
x29 <- 0x000000103FD2A800

mem[X,0x0000000080001804] -> 0x8E93
mem[X,0x0000000080001806] -> 0x7FFE
[1542] [M]: 0x0000000080001804 (0x7FFE8E93) addi t4, t4, 0x7ff
x29 <- 0x000000103FD2AFFF

mem[X,0x0000000080001808] -> 0x9E93
mem[X,0x000000008000180A] -> 0x00BE
[1543] [M]: 0x0000000080001808 (0x00BE9E93) slli t4, t4, 0xb
x29 <- 0x000081FE957FF800

mem[X,0x000000008000180C] -> 0x8E93
mem[X,0x000000008000180E] -> 0x5FDE
[1544] [M]: 0x000000008000180C (0x5FDE8E93) addi t4, t4, 0x5fd
x29 <- 0x000081FE957FFDFD

mem[X,0x0000000080001810] -> 0x9E93
mem[X,0x0000000080001812] -> 0x00AE
[1545] [M]: 0x0000000080001810 (0x00AE9E93) slli t4, t4, 0xa
x29 <- 0x0207FA55FFF7F400

mem[X,0x0000000080001814] -> 0x8E93
mem[X,0x0000000080001816] -> 0x27FE
[1546] [M]: 0x0000000080001814 (0x27FE8E93) addi t4, t4, 0x27f
x29 <- 0x0207FA55FFF7F67F

mem[X,0x0000000080001818] -> 0x0FBB
mem[X,0x000000008000181A] -> 0xEDDF
[1547] [M]: 0x0000000080001818 (0xEDDF0FBB) pdifu.b t6, t5, t4
x31 <- 0x06093A58560A1180

mem[X,0x000000008000181C] -> 0xB023
mem[X,0x000000008000181E] -> 0x19F0
[1548] [M]: 0x000000008000181C (0x19F0B023) sd t6, 0x180(ra)
mem[0x0000000080004388] <- 0x06093A58560A1180

mem[X,0x0000000080001820] -> 0x006F
mem[X,0x0000000080001822] -> 0x0380
[1549] [M]: 0x0000000080001820 (0x0380006F) jal zero, 0x38

mem[X,0x0000000080001858] -> 0x0093
mem[X,0x000000008000185A] -> 0x0010
[1550] [M]: 0x0000000080001858 (0x00100093) addi ra, zero, 0x1
x1 <- 0x0000000000000001

mem[X,0x000000008000185C] -> 0x0F17
mem[X,0x000000008000185E] -> 0x0000
[1551] [M]: 0x000000008000185C (0x00000F17) auipc t5, 0x0
x30 <- 0x000000008000185C

mem[X,0x0000000080001860] -> 0x2223
mem[X,0x0000000080001862] -> 0x7A1F
[1552] [M]: 0x0000000080001860 (0x7A1F2223) sw ra, 0x7a4(t5)
htif[0x0000000080002000] <- 0x00000001

mem[X,0x0000000080001864] -> 0xF06F
mem[X,0x0000000080001866] -> 0xFF9F
[1553] [M]: 0x0000000080001864 (0xFF9FF06F) jal zero, -0x8

mem[X,0x000000008000185C] -> 0x0F17
mem[X,0x000000008000185E] -> 0x0000
[1554] [M]: 0x000000008000185C (0x00000F17) auipc t5, 0x0
x30 <- 0x000000008000185C

mem[X,0x0000000080001860] -> 0x2223
mem[X,0x0000000080001862] -> 0x7A1F
[1555] [M]: 0x0000000080001860 (0x7A1F2223) sw ra, 0x7a4(t5)
htif[0x0000000080002000] <- 0x00000001

mem[X,0x0000000080001864] -> 0xF06F
mem[X,0x0000000080001866] -> 0xFF9F
[1556] [M]: 0x0000000080001864 (0xFF9FF06F) jal zero, -0x8

mem[X,0x000000008000185C] -> 0x0F17
mem[X,0x000000008000185E] -> 0x0000
[1557] [M]: 0x000000008000185C (0x00000F17) auipc t5, 0x0
x30 <- 0x000000008000185C

mem[X,0x0000000080001860] -> 0x2223
mem[X,0x0000000080001862] -> 0x7A1F
[1558] [M]: 0x0000000080001860 (0x7A1F2223) sw ra, 0x7a4(t5)
htif[0x0000000080002000] <- 0x00000001
htif-syscall-proxy cmd: 0x000000000001

SUCCESS
